<?xml version="1.0" encoding="UTF-8"?>
<testsuites name="SPRINT 2" time="500.593" tests="6" failures="0" errors="0">
   <testsuite name="SPRINT 2" tests="6" failures="0" errors="0" time="500.593" skipped="0" timestamp="03-01-2025T15:10:54" hostname="henri - Henri" id="Test Suites/SPRINT 2">
      <properties>
         <property name="deviceName" value=""/>
         <property name="devicePlatform"/>
         <property name="logFolder" value="C:\\Users\\henri\\Videos\\school-payment-automation-testing\\Reports\\20250103_151048\\SPRINT 2\\20250103_151048"/>
         <property name="logFiles" value="C:\\Users\\henri\\Videos\\school-payment-automation-testing\\Reports\\20250103_151048\\SPRINT 2\\20250103_151048\\execution0.log"/>
         <property name="attachments" value="C:\\Users\\henri\\Videos\\school-payment-automation-testing\\Reports\\20250103_151048\\SPRINT 2\\20250103_151048\\1735891936847.png, C:\\Users\\henri\\Videos\\school-payment-automation-testing\\Reports\\20250103_151048\\SPRINT 2\\20250103_151048\\1735891939286.png, C:\\Users\\henri\\Videos\\school-payment-automation-testing\\Reports\\20250103_151048\\SPRINT 2\\20250103_151048\\1735891999697.png"/>
         <property name="hostName" value="henri - Henri"/>
         <property name="os" value="Windows 11 64bit"/>
         <property name="katalonVersion" value="10.0.0.223"/>
         <property name="browser" value="Chrome 131.0.0.0"/>
         <property name="hostAddress" value="192.168.0.116"/>
         <property name="sessionId" value="fe1e892a75ab3a23189e87c22a63041f"/>
         <property name="seleniumVersion" value="4.22.0"/>
         <property name="proxyInformation" value="ProxyInformation { proxyOption=NO_PROXY, proxyServerType=HTTP, username=, password=********, proxyServerAddress=, proxyServerPort=0, executionList=&quot;&quot;, isApplyToDesiredCapabilities=true }"/>
         <property name="platform" value="Windows 11"/>
      </properties>
      <testcase name="Test Cases/Regresi Feature/Sprint 2/Regresi Informasi Sekolah" time="91.191" classname="Test Cases/Regresi Feature/Sprint 2/Regresi Informasi Sekolah" status="PASSED">
         <system-out><![CDATA[03-01-2025T15:10:54 - [TEST_CASE][PASSED] - Test Cases/Regresi Feature/Sprint 2/Regresi Informasi Sekolah: Test Cases/Regresi Feature/Sprint 2/Regresi Informasi Sekolah

03-01-2025T15:10:55 - [TEST_STEP][PASSED] - for ([i = 1, i <= maxLoop, (i++)]): null

03-01-2025T15:10:55 - [TEST_STEP][PASSED] - callTestCase(findTestCase("Test Cases/Pengaturan Sistem/Admin Sekolah/Master Informasi Sekolah/Edit Informasi Sekolah"), [:], CONTINUE_ON_FAILURE): Call Test Case 'Test Cases/Pengaturan Sistem/Admin Sekolah/Master Informasi Sekolah/Edit Informasi Sekolah' successfully

03-01-2025T15:10:55 - [TEST_CASE][PASSED] - Test Cases/Pengaturan Sistem/Admin Sekolah/Master Informasi Sekolah/Edit Informasi Sekolah: Test Cases/Pengaturan Sistem/Admin Sekolah/Master Informasi Sekolah/Edit Informasi Sekolah

03-01-2025T15:10:55 - [TEST_STEP][PASSED] - openBrowser("", OPTIONAL): Browser is opened with url: ''

03-01-2025T15:10:55 - [MESSAGE][INFO] - Starting 'Chrome' driver

03-01-2025T15:10:55 - [MESSAGE][INFO] - Action delay is set to 0 milliseconds

03-01-2025T15:10:57 - [MESSAGE][PASSED] - Browser is opened with url: ''

03-01-2025T15:10:57 - [TEST_STEP][PASSED] - maximizeWindow(OPTIONAL): Current window maximized

03-01-2025T15:10:57 - [MESSAGE][PASSED] - Current window maximized

03-01-2025T15:10:57 - [TEST_STEP][PASSED] - navigateToUrl("https://sit.siprusedu.com/login", OPTIONAL): Navigate to 'https://sit.siprusedu.com/login' successfully

03-01-2025T15:10:58 - [MESSAGE][PASSED] - Navigate to 'https://sit.siprusedu.com/login' successfully

03-01-2025T15:10:58 - [TEST_STEP][PASSED] - setText(findTestObject("Object Repository/Master Data/Admin Sekolah/Login/Field Email"), "admin.gudangsolusi@digiform.co.id", OPTIONAL): Text 'admin.gudangsolusi@digiform.co.id' is set on object 'Object Repository/Master Data/Admin Sekolah/Login/Field Email'

03-01-2025T15:10:59 - [MESSAGE][PASSED] - Text 'admin.gudangsolusi@digiform.co.id' is set on object 'Object Repository/Master Data/Admin Sekolah/Login/Field Email'

03-01-2025T15:10:59 - [TEST_STEP][PASSED] - setText(findTestObject("Object Repository/Master Data/Admin Sekolah/Login/Input Password"), "Test1234", OPTIONAL): Text 'Test1234' is set on object 'Object Repository/Master Data/Admin Sekolah/Login/Input Password'

03-01-2025T15:11:00 - [MESSAGE][PASSED] - Text 'Test1234' is set on object 'Object Repository/Master Data/Admin Sekolah/Login/Input Password'

03-01-2025T15:11:00 - [TEST_STEP][PASSED] - click(findTestObject("Object Repository/Master Data/Admin Sekolah/Login/Button Submit"), OPTIONAL): Object: 'Object Repository/Master Data/Admin Sekolah/Login/Button Submit' is clicked on

03-01-2025T15:11:00 - [MESSAGE][PASSED] - Object: 'Object Repository/Master Data/Admin Sekolah/Login/Button Submit' is clicked on

03-01-2025T15:11:00 - [TEST_STEP][PASSED] - delay(1, OPTIONAL): Delayed 1 second(s)

03-01-2025T15:11:01 - [MESSAGE][PASSED] - Delayed 1 second(s)

03-01-2025T15:11:01 - [TEST_STEP][PASSED] - click(findTestObject("Object Repository/Pengaturan Sistem/Admin Sekolah/Page_Beranda/Menu Pengaturan sistem"), OPTIONAL): Object: 'Object Repository/Pengaturan Sistem/Admin Sekolah/Page_Beranda/Menu Pengaturan sistem' is clicked on

03-01-2025T15:11:02 - [MESSAGE][PASSED] - Object: 'Object Repository/Pengaturan Sistem/Admin Sekolah/Page_Beranda/Menu Pengaturan sistem' is clicked on

03-01-2025T15:11:02 - [TEST_STEP][PASSED] - click(findTestObject("Object Repository/Pengaturan Sistem/Admin Sekolah/Page_Pengaturan Sistem - Pengaturan Sistem/Menu Informasi Sekolah"), OPTIONAL): Object: 'Object Repository/Pengaturan Sistem/Admin Sekolah/Page_Pengaturan Sistem - Pengaturan Sistem/Menu Informasi Sekolah' is clicked on

03-01-2025T15:11:02 - [MESSAGE][PASSED] - Object: 'Object Repository/Pengaturan Sistem/Admin Sekolah/Page_Pengaturan Sistem - Pengaturan Sistem/Menu Informasi Sekolah' is clicked on

03-01-2025T15:11:02 - [TEST_STEP][PASSED] - click(findTestObject("Object Repository/Pengaturan Sistem/Admin Sekolah/NPSN (Nomor Pokok Sekolah Nasional)/input_Edit Sekolah_npsn"), OPTIONAL): Object: 'Object Repository/Pengaturan Sistem/Admin Sekolah/NPSN (Nomor Pokok Sekolah Nasional)/input_Edit Sekolah_npsn' is clicked on

03-01-2025T15:11:03 - [MESSAGE][PASSED] - Object: 'Object Repository/Pengaturan Sistem/Admin Sekolah/NPSN (Nomor Pokok Sekolah Nasional)/input_Edit Sekolah_npsn' is clicked on

03-01-2025T15:11:03 - [TEST_STEP][PASSED] - executeJavaScript("document.querySelector('input[name="npsn"]').value=''", null, OPTIONAL): Execute JavaScript 'document.querySelector('input[name="npsn"]').value=''' successfully

03-01-2025T15:11:03 - [MESSAGE][PASSED] - Execute JavaScript 'document.querySelector('input[name="npsn"]').value=''' successfully

03-01-2025T15:11:03 - [TEST_STEP][PASSED] - delay(1, OPTIONAL): Delayed 1 second(s)

03-01-2025T15:11:04 - [MESSAGE][PASSED] - Delayed 1 second(s)

03-01-2025T15:11:04 - [TEST_STEP][PASSED] - setText(findTestObject("Object Repository/Pengaturan Sistem/Admin Sekolah/NPSN (Nomor Pokok Sekolah Nasional)/input_Edit Sekolah_npsn"), "20025002", OPTIONAL): Text '20025002' is set on object 'Object Repository/Pengaturan Sistem/Admin Sekolah/NPSN (Nomor Pokok Sekolah Nasional)/input_Edit Sekolah_npsn'

03-01-2025T15:11:05 - [MESSAGE][PASSED] - Text '20025002' is set on object 'Object Repository/Pengaturan Sistem/Admin Sekolah/NPSN (Nomor Pokok Sekolah Nasional)/input_Edit Sekolah_npsn'

03-01-2025T15:11:05 - [TEST_STEP][PASSED] - click(findTestObject("Object Repository/Pengaturan Sistem/Admin Sekolah/Nama Sekolah/input_Edit Sekolah_schoolName"), OPTIONAL): Object: 'Object Repository/Pengaturan Sistem/Admin Sekolah/Nama Sekolah/input_Edit Sekolah_schoolName' is clicked on

03-01-2025T15:11:05 - [MESSAGE][PASSED] - Object: 'Object Repository/Pengaturan Sistem/Admin Sekolah/Nama Sekolah/input_Edit Sekolah_schoolName' is clicked on

03-01-2025T15:11:05 - [TEST_STEP][PASSED] - executeJavaScript("document.querySelector('input[name="schoolName"]').value=''", null, OPTIONAL): Execute JavaScript 'document.querySelector('input[name="schoolName"]').value=''' successfully

03-01-2025T15:11:05 - [MESSAGE][PASSED] - Execute JavaScript 'document.querySelector('input[name="schoolName"]').value=''' successfully

03-01-2025T15:11:05 - [TEST_STEP][PASSED] - setText(findTestObject("Pengaturan Sistem/Admin Sekolah/Nama Sekolah/input_Edit Sekolah_schoolName"), "PT Aigen Global Teknologi", OPTIONAL): Text 'PT Aigen Global Teknologi' is set on object 'Object Repository/Pengaturan Sistem/Admin Sekolah/Nama Sekolah/input_Edit Sekolah_schoolName'

03-01-2025T15:11:06 - [MESSAGE][PASSED] - Text 'PT Aigen Global Teknologi' is set on object 'Object Repository/Pengaturan Sistem/Admin Sekolah/Nama Sekolah/input_Edit Sekolah_schoolName'

03-01-2025T15:11:06 - [TEST_STEP][PASSED] - click(findTestObject("Pengaturan Sistem/Admin Sekolah/Dropdown_Provinsi/dropdown_provinsi"), OPTIONAL): Object: 'Object Repository/Pengaturan Sistem/Admin Sekolah/Dropdown_Provinsi/dropdown_provinsi' is clicked on

03-01-2025T15:11:06 - [MESSAGE][PASSED] - Object: 'Object Repository/Pengaturan Sistem/Admin Sekolah/Dropdown_Provinsi/dropdown_provinsi' is clicked on

03-01-2025T15:11:06 - [TEST_STEP][PASSED] - click(findTestObject("Pengaturan Sistem/Admin Sekolah/Isi_Provinsi/p_BANTEN"), OPTIONAL): Object: 'Object Repository/Pengaturan Sistem/Admin Sekolah/Isi_Provinsi/p_BANTEN' is clicked on

03-01-2025T15:11:37 - [MESSAGE][INFO] - Unable to find the element located by 'By.xpath: (.//*[normalize-space(text()) and normalize-space(.)='Simpan'])[1]/following::p[18]'. Please recheck the objects properties to make sure the desired element is located. 

03-01-2025T15:11:37 - [MESSAGE][WARNING] - [SELF-HEALING] Failed to find element with id 'Object Repository/Pengaturan Sistem/Admin Sekolah/Isi_Provinsi/p_BANTEN'. Try using Self-healing.

03-01-2025T15:11:37 - [MESSAGE][WARNING] - [SELF-HEALING] The current locator of test object 'Object Repository/Pengaturan Sistem/Admin Sekolah/Isi_Provinsi/p_BANTEN' was broken. Propose an alternative one: '//*/text()[normalize-space(.)='BANTEN']/parent::*'.

03-01-2025T15:11:37 - [MESSAGE][PASSED] - Object: 'Object Repository/Pengaturan Sistem/Admin Sekolah/Isi_Provinsi/p_BANTEN' is clicked on

03-01-2025T15:11:37 - [TEST_STEP][PASSED] - click(findTestObject("Pengaturan Sistem/Admin Sekolah/Dropdown_Kota/dropdown_kota"), OPTIONAL): Object: 'Object Repository/Pengaturan Sistem/Admin Sekolah/Dropdown_Kota/dropdown_kota' is clicked on

03-01-2025T15:11:37 - [MESSAGE][PASSED] - Object: 'Object Repository/Pengaturan Sistem/Admin Sekolah/Dropdown_Kota/dropdown_kota' is clicked on

03-01-2025T15:11:37 - [TEST_STEP][PASSED] - click(findTestObject("Pengaturan Sistem/Admin Sekolah/Isi_Kota/p_KOTA TANGERANG SELATAN"), OPTIONAL): Object: 'Object Repository/Pengaturan Sistem/Admin Sekolah/Isi_Kota/p_KOTA TANGERANG SELATAN' is clicked on

03-01-2025T15:12:09 - [MESSAGE][INFO] - Unable to find the element located by 'By.xpath: (.//*[normalize-space(text()) and normalize-space(.)='Simpan'])[1]/following::p[10]'. Please recheck the objects properties to make sure the desired element is located. 

03-01-2025T15:12:09 - [MESSAGE][WARNING] - [SELF-HEALING] Failed to find element with id 'Object Repository/Pengaturan Sistem/Admin Sekolah/Isi_Kota/p_KOTA TANGERANG SELATAN'. Try using Self-healing.

03-01-2025T15:12:09 - [MESSAGE][WARNING] - [SELF-HEALING] The current locator of test object 'Object Repository/Pengaturan Sistem/Admin Sekolah/Isi_Kota/p_KOTA TANGERANG SELATAN' was broken. Propose an alternative one: '//*/text()[normalize-space(.)='KOTA TANGERANG SELATAN']/parent::*'.

03-01-2025T15:12:09 - [MESSAGE][PASSED] - Object: 'Object Repository/Pengaturan Sistem/Admin Sekolah/Isi_Kota/p_KOTA TANGERANG SELATAN' is clicked on

03-01-2025T15:12:09 - [TEST_STEP][PASSED] - click(findTestObject("Object Repository/Pengaturan Sistem/Admin Sekolah/Alamat Sekolah/TextArea Alamat sekolah"), OPTIONAL): Object: 'Object Repository/Pengaturan Sistem/Admin Sekolah/Alamat Sekolah/TextArea Alamat sekolah' is clicked on

03-01-2025T15:12:09 - [MESSAGE][PASSED] - Object: 'Object Repository/Pengaturan Sistem/Admin Sekolah/Alamat Sekolah/TextArea Alamat sekolah' is clicked on

03-01-2025T15:12:09 - [TEST_STEP][PASSED] - executeJavaScript("document.querySelector('textarea[name="schoolAddress"]').value=''", null, OPTIONAL): Execute JavaScript 'document.querySelector('textarea[name="schoolAddress"]').value=''' successfully

03-01-2025T15:12:09 - [MESSAGE][PASSED] - Execute JavaScript 'document.querySelector('textarea[name="schoolAddress"]').value=''' successfully

03-01-2025T15:12:09 - [TEST_STEP][PASSED] - setText(findTestObject("Object Repository/Pengaturan Sistem/Admin Sekolah/Alamat Sekolah/TextArea Alamat sekolah"), "Jl. Raya Rawa Buntu No 18D", OPTIONAL): Text 'Jl. Raya Rawa Buntu No 18D' is set on object 'Object Repository/Pengaturan Sistem/Admin Sekolah/Alamat Sekolah/TextArea Alamat sekolah'

03-01-2025T15:12:10 - [MESSAGE][PASSED] - Text 'Jl. Raya Rawa Buntu No 18D' is set on object 'Object Repository/Pengaturan Sistem/Admin Sekolah/Alamat Sekolah/TextArea Alamat sekolah'

03-01-2025T15:12:10 - [TEST_STEP][PASSED] - click(findTestObject("Object Repository/Pengaturan Sistem/Admin Sekolah/Phone/input_Edit Sekolah_schoolPhone"), OPTIONAL): Object: 'Object Repository/Pengaturan Sistem/Admin Sekolah/Phone/input_Edit Sekolah_schoolPhone' is clicked on

03-01-2025T15:12:10 - [MESSAGE][PASSED] - Object: 'Object Repository/Pengaturan Sistem/Admin Sekolah/Phone/input_Edit Sekolah_schoolPhone' is clicked on

03-01-2025T15:12:10 - [TEST_STEP][PASSED] - executeJavaScript("document.querySelector('input[name="schoolPhone"]').value=''", null, OPTIONAL): Execute JavaScript 'document.querySelector('input[name="schoolPhone"]').value=''' successfully

03-01-2025T15:12:10 - [MESSAGE][PASSED] - Execute JavaScript 'document.querySelector('input[name="schoolPhone"]').value=''' successfully

03-01-2025T15:12:10 - [TEST_STEP][PASSED] - setText(findTestObject("Object Repository/Pengaturan Sistem/Admin Sekolah/Phone/input_Edit Sekolah_schoolPhone"), "081332924555", OPTIONAL): Text '081332924555' is set on object 'Object Repository/Pengaturan Sistem/Admin Sekolah/Phone/input_Edit Sekolah_schoolPhone'

03-01-2025T15:12:11 - [MESSAGE][PASSED] - Text '081332924555' is set on object 'Object Repository/Pengaturan Sistem/Admin Sekolah/Phone/input_Edit Sekolah_schoolPhone'

03-01-2025T15:12:11 - [TEST_STEP][PASSED] - click(findTestObject("Pengaturan Sistem/Admin Sekolah/Email/input_Edit Sekolah_schoolMail"), OPTIONAL): Object: 'Object Repository/Pengaturan Sistem/Admin Sekolah/Email/input_Edit Sekolah_schoolMail' is clicked on

03-01-2025T15:12:11 - [MESSAGE][PASSED] - Object: 'Object Repository/Pengaturan Sistem/Admin Sekolah/Email/input_Edit Sekolah_schoolMail' is clicked on

03-01-2025T15:12:11 - [TEST_STEP][PASSED] - executeJavaScript("document.querySelector('input[name="schoolMail"]').value=''", null, OPTIONAL): Execute JavaScript 'document.querySelector('input[name="schoolMail"]').value=''' successfully

03-01-2025T15:12:11 - [MESSAGE][PASSED] - Execute JavaScript 'document.querySelector('input[name="schoolMail"]').value=''' successfully

03-01-2025T15:12:11 - [TEST_STEP][PASSED] - setText(findTestObject("Pengaturan Sistem/Admin Sekolah/Email/input_Edit Sekolah_schoolMail"), "reach.us@aigen-global.com", OPTIONAL): Text 'reach.us@aigen-global.com' is set on object 'Object Repository/Pengaturan Sistem/Admin Sekolah/Email/input_Edit Sekolah_schoolMail'

03-01-2025T15:12:12 - [MESSAGE][PASSED] - Text 'reach.us@aigen-global.com' is set on object 'Object Repository/Pengaturan Sistem/Admin Sekolah/Email/input_Edit Sekolah_schoolMail'

03-01-2025T15:12:12 - [TEST_STEP][PASSED] - click(findTestObject("Pengaturan Sistem/Admin Sekolah/Email/input_Edit Sekolah_schoolMail"), OPTIONAL): Object: 'Object Repository/Pengaturan Sistem/Admin Sekolah/Email/input_Edit Sekolah_schoolMail' is clicked on

03-01-2025T15:12:12 - [MESSAGE][PASSED] - Object: 'Object Repository/Pengaturan Sistem/Admin Sekolah/Email/input_Edit Sekolah_schoolMail' is clicked on

03-01-2025T15:12:12 - [TEST_STEP][PASSED] - delay(2, OPTIONAL): Delayed 2 second(s)

03-01-2025T15:12:14 - [MESSAGE][PASSED] - Delayed 2 second(s)

03-01-2025T15:12:14 - [TEST_STEP][PASSED] - executeJavaScript("document.querySelector("input[type='file']").style.display = "block";", null, OPTIONAL): Execute JavaScript 'document.querySelector("input[type='file']").style.display = "block";' successfully

03-01-2025T15:12:14 - [MESSAGE][PASSED] - Execute JavaScript 'document.querySelector("input[type='file']").style.display = "block";' successfully

03-01-2025T15:12:14 - [TEST_STEP][PASSED] - delay(2, OPTIONAL): Delayed 2 second(s)

03-01-2025T15:12:16 - [MESSAGE][PASSED] - Delayed 2 second(s)

03-01-2025T15:12:16 - [TEST_STEP][PASSED] - filePath = "C:\Users\Khairul Pandunata\Desktop\Aigen_Logo.jpeg": null

03-01-2025T15:12:16 - [TEST_STEP][PASSED] - uploadFile(findTestObject("Object Repository/Pengaturan Sistem/Admin Sekolah/Page_Upload/Input_UnggahFile"), filePath, OPTIONAL): Unable to upload file 'C:\Users\Khairul Pandunata\Desktop\Aigen_Logo.jpeg' to object 'Object Repository/Pengaturan Sistem/Admin Sekolah/Page_Upload/Input_UnggahFile' (Root cause: com.kms.katalon.core.exception.StepFailedException: Unable to upload file 'C:\Users\Khairul Pandunata\Desktop\Aigen_Logo.jpeg' to object 'Object Repository/Pengaturan Sistem/Admin Sekolah/Page_Upload/Input_UnggahFile'
	at com.kms.katalon.core.webui.keyword.internal.WebUIKeywordMain.stepFailed(WebUIKeywordMain.groovy:117)
	at com.kms.katalon.core.webui.keyword.internal.WebUIKeywordMain.runKeyword(WebUIKeywordMain.groovy:43)
	at com.kms.katalon.core.webui.keyword.builtin.UploadFileKeyword.uploadFile(UploadFileKeyword.groovy:87)
	at com.kms.katalon.core.webui.keyword.builtin.UploadFileKeyword.execute(UploadFileKeyword.groovy:68)
	at com.kms.katalon.core.keyword.internal.KeywordExecutor.executeKeywordForPlatform(KeywordExecutor.groovy:74)
	at com.kms.katalon.core.webui.keyword.WebUiBuiltInKeywords.uploadFile(WebUiBuiltInKeywords.groovy:4140)
	at Edit Informasi Sekolah.run(Edit Informasi Sekolah:108)
	at com.kms.katalon.core.main.ScriptEngine.run(ScriptEngine.java:194)
	at com.kms.katalon.core.main.ScriptEngine.runScriptAsRawText(ScriptEngine.java:119)
	at com.kms.katalon.core.main.TestCaseExecutor.runScript(TestCaseExecutor.java:448)
	at com.kms.katalon.core.main.TestCaseExecutor.doExecute(TestCaseExecutor.java:439)
	at com.kms.katalon.core.main.TestCaseExecutor.processExecutionPhase(TestCaseExecutor.java:418)
	at com.kms.katalon.core.main.TestCaseExecutor.accessMainPhase(TestCaseExecutor.java:410)
	at com.kms.katalon.core.main.TestCaseExecutor.execute(TestCaseExecutor.java:285)
	at com.kms.katalon.core.main.TestCaseMain.runTestCase(TestCaseMain.java:133)
	at com.kms.katalon.core.keyword.builtin.CallTestCaseKeyword$_callTestCase_closure1.doCall(CallTestCaseKeyword.groovy:59)
	at com.kms.katalon.core.keyword.builtin.CallTestCaseKeyword$_callTestCase_closure1.call(CallTestCaseKeyword.groovy)
	at com.kms.katalon.core.keyword.internal.KeywordMain.runKeyword(KeywordMain.groovy:75)
	at com.kms.katalon.core.keyword.builtin.CallTestCaseKeyword.callTestCase(CallTestCaseKeyword.groovy:81)
	at com.kms.katalon.core.keyword.builtin.CallTestCaseKeyword.execute(CallTestCaseKeyword.groovy:44)
	at com.kms.katalon.core.keyword.internal.KeywordExecutor.executeKeywordForPlatform(KeywordExecutor.groovy:74)
	at com.kms.katalon.core.keyword.BuiltinKeywords.callTestCase(BuiltinKeywords.groovy:310)
	at java.base/jdk.internal.reflect.NativeMethodAccessorImpl.invoke0(Native Method)
	at java.base/jdk.internal.reflect.NativeMethodAccessorImpl.invoke(NativeMethodAccessorImpl.java:77)
	at java.base/jdk.internal.reflect.DelegatingMethodAccessorImpl.invoke(DelegatingMethodAccessorImpl.java:43)
	at Regresi Informasi Sekolah.run(Regresi Informasi Sekolah:22)
	at com.kms.katalon.core.main.ScriptEngine.run(ScriptEngine.java:194)
	at com.kms.katalon.core.main.ScriptEngine.runScriptAsRawText(ScriptEngine.java:119)
	at com.kms.katalon.core.main.TestCaseExecutor.runScript(TestCaseExecutor.java:448)
	at com.kms.katalon.core.main.TestCaseExecutor.doExecute(TestCaseExecutor.java:439)
	at com.kms.katalon.core.main.TestCaseExecutor.processExecutionPhase(TestCaseExecutor.java:418)
	at com.kms.katalon.core.main.TestCaseExecutor.accessMainPhase(TestCaseExecutor.java:410)
	at com.kms.katalon.core.main.TestCaseExecutor.execute(TestCaseExecutor.java:285)
	at com.kms.katalon.core.common.CommonExecutor.accessTestCaseMainPhase(CommonExecutor.java:65)
	at com.kms.katalon.core.main.TestSuiteExecutor.accessTestSuiteMainPhase(TestSuiteExecutor.java:161)
	at com.kms.katalon.core.main.TestSuiteExecutor.execute(TestSuiteExecutor.java:107)
	at com.kms.katalon.core.main.TestCaseMain.startTestSuite(TestCaseMain.java:176)
	at TempTestSuite1735891848116.run(TempTestSuite1735891848116.groovy:35)
	at java.base/jdk.internal.reflect.NativeMethodAccessorImpl.invoke0(Native Method)
	at java.base/jdk.internal.reflect.NativeMethodAccessorImpl.invoke(NativeMethodAccessorImpl.java:77)
	at java.base/jdk.internal.reflect.DelegatingMethodAccessorImpl.invoke(DelegatingMethodAccessorImpl.java:43)
Caused by: org.openqa.selenium.InvalidArgumentException: invalid argument: File not found : C:\Users\Khairul Pandunata\Desktop\Aigen_Logo.jpeg
  (Session info: chrome=131.0.6778.205)
Build info: version: '4.22.0', revision: 'c5f3146703'
System info: os.name: 'Windows 11', os.arch: 'amd64', os.version: '10.0', java.version: '17.0.7'
Driver info: com.kms.katalon.selenium.driver.CChromeDriver
Command: [8411730e73855957434b8501a57f06d1, sendKeysToElement {id=f.72470AD714F33773C29DEA336D89BEA1.d.EB5A6409CF53BB4A45D6178EFE9C567F.e.59, value=[Ljava.lang.CharSequence;@7701b695}]
Capabilities {acceptInsecureCerts: false, browserName: chrome, browserVersion: 131.0.6778.205, chrome: {chromedriverVersion: 130.0.6723.58 (3a50e012e4c9..., userDataDir: C:\Users\henri\AppData\Loca...}, fedcm:accounts: true, goog:chromeOptions: {debuggerAddress: localhost:60337}, networkConnectionEnabled: false, pageLoadStrategy: normal, platformName: windows, proxy: Proxy(), se:cdp: ws://localhost:60337/devtoo..., se:cdpVersion: 131.0.6778.205, setWindowRect: true, strictFileInteractability: false, timeouts: {implicit: 0, pageLoad: 300000, script: 30000}, unhandledPromptBehavior: ignore, webSocketUrl: ws://localhost:20326/sessio..., webauthn:extension:credBlob: true, webauthn:extension:largeBlob: true, webauthn:extension:minPinLength: true, webauthn:extension:prf: true, webauthn:virtualAuthenticators: true}
Element: [[CChromeDriver: chrome on windows (8411730e73855957434b8501a57f06d1)] -> xpath: //input[@type='file' and @id='upload-change-file-Logo Sekolah']]
Session ID: 8411730e73855957434b8501a57f06d1
	at java.base/jdk.internal.reflect.NativeConstructorAccessorImpl.newInstance0(Native Method)
	at java.base/jdk.internal.reflect.NativeConstructorAccessorImpl.newInstance(NativeConstructorAccessorImpl.java:77)
	at java.base/jdk.internal.reflect.DelegatingConstructorAccessorImpl.newInstance(DelegatingConstructorAccessorImpl.java:45)
	at org.openqa.selenium.remote.ErrorCodec.decode(ErrorCodec.java:167)
	at org.openqa.selenium.remote.codec.w3c.W3CHttpResponseCodec.decode(W3CHttpResponseCodec.java:138)
	at org.openqa.selenium.remote.codec.w3c.W3CHttpResponseCodec.decode(W3CHttpResponseCodec.java:50)
	at org.openqa.selenium.remote.HttpCommandExecutor.execute(HttpCommandExecutor.java:190)
	at org.openqa.selenium.remote.service.DriverCommandExecutor.invokeExecute(DriverCommandExecutor.java:216)
	at org.openqa.selenium.remote.service.DriverCommandExecutor.execute(DriverCommandExecutor.java:174)
	at org.openqa.selenium.remote.RemoteWebDriver.execute(RemoteWebDriver.java:518)
	at org.openqa.selenium.remote.RemoteWebElement.execute(RemoteWebElement.java:223)
	at org.openqa.selenium.remote.RemoteWebElement.sendKeys(RemoteWebElement.java:110)
	at java.base/jdk.internal.reflect.NativeMethodAccessorImpl.invoke0(Native Method)
	at java.base/jdk.internal.reflect.NativeMethodAccessorImpl.invoke(NativeMethodAccessorImpl.java:77)
	at java.base/jdk.internal.reflect.DelegatingMethodAccessorImpl.invoke(DelegatingMethodAccessorImpl.java:43)
	at org.openqa.selenium.support.decorators.WebDriverDecorator.call(WebDriverDecorator.java:249)
	at org.openqa.selenium.support.decorators.DefaultDecorated.call(DefaultDecorated.java:48)
	at org.openqa.selenium.support.decorators.WebDriverDecorator.lambda$createProxy$2(WebDriverDecorator.java:321)
	at net.bytebuddy.renamed.java.lang.Object$ByteBuddy$ul1QWcqE.sendKeys(Unknown Source)
	at com.kms.katalon.core.webui.keyword.builtin.UploadFileKeyword$_uploadFile_closure1.doCall(UploadFileKeyword.groovy:80)
	at com.kms.katalon.core.webui.keyword.builtin.UploadFileKeyword$_uploadFile_closure1.call(UploadFileKeyword.groovy)
	at com.kms.katalon.core.webui.keyword.internal.WebUIKeywordMain.runKeyword(WebUIKeywordMain.groovy:35)
	at com.kms.katalon.core.webui.keyword.builtin.UploadFileKeyword.uploadFile(UploadFileKeyword.groovy:87)
	at com.kms.katalon.core.webui.keyword.builtin.UploadFileKeyword.execute(UploadFileKeyword.groovy:68)
	at com.kms.katalon.core.keyword.internal.KeywordExecutor.executeKeywordForPlatform(KeywordExecutor.groovy:74)
	at com.kms.katalon.core.webui.keyword.WebUiBuiltInKeywords.uploadFile(WebUiBuiltInKeywords.groovy:4140)
	at Script1733734833613.run(Script1733734833613.groovy:108)
	at com.kms.katalon.core.main.ScriptEngine.run(ScriptEngine.java:194)
	at com.kms.katalon.core.main.ScriptEngine.runScriptAsRawText(ScriptEngine.java:119)
	at com.kms.katalon.core.main.TestCaseExecutor.runScript(TestCaseExecutor.java:448)
	at com.kms.katalon.core.main.TestCaseExecutor.doExecute(TestCaseExecutor.java:439)
	at com.kms.katalon.core.main.TestCaseExecutor.processExecutionPhase(TestCaseExecutor.java:418)
	at com.kms.katalon.core.main.TestCaseExecutor.accessMainPhase(TestCaseExecutor.java:410)
	at com.kms.katalon.core.main.TestCaseExecutor.execute(TestCaseExecutor.java:285)
	at com.kms.katalon.core.main.TestCaseMain.runTestCase(TestCaseMain.java:133)
	at com.kms.katalon.core.keyword.builtin.CallTestCaseKeyword$_callTestCase_closure1.doCall(CallTestCaseKeyword.groovy:59)
	at com.kms.katalon.core.keyword.builtin.CallTestCaseKeyword$_callTestCase_closure1.call(CallTestCaseKeyword.groovy)
	at com.kms.katalon.core.keyword.internal.KeywordMain.runKeyword(KeywordMain.groovy:75)
	at com.kms.katalon.core.keyword.builtin.CallTestCaseKeyword.callTestCase(CallTestCaseKeyword.groovy:81)
	at com.kms.katalon.core.keyword.builtin.CallTestCaseKeyword.execute(CallTestCaseKeyword.groovy:44)
	at com.kms.katalon.core.keyword.internal.KeywordExecutor.executeKeywordForPlatform(KeywordExecutor.groovy:74)
	at com.kms.katalon.core.keyword.BuiltinKeywords.callTestCase(BuiltinKeywords.groovy:310)
	at java.base/jdk.internal.reflect.NativeMethodAccessorImpl.invoke0(Native Method)
	at java.base/jdk.internal.reflect.NativeMethodAccessorImpl.invoke(NativeMethodAccessorImpl.java:77)
	at java.base/jdk.internal.reflect.DelegatingMethodAccessorImpl.invoke(DelegatingMethodAccessorImpl.java:43)
	at Script1735747665131.run(Script1735747665131.groovy:22)
	... 15 more
)

03-01-2025T15:12:16 - [MESSAGE][WARNING] - Unable to upload file 'C:\Users\Khairul Pandunata\Desktop\Aigen_Logo.jpeg' to object 'Object Repository/Pengaturan Sistem/Admin Sekolah/Page_Upload/Input_UnggahFile' (Root cause: com.kms.katalon.core.exception.StepFailedException: Unable to upload file 'C:\Users\Khairul Pandunata\Desktop\Aigen_Logo.jpeg' to object 'Object Repository/Pengaturan Sistem/Admin Sekolah/Page_Upload/Input_UnggahFile'
	at com.kms.katalon.core.webui.keyword.internal.WebUIKeywordMain.stepFailed(WebUIKeywordMain.groovy:117)
	at com.kms.katalon.core.webui.keyword.internal.WebUIKeywordMain.runKeyword(WebUIKeywordMain.groovy:43)
	at com.kms.katalon.core.webui.keyword.builtin.UploadFileKeyword.uploadFile(UploadFileKeyword.groovy:87)
	at com.kms.katalon.core.webui.keyword.builtin.UploadFileKeyword.execute(UploadFileKeyword.groovy:68)
	at com.kms.katalon.core.keyword.internal.KeywordExecutor.executeKeywordForPlatform(KeywordExecutor.groovy:74)
	at com.kms.katalon.core.webui.keyword.WebUiBuiltInKeywords.uploadFile(WebUiBuiltInKeywords.groovy:4140)
	at Edit Informasi Sekolah.run(Edit Informasi Sekolah:108)
	at com.kms.katalon.core.main.ScriptEngine.run(ScriptEngine.java:194)
	at com.kms.katalon.core.main.ScriptEngine.runScriptAsRawText(ScriptEngine.java:119)
	at com.kms.katalon.core.main.TestCaseExecutor.runScript(TestCaseExecutor.java:448)
	at com.kms.katalon.core.main.TestCaseExecutor.doExecute(TestCaseExecutor.java:439)
	at com.kms.katalon.core.main.TestCaseExecutor.processExecutionPhase(TestCaseExecutor.java:418)
	at com.kms.katalon.core.main.TestCaseExecutor.accessMainPhase(TestCaseExecutor.java:410)
	at com.kms.katalon.core.main.TestCaseExecutor.execute(TestCaseExecutor.java:285)
	at com.kms.katalon.core.main.TestCaseMain.runTestCase(TestCaseMain.java:133)
	at com.kms.katalon.core.keyword.builtin.CallTestCaseKeyword$_callTestCase_closure1.doCall(CallTestCaseKeyword.groovy:59)
	at com.kms.katalon.core.keyword.builtin.CallTestCaseKeyword$_callTestCase_closure1.call(CallTestCaseKeyword.groovy)
	at com.kms.katalon.core.keyword.internal.KeywordMain.runKeyword(KeywordMain.groovy:75)
	at com.kms.katalon.core.keyword.builtin.CallTestCaseKeyword.callTestCase(CallTestCaseKeyword.groovy:81)
	at com.kms.katalon.core.keyword.builtin.CallTestCaseKeyword.execute(CallTestCaseKeyword.groovy:44)
	at com.kms.katalon.core.keyword.internal.KeywordExecutor.executeKeywordForPlatform(KeywordExecutor.groovy:74)
	at com.kms.katalon.core.keyword.BuiltinKeywords.callTestCase(BuiltinKeywords.groovy:310)
	at java.base/jdk.internal.reflect.NativeMethodAccessorImpl.invoke0(Native Method)
	at java.base/jdk.internal.reflect.NativeMethodAccessorImpl.invoke(NativeMethodAccessorImpl.java:77)
	at java.base/jdk.internal.reflect.DelegatingMethodAccessorImpl.invoke(DelegatingMethodAccessorImpl.java:43)
	at Regresi Informasi Sekolah.run(Regresi Informasi Sekolah:22)
	at com.kms.katalon.core.main.ScriptEngine.run(ScriptEngine.java:194)
	at com.kms.katalon.core.main.ScriptEngine.runScriptAsRawText(ScriptEngine.java:119)
	at com.kms.katalon.core.main.TestCaseExecutor.runScript(TestCaseExecutor.java:448)
	at com.kms.katalon.core.main.TestCaseExecutor.doExecute(TestCaseExecutor.java:439)
	at com.kms.katalon.core.main.TestCaseExecutor.processExecutionPhase(TestCaseExecutor.java:418)
	at com.kms.katalon.core.main.TestCaseExecutor.accessMainPhase(TestCaseExecutor.java:410)
	at com.kms.katalon.core.main.TestCaseExecutor.execute(TestCaseExecutor.java:285)
	at com.kms.katalon.core.common.CommonExecutor.accessTestCaseMainPhase(CommonExecutor.java:65)
	at com.kms.katalon.core.main.TestSuiteExecutor.accessTestSuiteMainPhase(TestSuiteExecutor.java:161)
	at com.kms.katalon.core.main.TestSuiteExecutor.execute(TestSuiteExecutor.java:107)
	at com.kms.katalon.core.main.TestCaseMain.startTestSuite(TestCaseMain.java:176)
	at TempTestSuite1735891848116.run(TempTestSuite1735891848116.groovy:35)
	at java.base/jdk.internal.reflect.NativeMethodAccessorImpl.invoke0(Native Method)
	at java.base/jdk.internal.reflect.NativeMethodAccessorImpl.invoke(NativeMethodAccessorImpl.java:77)
	at java.base/jdk.internal.reflect.DelegatingMethodAccessorImpl.invoke(DelegatingMethodAccessorImpl.java:43)
Caused by: org.openqa.selenium.InvalidArgumentException: invalid argument: File not found : C:\Users\Khairul Pandunata\Desktop\Aigen_Logo.jpeg
  (Session info: chrome=131.0.6778.205)
Build info: version: '4.22.0', revision: 'c5f3146703'
System info: os.name: 'Windows 11', os.arch: 'amd64', os.version: '10.0', java.version: '17.0.7'
Driver info: com.kms.katalon.selenium.driver.CChromeDriver
Command: [8411730e73855957434b8501a57f06d1, sendKeysToElement {id=f.72470AD714F33773C29DEA336D89BEA1.d.EB5A6409CF53BB4A45D6178EFE9C567F.e.59, value=[Ljava.lang.CharSequence;@7701b695}]
Capabilities {acceptInsecureCerts: false, browserName: chrome, browserVersion: 131.0.6778.205, chrome: {chromedriverVersion: 130.0.6723.58 (3a50e012e4c9..., userDataDir: C:\Users\henri\AppData\Loca...}, fedcm:accounts: true, goog:chromeOptions: {debuggerAddress: localhost:60337}, networkConnectionEnabled: false, pageLoadStrategy: normal, platformName: windows, proxy: Proxy(), se:cdp: ws://localhost:60337/devtoo..., se:cdpVersion: 131.0.6778.205, setWindowRect: true, strictFileInteractability: false, timeouts: {implicit: 0, pageLoad: 300000, script: 30000}, unhandledPromptBehavior: ignore, webSocketUrl: ws://localhost:20326/sessio..., webauthn:extension:credBlob: true, webauthn:extension:largeBlob: true, webauthn:extension:minPinLength: true, webauthn:extension:prf: true, webauthn:virtualAuthenticators: true}
Element: [[CChromeDriver: chrome on windows (8411730e73855957434b8501a57f06d1)] -> xpath: //input[@type='file' and @id='upload-change-file-Logo Sekolah']]
Session ID: 8411730e73855957434b8501a57f06d1
	at java.base/jdk.internal.reflect.NativeConstructorAccessorImpl.newInstance0(Native Method)
	at java.base/jdk.internal.reflect.NativeConstructorAccessorImpl.newInstance(NativeConstructorAccessorImpl.java:77)
	at java.base/jdk.internal.reflect.DelegatingConstructorAccessorImpl.newInstance(DelegatingConstructorAccessorImpl.java:45)
	at org.openqa.selenium.remote.ErrorCodec.decode(ErrorCodec.java:167)
	at org.openqa.selenium.remote.codec.w3c.W3CHttpResponseCodec.decode(W3CHttpResponseCodec.java:138)
	at org.openqa.selenium.remote.codec.w3c.W3CHttpResponseCodec.decode(W3CHttpResponseCodec.java:50)
	at org.openqa.selenium.remote.HttpCommandExecutor.execute(HttpCommandExecutor.java:190)
	at org.openqa.selenium.remote.service.DriverCommandExecutor.invokeExecute(DriverCommandExecutor.java:216)
	at org.openqa.selenium.remote.service.DriverCommandExecutor.execute(DriverCommandExecutor.java:174)
	at org.openqa.selenium.remote.RemoteWebDriver.execute(RemoteWebDriver.java:518)
	at org.openqa.selenium.remote.RemoteWebElement.execute(RemoteWebElement.java:223)
	at org.openqa.selenium.remote.RemoteWebElement.sendKeys(RemoteWebElement.java:110)
	at java.base/jdk.internal.reflect.NativeMethodAccessorImpl.invoke0(Native Method)
	at java.base/jdk.internal.reflect.NativeMethodAccessorImpl.invoke(NativeMethodAccessorImpl.java:77)
	at java.base/jdk.internal.reflect.DelegatingMethodAccessorImpl.invoke(DelegatingMethodAccessorImpl.java:43)
	at org.openqa.selenium.support.decorators.WebDriverDecorator.call(WebDriverDecorator.java:249)
	at org.openqa.selenium.support.decorators.DefaultDecorated.call(DefaultDecorated.java:48)
	at org.openqa.selenium.support.decorators.WebDriverDecorator.lambda$createProxy$2(WebDriverDecorator.java:321)
	at net.bytebuddy.renamed.java.lang.Object$ByteBuddy$ul1QWcqE.sendKeys(Unknown Source)
	at com.kms.katalon.core.webui.keyword.builtin.UploadFileKeyword$_uploadFile_closure1.doCall(UploadFileKeyword.groovy:80)
	at com.kms.katalon.core.webui.keyword.builtin.UploadFileKeyword$_uploadFile_closure1.call(UploadFileKeyword.groovy)
	at com.kms.katalon.core.webui.keyword.internal.WebUIKeywordMain.runKeyword(WebUIKeywordMain.groovy:35)
	at com.kms.katalon.core.webui.keyword.builtin.UploadFileKeyword.uploadFile(UploadFileKeyword.groovy:87)
	at com.kms.katalon.core.webui.keyword.builtin.UploadFileKeyword.execute(UploadFileKeyword.groovy:68)
	at com.kms.katalon.core.keyword.internal.KeywordExecutor.executeKeywordForPlatform(KeywordExecutor.groovy:74)
	at com.kms.katalon.core.webui.keyword.WebUiBuiltInKeywords.uploadFile(WebUiBuiltInKeywords.groovy:4140)
	at Script1733734833613.run(Script1733734833613.groovy:108)
	at com.kms.katalon.core.main.ScriptEngine.run(ScriptEngine.java:194)
	at com.kms.katalon.core.main.ScriptEngine.runScriptAsRawText(ScriptEngine.java:119)
	at com.kms.katalon.core.main.TestCaseExecutor.runScript(TestCaseExecutor.java:448)
	at com.kms.katalon.core.main.TestCaseExecutor.doExecute(TestCaseExecutor.java:439)
	at com.kms.katalon.core.main.TestCaseExecutor.processExecutionPhase(TestCaseExecutor.java:418)
	at com.kms.katalon.core.main.TestCaseExecutor.accessMainPhase(TestCaseExecutor.java:410)
	at com.kms.katalon.core.main.TestCaseExecutor.execute(TestCaseExecutor.java:285)
	at com.kms.katalon.core.main.TestCaseMain.runTestCase(TestCaseMain.java:133)
	at com.kms.katalon.core.keyword.builtin.CallTestCaseKeyword$_callTestCase_closure1.doCall(CallTestCaseKeyword.groovy:59)
	at com.kms.katalon.core.keyword.builtin.CallTestCaseKeyword$_callTestCase_closure1.call(CallTestCaseKeyword.groovy)
	at com.kms.katalon.core.keyword.internal.KeywordMain.runKeyword(KeywordMain.groovy:75)
	at com.kms.katalon.core.keyword.builtin.CallTestCaseKeyword.callTestCase(CallTestCaseKeyword.groovy:81)
	at com.kms.katalon.core.keyword.builtin.CallTestCaseKeyword.execute(CallTestCaseKeyword.groovy:44)
	at com.kms.katalon.core.keyword.internal.KeywordExecutor.executeKeywordForPlatform(KeywordExecutor.groovy:74)
	at com.kms.katalon.core.keyword.BuiltinKeywords.callTestCase(BuiltinKeywords.groovy:310)
	at java.base/jdk.internal.reflect.NativeMethodAccessorImpl.invoke0(Native Method)
	at java.base/jdk.internal.reflect.NativeMethodAccessorImpl.invoke(NativeMethodAccessorImpl.java:77)
	at java.base/jdk.internal.reflect.DelegatingMethodAccessorImpl.invoke(DelegatingMethodAccessorImpl.java:43)
	at Script1735747665131.run(Script1735747665131.groovy:22)
	... 15 more
)
[[ATTACHMENT|C:\\Users\\henri\\Videos\\school-payment-automation-testing\\Reports\\20250103_151048\\SPRINT 2\\20250103_151048\\1735891936847.png]]

03-01-2025T15:12:16 - [TEST_STEP][PASSED] - executeJavaScript("document.querySelector("input[type='file']").style.display = "block";", null, OPTIONAL): Execute JavaScript 'document.querySelector("input[type='file']").style.display = "block";' successfully

03-01-2025T15:12:17 - [MESSAGE][PASSED] - Execute JavaScript 'document.querySelector("input[type='file']").style.display = "block";' successfully

03-01-2025T15:12:17 - [TEST_STEP][PASSED] - delay(2, OPTIONAL): Delayed 2 second(s)

03-01-2025T15:12:19 - [MESSAGE][PASSED] - Delayed 2 second(s)

03-01-2025T15:12:19 - [TEST_STEP][PASSED] - filePathKop = "C:\Users\Khairul Pandunata\Desktop\Aigen_Kop.png": null

03-01-2025T15:12:19 - [TEST_STEP][PASSED] - uploadFile(findTestObject("Object Repository/Pengaturan Sistem/Admin Sekolah/Page_Upload_Kop/Input_UnggahFileKop"), filePathKop, OPTIONAL): Unable to upload file 'C:\Users\Khairul Pandunata\Desktop\Aigen_Kop.png' to object 'Object Repository/Pengaturan Sistem/Admin Sekolah/Page_Upload_Kop/Input_UnggahFileKop' (Root cause: com.kms.katalon.core.exception.StepFailedException: Unable to upload file 'C:\Users\Khairul Pandunata\Desktop\Aigen_Kop.png' to object 'Object Repository/Pengaturan Sistem/Admin Sekolah/Page_Upload_Kop/Input_UnggahFileKop'
	at com.kms.katalon.core.webui.keyword.internal.WebUIKeywordMain.stepFailed(WebUIKeywordMain.groovy:117)
	at com.kms.katalon.core.webui.keyword.internal.WebUIKeywordMain.runKeyword(WebUIKeywordMain.groovy:43)
	at com.kms.katalon.core.webui.keyword.builtin.UploadFileKeyword.uploadFile(UploadFileKeyword.groovy:87)
	at com.kms.katalon.core.webui.keyword.builtin.UploadFileKeyword.execute(UploadFileKeyword.groovy:68)
	at com.kms.katalon.core.keyword.internal.KeywordExecutor.executeKeywordForPlatform(KeywordExecutor.groovy:74)
	at com.kms.katalon.core.webui.keyword.WebUiBuiltInKeywords.uploadFile(WebUiBuiltInKeywords.groovy:4140)
	at Edit Informasi Sekolah.run(Edit Informasi Sekolah:121)
	at com.kms.katalon.core.main.ScriptEngine.run(ScriptEngine.java:194)
	at com.kms.katalon.core.main.ScriptEngine.runScriptAsRawText(ScriptEngine.java:119)
	at com.kms.katalon.core.main.TestCaseExecutor.runScript(TestCaseExecutor.java:448)
	at com.kms.katalon.core.main.TestCaseExecutor.doExecute(TestCaseExecutor.java:439)
	at com.kms.katalon.core.main.TestCaseExecutor.processExecutionPhase(TestCaseExecutor.java:418)
	at com.kms.katalon.core.main.TestCaseExecutor.accessMainPhase(TestCaseExecutor.java:410)
	at com.kms.katalon.core.main.TestCaseExecutor.execute(TestCaseExecutor.java:285)
	at com.kms.katalon.core.main.TestCaseMain.runTestCase(TestCaseMain.java:133)
	at com.kms.katalon.core.keyword.builtin.CallTestCaseKeyword$_callTestCase_closure1.doCall(CallTestCaseKeyword.groovy:59)
	at com.kms.katalon.core.keyword.builtin.CallTestCaseKeyword$_callTestCase_closure1.call(CallTestCaseKeyword.groovy)
	at com.kms.katalon.core.keyword.internal.KeywordMain.runKeyword(KeywordMain.groovy:75)
	at com.kms.katalon.core.keyword.builtin.CallTestCaseKeyword.callTestCase(CallTestCaseKeyword.groovy:81)
	at com.kms.katalon.core.keyword.builtin.CallTestCaseKeyword.execute(CallTestCaseKeyword.groovy:44)
	at com.kms.katalon.core.keyword.internal.KeywordExecutor.executeKeywordForPlatform(KeywordExecutor.groovy:74)
	at com.kms.katalon.core.keyword.BuiltinKeywords.callTestCase(BuiltinKeywords.groovy:310)
	at java.base/jdk.internal.reflect.NativeMethodAccessorImpl.invoke0(Native Method)
	at java.base/jdk.internal.reflect.NativeMethodAccessorImpl.invoke(NativeMethodAccessorImpl.java:77)
	at java.base/jdk.internal.reflect.DelegatingMethodAccessorImpl.invoke(DelegatingMethodAccessorImpl.java:43)
	at Regresi Informasi Sekolah.run(Regresi Informasi Sekolah:22)
	at com.kms.katalon.core.main.ScriptEngine.run(ScriptEngine.java:194)
	at com.kms.katalon.core.main.ScriptEngine.runScriptAsRawText(ScriptEngine.java:119)
	at com.kms.katalon.core.main.TestCaseExecutor.runScript(TestCaseExecutor.java:448)
	at com.kms.katalon.core.main.TestCaseExecutor.doExecute(TestCaseExecutor.java:439)
	at com.kms.katalon.core.main.TestCaseExecutor.processExecutionPhase(TestCaseExecutor.java:418)
	at com.kms.katalon.core.main.TestCaseExecutor.accessMainPhase(TestCaseExecutor.java:410)
	at com.kms.katalon.core.main.TestCaseExecutor.execute(TestCaseExecutor.java:285)
	at com.kms.katalon.core.common.CommonExecutor.accessTestCaseMainPhase(CommonExecutor.java:65)
	at com.kms.katalon.core.main.TestSuiteExecutor.accessTestSuiteMainPhase(TestSuiteExecutor.java:161)
	at com.kms.katalon.core.main.TestSuiteExecutor.execute(TestSuiteExecutor.java:107)
	at com.kms.katalon.core.main.TestCaseMain.startTestSuite(TestCaseMain.java:176)
	at TempTestSuite1735891848116.run(TempTestSuite1735891848116.groovy:35)
	at java.base/jdk.internal.reflect.NativeMethodAccessorImpl.invoke0(Native Method)
	at java.base/jdk.internal.reflect.NativeMethodAccessorImpl.invoke(NativeMethodAccessorImpl.java:77)
	at java.base/jdk.internal.reflect.DelegatingMethodAccessorImpl.invoke(DelegatingMethodAccessorImpl.java:43)
Caused by: org.openqa.selenium.InvalidArgumentException: invalid argument: File not found : C:\Users\Khairul Pandunata\Desktop\Aigen_Kop.png
  (Session info: chrome=131.0.6778.205)
Build info: version: '4.22.0', revision: 'c5f3146703'
System info: os.name: 'Windows 11', os.arch: 'amd64', os.version: '10.0', java.version: '17.0.7'
Driver info: com.kms.katalon.selenium.driver.CChromeDriver
Command: [8411730e73855957434b8501a57f06d1, sendKeysToElement {id=f.72470AD714F33773C29DEA336D89BEA1.d.EB5A6409CF53BB4A45D6178EFE9C567F.e.60, value=[Ljava.lang.CharSequence;@38821ada}]
Capabilities {acceptInsecureCerts: false, browserName: chrome, browserVersion: 131.0.6778.205, chrome: {chromedriverVersion: 130.0.6723.58 (3a50e012e4c9..., userDataDir: C:\Users\henri\AppData\Loca...}, fedcm:accounts: true, goog:chromeOptions: {debuggerAddress: localhost:60337}, networkConnectionEnabled: false, pageLoadStrategy: normal, platformName: windows, proxy: Proxy(), se:cdp: ws://localhost:60337/devtoo..., se:cdpVersion: 131.0.6778.205, setWindowRect: true, strictFileInteractability: false, timeouts: {implicit: 0, pageLoad: 300000, script: 30000}, unhandledPromptBehavior: ignore, webSocketUrl: ws://localhost:20326/sessio..., webauthn:extension:credBlob: true, webauthn:extension:largeBlob: true, webauthn:extension:minPinLength: true, webauthn:extension:prf: true, webauthn:virtualAuthenticators: true}
Element: [[CChromeDriver: chrome on windows (8411730e73855957434b8501a57f06d1)] -> xpath: //input[@type='file' and @id='upload-change-file-Kop Surat']]
Session ID: 8411730e73855957434b8501a57f06d1
	at java.base/jdk.internal.reflect.NativeConstructorAccessorImpl.newInstance0(Native Method)
	at java.base/jdk.internal.reflect.NativeConstructorAccessorImpl.newInstance(NativeConstructorAccessorImpl.java:77)
	at java.base/jdk.internal.reflect.DelegatingConstructorAccessorImpl.newInstance(DelegatingConstructorAccessorImpl.java:45)
	at org.openqa.selenium.remote.ErrorCodec.decode(ErrorCodec.java:167)
	at org.openqa.selenium.remote.codec.w3c.W3CHttpResponseCodec.decode(W3CHttpResponseCodec.java:138)
	at org.openqa.selenium.remote.codec.w3c.W3CHttpResponseCodec.decode(W3CHttpResponseCodec.java:50)
	at org.openqa.selenium.remote.HttpCommandExecutor.execute(HttpCommandExecutor.java:190)
	at org.openqa.selenium.remote.service.DriverCommandExecutor.invokeExecute(DriverCommandExecutor.java:216)
	at org.openqa.selenium.remote.service.DriverCommandExecutor.execute(DriverCommandExecutor.java:174)
	at org.openqa.selenium.remote.RemoteWebDriver.execute(RemoteWebDriver.java:518)
	at org.openqa.selenium.remote.RemoteWebElement.execute(RemoteWebElement.java:223)
	at org.openqa.selenium.remote.RemoteWebElement.sendKeys(RemoteWebElement.java:110)
	at java.base/jdk.internal.reflect.NativeMethodAccessorImpl.invoke0(Native Method)
	at java.base/jdk.internal.reflect.NativeMethodAccessorImpl.invoke(NativeMethodAccessorImpl.java:77)
	at java.base/jdk.internal.reflect.DelegatingMethodAccessorImpl.invoke(DelegatingMethodAccessorImpl.java:43)
	at org.openqa.selenium.support.decorators.WebDriverDecorator.call(WebDriverDecorator.java:249)
	at org.openqa.selenium.support.decorators.DefaultDecorated.call(DefaultDecorated.java:48)
	at org.openqa.selenium.support.decorators.WebDriverDecorator.lambda$createProxy$2(WebDriverDecorator.java:321)
	at net.bytebuddy.renamed.java.lang.Object$ByteBuddy$fFqHn5BH.sendKeys(Unknown Source)
	at com.kms.katalon.core.webui.keyword.builtin.UploadFileKeyword$_uploadFile_closure1.doCall(UploadFileKeyword.groovy:80)
	at com.kms.katalon.core.webui.keyword.builtin.UploadFileKeyword$_uploadFile_closure1.call(UploadFileKeyword.groovy)
	at com.kms.katalon.core.webui.keyword.internal.WebUIKeywordMain.runKeyword(WebUIKeywordMain.groovy:35)
	at com.kms.katalon.core.webui.keyword.builtin.UploadFileKeyword.uploadFile(UploadFileKeyword.groovy:87)
	at com.kms.katalon.core.webui.keyword.builtin.UploadFileKeyword.execute(UploadFileKeyword.groovy:68)
	at com.kms.katalon.core.keyword.internal.KeywordExecutor.executeKeywordForPlatform(KeywordExecutor.groovy:74)
	at com.kms.katalon.core.webui.keyword.WebUiBuiltInKeywords.uploadFile(WebUiBuiltInKeywords.groovy:4140)
	at Script1733734833613.run(Script1733734833613.groovy:121)
	at com.kms.katalon.core.main.ScriptEngine.run(ScriptEngine.java:194)
	at com.kms.katalon.core.main.ScriptEngine.runScriptAsRawText(ScriptEngine.java:119)
	at com.kms.katalon.core.main.TestCaseExecutor.runScript(TestCaseExecutor.java:448)
	at com.kms.katalon.core.main.TestCaseExecutor.doExecute(TestCaseExecutor.java:439)
	at com.kms.katalon.core.main.TestCaseExecutor.processExecutionPhase(TestCaseExecutor.java:418)
	at com.kms.katalon.core.main.TestCaseExecutor.accessMainPhase(TestCaseExecutor.java:410)
	at com.kms.katalon.core.main.TestCaseExecutor.execute(TestCaseExecutor.java:285)
	at com.kms.katalon.core.main.TestCaseMain.runTestCase(TestCaseMain.java:133)
	at com.kms.katalon.core.keyword.builtin.CallTestCaseKeyword$_callTestCase_closure1.doCall(CallTestCaseKeyword.groovy:59)
	at com.kms.katalon.core.keyword.builtin.CallTestCaseKeyword$_callTestCase_closure1.call(CallTestCaseKeyword.groovy)
	at com.kms.katalon.core.keyword.internal.KeywordMain.runKeyword(KeywordMain.groovy:75)
	at com.kms.katalon.core.keyword.builtin.CallTestCaseKeyword.callTestCase(CallTestCaseKeyword.groovy:81)
	at com.kms.katalon.core.keyword.builtin.CallTestCaseKeyword.execute(CallTestCaseKeyword.groovy:44)
	at com.kms.katalon.core.keyword.internal.KeywordExecutor.executeKeywordForPlatform(KeywordExecutor.groovy:74)
	at com.kms.katalon.core.keyword.BuiltinKeywords.callTestCase(BuiltinKeywords.groovy:310)
	at java.base/jdk.internal.reflect.NativeMethodAccessorImpl.invoke0(Native Method)
	at java.base/jdk.internal.reflect.NativeMethodAccessorImpl.invoke(NativeMethodAccessorImpl.java:77)
	at java.base/jdk.internal.reflect.DelegatingMethodAccessorImpl.invoke(DelegatingMethodAccessorImpl.java:43)
	at Script1735747665131.run(Script1735747665131.groovy:22)
	... 15 more
)

03-01-2025T15:12:19 - [MESSAGE][WARNING] - Unable to upload file 'C:\Users\Khairul Pandunata\Desktop\Aigen_Kop.png' to object 'Object Repository/Pengaturan Sistem/Admin Sekolah/Page_Upload_Kop/Input_UnggahFileKop' (Root cause: com.kms.katalon.core.exception.StepFailedException: Unable to upload file 'C:\Users\Khairul Pandunata\Desktop\Aigen_Kop.png' to object 'Object Repository/Pengaturan Sistem/Admin Sekolah/Page_Upload_Kop/Input_UnggahFileKop'
	at com.kms.katalon.core.webui.keyword.internal.WebUIKeywordMain.stepFailed(WebUIKeywordMain.groovy:117)
	at com.kms.katalon.core.webui.keyword.internal.WebUIKeywordMain.runKeyword(WebUIKeywordMain.groovy:43)
	at com.kms.katalon.core.webui.keyword.builtin.UploadFileKeyword.uploadFile(UploadFileKeyword.groovy:87)
	at com.kms.katalon.core.webui.keyword.builtin.UploadFileKeyword.execute(UploadFileKeyword.groovy:68)
	at com.kms.katalon.core.keyword.internal.KeywordExecutor.executeKeywordForPlatform(KeywordExecutor.groovy:74)
	at com.kms.katalon.core.webui.keyword.WebUiBuiltInKeywords.uploadFile(WebUiBuiltInKeywords.groovy:4140)
	at Edit Informasi Sekolah.run(Edit Informasi Sekolah:121)
	at com.kms.katalon.core.main.ScriptEngine.run(ScriptEngine.java:194)
	at com.kms.katalon.core.main.ScriptEngine.runScriptAsRawText(ScriptEngine.java:119)
	at com.kms.katalon.core.main.TestCaseExecutor.runScript(TestCaseExecutor.java:448)
	at com.kms.katalon.core.main.TestCaseExecutor.doExecute(TestCaseExecutor.java:439)
	at com.kms.katalon.core.main.TestCaseExecutor.processExecutionPhase(TestCaseExecutor.java:418)
	at com.kms.katalon.core.main.TestCaseExecutor.accessMainPhase(TestCaseExecutor.java:410)
	at com.kms.katalon.core.main.TestCaseExecutor.execute(TestCaseExecutor.java:285)
	at com.kms.katalon.core.main.TestCaseMain.runTestCase(TestCaseMain.java:133)
	at com.kms.katalon.core.keyword.builtin.CallTestCaseKeyword$_callTestCase_closure1.doCall(CallTestCaseKeyword.groovy:59)
	at com.kms.katalon.core.keyword.builtin.CallTestCaseKeyword$_callTestCase_closure1.call(CallTestCaseKeyword.groovy)
	at com.kms.katalon.core.keyword.internal.KeywordMain.runKeyword(KeywordMain.groovy:75)
	at com.kms.katalon.core.keyword.builtin.CallTestCaseKeyword.callTestCase(CallTestCaseKeyword.groovy:81)
	at com.kms.katalon.core.keyword.builtin.CallTestCaseKeyword.execute(CallTestCaseKeyword.groovy:44)
	at com.kms.katalon.core.keyword.internal.KeywordExecutor.executeKeywordForPlatform(KeywordExecutor.groovy:74)
	at com.kms.katalon.core.keyword.BuiltinKeywords.callTestCase(BuiltinKeywords.groovy:310)
	at java.base/jdk.internal.reflect.NativeMethodAccessorImpl.invoke0(Native Method)
	at java.base/jdk.internal.reflect.NativeMethodAccessorImpl.invoke(NativeMethodAccessorImpl.java:77)
	at java.base/jdk.internal.reflect.DelegatingMethodAccessorImpl.invoke(DelegatingMethodAccessorImpl.java:43)
	at Regresi Informasi Sekolah.run(Regresi Informasi Sekolah:22)
	at com.kms.katalon.core.main.ScriptEngine.run(ScriptEngine.java:194)
	at com.kms.katalon.core.main.ScriptEngine.runScriptAsRawText(ScriptEngine.java:119)
	at com.kms.katalon.core.main.TestCaseExecutor.runScript(TestCaseExecutor.java:448)
	at com.kms.katalon.core.main.TestCaseExecutor.doExecute(TestCaseExecutor.java:439)
	at com.kms.katalon.core.main.TestCaseExecutor.processExecutionPhase(TestCaseExecutor.java:418)
	at com.kms.katalon.core.main.TestCaseExecutor.accessMainPhase(TestCaseExecutor.java:410)
	at com.kms.katalon.core.main.TestCaseExecutor.execute(TestCaseExecutor.java:285)
	at com.kms.katalon.core.common.CommonExecutor.accessTestCaseMainPhase(CommonExecutor.java:65)
	at com.kms.katalon.core.main.TestSuiteExecutor.accessTestSuiteMainPhase(TestSuiteExecutor.java:161)
	at com.kms.katalon.core.main.TestSuiteExecutor.execute(TestSuiteExecutor.java:107)
	at com.kms.katalon.core.main.TestCaseMain.startTestSuite(TestCaseMain.java:176)
	at TempTestSuite1735891848116.run(TempTestSuite1735891848116.groovy:35)
	at java.base/jdk.internal.reflect.NativeMethodAccessorImpl.invoke0(Native Method)
	at java.base/jdk.internal.reflect.NativeMethodAccessorImpl.invoke(NativeMethodAccessorImpl.java:77)
	at java.base/jdk.internal.reflect.DelegatingMethodAccessorImpl.invoke(DelegatingMethodAccessorImpl.java:43)
Caused by: org.openqa.selenium.InvalidArgumentException: invalid argument: File not found : C:\Users\Khairul Pandunata\Desktop\Aigen_Kop.png
  (Session info: chrome=131.0.6778.205)
Build info: version: '4.22.0', revision: 'c5f3146703'
System info: os.name: 'Windows 11', os.arch: 'amd64', os.version: '10.0', java.version: '17.0.7'
Driver info: com.kms.katalon.selenium.driver.CChromeDriver
Command: [8411730e73855957434b8501a57f06d1, sendKeysToElement {id=f.72470AD714F33773C29DEA336D89BEA1.d.EB5A6409CF53BB4A45D6178EFE9C567F.e.60, value=[Ljava.lang.CharSequence;@38821ada}]
Capabilities {acceptInsecureCerts: false, browserName: chrome, browserVersion: 131.0.6778.205, chrome: {chromedriverVersion: 130.0.6723.58 (3a50e012e4c9..., userDataDir: C:\Users\henri\AppData\Loca...}, fedcm:accounts: true, goog:chromeOptions: {debuggerAddress: localhost:60337}, networkConnectionEnabled: false, pageLoadStrategy: normal, platformName: windows, proxy: Proxy(), se:cdp: ws://localhost:60337/devtoo..., se:cdpVersion: 131.0.6778.205, setWindowRect: true, strictFileInteractability: false, timeouts: {implicit: 0, pageLoad: 300000, script: 30000}, unhandledPromptBehavior: ignore, webSocketUrl: ws://localhost:20326/sessio..., webauthn:extension:credBlob: true, webauthn:extension:largeBlob: true, webauthn:extension:minPinLength: true, webauthn:extension:prf: true, webauthn:virtualAuthenticators: true}
Element: [[CChromeDriver: chrome on windows (8411730e73855957434b8501a57f06d1)] -> xpath: //input[@type='file' and @id='upload-change-file-Kop Surat']]
Session ID: 8411730e73855957434b8501a57f06d1
	at java.base/jdk.internal.reflect.NativeConstructorAccessorImpl.newInstance0(Native Method)
	at java.base/jdk.internal.reflect.NativeConstructorAccessorImpl.newInstance(NativeConstructorAccessorImpl.java:77)
	at java.base/jdk.internal.reflect.DelegatingConstructorAccessorImpl.newInstance(DelegatingConstructorAccessorImpl.java:45)
	at org.openqa.selenium.remote.ErrorCodec.decode(ErrorCodec.java:167)
	at org.openqa.selenium.remote.codec.w3c.W3CHttpResponseCodec.decode(W3CHttpResponseCodec.java:138)
	at org.openqa.selenium.remote.codec.w3c.W3CHttpResponseCodec.decode(W3CHttpResponseCodec.java:50)
	at org.openqa.selenium.remote.HttpCommandExecutor.execute(HttpCommandExecutor.java:190)
	at org.openqa.selenium.remote.service.DriverCommandExecutor.invokeExecute(DriverCommandExecutor.java:216)
	at org.openqa.selenium.remote.service.DriverCommandExecutor.execute(DriverCommandExecutor.java:174)
	at org.openqa.selenium.remote.RemoteWebDriver.execute(RemoteWebDriver.java:518)
	at org.openqa.selenium.remote.RemoteWebElement.execute(RemoteWebElement.java:223)
	at org.openqa.selenium.remote.RemoteWebElement.sendKeys(RemoteWebElement.java:110)
	at java.base/jdk.internal.reflect.NativeMethodAccessorImpl.invoke0(Native Method)
	at java.base/jdk.internal.reflect.NativeMethodAccessorImpl.invoke(NativeMethodAccessorImpl.java:77)
	at java.base/jdk.internal.reflect.DelegatingMethodAccessorImpl.invoke(DelegatingMethodAccessorImpl.java:43)
	at org.openqa.selenium.support.decorators.WebDriverDecorator.call(WebDriverDecorator.java:249)
	at org.openqa.selenium.support.decorators.DefaultDecorated.call(DefaultDecorated.java:48)
	at org.openqa.selenium.support.decorators.WebDriverDecorator.lambda$createProxy$2(WebDriverDecorator.java:321)
	at net.bytebuddy.renamed.java.lang.Object$ByteBuddy$fFqHn5BH.sendKeys(Unknown Source)
	at com.kms.katalon.core.webui.keyword.builtin.UploadFileKeyword$_uploadFile_closure1.doCall(UploadFileKeyword.groovy:80)
	at com.kms.katalon.core.webui.keyword.builtin.UploadFileKeyword$_uploadFile_closure1.call(UploadFileKeyword.groovy)
	at com.kms.katalon.core.webui.keyword.internal.WebUIKeywordMain.runKeyword(WebUIKeywordMain.groovy:35)
	at com.kms.katalon.core.webui.keyword.builtin.UploadFileKeyword.uploadFile(UploadFileKeyword.groovy:87)
	at com.kms.katalon.core.webui.keyword.builtin.UploadFileKeyword.execute(UploadFileKeyword.groovy:68)
	at com.kms.katalon.core.keyword.internal.KeywordExecutor.executeKeywordForPlatform(KeywordExecutor.groovy:74)
	at com.kms.katalon.core.webui.keyword.WebUiBuiltInKeywords.uploadFile(WebUiBuiltInKeywords.groovy:4140)
	at Script1733734833613.run(Script1733734833613.groovy:121)
	at com.kms.katalon.core.main.ScriptEngine.run(ScriptEngine.java:194)
	at com.kms.katalon.core.main.ScriptEngine.runScriptAsRawText(ScriptEngine.java:119)
	at com.kms.katalon.core.main.TestCaseExecutor.runScript(TestCaseExecutor.java:448)
	at com.kms.katalon.core.main.TestCaseExecutor.doExecute(TestCaseExecutor.java:439)
	at com.kms.katalon.core.main.TestCaseExecutor.processExecutionPhase(TestCaseExecutor.java:418)
	at com.kms.katalon.core.main.TestCaseExecutor.accessMainPhase(TestCaseExecutor.java:410)
	at com.kms.katalon.core.main.TestCaseExecutor.execute(TestCaseExecutor.java:285)
	at com.kms.katalon.core.main.TestCaseMain.runTestCase(TestCaseMain.java:133)
	at com.kms.katalon.core.keyword.builtin.CallTestCaseKeyword$_callTestCase_closure1.doCall(CallTestCaseKeyword.groovy:59)
	at com.kms.katalon.core.keyword.builtin.CallTestCaseKeyword$_callTestCase_closure1.call(CallTestCaseKeyword.groovy)
	at com.kms.katalon.core.keyword.internal.KeywordMain.runKeyword(KeywordMain.groovy:75)
	at com.kms.katalon.core.keyword.builtin.CallTestCaseKeyword.callTestCase(CallTestCaseKeyword.groovy:81)
	at com.kms.katalon.core.keyword.builtin.CallTestCaseKeyword.execute(CallTestCaseKeyword.groovy:44)
	at com.kms.katalon.core.keyword.internal.KeywordExecutor.executeKeywordForPlatform(KeywordExecutor.groovy:74)
	at com.kms.katalon.core.keyword.BuiltinKeywords.callTestCase(BuiltinKeywords.groovy:310)
	at java.base/jdk.internal.reflect.NativeMethodAccessorImpl.invoke0(Native Method)
	at java.base/jdk.internal.reflect.NativeMethodAccessorImpl.invoke(NativeMethodAccessorImpl.java:77)
	at java.base/jdk.internal.reflect.DelegatingMethodAccessorImpl.invoke(DelegatingMethodAccessorImpl.java:43)
	at Script1735747665131.run(Script1735747665131.groovy:22)
	... 15 more
)
[[ATTACHMENT|C:\\Users\\henri\\Videos\\school-payment-automation-testing\\Reports\\20250103_151048\\SPRINT 2\\20250103_151048\\1735891939286.png]]

03-01-2025T15:12:19 - [TEST_STEP][PASSED] - delay(2, OPTIONAL): Delayed 2 second(s)

03-01-2025T15:12:21 - [MESSAGE][PASSED] - Delayed 2 second(s)

03-01-2025T15:12:21 - [TEST_STEP][PASSED] - click(findTestObject("Pengaturan Sistem/Admin Sekolah/button_simpan/button_Simpan"), OPTIONAL): Object: 'Object Repository/Pengaturan Sistem/Admin Sekolah/button_simpan/button_Simpan' is clicked on

03-01-2025T15:12:21 - [MESSAGE][PASSED] - Object: 'Object Repository/Pengaturan Sistem/Admin Sekolah/button_simpan/button_Simpan' is clicked on

03-01-2025T15:12:21 - [TEST_STEP][PASSED] - delay(2, OPTIONAL): Delayed 2 second(s)

03-01-2025T15:12:23 - [MESSAGE][PASSED] - Delayed 2 second(s)

03-01-2025T15:12:23 - [TEST_STEP][PASSED] - click(findTestObject("Pengaturan Sistem/Admin Sekolah/Button_konfirm/div_Ya"), OPTIONAL): Object: 'Object Repository/Pengaturan Sistem/Admin Sekolah/Button_konfirm/div_Ya' is clicked on

03-01-2025T15:12:23 - [MESSAGE][PASSED] - Object: 'Object Repository/Pengaturan Sistem/Admin Sekolah/Button_konfirm/div_Ya' is clicked on

03-01-2025T15:12:23 - [TEST_STEP][PASSED] - delay(2, OPTIONAL): Delayed 2 second(s)

03-01-2025T15:12:25 - [MESSAGE][PASSED] - Delayed 2 second(s)

03-01-2025T15:12:25 - [TEST_STEP][PASSED] - closeBrowser(OPTIONAL): Browser is closed

03-01-2025T15:12:26 - [MESSAGE][PASSED] - Browser is closed

03-01-2025T15:12:26 - [MESSAGE][INFO] - 

03-01-2025T15:12:26 - [MESSAGE][INFO] - ===================== Self-healing Report ====================

03-01-2025T15:12:26 - [MESSAGE][INFO] - One of the failed test object locators has been recovered by Self-healing. Please refer to the Self-healing Insights tab for more details.

03-01-2025T15:12:26 - [MESSAGE][INFO] - To learn more about Self-healing, please read https://docs.katalon.com/katalon-studio/docs/self-healing.html

03-01-2025T15:12:26 - [MESSAGE][INFO] - ==============================================================

03-01-2025T15:12:26 - [MESSAGE][PASSED] - Call Test Case 'Test Cases/Pengaturan Sistem/Admin Sekolah/Master Informasi Sekolah/Edit Informasi Sekolah' successfully

03-01-2025T15:12:26 - [TEST_STEP][PASSED] - println("============================= Loop Again ==============================="): null]]></system-out>
         <system-err><![CDATA[]]></system-err>
      </testcase>
      <testcase name="Test Cases/Regresi Feature/Sprint 2/Regresi Pembayaran Siswa" time="85.147" classname="Test Cases/Regresi Feature/Sprint 2/Regresi Pembayaran Siswa" status="PASSED">
         <system-out><![CDATA[03-01-2025T15:12:26 - [TEST_CASE][PASSED] - Test Cases/Regresi Feature/Sprint 2/Regresi Pembayaran Siswa: Test Cases/Regresi Feature/Sprint 2/Regresi Pembayaran Siswa

03-01-2025T15:12:26 - [TEST_STEP][PASSED] - for ([i = 1, i <= maxLoop, (i++)]): null

03-01-2025T15:12:26 - [TEST_STEP][PASSED] - callTestCase(findTestCase("Test Cases/Master Tagihan/Admin Sekolah/Master Tagihan Pembayaran Siswa/Pembayaran Siswa"), [:], OPTIONAL): Call Test Case 'Test Cases/Master Tagihan/Admin Sekolah/Master Tagihan Pembayaran Siswa/Pembayaran Siswa' successfully

03-01-2025T15:12:26 - [TEST_CASE][PASSED] - Test Cases/Master Tagihan/Admin Sekolah/Master Tagihan Pembayaran Siswa/Pembayaran Siswa: Test Cases/Master Tagihan/Admin Sekolah/Master Tagihan Pembayaran Siswa/Pembayaran Siswa

03-01-2025T15:12:26 - [TEST_STEP][PASSED] - openBrowser(""): Browser is opened with url: ''

03-01-2025T15:12:26 - [MESSAGE][INFO] - Starting 'Chrome' driver

03-01-2025T15:12:26 - [MESSAGE][INFO] - Action delay is set to 0 milliseconds

03-01-2025T15:12:27 - [MESSAGE][PASSED] - Browser is opened with url: ''

03-01-2025T15:12:27 - [TEST_STEP][PASSED] - navigateToUrl("https://sit.siprusedu.com/login"): Navigate to 'https://sit.siprusedu.com/login' successfully

03-01-2025T15:12:27 - [MESSAGE][PASSED] - Navigate to 'https://sit.siprusedu.com/login' successfully

03-01-2025T15:12:27 - [TEST_STEP][PASSED] - maximizeWindow(): Current window maximized

03-01-2025T15:12:28 - [MESSAGE][PASSED] - Current window maximized

03-01-2025T15:12:28 - [TEST_STEP][PASSED] - setText(findTestObject("Master Data/Admin Sekolah/Login/Field Email"), "admin.sekolah@gmail.com"): Text 'admin.sekolah@gmail.com' is set on object 'Object Repository/Master Data/Admin Sekolah/Login/Field Email'

03-01-2025T15:12:29 - [MESSAGE][PASSED] - Text 'admin.sekolah@gmail.com' is set on object 'Object Repository/Master Data/Admin Sekolah/Login/Field Email'

03-01-2025T15:12:29 - [TEST_STEP][PASSED] - setText(findTestObject("Master Data/Admin Sekolah/Login/Input Password"), "Test1234"): Text 'Test1234' is set on object 'Object Repository/Master Data/Admin Sekolah/Login/Input Password'

03-01-2025T15:12:30 - [MESSAGE][PASSED] - Text 'Test1234' is set on object 'Object Repository/Master Data/Admin Sekolah/Login/Input Password'

03-01-2025T15:12:30 - [TEST_STEP][PASSED] - click(findTestObject("Master Data/Admin Sekolah/Login/Button Submit")): Object: 'Object Repository/Master Data/Admin Sekolah/Login/Button Submit' is clicked on

03-01-2025T15:12:30 - [MESSAGE][PASSED] - Object: 'Object Repository/Master Data/Admin Sekolah/Login/Button Submit' is clicked on

03-01-2025T15:12:30 - [TEST_STEP][PASSED] - click(findTestObject("Master Tagihan/Admin Sekolah/Pembayaran Siswa/Homepage/Menu Tagihan")): Object: 'Object Repository/Master Tagihan/Admin Sekolah/Pembayaran Siswa/Homepage/Menu Tagihan' is clicked on

03-01-2025T15:12:32 - [MESSAGE][PASSED] - Object: 'Object Repository/Master Tagihan/Admin Sekolah/Pembayaran Siswa/Homepage/Menu Tagihan' is clicked on

03-01-2025T15:12:32 - [TEST_STEP][PASSED] - click(findTestObject("Master Tagihan/Admin Sekolah/Pembayaran Siswa/Homepage/Sub Menu Pembayaran Siswa")): Object: 'Object Repository/Master Tagihan/Admin Sekolah/Pembayaran Siswa/Homepage/Sub Menu Pembayaran Siswa' is clicked on

03-01-2025T15:12:33 - [MESSAGE][PASSED] - Object: 'Object Repository/Master Tagihan/Admin Sekolah/Pembayaran Siswa/Homepage/Sub Menu Pembayaran Siswa' is clicked on

03-01-2025T15:12:33 - [TEST_STEP][PASSED] - setText(findTestObject("Master Tagihan/Admin Sekolah/Pembayaran Siswa/Homepage/Sub Menu Pembayaran Siswa (1)/Field Pencarian Siswa"), "adam"): Text 'adam' is set on object 'Object Repository/Master Tagihan/Admin Sekolah/Pembayaran Siswa/Homepage/Sub Menu Pembayaran Siswa (1)/Field Pencarian Siswa'

03-01-2025T15:12:54 - [MESSAGE][PASSED] - Text 'adam' is set on object 'Object Repository/Master Tagihan/Admin Sekolah/Pembayaran Siswa/Homepage/Sub Menu Pembayaran Siswa (1)/Field Pencarian Siswa'

03-01-2025T15:12:54 - [TEST_STEP][PASSED] - delay(2): Delayed 2 second(s)

03-01-2025T15:12:56 - [MESSAGE][PASSED] - Delayed 2 second(s)

03-01-2025T15:12:56 - [TEST_STEP][PASSED] - click(findTestObject("Master Tagihan/Admin Sekolah/Pembayaran Siswa/Homepage/Sub Menu Pembayaran Siswa (1)/Value Rekomendasi Siswa")): Object: 'Object Repository/Master Tagihan/Admin Sekolah/Pembayaran Siswa/Homepage/Sub Menu Pembayaran Siswa (1)/Value Rekomendasi Siswa' is clicked on

03-01-2025T15:12:57 - [MESSAGE][PASSED] - Object: 'Object Repository/Master Tagihan/Admin Sekolah/Pembayaran Siswa/Homepage/Sub Menu Pembayaran Siswa (1)/Value Rekomendasi Siswa' is clicked on

03-01-2025T15:12:57 - [TEST_STEP][PASSED] - click(findTestObject("Master Tagihan/Admin Sekolah/Pembayaran Siswa/Homepage/Sub Menu Pembayaran Siswa (1)/Page Pembayaran Siswa/Button Riwayat Pembayaran")): Object: 'Object Repository/Master Tagihan/Admin Sekolah/Pembayaran Siswa/Homepage/Sub Menu Pembayaran Siswa (1)/Page Pembayaran Siswa/Button Riwayat Pembayaran' is clicked on

03-01-2025T15:12:58 - [MESSAGE][PASSED] - Object: 'Object Repository/Master Tagihan/Admin Sekolah/Pembayaran Siswa/Homepage/Sub Menu Pembayaran Siswa (1)/Page Pembayaran Siswa/Button Riwayat Pembayaran' is clicked on

03-01-2025T15:12:58 - [TEST_STEP][PASSED] - verifyElementVisible(findTestObject("Master Tagihan/Admin Sekolah/Pembayaran Siswa/Homepage/Sub Menu Pembayaran Siswa (1)/Verifikasi Nama Siswa")): Object 'Object Repository/Master Tagihan/Admin Sekolah/Pembayaran Siswa/Homepage/Sub Menu Pembayaran Siswa (1)/Verifikasi Nama Siswa' is visible

03-01-2025T15:12:58 - [MESSAGE][PASSED] - Object 'Object Repository/Master Tagihan/Admin Sekolah/Pembayaran Siswa/Homepage/Sub Menu Pembayaran Siswa (1)/Verifikasi Nama Siswa' is visible

03-01-2025T15:12:58 - [TEST_STEP][PASSED] - back(): Navigate back successfully

03-01-2025T15:12:58 - [MESSAGE][PASSED] - Navigate back successfully

03-01-2025T15:12:58 - [TEST_STEP][PASSED] - setText(findTestObject("Master Tagihan/Admin Sekolah/Pembayaran Siswa/Homepage/Sub Menu Pembayaran Siswa (1)/Field Pencarian Siswa"), "adam"): Text 'adam' is set on object 'Object Repository/Master Tagihan/Admin Sekolah/Pembayaran Siswa/Homepage/Sub Menu Pembayaran Siswa (1)/Field Pencarian Siswa'

03-01-2025T15:12:59 - [MESSAGE][PASSED] - Text 'adam' is set on object 'Object Repository/Master Tagihan/Admin Sekolah/Pembayaran Siswa/Homepage/Sub Menu Pembayaran Siswa (1)/Field Pencarian Siswa'

03-01-2025T15:12:59 - [TEST_STEP][PASSED] - delay(2): Delayed 2 second(s)

03-01-2025T15:13:01 - [MESSAGE][PASSED] - Delayed 2 second(s)

03-01-2025T15:13:01 - [TEST_STEP][PASSED] - click(findTestObject("Master Tagihan/Admin Sekolah/Pembayaran Siswa/Homepage/Sub Menu Pembayaran Siswa (1)/Value Rekomendasi Siswa")): Object: 'Object Repository/Master Tagihan/Admin Sekolah/Pembayaran Siswa/Homepage/Sub Menu Pembayaran Siswa (1)/Value Rekomendasi Siswa' is clicked on

03-01-2025T15:13:01 - [MESSAGE][PASSED] - Object: 'Object Repository/Master Tagihan/Admin Sekolah/Pembayaran Siswa/Homepage/Sub Menu Pembayaran Siswa (1)/Value Rekomendasi Siswa' is clicked on

03-01-2025T15:13:01 - [TEST_STEP][PASSED] - ["Nama Tagihan", "Tipe Tagihan", "Tanggal Tagihan", "Jumlah Tagihan"].each({ java.lang.Object row -> ... }): Object: 'Object Repository/Master Tagihan/Admin Sekolah/Pembayaran Siswa/Homepage/Sub Menu Pembayaran Siswa (1)/Data in Table/Row Jumlah Tagihan' is clicked on

03-01-2025T15:13:03 - [MESSAGE][PASSED] - Object: 'Object Repository/Master Tagihan/Admin Sekolah/Pembayaran Siswa/Homepage/Sub Menu Pembayaran Siswa (1)/Data in Table/Row Nama Tagihan' is clicked on

03-01-2025T15:13:04 - [MESSAGE][PASSED] - Object: 'Object Repository/Master Tagihan/Admin Sekolah/Pembayaran Siswa/Homepage/Sub Menu Pembayaran Siswa (1)/Data in Table/Row Nama Tagihan' is clicked on

03-01-2025T15:13:05 - [MESSAGE][PASSED] - Object: 'Object Repository/Master Tagihan/Admin Sekolah/Pembayaran Siswa/Homepage/Sub Menu Pembayaran Siswa (1)/Data in Table/Row Nama Tagihan' is clicked on

03-01-2025T15:13:06 - [MESSAGE][PASSED] - Object: 'Object Repository/Master Tagihan/Admin Sekolah/Pembayaran Siswa/Homepage/Sub Menu Pembayaran Siswa (1)/Data in Table/Row Tipe Tagihan' is clicked on

03-01-2025T15:13:07 - [MESSAGE][PASSED] - Object: 'Object Repository/Master Tagihan/Admin Sekolah/Pembayaran Siswa/Homepage/Sub Menu Pembayaran Siswa (1)/Data in Table/Row Tipe Tagihan' is clicked on

03-01-2025T15:13:09 - [MESSAGE][PASSED] - Object: 'Object Repository/Master Tagihan/Admin Sekolah/Pembayaran Siswa/Homepage/Sub Menu Pembayaran Siswa (1)/Data in Table/Row Tipe Tagihan' is clicked on

03-01-2025T15:13:10 - [MESSAGE][PASSED] - Object: 'Object Repository/Master Tagihan/Admin Sekolah/Pembayaran Siswa/Homepage/Sub Menu Pembayaran Siswa (1)/Data in Table/Row Tanggal Tagihan' is clicked on

03-01-2025T15:13:11 - [MESSAGE][PASSED] - Object: 'Object Repository/Master Tagihan/Admin Sekolah/Pembayaran Siswa/Homepage/Sub Menu Pembayaran Siswa (1)/Data in Table/Row Tanggal Tagihan' is clicked on

03-01-2025T15:13:12 - [MESSAGE][PASSED] - Object: 'Object Repository/Master Tagihan/Admin Sekolah/Pembayaran Siswa/Homepage/Sub Menu Pembayaran Siswa (1)/Data in Table/Row Tanggal Tagihan' is clicked on

03-01-2025T15:13:13 - [MESSAGE][PASSED] - Object: 'Object Repository/Master Tagihan/Admin Sekolah/Pembayaran Siswa/Homepage/Sub Menu Pembayaran Siswa (1)/Data in Table/Row Jumlah Tagihan' is clicked on

03-01-2025T15:13:15 - [MESSAGE][PASSED] - Object: 'Object Repository/Master Tagihan/Admin Sekolah/Pembayaran Siswa/Homepage/Sub Menu Pembayaran Siswa (1)/Data in Table/Row Jumlah Tagihan' is clicked on

03-01-2025T15:13:16 - [MESSAGE][PASSED] - Object: 'Object Repository/Master Tagihan/Admin Sekolah/Pembayaran Siswa/Homepage/Sub Menu Pembayaran Siswa (1)/Data in Table/Row Jumlah Tagihan' is clicked on

03-01-2025T15:13:16 - [TEST_STEP][PASSED] - click(findTestObject("Master Tagihan/Admin Sekolah/Pembayaran Siswa/Homepage/Sub Menu Pembayaran Siswa (1)/Data in Table/Pilih Checkbox")): Object: 'Object Repository/Master Tagihan/Admin Sekolah/Pembayaran Siswa/Homepage/Sub Menu Pembayaran Siswa (1)/Data in Table/Pilih Checkbox' is clicked on

03-01-2025T15:13:17 - [MESSAGE][PASSED] - Object: 'Object Repository/Master Tagihan/Admin Sekolah/Pembayaran Siswa/Homepage/Sub Menu Pembayaran Siswa (1)/Data in Table/Pilih Checkbox' is clicked on

03-01-2025T15:13:17 - [TEST_STEP][PASSED] - click(findTestObject("Master Tagihan/Admin Sekolah/Pembayaran Siswa/Homepage/Sub Menu Pembayaran Siswa (1)/Data in Table/Button Bayar Sekarang")): Object: 'Object Repository/Master Tagihan/Admin Sekolah/Pembayaran Siswa/Homepage/Sub Menu Pembayaran Siswa (1)/Data in Table/Button Bayar Sekarang' is clicked on

03-01-2025T15:13:18 - [MESSAGE][PASSED] - Object: 'Object Repository/Master Tagihan/Admin Sekolah/Pembayaran Siswa/Homepage/Sub Menu Pembayaran Siswa (1)/Data in Table/Button Bayar Sekarang' is clicked on

03-01-2025T15:13:18 - [TEST_STEP][PASSED] - setText(findTestObject("Master Tagihan/Admin Sekolah/Pembayaran Siswa/Homepage/Sub Menu Pembayaran Siswa (1)/Pop Up Konfirmasi Pembayaran/Field Uang Yang Dibayarkan"), "5000000"): Text '5000000' is set on object 'Object Repository/Master Tagihan/Admin Sekolah/Pembayaran Siswa/Homepage/Sub Menu Pembayaran Siswa (1)/Pop Up Konfirmasi Pembayaran/Field Uang Yang Dibayarkan'

03-01-2025T15:13:19 - [MESSAGE][PASSED] - Text '5000000' is set on object 'Object Repository/Master Tagihan/Admin Sekolah/Pembayaran Siswa/Homepage/Sub Menu Pembayaran Siswa (1)/Pop Up Konfirmasi Pembayaran/Field Uang Yang Dibayarkan'

03-01-2025T15:13:19 - [TEST_STEP][PASSED] - handlePaymentErrorLoop(): null

03-01-2025T15:13:19 - [TEST_STEP][PASSED] - click(findTestObject("Master Tagihan/Admin Sekolah/Pembayaran Siswa/Homepage/Sub Menu Pembayaran Siswa (1)/Pop Up Konfirmasi Pembayaran/Button Lanjut Bayar")): Object: 'Object Repository/Master Tagihan/Admin Sekolah/Pembayaran Siswa/Homepage/Sub Menu Pembayaran Siswa (1)/Pop Up Konfirmasi Pembayaran/Button Lanjut Bayar' is clicked on

03-01-2025T15:13:19 - [MESSAGE][PASSED] - Object: 'Object Repository/Master Tagihan/Admin Sekolah/Pembayaran Siswa/Homepage/Sub Menu Pembayaran Siswa (1)/Pop Up Konfirmasi Pembayaran/Button Lanjut Bayar' is clicked on

03-01-2025T15:13:19 - [TEST_STEP][PASSED] - isErrorDisplayed = false: null

03-01-2025T15:13:19 - [TEST_STEP][PASSED] - attemptCount = 0: null

03-01-2025T15:13:19 - [TEST_STEP][PASSED] - maxAttempts = 5: null

03-01-2025T15:13:19 - [TEST_STEP][PASSED] - while (attemptCount < maxAttempts): null

03-01-2025T15:13:19 - [TEST_STEP][PASSED] - isErrorDisplayed = verifyElementPresent(findTestObject("//Toast[@type='error' and @message='Gagal Melakukan Pembayaran!' and @toastId='failed-billing-page']"), 5, OPTIONAL): Unable to verify object is present (Root cause: com.kms.katalon.core.exception.StepFailedException: Unable to verify object is present
	at com.kms.katalon.core.webui.keyword.internal.WebUIKeywordMain.stepFailed(WebUIKeywordMain.groovy:117)
	at com.kms.katalon.core.webui.keyword.internal.WebUIKeywordMain.runKeyword(WebUIKeywordMain.groovy:43)
	at com.kms.katalon.core.webui.keyword.builtin.VerifyElementPresentKeyword.verifyElementPresent(VerifyElementPresentKeyword.groovy:92)
	at com.kms.katalon.core.webui.keyword.builtin.VerifyElementPresentKeyword.execute(VerifyElementPresentKeyword.groovy:68)
	at com.kms.katalon.core.keyword.internal.KeywordExecutor.executeKeywordForPlatform(KeywordExecutor.groovy:74)
	at com.kms.katalon.core.webui.keyword.WebUiBuiltInKeywords.verifyElementPresent(WebUiBuiltInKeywords.groovy:1524)
	at Pembayaran Siswa.handlePaymentErrorLoop(Pembayaran Siswa:88)
	at Pembayaran Siswa.run(Pembayaran Siswa:72)
	at com.kms.katalon.core.main.ScriptEngine.run(ScriptEngine.java:194)
	at com.kms.katalon.core.main.ScriptEngine.runScriptAsRawText(ScriptEngine.java:119)
	at com.kms.katalon.core.main.TestCaseExecutor.runScript(TestCaseExecutor.java:448)
	at com.kms.katalon.core.main.TestCaseExecutor.doExecute(TestCaseExecutor.java:439)
	at com.kms.katalon.core.main.TestCaseExecutor.processExecutionPhase(TestCaseExecutor.java:418)
	at com.kms.katalon.core.main.TestCaseExecutor.accessMainPhase(TestCaseExecutor.java:410)
	at com.kms.katalon.core.main.TestCaseExecutor.execute(TestCaseExecutor.java:285)
	at com.kms.katalon.core.main.TestCaseMain.runTestCase(TestCaseMain.java:133)
	at com.kms.katalon.core.keyword.builtin.CallTestCaseKeyword$_callTestCase_closure1.doCall(CallTestCaseKeyword.groovy:59)
	at com.kms.katalon.core.keyword.builtin.CallTestCaseKeyword$_callTestCase_closure1.call(CallTestCaseKeyword.groovy)
	at com.kms.katalon.core.keyword.internal.KeywordMain.runKeyword(KeywordMain.groovy:75)
	at com.kms.katalon.core.keyword.builtin.CallTestCaseKeyword.callTestCase(CallTestCaseKeyword.groovy:81)
	at com.kms.katalon.core.keyword.builtin.CallTestCaseKeyword.execute(CallTestCaseKeyword.groovy:44)
	at com.kms.katalon.core.keyword.internal.KeywordExecutor.executeKeywordForPlatform(KeywordExecutor.groovy:74)
	at com.kms.katalon.core.keyword.BuiltinKeywords.callTestCase(BuiltinKeywords.groovy:310)
	at java.base/jdk.internal.reflect.NativeMethodAccessorImpl.invoke0(Native Method)
	at java.base/jdk.internal.reflect.NativeMethodAccessorImpl.invoke(NativeMethodAccessorImpl.java:77)
	at java.base/jdk.internal.reflect.DelegatingMethodAccessorImpl.invoke(DelegatingMethodAccessorImpl.java:43)
	at Regresi Pembayaran Siswa.run(Regresi Pembayaran Siswa:22)
	at com.kms.katalon.core.main.ScriptEngine.run(ScriptEngine.java:194)
	at com.kms.katalon.core.main.ScriptEngine.runScriptAsRawText(ScriptEngine.java:119)
	at com.kms.katalon.core.main.TestCaseExecutor.runScript(TestCaseExecutor.java:448)
	at com.kms.katalon.core.main.TestCaseExecutor.doExecute(TestCaseExecutor.java:439)
	at com.kms.katalon.core.main.TestCaseExecutor.processExecutionPhase(TestCaseExecutor.java:418)
	at com.kms.katalon.core.main.TestCaseExecutor.accessMainPhase(TestCaseExecutor.java:410)
	at com.kms.katalon.core.main.TestCaseExecutor.execute(TestCaseExecutor.java:285)
	at com.kms.katalon.core.common.CommonExecutor.accessTestCaseMainPhase(CommonExecutor.java:65)
	at com.kms.katalon.core.main.TestSuiteExecutor.accessTestSuiteMainPhase(TestSuiteExecutor.java:161)
	at com.kms.katalon.core.main.TestSuiteExecutor.execute(TestSuiteExecutor.java:107)
	at com.kms.katalon.core.main.TestCaseMain.startTestSuite(TestCaseMain.java:176)
	at TempTestSuite1735891848116.run(TempTestSuite1735891848116.groovy:35)
	at java.base/jdk.internal.reflect.NativeMethodAccessorImpl.invoke0(Native Method)
	at java.base/jdk.internal.reflect.NativeMethodAccessorImpl.invoke(NativeMethodAccessorImpl.java:77)
	at java.base/jdk.internal.reflect.DelegatingMethodAccessorImpl.invoke(DelegatingMethodAccessorImpl.java:43)
Caused by: java.lang.IllegalArgumentException: Object is null
	at com.kms.katalon.core.helper.KeywordHelper.checkTestObjectParameter(KeywordHelper.java:33)
	at com.kms.katalon.core.webui.keyword.builtin.VerifyElementPresentKeyword$_verifyElementPresent_closure1.doCall(VerifyElementPresentKeyword.groovy:76)
	at com.kms.katalon.core.webui.keyword.builtin.VerifyElementPresentKeyword$_verifyElementPresent_closure1.call(VerifyElementPresentKeyword.groovy)
	at com.kms.katalon.core.webui.keyword.internal.WebUIKeywordMain.runKeyword(WebUIKeywordMain.groovy:35)
	at com.kms.katalon.core.webui.keyword.builtin.VerifyElementPresentKeyword.verifyElementPresent(VerifyElementPresentKeyword.groovy:92)
	at com.kms.katalon.core.webui.keyword.builtin.VerifyElementPresentKeyword.execute(VerifyElementPresentKeyword.groovy:68)
	at com.kms.katalon.core.keyword.internal.KeywordExecutor.executeKeywordForPlatform(KeywordExecutor.groovy:74)
	at com.kms.katalon.core.webui.keyword.WebUiBuiltInKeywords.verifyElementPresent(WebUiBuiltInKeywords.groovy:1524)
	at Script1732261254829.handlePaymentErrorLoop(Script1732261254829.groovy:88)
	at Script1732261254829.run(Script1732261254829.groovy:72)
	at com.kms.katalon.core.main.ScriptEngine.run(ScriptEngine.java:194)
	at com.kms.katalon.core.main.ScriptEngine.runScriptAsRawText(ScriptEngine.java:119)
	at com.kms.katalon.core.main.TestCaseExecutor.runScript(TestCaseExecutor.java:448)
	at com.kms.katalon.core.main.TestCaseExecutor.doExecute(TestCaseExecutor.java:439)
	at com.kms.katalon.core.main.TestCaseExecutor.processExecutionPhase(TestCaseExecutor.java:418)
	at com.kms.katalon.core.main.TestCaseExecutor.accessMainPhase(TestCaseExecutor.java:410)
	at com.kms.katalon.core.main.TestCaseExecutor.execute(TestCaseExecutor.java:285)
	at com.kms.katalon.core.main.TestCaseMain.runTestCase(TestCaseMain.java:133)
	at com.kms.katalon.core.keyword.builtin.CallTestCaseKeyword$_callTestCase_closure1.doCall(CallTestCaseKeyword.groovy:59)
	at com.kms.katalon.core.keyword.builtin.CallTestCaseKeyword$_callTestCase_closure1.call(CallTestCaseKeyword.groovy)
	at com.kms.katalon.core.keyword.internal.KeywordMain.runKeyword(KeywordMain.groovy:75)
	at com.kms.katalon.core.keyword.builtin.CallTestCaseKeyword.callTestCase(CallTestCaseKeyword.groovy:81)
	at com.kms.katalon.core.keyword.builtin.CallTestCaseKeyword.execute(CallTestCaseKeyword.groovy:44)
	at com.kms.katalon.core.keyword.internal.KeywordExecutor.executeKeywordForPlatform(KeywordExecutor.groovy:74)
	at com.kms.katalon.core.keyword.BuiltinKeywords.callTestCase(BuiltinKeywords.groovy:310)
	at java.base/jdk.internal.reflect.NativeMethodAccessorImpl.invoke0(Native Method)
	at java.base/jdk.internal.reflect.NativeMethodAccessorImpl.invoke(NativeMethodAccessorImpl.java:77)
	at java.base/jdk.internal.reflect.DelegatingMethodAccessorImpl.invoke(DelegatingMethodAccessorImpl.java:43)
	at Script1735747616337.run(Script1735747616337.groovy:22)
	... 15 more
)

03-01-2025T15:13:19 - [MESSAGE][WARNING] - Test object with id 'Object Repository///Toast[@type='error' and @message='Gagal Melakukan Pembayaran!' and @toastId='failed-billing-page']' does not exist

03-01-2025T15:13:19 - [MESSAGE][WARNING] - Test object with id 'Object Repository/' does not exist

03-01-2025T15:13:19 - [MESSAGE][WARNING] - Unable to verify object is present (Root cause: com.kms.katalon.core.exception.StepFailedException: Unable to verify object is present
	at com.kms.katalon.core.webui.keyword.internal.WebUIKeywordMain.stepFailed(WebUIKeywordMain.groovy:117)
	at com.kms.katalon.core.webui.keyword.internal.WebUIKeywordMain.runKeyword(WebUIKeywordMain.groovy:43)
	at com.kms.katalon.core.webui.keyword.builtin.VerifyElementPresentKeyword.verifyElementPresent(VerifyElementPresentKeyword.groovy:92)
	at com.kms.katalon.core.webui.keyword.builtin.VerifyElementPresentKeyword.execute(VerifyElementPresentKeyword.groovy:68)
	at com.kms.katalon.core.keyword.internal.KeywordExecutor.executeKeywordForPlatform(KeywordExecutor.groovy:74)
	at com.kms.katalon.core.webui.keyword.WebUiBuiltInKeywords.verifyElementPresent(WebUiBuiltInKeywords.groovy:1524)
	at Pembayaran Siswa.handlePaymentErrorLoop(Pembayaran Siswa:88)
	at Pembayaran Siswa.run(Pembayaran Siswa:72)
	at com.kms.katalon.core.main.ScriptEngine.run(ScriptEngine.java:194)
	at com.kms.katalon.core.main.ScriptEngine.runScriptAsRawText(ScriptEngine.java:119)
	at com.kms.katalon.core.main.TestCaseExecutor.runScript(TestCaseExecutor.java:448)
	at com.kms.katalon.core.main.TestCaseExecutor.doExecute(TestCaseExecutor.java:439)
	at com.kms.katalon.core.main.TestCaseExecutor.processExecutionPhase(TestCaseExecutor.java:418)
	at com.kms.katalon.core.main.TestCaseExecutor.accessMainPhase(TestCaseExecutor.java:410)
	at com.kms.katalon.core.main.TestCaseExecutor.execute(TestCaseExecutor.java:285)
	at com.kms.katalon.core.main.TestCaseMain.runTestCase(TestCaseMain.java:133)
	at com.kms.katalon.core.keyword.builtin.CallTestCaseKeyword$_callTestCase_closure1.doCall(CallTestCaseKeyword.groovy:59)
	at com.kms.katalon.core.keyword.builtin.CallTestCaseKeyword$_callTestCase_closure1.call(CallTestCaseKeyword.groovy)
	at com.kms.katalon.core.keyword.internal.KeywordMain.runKeyword(KeywordMain.groovy:75)
	at com.kms.katalon.core.keyword.builtin.CallTestCaseKeyword.callTestCase(CallTestCaseKeyword.groovy:81)
	at com.kms.katalon.core.keyword.builtin.CallTestCaseKeyword.execute(CallTestCaseKeyword.groovy:44)
	at com.kms.katalon.core.keyword.internal.KeywordExecutor.executeKeywordForPlatform(KeywordExecutor.groovy:74)
	at com.kms.katalon.core.keyword.BuiltinKeywords.callTestCase(BuiltinKeywords.groovy:310)
	at java.base/jdk.internal.reflect.NativeMethodAccessorImpl.invoke0(Native Method)
	at java.base/jdk.internal.reflect.NativeMethodAccessorImpl.invoke(NativeMethodAccessorImpl.java:77)
	at java.base/jdk.internal.reflect.DelegatingMethodAccessorImpl.invoke(DelegatingMethodAccessorImpl.java:43)
	at Regresi Pembayaran Siswa.run(Regresi Pembayaran Siswa:22)
	at com.kms.katalon.core.main.ScriptEngine.run(ScriptEngine.java:194)
	at com.kms.katalon.core.main.ScriptEngine.runScriptAsRawText(ScriptEngine.java:119)
	at com.kms.katalon.core.main.TestCaseExecutor.runScript(TestCaseExecutor.java:448)
	at com.kms.katalon.core.main.TestCaseExecutor.doExecute(TestCaseExecutor.java:439)
	at com.kms.katalon.core.main.TestCaseExecutor.processExecutionPhase(TestCaseExecutor.java:418)
	at com.kms.katalon.core.main.TestCaseExecutor.accessMainPhase(TestCaseExecutor.java:410)
	at com.kms.katalon.core.main.TestCaseExecutor.execute(TestCaseExecutor.java:285)
	at com.kms.katalon.core.common.CommonExecutor.accessTestCaseMainPhase(CommonExecutor.java:65)
	at com.kms.katalon.core.main.TestSuiteExecutor.accessTestSuiteMainPhase(TestSuiteExecutor.java:161)
	at com.kms.katalon.core.main.TestSuiteExecutor.execute(TestSuiteExecutor.java:107)
	at com.kms.katalon.core.main.TestCaseMain.startTestSuite(TestCaseMain.java:176)
	at TempTestSuite1735891848116.run(TempTestSuite1735891848116.groovy:35)
	at java.base/jdk.internal.reflect.NativeMethodAccessorImpl.invoke0(Native Method)
	at java.base/jdk.internal.reflect.NativeMethodAccessorImpl.invoke(NativeMethodAccessorImpl.java:77)
	at java.base/jdk.internal.reflect.DelegatingMethodAccessorImpl.invoke(DelegatingMethodAccessorImpl.java:43)
Caused by: java.lang.IllegalArgumentException: Object is null
	at com.kms.katalon.core.helper.KeywordHelper.checkTestObjectParameter(KeywordHelper.java:33)
	at com.kms.katalon.core.webui.keyword.builtin.VerifyElementPresentKeyword$_verifyElementPresent_closure1.doCall(VerifyElementPresentKeyword.groovy:76)
	at com.kms.katalon.core.webui.keyword.builtin.VerifyElementPresentKeyword$_verifyElementPresent_closure1.call(VerifyElementPresentKeyword.groovy)
	at com.kms.katalon.core.webui.keyword.internal.WebUIKeywordMain.runKeyword(WebUIKeywordMain.groovy:35)
	at com.kms.katalon.core.webui.keyword.builtin.VerifyElementPresentKeyword.verifyElementPresent(VerifyElementPresentKeyword.groovy:92)
	at com.kms.katalon.core.webui.keyword.builtin.VerifyElementPresentKeyword.execute(VerifyElementPresentKeyword.groovy:68)
	at com.kms.katalon.core.keyword.internal.KeywordExecutor.executeKeywordForPlatform(KeywordExecutor.groovy:74)
	at com.kms.katalon.core.webui.keyword.WebUiBuiltInKeywords.verifyElementPresent(WebUiBuiltInKeywords.groovy:1524)
	at Script1732261254829.handlePaymentErrorLoop(Script1732261254829.groovy:88)
	at Script1732261254829.run(Script1732261254829.groovy:72)
	at com.kms.katalon.core.main.ScriptEngine.run(ScriptEngine.java:194)
	at com.kms.katalon.core.main.ScriptEngine.runScriptAsRawText(ScriptEngine.java:119)
	at com.kms.katalon.core.main.TestCaseExecutor.runScript(TestCaseExecutor.java:448)
	at com.kms.katalon.core.main.TestCaseExecutor.doExecute(TestCaseExecutor.java:439)
	at com.kms.katalon.core.main.TestCaseExecutor.processExecutionPhase(TestCaseExecutor.java:418)
	at com.kms.katalon.core.main.TestCaseExecutor.accessMainPhase(TestCaseExecutor.java:410)
	at com.kms.katalon.core.main.TestCaseExecutor.execute(TestCaseExecutor.java:285)
	at com.kms.katalon.core.main.TestCaseMain.runTestCase(TestCaseMain.java:133)
	at com.kms.katalon.core.keyword.builtin.CallTestCaseKeyword$_callTestCase_closure1.doCall(CallTestCaseKeyword.groovy:59)
	at com.kms.katalon.core.keyword.builtin.CallTestCaseKeyword$_callTestCase_closure1.call(CallTestCaseKeyword.groovy)
	at com.kms.katalon.core.keyword.internal.KeywordMain.runKeyword(KeywordMain.groovy:75)
	at com.kms.katalon.core.keyword.builtin.CallTestCaseKeyword.callTestCase(CallTestCaseKeyword.groovy:81)
	at com.kms.katalon.core.keyword.builtin.CallTestCaseKeyword.execute(CallTestCaseKeyword.groovy:44)
	at com.kms.katalon.core.keyword.internal.KeywordExecutor.executeKeywordForPlatform(KeywordExecutor.groovy:74)
	at com.kms.katalon.core.keyword.BuiltinKeywords.callTestCase(BuiltinKeywords.groovy:310)
	at java.base/jdk.internal.reflect.NativeMethodAccessorImpl.invoke0(Native Method)
	at java.base/jdk.internal.reflect.NativeMethodAccessorImpl.invoke(NativeMethodAccessorImpl.java:77)
	at java.base/jdk.internal.reflect.DelegatingMethodAccessorImpl.invoke(DelegatingMethodAccessorImpl.java:43)
	at Script1735747616337.run(Script1735747616337.groovy:22)
	... 15 more
)
[[ATTACHMENT|C:\\Users\\henri\\Videos\\school-payment-automation-testing\\Reports\\20250103_151048\\SPRINT 2\\20250103_151048\\1735891999697.png]]

03-01-2025T15:13:19 - [TEST_STEP][PASSED] - if (isErrorDisplayed): null

03-01-2025T15:13:19 - [TEST_STEP][PASSED] - else: null

03-01-2025T15:13:19 - [TEST_STEP][PASSED] - break: null

03-01-2025T15:13:19 - [TEST_STEP][PASSED] - verifyElementVisible(findTestObject("Master Tagihan/Admin Sekolah/Pembayaran Siswa/Homepage/Sub Menu Pembayaran Siswa (1)/Page Sukses Pembayaran Siswa/Toast Notification Berhasil")): Object 'Object Repository/Master Tagihan/Admin Sekolah/Pembayaran Siswa/Homepage/Sub Menu Pembayaran Siswa (1)/Page Sukses Pembayaran Siswa/Toast Notification Berhasil' is visible

03-01-2025T15:13:45 - [MESSAGE][PASSED] - Object 'Object Repository/Master Tagihan/Admin Sekolah/Pembayaran Siswa/Homepage/Sub Menu Pembayaran Siswa (1)/Page Sukses Pembayaran Siswa/Toast Notification Berhasil' is visible

03-01-2025T15:13:45 - [TEST_STEP][PASSED] - click(findTestObject("Master Tagihan/Admin Sekolah/Pembayaran Siswa/Homepage/Sub Menu Pembayaran Siswa (1)/Page Sukses Pembayaran Siswa/Button Cetak")): Object: 'Object Repository/Master Tagihan/Admin Sekolah/Pembayaran Siswa/Homepage/Sub Menu Pembayaran Siswa (1)/Page Sukses Pembayaran Siswa/Button Cetak' is clicked on

03-01-2025T15:13:46 - [MESSAGE][PASSED] - Object: 'Object Repository/Master Tagihan/Admin Sekolah/Pembayaran Siswa/Homepage/Sub Menu Pembayaran Siswa (1)/Page Sukses Pembayaran Siswa/Button Cetak' is clicked on

03-01-2025T15:13:46 - [TEST_STEP][PASSED] - delay(5): Delayed 5 second(s)

03-01-2025T15:13:51 - [MESSAGE][PASSED] - Delayed 5 second(s)

03-01-2025T15:13:51 - [MESSAGE][PASSED] - Call Test Case 'Test Cases/Master Tagihan/Admin Sekolah/Master Tagihan Pembayaran Siswa/Pembayaran Siswa' successfully

03-01-2025T15:13:51 - [TEST_STEP][PASSED] - println("============================= Loop Again ==============================="): null]]></system-out>
         <system-err><![CDATA[]]></system-err>
      </testcase>
      <testcase name="Test Cases/Regresi Feature/Sprint 2/Regresi Riwayat Pembayaran" time="54.549" classname="Test Cases/Regresi Feature/Sprint 2/Regresi Riwayat Pembayaran" status="PASSED">
         <system-out><![CDATA[03-01-2025T15:13:51 - [TEST_CASE][PASSED] - Test Cases/Regresi Feature/Sprint 2/Regresi Riwayat Pembayaran: Test Cases/Regresi Feature/Sprint 2/Regresi Riwayat Pembayaran

03-01-2025T15:13:51 - [TEST_STEP][PASSED] - for ([i = 1, i <= maxLoop, (i++)]): null

03-01-2025T15:13:51 - [TEST_STEP][PASSED] - callTestCase(findTestCase("Test Cases/Master Tagihan/Admin Sekolah/Master Tagihan Riwayat Pembayaran/Detail Riwayat Pembayaran"), [:], CONTINUE_ON_FAILURE): Call Test Case 'Test Cases/Master Tagihan/Admin Sekolah/Master Tagihan Riwayat Pembayaran/Detail Riwayat Pembayaran' successfully

03-01-2025T15:13:51 - [TEST_CASE][PASSED] - Test Cases/Master Tagihan/Admin Sekolah/Master Tagihan Riwayat Pembayaran/Detail Riwayat Pembayaran: Test Cases/Master Tagihan/Admin Sekolah/Master Tagihan Riwayat Pembayaran/Detail Riwayat Pembayaran

03-01-2025T15:13:51 - [TEST_STEP][PASSED] - openBrowser(""): Browser is opened with url: ''

03-01-2025T15:13:51 - [MESSAGE][WARNING] - A browser is already opened. Closing browser and opening a new one

03-01-2025T15:13:51 - [MESSAGE][INFO] - Starting 'Chrome' driver

03-01-2025T15:13:51 - [MESSAGE][INFO] - Action delay is set to 0 milliseconds

03-01-2025T15:13:52 - [MESSAGE][PASSED] - Browser is opened with url: ''

03-01-2025T15:13:52 - [TEST_STEP][PASSED] - navigateToUrl("https://sit.siprusedu.com/login"): Navigate to 'https://sit.siprusedu.com/login' successfully

03-01-2025T15:13:53 - [MESSAGE][PASSED] - Navigate to 'https://sit.siprusedu.com/login' successfully

03-01-2025T15:13:53 - [TEST_STEP][PASSED] - click(findTestObject("Master Data/Admin Sekolah/Login/Field Email")): Object: 'Object Repository/Master Data/Admin Sekolah/Login/Field Email' is clicked on

03-01-2025T15:13:54 - [MESSAGE][PASSED] - Object: 'Object Repository/Master Data/Admin Sekolah/Login/Field Email' is clicked on

03-01-2025T15:13:54 - [TEST_STEP][PASSED] - setText(findTestObject("Master Data/Admin Sekolah/Login/Field Email"), "admin.sekolah@gmail.com"): Text 'admin.sekolah@gmail.com' is set on object 'Object Repository/Master Data/Admin Sekolah/Login/Field Email'

03-01-2025T15:13:55 - [MESSAGE][PASSED] - Text 'admin.sekolah@gmail.com' is set on object 'Object Repository/Master Data/Admin Sekolah/Login/Field Email'

03-01-2025T15:13:55 - [TEST_STEP][PASSED] - click(findTestObject("Master Data/Admin Sekolah/Login/Input Password")): Object: 'Object Repository/Master Data/Admin Sekolah/Login/Input Password' is clicked on

03-01-2025T15:13:55 - [MESSAGE][PASSED] - Object: 'Object Repository/Master Data/Admin Sekolah/Login/Input Password' is clicked on

03-01-2025T15:13:55 - [TEST_STEP][PASSED] - setText(findTestObject("Master Data/Admin Sekolah/Login/Input Password"), "Test1234"): Text 'Test1234' is set on object 'Object Repository/Master Data/Admin Sekolah/Login/Input Password'

03-01-2025T15:13:56 - [MESSAGE][PASSED] - Text 'Test1234' is set on object 'Object Repository/Master Data/Admin Sekolah/Login/Input Password'

03-01-2025T15:13:56 - [TEST_STEP][PASSED] - click(findTestObject("Master Data/Admin Sekolah/Login/Button Submit")): Object: 'Object Repository/Master Data/Admin Sekolah/Login/Button Submit' is clicked on

03-01-2025T15:13:56 - [MESSAGE][PASSED] - Object: 'Object Repository/Master Data/Admin Sekolah/Login/Button Submit' is clicked on

03-01-2025T15:13:56 - [TEST_STEP][PASSED] - click(findTestObject("Master Data/Admin Sekolah/Riwayat Pembayaran/Detail Riwayat Pembayaran/Menu Tagihan")): Object: 'Object Repository/Master Data/Admin Sekolah/Riwayat Pembayaran/Detail Riwayat Pembayaran/Menu Tagihan' is clicked on

03-01-2025T15:13:58 - [MESSAGE][PASSED] - Object: 'Object Repository/Master Data/Admin Sekolah/Riwayat Pembayaran/Detail Riwayat Pembayaran/Menu Tagihan' is clicked on

03-01-2025T15:13:58 - [TEST_STEP][PASSED] - click(findTestObject("Master Data/Admin Sekolah/Riwayat Pembayaran/Detail Riwayat Pembayaran/Riwayat Pembayaran"), STOP_ON_FAILURE): Object: 'Object Repository/Master Data/Admin Sekolah/Riwayat Pembayaran/Detail Riwayat Pembayaran/Riwayat Pembayaran' is clicked on

03-01-2025T15:13:59 - [MESSAGE][PASSED] - Object: 'Object Repository/Master Data/Admin Sekolah/Riwayat Pembayaran/Detail Riwayat Pembayaran/Riwayat Pembayaran' is clicked on

03-01-2025T15:13:59 - [TEST_STEP][PASSED] - click(findTestObject("Master Data/Admin Sekolah/Riwayat Pembayaran/Detail Riwayat Pembayaran/Lihat Detail")): Object: 'Object Repository/Master Data/Admin Sekolah/Riwayat Pembayaran/Detail Riwayat Pembayaran/Lihat Detail' is clicked on

03-01-2025T15:13:59 - [MESSAGE][PASSED] - Object: 'Object Repository/Master Data/Admin Sekolah/Riwayat Pembayaran/Detail Riwayat Pembayaran/Lihat Detail' is clicked on

03-01-2025T15:13:59 - [MESSAGE][PASSED] - Call Test Case 'Test Cases/Master Tagihan/Admin Sekolah/Master Tagihan Riwayat Pembayaran/Detail Riwayat Pembayaran' successfully

03-01-2025T15:13:59 - [TEST_STEP][PASSED] - callTestCase(findTestCase("Test Cases/Master Tagihan/Admin Sekolah/Master Tagihan Riwayat Pembayaran/Filter Riwayat Pembayaran"), [:], CONTINUE_ON_FAILURE): Call Test Case 'Test Cases/Master Tagihan/Admin Sekolah/Master Tagihan Riwayat Pembayaran/Filter Riwayat Pembayaran' successfully

03-01-2025T15:13:59 - [TEST_CASE][PASSED] - Test Cases/Master Tagihan/Admin Sekolah/Master Tagihan Riwayat Pembayaran/Filter Riwayat Pembayaran: Test Cases/Master Tagihan/Admin Sekolah/Master Tagihan Riwayat Pembayaran/Filter Riwayat Pembayaran

03-01-2025T15:13:59 - [TEST_STEP][PASSED] - openBrowser(""): Browser is opened with url: ''

03-01-2025T15:13:59 - [MESSAGE][WARNING] - A browser is already opened. Closing browser and opening a new one

03-01-2025T15:14:00 - [MESSAGE][INFO] - Starting 'Chrome' driver

03-01-2025T15:14:00 - [MESSAGE][INFO] - Action delay is set to 0 milliseconds

03-01-2025T15:14:00 - [MESSAGE][PASSED] - Browser is opened with url: ''

03-01-2025T15:14:00 - [TEST_STEP][PASSED] - navigateToUrl("https://sit.siprusedu.com/login"): Navigate to 'https://sit.siprusedu.com/login' successfully

03-01-2025T15:14:01 - [MESSAGE][PASSED] - Navigate to 'https://sit.siprusedu.com/login' successfully

03-01-2025T15:14:01 - [TEST_STEP][PASSED] - click(findTestObject("Master Data/Admin Sekolah/Login/Field Email")): Object: 'Object Repository/Master Data/Admin Sekolah/Login/Field Email' is clicked on

03-01-2025T15:14:02 - [MESSAGE][PASSED] - Object: 'Object Repository/Master Data/Admin Sekolah/Login/Field Email' is clicked on

03-01-2025T15:14:02 - [TEST_STEP][PASSED] - setText(findTestObject("Master Data/Admin Sekolah/Login/Field Email"), "admin.sekolah@gmail.com"): Text 'admin.sekolah@gmail.com' is set on object 'Object Repository/Master Data/Admin Sekolah/Login/Field Email'

03-01-2025T15:14:03 - [MESSAGE][PASSED] - Text 'admin.sekolah@gmail.com' is set on object 'Object Repository/Master Data/Admin Sekolah/Login/Field Email'

03-01-2025T15:14:03 - [TEST_STEP][PASSED] - click(findTestObject("Master Data/Admin Sekolah/Login/Input Password")): Object: 'Object Repository/Master Data/Admin Sekolah/Login/Input Password' is clicked on

03-01-2025T15:14:03 - [MESSAGE][PASSED] - Object: 'Object Repository/Master Data/Admin Sekolah/Login/Input Password' is clicked on

03-01-2025T15:14:03 - [TEST_STEP][PASSED] - setText(findTestObject("Master Data/Admin Sekolah/Login/Input Password"), "Test1234"): Text 'Test1234' is set on object 'Object Repository/Master Data/Admin Sekolah/Login/Input Password'

03-01-2025T15:14:04 - [MESSAGE][PASSED] - Text 'Test1234' is set on object 'Object Repository/Master Data/Admin Sekolah/Login/Input Password'

03-01-2025T15:14:04 - [TEST_STEP][PASSED] - click(findTestObject("Master Data/Admin Sekolah/Login/Button Submit")): Object: 'Object Repository/Master Data/Admin Sekolah/Login/Button Submit' is clicked on

03-01-2025T15:14:04 - [MESSAGE][PASSED] - Object: 'Object Repository/Master Data/Admin Sekolah/Login/Button Submit' is clicked on

03-01-2025T15:14:04 - [TEST_STEP][PASSED] - click(findTestObject("Master Data/Admin Sekolah/Riwayat Pembayaran/Detail Riwayat Pembayaran/Menu Tagihan")): Object: 'Object Repository/Master Data/Admin Sekolah/Riwayat Pembayaran/Detail Riwayat Pembayaran/Menu Tagihan' is clicked on

03-01-2025T15:14:06 - [MESSAGE][PASSED] - Object: 'Object Repository/Master Data/Admin Sekolah/Riwayat Pembayaran/Detail Riwayat Pembayaran/Menu Tagihan' is clicked on

03-01-2025T15:14:06 - [TEST_STEP][PASSED] - click(findTestObject("Master Data/Admin Sekolah/Riwayat Pembayaran/Detail Riwayat Pembayaran/Riwayat Pembayaran"), STOP_ON_FAILURE): Object: 'Object Repository/Master Data/Admin Sekolah/Riwayat Pembayaran/Detail Riwayat Pembayaran/Riwayat Pembayaran' is clicked on

03-01-2025T15:14:06 - [MESSAGE][PASSED] - Object: 'Object Repository/Master Data/Admin Sekolah/Riwayat Pembayaran/Detail Riwayat Pembayaran/Riwayat Pembayaran' is clicked on

03-01-2025T15:14:06 - [TEST_STEP][PASSED] - click(findTestObject("Master Data/Admin Sekolah/Riwayat Pembayaran/Filter dan Search Riwayat Pembayaran/Status Pembayaran")): Object: 'Object Repository/Master Data/Admin Sekolah/Riwayat Pembayaran/Filter dan Search Riwayat Pembayaran/Status Pembayaran' is clicked on

03-01-2025T15:14:07 - [MESSAGE][PASSED] - Object: 'Object Repository/Master Data/Admin Sekolah/Riwayat Pembayaran/Filter dan Search Riwayat Pembayaran/Status Pembayaran' is clicked on

03-01-2025T15:14:07 - [TEST_STEP][PASSED] - click(findTestObject("Master Data/Admin Sekolah/Riwayat Pembayaran/Filter dan Search Riwayat Pembayaran/Menunggu")): Object: 'Object Repository/Master Data/Admin Sekolah/Riwayat Pembayaran/Filter dan Search Riwayat Pembayaran/Menunggu' is clicked on

03-01-2025T15:14:08 - [MESSAGE][PASSED] - Object: 'Object Repository/Master Data/Admin Sekolah/Riwayat Pembayaran/Filter dan Search Riwayat Pembayaran/Menunggu' is clicked on

03-01-2025T15:14:08 - [TEST_STEP][PASSED] - click(findTestObject("Master Data/Admin Sekolah/Riwayat Pembayaran/Filter dan Search Riwayat Pembayaran/Terapkan")): Object: 'Object Repository/Master Data/Admin Sekolah/Riwayat Pembayaran/Filter dan Search Riwayat Pembayaran/Terapkan' is clicked on

03-01-2025T15:14:08 - [MESSAGE][PASSED] - Object: 'Object Repository/Master Data/Admin Sekolah/Riwayat Pembayaran/Filter dan Search Riwayat Pembayaran/Terapkan' is clicked on

03-01-2025T15:14:08 - [MESSAGE][PASSED] - Call Test Case 'Test Cases/Master Tagihan/Admin Sekolah/Master Tagihan Riwayat Pembayaran/Filter Riwayat Pembayaran' successfully

03-01-2025T15:14:08 - [TEST_STEP][PASSED] - callTestCase(findTestCase("Test Cases/Master Tagihan/Admin Sekolah/Master Tagihan Riwayat Pembayaran/Search Riwayat Pembayaran"), [:], CONTINUE_ON_FAILURE): Call Test Case 'Test Cases/Master Tagihan/Admin Sekolah/Master Tagihan Riwayat Pembayaran/Search Riwayat Pembayaran' successfully

03-01-2025T15:14:08 - [TEST_CASE][PASSED] - Test Cases/Master Tagihan/Admin Sekolah/Master Tagihan Riwayat Pembayaran/Search Riwayat Pembayaran: Test Cases/Master Tagihan/Admin Sekolah/Master Tagihan Riwayat Pembayaran/Search Riwayat Pembayaran

03-01-2025T15:14:08 - [TEST_STEP][PASSED] - openBrowser(""): Browser is opened with url: ''

03-01-2025T15:14:08 - [MESSAGE][WARNING] - A browser is already opened. Closing browser and opening a new one

03-01-2025T15:14:08 - [MESSAGE][INFO] - Starting 'Chrome' driver

03-01-2025T15:14:08 - [MESSAGE][INFO] - Action delay is set to 0 milliseconds

03-01-2025T15:14:09 - [MESSAGE][PASSED] - Browser is opened with url: ''

03-01-2025T15:14:09 - [TEST_STEP][PASSED] - navigateToUrl("https://sit.siprusedu.com/login"): Navigate to 'https://sit.siprusedu.com/login' successfully

03-01-2025T15:14:10 - [MESSAGE][PASSED] - Navigate to 'https://sit.siprusedu.com/login' successfully

03-01-2025T15:14:10 - [TEST_STEP][PASSED] - click(findTestObject("Master Data/Admin Sekolah/Login/Field Email")): Object: 'Object Repository/Master Data/Admin Sekolah/Login/Field Email' is clicked on

03-01-2025T15:14:11 - [MESSAGE][PASSED] - Object: 'Object Repository/Master Data/Admin Sekolah/Login/Field Email' is clicked on

03-01-2025T15:14:11 - [TEST_STEP][PASSED] - setText(findTestObject("Master Data/Admin Sekolah/Login/Field Email"), "admin.sekolah@gmail.com"): Text 'admin.sekolah@gmail.com' is set on object 'Object Repository/Master Data/Admin Sekolah/Login/Field Email'

03-01-2025T15:14:12 - [MESSAGE][PASSED] - Text 'admin.sekolah@gmail.com' is set on object 'Object Repository/Master Data/Admin Sekolah/Login/Field Email'

03-01-2025T15:14:12 - [TEST_STEP][PASSED] - click(findTestObject("Master Data/Admin Sekolah/Login/Input Password")): Object: 'Object Repository/Master Data/Admin Sekolah/Login/Input Password' is clicked on

03-01-2025T15:14:12 - [MESSAGE][PASSED] - Object: 'Object Repository/Master Data/Admin Sekolah/Login/Input Password' is clicked on

03-01-2025T15:14:12 - [TEST_STEP][PASSED] - setText(findTestObject("Master Data/Admin Sekolah/Login/Input Password"), "Test1234"): Text 'Test1234' is set on object 'Object Repository/Master Data/Admin Sekolah/Login/Input Password'

03-01-2025T15:14:13 - [MESSAGE][PASSED] - Text 'Test1234' is set on object 'Object Repository/Master Data/Admin Sekolah/Login/Input Password'

03-01-2025T15:14:13 - [TEST_STEP][PASSED] - click(findTestObject("Master Data/Admin Sekolah/Login/Button Submit")): Object: 'Object Repository/Master Data/Admin Sekolah/Login/Button Submit' is clicked on

03-01-2025T15:14:13 - [MESSAGE][PASSED] - Object: 'Object Repository/Master Data/Admin Sekolah/Login/Button Submit' is clicked on

03-01-2025T15:14:13 - [TEST_STEP][PASSED] - click(findTestObject("Master Data/Admin Sekolah/Riwayat Pembayaran/Detail Riwayat Pembayaran/Menu Tagihan")): Object: 'Object Repository/Master Data/Admin Sekolah/Riwayat Pembayaran/Detail Riwayat Pembayaran/Menu Tagihan' is clicked on

03-01-2025T15:14:15 - [MESSAGE][PASSED] - Object: 'Object Repository/Master Data/Admin Sekolah/Riwayat Pembayaran/Detail Riwayat Pembayaran/Menu Tagihan' is clicked on

03-01-2025T15:14:15 - [TEST_STEP][PASSED] - click(findTestObject("Master Data/Admin Sekolah/Riwayat Pembayaran/Detail Riwayat Pembayaran/Riwayat Pembayaran"), STOP_ON_FAILURE): Object: 'Object Repository/Master Data/Admin Sekolah/Riwayat Pembayaran/Detail Riwayat Pembayaran/Riwayat Pembayaran' is clicked on

03-01-2025T15:14:34 - [MESSAGE][PASSED] - Object: 'Object Repository/Master Data/Admin Sekolah/Riwayat Pembayaran/Detail Riwayat Pembayaran/Riwayat Pembayaran' is clicked on

03-01-2025T15:14:34 - [TEST_STEP][PASSED] - click(findTestObject("Master Data/Admin Sekolah/Riwayat Pembayaran/Filter dan Search Riwayat Pembayaran/Input Nama")): Object: 'Object Repository/Master Data/Admin Sekolah/Riwayat Pembayaran/Filter dan Search Riwayat Pembayaran/Input Nama' is clicked on

03-01-2025T15:14:35 - [MESSAGE][PASSED] - Object: 'Object Repository/Master Data/Admin Sekolah/Riwayat Pembayaran/Filter dan Search Riwayat Pembayaran/Input Nama' is clicked on

03-01-2025T15:14:35 - [TEST_STEP][PASSED] - setText(findTestObject("Master Data/Admin Sekolah/Riwayat Pembayaran/Filter dan Search Riwayat Pembayaran/Input Nama"), "danu"): Text 'danu' is set on object 'Object Repository/Master Data/Admin Sekolah/Riwayat Pembayaran/Filter dan Search Riwayat Pembayaran/Input Nama'

03-01-2025T15:14:35 - [MESSAGE][PASSED] - Text 'danu' is set on object 'Object Repository/Master Data/Admin Sekolah/Riwayat Pembayaran/Filter dan Search Riwayat Pembayaran/Input Nama'

03-01-2025T15:14:35 - [TEST_STEP][PASSED] - click(findTestObject("Master Data/Admin Sekolah/Riwayat Pembayaran/Filter dan Search Riwayat Pembayaran/danu")): Object: 'Object Repository/Master Data/Admin Sekolah/Riwayat Pembayaran/Filter dan Search Riwayat Pembayaran/danu' is clicked on

03-01-2025T15:14:37 - [MESSAGE][PASSED] - Object: 'Object Repository/Master Data/Admin Sekolah/Riwayat Pembayaran/Filter dan Search Riwayat Pembayaran/danu' is clicked on

03-01-2025T15:14:37 - [TEST_STEP][PASSED] - click(findTestObject("Master Data/Admin Sekolah/Riwayat Pembayaran/Filter dan Search Riwayat Pembayaran/Terapkan")): Object: 'Object Repository/Master Data/Admin Sekolah/Riwayat Pembayaran/Filter dan Search Riwayat Pembayaran/Terapkan' is clicked on

03-01-2025T15:14:37 - [MESSAGE][PASSED] - Object: 'Object Repository/Master Data/Admin Sekolah/Riwayat Pembayaran/Filter dan Search Riwayat Pembayaran/Terapkan' is clicked on

03-01-2025T15:14:37 - [MESSAGE][PASSED] - Call Test Case 'Test Cases/Master Tagihan/Admin Sekolah/Master Tagihan Riwayat Pembayaran/Search Riwayat Pembayaran' successfully

03-01-2025T15:14:37 - [TEST_STEP][PASSED] - callTestCase(findTestCase("Test Cases/Master Tagihan/Admin Sekolah/Master Tagihan Riwayat Pembayaran/Sorting Table Riwayat Pembayaran"), [:], CONTINUE_ON_FAILURE): Call Test Case 'Test Cases/Master Tagihan/Admin Sekolah/Master Tagihan Riwayat Pembayaran/Sorting Table Riwayat Pembayaran' successfully

03-01-2025T15:14:37 - [TEST_CASE][PASSED] - Test Cases/Master Tagihan/Admin Sekolah/Master Tagihan Riwayat Pembayaran/Sorting Table Riwayat Pembayaran: Test Cases/Master Tagihan/Admin Sekolah/Master Tagihan Riwayat Pembayaran/Sorting Table Riwayat Pembayaran

03-01-2025T15:14:37 - [TEST_STEP][PASSED] - openBrowser(""): Browser is opened with url: ''

03-01-2025T15:14:37 - [MESSAGE][WARNING] - A browser is already opened. Closing browser and opening a new one

03-01-2025T15:14:38 - [MESSAGE][INFO] - Starting 'Chrome' driver

03-01-2025T15:14:38 - [MESSAGE][INFO] - Action delay is set to 0 milliseconds

03-01-2025T15:14:38 - [MESSAGE][PASSED] - Browser is opened with url: ''

03-01-2025T15:14:38 - [TEST_STEP][PASSED] - navigateToUrl("https://sit.siprusedu.com/login"): Navigate to 'https://sit.siprusedu.com/login' successfully

03-01-2025T15:14:39 - [MESSAGE][PASSED] - Navigate to 'https://sit.siprusedu.com/login' successfully

03-01-2025T15:14:39 - [TEST_STEP][PASSED] - click(findTestObject("Master Data/Admin Sekolah/Login/Field Email")): Object: 'Object Repository/Master Data/Admin Sekolah/Login/Field Email' is clicked on

03-01-2025T15:14:40 - [MESSAGE][PASSED] - Object: 'Object Repository/Master Data/Admin Sekolah/Login/Field Email' is clicked on

03-01-2025T15:14:40 - [TEST_STEP][PASSED] - setText(findTestObject("Master Data/Admin Sekolah/Login/Field Email"), "admin.sekolah@gmail.com"): Text 'admin.sekolah@gmail.com' is set on object 'Object Repository/Master Data/Admin Sekolah/Login/Field Email'

03-01-2025T15:14:41 - [MESSAGE][PASSED] - Text 'admin.sekolah@gmail.com' is set on object 'Object Repository/Master Data/Admin Sekolah/Login/Field Email'

03-01-2025T15:14:41 - [TEST_STEP][PASSED] - click(findTestObject("Master Data/Admin Sekolah/Login/Input Password")): Object: 'Object Repository/Master Data/Admin Sekolah/Login/Input Password' is clicked on

03-01-2025T15:14:41 - [MESSAGE][PASSED] - Object: 'Object Repository/Master Data/Admin Sekolah/Login/Input Password' is clicked on

03-01-2025T15:14:41 - [TEST_STEP][PASSED] - setText(findTestObject("Master Data/Admin Sekolah/Login/Input Password"), "Test1234"): Text 'Test1234' is set on object 'Object Repository/Master Data/Admin Sekolah/Login/Input Password'

03-01-2025T15:14:42 - [MESSAGE][PASSED] - Text 'Test1234' is set on object 'Object Repository/Master Data/Admin Sekolah/Login/Input Password'

03-01-2025T15:14:42 - [TEST_STEP][PASSED] - click(findTestObject("Master Data/Admin Sekolah/Login/Button Submit")): Object: 'Object Repository/Master Data/Admin Sekolah/Login/Button Submit' is clicked on

03-01-2025T15:14:42 - [MESSAGE][PASSED] - Object: 'Object Repository/Master Data/Admin Sekolah/Login/Button Submit' is clicked on

03-01-2025T15:14:42 - [TEST_STEP][PASSED] - click(findTestObject("Master Data/Admin Sekolah/Riwayat Pembayaran/Detail Riwayat Pembayaran/Menu Tagihan")): Object: 'Object Repository/Master Data/Admin Sekolah/Riwayat Pembayaran/Detail Riwayat Pembayaran/Menu Tagihan' is clicked on

03-01-2025T15:14:44 - [MESSAGE][PASSED] - Object: 'Object Repository/Master Data/Admin Sekolah/Riwayat Pembayaran/Detail Riwayat Pembayaran/Menu Tagihan' is clicked on

03-01-2025T15:14:44 - [TEST_STEP][PASSED] - click(findTestObject("Master Data/Admin Sekolah/Riwayat Pembayaran/Detail Riwayat Pembayaran/Riwayat Pembayaran"), STOP_ON_FAILURE): Object: 'Object Repository/Master Data/Admin Sekolah/Riwayat Pembayaran/Detail Riwayat Pembayaran/Riwayat Pembayaran' is clicked on

03-01-2025T15:14:45 - [MESSAGE][PASSED] - Object: 'Object Repository/Master Data/Admin Sekolah/Riwayat Pembayaran/Detail Riwayat Pembayaran/Riwayat Pembayaran' is clicked on

03-01-2025T15:14:45 - [TEST_STEP][PASSED] - click(findTestObject("Master Data/Admin Sekolah/Riwayat Pembayaran/Sorting Table Riwayat Pembayaran/Sorting Tanggal")): Object: 'Object Repository/Master Data/Admin Sekolah/Riwayat Pembayaran/Sorting Table Riwayat Pembayaran/Sorting Tanggal' is clicked on

03-01-2025T15:14:45 - [MESSAGE][PASSED] - Object: 'Object Repository/Master Data/Admin Sekolah/Riwayat Pembayaran/Sorting Table Riwayat Pembayaran/Sorting Tanggal' is clicked on

03-01-2025T15:14:45 - [MESSAGE][PASSED] - Call Test Case 'Test Cases/Master Tagihan/Admin Sekolah/Master Tagihan Riwayat Pembayaran/Sorting Table Riwayat Pembayaran' successfully

03-01-2025T15:14:45 - [TEST_STEP][PASSED] - println("============================= Loop Again ==============================="): null]]></system-out>
         <system-err><![CDATA[]]></system-err>
      </testcase>
      <testcase name="Test Cases/Regresi Feature/Sprint 3/Regresi Sumbangan" time="69.228" classname="Test Cases/Regresi Feature/Sprint 3/Regresi Sumbangan" status="PASSED">
         <system-out><![CDATA[03-01-2025T15:14:45 - [TEST_CASE][PASSED] - Test Cases/Regresi Feature/Sprint 3/Regresi Sumbangan: Test Cases/Regresi Feature/Sprint 3/Regresi Sumbangan

03-01-2025T15:14:45 - [TEST_STEP][PASSED] - for ([i = 1, i <= maxLoop, (i++)]): null

03-01-2025T15:14:45 - [TEST_STEP][PASSED] - callTestCase(findTestCase("Test Cases/Master Data/Admin Sekolah/Master Data Sumbangan/Tambah Sumbangan"), [:], CONTINUE_ON_FAILURE): Call Test Case 'Test Cases/Master Data/Admin Sekolah/Master Data Sumbangan/Tambah Sumbangan' successfully

03-01-2025T15:14:45 - [TEST_CASE][PASSED] - Test Cases/Master Data/Admin Sekolah/Master Data Sumbangan/Tambah Sumbangan: Test Cases/Master Data/Admin Sekolah/Master Data Sumbangan/Tambah Sumbangan

03-01-2025T15:14:46 - [TEST_STEP][PASSED] - openBrowser(""): Browser is opened with url: ''

03-01-2025T15:14:46 - [MESSAGE][WARNING] - A browser is already opened. Closing browser and opening a new one

03-01-2025T15:14:46 - [MESSAGE][INFO] - Starting 'Chrome' driver

03-01-2025T15:14:46 - [MESSAGE][INFO] - Action delay is set to 0 milliseconds

03-01-2025T15:14:46 - [MESSAGE][PASSED] - Browser is opened with url: ''

03-01-2025T15:14:46 - [TEST_STEP][PASSED] - navigateToUrl("https://sit.siprusedu.com/login"): Navigate to 'https://sit.siprusedu.com/login' successfully

03-01-2025T15:14:47 - [MESSAGE][PASSED] - Navigate to 'https://sit.siprusedu.com/login' successfully

03-01-2025T15:14:47 - [TEST_STEP][PASSED] - click(findTestObject("Master Data/Admin Sekolah/Login/Field Email")): Object: 'Object Repository/Master Data/Admin Sekolah/Login/Field Email' is clicked on

03-01-2025T15:14:48 - [MESSAGE][PASSED] - Object: 'Object Repository/Master Data/Admin Sekolah/Login/Field Email' is clicked on

03-01-2025T15:14:48 - [TEST_STEP][PASSED] - setText(findTestObject("Master Data/Admin Sekolah/Login/Field Email"), "admin.gudangsolusi@digiform.co.id"): Text 'admin.gudangsolusi@digiform.co.id' is set on object 'Object Repository/Master Data/Admin Sekolah/Login/Field Email'

03-01-2025T15:14:49 - [MESSAGE][PASSED] - Text 'admin.gudangsolusi@digiform.co.id' is set on object 'Object Repository/Master Data/Admin Sekolah/Login/Field Email'

03-01-2025T15:14:49 - [TEST_STEP][PASSED] - click(findTestObject("Master Data/Admin Sekolah/Login/Input Password")): Object: 'Object Repository/Master Data/Admin Sekolah/Login/Input Password' is clicked on

03-01-2025T15:14:49 - [MESSAGE][PASSED] - Object: 'Object Repository/Master Data/Admin Sekolah/Login/Input Password' is clicked on

03-01-2025T15:14:49 - [TEST_STEP][PASSED] - setText(findTestObject("Master Data/Admin Sekolah/Login/Input Password"), "Test1234"): Text 'Test1234' is set on object 'Object Repository/Master Data/Admin Sekolah/Login/Input Password'

03-01-2025T15:14:50 - [MESSAGE][PASSED] - Text 'Test1234' is set on object 'Object Repository/Master Data/Admin Sekolah/Login/Input Password'

03-01-2025T15:14:50 - [TEST_STEP][PASSED] - click(findTestObject("Master Data/Admin Sekolah/Login/Button Submit")): Object: 'Object Repository/Master Data/Admin Sekolah/Login/Button Submit' is clicked on

03-01-2025T15:14:50 - [MESSAGE][PASSED] - Object: 'Object Repository/Master Data/Admin Sekolah/Login/Button Submit' is clicked on

03-01-2025T15:14:50 - [TEST_STEP][PASSED] - delay(1): Delayed 1 second(s)

03-01-2025T15:14:51 - [MESSAGE][PASSED] - Delayed 1 second(s)

03-01-2025T15:14:51 - [TEST_STEP][PASSED] - click(findTestObject("Master Data/Admin Sekolah/Master Data Menu")): Object: 'Object Repository/Master Data/Admin Sekolah/Master Data Menu' is clicked on

03-01-2025T15:15:12 - [MESSAGE][PASSED] - Object: 'Object Repository/Master Data/Admin Sekolah/Master Data Menu' is clicked on

03-01-2025T15:15:12 - [TEST_STEP][PASSED] - delay(1): Delayed 1 second(s)

03-01-2025T15:15:13 - [MESSAGE][PASSED] - Delayed 1 second(s)

03-01-2025T15:15:13 - [TEST_STEP][PASSED] - click(findTestObject("Master Data/Admin Sekolah/Sumbangan/Klik Submenu Sumbangan")): Object: 'Object Repository/Master Data/Admin Sekolah/Sumbangan/Klik Submenu Sumbangan' is clicked on

03-01-2025T15:15:14 - [MESSAGE][PASSED] - Object: 'Object Repository/Master Data/Admin Sekolah/Sumbangan/Klik Submenu Sumbangan' is clicked on

03-01-2025T15:15:14 - [TEST_STEP][PASSED] - delay(1): Delayed 1 second(s)

03-01-2025T15:15:15 - [MESSAGE][PASSED] - Delayed 1 second(s)

03-01-2025T15:15:15 - [TEST_STEP][PASSED] - click(findTestObject("Master Data/Admin Sekolah/Sumbangan/Tambah Sumbangan/Klik Tombol Tambah")): Object: 'Object Repository/Master Data/Admin Sekolah/Sumbangan/Tambah Sumbangan/Klik Tombol Tambah' is clicked on

03-01-2025T15:15:15 - [MESSAGE][PASSED] - Object: 'Object Repository/Master Data/Admin Sekolah/Sumbangan/Tambah Sumbangan/Klik Tombol Tambah' is clicked on

03-01-2025T15:15:15 - [TEST_STEP][PASSED] - delay(1): Delayed 1 second(s)

03-01-2025T15:15:16 - [MESSAGE][PASSED] - Delayed 1 second(s)

03-01-2025T15:15:16 - [TEST_STEP][PASSED] - click(findTestObject("Master Data/Admin Sekolah/Sumbangan/Tambah Sumbangan/Field Nama Sumbangan")): Object: 'Object Repository/Master Data/Admin Sekolah/Sumbangan/Tambah Sumbangan/Field Nama Sumbangan' is clicked on

03-01-2025T15:15:17 - [MESSAGE][PASSED] - Object: 'Object Repository/Master Data/Admin Sekolah/Sumbangan/Tambah Sumbangan/Field Nama Sumbangan' is clicked on

03-01-2025T15:15:17 - [TEST_STEP][PASSED] - namaSumbangan = ["Sumbangan Paralympics", "Sumbangan Mata Sharingan Untuk Agus", "Sumbangan Orang Meninggal", "Sumbangan Guru"]: null

03-01-2025T15:15:17 - [TEST_STEP][PASSED] - randomSumbangan = namaSumbangan[Random().nextInt(length)]: null

03-01-2025T15:15:17 - [TEST_STEP][PASSED] - setText(findTestObject("Master Data/Admin Sekolah/Sumbangan/Tambah Sumbangan/Field Nama Sumbangan"), randomSumbangan): Text 'Sumbangan Guru' is set on object 'Object Repository/Master Data/Admin Sekolah/Sumbangan/Tambah Sumbangan/Field Nama Sumbangan'

03-01-2025T15:15:17 - [MESSAGE][PASSED] - Text 'Sumbangan Guru' is set on object 'Object Repository/Master Data/Admin Sekolah/Sumbangan/Tambah Sumbangan/Field Nama Sumbangan'

03-01-2025T15:15:17 - [TEST_STEP][PASSED] - click(findTestObject("Master Data/Admin Sekolah/Sumbangan/Tambah Sumbangan/Field Rekening/Dropdown Rekening")): Object: 'Object Repository/Master Data/Admin Sekolah/Sumbangan/Tambah Sumbangan/Field Rekening/Dropdown Rekening' is clicked on

03-01-2025T15:15:17 - [MESSAGE][PASSED] - Object: 'Object Repository/Master Data/Admin Sekolah/Sumbangan/Tambah Sumbangan/Field Rekening/Dropdown Rekening' is clicked on

03-01-2025T15:15:17 - [TEST_STEP][PASSED] - delay(1): Delayed 1 second(s)

03-01-2025T15:15:18 - [MESSAGE][PASSED] - Delayed 1 second(s)

03-01-2025T15:15:18 - [TEST_STEP][PASSED] - click(findTestObject("Master Data/Admin Sekolah/Sumbangan/Tambah Sumbangan/Field Rekening/Field Cari Rekening")): Object: 'Object Repository/Master Data/Admin Sekolah/Sumbangan/Tambah Sumbangan/Field Rekening/Field Cari Rekening' is clicked on

03-01-2025T15:15:19 - [MESSAGE][PASSED] - Object: 'Object Repository/Master Data/Admin Sekolah/Sumbangan/Tambah Sumbangan/Field Rekening/Field Cari Rekening' is clicked on

03-01-2025T15:15:19 - [TEST_STEP][PASSED] - setText(findTestObject("Master Data/Admin Sekolah/Sumbangan/Tambah Sumbangan/Field Rekening/Field Cari Rekening"), "BNI"): Text 'BNI' is set on object 'Object Repository/Master Data/Admin Sekolah/Sumbangan/Tambah Sumbangan/Field Rekening/Field Cari Rekening'

03-01-2025T15:15:19 - [MESSAGE][PASSED] - Text 'BNI' is set on object 'Object Repository/Master Data/Admin Sekolah/Sumbangan/Tambah Sumbangan/Field Rekening/Field Cari Rekening'

03-01-2025T15:15:19 - [TEST_STEP][PASSED] - delay(1): Delayed 1 second(s)

03-01-2025T15:15:20 - [MESSAGE][PASSED] - Delayed 1 second(s)

03-01-2025T15:15:20 - [TEST_STEP][PASSED] - click(findTestObject("Master Data/Admin Sekolah/Sumbangan/Tambah Sumbangan/Field Rekening/Cari Rekening Sumbangan")): Object: 'Object Repository/Master Data/Admin Sekolah/Sumbangan/Tambah Sumbangan/Field Rekening/Cari Rekening Sumbangan' is clicked on

03-01-2025T15:15:20 - [MESSAGE][PASSED] - Object: 'Object Repository/Master Data/Admin Sekolah/Sumbangan/Tambah Sumbangan/Field Rekening/Cari Rekening Sumbangan' is clicked on

03-01-2025T15:15:20 - [TEST_STEP][PASSED] - delay(1): Delayed 1 second(s)

03-01-2025T15:15:21 - [MESSAGE][PASSED] - Delayed 1 second(s)

03-01-2025T15:15:21 - [TEST_STEP][PASSED] - click(findTestObject("Master Data/Admin Sekolah/Sumbangan/Tambah Sumbangan/Dropdown Unit")): Object: 'Object Repository/Master Data/Admin Sekolah/Sumbangan/Tambah Sumbangan/Dropdown Unit' is clicked on

03-01-2025T15:15:22 - [MESSAGE][PASSED] - Object: 'Object Repository/Master Data/Admin Sekolah/Sumbangan/Tambah Sumbangan/Dropdown Unit' is clicked on

03-01-2025T15:15:22 - [TEST_STEP][PASSED] - delay(1): Delayed 1 second(s)

03-01-2025T15:15:23 - [MESSAGE][PASSED] - Delayed 1 second(s)

03-01-2025T15:15:23 - [TEST_STEP][PASSED] - click(findTestObject("Master Data/Admin Sekolah/Sumbangan/Tambah Sumbangan/Pilih Unit")): Object: 'Object Repository/Master Data/Admin Sekolah/Sumbangan/Tambah Sumbangan/Pilih Unit' is clicked on

03-01-2025T15:15:23 - [MESSAGE][PASSED] - Object: 'Object Repository/Master Data/Admin Sekolah/Sumbangan/Tambah Sumbangan/Pilih Unit' is clicked on

03-01-2025T15:15:23 - [TEST_STEP][PASSED] - delay(1): Delayed 1 second(s)

03-01-2025T15:15:24 - [MESSAGE][PASSED] - Delayed 1 second(s)

03-01-2025T15:15:24 - [TEST_STEP][PASSED] - click(findTestObject("Master Data/Admin Sekolah/Sumbangan/Tambah Sumbangan/Tombol Tambahkan")): Object: 'Object Repository/Master Data/Admin Sekolah/Sumbangan/Tambah Sumbangan/Tombol Tambahkan' is clicked on

03-01-2025T15:15:24 - [MESSAGE][PASSED] - Object: 'Object Repository/Master Data/Admin Sekolah/Sumbangan/Tambah Sumbangan/Tombol Tambahkan' is clicked on

03-01-2025T15:15:24 - [TEST_STEP][PASSED] - closeBrowser(): Browser is closed

03-01-2025T15:15:24 - [MESSAGE][PASSED] - Browser is closed

03-01-2025T15:15:24 - [MESSAGE][PASSED] - Call Test Case 'Test Cases/Master Data/Admin Sekolah/Master Data Sumbangan/Tambah Sumbangan' successfully

03-01-2025T15:15:24 - [TEST_STEP][PASSED] - callTestCase(findTestCase("Test Cases/Master Data/Admin Sekolah/Master Data Sumbangan/Delete Sumbangan"), [:], CONTINUE_ON_FAILURE): Call Test Case 'Test Cases/Master Data/Admin Sekolah/Master Data Sumbangan/Delete Sumbangan' successfully

03-01-2025T15:15:24 - [TEST_CASE][PASSED] - Test Cases/Master Data/Admin Sekolah/Master Data Sumbangan/Delete Sumbangan: Test Cases/Master Data/Admin Sekolah/Master Data Sumbangan/Delete Sumbangan

03-01-2025T15:15:24 - [TEST_STEP][PASSED] - openBrowser(""): Browser is opened with url: ''

03-01-2025T15:15:24 - [MESSAGE][INFO] - Starting 'Chrome' driver

03-01-2025T15:15:24 - [MESSAGE][INFO] - Action delay is set to 0 milliseconds

03-01-2025T15:15:25 - [MESSAGE][PASSED] - Browser is opened with url: ''

03-01-2025T15:15:25 - [TEST_STEP][PASSED] - navigateToUrl("https://sit.siprusedu.com/login"): Navigate to 'https://sit.siprusedu.com/login' successfully

03-01-2025T15:15:26 - [MESSAGE][PASSED] - Navigate to 'https://sit.siprusedu.com/login' successfully

03-01-2025T15:15:26 - [TEST_STEP][PASSED] - click(findTestObject("Master Data/Admin Sekolah/Login/Field Email")): Object: 'Object Repository/Master Data/Admin Sekolah/Login/Field Email' is clicked on

03-01-2025T15:15:27 - [MESSAGE][PASSED] - Object: 'Object Repository/Master Data/Admin Sekolah/Login/Field Email' is clicked on

03-01-2025T15:15:27 - [TEST_STEP][PASSED] - setText(findTestObject("Master Data/Admin Sekolah/Login/Field Email"), "admin.gudangsolusi@digiform.co.id"): Text 'admin.gudangsolusi@digiform.co.id' is set on object 'Object Repository/Master Data/Admin Sekolah/Login/Field Email'

03-01-2025T15:15:28 - [MESSAGE][PASSED] - Text 'admin.gudangsolusi@digiform.co.id' is set on object 'Object Repository/Master Data/Admin Sekolah/Login/Field Email'

03-01-2025T15:15:28 - [TEST_STEP][PASSED] - click(findTestObject("Master Data/Admin Sekolah/Login/Input Password")): Object: 'Object Repository/Master Data/Admin Sekolah/Login/Input Password' is clicked on

03-01-2025T15:15:28 - [MESSAGE][PASSED] - Object: 'Object Repository/Master Data/Admin Sekolah/Login/Input Password' is clicked on

03-01-2025T15:15:28 - [TEST_STEP][PASSED] - setText(findTestObject("Master Data/Admin Sekolah/Login/Input Password"), "Test1234"): Text 'Test1234' is set on object 'Object Repository/Master Data/Admin Sekolah/Login/Input Password'

03-01-2025T15:15:29 - [MESSAGE][PASSED] - Text 'Test1234' is set on object 'Object Repository/Master Data/Admin Sekolah/Login/Input Password'

03-01-2025T15:15:29 - [TEST_STEP][PASSED] - click(findTestObject("Master Data/Admin Sekolah/Login/Button Submit")): Object: 'Object Repository/Master Data/Admin Sekolah/Login/Button Submit' is clicked on

03-01-2025T15:15:29 - [MESSAGE][PASSED] - Object: 'Object Repository/Master Data/Admin Sekolah/Login/Button Submit' is clicked on

03-01-2025T15:15:29 - [TEST_STEP][PASSED] - delay(1): Delayed 1 second(s)

03-01-2025T15:15:30 - [MESSAGE][PASSED] - Delayed 1 second(s)

03-01-2025T15:15:30 - [TEST_STEP][PASSED] - click(findTestObject("Master Data/Admin Sekolah/Master Data Menu")): Object: 'Object Repository/Master Data/Admin Sekolah/Master Data Menu' is clicked on

03-01-2025T15:15:50 - [MESSAGE][PASSED] - Object: 'Object Repository/Master Data/Admin Sekolah/Master Data Menu' is clicked on

03-01-2025T15:15:50 - [TEST_STEP][PASSED] - delay(1): Delayed 1 second(s)

03-01-2025T15:15:51 - [MESSAGE][PASSED] - Delayed 1 second(s)

03-01-2025T15:15:51 - [TEST_STEP][PASSED] - click(findTestObject("Master Data/Admin Sekolah/Sumbangan/Klik Submenu Sumbangan")): Object: 'Object Repository/Master Data/Admin Sekolah/Sumbangan/Klik Submenu Sumbangan' is clicked on

03-01-2025T15:15:52 - [MESSAGE][PASSED] - Object: 'Object Repository/Master Data/Admin Sekolah/Sumbangan/Klik Submenu Sumbangan' is clicked on

03-01-2025T15:15:52 - [TEST_STEP][PASSED] - delay(1): Delayed 1 second(s)

03-01-2025T15:15:53 - [MESSAGE][PASSED] - Delayed 1 second(s)

03-01-2025T15:15:53 - [TEST_STEP][PASSED] - click(findTestObject("Master Data/Admin Sekolah/Sumbangan/Delete Sumbangan/Delete")): Object: 'Object Repository/Master Data/Admin Sekolah/Sumbangan/Delete Sumbangan/Delete' is clicked on

03-01-2025T15:15:53 - [MESSAGE][PASSED] - Object: 'Object Repository/Master Data/Admin Sekolah/Sumbangan/Delete Sumbangan/Delete' is clicked on

03-01-2025T15:15:53 - [TEST_STEP][PASSED] - delay(1): Delayed 1 second(s)

03-01-2025T15:15:54 - [MESSAGE][PASSED] - Delayed 1 second(s)

03-01-2025T15:15:54 - [TEST_STEP][PASSED] - click(findTestObject("Master Data/Admin Sekolah/Sumbangan/Delete Sumbangan/Pop Up Message")): Object: 'Object Repository/Master Data/Admin Sekolah/Sumbangan/Delete Sumbangan/Pop Up Message' is clicked on

03-01-2025T15:15:54 - [MESSAGE][PASSED] - Object: 'Object Repository/Master Data/Admin Sekolah/Sumbangan/Delete Sumbangan/Pop Up Message' is clicked on

03-01-2025T15:15:54 - [TEST_STEP][PASSED] - closeBrowser(): Browser is closed

03-01-2025T15:15:55 - [MESSAGE][PASSED] - Browser is closed

03-01-2025T15:15:55 - [MESSAGE][PASSED] - Call Test Case 'Test Cases/Master Data/Admin Sekolah/Master Data Sumbangan/Delete Sumbangan' successfully

03-01-2025T15:15:55 - [TEST_STEP][PASSED] - println("============================= Loop Again ==============================="): null]]></system-out>
         <system-err><![CDATA[]]></system-err>
      </testcase>
      <testcase name="Test Cases/Regresi Feature/Sprint 2/Regresi Tagihan" time="49.951" classname="Test Cases/Regresi Feature/Sprint 2/Regresi Tagihan" status="PASSED">
         <system-out><![CDATA[03-01-2025T15:15:55 - [TEST_CASE][PASSED] - Test Cases/Regresi Feature/Sprint 2/Regresi Tagihan: Test Cases/Regresi Feature/Sprint 2/Regresi Tagihan

03-01-2025T15:15:55 - [TEST_STEP][PASSED] - for ([i = 1, i <= maxLoop, (i++)]): null

03-01-2025T15:15:55 - [TEST_STEP][PASSED] - callTestCase(findTestCase("Test Cases/Master Data/Admin Sekolah/Master Data Tagihan/Filter Tagihan"), [:], CONTINUE_ON_FAILURE): Call Test Case 'Test Cases/Master Data/Admin Sekolah/Master Data Tagihan/Filter Tagihan' successfully

03-01-2025T15:15:55 - [TEST_CASE][PASSED] - Test Cases/Master Data/Admin Sekolah/Master Data Tagihan/Filter Tagihan: Test Cases/Master Data/Admin Sekolah/Master Data Tagihan/Filter Tagihan

03-01-2025T15:15:55 - [TEST_STEP][PASSED] - openBrowser("", CONTINUE_ON_FAILURE): Browser is opened with url: ''

03-01-2025T15:15:55 - [MESSAGE][INFO] - Starting 'Chrome' driver

03-01-2025T15:15:55 - [MESSAGE][INFO] - Action delay is set to 0 milliseconds

03-01-2025T15:15:55 - [MESSAGE][PASSED] - Browser is opened with url: ''

03-01-2025T15:15:55 - [TEST_STEP][PASSED] - navigateToUrl("https://sit.siprusedu.com/login", CONTINUE_ON_FAILURE): Navigate to 'https://sit.siprusedu.com/login' successfully

03-01-2025T15:15:56 - [MESSAGE][PASSED] - Navigate to 'https://sit.siprusedu.com/login' successfully

03-01-2025T15:15:56 - [TEST_STEP][PASSED] - click(findTestObject("Master Data/Admin Sekolah/Login/Field Email"), CONTINUE_ON_FAILURE): Object: 'Object Repository/Master Data/Admin Sekolah/Login/Field Email' is clicked on

03-01-2025T15:15:58 - [MESSAGE][PASSED] - Object: 'Object Repository/Master Data/Admin Sekolah/Login/Field Email' is clicked on

03-01-2025T15:15:58 - [TEST_STEP][PASSED] - setText(findTestObject("Master Data/Admin Sekolah/Login/Field Email"), "admin.gudangsolusi@digiform.co.id", CONTINUE_ON_FAILURE): Text 'admin.gudangsolusi@digiform.co.id' is set on object 'Object Repository/Master Data/Admin Sekolah/Login/Field Email'

03-01-2025T15:15:58 - [MESSAGE][PASSED] - Text 'admin.gudangsolusi@digiform.co.id' is set on object 'Object Repository/Master Data/Admin Sekolah/Login/Field Email'

03-01-2025T15:15:58 - [TEST_STEP][PASSED] - delay(1, CONTINUE_ON_FAILURE): Delayed 1 second(s)

03-01-2025T15:15:59 - [MESSAGE][PASSED] - Delayed 1 second(s)

03-01-2025T15:15:59 - [TEST_STEP][PASSED] - click(findTestObject("Master Data/Admin Sekolah/Login/Input Password"), CONTINUE_ON_FAILURE): Object: 'Object Repository/Master Data/Admin Sekolah/Login/Input Password' is clicked on

03-01-2025T15:15:59 - [MESSAGE][PASSED] - Object: 'Object Repository/Master Data/Admin Sekolah/Login/Input Password' is clicked on

03-01-2025T15:15:59 - [TEST_STEP][PASSED] - setText(findTestObject("Master Data/Admin Sekolah/Login/Input Password"), "Test1234", CONTINUE_ON_FAILURE): Text 'Test1234' is set on object 'Object Repository/Master Data/Admin Sekolah/Login/Input Password'

03-01-2025T15:16:00 - [MESSAGE][PASSED] - Text 'Test1234' is set on object 'Object Repository/Master Data/Admin Sekolah/Login/Input Password'

03-01-2025T15:16:00 - [TEST_STEP][PASSED] - delay(1, CONTINUE_ON_FAILURE): Delayed 1 second(s)

03-01-2025T15:16:01 - [MESSAGE][PASSED] - Delayed 1 second(s)

03-01-2025T15:16:01 - [TEST_STEP][PASSED] - click(findTestObject("Master Data/Admin Sekolah/Login/Button Submit"), CONTINUE_ON_FAILURE): Object: 'Object Repository/Master Data/Admin Sekolah/Login/Button Submit' is clicked on

03-01-2025T15:16:01 - [MESSAGE][PASSED] - Object: 'Object Repository/Master Data/Admin Sekolah/Login/Button Submit' is clicked on

03-01-2025T15:16:01 - [TEST_STEP][PASSED] - click(findTestObject("Master Data/Admin Sekolah/Lihat Tagihan/Menu Master Data"), CONTINUE_ON_FAILURE): Object: 'Object Repository/Master Data/Admin Sekolah/Lihat Tagihan/Menu Master Data' is clicked on

03-01-2025T15:16:03 - [MESSAGE][PASSED] - Object: 'Object Repository/Master Data/Admin Sekolah/Lihat Tagihan/Menu Master Data' is clicked on

03-01-2025T15:16:03 - [TEST_STEP][PASSED] - delay(1, CONTINUE_ON_FAILURE): Delayed 1 second(s)

03-01-2025T15:16:04 - [MESSAGE][PASSED] - Delayed 1 second(s)

03-01-2025T15:16:04 - [TEST_STEP][PASSED] - click(findTestObject("Master Data/Admin Sekolah/Lihat Tagihan/Menu Tagihan"), CONTINUE_ON_FAILURE): Object: 'Object Repository/Master Data/Admin Sekolah/Lihat Tagihan/Menu Tagihan' is clicked on

03-01-2025T15:16:04 - [MESSAGE][PASSED] - Object: 'Object Repository/Master Data/Admin Sekolah/Lihat Tagihan/Menu Tagihan' is clicked on

03-01-2025T15:16:04 - [TEST_STEP][PASSED] - delay(1, CONTINUE_ON_FAILURE): Delayed 1 second(s)

03-01-2025T15:16:05 - [MESSAGE][PASSED] - Delayed 1 second(s)

03-01-2025T15:16:05 - [TEST_STEP][PASSED] - click(findTestObject("Master Data/Admin Sekolah/Filter Tagihan/Button Filter"), CONTINUE_ON_FAILURE): Object: 'Object Repository/Master Data/Admin Sekolah/Filter Tagihan/Button Filter' is clicked on

03-01-2025T15:16:05 - [MESSAGE][PASSED] - Object: 'Object Repository/Master Data/Admin Sekolah/Filter Tagihan/Button Filter' is clicked on

03-01-2025T15:16:05 - [TEST_STEP][PASSED] - delay(1, CONTINUE_ON_FAILURE): Delayed 1 second(s)

03-01-2025T15:16:06 - [MESSAGE][PASSED] - Delayed 1 second(s)

03-01-2025T15:16:06 - [TEST_STEP][PASSED] - click(findTestObject("Master Data/Admin Sekolah/Filter Tagihan/Select Tipe Tagihan"), CONTINUE_ON_FAILURE): Object: 'Object Repository/Master Data/Admin Sekolah/Filter Tagihan/Select Tipe Tagihan' is clicked on

03-01-2025T15:16:07 - [MESSAGE][PASSED] - Object: 'Object Repository/Master Data/Admin Sekolah/Filter Tagihan/Select Tipe Tagihan' is clicked on

03-01-2025T15:16:07 - [TEST_STEP][PASSED] - delay(1, CONTINUE_ON_FAILURE): Delayed 1 second(s)

03-01-2025T15:16:08 - [MESSAGE][PASSED] - Delayed 1 second(s)

03-01-2025T15:16:08 - [TEST_STEP][PASSED] - click(findTestObject("Master Data/Admin Sekolah/Filter Tagihan/Tagihan Reguler"), CONTINUE_ON_FAILURE): Object: 'Object Repository/Master Data/Admin Sekolah/Filter Tagihan/Tagihan Reguler' is clicked on

03-01-2025T15:16:08 - [MESSAGE][PASSED] - Object: 'Object Repository/Master Data/Admin Sekolah/Filter Tagihan/Tagihan Reguler' is clicked on

03-01-2025T15:16:08 - [TEST_STEP][PASSED] - delay(1, CONTINUE_ON_FAILURE): Delayed 1 second(s)

03-01-2025T15:16:09 - [MESSAGE][PASSED] - Delayed 1 second(s)

03-01-2025T15:16:09 - [TEST_STEP][PASSED] - click(findTestObject("Master Data/Admin Sekolah/Filter Tagihan/Select Rekening Bank"), CONTINUE_ON_FAILURE): Object: 'Object Repository/Master Data/Admin Sekolah/Filter Tagihan/Select Rekening Bank' is clicked on

03-01-2025T15:16:09 - [MESSAGE][PASSED] - Object: 'Object Repository/Master Data/Admin Sekolah/Filter Tagihan/Select Rekening Bank' is clicked on

03-01-2025T15:16:09 - [TEST_STEP][PASSED] - delay(1, CONTINUE_ON_FAILURE): Delayed 1 second(s)

03-01-2025T15:16:10 - [MESSAGE][PASSED] - Delayed 1 second(s)

03-01-2025T15:16:10 - [TEST_STEP][PASSED] - click(findTestObject("Master Data/Admin Sekolah/Filter Tagihan/CIMB"), CONTINUE_ON_FAILURE): Object: 'Object Repository/Master Data/Admin Sekolah/Filter Tagihan/CIMB' is clicked on

03-01-2025T15:16:11 - [MESSAGE][PASSED] - Object: 'Object Repository/Master Data/Admin Sekolah/Filter Tagihan/CIMB' is clicked on

03-01-2025T15:16:11 - [TEST_STEP][PASSED] - delay(1, CONTINUE_ON_FAILURE): Delayed 1 second(s)

03-01-2025T15:16:12 - [MESSAGE][PASSED] - Delayed 1 second(s)

03-01-2025T15:16:12 - [TEST_STEP][PASSED] - click(findTestObject("Master Data/Admin Sekolah/Filter Tagihan/Button Terapkan"), CONTINUE_ON_FAILURE): Object: 'Object Repository/Master Data/Admin Sekolah/Filter Tagihan/Button Terapkan' is clicked on

03-01-2025T15:16:12 - [MESSAGE][PASSED] - Object: 'Object Repository/Master Data/Admin Sekolah/Filter Tagihan/Button Terapkan' is clicked on

03-01-2025T15:16:12 - [MESSAGE][PASSED] - Call Test Case 'Test Cases/Master Data/Admin Sekolah/Master Data Tagihan/Filter Tagihan' successfully

03-01-2025T15:16:12 - [TEST_STEP][PASSED] - callTestCase(findTestCase("Test Cases/Master Data/Admin Sekolah/Master Data Tagihan/Lihat Tagihan"), [:], CONTINUE_ON_FAILURE): Call Test Case 'Test Cases/Master Data/Admin Sekolah/Master Data Tagihan/Lihat Tagihan' successfully

03-01-2025T15:16:12 - [TEST_CASE][PASSED] - Test Cases/Master Data/Admin Sekolah/Master Data Tagihan/Lihat Tagihan: Test Cases/Master Data/Admin Sekolah/Master Data Tagihan/Lihat Tagihan

03-01-2025T15:16:12 - [TEST_STEP][PASSED] - openBrowser("", CONTINUE_ON_FAILURE): Browser is opened with url: ''

03-01-2025T15:16:12 - [MESSAGE][WARNING] - A browser is already opened. Closing browser and opening a new one

03-01-2025T15:16:12 - [MESSAGE][INFO] - Starting 'Chrome' driver

03-01-2025T15:16:12 - [MESSAGE][INFO] - Action delay is set to 0 milliseconds

03-01-2025T15:16:13 - [MESSAGE][PASSED] - Browser is opened with url: ''

03-01-2025T15:16:13 - [TEST_STEP][PASSED] - navigateToUrl("https://sit.siprusedu.com/login", CONTINUE_ON_FAILURE): Navigate to 'https://sit.siprusedu.com/login' successfully

03-01-2025T15:16:13 - [MESSAGE][PASSED] - Navigate to 'https://sit.siprusedu.com/login' successfully

03-01-2025T15:16:13 - [TEST_STEP][PASSED] - click(findTestObject("Master Data/Admin Sekolah/Login/Field Email"), CONTINUE_ON_FAILURE): Object: 'Object Repository/Master Data/Admin Sekolah/Login/Field Email' is clicked on

03-01-2025T15:16:15 - [MESSAGE][PASSED] - Object: 'Object Repository/Master Data/Admin Sekolah/Login/Field Email' is clicked on

03-01-2025T15:16:15 - [TEST_STEP][PASSED] - setText(findTestObject("Master Data/Admin Sekolah/Login/Field Email"), "admin.gudangsolusi@digiform.co.id", CONTINUE_ON_FAILURE): Text 'admin.gudangsolusi@digiform.co.id' is set on object 'Object Repository/Master Data/Admin Sekolah/Login/Field Email'

03-01-2025T15:16:15 - [MESSAGE][PASSED] - Text 'admin.gudangsolusi@digiform.co.id' is set on object 'Object Repository/Master Data/Admin Sekolah/Login/Field Email'

03-01-2025T15:16:15 - [TEST_STEP][PASSED] - click(findTestObject("Master Data/Admin Sekolah/Login/Input Password"), CONTINUE_ON_FAILURE): Object: 'Object Repository/Master Data/Admin Sekolah/Login/Input Password' is clicked on

03-01-2025T15:16:16 - [MESSAGE][PASSED] - Object: 'Object Repository/Master Data/Admin Sekolah/Login/Input Password' is clicked on

03-01-2025T15:16:16 - [TEST_STEP][PASSED] - setText(findTestObject("Master Data/Admin Sekolah/Login/Input Password"), "Test1234", CONTINUE_ON_FAILURE): Text 'Test1234' is set on object 'Object Repository/Master Data/Admin Sekolah/Login/Input Password'

03-01-2025T15:16:16 - [MESSAGE][PASSED] - Text 'Test1234' is set on object 'Object Repository/Master Data/Admin Sekolah/Login/Input Password'

03-01-2025T15:16:16 - [TEST_STEP][PASSED] - click(findTestObject("Master Data/Admin Sekolah/Login/Button Submit"), CONTINUE_ON_FAILURE): Object: 'Object Repository/Master Data/Admin Sekolah/Login/Button Submit' is clicked on

03-01-2025T15:16:16 - [MESSAGE][PASSED] - Object: 'Object Repository/Master Data/Admin Sekolah/Login/Button Submit' is clicked on

03-01-2025T15:16:16 - [TEST_STEP][PASSED] - click(findTestObject("Master Data/Admin Sekolah/Lihat Tagihan/Menu Master Data"), CONTINUE_ON_FAILURE): Object: 'Object Repository/Master Data/Admin Sekolah/Lihat Tagihan/Menu Master Data' is clicked on

03-01-2025T15:16:18 - [MESSAGE][PASSED] - Object: 'Object Repository/Master Data/Admin Sekolah/Lihat Tagihan/Menu Master Data' is clicked on

03-01-2025T15:16:18 - [TEST_STEP][PASSED] - click(findTestObject("Master Data/Admin Sekolah/Lihat Tagihan/Menu Tagihan"), CONTINUE_ON_FAILURE): Object: 'Object Repository/Master Data/Admin Sekolah/Lihat Tagihan/Menu Tagihan' is clicked on

03-01-2025T15:16:19 - [MESSAGE][PASSED] - Object: 'Object Repository/Master Data/Admin Sekolah/Lihat Tagihan/Menu Tagihan' is clicked on

03-01-2025T15:16:19 - [TEST_STEP][PASSED] - delay(1, CONTINUE_ON_FAILURE): Delayed 1 second(s)

03-01-2025T15:16:20 - [MESSAGE][PASSED] - Delayed 1 second(s)

03-01-2025T15:16:20 - [TEST_STEP][PASSED] - click(findTestObject("Master Data/Admin Sekolah/Lihat Tagihan/Button View"), CONTINUE_ON_FAILURE): Object: 'Object Repository/Master Data/Admin Sekolah/Lihat Tagihan/Button View' is clicked on

03-01-2025T15:16:21 - [MESSAGE][PASSED] - Object: 'Object Repository/Master Data/Admin Sekolah/Lihat Tagihan/Button View' is clicked on

03-01-2025T15:16:21 - [MESSAGE][PASSED] - Call Test Case 'Test Cases/Master Data/Admin Sekolah/Master Data Tagihan/Lihat Tagihan' successfully

03-01-2025T15:16:21 - [TEST_STEP][PASSED] - callTestCase(findTestCase("Test Cases/Master Data/Admin Sekolah/Master Data Tagihan/Tambah Tagihan"), [:], CONTINUE_ON_FAILURE): Call Test Case 'Test Cases/Master Data/Admin Sekolah/Master Data Tagihan/Tambah Tagihan' successfully

03-01-2025T15:16:21 - [TEST_CASE][PASSED] - Test Cases/Master Data/Admin Sekolah/Master Data Tagihan/Tambah Tagihan: Test Cases/Master Data/Admin Sekolah/Master Data Tagihan/Tambah Tagihan

03-01-2025T15:16:21 - [TEST_STEP][PASSED] - openBrowser("", CONTINUE_ON_FAILURE): Browser is opened with url: ''

03-01-2025T15:16:21 - [MESSAGE][WARNING] - A browser is already opened. Closing browser and opening a new one

03-01-2025T15:16:21 - [MESSAGE][INFO] - Starting 'Chrome' driver

03-01-2025T15:16:21 - [MESSAGE][INFO] - Action delay is set to 0 milliseconds

03-01-2025T15:16:22 - [MESSAGE][PASSED] - Browser is opened with url: ''

03-01-2025T15:16:22 - [TEST_STEP][PASSED] - navigateToUrl("https://sit.siprusedu.com/login", CONTINUE_ON_FAILURE): Navigate to 'https://sit.siprusedu.com/login' successfully

03-01-2025T15:16:22 - [MESSAGE][PASSED] - Navigate to 'https://sit.siprusedu.com/login' successfully

03-01-2025T15:16:22 - [TEST_STEP][PASSED] - setText(findTestObject("Master Data/Admin Sekolah/Login/Field Email"), "admin.gudangsolusi@digiform.co.id", CONTINUE_ON_FAILURE): Text 'admin.gudangsolusi@digiform.co.id' is set on object 'Object Repository/Master Data/Admin Sekolah/Login/Field Email'

03-01-2025T15:16:24 - [MESSAGE][PASSED] - Text 'admin.gudangsolusi@digiform.co.id' is set on object 'Object Repository/Master Data/Admin Sekolah/Login/Field Email'

03-01-2025T15:16:24 - [TEST_STEP][PASSED] - setText(findTestObject("Master Data/Admin Sekolah/Login/Input Password"), "Test1234", CONTINUE_ON_FAILURE): Text 'Test1234' is set on object 'Object Repository/Master Data/Admin Sekolah/Login/Input Password'

03-01-2025T15:16:24 - [MESSAGE][PASSED] - Text 'Test1234' is set on object 'Object Repository/Master Data/Admin Sekolah/Login/Input Password'

03-01-2025T15:16:24 - [TEST_STEP][PASSED] - click(findTestObject("Master Data/Admin Sekolah/Login/Button Submit"), CONTINUE_ON_FAILURE): Object: 'Object Repository/Master Data/Admin Sekolah/Login/Button Submit' is clicked on

03-01-2025T15:16:25 - [MESSAGE][PASSED] - Object: 'Object Repository/Master Data/Admin Sekolah/Login/Button Submit' is clicked on

03-01-2025T15:16:25 - [TEST_STEP][PASSED] - click(findTestObject("Master Data/Admin Sekolah/Tambah Tagihan/Menu Master Data"), CONTINUE_ON_FAILURE): Object: 'Object Repository/Master Data/Admin Sekolah/Tambah Tagihan/Menu Master Data' is clicked on

03-01-2025T15:16:26 - [MESSAGE][PASSED] - Object: 'Object Repository/Master Data/Admin Sekolah/Tambah Tagihan/Menu Master Data' is clicked on

03-01-2025T15:16:26 - [TEST_STEP][PASSED] - click(findTestObject("Master Data/Admin Sekolah/Tambah Tagihan/Menu Tagihan"), CONTINUE_ON_FAILURE): Object: 'Object Repository/Master Data/Admin Sekolah/Tambah Tagihan/Menu Tagihan' is clicked on

03-01-2025T15:16:27 - [MESSAGE][PASSED] - Object: 'Object Repository/Master Data/Admin Sekolah/Tambah Tagihan/Menu Tagihan' is clicked on

03-01-2025T15:16:27 - [TEST_STEP][PASSED] - click(findTestObject("Master Data/Admin Sekolah/Tambah Tagihan/Button Tambah"), CONTINUE_ON_FAILURE): Object: 'Object Repository/Master Data/Admin Sekolah/Tambah Tagihan/Button Tambah' is clicked on

03-01-2025T15:16:28 - [MESSAGE][PASSED] - Object: 'Object Repository/Master Data/Admin Sekolah/Tambah Tagihan/Button Tambah' is clicked on

03-01-2025T15:16:28 - [TEST_STEP][PASSED] - setText(findTestObject("Master Data/Admin Sekolah/Tambah Tagihan/Input Nama Tagihan"), "KATALONZ", CONTINUE_ON_FAILURE): Text 'KATALONZ' is set on object 'Object Repository/Master Data/Admin Sekolah/Tambah Tagihan/Input Nama Tagihan'

03-01-2025T15:16:29 - [MESSAGE][PASSED] - Text 'KATALONZ' is set on object 'Object Repository/Master Data/Admin Sekolah/Tambah Tagihan/Input Nama Tagihan'

03-01-2025T15:16:29 - [TEST_STEP][PASSED] - click(findTestObject("Master Data/Admin Sekolah/Tambah Tagihan/Select Tipe Tagihan"), CONTINUE_ON_FAILURE): Object: 'Object Repository/Master Data/Admin Sekolah/Tambah Tagihan/Select Tipe Tagihan' is clicked on

03-01-2025T15:16:29 - [MESSAGE][PASSED] - Object: 'Object Repository/Master Data/Admin Sekolah/Tambah Tagihan/Select Tipe Tagihan' is clicked on

03-01-2025T15:16:29 - [TEST_STEP][PASSED] - click(findTestObject("Master Data/Admin Sekolah/Tambah Tagihan/Tagihan Regular"), CONTINUE_ON_FAILURE): Object: 'Object Repository/Master Data/Admin Sekolah/Tambah Tagihan/Tagihan Regular' is clicked on

03-01-2025T15:16:30 - [MESSAGE][PASSED] - Object: 'Object Repository/Master Data/Admin Sekolah/Tambah Tagihan/Tagihan Regular' is clicked on

03-01-2025T15:16:30 - [TEST_STEP][PASSED] - click(findTestObject("Master Data/Admin Sekolah/Tambah Tagihan/Klik Tahun Ajaran")): Object: 'Object Repository/Master Data/Admin Sekolah/Tambah Tagihan/Klik Tahun Ajaran' is clicked on

03-01-2025T15:16:30 - [MESSAGE][PASSED] - Object: 'Object Repository/Master Data/Admin Sekolah/Tambah Tagihan/Klik Tahun Ajaran' is clicked on

03-01-2025T15:16:30 - [TEST_STEP][PASSED] - click(findTestObject("Master Data/Admin Sekolah/Tambah Tagihan/2023-2024")): Object: 'Object Repository/Master Data/Admin Sekolah/Tambah Tagihan/2023-2024' is clicked on

03-01-2025T15:16:30 - [MESSAGE][PASSED] - Object: 'Object Repository/Master Data/Admin Sekolah/Tambah Tagihan/2023-2024' is clicked on

03-01-2025T15:16:30 - [TEST_STEP][PASSED] - click(findTestObject("Master Data/Admin Sekolah/Tambah Tagihan/Select Kelas"), CONTINUE_ON_FAILURE): Object: 'Object Repository/Master Data/Admin Sekolah/Tambah Tagihan/Select Kelas' is clicked on

03-01-2025T15:16:31 - [MESSAGE][PASSED] - Object: 'Object Repository/Master Data/Admin Sekolah/Tambah Tagihan/Select Kelas' is clicked on

03-01-2025T15:16:31 - [TEST_STEP][PASSED] - click(findTestObject("Master Data/Admin Sekolah/Tambah Tagihan/Semua Kelas"), CONTINUE_ON_FAILURE): Object: 'Object Repository/Master Data/Admin Sekolah/Tambah Tagihan/Semua Kelas' is clicked on

03-01-2025T15:16:31 - [MESSAGE][PASSED] - Object: 'Object Repository/Master Data/Admin Sekolah/Tambah Tagihan/Semua Kelas' is clicked on

03-01-2025T15:16:31 - [TEST_STEP][PASSED] - click(findTestObject("Master Data/Admin Sekolah/Tambah Tagihan/Tutup Kelas")): Object: 'Object Repository/Master Data/Admin Sekolah/Tambah Tagihan/Tutup Kelas' is clicked on

03-01-2025T15:16:32 - [MESSAGE][PASSED] - Object: 'Object Repository/Master Data/Admin Sekolah/Tambah Tagihan/Tutup Kelas' is clicked on

03-01-2025T15:16:32 - [TEST_STEP][PASSED] - setText(findTestObject("Master Data/Admin Sekolah/Tambah Tagihan/Input Kode Tagihan"), "HKU", CONTINUE_ON_FAILURE): Text 'HKU' is set on object 'Object Repository/Master Data/Admin Sekolah/Tambah Tagihan/Input Kode Tagihan'

03-01-2025T15:16:32 - [MESSAGE][PASSED] - Text 'HKU' is set on object 'Object Repository/Master Data/Admin Sekolah/Tambah Tagihan/Input Kode Tagihan'

03-01-2025T15:16:32 - [TEST_STEP][PASSED] - setText(findTestObject("Master Data/Admin Sekolah/Tambah Tagihan/Input Jumlah Tagihan"), "750000", CONTINUE_ON_FAILURE): Text '750000' is set on object 'Object Repository/Master Data/Admin Sekolah/Tambah Tagihan/Input Jumlah Tagihan'

03-01-2025T15:16:33 - [MESSAGE][PASSED] - Text '750000' is set on object 'Object Repository/Master Data/Admin Sekolah/Tambah Tagihan/Input Jumlah Tagihan'

03-01-2025T15:16:33 - [TEST_STEP][PASSED] - click(findTestObject("Master Data/Admin Sekolah/Tambah Tagihan/Select Rekening Bank"), CONTINUE_ON_FAILURE): Object: 'Object Repository/Master Data/Admin Sekolah/Tambah Tagihan/Select Rekening Bank' is clicked on

03-01-2025T15:16:33 - [MESSAGE][PASSED] - Object: 'Object Repository/Master Data/Admin Sekolah/Tambah Tagihan/Select Rekening Bank' is clicked on

03-01-2025T15:16:33 - [TEST_STEP][PASSED] - click(findTestObject("Master Data/Admin Sekolah/Tambah Tagihan/CIMB"), CONTINUE_ON_FAILURE): Object: 'Object Repository/Master Data/Admin Sekolah/Tambah Tagihan/CIMB' is clicked on

03-01-2025T15:16:33 - [MESSAGE][PASSED] - Object: 'Object Repository/Master Data/Admin Sekolah/Tambah Tagihan/CIMB' is clicked on

03-01-2025T15:16:33 - [TEST_STEP][PASSED] - setText(findTestObject("Master Data/Admin Sekolah/Tambah Tagihan/Input Keterangan"), "Ini keterangan katalon", CONTINUE_ON_FAILURE): Text 'Ini keterangan katalon' is set on object 'Object Repository/Master Data/Admin Sekolah/Tambah Tagihan/Input Keterangan'

03-01-2025T15:16:34 - [MESSAGE][PASSED] - Text 'Ini keterangan katalon' is set on object 'Object Repository/Master Data/Admin Sekolah/Tambah Tagihan/Input Keterangan'

03-01-2025T15:16:34 - [TEST_STEP][PASSED] - click(findTestObject("Master Data/Admin Sekolah/Tambah Tagihan/Button Generate"), CONTINUE_ON_FAILURE): Object: 'Object Repository/Master Data/Admin Sekolah/Tambah Tagihan/Button Generate' is clicked on

03-01-2025T15:16:35 - [MESSAGE][PASSED] - Object: 'Object Repository/Master Data/Admin Sekolah/Tambah Tagihan/Button Generate' is clicked on

03-01-2025T15:16:35 - [TEST_STEP][PASSED] - click(findTestObject("Master Data/Admin Sekolah/Tambah Tagihan/Button Tambahkan"), CONTINUE_ON_FAILURE): Object: 'Object Repository/Master Data/Admin Sekolah/Tambah Tagihan/Button Tambahkan' is clicked on

03-01-2025T15:16:35 - [MESSAGE][PASSED] - Object: 'Object Repository/Master Data/Admin Sekolah/Tambah Tagihan/Button Tambahkan' is clicked on

03-01-2025T15:16:35 - [TEST_STEP][PASSED] - click(findTestObject("Master Data/Admin Sekolah/Tambah Tagihan/Button YA"), CONTINUE_ON_FAILURE): Object: 'Object Repository/Master Data/Admin Sekolah/Tambah Tagihan/Button YA' is clicked on

03-01-2025T15:16:36 - [MESSAGE][PASSED] - Object: 'Object Repository/Master Data/Admin Sekolah/Tambah Tagihan/Button YA' is clicked on

03-01-2025T15:16:36 - [TEST_STEP][PASSED] - delay(3, CONTINUE_ON_FAILURE): Delayed 3 second(s)

03-01-2025T15:16:39 - [MESSAGE][PASSED] - Delayed 3 second(s)

03-01-2025T15:16:39 - [TEST_STEP][PASSED] - verifyTextPresent("Billing code sudah di gunakan", false, CONTINUE_ON_FAILURE): Text 'Billing code sudah di gunakan' is present on page 

03-01-2025T15:16:39 - [MESSAGE][PASSED] - Text 'Billing code sudah di gunakan' is present on page 

03-01-2025T15:16:39 - [TEST_STEP][PASSED] - delay(2, CONTINUE_ON_FAILURE): Delayed 2 second(s)

03-01-2025T15:16:41 - [MESSAGE][PASSED] - Delayed 2 second(s)

03-01-2025T15:16:41 - [TEST_STEP][PASSED] - minDigits = 2: null

03-01-2025T15:16:41 - [TEST_STEP][PASSED] - maxDigits = 5: null

03-01-2025T15:16:41 - [TEST_STEP][PASSED] - randomLength = Math.random() * maxDigits - minDigits + 1 + minDigits: null

03-01-2025T15:16:41 - [TEST_STEP][PASSED] - randomNumber = String.format("%0" + randomLength + "d", Math.random() * Math.pow(10, randomLength)): null

03-01-2025T15:16:41 - [TEST_STEP][PASSED] - click(findTestObject("Master Data/Admin Sekolah/Tambah Tagihan/Input Kode Tagihan"), CONTINUE_ON_FAILURE): Object: 'Object Repository/Master Data/Admin Sekolah/Tambah Tagihan/Input Kode Tagihan' is clicked on

03-01-2025T15:16:41 - [MESSAGE][PASSED] - Object: 'Object Repository/Master Data/Admin Sekolah/Tambah Tagihan/Input Kode Tagihan' is clicked on

03-01-2025T15:16:41 - [TEST_STEP][PASSED] - sendKeys(findTestObject("Master Data/Admin Sekolah/Tambah Tagihan/Input Kode Tagihan"), Keys.chord(CONTROL, "a", BACK_SPACE), CONTINUE_ON_FAILURE): Keys 'CONTROL + BACK_SPACE + a' sent to object: 'Object Repository/Master Data/Admin Sekolah/Tambah Tagihan/Input Kode Tagihan'

03-01-2025T15:16:42 - [MESSAGE][PASSED] - Keys 'CONTROL + BACK_SPACE + a' sent to object: 'Object Repository/Master Data/Admin Sekolah/Tambah Tagihan/Input Kode Tagihan'

03-01-2025T15:16:42 - [TEST_STEP][PASSED] - click(findTestObject("Master Data/Admin Sekolah/Tambah Tagihan/Input Kode Tagihan"), CONTINUE_ON_FAILURE): Object: 'Object Repository/Master Data/Admin Sekolah/Tambah Tagihan/Input Kode Tagihan' is clicked on

03-01-2025T15:16:42 - [MESSAGE][PASSED] - Object: 'Object Repository/Master Data/Admin Sekolah/Tambah Tagihan/Input Kode Tagihan' is clicked on

03-01-2025T15:16:42 - [TEST_STEP][PASSED] - setText(findTestObject("Master Data/Admin Sekolah/Tambah Tagihan/Input Kode Tagihan"), randomNumber, CONTINUE_ON_FAILURE): Text '54' is set on object 'Object Repository/Master Data/Admin Sekolah/Tambah Tagihan/Input Kode Tagihan'

03-01-2025T15:16:43 - [MESSAGE][PASSED] - Text '54' is set on object 'Object Repository/Master Data/Admin Sekolah/Tambah Tagihan/Input Kode Tagihan'

03-01-2025T15:16:43 - [TEST_STEP][PASSED] - delay(1, CONTINUE_ON_FAILURE): Delayed 1 second(s)

03-01-2025T15:16:44 - [MESSAGE][PASSED] - Delayed 1 second(s)

03-01-2025T15:16:44 - [TEST_STEP][PASSED] - if (getAttribute(findTestObject("Master Data/Admin Sekolah/Tambah Tagihan/Input Kode Tagihan"), "value") == ""): Attribute 'value' of object 'Object Repository/Master Data/Admin Sekolah/Tambah Tagihan/Input Kode Tagihan' is: '54'

03-01-2025T15:16:44 - [MESSAGE][PASSED] - Attribute 'value' of object 'Object Repository/Master Data/Admin Sekolah/Tambah Tagihan/Input Kode Tagihan' is: '54'

03-01-2025T15:16:44 - [TEST_STEP][PASSED] - else: null

03-01-2025T15:16:44 - [TEST_STEP][PASSED] - println("Field tidak kosong setelah clearText dan JavaScript. Cek ulang penghapusan."): null

03-01-2025T15:16:44 - [TEST_STEP][PASSED] - click(findTestObject("Master Data/Admin Sekolah/Tambah Tagihan/Button Tambahkan"), CONTINUE_ON_FAILURE): Object: 'Object Repository/Master Data/Admin Sekolah/Tambah Tagihan/Button Tambahkan' is clicked on

03-01-2025T15:16:44 - [MESSAGE][PASSED] - Object: 'Object Repository/Master Data/Admin Sekolah/Tambah Tagihan/Button Tambahkan' is clicked on

03-01-2025T15:16:44 - [TEST_STEP][PASSED] - click(findTestObject("Master Data/Admin Sekolah/Tambah Tagihan/Button YA"), CONTINUE_ON_FAILURE): Object: 'Object Repository/Master Data/Admin Sekolah/Tambah Tagihan/Button YA' is clicked on

03-01-2025T15:16:45 - [MESSAGE][PASSED] - Object: 'Object Repository/Master Data/Admin Sekolah/Tambah Tagihan/Button YA' is clicked on

03-01-2025T15:16:45 - [MESSAGE][PASSED] - Call Test Case 'Test Cases/Master Data/Admin Sekolah/Master Data Tagihan/Tambah Tagihan' successfully

03-01-2025T15:16:45 - [TEST_STEP][PASSED] - println("============================= Loop Again ==============================="): null]]></system-out>
         <system-err><![CDATA[]]></system-err>
      </testcase>
      <testcase name="Test Cases/Regresi Feature/Sprint 2/Regresi Tagihan Persiswa" time="150.249" classname="Test Cases/Regresi Feature/Sprint 2/Regresi Tagihan Persiswa" status="PASSED">
         <system-out><![CDATA[03-01-2025T15:16:45 - [TEST_CASE][PASSED] - Test Cases/Regresi Feature/Sprint 2/Regresi Tagihan Persiswa: Test Cases/Regresi Feature/Sprint 2/Regresi Tagihan Persiswa

03-01-2025T15:16:45 - [TEST_STEP][PASSED] - for ([i = 1, i <= maxLoop, (i++)]): null

03-01-2025T15:16:45 - [TEST_STEP][PASSED] - callTestCase(findTestCase("Test Cases/Master Tagihan/Admin Sekolah/Master Tagihan Pembayaran Per Siswa/Sorting Table Tagihan Persiswa"), [:], CONTINUE_ON_FAILURE): Call Test Case 'Test Cases/Master Tagihan/Admin Sekolah/Master Tagihan Pembayaran Per Siswa/Sorting Table Tagihan Persiswa' successfully

03-01-2025T15:16:45 - [TEST_CASE][PASSED] - Test Cases/Master Tagihan/Admin Sekolah/Master Tagihan Pembayaran Per Siswa/Sorting Table Tagihan Persiswa: Test Cases/Master Tagihan/Admin Sekolah/Master Tagihan Pembayaran Per Siswa/Sorting Table Tagihan Persiswa

03-01-2025T15:16:45 - [TEST_STEP][PASSED] - openBrowser(""): Browser is opened with url: ''

03-01-2025T15:16:45 - [MESSAGE][WARNING] - A browser is already opened. Closing browser and opening a new one

03-01-2025T15:16:45 - [MESSAGE][INFO] - Starting 'Chrome' driver

03-01-2025T15:16:45 - [MESSAGE][INFO] - Action delay is set to 0 milliseconds

03-01-2025T15:16:46 - [MESSAGE][PASSED] - Browser is opened with url: ''

03-01-2025T15:16:46 - [TEST_STEP][PASSED] - navigateToUrl("https://sit.siprusedu.com/login"): Navigate to 'https://sit.siprusedu.com/login' successfully

03-01-2025T15:17:06 - [MESSAGE][PASSED] - Navigate to 'https://sit.siprusedu.com/login' successfully

03-01-2025T15:17:06 - [TEST_STEP][PASSED] - click(findTestObject("Master Data/Admin Sekolah/Login/Field Email")): Object: 'Object Repository/Master Data/Admin Sekolah/Login/Field Email' is clicked on

03-01-2025T15:17:06 - [MESSAGE][PASSED] - Object: 'Object Repository/Master Data/Admin Sekolah/Login/Field Email' is clicked on

03-01-2025T15:17:06 - [TEST_STEP][PASSED] - setText(findTestObject("Master Data/Admin Sekolah/Login/Field Email"), "admin.gudangsolusi@digiform.co.id"): Text 'admin.gudangsolusi@digiform.co.id' is set on object 'Object Repository/Master Data/Admin Sekolah/Login/Field Email'

03-01-2025T15:17:07 - [MESSAGE][PASSED] - Text 'admin.gudangsolusi@digiform.co.id' is set on object 'Object Repository/Master Data/Admin Sekolah/Login/Field Email'

03-01-2025T15:17:07 - [TEST_STEP][PASSED] - delay(1): Delayed 1 second(s)

03-01-2025T15:17:08 - [MESSAGE][PASSED] - Delayed 1 second(s)

03-01-2025T15:17:08 - [TEST_STEP][PASSED] - click(findTestObject("Master Data/Admin Sekolah/Login/Input Password")): Object: 'Object Repository/Master Data/Admin Sekolah/Login/Input Password' is clicked on

03-01-2025T15:17:08 - [MESSAGE][PASSED] - Object: 'Object Repository/Master Data/Admin Sekolah/Login/Input Password' is clicked on

03-01-2025T15:17:08 - [TEST_STEP][PASSED] - setText(findTestObject("Master Data/Admin Sekolah/Login/Input Password"), "Test1234"): Text 'Test1234' is set on object 'Object Repository/Master Data/Admin Sekolah/Login/Input Password'

03-01-2025T15:17:08 - [MESSAGE][PASSED] - Text 'Test1234' is set on object 'Object Repository/Master Data/Admin Sekolah/Login/Input Password'

03-01-2025T15:17:08 - [TEST_STEP][PASSED] - delay(1): Delayed 1 second(s)

03-01-2025T15:17:09 - [MESSAGE][PASSED] - Delayed 1 second(s)

03-01-2025T15:17:09 - [TEST_STEP][PASSED] - click(findTestObject("Master Data/Admin Sekolah/Login/Button Submit")): Object: 'Object Repository/Master Data/Admin Sekolah/Login/Button Submit' is clicked on

03-01-2025T15:17:10 - [MESSAGE][PASSED] - Object: 'Object Repository/Master Data/Admin Sekolah/Login/Button Submit' is clicked on

03-01-2025T15:17:10 - [TEST_STEP][PASSED] - delay(1): Delayed 1 second(s)

03-01-2025T15:17:11 - [MESSAGE][PASSED] - Delayed 1 second(s)

03-01-2025T15:17:11 - [TEST_STEP][PASSED] - click(findTestObject("Master Tagihan/Admin Sekolah/Pembayaran Siswa/Homepage/Menu Tagihan")): Object: 'Object Repository/Master Tagihan/Admin Sekolah/Pembayaran Siswa/Homepage/Menu Tagihan' is clicked on

03-01-2025T15:17:31 - [MESSAGE][PASSED] - Object: 'Object Repository/Master Tagihan/Admin Sekolah/Pembayaran Siswa/Homepage/Menu Tagihan' is clicked on

03-01-2025T15:17:31 - [TEST_STEP][PASSED] - delay(1): Delayed 1 second(s)

03-01-2025T15:17:32 - [MESSAGE][PASSED] - Delayed 1 second(s)

03-01-2025T15:17:32 - [TEST_STEP][PASSED] - click(findTestObject("Master Tagihan/Admin Sekolah/Pembayaran Siswa/Homepage/Sub-Menu Tagihan Persiswa")): Object: 'Object Repository/Master Tagihan/Admin Sekolah/Pembayaran Siswa/Homepage/Sub-Menu Tagihan Persiswa' is clicked on

03-01-2025T15:17:32 - [MESSAGE][PASSED] - Object: 'Object Repository/Master Tagihan/Admin Sekolah/Pembayaran Siswa/Homepage/Sub-Menu Tagihan Persiswa' is clicked on

03-01-2025T15:17:32 - [TEST_STEP][PASSED] - delay(1): Delayed 1 second(s)

03-01-2025T15:17:33 - [MESSAGE][PASSED] - Delayed 1 second(s)

03-01-2025T15:17:33 - [TEST_STEP][PASSED] - click(findTestObject("Master Tagihan/Admin Sekolah/Pembayaran Siswa/Homepage/Sub Menu Tagihan Persiswa/Dropdown Unit/Klik Dropdown")): Object: 'Object Repository/Master Tagihan/Admin Sekolah/Pembayaran Siswa/Homepage/Sub Menu Tagihan Persiswa/Dropdown Unit/Klik Dropdown' is clicked on

03-01-2025T15:17:33 - [MESSAGE][PASSED] - Object: 'Object Repository/Master Tagihan/Admin Sekolah/Pembayaran Siswa/Homepage/Sub Menu Tagihan Persiswa/Dropdown Unit/Klik Dropdown' is clicked on

03-01-2025T15:17:33 - [TEST_STEP][PASSED] - delay(1): Delayed 1 second(s)

03-01-2025T15:17:34 - [MESSAGE][PASSED] - Delayed 1 second(s)

03-01-2025T15:17:34 - [TEST_STEP][PASSED] - click(findTestObject("Master Tagihan/Admin Sekolah/Pembayaran Siswa/Homepage/Sub Menu Tagihan Persiswa/Dropdown Unit/Pilih Value Unit")): Object: 'Object Repository/Master Tagihan/Admin Sekolah/Pembayaran Siswa/Homepage/Sub Menu Tagihan Persiswa/Dropdown Unit/Pilih Value Unit' is clicked on

03-01-2025T15:17:34 - [MESSAGE][PASSED] - Object: 'Object Repository/Master Tagihan/Admin Sekolah/Pembayaran Siswa/Homepage/Sub Menu Tagihan Persiswa/Dropdown Unit/Pilih Value Unit' is clicked on

03-01-2025T15:17:34 - [TEST_STEP][PASSED] - delay(1): Delayed 1 second(s)

03-01-2025T15:17:35 - [MESSAGE][PASSED] - Delayed 1 second(s)

03-01-2025T15:17:35 - [TEST_STEP][PASSED] - click(findTestObject("Master Tagihan/Admin Sekolah/Pembayaran Siswa/Homepage/Sub Menu Tagihan Persiswa/Dropdown Kelas/Klik Dropdown Kelas")): Object: 'Object Repository/Master Tagihan/Admin Sekolah/Pembayaran Siswa/Homepage/Sub Menu Tagihan Persiswa/Dropdown Kelas/Klik Dropdown Kelas' is clicked on

03-01-2025T15:17:36 - [MESSAGE][PASSED] - Object: 'Object Repository/Master Tagihan/Admin Sekolah/Pembayaran Siswa/Homepage/Sub Menu Tagihan Persiswa/Dropdown Kelas/Klik Dropdown Kelas' is clicked on

03-01-2025T15:17:36 - [TEST_STEP][PASSED] - delay(1): Delayed 1 second(s)

03-01-2025T15:17:37 - [MESSAGE][PASSED] - Delayed 1 second(s)

03-01-2025T15:17:37 - [TEST_STEP][PASSED] - click(findTestObject("Master Tagihan/Admin Sekolah/Pembayaran Siswa/Homepage/Sub Menu Tagihan Persiswa/Dropdown Kelas/Klik Field Cari Kelas")): Object: 'Object Repository/Master Tagihan/Admin Sekolah/Pembayaran Siswa/Homepage/Sub Menu Tagihan Persiswa/Dropdown Kelas/Klik Field Cari Kelas' is clicked on

03-01-2025T15:17:37 - [MESSAGE][PASSED] - Object: 'Object Repository/Master Tagihan/Admin Sekolah/Pembayaran Siswa/Homepage/Sub Menu Tagihan Persiswa/Dropdown Kelas/Klik Field Cari Kelas' is clicked on

03-01-2025T15:17:37 - [TEST_STEP][PASSED] - delay(1): Delayed 1 second(s)

03-01-2025T15:17:38 - [MESSAGE][PASSED] - Delayed 1 second(s)

03-01-2025T15:17:38 - [TEST_STEP][PASSED] - setText(findTestObject("Master Tagihan/Admin Sekolah/Pembayaran Siswa/Homepage/Sub Menu Tagihan Persiswa/Dropdown Kelas/Klik Field Cari Kelas"), "XI IPA Biologi 2"): Text 'XI IPA Biologi 2' is set on object 'Object Repository/Master Tagihan/Admin Sekolah/Pembayaran Siswa/Homepage/Sub Menu Tagihan Persiswa/Dropdown Kelas/Klik Field Cari Kelas'

03-01-2025T15:17:39 - [MESSAGE][PASSED] - Text 'XI IPA Biologi 2' is set on object 'Object Repository/Master Tagihan/Admin Sekolah/Pembayaran Siswa/Homepage/Sub Menu Tagihan Persiswa/Dropdown Kelas/Klik Field Cari Kelas'

03-01-2025T15:17:39 - [TEST_STEP][PASSED] - click(findTestObject("Master Tagihan/Admin Sekolah/Pembayaran Siswa/Homepage/Sub Menu Tagihan Persiswa/Dropdown Kelas/Pilih Kelas")): Object: 'Object Repository/Master Tagihan/Admin Sekolah/Pembayaran Siswa/Homepage/Sub Menu Tagihan Persiswa/Dropdown Kelas/Pilih Kelas' is clicked on

03-01-2025T15:17:39 - [MESSAGE][PASSED] - Object: 'Object Repository/Master Tagihan/Admin Sekolah/Pembayaran Siswa/Homepage/Sub Menu Tagihan Persiswa/Dropdown Kelas/Pilih Kelas' is clicked on

03-01-2025T15:17:39 - [TEST_STEP][PASSED] - setText(findTestObject("Master Tagihan/Admin Sekolah/Pembayaran Siswa/Homepage/Sub Menu Tagihan Persiswa/Field Nama/Klik Field Nama"), "Dilan"): Text 'Dilan' is set on object 'Object Repository/Master Tagihan/Admin Sekolah/Pembayaran Siswa/Homepage/Sub Menu Tagihan Persiswa/Field Nama/Klik Field Nama'

03-01-2025T15:17:39 - [MESSAGE][PASSED] - Text 'Dilan' is set on object 'Object Repository/Master Tagihan/Admin Sekolah/Pembayaran Siswa/Homepage/Sub Menu Tagihan Persiswa/Field Nama/Klik Field Nama'

03-01-2025T15:17:39 - [TEST_STEP][PASSED] - click(findTestObject("Master Tagihan/Admin Sekolah/Pembayaran Siswa/Homepage/Sub Menu Tagihan Persiswa/Field Nama/Klik Hasil Cari Siswa")): Object: 'Object Repository/Master Tagihan/Admin Sekolah/Pembayaran Siswa/Homepage/Sub Menu Tagihan Persiswa/Field Nama/Klik Hasil Cari Siswa' is clicked on

03-01-2025T15:17:41 - [MESSAGE][PASSED] - Object: 'Object Repository/Master Tagihan/Admin Sekolah/Pembayaran Siswa/Homepage/Sub Menu Tagihan Persiswa/Field Nama/Klik Hasil Cari Siswa' is clicked on

03-01-2025T15:17:41 - [TEST_STEP][PASSED] - click(findTestObject("Master Tagihan/Admin Sekolah/Pembayaran Siswa/Homepage/Sub Menu Tagihan Persiswa/Tombol Terapkan/Klik Tombol Terapkan")): Object: 'Object Repository/Master Tagihan/Admin Sekolah/Pembayaran Siswa/Homepage/Sub Menu Tagihan Persiswa/Tombol Terapkan/Klik Tombol Terapkan' is clicked on

03-01-2025T15:17:41 - [MESSAGE][PASSED] - Object: 'Object Repository/Master Tagihan/Admin Sekolah/Pembayaran Siswa/Homepage/Sub Menu Tagihan Persiswa/Tombol Terapkan/Klik Tombol Terapkan' is clicked on

03-01-2025T15:17:41 - [TEST_STEP][PASSED] - delay(1): Delayed 1 second(s)

03-01-2025T15:17:42 - [MESSAGE][PASSED] - Delayed 1 second(s)

03-01-2025T15:17:42 - [TEST_STEP][PASSED] - click(findTestObject("Master Tagihan/Admin Sekolah/Pembayaran Siswa/Homepage/Sub Menu Tagihan Persiswa/Filter/Filter By Nama tagihan")): Object: 'Object Repository/Master Tagihan/Admin Sekolah/Pembayaran Siswa/Homepage/Sub Menu Tagihan Persiswa/Filter/Filter By Nama tagihan' is clicked on

03-01-2025T15:17:43 - [MESSAGE][PASSED] - Object: 'Object Repository/Master Tagihan/Admin Sekolah/Pembayaran Siswa/Homepage/Sub Menu Tagihan Persiswa/Filter/Filter By Nama tagihan' is clicked on

03-01-2025T15:17:43 - [TEST_STEP][PASSED] - click(findTestObject("Master Tagihan/Admin Sekolah/Pembayaran Siswa/Homepage/Sub Menu Tagihan Persiswa/Filter/Filter By Nama tagihan")): Object: 'Object Repository/Master Tagihan/Admin Sekolah/Pembayaran Siswa/Homepage/Sub Menu Tagihan Persiswa/Filter/Filter By Nama tagihan' is clicked on

03-01-2025T15:17:43 - [MESSAGE][PASSED] - Object: 'Object Repository/Master Tagihan/Admin Sekolah/Pembayaran Siswa/Homepage/Sub Menu Tagihan Persiswa/Filter/Filter By Nama tagihan' is clicked on

03-01-2025T15:17:43 - [TEST_STEP][PASSED] - delay(1): Delayed 1 second(s)

03-01-2025T15:17:44 - [MESSAGE][PASSED] - Delayed 1 second(s)

03-01-2025T15:17:44 - [TEST_STEP][PASSED] - click(findTestObject("Master Tagihan/Admin Sekolah/Pembayaran Siswa/Homepage/Sub Menu Tagihan Persiswa/Filter/Filter By Tipe Tagihan")): Object: 'Object Repository/Master Tagihan/Admin Sekolah/Pembayaran Siswa/Homepage/Sub Menu Tagihan Persiswa/Filter/Filter By Tipe Tagihan' is clicked on

03-01-2025T15:17:45 - [MESSAGE][PASSED] - Object: 'Object Repository/Master Tagihan/Admin Sekolah/Pembayaran Siswa/Homepage/Sub Menu Tagihan Persiswa/Filter/Filter By Tipe Tagihan' is clicked on

03-01-2025T15:17:45 - [TEST_STEP][PASSED] - click(findTestObject("Master Tagihan/Admin Sekolah/Pembayaran Siswa/Homepage/Sub Menu Tagihan Persiswa/Filter/Filter By Tipe Tagihan")): Object: 'Object Repository/Master Tagihan/Admin Sekolah/Pembayaran Siswa/Homepage/Sub Menu Tagihan Persiswa/Filter/Filter By Tipe Tagihan' is clicked on

03-01-2025T15:17:45 - [MESSAGE][PASSED] - Object: 'Object Repository/Master Tagihan/Admin Sekolah/Pembayaran Siswa/Homepage/Sub Menu Tagihan Persiswa/Filter/Filter By Tipe Tagihan' is clicked on

03-01-2025T15:17:45 - [TEST_STEP][PASSED] - delay(1): Delayed 1 second(s)

03-01-2025T15:17:46 - [MESSAGE][PASSED] - Delayed 1 second(s)

03-01-2025T15:17:46 - [TEST_STEP][PASSED] - click(findTestObject("Master Tagihan/Admin Sekolah/Pembayaran Siswa/Homepage/Sub Menu Tagihan Persiswa/Filter/Filter By Total Tagihan")): Object: 'Object Repository/Master Tagihan/Admin Sekolah/Pembayaran Siswa/Homepage/Sub Menu Tagihan Persiswa/Filter/Filter By Total Tagihan' is clicked on

03-01-2025T15:17:47 - [MESSAGE][PASSED] - Object: 'Object Repository/Master Tagihan/Admin Sekolah/Pembayaran Siswa/Homepage/Sub Menu Tagihan Persiswa/Filter/Filter By Total Tagihan' is clicked on

03-01-2025T15:17:47 - [TEST_STEP][PASSED] - click(findTestObject("Master Tagihan/Admin Sekolah/Pembayaran Siswa/Homepage/Sub Menu Tagihan Persiswa/Filter/Filter By Total Tagihan")): Object: 'Object Repository/Master Tagihan/Admin Sekolah/Pembayaran Siswa/Homepage/Sub Menu Tagihan Persiswa/Filter/Filter By Total Tagihan' is clicked on

03-01-2025T15:17:48 - [MESSAGE][PASSED] - Object: 'Object Repository/Master Tagihan/Admin Sekolah/Pembayaran Siswa/Homepage/Sub Menu Tagihan Persiswa/Filter/Filter By Total Tagihan' is clicked on

03-01-2025T15:17:48 - [TEST_STEP][PASSED] - closeBrowser(): Browser is closed

03-01-2025T15:17:48 - [MESSAGE][PASSED] - Browser is closed

03-01-2025T15:17:48 - [MESSAGE][PASSED] - Call Test Case 'Test Cases/Master Tagihan/Admin Sekolah/Master Tagihan Pembayaran Per Siswa/Sorting Table Tagihan Persiswa' successfully

03-01-2025T15:17:48 - [TEST_STEP][PASSED] - callTestCase(findTestCase("Test Cases/Master Tagihan/Admin Sekolah/Master Tagihan Pembayaran Per Siswa/Filter Dan Search Tagihan Persiswa"), [:], CONTINUE_ON_FAILURE): Call Test Case 'Test Cases/Master Tagihan/Admin Sekolah/Master Tagihan Pembayaran Per Siswa/Filter Dan Search Tagihan Persiswa' successfully

03-01-2025T15:17:48 - [TEST_CASE][PASSED] - Test Cases/Master Tagihan/Admin Sekolah/Master Tagihan Pembayaran Per Siswa/Filter Dan Search Tagihan Persiswa: Test Cases/Master Tagihan/Admin Sekolah/Master Tagihan Pembayaran Per Siswa/Filter Dan Search Tagihan Persiswa

03-01-2025T15:17:48 - [TEST_STEP][PASSED] - openBrowser(""): Browser is opened with url: ''

03-01-2025T15:17:48 - [MESSAGE][INFO] - Starting 'Chrome' driver

03-01-2025T15:17:48 - [MESSAGE][INFO] - Action delay is set to 0 milliseconds

03-01-2025T15:17:49 - [MESSAGE][PASSED] - Browser is opened with url: ''

03-01-2025T15:17:49 - [TEST_STEP][PASSED] - navigateToUrl("https://sit.siprusedu.com/login"): Navigate to 'https://sit.siprusedu.com/login' successfully

03-01-2025T15:17:49 - [MESSAGE][PASSED] - Navigate to 'https://sit.siprusedu.com/login' successfully

03-01-2025T15:17:49 - [TEST_STEP][PASSED] - click(findTestObject("Master Data/Admin Sekolah/Login/Field Email")): Object: 'Object Repository/Master Data/Admin Sekolah/Login/Field Email' is clicked on

03-01-2025T15:17:50 - [MESSAGE][PASSED] - Object: 'Object Repository/Master Data/Admin Sekolah/Login/Field Email' is clicked on

03-01-2025T15:17:50 - [TEST_STEP][PASSED] - setText(findTestObject("Master Data/Admin Sekolah/Login/Field Email"), "admin.gudangsolusi@digiform.co.id"): Text 'admin.gudangsolusi@digiform.co.id' is set on object 'Object Repository/Master Data/Admin Sekolah/Login/Field Email'

03-01-2025T15:17:51 - [MESSAGE][PASSED] - Text 'admin.gudangsolusi@digiform.co.id' is set on object 'Object Repository/Master Data/Admin Sekolah/Login/Field Email'

03-01-2025T15:17:51 - [TEST_STEP][PASSED] - delay(1): Delayed 1 second(s)

03-01-2025T15:17:52 - [MESSAGE][PASSED] - Delayed 1 second(s)

03-01-2025T15:17:52 - [TEST_STEP][PASSED] - click(findTestObject("Master Data/Admin Sekolah/Login/Input Password")): Object: 'Object Repository/Master Data/Admin Sekolah/Login/Input Password' is clicked on

03-01-2025T15:17:52 - [MESSAGE][PASSED] - Object: 'Object Repository/Master Data/Admin Sekolah/Login/Input Password' is clicked on

03-01-2025T15:17:52 - [TEST_STEP][PASSED] - setText(findTestObject("Master Data/Admin Sekolah/Login/Input Password"), "Test1234"): Text 'Test1234' is set on object 'Object Repository/Master Data/Admin Sekolah/Login/Input Password'

03-01-2025T15:17:53 - [MESSAGE][PASSED] - Text 'Test1234' is set on object 'Object Repository/Master Data/Admin Sekolah/Login/Input Password'

03-01-2025T15:17:53 - [TEST_STEP][PASSED] - delay(1): Delayed 1 second(s)

03-01-2025T15:17:54 - [MESSAGE][PASSED] - Delayed 1 second(s)

03-01-2025T15:17:54 - [TEST_STEP][PASSED] - click(findTestObject("Master Data/Admin Sekolah/Login/Button Submit")): Object: 'Object Repository/Master Data/Admin Sekolah/Login/Button Submit' is clicked on

03-01-2025T15:17:54 - [MESSAGE][PASSED] - Object: 'Object Repository/Master Data/Admin Sekolah/Login/Button Submit' is clicked on

03-01-2025T15:17:54 - [TEST_STEP][PASSED] - delay(1): Delayed 1 second(s)

03-01-2025T15:17:55 - [MESSAGE][PASSED] - Delayed 1 second(s)

03-01-2025T15:17:55 - [TEST_STEP][PASSED] - click(findTestObject("Master Tagihan/Admin Sekolah/Pembayaran Siswa/Homepage/Menu Tagihan")): Object: 'Object Repository/Master Tagihan/Admin Sekolah/Pembayaran Siswa/Homepage/Menu Tagihan' is clicked on

03-01-2025T15:17:56 - [MESSAGE][PASSED] - Object: 'Object Repository/Master Tagihan/Admin Sekolah/Pembayaran Siswa/Homepage/Menu Tagihan' is clicked on

03-01-2025T15:17:56 - [TEST_STEP][PASSED] - delay(1): Delayed 1 second(s)

03-01-2025T15:17:57 - [MESSAGE][PASSED] - Delayed 1 second(s)

03-01-2025T15:17:57 - [TEST_STEP][PASSED] - click(findTestObject("Master Tagihan/Admin Sekolah/Pembayaran Siswa/Homepage/Sub-Menu Tagihan Persiswa")): Object: 'Object Repository/Master Tagihan/Admin Sekolah/Pembayaran Siswa/Homepage/Sub-Menu Tagihan Persiswa' is clicked on

03-01-2025T15:17:57 - [MESSAGE][PASSED] - Object: 'Object Repository/Master Tagihan/Admin Sekolah/Pembayaran Siswa/Homepage/Sub-Menu Tagihan Persiswa' is clicked on

03-01-2025T15:17:57 - [TEST_STEP][PASSED] - delay(1): Delayed 1 second(s)

03-01-2025T15:17:58 - [MESSAGE][PASSED] - Delayed 1 second(s)

03-01-2025T15:17:58 - [TEST_STEP][PASSED] - click(findTestObject("Master Tagihan/Admin Sekolah/Pembayaran Siswa/Homepage/Sub Menu Tagihan Persiswa/Dropdown Unit/Klik Dropdown")): Object: 'Object Repository/Master Tagihan/Admin Sekolah/Pembayaran Siswa/Homepage/Sub Menu Tagihan Persiswa/Dropdown Unit/Klik Dropdown' is clicked on

03-01-2025T15:17:58 - [MESSAGE][PASSED] - Object: 'Object Repository/Master Tagihan/Admin Sekolah/Pembayaran Siswa/Homepage/Sub Menu Tagihan Persiswa/Dropdown Unit/Klik Dropdown' is clicked on

03-01-2025T15:17:58 - [TEST_STEP][PASSED] - delay(1): Delayed 1 second(s)

03-01-2025T15:17:59 - [MESSAGE][PASSED] - Delayed 1 second(s)

03-01-2025T15:17:59 - [TEST_STEP][PASSED] - click(findTestObject("Master Tagihan/Admin Sekolah/Pembayaran Siswa/Homepage/Sub Menu Tagihan Persiswa/Dropdown Unit/Pilih Value Unit")): Object: 'Object Repository/Master Tagihan/Admin Sekolah/Pembayaran Siswa/Homepage/Sub Menu Tagihan Persiswa/Dropdown Unit/Pilih Value Unit' is clicked on

03-01-2025T15:18:00 - [MESSAGE][PASSED] - Object: 'Object Repository/Master Tagihan/Admin Sekolah/Pembayaran Siswa/Homepage/Sub Menu Tagihan Persiswa/Dropdown Unit/Pilih Value Unit' is clicked on

03-01-2025T15:18:00 - [TEST_STEP][PASSED] - delay(1): Delayed 1 second(s)

03-01-2025T15:18:01 - [MESSAGE][PASSED] - Delayed 1 second(s)

03-01-2025T15:18:01 - [TEST_STEP][PASSED] - click(findTestObject("Master Tagihan/Admin Sekolah/Pembayaran Siswa/Homepage/Sub Menu Tagihan Persiswa/Dropdown Kelas/Klik Dropdown Kelas")): Object: 'Object Repository/Master Tagihan/Admin Sekolah/Pembayaran Siswa/Homepage/Sub Menu Tagihan Persiswa/Dropdown Kelas/Klik Dropdown Kelas' is clicked on

03-01-2025T15:18:01 - [MESSAGE][PASSED] - Object: 'Object Repository/Master Tagihan/Admin Sekolah/Pembayaran Siswa/Homepage/Sub Menu Tagihan Persiswa/Dropdown Kelas/Klik Dropdown Kelas' is clicked on

03-01-2025T15:18:01 - [TEST_STEP][PASSED] - delay(1): Delayed 1 second(s)

03-01-2025T15:18:02 - [MESSAGE][PASSED] - Delayed 1 second(s)

03-01-2025T15:18:02 - [TEST_STEP][PASSED] - click(findTestObject("Master Tagihan/Admin Sekolah/Pembayaran Siswa/Homepage/Sub Menu Tagihan Persiswa/Dropdown Kelas/Klik Field Cari Kelas")): Object: 'Object Repository/Master Tagihan/Admin Sekolah/Pembayaran Siswa/Homepage/Sub Menu Tagihan Persiswa/Dropdown Kelas/Klik Field Cari Kelas' is clicked on

03-01-2025T15:18:02 - [MESSAGE][PASSED] - Object: 'Object Repository/Master Tagihan/Admin Sekolah/Pembayaran Siswa/Homepage/Sub Menu Tagihan Persiswa/Dropdown Kelas/Klik Field Cari Kelas' is clicked on

03-01-2025T15:18:02 - [TEST_STEP][PASSED] - delay(1): Delayed 1 second(s)

03-01-2025T15:18:03 - [MESSAGE][PASSED] - Delayed 1 second(s)

03-01-2025T15:18:03 - [TEST_STEP][PASSED] - setText(findTestObject("Master Tagihan/Admin Sekolah/Pembayaran Siswa/Homepage/Sub Menu Tagihan Persiswa/Dropdown Kelas/Klik Field Cari Kelas"), "Kelas - XI IPA Biologi 2"): Text 'Kelas - XI IPA Biologi 2' is set on object 'Object Repository/Master Tagihan/Admin Sekolah/Pembayaran Siswa/Homepage/Sub Menu Tagihan Persiswa/Dropdown Kelas/Klik Field Cari Kelas'

03-01-2025T15:18:04 - [MESSAGE][PASSED] - Text 'Kelas - XI IPA Biologi 2' is set on object 'Object Repository/Master Tagihan/Admin Sekolah/Pembayaran Siswa/Homepage/Sub Menu Tagihan Persiswa/Dropdown Kelas/Klik Field Cari Kelas'

03-01-2025T15:18:04 - [TEST_STEP][PASSED] - click(findTestObject("Master Tagihan/Admin Sekolah/Pembayaran Siswa/Homepage/Sub Menu Tagihan Persiswa/Dropdown Kelas/Pilih Kelas")): Object: 'Object Repository/Master Tagihan/Admin Sekolah/Pembayaran Siswa/Homepage/Sub Menu Tagihan Persiswa/Dropdown Kelas/Pilih Kelas' is clicked on

03-01-2025T15:18:04 - [MESSAGE][PASSED] - Object: 'Object Repository/Master Tagihan/Admin Sekolah/Pembayaran Siswa/Homepage/Sub Menu Tagihan Persiswa/Dropdown Kelas/Pilih Kelas' is clicked on

03-01-2025T15:18:04 - [TEST_STEP][PASSED] - setText(findTestObject("Master Tagihan/Admin Sekolah/Pembayaran Siswa/Homepage/Sub Menu Tagihan Persiswa/Field Nama/Klik Field Nama"), "Dilan"): Text 'Dilan' is set on object 'Object Repository/Master Tagihan/Admin Sekolah/Pembayaran Siswa/Homepage/Sub Menu Tagihan Persiswa/Field Nama/Klik Field Nama'

03-01-2025T15:18:05 - [MESSAGE][PASSED] - Text 'Dilan' is set on object 'Object Repository/Master Tagihan/Admin Sekolah/Pembayaran Siswa/Homepage/Sub Menu Tagihan Persiswa/Field Nama/Klik Field Nama'

03-01-2025T15:18:05 - [TEST_STEP][PASSED] - click(findTestObject("Master Tagihan/Admin Sekolah/Pembayaran Siswa/Homepage/Sub Menu Tagihan Persiswa/Field Nama/Klik Hasil Cari Siswa")): Object: 'Object Repository/Master Tagihan/Admin Sekolah/Pembayaran Siswa/Homepage/Sub Menu Tagihan Persiswa/Field Nama/Klik Hasil Cari Siswa' is clicked on

03-01-2025T15:18:06 - [MESSAGE][PASSED] - Object: 'Object Repository/Master Tagihan/Admin Sekolah/Pembayaran Siswa/Homepage/Sub Menu Tagihan Persiswa/Field Nama/Klik Hasil Cari Siswa' is clicked on

03-01-2025T15:18:06 - [TEST_STEP][PASSED] - click(findTestObject("Master Tagihan/Admin Sekolah/Pembayaran Siswa/Homepage/Sub Menu Tagihan Persiswa/Tombol Terapkan/Klik Tombol Terapkan")): Object: 'Object Repository/Master Tagihan/Admin Sekolah/Pembayaran Siswa/Homepage/Sub Menu Tagihan Persiswa/Tombol Terapkan/Klik Tombol Terapkan' is clicked on

03-01-2025T15:18:06 - [MESSAGE][PASSED] - Object: 'Object Repository/Master Tagihan/Admin Sekolah/Pembayaran Siswa/Homepage/Sub Menu Tagihan Persiswa/Tombol Terapkan/Klik Tombol Terapkan' is clicked on

03-01-2025T15:18:06 - [TEST_STEP][PASSED] - delay(1): Delayed 1 second(s)

03-01-2025T15:18:07 - [MESSAGE][PASSED] - Delayed 1 second(s)

03-01-2025T15:18:07 - [TEST_STEP][PASSED] - click(findTestObject("Master Tagihan/Admin Sekolah/Pembayaran Siswa/Homepage/Sub Menu Tagihan Persiswa/Filter/Filter By NIS/Klik Dropdown Nama")): Object: 'Object Repository/Master Tagihan/Admin Sekolah/Pembayaran Siswa/Homepage/Sub Menu Tagihan Persiswa/Filter/Filter By NIS/Klik Dropdown Nama' is clicked on

03-01-2025T15:18:08 - [MESSAGE][PASSED] - Object: 'Object Repository/Master Tagihan/Admin Sekolah/Pembayaran Siswa/Homepage/Sub Menu Tagihan Persiswa/Filter/Filter By NIS/Klik Dropdown Nama' is clicked on

03-01-2025T15:18:08 - [TEST_STEP][PASSED] - click(findTestObject("Master Tagihan/Admin Sekolah/Pembayaran Siswa/Homepage/Sub Menu Tagihan Persiswa/Filter/Filter By NIS/Klik NIS")): Object: 'Object Repository/Master Tagihan/Admin Sekolah/Pembayaran Siswa/Homepage/Sub Menu Tagihan Persiswa/Filter/Filter By NIS/Klik NIS' is clicked on

03-01-2025T15:18:08 - [MESSAGE][PASSED] - Object: 'Object Repository/Master Tagihan/Admin Sekolah/Pembayaran Siswa/Homepage/Sub Menu Tagihan Persiswa/Filter/Filter By NIS/Klik NIS' is clicked on

03-01-2025T15:18:08 - [TEST_STEP][PASSED] - click(findTestObject("Master Tagihan/Admin Sekolah/Pembayaran Siswa/Homepage/Sub Menu Tagihan Persiswa/Field Nama/Klik Field Nama")): Object: 'Object Repository/Master Tagihan/Admin Sekolah/Pembayaran Siswa/Homepage/Sub Menu Tagihan Persiswa/Field Nama/Klik Field Nama' is clicked on

03-01-2025T15:18:09 - [MESSAGE][PASSED] - Object: 'Object Repository/Master Tagihan/Admin Sekolah/Pembayaran Siswa/Homepage/Sub Menu Tagihan Persiswa/Field Nama/Klik Field Nama' is clicked on

03-01-2025T15:18:09 - [TEST_STEP][PASSED] - delay(1): Delayed 1 second(s)

03-01-2025T15:18:10 - [MESSAGE][PASSED] - Delayed 1 second(s)

03-01-2025T15:18:10 - [TEST_STEP][PASSED] - click(findTestObject("Master Tagihan/Admin Sekolah/Pembayaran Siswa/Homepage/Sub Menu Tagihan Persiswa/Tombol Terapkan/Klik Tombol Terapkan")): Object: 'Object Repository/Master Tagihan/Admin Sekolah/Pembayaran Siswa/Homepage/Sub Menu Tagihan Persiswa/Tombol Terapkan/Klik Tombol Terapkan' is clicked on

03-01-2025T15:18:10 - [MESSAGE][PASSED] - Object: 'Object Repository/Master Tagihan/Admin Sekolah/Pembayaran Siswa/Homepage/Sub Menu Tagihan Persiswa/Tombol Terapkan/Klik Tombol Terapkan' is clicked on

03-01-2025T15:18:10 - [TEST_STEP][PASSED] - delay(3): Delayed 3 second(s)

03-01-2025T15:18:13 - [MESSAGE][PASSED] - Delayed 3 second(s)

03-01-2025T15:18:13 - [TEST_STEP][PASSED] - closeBrowser(): Browser is closed

03-01-2025T15:18:13 - [MESSAGE][PASSED] - Browser is closed

03-01-2025T15:18:13 - [MESSAGE][PASSED] - Call Test Case 'Test Cases/Master Tagihan/Admin Sekolah/Master Tagihan Pembayaran Per Siswa/Filter Dan Search Tagihan Persiswa' successfully

03-01-2025T15:18:13 - [TEST_STEP][PASSED] - callTestCase(findTestCase("Test Cases/Master Tagihan/Admin Sekolah/Master Tagihan Pembayaran Per Siswa/Edit Tagihan Persiswa"), [:], CONTINUE_ON_FAILURE): Call Test Case 'Test Cases/Master Tagihan/Admin Sekolah/Master Tagihan Pembayaran Per Siswa/Edit Tagihan Persiswa' successfully

03-01-2025T15:18:13 - [TEST_CASE][PASSED] - Test Cases/Master Tagihan/Admin Sekolah/Master Tagihan Pembayaran Per Siswa/Edit Tagihan Persiswa: Test Cases/Master Tagihan/Admin Sekolah/Master Tagihan Pembayaran Per Siswa/Edit Tagihan Persiswa

03-01-2025T15:18:13 - [TEST_STEP][PASSED] - min = 1000000: null

03-01-2025T15:18:13 - [TEST_STEP][PASSED] - max = 15000000: null

03-01-2025T15:18:13 - [TEST_STEP][PASSED] - randomNumber = generateRandomNumber(min, max): null

03-01-2025T15:18:13 - [TEST_STEP][PASSED] - return ((java.lang.Math.random() * ((max - min) + 1)) as int + min): null

03-01-2025T15:18:13 - [TEST_STEP][PASSED] - openBrowser(""): Browser is opened with url: ''

03-01-2025T15:18:13 - [MESSAGE][INFO] - Starting 'Chrome' driver

03-01-2025T15:18:13 - [MESSAGE][INFO] - Action delay is set to 0 milliseconds

03-01-2025T15:18:14 - [MESSAGE][PASSED] - Browser is opened with url: ''

03-01-2025T15:18:14 - [TEST_STEP][PASSED] - navigateToUrl("https://sit.siprusedu.com/login"): Navigate to 'https://sit.siprusedu.com/login' successfully

03-01-2025T15:18:14 - [MESSAGE][PASSED] - Navigate to 'https://sit.siprusedu.com/login' successfully

03-01-2025T15:18:14 - [TEST_STEP][PASSED] - setText(findTestObject("Master Data/Admin Sekolah/Login/Field Email"), "admin.sekolah@gmail.com"): Text 'admin.sekolah@gmail.com' is set on object 'Object Repository/Master Data/Admin Sekolah/Login/Field Email'

03-01-2025T15:18:16 - [MESSAGE][PASSED] - Text 'admin.sekolah@gmail.com' is set on object 'Object Repository/Master Data/Admin Sekolah/Login/Field Email'

03-01-2025T15:18:16 - [TEST_STEP][PASSED] - setText(findTestObject("Master Data/Admin Sekolah/Login/Input Password"), "Test1234"): Text 'Test1234' is set on object 'Object Repository/Master Data/Admin Sekolah/Login/Input Password'

03-01-2025T15:18:17 - [MESSAGE][PASSED] - Text 'Test1234' is set on object 'Object Repository/Master Data/Admin Sekolah/Login/Input Password'

03-01-2025T15:18:17 - [TEST_STEP][PASSED] - click(findTestObject("Master Data/Admin Sekolah/Login/Button Submit")): Object: 'Object Repository/Master Data/Admin Sekolah/Login/Button Submit' is clicked on

03-01-2025T15:18:17 - [MESSAGE][PASSED] - Object: 'Object Repository/Master Data/Admin Sekolah/Login/Button Submit' is clicked on

03-01-2025T15:18:17 - [TEST_STEP][PASSED] - delay(1): Delayed 1 second(s)

03-01-2025T15:18:18 - [MESSAGE][PASSED] - Delayed 1 second(s)

03-01-2025T15:18:18 - [TEST_STEP][PASSED] - click(findTestObject("Master Tagihan/Admin Sekolah/Pembayaran Siswa/Homepage/Menu Tagihan")): Object: 'Object Repository/Master Tagihan/Admin Sekolah/Pembayaran Siswa/Homepage/Menu Tagihan' is clicked on

03-01-2025T15:18:19 - [MESSAGE][PASSED] - Object: 'Object Repository/Master Tagihan/Admin Sekolah/Pembayaran Siswa/Homepage/Menu Tagihan' is clicked on

03-01-2025T15:18:19 - [TEST_STEP][PASSED] - click(findTestObject("Master Tagihan/Admin Sekolah/Pembayaran Siswa/Homepage/Sub-Menu Tagihan Persiswa")): Object: 'Object Repository/Master Tagihan/Admin Sekolah/Pembayaran Siswa/Homepage/Sub-Menu Tagihan Persiswa' is clicked on

03-01-2025T15:18:20 - [MESSAGE][PASSED] - Object: 'Object Repository/Master Tagihan/Admin Sekolah/Pembayaran Siswa/Homepage/Sub-Menu Tagihan Persiswa' is clicked on

03-01-2025T15:18:20 - [TEST_STEP][PASSED] - click(findTestObject("Master Tagihan/Admin Sekolah/Pembayaran Siswa/Homepage/Sub Menu Tagihan Persiswa/Dropdown Unit/Klik Dropdown")): Object: 'Object Repository/Master Tagihan/Admin Sekolah/Pembayaran Siswa/Homepage/Sub Menu Tagihan Persiswa/Dropdown Unit/Klik Dropdown' is clicked on

03-01-2025T15:18:20 - [MESSAGE][PASSED] - Object: 'Object Repository/Master Tagihan/Admin Sekolah/Pembayaran Siswa/Homepage/Sub Menu Tagihan Persiswa/Dropdown Unit/Klik Dropdown' is clicked on

03-01-2025T15:18:20 - [TEST_STEP][PASSED] - click(findTestObject("Master Tagihan/Admin Sekolah/Pembayaran Siswa/Homepage/Sub Menu Tagihan Persiswa/Dropdown Unit/Pilih Value Unit")): Object: 'Object Repository/Master Tagihan/Admin Sekolah/Pembayaran Siswa/Homepage/Sub Menu Tagihan Persiswa/Dropdown Unit/Pilih Value Unit' is clicked on

03-01-2025T15:18:21 - [MESSAGE][PASSED] - Object: 'Object Repository/Master Tagihan/Admin Sekolah/Pembayaran Siswa/Homepage/Sub Menu Tagihan Persiswa/Dropdown Unit/Pilih Value Unit' is clicked on

03-01-2025T15:18:21 - [TEST_STEP][PASSED] - click(findTestObject("Master Tagihan/Admin Sekolah/Pembayaran Siswa/Homepage/Sub Menu Tagihan Persiswa/Dropdown Kelas/Klik Dropdown Kelas")): Object: 'Object Repository/Master Tagihan/Admin Sekolah/Pembayaran Siswa/Homepage/Sub Menu Tagihan Persiswa/Dropdown Kelas/Klik Dropdown Kelas' is clicked on

03-01-2025T15:18:21 - [MESSAGE][PASSED] - Object: 'Object Repository/Master Tagihan/Admin Sekolah/Pembayaran Siswa/Homepage/Sub Menu Tagihan Persiswa/Dropdown Kelas/Klik Dropdown Kelas' is clicked on

03-01-2025T15:18:21 - [TEST_STEP][PASSED] - setText(findTestObject("Master Tagihan/Admin Sekolah/Pembayaran Siswa/Homepage/Sub Menu Tagihan Persiswa/Dropdown Kelas/Klik Field Cari Kelas"), "XI IPA"): Text 'XI IPA' is set on object 'Object Repository/Master Tagihan/Admin Sekolah/Pembayaran Siswa/Homepage/Sub Menu Tagihan Persiswa/Dropdown Kelas/Klik Field Cari Kelas'

03-01-2025T15:18:22 - [MESSAGE][PASSED] - Text 'XI IPA' is set on object 'Object Repository/Master Tagihan/Admin Sekolah/Pembayaran Siswa/Homepage/Sub Menu Tagihan Persiswa/Dropdown Kelas/Klik Field Cari Kelas'

03-01-2025T15:18:22 - [TEST_STEP][PASSED] - click(findTestObject("Master Tagihan/Admin Sekolah/Pembayaran Siswa/Homepage/Sub Menu Tagihan Persiswa/Dropdown Kelas/Pilih Kelas")): Object: 'Object Repository/Master Tagihan/Admin Sekolah/Pembayaran Siswa/Homepage/Sub Menu Tagihan Persiswa/Dropdown Kelas/Pilih Kelas' is clicked on

03-01-2025T15:18:22 - [MESSAGE][PASSED] - Object: 'Object Repository/Master Tagihan/Admin Sekolah/Pembayaran Siswa/Homepage/Sub Menu Tagihan Persiswa/Dropdown Kelas/Pilih Kelas' is clicked on

03-01-2025T15:18:22 - [TEST_STEP][PASSED] - click(findTestObject("Master Tagihan/Admin Sekolah/Pembayaran Siswa/Homepage/Sub Menu Tagihan Persiswa/Filter/Filter By NIS/Klik Dropdown Nama")): Object: 'Object Repository/Master Tagihan/Admin Sekolah/Pembayaran Siswa/Homepage/Sub Menu Tagihan Persiswa/Filter/Filter By NIS/Klik Dropdown Nama' is clicked on

03-01-2025T15:18:22 - [MESSAGE][PASSED] - Object: 'Object Repository/Master Tagihan/Admin Sekolah/Pembayaran Siswa/Homepage/Sub Menu Tagihan Persiswa/Filter/Filter By NIS/Klik Dropdown Nama' is clicked on

03-01-2025T15:18:22 - [TEST_STEP][PASSED] - click(findTestObject("Master Tagihan/Admin Sekolah/Pembayaran Siswa/Homepage/Sub Menu Tagihan Persiswa/Filter/Filter By NIS/Klik NIS")): Object: 'Object Repository/Master Tagihan/Admin Sekolah/Pembayaran Siswa/Homepage/Sub Menu Tagihan Persiswa/Filter/Filter By NIS/Klik NIS' is clicked on

03-01-2025T15:18:23 - [MESSAGE][PASSED] - Object: 'Object Repository/Master Tagihan/Admin Sekolah/Pembayaran Siswa/Homepage/Sub Menu Tagihan Persiswa/Filter/Filter By NIS/Klik NIS' is clicked on

03-01-2025T15:18:23 - [TEST_STEP][PASSED] - setText(findTestObject("Master Tagihan/Admin Sekolah/Pembayaran Siswa/Homepage/Sub Menu Tagihan Persiswa/Field Nama/Klik Field Nama"), "2024"): Text '2024' is set on object 'Object Repository/Master Tagihan/Admin Sekolah/Pembayaran Siswa/Homepage/Sub Menu Tagihan Persiswa/Field Nama/Klik Field Nama'

03-01-2025T15:18:23 - [MESSAGE][PASSED] - Text '2024' is set on object 'Object Repository/Master Tagihan/Admin Sekolah/Pembayaran Siswa/Homepage/Sub Menu Tagihan Persiswa/Field Nama/Klik Field Nama'

03-01-2025T15:18:23 - [TEST_STEP][PASSED] - click(findTestObject("Master Tagihan/Admin Sekolah/Pembayaran Siswa/Homepage/Sub Menu Tagihan Persiswa/Field Nama/Edit Tagihannya")): Object: 'Object Repository/Master Tagihan/Admin Sekolah/Pembayaran Siswa/Homepage/Sub Menu Tagihan Persiswa/Field Nama/Edit Tagihannya' is clicked on

03-01-2025T15:18:25 - [MESSAGE][PASSED] - Object: 'Object Repository/Master Tagihan/Admin Sekolah/Pembayaran Siswa/Homepage/Sub Menu Tagihan Persiswa/Field Nama/Edit Tagihannya' is clicked on

03-01-2025T15:18:25 - [TEST_STEP][PASSED] - click(findTestObject("Master Tagihan/Admin Sekolah/Pembayaran Siswa/Homepage/Sub Menu Tagihan Persiswa/Tombol Terapkan/Klik Tombol Terapkan")): Object: 'Object Repository/Master Tagihan/Admin Sekolah/Pembayaran Siswa/Homepage/Sub Menu Tagihan Persiswa/Tombol Terapkan/Klik Tombol Terapkan' is clicked on

03-01-2025T15:18:25 - [MESSAGE][PASSED] - Object: 'Object Repository/Master Tagihan/Admin Sekolah/Pembayaran Siswa/Homepage/Sub Menu Tagihan Persiswa/Tombol Terapkan/Klik Tombol Terapkan' is clicked on

03-01-2025T15:18:25 - [TEST_STEP][PASSED] - delay(2): Delayed 2 second(s)

03-01-2025T15:18:27 - [MESSAGE][PASSED] - Delayed 2 second(s)

03-01-2025T15:18:27 - [TEST_STEP][PASSED] - click(findTestObject("Master Tagihan/Admin Sekolah/Pembayaran Siswa/Homepage/Sub Menu Tagihan Persiswa/Tri Dots Icon/Klik Tri Dots Icon")): Object: 'Object Repository/Master Tagihan/Admin Sekolah/Pembayaran Siswa/Homepage/Sub Menu Tagihan Persiswa/Tri Dots Icon/Klik Tri Dots Icon' is clicked on

03-01-2025T15:18:28 - [MESSAGE][PASSED] - Object: 'Object Repository/Master Tagihan/Admin Sekolah/Pembayaran Siswa/Homepage/Sub Menu Tagihan Persiswa/Tri Dots Icon/Klik Tri Dots Icon' is clicked on

03-01-2025T15:18:28 - [TEST_STEP][PASSED] - click(findTestObject("Master Tagihan/Admin Sekolah/Pembayaran Siswa/Homepage/Sub Menu Tagihan Persiswa/Tri Dots Icon/Edit Tagihan Persiswa/Klik Edit")): Object: 'Object Repository/Master Tagihan/Admin Sekolah/Pembayaran Siswa/Homepage/Sub Menu Tagihan Persiswa/Tri Dots Icon/Edit Tagihan Persiswa/Klik Edit' is clicked on

03-01-2025T15:18:28 - [MESSAGE][PASSED] - Object: 'Object Repository/Master Tagihan/Admin Sekolah/Pembayaran Siswa/Homepage/Sub Menu Tagihan Persiswa/Tri Dots Icon/Edit Tagihan Persiswa/Klik Edit' is clicked on

03-01-2025T15:18:28 - [TEST_STEP][PASSED] - sendKeys(findTestObject("Master Tagihan/Admin Sekolah/Pembayaran Siswa/Homepage/Sub Menu Tagihan Persiswa/Tri Dots Icon/Edit Tagihan Persiswa/Edit Nama Tagihan"), Keys.chord(CONTROL, "a")): Keys 'CONTROL + a' sent to object: 'Object Repository/Master Tagihan/Admin Sekolah/Pembayaran Siswa/Homepage/Sub Menu Tagihan Persiswa/Tri Dots Icon/Edit Tagihan Persiswa/Edit Nama Tagihan'

03-01-2025T15:18:29 - [MESSAGE][PASSED] - Keys 'CONTROL + a' sent to object: 'Object Repository/Master Tagihan/Admin Sekolah/Pembayaran Siswa/Homepage/Sub Menu Tagihan Persiswa/Tri Dots Icon/Edit Tagihan Persiswa/Edit Nama Tagihan'

03-01-2025T15:18:29 - [TEST_STEP][PASSED] - sendKeys(findTestObject("Master Tagihan/Admin Sekolah/Pembayaran Siswa/Homepage/Sub Menu Tagihan Persiswa/Tri Dots Icon/Edit Tagihan Persiswa/Edit Nama Tagihan"), Keys.chord(BACK_SPACE)): Keys 'BACK_SPACE + ' sent to object: 'Object Repository/Master Tagihan/Admin Sekolah/Pembayaran Siswa/Homepage/Sub Menu Tagihan Persiswa/Tri Dots Icon/Edit Tagihan Persiswa/Edit Nama Tagihan'

03-01-2025T15:18:29 - [MESSAGE][PASSED] - Keys 'BACK_SPACE + ' sent to object: 'Object Repository/Master Tagihan/Admin Sekolah/Pembayaran Siswa/Homepage/Sub Menu Tagihan Persiswa/Tri Dots Icon/Edit Tagihan Persiswa/Edit Nama Tagihan'

03-01-2025T15:18:29 - [TEST_STEP][PASSED] - setText(findTestObject("Master Tagihan/Admin Sekolah/Pembayaran Siswa/Homepage/Sub Menu Tagihan Persiswa/Tri Dots Icon/Edit Tagihan Persiswa/Edit Nama Tagihan"), "tagihan pempek goreng"): Text 'tagihan pempek goreng' is set on object 'Object Repository/Master Tagihan/Admin Sekolah/Pembayaran Siswa/Homepage/Sub Menu Tagihan Persiswa/Tri Dots Icon/Edit Tagihan Persiswa/Edit Nama Tagihan'

03-01-2025T15:18:30 - [MESSAGE][PASSED] - Text 'tagihan pempek goreng' is set on object 'Object Repository/Master Tagihan/Admin Sekolah/Pembayaran Siswa/Homepage/Sub Menu Tagihan Persiswa/Tri Dots Icon/Edit Tagihan Persiswa/Edit Nama Tagihan'

03-01-2025T15:18:30 - [TEST_STEP][PASSED] - click(findTestObject("Master Tagihan/Admin Sekolah/Pembayaran Siswa/Homepage/Sub Menu Tagihan Persiswa/Tri Dots Icon/Edit Tagihan Persiswa/Edit Total Tagihan")): Object: 'Object Repository/Master Tagihan/Admin Sekolah/Pembayaran Siswa/Homepage/Sub Menu Tagihan Persiswa/Tri Dots Icon/Edit Tagihan Persiswa/Edit Total Tagihan' is clicked on

03-01-2025T15:18:30 - [MESSAGE][PASSED] - Object: 'Object Repository/Master Tagihan/Admin Sekolah/Pembayaran Siswa/Homepage/Sub Menu Tagihan Persiswa/Tri Dots Icon/Edit Tagihan Persiswa/Edit Total Tagihan' is clicked on

03-01-2025T15:18:30 - [TEST_STEP][PASSED] - sendKeys(findTestObject("Master Tagihan/Admin Sekolah/Pembayaran Siswa/Homepage/Sub Menu Tagihan Persiswa/Tri Dots Icon/Edit Tagihan Persiswa/Edit Total Tagihan"), Keys.chord(CONTROL, "a")): Keys 'CONTROL + a' sent to object: 'Object Repository/Master Tagihan/Admin Sekolah/Pembayaran Siswa/Homepage/Sub Menu Tagihan Persiswa/Tri Dots Icon/Edit Tagihan Persiswa/Edit Total Tagihan'

03-01-2025T15:18:30 - [MESSAGE][PASSED] - Keys 'CONTROL + a' sent to object: 'Object Repository/Master Tagihan/Admin Sekolah/Pembayaran Siswa/Homepage/Sub Menu Tagihan Persiswa/Tri Dots Icon/Edit Tagihan Persiswa/Edit Total Tagihan'

03-01-2025T15:18:30 - [TEST_STEP][PASSED] - sendKeys(findTestObject("Master Tagihan/Admin Sekolah/Pembayaran Siswa/Homepage/Sub Menu Tagihan Persiswa/Tri Dots Icon/Edit Tagihan Persiswa/Edit Total Tagihan"), Keys.chord(BACK_SPACE)): Keys 'BACK_SPACE + ' sent to object: 'Object Repository/Master Tagihan/Admin Sekolah/Pembayaran Siswa/Homepage/Sub Menu Tagihan Persiswa/Tri Dots Icon/Edit Tagihan Persiswa/Edit Total Tagihan'

03-01-2025T15:18:30 - [MESSAGE][PASSED] - Keys 'BACK_SPACE + ' sent to object: 'Object Repository/Master Tagihan/Admin Sekolah/Pembayaran Siswa/Homepage/Sub Menu Tagihan Persiswa/Tri Dots Icon/Edit Tagihan Persiswa/Edit Total Tagihan'

03-01-2025T15:18:30 - [TEST_STEP][PASSED] - setText(findTestObject("Master Tagihan/Admin Sekolah/Pembayaran Siswa/Homepage/Sub Menu Tagihan Persiswa/Tri Dots Icon/Edit Tagihan Persiswa/Edit Total Tagihan"), randomNumber.toString()): Text '11549694' is set on object 'Object Repository/Master Tagihan/Admin Sekolah/Pembayaran Siswa/Homepage/Sub Menu Tagihan Persiswa/Tri Dots Icon/Edit Tagihan Persiswa/Edit Total Tagihan'

03-01-2025T15:18:31 - [MESSAGE][PASSED] - Text '11549694' is set on object 'Object Repository/Master Tagihan/Admin Sekolah/Pembayaran Siswa/Homepage/Sub Menu Tagihan Persiswa/Tri Dots Icon/Edit Tagihan Persiswa/Edit Total Tagihan'

03-01-2025T15:18:31 - [TEST_STEP][PASSED] - click(findTestObject("Master Tagihan/Admin Sekolah/Pembayaran Siswa/Homepage/Sub Menu Tagihan Persiswa/Tri Dots Icon/Edit Tagihan Persiswa/Tombol Simpan Tagihan/Tombol Simpan")): Object: 'Object Repository/Master Tagihan/Admin Sekolah/Pembayaran Siswa/Homepage/Sub Menu Tagihan Persiswa/Tri Dots Icon/Edit Tagihan Persiswa/Tombol Simpan Tagihan/Tombol Simpan' is clicked on

03-01-2025T15:18:31 - [MESSAGE][PASSED] - Object: 'Object Repository/Master Tagihan/Admin Sekolah/Pembayaran Siswa/Homepage/Sub Menu Tagihan Persiswa/Tri Dots Icon/Edit Tagihan Persiswa/Tombol Simpan Tagihan/Tombol Simpan' is clicked on

03-01-2025T15:18:31 - [TEST_STEP][PASSED] - closeBrowser(): Browser is closed

03-01-2025T15:18:31 - [MESSAGE][PASSED] - Browser is closed

03-01-2025T15:18:31 - [MESSAGE][PASSED] - Call Test Case 'Test Cases/Master Tagihan/Admin Sekolah/Master Tagihan Pembayaran Per Siswa/Edit Tagihan Persiswa' successfully

03-01-2025T15:18:31 - [TEST_STEP][PASSED] - callTestCase(findTestCase("Test Cases/Master Tagihan/Admin Sekolah/Master Tagihan Pembayaran Per Siswa/Delete Tagihan Persiswa"), [:], CONTINUE_ON_FAILURE): Call Test Case 'Test Cases/Master Tagihan/Admin Sekolah/Master Tagihan Pembayaran Per Siswa/Delete Tagihan Persiswa' successfully

03-01-2025T15:18:31 - [TEST_CASE][PASSED] - Test Cases/Master Tagihan/Admin Sekolah/Master Tagihan Pembayaran Per Siswa/Delete Tagihan Persiswa: Test Cases/Master Tagihan/Admin Sekolah/Master Tagihan Pembayaran Per Siswa/Delete Tagihan Persiswa

03-01-2025T15:18:31 - [TEST_STEP][PASSED] - openBrowser(""): Browser is opened with url: ''

03-01-2025T15:18:31 - [MESSAGE][INFO] - Starting 'Chrome' driver

03-01-2025T15:18:31 - [MESSAGE][INFO] - Action delay is set to 0 milliseconds

03-01-2025T15:18:32 - [MESSAGE][PASSED] - Browser is opened with url: ''

03-01-2025T15:18:32 - [TEST_STEP][PASSED] - navigateToUrl("https://sit.siprusedu.com/login"): Navigate to 'https://sit.siprusedu.com/login' successfully

03-01-2025T15:18:52 - [MESSAGE][PASSED] - Navigate to 'https://sit.siprusedu.com/login' successfully

03-01-2025T15:18:52 - [TEST_STEP][PASSED] - click(findTestObject("Master Data/Admin Sekolah/Login/Field Email")): Object: 'Object Repository/Master Data/Admin Sekolah/Login/Field Email' is clicked on

03-01-2025T15:18:52 - [MESSAGE][PASSED] - Object: 'Object Repository/Master Data/Admin Sekolah/Login/Field Email' is clicked on

03-01-2025T15:18:52 - [TEST_STEP][PASSED] - setText(findTestObject("Master Data/Admin Sekolah/Login/Field Email"), "admin.sekolah@gmail.com"): Text 'admin.sekolah@gmail.com' is set on object 'Object Repository/Master Data/Admin Sekolah/Login/Field Email'

03-01-2025T15:18:53 - [MESSAGE][PASSED] - Text 'admin.sekolah@gmail.com' is set on object 'Object Repository/Master Data/Admin Sekolah/Login/Field Email'

03-01-2025T15:18:53 - [TEST_STEP][PASSED] - delay(1): Delayed 1 second(s)

03-01-2025T15:18:54 - [MESSAGE][PASSED] - Delayed 1 second(s)

03-01-2025T15:18:54 - [TEST_STEP][PASSED] - click(findTestObject("Master Data/Admin Sekolah/Login/Input Password")): Object: 'Object Repository/Master Data/Admin Sekolah/Login/Input Password' is clicked on

03-01-2025T15:18:54 - [MESSAGE][PASSED] - Object: 'Object Repository/Master Data/Admin Sekolah/Login/Input Password' is clicked on

03-01-2025T15:18:54 - [TEST_STEP][PASSED] - setText(findTestObject("Master Data/Admin Sekolah/Login/Input Password"), "Test1234"): Text 'Test1234' is set on object 'Object Repository/Master Data/Admin Sekolah/Login/Input Password'

03-01-2025T15:18:54 - [MESSAGE][PASSED] - Text 'Test1234' is set on object 'Object Repository/Master Data/Admin Sekolah/Login/Input Password'

03-01-2025T15:18:54 - [TEST_STEP][PASSED] - delay(1): Delayed 1 second(s)

03-01-2025T15:18:55 - [MESSAGE][PASSED] - Delayed 1 second(s)

03-01-2025T15:18:55 - [TEST_STEP][PASSED] - click(findTestObject("Master Data/Admin Sekolah/Login/Button Submit")): Object: 'Object Repository/Master Data/Admin Sekolah/Login/Button Submit' is clicked on

03-01-2025T15:18:56 - [MESSAGE][PASSED] - Object: 'Object Repository/Master Data/Admin Sekolah/Login/Button Submit' is clicked on

03-01-2025T15:18:56 - [TEST_STEP][PASSED] - delay(1): Delayed 1 second(s)

03-01-2025T15:18:57 - [MESSAGE][PASSED] - Delayed 1 second(s)

03-01-2025T15:18:57 - [TEST_STEP][PASSED] - click(findTestObject("Master Tagihan/Admin Sekolah/Pembayaran Siswa/Homepage/Menu Tagihan")): Object: 'Object Repository/Master Tagihan/Admin Sekolah/Pembayaran Siswa/Homepage/Menu Tagihan' is clicked on

03-01-2025T15:18:58 - [MESSAGE][PASSED] - Object: 'Object Repository/Master Tagihan/Admin Sekolah/Pembayaran Siswa/Homepage/Menu Tagihan' is clicked on

03-01-2025T15:18:58 - [TEST_STEP][PASSED] - delay(1): Delayed 1 second(s)

03-01-2025T15:18:59 - [MESSAGE][PASSED] - Delayed 1 second(s)

03-01-2025T15:18:59 - [TEST_STEP][PASSED] - click(findTestObject("Master Tagihan/Admin Sekolah/Pembayaran Siswa/Homepage/Sub-Menu Tagihan Persiswa")): Object: 'Object Repository/Master Tagihan/Admin Sekolah/Pembayaran Siswa/Homepage/Sub-Menu Tagihan Persiswa' is clicked on

03-01-2025T15:18:59 - [MESSAGE][PASSED] - Object: 'Object Repository/Master Tagihan/Admin Sekolah/Pembayaran Siswa/Homepage/Sub-Menu Tagihan Persiswa' is clicked on

03-01-2025T15:18:59 - [TEST_STEP][PASSED] - delay(1): Delayed 1 second(s)

03-01-2025T15:19:00 - [MESSAGE][PASSED] - Delayed 1 second(s)

03-01-2025T15:19:00 - [TEST_STEP][PASSED] - click(findTestObject("Master Tagihan/Admin Sekolah/Pembayaran Siswa/Homepage/Sub Menu Tagihan Persiswa/Dropdown Unit/Klik Dropdown")): Object: 'Object Repository/Master Tagihan/Admin Sekolah/Pembayaran Siswa/Homepage/Sub Menu Tagihan Persiswa/Dropdown Unit/Klik Dropdown' is clicked on

03-01-2025T15:19:00 - [MESSAGE][PASSED] - Object: 'Object Repository/Master Tagihan/Admin Sekolah/Pembayaran Siswa/Homepage/Sub Menu Tagihan Persiswa/Dropdown Unit/Klik Dropdown' is clicked on

03-01-2025T15:19:00 - [TEST_STEP][PASSED] - delay(1): Delayed 1 second(s)

03-01-2025T15:19:01 - [MESSAGE][PASSED] - Delayed 1 second(s)

03-01-2025T15:19:01 - [TEST_STEP][PASSED] - click(findTestObject("Master Tagihan/Admin Sekolah/Pembayaran Siswa/Homepage/Sub Menu Tagihan Persiswa/Dropdown Unit/Pilih Value Unit")): Object: 'Object Repository/Master Tagihan/Admin Sekolah/Pembayaran Siswa/Homepage/Sub Menu Tagihan Persiswa/Dropdown Unit/Pilih Value Unit' is clicked on

03-01-2025T15:19:02 - [MESSAGE][PASSED] - Object: 'Object Repository/Master Tagihan/Admin Sekolah/Pembayaran Siswa/Homepage/Sub Menu Tagihan Persiswa/Dropdown Unit/Pilih Value Unit' is clicked on

03-01-2025T15:19:02 - [TEST_STEP][PASSED] - delay(1): Delayed 1 second(s)

03-01-2025T15:19:03 - [MESSAGE][PASSED] - Delayed 1 second(s)

03-01-2025T15:19:03 - [TEST_STEP][PASSED] - click(findTestObject("Master Tagihan/Admin Sekolah/Pembayaran Siswa/Homepage/Sub Menu Tagihan Persiswa/Dropdown Kelas/Klik Dropdown Kelas")): Object: 'Object Repository/Master Tagihan/Admin Sekolah/Pembayaran Siswa/Homepage/Sub Menu Tagihan Persiswa/Dropdown Kelas/Klik Dropdown Kelas' is clicked on

03-01-2025T15:19:03 - [MESSAGE][PASSED] - Object: 'Object Repository/Master Tagihan/Admin Sekolah/Pembayaran Siswa/Homepage/Sub Menu Tagihan Persiswa/Dropdown Kelas/Klik Dropdown Kelas' is clicked on

03-01-2025T15:19:03 - [TEST_STEP][PASSED] - delay(1): Delayed 1 second(s)

03-01-2025T15:19:04 - [MESSAGE][PASSED] - Delayed 1 second(s)

03-01-2025T15:19:04 - [TEST_STEP][PASSED] - click(findTestObject("Master Tagihan/Admin Sekolah/Pembayaran Siswa/Homepage/Sub Menu Tagihan Persiswa/Dropdown Kelas/Klik Field Cari Kelas")): Object: 'Object Repository/Master Tagihan/Admin Sekolah/Pembayaran Siswa/Homepage/Sub Menu Tagihan Persiswa/Dropdown Kelas/Klik Field Cari Kelas' is clicked on

03-01-2025T15:19:04 - [MESSAGE][PASSED] - Object: 'Object Repository/Master Tagihan/Admin Sekolah/Pembayaran Siswa/Homepage/Sub Menu Tagihan Persiswa/Dropdown Kelas/Klik Field Cari Kelas' is clicked on

03-01-2025T15:19:04 - [TEST_STEP][PASSED] - delay(1): Delayed 1 second(s)

03-01-2025T15:19:05 - [MESSAGE][PASSED] - Delayed 1 second(s)

03-01-2025T15:19:05 - [TEST_STEP][PASSED] - setText(findTestObject("Master Tagihan/Admin Sekolah/Pembayaran Siswa/Homepage/Sub Menu Tagihan Persiswa/Dropdown Kelas/Klik Field Cari Kelas"), "XI IPA"): Text 'XI IPA' is set on object 'Object Repository/Master Tagihan/Admin Sekolah/Pembayaran Siswa/Homepage/Sub Menu Tagihan Persiswa/Dropdown Kelas/Klik Field Cari Kelas'

03-01-2025T15:19:06 - [MESSAGE][PASSED] - Text 'XI IPA' is set on object 'Object Repository/Master Tagihan/Admin Sekolah/Pembayaran Siswa/Homepage/Sub Menu Tagihan Persiswa/Dropdown Kelas/Klik Field Cari Kelas'

03-01-2025T15:19:06 - [TEST_STEP][PASSED] - click(findTestObject("Master Tagihan/Admin Sekolah/Pembayaran Siswa/Homepage/Sub Menu Tagihan Persiswa/Dropdown Kelas/Pilih Kelas")): Object: 'Object Repository/Master Tagihan/Admin Sekolah/Pembayaran Siswa/Homepage/Sub Menu Tagihan Persiswa/Dropdown Kelas/Pilih Kelas' is clicked on

03-01-2025T15:19:06 - [MESSAGE][PASSED] - Object: 'Object Repository/Master Tagihan/Admin Sekolah/Pembayaran Siswa/Homepage/Sub Menu Tagihan Persiswa/Dropdown Kelas/Pilih Kelas' is clicked on

03-01-2025T15:19:06 - [TEST_STEP][PASSED] - delay(1): Delayed 1 second(s)

03-01-2025T15:19:07 - [MESSAGE][PASSED] - Delayed 1 second(s)

03-01-2025T15:19:07 - [TEST_STEP][PASSED] - click(findTestObject("Master Tagihan/Admin Sekolah/Pembayaran Siswa/Homepage/Sub Menu Tagihan Persiswa/Filter/Filter By NIS/Klik Dropdown Nama")): Object: 'Object Repository/Master Tagihan/Admin Sekolah/Pembayaran Siswa/Homepage/Sub Menu Tagihan Persiswa/Filter/Filter By NIS/Klik Dropdown Nama' is clicked on

03-01-2025T15:19:07 - [MESSAGE][PASSED] - Object: 'Object Repository/Master Tagihan/Admin Sekolah/Pembayaran Siswa/Homepage/Sub Menu Tagihan Persiswa/Filter/Filter By NIS/Klik Dropdown Nama' is clicked on

03-01-2025T15:19:07 - [TEST_STEP][PASSED] - click(findTestObject("Master Tagihan/Admin Sekolah/Pembayaran Siswa/Homepage/Sub Menu Tagihan Persiswa/Filter/Filter By NIS/Klik NIS")): Object: 'Object Repository/Master Tagihan/Admin Sekolah/Pembayaran Siswa/Homepage/Sub Menu Tagihan Persiswa/Filter/Filter By NIS/Klik NIS' is clicked on

03-01-2025T15:19:08 - [MESSAGE][PASSED] - Object: 'Object Repository/Master Tagihan/Admin Sekolah/Pembayaran Siswa/Homepage/Sub Menu Tagihan Persiswa/Filter/Filter By NIS/Klik NIS' is clicked on

03-01-2025T15:19:08 - [TEST_STEP][PASSED] - delay(1): Delayed 1 second(s)

03-01-2025T15:19:09 - [MESSAGE][PASSED] - Delayed 1 second(s)

03-01-2025T15:19:09 - [TEST_STEP][PASSED] - click(findTestObject("Master Tagihan/Admin Sekolah/Pembayaran Siswa/Homepage/Sub Menu Tagihan Persiswa/Field Nama/Klik Field Nama")): Object: 'Object Repository/Master Tagihan/Admin Sekolah/Pembayaran Siswa/Homepage/Sub Menu Tagihan Persiswa/Field Nama/Klik Field Nama' is clicked on

03-01-2025T15:19:09 - [MESSAGE][PASSED] - Object: 'Object Repository/Master Tagihan/Admin Sekolah/Pembayaran Siswa/Homepage/Sub Menu Tagihan Persiswa/Field Nama/Klik Field Nama' is clicked on

03-01-2025T15:19:09 - [TEST_STEP][PASSED] - setText(findTestObject("Master Tagihan/Admin Sekolah/Pembayaran Siswa/Homepage/Sub Menu Tagihan Persiswa/Field Nama/Klik Field Nama"), "2024"): Text '2024' is set on object 'Object Repository/Master Tagihan/Admin Sekolah/Pembayaran Siswa/Homepage/Sub Menu Tagihan Persiswa/Field Nama/Klik Field Nama'

03-01-2025T15:19:09 - [MESSAGE][PASSED] - Text '2024' is set on object 'Object Repository/Master Tagihan/Admin Sekolah/Pembayaran Siswa/Homepage/Sub Menu Tagihan Persiswa/Field Nama/Klik Field Nama'

03-01-2025T15:19:09 - [TEST_STEP][PASSED] - click(findTestObject("Master Tagihan/Admin Sekolah/Pembayaran Siswa/Homepage/Sub Menu Tagihan Persiswa/Filter/Filter By NIS/Pilih Value NIS")): Object: 'Object Repository/Master Tagihan/Admin Sekolah/Pembayaran Siswa/Homepage/Sub Menu Tagihan Persiswa/Filter/Filter By NIS/Pilih Value NIS' is clicked on

03-01-2025T15:19:11 - [MESSAGE][PASSED] - Object: 'Object Repository/Master Tagihan/Admin Sekolah/Pembayaran Siswa/Homepage/Sub Menu Tagihan Persiswa/Filter/Filter By NIS/Pilih Value NIS' is clicked on

03-01-2025T15:19:11 - [TEST_STEP][PASSED] - delay(1): Delayed 1 second(s)

03-01-2025T15:19:12 - [MESSAGE][PASSED] - Delayed 1 second(s)

03-01-2025T15:19:12 - [TEST_STEP][PASSED] - click(findTestObject("Master Tagihan/Admin Sekolah/Pembayaran Siswa/Homepage/Sub Menu Tagihan Persiswa/Tombol Terapkan/Klik Tombol Terapkan")): Object: 'Object Repository/Master Tagihan/Admin Sekolah/Pembayaran Siswa/Homepage/Sub Menu Tagihan Persiswa/Tombol Terapkan/Klik Tombol Terapkan' is clicked on

03-01-2025T15:19:12 - [MESSAGE][PASSED] - Object: 'Object Repository/Master Tagihan/Admin Sekolah/Pembayaran Siswa/Homepage/Sub Menu Tagihan Persiswa/Tombol Terapkan/Klik Tombol Terapkan' is clicked on

03-01-2025T15:19:12 - [TEST_STEP][PASSED] - delay(1): Delayed 1 second(s)

03-01-2025T15:19:13 - [MESSAGE][PASSED] - Delayed 1 second(s)

03-01-2025T15:19:13 - [TEST_STEP][PASSED] - click(findTestObject("Master Tagihan/Admin Sekolah/Pembayaran Siswa/Homepage/Sub Menu Tagihan Persiswa/Tri Dots Icon/Hapus Tagihan PerSiswa/Tridots Untuk Hapus")): Object: 'Object Repository/Master Tagihan/Admin Sekolah/Pembayaran Siswa/Homepage/Sub Menu Tagihan Persiswa/Tri Dots Icon/Hapus Tagihan PerSiswa/Tridots Untuk Hapus' is clicked on

03-01-2025T15:19:14 - [MESSAGE][PASSED] - Object: 'Object Repository/Master Tagihan/Admin Sekolah/Pembayaran Siswa/Homepage/Sub Menu Tagihan Persiswa/Tri Dots Icon/Hapus Tagihan PerSiswa/Tridots Untuk Hapus' is clicked on

03-01-2025T15:19:14 - [TEST_STEP][PASSED] - click(findTestObject("Master Tagihan/Admin Sekolah/Pembayaran Siswa/Homepage/Sub Menu Tagihan Persiswa/Tri Dots Icon/Hapus Tagihan PerSiswa/Option Hapus")): Object: 'Object Repository/Master Tagihan/Admin Sekolah/Pembayaran Siswa/Homepage/Sub Menu Tagihan Persiswa/Tri Dots Icon/Hapus Tagihan PerSiswa/Option Hapus' is clicked on

03-01-2025T15:19:14 - [MESSAGE][PASSED] - Object: 'Object Repository/Master Tagihan/Admin Sekolah/Pembayaran Siswa/Homepage/Sub Menu Tagihan Persiswa/Tri Dots Icon/Hapus Tagihan PerSiswa/Option Hapus' is clicked on

03-01-2025T15:19:14 - [TEST_STEP][PASSED] - click(findTestObject("Master Tagihan/Admin Sekolah/Pembayaran Siswa/Homepage/Sub Menu Tagihan Persiswa/Tri Dots Icon/Hapus Tagihan PerSiswa/Hapus Data")): Object: 'Object Repository/Master Tagihan/Admin Sekolah/Pembayaran Siswa/Homepage/Sub Menu Tagihan Persiswa/Tri Dots Icon/Hapus Tagihan PerSiswa/Hapus Data' is clicked on

03-01-2025T15:19:15 - [MESSAGE][PASSED] - Object: 'Object Repository/Master Tagihan/Admin Sekolah/Pembayaran Siswa/Homepage/Sub Menu Tagihan Persiswa/Tri Dots Icon/Hapus Tagihan PerSiswa/Hapus Data' is clicked on

03-01-2025T15:19:15 - [TEST_STEP][PASSED] - closeBrowser(): Browser is closed

03-01-2025T15:19:15 - [MESSAGE][PASSED] - Browser is closed

03-01-2025T15:19:15 - [MESSAGE][PASSED] - Call Test Case 'Test Cases/Master Tagihan/Admin Sekolah/Master Tagihan Pembayaran Per Siswa/Delete Tagihan Persiswa' successfully

03-01-2025T15:19:15 - [TEST_STEP][PASSED] - println("============================= Loop Again ==============================="): null]]></system-out>
         <system-err><![CDATA[]]></system-err>
      </testcase>
      <system-out><![CDATA[03-01-2025T15:10:54 - [TEST_SUITE][PASSED] - SPRINT 2: Test Cases/Regresi Feature/Sprint 2/Regresi Tagihan Persiswa]]></system-out>
      <system-err><![CDATA[]]></system-err>
   </testsuite>
</testsuites>
