<?xml version="1.0" encoding="UTF-8"?>
<testsuites name="SPRINT 1" time="210.561" tests="5" failures="0" errors="0">
   <testsuite name="SPRINT 1" tests="5" failures="0" errors="0" time="210.561" skipped="0" timestamp="03-01-2025T14:53:03" hostname="henri - Henri" id="Test Suites/SPRINT 1">
      <properties>
         <property name="deviceName" value=""/>
         <property name="devicePlatform"/>
         <property name="logFolder" value="C:\\Users\\henri\\Videos\\school-payment-automation-testing\\Reports\\20250103_145256\\SPRINT 1\\20250103_145257"/>
         <property name="logFiles" value="C:\\Users\\henri\\Videos\\school-payment-automation-testing\\Reports\\20250103_145256\\SPRINT 1\\20250103_145257\\execution0.log"/>
         <property name="attachments" value="C:\\Users\\henri\\Videos\\school-payment-automation-testing\\Reports\\20250103_145256\\SPRINT 1\\20250103_145257\\1735890811342.png"/>
         <property name="hostName" value="henri - Henri"/>
         <property name="os" value="Windows 11 64bit"/>
         <property name="katalonVersion" value="10.0.0.223"/>
         <property name="browser" value="Chrome 131.0.0.0"/>
         <property name="hostAddress" value="192.168.0.116"/>
         <property name="sessionId" value="194a17a080367efb41ae257bba072f47"/>
         <property name="seleniumVersion" value="4.22.0"/>
         <property name="proxyInformation" value="ProxyInformation { proxyOption=NO_PROXY, proxyServerType=HTTP, username=, password=********, proxyServerAddress=, proxyServerPort=0, executionList=&quot;&quot;, isApplyToDesiredCapabilities=true }"/>
         <property name="platform" value="Windows 11"/>
      </properties>
      <testcase name="Test Cases/Regresi Feature/Sprint 1/Regresi Akun Bank" time="28.194" classname="Test Cases/Regresi Feature/Sprint 1/Regresi Akun Bank" status="PASSED">
         <system-out><![CDATA[03-01-2025T14:53:04 - [TEST_CASE][PASSED] - Test Cases/Regresi Feature/Sprint 1/Regresi Akun Bank: Test Cases/Regresi Feature/Sprint 1/Regresi Akun Bank

03-01-2025T14:53:04 - [TEST_STEP][PASSED] - for ([i = 1, i <= maxLoop, (i++)]): null

03-01-2025T14:53:04 - [TEST_STEP][PASSED] - callTestCase(findTestCase("Master Data/Admin Sekolah/Master Data Akun Bank/Tambah Akun Bank"), [:], CONTINUE_ON_FAILURE): Call Test Case 'Test Cases/Master Data/Admin Sekolah/Master Data Akun Bank/Tambah Akun Bank' successfully

03-01-2025T14:53:04 - [TEST_CASE][PASSED] - Test Cases/Master Data/Admin Sekolah/Master Data Akun Bank/Tambah Akun Bank: Test Cases/Master Data/Admin Sekolah/Master Data Akun Bank/Tambah Akun Bank

03-01-2025T14:53:04 - [TEST_STEP][PASSED] - openBrowser("", CONTINUE_ON_FAILURE): Browser is opened with url: ''

03-01-2025T14:53:05 - [MESSAGE][INFO] - Starting 'Chrome' driver

03-01-2025T14:53:05 - [MESSAGE][INFO] - Action delay is set to 0 milliseconds

03-01-2025T14:53:06 - [MESSAGE][PASSED] - Browser is opened with url: ''

03-01-2025T14:53:06 - [TEST_STEP][PASSED] - maximizeWindow(): Current window maximized

03-01-2025T14:53:06 - [MESSAGE][PASSED] - Current window maximized

03-01-2025T14:53:06 - [TEST_STEP][PASSED] - navigateToUrl("https://sit.siprusedu.com/login", CONTINUE_ON_FAILURE): Navigate to 'https://sit.siprusedu.com/login' successfully

03-01-2025T14:53:07 - [MESSAGE][PASSED] - Navigate to 'https://sit.siprusedu.com/login' successfully

03-01-2025T14:53:07 - [TEST_STEP][PASSED] - click(findTestObject("Master Data/Admin Sekolah/Login/Field Email"), CONTINUE_ON_FAILURE): Object: 'Object Repository/Master Data/Admin Sekolah/Login/Field Email' is clicked on

03-01-2025T14:53:09 - [MESSAGE][PASSED] - Object: 'Object Repository/Master Data/Admin Sekolah/Login/Field Email' is clicked on

03-01-2025T14:53:09 - [TEST_STEP][PASSED] - setText(findTestObject("Master Data/Admin Sekolah/Login/Field Email"), "admin.gudangsolusi@digiform.co.id", CONTINUE_ON_FAILURE): Text 'admin.gudangsolusi@digiform.co.id' is set on object 'Object Repository/Master Data/Admin Sekolah/Login/Field Email'

03-01-2025T14:53:09 - [MESSAGE][PASSED] - Text 'admin.gudangsolusi@digiform.co.id' is set on object 'Object Repository/Master Data/Admin Sekolah/Login/Field Email'

03-01-2025T14:53:09 - [TEST_STEP][PASSED] - click(findTestObject("Master Data/Admin Sekolah/Login/Input Password"), CONTINUE_ON_FAILURE): Object: 'Object Repository/Master Data/Admin Sekolah/Login/Input Password' is clicked on

03-01-2025T14:53:09 - [MESSAGE][PASSED] - Object: 'Object Repository/Master Data/Admin Sekolah/Login/Input Password' is clicked on

03-01-2025T14:53:09 - [TEST_STEP][PASSED] - setText(findTestObject("Master Data/Admin Sekolah/Login/Input Password"), "Test1234", CONTINUE_ON_FAILURE): Text 'Test1234' is set on object 'Object Repository/Master Data/Admin Sekolah/Login/Input Password'

03-01-2025T14:53:10 - [MESSAGE][PASSED] - Text 'Test1234' is set on object 'Object Repository/Master Data/Admin Sekolah/Login/Input Password'

03-01-2025T14:53:10 - [TEST_STEP][PASSED] - click(findTestObject("Master Data/Admin Sekolah/Login/Button Submit"), CONTINUE_ON_FAILURE): Object: 'Object Repository/Master Data/Admin Sekolah/Login/Button Submit' is clicked on

03-01-2025T14:53:10 - [MESSAGE][PASSED] - Object: 'Object Repository/Master Data/Admin Sekolah/Login/Button Submit' is clicked on

03-01-2025T14:53:10 - [TEST_STEP][PASSED] - click(findTestObject("Master Data/Admin Sekolah/Tagihan/Master Data Menu"), CONTINUE_ON_FAILURE): Object: 'Object Repository/Master Data/Admin Sekolah/Tagihan/Master Data Menu' is clicked on

03-01-2025T14:53:12 - [MESSAGE][PASSED] - Object: 'Object Repository/Master Data/Admin Sekolah/Tagihan/Master Data Menu' is clicked on

03-01-2025T14:53:12 - [TEST_STEP][PASSED] - click(findTestObject("Master Data/Admin Sekolah/Akun Bank/Menu Akun Bank"), CONTINUE_ON_FAILURE): Object: 'Object Repository/Master Data/Admin Sekolah/Akun Bank/Menu Akun Bank' is clicked on

03-01-2025T14:53:13 - [MESSAGE][PASSED] - Object: 'Object Repository/Master Data/Admin Sekolah/Akun Bank/Menu Akun Bank' is clicked on

03-01-2025T14:53:13 - [TEST_STEP][PASSED] - click(findTestObject("Master Data/Admin Sekolah/Akun Bank/Button Tambah Akun Bank"), CONTINUE_ON_FAILURE): Object: 'Object Repository/Master Data/Admin Sekolah/Akun Bank/Button Tambah Akun Bank' is clicked on

03-01-2025T14:53:14 - [MESSAGE][PASSED] - Object: 'Object Repository/Master Data/Admin Sekolah/Akun Bank/Button Tambah Akun Bank' is clicked on

03-01-2025T14:53:14 - [TEST_STEP][PASSED] - click(findTestObject("Master Data/Admin Sekolah/Akun Bank/Tambah Akun Bank/Dropdown Pilih Nama Bank"), CONTINUE_ON_FAILURE): Object: 'Object Repository/Master Data/Admin Sekolah/Akun Bank/Tambah Akun Bank/Dropdown Pilih Nama Bank' is clicked on

03-01-2025T14:53:14 - [MESSAGE][PASSED] - Object: 'Object Repository/Master Data/Admin Sekolah/Akun Bank/Tambah Akun Bank/Dropdown Pilih Nama Bank' is clicked on

03-01-2025T14:53:14 - [TEST_STEP][PASSED] - click(findTestObject("Master Data/Admin Sekolah/Akun Bank/Tambah Akun Bank/Pilih Dropdown Nama Bank"), CONTINUE_ON_FAILURE): Object: 'Object Repository/Master Data/Admin Sekolah/Akun Bank/Tambah Akun Bank/Pilih Dropdown Nama Bank' is clicked on

03-01-2025T14:53:15 - [MESSAGE][PASSED] - Object: 'Object Repository/Master Data/Admin Sekolah/Akun Bank/Tambah Akun Bank/Pilih Dropdown Nama Bank' is clicked on

03-01-2025T14:53:15 - [TEST_STEP][PASSED] - randomName = generateRandomName(): null

03-01-2025T14:53:15 - [TEST_STEP][PASSED] - firstNames = ["John", "Jane", "Michael", "Sarah", "David", "Emily", "Rafael", "Sophia"]: null

03-01-2025T14:53:15 - [TEST_STEP][PASSED] - lastNames = ["Doe", "Smith", "Johnson", "Williams", "Brown", "Davis", "Taylor", "Wilson"]: null

03-01-2025T14:53:15 - [TEST_STEP][PASSED] - random = new java.util.Random(): null

03-01-2025T14:53:15 - [TEST_STEP][PASSED] - firstName = firstNames[random.nextInt(firstNames.size())]: null

03-01-2025T14:53:15 - [TEST_STEP][PASSED] - lastName = lastNames[random.nextInt(lastNames.size())]: null

03-01-2025T14:53:15 - [TEST_STEP][PASSED] - return ((firstName +  ) + lastName): null

03-01-2025T14:53:15 - [TEST_STEP][PASSED] - println("Generated random name: " + randomName): null

03-01-2025T14:53:15 - [TEST_STEP][PASSED] - setText(findTestObject("Master Data/Admin Sekolah/Akun Bank/Tambah Akun Bank/Set Text Nama Rekening"), randomName, CONTINUE_ON_FAILURE): Text 'Rafael Doe' is set on object 'Object Repository/Master Data/Admin Sekolah/Akun Bank/Tambah Akun Bank/Set Text Nama Rekening'

03-01-2025T14:53:15 - [MESSAGE][PASSED] - Text 'Rafael Doe' is set on object 'Object Repository/Master Data/Admin Sekolah/Akun Bank/Tambah Akun Bank/Set Text Nama Rekening'

03-01-2025T14:53:15 - [TEST_STEP][PASSED] - nomorRekeningList = []: null

03-01-2025T14:53:15 - [TEST_STEP][PASSED] - for ([i = 0, i < 5, (i++)]): null

03-01-2025T14:53:15 - [TEST_STEP][PASSED] - nomorRekeningList.add(generateRandomAccountNumber(10)): null

03-01-2025T14:53:15 - [TEST_STEP][PASSED] - random = new java.util.Random(): null

03-01-2025T14:53:15 - [TEST_STEP][PASSED] - accountNumber = new java.lang.StringBuilder(): null

03-01-2025T14:53:15 - [TEST_STEP][PASSED] - for ([i = 0, i < length, (i++)]): null

03-01-2025T14:53:15 - [TEST_STEP][PASSED] - accountNumber.append(random.nextInt(10)): null

03-01-2025T14:53:15 - [TEST_STEP][PASSED] - accountNumber.append(random.nextInt(10)): null

03-01-2025T14:53:15 - [TEST_STEP][PASSED] - accountNumber.append(random.nextInt(10)): null

03-01-2025T14:53:15 - [TEST_STEP][PASSED] - accountNumber.append(random.nextInt(10)): null

03-01-2025T14:53:15 - [TEST_STEP][PASSED] - accountNumber.append(random.nextInt(10)): null

03-01-2025T14:53:15 - [TEST_STEP][PASSED] - accountNumber.append(random.nextInt(10)): null

03-01-2025T14:53:15 - [TEST_STEP][PASSED] - accountNumber.append(random.nextInt(10)): null

03-01-2025T14:53:15 - [TEST_STEP][PASSED] - accountNumber.append(random.nextInt(10)): null

03-01-2025T14:53:15 - [TEST_STEP][PASSED] - accountNumber.append(random.nextInt(10)): null

03-01-2025T14:53:15 - [TEST_STEP][PASSED] - accountNumber.append(random.nextInt(10)): null

03-01-2025T14:53:15 - [TEST_STEP][PASSED] - return accountNumber.toString(): null

03-01-2025T14:53:15 - [TEST_STEP][PASSED] - nomorRekeningList.add(generateRandomAccountNumber(10)): null

03-01-2025T14:53:15 - [TEST_STEP][PASSED] - random = new java.util.Random(): null

03-01-2025T14:53:15 - [TEST_STEP][PASSED] - accountNumber = new java.lang.StringBuilder(): null

03-01-2025T14:53:15 - [TEST_STEP][PASSED] - for ([i = 0, i < length, (i++)]): null

03-01-2025T14:53:15 - [TEST_STEP][PASSED] - accountNumber.append(random.nextInt(10)): null

03-01-2025T14:53:15 - [TEST_STEP][PASSED] - accountNumber.append(random.nextInt(10)): null

03-01-2025T14:53:15 - [TEST_STEP][PASSED] - accountNumber.append(random.nextInt(10)): null

03-01-2025T14:53:15 - [TEST_STEP][PASSED] - accountNumber.append(random.nextInt(10)): null

03-01-2025T14:53:15 - [TEST_STEP][PASSED] - accountNumber.append(random.nextInt(10)): null

03-01-2025T14:53:15 - [TEST_STEP][PASSED] - accountNumber.append(random.nextInt(10)): null

03-01-2025T14:53:15 - [TEST_STEP][PASSED] - accountNumber.append(random.nextInt(10)): null

03-01-2025T14:53:15 - [TEST_STEP][PASSED] - accountNumber.append(random.nextInt(10)): null

03-01-2025T14:53:15 - [TEST_STEP][PASSED] - accountNumber.append(random.nextInt(10)): null

03-01-2025T14:53:15 - [TEST_STEP][PASSED] - accountNumber.append(random.nextInt(10)): null

03-01-2025T14:53:15 - [TEST_STEP][PASSED] - return accountNumber.toString(): null

03-01-2025T14:53:15 - [TEST_STEP][PASSED] - nomorRekeningList.add(generateRandomAccountNumber(10)): null

03-01-2025T14:53:15 - [TEST_STEP][PASSED] - random = new java.util.Random(): null

03-01-2025T14:53:15 - [TEST_STEP][PASSED] - accountNumber = new java.lang.StringBuilder(): null

03-01-2025T14:53:15 - [TEST_STEP][PASSED] - for ([i = 0, i < length, (i++)]): null

03-01-2025T14:53:15 - [TEST_STEP][PASSED] - accountNumber.append(random.nextInt(10)): null

03-01-2025T14:53:15 - [TEST_STEP][PASSED] - accountNumber.append(random.nextInt(10)): null

03-01-2025T14:53:15 - [TEST_STEP][PASSED] - accountNumber.append(random.nextInt(10)): null

03-01-2025T14:53:15 - [TEST_STEP][PASSED] - accountNumber.append(random.nextInt(10)): null

03-01-2025T14:53:15 - [TEST_STEP][PASSED] - accountNumber.append(random.nextInt(10)): null

03-01-2025T14:53:15 - [TEST_STEP][PASSED] - accountNumber.append(random.nextInt(10)): null

03-01-2025T14:53:15 - [TEST_STEP][PASSED] - accountNumber.append(random.nextInt(10)): null

03-01-2025T14:53:15 - [TEST_STEP][PASSED] - accountNumber.append(random.nextInt(10)): null

03-01-2025T14:53:15 - [TEST_STEP][PASSED] - accountNumber.append(random.nextInt(10)): null

03-01-2025T14:53:15 - [TEST_STEP][PASSED] - accountNumber.append(random.nextInt(10)): null

03-01-2025T14:53:15 - [TEST_STEP][PASSED] - return accountNumber.toString(): null

03-01-2025T14:53:15 - [TEST_STEP][PASSED] - nomorRekeningList.add(generateRandomAccountNumber(10)): null

03-01-2025T14:53:15 - [TEST_STEP][PASSED] - random = new java.util.Random(): null

03-01-2025T14:53:15 - [TEST_STEP][PASSED] - accountNumber = new java.lang.StringBuilder(): null

03-01-2025T14:53:15 - [TEST_STEP][PASSED] - for ([i = 0, i < length, (i++)]): null

03-01-2025T14:53:15 - [TEST_STEP][PASSED] - accountNumber.append(random.nextInt(10)): null

03-01-2025T14:53:15 - [TEST_STEP][PASSED] - accountNumber.append(random.nextInt(10)): null

03-01-2025T14:53:15 - [TEST_STEP][PASSED] - accountNumber.append(random.nextInt(10)): null

03-01-2025T14:53:15 - [TEST_STEP][PASSED] - accountNumber.append(random.nextInt(10)): null

03-01-2025T14:53:15 - [TEST_STEP][PASSED] - accountNumber.append(random.nextInt(10)): null

03-01-2025T14:53:15 - [TEST_STEP][PASSED] - accountNumber.append(random.nextInt(10)): null

03-01-2025T14:53:15 - [TEST_STEP][PASSED] - accountNumber.append(random.nextInt(10)): null

03-01-2025T14:53:15 - [TEST_STEP][PASSED] - accountNumber.append(random.nextInt(10)): null

03-01-2025T14:53:15 - [TEST_STEP][PASSED] - accountNumber.append(random.nextInt(10)): null

03-01-2025T14:53:15 - [TEST_STEP][PASSED] - accountNumber.append(random.nextInt(10)): null

03-01-2025T14:53:15 - [TEST_STEP][PASSED] - return accountNumber.toString(): null

03-01-2025T14:53:15 - [TEST_STEP][PASSED] - nomorRekeningList.add(generateRandomAccountNumber(10)): null

03-01-2025T14:53:15 - [TEST_STEP][PASSED] - random = new java.util.Random(): null

03-01-2025T14:53:15 - [TEST_STEP][PASSED] - accountNumber = new java.lang.StringBuilder(): null

03-01-2025T14:53:15 - [TEST_STEP][PASSED] - for ([i = 0, i < length, (i++)]): null

03-01-2025T14:53:15 - [TEST_STEP][PASSED] - accountNumber.append(random.nextInt(10)): null

03-01-2025T14:53:15 - [TEST_STEP][PASSED] - accountNumber.append(random.nextInt(10)): null

03-01-2025T14:53:15 - [TEST_STEP][PASSED] - accountNumber.append(random.nextInt(10)): null

03-01-2025T14:53:15 - [TEST_STEP][PASSED] - accountNumber.append(random.nextInt(10)): null

03-01-2025T14:53:15 - [TEST_STEP][PASSED] - accountNumber.append(random.nextInt(10)): null

03-01-2025T14:53:15 - [TEST_STEP][PASSED] - accountNumber.append(random.nextInt(10)): null

03-01-2025T14:53:15 - [TEST_STEP][PASSED] - accountNumber.append(random.nextInt(10)): null

03-01-2025T14:53:15 - [TEST_STEP][PASSED] - accountNumber.append(random.nextInt(10)): null

03-01-2025T14:53:15 - [TEST_STEP][PASSED] - accountNumber.append(random.nextInt(10)): null

03-01-2025T14:53:15 - [TEST_STEP][PASSED] - accountNumber.append(random.nextInt(10)): null

03-01-2025T14:53:15 - [TEST_STEP][PASSED] - return accountNumber.toString(): null

03-01-2025T14:53:15 - [TEST_STEP][PASSED] - isErrorPresent = true: null

03-01-2025T14:53:15 - [TEST_STEP][PASSED] - for (String nomorRekening : nomorRekeningList): null

03-01-2025T14:53:15 - [TEST_STEP][PASSED] - inputNomorRekening(nomorRekening): null

03-01-2025T14:53:15 - [TEST_STEP][PASSED] - fieldNomorRekening = findTestObject("Master Data/Admin Sekolah/Akun Bank/Tambah Akun Bank/Set Text Nomor Rekening"): null

03-01-2025T14:53:15 - [TEST_STEP][PASSED] - clearTextUntilEmpty(fieldNomorRekening): null

03-01-2025T14:53:15 - [TEST_STEP][PASSED] - attempt = 0: null

03-01-2025T14:53:15 - [TEST_STEP][PASSED] - while (attempt < maxAttempts): null

03-01-2025T14:53:15 - [TEST_STEP][PASSED] - clearText(field, CONTINUE_ON_FAILURE): Text of object 'Object Repository/Master Data/Admin Sekolah/Akun Bank/Tambah Akun Bank/Set Text Nomor Rekening' is cleared

03-01-2025T14:53:16 - [MESSAGE][PASSED] - Text of object 'Object Repository/Master Data/Admin Sekolah/Akun Bank/Tambah Akun Bank/Set Text Nomor Rekening' is cleared

03-01-2025T14:53:16 - [TEST_STEP][PASSED] - delay(0.5): Delayed 0.5 second(s)

03-01-2025T14:53:16 - [MESSAGE][PASSED] - Delayed 0.5 second(s)

03-01-2025T14:53:16 - [TEST_STEP][PASSED] - currentText = getAttribute(field, "value", CONTINUE_ON_FAILURE): Attribute 'value' of object 'Object Repository/Master Data/Admin Sekolah/Akun Bank/Tambah Akun Bank/Set Text Nomor Rekening' is: ''

03-01-2025T14:53:16 - [MESSAGE][PASSED] - Attribute 'value' of object 'Object Repository/Master Data/Admin Sekolah/Akun Bank/Tambah Akun Bank/Set Text Nomor Rekening' is: ''

03-01-2025T14:53:16 - [TEST_STEP][PASSED] - if (currentText.isEmpty()): null

03-01-2025T14:53:16 - [TEST_STEP][PASSED] - comment("Field berhasil dikosongkan setelah " + attempt + 1 + " percobaan."): Field berhasil dikosongkan setelah 1 percobaan.

03-01-2025T14:53:16 - [MESSAGE][INFO] - Field berhasil dikosongkan setelah 1 percobaan.

03-01-2025T14:53:16 - [TEST_STEP][PASSED] - break: null

03-01-2025T14:53:16 - [TEST_STEP][PASSED] - setText(fieldNomorRekening, nomorRekening): null

03-01-2025T14:53:17 - [MESSAGE][PASSED] - Text '9487475585' is set on object 'Object Repository/Master Data/Admin Sekolah/Akun Bank/Tambah Akun Bank/Set Text Nomor Rekening'

03-01-2025T14:53:17 - [TEST_STEP][PASSED] - pilihKepemilikanDropdown(): null

03-01-2025T14:53:17 - [TEST_STEP][PASSED] - click(findTestObject("Master Data/Admin Sekolah/Akun Bank/Tambah Akun Bank/Dropdown Kepemilikan"), CONTINUE_ON_FAILURE): Object: 'Object Repository/Master Data/Admin Sekolah/Akun Bank/Tambah Akun Bank/Dropdown Kepemilikan' is clicked on

03-01-2025T14:53:17 - [MESSAGE][PASSED] - Object: 'Object Repository/Master Data/Admin Sekolah/Akun Bank/Tambah Akun Bank/Dropdown Kepemilikan' is clicked on

03-01-2025T14:53:17 - [TEST_STEP][PASSED] - click(findTestObject("Master Data/Admin Sekolah/Akun Bank/Tambah Akun Bank/Pilih Dropdown Kepemilikan"), CONTINUE_ON_FAILURE): null

03-01-2025T14:53:18 - [MESSAGE][PASSED] - Object: 'Object Repository/Master Data/Admin Sekolah/Akun Bank/Tambah Akun Bank/Pilih Dropdown Kepemilikan' is clicked on

03-01-2025T14:53:18 - [TEST_STEP][PASSED] - click(findTestObject("Master Data/Admin Sekolah/Akun Bank/Tambah Akun Bank/Button Submit"), CONTINUE_ON_FAILURE): Object: 'Object Repository/Master Data/Admin Sekolah/Akun Bank/Tambah Akun Bank/Button Submit' is clicked on

03-01-2025T14:53:18 - [MESSAGE][PASSED] - Object: 'Object Repository/Master Data/Admin Sekolah/Akun Bank/Tambah Akun Bank/Button Submit' is clicked on

03-01-2025T14:53:18 - [TEST_STEP][PASSED] - isErrorPresent = verifyTextPresent("Nomor rekening sudah terdaftar", false, OPTIONAL): Text 'Nomor rekening sudah terdaftar' is not present on page  (Root cause: com.kms.katalon.core.exception.StepFailedException: Text 'Nomor rekening sudah terdaftar' is not present on page 
	at com.kms.katalon.core.webui.keyword.internal.WebUIKeywordMain.stepFailed(WebUIKeywordMain.groovy:117)
	at com.kms.katalon.core.webui.keyword.builtin.VerifyTextPresentKeyword$_verifyTextPresent_closure1.doCall(VerifyTextPresentKeyword.groovy:79)
	at com.kms.katalon.core.webui.keyword.builtin.VerifyTextPresentKeyword$_verifyTextPresent_closure1.call(VerifyTextPresentKeyword.groovy)
	at com.kms.katalon.core.webui.keyword.internal.WebUIKeywordMain.runKeyword(WebUIKeywordMain.groovy:35)
	at com.kms.katalon.core.webui.keyword.builtin.VerifyTextPresentKeyword.verifyTextPresent(VerifyTextPresentKeyword.groovy:83)
	at com.kms.katalon.core.webui.keyword.builtin.VerifyTextPresentKeyword.execute(VerifyTextPresentKeyword.groovy:68)
	at com.kms.katalon.core.keyword.internal.KeywordExecutor.executeKeywordForPlatform(KeywordExecutor.groovy:74)
	at com.kms.katalon.core.webui.keyword.WebUiBuiltInKeywords.verifyTextPresent(WebUiBuiltInKeywords.groovy:1783)
	at Tambah Akun Bank.run(Tambah Akun Bank:84)
	at com.kms.katalon.core.main.ScriptEngine.run(ScriptEngine.java:194)
	at com.kms.katalon.core.main.ScriptEngine.runScriptAsRawText(ScriptEngine.java:119)
	at com.kms.katalon.core.main.TestCaseExecutor.runScript(TestCaseExecutor.java:448)
	at com.kms.katalon.core.main.TestCaseExecutor.doExecute(TestCaseExecutor.java:439)
	at com.kms.katalon.core.main.TestCaseExecutor.processExecutionPhase(TestCaseExecutor.java:418)
	at com.kms.katalon.core.main.TestCaseExecutor.accessMainPhase(TestCaseExecutor.java:410)
	at com.kms.katalon.core.main.TestCaseExecutor.execute(TestCaseExecutor.java:285)
	at com.kms.katalon.core.main.TestCaseMain.runTestCase(TestCaseMain.java:133)
	at com.kms.katalon.core.keyword.builtin.CallTestCaseKeyword$_callTestCase_closure1.doCall(CallTestCaseKeyword.groovy:59)
	at com.kms.katalon.core.keyword.builtin.CallTestCaseKeyword$_callTestCase_closure1.call(CallTestCaseKeyword.groovy)
	at com.kms.katalon.core.keyword.internal.KeywordMain.runKeyword(KeywordMain.groovy:75)
	at com.kms.katalon.core.keyword.builtin.CallTestCaseKeyword.callTestCase(CallTestCaseKeyword.groovy:81)
	at com.kms.katalon.core.keyword.builtin.CallTestCaseKeyword.execute(CallTestCaseKeyword.groovy:44)
	at com.kms.katalon.core.keyword.internal.KeywordExecutor.executeKeywordForPlatform(KeywordExecutor.groovy:74)
	at com.kms.katalon.core.keyword.BuiltinKeywords.callTestCase(BuiltinKeywords.groovy:310)
	at java.base/jdk.internal.reflect.NativeMethodAccessorImpl.invoke0(Native Method)
	at java.base/jdk.internal.reflect.NativeMethodAccessorImpl.invoke(NativeMethodAccessorImpl.java:77)
	at java.base/jdk.internal.reflect.DelegatingMethodAccessorImpl.invoke(DelegatingMethodAccessorImpl.java:43)
	at Regresi Akun Bank.run(Regresi Akun Bank:22)
	at com.kms.katalon.core.main.ScriptEngine.run(ScriptEngine.java:194)
	at com.kms.katalon.core.main.ScriptEngine.runScriptAsRawText(ScriptEngine.java:119)
	at com.kms.katalon.core.main.TestCaseExecutor.runScript(TestCaseExecutor.java:448)
	at com.kms.katalon.core.main.TestCaseExecutor.doExecute(TestCaseExecutor.java:439)
	at com.kms.katalon.core.main.TestCaseExecutor.processExecutionPhase(TestCaseExecutor.java:418)
	at com.kms.katalon.core.main.TestCaseExecutor.accessMainPhase(TestCaseExecutor.java:410)
	at com.kms.katalon.core.main.TestCaseExecutor.execute(TestCaseExecutor.java:285)
	at com.kms.katalon.core.common.CommonExecutor.accessTestCaseMainPhase(CommonExecutor.java:65)
	at com.kms.katalon.core.main.TestSuiteExecutor.accessTestSuiteMainPhase(TestSuiteExecutor.java:161)
	at com.kms.katalon.core.main.TestSuiteExecutor.execute(TestSuiteExecutor.java:107)
	at com.kms.katalon.core.main.TestCaseMain.startTestSuite(TestCaseMain.java:176)
	at TempTestSuite1735890777406.run(TempTestSuite1735890777406.groovy:35)
	at java.base/jdk.internal.reflect.NativeMethodAccessorImpl.invoke0(Native Method)
	at java.base/jdk.internal.reflect.NativeMethodAccessorImpl.invoke(NativeMethodAccessorImpl.java:77)
	at java.base/jdk.internal.reflect.DelegatingMethodAccessorImpl.invoke(DelegatingMethodAccessorImpl.java:43)
)

03-01-2025T14:53:19 - [MESSAGE][WARNING] - Text 'Nomor rekening sudah terdaftar' is not present on page  (Root cause: com.kms.katalon.core.exception.StepFailedException: Text 'Nomor rekening sudah terdaftar' is not present on page 
	at com.kms.katalon.core.webui.keyword.internal.WebUIKeywordMain.stepFailed(WebUIKeywordMain.groovy:117)
	at com.kms.katalon.core.webui.keyword.builtin.VerifyTextPresentKeyword$_verifyTextPresent_closure1.doCall(VerifyTextPresentKeyword.groovy:79)
	at com.kms.katalon.core.webui.keyword.builtin.VerifyTextPresentKeyword$_verifyTextPresent_closure1.call(VerifyTextPresentKeyword.groovy)
	at com.kms.katalon.core.webui.keyword.internal.WebUIKeywordMain.runKeyword(WebUIKeywordMain.groovy:35)
	at com.kms.katalon.core.webui.keyword.builtin.VerifyTextPresentKeyword.verifyTextPresent(VerifyTextPresentKeyword.groovy:83)
	at com.kms.katalon.core.webui.keyword.builtin.VerifyTextPresentKeyword.execute(VerifyTextPresentKeyword.groovy:68)
	at com.kms.katalon.core.keyword.internal.KeywordExecutor.executeKeywordForPlatform(KeywordExecutor.groovy:74)
	at com.kms.katalon.core.webui.keyword.WebUiBuiltInKeywords.verifyTextPresent(WebUiBuiltInKeywords.groovy:1783)
	at Tambah Akun Bank.run(Tambah Akun Bank:84)
	at com.kms.katalon.core.main.ScriptEngine.run(ScriptEngine.java:194)
	at com.kms.katalon.core.main.ScriptEngine.runScriptAsRawText(ScriptEngine.java:119)
	at com.kms.katalon.core.main.TestCaseExecutor.runScript(TestCaseExecutor.java:448)
	at com.kms.katalon.core.main.TestCaseExecutor.doExecute(TestCaseExecutor.java:439)
	at com.kms.katalon.core.main.TestCaseExecutor.processExecutionPhase(TestCaseExecutor.java:418)
	at com.kms.katalon.core.main.TestCaseExecutor.accessMainPhase(TestCaseExecutor.java:410)
	at com.kms.katalon.core.main.TestCaseExecutor.execute(TestCaseExecutor.java:285)
	at com.kms.katalon.core.main.TestCaseMain.runTestCase(TestCaseMain.java:133)
	at com.kms.katalon.core.keyword.builtin.CallTestCaseKeyword$_callTestCase_closure1.doCall(CallTestCaseKeyword.groovy:59)
	at com.kms.katalon.core.keyword.builtin.CallTestCaseKeyword$_callTestCase_closure1.call(CallTestCaseKeyword.groovy)
	at com.kms.katalon.core.keyword.internal.KeywordMain.runKeyword(KeywordMain.groovy:75)
	at com.kms.katalon.core.keyword.builtin.CallTestCaseKeyword.callTestCase(CallTestCaseKeyword.groovy:81)
	at com.kms.katalon.core.keyword.builtin.CallTestCaseKeyword.execute(CallTestCaseKeyword.groovy:44)
	at com.kms.katalon.core.keyword.internal.KeywordExecutor.executeKeywordForPlatform(KeywordExecutor.groovy:74)
	at com.kms.katalon.core.keyword.BuiltinKeywords.callTestCase(BuiltinKeywords.groovy:310)
	at java.base/jdk.internal.reflect.NativeMethodAccessorImpl.invoke0(Native Method)
	at java.base/jdk.internal.reflect.NativeMethodAccessorImpl.invoke(NativeMethodAccessorImpl.java:77)
	at java.base/jdk.internal.reflect.DelegatingMethodAccessorImpl.invoke(DelegatingMethodAccessorImpl.java:43)
	at Regresi Akun Bank.run(Regresi Akun Bank:22)
	at com.kms.katalon.core.main.ScriptEngine.run(ScriptEngine.java:194)
	at com.kms.katalon.core.main.ScriptEngine.runScriptAsRawText(ScriptEngine.java:119)
	at com.kms.katalon.core.main.TestCaseExecutor.runScript(TestCaseExecutor.java:448)
	at com.kms.katalon.core.main.TestCaseExecutor.doExecute(TestCaseExecutor.java:439)
	at com.kms.katalon.core.main.TestCaseExecutor.processExecutionPhase(TestCaseExecutor.java:418)
	at com.kms.katalon.core.main.TestCaseExecutor.accessMainPhase(TestCaseExecutor.java:410)
	at com.kms.katalon.core.main.TestCaseExecutor.execute(TestCaseExecutor.java:285)
	at com.kms.katalon.core.common.CommonExecutor.accessTestCaseMainPhase(CommonExecutor.java:65)
	at com.kms.katalon.core.main.TestSuiteExecutor.accessTestSuiteMainPhase(TestSuiteExecutor.java:161)
	at com.kms.katalon.core.main.TestSuiteExecutor.execute(TestSuiteExecutor.java:107)
	at com.kms.katalon.core.main.TestCaseMain.startTestSuite(TestCaseMain.java:176)
	at TempTestSuite1735890777406.run(TempTestSuite1735890777406.groovy:35)
	at java.base/jdk.internal.reflect.NativeMethodAccessorImpl.invoke0(Native Method)
	at java.base/jdk.internal.reflect.NativeMethodAccessorImpl.invoke(NativeMethodAccessorImpl.java:77)
	at java.base/jdk.internal.reflect.DelegatingMethodAccessorImpl.invoke(DelegatingMethodAccessorImpl.java:43)
)

03-01-2025T14:53:19 - [TEST_STEP][PASSED] - if (!(isErrorPresent)): null

03-01-2025T14:53:19 - [TEST_STEP][PASSED] - verifyElementVisible(findTestObject("Master Data/Admin Sekolah/Akun Bank/Akun Bank Dashboard"), CONTINUE_ON_FAILURE): Object 'Object Repository/Master Data/Admin Sekolah/Akun Bank/Akun Bank Dashboard' is visible

03-01-2025T14:53:19 - [MESSAGE][PASSED] - Object 'Object Repository/Master Data/Admin Sekolah/Akun Bank/Akun Bank Dashboard' is visible

03-01-2025T14:53:19 - [TEST_STEP][PASSED] - break: null

03-01-2025T14:53:19 - [TEST_STEP][PASSED] - if (isErrorPresent): null

03-01-2025T14:53:19 - [TEST_STEP][PASSED] - else: Nomor rekening berhasil didaftarkan.

03-01-2025T14:53:19 - [TEST_STEP][PASSED] - comment("Nomor rekening berhasil didaftarkan."): Nomor rekening berhasil didaftarkan.

03-01-2025T14:53:19 - [MESSAGE][INFO] - Nomor rekening berhasil didaftarkan.

03-01-2025T14:53:19 - [MESSAGE][PASSED] - Call Test Case 'Test Cases/Master Data/Admin Sekolah/Master Data Akun Bank/Tambah Akun Bank' successfully

03-01-2025T14:53:19 - [TEST_STEP][PASSED] - callTestCase(findTestCase("Test Cases/Master Data/Admin Sekolah/Master Data Akun Bank/Edit Akun Bank"), [:], CONTINUE_ON_FAILURE): Call Test Case 'Test Cases/Master Data/Admin Sekolah/Master Data Akun Bank/Edit Akun Bank' successfully

03-01-2025T14:53:19 - [TEST_CASE][PASSED] - Test Cases/Master Data/Admin Sekolah/Master Data Akun Bank/Edit Akun Bank: Test Cases/Master Data/Admin Sekolah/Master Data Akun Bank/Edit Akun Bank

03-01-2025T14:53:19 - [TEST_STEP][PASSED] - openBrowser(""): Browser is opened with url: ''

03-01-2025T14:53:19 - [MESSAGE][WARNING] - A browser is already opened. Closing browser and opening a new one

03-01-2025T14:53:19 - [MESSAGE][INFO] - Starting 'Chrome' driver

03-01-2025T14:53:19 - [MESSAGE][INFO] - Action delay is set to 0 milliseconds

03-01-2025T14:53:20 - [MESSAGE][PASSED] - Browser is opened with url: ''

03-01-2025T14:53:20 - [TEST_STEP][PASSED] - maximizeWindow(): Current window maximized

03-01-2025T14:53:20 - [MESSAGE][PASSED] - Current window maximized

03-01-2025T14:53:20 - [TEST_STEP][PASSED] - navigateToUrl("https://sit.siprusedu.com/login"): Navigate to 'https://sit.siprusedu.com/login' successfully

03-01-2025T14:53:21 - [MESSAGE][PASSED] - Navigate to 'https://sit.siprusedu.com/login' successfully

03-01-2025T14:53:21 - [TEST_STEP][PASSED] - setText(findTestObject("Master Data/Admin Sekolah/Login/Field Email"), "admin.gudangsolusi@digiform.co.id"): Text 'admin.gudangsolusi@digiform.co.id' is set on object 'Object Repository/Master Data/Admin Sekolah/Login/Field Email'

03-01-2025T14:53:23 - [MESSAGE][PASSED] - Text 'admin.gudangsolusi@digiform.co.id' is set on object 'Object Repository/Master Data/Admin Sekolah/Login/Field Email'

03-01-2025T14:53:23 - [TEST_STEP][PASSED] - setText(findTestObject("Master Data/Admin Sekolah/Login/Input Password"), "Test1234"): Text 'Test1234' is set on object 'Object Repository/Master Data/Admin Sekolah/Login/Input Password'

03-01-2025T14:53:23 - [MESSAGE][PASSED] - Text 'Test1234' is set on object 'Object Repository/Master Data/Admin Sekolah/Login/Input Password'

03-01-2025T14:53:23 - [TEST_STEP][PASSED] - click(findTestObject("Master Data/Admin Sekolah/Login/Button Submit")): Object: 'Object Repository/Master Data/Admin Sekolah/Login/Button Submit' is clicked on

03-01-2025T14:53:23 - [MESSAGE][PASSED] - Object: 'Object Repository/Master Data/Admin Sekolah/Login/Button Submit' is clicked on

03-01-2025T14:53:23 - [TEST_STEP][PASSED] - click(findTestObject("Master Data/Admin Sekolah/Tagihan/Master Data Menu")): Object: 'Object Repository/Master Data/Admin Sekolah/Tagihan/Master Data Menu' is clicked on

03-01-2025T14:53:25 - [MESSAGE][PASSED] - Object: 'Object Repository/Master Data/Admin Sekolah/Tagihan/Master Data Menu' is clicked on

03-01-2025T14:53:25 - [TEST_STEP][PASSED] - click(findTestObject("Master Data/Admin Sekolah/Akun Bank/Menu Akun Bank")): Object: 'Object Repository/Master Data/Admin Sekolah/Akun Bank/Menu Akun Bank' is clicked on

03-01-2025T14:53:26 - [MESSAGE][PASSED] - Object: 'Object Repository/Master Data/Admin Sekolah/Akun Bank/Menu Akun Bank' is clicked on

03-01-2025T14:53:26 - [TEST_STEP][PASSED] - click(findTestObject("Master Data/Admin Sekolah/Akun Bank/Edit Akun Bank/Button Action")): Object: 'Object Repository/Master Data/Admin Sekolah/Akun Bank/Edit Akun Bank/Button Action' is clicked on

03-01-2025T14:53:27 - [MESSAGE][PASSED] - Object: 'Object Repository/Master Data/Admin Sekolah/Akun Bank/Edit Akun Bank/Button Action' is clicked on

03-01-2025T14:53:27 - [TEST_STEP][PASSED] - click(findTestObject("Master Data/Admin Sekolah/Akun Bank/Edit Akun Bank/Button Edit")): Object: 'Object Repository/Master Data/Admin Sekolah/Akun Bank/Edit Akun Bank/Button Edit' is clicked on

03-01-2025T14:53:27 - [MESSAGE][PASSED] - Object: 'Object Repository/Master Data/Admin Sekolah/Akun Bank/Edit Akun Bank/Button Edit' is clicked on

03-01-2025T14:53:27 - [TEST_STEP][PASSED] - click(findTestObject("Master Data/Admin Sekolah/Akun Bank/Edit Akun Bank/Dropdown Akun Bank")): Object: 'Object Repository/Master Data/Admin Sekolah/Akun Bank/Edit Akun Bank/Dropdown Akun Bank' is clicked on

03-01-2025T14:53:28 - [MESSAGE][PASSED] - Object: 'Object Repository/Master Data/Admin Sekolah/Akun Bank/Edit Akun Bank/Dropdown Akun Bank' is clicked on

03-01-2025T14:53:28 - [TEST_STEP][PASSED] - click(findTestObject("Master Data/Admin Sekolah/Akun Bank/Edit Akun Bank/Value Dropdown Akun Bank")): Object: 'Object Repository/Master Data/Admin Sekolah/Akun Bank/Edit Akun Bank/Value Dropdown Akun Bank' is clicked on

03-01-2025T14:53:28 - [MESSAGE][PASSED] - Object: 'Object Repository/Master Data/Admin Sekolah/Akun Bank/Edit Akun Bank/Value Dropdown Akun Bank' is clicked on

03-01-2025T14:53:28 - [TEST_STEP][PASSED] - clearAndSetText(findTestObject("Master Data/Admin Sekolah/Akun Bank/Edit Akun Bank/Field Nama Akun Bank"), generateRandomBankAccountName()): null

03-01-2025T14:53:28 - [TEST_STEP][PASSED] - firstNames = ["Pandu", "Budi", "Siti", "Andi", "Joko", "Rina", "Ari", "Maya"]: null

03-01-2025T14:53:28 - [TEST_STEP][PASSED] - lastNames = ["Wibisana", "Sari", "Pratama", "Santoso", "Putra", "Gunawan", "Sudarmaji", "Amir"]: null

03-01-2025T14:53:28 - [TEST_STEP][PASSED] - random = new java.util.Random(): null

03-01-2025T14:53:28 - [TEST_STEP][PASSED] - firstName = firstNames[random.nextInt(firstNames.size())]: null

03-01-2025T14:53:28 - [TEST_STEP][PASSED] - lastName = lastNames[random.nextInt(lastNames.size())]: null

03-01-2025T14:53:28 - [TEST_STEP][PASSED] - return ((firstName +  ) + lastName): null

03-01-2025T14:53:28 - [TEST_STEP][PASSED] - sendKeys(testObject, Keys.chord(CONTROL, "a")): Keys 'CONTROL + a' sent to object: 'Object Repository/Master Data/Admin Sekolah/Akun Bank/Edit Akun Bank/Field Nama Akun Bank'

03-01-2025T14:53:29 - [MESSAGE][PASSED] - Keys 'CONTROL + a' sent to object: 'Object Repository/Master Data/Admin Sekolah/Akun Bank/Edit Akun Bank/Field Nama Akun Bank'

03-01-2025T14:53:29 - [TEST_STEP][PASSED] - sendKeys(testObject, Keys.chord(BACK_SPACE)): Keys 'BACK_SPACE + ' sent to object: 'Object Repository/Master Data/Admin Sekolah/Akun Bank/Edit Akun Bank/Field Nama Akun Bank'

03-01-2025T14:53:29 - [MESSAGE][PASSED] - Keys 'BACK_SPACE + ' sent to object: 'Object Repository/Master Data/Admin Sekolah/Akun Bank/Edit Akun Bank/Field Nama Akun Bank'

03-01-2025T14:53:29 - [TEST_STEP][PASSED] - setText(testObject, newText): Text 'Budi Sari' is set on object 'Object Repository/Master Data/Admin Sekolah/Akun Bank/Edit Akun Bank/Field Nama Akun Bank'

03-01-2025T14:53:29 - [MESSAGE][PASSED] - Text 'Budi Sari' is set on object 'Object Repository/Master Data/Admin Sekolah/Akun Bank/Edit Akun Bank/Field Nama Akun Bank'

03-01-2025T14:53:29 - [TEST_STEP][PASSED] - initialAccountNumber = generateRandomData("64", 10): null

03-01-2025T14:53:29 - [TEST_STEP][PASSED] - random = new java.util.Random(): null

03-01-2025T14:53:29 - [TEST_STEP][PASSED] - result = prefix: null

03-01-2025T14:53:29 - [TEST_STEP][PASSED] - for ([i = 0, i < length, (i++)]): null

03-01-2025T14:53:29 - [TEST_STEP][PASSED] - result += random.nextInt(10): null

03-01-2025T14:53:29 - [TEST_STEP][PASSED] - result += random.nextInt(10): null

03-01-2025T14:53:29 - [TEST_STEP][PASSED] - result += random.nextInt(10): null

03-01-2025T14:53:29 - [TEST_STEP][PASSED] - result += random.nextInt(10): null

03-01-2025T14:53:29 - [TEST_STEP][PASSED] - result += random.nextInt(10): null

03-01-2025T14:53:29 - [TEST_STEP][PASSED] - result += random.nextInt(10): null

03-01-2025T14:53:29 - [TEST_STEP][PASSED] - result += random.nextInt(10): null

03-01-2025T14:53:29 - [TEST_STEP][PASSED] - result += random.nextInt(10): null

03-01-2025T14:53:29 - [TEST_STEP][PASSED] - result += random.nextInt(10): null

03-01-2025T14:53:29 - [TEST_STEP][PASSED] - result += random.nextInt(10): null

03-01-2025T14:53:29 - [TEST_STEP][PASSED] - return result: null

03-01-2025T14:53:29 - [TEST_STEP][PASSED] - attempt = 0: null

03-01-2025T14:53:29 - [TEST_STEP][PASSED] - isSaved = false: null

03-01-2025T14:53:29 - [TEST_STEP][PASSED] - maxAttempts = 5: null

03-01-2025T14:53:29 - [TEST_STEP][PASSED] - while (!(isSaved) && attempt < maxAttempts): null

03-01-2025T14:53:29 - [TEST_STEP][PASSED] - (attempt++): null

03-01-2025T14:53:29 - [TEST_STEP][PASSED] - println(Percobaan ke-$attempt): null

03-01-2025T14:53:29 - [TEST_STEP][PASSED] - clearAndSetText(findTestObject("Master Data/Admin Sekolah/Akun Bank/Edit Akun Bank/Field Nomor Rekening Bank"), initialAccountNumber): null

03-01-2025T14:53:29 - [TEST_STEP][PASSED] - sendKeys(testObject, Keys.chord(CONTROL, "a")): Keys 'CONTROL + a' sent to object: 'Object Repository/Master Data/Admin Sekolah/Akun Bank/Edit Akun Bank/Field Nomor Rekening Bank'

03-01-2025T14:53:30 - [MESSAGE][PASSED] - Keys 'CONTROL + a' sent to object: 'Object Repository/Master Data/Admin Sekolah/Akun Bank/Edit Akun Bank/Field Nomor Rekening Bank'

03-01-2025T14:53:30 - [TEST_STEP][PASSED] - sendKeys(testObject, Keys.chord(BACK_SPACE)): Keys 'BACK_SPACE + ' sent to object: 'Object Repository/Master Data/Admin Sekolah/Akun Bank/Edit Akun Bank/Field Nomor Rekening Bank'

03-01-2025T14:53:30 - [MESSAGE][PASSED] - Keys 'BACK_SPACE + ' sent to object: 'Object Repository/Master Data/Admin Sekolah/Akun Bank/Edit Akun Bank/Field Nomor Rekening Bank'

03-01-2025T14:53:30 - [TEST_STEP][PASSED] - setText(testObject, newText): null

03-01-2025T14:53:31 - [MESSAGE][PASSED] - Text '640046441375' is set on object 'Object Repository/Master Data/Admin Sekolah/Akun Bank/Edit Akun Bank/Field Nomor Rekening Bank'

03-01-2025T14:53:31 - [TEST_STEP][PASSED] - click(findTestObject("Master Data/Admin Sekolah/Akun Bank/Edit Akun Bank/Button Simpan")): Object: 'Object Repository/Master Data/Admin Sekolah/Akun Bank/Edit Akun Bank/Button Simpan' is clicked on

03-01-2025T14:53:31 - [MESSAGE][PASSED] - Object: 'Object Repository/Master Data/Admin Sekolah/Akun Bank/Edit Akun Bank/Button Simpan' is clicked on

03-01-2025T14:53:31 - [TEST_STEP][PASSED] - if (verifyElementVisible(findTestObject("Master Data/Admin Sekolah/Akun Bank/Edit Akun Bank/Toast Notification Error Nomor Rekening Sudah Terdaftar"), OPTIONAL)): Unable to verify object is visible (Root cause: com.kms.katalon.core.exception.StepFailedException: Unable to verify object is visible
	at com.kms.katalon.core.webui.keyword.internal.WebUIKeywordMain.stepFailed(WebUIKeywordMain.groovy:117)
	at com.kms.katalon.core.webui.keyword.internal.WebUIKeywordMain.runKeyword(WebUIKeywordMain.groovy:43)
	at com.kms.katalon.core.webui.keyword.builtin.VerifyElementVisibleKeyword.verifyElementVisible(VerifyElementVisibleKeyword.groovy:97)
	at com.kms.katalon.core.webui.keyword.builtin.VerifyElementVisibleKeyword.execute(VerifyElementVisibleKeyword.groovy:67)
	at com.kms.katalon.core.keyword.internal.KeywordExecutor.executeKeywordForPlatform(KeywordExecutor.groovy:74)
	at com.kms.katalon.core.webui.keyword.WebUiBuiltInKeywords.verifyElementVisible(WebUiBuiltInKeywords.groovy:438)
	at Edit Akun Bank.run(Edit Akun Bank:76)
	at com.kms.katalon.core.main.ScriptEngine.run(ScriptEngine.java:194)
	at com.kms.katalon.core.main.ScriptEngine.runScriptAsRawText(ScriptEngine.java:119)
	at com.kms.katalon.core.main.TestCaseExecutor.runScript(TestCaseExecutor.java:448)
	at com.kms.katalon.core.main.TestCaseExecutor.doExecute(TestCaseExecutor.java:439)
	at com.kms.katalon.core.main.TestCaseExecutor.processExecutionPhase(TestCaseExecutor.java:418)
	at com.kms.katalon.core.main.TestCaseExecutor.accessMainPhase(TestCaseExecutor.java:410)
	at com.kms.katalon.core.main.TestCaseExecutor.execute(TestCaseExecutor.java:285)
	at com.kms.katalon.core.main.TestCaseMain.runTestCase(TestCaseMain.java:133)
	at com.kms.katalon.core.keyword.builtin.CallTestCaseKeyword$_callTestCase_closure1.doCall(CallTestCaseKeyword.groovy:59)
	at com.kms.katalon.core.keyword.builtin.CallTestCaseKeyword$_callTestCase_closure1.call(CallTestCaseKeyword.groovy)
	at com.kms.katalon.core.keyword.internal.KeywordMain.runKeyword(KeywordMain.groovy:75)
	at com.kms.katalon.core.keyword.builtin.CallTestCaseKeyword.callTestCase(CallTestCaseKeyword.groovy:81)
	at com.kms.katalon.core.keyword.builtin.CallTestCaseKeyword.execute(CallTestCaseKeyword.groovy:44)
	at com.kms.katalon.core.keyword.internal.KeywordExecutor.executeKeywordForPlatform(KeywordExecutor.groovy:74)
	at com.kms.katalon.core.keyword.BuiltinKeywords.callTestCase(BuiltinKeywords.groovy:310)
	at java.base/jdk.internal.reflect.NativeMethodAccessorImpl.invoke0(Native Method)
	at java.base/jdk.internal.reflect.NativeMethodAccessorImpl.invoke(NativeMethodAccessorImpl.java:77)
	at java.base/jdk.internal.reflect.DelegatingMethodAccessorImpl.invoke(DelegatingMethodAccessorImpl.java:43)
	at Regresi Akun Bank.run(Regresi Akun Bank:26)
	at com.kms.katalon.core.main.ScriptEngine.run(ScriptEngine.java:194)
	at com.kms.katalon.core.main.ScriptEngine.runScriptAsRawText(ScriptEngine.java:119)
	at com.kms.katalon.core.main.TestCaseExecutor.runScript(TestCaseExecutor.java:448)
	at com.kms.katalon.core.main.TestCaseExecutor.doExecute(TestCaseExecutor.java:439)
	at com.kms.katalon.core.main.TestCaseExecutor.processExecutionPhase(TestCaseExecutor.java:418)
	at com.kms.katalon.core.main.TestCaseExecutor.accessMainPhase(TestCaseExecutor.java:410)
	at com.kms.katalon.core.main.TestCaseExecutor.execute(TestCaseExecutor.java:285)
	at com.kms.katalon.core.common.CommonExecutor.accessTestCaseMainPhase(CommonExecutor.java:65)
	at com.kms.katalon.core.main.TestSuiteExecutor.accessTestSuiteMainPhase(TestSuiteExecutor.java:161)
	at com.kms.katalon.core.main.TestSuiteExecutor.execute(TestSuiteExecutor.java:107)
	at com.kms.katalon.core.main.TestCaseMain.startTestSuite(TestCaseMain.java:176)
	at TempTestSuite1735890777406.run(TempTestSuite1735890777406.groovy:35)
	at java.base/jdk.internal.reflect.NativeMethodAccessorImpl.invoke0(Native Method)
	at java.base/jdk.internal.reflect.NativeMethodAccessorImpl.invoke(NativeMethodAccessorImpl.java:77)
	at java.base/jdk.internal.reflect.DelegatingMethodAccessorImpl.invoke(DelegatingMethodAccessorImpl.java:43)
Caused by: java.lang.IllegalArgumentException: Object is null
	at com.kms.katalon.core.helper.KeywordHelper.checkTestObjectParameter(KeywordHelper.java:33)
	at com.kms.katalon.core.webui.keyword.builtin.VerifyElementVisibleKeyword$_verifyElementVisible_closure1.doCall(VerifyElementVisibleKeyword.groovy:75)
	at com.kms.katalon.core.webui.keyword.builtin.VerifyElementVisibleKeyword$_verifyElementVisible_closure1.call(VerifyElementVisibleKeyword.groovy)
	at com.kms.katalon.core.webui.keyword.internal.WebUIKeywordMain.runKeyword(WebUIKeywordMain.groovy:35)
	at com.kms.katalon.core.webui.keyword.builtin.VerifyElementVisibleKeyword.verifyElementVisible(VerifyElementVisibleKeyword.groovy:97)
	at com.kms.katalon.core.webui.keyword.builtin.VerifyElementVisibleKeyword.execute(VerifyElementVisibleKeyword.groovy:67)
	at com.kms.katalon.core.keyword.internal.KeywordExecutor.executeKeywordForPlatform(KeywordExecutor.groovy:74)
	at com.kms.katalon.core.webui.keyword.WebUiBuiltInKeywords.verifyElementVisible(WebUiBuiltInKeywords.groovy:438)
	at Script1733198752835.run(Script1733198752835.groovy:76)
	at com.kms.katalon.core.main.ScriptEngine.run(ScriptEngine.java:194)
	at com.kms.katalon.core.main.ScriptEngine.runScriptAsRawText(ScriptEngine.java:119)
	at com.kms.katalon.core.main.TestCaseExecutor.runScript(TestCaseExecutor.java:448)
	at com.kms.katalon.core.main.TestCaseExecutor.doExecute(TestCaseExecutor.java:439)
	at com.kms.katalon.core.main.TestCaseExecutor.processExecutionPhase(TestCaseExecutor.java:418)
	at com.kms.katalon.core.main.TestCaseExecutor.accessMainPhase(TestCaseExecutor.java:410)
	at com.kms.katalon.core.main.TestCaseExecutor.execute(TestCaseExecutor.java:285)
	at com.kms.katalon.core.main.TestCaseMain.runTestCase(TestCaseMain.java:133)
	at com.kms.katalon.core.keyword.builtin.CallTestCaseKeyword$_callTestCase_closure1.doCall(CallTestCaseKeyword.groovy:59)
	at com.kms.katalon.core.keyword.builtin.CallTestCaseKeyword$_callTestCase_closure1.call(CallTestCaseKeyword.groovy)
	at com.kms.katalon.core.keyword.internal.KeywordMain.runKeyword(KeywordMain.groovy:75)
	at com.kms.katalon.core.keyword.builtin.CallTestCaseKeyword.callTestCase(CallTestCaseKeyword.groovy:81)
	at com.kms.katalon.core.keyword.builtin.CallTestCaseKeyword.execute(CallTestCaseKeyword.groovy:44)
	at com.kms.katalon.core.keyword.internal.KeywordExecutor.executeKeywordForPlatform(KeywordExecutor.groovy:74)
	at com.kms.katalon.core.keyword.BuiltinKeywords.callTestCase(BuiltinKeywords.groovy:310)
	at java.base/jdk.internal.reflect.NativeMethodAccessorImpl.invoke0(Native Method)
	at java.base/jdk.internal.reflect.NativeMethodAccessorImpl.invoke(NativeMethodAccessorImpl.java:77)
	at java.base/jdk.internal.reflect.DelegatingMethodAccessorImpl.invoke(DelegatingMethodAccessorImpl.java:43)
	at Script1735746249821.run(Script1735746249821.groovy:26)
	... 15 more
)

03-01-2025T14:53:31 - [MESSAGE][WARNING] - Test object with id 'Object Repository/Master Data/Admin Sekolah/Akun Bank/Edit Akun Bank/Toast Notification Error Nomor Rekening Sudah Terdaftar' does not exist

03-01-2025T14:53:31 - [MESSAGE][WARNING] - Test object with id 'Object Repository/' does not exist

03-01-2025T14:53:31 - [MESSAGE][WARNING] - Unable to verify object is visible (Root cause: com.kms.katalon.core.exception.StepFailedException: Unable to verify object is visible
	at com.kms.katalon.core.webui.keyword.internal.WebUIKeywordMain.stepFailed(WebUIKeywordMain.groovy:117)
	at com.kms.katalon.core.webui.keyword.internal.WebUIKeywordMain.runKeyword(WebUIKeywordMain.groovy:43)
	at com.kms.katalon.core.webui.keyword.builtin.VerifyElementVisibleKeyword.verifyElementVisible(VerifyElementVisibleKeyword.groovy:97)
	at com.kms.katalon.core.webui.keyword.builtin.VerifyElementVisibleKeyword.execute(VerifyElementVisibleKeyword.groovy:67)
	at com.kms.katalon.core.keyword.internal.KeywordExecutor.executeKeywordForPlatform(KeywordExecutor.groovy:74)
	at com.kms.katalon.core.webui.keyword.WebUiBuiltInKeywords.verifyElementVisible(WebUiBuiltInKeywords.groovy:438)
	at Edit Akun Bank.run(Edit Akun Bank:76)
	at com.kms.katalon.core.main.ScriptEngine.run(ScriptEngine.java:194)
	at com.kms.katalon.core.main.ScriptEngine.runScriptAsRawText(ScriptEngine.java:119)
	at com.kms.katalon.core.main.TestCaseExecutor.runScript(TestCaseExecutor.java:448)
	at com.kms.katalon.core.main.TestCaseExecutor.doExecute(TestCaseExecutor.java:439)
	at com.kms.katalon.core.main.TestCaseExecutor.processExecutionPhase(TestCaseExecutor.java:418)
	at com.kms.katalon.core.main.TestCaseExecutor.accessMainPhase(TestCaseExecutor.java:410)
	at com.kms.katalon.core.main.TestCaseExecutor.execute(TestCaseExecutor.java:285)
	at com.kms.katalon.core.main.TestCaseMain.runTestCase(TestCaseMain.java:133)
	at com.kms.katalon.core.keyword.builtin.CallTestCaseKeyword$_callTestCase_closure1.doCall(CallTestCaseKeyword.groovy:59)
	at com.kms.katalon.core.keyword.builtin.CallTestCaseKeyword$_callTestCase_closure1.call(CallTestCaseKeyword.groovy)
	at com.kms.katalon.core.keyword.internal.KeywordMain.runKeyword(KeywordMain.groovy:75)
	at com.kms.katalon.core.keyword.builtin.CallTestCaseKeyword.callTestCase(CallTestCaseKeyword.groovy:81)
	at com.kms.katalon.core.keyword.builtin.CallTestCaseKeyword.execute(CallTestCaseKeyword.groovy:44)
	at com.kms.katalon.core.keyword.internal.KeywordExecutor.executeKeywordForPlatform(KeywordExecutor.groovy:74)
	at com.kms.katalon.core.keyword.BuiltinKeywords.callTestCase(BuiltinKeywords.groovy:310)
	at java.base/jdk.internal.reflect.NativeMethodAccessorImpl.invoke0(Native Method)
	at java.base/jdk.internal.reflect.NativeMethodAccessorImpl.invoke(NativeMethodAccessorImpl.java:77)
	at java.base/jdk.internal.reflect.DelegatingMethodAccessorImpl.invoke(DelegatingMethodAccessorImpl.java:43)
	at Regresi Akun Bank.run(Regresi Akun Bank:26)
	at com.kms.katalon.core.main.ScriptEngine.run(ScriptEngine.java:194)
	at com.kms.katalon.core.main.ScriptEngine.runScriptAsRawText(ScriptEngine.java:119)
	at com.kms.katalon.core.main.TestCaseExecutor.runScript(TestCaseExecutor.java:448)
	at com.kms.katalon.core.main.TestCaseExecutor.doExecute(TestCaseExecutor.java:439)
	at com.kms.katalon.core.main.TestCaseExecutor.processExecutionPhase(TestCaseExecutor.java:418)
	at com.kms.katalon.core.main.TestCaseExecutor.accessMainPhase(TestCaseExecutor.java:410)
	at com.kms.katalon.core.main.TestCaseExecutor.execute(TestCaseExecutor.java:285)
	at com.kms.katalon.core.common.CommonExecutor.accessTestCaseMainPhase(CommonExecutor.java:65)
	at com.kms.katalon.core.main.TestSuiteExecutor.accessTestSuiteMainPhase(TestSuiteExecutor.java:161)
	at com.kms.katalon.core.main.TestSuiteExecutor.execute(TestSuiteExecutor.java:107)
	at com.kms.katalon.core.main.TestCaseMain.startTestSuite(TestCaseMain.java:176)
	at TempTestSuite1735890777406.run(TempTestSuite1735890777406.groovy:35)
	at java.base/jdk.internal.reflect.NativeMethodAccessorImpl.invoke0(Native Method)
	at java.base/jdk.internal.reflect.NativeMethodAccessorImpl.invoke(NativeMethodAccessorImpl.java:77)
	at java.base/jdk.internal.reflect.DelegatingMethodAccessorImpl.invoke(DelegatingMethodAccessorImpl.java:43)
Caused by: java.lang.IllegalArgumentException: Object is null
	at com.kms.katalon.core.helper.KeywordHelper.checkTestObjectParameter(KeywordHelper.java:33)
	at com.kms.katalon.core.webui.keyword.builtin.VerifyElementVisibleKeyword$_verifyElementVisible_closure1.doCall(VerifyElementVisibleKeyword.groovy:75)
	at com.kms.katalon.core.webui.keyword.builtin.VerifyElementVisibleKeyword$_verifyElementVisible_closure1.call(VerifyElementVisibleKeyword.groovy)
	at com.kms.katalon.core.webui.keyword.internal.WebUIKeywordMain.runKeyword(WebUIKeywordMain.groovy:35)
	at com.kms.katalon.core.webui.keyword.builtin.VerifyElementVisibleKeyword.verifyElementVisible(VerifyElementVisibleKeyword.groovy:97)
	at com.kms.katalon.core.webui.keyword.builtin.VerifyElementVisibleKeyword.execute(VerifyElementVisibleKeyword.groovy:67)
	at com.kms.katalon.core.keyword.internal.KeywordExecutor.executeKeywordForPlatform(KeywordExecutor.groovy:74)
	at com.kms.katalon.core.webui.keyword.WebUiBuiltInKeywords.verifyElementVisible(WebUiBuiltInKeywords.groovy:438)
	at Script1733198752835.run(Script1733198752835.groovy:76)
	at com.kms.katalon.core.main.ScriptEngine.run(ScriptEngine.java:194)
	at com.kms.katalon.core.main.ScriptEngine.runScriptAsRawText(ScriptEngine.java:119)
	at com.kms.katalon.core.main.TestCaseExecutor.runScript(TestCaseExecutor.java:448)
	at com.kms.katalon.core.main.TestCaseExecutor.doExecute(TestCaseExecutor.java:439)
	at com.kms.katalon.core.main.TestCaseExecutor.processExecutionPhase(TestCaseExecutor.java:418)
	at com.kms.katalon.core.main.TestCaseExecutor.accessMainPhase(TestCaseExecutor.java:410)
	at com.kms.katalon.core.main.TestCaseExecutor.execute(TestCaseExecutor.java:285)
	at com.kms.katalon.core.main.TestCaseMain.runTestCase(TestCaseMain.java:133)
	at com.kms.katalon.core.keyword.builtin.CallTestCaseKeyword$_callTestCase_closure1.doCall(CallTestCaseKeyword.groovy:59)
	at com.kms.katalon.core.keyword.builtin.CallTestCaseKeyword$_callTestCase_closure1.call(CallTestCaseKeyword.groovy)
	at com.kms.katalon.core.keyword.internal.KeywordMain.runKeyword(KeywordMain.groovy:75)
	at com.kms.katalon.core.keyword.builtin.CallTestCaseKeyword.callTestCase(CallTestCaseKeyword.groovy:81)
	at com.kms.katalon.core.keyword.builtin.CallTestCaseKeyword.execute(CallTestCaseKeyword.groovy:44)
	at com.kms.katalon.core.keyword.internal.KeywordExecutor.executeKeywordForPlatform(KeywordExecutor.groovy:74)
	at com.kms.katalon.core.keyword.BuiltinKeywords.callTestCase(BuiltinKeywords.groovy:310)
	at java.base/jdk.internal.reflect.NativeMethodAccessorImpl.invoke0(Native Method)
	at java.base/jdk.internal.reflect.NativeMethodAccessorImpl.invoke(NativeMethodAccessorImpl.java:77)
	at java.base/jdk.internal.reflect.DelegatingMethodAccessorImpl.invoke(DelegatingMethodAccessorImpl.java:43)
	at Script1735746249821.run(Script1735746249821.groovy:26)
	... 15 more
)
[[ATTACHMENT|C:\\Users\\henri\\Videos\\school-payment-automation-testing\\Reports\\20250103_145256\\SPRINT 1\\20250103_145257\\1735890811342.png]]

03-01-2025T14:53:31 - [TEST_STEP][PASSED] - else: null

03-01-2025T14:53:31 - [TEST_STEP][PASSED] - isSaved = true: null

03-01-2025T14:53:31 - [TEST_STEP][PASSED] - println("Data berhasil disimpan."): null

03-01-2025T14:53:31 - [TEST_STEP][PASSED] - if (isSaved): Object 'Object Repository/Master Data/Admin Sekolah/Akun Bank/Edit Akun Bank/Toast Notification Data Berhasil Diubah' is visible

03-01-2025T14:53:31 - [TEST_STEP][PASSED] - verifyElementVisible(findTestObject("Master Data/Admin Sekolah/Akun Bank/Edit Akun Bank/Toast Notification Data Berhasil Diubah"), STOP_ON_FAILURE): Object 'Object Repository/Master Data/Admin Sekolah/Akun Bank/Edit Akun Bank/Toast Notification Data Berhasil Diubah' is visible

03-01-2025T14:53:32 - [MESSAGE][PASSED] - Object 'Object Repository/Master Data/Admin Sekolah/Akun Bank/Edit Akun Bank/Toast Notification Data Berhasil Diubah' is visible

03-01-2025T14:53:32 - [TEST_STEP][PASSED] - closeBrowser(): Browser is closed

03-01-2025T14:53:32 - [MESSAGE][PASSED] - Browser is closed

03-01-2025T14:53:32 - [MESSAGE][PASSED] - Call Test Case 'Test Cases/Master Data/Admin Sekolah/Master Data Akun Bank/Edit Akun Bank' successfully

03-01-2025T14:53:32 - [TEST_STEP][PASSED] - println("============================= Loop Again ==============================="): null]]></system-out>
         <system-err><![CDATA[]]></system-err>
      </testcase>
      <testcase name="Test Cases/Regresi Feature/Sprint 1/Regresi Kelas" time="42.35" classname="Test Cases/Regresi Feature/Sprint 1/Regresi Kelas" status="PASSED">
         <system-out><![CDATA[03-01-2025T14:53:32 - [TEST_CASE][PASSED] - Test Cases/Regresi Feature/Sprint 1/Regresi Kelas: Test Cases/Regresi Feature/Sprint 1/Regresi Kelas

03-01-2025T14:53:32 - [TEST_STEP][PASSED] - for ([i = 1, i <= maxLoop, (i++)]): null

03-01-2025T14:53:32 - [TEST_STEP][PASSED] - callTestCase(findTestCase("Test Cases/Master Data/Admin Sekolah/Master Data Kelas/Edit Kelas"), [:], CONTINUE_ON_FAILURE): Call Test Case 'Test Cases/Master Data/Admin Sekolah/Master Data Kelas/Edit Kelas' successfully

03-01-2025T14:53:32 - [TEST_CASE][PASSED] - Test Cases/Master Data/Admin Sekolah/Master Data Kelas/Edit Kelas: Test Cases/Master Data/Admin Sekolah/Master Data Kelas/Edit Kelas

03-01-2025T14:53:32 - [TEST_STEP][PASSED] - openBrowser("", CONTINUE_ON_FAILURE): Browser is opened with url: ''

03-01-2025T14:53:32 - [MESSAGE][INFO] - Starting 'Chrome' driver

03-01-2025T14:53:32 - [MESSAGE][INFO] - Action delay is set to 0 milliseconds

03-01-2025T14:53:33 - [MESSAGE][PASSED] - Browser is opened with url: ''

03-01-2025T14:53:33 - [TEST_STEP][PASSED] - navigateToUrl("https://sit.siprusedu.com/login", CONTINUE_ON_FAILURE): Navigate to 'https://sit.siprusedu.com/login' successfully

03-01-2025T14:53:33 - [MESSAGE][PASSED] - Navigate to 'https://sit.siprusedu.com/login' successfully

03-01-2025T14:53:33 - [TEST_STEP][PASSED] - click(findTestObject("Master Data/Admin Sekolah/Login/Field Email"), CONTINUE_ON_FAILURE): Object: 'Object Repository/Master Data/Admin Sekolah/Login/Field Email' is clicked on

03-01-2025T14:53:35 - [MESSAGE][PASSED] - Object: 'Object Repository/Master Data/Admin Sekolah/Login/Field Email' is clicked on

03-01-2025T14:53:35 - [TEST_STEP][PASSED] - setText(findTestObject("Master Data/Admin Sekolah/Login/Field Email"), "admin.gudangsolusi@digiform.co.id", CONTINUE_ON_FAILURE): Text 'admin.gudangsolusi@digiform.co.id' is set on object 'Object Repository/Master Data/Admin Sekolah/Login/Field Email'

03-01-2025T14:53:35 - [MESSAGE][PASSED] - Text 'admin.gudangsolusi@digiform.co.id' is set on object 'Object Repository/Master Data/Admin Sekolah/Login/Field Email'

03-01-2025T14:53:35 - [TEST_STEP][PASSED] - click(findTestObject("Master Data/Admin Sekolah/Login/Input Password"), CONTINUE_ON_FAILURE): Object: 'Object Repository/Master Data/Admin Sekolah/Login/Input Password' is clicked on

03-01-2025T14:53:36 - [MESSAGE][PASSED] - Object: 'Object Repository/Master Data/Admin Sekolah/Login/Input Password' is clicked on

03-01-2025T14:53:36 - [TEST_STEP][PASSED] - setText(findTestObject("Master Data/Admin Sekolah/Login/Input Password"), "Test1234", CONTINUE_ON_FAILURE): Text 'Test1234' is set on object 'Object Repository/Master Data/Admin Sekolah/Login/Input Password'

03-01-2025T14:53:36 - [MESSAGE][PASSED] - Text 'Test1234' is set on object 'Object Repository/Master Data/Admin Sekolah/Login/Input Password'

03-01-2025T14:53:36 - [TEST_STEP][PASSED] - click(findTestObject("Master Data/Admin Sekolah/Login/Button Submit"), CONTINUE_ON_FAILURE): Object: 'Object Repository/Master Data/Admin Sekolah/Login/Button Submit' is clicked on

03-01-2025T14:53:36 - [MESSAGE][PASSED] - Object: 'Object Repository/Master Data/Admin Sekolah/Login/Button Submit' is clicked on

03-01-2025T14:53:36 - [TEST_STEP][PASSED] - click(findTestObject("Master Data/Admin Sekolah/HomePageMenu/Sidebar Menu"), CONTINUE_ON_FAILURE): Object: 'Object Repository/Master Data/Admin Sekolah/HomePageMenu/Sidebar Menu' is clicked on

03-01-2025T14:53:38 - [MESSAGE][PASSED] - Object: 'Object Repository/Master Data/Admin Sekolah/HomePageMenu/Sidebar Menu' is clicked on

03-01-2025T14:53:38 - [TEST_STEP][PASSED] - click(findTestObject("Master Data/Admin Sekolah/HomePageMenu/Sub Menu Kelas"), CONTINUE_ON_FAILURE): Object: 'Object Repository/Master Data/Admin Sekolah/HomePageMenu/Sub Menu Kelas' is clicked on

03-01-2025T14:53:39 - [MESSAGE][PASSED] - Object: 'Object Repository/Master Data/Admin Sekolah/HomePageMenu/Sub Menu Kelas' is clicked on

03-01-2025T14:53:39 - [TEST_STEP][PASSED] - click(findTestObject("Master Data/Admin Sekolah/Edit Kelas/Edit Kelas"), CONTINUE_ON_FAILURE): Object: 'Object Repository/Master Data/Admin Sekolah/Edit Kelas/Edit Kelas' is clicked on

03-01-2025T14:53:40 - [MESSAGE][PASSED] - Object: 'Object Repository/Master Data/Admin Sekolah/Edit Kelas/Edit Kelas' is clicked on

03-01-2025T14:53:40 - [TEST_STEP][PASSED] - click(findTestObject("Master Data/Admin Sekolah/Edit Kelas/Modal Edit/Unit/Pilih Unit"), CONTINUE_ON_FAILURE): Object: 'Object Repository/Master Data/Admin Sekolah/Edit Kelas/Modal Edit/Unit/Pilih Unit' is clicked on

03-01-2025T14:53:40 - [MESSAGE][PASSED] - Object: 'Object Repository/Master Data/Admin Sekolah/Edit Kelas/Modal Edit/Unit/Pilih Unit' is clicked on

03-01-2025T14:53:40 - [TEST_STEP][PASSED] - click(findTestObject("Master Data/Admin Sekolah/Edit Kelas/Modal Edit/Unit/Klik Unit"), CONTINUE_ON_FAILURE): Object: 'Object Repository/Master Data/Admin Sekolah/Edit Kelas/Modal Edit/Unit/Klik Unit' is clicked on

03-01-2025T14:53:41 - [MESSAGE][PASSED] - Object: 'Object Repository/Master Data/Admin Sekolah/Edit Kelas/Modal Edit/Unit/Klik Unit' is clicked on

03-01-2025T14:53:41 - [TEST_STEP][PASSED] - click(findTestObject("Master Data/Admin Sekolah/Edit Kelas/Modal Edit/Suffix/Edit Suffix")): Object: 'Object Repository/Master Data/Admin Sekolah/Edit Kelas/Modal Edit/Suffix/Edit Suffix' is clicked on

03-01-2025T14:53:41 - [MESSAGE][PASSED] - Object: 'Object Repository/Master Data/Admin Sekolah/Edit Kelas/Modal Edit/Suffix/Edit Suffix' is clicked on

03-01-2025T14:53:41 - [TEST_STEP][PASSED] - suffixArray = ["Laravel Beginner Course", "Laravel Advanced Guide", "PHP Crash Course", "Mastering Laravel with PHP", "Laravel for Beginners", "Full Stack PHP Development", "Backend Laravel Pro", "Laravel 4 With PHP", "PHP Framework Essentials", "Laravel API Development"]: null

03-01-2025T14:53:41 - [TEST_STEP][PASSED] - randomSuffix = suffixArray[Random().nextInt(length)]: null

03-01-2025T14:53:41 - [TEST_STEP][PASSED] - sendKeys(findTestObject("Master Data/Admin Sekolah/Edit Kelas/Modal Edit/Suffix/Edit Suffix"), Keys.chord(CONTROL, "a"), CONTINUE_ON_FAILURE): Keys 'CONTROL + a' sent to object: 'Object Repository/Master Data/Admin Sekolah/Edit Kelas/Modal Edit/Suffix/Edit Suffix'

03-01-2025T14:53:41 - [MESSAGE][PASSED] - Keys 'CONTROL + a' sent to object: 'Object Repository/Master Data/Admin Sekolah/Edit Kelas/Modal Edit/Suffix/Edit Suffix'

03-01-2025T14:53:41 - [TEST_STEP][PASSED] - sendKeys(findTestObject("Master Data/Admin Sekolah/Edit Kelas/Modal Edit/Suffix/Edit Suffix"), Keys.chord(BACK_SPACE), CONTINUE_ON_FAILURE): Keys 'BACK_SPACE + ' sent to object: 'Object Repository/Master Data/Admin Sekolah/Edit Kelas/Modal Edit/Suffix/Edit Suffix'

03-01-2025T14:53:41 - [MESSAGE][PASSED] - Keys 'BACK_SPACE + ' sent to object: 'Object Repository/Master Data/Admin Sekolah/Edit Kelas/Modal Edit/Suffix/Edit Suffix'

03-01-2025T14:53:41 - [TEST_STEP][PASSED] - delay(1): Delayed 1 second(s)

03-01-2025T14:53:42 - [MESSAGE][PASSED] - Delayed 1 second(s)

03-01-2025T14:53:42 - [TEST_STEP][PASSED] - setText(findTestObject("Master Data/Admin Sekolah/Edit Kelas/Modal Edit/Suffix/Edit Suffix"), randomSuffix, CONTINUE_ON_FAILURE): Text 'Laravel Beginner Course' is set on object 'Object Repository/Master Data/Admin Sekolah/Edit Kelas/Modal Edit/Suffix/Edit Suffix'

03-01-2025T14:53:43 - [MESSAGE][PASSED] - Text 'Laravel Beginner Course' is set on object 'Object Repository/Master Data/Admin Sekolah/Edit Kelas/Modal Edit/Suffix/Edit Suffix'

03-01-2025T14:53:43 - [TEST_STEP][PASSED] - click(findTestObject("Master Data/Admin Sekolah/Edit Kelas/Modal Edit/Simpan/Simpan Perubahan"), CONTINUE_ON_FAILURE): Object: 'Object Repository/Master Data/Admin Sekolah/Edit Kelas/Modal Edit/Simpan/Simpan Perubahan' is clicked on

03-01-2025T14:53:43 - [MESSAGE][PASSED] - Object: 'Object Repository/Master Data/Admin Sekolah/Edit Kelas/Modal Edit/Simpan/Simpan Perubahan' is clicked on

03-01-2025T14:53:43 - [TEST_STEP][PASSED] - closeBrowser(CONTINUE_ON_FAILURE): Browser is closed

03-01-2025T14:53:43 - [MESSAGE][PASSED] - Browser is closed

03-01-2025T14:53:43 - [MESSAGE][PASSED] - Call Test Case 'Test Cases/Master Data/Admin Sekolah/Master Data Kelas/Edit Kelas' successfully

03-01-2025T14:53:43 - [TEST_STEP][PASSED] - callTestCase(findTestCase("Test Cases/Master Data/Admin Sekolah/Master Data Kelas/Tambah Kelas"), [:], CONTINUE_ON_FAILURE): Call Test Case 'Test Cases/Master Data/Admin Sekolah/Master Data Kelas/Tambah Kelas' successfully

03-01-2025T14:53:44 - [TEST_CASE][PASSED] - Test Cases/Master Data/Admin Sekolah/Master Data Kelas/Tambah Kelas: Test Cases/Master Data/Admin Sekolah/Master Data Kelas/Tambah Kelas

03-01-2025T14:53:44 - [TEST_STEP][PASSED] - openBrowser("", CONTINUE_ON_FAILURE): Browser is opened with url: ''

03-01-2025T14:53:44 - [MESSAGE][INFO] - Starting 'Chrome' driver

03-01-2025T14:53:44 - [MESSAGE][INFO] - Action delay is set to 0 milliseconds

03-01-2025T14:53:44 - [MESSAGE][PASSED] - Browser is opened with url: ''

03-01-2025T14:53:44 - [TEST_STEP][PASSED] - navigateToUrl("https://sit.siprusedu.com/login"): Navigate to 'https://sit.siprusedu.com/login' successfully

03-01-2025T14:54:04 - [MESSAGE][PASSED] - Navigate to 'https://sit.siprusedu.com/login' successfully

03-01-2025T14:54:04 - [TEST_STEP][PASSED] - click(findTestObject("Master Data/Admin Sekolah/Login/Field Email"), CONTINUE_ON_FAILURE): Object: 'Object Repository/Master Data/Admin Sekolah/Login/Field Email' is clicked on

03-01-2025T14:54:04 - [MESSAGE][PASSED] - Object: 'Object Repository/Master Data/Admin Sekolah/Login/Field Email' is clicked on

03-01-2025T14:54:04 - [TEST_STEP][PASSED] - setText(findTestObject("Master Data/Admin Sekolah/Login/Field Email"), "admin.gudangsolusi@digiform.co.id", CONTINUE_ON_FAILURE): Text 'admin.gudangsolusi@digiform.co.id' is set on object 'Object Repository/Master Data/Admin Sekolah/Login/Field Email'

03-01-2025T14:54:05 - [MESSAGE][PASSED] - Text 'admin.gudangsolusi@digiform.co.id' is set on object 'Object Repository/Master Data/Admin Sekolah/Login/Field Email'

03-01-2025T14:54:05 - [TEST_STEP][PASSED] - click(findTestObject("Master Data/Admin Sekolah/Login/Input Password"), CONTINUE_ON_FAILURE): Object: 'Object Repository/Master Data/Admin Sekolah/Login/Input Password' is clicked on

03-01-2025T14:54:05 - [MESSAGE][PASSED] - Object: 'Object Repository/Master Data/Admin Sekolah/Login/Input Password' is clicked on

03-01-2025T14:54:05 - [TEST_STEP][PASSED] - setText(findTestObject("Master Data/Admin Sekolah/Login/Input Password"), "Test1234", CONTINUE_ON_FAILURE): Text 'Test1234' is set on object 'Object Repository/Master Data/Admin Sekolah/Login/Input Password'

03-01-2025T14:54:06 - [MESSAGE][PASSED] - Text 'Test1234' is set on object 'Object Repository/Master Data/Admin Sekolah/Login/Input Password'

03-01-2025T14:54:06 - [TEST_STEP][PASSED] - click(findTestObject("Master Data/Admin Sekolah/Login/Button Submit"), CONTINUE_ON_FAILURE): Object: 'Object Repository/Master Data/Admin Sekolah/Login/Button Submit' is clicked on

03-01-2025T14:54:06 - [MESSAGE][PASSED] - Object: 'Object Repository/Master Data/Admin Sekolah/Login/Button Submit' is clicked on

03-01-2025T14:54:06 - [TEST_STEP][PASSED] - click(findTestObject("Master Data/Admin Sekolah/HomePageMenu/Sidebar Menu"), CONTINUE_ON_FAILURE): Object: 'Object Repository/Master Data/Admin Sekolah/HomePageMenu/Sidebar Menu' is clicked on

03-01-2025T14:54:08 - [MESSAGE][PASSED] - Object: 'Object Repository/Master Data/Admin Sekolah/HomePageMenu/Sidebar Menu' is clicked on

03-01-2025T14:54:08 - [TEST_STEP][PASSED] - click(findTestObject("Master Data/Admin Sekolah/HomePageMenu/Sub Menu Kelas"), CONTINUE_ON_FAILURE): Object: 'Object Repository/Master Data/Admin Sekolah/HomePageMenu/Sub Menu Kelas' is clicked on

03-01-2025T14:54:08 - [MESSAGE][PASSED] - Object: 'Object Repository/Master Data/Admin Sekolah/HomePageMenu/Sub Menu Kelas' is clicked on

03-01-2025T14:54:08 - [TEST_STEP][PASSED] - click(findTestObject("Master Data/Admin Sekolah/Tambah Kelas/Tambah Kelas"), CONTINUE_ON_FAILURE): Object: 'Object Repository/Master Data/Admin Sekolah/Tambah Kelas/Tambah Kelas' is clicked on

03-01-2025T14:54:11 - [MESSAGE][PASSED] - Object: 'Object Repository/Master Data/Admin Sekolah/Tambah Kelas/Tambah Kelas' is clicked on

03-01-2025T14:54:11 - [TEST_STEP][PASSED] - click(findTestObject("Master Data/Admin Sekolah/Tambah Kelas/Modal Tambah/Unit/Pilih Unit"), CONTINUE_ON_FAILURE): Object: 'Object Repository/Master Data/Admin Sekolah/Tambah Kelas/Modal Tambah/Unit/Pilih Unit' is clicked on

03-01-2025T14:54:11 - [MESSAGE][PASSED] - Object: 'Object Repository/Master Data/Admin Sekolah/Tambah Kelas/Modal Tambah/Unit/Pilih Unit' is clicked on

03-01-2025T14:54:11 - [TEST_STEP][PASSED] - click(findTestObject("Master Data/Admin Sekolah/Tambah Kelas/Modal Tambah/Unit/Klik Unit"), CONTINUE_ON_FAILURE): Object: 'Object Repository/Master Data/Admin Sekolah/Tambah Kelas/Modal Tambah/Unit/Klik Unit' is clicked on

03-01-2025T14:54:12 - [MESSAGE][PASSED] - Object: 'Object Repository/Master Data/Admin Sekolah/Tambah Kelas/Modal Tambah/Unit/Klik Unit' is clicked on

03-01-2025T14:54:12 - [TEST_STEP][PASSED] - click(findTestObject("Master Data/Admin Sekolah/Tambah Kelas/Modal Tambah/Prefix/Klik Prefix"), CONTINUE_ON_FAILURE): Object: 'Object Repository/Master Data/Admin Sekolah/Tambah Kelas/Modal Tambah/Prefix/Klik Prefix' is clicked on

03-01-2025T14:54:12 - [MESSAGE][PASSED] - Object: 'Object Repository/Master Data/Admin Sekolah/Tambah Kelas/Modal Tambah/Prefix/Klik Prefix' is clicked on

03-01-2025T14:54:12 - [TEST_STEP][PASSED] - click(findTestObject("Master Data/Admin Sekolah/Tambah Kelas/Modal Tambah/Prefix/Pilih Prefix"), CONTINUE_ON_FAILURE): Object: 'Object Repository/Master Data/Admin Sekolah/Tambah Kelas/Modal Tambah/Prefix/Pilih Prefix' is clicked on

03-01-2025T14:54:12 - [MESSAGE][PASSED] - Object: 'Object Repository/Master Data/Admin Sekolah/Tambah Kelas/Modal Tambah/Prefix/Pilih Prefix' is clicked on

03-01-2025T14:54:12 - [TEST_STEP][PASSED] - suffixes = ["PHP", "JAVA", "PYTHON", "C++", "JS"]: null

03-01-2025T14:54:12 - [TEST_STEP][PASSED] - randomIndex = Random().nextInt(length): null

03-01-2025T14:54:12 - [TEST_STEP][PASSED] - randomNumber = Random().nextInt(10) + 1: null

03-01-2025T14:54:12 - [TEST_STEP][PASSED] - randomSuffix = suffixes[randomIndex] + " " + randomNumber: null

03-01-2025T14:54:12 - [TEST_STEP][PASSED] - setText(findTestObject("Master Data/Admin Sekolah/Tambah Kelas/Modal Tambah/Suffix/Input Suffix kelas"), randomSuffix, CONTINUE_ON_FAILURE): Text 'JAVA 1' is set on object 'Object Repository/Master Data/Admin Sekolah/Tambah Kelas/Modal Tambah/Suffix/Input Suffix kelas'

03-01-2025T14:54:13 - [MESSAGE][PASSED] - Text 'JAVA 1' is set on object 'Object Repository/Master Data/Admin Sekolah/Tambah Kelas/Modal Tambah/Suffix/Input Suffix kelas'

03-01-2025T14:54:13 - [TEST_STEP][PASSED] - click(findTestObject("Master Data/Admin Sekolah/Tambah Kelas/Modal Tambah/Jurusan/Klik Jurusan"), CONTINUE_ON_FAILURE): Object: 'Object Repository/Master Data/Admin Sekolah/Tambah Kelas/Modal Tambah/Jurusan/Klik Jurusan' is clicked on

03-01-2025T14:54:13 - [MESSAGE][PASSED] - Object: 'Object Repository/Master Data/Admin Sekolah/Tambah Kelas/Modal Tambah/Jurusan/Klik Jurusan' is clicked on

03-01-2025T14:54:13 - [TEST_STEP][PASSED] - click(findTestObject("Master Data/Admin Sekolah/Tambah Kelas/Modal Tambah/Jurusan/Pilih Jurusan"), CONTINUE_ON_FAILURE): Object: 'Object Repository/Master Data/Admin Sekolah/Tambah Kelas/Modal Tambah/Jurusan/Pilih Jurusan' is clicked on

03-01-2025T14:54:14 - [MESSAGE][PASSED] - Object: 'Object Repository/Master Data/Admin Sekolah/Tambah Kelas/Modal Tambah/Jurusan/Pilih Jurusan' is clicked on

03-01-2025T14:54:14 - [TEST_STEP][PASSED] - click(findTestObject("Master Data/Admin Sekolah/Tambah Kelas/Modal Tambah/Tambahkan/Tambah Data"), CONTINUE_ON_FAILURE): Object: 'Object Repository/Master Data/Admin Sekolah/Tambah Kelas/Modal Tambah/Tambahkan/Tambah Data' is clicked on

03-01-2025T14:54:14 - [MESSAGE][PASSED] - Object: 'Object Repository/Master Data/Admin Sekolah/Tambah Kelas/Modal Tambah/Tambahkan/Tambah Data' is clicked on

03-01-2025T14:54:14 - [TEST_STEP][PASSED] - closeBrowser(CONTINUE_ON_FAILURE): Browser is closed

03-01-2025T14:54:14 - [MESSAGE][PASSED] - Browser is closed

03-01-2025T14:54:14 - [MESSAGE][PASSED] - Call Test Case 'Test Cases/Master Data/Admin Sekolah/Master Data Kelas/Tambah Kelas' successfully

03-01-2025T14:54:14 - [TEST_STEP][PASSED] - println("============================= Loop Again ==============================="): null]]></system-out>
         <system-err><![CDATA[]]></system-err>
      </testcase>
      <testcase name="Test Cases/Regresi Feature/Sprint 1/Regresi Pengaturan Sekolah" time="50.861" classname="Test Cases/Regresi Feature/Sprint 1/Regresi Pengaturan Sekolah" status="PASSED">
         <system-out><![CDATA[03-01-2025T14:54:14 - [TEST_CASE][PASSED] - Test Cases/Regresi Feature/Sprint 1/Regresi Pengaturan Sekolah: Test Cases/Regresi Feature/Sprint 1/Regresi Pengaturan Sekolah

03-01-2025T14:54:14 - [TEST_STEP][PASSED] - for ([i = 1, i <= maxLoop, (i++)]): null

03-01-2025T14:54:14 - [TEST_STEP][PASSED] - callTestCase(findTestCase("Test Cases/Master Data/Super Admin/Master Data Sekolah/Tambah Sekolah"), [:], CONTINUE_ON_FAILURE): Call Test Case 'Test Cases/Master Data/Super Admin/Master Data Sekolah/Tambah Sekolah' successfully

03-01-2025T14:54:14 - [TEST_CASE][PASSED] - Test Cases/Master Data/Super Admin/Master Data Sekolah/Tambah Sekolah: Test Cases/Master Data/Super Admin/Master Data Sekolah/Tambah Sekolah

03-01-2025T14:54:14 - [TEST_STEP][PASSED] - openBrowser("", CONTINUE_ON_FAILURE): Browser is opened with url: ''

03-01-2025T14:54:14 - [MESSAGE][INFO] - Starting 'Chrome' driver

03-01-2025T14:54:14 - [MESSAGE][INFO] - Action delay is set to 0 milliseconds

03-01-2025T14:54:15 - [MESSAGE][PASSED] - Browser is opened with url: ''

03-01-2025T14:54:15 - [TEST_STEP][PASSED] - navigateToUrl("https://sit.siprusedu.com/login", CONTINUE_ON_FAILURE): Navigate to 'https://sit.siprusedu.com/login' successfully

03-01-2025T14:54:15 - [MESSAGE][PASSED] - Navigate to 'https://sit.siprusedu.com/login' successfully

03-01-2025T14:54:15 - [TEST_STEP][PASSED] - click(findTestObject("Master Data/Admin Sekolah/Login/Field Email"), CONTINUE_ON_FAILURE): Object: 'Object Repository/Master Data/Admin Sekolah/Login/Field Email' is clicked on

03-01-2025T14:54:17 - [MESSAGE][PASSED] - Object: 'Object Repository/Master Data/Admin Sekolah/Login/Field Email' is clicked on

03-01-2025T14:54:17 - [TEST_STEP][PASSED] - setText(findTestObject("Master Data/Admin Sekolah/Login/Field Email"), "admin@gmail.com", CONTINUE_ON_FAILURE): Text 'admin@gmail.com' is set on object 'Object Repository/Master Data/Admin Sekolah/Login/Field Email'

03-01-2025T14:54:17 - [MESSAGE][PASSED] - Text 'admin@gmail.com' is set on object 'Object Repository/Master Data/Admin Sekolah/Login/Field Email'

03-01-2025T14:54:17 - [TEST_STEP][PASSED] - click(findTestObject("Master Data/Admin Sekolah/Login/Input Password"), CONTINUE_ON_FAILURE): Object: 'Object Repository/Master Data/Admin Sekolah/Login/Input Password' is clicked on

03-01-2025T14:54:18 - [MESSAGE][PASSED] - Object: 'Object Repository/Master Data/Admin Sekolah/Login/Input Password' is clicked on

03-01-2025T14:54:18 - [TEST_STEP][PASSED] - setText(findTestObject("Master Data/Admin Sekolah/Login/Input Password"), "Test1234", CONTINUE_ON_FAILURE): Text 'Test1234' is set on object 'Object Repository/Master Data/Admin Sekolah/Login/Input Password'

03-01-2025T14:54:18 - [MESSAGE][PASSED] - Text 'Test1234' is set on object 'Object Repository/Master Data/Admin Sekolah/Login/Input Password'

03-01-2025T14:54:18 - [TEST_STEP][PASSED] - click(findTestObject("Master Data/Admin Sekolah/Login/Button Submit"), CONTINUE_ON_FAILURE): Object: 'Object Repository/Master Data/Admin Sekolah/Login/Button Submit' is clicked on

03-01-2025T14:54:19 - [MESSAGE][PASSED] - Object: 'Object Repository/Master Data/Admin Sekolah/Login/Button Submit' is clicked on

03-01-2025T14:54:19 - [TEST_STEP][PASSED] - waitForPageLoad(5, CONTINUE_ON_FAILURE): Wait for page load successfully

03-01-2025T14:54:19 - [MESSAGE][PASSED] - Wait for page load successfully

03-01-2025T14:54:19 - [TEST_STEP][PASSED] - click(findTestObject("Master Data/Super Admin/Homepage Menu/Sidebar Menu"), CONTINUE_ON_FAILURE): Object: 'Object Repository/Master Data/Super Admin/Homepage Menu/Sidebar Menu' is clicked on

03-01-2025T14:54:20 - [MESSAGE][PASSED] - Object: 'Object Repository/Master Data/Super Admin/Homepage Menu/Sidebar Menu' is clicked on

03-01-2025T14:54:20 - [TEST_STEP][PASSED] - click(findTestObject("Master Data/Super Admin/Homepage Menu/Sub Menu Sekolah"), CONTINUE_ON_FAILURE): Object: 'Object Repository/Master Data/Super Admin/Homepage Menu/Sub Menu Sekolah' is clicked on

03-01-2025T14:54:21 - [MESSAGE][PASSED] - Object: 'Object Repository/Master Data/Super Admin/Homepage Menu/Sub Menu Sekolah' is clicked on

03-01-2025T14:54:21 - [TEST_STEP][PASSED] - click(findTestObject("Master Data/Super Admin/Master Sekolah Dashboard/Button Tambah"), CONTINUE_ON_FAILURE): Object: 'Object Repository/Master Data/Super Admin/Master Sekolah Dashboard/Button Tambah' is clicked on

03-01-2025T14:54:21 - [MESSAGE][PASSED] - Object: 'Object Repository/Master Data/Super Admin/Master Sekolah Dashboard/Button Tambah' is clicked on

03-01-2025T14:54:21 - [TEST_STEP][PASSED] - waitForPageLoad(5, CONTINUE_ON_FAILURE): Wait for page load successfully

03-01-2025T14:54:21 - [MESSAGE][PASSED] - Wait for page load successfully

03-01-2025T14:54:21 - [TEST_STEP][PASSED] - sekolahDataList = [["NPSN":generateRandomNPSN(), "Telephone":generateRandomNomorHP(), "NamaSekolah":generateRandomNamaSekolah(), "Email":generateRandomEmail(generateRandomNamaSekolah())]]: null

03-01-2025T14:54:21 - [TEST_STEP][PASSED] - return (java.lang.Math.abs(new java.util.Random().nextLong()) % 10000000000).toString().padLeft(10, 0): null

03-01-2025T14:54:21 - [TEST_STEP][PASSED] - return (08 + (java.lang.Math.abs(new java.util.Random().nextLong()) % 1000000000).toString().padLeft(9, 0)): null

03-01-2025T14:54:21 - [TEST_STEP][PASSED] - namaSekolahList = ["SMA Harapan Bangsa", "SMA Citra Nusantara", "SMA Tunas Muda", "SMA Pelita Harapan", "SMA Duta Bangsa", "SMA Bina Insan", "SMA Mandiri Jaya", "SMA Cendekia Utama", "SMA Cahaya Bangsa", "SMA Kasih Ibu", "SMA Tunas Bangsa", "SMA Nusa Jaya", "SMA Karya Mandiri", "SMA Pelita Cita", "SMA Inspirasi Bangsa", "SMA Sejahtera", "SMA Bintang Terang", "SMA Elang Nusantara", "SMA Gemilang Prestasi", "SMA Bina Cita", "SMA Anak Bangsa", "SMA Prima Nusantara", "SMA Pertiwi", "SMA Persada", "SMA Pionir Harapan", "SMA Cakra Nusantara", "SMA Global Mandiri", "SMA Pelangi Nusantara", "SMA Bhakti Pertiwi", "SMA Citra Bangsa", "SMA Harmoni", "SMA Tunas Cendekia", "SMA Unggul Bangsa", "SMA Bina Generasi", "SMA Gemilang Jaya", "SMA Purna Bhakti", "SMA Nusantara Jaya", "SMA Wijaya Kusuma", "SMA Merdeka", "SMA Pertiwi Sejahtera", "SMA Pelita Nusantara", "SMA Cahaya Pertiwi", "SMA Tunas Harapan", "SMA Satria Mandiri", "SMA Bina Utama", "SMA Pionir Nusantara", "SMA Mutiara Bangsa", "SMA Kasih Bangsa", "SMA Nusa Indah", "SMA Bina Prestasi"]: null

03-01-2025T14:54:21 - [TEST_STEP][PASSED] - return namaSekolahList[new java.util.Random().nextInt(namaSekolahList.size())]: null

03-01-2025T14:54:21 - [TEST_STEP][PASSED] - namaSekolahList = ["SMA Harapan Bangsa", "SMA Citra Nusantara", "SMA Tunas Muda", "SMA Pelita Harapan", "SMA Duta Bangsa", "SMA Bina Insan", "SMA Mandiri Jaya", "SMA Cendekia Utama", "SMA Cahaya Bangsa", "SMA Kasih Ibu", "SMA Tunas Bangsa", "SMA Nusa Jaya", "SMA Karya Mandiri", "SMA Pelita Cita", "SMA Inspirasi Bangsa", "SMA Sejahtera", "SMA Bintang Terang", "SMA Elang Nusantara", "SMA Gemilang Prestasi", "SMA Bina Cita", "SMA Anak Bangsa", "SMA Prima Nusantara", "SMA Pertiwi", "SMA Persada", "SMA Pionir Harapan", "SMA Cakra Nusantara", "SMA Global Mandiri", "SMA Pelangi Nusantara", "SMA Bhakti Pertiwi", "SMA Citra Bangsa", "SMA Harmoni", "SMA Tunas Cendekia", "SMA Unggul Bangsa", "SMA Bina Generasi", "SMA Gemilang Jaya", "SMA Purna Bhakti", "SMA Nusantara Jaya", "SMA Wijaya Kusuma", "SMA Merdeka", "SMA Pertiwi Sejahtera", "SMA Pelita Nusantara", "SMA Cahaya Pertiwi", "SMA Tunas Harapan", "SMA Satria Mandiri", "SMA Bina Utama", "SMA Pionir Nusantara", "SMA Mutiara Bangsa", "SMA Kasih Bangsa", "SMA Nusa Indah", "SMA Bina Prestasi"]: null

03-01-2025T14:54:21 - [TEST_STEP][PASSED] - return namaSekolahList[new java.util.Random().nextInt(namaSekolahList.size())]: null

03-01-2025T14:54:21 - [TEST_STEP][PASSED] - namaSekolahFormatted = toLowerCase().replaceAll("\s+", ""): null

03-01-2025T14:54:21 - [TEST_STEP][PASSED] - return (namaSekolahFormatted + @sch.id): null

03-01-2025T14:54:21 - [TEST_STEP][PASSED] - for (Map<String, String> sekolahData : sekolahDataList): null

03-01-2025T14:54:21 - [TEST_STEP][PASSED] - fillFormWithData(sekolahData): null

03-01-2025T14:54:21 - [TEST_STEP][PASSED] - setText(findTestObject("Master Data/Super Admin/Form Sekolah/Field NPSN"), formData["NPSN"]): Text '9503188416' is set on object 'Object Repository/Master Data/Super Admin/Form Sekolah/Field NPSN'

03-01-2025T14:54:22 - [MESSAGE][PASSED] - Text '9503188416' is set on object 'Object Repository/Master Data/Super Admin/Form Sekolah/Field NPSN'

03-01-2025T14:54:22 - [TEST_STEP][PASSED] - setText(findTestObject("Master Data/Super Admin/Form Sekolah/Field Telephone"), formData["Telephone"]): Text '08399842288' is set on object 'Object Repository/Master Data/Super Admin/Form Sekolah/Field Telephone'

03-01-2025T14:54:23 - [MESSAGE][PASSED] - Text '08399842288' is set on object 'Object Repository/Master Data/Super Admin/Form Sekolah/Field Telephone'

03-01-2025T14:54:23 - [TEST_STEP][PASSED] - setText(findTestObject("Master Data/Super Admin/Form Sekolah/Field Nama Sekolah"), formData["NamaSekolah"]): Text 'SMA Inspirasi Bangsa' is set on object 'Object Repository/Master Data/Super Admin/Form Sekolah/Field Nama Sekolah'

03-01-2025T14:54:23 - [MESSAGE][PASSED] - Text 'SMA Inspirasi Bangsa' is set on object 'Object Repository/Master Data/Super Admin/Form Sekolah/Field Nama Sekolah'

03-01-2025T14:54:23 - [TEST_STEP][PASSED] - setText(findTestObject("Master Data/Super Admin/Form Sekolah/Field Email"), formData["Email"]): null

03-01-2025T14:54:24 - [MESSAGE][PASSED] - Text 'smabinagenerasi@sch.id' is set on object 'Object Repository/Master Data/Super Admin/Form Sekolah/Field Email'

03-01-2025T14:54:24 - [TEST_STEP][PASSED] - delay(1): Delayed 1 second(s)

03-01-2025T14:54:25 - [MESSAGE][PASSED] - Delayed 1 second(s)

03-01-2025T14:54:25 - [TEST_STEP][PASSED] - scrollToElement(findTestObject("Master Data/Super Admin/Form Sekolah/Field Email"), 0, CONTINUE_ON_FAILURE): Scroll to object 'Object Repository/Master Data/Super Admin/Form Sekolah/Field Email' successfully

03-01-2025T14:54:25 - [MESSAGE][WARNING] - Timeout '0' is invalid. Using default page load timeout: '30'

03-01-2025T14:54:25 - [MESSAGE][PASSED] - Scroll to object 'Object Repository/Master Data/Super Admin/Form Sekolah/Field Email' successfully

03-01-2025T14:54:25 - [TEST_STEP][PASSED] - click(findTestObject("Master Data/Super Admin/Form Sekolah/Dropdown Unit"), CONTINUE_ON_FAILURE): Object: 'Object Repository/Master Data/Super Admin/Form Sekolah/Dropdown Unit' is clicked on

03-01-2025T14:54:25 - [MESSAGE][PASSED] - Object: 'Object Repository/Master Data/Super Admin/Form Sekolah/Dropdown Unit' is clicked on

03-01-2025T14:54:25 - [TEST_STEP][PASSED] - click(findTestObject("Master Data/Super Admin/Form Sekolah/Isi Dropdown Unit"), CONTINUE_ON_FAILURE): Object: 'Object Repository/Master Data/Super Admin/Form Sekolah/Isi Dropdown Unit' is clicked on

03-01-2025T14:54:26 - [MESSAGE][PASSED] - Object: 'Object Repository/Master Data/Super Admin/Form Sekolah/Isi Dropdown Unit' is clicked on

03-01-2025T14:54:26 - [TEST_STEP][PASSED] - logoFilePaths = ["C:\Users\henri\Pictures\Upload Sekolah\Logo Sekolah.png"]: null

03-01-2025T14:54:26 - [TEST_STEP][PASSED] - for (String logoFilePath : logoFilePaths): null

03-01-2025T14:54:26 - [TEST_STEP][PASSED] - uploadLogo(logoFilePath): null

03-01-2025T14:54:26 - [TEST_STEP][PASSED] - click(findTestObject("Master Data/Super Admin/Form Sekolah/Button Upload Logo")): Object: 'Object Repository/Master Data/Super Admin/Form Sekolah/Button Upload Logo' is clicked on

03-01-2025T14:54:26 - [MESSAGE][PASSED] - Object: 'Object Repository/Master Data/Super Admin/Form Sekolah/Button Upload Logo' is clicked on

03-01-2025T14:54:26 - [TEST_STEP][PASSED] - delay(1): Delayed 1 second(s)

03-01-2025T14:54:27 - [MESSAGE][PASSED] - Delayed 1 second(s)

03-01-2025T14:54:27 - [TEST_STEP][PASSED] - uploadFile(findTestObject("Master Data/Super Admin/Form Sekolah/Input File Upload"), logoFilePath): null

03-01-2025T14:54:28 - [MESSAGE][PASSED] - File 'C:\Users\henri\Pictures\Upload Sekolah\Logo Sekolah.png' sent to object: 'Object Repository/Master Data/Super Admin/Form Sekolah/Input File Upload'

03-01-2025T14:54:28 - [TEST_STEP][PASSED] - delay(1): Delayed 1 second(s)

03-01-2025T14:54:29 - [MESSAGE][PASSED] - Delayed 1 second(s)

03-01-2025T14:54:29 - [TEST_STEP][PASSED] - kopSuratFilePath = "C:/Users/henri/Pictures/Upload Sekolah/Upload Kop Surat.png": null

03-01-2025T14:54:29 - [TEST_STEP][PASSED] - click(findTestObject("Master Data/Super Admin/Form Sekolah/Button Upload Kop Surat"), CONTINUE_ON_FAILURE): Object: 'Object Repository/Master Data/Super Admin/Form Sekolah/Button Upload Kop Surat' is clicked on

03-01-2025T14:54:29 - [MESSAGE][PASSED] - Object: 'Object Repository/Master Data/Super Admin/Form Sekolah/Button Upload Kop Surat' is clicked on

03-01-2025T14:54:29 - [TEST_STEP][PASSED] - delay(5, CONTINUE_ON_FAILURE): Delayed 5 second(s)

03-01-2025T14:54:34 - [MESSAGE][PASSED] - Delayed 5 second(s)

03-01-2025T14:54:34 - [TEST_STEP][PASSED] - uploadFile(findTestObject("Master Data/Super Admin/Form Sekolah/Input Upload File Kop Surat"), kopSuratFilePath, CONTINUE_ON_FAILURE): File 'C:/Users/henri/Pictures/Upload Sekolah/Upload Kop Surat.png' sent to object: 'Object Repository/Master Data/Super Admin/Form Sekolah/Input Upload File Kop Surat'

03-01-2025T14:54:34 - [MESSAGE][PASSED] - File 'C:/Users/henri/Pictures/Upload Sekolah/Upload Kop Surat.png' sent to object: 'Object Repository/Master Data/Super Admin/Form Sekolah/Input Upload File Kop Surat'

03-01-2025T14:54:34 - [TEST_STEP][PASSED] - selectDropdownValue("Master Data/Super Admin/Form Sekolah/Dropdown Provinsi", "Master Data/Super Admin/Form Sekolah/Isi Dropdown Provinsi", 5, 2): null

03-01-2025T14:54:34 - [TEST_STEP][PASSED] - click(findTestObject(dropdownXpath)): Object: 'Object Repository/Master Data/Super Admin/Form Sekolah/Dropdown Provinsi' is clicked on

03-01-2025T14:54:35 - [MESSAGE][PASSED] - Object: 'Object Repository/Master Data/Super Admin/Form Sekolah/Dropdown Provinsi' is clicked on

03-01-2025T14:54:35 - [TEST_STEP][PASSED] - delay(delayBefore): Delayed 5 second(s)

03-01-2025T14:54:40 - [MESSAGE][PASSED] - Delayed 5 second(s)

03-01-2025T14:54:40 - [TEST_STEP][PASSED] - click(findTestObject(valueXpath)): Object: 'Object Repository/Master Data/Super Admin/Form Sekolah/Isi Dropdown Provinsi' is clicked on

03-01-2025T14:54:40 - [MESSAGE][PASSED] - Object: 'Object Repository/Master Data/Super Admin/Form Sekolah/Isi Dropdown Provinsi' is clicked on

03-01-2025T14:54:40 - [TEST_STEP][PASSED] - delay(delayAfter): Delayed 2 second(s)

03-01-2025T14:54:42 - [MESSAGE][PASSED] - Delayed 2 second(s)

03-01-2025T14:54:42 - [TEST_STEP][PASSED] - selectDropdownValue("Master Data/Super Admin/Form Sekolah/Dropdown Kota", "Master Data/Super Admin/Form Sekolah/Isi Dropdown Kota", 2, 2): null

03-01-2025T14:54:42 - [TEST_STEP][PASSED] - click(findTestObject(dropdownXpath)): Object: 'Object Repository/Master Data/Super Admin/Form Sekolah/Dropdown Kota' is clicked on

03-01-2025T14:54:42 - [MESSAGE][PASSED] - Object: 'Object Repository/Master Data/Super Admin/Form Sekolah/Dropdown Kota' is clicked on

03-01-2025T14:54:42 - [TEST_STEP][PASSED] - delay(delayBefore): Delayed 2 second(s)

03-01-2025T14:54:44 - [MESSAGE][PASSED] - Delayed 2 second(s)

03-01-2025T14:54:44 - [TEST_STEP][PASSED] - click(findTestObject(valueXpath)): Object: 'Object Repository/Master Data/Super Admin/Form Sekolah/Isi Dropdown Kota' is clicked on

03-01-2025T14:54:44 - [MESSAGE][PASSED] - Object: 'Object Repository/Master Data/Super Admin/Form Sekolah/Isi Dropdown Kota' is clicked on

03-01-2025T14:54:44 - [TEST_STEP][PASSED] - delay(delayAfter): Delayed 2 second(s)

03-01-2025T14:54:46 - [MESSAGE][PASSED] - Delayed 2 second(s)

03-01-2025T14:54:46 - [TEST_STEP][PASSED] - alamatRandom = generateRandomAlamat(): null

03-01-2025T14:54:46 - [TEST_STEP][PASSED] - alamatList = ["Head Office. Pondok Indah Office Tower 1 Lantai 8. Jl. Sultan Iskandar Muda Kav. V - TA, Jakarta Selatan 12310. Tel. +62-21 7654466. Fax. +62-21 7507747.", "Jl. Jenderal Sudirman Kav. 10-11, Jakarta Pusat 10220. Tel. +62-21 1234567. Fax. +62-21 9876543.", "Kompleks Ruko Grand Galaxy, Blok A5 No. 12, Bekasi Selatan 17148. Tel. +62-21 8855543.", "Jl. Ahmad Yani No. 45, Surabaya 60234. Tel. +62-31 7894567.", "Jl. Diponegoro No. 101, Bandung 40132. Tel. +62-22 7651234. Fax. +62-22 9873214.", "Jl. MT Haryono No. 3, Medan 20234. Tel. +62-61 4321678.", "Jl. Brigjen Katamso No. 88, Yogyakarta 55212. Tel. +62-274 556789.", "Jl. Gatot Subroto Kav. 15-17, Jakarta Selatan 12950. Tel. +62-21 7650987.", "Jl. Pahlawan No. 76, Semarang 50134. Tel. +62-24 7776543.", "Jl. Imam Bonjol No. 23, Malang 65115. Tel. +62-341 556712."]: null

03-01-2025T14:54:46 - [TEST_STEP][PASSED] - return alamatList[new java.util.Random().nextInt(alamatList.size())]: null

03-01-2025T14:54:46 - [TEST_STEP][PASSED] - setText(findTestObject("Master Data/Super Admin/Form Sekolah/Field Alamat"), alamatRandom, CONTINUE_ON_FAILURE): Text 'Head Office. Pondok Indah Office Tower 1 Lantai 8. Jl. Sultan Iskandar Muda Kav. V - TA, Jakarta Selatan 12310. Tel. +62-21 7654466. Fax. +62-21 7507747.' is set on object 'Object Repository/Master Data/Super Admin/Form Sekolah/Field Alamat'

03-01-2025T14:54:48 - [MESSAGE][PASSED] - Text 'Head Office. Pondok Indah Office Tower 1 Lantai 8. Jl. Sultan Iskandar Muda Kav. V - TA, Jakarta Selatan 12310. Tel. +62-21 7654466. Fax. +62-21 7507747.' is set on object 'Object Repository/Master Data/Super Admin/Form Sekolah/Field Alamat'

03-01-2025T14:54:48 - [TEST_STEP][PASSED] - click(findTestObject("Master Data/Super Admin/Form Sekolah/Button Tambahkan"), CONTINUE_ON_FAILURE): Object: 'Object Repository/Master Data/Super Admin/Form Sekolah/Button Tambahkan' is clicked on

03-01-2025T14:54:48 - [MESSAGE][PASSED] - Object: 'Object Repository/Master Data/Super Admin/Form Sekolah/Button Tambahkan' is clicked on

03-01-2025T14:54:48 - [TEST_STEP][PASSED] - click(findTestObject("Master Data/Super Admin/Form Sekolah/Button YA"), CONTINUE_ON_FAILURE): Object: 'Object Repository/Master Data/Super Admin/Form Sekolah/Button YA' is clicked on

03-01-2025T14:54:49 - [MESSAGE][PASSED] - Object: 'Object Repository/Master Data/Super Admin/Form Sekolah/Button YA' is clicked on

03-01-2025T14:54:49 - [MESSAGE][PASSED] - Call Test Case 'Test Cases/Master Data/Super Admin/Master Data Sekolah/Tambah Sekolah' successfully

03-01-2025T14:54:49 - [TEST_STEP][PASSED] - callTestCase(findTestCase("Test Cases/Master Data/Super Admin/Master Data Sekolah/Edit Sekolah"), [:], CONTINUE_ON_FAILURE): Call Test Case 'Test Cases/Master Data/Super Admin/Master Data Sekolah/Edit Sekolah' successfully

03-01-2025T14:54:49 - [TEST_CASE][PASSED] - Test Cases/Master Data/Super Admin/Master Data Sekolah/Edit Sekolah: Test Cases/Master Data/Super Admin/Master Data Sekolah/Edit Sekolah

03-01-2025T14:54:49 - [TEST_STEP][PASSED] - openBrowser("", CONTINUE_ON_FAILURE): Browser is opened with url: ''

03-01-2025T14:54:49 - [MESSAGE][WARNING] - A browser is already opened. Closing browser and opening a new one

03-01-2025T14:54:49 - [MESSAGE][INFO] - Starting 'Chrome' driver

03-01-2025T14:54:49 - [MESSAGE][INFO] - Action delay is set to 0 milliseconds

03-01-2025T14:54:50 - [MESSAGE][PASSED] - Browser is opened with url: ''

03-01-2025T14:54:50 - [TEST_STEP][PASSED] - navigateToUrl("https://sit.siprusedu.com/login", CONTINUE_ON_FAILURE): Navigate to 'https://sit.siprusedu.com/login' successfully

03-01-2025T14:54:50 - [MESSAGE][PASSED] - Navigate to 'https://sit.siprusedu.com/login' successfully

03-01-2025T14:54:50 - [TEST_STEP][PASSED] - setText(findTestObject("Master Data/Admin Sekolah/Login/Field Email"), "admin@gmail.com", CONTINUE_ON_FAILURE): Text 'admin@gmail.com' is set on object 'Object Repository/Master Data/Admin Sekolah/Login/Field Email'

03-01-2025T14:54:52 - [MESSAGE][PASSED] - Text 'admin@gmail.com' is set on object 'Object Repository/Master Data/Admin Sekolah/Login/Field Email'

03-01-2025T14:54:52 - [TEST_STEP][PASSED] - setText(findTestObject("Master Data/Admin Sekolah/Login/Input Password"), "Test1234", CONTINUE_ON_FAILURE): Text 'Test1234' is set on object 'Object Repository/Master Data/Admin Sekolah/Login/Input Password'

03-01-2025T14:54:52 - [MESSAGE][PASSED] - Text 'Test1234' is set on object 'Object Repository/Master Data/Admin Sekolah/Login/Input Password'

03-01-2025T14:54:52 - [TEST_STEP][PASSED] - click(findTestObject("Master Data/Admin Sekolah/Login/Button Submit"), CONTINUE_ON_FAILURE): Object: 'Object Repository/Master Data/Admin Sekolah/Login/Button Submit' is clicked on

03-01-2025T14:54:52 - [MESSAGE][PASSED] - Object: 'Object Repository/Master Data/Admin Sekolah/Login/Button Submit' is clicked on

03-01-2025T14:54:52 - [TEST_STEP][PASSED] - waitForPageLoad(5, CONTINUE_ON_FAILURE): Wait for page load successfully

03-01-2025T14:54:53 - [MESSAGE][PASSED] - Wait for page load successfully

03-01-2025T14:54:53 - [TEST_STEP][PASSED] - click(findTestObject("Master Data/Super Admin/Homepage Menu/Sidebar Menu"), CONTINUE_ON_FAILURE): Object: 'Object Repository/Master Data/Super Admin/Homepage Menu/Sidebar Menu' is clicked on

03-01-2025T14:54:54 - [MESSAGE][PASSED] - Object: 'Object Repository/Master Data/Super Admin/Homepage Menu/Sidebar Menu' is clicked on

03-01-2025T14:54:54 - [TEST_STEP][PASSED] - click(findTestObject("Master Data/Super Admin/Homepage Menu/Sub Menu Sekolah"), CONTINUE_ON_FAILURE): Object: 'Object Repository/Master Data/Super Admin/Homepage Menu/Sub Menu Sekolah' is clicked on

03-01-2025T14:54:55 - [MESSAGE][PASSED] - Object: 'Object Repository/Master Data/Super Admin/Homepage Menu/Sub Menu Sekolah' is clicked on

03-01-2025T14:54:55 - [TEST_STEP][PASSED] - click(findTestObject("Master Data/Super Admin/Edit Sekolah/Master Data Sekolah Dashboard/Button Action"), CONTINUE_ON_FAILURE): Object: 'Object Repository/Master Data/Super Admin/Edit Sekolah/Master Data Sekolah Dashboard/Button Action' is clicked on

03-01-2025T14:54:55 - [MESSAGE][PASSED] - Object: 'Object Repository/Master Data/Super Admin/Edit Sekolah/Master Data Sekolah Dashboard/Button Action' is clicked on

03-01-2025T14:54:55 - [TEST_STEP][PASSED] - click(findTestObject("Master Data/Super Admin/Edit Sekolah/Master Data Sekolah Dashboard/Button Edit"), CONTINUE_ON_FAILURE): Object: 'Object Repository/Master Data/Super Admin/Edit Sekolah/Master Data Sekolah Dashboard/Button Edit' is clicked on

03-01-2025T14:54:56 - [MESSAGE][PASSED] - Object: 'Object Repository/Master Data/Super Admin/Edit Sekolah/Master Data Sekolah Dashboard/Button Edit' is clicked on

03-01-2025T14:54:56 - [TEST_STEP][PASSED] - sendKeys(findTestObject("Master Data/Super Admin/Edit Sekolah/Edit Page/Field NPSN"), Keys.chord(CONTROL, "a")): Keys 'CONTROL + a' sent to object: 'Object Repository/Master Data/Super Admin/Edit Sekolah/Edit Page/Field NPSN'

03-01-2025T14:54:56 - [MESSAGE][PASSED] - Keys 'CONTROL + a' sent to object: 'Object Repository/Master Data/Super Admin/Edit Sekolah/Edit Page/Field NPSN'

03-01-2025T14:54:56 - [TEST_STEP][PASSED] - sendKeys(findTestObject("Master Data/Super Admin/Edit Sekolah/Edit Page/Field NPSN"), Keys.chord(DELETE)): Keys 'DELETE + ' sent to object: 'Object Repository/Master Data/Super Admin/Edit Sekolah/Edit Page/Field NPSN'

03-01-2025T14:54:57 - [MESSAGE][PASSED] - Keys 'DELETE + ' sent to object: 'Object Repository/Master Data/Super Admin/Edit Sekolah/Edit Page/Field NPSN'

03-01-2025T14:54:57 - [TEST_STEP][PASSED] - randomNPSN = generateRandomNPSN(): null

03-01-2025T14:54:57 - [TEST_STEP][PASSED] - return (java.lang.Math.abs(new java.util.Random().nextLong()) % 10000000000).toString().padLeft(10, 0): null

03-01-2025T14:54:57 - [TEST_STEP][PASSED] - setText(findTestObject("Master Data/Super Admin/Edit Sekolah/Edit Page/Field NPSN"), randomNPSN, CONTINUE_ON_FAILURE): Text '6533705836' is set on object 'Object Repository/Master Data/Super Admin/Edit Sekolah/Edit Page/Field NPSN'

03-01-2025T14:54:57 - [MESSAGE][PASSED] - Text '6533705836' is set on object 'Object Repository/Master Data/Super Admin/Edit Sekolah/Edit Page/Field NPSN'

03-01-2025T14:54:57 - [TEST_STEP][PASSED] - sendKeys(findTestObject("Master Data/Super Admin/Edit Sekolah/Edit Page/Field Nomor Telfon"), Keys.chord(CONTROL, "a")): Keys 'CONTROL + a' sent to object: 'Object Repository/Master Data/Super Admin/Edit Sekolah/Edit Page/Field Nomor Telfon'

03-01-2025T14:54:57 - [MESSAGE][PASSED] - Keys 'CONTROL + a' sent to object: 'Object Repository/Master Data/Super Admin/Edit Sekolah/Edit Page/Field Nomor Telfon'

03-01-2025T14:54:57 - [TEST_STEP][PASSED] - sendKeys(findTestObject("Master Data/Super Admin/Edit Sekolah/Edit Page/Field Nomor Telfon"), Keys.chord(DELETE)): Keys 'DELETE + ' sent to object: 'Object Repository/Master Data/Super Admin/Edit Sekolah/Edit Page/Field Nomor Telfon'

03-01-2025T14:54:58 - [MESSAGE][PASSED] - Keys 'DELETE + ' sent to object: 'Object Repository/Master Data/Super Admin/Edit Sekolah/Edit Page/Field Nomor Telfon'

03-01-2025T14:54:58 - [TEST_STEP][PASSED] - randomNomorTelepon = generateRandomNomorTelepon(): null

03-01-2025T14:54:58 - [TEST_STEP][PASSED] - return (08 + (java.lang.Math.abs(new java.util.Random().nextLong()) % 1000000000).toString().padLeft(9, 0)): null

03-01-2025T14:54:58 - [TEST_STEP][PASSED] - setText(findTestObject("Master Data/Super Admin/Edit Sekolah/Edit Page/Field Nomor Telfon"), randomNomorTelepon, CONTINUE_ON_FAILURE): Text '08032668661' is set on object 'Object Repository/Master Data/Super Admin/Edit Sekolah/Edit Page/Field Nomor Telfon'

03-01-2025T14:54:58 - [MESSAGE][PASSED] - Text '08032668661' is set on object 'Object Repository/Master Data/Super Admin/Edit Sekolah/Edit Page/Field Nomor Telfon'

03-01-2025T14:54:58 - [TEST_STEP][PASSED] - sendKeys(findTestObject("Master Data/Super Admin/Edit Sekolah/Edit Page/Field Nama Sekolah"), Keys.chord(CONTROL, "a")): Keys 'CONTROL + a' sent to object: 'Object Repository/Master Data/Super Admin/Edit Sekolah/Edit Page/Field Nama Sekolah'

03-01-2025T14:54:59 - [MESSAGE][PASSED] - Keys 'CONTROL + a' sent to object: 'Object Repository/Master Data/Super Admin/Edit Sekolah/Edit Page/Field Nama Sekolah'

03-01-2025T14:54:59 - [TEST_STEP][PASSED] - sendKeys(findTestObject("Master Data/Super Admin/Edit Sekolah/Edit Page/Field Nama Sekolah"), Keys.chord(DELETE)): Keys 'DELETE + ' sent to object: 'Object Repository/Master Data/Super Admin/Edit Sekolah/Edit Page/Field Nama Sekolah'

03-01-2025T14:54:59 - [MESSAGE][PASSED] - Keys 'DELETE + ' sent to object: 'Object Repository/Master Data/Super Admin/Edit Sekolah/Edit Page/Field Nama Sekolah'

03-01-2025T14:54:59 - [TEST_STEP][PASSED] - randomNamaSekolah = generateRandomNamaSekolah(): null

03-01-2025T14:54:59 - [TEST_STEP][PASSED] - namaSekolahList = ["SMA Harapan Bangsa", "SMA Citra Nusantara", "SMA Tunas Muda", "SMA Pelita Harapan", "SMA Duta Bangsa", "SMA Bina Insan", "SMA Mandiri Jaya", "SMA Cendekia Utama", "SMA Cahaya Bangsa", "SMA Kasih Ibu", "SMA Tunas Bangsa", "SMA Nusa Jaya", "SMA Karya Mandiri", "SMA Pelita Cita", "SMA Inspirasi Bangsa", "SMA Sejahtera", "SMA Bintang Terang", "SMA Elang Nusantara", "SMA Gemilang Prestasi", "SMA Bina Cita", "SMA Anak Bangsa", "SMA Prima Nusantara", "SMA Pertiwi", "SMA Persada", "SMA Pionir Harapan", "SMA Cakra Nusantara", "SMA Global Mandiri", "SMA Pelangi Nusantara", "SMA Bhakti Pertiwi", "SMA Citra Bangsa", "SMA Harmoni", "SMA Tunas Cendekia", "SMA Unggul Bangsa", "SMA Bina Generasi", "SMA Gemilang Jaya", "SMA Purna Bhakti", "SMA Nusantara Jaya", "SMA Wijaya Kusuma", "SMA Merdeka", "SMA Pertiwi Sejahtera", "SMA Pelita Nusantara", "SMA Cahaya Pertiwi", "SMA Tunas Harapan", "SMA Satria Mandiri", "SMA Bina Utama", "SMA Pionir Nusantara", "SMA Mutiara Bangsa", "SMA Kasih Bangsa", "SMA Nusa Indah", "SMA Bina Prestasi"]: null

03-01-2025T14:54:59 - [TEST_STEP][PASSED] - return namaSekolahList[new java.util.Random().nextInt(namaSekolahList.size())]: null

03-01-2025T14:54:59 - [TEST_STEP][PASSED] - setText(findTestObject("Master Data/Super Admin/Edit Sekolah/Edit Page/Field Nama Sekolah"), randomNamaSekolah, CONTINUE_ON_FAILURE): Text 'SMA Sejahtera' is set on object 'Object Repository/Master Data/Super Admin/Edit Sekolah/Edit Page/Field Nama Sekolah'

03-01-2025T14:54:59 - [MESSAGE][PASSED] - Text 'SMA Sejahtera' is set on object 'Object Repository/Master Data/Super Admin/Edit Sekolah/Edit Page/Field Nama Sekolah'

03-01-2025T14:54:59 - [TEST_STEP][PASSED] - sendKeys(findTestObject("Master Data/Super Admin/Edit Sekolah/Edit Page/Field Email Sekolah"), Keys.chord(CONTROL, "a")): Keys 'CONTROL + a' sent to object: 'Object Repository/Master Data/Super Admin/Edit Sekolah/Edit Page/Field Email Sekolah'

03-01-2025T14:55:00 - [MESSAGE][PASSED] - Keys 'CONTROL + a' sent to object: 'Object Repository/Master Data/Super Admin/Edit Sekolah/Edit Page/Field Email Sekolah'

03-01-2025T14:55:00 - [TEST_STEP][PASSED] - sendKeys(findTestObject("Master Data/Super Admin/Edit Sekolah/Edit Page/Field Email Sekolah"), Keys.chord(DELETE)): Keys 'DELETE + ' sent to object: 'Object Repository/Master Data/Super Admin/Edit Sekolah/Edit Page/Field Email Sekolah'

03-01-2025T14:55:00 - [MESSAGE][PASSED] - Keys 'DELETE + ' sent to object: 'Object Repository/Master Data/Super Admin/Edit Sekolah/Edit Page/Field Email Sekolah'

03-01-2025T14:55:00 - [TEST_STEP][PASSED] - randomEmail = generateEmailFromNamaSekolah(randomNamaSekolah): null

03-01-2025T14:55:00 - [TEST_STEP][PASSED] - emailPrefix = toLowerCase().replaceAll(" ", "."): null

03-01-2025T14:55:00 - [TEST_STEP][PASSED] - return (emailPrefix + @sch.co.id): null

03-01-2025T14:55:00 - [TEST_STEP][PASSED] - setText(findTestObject("Master Data/Super Admin/Edit Sekolah/Edit Page/Field Email Sekolah"), randomEmail, CONTINUE_ON_FAILURE): Text 'sma.sejahtera@sch.co.id' is set on object 'Object Repository/Master Data/Super Admin/Edit Sekolah/Edit Page/Field Email Sekolah'

03-01-2025T14:55:00 - [MESSAGE][PASSED] - Text 'sma.sejahtera@sch.co.id' is set on object 'Object Repository/Master Data/Super Admin/Edit Sekolah/Edit Page/Field Email Sekolah'

03-01-2025T14:55:00 - [TEST_STEP][PASSED] - click(findTestObject("Master Data/Super Admin/Edit Sekolah/Edit Page/Dropdown Provinsi"), CONTINUE_ON_FAILURE): Object: 'Object Repository/Master Data/Super Admin/Edit Sekolah/Edit Page/Dropdown Provinsi' is clicked on

03-01-2025T14:55:03 - [MESSAGE][PASSED] - Object: 'Object Repository/Master Data/Super Admin/Edit Sekolah/Edit Page/Dropdown Provinsi' is clicked on

03-01-2025T14:55:03 - [TEST_STEP][PASSED] - click(findTestObject("Master Data/Super Admin/Edit Sekolah/Edit Page/Value Dropdown Provinsi"), CONTINUE_ON_FAILURE): Object: 'Object Repository/Master Data/Super Admin/Edit Sekolah/Edit Page/Value Dropdown Provinsi' is clicked on

03-01-2025T14:55:03 - [MESSAGE][PASSED] - Object: 'Object Repository/Master Data/Super Admin/Edit Sekolah/Edit Page/Value Dropdown Provinsi' is clicked on

03-01-2025T14:55:03 - [TEST_STEP][PASSED] - click(findTestObject("Master Data/Super Admin/Edit Sekolah/Edit Page/Dropdown Kota"), CONTINUE_ON_FAILURE): Object: 'Object Repository/Master Data/Super Admin/Edit Sekolah/Edit Page/Dropdown Kota' is clicked on

03-01-2025T14:55:04 - [MESSAGE][PASSED] - Object: 'Object Repository/Master Data/Super Admin/Edit Sekolah/Edit Page/Dropdown Kota' is clicked on

03-01-2025T14:55:04 - [TEST_STEP][PASSED] - click(findTestObject("Master Data/Super Admin/Edit Sekolah/Edit Page/Value Dropdown Kota"), CONTINUE_ON_FAILURE): Object: 'Object Repository/Master Data/Super Admin/Edit Sekolah/Edit Page/Value Dropdown Kota' is clicked on

03-01-2025T14:55:04 - [MESSAGE][PASSED] - Object: 'Object Repository/Master Data/Super Admin/Edit Sekolah/Edit Page/Value Dropdown Kota' is clicked on

03-01-2025T14:55:04 - [TEST_STEP][PASSED] - click(findTestObject("Master Data/Super Admin/Edit Sekolah/Edit Page/Field Button Simpan"), CONTINUE_ON_FAILURE): Object: 'Object Repository/Master Data/Super Admin/Edit Sekolah/Edit Page/Field Button Simpan' is clicked on

03-01-2025T14:55:04 - [MESSAGE][PASSED] - Object: 'Object Repository/Master Data/Super Admin/Edit Sekolah/Edit Page/Field Button Simpan' is clicked on

03-01-2025T14:55:04 - [TEST_STEP][PASSED] - click(findTestObject("Master Data/Super Admin/Edit Sekolah/Edit Page/Button Ya"), CONTINUE_ON_FAILURE): Object: 'Object Repository/Master Data/Super Admin/Edit Sekolah/Edit Page/Button Ya' is clicked on

03-01-2025T14:55:05 - [MESSAGE][PASSED] - Object: 'Object Repository/Master Data/Super Admin/Edit Sekolah/Edit Page/Button Ya' is clicked on

03-01-2025T14:55:05 - [TEST_STEP][PASSED] - closeBrowser(): Browser is closed

03-01-2025T14:55:05 - [MESSAGE][PASSED] - Browser is closed

03-01-2025T14:55:05 - [MESSAGE][PASSED] - Call Test Case 'Test Cases/Master Data/Super Admin/Master Data Sekolah/Edit Sekolah' successfully

03-01-2025T14:55:05 - [TEST_STEP][PASSED] - println("============================= Loop Again ==============================="): null]]></system-out>
         <system-err><![CDATA[]]></system-err>
      </testcase>
      <testcase name="Test Cases/Regresi Feature/Sprint 1/Regresi Tagihan" time="51.165" classname="Test Cases/Regresi Feature/Sprint 1/Regresi Tagihan" status="PASSED">
         <system-out><![CDATA[03-01-2025T14:55:05 - [TEST_CASE][PASSED] - Test Cases/Regresi Feature/Sprint 1/Regresi Tagihan: Test Cases/Regresi Feature/Sprint 1/Regresi Tagihan

03-01-2025T14:55:05 - [TEST_STEP][PASSED] - for ([i = 1, i <= maxLoop, (i++)]): null

03-01-2025T14:55:05 - [TEST_STEP][PASSED] - callTestCase(findTestCase("Test Cases/Master Data/Admin Sekolah/Master Data Tagihan/Filter Tagihan"), [:], CONTINUE_ON_FAILURE): Call Test Case 'Test Cases/Master Data/Admin Sekolah/Master Data Tagihan/Filter Tagihan' successfully

03-01-2025T14:55:05 - [TEST_CASE][PASSED] - Test Cases/Master Data/Admin Sekolah/Master Data Tagihan/Filter Tagihan: Test Cases/Master Data/Admin Sekolah/Master Data Tagihan/Filter Tagihan

03-01-2025T14:55:05 - [TEST_STEP][PASSED] - openBrowser("", CONTINUE_ON_FAILURE): Browser is opened with url: ''

03-01-2025T14:55:05 - [MESSAGE][INFO] - Starting 'Chrome' driver

03-01-2025T14:55:05 - [MESSAGE][INFO] - Action delay is set to 0 milliseconds

03-01-2025T14:55:06 - [MESSAGE][PASSED] - Browser is opened with url: ''

03-01-2025T14:55:06 - [TEST_STEP][PASSED] - navigateToUrl("https://sit.siprusedu.com/login", CONTINUE_ON_FAILURE): Navigate to 'https://sit.siprusedu.com/login' successfully

03-01-2025T14:55:06 - [MESSAGE][PASSED] - Navigate to 'https://sit.siprusedu.com/login' successfully

03-01-2025T14:55:06 - [TEST_STEP][PASSED] - click(findTestObject("Master Data/Admin Sekolah/Login/Field Email"), CONTINUE_ON_FAILURE): Object: 'Object Repository/Master Data/Admin Sekolah/Login/Field Email' is clicked on

03-01-2025T14:55:08 - [MESSAGE][PASSED] - Object: 'Object Repository/Master Data/Admin Sekolah/Login/Field Email' is clicked on

03-01-2025T14:55:08 - [TEST_STEP][PASSED] - setText(findTestObject("Master Data/Admin Sekolah/Login/Field Email"), "admin.gudangsolusi@digiform.co.id", CONTINUE_ON_FAILURE): Text 'admin.gudangsolusi@digiform.co.id' is set on object 'Object Repository/Master Data/Admin Sekolah/Login/Field Email'

03-01-2025T14:55:08 - [MESSAGE][PASSED] - Text 'admin.gudangsolusi@digiform.co.id' is set on object 'Object Repository/Master Data/Admin Sekolah/Login/Field Email'

03-01-2025T14:55:08 - [TEST_STEP][PASSED] - delay(1, CONTINUE_ON_FAILURE): Delayed 1 second(s)

03-01-2025T14:55:09 - [MESSAGE][PASSED] - Delayed 1 second(s)

03-01-2025T14:55:09 - [TEST_STEP][PASSED] - click(findTestObject("Master Data/Admin Sekolah/Login/Input Password"), CONTINUE_ON_FAILURE): Object: 'Object Repository/Master Data/Admin Sekolah/Login/Input Password' is clicked on

03-01-2025T14:55:10 - [MESSAGE][PASSED] - Object: 'Object Repository/Master Data/Admin Sekolah/Login/Input Password' is clicked on

03-01-2025T14:55:10 - [TEST_STEP][PASSED] - setText(findTestObject("Master Data/Admin Sekolah/Login/Input Password"), "Test1234", CONTINUE_ON_FAILURE): Text 'Test1234' is set on object 'Object Repository/Master Data/Admin Sekolah/Login/Input Password'

03-01-2025T14:55:10 - [MESSAGE][PASSED] - Text 'Test1234' is set on object 'Object Repository/Master Data/Admin Sekolah/Login/Input Password'

03-01-2025T14:55:10 - [TEST_STEP][PASSED] - delay(1, CONTINUE_ON_FAILURE): Delayed 1 second(s)

03-01-2025T14:55:11 - [MESSAGE][PASSED] - Delayed 1 second(s)

03-01-2025T14:55:11 - [TEST_STEP][PASSED] - click(findTestObject("Master Data/Admin Sekolah/Login/Button Submit"), CONTINUE_ON_FAILURE): Object: 'Object Repository/Master Data/Admin Sekolah/Login/Button Submit' is clicked on

03-01-2025T14:55:11 - [MESSAGE][PASSED] - Object: 'Object Repository/Master Data/Admin Sekolah/Login/Button Submit' is clicked on

03-01-2025T14:55:11 - [TEST_STEP][PASSED] - click(findTestObject("Master Data/Admin Sekolah/Lihat Tagihan/Menu Master Data"), CONTINUE_ON_FAILURE): Object: 'Object Repository/Master Data/Admin Sekolah/Lihat Tagihan/Menu Master Data' is clicked on

03-01-2025T14:55:13 - [MESSAGE][PASSED] - Object: 'Object Repository/Master Data/Admin Sekolah/Lihat Tagihan/Menu Master Data' is clicked on

03-01-2025T14:55:13 - [TEST_STEP][PASSED] - delay(1, CONTINUE_ON_FAILURE): Delayed 1 second(s)

03-01-2025T14:55:14 - [MESSAGE][PASSED] - Delayed 1 second(s)

03-01-2025T14:55:14 - [TEST_STEP][PASSED] - click(findTestObject("Master Data/Admin Sekolah/Lihat Tagihan/Menu Tagihan"), CONTINUE_ON_FAILURE): Object: 'Object Repository/Master Data/Admin Sekolah/Lihat Tagihan/Menu Tagihan' is clicked on

03-01-2025T14:55:14 - [MESSAGE][PASSED] - Object: 'Object Repository/Master Data/Admin Sekolah/Lihat Tagihan/Menu Tagihan' is clicked on

03-01-2025T14:55:14 - [TEST_STEP][PASSED] - delay(1, CONTINUE_ON_FAILURE): Delayed 1 second(s)

03-01-2025T14:55:15 - [MESSAGE][PASSED] - Delayed 1 second(s)

03-01-2025T14:55:15 - [TEST_STEP][PASSED] - click(findTestObject("Master Data/Admin Sekolah/Filter Tagihan/Button Filter"), CONTINUE_ON_FAILURE): Object: 'Object Repository/Master Data/Admin Sekolah/Filter Tagihan/Button Filter' is clicked on

03-01-2025T14:55:16 - [MESSAGE][PASSED] - Object: 'Object Repository/Master Data/Admin Sekolah/Filter Tagihan/Button Filter' is clicked on

03-01-2025T14:55:16 - [TEST_STEP][PASSED] - delay(1, CONTINUE_ON_FAILURE): Delayed 1 second(s)

03-01-2025T14:55:17 - [MESSAGE][PASSED] - Delayed 1 second(s)

03-01-2025T14:55:17 - [TEST_STEP][PASSED] - click(findTestObject("Master Data/Admin Sekolah/Filter Tagihan/Select Tipe Tagihan"), CONTINUE_ON_FAILURE): Object: 'Object Repository/Master Data/Admin Sekolah/Filter Tagihan/Select Tipe Tagihan' is clicked on

03-01-2025T14:55:17 - [MESSAGE][PASSED] - Object: 'Object Repository/Master Data/Admin Sekolah/Filter Tagihan/Select Tipe Tagihan' is clicked on

03-01-2025T14:55:17 - [TEST_STEP][PASSED] - delay(1, CONTINUE_ON_FAILURE): Delayed 1 second(s)

03-01-2025T14:55:18 - [MESSAGE][PASSED] - Delayed 1 second(s)

03-01-2025T14:55:18 - [TEST_STEP][PASSED] - click(findTestObject("Master Data/Admin Sekolah/Filter Tagihan/Tagihan Reguler"), CONTINUE_ON_FAILURE): Object: 'Object Repository/Master Data/Admin Sekolah/Filter Tagihan/Tagihan Reguler' is clicked on

03-01-2025T14:55:18 - [MESSAGE][PASSED] - Object: 'Object Repository/Master Data/Admin Sekolah/Filter Tagihan/Tagihan Reguler' is clicked on

03-01-2025T14:55:18 - [TEST_STEP][PASSED] - delay(1, CONTINUE_ON_FAILURE): Delayed 1 second(s)

03-01-2025T14:55:19 - [MESSAGE][PASSED] - Delayed 1 second(s)

03-01-2025T14:55:19 - [TEST_STEP][PASSED] - click(findTestObject("Master Data/Admin Sekolah/Filter Tagihan/Select Rekening Bank"), CONTINUE_ON_FAILURE): Object: 'Object Repository/Master Data/Admin Sekolah/Filter Tagihan/Select Rekening Bank' is clicked on

03-01-2025T14:55:19 - [MESSAGE][PASSED] - Object: 'Object Repository/Master Data/Admin Sekolah/Filter Tagihan/Select Rekening Bank' is clicked on

03-01-2025T14:55:19 - [TEST_STEP][PASSED] - delay(1, CONTINUE_ON_FAILURE): Delayed 1 second(s)

03-01-2025T14:55:20 - [MESSAGE][PASSED] - Delayed 1 second(s)

03-01-2025T14:55:20 - [TEST_STEP][PASSED] - click(findTestObject("Master Data/Admin Sekolah/Filter Tagihan/CIMB"), CONTINUE_ON_FAILURE): Object: 'Object Repository/Master Data/Admin Sekolah/Filter Tagihan/CIMB' is clicked on

03-01-2025T14:55:21 - [MESSAGE][PASSED] - Object: 'Object Repository/Master Data/Admin Sekolah/Filter Tagihan/CIMB' is clicked on

03-01-2025T14:55:21 - [TEST_STEP][PASSED] - delay(1, CONTINUE_ON_FAILURE): Delayed 1 second(s)

03-01-2025T14:55:22 - [MESSAGE][PASSED] - Delayed 1 second(s)

03-01-2025T14:55:22 - [TEST_STEP][PASSED] - click(findTestObject("Master Data/Admin Sekolah/Filter Tagihan/Button Terapkan"), CONTINUE_ON_FAILURE): Object: 'Object Repository/Master Data/Admin Sekolah/Filter Tagihan/Button Terapkan' is clicked on

03-01-2025T14:55:22 - [MESSAGE][PASSED] - Object: 'Object Repository/Master Data/Admin Sekolah/Filter Tagihan/Button Terapkan' is clicked on

03-01-2025T14:55:22 - [MESSAGE][PASSED] - Call Test Case 'Test Cases/Master Data/Admin Sekolah/Master Data Tagihan/Filter Tagihan' successfully

03-01-2025T14:55:22 - [TEST_STEP][PASSED] - callTestCase(findTestCase("Test Cases/Master Data/Admin Sekolah/Master Data Tagihan/Lihat Tagihan"), [:], CONTINUE_ON_FAILURE): Call Test Case 'Test Cases/Master Data/Admin Sekolah/Master Data Tagihan/Lihat Tagihan' successfully

03-01-2025T14:55:22 - [TEST_CASE][PASSED] - Test Cases/Master Data/Admin Sekolah/Master Data Tagihan/Lihat Tagihan: Test Cases/Master Data/Admin Sekolah/Master Data Tagihan/Lihat Tagihan

03-01-2025T14:55:22 - [TEST_STEP][PASSED] - openBrowser("", CONTINUE_ON_FAILURE): Browser is opened with url: ''

03-01-2025T14:55:22 - [MESSAGE][WARNING] - A browser is already opened. Closing browser and opening a new one

03-01-2025T14:55:22 - [MESSAGE][INFO] - Starting 'Chrome' driver

03-01-2025T14:55:22 - [MESSAGE][INFO] - Action delay is set to 0 milliseconds

03-01-2025T14:55:23 - [MESSAGE][PASSED] - Browser is opened with url: ''

03-01-2025T14:55:23 - [TEST_STEP][PASSED] - navigateToUrl("https://sit.siprusedu.com/login", CONTINUE_ON_FAILURE): Navigate to 'https://sit.siprusedu.com/login' successfully

03-01-2025T14:55:24 - [MESSAGE][PASSED] - Navigate to 'https://sit.siprusedu.com/login' successfully

03-01-2025T14:55:24 - [TEST_STEP][PASSED] - click(findTestObject("Master Data/Admin Sekolah/Login/Field Email"), CONTINUE_ON_FAILURE): Object: 'Object Repository/Master Data/Admin Sekolah/Login/Field Email' is clicked on

03-01-2025T14:55:25 - [MESSAGE][PASSED] - Object: 'Object Repository/Master Data/Admin Sekolah/Login/Field Email' is clicked on

03-01-2025T14:55:25 - [TEST_STEP][PASSED] - setText(findTestObject("Master Data/Admin Sekolah/Login/Field Email"), "admin.gudangsolusi@digiform.co.id", CONTINUE_ON_FAILURE): Text 'admin.gudangsolusi@digiform.co.id' is set on object 'Object Repository/Master Data/Admin Sekolah/Login/Field Email'

03-01-2025T14:55:26 - [MESSAGE][PASSED] - Text 'admin.gudangsolusi@digiform.co.id' is set on object 'Object Repository/Master Data/Admin Sekolah/Login/Field Email'

03-01-2025T14:55:26 - [TEST_STEP][PASSED] - click(findTestObject("Master Data/Admin Sekolah/Login/Input Password"), CONTINUE_ON_FAILURE): Object: 'Object Repository/Master Data/Admin Sekolah/Login/Input Password' is clicked on

03-01-2025T14:55:26 - [MESSAGE][PASSED] - Object: 'Object Repository/Master Data/Admin Sekolah/Login/Input Password' is clicked on

03-01-2025T14:55:26 - [TEST_STEP][PASSED] - setText(findTestObject("Master Data/Admin Sekolah/Login/Input Password"), "Test1234", CONTINUE_ON_FAILURE): Text 'Test1234' is set on object 'Object Repository/Master Data/Admin Sekolah/Login/Input Password'

03-01-2025T14:55:27 - [MESSAGE][PASSED] - Text 'Test1234' is set on object 'Object Repository/Master Data/Admin Sekolah/Login/Input Password'

03-01-2025T14:55:27 - [TEST_STEP][PASSED] - click(findTestObject("Master Data/Admin Sekolah/Login/Button Submit"), CONTINUE_ON_FAILURE): Object: 'Object Repository/Master Data/Admin Sekolah/Login/Button Submit' is clicked on

03-01-2025T14:55:27 - [MESSAGE][PASSED] - Object: 'Object Repository/Master Data/Admin Sekolah/Login/Button Submit' is clicked on

03-01-2025T14:55:27 - [TEST_STEP][PASSED] - click(findTestObject("Master Data/Admin Sekolah/Lihat Tagihan/Menu Master Data"), CONTINUE_ON_FAILURE): Object: 'Object Repository/Master Data/Admin Sekolah/Lihat Tagihan/Menu Master Data' is clicked on

03-01-2025T14:55:29 - [MESSAGE][PASSED] - Object: 'Object Repository/Master Data/Admin Sekolah/Lihat Tagihan/Menu Master Data' is clicked on

03-01-2025T14:55:29 - [TEST_STEP][PASSED] - click(findTestObject("Master Data/Admin Sekolah/Lihat Tagihan/Menu Tagihan"), CONTINUE_ON_FAILURE): Object: 'Object Repository/Master Data/Admin Sekolah/Lihat Tagihan/Menu Tagihan' is clicked on

03-01-2025T14:55:29 - [MESSAGE][PASSED] - Object: 'Object Repository/Master Data/Admin Sekolah/Lihat Tagihan/Menu Tagihan' is clicked on

03-01-2025T14:55:29 - [TEST_STEP][PASSED] - delay(1, CONTINUE_ON_FAILURE): Delayed 1 second(s)

03-01-2025T14:55:30 - [MESSAGE][PASSED] - Delayed 1 second(s)

03-01-2025T14:55:30 - [TEST_STEP][PASSED] - click(findTestObject("Master Data/Admin Sekolah/Lihat Tagihan/Button View"), CONTINUE_ON_FAILURE): Object: 'Object Repository/Master Data/Admin Sekolah/Lihat Tagihan/Button View' is clicked on

03-01-2025T14:55:32 - [MESSAGE][PASSED] - Object: 'Object Repository/Master Data/Admin Sekolah/Lihat Tagihan/Button View' is clicked on

03-01-2025T14:55:32 - [MESSAGE][PASSED] - Call Test Case 'Test Cases/Master Data/Admin Sekolah/Master Data Tagihan/Lihat Tagihan' successfully

03-01-2025T14:55:32 - [TEST_STEP][PASSED] - callTestCase(findTestCase("Test Cases/Master Data/Admin Sekolah/Master Data Tagihan/Tambah Tagihan"), [:], CONTINUE_ON_FAILURE): Call Test Case 'Test Cases/Master Data/Admin Sekolah/Master Data Tagihan/Tambah Tagihan' successfully

03-01-2025T14:55:32 - [TEST_CASE][PASSED] - Test Cases/Master Data/Admin Sekolah/Master Data Tagihan/Tambah Tagihan: Test Cases/Master Data/Admin Sekolah/Master Data Tagihan/Tambah Tagihan

03-01-2025T14:55:32 - [TEST_STEP][PASSED] - openBrowser("", CONTINUE_ON_FAILURE): Browser is opened with url: ''

03-01-2025T14:55:32 - [MESSAGE][WARNING] - A browser is already opened. Closing browser and opening a new one

03-01-2025T14:55:32 - [MESSAGE][INFO] - Starting 'Chrome' driver

03-01-2025T14:55:32 - [MESSAGE][INFO] - Action delay is set to 0 milliseconds

03-01-2025T14:55:33 - [MESSAGE][PASSED] - Browser is opened with url: ''

03-01-2025T14:55:33 - [TEST_STEP][PASSED] - navigateToUrl("https://sit.siprusedu.com/login", CONTINUE_ON_FAILURE): Navigate to 'https://sit.siprusedu.com/login' successfully

03-01-2025T14:55:34 - [MESSAGE][PASSED] - Navigate to 'https://sit.siprusedu.com/login' successfully

03-01-2025T14:55:34 - [TEST_STEP][PASSED] - setText(findTestObject("Master Data/Admin Sekolah/Login/Field Email"), "admin.gudangsolusi@digiform.co.id", CONTINUE_ON_FAILURE): Text 'admin.gudangsolusi@digiform.co.id' is set on object 'Object Repository/Master Data/Admin Sekolah/Login/Field Email'

03-01-2025T14:55:35 - [MESSAGE][PASSED] - Text 'admin.gudangsolusi@digiform.co.id' is set on object 'Object Repository/Master Data/Admin Sekolah/Login/Field Email'

03-01-2025T14:55:35 - [TEST_STEP][PASSED] - setText(findTestObject("Master Data/Admin Sekolah/Login/Input Password"), "Test1234", CONTINUE_ON_FAILURE): Text 'Test1234' is set on object 'Object Repository/Master Data/Admin Sekolah/Login/Input Password'

03-01-2025T14:55:36 - [MESSAGE][PASSED] - Text 'Test1234' is set on object 'Object Repository/Master Data/Admin Sekolah/Login/Input Password'

03-01-2025T14:55:36 - [TEST_STEP][PASSED] - click(findTestObject("Master Data/Admin Sekolah/Login/Button Submit"), CONTINUE_ON_FAILURE): Object: 'Object Repository/Master Data/Admin Sekolah/Login/Button Submit' is clicked on

03-01-2025T14:55:36 - [MESSAGE][PASSED] - Object: 'Object Repository/Master Data/Admin Sekolah/Login/Button Submit' is clicked on

03-01-2025T14:55:36 - [TEST_STEP][PASSED] - click(findTestObject("Master Data/Admin Sekolah/Tambah Tagihan/Menu Master Data"), CONTINUE_ON_FAILURE): Object: 'Object Repository/Master Data/Admin Sekolah/Tambah Tagihan/Menu Master Data' is clicked on

03-01-2025T14:55:38 - [MESSAGE][PASSED] - Object: 'Object Repository/Master Data/Admin Sekolah/Tambah Tagihan/Menu Master Data' is clicked on

03-01-2025T14:55:38 - [TEST_STEP][PASSED] - click(findTestObject("Master Data/Admin Sekolah/Tambah Tagihan/Menu Tagihan"), CONTINUE_ON_FAILURE): Object: 'Object Repository/Master Data/Admin Sekolah/Tambah Tagihan/Menu Tagihan' is clicked on

03-01-2025T14:55:39 - [MESSAGE][PASSED] - Object: 'Object Repository/Master Data/Admin Sekolah/Tambah Tagihan/Menu Tagihan' is clicked on

03-01-2025T14:55:39 - [TEST_STEP][PASSED] - click(findTestObject("Master Data/Admin Sekolah/Tambah Tagihan/Button Tambah"), CONTINUE_ON_FAILURE): Object: 'Object Repository/Master Data/Admin Sekolah/Tambah Tagihan/Button Tambah' is clicked on

03-01-2025T14:55:40 - [MESSAGE][PASSED] - Object: 'Object Repository/Master Data/Admin Sekolah/Tambah Tagihan/Button Tambah' is clicked on

03-01-2025T14:55:40 - [TEST_STEP][PASSED] - setText(findTestObject("Master Data/Admin Sekolah/Tambah Tagihan/Input Nama Tagihan"), "KATALONZ", CONTINUE_ON_FAILURE): Text 'KATALONZ' is set on object 'Object Repository/Master Data/Admin Sekolah/Tambah Tagihan/Input Nama Tagihan'

03-01-2025T14:55:40 - [MESSAGE][PASSED] - Text 'KATALONZ' is set on object 'Object Repository/Master Data/Admin Sekolah/Tambah Tagihan/Input Nama Tagihan'

03-01-2025T14:55:40 - [TEST_STEP][PASSED] - click(findTestObject("Master Data/Admin Sekolah/Tambah Tagihan/Select Tipe Tagihan"), CONTINUE_ON_FAILURE): Object: 'Object Repository/Master Data/Admin Sekolah/Tambah Tagihan/Select Tipe Tagihan' is clicked on

03-01-2025T14:55:41 - [MESSAGE][PASSED] - Object: 'Object Repository/Master Data/Admin Sekolah/Tambah Tagihan/Select Tipe Tagihan' is clicked on

03-01-2025T14:55:41 - [TEST_STEP][PASSED] - click(findTestObject("Master Data/Admin Sekolah/Tambah Tagihan/Tagihan Regular"), CONTINUE_ON_FAILURE): Object: 'Object Repository/Master Data/Admin Sekolah/Tambah Tagihan/Tagihan Regular' is clicked on

03-01-2025T14:55:41 - [MESSAGE][PASSED] - Object: 'Object Repository/Master Data/Admin Sekolah/Tambah Tagihan/Tagihan Regular' is clicked on

03-01-2025T14:55:41 - [TEST_STEP][PASSED] - click(findTestObject("Master Data/Admin Sekolah/Tambah Tagihan/Klik Tahun Ajaran")): Object: 'Object Repository/Master Data/Admin Sekolah/Tambah Tagihan/Klik Tahun Ajaran' is clicked on

03-01-2025T14:55:41 - [MESSAGE][PASSED] - Object: 'Object Repository/Master Data/Admin Sekolah/Tambah Tagihan/Klik Tahun Ajaran' is clicked on

03-01-2025T14:55:41 - [TEST_STEP][PASSED] - click(findTestObject("Master Data/Admin Sekolah/Tambah Tagihan/2023-2024")): Object: 'Object Repository/Master Data/Admin Sekolah/Tambah Tagihan/2023-2024' is clicked on

03-01-2025T14:55:42 - [MESSAGE][PASSED] - Object: 'Object Repository/Master Data/Admin Sekolah/Tambah Tagihan/2023-2024' is clicked on

03-01-2025T14:55:42 - [TEST_STEP][PASSED] - click(findTestObject("Master Data/Admin Sekolah/Tambah Tagihan/Select Kelas"), CONTINUE_ON_FAILURE): Object: 'Object Repository/Master Data/Admin Sekolah/Tambah Tagihan/Select Kelas' is clicked on

03-01-2025T14:55:42 - [MESSAGE][PASSED] - Object: 'Object Repository/Master Data/Admin Sekolah/Tambah Tagihan/Select Kelas' is clicked on

03-01-2025T14:55:42 - [TEST_STEP][PASSED] - click(findTestObject("Master Data/Admin Sekolah/Tambah Tagihan/Semua Kelas"), CONTINUE_ON_FAILURE): Object: 'Object Repository/Master Data/Admin Sekolah/Tambah Tagihan/Semua Kelas' is clicked on

03-01-2025T14:55:43 - [MESSAGE][PASSED] - Object: 'Object Repository/Master Data/Admin Sekolah/Tambah Tagihan/Semua Kelas' is clicked on

03-01-2025T14:55:43 - [TEST_STEP][PASSED] - click(findTestObject("Master Data/Admin Sekolah/Tambah Tagihan/Tutup Kelas")): Object: 'Object Repository/Master Data/Admin Sekolah/Tambah Tagihan/Tutup Kelas' is clicked on

03-01-2025T14:55:43 - [MESSAGE][PASSED] - Object: 'Object Repository/Master Data/Admin Sekolah/Tambah Tagihan/Tutup Kelas' is clicked on

03-01-2025T14:55:43 - [TEST_STEP][PASSED] - setText(findTestObject("Master Data/Admin Sekolah/Tambah Tagihan/Input Kode Tagihan"), "HKU", CONTINUE_ON_FAILURE): Text 'HKU' is set on object 'Object Repository/Master Data/Admin Sekolah/Tambah Tagihan/Input Kode Tagihan'

03-01-2025T14:55:44 - [MESSAGE][PASSED] - Text 'HKU' is set on object 'Object Repository/Master Data/Admin Sekolah/Tambah Tagihan/Input Kode Tagihan'

03-01-2025T14:55:44 - [TEST_STEP][PASSED] - setText(findTestObject("Master Data/Admin Sekolah/Tambah Tagihan/Input Jumlah Tagihan"), "750000", CONTINUE_ON_FAILURE): Text '750000' is set on object 'Object Repository/Master Data/Admin Sekolah/Tambah Tagihan/Input Jumlah Tagihan'

03-01-2025T14:55:44 - [MESSAGE][PASSED] - Text '750000' is set on object 'Object Repository/Master Data/Admin Sekolah/Tambah Tagihan/Input Jumlah Tagihan'

03-01-2025T14:55:44 - [TEST_STEP][PASSED] - click(findTestObject("Master Data/Admin Sekolah/Tambah Tagihan/Select Rekening Bank"), CONTINUE_ON_FAILURE): Object: 'Object Repository/Master Data/Admin Sekolah/Tambah Tagihan/Select Rekening Bank' is clicked on

03-01-2025T14:55:45 - [MESSAGE][PASSED] - Object: 'Object Repository/Master Data/Admin Sekolah/Tambah Tagihan/Select Rekening Bank' is clicked on

03-01-2025T14:55:45 - [TEST_STEP][PASSED] - click(findTestObject("Master Data/Admin Sekolah/Tambah Tagihan/CIMB"), CONTINUE_ON_FAILURE): Object: 'Object Repository/Master Data/Admin Sekolah/Tambah Tagihan/CIMB' is clicked on

03-01-2025T14:55:45 - [MESSAGE][PASSED] - Object: 'Object Repository/Master Data/Admin Sekolah/Tambah Tagihan/CIMB' is clicked on

03-01-2025T14:55:45 - [TEST_STEP][PASSED] - setText(findTestObject("Master Data/Admin Sekolah/Tambah Tagihan/Input Keterangan"), "Ini keterangan katalon", CONTINUE_ON_FAILURE): Text 'Ini keterangan katalon' is set on object 'Object Repository/Master Data/Admin Sekolah/Tambah Tagihan/Input Keterangan'

03-01-2025T14:55:46 - [MESSAGE][PASSED] - Text 'Ini keterangan katalon' is set on object 'Object Repository/Master Data/Admin Sekolah/Tambah Tagihan/Input Keterangan'

03-01-2025T14:55:46 - [TEST_STEP][PASSED] - click(findTestObject("Master Data/Admin Sekolah/Tambah Tagihan/Button Generate"), CONTINUE_ON_FAILURE): Object: 'Object Repository/Master Data/Admin Sekolah/Tambah Tagihan/Button Generate' is clicked on

03-01-2025T14:55:46 - [MESSAGE][PASSED] - Object: 'Object Repository/Master Data/Admin Sekolah/Tambah Tagihan/Button Generate' is clicked on

03-01-2025T14:55:46 - [TEST_STEP][PASSED] - click(findTestObject("Master Data/Admin Sekolah/Tambah Tagihan/Button Tambahkan"), CONTINUE_ON_FAILURE): Object: 'Object Repository/Master Data/Admin Sekolah/Tambah Tagihan/Button Tambahkan' is clicked on

03-01-2025T14:55:47 - [MESSAGE][PASSED] - Object: 'Object Repository/Master Data/Admin Sekolah/Tambah Tagihan/Button Tambahkan' is clicked on

03-01-2025T14:55:47 - [TEST_STEP][PASSED] - click(findTestObject("Master Data/Admin Sekolah/Tambah Tagihan/Button YA"), CONTINUE_ON_FAILURE): Object: 'Object Repository/Master Data/Admin Sekolah/Tambah Tagihan/Button YA' is clicked on

03-01-2025T14:55:47 - [MESSAGE][PASSED] - Object: 'Object Repository/Master Data/Admin Sekolah/Tambah Tagihan/Button YA' is clicked on

03-01-2025T14:55:47 - [TEST_STEP][PASSED] - delay(3, CONTINUE_ON_FAILURE): Delayed 3 second(s)

03-01-2025T14:55:50 - [MESSAGE][PASSED] - Delayed 3 second(s)

03-01-2025T14:55:50 - [TEST_STEP][PASSED] - verifyTextPresent("Billing code sudah di gunakan", false, CONTINUE_ON_FAILURE): Text 'Billing code sudah di gunakan' is present on page 

03-01-2025T14:55:51 - [MESSAGE][PASSED] - Text 'Billing code sudah di gunakan' is present on page 

03-01-2025T14:55:51 - [TEST_STEP][PASSED] - delay(2, CONTINUE_ON_FAILURE): Delayed 2 second(s)

03-01-2025T14:55:53 - [MESSAGE][PASSED] - Delayed 2 second(s)

03-01-2025T14:55:53 - [TEST_STEP][PASSED] - minDigits = 2: null

03-01-2025T14:55:53 - [TEST_STEP][PASSED] - maxDigits = 5: null

03-01-2025T14:55:53 - [TEST_STEP][PASSED] - randomLength = Math.random() * maxDigits - minDigits + 1 + minDigits: null

03-01-2025T14:55:53 - [TEST_STEP][PASSED] - randomNumber = String.format("%0" + randomLength + "d", Math.random() * Math.pow(10, randomLength)): null

03-01-2025T14:55:53 - [TEST_STEP][PASSED] - click(findTestObject("Master Data/Admin Sekolah/Tambah Tagihan/Input Kode Tagihan"), CONTINUE_ON_FAILURE): Object: 'Object Repository/Master Data/Admin Sekolah/Tambah Tagihan/Input Kode Tagihan' is clicked on

03-01-2025T14:55:53 - [MESSAGE][PASSED] - Object: 'Object Repository/Master Data/Admin Sekolah/Tambah Tagihan/Input Kode Tagihan' is clicked on

03-01-2025T14:55:53 - [TEST_STEP][PASSED] - sendKeys(findTestObject("Master Data/Admin Sekolah/Tambah Tagihan/Input Kode Tagihan"), Keys.chord(CONTROL, "a", BACK_SPACE), CONTINUE_ON_FAILURE): Keys 'CONTROL + BACK_SPACE + a' sent to object: 'Object Repository/Master Data/Admin Sekolah/Tambah Tagihan/Input Kode Tagihan'

03-01-2025T14:55:53 - [MESSAGE][PASSED] - Keys 'CONTROL + BACK_SPACE + a' sent to object: 'Object Repository/Master Data/Admin Sekolah/Tambah Tagihan/Input Kode Tagihan'

03-01-2025T14:55:53 - [TEST_STEP][PASSED] - click(findTestObject("Master Data/Admin Sekolah/Tambah Tagihan/Input Kode Tagihan"), CONTINUE_ON_FAILURE): Object: 'Object Repository/Master Data/Admin Sekolah/Tambah Tagihan/Input Kode Tagihan' is clicked on

03-01-2025T14:55:54 - [MESSAGE][PASSED] - Object: 'Object Repository/Master Data/Admin Sekolah/Tambah Tagihan/Input Kode Tagihan' is clicked on

03-01-2025T14:55:54 - [TEST_STEP][PASSED] - setText(findTestObject("Master Data/Admin Sekolah/Tambah Tagihan/Input Kode Tagihan"), randomNumber, CONTINUE_ON_FAILURE): Text '12708' is set on object 'Object Repository/Master Data/Admin Sekolah/Tambah Tagihan/Input Kode Tagihan'

03-01-2025T14:55:54 - [MESSAGE][PASSED] - Text '12708' is set on object 'Object Repository/Master Data/Admin Sekolah/Tambah Tagihan/Input Kode Tagihan'

03-01-2025T14:55:54 - [TEST_STEP][PASSED] - delay(1, CONTINUE_ON_FAILURE): Delayed 1 second(s)

03-01-2025T14:55:55 - [MESSAGE][PASSED] - Delayed 1 second(s)

03-01-2025T14:55:55 - [TEST_STEP][PASSED] - if (getAttribute(findTestObject("Master Data/Admin Sekolah/Tambah Tagihan/Input Kode Tagihan"), "value") == ""): Attribute 'value' of object 'Object Repository/Master Data/Admin Sekolah/Tambah Tagihan/Input Kode Tagihan' is: '12708'

03-01-2025T14:55:55 - [MESSAGE][PASSED] - Attribute 'value' of object 'Object Repository/Master Data/Admin Sekolah/Tambah Tagihan/Input Kode Tagihan' is: '12708'

03-01-2025T14:55:55 - [TEST_STEP][PASSED] - else: null

03-01-2025T14:55:55 - [TEST_STEP][PASSED] - println("Field tidak kosong setelah clearText dan JavaScript. Cek ulang penghapusan."): null

03-01-2025T14:55:55 - [TEST_STEP][PASSED] - click(findTestObject("Master Data/Admin Sekolah/Tambah Tagihan/Button Tambahkan"), CONTINUE_ON_FAILURE): Object: 'Object Repository/Master Data/Admin Sekolah/Tambah Tagihan/Button Tambahkan' is clicked on

03-01-2025T14:55:56 - [MESSAGE][PASSED] - Object: 'Object Repository/Master Data/Admin Sekolah/Tambah Tagihan/Button Tambahkan' is clicked on

03-01-2025T14:55:56 - [TEST_STEP][PASSED] - click(findTestObject("Master Data/Admin Sekolah/Tambah Tagihan/Button YA"), CONTINUE_ON_FAILURE): Object: 'Object Repository/Master Data/Admin Sekolah/Tambah Tagihan/Button YA' is clicked on

03-01-2025T14:55:56 - [MESSAGE][PASSED] - Object: 'Object Repository/Master Data/Admin Sekolah/Tambah Tagihan/Button YA' is clicked on

03-01-2025T14:55:56 - [MESSAGE][PASSED] - Call Test Case 'Test Cases/Master Data/Admin Sekolah/Master Data Tagihan/Tambah Tagihan' successfully

03-01-2025T14:55:56 - [TEST_STEP][PASSED] - println("============================= Loop Again ==============================="): null]]></system-out>
         <system-err><![CDATA[]]></system-err>
      </testcase>
      <testcase name="Test Cases/Regresi Feature/Sprint 1/Regresi Tahun Ajaran" time="37.724" classname="Test Cases/Regresi Feature/Sprint 1/Regresi Tahun Ajaran" status="PASSED">
         <system-out><![CDATA[03-01-2025T14:55:56 - [TEST_CASE][PASSED] - Test Cases/Regresi Feature/Sprint 1/Regresi Tahun Ajaran: Test Cases/Regresi Feature/Sprint 1/Regresi Tahun Ajaran

03-01-2025T14:55:56 - [TEST_STEP][PASSED] - for ([i = 1, i <= maxLoop, (i++)]): null

03-01-2025T14:55:56 - [TEST_STEP][PASSED] - callTestCase(findTestCase("Test Cases/Master Data/Admin Sekolah/Master Data Tahun Ajaran/Edit Tahun Ajaran"), [:], OPTIONAL): Call Test Case 'Test Cases/Master Data/Admin Sekolah/Master Data Tahun Ajaran/Edit Tahun Ajaran' successfully

03-01-2025T14:55:56 - [TEST_CASE][PASSED] - Test Cases/Master Data/Admin Sekolah/Master Data Tahun Ajaran/Edit Tahun Ajaran: Test Cases/Master Data/Admin Sekolah/Master Data Tahun Ajaran/Edit Tahun Ajaran

03-01-2025T14:55:56 - [TEST_STEP][PASSED] - openBrowser("", OPTIONAL): Browser is opened with url: ''

03-01-2025T14:55:56 - [MESSAGE][WARNING] - A browser is already opened. Closing browser and opening a new one

03-01-2025T14:55:56 - [MESSAGE][INFO] - Starting 'Chrome' driver

03-01-2025T14:55:56 - [MESSAGE][INFO] - Action delay is set to 0 milliseconds

03-01-2025T14:55:57 - [MESSAGE][PASSED] - Browser is opened with url: ''

03-01-2025T14:55:57 - [TEST_STEP][PASSED] - navigateToUrl("https://sit.siprusedu.com/login", OPTIONAL): Navigate to 'https://sit.siprusedu.com/login' successfully

03-01-2025T14:55:58 - [MESSAGE][PASSED] - Navigate to 'https://sit.siprusedu.com/login' successfully

03-01-2025T14:55:58 - [TEST_STEP][PASSED] - click(findTestObject("Master Data/Admin Sekolah/Login/Field Email"), OPTIONAL): Object: 'Object Repository/Master Data/Admin Sekolah/Login/Field Email' is clicked on

03-01-2025T14:55:59 - [MESSAGE][PASSED] - Object: 'Object Repository/Master Data/Admin Sekolah/Login/Field Email' is clicked on

03-01-2025T14:55:59 - [TEST_STEP][PASSED] - setText(findTestObject("Master Data/Admin Sekolah/Login/Field Email"), "admin.gudangsolusi@digiform.co.id", OPTIONAL): Text 'admin.gudangsolusi@digiform.co.id' is set on object 'Object Repository/Master Data/Admin Sekolah/Login/Field Email'

03-01-2025T14:56:00 - [MESSAGE][PASSED] - Text 'admin.gudangsolusi@digiform.co.id' is set on object 'Object Repository/Master Data/Admin Sekolah/Login/Field Email'

03-01-2025T14:56:00 - [TEST_STEP][PASSED] - click(findTestObject("Master Data/Admin Sekolah/Login/Input Password"), OPTIONAL): Object: 'Object Repository/Master Data/Admin Sekolah/Login/Input Password' is clicked on

03-01-2025T14:56:00 - [MESSAGE][PASSED] - Object: 'Object Repository/Master Data/Admin Sekolah/Login/Input Password' is clicked on

03-01-2025T14:56:00 - [TEST_STEP][PASSED] - setText(findTestObject("Master Data/Admin Sekolah/Login/Input Password"), "Test1234", OPTIONAL): Text 'Test1234' is set on object 'Object Repository/Master Data/Admin Sekolah/Login/Input Password'

03-01-2025T14:56:01 - [MESSAGE][PASSED] - Text 'Test1234' is set on object 'Object Repository/Master Data/Admin Sekolah/Login/Input Password'

03-01-2025T14:56:01 - [TEST_STEP][PASSED] - click(findTestObject("Master Data/Admin Sekolah/Login/Button Submit"), OPTIONAL): Object: 'Object Repository/Master Data/Admin Sekolah/Login/Button Submit' is clicked on

03-01-2025T14:56:01 - [MESSAGE][PASSED] - Object: 'Object Repository/Master Data/Admin Sekolah/Login/Button Submit' is clicked on

03-01-2025T14:56:01 - [TEST_STEP][PASSED] - click(findTestObject("Master Data/Admin Sekolah/Master Data Menu"), OPTIONAL): Object: 'Object Repository/Master Data/Admin Sekolah/Master Data Menu' is clicked on

03-01-2025T14:56:03 - [MESSAGE][PASSED] - Object: 'Object Repository/Master Data/Admin Sekolah/Master Data Menu' is clicked on

03-01-2025T14:56:03 - [TEST_STEP][PASSED] - click(findTestObject("Master Data/Admin Sekolah/Tahun Ajaran/Menu Tahun Ajaran"), OPTIONAL): Object: 'Object Repository/Master Data/Admin Sekolah/Tahun Ajaran/Menu Tahun Ajaran' is clicked on

03-01-2025T14:56:03 - [MESSAGE][PASSED] - Object: 'Object Repository/Master Data/Admin Sekolah/Tahun Ajaran/Menu Tahun Ajaran' is clicked on

03-01-2025T14:56:03 - [TEST_STEP][PASSED] - click(findTestObject("Master Data/Admin Sekolah/Tahun Ajaran/Edit Tahun Ajaran/Icon Edit"), OPTIONAL): Object: 'Object Repository/Master Data/Admin Sekolah/Tahun Ajaran/Edit Tahun Ajaran/Icon Edit' is clicked on

03-01-2025T14:56:05 - [MESSAGE][PASSED] - Object: 'Object Repository/Master Data/Admin Sekolah/Tahun Ajaran/Edit Tahun Ajaran/Icon Edit' is clicked on

03-01-2025T14:56:05 - [TEST_STEP][PASSED] - click(findTestObject("Master Data/Admin Sekolah/Tahun Ajaran/Edit Tahun Ajaran/Dropdown Edit tahun Selesai"), OPTIONAL): Object: 'Object Repository/Master Data/Admin Sekolah/Tahun Ajaran/Edit Tahun Ajaran/Dropdown Edit tahun Selesai' is clicked on

03-01-2025T14:56:06 - [MESSAGE][PASSED] - Object: 'Object Repository/Master Data/Admin Sekolah/Tahun Ajaran/Edit Tahun Ajaran/Dropdown Edit tahun Selesai' is clicked on

03-01-2025T14:56:06 - [TEST_STEP][PASSED] - click(findTestObject("Master Data/Admin Sekolah/Tahun Ajaran/Edit Tahun Ajaran/Dropdown List Tahun Selesai"), OPTIONAL): Object: 'Object Repository/Master Data/Admin Sekolah/Tahun Ajaran/Edit Tahun Ajaran/Dropdown List Tahun Selesai' is clicked on

03-01-2025T14:56:07 - [MESSAGE][PASSED] - Object: 'Object Repository/Master Data/Admin Sekolah/Tahun Ajaran/Edit Tahun Ajaran/Dropdown List Tahun Selesai' is clicked on

03-01-2025T14:56:07 - [TEST_STEP][PASSED] - click(findTestObject("Master Data/Admin Sekolah/Tahun Ajaran/Edit Tahun Ajaran/Pilih List Tahun Selesai"), OPTIONAL): Object: 'Object Repository/Master Data/Admin Sekolah/Tahun Ajaran/Edit Tahun Ajaran/Pilih List Tahun Selesai' is clicked on

03-01-2025T14:56:07 - [MESSAGE][PASSED] - Object: 'Object Repository/Master Data/Admin Sekolah/Tahun Ajaran/Edit Tahun Ajaran/Pilih List Tahun Selesai' is clicked on

03-01-2025T14:56:07 - [TEST_STEP][PASSED] - click(findTestObject("Master Data/Admin Sekolah/Tahun Ajaran/Edit Tahun Ajaran/Pilih Tanggal Tahun Selesai"), OPTIONAL): Object: 'Object Repository/Master Data/Admin Sekolah/Tahun Ajaran/Edit Tahun Ajaran/Pilih Tanggal Tahun Selesai' is clicked on

03-01-2025T14:56:07 - [MESSAGE][PASSED] - Object: 'Object Repository/Master Data/Admin Sekolah/Tahun Ajaran/Edit Tahun Ajaran/Pilih Tanggal Tahun Selesai' is clicked on

03-01-2025T14:56:07 - [TEST_STEP][PASSED] - click(findTestObject("Master Data/Admin Sekolah/Tahun Ajaran/Button Submit Tahun Ajaran"), OPTIONAL): Object: 'Object Repository/Master Data/Admin Sekolah/Tahun Ajaran/Button Submit Tahun Ajaran' is clicked on

03-01-2025T14:56:08 - [MESSAGE][PASSED] - Object: 'Object Repository/Master Data/Admin Sekolah/Tahun Ajaran/Button Submit Tahun Ajaran' is clicked on

03-01-2025T14:56:08 - [MESSAGE][PASSED] - Call Test Case 'Test Cases/Master Data/Admin Sekolah/Master Data Tahun Ajaran/Edit Tahun Ajaran' successfully

03-01-2025T14:56:08 - [TEST_STEP][PASSED] - callTestCase(findTestCase("Test Cases/Master Data/Admin Sekolah/Master Data Tahun Ajaran/Tambah Tahun Ajaran"), [:], OPTIONAL): Call Test Case 'Test Cases/Master Data/Admin Sekolah/Master Data Tahun Ajaran/Tambah Tahun Ajaran' successfully

03-01-2025T14:56:08 - [TEST_CASE][PASSED] - Test Cases/Master Data/Admin Sekolah/Master Data Tahun Ajaran/Tambah Tahun Ajaran: Test Cases/Master Data/Admin Sekolah/Master Data Tahun Ajaran/Tambah Tahun Ajaran

03-01-2025T14:56:08 - [TEST_STEP][PASSED] - openBrowser("", OPTIONAL): Browser is opened with url: ''

03-01-2025T14:56:08 - [MESSAGE][WARNING] - A browser is already opened. Closing browser and opening a new one

03-01-2025T14:56:08 - [MESSAGE][INFO] - Starting 'Chrome' driver

03-01-2025T14:56:08 - [MESSAGE][INFO] - Action delay is set to 0 milliseconds

03-01-2025T14:56:09 - [MESSAGE][PASSED] - Browser is opened with url: ''

03-01-2025T14:56:09 - [TEST_STEP][PASSED] - navigateToUrl("https://sit.siprusedu.com/login", OPTIONAL): Navigate to 'https://sit.siprusedu.com/login' successfully

03-01-2025T14:56:09 - [MESSAGE][PASSED] - Navigate to 'https://sit.siprusedu.com/login' successfully

03-01-2025T14:56:09 - [TEST_STEP][PASSED] - setText(findTestObject("Master Data/Admin Sekolah/Login/Field Email"), "admin.gudangsolusi@digiform.co.id", OPTIONAL): Text 'admin.gudangsolusi@digiform.co.id' is set on object 'Object Repository/Master Data/Admin Sekolah/Login/Field Email'

03-01-2025T14:56:11 - [MESSAGE][PASSED] - Text 'admin.gudangsolusi@digiform.co.id' is set on object 'Object Repository/Master Data/Admin Sekolah/Login/Field Email'

03-01-2025T14:56:11 - [TEST_STEP][PASSED] - setText(findTestObject("Master Data/Admin Sekolah/Login/Input Password"), "Test1234", OPTIONAL): Text 'Test1234' is set on object 'Object Repository/Master Data/Admin Sekolah/Login/Input Password'

03-01-2025T14:56:12 - [MESSAGE][PASSED] - Text 'Test1234' is set on object 'Object Repository/Master Data/Admin Sekolah/Login/Input Password'

03-01-2025T14:56:12 - [TEST_STEP][PASSED] - click(findTestObject("Master Data/Admin Sekolah/Login/Button Submit"), OPTIONAL): Object: 'Object Repository/Master Data/Admin Sekolah/Login/Button Submit' is clicked on

03-01-2025T14:56:12 - [MESSAGE][PASSED] - Object: 'Object Repository/Master Data/Admin Sekolah/Login/Button Submit' is clicked on

03-01-2025T14:56:12 - [TEST_STEP][PASSED] - click(findTestObject("Master Data/Admin Sekolah/Master Data Menu"), OPTIONAL): Object: 'Object Repository/Master Data/Admin Sekolah/Master Data Menu' is clicked on

03-01-2025T14:56:15 - [MESSAGE][PASSED] - Object: 'Object Repository/Master Data/Admin Sekolah/Master Data Menu' is clicked on

03-01-2025T14:56:15 - [TEST_STEP][PASSED] - click(findTestObject("Master Data/Admin Sekolah/Tahun Ajaran/Menu Tahun Ajaran"), OPTIONAL): Object: 'Object Repository/Master Data/Admin Sekolah/Tahun Ajaran/Menu Tahun Ajaran' is clicked on

03-01-2025T14:56:15 - [MESSAGE][PASSED] - Object: 'Object Repository/Master Data/Admin Sekolah/Tahun Ajaran/Menu Tahun Ajaran' is clicked on

03-01-2025T14:56:15 - [TEST_STEP][PASSED] - click(findTestObject("Master Data/Admin Sekolah/Tahun Ajaran/Button Tambah"), OPTIONAL): Object: 'Object Repository/Master Data/Admin Sekolah/Tahun Ajaran/Button Tambah' is clicked on

03-01-2025T14:56:16 - [MESSAGE][PASSED] - Object: 'Object Repository/Master Data/Admin Sekolah/Tahun Ajaran/Button Tambah' is clicked on

03-01-2025T14:56:16 - [TEST_STEP][PASSED] - click(findTestObject("Master Data/Admin Sekolah/Tahun Ajaran/Tahun Mulai/Dropdown Tahun Mulai"), OPTIONAL): Object: 'Object Repository/Master Data/Admin Sekolah/Tahun Ajaran/Tahun Mulai/Dropdown Tahun Mulai' is clicked on

03-01-2025T14:56:33 - [MESSAGE][PASSED] - Object: 'Object Repository/Master Data/Admin Sekolah/Tahun Ajaran/Tahun Mulai/Dropdown Tahun Mulai' is clicked on

03-01-2025T14:56:33 - [TEST_STEP][PASSED] - dynamicXPath = createDynamicXPath("10"): null

03-01-2025T14:56:33 - [TEST_STEP][PASSED] - return ((//div[@class='mt-2 grid grid-cols-7']//p[text()=' + date) + ' and contains(@class, 'cursor-pointer')]): null

03-01-2025T14:56:33 - [TEST_STEP][PASSED] - dynamicTestObject = TestObject().addProperty("xpath", EQUALS, dynamicXPath): null

03-01-2025T14:56:33 - [TEST_STEP][PASSED] - click(dynamicTestObject, OPTIONAL): Object: '' is clicked on

03-01-2025T14:56:33 - [MESSAGE][PASSED] - Object: '' is clicked on

03-01-2025T14:56:33 - [TEST_STEP][PASSED] - click(findTestObject("Master Data/Admin Sekolah/Tahun Ajaran/Button Submit Tahun Ajaran"), OPTIONAL): Object: 'Object Repository/Master Data/Admin Sekolah/Tahun Ajaran/Button Submit Tahun Ajaran' is clicked on

03-01-2025T14:56:34 - [MESSAGE][PASSED] - Object: 'Object Repository/Master Data/Admin Sekolah/Tahun Ajaran/Button Submit Tahun Ajaran' is clicked on

03-01-2025T14:56:34 - [TEST_STEP][PASSED] - closeBrowser(OPTIONAL): Browser is closed

03-01-2025T14:56:34 - [MESSAGE][PASSED] - Browser is closed

03-01-2025T14:56:34 - [MESSAGE][PASSED] - Call Test Case 'Test Cases/Master Data/Admin Sekolah/Master Data Tahun Ajaran/Tambah Tahun Ajaran' successfully

03-01-2025T14:56:34 - [TEST_STEP][PASSED] - println("============================= Loop Again ==============================="): null]]></system-out>
         <system-err><![CDATA[]]></system-err>
      </testcase>
      <system-out><![CDATA[03-01-2025T14:53:03 - [TEST_SUITE][PASSED] - SPRINT 1: Test Cases/Regresi Feature/Sprint 1/Regresi Tahun Ajaran]]></system-out>
      <system-err><![CDATA[]]></system-err>
   </testsuite>
</testsuites>
