<?xml version="1.0" encoding="UTF-8"?>
<testsuites name="SPRINT 2" time="258.783" tests="11" failures="0" errors="0">
   <testsuite name="SPRINT 2" tests="11" failures="0" errors="0" time="258.783" skipped="0" timestamp="01-01-2025T21:12:07" hostname="henri - Henri" id="Test Suites/SPRINT 2">
      <properties>
         <property name="deviceName" value=""/>
         <property name="devicePlatform"/>
         <property name="logFolder" value="C:\\Users\\henri\\Videos\\school-payment-automation-testing\\Reports\\20250101_205820\\SPRINT 2\\20250101_205823"/>
         <property name="logFiles" value="C:\\Users\\henri\\Videos\\school-payment-automation-testing\\Reports\\20250101_205820\\SPRINT 2\\20250101_205823\\execution0.log"/>
         <property name="attachments" value="C:\\Users\\henri\\Videos\\school-payment-automation-testing\\Reports\\20250101_205820\\SPRINT 2\\20250101_205823\\1735740923957.png"/>
         <property name="hostName" value="henri - Henri"/>
         <property name="os" value="Windows 11 64bit"/>
         <property name="katalonVersion" value="10.0.0.223"/>
         <property name="browser" value="Chrome 131.0.0.0"/>
         <property name="hostAddress" value="192.168.1.12"/>
         <property name="sessionId" value="4b5036a46a723aa1446b10858045d565"/>
         <property name="seleniumVersion" value="4.22.0"/>
         <property name="proxyInformation" value="ProxyInformation { proxyOption=NO_PROXY, proxyServerType=HTTP, username=, password=********, proxyServerAddress=, proxyServerPort=0, executionList=&quot;&quot;, isApplyToDesiredCapabilities=true }"/>
         <property name="platform" value="Windows 11"/>
      </properties>
      <testcase name="Test Cases/Master Tagihan/Admin Sekolah/Master Tagihan Pembayaran Per Siswa/Filter Dan Search Tagihan Persiswa" time="30.205" classname="Test Cases/Master Tagihan/Admin Sekolah/Master Tagihan Pembayaran Per Siswa/Filter Dan Search Tagihan Persiswa" status="PASSED">
         <system-out><![CDATA[01-01-2025T21:12:07 - [TEST_CASE][PASSED] - Test Cases/Master Tagihan/Admin Sekolah/Master Tagihan Pembayaran Per Siswa/Filter Dan Search Tagihan Persiswa: Test Cases/Master Tagihan/Admin Sekolah/Master Tagihan Pembayaran Per Siswa/Filter Dan Search Tagihan Persiswa

01-01-2025T21:12:07 - [TEST_STEP][PASSED] - openBrowser(""): Browser is opened with url: ''

01-01-2025T21:12:08 - [MESSAGE][INFO] - Starting 'Chrome' driver

01-01-2025T21:12:08 - [MESSAGE][INFO] - Action delay is set to 0 milliseconds

01-01-2025T21:12:09 - [MESSAGE][PASSED] - Browser is opened with url: ''

01-01-2025T21:12:09 - [TEST_STEP][PASSED] - navigateToUrl("https://school-payment.digiform.co.id/login"): Navigate to 'https://school-payment.digiform.co.id/login' successfully

01-01-2025T21:12:09 - [MESSAGE][PASSED] - Navigate to 'https://school-payment.digiform.co.id/login' successfully

01-01-2025T21:12:09 - [TEST_STEP][PASSED] - click(findTestObject("Master Data/Admin Sekolah/Login/Field Email")): Object: 'Object Repository/Master Data/Admin Sekolah/Login/Field Email' is clicked on

01-01-2025T21:12:11 - [MESSAGE][PASSED] - Object: 'Object Repository/Master Data/Admin Sekolah/Login/Field Email' is clicked on

01-01-2025T21:12:11 - [TEST_STEP][PASSED] - setText(findTestObject("Master Data/Admin Sekolah/Login/Field Email"), "admin.sekolah@gmail.com"): Text 'admin.sekolah@gmail.com' is set on object 'Object Repository/Master Data/Admin Sekolah/Login/Field Email'

01-01-2025T21:12:12 - [MESSAGE][PASSED] - Text 'admin.sekolah@gmail.com' is set on object 'Object Repository/Master Data/Admin Sekolah/Login/Field Email'

01-01-2025T21:12:12 - [TEST_STEP][PASSED] - delay(1): Delayed 1 second(s)

01-01-2025T21:12:13 - [MESSAGE][PASSED] - Delayed 1 second(s)

01-01-2025T21:12:13 - [TEST_STEP][PASSED] - click(findTestObject("Master Data/Admin Sekolah/Login/Input Password")): Object: 'Object Repository/Master Data/Admin Sekolah/Login/Input Password' is clicked on

01-01-2025T21:12:13 - [MESSAGE][PASSED] - Object: 'Object Repository/Master Data/Admin Sekolah/Login/Input Password' is clicked on

01-01-2025T21:12:13 - [TEST_STEP][PASSED] - setText(findTestObject("Master Data/Admin Sekolah/Login/Input Password"), "Test1234"): Text 'Test1234' is set on object 'Object Repository/Master Data/Admin Sekolah/Login/Input Password'

01-01-2025T21:12:13 - [MESSAGE][PASSED] - Text 'Test1234' is set on object 'Object Repository/Master Data/Admin Sekolah/Login/Input Password'

01-01-2025T21:12:13 - [TEST_STEP][PASSED] - delay(1): Delayed 1 second(s)

01-01-2025T21:12:14 - [MESSAGE][PASSED] - Delayed 1 second(s)

01-01-2025T21:12:14 - [TEST_STEP][PASSED] - click(findTestObject("Master Data/Admin Sekolah/Login/Button Submit")): Object: 'Object Repository/Master Data/Admin Sekolah/Login/Button Submit' is clicked on

01-01-2025T21:12:15 - [MESSAGE][PASSED] - Object: 'Object Repository/Master Data/Admin Sekolah/Login/Button Submit' is clicked on

01-01-2025T21:12:15 - [TEST_STEP][PASSED] - delay(1): Delayed 1 second(s)

01-01-2025T21:12:16 - [MESSAGE][PASSED] - Delayed 1 second(s)

01-01-2025T21:12:16 - [TEST_STEP][PASSED] - click(findTestObject("Master Tagihan/Admin Sekolah/Pembayaran Siswa/Homepage/Menu Tagihan")): Object: 'Object Repository/Master Tagihan/Admin Sekolah/Pembayaran Siswa/Homepage/Menu Tagihan' is clicked on

01-01-2025T21:12:16 - [MESSAGE][PASSED] - Object: 'Object Repository/Master Tagihan/Admin Sekolah/Pembayaran Siswa/Homepage/Menu Tagihan' is clicked on

01-01-2025T21:12:16 - [TEST_STEP][PASSED] - delay(1): Delayed 1 second(s)

01-01-2025T21:12:17 - [MESSAGE][PASSED] - Delayed 1 second(s)

01-01-2025T21:12:17 - [TEST_STEP][PASSED] - click(findTestObject("Master Tagihan/Admin Sekolah/Pembayaran Siswa/Homepage/Sub-Menu Tagihan Persiswa")): Object: 'Object Repository/Master Tagihan/Admin Sekolah/Pembayaran Siswa/Homepage/Sub-Menu Tagihan Persiswa' is clicked on

01-01-2025T21:12:18 - [MESSAGE][PASSED] - Object: 'Object Repository/Master Tagihan/Admin Sekolah/Pembayaran Siswa/Homepage/Sub-Menu Tagihan Persiswa' is clicked on

01-01-2025T21:12:18 - [TEST_STEP][PASSED] - delay(1): Delayed 1 second(s)

01-01-2025T21:12:19 - [MESSAGE][PASSED] - Delayed 1 second(s)

01-01-2025T21:12:19 - [TEST_STEP][PASSED] - click(findTestObject("Master Tagihan/Admin Sekolah/Pembayaran Siswa/Homepage/Sub Menu Tagihan Persiswa/Dropdown Unit/Klik Dropdown")): Object: 'Object Repository/Master Tagihan/Admin Sekolah/Pembayaran Siswa/Homepage/Sub Menu Tagihan Persiswa/Dropdown Unit/Klik Dropdown' is clicked on

01-01-2025T21:12:19 - [MESSAGE][PASSED] - Object: 'Object Repository/Master Tagihan/Admin Sekolah/Pembayaran Siswa/Homepage/Sub Menu Tagihan Persiswa/Dropdown Unit/Klik Dropdown' is clicked on

01-01-2025T21:12:19 - [TEST_STEP][PASSED] - delay(1): Delayed 1 second(s)

01-01-2025T21:12:20 - [MESSAGE][PASSED] - Delayed 1 second(s)

01-01-2025T21:12:20 - [TEST_STEP][PASSED] - click(findTestObject("Master Tagihan/Admin Sekolah/Pembayaran Siswa/Homepage/Sub Menu Tagihan Persiswa/Dropdown Unit/Pilih Value Unit")): Object: 'Object Repository/Master Tagihan/Admin Sekolah/Pembayaran Siswa/Homepage/Sub Menu Tagihan Persiswa/Dropdown Unit/Pilih Value Unit' is clicked on

01-01-2025T21:12:20 - [MESSAGE][PASSED] - Object: 'Object Repository/Master Tagihan/Admin Sekolah/Pembayaran Siswa/Homepage/Sub Menu Tagihan Persiswa/Dropdown Unit/Pilih Value Unit' is clicked on

01-01-2025T21:12:20 - [TEST_STEP][PASSED] - delay(1): Delayed 1 second(s)

01-01-2025T21:12:21 - [MESSAGE][PASSED] - Delayed 1 second(s)

01-01-2025T21:12:21 - [TEST_STEP][PASSED] - click(findTestObject("Master Tagihan/Admin Sekolah/Pembayaran Siswa/Homepage/Sub Menu Tagihan Persiswa/Dropdown Kelas/Klik Dropdown Kelas")): Object: 'Object Repository/Master Tagihan/Admin Sekolah/Pembayaran Siswa/Homepage/Sub Menu Tagihan Persiswa/Dropdown Kelas/Klik Dropdown Kelas' is clicked on

01-01-2025T21:12:22 - [MESSAGE][PASSED] - Object: 'Object Repository/Master Tagihan/Admin Sekolah/Pembayaran Siswa/Homepage/Sub Menu Tagihan Persiswa/Dropdown Kelas/Klik Dropdown Kelas' is clicked on

01-01-2025T21:12:22 - [TEST_STEP][PASSED] - delay(1): Delayed 1 second(s)

01-01-2025T21:12:23 - [MESSAGE][PASSED] - Delayed 1 second(s)

01-01-2025T21:12:23 - [TEST_STEP][PASSED] - click(findTestObject("Master Tagihan/Admin Sekolah/Pembayaran Siswa/Homepage/Sub Menu Tagihan Persiswa/Dropdown Kelas/Klik Field Cari Kelas")): Object: 'Object Repository/Master Tagihan/Admin Sekolah/Pembayaran Siswa/Homepage/Sub Menu Tagihan Persiswa/Dropdown Kelas/Klik Field Cari Kelas' is clicked on

01-01-2025T21:12:23 - [MESSAGE][PASSED] - Object: 'Object Repository/Master Tagihan/Admin Sekolah/Pembayaran Siswa/Homepage/Sub Menu Tagihan Persiswa/Dropdown Kelas/Klik Field Cari Kelas' is clicked on

01-01-2025T21:12:23 - [TEST_STEP][PASSED] - delay(1): Delayed 1 second(s)

01-01-2025T21:12:24 - [MESSAGE][PASSED] - Delayed 1 second(s)

01-01-2025T21:12:24 - [TEST_STEP][PASSED] - setText(findTestObject("Master Tagihan/Admin Sekolah/Pembayaran Siswa/Homepage/Sub Menu Tagihan Persiswa/Dropdown Kelas/Klik Field Cari Kelas"), "XI IPA"): Text 'XI IPA' is set on object 'Object Repository/Master Tagihan/Admin Sekolah/Pembayaran Siswa/Homepage/Sub Menu Tagihan Persiswa/Dropdown Kelas/Klik Field Cari Kelas'

01-01-2025T21:12:24 - [MESSAGE][PASSED] - Text 'XI IPA' is set on object 'Object Repository/Master Tagihan/Admin Sekolah/Pembayaran Siswa/Homepage/Sub Menu Tagihan Persiswa/Dropdown Kelas/Klik Field Cari Kelas'

01-01-2025T21:12:24 - [TEST_STEP][PASSED] - click(findTestObject("Master Tagihan/Admin Sekolah/Pembayaran Siswa/Homepage/Sub Menu Tagihan Persiswa/Dropdown Kelas/Pilih Kelas")): Object: 'Object Repository/Master Tagihan/Admin Sekolah/Pembayaran Siswa/Homepage/Sub Menu Tagihan Persiswa/Dropdown Kelas/Pilih Kelas' is clicked on

01-01-2025T21:12:25 - [MESSAGE][PASSED] - Object: 'Object Repository/Master Tagihan/Admin Sekolah/Pembayaran Siswa/Homepage/Sub Menu Tagihan Persiswa/Dropdown Kelas/Pilih Kelas' is clicked on

01-01-2025T21:12:25 - [TEST_STEP][PASSED] - setText(findTestObject("Master Tagihan/Admin Sekolah/Pembayaran Siswa/Homepage/Sub Menu Tagihan Persiswa/Field Nama/Klik Field Nama"), "Candra"): Text 'Candra' is set on object 'Object Repository/Master Tagihan/Admin Sekolah/Pembayaran Siswa/Homepage/Sub Menu Tagihan Persiswa/Field Nama/Klik Field Nama'

01-01-2025T21:12:25 - [MESSAGE][PASSED] - Text 'Candra' is set on object 'Object Repository/Master Tagihan/Admin Sekolah/Pembayaran Siswa/Homepage/Sub Menu Tagihan Persiswa/Field Nama/Klik Field Nama'

01-01-2025T21:12:25 - [TEST_STEP][PASSED] - click(findTestObject("Master Tagihan/Admin Sekolah/Pembayaran Siswa/Homepage/Sub Menu Tagihan Persiswa/Field Nama/Klik Hasil Cari Siswa")): Object: 'Object Repository/Master Tagihan/Admin Sekolah/Pembayaran Siswa/Homepage/Sub Menu Tagihan Persiswa/Field Nama/Klik Hasil Cari Siswa' is clicked on

01-01-2025T21:12:27 - [MESSAGE][PASSED] - Object: 'Object Repository/Master Tagihan/Admin Sekolah/Pembayaran Siswa/Homepage/Sub Menu Tagihan Persiswa/Field Nama/Klik Hasil Cari Siswa' is clicked on

01-01-2025T21:12:27 - [TEST_STEP][PASSED] - click(findTestObject("Master Tagihan/Admin Sekolah/Pembayaran Siswa/Homepage/Sub Menu Tagihan Persiswa/Tombol Terapkan/Klik Tombol Terapkan")): Object: 'Object Repository/Master Tagihan/Admin Sekolah/Pembayaran Siswa/Homepage/Sub Menu Tagihan Persiswa/Tombol Terapkan/Klik Tombol Terapkan' is clicked on

01-01-2025T21:12:27 - [MESSAGE][PASSED] - Object: 'Object Repository/Master Tagihan/Admin Sekolah/Pembayaran Siswa/Homepage/Sub Menu Tagihan Persiswa/Tombol Terapkan/Klik Tombol Terapkan' is clicked on

01-01-2025T21:12:27 - [TEST_STEP][PASSED] - delay(1): Delayed 1 second(s)

01-01-2025T21:12:28 - [MESSAGE][PASSED] - Delayed 1 second(s)

01-01-2025T21:12:28 - [TEST_STEP][PASSED] - click(findTestObject("Master Tagihan/Admin Sekolah/Pembayaran Siswa/Homepage/Sub Menu Tagihan Persiswa/Filter/Filter By NIS/Klik Dropdown Nama")): Object: 'Object Repository/Master Tagihan/Admin Sekolah/Pembayaran Siswa/Homepage/Sub Menu Tagihan Persiswa/Filter/Filter By NIS/Klik Dropdown Nama' is clicked on

01-01-2025T21:12:29 - [MESSAGE][PASSED] - Object: 'Object Repository/Master Tagihan/Admin Sekolah/Pembayaran Siswa/Homepage/Sub Menu Tagihan Persiswa/Filter/Filter By NIS/Klik Dropdown Nama' is clicked on

01-01-2025T21:12:29 - [TEST_STEP][PASSED] - click(findTestObject("Master Tagihan/Admin Sekolah/Pembayaran Siswa/Homepage/Sub Menu Tagihan Persiswa/Filter/Filter By NIS/Klik NIS")): Object: 'Object Repository/Master Tagihan/Admin Sekolah/Pembayaran Siswa/Homepage/Sub Menu Tagihan Persiswa/Filter/Filter By NIS/Klik NIS' is clicked on

01-01-2025T21:12:29 - [MESSAGE][PASSED] - Object: 'Object Repository/Master Tagihan/Admin Sekolah/Pembayaran Siswa/Homepage/Sub Menu Tagihan Persiswa/Filter/Filter By NIS/Klik NIS' is clicked on

01-01-2025T21:12:29 - [TEST_STEP][PASSED] - click(findTestObject("Master Tagihan/Admin Sekolah/Pembayaran Siswa/Homepage/Sub Menu Tagihan Persiswa/Field Nama/Klik Field Nama")): Object: 'Object Repository/Master Tagihan/Admin Sekolah/Pembayaran Siswa/Homepage/Sub Menu Tagihan Persiswa/Field Nama/Klik Field Nama' is clicked on

01-01-2025T21:12:30 - [MESSAGE][PASSED] - Object: 'Object Repository/Master Tagihan/Admin Sekolah/Pembayaran Siswa/Homepage/Sub Menu Tagihan Persiswa/Field Nama/Klik Field Nama' is clicked on

01-01-2025T21:12:30 - [TEST_STEP][PASSED] - delay(1): Delayed 1 second(s)

01-01-2025T21:12:31 - [MESSAGE][PASSED] - Delayed 1 second(s)

01-01-2025T21:12:31 - [TEST_STEP][PASSED] - setText(findTestObject("Master Tagihan/Admin Sekolah/Pembayaran Siswa/Homepage/Sub Menu Tagihan Persiswa/Field Nama/Klik Field Nama"), "2024"): Text '2024' is set on object 'Object Repository/Master Tagihan/Admin Sekolah/Pembayaran Siswa/Homepage/Sub Menu Tagihan Persiswa/Field Nama/Klik Field Nama'

01-01-2025T21:12:31 - [MESSAGE][PASSED] - Text '2024' is set on object 'Object Repository/Master Tagihan/Admin Sekolah/Pembayaran Siswa/Homepage/Sub Menu Tagihan Persiswa/Field Nama/Klik Field Nama'

01-01-2025T21:12:31 - [TEST_STEP][PASSED] - click(findTestObject("Master Tagihan/Admin Sekolah/Pembayaran Siswa/Homepage/Sub Menu Tagihan Persiswa/Filter/Filter By NIS/Pilih Value NIS")): Object: 'Object Repository/Master Tagihan/Admin Sekolah/Pembayaran Siswa/Homepage/Sub Menu Tagihan Persiswa/Filter/Filter By NIS/Pilih Value NIS' is clicked on

01-01-2025T21:12:33 - [MESSAGE][PASSED] - Object: 'Object Repository/Master Tagihan/Admin Sekolah/Pembayaran Siswa/Homepage/Sub Menu Tagihan Persiswa/Filter/Filter By NIS/Pilih Value NIS' is clicked on

01-01-2025T21:12:33 - [TEST_STEP][PASSED] - delay(1): Delayed 1 second(s)

01-01-2025T21:12:34 - [MESSAGE][PASSED] - Delayed 1 second(s)

01-01-2025T21:12:34 - [TEST_STEP][PASSED] - click(findTestObject("Master Tagihan/Admin Sekolah/Pembayaran Siswa/Homepage/Sub Menu Tagihan Persiswa/Tombol Terapkan/Klik Tombol Terapkan")): Object: 'Object Repository/Master Tagihan/Admin Sekolah/Pembayaran Siswa/Homepage/Sub Menu Tagihan Persiswa/Tombol Terapkan/Klik Tombol Terapkan' is clicked on

01-01-2025T21:12:34 - [MESSAGE][PASSED] - Object: 'Object Repository/Master Tagihan/Admin Sekolah/Pembayaran Siswa/Homepage/Sub Menu Tagihan Persiswa/Tombol Terapkan/Klik Tombol Terapkan' is clicked on

01-01-2025T21:12:34 - [TEST_STEP][PASSED] - delay(3): Delayed 3 second(s)

01-01-2025T21:12:37 - [MESSAGE][PASSED] - Delayed 3 second(s)

01-01-2025T21:12:37 - [TEST_STEP][PASSED] - closeBrowser(): Browser is closed

01-01-2025T21:12:37 - [MESSAGE][PASSED] - Browser is closed]]></system-out>
         <system-err><![CDATA[]]></system-err>
      </testcase>
      <testcase name="Test Cases/Master Tagihan/Admin Sekolah/Master Tagihan Pembayaran Per Siswa/Sorting Table Tagihan Persiswa" time="46.057" classname="Test Cases/Master Tagihan/Admin Sekolah/Master Tagihan Pembayaran Per Siswa/Sorting Table Tagihan Persiswa" status="PASSED">
         <system-out><![CDATA[01-01-2025T21:12:37 - [TEST_CASE][PASSED] - Test Cases/Master Tagihan/Admin Sekolah/Master Tagihan Pembayaran Per Siswa/Sorting Table Tagihan Persiswa: Test Cases/Master Tagihan/Admin Sekolah/Master Tagihan Pembayaran Per Siswa/Sorting Table Tagihan Persiswa

01-01-2025T21:12:37 - [TEST_STEP][PASSED] - openBrowser(""): Browser is opened with url: ''

01-01-2025T21:12:37 - [MESSAGE][INFO] - Starting 'Chrome' driver

01-01-2025T21:12:37 - [MESSAGE][INFO] - Action delay is set to 0 milliseconds

01-01-2025T21:12:38 - [MESSAGE][PASSED] - Browser is opened with url: ''

01-01-2025T21:12:38 - [TEST_STEP][PASSED] - navigateToUrl("https://school-payment.digiform.co.id/login"): Navigate to 'https://school-payment.digiform.co.id/login' successfully

01-01-2025T21:12:38 - [MESSAGE][PASSED] - Navigate to 'https://school-payment.digiform.co.id/login' successfully

01-01-2025T21:12:38 - [TEST_STEP][PASSED] - click(findTestObject("Master Data/Admin Sekolah/Login/Field Email")): Object: 'Object Repository/Master Data/Admin Sekolah/Login/Field Email' is clicked on

01-01-2025T21:12:40 - [MESSAGE][PASSED] - Object: 'Object Repository/Master Data/Admin Sekolah/Login/Field Email' is clicked on

01-01-2025T21:12:40 - [TEST_STEP][PASSED] - setText(findTestObject("Master Data/Admin Sekolah/Login/Field Email"), "admin.sekolah@gmail.com"): Text 'admin.sekolah@gmail.com' is set on object 'Object Repository/Master Data/Admin Sekolah/Login/Field Email'

01-01-2025T21:12:41 - [MESSAGE][PASSED] - Text 'admin.sekolah@gmail.com' is set on object 'Object Repository/Master Data/Admin Sekolah/Login/Field Email'

01-01-2025T21:12:41 - [TEST_STEP][PASSED] - delay(1): Delayed 1 second(s)

01-01-2025T21:12:42 - [MESSAGE][PASSED] - Delayed 1 second(s)

01-01-2025T21:12:42 - [TEST_STEP][PASSED] - click(findTestObject("Master Data/Admin Sekolah/Login/Input Password")): Object: 'Object Repository/Master Data/Admin Sekolah/Login/Input Password' is clicked on

01-01-2025T21:12:42 - [MESSAGE][PASSED] - Object: 'Object Repository/Master Data/Admin Sekolah/Login/Input Password' is clicked on

01-01-2025T21:12:42 - [TEST_STEP][PASSED] - setText(findTestObject("Master Data/Admin Sekolah/Login/Input Password"), "Test1234"): Text 'Test1234' is set on object 'Object Repository/Master Data/Admin Sekolah/Login/Input Password'

01-01-2025T21:12:42 - [MESSAGE][PASSED] - Text 'Test1234' is set on object 'Object Repository/Master Data/Admin Sekolah/Login/Input Password'

01-01-2025T21:12:42 - [TEST_STEP][PASSED] - delay(1): Delayed 1 second(s)

01-01-2025T21:12:43 - [MESSAGE][PASSED] - Delayed 1 second(s)

01-01-2025T21:12:43 - [TEST_STEP][PASSED] - click(findTestObject("Master Data/Admin Sekolah/Login/Button Submit")): Object: 'Object Repository/Master Data/Admin Sekolah/Login/Button Submit' is clicked on

01-01-2025T21:12:44 - [MESSAGE][PASSED] - Object: 'Object Repository/Master Data/Admin Sekolah/Login/Button Submit' is clicked on

01-01-2025T21:12:44 - [TEST_STEP][PASSED] - delay(1): Delayed 1 second(s)

01-01-2025T21:12:45 - [MESSAGE][PASSED] - Delayed 1 second(s)

01-01-2025T21:12:45 - [TEST_STEP][PASSED] - click(findTestObject("Master Tagihan/Admin Sekolah/Pembayaran Siswa/Homepage/Menu Tagihan")): Object: 'Object Repository/Master Tagihan/Admin Sekolah/Pembayaran Siswa/Homepage/Menu Tagihan' is clicked on

01-01-2025T21:13:06 - [MESSAGE][PASSED] - Object: 'Object Repository/Master Tagihan/Admin Sekolah/Pembayaran Siswa/Homepage/Menu Tagihan' is clicked on

01-01-2025T21:13:06 - [TEST_STEP][PASSED] - delay(1): Delayed 1 second(s)

01-01-2025T21:13:07 - [MESSAGE][PASSED] - Delayed 1 second(s)

01-01-2025T21:13:07 - [TEST_STEP][PASSED] - click(findTestObject("Master Tagihan/Admin Sekolah/Pembayaran Siswa/Homepage/Sub-Menu Tagihan Persiswa")): Object: 'Object Repository/Master Tagihan/Admin Sekolah/Pembayaran Siswa/Homepage/Sub-Menu Tagihan Persiswa' is clicked on

01-01-2025T21:13:07 - [MESSAGE][PASSED] - Object: 'Object Repository/Master Tagihan/Admin Sekolah/Pembayaran Siswa/Homepage/Sub-Menu Tagihan Persiswa' is clicked on

01-01-2025T21:13:07 - [TEST_STEP][PASSED] - delay(1): Delayed 1 second(s)

01-01-2025T21:13:08 - [MESSAGE][PASSED] - Delayed 1 second(s)

01-01-2025T21:13:08 - [TEST_STEP][PASSED] - click(findTestObject("Master Tagihan/Admin Sekolah/Pembayaran Siswa/Homepage/Sub Menu Tagihan Persiswa/Dropdown Unit/Klik Dropdown")): Object: 'Object Repository/Master Tagihan/Admin Sekolah/Pembayaran Siswa/Homepage/Sub Menu Tagihan Persiswa/Dropdown Unit/Klik Dropdown' is clicked on

01-01-2025T21:13:09 - [MESSAGE][PASSED] - Object: 'Object Repository/Master Tagihan/Admin Sekolah/Pembayaran Siswa/Homepage/Sub Menu Tagihan Persiswa/Dropdown Unit/Klik Dropdown' is clicked on

01-01-2025T21:13:09 - [TEST_STEP][PASSED] - delay(1): Delayed 1 second(s)

01-01-2025T21:13:10 - [MESSAGE][PASSED] - Delayed 1 second(s)

01-01-2025T21:13:10 - [TEST_STEP][PASSED] - click(findTestObject("Master Tagihan/Admin Sekolah/Pembayaran Siswa/Homepage/Sub Menu Tagihan Persiswa/Dropdown Unit/Pilih Value Unit")): Object: 'Object Repository/Master Tagihan/Admin Sekolah/Pembayaran Siswa/Homepage/Sub Menu Tagihan Persiswa/Dropdown Unit/Pilih Value Unit' is clicked on

01-01-2025T21:13:10 - [MESSAGE][PASSED] - Object: 'Object Repository/Master Tagihan/Admin Sekolah/Pembayaran Siswa/Homepage/Sub Menu Tagihan Persiswa/Dropdown Unit/Pilih Value Unit' is clicked on

01-01-2025T21:13:10 - [TEST_STEP][PASSED] - delay(1): Delayed 1 second(s)

01-01-2025T21:13:11 - [MESSAGE][PASSED] - Delayed 1 second(s)

01-01-2025T21:13:11 - [TEST_STEP][PASSED] - click(findTestObject("Master Tagihan/Admin Sekolah/Pembayaran Siswa/Homepage/Sub Menu Tagihan Persiswa/Dropdown Kelas/Klik Dropdown Kelas")): Object: 'Object Repository/Master Tagihan/Admin Sekolah/Pembayaran Siswa/Homepage/Sub Menu Tagihan Persiswa/Dropdown Kelas/Klik Dropdown Kelas' is clicked on

01-01-2025T21:13:11 - [MESSAGE][PASSED] - Object: 'Object Repository/Master Tagihan/Admin Sekolah/Pembayaran Siswa/Homepage/Sub Menu Tagihan Persiswa/Dropdown Kelas/Klik Dropdown Kelas' is clicked on

01-01-2025T21:13:11 - [TEST_STEP][PASSED] - delay(1): Delayed 1 second(s)

01-01-2025T21:13:12 - [MESSAGE][PASSED] - Delayed 1 second(s)

01-01-2025T21:13:12 - [TEST_STEP][PASSED] - click(findTestObject("Master Tagihan/Admin Sekolah/Pembayaran Siswa/Homepage/Sub Menu Tagihan Persiswa/Dropdown Kelas/Klik Field Cari Kelas")): Object: 'Object Repository/Master Tagihan/Admin Sekolah/Pembayaran Siswa/Homepage/Sub Menu Tagihan Persiswa/Dropdown Kelas/Klik Field Cari Kelas' is clicked on

01-01-2025T21:13:13 - [MESSAGE][PASSED] - Object: 'Object Repository/Master Tagihan/Admin Sekolah/Pembayaran Siswa/Homepage/Sub Menu Tagihan Persiswa/Dropdown Kelas/Klik Field Cari Kelas' is clicked on

01-01-2025T21:13:13 - [TEST_STEP][PASSED] - delay(1): Delayed 1 second(s)

01-01-2025T21:13:14 - [MESSAGE][PASSED] - Delayed 1 second(s)

01-01-2025T21:13:14 - [TEST_STEP][PASSED] - setText(findTestObject("Master Tagihan/Admin Sekolah/Pembayaran Siswa/Homepage/Sub Menu Tagihan Persiswa/Dropdown Kelas/Klik Field Cari Kelas"), "XI IPA"): Text 'XI IPA' is set on object 'Object Repository/Master Tagihan/Admin Sekolah/Pembayaran Siswa/Homepage/Sub Menu Tagihan Persiswa/Dropdown Kelas/Klik Field Cari Kelas'

01-01-2025T21:13:14 - [MESSAGE][PASSED] - Text 'XI IPA' is set on object 'Object Repository/Master Tagihan/Admin Sekolah/Pembayaran Siswa/Homepage/Sub Menu Tagihan Persiswa/Dropdown Kelas/Klik Field Cari Kelas'

01-01-2025T21:13:14 - [TEST_STEP][PASSED] - click(findTestObject("Master Tagihan/Admin Sekolah/Pembayaran Siswa/Homepage/Sub Menu Tagihan Persiswa/Dropdown Kelas/Pilih Kelas")): Object: 'Object Repository/Master Tagihan/Admin Sekolah/Pembayaran Siswa/Homepage/Sub Menu Tagihan Persiswa/Dropdown Kelas/Pilih Kelas' is clicked on

01-01-2025T21:13:14 - [MESSAGE][PASSED] - Object: 'Object Repository/Master Tagihan/Admin Sekolah/Pembayaran Siswa/Homepage/Sub Menu Tagihan Persiswa/Dropdown Kelas/Pilih Kelas' is clicked on

01-01-2025T21:13:14 - [TEST_STEP][PASSED] - setText(findTestObject("Master Tagihan/Admin Sekolah/Pembayaran Siswa/Homepage/Sub Menu Tagihan Persiswa/Field Nama/Klik Field Nama"), "Candra"): Text 'Candra' is set on object 'Object Repository/Master Tagihan/Admin Sekolah/Pembayaran Siswa/Homepage/Sub Menu Tagihan Persiswa/Field Nama/Klik Field Nama'

01-01-2025T21:13:15 - [MESSAGE][PASSED] - Text 'Candra' is set on object 'Object Repository/Master Tagihan/Admin Sekolah/Pembayaran Siswa/Homepage/Sub Menu Tagihan Persiswa/Field Nama/Klik Field Nama'

01-01-2025T21:13:15 - [TEST_STEP][PASSED] - click(findTestObject("Master Tagihan/Admin Sekolah/Pembayaran Siswa/Homepage/Sub Menu Tagihan Persiswa/Field Nama/Klik Hasil Cari Siswa")): Object: 'Object Repository/Master Tagihan/Admin Sekolah/Pembayaran Siswa/Homepage/Sub Menu Tagihan Persiswa/Field Nama/Klik Hasil Cari Siswa' is clicked on

01-01-2025T21:13:16 - [MESSAGE][PASSED] - Object: 'Object Repository/Master Tagihan/Admin Sekolah/Pembayaran Siswa/Homepage/Sub Menu Tagihan Persiswa/Field Nama/Klik Hasil Cari Siswa' is clicked on

01-01-2025T21:13:16 - [TEST_STEP][PASSED] - click(findTestObject("Master Tagihan/Admin Sekolah/Pembayaran Siswa/Homepage/Sub Menu Tagihan Persiswa/Tombol Terapkan/Klik Tombol Terapkan")): Object: 'Object Repository/Master Tagihan/Admin Sekolah/Pembayaran Siswa/Homepage/Sub Menu Tagihan Persiswa/Tombol Terapkan/Klik Tombol Terapkan' is clicked on

01-01-2025T21:13:17 - [MESSAGE][PASSED] - Object: 'Object Repository/Master Tagihan/Admin Sekolah/Pembayaran Siswa/Homepage/Sub Menu Tagihan Persiswa/Tombol Terapkan/Klik Tombol Terapkan' is clicked on

01-01-2025T21:13:17 - [TEST_STEP][PASSED] - delay(1): Delayed 1 second(s)

01-01-2025T21:13:18 - [MESSAGE][PASSED] - Delayed 1 second(s)

01-01-2025T21:13:18 - [TEST_STEP][PASSED] - click(findTestObject("Master Tagihan/Admin Sekolah/Pembayaran Siswa/Homepage/Sub Menu Tagihan Persiswa/Filter/Filter By Nama tagihan")): Object: 'Object Repository/Master Tagihan/Admin Sekolah/Pembayaran Siswa/Homepage/Sub Menu Tagihan Persiswa/Filter/Filter By Nama tagihan' is clicked on

01-01-2025T21:13:18 - [MESSAGE][PASSED] - Object: 'Object Repository/Master Tagihan/Admin Sekolah/Pembayaran Siswa/Homepage/Sub Menu Tagihan Persiswa/Filter/Filter By Nama tagihan' is clicked on

01-01-2025T21:13:18 - [TEST_STEP][PASSED] - click(findTestObject("Master Tagihan/Admin Sekolah/Pembayaran Siswa/Homepage/Sub Menu Tagihan Persiswa/Filter/Filter By Nama tagihan")): Object: 'Object Repository/Master Tagihan/Admin Sekolah/Pembayaran Siswa/Homepage/Sub Menu Tagihan Persiswa/Filter/Filter By Nama tagihan' is clicked on

01-01-2025T21:13:19 - [MESSAGE][PASSED] - Object: 'Object Repository/Master Tagihan/Admin Sekolah/Pembayaran Siswa/Homepage/Sub Menu Tagihan Persiswa/Filter/Filter By Nama tagihan' is clicked on

01-01-2025T21:13:19 - [TEST_STEP][PASSED] - delay(1): Delayed 1 second(s)

01-01-2025T21:13:20 - [MESSAGE][PASSED] - Delayed 1 second(s)

01-01-2025T21:13:20 - [TEST_STEP][PASSED] - click(findTestObject("Master Tagihan/Admin Sekolah/Pembayaran Siswa/Homepage/Sub Menu Tagihan Persiswa/Filter/Filter By Tipe Tagihan")): Object: 'Object Repository/Master Tagihan/Admin Sekolah/Pembayaran Siswa/Homepage/Sub Menu Tagihan Persiswa/Filter/Filter By Tipe Tagihan' is clicked on

01-01-2025T21:13:20 - [MESSAGE][PASSED] - Object: 'Object Repository/Master Tagihan/Admin Sekolah/Pembayaran Siswa/Homepage/Sub Menu Tagihan Persiswa/Filter/Filter By Tipe Tagihan' is clicked on

01-01-2025T21:13:20 - [TEST_STEP][PASSED] - click(findTestObject("Master Tagihan/Admin Sekolah/Pembayaran Siswa/Homepage/Sub Menu Tagihan Persiswa/Filter/Filter By Tipe Tagihan")): Object: 'Object Repository/Master Tagihan/Admin Sekolah/Pembayaran Siswa/Homepage/Sub Menu Tagihan Persiswa/Filter/Filter By Tipe Tagihan' is clicked on

01-01-2025T21:13:21 - [MESSAGE][PASSED] - Object: 'Object Repository/Master Tagihan/Admin Sekolah/Pembayaran Siswa/Homepage/Sub Menu Tagihan Persiswa/Filter/Filter By Tipe Tagihan' is clicked on

01-01-2025T21:13:21 - [TEST_STEP][PASSED] - delay(1): Delayed 1 second(s)

01-01-2025T21:13:22 - [MESSAGE][PASSED] - Delayed 1 second(s)

01-01-2025T21:13:22 - [TEST_STEP][PASSED] - click(findTestObject("Master Tagihan/Admin Sekolah/Pembayaran Siswa/Homepage/Sub Menu Tagihan Persiswa/Filter/Filter By Total Tagihan")): Object: 'Object Repository/Master Tagihan/Admin Sekolah/Pembayaran Siswa/Homepage/Sub Menu Tagihan Persiswa/Filter/Filter By Total Tagihan' is clicked on

01-01-2025T21:13:22 - [MESSAGE][PASSED] - Object: 'Object Repository/Master Tagihan/Admin Sekolah/Pembayaran Siswa/Homepage/Sub Menu Tagihan Persiswa/Filter/Filter By Total Tagihan' is clicked on

01-01-2025T21:13:22 - [TEST_STEP][PASSED] - click(findTestObject("Master Tagihan/Admin Sekolah/Pembayaran Siswa/Homepage/Sub Menu Tagihan Persiswa/Filter/Filter By Total Tagihan")): Object: 'Object Repository/Master Tagihan/Admin Sekolah/Pembayaran Siswa/Homepage/Sub Menu Tagihan Persiswa/Filter/Filter By Total Tagihan' is clicked on

01-01-2025T21:13:23 - [MESSAGE][PASSED] - Object: 'Object Repository/Master Tagihan/Admin Sekolah/Pembayaran Siswa/Homepage/Sub Menu Tagihan Persiswa/Filter/Filter By Total Tagihan' is clicked on

01-01-2025T21:13:23 - [TEST_STEP][PASSED] - closeBrowser(): Browser is closed

01-01-2025T21:13:23 - [MESSAGE][PASSED] - Browser is closed]]></system-out>
         <system-err><![CDATA[]]></system-err>
      </testcase>
      <testcase name="Test Cases/Master Tagihan/Admin Sekolah/Master Tagihan Pembayaran Per Siswa/Edit Tagihan Persiswa" time="17.891" classname="Test Cases/Master Tagihan/Admin Sekolah/Master Tagihan Pembayaran Per Siswa/Edit Tagihan Persiswa" status="PASSED">
         <system-out><![CDATA[01-01-2025T21:13:23 - [TEST_CASE][PASSED] - Test Cases/Master Tagihan/Admin Sekolah/Master Tagihan Pembayaran Per Siswa/Edit Tagihan Persiswa: Test Cases/Master Tagihan/Admin Sekolah/Master Tagihan Pembayaran Per Siswa/Edit Tagihan Persiswa

01-01-2025T21:13:23 - [TEST_STEP][PASSED] - min = 1000000: null

01-01-2025T21:13:23 - [TEST_STEP][PASSED] - max = 15000000: null

01-01-2025T21:13:23 - [TEST_STEP][PASSED] - randomNumber = generateRandomNumber(min, max): null

01-01-2025T21:13:23 - [TEST_STEP][PASSED] - return ((java.lang.Math.random() * ((max - min) + 1)) as int + min): null

01-01-2025T21:13:23 - [TEST_STEP][PASSED] - openBrowser(""): Browser is opened with url: ''

01-01-2025T21:13:23 - [MESSAGE][INFO] - Starting 'Chrome' driver

01-01-2025T21:13:23 - [MESSAGE][INFO] - Action delay is set to 0 milliseconds

01-01-2025T21:13:24 - [MESSAGE][PASSED] - Browser is opened with url: ''

01-01-2025T21:13:24 - [TEST_STEP][PASSED] - navigateToUrl("https://school-payment.digiform.co.id/login"): Navigate to 'https://school-payment.digiform.co.id/login' successfully

01-01-2025T21:13:24 - [MESSAGE][PASSED] - Navigate to 'https://school-payment.digiform.co.id/login' successfully

01-01-2025T21:13:24 - [TEST_STEP][PASSED] - setText(findTestObject("Master Data/Admin Sekolah/Login/Field Email"), "admin.sekolah@gmail.com"): Text 'admin.sekolah@gmail.com' is set on object 'Object Repository/Master Data/Admin Sekolah/Login/Field Email'

01-01-2025T21:13:26 - [MESSAGE][PASSED] - Text 'admin.sekolah@gmail.com' is set on object 'Object Repository/Master Data/Admin Sekolah/Login/Field Email'

01-01-2025T21:13:26 - [TEST_STEP][PASSED] - setText(findTestObject("Master Data/Admin Sekolah/Login/Input Password"), "Test1234"): Text 'Test1234' is set on object 'Object Repository/Master Data/Admin Sekolah/Login/Input Password'

01-01-2025T21:13:27 - [MESSAGE][PASSED] - Text 'Test1234' is set on object 'Object Repository/Master Data/Admin Sekolah/Login/Input Password'

01-01-2025T21:13:27 - [TEST_STEP][PASSED] - click(findTestObject("Master Data/Admin Sekolah/Login/Button Submit")): Object: 'Object Repository/Master Data/Admin Sekolah/Login/Button Submit' is clicked on

01-01-2025T21:13:27 - [MESSAGE][PASSED] - Object: 'Object Repository/Master Data/Admin Sekolah/Login/Button Submit' is clicked on

01-01-2025T21:13:27 - [TEST_STEP][PASSED] - delay(1): Delayed 1 second(s)

01-01-2025T21:13:28 - [MESSAGE][PASSED] - Delayed 1 second(s)

01-01-2025T21:13:28 - [TEST_STEP][PASSED] - click(findTestObject("Master Tagihan/Admin Sekolah/Pembayaran Siswa/Homepage/Menu Tagihan")): Object: 'Object Repository/Master Tagihan/Admin Sekolah/Pembayaran Siswa/Homepage/Menu Tagihan' is clicked on

01-01-2025T21:13:29 - [MESSAGE][PASSED] - Object: 'Object Repository/Master Tagihan/Admin Sekolah/Pembayaran Siswa/Homepage/Menu Tagihan' is clicked on

01-01-2025T21:13:29 - [TEST_STEP][PASSED] - click(findTestObject("Master Tagihan/Admin Sekolah/Pembayaran Siswa/Homepage/Sub-Menu Tagihan Persiswa")): Object: 'Object Repository/Master Tagihan/Admin Sekolah/Pembayaran Siswa/Homepage/Sub-Menu Tagihan Persiswa' is clicked on

01-01-2025T21:13:30 - [MESSAGE][PASSED] - Object: 'Object Repository/Master Tagihan/Admin Sekolah/Pembayaran Siswa/Homepage/Sub-Menu Tagihan Persiswa' is clicked on

01-01-2025T21:13:30 - [TEST_STEP][PASSED] - click(findTestObject("Master Tagihan/Admin Sekolah/Pembayaran Siswa/Homepage/Sub Menu Tagihan Persiswa/Dropdown Unit/Klik Dropdown")): Object: 'Object Repository/Master Tagihan/Admin Sekolah/Pembayaran Siswa/Homepage/Sub Menu Tagihan Persiswa/Dropdown Unit/Klik Dropdown' is clicked on

01-01-2025T21:13:30 - [MESSAGE][PASSED] - Object: 'Object Repository/Master Tagihan/Admin Sekolah/Pembayaran Siswa/Homepage/Sub Menu Tagihan Persiswa/Dropdown Unit/Klik Dropdown' is clicked on

01-01-2025T21:13:30 - [TEST_STEP][PASSED] - click(findTestObject("Master Tagihan/Admin Sekolah/Pembayaran Siswa/Homepage/Sub Menu Tagihan Persiswa/Dropdown Unit/Pilih Value Unit")): Object: 'Object Repository/Master Tagihan/Admin Sekolah/Pembayaran Siswa/Homepage/Sub Menu Tagihan Persiswa/Dropdown Unit/Pilih Value Unit' is clicked on

01-01-2025T21:13:31 - [MESSAGE][PASSED] - Object: 'Object Repository/Master Tagihan/Admin Sekolah/Pembayaran Siswa/Homepage/Sub Menu Tagihan Persiswa/Dropdown Unit/Pilih Value Unit' is clicked on

01-01-2025T21:13:31 - [TEST_STEP][PASSED] - click(findTestObject("Master Tagihan/Admin Sekolah/Pembayaran Siswa/Homepage/Sub Menu Tagihan Persiswa/Dropdown Kelas/Klik Dropdown Kelas")): Object: 'Object Repository/Master Tagihan/Admin Sekolah/Pembayaran Siswa/Homepage/Sub Menu Tagihan Persiswa/Dropdown Kelas/Klik Dropdown Kelas' is clicked on

01-01-2025T21:13:31 - [MESSAGE][PASSED] - Object: 'Object Repository/Master Tagihan/Admin Sekolah/Pembayaran Siswa/Homepage/Sub Menu Tagihan Persiswa/Dropdown Kelas/Klik Dropdown Kelas' is clicked on

01-01-2025T21:13:31 - [TEST_STEP][PASSED] - setText(findTestObject("Master Tagihan/Admin Sekolah/Pembayaran Siswa/Homepage/Sub Menu Tagihan Persiswa/Dropdown Kelas/Klik Field Cari Kelas"), "XI IPA"): Text 'XI IPA' is set on object 'Object Repository/Master Tagihan/Admin Sekolah/Pembayaran Siswa/Homepage/Sub Menu Tagihan Persiswa/Dropdown Kelas/Klik Field Cari Kelas'

01-01-2025T21:13:32 - [MESSAGE][PASSED] - Text 'XI IPA' is set on object 'Object Repository/Master Tagihan/Admin Sekolah/Pembayaran Siswa/Homepage/Sub Menu Tagihan Persiswa/Dropdown Kelas/Klik Field Cari Kelas'

01-01-2025T21:13:32 - [TEST_STEP][PASSED] - click(findTestObject("Master Tagihan/Admin Sekolah/Pembayaran Siswa/Homepage/Sub Menu Tagihan Persiswa/Dropdown Kelas/Pilih Kelas")): Object: 'Object Repository/Master Tagihan/Admin Sekolah/Pembayaran Siswa/Homepage/Sub Menu Tagihan Persiswa/Dropdown Kelas/Pilih Kelas' is clicked on

01-01-2025T21:13:32 - [MESSAGE][PASSED] - Object: 'Object Repository/Master Tagihan/Admin Sekolah/Pembayaran Siswa/Homepage/Sub Menu Tagihan Persiswa/Dropdown Kelas/Pilih Kelas' is clicked on

01-01-2025T21:13:32 - [TEST_STEP][PASSED] - click(findTestObject("Master Tagihan/Admin Sekolah/Pembayaran Siswa/Homepage/Sub Menu Tagihan Persiswa/Filter/Filter By NIS/Klik Dropdown Nama")): Object: 'Object Repository/Master Tagihan/Admin Sekolah/Pembayaran Siswa/Homepage/Sub Menu Tagihan Persiswa/Filter/Filter By NIS/Klik Dropdown Nama' is clicked on

01-01-2025T21:13:32 - [MESSAGE][PASSED] - Object: 'Object Repository/Master Tagihan/Admin Sekolah/Pembayaran Siswa/Homepage/Sub Menu Tagihan Persiswa/Filter/Filter By NIS/Klik Dropdown Nama' is clicked on

01-01-2025T21:13:32 - [TEST_STEP][PASSED] - click(findTestObject("Master Tagihan/Admin Sekolah/Pembayaran Siswa/Homepage/Sub Menu Tagihan Persiswa/Filter/Filter By NIS/Klik NIS")): Object: 'Object Repository/Master Tagihan/Admin Sekolah/Pembayaran Siswa/Homepage/Sub Menu Tagihan Persiswa/Filter/Filter By NIS/Klik NIS' is clicked on

01-01-2025T21:13:33 - [MESSAGE][PASSED] - Object: 'Object Repository/Master Tagihan/Admin Sekolah/Pembayaran Siswa/Homepage/Sub Menu Tagihan Persiswa/Filter/Filter By NIS/Klik NIS' is clicked on

01-01-2025T21:13:33 - [TEST_STEP][PASSED] - setText(findTestObject("Master Tagihan/Admin Sekolah/Pembayaran Siswa/Homepage/Sub Menu Tagihan Persiswa/Field Nama/Klik Field Nama"), "2024"): Text '2024' is set on object 'Object Repository/Master Tagihan/Admin Sekolah/Pembayaran Siswa/Homepage/Sub Menu Tagihan Persiswa/Field Nama/Klik Field Nama'

01-01-2025T21:13:33 - [MESSAGE][PASSED] - Text '2024' is set on object 'Object Repository/Master Tagihan/Admin Sekolah/Pembayaran Siswa/Homepage/Sub Menu Tagihan Persiswa/Field Nama/Klik Field Nama'

01-01-2025T21:13:33 - [TEST_STEP][PASSED] - click(findTestObject("Master Tagihan/Admin Sekolah/Pembayaran Siswa/Homepage/Sub Menu Tagihan Persiswa/Field Nama/Edit Tagihannya")): Object: 'Object Repository/Master Tagihan/Admin Sekolah/Pembayaran Siswa/Homepage/Sub Menu Tagihan Persiswa/Field Nama/Edit Tagihannya' is clicked on

01-01-2025T21:13:35 - [MESSAGE][PASSED] - Object: 'Object Repository/Master Tagihan/Admin Sekolah/Pembayaran Siswa/Homepage/Sub Menu Tagihan Persiswa/Field Nama/Edit Tagihannya' is clicked on

01-01-2025T21:13:35 - [TEST_STEP][PASSED] - click(findTestObject("Master Tagihan/Admin Sekolah/Pembayaran Siswa/Homepage/Sub Menu Tagihan Persiswa/Tombol Terapkan/Klik Tombol Terapkan")): Object: 'Object Repository/Master Tagihan/Admin Sekolah/Pembayaran Siswa/Homepage/Sub Menu Tagihan Persiswa/Tombol Terapkan/Klik Tombol Terapkan' is clicked on

01-01-2025T21:13:35 - [MESSAGE][PASSED] - Object: 'Object Repository/Master Tagihan/Admin Sekolah/Pembayaran Siswa/Homepage/Sub Menu Tagihan Persiswa/Tombol Terapkan/Klik Tombol Terapkan' is clicked on

01-01-2025T21:13:35 - [TEST_STEP][PASSED] - delay(2): Delayed 2 second(s)

01-01-2025T21:13:37 - [MESSAGE][PASSED] - Delayed 2 second(s)

01-01-2025T21:13:37 - [TEST_STEP][PASSED] - click(findTestObject("Master Tagihan/Admin Sekolah/Pembayaran Siswa/Homepage/Sub Menu Tagihan Persiswa/Tri Dots Icon/Klik Tri Dots Icon")): Object: 'Object Repository/Master Tagihan/Admin Sekolah/Pembayaran Siswa/Homepage/Sub Menu Tagihan Persiswa/Tri Dots Icon/Klik Tri Dots Icon' is clicked on

01-01-2025T21:13:38 - [MESSAGE][PASSED] - Object: 'Object Repository/Master Tagihan/Admin Sekolah/Pembayaran Siswa/Homepage/Sub Menu Tagihan Persiswa/Tri Dots Icon/Klik Tri Dots Icon' is clicked on

01-01-2025T21:13:38 - [TEST_STEP][PASSED] - click(findTestObject("Master Tagihan/Admin Sekolah/Pembayaran Siswa/Homepage/Sub Menu Tagihan Persiswa/Tri Dots Icon/Edit Tagihan Persiswa/Klik Edit")): Object: 'Object Repository/Master Tagihan/Admin Sekolah/Pembayaran Siswa/Homepage/Sub Menu Tagihan Persiswa/Tri Dots Icon/Edit Tagihan Persiswa/Klik Edit' is clicked on

01-01-2025T21:13:38 - [MESSAGE][PASSED] - Object: 'Object Repository/Master Tagihan/Admin Sekolah/Pembayaran Siswa/Homepage/Sub Menu Tagihan Persiswa/Tri Dots Icon/Edit Tagihan Persiswa/Klik Edit' is clicked on

01-01-2025T21:13:38 - [TEST_STEP][PASSED] - sendKeys(findTestObject("Master Tagihan/Admin Sekolah/Pembayaran Siswa/Homepage/Sub Menu Tagihan Persiswa/Tri Dots Icon/Edit Tagihan Persiswa/Edit Nama Tagihan"), Keys.chord(CONTROL, "a")): Keys 'CONTROL + a' sent to object: 'Object Repository/Master Tagihan/Admin Sekolah/Pembayaran Siswa/Homepage/Sub Menu Tagihan Persiswa/Tri Dots Icon/Edit Tagihan Persiswa/Edit Nama Tagihan'

01-01-2025T21:13:39 - [MESSAGE][PASSED] - Keys 'CONTROL + a' sent to object: 'Object Repository/Master Tagihan/Admin Sekolah/Pembayaran Siswa/Homepage/Sub Menu Tagihan Persiswa/Tri Dots Icon/Edit Tagihan Persiswa/Edit Nama Tagihan'

01-01-2025T21:13:39 - [TEST_STEP][PASSED] - sendKeys(findTestObject("Master Tagihan/Admin Sekolah/Pembayaran Siswa/Homepage/Sub Menu Tagihan Persiswa/Tri Dots Icon/Edit Tagihan Persiswa/Edit Nama Tagihan"), Keys.chord(BACK_SPACE)): Keys 'BACK_SPACE + ' sent to object: 'Object Repository/Master Tagihan/Admin Sekolah/Pembayaran Siswa/Homepage/Sub Menu Tagihan Persiswa/Tri Dots Icon/Edit Tagihan Persiswa/Edit Nama Tagihan'

01-01-2025T21:13:39 - [MESSAGE][PASSED] - Keys 'BACK_SPACE + ' sent to object: 'Object Repository/Master Tagihan/Admin Sekolah/Pembayaran Siswa/Homepage/Sub Menu Tagihan Persiswa/Tri Dots Icon/Edit Tagihan Persiswa/Edit Nama Tagihan'

01-01-2025T21:13:39 - [TEST_STEP][PASSED] - setText(findTestObject("Master Tagihan/Admin Sekolah/Pembayaran Siswa/Homepage/Sub Menu Tagihan Persiswa/Tri Dots Icon/Edit Tagihan Persiswa/Edit Nama Tagihan"), "tagihan pempek goreng"): Text 'tagihan pempek goreng' is set on object 'Object Repository/Master Tagihan/Admin Sekolah/Pembayaran Siswa/Homepage/Sub Menu Tagihan Persiswa/Tri Dots Icon/Edit Tagihan Persiswa/Edit Nama Tagihan'

01-01-2025T21:13:40 - [MESSAGE][PASSED] - Text 'tagihan pempek goreng' is set on object 'Object Repository/Master Tagihan/Admin Sekolah/Pembayaran Siswa/Homepage/Sub Menu Tagihan Persiswa/Tri Dots Icon/Edit Tagihan Persiswa/Edit Nama Tagihan'

01-01-2025T21:13:40 - [TEST_STEP][PASSED] - click(findTestObject("Master Tagihan/Admin Sekolah/Pembayaran Siswa/Homepage/Sub Menu Tagihan Persiswa/Tri Dots Icon/Edit Tagihan Persiswa/Edit Total Tagihan")): Object: 'Object Repository/Master Tagihan/Admin Sekolah/Pembayaran Siswa/Homepage/Sub Menu Tagihan Persiswa/Tri Dots Icon/Edit Tagihan Persiswa/Edit Total Tagihan' is clicked on

01-01-2025T21:13:40 - [MESSAGE][PASSED] - Object: 'Object Repository/Master Tagihan/Admin Sekolah/Pembayaran Siswa/Homepage/Sub Menu Tagihan Persiswa/Tri Dots Icon/Edit Tagihan Persiswa/Edit Total Tagihan' is clicked on

01-01-2025T21:13:40 - [TEST_STEP][PASSED] - sendKeys(findTestObject("Master Tagihan/Admin Sekolah/Pembayaran Siswa/Homepage/Sub Menu Tagihan Persiswa/Tri Dots Icon/Edit Tagihan Persiswa/Edit Total Tagihan"), Keys.chord(CONTROL, "a")): Keys 'CONTROL + a' sent to object: 'Object Repository/Master Tagihan/Admin Sekolah/Pembayaran Siswa/Homepage/Sub Menu Tagihan Persiswa/Tri Dots Icon/Edit Tagihan Persiswa/Edit Total Tagihan'

01-01-2025T21:13:40 - [MESSAGE][PASSED] - Keys 'CONTROL + a' sent to object: 'Object Repository/Master Tagihan/Admin Sekolah/Pembayaran Siswa/Homepage/Sub Menu Tagihan Persiswa/Tri Dots Icon/Edit Tagihan Persiswa/Edit Total Tagihan'

01-01-2025T21:13:40 - [TEST_STEP][PASSED] - sendKeys(findTestObject("Master Tagihan/Admin Sekolah/Pembayaran Siswa/Homepage/Sub Menu Tagihan Persiswa/Tri Dots Icon/Edit Tagihan Persiswa/Edit Total Tagihan"), Keys.chord(BACK_SPACE)): Keys 'BACK_SPACE + ' sent to object: 'Object Repository/Master Tagihan/Admin Sekolah/Pembayaran Siswa/Homepage/Sub Menu Tagihan Persiswa/Tri Dots Icon/Edit Tagihan Persiswa/Edit Total Tagihan'

01-01-2025T21:13:40 - [MESSAGE][PASSED] - Keys 'BACK_SPACE + ' sent to object: 'Object Repository/Master Tagihan/Admin Sekolah/Pembayaran Siswa/Homepage/Sub Menu Tagihan Persiswa/Tri Dots Icon/Edit Tagihan Persiswa/Edit Total Tagihan'

01-01-2025T21:13:40 - [TEST_STEP][PASSED] - setText(findTestObject("Master Tagihan/Admin Sekolah/Pembayaran Siswa/Homepage/Sub Menu Tagihan Persiswa/Tri Dots Icon/Edit Tagihan Persiswa/Edit Total Tagihan"), randomNumber.toString()): Text '6763521' is set on object 'Object Repository/Master Tagihan/Admin Sekolah/Pembayaran Siswa/Homepage/Sub Menu Tagihan Persiswa/Tri Dots Icon/Edit Tagihan Persiswa/Edit Total Tagihan'

01-01-2025T21:13:41 - [MESSAGE][PASSED] - Text '6763521' is set on object 'Object Repository/Master Tagihan/Admin Sekolah/Pembayaran Siswa/Homepage/Sub Menu Tagihan Persiswa/Tri Dots Icon/Edit Tagihan Persiswa/Edit Total Tagihan'

01-01-2025T21:13:41 - [TEST_STEP][PASSED] - click(findTestObject("Master Tagihan/Admin Sekolah/Pembayaran Siswa/Homepage/Sub Menu Tagihan Persiswa/Tri Dots Icon/Edit Tagihan Persiswa/Tombol Simpan Tagihan/Tombol Simpan")): Object: 'Object Repository/Master Tagihan/Admin Sekolah/Pembayaran Siswa/Homepage/Sub Menu Tagihan Persiswa/Tri Dots Icon/Edit Tagihan Persiswa/Tombol Simpan Tagihan/Tombol Simpan' is clicked on

01-01-2025T21:13:41 - [MESSAGE][PASSED] - Object: 'Object Repository/Master Tagihan/Admin Sekolah/Pembayaran Siswa/Homepage/Sub Menu Tagihan Persiswa/Tri Dots Icon/Edit Tagihan Persiswa/Tombol Simpan Tagihan/Tombol Simpan' is clicked on

01-01-2025T21:13:41 - [TEST_STEP][PASSED] - closeBrowser(): Browser is closed

01-01-2025T21:13:41 - [MESSAGE][PASSED] - Browser is closed]]></system-out>
         <system-err><![CDATA[]]></system-err>
      </testcase>
      <testcase name="Test Cases/Master Tagihan/Admin Sekolah/Master Tagihan Pembayaran Per Siswa/Delete Tagihan Persiswa" time="44.714" classname="Test Cases/Master Tagihan/Admin Sekolah/Master Tagihan Pembayaran Per Siswa/Delete Tagihan Persiswa" status="PASSED">
         <system-out><![CDATA[01-01-2025T21:13:41 - [TEST_CASE][PASSED] - Test Cases/Master Tagihan/Admin Sekolah/Master Tagihan Pembayaran Per Siswa/Delete Tagihan Persiswa: Test Cases/Master Tagihan/Admin Sekolah/Master Tagihan Pembayaran Per Siswa/Delete Tagihan Persiswa

01-01-2025T21:13:41 - [TEST_STEP][PASSED] - openBrowser(""): Browser is opened with url: ''

01-01-2025T21:13:41 - [MESSAGE][INFO] - Starting 'Chrome' driver

01-01-2025T21:13:41 - [MESSAGE][INFO] - Action delay is set to 0 milliseconds

01-01-2025T21:13:42 - [MESSAGE][PASSED] - Browser is opened with url: ''

01-01-2025T21:13:42 - [TEST_STEP][PASSED] - navigateToUrl("https://school-payment.digiform.co.id/login"): Navigate to 'https://school-payment.digiform.co.id/login' successfully

01-01-2025T21:14:02 - [MESSAGE][PASSED] - Navigate to 'https://school-payment.digiform.co.id/login' successfully

01-01-2025T21:14:02 - [TEST_STEP][PASSED] - click(findTestObject("Master Data/Admin Sekolah/Login/Field Email")): Object: 'Object Repository/Master Data/Admin Sekolah/Login/Field Email' is clicked on

01-01-2025T21:14:03 - [MESSAGE][PASSED] - Object: 'Object Repository/Master Data/Admin Sekolah/Login/Field Email' is clicked on

01-01-2025T21:14:03 - [TEST_STEP][PASSED] - setText(findTestObject("Master Data/Admin Sekolah/Login/Field Email"), "admin.sekolah@gmail.com"): Text 'admin.sekolah@gmail.com' is set on object 'Object Repository/Master Data/Admin Sekolah/Login/Field Email'

01-01-2025T21:14:04 - [MESSAGE][PASSED] - Text 'admin.sekolah@gmail.com' is set on object 'Object Repository/Master Data/Admin Sekolah/Login/Field Email'

01-01-2025T21:14:04 - [TEST_STEP][PASSED] - delay(1): Delayed 1 second(s)

01-01-2025T21:14:05 - [MESSAGE][PASSED] - Delayed 1 second(s)

01-01-2025T21:14:05 - [TEST_STEP][PASSED] - click(findTestObject("Master Data/Admin Sekolah/Login/Input Password")): Object: 'Object Repository/Master Data/Admin Sekolah/Login/Input Password' is clicked on

01-01-2025T21:14:05 - [MESSAGE][PASSED] - Object: 'Object Repository/Master Data/Admin Sekolah/Login/Input Password' is clicked on

01-01-2025T21:14:05 - [TEST_STEP][PASSED] - setText(findTestObject("Master Data/Admin Sekolah/Login/Input Password"), "Test1234"): Text 'Test1234' is set on object 'Object Repository/Master Data/Admin Sekolah/Login/Input Password'

01-01-2025T21:14:06 - [MESSAGE][PASSED] - Text 'Test1234' is set on object 'Object Repository/Master Data/Admin Sekolah/Login/Input Password'

01-01-2025T21:14:06 - [TEST_STEP][PASSED] - delay(1): Delayed 1 second(s)

01-01-2025T21:14:07 - [MESSAGE][PASSED] - Delayed 1 second(s)

01-01-2025T21:14:07 - [TEST_STEP][PASSED] - click(findTestObject("Master Data/Admin Sekolah/Login/Button Submit")): Object: 'Object Repository/Master Data/Admin Sekolah/Login/Button Submit' is clicked on

01-01-2025T21:14:07 - [MESSAGE][PASSED] - Object: 'Object Repository/Master Data/Admin Sekolah/Login/Button Submit' is clicked on

01-01-2025T21:14:07 - [TEST_STEP][PASSED] - delay(1): Delayed 1 second(s)

01-01-2025T21:14:08 - [MESSAGE][PASSED] - Delayed 1 second(s)

01-01-2025T21:14:08 - [TEST_STEP][PASSED] - click(findTestObject("Master Tagihan/Admin Sekolah/Pembayaran Siswa/Homepage/Menu Tagihan")): Object: 'Object Repository/Master Tagihan/Admin Sekolah/Pembayaran Siswa/Homepage/Menu Tagihan' is clicked on

01-01-2025T21:14:09 - [MESSAGE][PASSED] - Object: 'Object Repository/Master Tagihan/Admin Sekolah/Pembayaran Siswa/Homepage/Menu Tagihan' is clicked on

01-01-2025T21:14:09 - [TEST_STEP][PASSED] - delay(1): Delayed 1 second(s)

01-01-2025T21:14:10 - [MESSAGE][PASSED] - Delayed 1 second(s)

01-01-2025T21:14:10 - [TEST_STEP][PASSED] - click(findTestObject("Master Tagihan/Admin Sekolah/Pembayaran Siswa/Homepage/Sub-Menu Tagihan Persiswa")): Object: 'Object Repository/Master Tagihan/Admin Sekolah/Pembayaran Siswa/Homepage/Sub-Menu Tagihan Persiswa' is clicked on

01-01-2025T21:14:10 - [MESSAGE][PASSED] - Object: 'Object Repository/Master Tagihan/Admin Sekolah/Pembayaran Siswa/Homepage/Sub-Menu Tagihan Persiswa' is clicked on

01-01-2025T21:14:10 - [TEST_STEP][PASSED] - delay(1): Delayed 1 second(s)

01-01-2025T21:14:11 - [MESSAGE][PASSED] - Delayed 1 second(s)

01-01-2025T21:14:11 - [TEST_STEP][PASSED] - click(findTestObject("Master Tagihan/Admin Sekolah/Pembayaran Siswa/Homepage/Sub Menu Tagihan Persiswa/Dropdown Unit/Klik Dropdown")): Object: 'Object Repository/Master Tagihan/Admin Sekolah/Pembayaran Siswa/Homepage/Sub Menu Tagihan Persiswa/Dropdown Unit/Klik Dropdown' is clicked on

01-01-2025T21:14:11 - [MESSAGE][PASSED] - Object: 'Object Repository/Master Tagihan/Admin Sekolah/Pembayaran Siswa/Homepage/Sub Menu Tagihan Persiswa/Dropdown Unit/Klik Dropdown' is clicked on

01-01-2025T21:14:11 - [TEST_STEP][PASSED] - delay(1): Delayed 1 second(s)

01-01-2025T21:14:12 - [MESSAGE][PASSED] - Delayed 1 second(s)

01-01-2025T21:14:12 - [TEST_STEP][PASSED] - click(findTestObject("Master Tagihan/Admin Sekolah/Pembayaran Siswa/Homepage/Sub Menu Tagihan Persiswa/Dropdown Unit/Pilih Value Unit")): Object: 'Object Repository/Master Tagihan/Admin Sekolah/Pembayaran Siswa/Homepage/Sub Menu Tagihan Persiswa/Dropdown Unit/Pilih Value Unit' is clicked on

01-01-2025T21:14:13 - [MESSAGE][PASSED] - Object: 'Object Repository/Master Tagihan/Admin Sekolah/Pembayaran Siswa/Homepage/Sub Menu Tagihan Persiswa/Dropdown Unit/Pilih Value Unit' is clicked on

01-01-2025T21:14:13 - [TEST_STEP][PASSED] - delay(1): Delayed 1 second(s)

01-01-2025T21:14:14 - [MESSAGE][PASSED] - Delayed 1 second(s)

01-01-2025T21:14:14 - [TEST_STEP][PASSED] - click(findTestObject("Master Tagihan/Admin Sekolah/Pembayaran Siswa/Homepage/Sub Menu Tagihan Persiswa/Dropdown Kelas/Klik Dropdown Kelas")): Object: 'Object Repository/Master Tagihan/Admin Sekolah/Pembayaran Siswa/Homepage/Sub Menu Tagihan Persiswa/Dropdown Kelas/Klik Dropdown Kelas' is clicked on

01-01-2025T21:14:14 - [MESSAGE][PASSED] - Object: 'Object Repository/Master Tagihan/Admin Sekolah/Pembayaran Siswa/Homepage/Sub Menu Tagihan Persiswa/Dropdown Kelas/Klik Dropdown Kelas' is clicked on

01-01-2025T21:14:14 - [TEST_STEP][PASSED] - delay(1): Delayed 1 second(s)

01-01-2025T21:14:15 - [MESSAGE][PASSED] - Delayed 1 second(s)

01-01-2025T21:14:15 - [TEST_STEP][PASSED] - click(findTestObject("Master Tagihan/Admin Sekolah/Pembayaran Siswa/Homepage/Sub Menu Tagihan Persiswa/Dropdown Kelas/Klik Field Cari Kelas")): Object: 'Object Repository/Master Tagihan/Admin Sekolah/Pembayaran Siswa/Homepage/Sub Menu Tagihan Persiswa/Dropdown Kelas/Klik Field Cari Kelas' is clicked on

01-01-2025T21:14:15 - [MESSAGE][PASSED] - Object: 'Object Repository/Master Tagihan/Admin Sekolah/Pembayaran Siswa/Homepage/Sub Menu Tagihan Persiswa/Dropdown Kelas/Klik Field Cari Kelas' is clicked on

01-01-2025T21:14:15 - [TEST_STEP][PASSED] - delay(1): Delayed 1 second(s)

01-01-2025T21:14:16 - [MESSAGE][PASSED] - Delayed 1 second(s)

01-01-2025T21:14:16 - [TEST_STEP][PASSED] - setText(findTestObject("Master Tagihan/Admin Sekolah/Pembayaran Siswa/Homepage/Sub Menu Tagihan Persiswa/Dropdown Kelas/Klik Field Cari Kelas"), "XI IPA"): Text 'XI IPA' is set on object 'Object Repository/Master Tagihan/Admin Sekolah/Pembayaran Siswa/Homepage/Sub Menu Tagihan Persiswa/Dropdown Kelas/Klik Field Cari Kelas'

01-01-2025T21:14:17 - [MESSAGE][PASSED] - Text 'XI IPA' is set on object 'Object Repository/Master Tagihan/Admin Sekolah/Pembayaran Siswa/Homepage/Sub Menu Tagihan Persiswa/Dropdown Kelas/Klik Field Cari Kelas'

01-01-2025T21:14:17 - [TEST_STEP][PASSED] - click(findTestObject("Master Tagihan/Admin Sekolah/Pembayaran Siswa/Homepage/Sub Menu Tagihan Persiswa/Dropdown Kelas/Pilih Kelas")): Object: 'Object Repository/Master Tagihan/Admin Sekolah/Pembayaran Siswa/Homepage/Sub Menu Tagihan Persiswa/Dropdown Kelas/Pilih Kelas' is clicked on

01-01-2025T21:14:17 - [MESSAGE][PASSED] - Object: 'Object Repository/Master Tagihan/Admin Sekolah/Pembayaran Siswa/Homepage/Sub Menu Tagihan Persiswa/Dropdown Kelas/Pilih Kelas' is clicked on

01-01-2025T21:14:17 - [TEST_STEP][PASSED] - delay(1): Delayed 1 second(s)

01-01-2025T21:14:18 - [MESSAGE][PASSED] - Delayed 1 second(s)

01-01-2025T21:14:18 - [TEST_STEP][PASSED] - click(findTestObject("Master Tagihan/Admin Sekolah/Pembayaran Siswa/Homepage/Sub Menu Tagihan Persiswa/Filter/Filter By NIS/Klik Dropdown Nama")): Object: 'Object Repository/Master Tagihan/Admin Sekolah/Pembayaran Siswa/Homepage/Sub Menu Tagihan Persiswa/Filter/Filter By NIS/Klik Dropdown Nama' is clicked on

01-01-2025T21:14:18 - [MESSAGE][PASSED] - Object: 'Object Repository/Master Tagihan/Admin Sekolah/Pembayaran Siswa/Homepage/Sub Menu Tagihan Persiswa/Filter/Filter By NIS/Klik Dropdown Nama' is clicked on

01-01-2025T21:14:18 - [TEST_STEP][PASSED] - click(findTestObject("Master Tagihan/Admin Sekolah/Pembayaran Siswa/Homepage/Sub Menu Tagihan Persiswa/Filter/Filter By NIS/Klik NIS")): Object: 'Object Repository/Master Tagihan/Admin Sekolah/Pembayaran Siswa/Homepage/Sub Menu Tagihan Persiswa/Filter/Filter By NIS/Klik NIS' is clicked on

01-01-2025T21:14:19 - [MESSAGE][PASSED] - Object: 'Object Repository/Master Tagihan/Admin Sekolah/Pembayaran Siswa/Homepage/Sub Menu Tagihan Persiswa/Filter/Filter By NIS/Klik NIS' is clicked on

01-01-2025T21:14:19 - [TEST_STEP][PASSED] - delay(1): Delayed 1 second(s)

01-01-2025T21:14:20 - [MESSAGE][PASSED] - Delayed 1 second(s)

01-01-2025T21:14:20 - [TEST_STEP][PASSED] - click(findTestObject("Master Tagihan/Admin Sekolah/Pembayaran Siswa/Homepage/Sub Menu Tagihan Persiswa/Field Nama/Klik Field Nama")): Object: 'Object Repository/Master Tagihan/Admin Sekolah/Pembayaran Siswa/Homepage/Sub Menu Tagihan Persiswa/Field Nama/Klik Field Nama' is clicked on

01-01-2025T21:14:20 - [MESSAGE][PASSED] - Object: 'Object Repository/Master Tagihan/Admin Sekolah/Pembayaran Siswa/Homepage/Sub Menu Tagihan Persiswa/Field Nama/Klik Field Nama' is clicked on

01-01-2025T21:14:20 - [TEST_STEP][PASSED] - setText(findTestObject("Master Tagihan/Admin Sekolah/Pembayaran Siswa/Homepage/Sub Menu Tagihan Persiswa/Field Nama/Klik Field Nama"), "2024"): Text '2024' is set on object 'Object Repository/Master Tagihan/Admin Sekolah/Pembayaran Siswa/Homepage/Sub Menu Tagihan Persiswa/Field Nama/Klik Field Nama'

01-01-2025T21:14:20 - [MESSAGE][PASSED] - Text '2024' is set on object 'Object Repository/Master Tagihan/Admin Sekolah/Pembayaran Siswa/Homepage/Sub Menu Tagihan Persiswa/Field Nama/Klik Field Nama'

01-01-2025T21:14:20 - [TEST_STEP][PASSED] - click(findTestObject("Master Tagihan/Admin Sekolah/Pembayaran Siswa/Homepage/Sub Menu Tagihan Persiswa/Filter/Filter By NIS/Pilih Value NIS")): Object: 'Object Repository/Master Tagihan/Admin Sekolah/Pembayaran Siswa/Homepage/Sub Menu Tagihan Persiswa/Filter/Filter By NIS/Pilih Value NIS' is clicked on

01-01-2025T21:14:22 - [MESSAGE][PASSED] - Object: 'Object Repository/Master Tagihan/Admin Sekolah/Pembayaran Siswa/Homepage/Sub Menu Tagihan Persiswa/Filter/Filter By NIS/Pilih Value NIS' is clicked on

01-01-2025T21:14:22 - [TEST_STEP][PASSED] - delay(1): Delayed 1 second(s)

01-01-2025T21:14:23 - [MESSAGE][PASSED] - Delayed 1 second(s)

01-01-2025T21:14:23 - [TEST_STEP][PASSED] - click(findTestObject("Master Tagihan/Admin Sekolah/Pembayaran Siswa/Homepage/Sub Menu Tagihan Persiswa/Tombol Terapkan/Klik Tombol Terapkan")): Object: 'Object Repository/Master Tagihan/Admin Sekolah/Pembayaran Siswa/Homepage/Sub Menu Tagihan Persiswa/Tombol Terapkan/Klik Tombol Terapkan' is clicked on

01-01-2025T21:14:24 - [MESSAGE][PASSED] - Object: 'Object Repository/Master Tagihan/Admin Sekolah/Pembayaran Siswa/Homepage/Sub Menu Tagihan Persiswa/Tombol Terapkan/Klik Tombol Terapkan' is clicked on

01-01-2025T21:14:24 - [TEST_STEP][PASSED] - delay(1): Delayed 1 second(s)

01-01-2025T21:14:25 - [MESSAGE][PASSED] - Delayed 1 second(s)

01-01-2025T21:14:25 - [TEST_STEP][PASSED] - click(findTestObject("Master Tagihan/Admin Sekolah/Pembayaran Siswa/Homepage/Sub Menu Tagihan Persiswa/Tri Dots Icon/Hapus Tagihan PerSiswa/Tridots Untuk Hapus")): Object: 'Object Repository/Master Tagihan/Admin Sekolah/Pembayaran Siswa/Homepage/Sub Menu Tagihan Persiswa/Tri Dots Icon/Hapus Tagihan PerSiswa/Tridots Untuk Hapus' is clicked on

01-01-2025T21:14:25 - [MESSAGE][PASSED] - Object: 'Object Repository/Master Tagihan/Admin Sekolah/Pembayaran Siswa/Homepage/Sub Menu Tagihan Persiswa/Tri Dots Icon/Hapus Tagihan PerSiswa/Tridots Untuk Hapus' is clicked on

01-01-2025T21:14:25 - [TEST_STEP][PASSED] - click(findTestObject("Master Tagihan/Admin Sekolah/Pembayaran Siswa/Homepage/Sub Menu Tagihan Persiswa/Tri Dots Icon/Hapus Tagihan PerSiswa/Option Hapus")): Object: 'Object Repository/Master Tagihan/Admin Sekolah/Pembayaran Siswa/Homepage/Sub Menu Tagihan Persiswa/Tri Dots Icon/Hapus Tagihan PerSiswa/Option Hapus' is clicked on

01-01-2025T21:14:25 - [MESSAGE][PASSED] - Object: 'Object Repository/Master Tagihan/Admin Sekolah/Pembayaran Siswa/Homepage/Sub Menu Tagihan Persiswa/Tri Dots Icon/Hapus Tagihan PerSiswa/Option Hapus' is clicked on

01-01-2025T21:14:25 - [TEST_STEP][PASSED] - click(findTestObject("Master Tagihan/Admin Sekolah/Pembayaran Siswa/Homepage/Sub Menu Tagihan Persiswa/Tri Dots Icon/Hapus Tagihan PerSiswa/Hapus Data")): Object: 'Object Repository/Master Tagihan/Admin Sekolah/Pembayaran Siswa/Homepage/Sub Menu Tagihan Persiswa/Tri Dots Icon/Hapus Tagihan PerSiswa/Hapus Data' is clicked on

01-01-2025T21:14:26 - [MESSAGE][PASSED] - Object: 'Object Repository/Master Tagihan/Admin Sekolah/Pembayaran Siswa/Homepage/Sub Menu Tagihan Persiswa/Tri Dots Icon/Hapus Tagihan PerSiswa/Hapus Data' is clicked on

01-01-2025T21:14:26 - [TEST_STEP][PASSED] - closeBrowser(): Browser is closed

01-01-2025T21:14:26 - [MESSAGE][PASSED] - Browser is closed]]></system-out>
         <system-err><![CDATA[]]></system-err>
      </testcase>
      <testcase name="Test Cases/Master Tagihan/Admin Sekolah/Master Tagihan Pembayaran Siswa/Search Siswa" time="10.383" classname="Test Cases/Master Tagihan/Admin Sekolah/Master Tagihan Pembayaran Siswa/Search Siswa" status="PASSED">
         <system-out><![CDATA[01-01-2025T21:14:26 - [TEST_CASE][PASSED] - Test Cases/Master Tagihan/Admin Sekolah/Master Tagihan Pembayaran Siswa/Search Siswa: Test Cases/Master Tagihan/Admin Sekolah/Master Tagihan Pembayaran Siswa/Search Siswa

01-01-2025T21:14:26 - [TEST_STEP][PASSED] - openBrowser(""): Browser is opened with url: ''

01-01-2025T21:14:26 - [MESSAGE][INFO] - Starting 'Chrome' driver

01-01-2025T21:14:26 - [MESSAGE][INFO] - Action delay is set to 0 milliseconds

01-01-2025T21:14:27 - [MESSAGE][PASSED] - Browser is opened with url: ''

01-01-2025T21:14:27 - [TEST_STEP][PASSED] - navigateToUrl("https://school-payment.digiform.co.id/login"): Navigate to 'https://school-payment.digiform.co.id/login' successfully

01-01-2025T21:14:27 - [MESSAGE][PASSED] - Navigate to 'https://school-payment.digiform.co.id/login' successfully

01-01-2025T21:14:27 - [TEST_STEP][PASSED] - maximizeWindow(): Current window maximized

01-01-2025T21:14:27 - [MESSAGE][PASSED] - Current window maximized

01-01-2025T21:14:27 - [TEST_STEP][PASSED] - click(findTestObject("Master Data/Admin Sekolah/Login/Field Email")): Object: 'Object Repository/Master Data/Admin Sekolah/Login/Field Email' is clicked on

01-01-2025T21:14:29 - [MESSAGE][PASSED] - Object: 'Object Repository/Master Data/Admin Sekolah/Login/Field Email' is clicked on

01-01-2025T21:14:29 - [TEST_STEP][PASSED] - setText(findTestObject("Master Data/Admin Sekolah/Login/Field Email"), "admin.sekolah@gmail.com"): Text 'admin.sekolah@gmail.com' is set on object 'Object Repository/Master Data/Admin Sekolah/Login/Field Email'

01-01-2025T21:14:29 - [MESSAGE][PASSED] - Text 'admin.sekolah@gmail.com' is set on object 'Object Repository/Master Data/Admin Sekolah/Login/Field Email'

01-01-2025T21:14:29 - [TEST_STEP][PASSED] - click(findTestObject("Master Data/Admin Sekolah/Login/Input Password")): Object: 'Object Repository/Master Data/Admin Sekolah/Login/Input Password' is clicked on

01-01-2025T21:14:30 - [MESSAGE][PASSED] - Object: 'Object Repository/Master Data/Admin Sekolah/Login/Input Password' is clicked on

01-01-2025T21:14:30 - [TEST_STEP][PASSED] - setText(findTestObject("Master Data/Admin Sekolah/Login/Input Password"), "Test1234"): Text 'Test1234' is set on object 'Object Repository/Master Data/Admin Sekolah/Login/Input Password'

01-01-2025T21:14:30 - [MESSAGE][PASSED] - Text 'Test1234' is set on object 'Object Repository/Master Data/Admin Sekolah/Login/Input Password'

01-01-2025T21:14:30 - [TEST_STEP][PASSED] - click(findTestObject("Master Data/Admin Sekolah/Login/Button Submit")): Object: 'Object Repository/Master Data/Admin Sekolah/Login/Button Submit' is clicked on

01-01-2025T21:14:30 - [MESSAGE][PASSED] - Object: 'Object Repository/Master Data/Admin Sekolah/Login/Button Submit' is clicked on

01-01-2025T21:14:30 - [TEST_STEP][PASSED] - click(findTestObject("Master Tagihan/Admin Sekolah/Pembayaran Siswa/Homepage/Menu Tagihan")): Object: 'Object Repository/Master Tagihan/Admin Sekolah/Pembayaran Siswa/Homepage/Menu Tagihan' is clicked on

01-01-2025T21:14:32 - [MESSAGE][PASSED] - Object: 'Object Repository/Master Tagihan/Admin Sekolah/Pembayaran Siswa/Homepage/Menu Tagihan' is clicked on

01-01-2025T21:14:32 - [TEST_STEP][PASSED] - click(findTestObject("Master Tagihan/Admin Sekolah/Pembayaran Siswa/Homepage/Sub Menu Pembayaran Siswa")): Object: 'Object Repository/Master Tagihan/Admin Sekolah/Pembayaran Siswa/Homepage/Sub Menu Pembayaran Siswa' is clicked on

01-01-2025T21:14:33 - [MESSAGE][PASSED] - Object: 'Object Repository/Master Tagihan/Admin Sekolah/Pembayaran Siswa/Homepage/Sub Menu Pembayaran Siswa' is clicked on

01-01-2025T21:14:33 - [TEST_STEP][PASSED] - verifyElementVisible(findTestObject("Master Tagihan/Admin Sekolah/Pembayaran Siswa/Homepage/Sub Menu Pembayaran Siswa (1)/Field Pencarian Siswa")): Object 'Object Repository/Master Tagihan/Admin Sekolah/Pembayaran Siswa/Homepage/Sub Menu Pembayaran Siswa (1)/Field Pencarian Siswa' is visible

01-01-2025T21:14:33 - [MESSAGE][PASSED] - Object 'Object Repository/Master Tagihan/Admin Sekolah/Pembayaran Siswa/Homepage/Sub Menu Pembayaran Siswa (1)/Field Pencarian Siswa' is visible

01-01-2025T21:14:33 - [TEST_STEP][PASSED] - setText(findTestObject("Master Tagihan/Admin Sekolah/Pembayaran Siswa/Homepage/Sub Menu Pembayaran Siswa (1)/Field Pencarian Siswa"), "adam"): Text 'adam' is set on object 'Object Repository/Master Tagihan/Admin Sekolah/Pembayaran Siswa/Homepage/Sub Menu Pembayaran Siswa (1)/Field Pencarian Siswa'

01-01-2025T21:14:34 - [MESSAGE][PASSED] - Text 'adam' is set on object 'Object Repository/Master Tagihan/Admin Sekolah/Pembayaran Siswa/Homepage/Sub Menu Pembayaran Siswa (1)/Field Pencarian Siswa'

01-01-2025T21:14:34 - [TEST_STEP][PASSED] - delay(2): Delayed 2 second(s)

01-01-2025T21:14:36 - [MESSAGE][PASSED] - Delayed 2 second(s)

01-01-2025T21:14:36 - [TEST_STEP][PASSED] - verifyElementVisible(findTestObject("Master Tagihan/Admin Sekolah/Pembayaran Siswa/Homepage/Sub Menu Pembayaran Siswa (1)/Value Rekomendasi Siswa")): Object 'Object Repository/Master Tagihan/Admin Sekolah/Pembayaran Siswa/Homepage/Sub Menu Pembayaran Siswa (1)/Value Rekomendasi Siswa' is visible

01-01-2025T21:14:36 - [MESSAGE][PASSED] - Object 'Object Repository/Master Tagihan/Admin Sekolah/Pembayaran Siswa/Homepage/Sub Menu Pembayaran Siswa (1)/Value Rekomendasi Siswa' is visible

01-01-2025T21:14:36 - [TEST_STEP][PASSED] - click(findTestObject("Master Tagihan/Admin Sekolah/Pembayaran Siswa/Homepage/Sub Menu Pembayaran Siswa (1)/Value Rekomendasi Siswa")): Object: 'Object Repository/Master Tagihan/Admin Sekolah/Pembayaran Siswa/Homepage/Sub Menu Pembayaran Siswa (1)/Value Rekomendasi Siswa' is clicked on

01-01-2025T21:14:36 - [MESSAGE][PASSED] - Object: 'Object Repository/Master Tagihan/Admin Sekolah/Pembayaran Siswa/Homepage/Sub Menu Pembayaran Siswa (1)/Value Rekomendasi Siswa' is clicked on]]></system-out>
         <system-err><![CDATA[]]></system-err>
      </testcase>
      <testcase name="Test Cases/Master Tagihan/Admin Sekolah/Master Tagihan Pembayaran Siswa/Direct dan Verify Nama Siswa Pada Riwayat Pembayaran" time="14.304" classname="Test Cases/Master Tagihan/Admin Sekolah/Master Tagihan Pembayaran Siswa/Direct dan Verify Nama Siswa Pada Riwayat Pembayaran" status="PASSED">
         <system-out><![CDATA[01-01-2025T21:14:36 - [TEST_CASE][PASSED] - Test Cases/Master Tagihan/Admin Sekolah/Master Tagihan Pembayaran Siswa/Direct dan Verify Nama Siswa Pada Riwayat Pembayaran: Test Cases/Master Tagihan/Admin Sekolah/Master Tagihan Pembayaran Siswa/Direct dan Verify Nama Siswa Pada Riwayat Pembayaran

01-01-2025T21:14:36 - [TEST_STEP][PASSED] - openBrowser(""): Browser is opened with url: ''

01-01-2025T21:14:36 - [MESSAGE][WARNING] - A browser is already opened. Closing browser and opening a new one

01-01-2025T21:14:38 - [MESSAGE][INFO] - Starting 'Chrome' driver

01-01-2025T21:14:38 - [MESSAGE][INFO] - Action delay is set to 0 milliseconds

01-01-2025T21:14:39 - [MESSAGE][PASSED] - Browser is opened with url: ''

01-01-2025T21:14:39 - [TEST_STEP][PASSED] - navigateToUrl("https://school-payment.digiform.co.id/login"): Navigate to 'https://school-payment.digiform.co.id/login' successfully

01-01-2025T21:14:39 - [MESSAGE][PASSED] - Navigate to 'https://school-payment.digiform.co.id/login' successfully

01-01-2025T21:14:39 - [TEST_STEP][PASSED] - maximizeWindow(): Current window maximized

01-01-2025T21:14:39 - [MESSAGE][PASSED] - Current window maximized

01-01-2025T21:14:39 - [TEST_STEP][PASSED] - click(findTestObject("Master Data/Admin Sekolah/Login/Field Email")): Object: 'Object Repository/Master Data/Admin Sekolah/Login/Field Email' is clicked on

01-01-2025T21:14:41 - [MESSAGE][PASSED] - Object: 'Object Repository/Master Data/Admin Sekolah/Login/Field Email' is clicked on

01-01-2025T21:14:41 - [TEST_STEP][PASSED] - setText(findTestObject("Master Data/Admin Sekolah/Login/Field Email"), "admin.sekolah@gmail.com"): Text 'admin.sekolah@gmail.com' is set on object 'Object Repository/Master Data/Admin Sekolah/Login/Field Email'

01-01-2025T21:14:41 - [MESSAGE][PASSED] - Text 'admin.sekolah@gmail.com' is set on object 'Object Repository/Master Data/Admin Sekolah/Login/Field Email'

01-01-2025T21:14:41 - [TEST_STEP][PASSED] - click(findTestObject("Master Data/Admin Sekolah/Login/Input Password")): Object: 'Object Repository/Master Data/Admin Sekolah/Login/Input Password' is clicked on

01-01-2025T21:14:41 - [MESSAGE][PASSED] - Object: 'Object Repository/Master Data/Admin Sekolah/Login/Input Password' is clicked on

01-01-2025T21:14:41 - [TEST_STEP][PASSED] - setText(findTestObject("Master Data/Admin Sekolah/Login/Input Password"), "Test1234"): Text 'Test1234' is set on object 'Object Repository/Master Data/Admin Sekolah/Login/Input Password'

01-01-2025T21:14:42 - [MESSAGE][PASSED] - Text 'Test1234' is set on object 'Object Repository/Master Data/Admin Sekolah/Login/Input Password'

01-01-2025T21:14:42 - [TEST_STEP][PASSED] - click(findTestObject("Master Data/Admin Sekolah/Login/Button Submit")): Object: 'Object Repository/Master Data/Admin Sekolah/Login/Button Submit' is clicked on

01-01-2025T21:14:42 - [MESSAGE][PASSED] - Object: 'Object Repository/Master Data/Admin Sekolah/Login/Button Submit' is clicked on

01-01-2025T21:14:42 - [TEST_STEP][PASSED] - click(findTestObject("Master Tagihan/Admin Sekolah/Pembayaran Siswa/Homepage/Menu Tagihan")): Object: 'Object Repository/Master Tagihan/Admin Sekolah/Pembayaran Siswa/Homepage/Menu Tagihan' is clicked on

01-01-2025T21:14:44 - [MESSAGE][PASSED] - Object: 'Object Repository/Master Tagihan/Admin Sekolah/Pembayaran Siswa/Homepage/Menu Tagihan' is clicked on

01-01-2025T21:14:44 - [TEST_STEP][PASSED] - click(findTestObject("Master Tagihan/Admin Sekolah/Pembayaran Siswa/Homepage/Sub Menu Pembayaran Siswa")): Object: 'Object Repository/Master Tagihan/Admin Sekolah/Pembayaran Siswa/Homepage/Sub Menu Pembayaran Siswa' is clicked on

01-01-2025T21:14:45 - [MESSAGE][PASSED] - Object: 'Object Repository/Master Tagihan/Admin Sekolah/Pembayaran Siswa/Homepage/Sub Menu Pembayaran Siswa' is clicked on

01-01-2025T21:14:45 - [TEST_STEP][PASSED] - verifyElementVisible(findTestObject("Master Tagihan/Admin Sekolah/Pembayaran Siswa/Homepage/Sub Menu Pembayaran Siswa (1)/Field Pencarian Siswa")): Object 'Object Repository/Master Tagihan/Admin Sekolah/Pembayaran Siswa/Homepage/Sub Menu Pembayaran Siswa (1)/Field Pencarian Siswa' is visible

01-01-2025T21:14:45 - [MESSAGE][PASSED] - Object 'Object Repository/Master Tagihan/Admin Sekolah/Pembayaran Siswa/Homepage/Sub Menu Pembayaran Siswa (1)/Field Pencarian Siswa' is visible

01-01-2025T21:14:45 - [TEST_STEP][PASSED] - setText(findTestObject("Master Tagihan/Admin Sekolah/Pembayaran Siswa/Homepage/Sub Menu Pembayaran Siswa (1)/Field Pencarian Siswa"), "adam"): Text 'adam' is set on object 'Object Repository/Master Tagihan/Admin Sekolah/Pembayaran Siswa/Homepage/Sub Menu Pembayaran Siswa (1)/Field Pencarian Siswa'

01-01-2025T21:14:45 - [MESSAGE][PASSED] - Text 'adam' is set on object 'Object Repository/Master Tagihan/Admin Sekolah/Pembayaran Siswa/Homepage/Sub Menu Pembayaran Siswa (1)/Field Pencarian Siswa'

01-01-2025T21:14:45 - [TEST_STEP][PASSED] - delay(2): Delayed 2 second(s)

01-01-2025T21:14:48 - [MESSAGE][PASSED] - Delayed 2 second(s)

01-01-2025T21:14:48 - [TEST_STEP][PASSED] - verifyElementVisible(findTestObject("Master Tagihan/Admin Sekolah/Pembayaran Siswa/Homepage/Sub Menu Pembayaran Siswa (1)/Value Rekomendasi Siswa")): Object 'Object Repository/Master Tagihan/Admin Sekolah/Pembayaran Siswa/Homepage/Sub Menu Pembayaran Siswa (1)/Value Rekomendasi Siswa' is visible

01-01-2025T21:14:48 - [MESSAGE][PASSED] - Object 'Object Repository/Master Tagihan/Admin Sekolah/Pembayaran Siswa/Homepage/Sub Menu Pembayaran Siswa (1)/Value Rekomendasi Siswa' is visible

01-01-2025T21:14:48 - [TEST_STEP][PASSED] - click(findTestObject("Master Tagihan/Admin Sekolah/Pembayaran Siswa/Homepage/Sub Menu Pembayaran Siswa (1)/Value Rekomendasi Siswa")): Object: 'Object Repository/Master Tagihan/Admin Sekolah/Pembayaran Siswa/Homepage/Sub Menu Pembayaran Siswa (1)/Value Rekomendasi Siswa' is clicked on

01-01-2025T21:14:48 - [MESSAGE][PASSED] - Object: 'Object Repository/Master Tagihan/Admin Sekolah/Pembayaran Siswa/Homepage/Sub Menu Pembayaran Siswa (1)/Value Rekomendasi Siswa' is clicked on

01-01-2025T21:14:48 - [TEST_STEP][PASSED] - waitForElementClickable(findTestObject("Master Tagihan/Admin Sekolah/Pembayaran Siswa/Homepage/Sub Menu Pembayaran Siswa (1)/Page Pembayaran Siswa/Button Riwayat Pembayaran"), 5): Object 'Object Repository/Master Tagihan/Admin Sekolah/Pembayaran Siswa/Homepage/Sub Menu Pembayaran Siswa (1)/Page Pembayaran Siswa/Button Riwayat Pembayaran' is clickable

01-01-2025T21:14:49 - [MESSAGE][PASSED] - Object 'Object Repository/Master Tagihan/Admin Sekolah/Pembayaran Siswa/Homepage/Sub Menu Pembayaran Siswa (1)/Page Pembayaran Siswa/Button Riwayat Pembayaran' is clickable

01-01-2025T21:14:49 - [TEST_STEP][PASSED] - click(findTestObject("Master Tagihan/Admin Sekolah/Pembayaran Siswa/Homepage/Sub Menu Pembayaran Siswa (1)/Page Pembayaran Siswa/Button Riwayat Pembayaran")): Object: 'Object Repository/Master Tagihan/Admin Sekolah/Pembayaran Siswa/Homepage/Sub Menu Pembayaran Siswa (1)/Page Pembayaran Siswa/Button Riwayat Pembayaran' is clicked on

01-01-2025T21:14:49 - [MESSAGE][PASSED] - Object: 'Object Repository/Master Tagihan/Admin Sekolah/Pembayaran Siswa/Homepage/Sub Menu Pembayaran Siswa (1)/Page Pembayaran Siswa/Button Riwayat Pembayaran' is clicked on

01-01-2025T21:14:49 - [TEST_STEP][PASSED] - waitForElementVisible(findTestObject("Master Tagihan/Admin Sekolah/Pembayaran Siswa/Homepage/Sub Menu Pembayaran Siswa (1)/Verifikasi Nama Siswa"), 5): Object 'Object Repository/Master Tagihan/Admin Sekolah/Pembayaran Siswa/Homepage/Sub Menu Pembayaran Siswa (1)/Verifikasi Nama Siswa' is visible

01-01-2025T21:14:50 - [MESSAGE][PASSED] - Object 'Object Repository/Master Tagihan/Admin Sekolah/Pembayaran Siswa/Homepage/Sub Menu Pembayaran Siswa (1)/Verifikasi Nama Siswa' is visible

01-01-2025T21:14:50 - [TEST_STEP][PASSED] - verifyElementVisible(findTestObject("Master Tagihan/Admin Sekolah/Pembayaran Siswa/Homepage/Sub Menu Pembayaran Siswa (1)/Verifikasi Nama Siswa"), STOP_ON_FAILURE): Object 'Object Repository/Master Tagihan/Admin Sekolah/Pembayaran Siswa/Homepage/Sub Menu Pembayaran Siswa (1)/Verifikasi Nama Siswa' is visible

01-01-2025T21:14:51 - [MESSAGE][PASSED] - Object 'Object Repository/Master Tagihan/Admin Sekolah/Pembayaran Siswa/Homepage/Sub Menu Pembayaran Siswa (1)/Verifikasi Nama Siswa' is visible

01-01-2025T21:14:51 - [TEST_STEP][PASSED] - comment("Nama Siswa Pada Riwayat Pembayaran Sama Dengan Pembayaran Siswa"): Nama Siswa Pada Riwayat Pembayaran Sama Dengan Pembayaran Siswa

01-01-2025T21:14:51 - [MESSAGE][INFO] - Nama Siswa Pada Riwayat Pembayaran Sama Dengan Pembayaran Siswa]]></system-out>
         <system-err><![CDATA[]]></system-err>
      </testcase>
      <testcase name="Test Cases/Master Tagihan/Admin Sekolah/Master Tagihan Pembayaran Siswa/Pembayaran Siswa" time="41.519" classname="Test Cases/Master Tagihan/Admin Sekolah/Master Tagihan Pembayaran Siswa/Pembayaran Siswa" status="PASSED">
         <system-out><![CDATA[01-01-2025T21:14:51 - [TEST_CASE][PASSED] - Test Cases/Master Tagihan/Admin Sekolah/Master Tagihan Pembayaran Siswa/Pembayaran Siswa: Test Cases/Master Tagihan/Admin Sekolah/Master Tagihan Pembayaran Siswa/Pembayaran Siswa

01-01-2025T21:14:51 - [TEST_STEP][PASSED] - openBrowser(""): Browser is opened with url: ''

01-01-2025T21:14:51 - [MESSAGE][WARNING] - A browser is already opened. Closing browser and opening a new one

01-01-2025T21:14:51 - [MESSAGE][INFO] - Starting 'Chrome' driver

01-01-2025T21:14:51 - [MESSAGE][INFO] - Action delay is set to 0 milliseconds

01-01-2025T21:14:52 - [MESSAGE][PASSED] - Browser is opened with url: ''

01-01-2025T21:14:52 - [TEST_STEP][PASSED] - navigateToUrl("https://school-payment.digiform.co.id/login"): Navigate to 'https://school-payment.digiform.co.id/login' successfully

01-01-2025T21:14:52 - [MESSAGE][PASSED] - Navigate to 'https://school-payment.digiform.co.id/login' successfully

01-01-2025T21:14:52 - [TEST_STEP][PASSED] - maximizeWindow(): Current window maximized

01-01-2025T21:14:52 - [MESSAGE][PASSED] - Current window maximized

01-01-2025T21:14:52 - [TEST_STEP][PASSED] - setText(findTestObject("Master Data/Admin Sekolah/Login/Field Email"), "admin.sekolah@gmail.com"): Text 'admin.sekolah@gmail.com' is set on object 'Object Repository/Master Data/Admin Sekolah/Login/Field Email'

01-01-2025T21:14:54 - [MESSAGE][PASSED] - Text 'admin.sekolah@gmail.com' is set on object 'Object Repository/Master Data/Admin Sekolah/Login/Field Email'

01-01-2025T21:14:54 - [TEST_STEP][PASSED] - setText(findTestObject("Master Data/Admin Sekolah/Login/Input Password"), "Test1234"): Text 'Test1234' is set on object 'Object Repository/Master Data/Admin Sekolah/Login/Input Password'

01-01-2025T21:14:54 - [MESSAGE][PASSED] - Text 'Test1234' is set on object 'Object Repository/Master Data/Admin Sekolah/Login/Input Password'

01-01-2025T21:14:54 - [TEST_STEP][PASSED] - click(findTestObject("Master Data/Admin Sekolah/Login/Button Submit")): Object: 'Object Repository/Master Data/Admin Sekolah/Login/Button Submit' is clicked on

01-01-2025T21:14:55 - [MESSAGE][PASSED] - Object: 'Object Repository/Master Data/Admin Sekolah/Login/Button Submit' is clicked on

01-01-2025T21:14:55 - [TEST_STEP][PASSED] - click(findTestObject("Master Tagihan/Admin Sekolah/Pembayaran Siswa/Homepage/Menu Tagihan")): Object: 'Object Repository/Master Tagihan/Admin Sekolah/Pembayaran Siswa/Homepage/Menu Tagihan' is clicked on

01-01-2025T21:14:56 - [MESSAGE][PASSED] - Object: 'Object Repository/Master Tagihan/Admin Sekolah/Pembayaran Siswa/Homepage/Menu Tagihan' is clicked on

01-01-2025T21:14:56 - [TEST_STEP][PASSED] - click(findTestObject("Master Tagihan/Admin Sekolah/Pembayaran Siswa/Homepage/Sub Menu Pembayaran Siswa")): Object: 'Object Repository/Master Tagihan/Admin Sekolah/Pembayaran Siswa/Homepage/Sub Menu Pembayaran Siswa' is clicked on

01-01-2025T21:14:57 - [MESSAGE][PASSED] - Object: 'Object Repository/Master Tagihan/Admin Sekolah/Pembayaran Siswa/Homepage/Sub Menu Pembayaran Siswa' is clicked on

01-01-2025T21:14:57 - [TEST_STEP][PASSED] - setText(findTestObject("Master Tagihan/Admin Sekolah/Pembayaran Siswa/Homepage/Sub Menu Pembayaran Siswa (1)/Field Pencarian Siswa"), "adam"): Text 'adam' is set on object 'Object Repository/Master Tagihan/Admin Sekolah/Pembayaran Siswa/Homepage/Sub Menu Pembayaran Siswa (1)/Field Pencarian Siswa'

01-01-2025T21:14:58 - [MESSAGE][PASSED] - Text 'adam' is set on object 'Object Repository/Master Tagihan/Admin Sekolah/Pembayaran Siswa/Homepage/Sub Menu Pembayaran Siswa (1)/Field Pencarian Siswa'

01-01-2025T21:14:58 - [TEST_STEP][PASSED] - delay(2): Delayed 2 second(s)

01-01-2025T21:15:00 - [MESSAGE][PASSED] - Delayed 2 second(s)

01-01-2025T21:15:00 - [TEST_STEP][PASSED] - click(findTestObject("Master Tagihan/Admin Sekolah/Pembayaran Siswa/Homepage/Sub Menu Pembayaran Siswa (1)/Value Rekomendasi Siswa")): Object: 'Object Repository/Master Tagihan/Admin Sekolah/Pembayaran Siswa/Homepage/Sub Menu Pembayaran Siswa (1)/Value Rekomendasi Siswa' is clicked on

01-01-2025T21:15:00 - [MESSAGE][PASSED] - Object: 'Object Repository/Master Tagihan/Admin Sekolah/Pembayaran Siswa/Homepage/Sub Menu Pembayaran Siswa (1)/Value Rekomendasi Siswa' is clicked on

01-01-2025T21:15:00 - [TEST_STEP][PASSED] - click(findTestObject("Master Tagihan/Admin Sekolah/Pembayaran Siswa/Homepage/Sub Menu Pembayaran Siswa (1)/Page Pembayaran Siswa/Button Riwayat Pembayaran")): Object: 'Object Repository/Master Tagihan/Admin Sekolah/Pembayaran Siswa/Homepage/Sub Menu Pembayaran Siswa (1)/Page Pembayaran Siswa/Button Riwayat Pembayaran' is clicked on

01-01-2025T21:15:01 - [MESSAGE][PASSED] - Object: 'Object Repository/Master Tagihan/Admin Sekolah/Pembayaran Siswa/Homepage/Sub Menu Pembayaran Siswa (1)/Page Pembayaran Siswa/Button Riwayat Pembayaran' is clicked on

01-01-2025T21:15:01 - [TEST_STEP][PASSED] - verifyElementVisible(findTestObject("Master Tagihan/Admin Sekolah/Pembayaran Siswa/Homepage/Sub Menu Pembayaran Siswa (1)/Verifikasi Nama Siswa")): Object 'Object Repository/Master Tagihan/Admin Sekolah/Pembayaran Siswa/Homepage/Sub Menu Pembayaran Siswa (1)/Verifikasi Nama Siswa' is visible

01-01-2025T21:15:02 - [MESSAGE][PASSED] - Object 'Object Repository/Master Tagihan/Admin Sekolah/Pembayaran Siswa/Homepage/Sub Menu Pembayaran Siswa (1)/Verifikasi Nama Siswa' is visible

01-01-2025T21:15:02 - [TEST_STEP][PASSED] - back(): Navigate back successfully

01-01-2025T21:15:02 - [MESSAGE][PASSED] - Navigate back successfully

01-01-2025T21:15:02 - [TEST_STEP][PASSED] - setText(findTestObject("Master Tagihan/Admin Sekolah/Pembayaran Siswa/Homepage/Sub Menu Pembayaran Siswa (1)/Field Pencarian Siswa"), "adam"): Text 'adam' is set on object 'Object Repository/Master Tagihan/Admin Sekolah/Pembayaran Siswa/Homepage/Sub Menu Pembayaran Siswa (1)/Field Pencarian Siswa'

01-01-2025T21:15:03 - [MESSAGE][PASSED] - Text 'adam' is set on object 'Object Repository/Master Tagihan/Admin Sekolah/Pembayaran Siswa/Homepage/Sub Menu Pembayaran Siswa (1)/Field Pencarian Siswa'

01-01-2025T21:15:03 - [TEST_STEP][PASSED] - delay(2): Delayed 2 second(s)

01-01-2025T21:15:05 - [MESSAGE][PASSED] - Delayed 2 second(s)

01-01-2025T21:15:05 - [TEST_STEP][PASSED] - click(findTestObject("Master Tagihan/Admin Sekolah/Pembayaran Siswa/Homepage/Sub Menu Pembayaran Siswa (1)/Value Rekomendasi Siswa")): Object: 'Object Repository/Master Tagihan/Admin Sekolah/Pembayaran Siswa/Homepage/Sub Menu Pembayaran Siswa (1)/Value Rekomendasi Siswa' is clicked on

01-01-2025T21:15:05 - [MESSAGE][PASSED] - Object: 'Object Repository/Master Tagihan/Admin Sekolah/Pembayaran Siswa/Homepage/Sub Menu Pembayaran Siswa (1)/Value Rekomendasi Siswa' is clicked on

01-01-2025T21:15:05 - [TEST_STEP][PASSED] - ["Nama Tagihan", "Tipe Tagihan", "Tanggal Tagihan", "Jumlah Tagihan"].each({ java.lang.Object row -> ... }): Object: 'Object Repository/Master Tagihan/Admin Sekolah/Pembayaran Siswa/Homepage/Sub Menu Pembayaran Siswa (1)/Data in Table/Row Jumlah Tagihan' is clicked on

01-01-2025T21:15:06 - [MESSAGE][PASSED] - Object: 'Object Repository/Master Tagihan/Admin Sekolah/Pembayaran Siswa/Homepage/Sub Menu Pembayaran Siswa (1)/Data in Table/Row Nama Tagihan' is clicked on

01-01-2025T21:15:07 - [MESSAGE][PASSED] - Object: 'Object Repository/Master Tagihan/Admin Sekolah/Pembayaran Siswa/Homepage/Sub Menu Pembayaran Siswa (1)/Data in Table/Row Nama Tagihan' is clicked on

01-01-2025T21:15:09 - [MESSAGE][PASSED] - Object: 'Object Repository/Master Tagihan/Admin Sekolah/Pembayaran Siswa/Homepage/Sub Menu Pembayaran Siswa (1)/Data in Table/Row Nama Tagihan' is clicked on

01-01-2025T21:15:10 - [MESSAGE][PASSED] - Object: 'Object Repository/Master Tagihan/Admin Sekolah/Pembayaran Siswa/Homepage/Sub Menu Pembayaran Siswa (1)/Data in Table/Row Tipe Tagihan' is clicked on

01-01-2025T21:15:11 - [MESSAGE][PASSED] - Object: 'Object Repository/Master Tagihan/Admin Sekolah/Pembayaran Siswa/Homepage/Sub Menu Pembayaran Siswa (1)/Data in Table/Row Tipe Tagihan' is clicked on

01-01-2025T21:15:13 - [MESSAGE][PASSED] - Object: 'Object Repository/Master Tagihan/Admin Sekolah/Pembayaran Siswa/Homepage/Sub Menu Pembayaran Siswa (1)/Data in Table/Row Tipe Tagihan' is clicked on

01-01-2025T21:15:14 - [MESSAGE][PASSED] - Object: 'Object Repository/Master Tagihan/Admin Sekolah/Pembayaran Siswa/Homepage/Sub Menu Pembayaran Siswa (1)/Data in Table/Row Tanggal Tagihan' is clicked on

01-01-2025T21:15:15 - [MESSAGE][PASSED] - Object: 'Object Repository/Master Tagihan/Admin Sekolah/Pembayaran Siswa/Homepage/Sub Menu Pembayaran Siswa (1)/Data in Table/Row Tanggal Tagihan' is clicked on

01-01-2025T21:15:16 - [MESSAGE][PASSED] - Object: 'Object Repository/Master Tagihan/Admin Sekolah/Pembayaran Siswa/Homepage/Sub Menu Pembayaran Siswa (1)/Data in Table/Row Tanggal Tagihan' is clicked on

01-01-2025T21:15:18 - [MESSAGE][PASSED] - Object: 'Object Repository/Master Tagihan/Admin Sekolah/Pembayaran Siswa/Homepage/Sub Menu Pembayaran Siswa (1)/Data in Table/Row Jumlah Tagihan' is clicked on

01-01-2025T21:15:19 - [MESSAGE][PASSED] - Object: 'Object Repository/Master Tagihan/Admin Sekolah/Pembayaran Siswa/Homepage/Sub Menu Pembayaran Siswa (1)/Data in Table/Row Jumlah Tagihan' is clicked on

01-01-2025T21:15:20 - [MESSAGE][PASSED] - Object: 'Object Repository/Master Tagihan/Admin Sekolah/Pembayaran Siswa/Homepage/Sub Menu Pembayaran Siswa (1)/Data in Table/Row Jumlah Tagihan' is clicked on

01-01-2025T21:15:20 - [TEST_STEP][PASSED] - click(findTestObject("Master Tagihan/Admin Sekolah/Pembayaran Siswa/Homepage/Sub Menu Pembayaran Siswa (1)/Data in Table/Pilih Checkbox")): Object: 'Object Repository/Master Tagihan/Admin Sekolah/Pembayaran Siswa/Homepage/Sub Menu Pembayaran Siswa (1)/Data in Table/Pilih Checkbox' is clicked on

01-01-2025T21:15:21 - [MESSAGE][PASSED] - Object: 'Object Repository/Master Tagihan/Admin Sekolah/Pembayaran Siswa/Homepage/Sub Menu Pembayaran Siswa (1)/Data in Table/Pilih Checkbox' is clicked on

01-01-2025T21:15:21 - [TEST_STEP][PASSED] - click(findTestObject("Master Tagihan/Admin Sekolah/Pembayaran Siswa/Homepage/Sub Menu Pembayaran Siswa (1)/Data in Table/Button Bayar Sekarang")): Object: 'Object Repository/Master Tagihan/Admin Sekolah/Pembayaran Siswa/Homepage/Sub Menu Pembayaran Siswa (1)/Data in Table/Button Bayar Sekarang' is clicked on

01-01-2025T21:15:22 - [MESSAGE][PASSED] - Object: 'Object Repository/Master Tagihan/Admin Sekolah/Pembayaran Siswa/Homepage/Sub Menu Pembayaran Siswa (1)/Data in Table/Button Bayar Sekarang' is clicked on

01-01-2025T21:15:22 - [TEST_STEP][PASSED] - setText(findTestObject("Master Tagihan/Admin Sekolah/Pembayaran Siswa/Homepage/Sub Menu Pembayaran Siswa (1)/Pop Up Konfirmasi Pembayaran/Field Uang Yang Dibayarkan"), "5000000"): Text '5000000' is set on object 'Object Repository/Master Tagihan/Admin Sekolah/Pembayaran Siswa/Homepage/Sub Menu Pembayaran Siswa (1)/Pop Up Konfirmasi Pembayaran/Field Uang Yang Dibayarkan'

01-01-2025T21:15:23 - [MESSAGE][PASSED] - Text '5000000' is set on object 'Object Repository/Master Tagihan/Admin Sekolah/Pembayaran Siswa/Homepage/Sub Menu Pembayaran Siswa (1)/Pop Up Konfirmasi Pembayaran/Field Uang Yang Dibayarkan'

01-01-2025T21:15:23 - [TEST_STEP][PASSED] - handlePaymentErrorLoop(): null

01-01-2025T21:15:23 - [TEST_STEP][PASSED] - click(findTestObject("Master Tagihan/Admin Sekolah/Pembayaran Siswa/Homepage/Sub Menu Pembayaran Siswa (1)/Pop Up Konfirmasi Pembayaran/Button Lanjut Bayar")): Object: 'Object Repository/Master Tagihan/Admin Sekolah/Pembayaran Siswa/Homepage/Sub Menu Pembayaran Siswa (1)/Pop Up Konfirmasi Pembayaran/Button Lanjut Bayar' is clicked on

01-01-2025T21:15:23 - [MESSAGE][PASSED] - Object: 'Object Repository/Master Tagihan/Admin Sekolah/Pembayaran Siswa/Homepage/Sub Menu Pembayaran Siswa (1)/Pop Up Konfirmasi Pembayaran/Button Lanjut Bayar' is clicked on

01-01-2025T21:15:23 - [TEST_STEP][PASSED] - isErrorDisplayed = false: null

01-01-2025T21:15:23 - [TEST_STEP][PASSED] - attemptCount = 0: null

01-01-2025T21:15:23 - [TEST_STEP][PASSED] - maxAttempts = 5: null

01-01-2025T21:15:23 - [TEST_STEP][PASSED] - while (attemptCount < maxAttempts): null

01-01-2025T21:15:23 - [TEST_STEP][PASSED] - isErrorDisplayed = verifyElementPresent(findTestObject("//Toast[@type='error' and @message='Gagal Melakukan Pembayaran!' and @toastId='failed-billing-page']"), 5, OPTIONAL): Unable to verify object is present (Root cause: com.kms.katalon.core.exception.StepFailedException: Unable to verify object is present
	at com.kms.katalon.core.webui.keyword.internal.WebUIKeywordMain.stepFailed(WebUIKeywordMain.groovy:117)
	at com.kms.katalon.core.webui.keyword.internal.WebUIKeywordMain.runKeyword(WebUIKeywordMain.groovy:43)
	at com.kms.katalon.core.webui.keyword.builtin.VerifyElementPresentKeyword.verifyElementPresent(VerifyElementPresentKeyword.groovy:92)
	at com.kms.katalon.core.webui.keyword.builtin.VerifyElementPresentKeyword.execute(VerifyElementPresentKeyword.groovy:68)
	at com.kms.katalon.core.keyword.internal.KeywordExecutor.executeKeywordForPlatform(KeywordExecutor.groovy:74)
	at com.kms.katalon.core.webui.keyword.WebUiBuiltInKeywords.verifyElementPresent(WebUiBuiltInKeywords.groovy:1524)
	at Pembayaran Siswa.handlePaymentErrorLoop(Pembayaran Siswa:88)
	at Pembayaran Siswa.run(Pembayaran Siswa:72)
	at com.kms.katalon.core.main.ScriptEngine.run(ScriptEngine.java:194)
	at com.kms.katalon.core.main.ScriptEngine.runScriptAsRawText(ScriptEngine.java:119)
	at com.kms.katalon.core.main.TestCaseExecutor.runScript(TestCaseExecutor.java:448)
	at com.kms.katalon.core.main.TestCaseExecutor.doExecute(TestCaseExecutor.java:439)
	at com.kms.katalon.core.main.TestCaseExecutor.processExecutionPhase(TestCaseExecutor.java:418)
	at com.kms.katalon.core.main.TestCaseExecutor.accessMainPhase(TestCaseExecutor.java:410)
	at com.kms.katalon.core.main.TestCaseExecutor.execute(TestCaseExecutor.java:285)
	at com.kms.katalon.core.common.CommonExecutor.accessTestCaseMainPhase(CommonExecutor.java:65)
	at com.kms.katalon.core.main.TestSuiteExecutor.accessTestSuiteMainPhase(TestSuiteExecutor.java:161)
	at com.kms.katalon.core.main.TestSuiteExecutor.execute(TestSuiteExecutor.java:107)
	at com.kms.katalon.core.main.TestCaseMain.startTestSuite(TestCaseMain.java:176)
	at TempTestSuite1735739903504.run(TempTestSuite1735739903504.groovy:35)
	at java.base/jdk.internal.reflect.NativeMethodAccessorImpl.invoke0(Native Method)
	at java.base/jdk.internal.reflect.NativeMethodAccessorImpl.invoke(NativeMethodAccessorImpl.java:77)
	at java.base/jdk.internal.reflect.DelegatingMethodAccessorImpl.invoke(DelegatingMethodAccessorImpl.java:43)
Caused by: java.lang.IllegalArgumentException: Object is null
	at com.kms.katalon.core.helper.KeywordHelper.checkTestObjectParameter(KeywordHelper.java:33)
	at com.kms.katalon.core.webui.keyword.builtin.VerifyElementPresentKeyword$_verifyElementPresent_closure1.doCall(VerifyElementPresentKeyword.groovy:76)
	at com.kms.katalon.core.webui.keyword.builtin.VerifyElementPresentKeyword$_verifyElementPresent_closure1.call(VerifyElementPresentKeyword.groovy)
	at com.kms.katalon.core.webui.keyword.internal.WebUIKeywordMain.runKeyword(WebUIKeywordMain.groovy:35)
	at com.kms.katalon.core.webui.keyword.builtin.VerifyElementPresentKeyword.verifyElementPresent(VerifyElementPresentKeyword.groovy:92)
	at com.kms.katalon.core.webui.keyword.builtin.VerifyElementPresentKeyword.execute(VerifyElementPresentKeyword.groovy:68)
	at com.kms.katalon.core.keyword.internal.KeywordExecutor.executeKeywordForPlatform(KeywordExecutor.groovy:74)
	at com.kms.katalon.core.webui.keyword.WebUiBuiltInKeywords.verifyElementPresent(WebUiBuiltInKeywords.groovy:1524)
	at Script1732261254829.handlePaymentErrorLoop(Script1732261254829.groovy:88)
	at Script1732261254829.run(Script1732261254829.groovy:72)
	... 15 more
)

01-01-2025T21:15:23 - [MESSAGE][WARNING] - Test object with id 'Object Repository///Toast[@type='error' and @message='Gagal Melakukan Pembayaran!' and @toastId='failed-billing-page']' does not exist

01-01-2025T21:15:23 - [MESSAGE][WARNING] - Test object with id 'Object Repository/' does not exist

01-01-2025T21:15:24 - [MESSAGE][WARNING] - Unable to verify object is present (Root cause: com.kms.katalon.core.exception.StepFailedException: Unable to verify object is present
	at com.kms.katalon.core.webui.keyword.internal.WebUIKeywordMain.stepFailed(WebUIKeywordMain.groovy:117)
	at com.kms.katalon.core.webui.keyword.internal.WebUIKeywordMain.runKeyword(WebUIKeywordMain.groovy:43)
	at com.kms.katalon.core.webui.keyword.builtin.VerifyElementPresentKeyword.verifyElementPresent(VerifyElementPresentKeyword.groovy:92)
	at com.kms.katalon.core.webui.keyword.builtin.VerifyElementPresentKeyword.execute(VerifyElementPresentKeyword.groovy:68)
	at com.kms.katalon.core.keyword.internal.KeywordExecutor.executeKeywordForPlatform(KeywordExecutor.groovy:74)
	at com.kms.katalon.core.webui.keyword.WebUiBuiltInKeywords.verifyElementPresent(WebUiBuiltInKeywords.groovy:1524)
	at Pembayaran Siswa.handlePaymentErrorLoop(Pembayaran Siswa:88)
	at Pembayaran Siswa.run(Pembayaran Siswa:72)
	at com.kms.katalon.core.main.ScriptEngine.run(ScriptEngine.java:194)
	at com.kms.katalon.core.main.ScriptEngine.runScriptAsRawText(ScriptEngine.java:119)
	at com.kms.katalon.core.main.TestCaseExecutor.runScript(TestCaseExecutor.java:448)
	at com.kms.katalon.core.main.TestCaseExecutor.doExecute(TestCaseExecutor.java:439)
	at com.kms.katalon.core.main.TestCaseExecutor.processExecutionPhase(TestCaseExecutor.java:418)
	at com.kms.katalon.core.main.TestCaseExecutor.accessMainPhase(TestCaseExecutor.java:410)
	at com.kms.katalon.core.main.TestCaseExecutor.execute(TestCaseExecutor.java:285)
	at com.kms.katalon.core.common.CommonExecutor.accessTestCaseMainPhase(CommonExecutor.java:65)
	at com.kms.katalon.core.main.TestSuiteExecutor.accessTestSuiteMainPhase(TestSuiteExecutor.java:161)
	at com.kms.katalon.core.main.TestSuiteExecutor.execute(TestSuiteExecutor.java:107)
	at com.kms.katalon.core.main.TestCaseMain.startTestSuite(TestCaseMain.java:176)
	at TempTestSuite1735739903504.run(TempTestSuite1735739903504.groovy:35)
	at java.base/jdk.internal.reflect.NativeMethodAccessorImpl.invoke0(Native Method)
	at java.base/jdk.internal.reflect.NativeMethodAccessorImpl.invoke(NativeMethodAccessorImpl.java:77)
	at java.base/jdk.internal.reflect.DelegatingMethodAccessorImpl.invoke(DelegatingMethodAccessorImpl.java:43)
Caused by: java.lang.IllegalArgumentException: Object is null
	at com.kms.katalon.core.helper.KeywordHelper.checkTestObjectParameter(KeywordHelper.java:33)
	at com.kms.katalon.core.webui.keyword.builtin.VerifyElementPresentKeyword$_verifyElementPresent_closure1.doCall(VerifyElementPresentKeyword.groovy:76)
	at com.kms.katalon.core.webui.keyword.builtin.VerifyElementPresentKeyword$_verifyElementPresent_closure1.call(VerifyElementPresentKeyword.groovy)
	at com.kms.katalon.core.webui.keyword.internal.WebUIKeywordMain.runKeyword(WebUIKeywordMain.groovy:35)
	at com.kms.katalon.core.webui.keyword.builtin.VerifyElementPresentKeyword.verifyElementPresent(VerifyElementPresentKeyword.groovy:92)
	at com.kms.katalon.core.webui.keyword.builtin.VerifyElementPresentKeyword.execute(VerifyElementPresentKeyword.groovy:68)
	at com.kms.katalon.core.keyword.internal.KeywordExecutor.executeKeywordForPlatform(KeywordExecutor.groovy:74)
	at com.kms.katalon.core.webui.keyword.WebUiBuiltInKeywords.verifyElementPresent(WebUiBuiltInKeywords.groovy:1524)
	at Script1732261254829.handlePaymentErrorLoop(Script1732261254829.groovy:88)
	at Script1732261254829.run(Script1732261254829.groovy:72)
	... 15 more
)
[[ATTACHMENT|C:\\Users\\henri\\Videos\\school-payment-automation-testing\\Reports\\20250101_205820\\SPRINT 2\\20250101_205823\\1735740923957.png]]

01-01-2025T21:15:24 - [TEST_STEP][PASSED] - if (isErrorDisplayed): null

01-01-2025T21:15:24 - [TEST_STEP][PASSED] - else: null

01-01-2025T21:15:24 - [TEST_STEP][PASSED] - break: null

01-01-2025T21:15:24 - [TEST_STEP][PASSED] - verifyElementVisible(findTestObject("Master Tagihan/Admin Sekolah/Pembayaran Siswa/Homepage/Sub Menu Pembayaran Siswa (1)/Page Sukses Pembayaran Siswa/Toast Notification Berhasil")): Object 'Object Repository/Master Tagihan/Admin Sekolah/Pembayaran Siswa/Homepage/Sub Menu Pembayaran Siswa (1)/Page Sukses Pembayaran Siswa/Toast Notification Berhasil' is visible

01-01-2025T21:15:27 - [MESSAGE][PASSED] - Object 'Object Repository/Master Tagihan/Admin Sekolah/Pembayaran Siswa/Homepage/Sub Menu Pembayaran Siswa (1)/Page Sukses Pembayaran Siswa/Toast Notification Berhasil' is visible

01-01-2025T21:15:27 - [TEST_STEP][PASSED] - click(findTestObject("Master Tagihan/Admin Sekolah/Pembayaran Siswa/Homepage/Sub Menu Pembayaran Siswa (1)/Page Sukses Pembayaran Siswa/Button Cetak")): Object: 'Object Repository/Master Tagihan/Admin Sekolah/Pembayaran Siswa/Homepage/Sub Menu Pembayaran Siswa (1)/Page Sukses Pembayaran Siswa/Button Cetak' is clicked on

01-01-2025T21:15:27 - [MESSAGE][PASSED] - Object: 'Object Repository/Master Tagihan/Admin Sekolah/Pembayaran Siswa/Homepage/Sub Menu Pembayaran Siswa (1)/Page Sukses Pembayaran Siswa/Button Cetak' is clicked on

01-01-2025T21:15:27 - [TEST_STEP][PASSED] - delay(5): Delayed 5 second(s)

01-01-2025T21:15:32 - [MESSAGE][PASSED] - Delayed 5 second(s)]]></system-out>
         <system-err><![CDATA[]]></system-err>
      </testcase>
      <testcase name="Test Cases/Master Tagihan/Admin Sekolah/Master Tagihan Riwayat Pembayaran/Sorting Table Riwayat Pembayaran" time="7.853" classname="Test Cases/Master Tagihan/Admin Sekolah/Master Tagihan Riwayat Pembayaran/Sorting Table Riwayat Pembayaran" status="PASSED">
         <system-out><![CDATA[01-01-2025T21:15:32 - [TEST_CASE][PASSED] - Test Cases/Master Tagihan/Admin Sekolah/Master Tagihan Riwayat Pembayaran/Sorting Table Riwayat Pembayaran: Test Cases/Master Tagihan/Admin Sekolah/Master Tagihan Riwayat Pembayaran/Sorting Table Riwayat Pembayaran

01-01-2025T21:15:32 - [TEST_STEP][PASSED] - openBrowser(""): Browser is opened with url: ''

01-01-2025T21:15:32 - [MESSAGE][WARNING] - A browser is already opened. Closing browser and opening a new one

01-01-2025T21:15:32 - [MESSAGE][INFO] - Starting 'Chrome' driver

01-01-2025T21:15:32 - [MESSAGE][INFO] - Action delay is set to 0 milliseconds

01-01-2025T21:15:33 - [MESSAGE][PASSED] - Browser is opened with url: ''

01-01-2025T21:15:33 - [TEST_STEP][PASSED] - navigateToUrl("https://school-payment.digiform.co.id/login"): Navigate to 'https://school-payment.digiform.co.id/login' successfully

01-01-2025T21:15:33 - [MESSAGE][PASSED] - Navigate to 'https://school-payment.digiform.co.id/login' successfully

01-01-2025T21:15:33 - [TEST_STEP][PASSED] - click(findTestObject("Master Data/Admin Sekolah/Login/Field Email")): Object: 'Object Repository/Master Data/Admin Sekolah/Login/Field Email' is clicked on

01-01-2025T21:15:35 - [MESSAGE][PASSED] - Object: 'Object Repository/Master Data/Admin Sekolah/Login/Field Email' is clicked on

01-01-2025T21:15:35 - [TEST_STEP][PASSED] - setText(findTestObject("Master Data/Admin Sekolah/Login/Field Email"), "admin.sekolah@gmail.com"): Text 'admin.sekolah@gmail.com' is set on object 'Object Repository/Master Data/Admin Sekolah/Login/Field Email'

01-01-2025T21:15:35 - [MESSAGE][PASSED] - Text 'admin.sekolah@gmail.com' is set on object 'Object Repository/Master Data/Admin Sekolah/Login/Field Email'

01-01-2025T21:15:35 - [TEST_STEP][PASSED] - click(findTestObject("Master Data/Admin Sekolah/Login/Input Password")): Object: 'Object Repository/Master Data/Admin Sekolah/Login/Input Password' is clicked on

01-01-2025T21:15:36 - [MESSAGE][PASSED] - Object: 'Object Repository/Master Data/Admin Sekolah/Login/Input Password' is clicked on

01-01-2025T21:15:36 - [TEST_STEP][PASSED] - setText(findTestObject("Master Data/Admin Sekolah/Login/Input Password"), "Test1234"): Text 'Test1234' is set on object 'Object Repository/Master Data/Admin Sekolah/Login/Input Password'

01-01-2025T21:15:36 - [MESSAGE][PASSED] - Text 'Test1234' is set on object 'Object Repository/Master Data/Admin Sekolah/Login/Input Password'

01-01-2025T21:15:36 - [TEST_STEP][PASSED] - click(findTestObject("Master Data/Admin Sekolah/Login/Button Submit")): Object: 'Object Repository/Master Data/Admin Sekolah/Login/Button Submit' is clicked on

01-01-2025T21:15:36 - [MESSAGE][PASSED] - Object: 'Object Repository/Master Data/Admin Sekolah/Login/Button Submit' is clicked on

01-01-2025T21:15:36 - [TEST_STEP][PASSED] - click(findTestObject("Master Data/Admin Sekolah/Riwayat Pembayaran/Detail Riwayat Pembayaran/Menu Tagihan")): Object: 'Object Repository/Master Data/Admin Sekolah/Riwayat Pembayaran/Detail Riwayat Pembayaran/Menu Tagihan' is clicked on

01-01-2025T21:15:39 - [MESSAGE][PASSED] - Object: 'Object Repository/Master Data/Admin Sekolah/Riwayat Pembayaran/Detail Riwayat Pembayaran/Menu Tagihan' is clicked on

01-01-2025T21:15:39 - [TEST_STEP][PASSED] - click(findTestObject("Master Data/Admin Sekolah/Riwayat Pembayaran/Detail Riwayat Pembayaran/Riwayat Pembayaran"), STOP_ON_FAILURE): Object: 'Object Repository/Master Data/Admin Sekolah/Riwayat Pembayaran/Detail Riwayat Pembayaran/Riwayat Pembayaran' is clicked on

01-01-2025T21:15:39 - [MESSAGE][PASSED] - Object: 'Object Repository/Master Data/Admin Sekolah/Riwayat Pembayaran/Detail Riwayat Pembayaran/Riwayat Pembayaran' is clicked on

01-01-2025T21:15:39 - [TEST_STEP][PASSED] - click(findTestObject("Master Data/Admin Sekolah/Riwayat Pembayaran/Sorting Table Riwayat Pembayaran/Sorting Tanggal")): Object: 'Object Repository/Master Data/Admin Sekolah/Riwayat Pembayaran/Sorting Table Riwayat Pembayaran/Sorting Tanggal' is clicked on

01-01-2025T21:15:40 - [MESSAGE][PASSED] - Object: 'Object Repository/Master Data/Admin Sekolah/Riwayat Pembayaran/Sorting Table Riwayat Pembayaran/Sorting Tanggal' is clicked on]]></system-out>
         <system-err><![CDATA[]]></system-err>
      </testcase>
      <testcase name="Test Cases/Master Tagihan/Admin Sekolah/Master Tagihan Riwayat Pembayaran/Filter Riwayat Pembayaran" time="8.626" classname="Test Cases/Master Tagihan/Admin Sekolah/Master Tagihan Riwayat Pembayaran/Filter Riwayat Pembayaran" status="PASSED">
         <system-out><![CDATA[01-01-2025T21:15:40 - [TEST_CASE][PASSED] - Test Cases/Master Tagihan/Admin Sekolah/Master Tagihan Riwayat Pembayaran/Filter Riwayat Pembayaran: Test Cases/Master Tagihan/Admin Sekolah/Master Tagihan Riwayat Pembayaran/Filter Riwayat Pembayaran

01-01-2025T21:15:40 - [TEST_STEP][PASSED] - openBrowser(""): Browser is opened with url: ''

01-01-2025T21:15:40 - [MESSAGE][WARNING] - A browser is already opened. Closing browser and opening a new one

01-01-2025T21:15:40 - [MESSAGE][INFO] - Starting 'Chrome' driver

01-01-2025T21:15:40 - [MESSAGE][INFO] - Action delay is set to 0 milliseconds

01-01-2025T21:15:41 - [MESSAGE][PASSED] - Browser is opened with url: ''

01-01-2025T21:15:41 - [TEST_STEP][PASSED] - navigateToUrl("https://school-payment.digiform.co.id/login"): Navigate to 'https://school-payment.digiform.co.id/login' successfully

01-01-2025T21:15:41 - [MESSAGE][PASSED] - Navigate to 'https://school-payment.digiform.co.id/login' successfully

01-01-2025T21:15:41 - [TEST_STEP][PASSED] - click(findTestObject("Master Data/Admin Sekolah/Login/Field Email")): Object: 'Object Repository/Master Data/Admin Sekolah/Login/Field Email' is clicked on

01-01-2025T21:15:43 - [MESSAGE][PASSED] - Object: 'Object Repository/Master Data/Admin Sekolah/Login/Field Email' is clicked on

01-01-2025T21:15:43 - [TEST_STEP][PASSED] - setText(findTestObject("Master Data/Admin Sekolah/Login/Field Email"), "admin.sekolah@gmail.com"): Text 'admin.sekolah@gmail.com' is set on object 'Object Repository/Master Data/Admin Sekolah/Login/Field Email'

01-01-2025T21:15:43 - [MESSAGE][PASSED] - Text 'admin.sekolah@gmail.com' is set on object 'Object Repository/Master Data/Admin Sekolah/Login/Field Email'

01-01-2025T21:15:43 - [TEST_STEP][PASSED] - click(findTestObject("Master Data/Admin Sekolah/Login/Input Password")): Object: 'Object Repository/Master Data/Admin Sekolah/Login/Input Password' is clicked on

01-01-2025T21:15:43 - [MESSAGE][PASSED] - Object: 'Object Repository/Master Data/Admin Sekolah/Login/Input Password' is clicked on

01-01-2025T21:15:43 - [TEST_STEP][PASSED] - setText(findTestObject("Master Data/Admin Sekolah/Login/Input Password"), "Test1234"): Text 'Test1234' is set on object 'Object Repository/Master Data/Admin Sekolah/Login/Input Password'

01-01-2025T21:15:44 - [MESSAGE][PASSED] - Text 'Test1234' is set on object 'Object Repository/Master Data/Admin Sekolah/Login/Input Password'

01-01-2025T21:15:44 - [TEST_STEP][PASSED] - click(findTestObject("Master Data/Admin Sekolah/Login/Button Submit")): Object: 'Object Repository/Master Data/Admin Sekolah/Login/Button Submit' is clicked on

01-01-2025T21:15:44 - [MESSAGE][PASSED] - Object: 'Object Repository/Master Data/Admin Sekolah/Login/Button Submit' is clicked on

01-01-2025T21:15:44 - [TEST_STEP][PASSED] - click(findTestObject("Master Data/Admin Sekolah/Riwayat Pembayaran/Detail Riwayat Pembayaran/Menu Tagihan")): Object: 'Object Repository/Master Data/Admin Sekolah/Riwayat Pembayaran/Detail Riwayat Pembayaran/Menu Tagihan' is clicked on

01-01-2025T21:15:46 - [MESSAGE][PASSED] - Object: 'Object Repository/Master Data/Admin Sekolah/Riwayat Pembayaran/Detail Riwayat Pembayaran/Menu Tagihan' is clicked on

01-01-2025T21:15:46 - [TEST_STEP][PASSED] - click(findTestObject("Master Data/Admin Sekolah/Riwayat Pembayaran/Detail Riwayat Pembayaran/Riwayat Pembayaran"), STOP_ON_FAILURE): Object: 'Object Repository/Master Data/Admin Sekolah/Riwayat Pembayaran/Detail Riwayat Pembayaran/Riwayat Pembayaran' is clicked on

01-01-2025T21:15:47 - [MESSAGE][PASSED] - Object: 'Object Repository/Master Data/Admin Sekolah/Riwayat Pembayaran/Detail Riwayat Pembayaran/Riwayat Pembayaran' is clicked on

01-01-2025T21:15:47 - [TEST_STEP][PASSED] - click(findTestObject("Master Data/Admin Sekolah/Riwayat Pembayaran/Filter dan Search Riwayat Pembayaran/Status Pembayaran")): Object: 'Object Repository/Master Data/Admin Sekolah/Riwayat Pembayaran/Filter dan Search Riwayat Pembayaran/Status Pembayaran' is clicked on

01-01-2025T21:15:48 - [MESSAGE][PASSED] - Object: 'Object Repository/Master Data/Admin Sekolah/Riwayat Pembayaran/Filter dan Search Riwayat Pembayaran/Status Pembayaran' is clicked on

01-01-2025T21:15:48 - [TEST_STEP][PASSED] - click(findTestObject("Master Data/Admin Sekolah/Riwayat Pembayaran/Filter dan Search Riwayat Pembayaran/Menunggu")): Object: 'Object Repository/Master Data/Admin Sekolah/Riwayat Pembayaran/Filter dan Search Riwayat Pembayaran/Menunggu' is clicked on

01-01-2025T21:15:48 - [MESSAGE][PASSED] - Object: 'Object Repository/Master Data/Admin Sekolah/Riwayat Pembayaran/Filter dan Search Riwayat Pembayaran/Menunggu' is clicked on

01-01-2025T21:15:48 - [TEST_STEP][PASSED] - click(findTestObject("Master Data/Admin Sekolah/Riwayat Pembayaran/Filter dan Search Riwayat Pembayaran/Terapkan")): Object: 'Object Repository/Master Data/Admin Sekolah/Riwayat Pembayaran/Filter dan Search Riwayat Pembayaran/Terapkan' is clicked on

01-01-2025T21:15:49 - [MESSAGE][PASSED] - Object: 'Object Repository/Master Data/Admin Sekolah/Riwayat Pembayaran/Filter dan Search Riwayat Pembayaran/Terapkan' is clicked on]]></system-out>
         <system-err><![CDATA[]]></system-err>
      </testcase>
      <testcase name="Test Cases/Master Tagihan/Admin Sekolah/Master Tagihan Riwayat Pembayaran/Search Riwayat Pembayaran" time="29.668" classname="Test Cases/Master Tagihan/Admin Sekolah/Master Tagihan Riwayat Pembayaran/Search Riwayat Pembayaran" status="PASSED">
         <system-out><![CDATA[01-01-2025T21:15:49 - [TEST_CASE][PASSED] - Test Cases/Master Tagihan/Admin Sekolah/Master Tagihan Riwayat Pembayaran/Search Riwayat Pembayaran: Test Cases/Master Tagihan/Admin Sekolah/Master Tagihan Riwayat Pembayaran/Search Riwayat Pembayaran

01-01-2025T21:15:49 - [TEST_STEP][PASSED] - openBrowser(""): Browser is opened with url: ''

01-01-2025T21:15:49 - [MESSAGE][WARNING] - A browser is already opened. Closing browser and opening a new one

01-01-2025T21:15:49 - [MESSAGE][INFO] - Starting 'Chrome' driver

01-01-2025T21:15:49 - [MESSAGE][INFO] - Action delay is set to 0 milliseconds

01-01-2025T21:15:50 - [MESSAGE][PASSED] - Browser is opened with url: ''

01-01-2025T21:15:50 - [TEST_STEP][PASSED] - navigateToUrl("https://school-payment.digiform.co.id/login"): Navigate to 'https://school-payment.digiform.co.id/login' successfully

01-01-2025T21:16:10 - [MESSAGE][PASSED] - Navigate to 'https://school-payment.digiform.co.id/login' successfully

01-01-2025T21:16:10 - [TEST_STEP][PASSED] - click(findTestObject("Master Data/Admin Sekolah/Login/Field Email")): Object: 'Object Repository/Master Data/Admin Sekolah/Login/Field Email' is clicked on

01-01-2025T21:16:11 - [MESSAGE][PASSED] - Object: 'Object Repository/Master Data/Admin Sekolah/Login/Field Email' is clicked on

01-01-2025T21:16:11 - [TEST_STEP][PASSED] - setText(findTestObject("Master Data/Admin Sekolah/Login/Field Email"), "admin.sekolah@gmail.com"): Text 'admin.sekolah@gmail.com' is set on object 'Object Repository/Master Data/Admin Sekolah/Login/Field Email'

01-01-2025T21:16:12 - [MESSAGE][PASSED] - Text 'admin.sekolah@gmail.com' is set on object 'Object Repository/Master Data/Admin Sekolah/Login/Field Email'

01-01-2025T21:16:12 - [TEST_STEP][PASSED] - click(findTestObject("Master Data/Admin Sekolah/Login/Input Password")): Object: 'Object Repository/Master Data/Admin Sekolah/Login/Input Password' is clicked on

01-01-2025T21:16:12 - [MESSAGE][PASSED] - Object: 'Object Repository/Master Data/Admin Sekolah/Login/Input Password' is clicked on

01-01-2025T21:16:12 - [TEST_STEP][PASSED] - setText(findTestObject("Master Data/Admin Sekolah/Login/Input Password"), "Test1234"): Text 'Test1234' is set on object 'Object Repository/Master Data/Admin Sekolah/Login/Input Password'

01-01-2025T21:16:12 - [MESSAGE][PASSED] - Text 'Test1234' is set on object 'Object Repository/Master Data/Admin Sekolah/Login/Input Password'

01-01-2025T21:16:12 - [TEST_STEP][PASSED] - click(findTestObject("Master Data/Admin Sekolah/Login/Button Submit")): Object: 'Object Repository/Master Data/Admin Sekolah/Login/Button Submit' is clicked on

01-01-2025T21:16:13 - [MESSAGE][PASSED] - Object: 'Object Repository/Master Data/Admin Sekolah/Login/Button Submit' is clicked on

01-01-2025T21:16:13 - [TEST_STEP][PASSED] - click(findTestObject("Master Data/Admin Sekolah/Riwayat Pembayaran/Detail Riwayat Pembayaran/Menu Tagihan")): Object: 'Object Repository/Master Data/Admin Sekolah/Riwayat Pembayaran/Detail Riwayat Pembayaran/Menu Tagihan' is clicked on

01-01-2025T21:16:14 - [MESSAGE][PASSED] - Object: 'Object Repository/Master Data/Admin Sekolah/Riwayat Pembayaran/Detail Riwayat Pembayaran/Menu Tagihan' is clicked on

01-01-2025T21:16:14 - [TEST_STEP][PASSED] - click(findTestObject("Master Data/Admin Sekolah/Riwayat Pembayaran/Detail Riwayat Pembayaran/Riwayat Pembayaran"), STOP_ON_FAILURE): Object: 'Object Repository/Master Data/Admin Sekolah/Riwayat Pembayaran/Detail Riwayat Pembayaran/Riwayat Pembayaran' is clicked on

01-01-2025T21:16:15 - [MESSAGE][PASSED] - Object: 'Object Repository/Master Data/Admin Sekolah/Riwayat Pembayaran/Detail Riwayat Pembayaran/Riwayat Pembayaran' is clicked on

01-01-2025T21:16:15 - [TEST_STEP][PASSED] - click(findTestObject("Master Data/Admin Sekolah/Riwayat Pembayaran/Filter dan Search Riwayat Pembayaran/Input Nama")): Object: 'Object Repository/Master Data/Admin Sekolah/Riwayat Pembayaran/Filter dan Search Riwayat Pembayaran/Input Nama' is clicked on

01-01-2025T21:16:16 - [MESSAGE][PASSED] - Object: 'Object Repository/Master Data/Admin Sekolah/Riwayat Pembayaran/Filter dan Search Riwayat Pembayaran/Input Nama' is clicked on

01-01-2025T21:16:16 - [TEST_STEP][PASSED] - setText(findTestObject("Master Data/Admin Sekolah/Riwayat Pembayaran/Filter dan Search Riwayat Pembayaran/Input Nama"), "danu"): Text 'danu' is set on object 'Object Repository/Master Data/Admin Sekolah/Riwayat Pembayaran/Filter dan Search Riwayat Pembayaran/Input Nama'

01-01-2025T21:16:16 - [MESSAGE][PASSED] - Text 'danu' is set on object 'Object Repository/Master Data/Admin Sekolah/Riwayat Pembayaran/Filter dan Search Riwayat Pembayaran/Input Nama'

01-01-2025T21:16:16 - [TEST_STEP][PASSED] - click(findTestObject("Master Data/Admin Sekolah/Riwayat Pembayaran/Filter dan Search Riwayat Pembayaran/danu")): Object: 'Object Repository/Master Data/Admin Sekolah/Riwayat Pembayaran/Filter dan Search Riwayat Pembayaran/danu' is clicked on

01-01-2025T21:16:18 - [MESSAGE][PASSED] - Object: 'Object Repository/Master Data/Admin Sekolah/Riwayat Pembayaran/Filter dan Search Riwayat Pembayaran/danu' is clicked on

01-01-2025T21:16:18 - [TEST_STEP][PASSED] - click(findTestObject("Master Data/Admin Sekolah/Riwayat Pembayaran/Filter dan Search Riwayat Pembayaran/Terapkan")): Object: 'Object Repository/Master Data/Admin Sekolah/Riwayat Pembayaran/Filter dan Search Riwayat Pembayaran/Terapkan' is clicked on

01-01-2025T21:16:18 - [MESSAGE][PASSED] - Object: 'Object Repository/Master Data/Admin Sekolah/Riwayat Pembayaran/Filter dan Search Riwayat Pembayaran/Terapkan' is clicked on]]></system-out>
         <system-err><![CDATA[]]></system-err>
      </testcase>
      <testcase name="Test Cases/Master Tagihan/Admin Sekolah/Master Tagihan Riwayat Pembayaran/Detail Riwayat Pembayaran" time="7.276" classname="Test Cases/Master Tagihan/Admin Sekolah/Master Tagihan Riwayat Pembayaran/Detail Riwayat Pembayaran" status="PASSED">
         <system-out><![CDATA[01-01-2025T21:16:18 - [TEST_CASE][PASSED] - Test Cases/Master Tagihan/Admin Sekolah/Master Tagihan Riwayat Pembayaran/Detail Riwayat Pembayaran: Test Cases/Master Tagihan/Admin Sekolah/Master Tagihan Riwayat Pembayaran/Detail Riwayat Pembayaran

01-01-2025T21:16:18 - [TEST_STEP][PASSED] - openBrowser(""): Browser is opened with url: ''

01-01-2025T21:16:18 - [MESSAGE][WARNING] - A browser is already opened. Closing browser and opening a new one

01-01-2025T21:16:18 - [MESSAGE][INFO] - Starting 'Chrome' driver

01-01-2025T21:16:18 - [MESSAGE][INFO] - Action delay is set to 0 milliseconds

01-01-2025T21:16:19 - [MESSAGE][PASSED] - Browser is opened with url: ''

01-01-2025T21:16:19 - [TEST_STEP][PASSED] - navigateToUrl("https://school-payment.digiform.co.id/login"): Navigate to 'https://school-payment.digiform.co.id/login' successfully

01-01-2025T21:16:19 - [MESSAGE][PASSED] - Navigate to 'https://school-payment.digiform.co.id/login' successfully

01-01-2025T21:16:19 - [TEST_STEP][PASSED] - click(findTestObject("Master Data/Admin Sekolah/Login/Field Email")): Object: 'Object Repository/Master Data/Admin Sekolah/Login/Field Email' is clicked on

01-01-2025T21:16:21 - [MESSAGE][PASSED] - Object: 'Object Repository/Master Data/Admin Sekolah/Login/Field Email' is clicked on

01-01-2025T21:16:21 - [TEST_STEP][PASSED] - setText(findTestObject("Master Data/Admin Sekolah/Login/Field Email"), "admin.sekolah@gmail.com"): Text 'admin.sekolah@gmail.com' is set on object 'Object Repository/Master Data/Admin Sekolah/Login/Field Email'

01-01-2025T21:16:22 - [MESSAGE][PASSED] - Text 'admin.sekolah@gmail.com' is set on object 'Object Repository/Master Data/Admin Sekolah/Login/Field Email'

01-01-2025T21:16:22 - [TEST_STEP][PASSED] - click(findTestObject("Master Data/Admin Sekolah/Login/Input Password")): Object: 'Object Repository/Master Data/Admin Sekolah/Login/Input Password' is clicked on

01-01-2025T21:16:22 - [MESSAGE][PASSED] - Object: 'Object Repository/Master Data/Admin Sekolah/Login/Input Password' is clicked on

01-01-2025T21:16:22 - [TEST_STEP][PASSED] - setText(findTestObject("Master Data/Admin Sekolah/Login/Input Password"), "Test1234"): Text 'Test1234' is set on object 'Object Repository/Master Data/Admin Sekolah/Login/Input Password'

01-01-2025T21:16:22 - [MESSAGE][PASSED] - Text 'Test1234' is set on object 'Object Repository/Master Data/Admin Sekolah/Login/Input Password'

01-01-2025T21:16:22 - [TEST_STEP][PASSED] - click(findTestObject("Master Data/Admin Sekolah/Login/Button Submit")): Object: 'Object Repository/Master Data/Admin Sekolah/Login/Button Submit' is clicked on

01-01-2025T21:16:23 - [MESSAGE][PASSED] - Object: 'Object Repository/Master Data/Admin Sekolah/Login/Button Submit' is clicked on

01-01-2025T21:16:23 - [TEST_STEP][PASSED] - click(findTestObject("Master Data/Admin Sekolah/Riwayat Pembayaran/Detail Riwayat Pembayaran/Menu Tagihan")): Object: 'Object Repository/Master Data/Admin Sekolah/Riwayat Pembayaran/Detail Riwayat Pembayaran/Menu Tagihan' is clicked on

01-01-2025T21:16:24 - [MESSAGE][PASSED] - Object: 'Object Repository/Master Data/Admin Sekolah/Riwayat Pembayaran/Detail Riwayat Pembayaran/Menu Tagihan' is clicked on

01-01-2025T21:16:24 - [TEST_STEP][PASSED] - click(findTestObject("Master Data/Admin Sekolah/Riwayat Pembayaran/Detail Riwayat Pembayaran/Riwayat Pembayaran"), STOP_ON_FAILURE): Object: 'Object Repository/Master Data/Admin Sekolah/Riwayat Pembayaran/Detail Riwayat Pembayaran/Riwayat Pembayaran' is clicked on

01-01-2025T21:16:25 - [MESSAGE][PASSED] - Object: 'Object Repository/Master Data/Admin Sekolah/Riwayat Pembayaran/Detail Riwayat Pembayaran/Riwayat Pembayaran' is clicked on

01-01-2025T21:16:25 - [TEST_STEP][PASSED] - click(findTestObject("Master Data/Admin Sekolah/Riwayat Pembayaran/Detail Riwayat Pembayaran/Lihat Detail")): Object: 'Object Repository/Master Data/Admin Sekolah/Riwayat Pembayaran/Detail Riwayat Pembayaran/Lihat Detail' is clicked on

01-01-2025T21:16:26 - [MESSAGE][PASSED] - Object: 'Object Repository/Master Data/Admin Sekolah/Riwayat Pembayaran/Detail Riwayat Pembayaran/Lihat Detail' is clicked on]]></system-out>
         <system-err><![CDATA[]]></system-err>
      </testcase>
      <system-out><![CDATA[01-01-2025T21:12:07 - [TEST_SUITE][PASSED] - SPRINT 2: Test Cases/Master Tagihan/Admin Sekolah/Master Tagihan Riwayat Pembayaran/Detail Riwayat Pembayaran]]></system-out>
      <system-err><![CDATA[]]></system-err>
   </testsuite>
</testsuites>
