<?xml version="1.0" encoding="UTF-8"?>
<testsuites name="SPRINT 1" time="804.23" tests="11" failures="2" errors="0">
   <testsuite name="SPRINT 1" tests="11" failures="2" errors="0" time="804.23" skipped="0" timestamp="01-01-2025T20:58:31" hostname="henri - Henri" id="Test Suites/SPRINT 1">
      <properties>
         <property name="deviceName" value=""/>
         <property name="devicePlatform"/>
         <property name="logFolder" value="C:\\Users\\henri\\Videos\\school-payment-automation-testing\\Reports\\20250101_205820\\SPRINT 1\\20250101_205821"/>
         <property name="logFiles" value="C:\\Users\\henri\\Videos\\school-payment-automation-testing\\Reports\\20250101_205820\\SPRINT 1\\20250101_205821\\execution0.log"/>
         <property name="attachments" value="C:\\Users\\henri\\Videos\\school-payment-automation-testing\\Reports\\20250101_205820\\SPRINT 1\\20250101_205821\\1735739977523.png, C:\\Users\\henri\\Videos\\school-payment-automation-testing\\Reports\\20250101_205820\\SPRINT 1\\20250101_205821\\1735740138258.png, C:\\Users\\henri\\Videos\\school-payment-automation-testing\\Reports\\20250101_205820\\SPRINT 1\\20250101_205821\\1735740174553.png, C:\\Users\\henri\\Videos\\school-payment-automation-testing\\Reports\\20250101_205820\\SPRINT 1\\20250101_205821\\1735740211976.png, C:\\Users\\henri\\Videos\\school-payment-automation-testing\\Reports\\20250101_205820\\SPRINT 1\\20250101_205821\\1735740248172.png, C:\\Users\\henri\\Videos\\school-payment-automation-testing\\Reports\\20250101_205820\\SPRINT 1\\20250101_205821\\1735740284182.png, C:\\Users\\henri\\Videos\\school-payment-automation-testing\\Reports\\20250101_205820\\SPRINT 1\\20250101_205821\\1735740316496.png, C:\\Users\\henri\\Videos\\school-payment-automation-testing\\Reports\\20250101_205820\\SPRINT 1\\20250101_205821\\1735740351875.png, C:\\Users\\henri\\Videos\\school-payment-automation-testing\\Reports\\20250101_205820\\SPRINT 1\\20250101_205821\\1735740386398.png, C:\\Users\\henri\\Videos\\school-payment-automation-testing\\Reports\\20250101_205820\\SPRINT 1\\20250101_205821\\1735740421055.png, C:\\Users\\henri\\Videos\\school-payment-automation-testing\\Reports\\20250101_205820\\SPRINT 1\\20250101_205821\\1735740455594.png, C:\\Users\\henri\\Videos\\school-payment-automation-testing\\Reports\\20250101_205820\\SPRINT 1\\20250101_205821\\1735740490208.png, C:\\Users\\henri\\Videos\\school-payment-automation-testing\\Reports\\20250101_205820\\SPRINT 1\\20250101_205821\\1735740524915.png, C:\\Users\\henri\\Videos\\school-payment-automation-testing\\Reports\\20250101_205820\\SPRINT 1\\20250101_205821\\1735740559390.png, C:\\Users\\henri\\Videos\\school-payment-automation-testing\\Reports\\20250101_205820\\SPRINT 1\\20250101_205821\\1735740609476.png, C:\\Users\\henri\\Videos\\school-payment-automation-testing\\Reports\\20250101_205820\\SPRINT 1\\20250101_205821\\1735740714150.png"/>
         <property name="hostName" value="henri - Henri"/>
         <property name="os" value="Windows 11 64bit"/>
         <property name="katalonVersion" value="10.0.0.223"/>
         <property name="browser" value="Chrome 131.0.0.0"/>
         <property name="hostAddress" value="192.168.1.12"/>
         <property name="sessionId" value="d7eb7c5e829550047fb84ef1378d0bd6"/>
         <property name="seleniumVersion" value="4.22.0"/>
         <property name="proxyInformation" value="ProxyInformation { proxyOption=NO_PROXY, proxyServerType=HTTP, username=, password=********, proxyServerAddress=, proxyServerPort=0, executionList=&quot;&quot;, isApplyToDesiredCapabilities=true }"/>
         <property name="platform" value="Windows 11"/>
      </properties>
      <testcase name="Test Cases/Master Data/Admin Sekolah/Master Data Akun Bank/Tambah Akun Bank" time="54.688" classname="Test Cases/Master Data/Admin Sekolah/Master Data Akun Bank/Tambah Akun Bank" status="PASSED">
         <system-out><![CDATA[01-01-2025T20:58:31 - [TEST_CASE][PASSED] - Test Cases/Master Data/Admin Sekolah/Master Data Akun Bank/Tambah Akun Bank: Test Cases/Master Data/Admin Sekolah/Master Data Akun Bank/Tambah Akun Bank

01-01-2025T20:58:31 - [TEST_STEP][PASSED] - openBrowser("", CONTINUE_ON_FAILURE): Browser is opened with url: ''

01-01-2025T20:58:32 - [MESSAGE][INFO] - Starting 'Chrome' driver

01-01-2025T20:58:32 - [MESSAGE][INFO] - Action delay is set to 0 milliseconds

01-01-2025T20:58:34 - [MESSAGE][PASSED] - Browser is opened with url: ''

01-01-2025T20:58:34 - [TEST_STEP][PASSED] - maximizeWindow(): Current window maximized

01-01-2025T20:58:34 - [MESSAGE][PASSED] - Current window maximized

01-01-2025T20:58:34 - [TEST_STEP][PASSED] - navigateToUrl("https://school-payment.digiform.co.id/login", CONTINUE_ON_FAILURE): Navigate to 'https://school-payment.digiform.co.id/login' successfully

01-01-2025T20:58:53 - [MESSAGE][PASSED] - Navigate to 'https://school-payment.digiform.co.id/login' successfully

01-01-2025T20:58:53 - [TEST_STEP][PASSED] - click(findTestObject("Master Data/Admin Sekolah/Login/Field Email"), CONTINUE_ON_FAILURE): Object: 'Object Repository/Master Data/Admin Sekolah/Login/Field Email' is clicked on

01-01-2025T20:58:55 - [MESSAGE][PASSED] - Object: 'Object Repository/Master Data/Admin Sekolah/Login/Field Email' is clicked on

01-01-2025T20:58:55 - [TEST_STEP][PASSED] - setText(findTestObject("Master Data/Admin Sekolah/Login/Field Email"), "admin.sekolah@gmail.com", CONTINUE_ON_FAILURE): Text 'admin.sekolah@gmail.com' is set on object 'Object Repository/Master Data/Admin Sekolah/Login/Field Email'

01-01-2025T20:58:55 - [MESSAGE][PASSED] - Text 'admin.sekolah@gmail.com' is set on object 'Object Repository/Master Data/Admin Sekolah/Login/Field Email'

01-01-2025T20:58:55 - [TEST_STEP][PASSED] - click(findTestObject("Master Data/Admin Sekolah/Login/Input Password"), CONTINUE_ON_FAILURE): Object: 'Object Repository/Master Data/Admin Sekolah/Login/Input Password' is clicked on

01-01-2025T20:58:56 - [MESSAGE][PASSED] - Object: 'Object Repository/Master Data/Admin Sekolah/Login/Input Password' is clicked on

01-01-2025T20:58:56 - [TEST_STEP][PASSED] - setText(findTestObject("Master Data/Admin Sekolah/Login/Input Password"), "Test1234", CONTINUE_ON_FAILURE): Text 'Test1234' is set on object 'Object Repository/Master Data/Admin Sekolah/Login/Input Password'

01-01-2025T20:58:56 - [MESSAGE][PASSED] - Text 'Test1234' is set on object 'Object Repository/Master Data/Admin Sekolah/Login/Input Password'

01-01-2025T20:58:56 - [TEST_STEP][PASSED] - click(findTestObject("Master Data/Admin Sekolah/Login/Button Submit"), CONTINUE_ON_FAILURE): Object: 'Object Repository/Master Data/Admin Sekolah/Login/Button Submit' is clicked on

01-01-2025T20:58:57 - [MESSAGE][PASSED] - Object: 'Object Repository/Master Data/Admin Sekolah/Login/Button Submit' is clicked on

01-01-2025T20:58:57 - [TEST_STEP][PASSED] - click(findTestObject("Master Data/Admin Sekolah/Tagihan/Master Data Menu"), CONTINUE_ON_FAILURE): Object: 'Object Repository/Master Data/Admin Sekolah/Tagihan/Master Data Menu' is clicked on

01-01-2025T20:59:19 - [MESSAGE][PASSED] - Object: 'Object Repository/Master Data/Admin Sekolah/Tagihan/Master Data Menu' is clicked on

01-01-2025T20:59:19 - [TEST_STEP][PASSED] - click(findTestObject("Master Data/Admin Sekolah/Akun Bank/Menu Akun Bank"), CONTINUE_ON_FAILURE): Object: 'Object Repository/Master Data/Admin Sekolah/Akun Bank/Menu Akun Bank' is clicked on

01-01-2025T20:59:20 - [MESSAGE][PASSED] - Object: 'Object Repository/Master Data/Admin Sekolah/Akun Bank/Menu Akun Bank' is clicked on

01-01-2025T20:59:20 - [TEST_STEP][PASSED] - click(findTestObject("Master Data/Admin Sekolah/Akun Bank/Button Tambah Akun Bank"), CONTINUE_ON_FAILURE): Object: 'Object Repository/Master Data/Admin Sekolah/Akun Bank/Button Tambah Akun Bank' is clicked on

01-01-2025T20:59:20 - [MESSAGE][PASSED] - Object: 'Object Repository/Master Data/Admin Sekolah/Akun Bank/Button Tambah Akun Bank' is clicked on

01-01-2025T20:59:20 - [TEST_STEP][PASSED] - click(findTestObject("Master Data/Admin Sekolah/Akun Bank/Tambah Akun Bank/Dropdown Pilih Nama Bank"), CONTINUE_ON_FAILURE): Object: 'Object Repository/Master Data/Admin Sekolah/Akun Bank/Tambah Akun Bank/Dropdown Pilih Nama Bank' is clicked on

01-01-2025T20:59:21 - [MESSAGE][PASSED] - Object: 'Object Repository/Master Data/Admin Sekolah/Akun Bank/Tambah Akun Bank/Dropdown Pilih Nama Bank' is clicked on

01-01-2025T20:59:21 - [TEST_STEP][PASSED] - click(findTestObject("Master Data/Admin Sekolah/Akun Bank/Tambah Akun Bank/Pilih Dropdown Nama Bank"), CONTINUE_ON_FAILURE): Object: 'Object Repository/Master Data/Admin Sekolah/Akun Bank/Tambah Akun Bank/Pilih Dropdown Nama Bank' is clicked on

01-01-2025T20:59:21 - [MESSAGE][PASSED] - Object: 'Object Repository/Master Data/Admin Sekolah/Akun Bank/Tambah Akun Bank/Pilih Dropdown Nama Bank' is clicked on

01-01-2025T20:59:21 - [TEST_STEP][PASSED] - randomName = generateRandomName(): null

01-01-2025T20:59:21 - [TEST_STEP][PASSED] - firstNames = ["John", "Jane", "Michael", "Sarah", "David", "Emily", "Rafael", "Sophia"]: null

01-01-2025T20:59:21 - [TEST_STEP][PASSED] - lastNames = ["Doe", "Smith", "Johnson", "Williams", "Brown", "Davis", "Taylor", "Wilson"]: null

01-01-2025T20:59:21 - [TEST_STEP][PASSED] - random = new java.util.Random(): null

01-01-2025T20:59:21 - [TEST_STEP][PASSED] - firstName = firstNames[random.nextInt(firstNames.size())]: null

01-01-2025T20:59:21 - [TEST_STEP][PASSED] - lastName = lastNames[random.nextInt(lastNames.size())]: null

01-01-2025T20:59:21 - [TEST_STEP][PASSED] - return ((firstName +  ) + lastName): null

01-01-2025T20:59:21 - [TEST_STEP][PASSED] - println("Generated random name: " + randomName): null

01-01-2025T20:59:21 - [TEST_STEP][PASSED] - setText(findTestObject("Master Data/Admin Sekolah/Akun Bank/Tambah Akun Bank/Set Text Nama Rekening"), randomName, CONTINUE_ON_FAILURE): Text 'Michael Doe' is set on object 'Object Repository/Master Data/Admin Sekolah/Akun Bank/Tambah Akun Bank/Set Text Nama Rekening'

01-01-2025T20:59:22 - [MESSAGE][PASSED] - Text 'Michael Doe' is set on object 'Object Repository/Master Data/Admin Sekolah/Akun Bank/Tambah Akun Bank/Set Text Nama Rekening'

01-01-2025T20:59:22 - [TEST_STEP][PASSED] - nomorRekeningList = []: null

01-01-2025T20:59:22 - [TEST_STEP][PASSED] - for ([i = 0, i < 5, (i++)]): null

01-01-2025T20:59:22 - [TEST_STEP][PASSED] - nomorRekeningList.add(generateRandomAccountNumber(10)): null

01-01-2025T20:59:22 - [TEST_STEP][PASSED] - random = new java.util.Random(): null

01-01-2025T20:59:22 - [TEST_STEP][PASSED] - accountNumber = new java.lang.StringBuilder(): null

01-01-2025T20:59:22 - [TEST_STEP][PASSED] - for ([i = 0, i < length, (i++)]): null

01-01-2025T20:59:22 - [TEST_STEP][PASSED] - accountNumber.append(random.nextInt(10)): null

01-01-2025T20:59:22 - [TEST_STEP][PASSED] - accountNumber.append(random.nextInt(10)): null

01-01-2025T20:59:22 - [TEST_STEP][PASSED] - accountNumber.append(random.nextInt(10)): null

01-01-2025T20:59:22 - [TEST_STEP][PASSED] - accountNumber.append(random.nextInt(10)): null

01-01-2025T20:59:22 - [TEST_STEP][PASSED] - accountNumber.append(random.nextInt(10)): null

01-01-2025T20:59:22 - [TEST_STEP][PASSED] - accountNumber.append(random.nextInt(10)): null

01-01-2025T20:59:22 - [TEST_STEP][PASSED] - accountNumber.append(random.nextInt(10)): null

01-01-2025T20:59:22 - [TEST_STEP][PASSED] - accountNumber.append(random.nextInt(10)): null

01-01-2025T20:59:22 - [TEST_STEP][PASSED] - accountNumber.append(random.nextInt(10)): null

01-01-2025T20:59:22 - [TEST_STEP][PASSED] - accountNumber.append(random.nextInt(10)): null

01-01-2025T20:59:22 - [TEST_STEP][PASSED] - return accountNumber.toString(): null

01-01-2025T20:59:22 - [TEST_STEP][PASSED] - nomorRekeningList.add(generateRandomAccountNumber(10)): null

01-01-2025T20:59:22 - [TEST_STEP][PASSED] - random = new java.util.Random(): null

01-01-2025T20:59:22 - [TEST_STEP][PASSED] - accountNumber = new java.lang.StringBuilder(): null

01-01-2025T20:59:22 - [TEST_STEP][PASSED] - for ([i = 0, i < length, (i++)]): null

01-01-2025T20:59:22 - [TEST_STEP][PASSED] - accountNumber.append(random.nextInt(10)): null

01-01-2025T20:59:22 - [TEST_STEP][PASSED] - accountNumber.append(random.nextInt(10)): null

01-01-2025T20:59:22 - [TEST_STEP][PASSED] - accountNumber.append(random.nextInt(10)): null

01-01-2025T20:59:22 - [TEST_STEP][PASSED] - accountNumber.append(random.nextInt(10)): null

01-01-2025T20:59:22 - [TEST_STEP][PASSED] - accountNumber.append(random.nextInt(10)): null

01-01-2025T20:59:22 - [TEST_STEP][PASSED] - accountNumber.append(random.nextInt(10)): null

01-01-2025T20:59:22 - [TEST_STEP][PASSED] - accountNumber.append(random.nextInt(10)): null

01-01-2025T20:59:22 - [TEST_STEP][PASSED] - accountNumber.append(random.nextInt(10)): null

01-01-2025T20:59:22 - [TEST_STEP][PASSED] - accountNumber.append(random.nextInt(10)): null

01-01-2025T20:59:22 - [TEST_STEP][PASSED] - accountNumber.append(random.nextInt(10)): null

01-01-2025T20:59:22 - [TEST_STEP][PASSED] - return accountNumber.toString(): null

01-01-2025T20:59:22 - [TEST_STEP][PASSED] - nomorRekeningList.add(generateRandomAccountNumber(10)): null

01-01-2025T20:59:22 - [TEST_STEP][PASSED] - random = new java.util.Random(): null

01-01-2025T20:59:22 - [TEST_STEP][PASSED] - accountNumber = new java.lang.StringBuilder(): null

01-01-2025T20:59:22 - [TEST_STEP][PASSED] - for ([i = 0, i < length, (i++)]): null

01-01-2025T20:59:22 - [TEST_STEP][PASSED] - accountNumber.append(random.nextInt(10)): null

01-01-2025T20:59:22 - [TEST_STEP][PASSED] - accountNumber.append(random.nextInt(10)): null

01-01-2025T20:59:22 - [TEST_STEP][PASSED] - accountNumber.append(random.nextInt(10)): null

01-01-2025T20:59:22 - [TEST_STEP][PASSED] - accountNumber.append(random.nextInt(10)): null

01-01-2025T20:59:22 - [TEST_STEP][PASSED] - accountNumber.append(random.nextInt(10)): null

01-01-2025T20:59:22 - [TEST_STEP][PASSED] - accountNumber.append(random.nextInt(10)): null

01-01-2025T20:59:22 - [TEST_STEP][PASSED] - accountNumber.append(random.nextInt(10)): null

01-01-2025T20:59:22 - [TEST_STEP][PASSED] - accountNumber.append(random.nextInt(10)): null

01-01-2025T20:59:22 - [TEST_STEP][PASSED] - accountNumber.append(random.nextInt(10)): null

01-01-2025T20:59:22 - [TEST_STEP][PASSED] - accountNumber.append(random.nextInt(10)): null

01-01-2025T20:59:22 - [TEST_STEP][PASSED] - return accountNumber.toString(): null

01-01-2025T20:59:22 - [TEST_STEP][PASSED] - nomorRekeningList.add(generateRandomAccountNumber(10)): null

01-01-2025T20:59:22 - [TEST_STEP][PASSED] - random = new java.util.Random(): null

01-01-2025T20:59:22 - [TEST_STEP][PASSED] - accountNumber = new java.lang.StringBuilder(): null

01-01-2025T20:59:22 - [TEST_STEP][PASSED] - for ([i = 0, i < length, (i++)]): null

01-01-2025T20:59:22 - [TEST_STEP][PASSED] - accountNumber.append(random.nextInt(10)): null

01-01-2025T20:59:22 - [TEST_STEP][PASSED] - accountNumber.append(random.nextInt(10)): null

01-01-2025T20:59:22 - [TEST_STEP][PASSED] - accountNumber.append(random.nextInt(10)): null

01-01-2025T20:59:22 - [TEST_STEP][PASSED] - accountNumber.append(random.nextInt(10)): null

01-01-2025T20:59:22 - [TEST_STEP][PASSED] - accountNumber.append(random.nextInt(10)): null

01-01-2025T20:59:22 - [TEST_STEP][PASSED] - accountNumber.append(random.nextInt(10)): null

01-01-2025T20:59:22 - [TEST_STEP][PASSED] - accountNumber.append(random.nextInt(10)): null

01-01-2025T20:59:22 - [TEST_STEP][PASSED] - accountNumber.append(random.nextInt(10)): null

01-01-2025T20:59:22 - [TEST_STEP][PASSED] - accountNumber.append(random.nextInt(10)): null

01-01-2025T20:59:22 - [TEST_STEP][PASSED] - accountNumber.append(random.nextInt(10)): null

01-01-2025T20:59:22 - [TEST_STEP][PASSED] - return accountNumber.toString(): null

01-01-2025T20:59:22 - [TEST_STEP][PASSED] - nomorRekeningList.add(generateRandomAccountNumber(10)): null

01-01-2025T20:59:22 - [TEST_STEP][PASSED] - random = new java.util.Random(): null

01-01-2025T20:59:22 - [TEST_STEP][PASSED] - accountNumber = new java.lang.StringBuilder(): null

01-01-2025T20:59:22 - [TEST_STEP][PASSED] - for ([i = 0, i < length, (i++)]): null

01-01-2025T20:59:22 - [TEST_STEP][PASSED] - accountNumber.append(random.nextInt(10)): null

01-01-2025T20:59:22 - [TEST_STEP][PASSED] - accountNumber.append(random.nextInt(10)): null

01-01-2025T20:59:22 - [TEST_STEP][PASSED] - accountNumber.append(random.nextInt(10)): null

01-01-2025T20:59:22 - [TEST_STEP][PASSED] - accountNumber.append(random.nextInt(10)): null

01-01-2025T20:59:22 - [TEST_STEP][PASSED] - accountNumber.append(random.nextInt(10)): null

01-01-2025T20:59:22 - [TEST_STEP][PASSED] - accountNumber.append(random.nextInt(10)): null

01-01-2025T20:59:22 - [TEST_STEP][PASSED] - accountNumber.append(random.nextInt(10)): null

01-01-2025T20:59:22 - [TEST_STEP][PASSED] - accountNumber.append(random.nextInt(10)): null

01-01-2025T20:59:22 - [TEST_STEP][PASSED] - accountNumber.append(random.nextInt(10)): null

01-01-2025T20:59:22 - [TEST_STEP][PASSED] - accountNumber.append(random.nextInt(10)): null

01-01-2025T20:59:22 - [TEST_STEP][PASSED] - return accountNumber.toString(): null

01-01-2025T20:59:22 - [TEST_STEP][PASSED] - isErrorPresent = true: null

01-01-2025T20:59:22 - [TEST_STEP][PASSED] - for (String nomorRekening : nomorRekeningList): null

01-01-2025T20:59:22 - [TEST_STEP][PASSED] - inputNomorRekening(nomorRekening): null

01-01-2025T20:59:22 - [TEST_STEP][PASSED] - fieldNomorRekening = findTestObject("Master Data/Admin Sekolah/Akun Bank/Tambah Akun Bank/Set Text Nomor Rekening"): null

01-01-2025T20:59:22 - [TEST_STEP][PASSED] - clearTextUntilEmpty(fieldNomorRekening): null

01-01-2025T20:59:22 - [TEST_STEP][PASSED] - attempt = 0: null

01-01-2025T20:59:22 - [TEST_STEP][PASSED] - while (attempt < maxAttempts): null

01-01-2025T20:59:22 - [TEST_STEP][PASSED] - clearText(field, CONTINUE_ON_FAILURE): Text of object 'Object Repository/Master Data/Admin Sekolah/Akun Bank/Tambah Akun Bank/Set Text Nomor Rekening' is cleared

01-01-2025T20:59:22 - [MESSAGE][PASSED] - Text of object 'Object Repository/Master Data/Admin Sekolah/Akun Bank/Tambah Akun Bank/Set Text Nomor Rekening' is cleared

01-01-2025T20:59:22 - [TEST_STEP][PASSED] - delay(0.5): Delayed 0.5 second(s)

01-01-2025T20:59:23 - [MESSAGE][PASSED] - Delayed 0.5 second(s)

01-01-2025T20:59:23 - [TEST_STEP][PASSED] - currentText = getAttribute(field, "value", CONTINUE_ON_FAILURE): Attribute 'value' of object 'Object Repository/Master Data/Admin Sekolah/Akun Bank/Tambah Akun Bank/Set Text Nomor Rekening' is: ''

01-01-2025T20:59:23 - [MESSAGE][PASSED] - Attribute 'value' of object 'Object Repository/Master Data/Admin Sekolah/Akun Bank/Tambah Akun Bank/Set Text Nomor Rekening' is: ''

01-01-2025T20:59:23 - [TEST_STEP][PASSED] - if (currentText.isEmpty()): null

01-01-2025T20:59:23 - [TEST_STEP][PASSED] - comment("Field berhasil dikosongkan setelah " + attempt + 1 + " percobaan."): Field berhasil dikosongkan setelah 1 percobaan.

01-01-2025T20:59:23 - [MESSAGE][INFO] - Field berhasil dikosongkan setelah 1 percobaan.

01-01-2025T20:59:23 - [TEST_STEP][PASSED] - break: null

01-01-2025T20:59:23 - [TEST_STEP][PASSED] - setText(fieldNomorRekening, nomorRekening): null

01-01-2025T20:59:24 - [MESSAGE][PASSED] - Text '0662866504' is set on object 'Object Repository/Master Data/Admin Sekolah/Akun Bank/Tambah Akun Bank/Set Text Nomor Rekening'

01-01-2025T20:59:24 - [TEST_STEP][PASSED] - pilihKepemilikanDropdown(): null

01-01-2025T20:59:24 - [TEST_STEP][PASSED] - click(findTestObject("Master Data/Admin Sekolah/Akun Bank/Tambah Akun Bank/Dropdown Kepemilikan"), CONTINUE_ON_FAILURE): Object: 'Object Repository/Master Data/Admin Sekolah/Akun Bank/Tambah Akun Bank/Dropdown Kepemilikan' is clicked on

01-01-2025T20:59:24 - [MESSAGE][PASSED] - Object: 'Object Repository/Master Data/Admin Sekolah/Akun Bank/Tambah Akun Bank/Dropdown Kepemilikan' is clicked on

01-01-2025T20:59:24 - [TEST_STEP][PASSED] - click(findTestObject("Master Data/Admin Sekolah/Akun Bank/Tambah Akun Bank/Pilih Dropdown Kepemilikan"), CONTINUE_ON_FAILURE): null

01-01-2025T20:59:24 - [MESSAGE][PASSED] - Object: 'Object Repository/Master Data/Admin Sekolah/Akun Bank/Tambah Akun Bank/Pilih Dropdown Kepemilikan' is clicked on

01-01-2025T20:59:24 - [TEST_STEP][PASSED] - click(findTestObject("Master Data/Admin Sekolah/Akun Bank/Tambah Akun Bank/Button Submit"), CONTINUE_ON_FAILURE): Object: 'Object Repository/Master Data/Admin Sekolah/Akun Bank/Tambah Akun Bank/Button Submit' is clicked on

01-01-2025T20:59:25 - [MESSAGE][PASSED] - Object: 'Object Repository/Master Data/Admin Sekolah/Akun Bank/Tambah Akun Bank/Button Submit' is clicked on

01-01-2025T20:59:25 - [TEST_STEP][PASSED] - isErrorPresent = verifyTextPresent("Nomor rekening sudah terdaftar", false, OPTIONAL): Text 'Nomor rekening sudah terdaftar' is not present on page  (Root cause: com.kms.katalon.core.exception.StepFailedException: Text 'Nomor rekening sudah terdaftar' is not present on page 
	at com.kms.katalon.core.webui.keyword.internal.WebUIKeywordMain.stepFailed(WebUIKeywordMain.groovy:117)
	at com.kms.katalon.core.webui.keyword.builtin.VerifyTextPresentKeyword$_verifyTextPresent_closure1.doCall(VerifyTextPresentKeyword.groovy:79)
	at com.kms.katalon.core.webui.keyword.builtin.VerifyTextPresentKeyword$_verifyTextPresent_closure1.call(VerifyTextPresentKeyword.groovy)
	at com.kms.katalon.core.webui.keyword.internal.WebUIKeywordMain.runKeyword(WebUIKeywordMain.groovy:35)
	at com.kms.katalon.core.webui.keyword.builtin.VerifyTextPresentKeyword.verifyTextPresent(VerifyTextPresentKeyword.groovy:83)
	at com.kms.katalon.core.webui.keyword.builtin.VerifyTextPresentKeyword.execute(VerifyTextPresentKeyword.groovy:68)
	at com.kms.katalon.core.keyword.internal.KeywordExecutor.executeKeywordForPlatform(KeywordExecutor.groovy:74)
	at com.kms.katalon.core.webui.keyword.WebUiBuiltInKeywords.verifyTextPresent(WebUiBuiltInKeywords.groovy:1783)
	at Tambah Akun Bank.run(Tambah Akun Bank:130)
	at com.kms.katalon.core.main.ScriptEngine.run(ScriptEngine.java:194)
	at com.kms.katalon.core.main.ScriptEngine.runScriptAsRawText(ScriptEngine.java:119)
	at com.kms.katalon.core.main.TestCaseExecutor.runScript(TestCaseExecutor.java:448)
	at com.kms.katalon.core.main.TestCaseExecutor.doExecute(TestCaseExecutor.java:439)
	at com.kms.katalon.core.main.TestCaseExecutor.processExecutionPhase(TestCaseExecutor.java:418)
	at com.kms.katalon.core.main.TestCaseExecutor.accessMainPhase(TestCaseExecutor.java:410)
	at com.kms.katalon.core.main.TestCaseExecutor.execute(TestCaseExecutor.java:285)
	at com.kms.katalon.core.common.CommonExecutor.accessTestCaseMainPhase(CommonExecutor.java:65)
	at com.kms.katalon.core.main.TestSuiteExecutor.accessTestSuiteMainPhase(TestSuiteExecutor.java:161)
	at com.kms.katalon.core.main.TestSuiteExecutor.execute(TestSuiteExecutor.java:107)
	at com.kms.katalon.core.main.TestCaseMain.startTestSuite(TestCaseMain.java:176)
	at TempTestSuite1735739901082.run(TempTestSuite1735739901082.groovy:35)
	at java.base/jdk.internal.reflect.NativeMethodAccessorImpl.invoke0(Native Method)
	at java.base/jdk.internal.reflect.NativeMethodAccessorImpl.invoke(NativeMethodAccessorImpl.java:77)
	at java.base/jdk.internal.reflect.DelegatingMethodAccessorImpl.invoke(DelegatingMethodAccessorImpl.java:43)
)

01-01-2025T20:59:25 - [MESSAGE][WARNING] - Text 'Nomor rekening sudah terdaftar' is not present on page  (Root cause: com.kms.katalon.core.exception.StepFailedException: Text 'Nomor rekening sudah terdaftar' is not present on page 
	at com.kms.katalon.core.webui.keyword.internal.WebUIKeywordMain.stepFailed(WebUIKeywordMain.groovy:117)
	at com.kms.katalon.core.webui.keyword.builtin.VerifyTextPresentKeyword$_verifyTextPresent_closure1.doCall(VerifyTextPresentKeyword.groovy:79)
	at com.kms.katalon.core.webui.keyword.builtin.VerifyTextPresentKeyword$_verifyTextPresent_closure1.call(VerifyTextPresentKeyword.groovy)
	at com.kms.katalon.core.webui.keyword.internal.WebUIKeywordMain.runKeyword(WebUIKeywordMain.groovy:35)
	at com.kms.katalon.core.webui.keyword.builtin.VerifyTextPresentKeyword.verifyTextPresent(VerifyTextPresentKeyword.groovy:83)
	at com.kms.katalon.core.webui.keyword.builtin.VerifyTextPresentKeyword.execute(VerifyTextPresentKeyword.groovy:68)
	at com.kms.katalon.core.keyword.internal.KeywordExecutor.executeKeywordForPlatform(KeywordExecutor.groovy:74)
	at com.kms.katalon.core.webui.keyword.WebUiBuiltInKeywords.verifyTextPresent(WebUiBuiltInKeywords.groovy:1783)
	at Tambah Akun Bank.run(Tambah Akun Bank:130)
	at com.kms.katalon.core.main.ScriptEngine.run(ScriptEngine.java:194)
	at com.kms.katalon.core.main.ScriptEngine.runScriptAsRawText(ScriptEngine.java:119)
	at com.kms.katalon.core.main.TestCaseExecutor.runScript(TestCaseExecutor.java:448)
	at com.kms.katalon.core.main.TestCaseExecutor.doExecute(TestCaseExecutor.java:439)
	at com.kms.katalon.core.main.TestCaseExecutor.processExecutionPhase(TestCaseExecutor.java:418)
	at com.kms.katalon.core.main.TestCaseExecutor.accessMainPhase(TestCaseExecutor.java:410)
	at com.kms.katalon.core.main.TestCaseExecutor.execute(TestCaseExecutor.java:285)
	at com.kms.katalon.core.common.CommonExecutor.accessTestCaseMainPhase(CommonExecutor.java:65)
	at com.kms.katalon.core.main.TestSuiteExecutor.accessTestSuiteMainPhase(TestSuiteExecutor.java:161)
	at com.kms.katalon.core.main.TestSuiteExecutor.execute(TestSuiteExecutor.java:107)
	at com.kms.katalon.core.main.TestCaseMain.startTestSuite(TestCaseMain.java:176)
	at TempTestSuite1735739901082.run(TempTestSuite1735739901082.groovy:35)
	at java.base/jdk.internal.reflect.NativeMethodAccessorImpl.invoke0(Native Method)
	at java.base/jdk.internal.reflect.NativeMethodAccessorImpl.invoke(NativeMethodAccessorImpl.java:77)
	at java.base/jdk.internal.reflect.DelegatingMethodAccessorImpl.invoke(DelegatingMethodAccessorImpl.java:43)
)

01-01-2025T20:59:25 - [TEST_STEP][PASSED] - if (!(isErrorPresent)): null

01-01-2025T20:59:25 - [TEST_STEP][PASSED] - verifyElementVisible(findTestObject("Master Data/Admin Sekolah/Akun Bank/Akun Bank Dashboard"), CONTINUE_ON_FAILURE): Object 'Object Repository/Master Data/Admin Sekolah/Akun Bank/Akun Bank Dashboard' is visible

01-01-2025T20:59:26 - [MESSAGE][PASSED] - Object 'Object Repository/Master Data/Admin Sekolah/Akun Bank/Akun Bank Dashboard' is visible

01-01-2025T20:59:26 - [TEST_STEP][PASSED] - break: null

01-01-2025T20:59:26 - [TEST_STEP][PASSED] - if (isErrorPresent): null

01-01-2025T20:59:26 - [TEST_STEP][PASSED] - else: Nomor rekening berhasil didaftarkan.

01-01-2025T20:59:26 - [TEST_STEP][PASSED] - comment("Nomor rekening berhasil didaftarkan."): Nomor rekening berhasil didaftarkan.

01-01-2025T20:59:26 - [MESSAGE][INFO] - Nomor rekening berhasil didaftarkan.]]></system-out>
         <system-err><![CDATA[]]></system-err>
      </testcase>
      <testcase name="Test Cases/Master Data/Admin Sekolah/Master Data Akun Bank/Edit Akun Bank" time="12.207" classname="Test Cases/Master Data/Admin Sekolah/Master Data Akun Bank/Edit Akun Bank" status="PASSED">
         <system-out><![CDATA[01-01-2025T20:59:26 - [TEST_CASE][PASSED] - Test Cases/Master Data/Admin Sekolah/Master Data Akun Bank/Edit Akun Bank: Test Cases/Master Data/Admin Sekolah/Master Data Akun Bank/Edit Akun Bank

01-01-2025T20:59:26 - [TEST_STEP][PASSED] - openBrowser(""): Browser is opened with url: ''

01-01-2025T20:59:26 - [MESSAGE][WARNING] - A browser is already opened. Closing browser and opening a new one

01-01-2025T20:59:26 - [MESSAGE][INFO] - Starting 'Chrome' driver

01-01-2025T20:59:26 - [MESSAGE][INFO] - Action delay is set to 0 milliseconds

01-01-2025T20:59:27 - [MESSAGE][PASSED] - Browser is opened with url: ''

01-01-2025T20:59:27 - [TEST_STEP][PASSED] - maximizeWindow(): Current window maximized

01-01-2025T20:59:27 - [MESSAGE][PASSED] - Current window maximized

01-01-2025T20:59:27 - [TEST_STEP][PASSED] - navigateToUrl("https://school-payment.digiform.co.id/login"): Navigate to 'https://school-payment.digiform.co.id/login' successfully

01-01-2025T20:59:27 - [MESSAGE][PASSED] - Navigate to 'https://school-payment.digiform.co.id/login' successfully

01-01-2025T20:59:27 - [TEST_STEP][PASSED] - setText(findTestObject("Master Data/Admin Sekolah/Login/Field Email"), "admin.sekolah@gmail.com"): Text 'admin.sekolah@gmail.com' is set on object 'Object Repository/Master Data/Admin Sekolah/Login/Field Email'

01-01-2025T20:59:29 - [MESSAGE][PASSED] - Text 'admin.sekolah@gmail.com' is set on object 'Object Repository/Master Data/Admin Sekolah/Login/Field Email'

01-01-2025T20:59:29 - [TEST_STEP][PASSED] - setText(findTestObject("Master Data/Admin Sekolah/Login/Input Password"), "Test1234"): Text 'Test1234' is set on object 'Object Repository/Master Data/Admin Sekolah/Login/Input Password'

01-01-2025T20:59:30 - [MESSAGE][PASSED] - Text 'Test1234' is set on object 'Object Repository/Master Data/Admin Sekolah/Login/Input Password'

01-01-2025T20:59:30 - [TEST_STEP][PASSED] - click(findTestObject("Master Data/Admin Sekolah/Login/Button Submit")): Object: 'Object Repository/Master Data/Admin Sekolah/Login/Button Submit' is clicked on

01-01-2025T20:59:30 - [MESSAGE][PASSED] - Object: 'Object Repository/Master Data/Admin Sekolah/Login/Button Submit' is clicked on

01-01-2025T20:59:30 - [TEST_STEP][PASSED] - click(findTestObject("Master Data/Admin Sekolah/Tagihan/Master Data Menu")): Object: 'Object Repository/Master Data/Admin Sekolah/Tagihan/Master Data Menu' is clicked on

01-01-2025T20:59:32 - [MESSAGE][PASSED] - Object: 'Object Repository/Master Data/Admin Sekolah/Tagihan/Master Data Menu' is clicked on

01-01-2025T20:59:32 - [TEST_STEP][PASSED] - click(findTestObject("Master Data/Admin Sekolah/Akun Bank/Menu Akun Bank")): Object: 'Object Repository/Master Data/Admin Sekolah/Akun Bank/Menu Akun Bank' is clicked on

01-01-2025T20:59:32 - [MESSAGE][PASSED] - Object: 'Object Repository/Master Data/Admin Sekolah/Akun Bank/Menu Akun Bank' is clicked on

01-01-2025T20:59:32 - [TEST_STEP][PASSED] - click(findTestObject("Master Data/Admin Sekolah/Akun Bank/Edit Akun Bank/Button Action")): Object: 'Object Repository/Master Data/Admin Sekolah/Akun Bank/Edit Akun Bank/Button Action' is clicked on

01-01-2025T20:59:33 - [MESSAGE][PASSED] - Object: 'Object Repository/Master Data/Admin Sekolah/Akun Bank/Edit Akun Bank/Button Action' is clicked on

01-01-2025T20:59:33 - [TEST_STEP][PASSED] - click(findTestObject("Master Data/Admin Sekolah/Akun Bank/Edit Akun Bank/Button Edit")): Object: 'Object Repository/Master Data/Admin Sekolah/Akun Bank/Edit Akun Bank/Button Edit' is clicked on

01-01-2025T20:59:34 - [MESSAGE][PASSED] - Object: 'Object Repository/Master Data/Admin Sekolah/Akun Bank/Edit Akun Bank/Button Edit' is clicked on

01-01-2025T20:59:34 - [TEST_STEP][PASSED] - click(findTestObject("Master Data/Admin Sekolah/Akun Bank/Edit Akun Bank/Dropdown Akun Bank")): Object: 'Object Repository/Master Data/Admin Sekolah/Akun Bank/Edit Akun Bank/Dropdown Akun Bank' is clicked on

01-01-2025T20:59:34 - [MESSAGE][PASSED] - Object: 'Object Repository/Master Data/Admin Sekolah/Akun Bank/Edit Akun Bank/Dropdown Akun Bank' is clicked on

01-01-2025T20:59:34 - [TEST_STEP][PASSED] - click(findTestObject("Master Data/Admin Sekolah/Akun Bank/Edit Akun Bank/Value Dropdown Akun Bank")): Object: 'Object Repository/Master Data/Admin Sekolah/Akun Bank/Edit Akun Bank/Value Dropdown Akun Bank' is clicked on

01-01-2025T20:59:35 - [MESSAGE][PASSED] - Object: 'Object Repository/Master Data/Admin Sekolah/Akun Bank/Edit Akun Bank/Value Dropdown Akun Bank' is clicked on

01-01-2025T20:59:35 - [TEST_STEP][PASSED] - clearAndSetText(findTestObject("Master Data/Admin Sekolah/Akun Bank/Edit Akun Bank/Field Nama Akun Bank"), generateRandomBankAccountName()): null

01-01-2025T20:59:35 - [TEST_STEP][PASSED] - firstNames = ["Pandu", "Budi", "Siti", "Andi", "Joko", "Rina", "Ari", "Maya"]: null

01-01-2025T20:59:35 - [TEST_STEP][PASSED] - lastNames = ["Wibisana", "Sari", "Pratama", "Santoso", "Putra", "Gunawan", "Sudarmaji", "Amir"]: null

01-01-2025T20:59:35 - [TEST_STEP][PASSED] - random = new java.util.Random(): null

01-01-2025T20:59:35 - [TEST_STEP][PASSED] - firstName = firstNames[random.nextInt(firstNames.size())]: null

01-01-2025T20:59:35 - [TEST_STEP][PASSED] - lastName = lastNames[random.nextInt(lastNames.size())]: null

01-01-2025T20:59:35 - [TEST_STEP][PASSED] - return ((firstName +  ) + lastName): null

01-01-2025T20:59:35 - [TEST_STEP][PASSED] - sendKeys(testObject, Keys.chord(CONTROL, "a")): Keys 'CONTROL + a' sent to object: 'Object Repository/Master Data/Admin Sekolah/Akun Bank/Edit Akun Bank/Field Nama Akun Bank'

01-01-2025T20:59:35 - [MESSAGE][PASSED] - Keys 'CONTROL + a' sent to object: 'Object Repository/Master Data/Admin Sekolah/Akun Bank/Edit Akun Bank/Field Nama Akun Bank'

01-01-2025T20:59:35 - [TEST_STEP][PASSED] - sendKeys(testObject, Keys.chord(BACK_SPACE)): Keys 'BACK_SPACE + ' sent to object: 'Object Repository/Master Data/Admin Sekolah/Akun Bank/Edit Akun Bank/Field Nama Akun Bank'

01-01-2025T20:59:35 - [MESSAGE][PASSED] - Keys 'BACK_SPACE + ' sent to object: 'Object Repository/Master Data/Admin Sekolah/Akun Bank/Edit Akun Bank/Field Nama Akun Bank'

01-01-2025T20:59:35 - [TEST_STEP][PASSED] - setText(testObject, newText): Text 'Andi Putra' is set on object 'Object Repository/Master Data/Admin Sekolah/Akun Bank/Edit Akun Bank/Field Nama Akun Bank'

01-01-2025T20:59:36 - [MESSAGE][PASSED] - Text 'Andi Putra' is set on object 'Object Repository/Master Data/Admin Sekolah/Akun Bank/Edit Akun Bank/Field Nama Akun Bank'

01-01-2025T20:59:36 - [TEST_STEP][PASSED] - initialAccountNumber = generateRandomData("64", 10): null

01-01-2025T20:59:36 - [TEST_STEP][PASSED] - random = new java.util.Random(): null

01-01-2025T20:59:36 - [TEST_STEP][PASSED] - result = prefix: null

01-01-2025T20:59:36 - [TEST_STEP][PASSED] - for ([i = 0, i < length, (i++)]): null

01-01-2025T20:59:36 - [TEST_STEP][PASSED] - result += random.nextInt(10): null

01-01-2025T20:59:36 - [TEST_STEP][PASSED] - result += random.nextInt(10): null

01-01-2025T20:59:36 - [TEST_STEP][PASSED] - result += random.nextInt(10): null

01-01-2025T20:59:36 - [TEST_STEP][PASSED] - result += random.nextInt(10): null

01-01-2025T20:59:36 - [TEST_STEP][PASSED] - result += random.nextInt(10): null

01-01-2025T20:59:36 - [TEST_STEP][PASSED] - result += random.nextInt(10): null

01-01-2025T20:59:36 - [TEST_STEP][PASSED] - result += random.nextInt(10): null

01-01-2025T20:59:36 - [TEST_STEP][PASSED] - result += random.nextInt(10): null

01-01-2025T20:59:36 - [TEST_STEP][PASSED] - result += random.nextInt(10): null

01-01-2025T20:59:36 - [TEST_STEP][PASSED] - result += random.nextInt(10): null

01-01-2025T20:59:36 - [TEST_STEP][PASSED] - return result: null

01-01-2025T20:59:36 - [TEST_STEP][PASSED] - attempt = 0: null

01-01-2025T20:59:36 - [TEST_STEP][PASSED] - isSaved = false: null

01-01-2025T20:59:36 - [TEST_STEP][PASSED] - maxAttempts = 5: null

01-01-2025T20:59:36 - [TEST_STEP][PASSED] - while (!(isSaved) && attempt < maxAttempts): null

01-01-2025T20:59:36 - [TEST_STEP][PASSED] - (attempt++): null

01-01-2025T20:59:36 - [TEST_STEP][PASSED] - println(Percobaan ke-$attempt): null

01-01-2025T20:59:36 - [TEST_STEP][PASSED] - clearAndSetText(findTestObject("Master Data/Admin Sekolah/Akun Bank/Edit Akun Bank/Field Nomor Rekening Bank"), initialAccountNumber): null

01-01-2025T20:59:36 - [TEST_STEP][PASSED] - sendKeys(testObject, Keys.chord(CONTROL, "a")): Keys 'CONTROL + a' sent to object: 'Object Repository/Master Data/Admin Sekolah/Akun Bank/Edit Akun Bank/Field Nomor Rekening Bank'

01-01-2025T20:59:36 - [MESSAGE][PASSED] - Keys 'CONTROL + a' sent to object: 'Object Repository/Master Data/Admin Sekolah/Akun Bank/Edit Akun Bank/Field Nomor Rekening Bank'

01-01-2025T20:59:36 - [TEST_STEP][PASSED] - sendKeys(testObject, Keys.chord(BACK_SPACE)): Keys 'BACK_SPACE + ' sent to object: 'Object Repository/Master Data/Admin Sekolah/Akun Bank/Edit Akun Bank/Field Nomor Rekening Bank'

01-01-2025T20:59:36 - [MESSAGE][PASSED] - Keys 'BACK_SPACE + ' sent to object: 'Object Repository/Master Data/Admin Sekolah/Akun Bank/Edit Akun Bank/Field Nomor Rekening Bank'

01-01-2025T20:59:36 - [TEST_STEP][PASSED] - setText(testObject, newText): null

01-01-2025T20:59:37 - [MESSAGE][PASSED] - Text '647617517383' is set on object 'Object Repository/Master Data/Admin Sekolah/Akun Bank/Edit Akun Bank/Field Nomor Rekening Bank'

01-01-2025T20:59:37 - [TEST_STEP][PASSED] - click(findTestObject("Master Data/Admin Sekolah/Akun Bank/Edit Akun Bank/Button Simpan")): Object: 'Object Repository/Master Data/Admin Sekolah/Akun Bank/Edit Akun Bank/Button Simpan' is clicked on

01-01-2025T20:59:37 - [MESSAGE][PASSED] - Object: 'Object Repository/Master Data/Admin Sekolah/Akun Bank/Edit Akun Bank/Button Simpan' is clicked on

01-01-2025T20:59:37 - [TEST_STEP][PASSED] - if (verifyElementVisible(findTestObject("Master Data/Admin Sekolah/Akun Bank/Edit Akun Bank/Toast Notification Error Nomor Rekening Sudah Terdaftar"), OPTIONAL)): Unable to verify object is visible (Root cause: com.kms.katalon.core.exception.StepFailedException: Unable to verify object is visible
	at com.kms.katalon.core.webui.keyword.internal.WebUIKeywordMain.stepFailed(WebUIKeywordMain.groovy:117)
	at com.kms.katalon.core.webui.keyword.internal.WebUIKeywordMain.runKeyword(WebUIKeywordMain.groovy:43)
	at com.kms.katalon.core.webui.keyword.builtin.VerifyElementVisibleKeyword.verifyElementVisible(VerifyElementVisibleKeyword.groovy:97)
	at com.kms.katalon.core.webui.keyword.builtin.VerifyElementVisibleKeyword.execute(VerifyElementVisibleKeyword.groovy:67)
	at com.kms.katalon.core.keyword.internal.KeywordExecutor.executeKeywordForPlatform(KeywordExecutor.groovy:74)
	at com.kms.katalon.core.webui.keyword.WebUiBuiltInKeywords.verifyElementVisible(WebUiBuiltInKeywords.groovy:438)
	at Edit Akun Bank.run(Edit Akun Bank:76)
	at com.kms.katalon.core.main.ScriptEngine.run(ScriptEngine.java:194)
	at com.kms.katalon.core.main.ScriptEngine.runScriptAsRawText(ScriptEngine.java:119)
	at com.kms.katalon.core.main.TestCaseExecutor.runScript(TestCaseExecutor.java:448)
	at com.kms.katalon.core.main.TestCaseExecutor.doExecute(TestCaseExecutor.java:439)
	at com.kms.katalon.core.main.TestCaseExecutor.processExecutionPhase(TestCaseExecutor.java:418)
	at com.kms.katalon.core.main.TestCaseExecutor.accessMainPhase(TestCaseExecutor.java:410)
	at com.kms.katalon.core.main.TestCaseExecutor.execute(TestCaseExecutor.java:285)
	at com.kms.katalon.core.common.CommonExecutor.accessTestCaseMainPhase(CommonExecutor.java:65)
	at com.kms.katalon.core.main.TestSuiteExecutor.accessTestSuiteMainPhase(TestSuiteExecutor.java:161)
	at com.kms.katalon.core.main.TestSuiteExecutor.execute(TestSuiteExecutor.java:107)
	at com.kms.katalon.core.main.TestCaseMain.startTestSuite(TestCaseMain.java:176)
	at TempTestSuite1735739901082.run(TempTestSuite1735739901082.groovy:35)
	at java.base/jdk.internal.reflect.NativeMethodAccessorImpl.invoke0(Native Method)
	at java.base/jdk.internal.reflect.NativeMethodAccessorImpl.invoke(NativeMethodAccessorImpl.java:77)
	at java.base/jdk.internal.reflect.DelegatingMethodAccessorImpl.invoke(DelegatingMethodAccessorImpl.java:43)
Caused by: java.lang.IllegalArgumentException: Object is null
	at com.kms.katalon.core.helper.KeywordHelper.checkTestObjectParameter(KeywordHelper.java:33)
	at com.kms.katalon.core.webui.keyword.builtin.VerifyElementVisibleKeyword$_verifyElementVisible_closure1.doCall(VerifyElementVisibleKeyword.groovy:75)
	at com.kms.katalon.core.webui.keyword.builtin.VerifyElementVisibleKeyword$_verifyElementVisible_closure1.call(VerifyElementVisibleKeyword.groovy)
	at com.kms.katalon.core.webui.keyword.internal.WebUIKeywordMain.runKeyword(WebUIKeywordMain.groovy:35)
	at com.kms.katalon.core.webui.keyword.builtin.VerifyElementVisibleKeyword.verifyElementVisible(VerifyElementVisibleKeyword.groovy:97)
	at com.kms.katalon.core.webui.keyword.builtin.VerifyElementVisibleKeyword.execute(VerifyElementVisibleKeyword.groovy:67)
	at com.kms.katalon.core.keyword.internal.KeywordExecutor.executeKeywordForPlatform(KeywordExecutor.groovy:74)
	at com.kms.katalon.core.webui.keyword.WebUiBuiltInKeywords.verifyElementVisible(WebUiBuiltInKeywords.groovy:438)
	at Script1733198752835.run(Script1733198752835.groovy:76)
	... 15 more
)

01-01-2025T20:59:37 - [MESSAGE][WARNING] - Test object with id 'Object Repository/Master Data/Admin Sekolah/Akun Bank/Edit Akun Bank/Toast Notification Error Nomor Rekening Sudah Terdaftar' does not exist

01-01-2025T20:59:37 - [MESSAGE][WARNING] - Test object with id 'Object Repository/' does not exist

01-01-2025T20:59:37 - [MESSAGE][WARNING] - Unable to verify object is visible (Root cause: com.kms.katalon.core.exception.StepFailedException: Unable to verify object is visible
	at com.kms.katalon.core.webui.keyword.internal.WebUIKeywordMain.stepFailed(WebUIKeywordMain.groovy:117)
	at com.kms.katalon.core.webui.keyword.internal.WebUIKeywordMain.runKeyword(WebUIKeywordMain.groovy:43)
	at com.kms.katalon.core.webui.keyword.builtin.VerifyElementVisibleKeyword.verifyElementVisible(VerifyElementVisibleKeyword.groovy:97)
	at com.kms.katalon.core.webui.keyword.builtin.VerifyElementVisibleKeyword.execute(VerifyElementVisibleKeyword.groovy:67)
	at com.kms.katalon.core.keyword.internal.KeywordExecutor.executeKeywordForPlatform(KeywordExecutor.groovy:74)
	at com.kms.katalon.core.webui.keyword.WebUiBuiltInKeywords.verifyElementVisible(WebUiBuiltInKeywords.groovy:438)
	at Edit Akun Bank.run(Edit Akun Bank:76)
	at com.kms.katalon.core.main.ScriptEngine.run(ScriptEngine.java:194)
	at com.kms.katalon.core.main.ScriptEngine.runScriptAsRawText(ScriptEngine.java:119)
	at com.kms.katalon.core.main.TestCaseExecutor.runScript(TestCaseExecutor.java:448)
	at com.kms.katalon.core.main.TestCaseExecutor.doExecute(TestCaseExecutor.java:439)
	at com.kms.katalon.core.main.TestCaseExecutor.processExecutionPhase(TestCaseExecutor.java:418)
	at com.kms.katalon.core.main.TestCaseExecutor.accessMainPhase(TestCaseExecutor.java:410)
	at com.kms.katalon.core.main.TestCaseExecutor.execute(TestCaseExecutor.java:285)
	at com.kms.katalon.core.common.CommonExecutor.accessTestCaseMainPhase(CommonExecutor.java:65)
	at com.kms.katalon.core.main.TestSuiteExecutor.accessTestSuiteMainPhase(TestSuiteExecutor.java:161)
	at com.kms.katalon.core.main.TestSuiteExecutor.execute(TestSuiteExecutor.java:107)
	at com.kms.katalon.core.main.TestCaseMain.startTestSuite(TestCaseMain.java:176)
	at TempTestSuite1735739901082.run(TempTestSuite1735739901082.groovy:35)
	at java.base/jdk.internal.reflect.NativeMethodAccessorImpl.invoke0(Native Method)
	at java.base/jdk.internal.reflect.NativeMethodAccessorImpl.invoke(NativeMethodAccessorImpl.java:77)
	at java.base/jdk.internal.reflect.DelegatingMethodAccessorImpl.invoke(DelegatingMethodAccessorImpl.java:43)
Caused by: java.lang.IllegalArgumentException: Object is null
	at com.kms.katalon.core.helper.KeywordHelper.checkTestObjectParameter(KeywordHelper.java:33)
	at com.kms.katalon.core.webui.keyword.builtin.VerifyElementVisibleKeyword$_verifyElementVisible_closure1.doCall(VerifyElementVisibleKeyword.groovy:75)
	at com.kms.katalon.core.webui.keyword.builtin.VerifyElementVisibleKeyword$_verifyElementVisible_closure1.call(VerifyElementVisibleKeyword.groovy)
	at com.kms.katalon.core.webui.keyword.internal.WebUIKeywordMain.runKeyword(WebUIKeywordMain.groovy:35)
	at com.kms.katalon.core.webui.keyword.builtin.VerifyElementVisibleKeyword.verifyElementVisible(VerifyElementVisibleKeyword.groovy:97)
	at com.kms.katalon.core.webui.keyword.builtin.VerifyElementVisibleKeyword.execute(VerifyElementVisibleKeyword.groovy:67)
	at com.kms.katalon.core.keyword.internal.KeywordExecutor.executeKeywordForPlatform(KeywordExecutor.groovy:74)
	at com.kms.katalon.core.webui.keyword.WebUiBuiltInKeywords.verifyElementVisible(WebUiBuiltInKeywords.groovy:438)
	at Script1733198752835.run(Script1733198752835.groovy:76)
	... 15 more
)
[[ATTACHMENT|C:\\Users\\henri\\Videos\\school-payment-automation-testing\\Reports\\20250101_205820\\SPRINT 1\\20250101_205821\\1735739977523.png]]

01-01-2025T20:59:37 - [TEST_STEP][PASSED] - else: null

01-01-2025T20:59:37 - [TEST_STEP][PASSED] - isSaved = true: null

01-01-2025T20:59:37 - [TEST_STEP][PASSED] - println("Data berhasil disimpan."): null

01-01-2025T20:59:37 - [TEST_STEP][PASSED] - if (isSaved): Object 'Object Repository/Master Data/Admin Sekolah/Akun Bank/Edit Akun Bank/Toast Notification Data Berhasil Diubah' is visible

01-01-2025T20:59:37 - [TEST_STEP][PASSED] - verifyElementVisible(findTestObject("Master Data/Admin Sekolah/Akun Bank/Edit Akun Bank/Toast Notification Data Berhasil Diubah"), STOP_ON_FAILURE): Object 'Object Repository/Master Data/Admin Sekolah/Akun Bank/Edit Akun Bank/Toast Notification Data Berhasil Diubah' is visible

01-01-2025T20:59:38 - [MESSAGE][PASSED] - Object 'Object Repository/Master Data/Admin Sekolah/Akun Bank/Edit Akun Bank/Toast Notification Data Berhasil Diubah' is visible

01-01-2025T20:59:38 - [TEST_STEP][PASSED] - closeBrowser(): Browser is closed

01-01-2025T20:59:38 - [MESSAGE][PASSED] - Browser is closed]]></system-out>
         <system-err><![CDATA[]]></system-err>
      </testcase>
      <testcase name="Test Cases/Master Data/Admin Sekolah/Master Data Kelas/Edit Kelas" time="12.823" classname="Test Cases/Master Data/Admin Sekolah/Master Data Kelas/Edit Kelas" status="PASSED">
         <system-out><![CDATA[01-01-2025T20:59:38 - [TEST_CASE][PASSED] - Test Cases/Master Data/Admin Sekolah/Master Data Kelas/Edit Kelas: Test Cases/Master Data/Admin Sekolah/Master Data Kelas/Edit Kelas

01-01-2025T20:59:38 - [TEST_STEP][PASSED] - openBrowser("", CONTINUE_ON_FAILURE): Browser is opened with url: ''

01-01-2025T20:59:38 - [MESSAGE][INFO] - Starting 'Chrome' driver

01-01-2025T20:59:38 - [MESSAGE][INFO] - Action delay is set to 0 milliseconds

01-01-2025T20:59:39 - [MESSAGE][PASSED] - Browser is opened with url: ''

01-01-2025T20:59:39 - [TEST_STEP][PASSED] - navigateToUrl("https://school-payment.digiform.co.id/login", CONTINUE_ON_FAILURE): Navigate to 'https://school-payment.digiform.co.id/login' successfully

01-01-2025T20:59:39 - [MESSAGE][PASSED] - Navigate to 'https://school-payment.digiform.co.id/login' successfully

01-01-2025T20:59:39 - [TEST_STEP][PASSED] - click(findTestObject("Master Data/Admin Sekolah/Login/Field Email"), CONTINUE_ON_FAILURE): Object: 'Object Repository/Master Data/Admin Sekolah/Login/Field Email' is clicked on

01-01-2025T20:59:41 - [MESSAGE][PASSED] - Object: 'Object Repository/Master Data/Admin Sekolah/Login/Field Email' is clicked on

01-01-2025T20:59:41 - [TEST_STEP][PASSED] - setText(findTestObject("Master Data/Admin Sekolah/Login/Field Email"), "admin.sekolah@gmail.com", CONTINUE_ON_FAILURE): Text 'admin.sekolah@gmail.com' is set on object 'Object Repository/Master Data/Admin Sekolah/Login/Field Email'

01-01-2025T20:59:41 - [MESSAGE][PASSED] - Text 'admin.sekolah@gmail.com' is set on object 'Object Repository/Master Data/Admin Sekolah/Login/Field Email'

01-01-2025T20:59:41 - [TEST_STEP][PASSED] - click(findTestObject("Master Data/Admin Sekolah/Login/Input Password"), CONTINUE_ON_FAILURE): Object: 'Object Repository/Master Data/Admin Sekolah/Login/Input Password' is clicked on

01-01-2025T20:59:41 - [MESSAGE][PASSED] - Object: 'Object Repository/Master Data/Admin Sekolah/Login/Input Password' is clicked on

01-01-2025T20:59:41 - [TEST_STEP][PASSED] - setText(findTestObject("Master Data/Admin Sekolah/Login/Input Password"), "Test1234", CONTINUE_ON_FAILURE): Text 'Test1234' is set on object 'Object Repository/Master Data/Admin Sekolah/Login/Input Password'

01-01-2025T20:59:42 - [MESSAGE][PASSED] - Text 'Test1234' is set on object 'Object Repository/Master Data/Admin Sekolah/Login/Input Password'

01-01-2025T20:59:42 - [TEST_STEP][PASSED] - click(findTestObject("Master Data/Admin Sekolah/Login/Button Submit"), CONTINUE_ON_FAILURE): Object: 'Object Repository/Master Data/Admin Sekolah/Login/Button Submit' is clicked on

01-01-2025T20:59:42 - [MESSAGE][PASSED] - Object: 'Object Repository/Master Data/Admin Sekolah/Login/Button Submit' is clicked on

01-01-2025T20:59:42 - [TEST_STEP][PASSED] - click(findTestObject("Master Data/Admin Sekolah/HomePageMenu/Sidebar Menu"), CONTINUE_ON_FAILURE): Object: 'Object Repository/Master Data/Admin Sekolah/HomePageMenu/Sidebar Menu' is clicked on

01-01-2025T20:59:44 - [MESSAGE][PASSED] - Object: 'Object Repository/Master Data/Admin Sekolah/HomePageMenu/Sidebar Menu' is clicked on

01-01-2025T20:59:44 - [TEST_STEP][PASSED] - click(findTestObject("Master Data/Admin Sekolah/HomePageMenu/Sub Menu Kelas"), CONTINUE_ON_FAILURE): Object: 'Object Repository/Master Data/Admin Sekolah/HomePageMenu/Sub Menu Kelas' is clicked on

01-01-2025T20:59:45 - [MESSAGE][PASSED] - Object: 'Object Repository/Master Data/Admin Sekolah/HomePageMenu/Sub Menu Kelas' is clicked on

01-01-2025T20:59:45 - [TEST_STEP][PASSED] - click(findTestObject("Master Data/Admin Sekolah/Edit Kelas/Edit Kelas"), CONTINUE_ON_FAILURE): Object: 'Object Repository/Master Data/Admin Sekolah/Edit Kelas/Edit Kelas' is clicked on

01-01-2025T20:59:45 - [MESSAGE][PASSED] - Object: 'Object Repository/Master Data/Admin Sekolah/Edit Kelas/Edit Kelas' is clicked on

01-01-2025T20:59:45 - [TEST_STEP][PASSED] - click(findTestObject("Master Data/Admin Sekolah/Edit Kelas/Modal Edit/Unit/Pilih Unit"), CONTINUE_ON_FAILURE): Object: 'Object Repository/Master Data/Admin Sekolah/Edit Kelas/Modal Edit/Unit/Pilih Unit' is clicked on

01-01-2025T20:59:46 - [MESSAGE][PASSED] - Object: 'Object Repository/Master Data/Admin Sekolah/Edit Kelas/Modal Edit/Unit/Pilih Unit' is clicked on

01-01-2025T20:59:46 - [TEST_STEP][PASSED] - click(findTestObject("Master Data/Admin Sekolah/Edit Kelas/Modal Edit/Unit/Klik Unit"), CONTINUE_ON_FAILURE): Object: 'Object Repository/Master Data/Admin Sekolah/Edit Kelas/Modal Edit/Unit/Klik Unit' is clicked on

01-01-2025T20:59:46 - [MESSAGE][PASSED] - Object: 'Object Repository/Master Data/Admin Sekolah/Edit Kelas/Modal Edit/Unit/Klik Unit' is clicked on

01-01-2025T20:59:46 - [TEST_STEP][PASSED] - click(findTestObject("Master Data/Admin Sekolah/Edit Kelas/Modal Edit/Suffix/Edit Suffix")): Object: 'Object Repository/Master Data/Admin Sekolah/Edit Kelas/Modal Edit/Suffix/Edit Suffix' is clicked on

01-01-2025T20:59:47 - [MESSAGE][PASSED] - Object: 'Object Repository/Master Data/Admin Sekolah/Edit Kelas/Modal Edit/Suffix/Edit Suffix' is clicked on

01-01-2025T20:59:47 - [TEST_STEP][PASSED] - suffixArray = ["Laravel Beginner Course", "Laravel Advanced Guide", "PHP Crash Course", "Mastering Laravel with PHP", "Laravel for Beginners", "Full Stack PHP Development", "Backend Laravel Pro", "Laravel 4 With PHP", "PHP Framework Essentials", "Laravel API Development"]: null

01-01-2025T20:59:47 - [TEST_STEP][PASSED] - randomSuffix = suffixArray[Random().nextInt(length)]: null

01-01-2025T20:59:47 - [TEST_STEP][PASSED] - sendKeys(findTestObject("Master Data/Admin Sekolah/Edit Kelas/Modal Edit/Suffix/Edit Suffix"), Keys.chord(CONTROL, "a"), CONTINUE_ON_FAILURE): Keys 'CONTROL + a' sent to object: 'Object Repository/Master Data/Admin Sekolah/Edit Kelas/Modal Edit/Suffix/Edit Suffix'

01-01-2025T20:59:47 - [MESSAGE][PASSED] - Keys 'CONTROL + a' sent to object: 'Object Repository/Master Data/Admin Sekolah/Edit Kelas/Modal Edit/Suffix/Edit Suffix'

01-01-2025T20:59:47 - [TEST_STEP][PASSED] - sendKeys(findTestObject("Master Data/Admin Sekolah/Edit Kelas/Modal Edit/Suffix/Edit Suffix"), Keys.chord(BACK_SPACE), CONTINUE_ON_FAILURE): Keys 'BACK_SPACE + ' sent to object: 'Object Repository/Master Data/Admin Sekolah/Edit Kelas/Modal Edit/Suffix/Edit Suffix'

01-01-2025T20:59:47 - [MESSAGE][PASSED] - Keys 'BACK_SPACE + ' sent to object: 'Object Repository/Master Data/Admin Sekolah/Edit Kelas/Modal Edit/Suffix/Edit Suffix'

01-01-2025T20:59:47 - [TEST_STEP][PASSED] - delay(1): Delayed 1 second(s)

01-01-2025T20:59:48 - [MESSAGE][PASSED] - Delayed 1 second(s)

01-01-2025T20:59:48 - [TEST_STEP][PASSED] - setText(findTestObject("Master Data/Admin Sekolah/Edit Kelas/Modal Edit/Suffix/Edit Suffix"), randomSuffix, CONTINUE_ON_FAILURE): Text 'PHP Framework Essentials' is set on object 'Object Repository/Master Data/Admin Sekolah/Edit Kelas/Modal Edit/Suffix/Edit Suffix'

01-01-2025T20:59:49 - [MESSAGE][PASSED] - Text 'PHP Framework Essentials' is set on object 'Object Repository/Master Data/Admin Sekolah/Edit Kelas/Modal Edit/Suffix/Edit Suffix'

01-01-2025T20:59:49 - [TEST_STEP][PASSED] - click(findTestObject("Master Data/Admin Sekolah/Edit Kelas/Modal Edit/Simpan/Simpan Perubahan"), CONTINUE_ON_FAILURE): Object: 'Object Repository/Master Data/Admin Sekolah/Edit Kelas/Modal Edit/Simpan/Simpan Perubahan' is clicked on

01-01-2025T20:59:49 - [MESSAGE][PASSED] - Object: 'Object Repository/Master Data/Admin Sekolah/Edit Kelas/Modal Edit/Simpan/Simpan Perubahan' is clicked on

01-01-2025T20:59:49 - [TEST_STEP][PASSED] - closeBrowser(CONTINUE_ON_FAILURE): Browser is closed

01-01-2025T20:59:51 - [MESSAGE][PASSED] - Browser is closed]]></system-out>
         <system-err><![CDATA[]]></system-err>
      </testcase>
      <testcase name="Test Cases/Master Data/Admin Sekolah/Master Data Kelas/Tambah Kelas" time="29.351" classname="Test Cases/Master Data/Admin Sekolah/Master Data Kelas/Tambah Kelas" status="PASSED">
         <system-out><![CDATA[01-01-2025T20:59:51 - [TEST_CASE][PASSED] - Test Cases/Master Data/Admin Sekolah/Master Data Kelas/Tambah Kelas: Test Cases/Master Data/Admin Sekolah/Master Data Kelas/Tambah Kelas

01-01-2025T20:59:51 - [TEST_STEP][PASSED] - openBrowser("", CONTINUE_ON_FAILURE): Browser is opened with url: ''

01-01-2025T20:59:51 - [MESSAGE][INFO] - Starting 'Chrome' driver

01-01-2025T20:59:51 - [MESSAGE][INFO] - Action delay is set to 0 milliseconds

01-01-2025T20:59:51 - [MESSAGE][PASSED] - Browser is opened with url: ''

01-01-2025T20:59:51 - [TEST_STEP][PASSED] - navigateToUrl("https://school-payment.digiform.co.id/login"): Navigate to 'https://school-payment.digiform.co.id/login' successfully

01-01-2025T21:00:11 - [MESSAGE][PASSED] - Navigate to 'https://school-payment.digiform.co.id/login' successfully

01-01-2025T21:00:11 - [TEST_STEP][PASSED] - click(findTestObject("Master Data/Admin Sekolah/Login/Field Email"), CONTINUE_ON_FAILURE): Object: 'Object Repository/Master Data/Admin Sekolah/Login/Field Email' is clicked on

01-01-2025T21:00:12 - [MESSAGE][PASSED] - Object: 'Object Repository/Master Data/Admin Sekolah/Login/Field Email' is clicked on

01-01-2025T21:00:12 - [TEST_STEP][PASSED] - setText(findTestObject("Master Data/Admin Sekolah/Login/Field Email"), "admin.sekolah@gmail.com", CONTINUE_ON_FAILURE): Text 'admin.sekolah@gmail.com' is set on object 'Object Repository/Master Data/Admin Sekolah/Login/Field Email'

01-01-2025T21:00:12 - [MESSAGE][PASSED] - Text 'admin.sekolah@gmail.com' is set on object 'Object Repository/Master Data/Admin Sekolah/Login/Field Email'

01-01-2025T21:00:12 - [TEST_STEP][PASSED] - click(findTestObject("Master Data/Admin Sekolah/Login/Input Password"), CONTINUE_ON_FAILURE): Object: 'Object Repository/Master Data/Admin Sekolah/Login/Input Password' is clicked on

01-01-2025T21:00:12 - [MESSAGE][PASSED] - Object: 'Object Repository/Master Data/Admin Sekolah/Login/Input Password' is clicked on

01-01-2025T21:00:12 - [TEST_STEP][PASSED] - setText(findTestObject("Master Data/Admin Sekolah/Login/Input Password"), "Test1234", CONTINUE_ON_FAILURE): Text 'Test1234' is set on object 'Object Repository/Master Data/Admin Sekolah/Login/Input Password'

01-01-2025T21:00:13 - [MESSAGE][PASSED] - Text 'Test1234' is set on object 'Object Repository/Master Data/Admin Sekolah/Login/Input Password'

01-01-2025T21:00:13 - [TEST_STEP][PASSED] - click(findTestObject("Master Data/Admin Sekolah/Login/Button Submit"), CONTINUE_ON_FAILURE): Object: 'Object Repository/Master Data/Admin Sekolah/Login/Button Submit' is clicked on

01-01-2025T21:00:13 - [MESSAGE][PASSED] - Object: 'Object Repository/Master Data/Admin Sekolah/Login/Button Submit' is clicked on

01-01-2025T21:00:13 - [TEST_STEP][PASSED] - click(findTestObject("Master Data/Admin Sekolah/HomePageMenu/Sidebar Menu"), CONTINUE_ON_FAILURE): Object: 'Object Repository/Master Data/Admin Sekolah/HomePageMenu/Sidebar Menu' is clicked on

01-01-2025T21:00:15 - [MESSAGE][PASSED] - Object: 'Object Repository/Master Data/Admin Sekolah/HomePageMenu/Sidebar Menu' is clicked on

01-01-2025T21:00:15 - [TEST_STEP][PASSED] - click(findTestObject("Master Data/Admin Sekolah/HomePageMenu/Sub Menu Kelas"), CONTINUE_ON_FAILURE): Object: 'Object Repository/Master Data/Admin Sekolah/HomePageMenu/Sub Menu Kelas' is clicked on

01-01-2025T21:00:16 - [MESSAGE][PASSED] - Object: 'Object Repository/Master Data/Admin Sekolah/HomePageMenu/Sub Menu Kelas' is clicked on

01-01-2025T21:00:16 - [TEST_STEP][PASSED] - click(findTestObject("Master Data/Admin Sekolah/Tambah Kelas/Tambah Kelas"), CONTINUE_ON_FAILURE): Object: 'Object Repository/Master Data/Admin Sekolah/Tambah Kelas/Tambah Kelas' is clicked on

01-01-2025T21:00:17 - [MESSAGE][PASSED] - Object: 'Object Repository/Master Data/Admin Sekolah/Tambah Kelas/Tambah Kelas' is clicked on

01-01-2025T21:00:17 - [TEST_STEP][PASSED] - click(findTestObject("Master Data/Admin Sekolah/Tambah Kelas/Modal Tambah/Unit/Pilih Unit"), CONTINUE_ON_FAILURE): Object: 'Object Repository/Master Data/Admin Sekolah/Tambah Kelas/Modal Tambah/Unit/Pilih Unit' is clicked on

01-01-2025T21:00:17 - [MESSAGE][PASSED] - Object: 'Object Repository/Master Data/Admin Sekolah/Tambah Kelas/Modal Tambah/Unit/Pilih Unit' is clicked on

01-01-2025T21:00:17 - [TEST_STEP][PASSED] - click(findTestObject("Master Data/Admin Sekolah/Tambah Kelas/Modal Tambah/Unit/Klik Unit"), CONTINUE_ON_FAILURE): Object: 'Object Repository/Master Data/Admin Sekolah/Tambah Kelas/Modal Tambah/Unit/Klik Unit' is clicked on

01-01-2025T21:00:18 - [MESSAGE][PASSED] - Object: 'Object Repository/Master Data/Admin Sekolah/Tambah Kelas/Modal Tambah/Unit/Klik Unit' is clicked on

01-01-2025T21:00:18 - [TEST_STEP][PASSED] - click(findTestObject("Master Data/Admin Sekolah/Tambah Kelas/Modal Tambah/Prefix/Klik Prefix"), CONTINUE_ON_FAILURE): Object: 'Object Repository/Master Data/Admin Sekolah/Tambah Kelas/Modal Tambah/Prefix/Klik Prefix' is clicked on

01-01-2025T21:00:18 - [MESSAGE][PASSED] - Object: 'Object Repository/Master Data/Admin Sekolah/Tambah Kelas/Modal Tambah/Prefix/Klik Prefix' is clicked on

01-01-2025T21:00:18 - [TEST_STEP][PASSED] - click(findTestObject("Master Data/Admin Sekolah/Tambah Kelas/Modal Tambah/Prefix/Pilih Prefix"), CONTINUE_ON_FAILURE): Object: 'Object Repository/Master Data/Admin Sekolah/Tambah Kelas/Modal Tambah/Prefix/Pilih Prefix' is clicked on

01-01-2025T21:00:18 - [MESSAGE][PASSED] - Object: 'Object Repository/Master Data/Admin Sekolah/Tambah Kelas/Modal Tambah/Prefix/Pilih Prefix' is clicked on

01-01-2025T21:00:18 - [TEST_STEP][PASSED] - setText(findTestObject("Master Data/Admin Sekolah/Tambah Kelas/Modal Tambah/Suffix/Input Suffix kelas"), "PHP 4", CONTINUE_ON_FAILURE): Text 'PHP 4' is set on object 'Object Repository/Master Data/Admin Sekolah/Tambah Kelas/Modal Tambah/Suffix/Input Suffix kelas'

01-01-2025T21:00:19 - [MESSAGE][PASSED] - Text 'PHP 4' is set on object 'Object Repository/Master Data/Admin Sekolah/Tambah Kelas/Modal Tambah/Suffix/Input Suffix kelas'

01-01-2025T21:00:19 - [TEST_STEP][PASSED] - click(findTestObject("Master Data/Admin Sekolah/Tambah Kelas/Modal Tambah/Jurusan/Klik Jurusan"), CONTINUE_ON_FAILURE): Object: 'Object Repository/Master Data/Admin Sekolah/Tambah Kelas/Modal Tambah/Jurusan/Klik Jurusan' is clicked on

01-01-2025T21:00:19 - [MESSAGE][PASSED] - Object: 'Object Repository/Master Data/Admin Sekolah/Tambah Kelas/Modal Tambah/Jurusan/Klik Jurusan' is clicked on

01-01-2025T21:00:19 - [TEST_STEP][PASSED] - click(findTestObject("Master Data/Admin Sekolah/Tambah Kelas/Modal Tambah/Jurusan/Pilih Jurusan"), CONTINUE_ON_FAILURE): Object: 'Object Repository/Master Data/Admin Sekolah/Tambah Kelas/Modal Tambah/Jurusan/Pilih Jurusan' is clicked on

01-01-2025T21:00:20 - [MESSAGE][PASSED] - Object: 'Object Repository/Master Data/Admin Sekolah/Tambah Kelas/Modal Tambah/Jurusan/Pilih Jurusan' is clicked on

01-01-2025T21:00:20 - [TEST_STEP][PASSED] - click(findTestObject("Master Data/Admin Sekolah/Tambah Kelas/Modal Tambah/Tambahkan/Tambah Data"), CONTINUE_ON_FAILURE): Object: 'Object Repository/Master Data/Admin Sekolah/Tambah Kelas/Modal Tambah/Tambahkan/Tambah Data' is clicked on

01-01-2025T21:00:20 - [MESSAGE][PASSED] - Object: 'Object Repository/Master Data/Admin Sekolah/Tambah Kelas/Modal Tambah/Tambahkan/Tambah Data' is clicked on

01-01-2025T21:00:20 - [TEST_STEP][PASSED] - closeBrowser(CONTINUE_ON_FAILURE): Browser is closed

01-01-2025T21:00:20 - [MESSAGE][PASSED] - Browser is closed]]></system-out>
         <system-err><![CDATA[]]></system-err>
      </testcase>
      <testcase name="Test Cases/Master Data/Admin Sekolah/Master Data Tahun Ajaran/Tambah Tahun Ajaran" time="27.182" classname="Test Cases/Master Data/Admin Sekolah/Master Data Tahun Ajaran/Tambah Tahun Ajaran" status="PASSED">
         <system-out><![CDATA[01-01-2025T21:00:20 - [TEST_CASE][PASSED] - Test Cases/Master Data/Admin Sekolah/Master Data Tahun Ajaran/Tambah Tahun Ajaran: Test Cases/Master Data/Admin Sekolah/Master Data Tahun Ajaran/Tambah Tahun Ajaran

01-01-2025T21:00:20 - [TEST_STEP][PASSED] - openBrowser(""): Browser is opened with url: ''

01-01-2025T21:00:20 - [MESSAGE][INFO] - Starting 'Chrome' driver

01-01-2025T21:00:20 - [MESSAGE][INFO] - Action delay is set to 0 milliseconds

01-01-2025T21:00:21 - [MESSAGE][PASSED] - Browser is opened with url: ''

01-01-2025T21:00:21 - [TEST_STEP][PASSED] - navigateToUrl("https://school-payment.digiform.co.id/login"): Navigate to 'https://school-payment.digiform.co.id/login' successfully

01-01-2025T21:00:21 - [MESSAGE][PASSED] - Navigate to 'https://school-payment.digiform.co.id/login' successfully

01-01-2025T21:00:21 - [TEST_STEP][PASSED] - setText(findTestObject("Master Data/Admin Sekolah/Login/Field Email"), "admin.sekolah@gmail.com"): Text 'admin.sekolah@gmail.com' is set on object 'Object Repository/Master Data/Admin Sekolah/Login/Field Email'

01-01-2025T21:00:23 - [MESSAGE][PASSED] - Text 'admin.sekolah@gmail.com' is set on object 'Object Repository/Master Data/Admin Sekolah/Login/Field Email'

01-01-2025T21:00:23 - [TEST_STEP][PASSED] - setText(findTestObject("Master Data/Admin Sekolah/Login/Input Password"), "Test1234"): Text 'Test1234' is set on object 'Object Repository/Master Data/Admin Sekolah/Login/Input Password'

01-01-2025T21:00:24 - [MESSAGE][PASSED] - Text 'Test1234' is set on object 'Object Repository/Master Data/Admin Sekolah/Login/Input Password'

01-01-2025T21:00:24 - [TEST_STEP][PASSED] - click(findTestObject("Master Data/Admin Sekolah/Login/Button Submit")): Object: 'Object Repository/Master Data/Admin Sekolah/Login/Button Submit' is clicked on

01-01-2025T21:00:24 - [MESSAGE][PASSED] - Object: 'Object Repository/Master Data/Admin Sekolah/Login/Button Submit' is clicked on

01-01-2025T21:00:24 - [TEST_STEP][PASSED] - click(findTestObject("Master Data/Admin Sekolah/Master Data Menu")): Object: 'Object Repository/Master Data/Admin Sekolah/Master Data Menu' is clicked on

01-01-2025T21:00:26 - [MESSAGE][PASSED] - Object: 'Object Repository/Master Data/Admin Sekolah/Master Data Menu' is clicked on

01-01-2025T21:00:26 - [TEST_STEP][PASSED] - click(findTestObject("Master Data/Admin Sekolah/Tahun Ajaran/Menu Tahun Ajaran")): Object: 'Object Repository/Master Data/Admin Sekolah/Tahun Ajaran/Menu Tahun Ajaran' is clicked on

01-01-2025T21:00:45 - [MESSAGE][PASSED] - Object: 'Object Repository/Master Data/Admin Sekolah/Tahun Ajaran/Menu Tahun Ajaran' is clicked on

01-01-2025T21:00:45 - [TEST_STEP][PASSED] - click(findTestObject("Master Data/Admin Sekolah/Tahun Ajaran/Button Tambah")): Object: 'Object Repository/Master Data/Admin Sekolah/Tahun Ajaran/Button Tambah' is clicked on

01-01-2025T21:00:46 - [MESSAGE][PASSED] - Object: 'Object Repository/Master Data/Admin Sekolah/Tahun Ajaran/Button Tambah' is clicked on

01-01-2025T21:00:46 - [TEST_STEP][PASSED] - click(findTestObject("Master Data/Admin Sekolah/Tahun Ajaran/Tahun Mulai/Dropdown Tahun Mulai")): Object: 'Object Repository/Master Data/Admin Sekolah/Tahun Ajaran/Tahun Mulai/Dropdown Tahun Mulai' is clicked on

01-01-2025T21:00:46 - [MESSAGE][PASSED] - Object: 'Object Repository/Master Data/Admin Sekolah/Tahun Ajaran/Tahun Mulai/Dropdown Tahun Mulai' is clicked on

01-01-2025T21:00:46 - [TEST_STEP][PASSED] - dynamicXPath = createDynamicXPath("10"): null

01-01-2025T21:00:46 - [TEST_STEP][PASSED] - return ((//div[@class='mt-2 grid grid-cols-7']//p[text()=' + date) + ' and contains(@class, 'cursor-pointer')]): null

01-01-2025T21:00:46 - [TEST_STEP][PASSED] - dynamicTestObject = TestObject().addProperty("xpath", EQUALS, dynamicXPath): null

01-01-2025T21:00:46 - [TEST_STEP][PASSED] - click(dynamicTestObject): Object: '' is clicked on

01-01-2025T21:00:47 - [MESSAGE][PASSED] - Object: '' is clicked on

01-01-2025T21:00:47 - [TEST_STEP][PASSED] - click(findTestObject("Master Data/Admin Sekolah/Tahun Ajaran/Button Submit Tahun Ajaran")): Object: 'Object Repository/Master Data/Admin Sekolah/Tahun Ajaran/Button Submit Tahun Ajaran' is clicked on

01-01-2025T21:00:47 - [MESSAGE][PASSED] - Object: 'Object Repository/Master Data/Admin Sekolah/Tahun Ajaran/Button Submit Tahun Ajaran' is clicked on

01-01-2025T21:00:47 - [TEST_STEP][PASSED] - closeBrowser(): Browser is closed

01-01-2025T21:00:47 - [MESSAGE][PASSED] - Browser is closed]]></system-out>
         <system-err><![CDATA[]]></system-err>
      </testcase>
      <testcase name="Test Cases/Master Data/Admin Sekolah/Master Data Tahun Ajaran/Edit Tahun Ajaran" time="33.737" classname="Test Cases/Master Data/Admin Sekolah/Master Data Tahun Ajaran/Edit Tahun Ajaran" status="PASSED">
         <system-out><![CDATA[01-01-2025T21:00:47 - [TEST_CASE][PASSED] - Test Cases/Master Data/Admin Sekolah/Master Data Tahun Ajaran/Edit Tahun Ajaran: Test Cases/Master Data/Admin Sekolah/Master Data Tahun Ajaran/Edit Tahun Ajaran

01-01-2025T21:00:47 - [TEST_STEP][PASSED] - openBrowser("", CONTINUE_ON_FAILURE): Browser is opened with url: ''

01-01-2025T21:00:47 - [MESSAGE][INFO] - Starting 'Chrome' driver

01-01-2025T21:00:47 - [MESSAGE][INFO] - Action delay is set to 0 milliseconds

01-01-2025T21:00:48 - [MESSAGE][PASSED] - Browser is opened with url: ''

01-01-2025T21:00:48 - [TEST_STEP][PASSED] - navigateToUrl("https://school-payment.digiform.co.id/login", CONTINUE_ON_FAILURE): Navigate to 'https://school-payment.digiform.co.id/login' successfully

01-01-2025T21:01:08 - [MESSAGE][PASSED] - Navigate to 'https://school-payment.digiform.co.id/login' successfully

01-01-2025T21:01:08 - [TEST_STEP][PASSED] - click(findTestObject("Master Data/Admin Sekolah/Login/Field Email"), CONTINUE_ON_FAILURE): Object: 'Object Repository/Master Data/Admin Sekolah/Login/Field Email' is clicked on

01-01-2025T21:01:09 - [MESSAGE][PASSED] - Object: 'Object Repository/Master Data/Admin Sekolah/Login/Field Email' is clicked on

01-01-2025T21:01:09 - [TEST_STEP][PASSED] - setText(findTestObject("Master Data/Admin Sekolah/Login/Field Email"), "admin.sekolah@gmail.com", CONTINUE_ON_FAILURE): Text 'admin.sekolah@gmail.com' is set on object 'Object Repository/Master Data/Admin Sekolah/Login/Field Email'

01-01-2025T21:01:10 - [MESSAGE][PASSED] - Text 'admin.sekolah@gmail.com' is set on object 'Object Repository/Master Data/Admin Sekolah/Login/Field Email'

01-01-2025T21:01:10 - [TEST_STEP][PASSED] - click(findTestObject("Master Data/Admin Sekolah/Login/Input Password"), CONTINUE_ON_FAILURE): Object: 'Object Repository/Master Data/Admin Sekolah/Login/Input Password' is clicked on

01-01-2025T21:01:10 - [MESSAGE][PASSED] - Object: 'Object Repository/Master Data/Admin Sekolah/Login/Input Password' is clicked on

01-01-2025T21:01:10 - [TEST_STEP][PASSED] - setText(findTestObject("Master Data/Admin Sekolah/Login/Input Password"), "Test1234", CONTINUE_ON_FAILURE): Text 'Test1234' is set on object 'Object Repository/Master Data/Admin Sekolah/Login/Input Password'

01-01-2025T21:01:10 - [MESSAGE][PASSED] - Text 'Test1234' is set on object 'Object Repository/Master Data/Admin Sekolah/Login/Input Password'

01-01-2025T21:01:10 - [TEST_STEP][PASSED] - click(findTestObject("Master Data/Admin Sekolah/Login/Button Submit"), CONTINUE_ON_FAILURE): Object: 'Object Repository/Master Data/Admin Sekolah/Login/Button Submit' is clicked on

01-01-2025T21:01:11 - [MESSAGE][PASSED] - Object: 'Object Repository/Master Data/Admin Sekolah/Login/Button Submit' is clicked on

01-01-2025T21:01:11 - [TEST_STEP][PASSED] - click(findTestObject("Master Data/Admin Sekolah/Master Data Menu"), CONTINUE_ON_FAILURE): Object: 'Object Repository/Master Data/Admin Sekolah/Master Data Menu' is clicked on

01-01-2025T21:01:17 - [MESSAGE][PASSED] - Object: 'Object Repository/Master Data/Admin Sekolah/Master Data Menu' is clicked on

01-01-2025T21:01:17 - [TEST_STEP][PASSED] - click(findTestObject("Master Data/Admin Sekolah/Tahun Ajaran/Menu Tahun Ajaran"), CONTINUE_ON_FAILURE): Object: 'Object Repository/Master Data/Admin Sekolah/Tahun Ajaran/Menu Tahun Ajaran' is clicked on

01-01-2025T21:01:18 - [MESSAGE][PASSED] - Object: 'Object Repository/Master Data/Admin Sekolah/Tahun Ajaran/Menu Tahun Ajaran' is clicked on

01-01-2025T21:01:18 - [TEST_STEP][PASSED] - click(findTestObject("Master Data/Admin Sekolah/Tahun Ajaran/Edit Tahun Ajaran/Icon Edit"), CONTINUE_ON_FAILURE): Object: 'Object Repository/Master Data/Admin Sekolah/Tahun Ajaran/Edit Tahun Ajaran/Icon Edit' is clicked on

01-01-2025T21:01:19 - [MESSAGE][PASSED] - Object: 'Object Repository/Master Data/Admin Sekolah/Tahun Ajaran/Edit Tahun Ajaran/Icon Edit' is clicked on

01-01-2025T21:01:19 - [TEST_STEP][PASSED] - click(findTestObject("Master Data/Admin Sekolah/Tahun Ajaran/Edit Tahun Ajaran/Dropdown Edit tahun Selesai"), CONTINUE_ON_FAILURE): Object: 'Object Repository/Master Data/Admin Sekolah/Tahun Ajaran/Edit Tahun Ajaran/Dropdown Edit tahun Selesai' is clicked on

01-01-2025T21:01:19 - [MESSAGE][PASSED] - Object: 'Object Repository/Master Data/Admin Sekolah/Tahun Ajaran/Edit Tahun Ajaran/Dropdown Edit tahun Selesai' is clicked on

01-01-2025T21:01:19 - [TEST_STEP][PASSED] - click(findTestObject("Master Data/Admin Sekolah/Tahun Ajaran/Edit Tahun Ajaran/Dropdown List Tahun Selesai"), CONTINUE_ON_FAILURE): Object: 'Object Repository/Master Data/Admin Sekolah/Tahun Ajaran/Edit Tahun Ajaran/Dropdown List Tahun Selesai' is clicked on

01-01-2025T21:01:20 - [MESSAGE][PASSED] - Object: 'Object Repository/Master Data/Admin Sekolah/Tahun Ajaran/Edit Tahun Ajaran/Dropdown List Tahun Selesai' is clicked on

01-01-2025T21:01:20 - [TEST_STEP][PASSED] - click(findTestObject("Master Data/Admin Sekolah/Tahun Ajaran/Edit Tahun Ajaran/Pilih List Tahun Selesai"), CONTINUE_ON_FAILURE): Object: 'Object Repository/Master Data/Admin Sekolah/Tahun Ajaran/Edit Tahun Ajaran/Pilih List Tahun Selesai' is clicked on

01-01-2025T21:01:20 - [MESSAGE][PASSED] - Object: 'Object Repository/Master Data/Admin Sekolah/Tahun Ajaran/Edit Tahun Ajaran/Pilih List Tahun Selesai' is clicked on

01-01-2025T21:01:20 - [TEST_STEP][PASSED] - click(findTestObject("Master Data/Admin Sekolah/Tahun Ajaran/Edit Tahun Ajaran/Pilih Tanggal Tahun Selesai"), CONTINUE_ON_FAILURE): Object: 'Object Repository/Master Data/Admin Sekolah/Tahun Ajaran/Edit Tahun Ajaran/Pilih Tanggal Tahun Selesai' is clicked on

01-01-2025T21:01:21 - [MESSAGE][PASSED] - Object: 'Object Repository/Master Data/Admin Sekolah/Tahun Ajaran/Edit Tahun Ajaran/Pilih Tanggal Tahun Selesai' is clicked on

01-01-2025T21:01:21 - [TEST_STEP][PASSED] - click(findTestObject("Master Data/Admin Sekolah/Tahun Ajaran/Button Submit Tahun Ajaran"), CONTINUE_ON_FAILURE): Object: 'Object Repository/Master Data/Admin Sekolah/Tahun Ajaran/Button Submit Tahun Ajaran' is clicked on

01-01-2025T21:01:21 - [MESSAGE][PASSED] - Object: 'Object Repository/Master Data/Admin Sekolah/Tahun Ajaran/Button Submit Tahun Ajaran' is clicked on]]></system-out>
         <system-err><![CDATA[]]></system-err>
      </testcase>
      <testcase name="Test Cases/Master Data/Admin Sekolah/Master Data Tagihan/Filter Tagihan" time="478.159" classname="Test Cases/Master Data/Admin Sekolah/Master Data Tagihan/Filter Tagihan" status="FAILED">
         <failure type="FAILED" message="Test Cases/Master Data/Admin Sekolah/Master Data Tagihan/Filter Tagihan FAILED.&#xa;Reason:&#xa;com.kms.katalon.core.exception.StepFailedException: Unable to click on object 'Object Repository/Master Data/Admin Sekolah/Login/Field Email' (Root cause: com.kms.katalon.core.exception.StepFailedException: Unable to click on object 'Object Repository/Master Data/Admin Sekolah/Login/Field Email'&#xa;	at com.kms.katalon.core.webui.keyword.internal.WebUIKeywordMain.stepFailed(WebUIKeywordMain.groovy:117)&#xa;	at com.kms.katalon.core.webui.keyword.internal.WebUIKeywordMain.runKeyword(WebUIKeywordMain.groovy:43)&#xa;	at com.kms.katalon.core.webui.keyword.builtin.ClickKeyword.click(ClickKeyword.groovy:75)&#xa;	at com.kms.katalon.core.webui.keyword.builtin.ClickKeyword.execute(ClickKeyword.groovy:40)&#xa;	at com.kms.katalon.core.keyword.internal.KeywordExecutor.executeKeywordForPlatform(KeywordExecutor.groovy:74)&#xa;	at com.kms.katalon.core.webui.keyword.WebUiBuiltInKeywords.click(WebUiBuiltInKeywords.groovy:684)&#xa;	at Filter Tagihan.run(Filter Tagihan:24)&#xa;	at com.kms.katalon.core.main.ScriptEngine.run(ScriptEngine.java:194)&#xa;	at com.kms.katalon.core.main.ScriptEngine.runScriptAsRawText(ScriptEngine.java:119)&#xa;	at com.kms.katalon.core.main.TestCaseExecutor.runScript(TestCaseExecutor.java:448)&#xa;	at com.kms.katalon.core.main.TestCaseExecutor.doExecute(TestCaseExecutor.java:439)&#xa;	at com.kms.katalon.core.main.TestCaseExecutor.processExecutionPhase(TestCaseExecutor.java:418)&#xa;	at com.kms.katalon.core.main.TestCaseExecutor.accessMainPhase(TestCaseExecutor.java:410)&#xa;	at com.kms.katalon.core.main.TestCaseExecutor.execute(TestCaseExecutor.java:285)&#xa;	at com.kms.katalon.core.common.CommonExecutor.accessTestCaseMainPhase(CommonExecutor.java:65)&#xa;	at com.kms.katalon.core.main.TestSuiteExecutor.accessTestSuiteMainPhase(TestSuiteExecutor.java:161)&#xa;	at com.kms.katalon.core.main.TestSuiteExecutor.execute(TestSuiteExecutor.java:107)&#xa;	at com.kms.katalon.core.main.TestCaseMain.startTestSuite(TestCaseMain.java:176)&#xa;	at TempTestSuite1735739901082.run(TempTestSuite1735739901082.groovy:35)&#xa;	at java.base/jdk.internal.reflect.NativeMethodAccessorImpl.invoke0(Native Method)&#xa;	at java.base/jdk.internal.reflect.NativeMethodAccessorImpl.invoke(NativeMethodAccessorImpl.java:77)&#xa;	at java.base/jdk.internal.reflect.DelegatingMethodAccessorImpl.invoke(DelegatingMethodAccessorImpl.java:43)&#xa;Caused by: com.kms.katalon.core.webui.exception.WebElementNotFoundException: Web element with id: 'Object Repository/Master Data/Admin Sekolah/Login/Field Email' located by '//input[@name='email']' not found&#xa;	at com.kms.katalon.core.webui.common.WebUiCommonHelper.findWebElement(WebUiCommonHelper.java:1426)&#xa;	at com.kms.katalon.core.webui.keyword.internal.WebUIAbstractKeyword.findWebElement(WebUIAbstractKeyword.groovy:27)&#xa;	at com.kms.katalon.core.webui.keyword.builtin.ClickKeyword$_click_closure1.doCall(ClickKeyword.groovy:66)&#xa;	at com.kms.katalon.core.webui.keyword.builtin.ClickKeyword$_click_closure1.call(ClickKeyword.groovy)&#xa;	at com.kms.katalon.core.webui.keyword.internal.WebUIKeywordMain.runKeyword(WebUIKeywordMain.groovy:35)&#xa;	at com.kms.katalon.core.webui.keyword.builtin.ClickKeyword.click(ClickKeyword.groovy:75)&#xa;	at com.kms.katalon.core.webui.keyword.builtin.ClickKeyword.execute(ClickKeyword.groovy:40)&#xa;	at com.kms.katalon.core.keyword.internal.KeywordExecutor.executeKeywordForPlatform(KeywordExecutor.groovy:74)&#xa;	at com.kms.katalon.core.webui.keyword.WebUiBuiltInKeywords.click(WebUiBuiltInKeywords.groovy:684)&#xa;	at Script1731485365054.run(Script1731485365054.groovy:24)&#xa;	... 15 more&#xa;)&#xa;	at com.kms.katalon.core.keyword.internal.KeywordMain.stepFailed(KeywordMain.groovy:39)&#xa;	at com.kms.katalon.core.webui.keyword.internal.WebUIKeywordMain.stepFailed(WebUIKeywordMain.groovy:117)&#xa;	at com.kms.katalon.core.webui.keyword.internal.WebUIKeywordMain.runKeyword(WebUIKeywordMain.groovy:43)&#xa;	at com.kms.katalon.core.webui.keyword.builtin.ClickKeyword.click(ClickKeyword.groovy:75)&#xa;	at com.kms.katalon.core.webui.keyword.builtin.ClickKeyword.execute(ClickKeyword.groovy:40)&#xa;	at com.kms.katalon.core.keyword.internal.KeywordExecutor.executeKeywordForPlatform(KeywordExecutor.groovy:74)&#xa;	at com.kms.katalon.core.webui.keyword.WebUiBuiltInKeywords.click(WebUiBuiltInKeywords.groovy:684)&#xa;	at Filter Tagihan.run(Filter Tagihan:24)&#xa;	at com.kms.katalon.core.main.ScriptEngine.run(ScriptEngine.java:194)&#xa;	at com.kms.katalon.core.main.ScriptEngine.runScriptAsRawText(ScriptEngine.java:119)&#xa;	at com.kms.katalon.core.main.TestCaseExecutor.runScript(TestCaseExecutor.java:448)&#xa;	at com.kms.katalon.core.main.TestCaseExecutor.doExecute(TestCaseExecutor.java:439)&#xa;	at com.kms.katalon.core.main.TestCaseExecutor.processExecutionPhase(TestCaseExecutor.java:418)&#xa;	at com.kms.katalon.core.main.TestCaseExecutor.accessMainPhase(TestCaseExecutor.java:410)&#xa;	at com.kms.katalon.core.main.TestCaseExecutor.execute(TestCaseExecutor.java:285)&#xa;	at com.kms.katalon.core.common.CommonExecutor.accessTestCaseMainPhase(CommonExecutor.java:65)&#xa;	at com.kms.katalon.core.main.TestSuiteExecutor.accessTestSuiteMainPhase(TestSuiteExecutor.java:161)&#xa;	at com.kms.katalon.core.main.TestSuiteExecutor.execute(TestSuiteExecutor.java:107)&#xa;	at com.kms.katalon.core.main.TestCaseMain.startTestSuite(TestCaseMain.java:176)&#xa;	at TempTestSuite1735739901082.run(TempTestSuite1735739901082.groovy:35)&#xa;	at java.base/jdk.internal.reflect.NativeMethodAccessorImpl.invoke0(Native Method)&#xa;	at java.base/jdk.internal.reflect.NativeMethodAccessorImpl.invoke(NativeMethodAccessorImpl.java:77)&#xa;	at java.base/jdk.internal.reflect.DelegatingMethodAccessorImpl.invoke(DelegatingMethodAccessorImpl.java:43)&#xa;Caused by: com.kms.katalon.core.exception.StepFailedException: Unable to click on object 'Object Repository/Master Data/Admin Sekolah/Login/Field Email'&#xa;	... 22 more&#xa;Caused by: com.kms.katalon.core.webui.exception.WebElementNotFoundException: Web element with id: 'Object Repository/Master Data/Admin Sekolah/Login/Field Email' located by '//input[@name='email']' not found&#xa;	at com.kms.katalon.core.webui.common.WebUiCommonHelper.findWebElement(WebUiCommonHelper.java:1426)&#xa;	at com.kms.katalon.core.webui.keyword.internal.WebUIAbstractKeyword.findWebElement(WebUIAbstractKeyword.groovy:27)&#xa;	at com.kms.katalon.core.webui.keyword.builtin.ClickKeyword$_click_closure1.doCall(ClickKeyword.groovy:66)&#xa;	at com.kms.katalon.core.webui.keyword.builtin.ClickKeyword$_click_closure1.call(ClickKeyword.groovy)&#xa;	at com.kms.katalon.core.webui.keyword.internal.WebUIKeywordMain.runKeyword(WebUIKeywordMain.groovy:35)&#xa;	... 20 more&#xa;"/>
         <system-out><![CDATA[01-01-2025T21:01:21 - [TEST_CASE][FAILED] - Test Cases/Master Data/Admin Sekolah/Master Data Tagihan/Filter Tagihan: Test Cases/Master Data/Admin Sekolah/Master Data Tagihan/Filter Tagihan FAILED.
Reason:
com.kms.katalon.core.exception.StepFailedException: Unable to click on object 'Object Repository/Master Data/Admin Sekolah/Login/Field Email' (Root cause: com.kms.katalon.core.exception.StepFailedException: Unable to click on object 'Object Repository/Master Data/Admin Sekolah/Login/Field Email'
	at com.kms.katalon.core.webui.keyword.internal.WebUIKeywordMain.stepFailed(WebUIKeywordMain.groovy:117)
	at com.kms.katalon.core.webui.keyword.internal.WebUIKeywordMain.runKeyword(WebUIKeywordMain.groovy:43)
	at com.kms.katalon.core.webui.keyword.builtin.ClickKeyword.click(ClickKeyword.groovy:75)
	at com.kms.katalon.core.webui.keyword.builtin.ClickKeyword.execute(ClickKeyword.groovy:40)
	at com.kms.katalon.core.keyword.internal.KeywordExecutor.executeKeywordForPlatform(KeywordExecutor.groovy:74)
	at com.kms.katalon.core.webui.keyword.WebUiBuiltInKeywords.click(WebUiBuiltInKeywords.groovy:684)
	at Filter Tagihan.run(Filter Tagihan:24)
	at com.kms.katalon.core.main.ScriptEngine.run(ScriptEngine.java:194)
	at com.kms.katalon.core.main.ScriptEngine.runScriptAsRawText(ScriptEngine.java:119)
	at com.kms.katalon.core.main.TestCaseExecutor.runScript(TestCaseExecutor.java:448)
	at com.kms.katalon.core.main.TestCaseExecutor.doExecute(TestCaseExecutor.java:439)
	at com.kms.katalon.core.main.TestCaseExecutor.processExecutionPhase(TestCaseExecutor.java:418)
	at com.kms.katalon.core.main.TestCaseExecutor.accessMainPhase(TestCaseExecutor.java:410)
	at com.kms.katalon.core.main.TestCaseExecutor.execute(TestCaseExecutor.java:285)
	at com.kms.katalon.core.common.CommonExecutor.accessTestCaseMainPhase(CommonExecutor.java:65)
	at com.kms.katalon.core.main.TestSuiteExecutor.accessTestSuiteMainPhase(TestSuiteExecutor.java:161)
	at com.kms.katalon.core.main.TestSuiteExecutor.execute(TestSuiteExecutor.java:107)
	at com.kms.katalon.core.main.TestCaseMain.startTestSuite(TestCaseMain.java:176)
	at TempTestSuite1735739901082.run(TempTestSuite1735739901082.groovy:35)
	at java.base/jdk.internal.reflect.NativeMethodAccessorImpl.invoke0(Native Method)
	at java.base/jdk.internal.reflect.NativeMethodAccessorImpl.invoke(NativeMethodAccessorImpl.java:77)
	at java.base/jdk.internal.reflect.DelegatingMethodAccessorImpl.invoke(DelegatingMethodAccessorImpl.java:43)
Caused by: com.kms.katalon.core.webui.exception.WebElementNotFoundException: Web element with id: 'Object Repository/Master Data/Admin Sekolah/Login/Field Email' located by '//input[@name='email']' not found
	at com.kms.katalon.core.webui.common.WebUiCommonHelper.findWebElement(WebUiCommonHelper.java:1426)
	at com.kms.katalon.core.webui.keyword.internal.WebUIAbstractKeyword.findWebElement(WebUIAbstractKeyword.groovy:27)
	at com.kms.katalon.core.webui.keyword.builtin.ClickKeyword$_click_closure1.doCall(ClickKeyword.groovy:66)
	at com.kms.katalon.core.webui.keyword.builtin.ClickKeyword$_click_closure1.call(ClickKeyword.groovy)
	at com.kms.katalon.core.webui.keyword.internal.WebUIKeywordMain.runKeyword(WebUIKeywordMain.groovy:35)
	at com.kms.katalon.core.webui.keyword.builtin.ClickKeyword.click(ClickKeyword.groovy:75)
	at com.kms.katalon.core.webui.keyword.builtin.ClickKeyword.execute(ClickKeyword.groovy:40)
	at com.kms.katalon.core.keyword.internal.KeywordExecutor.executeKeywordForPlatform(KeywordExecutor.groovy:74)
	at com.kms.katalon.core.webui.keyword.WebUiBuiltInKeywords.click(WebUiBuiltInKeywords.groovy:684)
	at Script1731485365054.run(Script1731485365054.groovy:24)
	... 15 more
)
	at com.kms.katalon.core.keyword.internal.KeywordMain.stepFailed(KeywordMain.groovy:39)
	at com.kms.katalon.core.webui.keyword.internal.WebUIKeywordMain.stepFailed(WebUIKeywordMain.groovy:117)
	at com.kms.katalon.core.webui.keyword.internal.WebUIKeywordMain.runKeyword(WebUIKeywordMain.groovy:43)
	at com.kms.katalon.core.webui.keyword.builtin.ClickKeyword.click(ClickKeyword.groovy:75)
	at com.kms.katalon.core.webui.keyword.builtin.ClickKeyword.execute(ClickKeyword.groovy:40)
	at com.kms.katalon.core.keyword.internal.KeywordExecutor.executeKeywordForPlatform(KeywordExecutor.groovy:74)
	at com.kms.katalon.core.webui.keyword.WebUiBuiltInKeywords.click(WebUiBuiltInKeywords.groovy:684)
	at Filter Tagihan.run(Filter Tagihan:24)
	at com.kms.katalon.core.main.ScriptEngine.run(ScriptEngine.java:194)
	at com.kms.katalon.core.main.ScriptEngine.runScriptAsRawText(ScriptEngine.java:119)
	at com.kms.katalon.core.main.TestCaseExecutor.runScript(TestCaseExecutor.java:448)
	at com.kms.katalon.core.main.TestCaseExecutor.doExecute(TestCaseExecutor.java:439)
	at com.kms.katalon.core.main.TestCaseExecutor.processExecutionPhase(TestCaseExecutor.java:418)
	at com.kms.katalon.core.main.TestCaseExecutor.accessMainPhase(TestCaseExecutor.java:410)
	at com.kms.katalon.core.main.TestCaseExecutor.execute(TestCaseExecutor.java:285)
	at com.kms.katalon.core.common.CommonExecutor.accessTestCaseMainPhase(CommonExecutor.java:65)
	at com.kms.katalon.core.main.TestSuiteExecutor.accessTestSuiteMainPhase(TestSuiteExecutor.java:161)
	at com.kms.katalon.core.main.TestSuiteExecutor.execute(TestSuiteExecutor.java:107)
	at com.kms.katalon.core.main.TestCaseMain.startTestSuite(TestCaseMain.java:176)
	at TempTestSuite1735739901082.run(TempTestSuite1735739901082.groovy:35)
	at java.base/jdk.internal.reflect.NativeMethodAccessorImpl.invoke0(Native Method)
	at java.base/jdk.internal.reflect.NativeMethodAccessorImpl.invoke(NativeMethodAccessorImpl.java:77)
	at java.base/jdk.internal.reflect.DelegatingMethodAccessorImpl.invoke(DelegatingMethodAccessorImpl.java:43)
Caused by: com.kms.katalon.core.exception.StepFailedException: Unable to click on object 'Object Repository/Master Data/Admin Sekolah/Login/Field Email'
	... 22 more
Caused by: com.kms.katalon.core.webui.exception.WebElementNotFoundException: Web element with id: 'Object Repository/Master Data/Admin Sekolah/Login/Field Email' located by '//input[@name='email']' not found
	at com.kms.katalon.core.webui.common.WebUiCommonHelper.findWebElement(WebUiCommonHelper.java:1426)
	at com.kms.katalon.core.webui.keyword.internal.WebUIAbstractKeyword.findWebElement(WebUIAbstractKeyword.groovy:27)
	at com.kms.katalon.core.webui.keyword.builtin.ClickKeyword$_click_closure1.doCall(ClickKeyword.groovy:66)
	at com.kms.katalon.core.webui.keyword.builtin.ClickKeyword$_click_closure1.call(ClickKeyword.groovy)
	at com.kms.katalon.core.webui.keyword.internal.WebUIKeywordMain.runKeyword(WebUIKeywordMain.groovy:35)
	... 20 more


01-01-2025T21:01:21 - [TEST_STEP][PASSED] - openBrowser("", CONTINUE_ON_FAILURE): Browser is opened with url: ''

01-01-2025T21:01:21 - [MESSAGE][WARNING] - A browser is already opened. Closing browser and opening a new one

01-01-2025T21:01:21 - [MESSAGE][INFO] - Starting 'Chrome' driver

01-01-2025T21:01:21 - [MESSAGE][INFO] - Action delay is set to 0 milliseconds

01-01-2025T21:01:22 - [MESSAGE][PASSED] - Browser is opened with url: ''

01-01-2025T21:01:22 - [TEST_STEP][PASSED] - navigateToUrl("https://school-payment.digiform.co.id/login", CONTINUE_ON_FAILURE): Navigate to 'https://school-payment.digiform.co.id/login' successfully

01-01-2025T21:01:41 - [MESSAGE][PASSED] - Navigate to 'https://school-payment.digiform.co.id/login' successfully

01-01-2025T21:01:41 - [TEST_STEP][FAILED] - click(findTestObject("Master Data/Admin Sekolah/Login/Field Email"), CONTINUE_ON_FAILURE): Unable to click on object 'Object Repository/Master Data/Admin Sekolah/Login/Field Email' (Root cause: com.kms.katalon.core.exception.StepFailedException: Unable to click on object 'Object Repository/Master Data/Admin Sekolah/Login/Field Email'
	at com.kms.katalon.core.webui.keyword.internal.WebUIKeywordMain.stepFailed(WebUIKeywordMain.groovy:117)
	at com.kms.katalon.core.webui.keyword.internal.WebUIKeywordMain.runKeyword(WebUIKeywordMain.groovy:43)
	at com.kms.katalon.core.webui.keyword.builtin.ClickKeyword.click(ClickKeyword.groovy:75)
	at com.kms.katalon.core.webui.keyword.builtin.ClickKeyword.execute(ClickKeyword.groovy:40)
	at com.kms.katalon.core.keyword.internal.KeywordExecutor.executeKeywordForPlatform(KeywordExecutor.groovy:74)
	at com.kms.katalon.core.webui.keyword.WebUiBuiltInKeywords.click(WebUiBuiltInKeywords.groovy:684)
	at Filter Tagihan.run(Filter Tagihan:24)
	at com.kms.katalon.core.main.ScriptEngine.run(ScriptEngine.java:194)
	at com.kms.katalon.core.main.ScriptEngine.runScriptAsRawText(ScriptEngine.java:119)
	at com.kms.katalon.core.main.TestCaseExecutor.runScript(TestCaseExecutor.java:448)
	at com.kms.katalon.core.main.TestCaseExecutor.doExecute(TestCaseExecutor.java:439)
	at com.kms.katalon.core.main.TestCaseExecutor.processExecutionPhase(TestCaseExecutor.java:418)
	at com.kms.katalon.core.main.TestCaseExecutor.accessMainPhase(TestCaseExecutor.java:410)
	at com.kms.katalon.core.main.TestCaseExecutor.execute(TestCaseExecutor.java:285)
	at com.kms.katalon.core.common.CommonExecutor.accessTestCaseMainPhase(CommonExecutor.java:65)
	at com.kms.katalon.core.main.TestSuiteExecutor.accessTestSuiteMainPhase(TestSuiteExecutor.java:161)
	at com.kms.katalon.core.main.TestSuiteExecutor.execute(TestSuiteExecutor.java:107)
	at com.kms.katalon.core.main.TestCaseMain.startTestSuite(TestCaseMain.java:176)
	at TempTestSuite1735739901082.run(TempTestSuite1735739901082.groovy:35)
	at java.base/jdk.internal.reflect.NativeMethodAccessorImpl.invoke0(Native Method)
	at java.base/jdk.internal.reflect.NativeMethodAccessorImpl.invoke(NativeMethodAccessorImpl.java:77)
	at java.base/jdk.internal.reflect.DelegatingMethodAccessorImpl.invoke(DelegatingMethodAccessorImpl.java:43)
Caused by: com.kms.katalon.core.webui.exception.WebElementNotFoundException: Web element with id: 'Object Repository/Master Data/Admin Sekolah/Login/Field Email' located by '//input[@name='email']' not found
	at com.kms.katalon.core.webui.common.WebUiCommonHelper.findWebElement(WebUiCommonHelper.java:1426)
	at com.kms.katalon.core.webui.keyword.internal.WebUIAbstractKeyword.findWebElement(WebUIAbstractKeyword.groovy:27)
	at com.kms.katalon.core.webui.keyword.builtin.ClickKeyword$_click_closure1.doCall(ClickKeyword.groovy:66)
	at com.kms.katalon.core.webui.keyword.builtin.ClickKeyword$_click_closure1.call(ClickKeyword.groovy)
	at com.kms.katalon.core.webui.keyword.internal.WebUIKeywordMain.runKeyword(WebUIKeywordMain.groovy:35)
	at com.kms.katalon.core.webui.keyword.builtin.ClickKeyword.click(ClickKeyword.groovy:75)
	at com.kms.katalon.core.webui.keyword.builtin.ClickKeyword.execute(ClickKeyword.groovy:40)
	at com.kms.katalon.core.keyword.internal.KeywordExecutor.executeKeywordForPlatform(KeywordExecutor.groovy:74)
	at com.kms.katalon.core.webui.keyword.WebUiBuiltInKeywords.click(WebUiBuiltInKeywords.groovy:684)
	at Script1731485365054.run(Script1731485365054.groovy:24)
	... 15 more
)

01-01-2025T21:02:13 - [MESSAGE][INFO] - Unable to find the element located by 'By.xpath: //input[@name='email']'. Please recheck the objects properties to make sure the desired element is located. 

01-01-2025T21:02:13 - [MESSAGE][WARNING] - [SELF-HEALING] Failed to find element with id 'Object Repository/Master Data/Admin Sekolah/Login/Field Email'. Try using Self-healing.

01-01-2025T21:02:13 - [MESSAGE][INFO] - [SELF-HEALING] Failed Locator: '//input[@name='email']'.

01-01-2025T21:02:13 - [MESSAGE][INFO] - [SELF-HEALING] Failed Locator: '//div[@id='__next']/div/main/div/div/form/div[2]/div[2]/input'.

01-01-2025T21:02:13 - [MESSAGE][INFO] - [SELF-HEALING] Failed Locator: '//input'.

01-01-2025T21:02:14 - [MESSAGE][INFO] - [SELF-HEALING] Failed Locator: '//input[@type = 'text' and @placeholder = 'Masukkan Email/Username Anda' and @name = 'email']'.

01-01-2025T21:02:14 - [MESSAGE][INFO] - [SELF-HEALING] Failed Locator: '//input[@name='email']'.

01-01-2025T21:02:14 - [MESSAGE][INFO] - [SELF-HEALING] Failed Locator: '//div[@id='__next']/div/main/div/div/form/div[2]/div[2]/input'.

01-01-2025T21:02:14 - [MESSAGE][INFO] - [SELF-HEALING] Failed Locator: '//input'.

01-01-2025T21:02:14 - [MESSAGE][INFO] - [SELF-HEALING] Failed Locator: '//input[@type = 'text' and @placeholder = 'Masukkan Email/Username Anda' and @name = 'email']'.

01-01-2025T21:02:17 - [MESSAGE][INFO] - Unable to find the element located by 'By.xpath: //*[@type = 'text' and @placeholder = 'Masukkan Email/Username Anda' and @name = 'email']'. Please recheck the objects properties to make sure the desired element is located. 

01-01-2025T21:02:18 - [MESSAGE][INFO] - Unable to find the element located by 'By.cssSelector: input[name="email"]'. Please recheck the objects properties to make sure the desired element is located. 

01-01-2025T21:02:18 - [MESSAGE][FAILED] - Unable to click on object 'Object Repository/Master Data/Admin Sekolah/Login/Field Email' (Root cause: com.kms.katalon.core.exception.StepFailedException: Unable to click on object 'Object Repository/Master Data/Admin Sekolah/Login/Field Email'
	at com.kms.katalon.core.webui.keyword.internal.WebUIKeywordMain.stepFailed(WebUIKeywordMain.groovy:117)
	at com.kms.katalon.core.webui.keyword.internal.WebUIKeywordMain.runKeyword(WebUIKeywordMain.groovy:43)
	at com.kms.katalon.core.webui.keyword.builtin.ClickKeyword.click(ClickKeyword.groovy:75)
	at com.kms.katalon.core.webui.keyword.builtin.ClickKeyword.execute(ClickKeyword.groovy:40)
	at com.kms.katalon.core.keyword.internal.KeywordExecutor.executeKeywordForPlatform(KeywordExecutor.groovy:74)
	at com.kms.katalon.core.webui.keyword.WebUiBuiltInKeywords.click(WebUiBuiltInKeywords.groovy:684)
	at Filter Tagihan.run(Filter Tagihan:24)
	at com.kms.katalon.core.main.ScriptEngine.run(ScriptEngine.java:194)
	at com.kms.katalon.core.main.ScriptEngine.runScriptAsRawText(ScriptEngine.java:119)
	at com.kms.katalon.core.main.TestCaseExecutor.runScript(TestCaseExecutor.java:448)
	at com.kms.katalon.core.main.TestCaseExecutor.doExecute(TestCaseExecutor.java:439)
	at com.kms.katalon.core.main.TestCaseExecutor.processExecutionPhase(TestCaseExecutor.java:418)
	at com.kms.katalon.core.main.TestCaseExecutor.accessMainPhase(TestCaseExecutor.java:410)
	at com.kms.katalon.core.main.TestCaseExecutor.execute(TestCaseExecutor.java:285)
	at com.kms.katalon.core.common.CommonExecutor.accessTestCaseMainPhase(CommonExecutor.java:65)
	at com.kms.katalon.core.main.TestSuiteExecutor.accessTestSuiteMainPhase(TestSuiteExecutor.java:161)
	at com.kms.katalon.core.main.TestSuiteExecutor.execute(TestSuiteExecutor.java:107)
	at com.kms.katalon.core.main.TestCaseMain.startTestSuite(TestCaseMain.java:176)
	at TempTestSuite1735739901082.run(TempTestSuite1735739901082.groovy:35)
	at java.base/jdk.internal.reflect.NativeMethodAccessorImpl.invoke0(Native Method)
	at java.base/jdk.internal.reflect.NativeMethodAccessorImpl.invoke(NativeMethodAccessorImpl.java:77)
	at java.base/jdk.internal.reflect.DelegatingMethodAccessorImpl.invoke(DelegatingMethodAccessorImpl.java:43)
Caused by: com.kms.katalon.core.webui.exception.WebElementNotFoundException: Web element with id: 'Object Repository/Master Data/Admin Sekolah/Login/Field Email' located by '//input[@name='email']' not found
	at com.kms.katalon.core.webui.common.WebUiCommonHelper.findWebElement(WebUiCommonHelper.java:1426)
	at com.kms.katalon.core.webui.keyword.internal.WebUIAbstractKeyword.findWebElement(WebUIAbstractKeyword.groovy:27)
	at com.kms.katalon.core.webui.keyword.builtin.ClickKeyword$_click_closure1.doCall(ClickKeyword.groovy:66)
	at com.kms.katalon.core.webui.keyword.builtin.ClickKeyword$_click_closure1.call(ClickKeyword.groovy)
	at com.kms.katalon.core.webui.keyword.internal.WebUIKeywordMain.runKeyword(WebUIKeywordMain.groovy:35)
	at com.kms.katalon.core.webui.keyword.builtin.ClickKeyword.click(ClickKeyword.groovy:75)
	at com.kms.katalon.core.webui.keyword.builtin.ClickKeyword.execute(ClickKeyword.groovy:40)
	at com.kms.katalon.core.keyword.internal.KeywordExecutor.executeKeywordForPlatform(KeywordExecutor.groovy:74)
	at com.kms.katalon.core.webui.keyword.WebUiBuiltInKeywords.click(WebUiBuiltInKeywords.groovy:684)
	at Script1731485365054.run(Script1731485365054.groovy:24)
	... 15 more
)
[[ATTACHMENT|C:\\Users\\henri\\Videos\\school-payment-automation-testing\\Reports\\20250101_205820\\SPRINT 1\\20250101_205821\\1735740138258.png]]

01-01-2025T21:02:18 - [TEST_STEP][FAILED] - setText(findTestObject("Master Data/Admin Sekolah/Login/Field Email"), "admin.sekolah@gmail.com", CONTINUE_ON_FAILURE): Unable to set text 'admin.sekolah@gmail.com' of object 'Object Repository/Master Data/Admin Sekolah/Login/Field Email' (Root cause: com.kms.katalon.core.exception.StepFailedException: Unable to set text 'admin.sekolah@gmail.com' of object 'Object Repository/Master Data/Admin Sekolah/Login/Field Email'
	at com.kms.katalon.core.webui.keyword.internal.WebUIKeywordMain.stepFailed(WebUIKeywordMain.groovy:117)
	at com.kms.katalon.core.webui.keyword.internal.WebUIKeywordMain.runKeyword(WebUIKeywordMain.groovy:43)
	at com.kms.katalon.core.webui.keyword.builtin.SetTextKeyword.setText(SetTextKeyword.groovy:86)
	at com.kms.katalon.core.webui.keyword.builtin.SetTextKeyword.execute(SetTextKeyword.groovy:39)
	at com.kms.katalon.core.keyword.internal.KeywordExecutor.executeKeywordForPlatform(KeywordExecutor.groovy:74)
	at com.kms.katalon.core.webui.keyword.WebUiBuiltInKeywords.setText(WebUiBuiltInKeywords.groovy:1042)
	at Filter Tagihan.run(Filter Tagihan:26)
	at com.kms.katalon.core.main.ScriptEngine.run(ScriptEngine.java:194)
	at com.kms.katalon.core.main.ScriptEngine.runScriptAsRawText(ScriptEngine.java:119)
	at com.kms.katalon.core.main.TestCaseExecutor.runScript(TestCaseExecutor.java:448)
	at com.kms.katalon.core.main.TestCaseExecutor.doExecute(TestCaseExecutor.java:439)
	at com.kms.katalon.core.main.TestCaseExecutor.processExecutionPhase(TestCaseExecutor.java:418)
	at com.kms.katalon.core.main.TestCaseExecutor.accessMainPhase(TestCaseExecutor.java:410)
	at com.kms.katalon.core.main.TestCaseExecutor.execute(TestCaseExecutor.java:285)
	at com.kms.katalon.core.common.CommonExecutor.accessTestCaseMainPhase(CommonExecutor.java:65)
	at com.kms.katalon.core.main.TestSuiteExecutor.accessTestSuiteMainPhase(TestSuiteExecutor.java:161)
	at com.kms.katalon.core.main.TestSuiteExecutor.execute(TestSuiteExecutor.java:107)
	at com.kms.katalon.core.main.TestCaseMain.startTestSuite(TestCaseMain.java:176)
	at TempTestSuite1735739901082.run(TempTestSuite1735739901082.groovy:35)
	at java.base/jdk.internal.reflect.NativeMethodAccessorImpl.invoke0(Native Method)
	at java.base/jdk.internal.reflect.NativeMethodAccessorImpl.invoke(NativeMethodAccessorImpl.java:77)
	at java.base/jdk.internal.reflect.DelegatingMethodAccessorImpl.invoke(DelegatingMethodAccessorImpl.java:43)
Caused by: com.kms.katalon.core.webui.exception.WebElementNotFoundException: Web element with id: 'Object Repository/Master Data/Admin Sekolah/Login/Field Email' located by '//input[@name='email']' not found
	at com.kms.katalon.core.webui.common.WebUiCommonHelper.findWebElement(WebUiCommonHelper.java:1426)
	at com.kms.katalon.core.webui.keyword.internal.WebUIAbstractKeyword.findWebElement(WebUIAbstractKeyword.groovy:27)
	at com.kms.katalon.core.webui.keyword.internal.WebUIAbstractKeyword.findWebElement(WebUIAbstractKeyword.groovy:26)
	at com.kms.katalon.core.webui.keyword.builtin.SetTextKeyword$_setText_closure1.doCall(SetTextKeyword.groovy:53)
	at com.kms.katalon.core.webui.keyword.builtin.SetTextKeyword$_setText_closure1.call(SetTextKeyword.groovy)
	at com.kms.katalon.core.webui.keyword.internal.WebUIKeywordMain.runKeyword(WebUIKeywordMain.groovy:35)
	at com.kms.katalon.core.webui.keyword.builtin.SetTextKeyword.setText(SetTextKeyword.groovy:86)
	at com.kms.katalon.core.webui.keyword.builtin.SetTextKeyword.execute(SetTextKeyword.groovy:39)
	at com.kms.katalon.core.keyword.internal.KeywordExecutor.executeKeywordForPlatform(KeywordExecutor.groovy:74)
	at com.kms.katalon.core.webui.keyword.WebUiBuiltInKeywords.setText(WebUiBuiltInKeywords.groovy:1042)
	at Script1731485365054.run(Script1731485365054.groovy:26)
	... 15 more
)

01-01-2025T21:02:49 - [MESSAGE][INFO] - Unable to find the element located by 'By.xpath: //input[@name='email']'. Please recheck the objects properties to make sure the desired element is located. 

01-01-2025T21:02:49 - [MESSAGE][WARNING] - [SELF-HEALING] Failed to find element with id 'Object Repository/Master Data/Admin Sekolah/Login/Field Email'. Try using Self-healing.

01-01-2025T21:02:49 - [MESSAGE][INFO] - [SELF-HEALING] Failed Locator: '//input[@name='email']'.

01-01-2025T21:02:49 - [MESSAGE][INFO] - [SELF-HEALING] Failed Locator: '//div[@id='__next']/div/main/div/div/form/div[2]/div[2]/input'.

01-01-2025T21:02:50 - [MESSAGE][INFO] - [SELF-HEALING] Failed Locator: '//input'.

01-01-2025T21:02:50 - [MESSAGE][INFO] - [SELF-HEALING] Failed Locator: '//input[@type = 'text' and @placeholder = 'Masukkan Email/Username Anda' and @name = 'email']'.

01-01-2025T21:02:50 - [MESSAGE][INFO] - [SELF-HEALING] Failed Locator: '//input[@name='email']'.

01-01-2025T21:02:50 - [MESSAGE][INFO] - [SELF-HEALING] Failed Locator: '//div[@id='__next']/div/main/div/div/form/div[2]/div[2]/input'.

01-01-2025T21:02:51 - [MESSAGE][INFO] - [SELF-HEALING] Failed Locator: '//input'.

01-01-2025T21:02:51 - [MESSAGE][INFO] - [SELF-HEALING] Failed Locator: '//input[@type = 'text' and @placeholder = 'Masukkan Email/Username Anda' and @name = 'email']'.

01-01-2025T21:02:53 - [MESSAGE][INFO] - Unable to find the element located by 'By.xpath: //*[@type = 'text' and @placeholder = 'Masukkan Email/Username Anda' and @name = 'email']'. Please recheck the objects properties to make sure the desired element is located. 

01-01-2025T21:02:54 - [MESSAGE][INFO] - Unable to find the element located by 'By.cssSelector: input[name="email"]'. Please recheck the objects properties to make sure the desired element is located. 

01-01-2025T21:02:54 - [MESSAGE][FAILED] - Unable to set text 'admin.sekolah@gmail.com' of object 'Object Repository/Master Data/Admin Sekolah/Login/Field Email' (Root cause: com.kms.katalon.core.exception.StepFailedException: Unable to set text 'admin.sekolah@gmail.com' of object 'Object Repository/Master Data/Admin Sekolah/Login/Field Email'
	at com.kms.katalon.core.webui.keyword.internal.WebUIKeywordMain.stepFailed(WebUIKeywordMain.groovy:117)
	at com.kms.katalon.core.webui.keyword.internal.WebUIKeywordMain.runKeyword(WebUIKeywordMain.groovy:43)
	at com.kms.katalon.core.webui.keyword.builtin.SetTextKeyword.setText(SetTextKeyword.groovy:86)
	at com.kms.katalon.core.webui.keyword.builtin.SetTextKeyword.execute(SetTextKeyword.groovy:39)
	at com.kms.katalon.core.keyword.internal.KeywordExecutor.executeKeywordForPlatform(KeywordExecutor.groovy:74)
	at com.kms.katalon.core.webui.keyword.WebUiBuiltInKeywords.setText(WebUiBuiltInKeywords.groovy:1042)
	at Filter Tagihan.run(Filter Tagihan:26)
	at com.kms.katalon.core.main.ScriptEngine.run(ScriptEngine.java:194)
	at com.kms.katalon.core.main.ScriptEngine.runScriptAsRawText(ScriptEngine.java:119)
	at com.kms.katalon.core.main.TestCaseExecutor.runScript(TestCaseExecutor.java:448)
	at com.kms.katalon.core.main.TestCaseExecutor.doExecute(TestCaseExecutor.java:439)
	at com.kms.katalon.core.main.TestCaseExecutor.processExecutionPhase(TestCaseExecutor.java:418)
	at com.kms.katalon.core.main.TestCaseExecutor.accessMainPhase(TestCaseExecutor.java:410)
	at com.kms.katalon.core.main.TestCaseExecutor.execute(TestCaseExecutor.java:285)
	at com.kms.katalon.core.common.CommonExecutor.accessTestCaseMainPhase(CommonExecutor.java:65)
	at com.kms.katalon.core.main.TestSuiteExecutor.accessTestSuiteMainPhase(TestSuiteExecutor.java:161)
	at com.kms.katalon.core.main.TestSuiteExecutor.execute(TestSuiteExecutor.java:107)
	at com.kms.katalon.core.main.TestCaseMain.startTestSuite(TestCaseMain.java:176)
	at TempTestSuite1735739901082.run(TempTestSuite1735739901082.groovy:35)
	at java.base/jdk.internal.reflect.NativeMethodAccessorImpl.invoke0(Native Method)
	at java.base/jdk.internal.reflect.NativeMethodAccessorImpl.invoke(NativeMethodAccessorImpl.java:77)
	at java.base/jdk.internal.reflect.DelegatingMethodAccessorImpl.invoke(DelegatingMethodAccessorImpl.java:43)
Caused by: com.kms.katalon.core.webui.exception.WebElementNotFoundException: Web element with id: 'Object Repository/Master Data/Admin Sekolah/Login/Field Email' located by '//input[@name='email']' not found
	at com.kms.katalon.core.webui.common.WebUiCommonHelper.findWebElement(WebUiCommonHelper.java:1426)
	at com.kms.katalon.core.webui.keyword.internal.WebUIAbstractKeyword.findWebElement(WebUIAbstractKeyword.groovy:27)
	at com.kms.katalon.core.webui.keyword.internal.WebUIAbstractKeyword.findWebElement(WebUIAbstractKeyword.groovy:26)
	at com.kms.katalon.core.webui.keyword.builtin.SetTextKeyword$_setText_closure1.doCall(SetTextKeyword.groovy:53)
	at com.kms.katalon.core.webui.keyword.builtin.SetTextKeyword$_setText_closure1.call(SetTextKeyword.groovy)
	at com.kms.katalon.core.webui.keyword.internal.WebUIKeywordMain.runKeyword(WebUIKeywordMain.groovy:35)
	at com.kms.katalon.core.webui.keyword.builtin.SetTextKeyword.setText(SetTextKeyword.groovy:86)
	at com.kms.katalon.core.webui.keyword.builtin.SetTextKeyword.execute(SetTextKeyword.groovy:39)
	at com.kms.katalon.core.keyword.internal.KeywordExecutor.executeKeywordForPlatform(KeywordExecutor.groovy:74)
	at com.kms.katalon.core.webui.keyword.WebUiBuiltInKeywords.setText(WebUiBuiltInKeywords.groovy:1042)
	at Script1731485365054.run(Script1731485365054.groovy:26)
	... 15 more
)
[[ATTACHMENT|C:\\Users\\henri\\Videos\\school-payment-automation-testing\\Reports\\20250101_205820\\SPRINT 1\\20250101_205821\\1735740174553.png]]

01-01-2025T21:02:54 - [TEST_STEP][PASSED] - delay(1, CONTINUE_ON_FAILURE): Delayed 1 second(s)

01-01-2025T21:02:55 - [MESSAGE][PASSED] - Delayed 1 second(s)

01-01-2025T21:02:55 - [TEST_STEP][FAILED] - click(findTestObject("Master Data/Admin Sekolah/Login/Input Password"), CONTINUE_ON_FAILURE): Unable to click on object 'Object Repository/Master Data/Admin Sekolah/Login/Input Password' (Root cause: com.kms.katalon.core.exception.StepFailedException: Unable to click on object 'Object Repository/Master Data/Admin Sekolah/Login/Input Password'
	at com.kms.katalon.core.webui.keyword.internal.WebUIKeywordMain.stepFailed(WebUIKeywordMain.groovy:117)
	at com.kms.katalon.core.webui.keyword.internal.WebUIKeywordMain.runKeyword(WebUIKeywordMain.groovy:43)
	at com.kms.katalon.core.webui.keyword.builtin.ClickKeyword.click(ClickKeyword.groovy:75)
	at com.kms.katalon.core.webui.keyword.builtin.ClickKeyword.execute(ClickKeyword.groovy:40)
	at com.kms.katalon.core.keyword.internal.KeywordExecutor.executeKeywordForPlatform(KeywordExecutor.groovy:74)
	at com.kms.katalon.core.webui.keyword.WebUiBuiltInKeywords.click(WebUiBuiltInKeywords.groovy:684)
	at Filter Tagihan.run(Filter Tagihan:30)
	at com.kms.katalon.core.main.ScriptEngine.run(ScriptEngine.java:194)
	at com.kms.katalon.core.main.ScriptEngine.runScriptAsRawText(ScriptEngine.java:119)
	at com.kms.katalon.core.main.TestCaseExecutor.runScript(TestCaseExecutor.java:448)
	at com.kms.katalon.core.main.TestCaseExecutor.doExecute(TestCaseExecutor.java:439)
	at com.kms.katalon.core.main.TestCaseExecutor.processExecutionPhase(TestCaseExecutor.java:418)
	at com.kms.katalon.core.main.TestCaseExecutor.accessMainPhase(TestCaseExecutor.java:410)
	at com.kms.katalon.core.main.TestCaseExecutor.execute(TestCaseExecutor.java:285)
	at com.kms.katalon.core.common.CommonExecutor.accessTestCaseMainPhase(CommonExecutor.java:65)
	at com.kms.katalon.core.main.TestSuiteExecutor.accessTestSuiteMainPhase(TestSuiteExecutor.java:161)
	at com.kms.katalon.core.main.TestSuiteExecutor.execute(TestSuiteExecutor.java:107)
	at com.kms.katalon.core.main.TestCaseMain.startTestSuite(TestCaseMain.java:176)
	at TempTestSuite1735739901082.run(TempTestSuite1735739901082.groovy:35)
	at java.base/jdk.internal.reflect.NativeMethodAccessorImpl.invoke0(Native Method)
	at java.base/jdk.internal.reflect.NativeMethodAccessorImpl.invoke(NativeMethodAccessorImpl.java:77)
	at java.base/jdk.internal.reflect.DelegatingMethodAccessorImpl.invoke(DelegatingMethodAccessorImpl.java:43)
Caused by: com.kms.katalon.core.webui.exception.WebElementNotFoundException: Web element with id: 'Object Repository/Master Data/Admin Sekolah/Login/Input Password' located by '//input[@name='password']' not found
	at com.kms.katalon.core.webui.common.WebUiCommonHelper.findWebElement(WebUiCommonHelper.java:1426)
	at com.kms.katalon.core.webui.keyword.internal.WebUIAbstractKeyword.findWebElement(WebUIAbstractKeyword.groovy:27)
	at com.kms.katalon.core.webui.keyword.builtin.ClickKeyword$_click_closure1.doCall(ClickKeyword.groovy:66)
	at com.kms.katalon.core.webui.keyword.builtin.ClickKeyword$_click_closure1.call(ClickKeyword.groovy)
	at com.kms.katalon.core.webui.keyword.internal.WebUIKeywordMain.runKeyword(WebUIKeywordMain.groovy:35)
	at com.kms.katalon.core.webui.keyword.builtin.ClickKeyword.click(ClickKeyword.groovy:75)
	at com.kms.katalon.core.webui.keyword.builtin.ClickKeyword.execute(ClickKeyword.groovy:40)
	at com.kms.katalon.core.keyword.internal.KeywordExecutor.executeKeywordForPlatform(KeywordExecutor.groovy:74)
	at com.kms.katalon.core.webui.keyword.WebUiBuiltInKeywords.click(WebUiBuiltInKeywords.groovy:684)
	at Script1731485365054.run(Script1731485365054.groovy:30)
	... 15 more
)

01-01-2025T21:03:26 - [MESSAGE][INFO] - Unable to find the element located by 'By.xpath: //input[@name='password']'. Please recheck the objects properties to make sure the desired element is located. 

01-01-2025T21:03:26 - [MESSAGE][WARNING] - [SELF-HEALING] Failed to find element with id 'Object Repository/Master Data/Admin Sekolah/Login/Input Password'. Try using Self-healing.

01-01-2025T21:03:27 - [MESSAGE][INFO] - [SELF-HEALING] Failed Locator: '//input[@name='password']'.

01-01-2025T21:03:27 - [MESSAGE][INFO] - [SELF-HEALING] Failed Locator: '//div[@id='__next']/div/main/div/div/form/div[3]/div[2]/input'.

01-01-2025T21:03:27 - [MESSAGE][INFO] - [SELF-HEALING] Failed Locator: '//div[3]/div[2]/input'.

01-01-2025T21:03:27 - [MESSAGE][INFO] - [SELF-HEALING] Failed Locator: '//input[@type = 'password' and @placeholder = 'Masukkan password Anda' and @name = 'password']'.

01-01-2025T21:03:28 - [MESSAGE][INFO] - [SELF-HEALING] Failed Locator: '//input[@name='password']'.

01-01-2025T21:03:28 - [MESSAGE][INFO] - [SELF-HEALING] Failed Locator: '//div[@id='__next']/div/main/div/div/form/div[3]/div[2]/input'.

01-01-2025T21:03:28 - [MESSAGE][INFO] - [SELF-HEALING] Failed Locator: '//div[3]/div[2]/input'.

01-01-2025T21:03:28 - [MESSAGE][INFO] - [SELF-HEALING] Failed Locator: '//input[@type = 'password' and @placeholder = 'Masukkan password Anda' and @name = 'password']'.

01-01-2025T21:03:30 - [MESSAGE][INFO] - Unable to find the element located by 'By.xpath: //*[@type = 'password' and @placeholder = 'Masukkan password Anda' and @name = 'password']'. Please recheck the objects properties to make sure the desired element is located. 

01-01-2025T21:03:31 - [MESSAGE][INFO] - Unable to find the element located by 'By.cssSelector: input[name="password"]'. Please recheck the objects properties to make sure the desired element is located. 

01-01-2025T21:03:32 - [MESSAGE][FAILED] - Unable to click on object 'Object Repository/Master Data/Admin Sekolah/Login/Input Password' (Root cause: com.kms.katalon.core.exception.StepFailedException: Unable to click on object 'Object Repository/Master Data/Admin Sekolah/Login/Input Password'
	at com.kms.katalon.core.webui.keyword.internal.WebUIKeywordMain.stepFailed(WebUIKeywordMain.groovy:117)
	at com.kms.katalon.core.webui.keyword.internal.WebUIKeywordMain.runKeyword(WebUIKeywordMain.groovy:43)
	at com.kms.katalon.core.webui.keyword.builtin.ClickKeyword.click(ClickKeyword.groovy:75)
	at com.kms.katalon.core.webui.keyword.builtin.ClickKeyword.execute(ClickKeyword.groovy:40)
	at com.kms.katalon.core.keyword.internal.KeywordExecutor.executeKeywordForPlatform(KeywordExecutor.groovy:74)
	at com.kms.katalon.core.webui.keyword.WebUiBuiltInKeywords.click(WebUiBuiltInKeywords.groovy:684)
	at Filter Tagihan.run(Filter Tagihan:30)
	at com.kms.katalon.core.main.ScriptEngine.run(ScriptEngine.java:194)
	at com.kms.katalon.core.main.ScriptEngine.runScriptAsRawText(ScriptEngine.java:119)
	at com.kms.katalon.core.main.TestCaseExecutor.runScript(TestCaseExecutor.java:448)
	at com.kms.katalon.core.main.TestCaseExecutor.doExecute(TestCaseExecutor.java:439)
	at com.kms.katalon.core.main.TestCaseExecutor.processExecutionPhase(TestCaseExecutor.java:418)
	at com.kms.katalon.core.main.TestCaseExecutor.accessMainPhase(TestCaseExecutor.java:410)
	at com.kms.katalon.core.main.TestCaseExecutor.execute(TestCaseExecutor.java:285)
	at com.kms.katalon.core.common.CommonExecutor.accessTestCaseMainPhase(CommonExecutor.java:65)
	at com.kms.katalon.core.main.TestSuiteExecutor.accessTestSuiteMainPhase(TestSuiteExecutor.java:161)
	at com.kms.katalon.core.main.TestSuiteExecutor.execute(TestSuiteExecutor.java:107)
	at com.kms.katalon.core.main.TestCaseMain.startTestSuite(TestCaseMain.java:176)
	at TempTestSuite1735739901082.run(TempTestSuite1735739901082.groovy:35)
	at java.base/jdk.internal.reflect.NativeMethodAccessorImpl.invoke0(Native Method)
	at java.base/jdk.internal.reflect.NativeMethodAccessorImpl.invoke(NativeMethodAccessorImpl.java:77)
	at java.base/jdk.internal.reflect.DelegatingMethodAccessorImpl.invoke(DelegatingMethodAccessorImpl.java:43)
Caused by: com.kms.katalon.core.webui.exception.WebElementNotFoundException: Web element with id: 'Object Repository/Master Data/Admin Sekolah/Login/Input Password' located by '//input[@name='password']' not found
	at com.kms.katalon.core.webui.common.WebUiCommonHelper.findWebElement(WebUiCommonHelper.java:1426)
	at com.kms.katalon.core.webui.keyword.internal.WebUIAbstractKeyword.findWebElement(WebUIAbstractKeyword.groovy:27)
	at com.kms.katalon.core.webui.keyword.builtin.ClickKeyword$_click_closure1.doCall(ClickKeyword.groovy:66)
	at com.kms.katalon.core.webui.keyword.builtin.ClickKeyword$_click_closure1.call(ClickKeyword.groovy)
	at com.kms.katalon.core.webui.keyword.internal.WebUIKeywordMain.runKeyword(WebUIKeywordMain.groovy:35)
	at com.kms.katalon.core.webui.keyword.builtin.ClickKeyword.click(ClickKeyword.groovy:75)
	at com.kms.katalon.core.webui.keyword.builtin.ClickKeyword.execute(ClickKeyword.groovy:40)
	at com.kms.katalon.core.keyword.internal.KeywordExecutor.executeKeywordForPlatform(KeywordExecutor.groovy:74)
	at com.kms.katalon.core.webui.keyword.WebUiBuiltInKeywords.click(WebUiBuiltInKeywords.groovy:684)
	at Script1731485365054.run(Script1731485365054.groovy:30)
	... 15 more
)
[[ATTACHMENT|C:\\Users\\henri\\Videos\\school-payment-automation-testing\\Reports\\20250101_205820\\SPRINT 1\\20250101_205821\\1735740211976.png]]

01-01-2025T21:03:32 - [TEST_STEP][FAILED] - setText(findTestObject("Master Data/Admin Sekolah/Login/Input Password"), "Test1234", CONTINUE_ON_FAILURE): Unable to set text 'Test1234' of object 'Object Repository/Master Data/Admin Sekolah/Login/Input Password' (Root cause: com.kms.katalon.core.exception.StepFailedException: Unable to set text 'Test1234' of object 'Object Repository/Master Data/Admin Sekolah/Login/Input Password'
	at com.kms.katalon.core.webui.keyword.internal.WebUIKeywordMain.stepFailed(WebUIKeywordMain.groovy:117)
	at com.kms.katalon.core.webui.keyword.internal.WebUIKeywordMain.runKeyword(WebUIKeywordMain.groovy:43)
	at com.kms.katalon.core.webui.keyword.builtin.SetTextKeyword.setText(SetTextKeyword.groovy:86)
	at com.kms.katalon.core.webui.keyword.builtin.SetTextKeyword.execute(SetTextKeyword.groovy:39)
	at com.kms.katalon.core.keyword.internal.KeywordExecutor.executeKeywordForPlatform(KeywordExecutor.groovy:74)
	at com.kms.katalon.core.webui.keyword.WebUiBuiltInKeywords.setText(WebUiBuiltInKeywords.groovy:1042)
	at Filter Tagihan.run(Filter Tagihan:32)
	at com.kms.katalon.core.main.ScriptEngine.run(ScriptEngine.java:194)
	at com.kms.katalon.core.main.ScriptEngine.runScriptAsRawText(ScriptEngine.java:119)
	at com.kms.katalon.core.main.TestCaseExecutor.runScript(TestCaseExecutor.java:448)
	at com.kms.katalon.core.main.TestCaseExecutor.doExecute(TestCaseExecutor.java:439)
	at com.kms.katalon.core.main.TestCaseExecutor.processExecutionPhase(TestCaseExecutor.java:418)
	at com.kms.katalon.core.main.TestCaseExecutor.accessMainPhase(TestCaseExecutor.java:410)
	at com.kms.katalon.core.main.TestCaseExecutor.execute(TestCaseExecutor.java:285)
	at com.kms.katalon.core.common.CommonExecutor.accessTestCaseMainPhase(CommonExecutor.java:65)
	at com.kms.katalon.core.main.TestSuiteExecutor.accessTestSuiteMainPhase(TestSuiteExecutor.java:161)
	at com.kms.katalon.core.main.TestSuiteExecutor.execute(TestSuiteExecutor.java:107)
	at com.kms.katalon.core.main.TestCaseMain.startTestSuite(TestCaseMain.java:176)
	at TempTestSuite1735739901082.run(TempTestSuite1735739901082.groovy:35)
	at java.base/jdk.internal.reflect.NativeMethodAccessorImpl.invoke0(Native Method)
	at java.base/jdk.internal.reflect.NativeMethodAccessorImpl.invoke(NativeMethodAccessorImpl.java:77)
	at java.base/jdk.internal.reflect.DelegatingMethodAccessorImpl.invoke(DelegatingMethodAccessorImpl.java:43)
Caused by: com.kms.katalon.core.webui.exception.WebElementNotFoundException: Web element with id: 'Object Repository/Master Data/Admin Sekolah/Login/Input Password' located by '//input[@name='password']' not found
	at com.kms.katalon.core.webui.common.WebUiCommonHelper.findWebElement(WebUiCommonHelper.java:1426)
	at com.kms.katalon.core.webui.keyword.internal.WebUIAbstractKeyword.findWebElement(WebUIAbstractKeyword.groovy:27)
	at com.kms.katalon.core.webui.keyword.internal.WebUIAbstractKeyword.findWebElement(WebUIAbstractKeyword.groovy:26)
	at com.kms.katalon.core.webui.keyword.builtin.SetTextKeyword$_setText_closure1.doCall(SetTextKeyword.groovy:53)
	at com.kms.katalon.core.webui.keyword.builtin.SetTextKeyword$_setText_closure1.call(SetTextKeyword.groovy)
	at com.kms.katalon.core.webui.keyword.internal.WebUIKeywordMain.runKeyword(WebUIKeywordMain.groovy:35)
	at com.kms.katalon.core.webui.keyword.builtin.SetTextKeyword.setText(SetTextKeyword.groovy:86)
	at com.kms.katalon.core.webui.keyword.builtin.SetTextKeyword.execute(SetTextKeyword.groovy:39)
	at com.kms.katalon.core.keyword.internal.KeywordExecutor.executeKeywordForPlatform(KeywordExecutor.groovy:74)
	at com.kms.katalon.core.webui.keyword.WebUiBuiltInKeywords.setText(WebUiBuiltInKeywords.groovy:1042)
	at Script1731485365054.run(Script1731485365054.groovy:32)
	... 15 more
)

01-01-2025T21:04:03 - [MESSAGE][INFO] - Unable to find the element located by 'By.xpath: //input[@name='password']'. Please recheck the objects properties to make sure the desired element is located. 

01-01-2025T21:04:03 - [MESSAGE][WARNING] - [SELF-HEALING] Failed to find element with id 'Object Repository/Master Data/Admin Sekolah/Login/Input Password'. Try using Self-healing.

01-01-2025T21:04:03 - [MESSAGE][INFO] - [SELF-HEALING] Failed Locator: '//input[@name='password']'.

01-01-2025T21:04:03 - [MESSAGE][INFO] - [SELF-HEALING] Failed Locator: '//div[@id='__next']/div/main/div/div/form/div[3]/div[2]/input'.

01-01-2025T21:04:03 - [MESSAGE][INFO] - [SELF-HEALING] Failed Locator: '//div[3]/div[2]/input'.

01-01-2025T21:04:04 - [MESSAGE][INFO] - [SELF-HEALING] Failed Locator: '//input[@type = 'password' and @placeholder = 'Masukkan password Anda' and @name = 'password']'.

01-01-2025T21:04:04 - [MESSAGE][INFO] - [SELF-HEALING] Failed Locator: '//input[@name='password']'.

01-01-2025T21:04:04 - [MESSAGE][INFO] - [SELF-HEALING] Failed Locator: '//div[@id='__next']/div/main/div/div/form/div[3]/div[2]/input'.

01-01-2025T21:04:04 - [MESSAGE][INFO] - [SELF-HEALING] Failed Locator: '//div[3]/div[2]/input'.

01-01-2025T21:04:04 - [MESSAGE][INFO] - [SELF-HEALING] Failed Locator: '//input[@type = 'password' and @placeholder = 'Masukkan password Anda' and @name = 'password']'.

01-01-2025T21:04:07 - [MESSAGE][INFO] - Unable to find the element located by 'By.xpath: //*[@type = 'password' and @placeholder = 'Masukkan password Anda' and @name = 'password']'. Please recheck the objects properties to make sure the desired element is located. 

01-01-2025T21:04:08 - [MESSAGE][INFO] - Unable to find the element located by 'By.cssSelector: input[name="password"]'. Please recheck the objects properties to make sure the desired element is located. 

01-01-2025T21:04:08 - [MESSAGE][FAILED] - Unable to set text 'Test1234' of object 'Object Repository/Master Data/Admin Sekolah/Login/Input Password' (Root cause: com.kms.katalon.core.exception.StepFailedException: Unable to set text 'Test1234' of object 'Object Repository/Master Data/Admin Sekolah/Login/Input Password'
	at com.kms.katalon.core.webui.keyword.internal.WebUIKeywordMain.stepFailed(WebUIKeywordMain.groovy:117)
	at com.kms.katalon.core.webui.keyword.internal.WebUIKeywordMain.runKeyword(WebUIKeywordMain.groovy:43)
	at com.kms.katalon.core.webui.keyword.builtin.SetTextKeyword.setText(SetTextKeyword.groovy:86)
	at com.kms.katalon.core.webui.keyword.builtin.SetTextKeyword.execute(SetTextKeyword.groovy:39)
	at com.kms.katalon.core.keyword.internal.KeywordExecutor.executeKeywordForPlatform(KeywordExecutor.groovy:74)
	at com.kms.katalon.core.webui.keyword.WebUiBuiltInKeywords.setText(WebUiBuiltInKeywords.groovy:1042)
	at Filter Tagihan.run(Filter Tagihan:32)
	at com.kms.katalon.core.main.ScriptEngine.run(ScriptEngine.java:194)
	at com.kms.katalon.core.main.ScriptEngine.runScriptAsRawText(ScriptEngine.java:119)
	at com.kms.katalon.core.main.TestCaseExecutor.runScript(TestCaseExecutor.java:448)
	at com.kms.katalon.core.main.TestCaseExecutor.doExecute(TestCaseExecutor.java:439)
	at com.kms.katalon.core.main.TestCaseExecutor.processExecutionPhase(TestCaseExecutor.java:418)
	at com.kms.katalon.core.main.TestCaseExecutor.accessMainPhase(TestCaseExecutor.java:410)
	at com.kms.katalon.core.main.TestCaseExecutor.execute(TestCaseExecutor.java:285)
	at com.kms.katalon.core.common.CommonExecutor.accessTestCaseMainPhase(CommonExecutor.java:65)
	at com.kms.katalon.core.main.TestSuiteExecutor.accessTestSuiteMainPhase(TestSuiteExecutor.java:161)
	at com.kms.katalon.core.main.TestSuiteExecutor.execute(TestSuiteExecutor.java:107)
	at com.kms.katalon.core.main.TestCaseMain.startTestSuite(TestCaseMain.java:176)
	at TempTestSuite1735739901082.run(TempTestSuite1735739901082.groovy:35)
	at java.base/jdk.internal.reflect.NativeMethodAccessorImpl.invoke0(Native Method)
	at java.base/jdk.internal.reflect.NativeMethodAccessorImpl.invoke(NativeMethodAccessorImpl.java:77)
	at java.base/jdk.internal.reflect.DelegatingMethodAccessorImpl.invoke(DelegatingMethodAccessorImpl.java:43)
Caused by: com.kms.katalon.core.webui.exception.WebElementNotFoundException: Web element with id: 'Object Repository/Master Data/Admin Sekolah/Login/Input Password' located by '//input[@name='password']' not found
	at com.kms.katalon.core.webui.common.WebUiCommonHelper.findWebElement(WebUiCommonHelper.java:1426)
	at com.kms.katalon.core.webui.keyword.internal.WebUIAbstractKeyword.findWebElement(WebUIAbstractKeyword.groovy:27)
	at com.kms.katalon.core.webui.keyword.internal.WebUIAbstractKeyword.findWebElement(WebUIAbstractKeyword.groovy:26)
	at com.kms.katalon.core.webui.keyword.builtin.SetTextKeyword$_setText_closure1.doCall(SetTextKeyword.groovy:53)
	at com.kms.katalon.core.webui.keyword.builtin.SetTextKeyword$_setText_closure1.call(SetTextKeyword.groovy)
	at com.kms.katalon.core.webui.keyword.internal.WebUIKeywordMain.runKeyword(WebUIKeywordMain.groovy:35)
	at com.kms.katalon.core.webui.keyword.builtin.SetTextKeyword.setText(SetTextKeyword.groovy:86)
	at com.kms.katalon.core.webui.keyword.builtin.SetTextKeyword.execute(SetTextKeyword.groovy:39)
	at com.kms.katalon.core.keyword.internal.KeywordExecutor.executeKeywordForPlatform(KeywordExecutor.groovy:74)
	at com.kms.katalon.core.webui.keyword.WebUiBuiltInKeywords.setText(WebUiBuiltInKeywords.groovy:1042)
	at Script1731485365054.run(Script1731485365054.groovy:32)
	... 15 more
)
[[ATTACHMENT|C:\\Users\\henri\\Videos\\school-payment-automation-testing\\Reports\\20250101_205820\\SPRINT 1\\20250101_205821\\1735740248172.png]]

01-01-2025T21:04:08 - [TEST_STEP][PASSED] - delay(1, CONTINUE_ON_FAILURE): Delayed 1 second(s)

01-01-2025T21:04:09 - [MESSAGE][PASSED] - Delayed 1 second(s)

01-01-2025T21:04:09 - [TEST_STEP][FAILED] - click(findTestObject("Master Data/Admin Sekolah/Login/Button Submit"), CONTINUE_ON_FAILURE): Unable to click on object 'Object Repository/Master Data/Admin Sekolah/Login/Button Submit' (Root cause: com.kms.katalon.core.exception.StepFailedException: Unable to click on object 'Object Repository/Master Data/Admin Sekolah/Login/Button Submit'
	at com.kms.katalon.core.webui.keyword.internal.WebUIKeywordMain.stepFailed(WebUIKeywordMain.groovy:117)
	at com.kms.katalon.core.webui.keyword.internal.WebUIKeywordMain.runKeyword(WebUIKeywordMain.groovy:43)
	at com.kms.katalon.core.webui.keyword.builtin.ClickKeyword.click(ClickKeyword.groovy:75)
	at com.kms.katalon.core.webui.keyword.builtin.ClickKeyword.execute(ClickKeyword.groovy:40)
	at com.kms.katalon.core.keyword.internal.KeywordExecutor.executeKeywordForPlatform(KeywordExecutor.groovy:74)
	at com.kms.katalon.core.webui.keyword.WebUiBuiltInKeywords.click(WebUiBuiltInKeywords.groovy:684)
	at Filter Tagihan.run(Filter Tagihan:36)
	at com.kms.katalon.core.main.ScriptEngine.run(ScriptEngine.java:194)
	at com.kms.katalon.core.main.ScriptEngine.runScriptAsRawText(ScriptEngine.java:119)
	at com.kms.katalon.core.main.TestCaseExecutor.runScript(TestCaseExecutor.java:448)
	at com.kms.katalon.core.main.TestCaseExecutor.doExecute(TestCaseExecutor.java:439)
	at com.kms.katalon.core.main.TestCaseExecutor.processExecutionPhase(TestCaseExecutor.java:418)
	at com.kms.katalon.core.main.TestCaseExecutor.accessMainPhase(TestCaseExecutor.java:410)
	at com.kms.katalon.core.main.TestCaseExecutor.execute(TestCaseExecutor.java:285)
	at com.kms.katalon.core.common.CommonExecutor.accessTestCaseMainPhase(CommonExecutor.java:65)
	at com.kms.katalon.core.main.TestSuiteExecutor.accessTestSuiteMainPhase(TestSuiteExecutor.java:161)
	at com.kms.katalon.core.main.TestSuiteExecutor.execute(TestSuiteExecutor.java:107)
	at com.kms.katalon.core.main.TestCaseMain.startTestSuite(TestCaseMain.java:176)
	at TempTestSuite1735739901082.run(TempTestSuite1735739901082.groovy:35)
	at java.base/jdk.internal.reflect.NativeMethodAccessorImpl.invoke0(Native Method)
	at java.base/jdk.internal.reflect.NativeMethodAccessorImpl.invoke(NativeMethodAccessorImpl.java:77)
	at java.base/jdk.internal.reflect.DelegatingMethodAccessorImpl.invoke(DelegatingMethodAccessorImpl.java:43)
Caused by: com.kms.katalon.core.webui.exception.WebElementNotFoundException: Web element with id: 'Object Repository/Master Data/Admin Sekolah/Login/Button Submit' located by '//button[@type='submit']' not found
	at com.kms.katalon.core.webui.common.WebUiCommonHelper.findWebElement(WebUiCommonHelper.java:1426)
	at com.kms.katalon.core.webui.keyword.internal.WebUIAbstractKeyword.findWebElement(WebUIAbstractKeyword.groovy:27)
	at com.kms.katalon.core.webui.keyword.builtin.ClickKeyword$_click_closure1.doCall(ClickKeyword.groovy:66)
	at com.kms.katalon.core.webui.keyword.builtin.ClickKeyword$_click_closure1.call(ClickKeyword.groovy)
	at com.kms.katalon.core.webui.keyword.internal.WebUIKeywordMain.runKeyword(WebUIKeywordMain.groovy:35)
	at com.kms.katalon.core.webui.keyword.builtin.ClickKeyword.click(ClickKeyword.groovy:75)
	at com.kms.katalon.core.webui.keyword.builtin.ClickKeyword.execute(ClickKeyword.groovy:40)
	at com.kms.katalon.core.keyword.internal.KeywordExecutor.executeKeywordForPlatform(KeywordExecutor.groovy:74)
	at com.kms.katalon.core.webui.keyword.WebUiBuiltInKeywords.click(WebUiBuiltInKeywords.groovy:684)
	at Script1731485365054.run(Script1731485365054.groovy:36)
	... 15 more
)

01-01-2025T21:04:40 - [MESSAGE][INFO] - Unable to find the element located by 'By.xpath: //button[@type='submit']'. Please recheck the objects properties to make sure the desired element is located. 

01-01-2025T21:04:40 - [MESSAGE][WARNING] - [SELF-HEALING] Failed to find element with id 'Object Repository/Master Data/Admin Sekolah/Login/Button Submit'. Try using Self-healing.

01-01-2025T21:04:40 - [MESSAGE][INFO] - [SELF-HEALING] Failed Locator: '//button[@type='submit']'.

01-01-2025T21:04:40 - [MESSAGE][INFO] - [SELF-HEALING] Failed Locator: '//div[@id='__next']/div/main/div/div/form/button'.

01-01-2025T21:04:41 - [MESSAGE][INFO] - [SELF-HEALING] Failed Locator: '(.//*[normalize-space(text()) and normalize-space(.)='Klik Disini'])[1]/following::button[1]'.

01-01-2025T21:04:41 - [MESSAGE][INFO] - [SELF-HEALING] Failed Locator: '(.//*[normalize-space(text()) and normalize-space(.)='School Payment'])[1]/following::button[2]'.

01-01-2025T21:04:41 - [MESSAGE][INFO] - [SELF-HEALING] Failed Locator: '//form/button'.

01-01-2025T21:04:41 - [MESSAGE][INFO] - [SELF-HEALING] Failed Locator: '//button[@type = 'submit' and (text() = 'Masuk' or . = 'Masuk')]'.

01-01-2025T21:04:43 - [MESSAGE][INFO] - Unable to find the element located by 'By.xpath: //*[@type = 'submit' and (text() = 'Masuk' or . = 'Masuk')]'. Please recheck the objects properties to make sure the desired element is located. 

01-01-2025T21:04:44 - [MESSAGE][WARNING] - [SELF-HEALING] invalid selector
from javascript error: {"status":32,"value":"No selector specified"}
  (Session info: chrome=131.0.6778.205)
For documentation on this error, please visit: https://www.selenium.dev/documentation/webdriver/troubleshooting/errors#invalid-selector-exception
Build info: version: '4.22.0', revision: 'c5f3146703'
System info: os.name: 'Windows 11', os.arch: 'amd64', os.version: '10.0', java.version: '17.0.7'
Driver info: com.kms.katalon.selenium.driver.CChromeDriver
Command: [e14245f2f1d5770a9335c0378f4936de, findElements {value=, using=css selector}]
Capabilities {acceptInsecureCerts: false, browserName: chrome, browserVersion: 131.0.6778.205, chrome: {chromedriverVersion: 130.0.6723.58 (3a50e012e4c9..., userDataDir: C:\Users\henri\AppData\Loca...}, fedcm:accounts: true, goog:chromeOptions: {debuggerAddress: localhost:62242}, networkConnectionEnabled: false, pageLoadStrategy: normal, platformName: windows, proxy: Proxy(), se:cdp: ws://localhost:62242/devtoo..., se:cdpVersion: 131.0.6778.205, setWindowRect: true, strictFileInteractability: false, timeouts: {implicit: 0, pageLoad: 300000, script: 30000}, unhandledPromptBehavior: ignore, webSocketUrl: ws://localhost:28134/sessio..., webauthn:extension:credBlob: true, webauthn:extension:largeBlob: true, webauthn:extension:minPinLength: true, webauthn:extension:prf: true, webauthn:virtualAuthenticators: true}
Session ID: e14245f2f1d5770a9335c0378f4936de

01-01-2025T21:04:44 - [MESSAGE][FAILED] - Unable to click on object 'Object Repository/Master Data/Admin Sekolah/Login/Button Submit' (Root cause: com.kms.katalon.core.exception.StepFailedException: Unable to click on object 'Object Repository/Master Data/Admin Sekolah/Login/Button Submit'
	at com.kms.katalon.core.webui.keyword.internal.WebUIKeywordMain.stepFailed(WebUIKeywordMain.groovy:117)
	at com.kms.katalon.core.webui.keyword.internal.WebUIKeywordMain.runKeyword(WebUIKeywordMain.groovy:43)
	at com.kms.katalon.core.webui.keyword.builtin.ClickKeyword.click(ClickKeyword.groovy:75)
	at com.kms.katalon.core.webui.keyword.builtin.ClickKeyword.execute(ClickKeyword.groovy:40)
	at com.kms.katalon.core.keyword.internal.KeywordExecutor.executeKeywordForPlatform(KeywordExecutor.groovy:74)
	at com.kms.katalon.core.webui.keyword.WebUiBuiltInKeywords.click(WebUiBuiltInKeywords.groovy:684)
	at Filter Tagihan.run(Filter Tagihan:36)
	at com.kms.katalon.core.main.ScriptEngine.run(ScriptEngine.java:194)
	at com.kms.katalon.core.main.ScriptEngine.runScriptAsRawText(ScriptEngine.java:119)
	at com.kms.katalon.core.main.TestCaseExecutor.runScript(TestCaseExecutor.java:448)
	at com.kms.katalon.core.main.TestCaseExecutor.doExecute(TestCaseExecutor.java:439)
	at com.kms.katalon.core.main.TestCaseExecutor.processExecutionPhase(TestCaseExecutor.java:418)
	at com.kms.katalon.core.main.TestCaseExecutor.accessMainPhase(TestCaseExecutor.java:410)
	at com.kms.katalon.core.main.TestCaseExecutor.execute(TestCaseExecutor.java:285)
	at com.kms.katalon.core.common.CommonExecutor.accessTestCaseMainPhase(CommonExecutor.java:65)
	at com.kms.katalon.core.main.TestSuiteExecutor.accessTestSuiteMainPhase(TestSuiteExecutor.java:161)
	at com.kms.katalon.core.main.TestSuiteExecutor.execute(TestSuiteExecutor.java:107)
	at com.kms.katalon.core.main.TestCaseMain.startTestSuite(TestCaseMain.java:176)
	at TempTestSuite1735739901082.run(TempTestSuite1735739901082.groovy:35)
	at java.base/jdk.internal.reflect.NativeMethodAccessorImpl.invoke0(Native Method)
	at java.base/jdk.internal.reflect.NativeMethodAccessorImpl.invoke(NativeMethodAccessorImpl.java:77)
	at java.base/jdk.internal.reflect.DelegatingMethodAccessorImpl.invoke(DelegatingMethodAccessorImpl.java:43)
Caused by: com.kms.katalon.core.webui.exception.WebElementNotFoundException: Web element with id: 'Object Repository/Master Data/Admin Sekolah/Login/Button Submit' located by '//button[@type='submit']' not found
	at com.kms.katalon.core.webui.common.WebUiCommonHelper.findWebElement(WebUiCommonHelper.java:1426)
	at com.kms.katalon.core.webui.keyword.internal.WebUIAbstractKeyword.findWebElement(WebUIAbstractKeyword.groovy:27)
	at com.kms.katalon.core.webui.keyword.builtin.ClickKeyword$_click_closure1.doCall(ClickKeyword.groovy:66)
	at com.kms.katalon.core.webui.keyword.builtin.ClickKeyword$_click_closure1.call(ClickKeyword.groovy)
	at com.kms.katalon.core.webui.keyword.internal.WebUIKeywordMain.runKeyword(WebUIKeywordMain.groovy:35)
	at com.kms.katalon.core.webui.keyword.builtin.ClickKeyword.click(ClickKeyword.groovy:75)
	at com.kms.katalon.core.webui.keyword.builtin.ClickKeyword.execute(ClickKeyword.groovy:40)
	at com.kms.katalon.core.keyword.internal.KeywordExecutor.executeKeywordForPlatform(KeywordExecutor.groovy:74)
	at com.kms.katalon.core.webui.keyword.WebUiBuiltInKeywords.click(WebUiBuiltInKeywords.groovy:684)
	at Script1731485365054.run(Script1731485365054.groovy:36)
	... 15 more
)
[[ATTACHMENT|C:\\Users\\henri\\Videos\\school-payment-automation-testing\\Reports\\20250101_205820\\SPRINT 1\\20250101_205821\\1735740284182.png]]

01-01-2025T21:04:44 - [TEST_STEP][FAILED] - click(findTestObject("Master Data/Admin Sekolah/Lihat Tagihan/Menu Master Data"), CONTINUE_ON_FAILURE): Unable to click on object 'Object Repository/Master Data/Admin Sekolah/Lihat Tagihan/Menu Master Data' (Root cause: com.kms.katalon.core.exception.StepFailedException: Unable to click on object 'Object Repository/Master Data/Admin Sekolah/Lihat Tagihan/Menu Master Data'
	at com.kms.katalon.core.webui.keyword.internal.WebUIKeywordMain.stepFailed(WebUIKeywordMain.groovy:117)
	at com.kms.katalon.core.webui.keyword.internal.WebUIKeywordMain.runKeyword(WebUIKeywordMain.groovy:43)
	at com.kms.katalon.core.webui.keyword.builtin.ClickKeyword.click(ClickKeyword.groovy:75)
	at com.kms.katalon.core.webui.keyword.builtin.ClickKeyword.execute(ClickKeyword.groovy:40)
	at com.kms.katalon.core.keyword.internal.KeywordExecutor.executeKeywordForPlatform(KeywordExecutor.groovy:74)
	at com.kms.katalon.core.webui.keyword.WebUiBuiltInKeywords.click(WebUiBuiltInKeywords.groovy:684)
	at Filter Tagihan.run(Filter Tagihan:38)
	at com.kms.katalon.core.main.ScriptEngine.run(ScriptEngine.java:194)
	at com.kms.katalon.core.main.ScriptEngine.runScriptAsRawText(ScriptEngine.java:119)
	at com.kms.katalon.core.main.TestCaseExecutor.runScript(TestCaseExecutor.java:448)
	at com.kms.katalon.core.main.TestCaseExecutor.doExecute(TestCaseExecutor.java:439)
	at com.kms.katalon.core.main.TestCaseExecutor.processExecutionPhase(TestCaseExecutor.java:418)
	at com.kms.katalon.core.main.TestCaseExecutor.accessMainPhase(TestCaseExecutor.java:410)
	at com.kms.katalon.core.main.TestCaseExecutor.execute(TestCaseExecutor.java:285)
	at com.kms.katalon.core.common.CommonExecutor.accessTestCaseMainPhase(CommonExecutor.java:65)
	at com.kms.katalon.core.main.TestSuiteExecutor.accessTestSuiteMainPhase(TestSuiteExecutor.java:161)
	at com.kms.katalon.core.main.TestSuiteExecutor.execute(TestSuiteExecutor.java:107)
	at com.kms.katalon.core.main.TestCaseMain.startTestSuite(TestCaseMain.java:176)
	at TempTestSuite1735739901082.run(TempTestSuite1735739901082.groovy:35)
	at java.base/jdk.internal.reflect.NativeMethodAccessorImpl.invoke0(Native Method)
	at java.base/jdk.internal.reflect.NativeMethodAccessorImpl.invoke(NativeMethodAccessorImpl.java:77)
	at java.base/jdk.internal.reflect.DelegatingMethodAccessorImpl.invoke(DelegatingMethodAccessorImpl.java:43)
Caused by: com.kms.katalon.core.webui.exception.WebElementNotFoundException: Web element with id: 'Object Repository/Master Data/Admin Sekolah/Lihat Tagihan/Menu Master Data' located by '//*[@data-testid = 'sidebar-menu' and (text() = 'Master Data' or . = 'Master Data')]' not found
	at com.kms.katalon.core.webui.common.WebUiCommonHelper.findWebElement(WebUiCommonHelper.java:1426)
	at com.kms.katalon.core.webui.keyword.internal.WebUIAbstractKeyword.findWebElement(WebUIAbstractKeyword.groovy:27)
	at com.kms.katalon.core.webui.keyword.builtin.ClickKeyword$_click_closure1.doCall(ClickKeyword.groovy:66)
	at com.kms.katalon.core.webui.keyword.builtin.ClickKeyword$_click_closure1.call(ClickKeyword.groovy)
	at com.kms.katalon.core.webui.keyword.internal.WebUIKeywordMain.runKeyword(WebUIKeywordMain.groovy:35)
	at com.kms.katalon.core.webui.keyword.builtin.ClickKeyword.click(ClickKeyword.groovy:75)
	at com.kms.katalon.core.webui.keyword.builtin.ClickKeyword.execute(ClickKeyword.groovy:40)
	at com.kms.katalon.core.keyword.internal.KeywordExecutor.executeKeywordForPlatform(KeywordExecutor.groovy:74)
	at com.kms.katalon.core.webui.keyword.WebUiBuiltInKeywords.click(WebUiBuiltInKeywords.groovy:684)
	at Script1731485365054.run(Script1731485365054.groovy:38)
	... 15 more
)

01-01-2025T21:05:15 - [MESSAGE][INFO] - Unable to find the element located by 'By.xpath: //*[@data-testid = 'sidebar-menu' and (text() = 'Master Data' or . = 'Master Data')]'. Please recheck the objects properties to make sure the desired element is located. 

01-01-2025T21:05:15 - [MESSAGE][WARNING] - [SELF-HEALING] Failed to find element with id 'Object Repository/Master Data/Admin Sekolah/Lihat Tagihan/Menu Master Data'. Try using Self-healing.

01-01-2025T21:05:15 - [MESSAGE][WARNING] - [SELF-HEALING] Cannot find elements when the XPath is null.

01-01-2025T21:05:16 - [MESSAGE][WARNING] - [SELF-HEALING] Cannot find elements when the selector is null

01-01-2025T21:05:16 - [MESSAGE][FAILED] - Unable to click on object 'Object Repository/Master Data/Admin Sekolah/Lihat Tagihan/Menu Master Data' (Root cause: com.kms.katalon.core.exception.StepFailedException: Unable to click on object 'Object Repository/Master Data/Admin Sekolah/Lihat Tagihan/Menu Master Data'
	at com.kms.katalon.core.webui.keyword.internal.WebUIKeywordMain.stepFailed(WebUIKeywordMain.groovy:117)
	at com.kms.katalon.core.webui.keyword.internal.WebUIKeywordMain.runKeyword(WebUIKeywordMain.groovy:43)
	at com.kms.katalon.core.webui.keyword.builtin.ClickKeyword.click(ClickKeyword.groovy:75)
	at com.kms.katalon.core.webui.keyword.builtin.ClickKeyword.execute(ClickKeyword.groovy:40)
	at com.kms.katalon.core.keyword.internal.KeywordExecutor.executeKeywordForPlatform(KeywordExecutor.groovy:74)
	at com.kms.katalon.core.webui.keyword.WebUiBuiltInKeywords.click(WebUiBuiltInKeywords.groovy:684)
	at Filter Tagihan.run(Filter Tagihan:38)
	at com.kms.katalon.core.main.ScriptEngine.run(ScriptEngine.java:194)
	at com.kms.katalon.core.main.ScriptEngine.runScriptAsRawText(ScriptEngine.java:119)
	at com.kms.katalon.core.main.TestCaseExecutor.runScript(TestCaseExecutor.java:448)
	at com.kms.katalon.core.main.TestCaseExecutor.doExecute(TestCaseExecutor.java:439)
	at com.kms.katalon.core.main.TestCaseExecutor.processExecutionPhase(TestCaseExecutor.java:418)
	at com.kms.katalon.core.main.TestCaseExecutor.accessMainPhase(TestCaseExecutor.java:410)
	at com.kms.katalon.core.main.TestCaseExecutor.execute(TestCaseExecutor.java:285)
	at com.kms.katalon.core.common.CommonExecutor.accessTestCaseMainPhase(CommonExecutor.java:65)
	at com.kms.katalon.core.main.TestSuiteExecutor.accessTestSuiteMainPhase(TestSuiteExecutor.java:161)
	at com.kms.katalon.core.main.TestSuiteExecutor.execute(TestSuiteExecutor.java:107)
	at com.kms.katalon.core.main.TestCaseMain.startTestSuite(TestCaseMain.java:176)
	at TempTestSuite1735739901082.run(TempTestSuite1735739901082.groovy:35)
	at java.base/jdk.internal.reflect.NativeMethodAccessorImpl.invoke0(Native Method)
	at java.base/jdk.internal.reflect.NativeMethodAccessorImpl.invoke(NativeMethodAccessorImpl.java:77)
	at java.base/jdk.internal.reflect.DelegatingMethodAccessorImpl.invoke(DelegatingMethodAccessorImpl.java:43)
Caused by: com.kms.katalon.core.webui.exception.WebElementNotFoundException: Web element with id: 'Object Repository/Master Data/Admin Sekolah/Lihat Tagihan/Menu Master Data' located by '//*[@data-testid = 'sidebar-menu' and (text() = 'Master Data' or . = 'Master Data')]' not found
	at com.kms.katalon.core.webui.common.WebUiCommonHelper.findWebElement(WebUiCommonHelper.java:1426)
	at com.kms.katalon.core.webui.keyword.internal.WebUIAbstractKeyword.findWebElement(WebUIAbstractKeyword.groovy:27)
	at com.kms.katalon.core.webui.keyword.builtin.ClickKeyword$_click_closure1.doCall(ClickKeyword.groovy:66)
	at com.kms.katalon.core.webui.keyword.builtin.ClickKeyword$_click_closure1.call(ClickKeyword.groovy)
	at com.kms.katalon.core.webui.keyword.internal.WebUIKeywordMain.runKeyword(WebUIKeywordMain.groovy:35)
	at com.kms.katalon.core.webui.keyword.builtin.ClickKeyword.click(ClickKeyword.groovy:75)
	at com.kms.katalon.core.webui.keyword.builtin.ClickKeyword.execute(ClickKeyword.groovy:40)
	at com.kms.katalon.core.keyword.internal.KeywordExecutor.executeKeywordForPlatform(KeywordExecutor.groovy:74)
	at com.kms.katalon.core.webui.keyword.WebUiBuiltInKeywords.click(WebUiBuiltInKeywords.groovy:684)
	at Script1731485365054.run(Script1731485365054.groovy:38)
	... 15 more
)
[[ATTACHMENT|C:\\Users\\henri\\Videos\\school-payment-automation-testing\\Reports\\20250101_205820\\SPRINT 1\\20250101_205821\\1735740316496.png]]

01-01-2025T21:05:16 - [TEST_STEP][PASSED] - delay(1, CONTINUE_ON_FAILURE): Delayed 1 second(s)

01-01-2025T21:05:17 - [MESSAGE][PASSED] - Delayed 1 second(s)

01-01-2025T21:05:17 - [TEST_STEP][FAILED] - click(findTestObject("Master Data/Admin Sekolah/Lihat Tagihan/Menu Tagihan"), CONTINUE_ON_FAILURE): Unable to click on object 'Object Repository/Master Data/Admin Sekolah/Lihat Tagihan/Menu Tagihan' (Root cause: com.kms.katalon.core.exception.StepFailedException: Unable to click on object 'Object Repository/Master Data/Admin Sekolah/Lihat Tagihan/Menu Tagihan'
	at com.kms.katalon.core.webui.keyword.internal.WebUIKeywordMain.stepFailed(WebUIKeywordMain.groovy:117)
	at com.kms.katalon.core.webui.keyword.internal.WebUIKeywordMain.runKeyword(WebUIKeywordMain.groovy:43)
	at com.kms.katalon.core.webui.keyword.builtin.ClickKeyword.click(ClickKeyword.groovy:75)
	at com.kms.katalon.core.webui.keyword.builtin.ClickKeyword.execute(ClickKeyword.groovy:40)
	at com.kms.katalon.core.keyword.internal.KeywordExecutor.executeKeywordForPlatform(KeywordExecutor.groovy:74)
	at com.kms.katalon.core.webui.keyword.WebUiBuiltInKeywords.click(WebUiBuiltInKeywords.groovy:684)
	at Filter Tagihan.run(Filter Tagihan:42)
	at com.kms.katalon.core.main.ScriptEngine.run(ScriptEngine.java:194)
	at com.kms.katalon.core.main.ScriptEngine.runScriptAsRawText(ScriptEngine.java:119)
	at com.kms.katalon.core.main.TestCaseExecutor.runScript(TestCaseExecutor.java:448)
	at com.kms.katalon.core.main.TestCaseExecutor.doExecute(TestCaseExecutor.java:439)
	at com.kms.katalon.core.main.TestCaseExecutor.processExecutionPhase(TestCaseExecutor.java:418)
	at com.kms.katalon.core.main.TestCaseExecutor.accessMainPhase(TestCaseExecutor.java:410)
	at com.kms.katalon.core.main.TestCaseExecutor.execute(TestCaseExecutor.java:285)
	at com.kms.katalon.core.common.CommonExecutor.accessTestCaseMainPhase(CommonExecutor.java:65)
	at com.kms.katalon.core.main.TestSuiteExecutor.accessTestSuiteMainPhase(TestSuiteExecutor.java:161)
	at com.kms.katalon.core.main.TestSuiteExecutor.execute(TestSuiteExecutor.java:107)
	at com.kms.katalon.core.main.TestCaseMain.startTestSuite(TestCaseMain.java:176)
	at TempTestSuite1735739901082.run(TempTestSuite1735739901082.groovy:35)
	at java.base/jdk.internal.reflect.NativeMethodAccessorImpl.invoke0(Native Method)
	at java.base/jdk.internal.reflect.NativeMethodAccessorImpl.invoke(NativeMethodAccessorImpl.java:77)
	at java.base/jdk.internal.reflect.DelegatingMethodAccessorImpl.invoke(DelegatingMethodAccessorImpl.java:43)
Caused by: com.kms.katalon.core.webui.exception.WebElementNotFoundException: Web element with id: 'Object Repository/Master Data/Admin Sekolah/Lihat Tagihan/Menu Tagihan' located by '(//a[@href="/master-data/bill"])[1]' not found
	at com.kms.katalon.core.webui.common.WebUiCommonHelper.findWebElement(WebUiCommonHelper.java:1426)
	at com.kms.katalon.core.webui.keyword.internal.WebUIAbstractKeyword.findWebElement(WebUIAbstractKeyword.groovy:27)
	at com.kms.katalon.core.webui.keyword.builtin.ClickKeyword$_click_closure1.doCall(ClickKeyword.groovy:66)
	at com.kms.katalon.core.webui.keyword.builtin.ClickKeyword$_click_closure1.call(ClickKeyword.groovy)
	at com.kms.katalon.core.webui.keyword.internal.WebUIKeywordMain.runKeyword(WebUIKeywordMain.groovy:35)
	at com.kms.katalon.core.webui.keyword.builtin.ClickKeyword.click(ClickKeyword.groovy:75)
	at com.kms.katalon.core.webui.keyword.builtin.ClickKeyword.execute(ClickKeyword.groovy:40)
	at com.kms.katalon.core.keyword.internal.KeywordExecutor.executeKeywordForPlatform(KeywordExecutor.groovy:74)
	at com.kms.katalon.core.webui.keyword.WebUiBuiltInKeywords.click(WebUiBuiltInKeywords.groovy:684)
	at Script1731485365054.run(Script1731485365054.groovy:42)
	... 15 more
)

01-01-2025T21:05:48 - [MESSAGE][INFO] - Unable to find the element located by 'By.xpath: (//a[@href="/master-data/bill"])[1]'. Please recheck the objects properties to make sure the desired element is located. 

01-01-2025T21:05:48 - [MESSAGE][WARNING] - [SELF-HEALING] Failed to find element with id 'Object Repository/Master Data/Admin Sekolah/Lihat Tagihan/Menu Tagihan'. Try using Self-healing.

01-01-2025T21:05:49 - [MESSAGE][INFO] - [SELF-HEALING] No working XPath is found.

01-01-2025T21:05:51 - [MESSAGE][INFO] - Unable to find the element located by 'By.xpath: //*[@data-testid = 'breadcrumb-item' and (text() = 'Tambah Tagihan' or . = 'Tambah Tagihan')]'. Please recheck the objects properties to make sure the desired element is located. 

01-01-2025T21:05:51 - [MESSAGE][WARNING] - [SELF-HEALING] Cannot find elements when the selector is null

01-01-2025T21:05:52 - [MESSAGE][FAILED] - Unable to click on object 'Object Repository/Master Data/Admin Sekolah/Lihat Tagihan/Menu Tagihan' (Root cause: com.kms.katalon.core.exception.StepFailedException: Unable to click on object 'Object Repository/Master Data/Admin Sekolah/Lihat Tagihan/Menu Tagihan'
	at com.kms.katalon.core.webui.keyword.internal.WebUIKeywordMain.stepFailed(WebUIKeywordMain.groovy:117)
	at com.kms.katalon.core.webui.keyword.internal.WebUIKeywordMain.runKeyword(WebUIKeywordMain.groovy:43)
	at com.kms.katalon.core.webui.keyword.builtin.ClickKeyword.click(ClickKeyword.groovy:75)
	at com.kms.katalon.core.webui.keyword.builtin.ClickKeyword.execute(ClickKeyword.groovy:40)
	at com.kms.katalon.core.keyword.internal.KeywordExecutor.executeKeywordForPlatform(KeywordExecutor.groovy:74)
	at com.kms.katalon.core.webui.keyword.WebUiBuiltInKeywords.click(WebUiBuiltInKeywords.groovy:684)
	at Filter Tagihan.run(Filter Tagihan:42)
	at com.kms.katalon.core.main.ScriptEngine.run(ScriptEngine.java:194)
	at com.kms.katalon.core.main.ScriptEngine.runScriptAsRawText(ScriptEngine.java:119)
	at com.kms.katalon.core.main.TestCaseExecutor.runScript(TestCaseExecutor.java:448)
	at com.kms.katalon.core.main.TestCaseExecutor.doExecute(TestCaseExecutor.java:439)
	at com.kms.katalon.core.main.TestCaseExecutor.processExecutionPhase(TestCaseExecutor.java:418)
	at com.kms.katalon.core.main.TestCaseExecutor.accessMainPhase(TestCaseExecutor.java:410)
	at com.kms.katalon.core.main.TestCaseExecutor.execute(TestCaseExecutor.java:285)
	at com.kms.katalon.core.common.CommonExecutor.accessTestCaseMainPhase(CommonExecutor.java:65)
	at com.kms.katalon.core.main.TestSuiteExecutor.accessTestSuiteMainPhase(TestSuiteExecutor.java:161)
	at com.kms.katalon.core.main.TestSuiteExecutor.execute(TestSuiteExecutor.java:107)
	at com.kms.katalon.core.main.TestCaseMain.startTestSuite(TestCaseMain.java:176)
	at TempTestSuite1735739901082.run(TempTestSuite1735739901082.groovy:35)
	at java.base/jdk.internal.reflect.NativeMethodAccessorImpl.invoke0(Native Method)
	at java.base/jdk.internal.reflect.NativeMethodAccessorImpl.invoke(NativeMethodAccessorImpl.java:77)
	at java.base/jdk.internal.reflect.DelegatingMethodAccessorImpl.invoke(DelegatingMethodAccessorImpl.java:43)
Caused by: com.kms.katalon.core.webui.exception.WebElementNotFoundException: Web element with id: 'Object Repository/Master Data/Admin Sekolah/Lihat Tagihan/Menu Tagihan' located by '(//a[@href="/master-data/bill"])[1]' not found
	at com.kms.katalon.core.webui.common.WebUiCommonHelper.findWebElement(WebUiCommonHelper.java:1426)
	at com.kms.katalon.core.webui.keyword.internal.WebUIAbstractKeyword.findWebElement(WebUIAbstractKeyword.groovy:27)
	at com.kms.katalon.core.webui.keyword.builtin.ClickKeyword$_click_closure1.doCall(ClickKeyword.groovy:66)
	at com.kms.katalon.core.webui.keyword.builtin.ClickKeyword$_click_closure1.call(ClickKeyword.groovy)
	at com.kms.katalon.core.webui.keyword.internal.WebUIKeywordMain.runKeyword(WebUIKeywordMain.groovy:35)
	at com.kms.katalon.core.webui.keyword.builtin.ClickKeyword.click(ClickKeyword.groovy:75)
	at com.kms.katalon.core.webui.keyword.builtin.ClickKeyword.execute(ClickKeyword.groovy:40)
	at com.kms.katalon.core.keyword.internal.KeywordExecutor.executeKeywordForPlatform(KeywordExecutor.groovy:74)
	at com.kms.katalon.core.webui.keyword.WebUiBuiltInKeywords.click(WebUiBuiltInKeywords.groovy:684)
	at Script1731485365054.run(Script1731485365054.groovy:42)
	... 15 more
)
[[ATTACHMENT|C:\\Users\\henri\\Videos\\school-payment-automation-testing\\Reports\\20250101_205820\\SPRINT 1\\20250101_205821\\1735740351875.png]]

01-01-2025T21:05:52 - [TEST_STEP][PASSED] - delay(1, CONTINUE_ON_FAILURE): Delayed 1 second(s)

01-01-2025T21:05:53 - [MESSAGE][PASSED] - Delayed 1 second(s)

01-01-2025T21:05:53 - [TEST_STEP][FAILED] - click(findTestObject("Master Data/Admin Sekolah/Filter Tagihan/Button Filter"), CONTINUE_ON_FAILURE): Unable to click on object 'Object Repository/Master Data/Admin Sekolah/Filter Tagihan/Button Filter' (Root cause: com.kms.katalon.core.exception.StepFailedException: Unable to click on object 'Object Repository/Master Data/Admin Sekolah/Filter Tagihan/Button Filter'
	at com.kms.katalon.core.webui.keyword.internal.WebUIKeywordMain.stepFailed(WebUIKeywordMain.groovy:117)
	at com.kms.katalon.core.webui.keyword.internal.WebUIKeywordMain.runKeyword(WebUIKeywordMain.groovy:43)
	at com.kms.katalon.core.webui.keyword.builtin.ClickKeyword.click(ClickKeyword.groovy:75)
	at com.kms.katalon.core.webui.keyword.builtin.ClickKeyword.execute(ClickKeyword.groovy:40)
	at com.kms.katalon.core.keyword.internal.KeywordExecutor.executeKeywordForPlatform(KeywordExecutor.groovy:74)
	at com.kms.katalon.core.webui.keyword.WebUiBuiltInKeywords.click(WebUiBuiltInKeywords.groovy:684)
	at Filter Tagihan.run(Filter Tagihan:46)
	at com.kms.katalon.core.main.ScriptEngine.run(ScriptEngine.java:194)
	at com.kms.katalon.core.main.ScriptEngine.runScriptAsRawText(ScriptEngine.java:119)
	at com.kms.katalon.core.main.TestCaseExecutor.runScript(TestCaseExecutor.java:448)
	at com.kms.katalon.core.main.TestCaseExecutor.doExecute(TestCaseExecutor.java:439)
	at com.kms.katalon.core.main.TestCaseExecutor.processExecutionPhase(TestCaseExecutor.java:418)
	at com.kms.katalon.core.main.TestCaseExecutor.accessMainPhase(TestCaseExecutor.java:410)
	at com.kms.katalon.core.main.TestCaseExecutor.execute(TestCaseExecutor.java:285)
	at com.kms.katalon.core.common.CommonExecutor.accessTestCaseMainPhase(CommonExecutor.java:65)
	at com.kms.katalon.core.main.TestSuiteExecutor.accessTestSuiteMainPhase(TestSuiteExecutor.java:161)
	at com.kms.katalon.core.main.TestSuiteExecutor.execute(TestSuiteExecutor.java:107)
	at com.kms.katalon.core.main.TestCaseMain.startTestSuite(TestCaseMain.java:176)
	at TempTestSuite1735739901082.run(TempTestSuite1735739901082.groovy:35)
	at java.base/jdk.internal.reflect.NativeMethodAccessorImpl.invoke0(Native Method)
	at java.base/jdk.internal.reflect.NativeMethodAccessorImpl.invoke(NativeMethodAccessorImpl.java:77)
	at java.base/jdk.internal.reflect.DelegatingMethodAccessorImpl.invoke(DelegatingMethodAccessorImpl.java:43)
Caused by: com.kms.katalon.core.webui.exception.WebElementNotFoundException: Web element with id: 'Object Repository/Master Data/Admin Sekolah/Filter Tagihan/Button Filter' located by '//button[.//div[text()='Filter']]' not found
	at com.kms.katalon.core.webui.common.WebUiCommonHelper.findWebElement(WebUiCommonHelper.java:1426)
	at com.kms.katalon.core.webui.keyword.internal.WebUIAbstractKeyword.findWebElement(WebUIAbstractKeyword.groovy:27)
	at com.kms.katalon.core.webui.keyword.builtin.ClickKeyword$_click_closure1.doCall(ClickKeyword.groovy:66)
	at com.kms.katalon.core.webui.keyword.builtin.ClickKeyword$_click_closure1.call(ClickKeyword.groovy)
	at com.kms.katalon.core.webui.keyword.internal.WebUIKeywordMain.runKeyword(WebUIKeywordMain.groovy:35)
	at com.kms.katalon.core.webui.keyword.builtin.ClickKeyword.click(ClickKeyword.groovy:75)
	at com.kms.katalon.core.webui.keyword.builtin.ClickKeyword.execute(ClickKeyword.groovy:40)
	at com.kms.katalon.core.keyword.internal.KeywordExecutor.executeKeywordForPlatform(KeywordExecutor.groovy:74)
	at com.kms.katalon.core.webui.keyword.WebUiBuiltInKeywords.click(WebUiBuiltInKeywords.groovy:684)
	at Script1731485365054.run(Script1731485365054.groovy:46)
	... 15 more
)

01-01-2025T21:06:24 - [MESSAGE][INFO] - Unable to find the element located by 'By.xpath: //button[.//div[text()='Filter']]'. Please recheck the objects properties to make sure the desired element is located. 

01-01-2025T21:06:24 - [MESSAGE][WARNING] - [SELF-HEALING] Failed to find element with id 'Object Repository/Master Data/Admin Sekolah/Filter Tagihan/Button Filter'. Try using Self-healing.

01-01-2025T21:06:25 - [MESSAGE][INFO] - [SELF-HEALING] No working XPath is found.

01-01-2025T21:06:26 - [MESSAGE][WARNING] - [SELF-HEALING] invalid selector
from javascript error: {"status":32,"value":"Unable to locate an element with the xpath expression  because of the following error:\nSyntaxError: Failed to execute 'evaluate' on 'Document': The string '' is not a valid XPath expression."}
  (Session info: chrome=131.0.6778.205)
For documentation on this error, please visit: https://www.selenium.dev/documentation/webdriver/troubleshooting/errors#invalid-selector-exception
Build info: version: '4.22.0', revision: 'c5f3146703'
System info: os.name: 'Windows 11', os.arch: 'amd64', os.version: '10.0', java.version: '17.0.7'
Driver info: com.kms.katalon.selenium.driver.CChromeDriver
Command: [e14245f2f1d5770a9335c0378f4936de, findElements {value=, using=xpath}]
Capabilities {acceptInsecureCerts: false, browserName: chrome, browserVersion: 131.0.6778.205, chrome: {chromedriverVersion: 130.0.6723.58 (3a50e012e4c9..., userDataDir: C:\Users\henri\AppData\Loca...}, fedcm:accounts: true, goog:chromeOptions: {debuggerAddress: localhost:62242}, networkConnectionEnabled: false, pageLoadStrategy: normal, platformName: windows, proxy: Proxy(), se:cdp: ws://localhost:62242/devtoo..., se:cdpVersion: 131.0.6778.205, setWindowRect: true, strictFileInteractability: false, timeouts: {implicit: 0, pageLoad: 300000, script: 30000}, unhandledPromptBehavior: ignore, webSocketUrl: ws://localhost:28134/sessio..., webauthn:extension:credBlob: true, webauthn:extension:largeBlob: true, webauthn:extension:minPinLength: true, webauthn:extension:prf: true, webauthn:virtualAuthenticators: true}
Session ID: e14245f2f1d5770a9335c0378f4936de

01-01-2025T21:06:26 - [MESSAGE][WARNING] - [SELF-HEALING] Cannot find elements when the selector is null

01-01-2025T21:06:26 - [MESSAGE][FAILED] - Unable to click on object 'Object Repository/Master Data/Admin Sekolah/Filter Tagihan/Button Filter' (Root cause: com.kms.katalon.core.exception.StepFailedException: Unable to click on object 'Object Repository/Master Data/Admin Sekolah/Filter Tagihan/Button Filter'
	at com.kms.katalon.core.webui.keyword.internal.WebUIKeywordMain.stepFailed(WebUIKeywordMain.groovy:117)
	at com.kms.katalon.core.webui.keyword.internal.WebUIKeywordMain.runKeyword(WebUIKeywordMain.groovy:43)
	at com.kms.katalon.core.webui.keyword.builtin.ClickKeyword.click(ClickKeyword.groovy:75)
	at com.kms.katalon.core.webui.keyword.builtin.ClickKeyword.execute(ClickKeyword.groovy:40)
	at com.kms.katalon.core.keyword.internal.KeywordExecutor.executeKeywordForPlatform(KeywordExecutor.groovy:74)
	at com.kms.katalon.core.webui.keyword.WebUiBuiltInKeywords.click(WebUiBuiltInKeywords.groovy:684)
	at Filter Tagihan.run(Filter Tagihan:46)
	at com.kms.katalon.core.main.ScriptEngine.run(ScriptEngine.java:194)
	at com.kms.katalon.core.main.ScriptEngine.runScriptAsRawText(ScriptEngine.java:119)
	at com.kms.katalon.core.main.TestCaseExecutor.runScript(TestCaseExecutor.java:448)
	at com.kms.katalon.core.main.TestCaseExecutor.doExecute(TestCaseExecutor.java:439)
	at com.kms.katalon.core.main.TestCaseExecutor.processExecutionPhase(TestCaseExecutor.java:418)
	at com.kms.katalon.core.main.TestCaseExecutor.accessMainPhase(TestCaseExecutor.java:410)
	at com.kms.katalon.core.main.TestCaseExecutor.execute(TestCaseExecutor.java:285)
	at com.kms.katalon.core.common.CommonExecutor.accessTestCaseMainPhase(CommonExecutor.java:65)
	at com.kms.katalon.core.main.TestSuiteExecutor.accessTestSuiteMainPhase(TestSuiteExecutor.java:161)
	at com.kms.katalon.core.main.TestSuiteExecutor.execute(TestSuiteExecutor.java:107)
	at com.kms.katalon.core.main.TestCaseMain.startTestSuite(TestCaseMain.java:176)
	at TempTestSuite1735739901082.run(TempTestSuite1735739901082.groovy:35)
	at java.base/jdk.internal.reflect.NativeMethodAccessorImpl.invoke0(Native Method)
	at java.base/jdk.internal.reflect.NativeMethodAccessorImpl.invoke(NativeMethodAccessorImpl.java:77)
	at java.base/jdk.internal.reflect.DelegatingMethodAccessorImpl.invoke(DelegatingMethodAccessorImpl.java:43)
Caused by: com.kms.katalon.core.webui.exception.WebElementNotFoundException: Web element with id: 'Object Repository/Master Data/Admin Sekolah/Filter Tagihan/Button Filter' located by '//button[.//div[text()='Filter']]' not found
	at com.kms.katalon.core.webui.common.WebUiCommonHelper.findWebElement(WebUiCommonHelper.java:1426)
	at com.kms.katalon.core.webui.keyword.internal.WebUIAbstractKeyword.findWebElement(WebUIAbstractKeyword.groovy:27)
	at com.kms.katalon.core.webui.keyword.builtin.ClickKeyword$_click_closure1.doCall(ClickKeyword.groovy:66)
	at com.kms.katalon.core.webui.keyword.builtin.ClickKeyword$_click_closure1.call(ClickKeyword.groovy)
	at com.kms.katalon.core.webui.keyword.internal.WebUIKeywordMain.runKeyword(WebUIKeywordMain.groovy:35)
	at com.kms.katalon.core.webui.keyword.builtin.ClickKeyword.click(ClickKeyword.groovy:75)
	at com.kms.katalon.core.webui.keyword.builtin.ClickKeyword.execute(ClickKeyword.groovy:40)
	at com.kms.katalon.core.keyword.internal.KeywordExecutor.executeKeywordForPlatform(KeywordExecutor.groovy:74)
	at com.kms.katalon.core.webui.keyword.WebUiBuiltInKeywords.click(WebUiBuiltInKeywords.groovy:684)
	at Script1731485365054.run(Script1731485365054.groovy:46)
	... 15 more
)
[[ATTACHMENT|C:\\Users\\henri\\Videos\\school-payment-automation-testing\\Reports\\20250101_205820\\SPRINT 1\\20250101_205821\\1735740386398.png]]

01-01-2025T21:06:26 - [TEST_STEP][PASSED] - delay(1, CONTINUE_ON_FAILURE): Delayed 1 second(s)

01-01-2025T21:06:27 - [MESSAGE][PASSED] - Delayed 1 second(s)

01-01-2025T21:06:27 - [TEST_STEP][FAILED] - click(findTestObject("Master Data/Admin Sekolah/Filter Tagihan/Select Tipe Tagihan"), CONTINUE_ON_FAILURE): Unable to click on object 'Object Repository/Master Data/Admin Sekolah/Filter Tagihan/Select Tipe Tagihan' (Root cause: com.kms.katalon.core.exception.StepFailedException: Unable to click on object 'Object Repository/Master Data/Admin Sekolah/Filter Tagihan/Select Tipe Tagihan'
	at com.kms.katalon.core.webui.keyword.internal.WebUIKeywordMain.stepFailed(WebUIKeywordMain.groovy:117)
	at com.kms.katalon.core.webui.keyword.internal.WebUIKeywordMain.runKeyword(WebUIKeywordMain.groovy:43)
	at com.kms.katalon.core.webui.keyword.builtin.ClickKeyword.click(ClickKeyword.groovy:75)
	at com.kms.katalon.core.webui.keyword.builtin.ClickKeyword.execute(ClickKeyword.groovy:40)
	at com.kms.katalon.core.keyword.internal.KeywordExecutor.executeKeywordForPlatform(KeywordExecutor.groovy:74)
	at com.kms.katalon.core.webui.keyword.WebUiBuiltInKeywords.click(WebUiBuiltInKeywords.groovy:684)
	at Filter Tagihan.run(Filter Tagihan:50)
	at com.kms.katalon.core.main.ScriptEngine.run(ScriptEngine.java:194)
	at com.kms.katalon.core.main.ScriptEngine.runScriptAsRawText(ScriptEngine.java:119)
	at com.kms.katalon.core.main.TestCaseExecutor.runScript(TestCaseExecutor.java:448)
	at com.kms.katalon.core.main.TestCaseExecutor.doExecute(TestCaseExecutor.java:439)
	at com.kms.katalon.core.main.TestCaseExecutor.processExecutionPhase(TestCaseExecutor.java:418)
	at com.kms.katalon.core.main.TestCaseExecutor.accessMainPhase(TestCaseExecutor.java:410)
	at com.kms.katalon.core.main.TestCaseExecutor.execute(TestCaseExecutor.java:285)
	at com.kms.katalon.core.common.CommonExecutor.accessTestCaseMainPhase(CommonExecutor.java:65)
	at com.kms.katalon.core.main.TestSuiteExecutor.accessTestSuiteMainPhase(TestSuiteExecutor.java:161)
	at com.kms.katalon.core.main.TestSuiteExecutor.execute(TestSuiteExecutor.java:107)
	at com.kms.katalon.core.main.TestCaseMain.startTestSuite(TestCaseMain.java:176)
	at TempTestSuite1735739901082.run(TempTestSuite1735739901082.groovy:35)
	at java.base/jdk.internal.reflect.NativeMethodAccessorImpl.invoke0(Native Method)
	at java.base/jdk.internal.reflect.NativeMethodAccessorImpl.invoke(NativeMethodAccessorImpl.java:77)
	at java.base/jdk.internal.reflect.DelegatingMethodAccessorImpl.invoke(DelegatingMethodAccessorImpl.java:43)
Caused by: com.kms.katalon.core.webui.exception.WebElementNotFoundException: Web element with id: 'Object Repository/Master Data/Admin Sekolah/Filter Tagihan/Select Tipe Tagihan' located by '//div[@data-testid='select-field']//p[@data-testid='selected-value' and text()='Pilih tipe tagihan']' not found
	at com.kms.katalon.core.webui.common.WebUiCommonHelper.findWebElement(WebUiCommonHelper.java:1426)
	at com.kms.katalon.core.webui.keyword.internal.WebUIAbstractKeyword.findWebElement(WebUIAbstractKeyword.groovy:27)
	at com.kms.katalon.core.webui.keyword.builtin.ClickKeyword$_click_closure1.doCall(ClickKeyword.groovy:66)
	at com.kms.katalon.core.webui.keyword.builtin.ClickKeyword$_click_closure1.call(ClickKeyword.groovy)
	at com.kms.katalon.core.webui.keyword.internal.WebUIKeywordMain.runKeyword(WebUIKeywordMain.groovy:35)
	at com.kms.katalon.core.webui.keyword.builtin.ClickKeyword.click(ClickKeyword.groovy:75)
	at com.kms.katalon.core.webui.keyword.builtin.ClickKeyword.execute(ClickKeyword.groovy:40)
	at com.kms.katalon.core.keyword.internal.KeywordExecutor.executeKeywordForPlatform(KeywordExecutor.groovy:74)
	at com.kms.katalon.core.webui.keyword.WebUiBuiltInKeywords.click(WebUiBuiltInKeywords.groovy:684)
	at Script1731485365054.run(Script1731485365054.groovy:50)
	... 15 more
)

01-01-2025T21:06:58 - [MESSAGE][INFO] - Unable to find the element located by 'By.xpath: //div[@data-testid='select-field']//p[@data-testid='selected-value' and text()='Pilih tipe tagihan']'. Please recheck the objects properties to make sure the desired element is located. 

01-01-2025T21:06:58 - [MESSAGE][WARNING] - [SELF-HEALING] Failed to find element with id 'Object Repository/Master Data/Admin Sekolah/Filter Tagihan/Select Tipe Tagihan'. Try using Self-healing.

01-01-2025T21:06:59 - [MESSAGE][INFO] - [SELF-HEALING] No working XPath is found.

01-01-2025T21:07:01 - [MESSAGE][WARNING] - [SELF-HEALING] invalid selector
from javascript error: {"status":32,"value":"Unable to locate an element with the xpath expression  because of the following error:\nSyntaxError: Failed to execute 'evaluate' on 'Document': The string '' is not a valid XPath expression."}
  (Session info: chrome=131.0.6778.205)
For documentation on this error, please visit: https://www.selenium.dev/documentation/webdriver/troubleshooting/errors#invalid-selector-exception
Build info: version: '4.22.0', revision: 'c5f3146703'
System info: os.name: 'Windows 11', os.arch: 'amd64', os.version: '10.0', java.version: '17.0.7'
Driver info: com.kms.katalon.selenium.driver.CChromeDriver
Command: [e14245f2f1d5770a9335c0378f4936de, findElements {value=, using=xpath}]
Capabilities {acceptInsecureCerts: false, browserName: chrome, browserVersion: 131.0.6778.205, chrome: {chromedriverVersion: 130.0.6723.58 (3a50e012e4c9..., userDataDir: C:\Users\henri\AppData\Loca...}, fedcm:accounts: true, goog:chromeOptions: {debuggerAddress: localhost:62242}, networkConnectionEnabled: false, pageLoadStrategy: normal, platformName: windows, proxy: Proxy(), se:cdp: ws://localhost:62242/devtoo..., se:cdpVersion: 131.0.6778.205, setWindowRect: true, strictFileInteractability: false, timeouts: {implicit: 0, pageLoad: 300000, script: 30000}, unhandledPromptBehavior: ignore, webSocketUrl: ws://localhost:28134/sessio..., webauthn:extension:credBlob: true, webauthn:extension:largeBlob: true, webauthn:extension:minPinLength: true, webauthn:extension:prf: true, webauthn:virtualAuthenticators: true}
Session ID: e14245f2f1d5770a9335c0378f4936de

01-01-2025T21:07:01 - [MESSAGE][WARNING] - [SELF-HEALING] Cannot find elements when the selector is null

01-01-2025T21:07:01 - [MESSAGE][FAILED] - Unable to click on object 'Object Repository/Master Data/Admin Sekolah/Filter Tagihan/Select Tipe Tagihan' (Root cause: com.kms.katalon.core.exception.StepFailedException: Unable to click on object 'Object Repository/Master Data/Admin Sekolah/Filter Tagihan/Select Tipe Tagihan'
	at com.kms.katalon.core.webui.keyword.internal.WebUIKeywordMain.stepFailed(WebUIKeywordMain.groovy:117)
	at com.kms.katalon.core.webui.keyword.internal.WebUIKeywordMain.runKeyword(WebUIKeywordMain.groovy:43)
	at com.kms.katalon.core.webui.keyword.builtin.ClickKeyword.click(ClickKeyword.groovy:75)
	at com.kms.katalon.core.webui.keyword.builtin.ClickKeyword.execute(ClickKeyword.groovy:40)
	at com.kms.katalon.core.keyword.internal.KeywordExecutor.executeKeywordForPlatform(KeywordExecutor.groovy:74)
	at com.kms.katalon.core.webui.keyword.WebUiBuiltInKeywords.click(WebUiBuiltInKeywords.groovy:684)
	at Filter Tagihan.run(Filter Tagihan:50)
	at com.kms.katalon.core.main.ScriptEngine.run(ScriptEngine.java:194)
	at com.kms.katalon.core.main.ScriptEngine.runScriptAsRawText(ScriptEngine.java:119)
	at com.kms.katalon.core.main.TestCaseExecutor.runScript(TestCaseExecutor.java:448)
	at com.kms.katalon.core.main.TestCaseExecutor.doExecute(TestCaseExecutor.java:439)
	at com.kms.katalon.core.main.TestCaseExecutor.processExecutionPhase(TestCaseExecutor.java:418)
	at com.kms.katalon.core.main.TestCaseExecutor.accessMainPhase(TestCaseExecutor.java:410)
	at com.kms.katalon.core.main.TestCaseExecutor.execute(TestCaseExecutor.java:285)
	at com.kms.katalon.core.common.CommonExecutor.accessTestCaseMainPhase(CommonExecutor.java:65)
	at com.kms.katalon.core.main.TestSuiteExecutor.accessTestSuiteMainPhase(TestSuiteExecutor.java:161)
	at com.kms.katalon.core.main.TestSuiteExecutor.execute(TestSuiteExecutor.java:107)
	at com.kms.katalon.core.main.TestCaseMain.startTestSuite(TestCaseMain.java:176)
	at TempTestSuite1735739901082.run(TempTestSuite1735739901082.groovy:35)
	at java.base/jdk.internal.reflect.NativeMethodAccessorImpl.invoke0(Native Method)
	at java.base/jdk.internal.reflect.NativeMethodAccessorImpl.invoke(NativeMethodAccessorImpl.java:77)
	at java.base/jdk.internal.reflect.DelegatingMethodAccessorImpl.invoke(DelegatingMethodAccessorImpl.java:43)
Caused by: com.kms.katalon.core.webui.exception.WebElementNotFoundException: Web element with id: 'Object Repository/Master Data/Admin Sekolah/Filter Tagihan/Select Tipe Tagihan' located by '//div[@data-testid='select-field']//p[@data-testid='selected-value' and text()='Pilih tipe tagihan']' not found
	at com.kms.katalon.core.webui.common.WebUiCommonHelper.findWebElement(WebUiCommonHelper.java:1426)
	at com.kms.katalon.core.webui.keyword.internal.WebUIAbstractKeyword.findWebElement(WebUIAbstractKeyword.groovy:27)
	at com.kms.katalon.core.webui.keyword.builtin.ClickKeyword$_click_closure1.doCall(ClickKeyword.groovy:66)
	at com.kms.katalon.core.webui.keyword.builtin.ClickKeyword$_click_closure1.call(ClickKeyword.groovy)
	at com.kms.katalon.core.webui.keyword.internal.WebUIKeywordMain.runKeyword(WebUIKeywordMain.groovy:35)
	at com.kms.katalon.core.webui.keyword.builtin.ClickKeyword.click(ClickKeyword.groovy:75)
	at com.kms.katalon.core.webui.keyword.builtin.ClickKeyword.execute(ClickKeyword.groovy:40)
	at com.kms.katalon.core.keyword.internal.KeywordExecutor.executeKeywordForPlatform(KeywordExecutor.groovy:74)
	at com.kms.katalon.core.webui.keyword.WebUiBuiltInKeywords.click(WebUiBuiltInKeywords.groovy:684)
	at Script1731485365054.run(Script1731485365054.groovy:50)
	... 15 more
)
[[ATTACHMENT|C:\\Users\\henri\\Videos\\school-payment-automation-testing\\Reports\\20250101_205820\\SPRINT 1\\20250101_205821\\1735740421055.png]]

01-01-2025T21:07:01 - [TEST_STEP][PASSED] - delay(1, CONTINUE_ON_FAILURE): Delayed 1 second(s)

01-01-2025T21:07:02 - [MESSAGE][PASSED] - Delayed 1 second(s)

01-01-2025T21:07:02 - [TEST_STEP][FAILED] - click(findTestObject("Master Data/Admin Sekolah/Filter Tagihan/Tagihan Reguler"), CONTINUE_ON_FAILURE): Unable to click on object 'Object Repository/Master Data/Admin Sekolah/Filter Tagihan/Tagihan Reguler' (Root cause: com.kms.katalon.core.exception.StepFailedException: Unable to click on object 'Object Repository/Master Data/Admin Sekolah/Filter Tagihan/Tagihan Reguler'
	at com.kms.katalon.core.webui.keyword.internal.WebUIKeywordMain.stepFailed(WebUIKeywordMain.groovy:117)
	at com.kms.katalon.core.webui.keyword.internal.WebUIKeywordMain.runKeyword(WebUIKeywordMain.groovy:43)
	at com.kms.katalon.core.webui.keyword.builtin.ClickKeyword.click(ClickKeyword.groovy:75)
	at com.kms.katalon.core.webui.keyword.builtin.ClickKeyword.execute(ClickKeyword.groovy:40)
	at com.kms.katalon.core.keyword.internal.KeywordExecutor.executeKeywordForPlatform(KeywordExecutor.groovy:74)
	at com.kms.katalon.core.webui.keyword.WebUiBuiltInKeywords.click(WebUiBuiltInKeywords.groovy:684)
	at Filter Tagihan.run(Filter Tagihan:54)
	at com.kms.katalon.core.main.ScriptEngine.run(ScriptEngine.java:194)
	at com.kms.katalon.core.main.ScriptEngine.runScriptAsRawText(ScriptEngine.java:119)
	at com.kms.katalon.core.main.TestCaseExecutor.runScript(TestCaseExecutor.java:448)
	at com.kms.katalon.core.main.TestCaseExecutor.doExecute(TestCaseExecutor.java:439)
	at com.kms.katalon.core.main.TestCaseExecutor.processExecutionPhase(TestCaseExecutor.java:418)
	at com.kms.katalon.core.main.TestCaseExecutor.accessMainPhase(TestCaseExecutor.java:410)
	at com.kms.katalon.core.main.TestCaseExecutor.execute(TestCaseExecutor.java:285)
	at com.kms.katalon.core.common.CommonExecutor.accessTestCaseMainPhase(CommonExecutor.java:65)
	at com.kms.katalon.core.main.TestSuiteExecutor.accessTestSuiteMainPhase(TestSuiteExecutor.java:161)
	at com.kms.katalon.core.main.TestSuiteExecutor.execute(TestSuiteExecutor.java:107)
	at com.kms.katalon.core.main.TestCaseMain.startTestSuite(TestCaseMain.java:176)
	at TempTestSuite1735739901082.run(TempTestSuite1735739901082.groovy:35)
	at java.base/jdk.internal.reflect.NativeMethodAccessorImpl.invoke0(Native Method)
	at java.base/jdk.internal.reflect.NativeMethodAccessorImpl.invoke(NativeMethodAccessorImpl.java:77)
	at java.base/jdk.internal.reflect.DelegatingMethodAccessorImpl.invoke(DelegatingMethodAccessorImpl.java:43)
Caused by: com.kms.katalon.core.webui.exception.WebElementNotFoundException: Web element with id: 'Object Repository/Master Data/Admin Sekolah/Filter Tagihan/Tagihan Reguler' located by '//div[@data-testid='option-regular']//p[@data-testid='paragraph' and text()='Regular']' not found
	at com.kms.katalon.core.webui.common.WebUiCommonHelper.findWebElement(WebUiCommonHelper.java:1426)
	at com.kms.katalon.core.webui.keyword.internal.WebUIAbstractKeyword.findWebElement(WebUIAbstractKeyword.groovy:27)
	at com.kms.katalon.core.webui.keyword.builtin.ClickKeyword$_click_closure1.doCall(ClickKeyword.groovy:66)
	at com.kms.katalon.core.webui.keyword.builtin.ClickKeyword$_click_closure1.call(ClickKeyword.groovy)
	at com.kms.katalon.core.webui.keyword.internal.WebUIKeywordMain.runKeyword(WebUIKeywordMain.groovy:35)
	at com.kms.katalon.core.webui.keyword.builtin.ClickKeyword.click(ClickKeyword.groovy:75)
	at com.kms.katalon.core.webui.keyword.builtin.ClickKeyword.execute(ClickKeyword.groovy:40)
	at com.kms.katalon.core.keyword.internal.KeywordExecutor.executeKeywordForPlatform(KeywordExecutor.groovy:74)
	at com.kms.katalon.core.webui.keyword.WebUiBuiltInKeywords.click(WebUiBuiltInKeywords.groovy:684)
	at Script1731485365054.run(Script1731485365054.groovy:54)
	... 15 more
)

01-01-2025T21:07:33 - [MESSAGE][INFO] - Unable to find the element located by 'By.xpath: //div[@data-testid='option-regular']//p[@data-testid='paragraph' and text()='Regular']'. Please recheck the objects properties to make sure the desired element is located. 

01-01-2025T21:07:33 - [MESSAGE][WARNING] - [SELF-HEALING] Failed to find element with id 'Object Repository/Master Data/Admin Sekolah/Filter Tagihan/Tagihan Reguler'. Try using Self-healing.

01-01-2025T21:07:34 - [MESSAGE][INFO] - [SELF-HEALING] No working XPath is found.

01-01-2025T21:07:35 - [MESSAGE][WARNING] - [SELF-HEALING] invalid selector
from javascript error: {"status":32,"value":"Unable to locate an element with the xpath expression  because of the following error:\nSyntaxError: Failed to execute 'evaluate' on 'Document': The string '' is not a valid XPath expression."}
  (Session info: chrome=131.0.6778.205)
For documentation on this error, please visit: https://www.selenium.dev/documentation/webdriver/troubleshooting/errors#invalid-selector-exception
Build info: version: '4.22.0', revision: 'c5f3146703'
System info: os.name: 'Windows 11', os.arch: 'amd64', os.version: '10.0', java.version: '17.0.7'
Driver info: com.kms.katalon.selenium.driver.CChromeDriver
Command: [e14245f2f1d5770a9335c0378f4936de, findElements {value=, using=xpath}]
Capabilities {acceptInsecureCerts: false, browserName: chrome, browserVersion: 131.0.6778.205, chrome: {chromedriverVersion: 130.0.6723.58 (3a50e012e4c9..., userDataDir: C:\Users\henri\AppData\Loca...}, fedcm:accounts: true, goog:chromeOptions: {debuggerAddress: localhost:62242}, networkConnectionEnabled: false, pageLoadStrategy: normal, platformName: windows, proxy: Proxy(), se:cdp: ws://localhost:62242/devtoo..., se:cdpVersion: 131.0.6778.205, setWindowRect: true, strictFileInteractability: false, timeouts: {implicit: 0, pageLoad: 300000, script: 30000}, unhandledPromptBehavior: ignore, webSocketUrl: ws://localhost:28134/sessio..., webauthn:extension:credBlob: true, webauthn:extension:largeBlob: true, webauthn:extension:minPinLength: true, webauthn:extension:prf: true, webauthn:virtualAuthenticators: true}
Session ID: e14245f2f1d5770a9335c0378f4936de

01-01-2025T21:07:35 - [MESSAGE][WARNING] - [SELF-HEALING] Cannot find elements when the selector is null

01-01-2025T21:07:35 - [MESSAGE][FAILED] - Unable to click on object 'Object Repository/Master Data/Admin Sekolah/Filter Tagihan/Tagihan Reguler' (Root cause: com.kms.katalon.core.exception.StepFailedException: Unable to click on object 'Object Repository/Master Data/Admin Sekolah/Filter Tagihan/Tagihan Reguler'
	at com.kms.katalon.core.webui.keyword.internal.WebUIKeywordMain.stepFailed(WebUIKeywordMain.groovy:117)
	at com.kms.katalon.core.webui.keyword.internal.WebUIKeywordMain.runKeyword(WebUIKeywordMain.groovy:43)
	at com.kms.katalon.core.webui.keyword.builtin.ClickKeyword.click(ClickKeyword.groovy:75)
	at com.kms.katalon.core.webui.keyword.builtin.ClickKeyword.execute(ClickKeyword.groovy:40)
	at com.kms.katalon.core.keyword.internal.KeywordExecutor.executeKeywordForPlatform(KeywordExecutor.groovy:74)
	at com.kms.katalon.core.webui.keyword.WebUiBuiltInKeywords.click(WebUiBuiltInKeywords.groovy:684)
	at Filter Tagihan.run(Filter Tagihan:54)
	at com.kms.katalon.core.main.ScriptEngine.run(ScriptEngine.java:194)
	at com.kms.katalon.core.main.ScriptEngine.runScriptAsRawText(ScriptEngine.java:119)
	at com.kms.katalon.core.main.TestCaseExecutor.runScript(TestCaseExecutor.java:448)
	at com.kms.katalon.core.main.TestCaseExecutor.doExecute(TestCaseExecutor.java:439)
	at com.kms.katalon.core.main.TestCaseExecutor.processExecutionPhase(TestCaseExecutor.java:418)
	at com.kms.katalon.core.main.TestCaseExecutor.accessMainPhase(TestCaseExecutor.java:410)
	at com.kms.katalon.core.main.TestCaseExecutor.execute(TestCaseExecutor.java:285)
	at com.kms.katalon.core.common.CommonExecutor.accessTestCaseMainPhase(CommonExecutor.java:65)
	at com.kms.katalon.core.main.TestSuiteExecutor.accessTestSuiteMainPhase(TestSuiteExecutor.java:161)
	at com.kms.katalon.core.main.TestSuiteExecutor.execute(TestSuiteExecutor.java:107)
	at com.kms.katalon.core.main.TestCaseMain.startTestSuite(TestCaseMain.java:176)
	at TempTestSuite1735739901082.run(TempTestSuite1735739901082.groovy:35)
	at java.base/jdk.internal.reflect.NativeMethodAccessorImpl.invoke0(Native Method)
	at java.base/jdk.internal.reflect.NativeMethodAccessorImpl.invoke(NativeMethodAccessorImpl.java:77)
	at java.base/jdk.internal.reflect.DelegatingMethodAccessorImpl.invoke(DelegatingMethodAccessorImpl.java:43)
Caused by: com.kms.katalon.core.webui.exception.WebElementNotFoundException: Web element with id: 'Object Repository/Master Data/Admin Sekolah/Filter Tagihan/Tagihan Reguler' located by '//div[@data-testid='option-regular']//p[@data-testid='paragraph' and text()='Regular']' not found
	at com.kms.katalon.core.webui.common.WebUiCommonHelper.findWebElement(WebUiCommonHelper.java:1426)
	at com.kms.katalon.core.webui.keyword.internal.WebUIAbstractKeyword.findWebElement(WebUIAbstractKeyword.groovy:27)
	at com.kms.katalon.core.webui.keyword.builtin.ClickKeyword$_click_closure1.doCall(ClickKeyword.groovy:66)
	at com.kms.katalon.core.webui.keyword.builtin.ClickKeyword$_click_closure1.call(ClickKeyword.groovy)
	at com.kms.katalon.core.webui.keyword.internal.WebUIKeywordMain.runKeyword(WebUIKeywordMain.groovy:35)
	at com.kms.katalon.core.webui.keyword.builtin.ClickKeyword.click(ClickKeyword.groovy:75)
	at com.kms.katalon.core.webui.keyword.builtin.ClickKeyword.execute(ClickKeyword.groovy:40)
	at com.kms.katalon.core.keyword.internal.KeywordExecutor.executeKeywordForPlatform(KeywordExecutor.groovy:74)
	at com.kms.katalon.core.webui.keyword.WebUiBuiltInKeywords.click(WebUiBuiltInKeywords.groovy:684)
	at Script1731485365054.run(Script1731485365054.groovy:54)
	... 15 more
)
[[ATTACHMENT|C:\\Users\\henri\\Videos\\school-payment-automation-testing\\Reports\\20250101_205820\\SPRINT 1\\20250101_205821\\1735740455594.png]]

01-01-2025T21:07:35 - [TEST_STEP][PASSED] - delay(1, CONTINUE_ON_FAILURE): Delayed 1 second(s)

01-01-2025T21:07:36 - [MESSAGE][PASSED] - Delayed 1 second(s)

01-01-2025T21:07:36 - [TEST_STEP][FAILED] - click(findTestObject("Master Data/Admin Sekolah/Filter Tagihan/Select Rekening Bank"), CONTINUE_ON_FAILURE): Unable to click on object 'Object Repository/Master Data/Admin Sekolah/Filter Tagihan/Select Rekening Bank' (Root cause: com.kms.katalon.core.exception.StepFailedException: Unable to click on object 'Object Repository/Master Data/Admin Sekolah/Filter Tagihan/Select Rekening Bank'
	at com.kms.katalon.core.webui.keyword.internal.WebUIKeywordMain.stepFailed(WebUIKeywordMain.groovy:117)
	at com.kms.katalon.core.webui.keyword.internal.WebUIKeywordMain.runKeyword(WebUIKeywordMain.groovy:43)
	at com.kms.katalon.core.webui.keyword.builtin.ClickKeyword.click(ClickKeyword.groovy:75)
	at com.kms.katalon.core.webui.keyword.builtin.ClickKeyword.execute(ClickKeyword.groovy:40)
	at com.kms.katalon.core.keyword.internal.KeywordExecutor.executeKeywordForPlatform(KeywordExecutor.groovy:74)
	at com.kms.katalon.core.webui.keyword.WebUiBuiltInKeywords.click(WebUiBuiltInKeywords.groovy:684)
	at Filter Tagihan.run(Filter Tagihan:58)
	at com.kms.katalon.core.main.ScriptEngine.run(ScriptEngine.java:194)
	at com.kms.katalon.core.main.ScriptEngine.runScriptAsRawText(ScriptEngine.java:119)
	at com.kms.katalon.core.main.TestCaseExecutor.runScript(TestCaseExecutor.java:448)
	at com.kms.katalon.core.main.TestCaseExecutor.doExecute(TestCaseExecutor.java:439)
	at com.kms.katalon.core.main.TestCaseExecutor.processExecutionPhase(TestCaseExecutor.java:418)
	at com.kms.katalon.core.main.TestCaseExecutor.accessMainPhase(TestCaseExecutor.java:410)
	at com.kms.katalon.core.main.TestCaseExecutor.execute(TestCaseExecutor.java:285)
	at com.kms.katalon.core.common.CommonExecutor.accessTestCaseMainPhase(CommonExecutor.java:65)
	at com.kms.katalon.core.main.TestSuiteExecutor.accessTestSuiteMainPhase(TestSuiteExecutor.java:161)
	at com.kms.katalon.core.main.TestSuiteExecutor.execute(TestSuiteExecutor.java:107)
	at com.kms.katalon.core.main.TestCaseMain.startTestSuite(TestCaseMain.java:176)
	at TempTestSuite1735739901082.run(TempTestSuite1735739901082.groovy:35)
	at java.base/jdk.internal.reflect.NativeMethodAccessorImpl.invoke0(Native Method)
	at java.base/jdk.internal.reflect.NativeMethodAccessorImpl.invoke(NativeMethodAccessorImpl.java:77)
	at java.base/jdk.internal.reflect.DelegatingMethodAccessorImpl.invoke(DelegatingMethodAccessorImpl.java:43)
Caused by: com.kms.katalon.core.webui.exception.WebElementNotFoundException: Web element with id: 'Object Repository/Master Data/Admin Sekolah/Filter Tagihan/Select Rekening Bank' located by '//div[@data-testid='select-field']//p[@data-testid='selected-value' and text()='Pilih rekening bank']' not found
	at com.kms.katalon.core.webui.common.WebUiCommonHelper.findWebElement(WebUiCommonHelper.java:1426)
	at com.kms.katalon.core.webui.keyword.internal.WebUIAbstractKeyword.findWebElement(WebUIAbstractKeyword.groovy:27)
	at com.kms.katalon.core.webui.keyword.builtin.ClickKeyword$_click_closure1.doCall(ClickKeyword.groovy:66)
	at com.kms.katalon.core.webui.keyword.builtin.ClickKeyword$_click_closure1.call(ClickKeyword.groovy)
	at com.kms.katalon.core.webui.keyword.internal.WebUIKeywordMain.runKeyword(WebUIKeywordMain.groovy:35)
	at com.kms.katalon.core.webui.keyword.builtin.ClickKeyword.click(ClickKeyword.groovy:75)
	at com.kms.katalon.core.webui.keyword.builtin.ClickKeyword.execute(ClickKeyword.groovy:40)
	at com.kms.katalon.core.keyword.internal.KeywordExecutor.executeKeywordForPlatform(KeywordExecutor.groovy:74)
	at com.kms.katalon.core.webui.keyword.WebUiBuiltInKeywords.click(WebUiBuiltInKeywords.groovy:684)
	at Script1731485365054.run(Script1731485365054.groovy:58)
	... 15 more
)

01-01-2025T21:08:07 - [MESSAGE][INFO] - Unable to find the element located by 'By.xpath: //div[@data-testid='select-field']//p[@data-testid='selected-value' and text()='Pilih rekening bank']'. Please recheck the objects properties to make sure the desired element is located. 

01-01-2025T21:08:07 - [MESSAGE][WARNING] - [SELF-HEALING] Failed to find element with id 'Object Repository/Master Data/Admin Sekolah/Filter Tagihan/Select Rekening Bank'. Try using Self-healing.

01-01-2025T21:08:08 - [MESSAGE][INFO] - [SELF-HEALING] No working XPath is found.

01-01-2025T21:08:10 - [MESSAGE][WARNING] - [SELF-HEALING] invalid selector
from javascript error: {"status":32,"value":"Unable to locate an element with the xpath expression  because of the following error:\nSyntaxError: Failed to execute 'evaluate' on 'Document': The string '' is not a valid XPath expression."}
  (Session info: chrome=131.0.6778.205)
For documentation on this error, please visit: https://www.selenium.dev/documentation/webdriver/troubleshooting/errors#invalid-selector-exception
Build info: version: '4.22.0', revision: 'c5f3146703'
System info: os.name: 'Windows 11', os.arch: 'amd64', os.version: '10.0', java.version: '17.0.7'
Driver info: com.kms.katalon.selenium.driver.CChromeDriver
Command: [e14245f2f1d5770a9335c0378f4936de, findElements {value=, using=xpath}]
Capabilities {acceptInsecureCerts: false, browserName: chrome, browserVersion: 131.0.6778.205, chrome: {chromedriverVersion: 130.0.6723.58 (3a50e012e4c9..., userDataDir: C:\Users\henri\AppData\Loca...}, fedcm:accounts: true, goog:chromeOptions: {debuggerAddress: localhost:62242}, networkConnectionEnabled: false, pageLoadStrategy: normal, platformName: windows, proxy: Proxy(), se:cdp: ws://localhost:62242/devtoo..., se:cdpVersion: 131.0.6778.205, setWindowRect: true, strictFileInteractability: false, timeouts: {implicit: 0, pageLoad: 300000, script: 30000}, unhandledPromptBehavior: ignore, webSocketUrl: ws://localhost:28134/sessio..., webauthn:extension:credBlob: true, webauthn:extension:largeBlob: true, webauthn:extension:minPinLength: true, webauthn:extension:prf: true, webauthn:virtualAuthenticators: true}
Session ID: e14245f2f1d5770a9335c0378f4936de

01-01-2025T21:08:10 - [MESSAGE][WARNING] - [SELF-HEALING] Cannot find elements when the selector is null

01-01-2025T21:08:10 - [MESSAGE][FAILED] - Unable to click on object 'Object Repository/Master Data/Admin Sekolah/Filter Tagihan/Select Rekening Bank' (Root cause: com.kms.katalon.core.exception.StepFailedException: Unable to click on object 'Object Repository/Master Data/Admin Sekolah/Filter Tagihan/Select Rekening Bank'
	at com.kms.katalon.core.webui.keyword.internal.WebUIKeywordMain.stepFailed(WebUIKeywordMain.groovy:117)
	at com.kms.katalon.core.webui.keyword.internal.WebUIKeywordMain.runKeyword(WebUIKeywordMain.groovy:43)
	at com.kms.katalon.core.webui.keyword.builtin.ClickKeyword.click(ClickKeyword.groovy:75)
	at com.kms.katalon.core.webui.keyword.builtin.ClickKeyword.execute(ClickKeyword.groovy:40)
	at com.kms.katalon.core.keyword.internal.KeywordExecutor.executeKeywordForPlatform(KeywordExecutor.groovy:74)
	at com.kms.katalon.core.webui.keyword.WebUiBuiltInKeywords.click(WebUiBuiltInKeywords.groovy:684)
	at Filter Tagihan.run(Filter Tagihan:58)
	at com.kms.katalon.core.main.ScriptEngine.run(ScriptEngine.java:194)
	at com.kms.katalon.core.main.ScriptEngine.runScriptAsRawText(ScriptEngine.java:119)
	at com.kms.katalon.core.main.TestCaseExecutor.runScript(TestCaseExecutor.java:448)
	at com.kms.katalon.core.main.TestCaseExecutor.doExecute(TestCaseExecutor.java:439)
	at com.kms.katalon.core.main.TestCaseExecutor.processExecutionPhase(TestCaseExecutor.java:418)
	at com.kms.katalon.core.main.TestCaseExecutor.accessMainPhase(TestCaseExecutor.java:410)
	at com.kms.katalon.core.main.TestCaseExecutor.execute(TestCaseExecutor.java:285)
	at com.kms.katalon.core.common.CommonExecutor.accessTestCaseMainPhase(CommonExecutor.java:65)
	at com.kms.katalon.core.main.TestSuiteExecutor.accessTestSuiteMainPhase(TestSuiteExecutor.java:161)
	at com.kms.katalon.core.main.TestSuiteExecutor.execute(TestSuiteExecutor.java:107)
	at com.kms.katalon.core.main.TestCaseMain.startTestSuite(TestCaseMain.java:176)
	at TempTestSuite1735739901082.run(TempTestSuite1735739901082.groovy:35)
	at java.base/jdk.internal.reflect.NativeMethodAccessorImpl.invoke0(Native Method)
	at java.base/jdk.internal.reflect.NativeMethodAccessorImpl.invoke(NativeMethodAccessorImpl.java:77)
	at java.base/jdk.internal.reflect.DelegatingMethodAccessorImpl.invoke(DelegatingMethodAccessorImpl.java:43)
Caused by: com.kms.katalon.core.webui.exception.WebElementNotFoundException: Web element with id: 'Object Repository/Master Data/Admin Sekolah/Filter Tagihan/Select Rekening Bank' located by '//div[@data-testid='select-field']//p[@data-testid='selected-value' and text()='Pilih rekening bank']' not found
	at com.kms.katalon.core.webui.common.WebUiCommonHelper.findWebElement(WebUiCommonHelper.java:1426)
	at com.kms.katalon.core.webui.keyword.internal.WebUIAbstractKeyword.findWebElement(WebUIAbstractKeyword.groovy:27)
	at com.kms.katalon.core.webui.keyword.builtin.ClickKeyword$_click_closure1.doCall(ClickKeyword.groovy:66)
	at com.kms.katalon.core.webui.keyword.builtin.ClickKeyword$_click_closure1.call(ClickKeyword.groovy)
	at com.kms.katalon.core.webui.keyword.internal.WebUIKeywordMain.runKeyword(WebUIKeywordMain.groovy:35)
	at com.kms.katalon.core.webui.keyword.builtin.ClickKeyword.click(ClickKeyword.groovy:75)
	at com.kms.katalon.core.webui.keyword.builtin.ClickKeyword.execute(ClickKeyword.groovy:40)
	at com.kms.katalon.core.keyword.internal.KeywordExecutor.executeKeywordForPlatform(KeywordExecutor.groovy:74)
	at com.kms.katalon.core.webui.keyword.WebUiBuiltInKeywords.click(WebUiBuiltInKeywords.groovy:684)
	at Script1731485365054.run(Script1731485365054.groovy:58)
	... 15 more
)
[[ATTACHMENT|C:\\Users\\henri\\Videos\\school-payment-automation-testing\\Reports\\20250101_205820\\SPRINT 1\\20250101_205821\\1735740490208.png]]

01-01-2025T21:08:10 - [TEST_STEP][PASSED] - delay(1, CONTINUE_ON_FAILURE): Delayed 1 second(s)

01-01-2025T21:08:11 - [MESSAGE][PASSED] - Delayed 1 second(s)

01-01-2025T21:08:11 - [TEST_STEP][FAILED] - click(findTestObject("Master Data/Admin Sekolah/Filter Tagihan/CIMB"), CONTINUE_ON_FAILURE): Unable to click on object 'Object Repository/Master Data/Admin Sekolah/Filter Tagihan/CIMB' (Root cause: com.kms.katalon.core.exception.StepFailedException: Unable to click on object 'Object Repository/Master Data/Admin Sekolah/Filter Tagihan/CIMB'
	at com.kms.katalon.core.webui.keyword.internal.WebUIKeywordMain.stepFailed(WebUIKeywordMain.groovy:117)
	at com.kms.katalon.core.webui.keyword.internal.WebUIKeywordMain.runKeyword(WebUIKeywordMain.groovy:43)
	at com.kms.katalon.core.webui.keyword.builtin.ClickKeyword.click(ClickKeyword.groovy:75)
	at com.kms.katalon.core.webui.keyword.builtin.ClickKeyword.execute(ClickKeyword.groovy:40)
	at com.kms.katalon.core.keyword.internal.KeywordExecutor.executeKeywordForPlatform(KeywordExecutor.groovy:74)
	at com.kms.katalon.core.webui.keyword.WebUiBuiltInKeywords.click(WebUiBuiltInKeywords.groovy:684)
	at Filter Tagihan.run(Filter Tagihan:62)
	at com.kms.katalon.core.main.ScriptEngine.run(ScriptEngine.java:194)
	at com.kms.katalon.core.main.ScriptEngine.runScriptAsRawText(ScriptEngine.java:119)
	at com.kms.katalon.core.main.TestCaseExecutor.runScript(TestCaseExecutor.java:448)
	at com.kms.katalon.core.main.TestCaseExecutor.doExecute(TestCaseExecutor.java:439)
	at com.kms.katalon.core.main.TestCaseExecutor.processExecutionPhase(TestCaseExecutor.java:418)
	at com.kms.katalon.core.main.TestCaseExecutor.accessMainPhase(TestCaseExecutor.java:410)
	at com.kms.katalon.core.main.TestCaseExecutor.execute(TestCaseExecutor.java:285)
	at com.kms.katalon.core.common.CommonExecutor.accessTestCaseMainPhase(CommonExecutor.java:65)
	at com.kms.katalon.core.main.TestSuiteExecutor.accessTestSuiteMainPhase(TestSuiteExecutor.java:161)
	at com.kms.katalon.core.main.TestSuiteExecutor.execute(TestSuiteExecutor.java:107)
	at com.kms.katalon.core.main.TestCaseMain.startTestSuite(TestCaseMain.java:176)
	at TempTestSuite1735739901082.run(TempTestSuite1735739901082.groovy:35)
	at java.base/jdk.internal.reflect.NativeMethodAccessorImpl.invoke0(Native Method)
	at java.base/jdk.internal.reflect.NativeMethodAccessorImpl.invoke(NativeMethodAccessorImpl.java:77)
	at java.base/jdk.internal.reflect.DelegatingMethodAccessorImpl.invoke(DelegatingMethodAccessorImpl.java:43)
Caused by: com.kms.katalon.core.webui.exception.WebElementNotFoundException: Web element with id: 'Object Repository/Master Data/Admin Sekolah/Filter Tagihan/CIMB' located by '//div[@data-testid='option-91' and .//p[@data-testid='paragraph' and text()='CIMB - 1223123123']]' not found
	at com.kms.katalon.core.webui.common.WebUiCommonHelper.findWebElement(WebUiCommonHelper.java:1426)
	at com.kms.katalon.core.webui.keyword.internal.WebUIAbstractKeyword.findWebElement(WebUIAbstractKeyword.groovy:27)
	at com.kms.katalon.core.webui.keyword.builtin.ClickKeyword$_click_closure1.doCall(ClickKeyword.groovy:66)
	at com.kms.katalon.core.webui.keyword.builtin.ClickKeyword$_click_closure1.call(ClickKeyword.groovy)
	at com.kms.katalon.core.webui.keyword.internal.WebUIKeywordMain.runKeyword(WebUIKeywordMain.groovy:35)
	at com.kms.katalon.core.webui.keyword.builtin.ClickKeyword.click(ClickKeyword.groovy:75)
	at com.kms.katalon.core.webui.keyword.builtin.ClickKeyword.execute(ClickKeyword.groovy:40)
	at com.kms.katalon.core.keyword.internal.KeywordExecutor.executeKeywordForPlatform(KeywordExecutor.groovy:74)
	at com.kms.katalon.core.webui.keyword.WebUiBuiltInKeywords.click(WebUiBuiltInKeywords.groovy:684)
	at Script1731485365054.run(Script1731485365054.groovy:62)
	... 15 more
)

01-01-2025T21:08:42 - [MESSAGE][INFO] - Unable to find the element located by 'By.xpath: //div[@data-testid='option-91' and .//p[@data-testid='paragraph' and text()='CIMB - 1223123123']]'. Please recheck the objects properties to make sure the desired element is located. 

01-01-2025T21:08:42 - [MESSAGE][WARNING] - [SELF-HEALING] Failed to find element with id 'Object Repository/Master Data/Admin Sekolah/Filter Tagihan/CIMB'. Try using Self-healing.

01-01-2025T21:08:43 - [MESSAGE][INFO] - [SELF-HEALING] No working XPath is found.

01-01-2025T21:08:44 - [MESSAGE][WARNING] - [SELF-HEALING] invalid selector
from javascript error: {"status":32,"value":"Unable to locate an element with the xpath expression  because of the following error:\nSyntaxError: Failed to execute 'evaluate' on 'Document': The string '' is not a valid XPath expression."}
  (Session info: chrome=131.0.6778.205)
For documentation on this error, please visit: https://www.selenium.dev/documentation/webdriver/troubleshooting/errors#invalid-selector-exception
Build info: version: '4.22.0', revision: 'c5f3146703'
System info: os.name: 'Windows 11', os.arch: 'amd64', os.version: '10.0', java.version: '17.0.7'
Driver info: com.kms.katalon.selenium.driver.CChromeDriver
Command: [e14245f2f1d5770a9335c0378f4936de, findElements {value=, using=xpath}]
Capabilities {acceptInsecureCerts: false, browserName: chrome, browserVersion: 131.0.6778.205, chrome: {chromedriverVersion: 130.0.6723.58 (3a50e012e4c9..., userDataDir: C:\Users\henri\AppData\Loca...}, fedcm:accounts: true, goog:chromeOptions: {debuggerAddress: localhost:62242}, networkConnectionEnabled: false, pageLoadStrategy: normal, platformName: windows, proxy: Proxy(), se:cdp: ws://localhost:62242/devtoo..., se:cdpVersion: 131.0.6778.205, setWindowRect: true, strictFileInteractability: false, timeouts: {implicit: 0, pageLoad: 300000, script: 30000}, unhandledPromptBehavior: ignore, webSocketUrl: ws://localhost:28134/sessio..., webauthn:extension:credBlob: true, webauthn:extension:largeBlob: true, webauthn:extension:minPinLength: true, webauthn:extension:prf: true, webauthn:virtualAuthenticators: true}
Session ID: e14245f2f1d5770a9335c0378f4936de

01-01-2025T21:08:44 - [MESSAGE][WARNING] - [SELF-HEALING] Cannot find elements when the selector is null

01-01-2025T21:08:45 - [MESSAGE][FAILED] - Unable to click on object 'Object Repository/Master Data/Admin Sekolah/Filter Tagihan/CIMB' (Root cause: com.kms.katalon.core.exception.StepFailedException: Unable to click on object 'Object Repository/Master Data/Admin Sekolah/Filter Tagihan/CIMB'
	at com.kms.katalon.core.webui.keyword.internal.WebUIKeywordMain.stepFailed(WebUIKeywordMain.groovy:117)
	at com.kms.katalon.core.webui.keyword.internal.WebUIKeywordMain.runKeyword(WebUIKeywordMain.groovy:43)
	at com.kms.katalon.core.webui.keyword.builtin.ClickKeyword.click(ClickKeyword.groovy:75)
	at com.kms.katalon.core.webui.keyword.builtin.ClickKeyword.execute(ClickKeyword.groovy:40)
	at com.kms.katalon.core.keyword.internal.KeywordExecutor.executeKeywordForPlatform(KeywordExecutor.groovy:74)
	at com.kms.katalon.core.webui.keyword.WebUiBuiltInKeywords.click(WebUiBuiltInKeywords.groovy:684)
	at Filter Tagihan.run(Filter Tagihan:62)
	at com.kms.katalon.core.main.ScriptEngine.run(ScriptEngine.java:194)
	at com.kms.katalon.core.main.ScriptEngine.runScriptAsRawText(ScriptEngine.java:119)
	at com.kms.katalon.core.main.TestCaseExecutor.runScript(TestCaseExecutor.java:448)
	at com.kms.katalon.core.main.TestCaseExecutor.doExecute(TestCaseExecutor.java:439)
	at com.kms.katalon.core.main.TestCaseExecutor.processExecutionPhase(TestCaseExecutor.java:418)
	at com.kms.katalon.core.main.TestCaseExecutor.accessMainPhase(TestCaseExecutor.java:410)
	at com.kms.katalon.core.main.TestCaseExecutor.execute(TestCaseExecutor.java:285)
	at com.kms.katalon.core.common.CommonExecutor.accessTestCaseMainPhase(CommonExecutor.java:65)
	at com.kms.katalon.core.main.TestSuiteExecutor.accessTestSuiteMainPhase(TestSuiteExecutor.java:161)
	at com.kms.katalon.core.main.TestSuiteExecutor.execute(TestSuiteExecutor.java:107)
	at com.kms.katalon.core.main.TestCaseMain.startTestSuite(TestCaseMain.java:176)
	at TempTestSuite1735739901082.run(TempTestSuite1735739901082.groovy:35)
	at java.base/jdk.internal.reflect.NativeMethodAccessorImpl.invoke0(Native Method)
	at java.base/jdk.internal.reflect.NativeMethodAccessorImpl.invoke(NativeMethodAccessorImpl.java:77)
	at java.base/jdk.internal.reflect.DelegatingMethodAccessorImpl.invoke(DelegatingMethodAccessorImpl.java:43)
Caused by: com.kms.katalon.core.webui.exception.WebElementNotFoundException: Web element with id: 'Object Repository/Master Data/Admin Sekolah/Filter Tagihan/CIMB' located by '//div[@data-testid='option-91' and .//p[@data-testid='paragraph' and text()='CIMB - 1223123123']]' not found
	at com.kms.katalon.core.webui.common.WebUiCommonHelper.findWebElement(WebUiCommonHelper.java:1426)
	at com.kms.katalon.core.webui.keyword.internal.WebUIAbstractKeyword.findWebElement(WebUIAbstractKeyword.groovy:27)
	at com.kms.katalon.core.webui.keyword.builtin.ClickKeyword$_click_closure1.doCall(ClickKeyword.groovy:66)
	at com.kms.katalon.core.webui.keyword.builtin.ClickKeyword$_click_closure1.call(ClickKeyword.groovy)
	at com.kms.katalon.core.webui.keyword.internal.WebUIKeywordMain.runKeyword(WebUIKeywordMain.groovy:35)
	at com.kms.katalon.core.webui.keyword.builtin.ClickKeyword.click(ClickKeyword.groovy:75)
	at com.kms.katalon.core.webui.keyword.builtin.ClickKeyword.execute(ClickKeyword.groovy:40)
	at com.kms.katalon.core.keyword.internal.KeywordExecutor.executeKeywordForPlatform(KeywordExecutor.groovy:74)
	at com.kms.katalon.core.webui.keyword.WebUiBuiltInKeywords.click(WebUiBuiltInKeywords.groovy:684)
	at Script1731485365054.run(Script1731485365054.groovy:62)
	... 15 more
)
[[ATTACHMENT|C:\\Users\\henri\\Videos\\school-payment-automation-testing\\Reports\\20250101_205820\\SPRINT 1\\20250101_205821\\1735740524915.png]]

01-01-2025T21:08:45 - [TEST_STEP][PASSED] - delay(1, CONTINUE_ON_FAILURE): Delayed 1 second(s)

01-01-2025T21:08:46 - [MESSAGE][PASSED] - Delayed 1 second(s)

01-01-2025T21:08:46 - [TEST_STEP][FAILED] - click(findTestObject("Master Data/Admin Sekolah/Filter Tagihan/Button Terapkan"), CONTINUE_ON_FAILURE): Unable to click on object 'Object Repository/Master Data/Admin Sekolah/Filter Tagihan/Button Terapkan' (Root cause: com.kms.katalon.core.exception.StepFailedException: Unable to click on object 'Object Repository/Master Data/Admin Sekolah/Filter Tagihan/Button Terapkan'
	at com.kms.katalon.core.webui.keyword.internal.WebUIKeywordMain.stepFailed(WebUIKeywordMain.groovy:117)
	at com.kms.katalon.core.webui.keyword.internal.WebUIKeywordMain.runKeyword(WebUIKeywordMain.groovy:43)
	at com.kms.katalon.core.webui.keyword.builtin.ClickKeyword.click(ClickKeyword.groovy:75)
	at com.kms.katalon.core.webui.keyword.builtin.ClickKeyword.execute(ClickKeyword.groovy:40)
	at com.kms.katalon.core.keyword.internal.KeywordExecutor.executeKeywordForPlatform(KeywordExecutor.groovy:74)
	at com.kms.katalon.core.webui.keyword.WebUiBuiltInKeywords.click(WebUiBuiltInKeywords.groovy:684)
	at Filter Tagihan.run(Filter Tagihan:66)
	at com.kms.katalon.core.main.ScriptEngine.run(ScriptEngine.java:194)
	at com.kms.katalon.core.main.ScriptEngine.runScriptAsRawText(ScriptEngine.java:119)
	at com.kms.katalon.core.main.TestCaseExecutor.runScript(TestCaseExecutor.java:448)
	at com.kms.katalon.core.main.TestCaseExecutor.doExecute(TestCaseExecutor.java:439)
	at com.kms.katalon.core.main.TestCaseExecutor.processExecutionPhase(TestCaseExecutor.java:418)
	at com.kms.katalon.core.main.TestCaseExecutor.accessMainPhase(TestCaseExecutor.java:410)
	at com.kms.katalon.core.main.TestCaseExecutor.execute(TestCaseExecutor.java:285)
	at com.kms.katalon.core.common.CommonExecutor.accessTestCaseMainPhase(CommonExecutor.java:65)
	at com.kms.katalon.core.main.TestSuiteExecutor.accessTestSuiteMainPhase(TestSuiteExecutor.java:161)
	at com.kms.katalon.core.main.TestSuiteExecutor.execute(TestSuiteExecutor.java:107)
	at com.kms.katalon.core.main.TestCaseMain.startTestSuite(TestCaseMain.java:176)
	at TempTestSuite1735739901082.run(TempTestSuite1735739901082.groovy:35)
	at java.base/jdk.internal.reflect.NativeMethodAccessorImpl.invoke0(Native Method)
	at java.base/jdk.internal.reflect.NativeMethodAccessorImpl.invoke(NativeMethodAccessorImpl.java:77)
	at java.base/jdk.internal.reflect.DelegatingMethodAccessorImpl.invoke(DelegatingMethodAccessorImpl.java:43)
Caused by: com.kms.katalon.core.webui.exception.WebElementNotFoundException: Web element with id: 'Object Repository/Master Data/Admin Sekolah/Filter Tagihan/Button Terapkan' located by '//button[.//div[text()='Terapkan']]
' not found
	at com.kms.katalon.core.webui.common.WebUiCommonHelper.findWebElement(WebUiCommonHelper.java:1426)
	at com.kms.katalon.core.webui.keyword.internal.WebUIAbstractKeyword.findWebElement(WebUIAbstractKeyword.groovy:27)
	at com.kms.katalon.core.webui.keyword.builtin.ClickKeyword$_click_closure1.doCall(ClickKeyword.groovy:66)
	at com.kms.katalon.core.webui.keyword.builtin.ClickKeyword$_click_closure1.call(ClickKeyword.groovy)
	at com.kms.katalon.core.webui.keyword.internal.WebUIKeywordMain.runKeyword(WebUIKeywordMain.groovy:35)
	at com.kms.katalon.core.webui.keyword.builtin.ClickKeyword.click(ClickKeyword.groovy:75)
	at com.kms.katalon.core.webui.keyword.builtin.ClickKeyword.execute(ClickKeyword.groovy:40)
	at com.kms.katalon.core.keyword.internal.KeywordExecutor.executeKeywordForPlatform(KeywordExecutor.groovy:74)
	at com.kms.katalon.core.webui.keyword.WebUiBuiltInKeywords.click(WebUiBuiltInKeywords.groovy:684)
	at Script1731485365054.run(Script1731485365054.groovy:66)
	... 15 more
)

01-01-2025T21:09:17 - [MESSAGE][INFO] - Unable to find the element located by 'By.xpath: //button[.//div[text()='Terapkan']]
'. Please recheck the objects properties to make sure the desired element is located. 

01-01-2025T21:09:17 - [MESSAGE][WARNING] - [SELF-HEALING] Failed to find element with id 'Object Repository/Master Data/Admin Sekolah/Filter Tagihan/Button Terapkan'. Try using Self-healing.

01-01-2025T21:09:18 - [MESSAGE][INFO] - [SELF-HEALING] No working XPath is found.

01-01-2025T21:09:19 - [MESSAGE][WARNING] - [SELF-HEALING] invalid selector
from javascript error: {"status":32,"value":"Unable to locate an element with the xpath expression  because of the following error:\nSyntaxError: Failed to execute 'evaluate' on 'Document': The string '' is not a valid XPath expression."}
  (Session info: chrome=131.0.6778.205)
For documentation on this error, please visit: https://www.selenium.dev/documentation/webdriver/troubleshooting/errors#invalid-selector-exception
Build info: version: '4.22.0', revision: 'c5f3146703'
System info: os.name: 'Windows 11', os.arch: 'amd64', os.version: '10.0', java.version: '17.0.7'
Driver info: com.kms.katalon.selenium.driver.CChromeDriver
Command: [e14245f2f1d5770a9335c0378f4936de, findElements {value=, using=xpath}]
Capabilities {acceptInsecureCerts: false, browserName: chrome, browserVersion: 131.0.6778.205, chrome: {chromedriverVersion: 130.0.6723.58 (3a50e012e4c9..., userDataDir: C:\Users\henri\AppData\Loca...}, fedcm:accounts: true, goog:chromeOptions: {debuggerAddress: localhost:62242}, networkConnectionEnabled: false, pageLoadStrategy: normal, platformName: windows, proxy: Proxy(), se:cdp: ws://localhost:62242/devtoo..., se:cdpVersion: 131.0.6778.205, setWindowRect: true, strictFileInteractability: false, timeouts: {implicit: 0, pageLoad: 300000, script: 30000}, unhandledPromptBehavior: ignore, webSocketUrl: ws://localhost:28134/sessio..., webauthn:extension:credBlob: true, webauthn:extension:largeBlob: true, webauthn:extension:minPinLength: true, webauthn:extension:prf: true, webauthn:virtualAuthenticators: true}
Session ID: e14245f2f1d5770a9335c0378f4936de

01-01-2025T21:09:19 - [MESSAGE][WARNING] - [SELF-HEALING] Cannot find elements when the selector is null

01-01-2025T21:09:19 - [MESSAGE][FAILED] - Unable to click on object 'Object Repository/Master Data/Admin Sekolah/Filter Tagihan/Button Terapkan' (Root cause: com.kms.katalon.core.exception.StepFailedException: Unable to click on object 'Object Repository/Master Data/Admin Sekolah/Filter Tagihan/Button Terapkan'
	at com.kms.katalon.core.webui.keyword.internal.WebUIKeywordMain.stepFailed(WebUIKeywordMain.groovy:117)
	at com.kms.katalon.core.webui.keyword.internal.WebUIKeywordMain.runKeyword(WebUIKeywordMain.groovy:43)
	at com.kms.katalon.core.webui.keyword.builtin.ClickKeyword.click(ClickKeyword.groovy:75)
	at com.kms.katalon.core.webui.keyword.builtin.ClickKeyword.execute(ClickKeyword.groovy:40)
	at com.kms.katalon.core.keyword.internal.KeywordExecutor.executeKeywordForPlatform(KeywordExecutor.groovy:74)
	at com.kms.katalon.core.webui.keyword.WebUiBuiltInKeywords.click(WebUiBuiltInKeywords.groovy:684)
	at Filter Tagihan.run(Filter Tagihan:66)
	at com.kms.katalon.core.main.ScriptEngine.run(ScriptEngine.java:194)
	at com.kms.katalon.core.main.ScriptEngine.runScriptAsRawText(ScriptEngine.java:119)
	at com.kms.katalon.core.main.TestCaseExecutor.runScript(TestCaseExecutor.java:448)
	at com.kms.katalon.core.main.TestCaseExecutor.doExecute(TestCaseExecutor.java:439)
	at com.kms.katalon.core.main.TestCaseExecutor.processExecutionPhase(TestCaseExecutor.java:418)
	at com.kms.katalon.core.main.TestCaseExecutor.accessMainPhase(TestCaseExecutor.java:410)
	at com.kms.katalon.core.main.TestCaseExecutor.execute(TestCaseExecutor.java:285)
	at com.kms.katalon.core.common.CommonExecutor.accessTestCaseMainPhase(CommonExecutor.java:65)
	at com.kms.katalon.core.main.TestSuiteExecutor.accessTestSuiteMainPhase(TestSuiteExecutor.java:161)
	at com.kms.katalon.core.main.TestSuiteExecutor.execute(TestSuiteExecutor.java:107)
	at com.kms.katalon.core.main.TestCaseMain.startTestSuite(TestCaseMain.java:176)
	at TempTestSuite1735739901082.run(TempTestSuite1735739901082.groovy:35)
	at java.base/jdk.internal.reflect.NativeMethodAccessorImpl.invoke0(Native Method)
	at java.base/jdk.internal.reflect.NativeMethodAccessorImpl.invoke(NativeMethodAccessorImpl.java:77)
	at java.base/jdk.internal.reflect.DelegatingMethodAccessorImpl.invoke(DelegatingMethodAccessorImpl.java:43)
Caused by: com.kms.katalon.core.webui.exception.WebElementNotFoundException: Web element with id: 'Object Repository/Master Data/Admin Sekolah/Filter Tagihan/Button Terapkan' located by '//button[.//div[text()='Terapkan']]
' not found
	at com.kms.katalon.core.webui.common.WebUiCommonHelper.findWebElement(WebUiCommonHelper.java:1426)
	at com.kms.katalon.core.webui.keyword.internal.WebUIAbstractKeyword.findWebElement(WebUIAbstractKeyword.groovy:27)
	at com.kms.katalon.core.webui.keyword.builtin.ClickKeyword$_click_closure1.doCall(ClickKeyword.groovy:66)
	at com.kms.katalon.core.webui.keyword.builtin.ClickKeyword$_click_closure1.call(ClickKeyword.groovy)
	at com.kms.katalon.core.webui.keyword.internal.WebUIKeywordMain.runKeyword(WebUIKeywordMain.groovy:35)
	at com.kms.katalon.core.webui.keyword.builtin.ClickKeyword.click(ClickKeyword.groovy:75)
	at com.kms.katalon.core.webui.keyword.builtin.ClickKeyword.execute(ClickKeyword.groovy:40)
	at com.kms.katalon.core.keyword.internal.KeywordExecutor.executeKeywordForPlatform(KeywordExecutor.groovy:74)
	at com.kms.katalon.core.webui.keyword.WebUiBuiltInKeywords.click(WebUiBuiltInKeywords.groovy:684)
	at Script1731485365054.run(Script1731485365054.groovy:66)
	... 15 more
)
[[ATTACHMENT|C:\\Users\\henri\\Videos\\school-payment-automation-testing\\Reports\\20250101_205820\\SPRINT 1\\20250101_205821\\1735740559390.png]]]]></system-out>
         <system-err><![CDATA[01-01-2025T21:01:21 - [TEST_CASE][FAILED] - Test Cases/Master Data/Admin Sekolah/Master Data Tagihan/Filter Tagihan: Test Cases/Master Data/Admin Sekolah/Master Data Tagihan/Filter Tagihan FAILED.
Reason:
com.kms.katalon.core.exception.StepFailedException: Unable to click on object 'Object Repository/Master Data/Admin Sekolah/Login/Field Email' (Root cause: com.kms.katalon.core.exception.StepFailedException: Unable to click on object 'Object Repository/Master Data/Admin Sekolah/Login/Field Email'
	at com.kms.katalon.core.webui.keyword.internal.WebUIKeywordMain.stepFailed(WebUIKeywordMain.groovy:117)
	at com.kms.katalon.core.webui.keyword.internal.WebUIKeywordMain.runKeyword(WebUIKeywordMain.groovy:43)
	at com.kms.katalon.core.webui.keyword.builtin.ClickKeyword.click(ClickKeyword.groovy:75)
	at com.kms.katalon.core.webui.keyword.builtin.ClickKeyword.execute(ClickKeyword.groovy:40)
	at com.kms.katalon.core.keyword.internal.KeywordExecutor.executeKeywordForPlatform(KeywordExecutor.groovy:74)
	at com.kms.katalon.core.webui.keyword.WebUiBuiltInKeywords.click(WebUiBuiltInKeywords.groovy:684)
	at Filter Tagihan.run(Filter Tagihan:24)
	at com.kms.katalon.core.main.ScriptEngine.run(ScriptEngine.java:194)
	at com.kms.katalon.core.main.ScriptEngine.runScriptAsRawText(ScriptEngine.java:119)
	at com.kms.katalon.core.main.TestCaseExecutor.runScript(TestCaseExecutor.java:448)
	at com.kms.katalon.core.main.TestCaseExecutor.doExecute(TestCaseExecutor.java:439)
	at com.kms.katalon.core.main.TestCaseExecutor.processExecutionPhase(TestCaseExecutor.java:418)
	at com.kms.katalon.core.main.TestCaseExecutor.accessMainPhase(TestCaseExecutor.java:410)
	at com.kms.katalon.core.main.TestCaseExecutor.execute(TestCaseExecutor.java:285)
	at com.kms.katalon.core.common.CommonExecutor.accessTestCaseMainPhase(CommonExecutor.java:65)
	at com.kms.katalon.core.main.TestSuiteExecutor.accessTestSuiteMainPhase(TestSuiteExecutor.java:161)
	at com.kms.katalon.core.main.TestSuiteExecutor.execute(TestSuiteExecutor.java:107)
	at com.kms.katalon.core.main.TestCaseMain.startTestSuite(TestCaseMain.java:176)
	at TempTestSuite1735739901082.run(TempTestSuite1735739901082.groovy:35)
	at java.base/jdk.internal.reflect.NativeMethodAccessorImpl.invoke0(Native Method)
	at java.base/jdk.internal.reflect.NativeMethodAccessorImpl.invoke(NativeMethodAccessorImpl.java:77)
	at java.base/jdk.internal.reflect.DelegatingMethodAccessorImpl.invoke(DelegatingMethodAccessorImpl.java:43)
Caused by: com.kms.katalon.core.webui.exception.WebElementNotFoundException: Web element with id: 'Object Repository/Master Data/Admin Sekolah/Login/Field Email' located by '//input[@name='email']' not found
	at com.kms.katalon.core.webui.common.WebUiCommonHelper.findWebElement(WebUiCommonHelper.java:1426)
	at com.kms.katalon.core.webui.keyword.internal.WebUIAbstractKeyword.findWebElement(WebUIAbstractKeyword.groovy:27)
	at com.kms.katalon.core.webui.keyword.builtin.ClickKeyword$_click_closure1.doCall(ClickKeyword.groovy:66)
	at com.kms.katalon.core.webui.keyword.builtin.ClickKeyword$_click_closure1.call(ClickKeyword.groovy)
	at com.kms.katalon.core.webui.keyword.internal.WebUIKeywordMain.runKeyword(WebUIKeywordMain.groovy:35)
	at com.kms.katalon.core.webui.keyword.builtin.ClickKeyword.click(ClickKeyword.groovy:75)
	at com.kms.katalon.core.webui.keyword.builtin.ClickKeyword.execute(ClickKeyword.groovy:40)
	at com.kms.katalon.core.keyword.internal.KeywordExecutor.executeKeywordForPlatform(KeywordExecutor.groovy:74)
	at com.kms.katalon.core.webui.keyword.WebUiBuiltInKeywords.click(WebUiBuiltInKeywords.groovy:684)
	at Script1731485365054.run(Script1731485365054.groovy:24)
	... 15 more
)
	at com.kms.katalon.core.keyword.internal.KeywordMain.stepFailed(KeywordMain.groovy:39)
	at com.kms.katalon.core.webui.keyword.internal.WebUIKeywordMain.stepFailed(WebUIKeywordMain.groovy:117)
	at com.kms.katalon.core.webui.keyword.internal.WebUIKeywordMain.runKeyword(WebUIKeywordMain.groovy:43)
	at com.kms.katalon.core.webui.keyword.builtin.ClickKeyword.click(ClickKeyword.groovy:75)
	at com.kms.katalon.core.webui.keyword.builtin.ClickKeyword.execute(ClickKeyword.groovy:40)
	at com.kms.katalon.core.keyword.internal.KeywordExecutor.executeKeywordForPlatform(KeywordExecutor.groovy:74)
	at com.kms.katalon.core.webui.keyword.WebUiBuiltInKeywords.click(WebUiBuiltInKeywords.groovy:684)
	at Filter Tagihan.run(Filter Tagihan:24)
	at com.kms.katalon.core.main.ScriptEngine.run(ScriptEngine.java:194)
	at com.kms.katalon.core.main.ScriptEngine.runScriptAsRawText(ScriptEngine.java:119)
	at com.kms.katalon.core.main.TestCaseExecutor.runScript(TestCaseExecutor.java:448)
	at com.kms.katalon.core.main.TestCaseExecutor.doExecute(TestCaseExecutor.java:439)
	at com.kms.katalon.core.main.TestCaseExecutor.processExecutionPhase(TestCaseExecutor.java:418)
	at com.kms.katalon.core.main.TestCaseExecutor.accessMainPhase(TestCaseExecutor.java:410)
	at com.kms.katalon.core.main.TestCaseExecutor.execute(TestCaseExecutor.java:285)
	at com.kms.katalon.core.common.CommonExecutor.accessTestCaseMainPhase(CommonExecutor.java:65)
	at com.kms.katalon.core.main.TestSuiteExecutor.accessTestSuiteMainPhase(TestSuiteExecutor.java:161)
	at com.kms.katalon.core.main.TestSuiteExecutor.execute(TestSuiteExecutor.java:107)
	at com.kms.katalon.core.main.TestCaseMain.startTestSuite(TestCaseMain.java:176)
	at TempTestSuite1735739901082.run(TempTestSuite1735739901082.groovy:35)
	at java.base/jdk.internal.reflect.NativeMethodAccessorImpl.invoke0(Native Method)
	at java.base/jdk.internal.reflect.NativeMethodAccessorImpl.invoke(NativeMethodAccessorImpl.java:77)
	at java.base/jdk.internal.reflect.DelegatingMethodAccessorImpl.invoke(DelegatingMethodAccessorImpl.java:43)
Caused by: com.kms.katalon.core.exception.StepFailedException: Unable to click on object 'Object Repository/Master Data/Admin Sekolah/Login/Field Email'
	... 22 more
Caused by: com.kms.katalon.core.webui.exception.WebElementNotFoundException: Web element with id: 'Object Repository/Master Data/Admin Sekolah/Login/Field Email' located by '//input[@name='email']' not found
	at com.kms.katalon.core.webui.common.WebUiCommonHelper.findWebElement(WebUiCommonHelper.java:1426)
	at com.kms.katalon.core.webui.keyword.internal.WebUIAbstractKeyword.findWebElement(WebUIAbstractKeyword.groovy:27)
	at com.kms.katalon.core.webui.keyword.builtin.ClickKeyword$_click_closure1.doCall(ClickKeyword.groovy:66)
	at com.kms.katalon.core.webui.keyword.builtin.ClickKeyword$_click_closure1.call(ClickKeyword.groovy)
	at com.kms.katalon.core.webui.keyword.internal.WebUIKeywordMain.runKeyword(WebUIKeywordMain.groovy:35)
	... 20 more]]></system-err>
      </testcase>
      <testcase name="Test Cases/Master Data/Admin Sekolah/Master Data Tagihan/Lihat Tagihan" time="8.384" classname="Test Cases/Master Data/Admin Sekolah/Master Data Tagihan/Lihat Tagihan" status="PASSED">
         <system-out><![CDATA[01-01-2025T21:09:19 - [TEST_CASE][PASSED] - Test Cases/Master Data/Admin Sekolah/Master Data Tagihan/Lihat Tagihan: Test Cases/Master Data/Admin Sekolah/Master Data Tagihan/Lihat Tagihan

01-01-2025T21:09:19 - [TEST_STEP][PASSED] - openBrowser("", CONTINUE_ON_FAILURE): Browser is opened with url: ''

01-01-2025T21:09:19 - [MESSAGE][WARNING] - A browser is already opened. Closing browser and opening a new one

01-01-2025T21:09:19 - [MESSAGE][INFO] - Starting 'Chrome' driver

01-01-2025T21:09:19 - [MESSAGE][INFO] - Action delay is set to 0 milliseconds

01-01-2025T21:09:20 - [MESSAGE][PASSED] - Browser is opened with url: ''

01-01-2025T21:09:20 - [TEST_STEP][PASSED] - navigateToUrl("https://school-payment.digiform.co.id/login", CONTINUE_ON_FAILURE): Navigate to 'https://school-payment.digiform.co.id/login' successfully

01-01-2025T21:09:20 - [MESSAGE][PASSED] - Navigate to 'https://school-payment.digiform.co.id/login' successfully

01-01-2025T21:09:20 - [TEST_STEP][PASSED] - click(findTestObject("Master Data/Admin Sekolah/Login/Field Email"), CONTINUE_ON_FAILURE): Object: 'Object Repository/Master Data/Admin Sekolah/Login/Field Email' is clicked on

01-01-2025T21:09:22 - [MESSAGE][PASSED] - Object: 'Object Repository/Master Data/Admin Sekolah/Login/Field Email' is clicked on

01-01-2025T21:09:22 - [TEST_STEP][PASSED] - setText(findTestObject("Master Data/Admin Sekolah/Login/Field Email"), "admin.sekolah@gmail.com", CONTINUE_ON_FAILURE): Text 'admin.sekolah@gmail.com' is set on object 'Object Repository/Master Data/Admin Sekolah/Login/Field Email'

01-01-2025T21:09:22 - [MESSAGE][PASSED] - Text 'admin.sekolah@gmail.com' is set on object 'Object Repository/Master Data/Admin Sekolah/Login/Field Email'

01-01-2025T21:09:22 - [TEST_STEP][PASSED] - click(findTestObject("Master Data/Admin Sekolah/Login/Input Password"), CONTINUE_ON_FAILURE): Object: 'Object Repository/Master Data/Admin Sekolah/Login/Input Password' is clicked on

01-01-2025T21:09:23 - [MESSAGE][PASSED] - Object: 'Object Repository/Master Data/Admin Sekolah/Login/Input Password' is clicked on

01-01-2025T21:09:23 - [TEST_STEP][PASSED] - setText(findTestObject("Master Data/Admin Sekolah/Login/Input Password"), "Test1234", CONTINUE_ON_FAILURE): Text 'Test1234' is set on object 'Object Repository/Master Data/Admin Sekolah/Login/Input Password'

01-01-2025T21:09:23 - [MESSAGE][PASSED] - Text 'Test1234' is set on object 'Object Repository/Master Data/Admin Sekolah/Login/Input Password'

01-01-2025T21:09:23 - [TEST_STEP][PASSED] - click(findTestObject("Master Data/Admin Sekolah/Login/Button Submit"), CONTINUE_ON_FAILURE): Object: 'Object Repository/Master Data/Admin Sekolah/Login/Button Submit' is clicked on

01-01-2025T21:09:23 - [MESSAGE][PASSED] - Object: 'Object Repository/Master Data/Admin Sekolah/Login/Button Submit' is clicked on

01-01-2025T21:09:23 - [TEST_STEP][PASSED] - click(findTestObject("Master Data/Admin Sekolah/Lihat Tagihan/Menu Master Data"), CONTINUE_ON_FAILURE): Object: 'Object Repository/Master Data/Admin Sekolah/Lihat Tagihan/Menu Master Data' is clicked on

01-01-2025T21:09:25 - [MESSAGE][PASSED] - Object: 'Object Repository/Master Data/Admin Sekolah/Lihat Tagihan/Menu Master Data' is clicked on

01-01-2025T21:09:25 - [TEST_STEP][PASSED] - click(findTestObject("Master Data/Admin Sekolah/Lihat Tagihan/Menu Tagihan"), CONTINUE_ON_FAILURE): Object: 'Object Repository/Master Data/Admin Sekolah/Lihat Tagihan/Menu Tagihan' is clicked on

01-01-2025T21:09:26 - [MESSAGE][PASSED] - Object: 'Object Repository/Master Data/Admin Sekolah/Lihat Tagihan/Menu Tagihan' is clicked on

01-01-2025T21:09:26 - [TEST_STEP][PASSED] - delay(1, CONTINUE_ON_FAILURE): Delayed 1 second(s)

01-01-2025T21:09:27 - [MESSAGE][PASSED] - Delayed 1 second(s)

01-01-2025T21:09:27 - [TEST_STEP][PASSED] - click(findTestObject("Master Data/Admin Sekolah/Lihat Tagihan/Button View"), CONTINUE_ON_FAILURE): Object: 'Object Repository/Master Data/Admin Sekolah/Lihat Tagihan/Button View' is clicked on

01-01-2025T21:09:27 - [MESSAGE][PASSED] - Object: 'Object Repository/Master Data/Admin Sekolah/Lihat Tagihan/Button View' is clicked on]]></system-out>
         <system-err><![CDATA[]]></system-err>
      </testcase>
      <testcase name="Test Cases/Master Data/Admin Sekolah/Master Data Tagihan/Tambah Tagihan" time="41.578" classname="Test Cases/Master Data/Admin Sekolah/Master Data Tagihan/Tambah Tagihan" status="FAILED">
         <failure type="FAILED" message="Test Cases/Master Data/Admin Sekolah/Master Data Tagihan/Tambah Tagihan FAILED.&#xa;Reason:&#xa;com.kms.katalon.core.exception.StepFailedException: Unable to click on object 'Object Repository/Master Data/Admin Sekolah/Tambah Tagihan/Klik Tahun Ajaran'&#xa;	at com.kms.katalon.core.webui.keyword.internal.WebUIKeywordMain.stepFailed(WebUIKeywordMain.groovy:117)&#xa;	at com.kms.katalon.core.webui.keyword.internal.WebUIKeywordMain.runKeyword(WebUIKeywordMain.groovy:43)&#xa;	at com.kms.katalon.core.webui.keyword.builtin.ClickKeyword.click(ClickKeyword.groovy:75)&#xa;	at com.kms.katalon.core.webui.keyword.builtin.ClickKeyword.execute(ClickKeyword.groovy:40)&#xa;	at com.kms.katalon.core.keyword.internal.KeywordExecutor.executeKeywordForPlatform(KeywordExecutor.groovy:74)&#xa;	at com.kms.katalon.core.webui.keyword.WebUiBuiltInKeywords.click(WebUiBuiltInKeywords.groovy:696)&#xa;	at Tambah Tagihan.run(Tambah Tagihan:45)&#xa;	at com.kms.katalon.core.main.ScriptEngine.run(ScriptEngine.java:194)&#xa;	at com.kms.katalon.core.main.ScriptEngine.runScriptAsRawText(ScriptEngine.java:119)&#xa;	at com.kms.katalon.core.main.TestCaseExecutor.runScript(TestCaseExecutor.java:448)&#xa;	at com.kms.katalon.core.main.TestCaseExecutor.doExecute(TestCaseExecutor.java:439)&#xa;	at com.kms.katalon.core.main.TestCaseExecutor.processExecutionPhase(TestCaseExecutor.java:418)&#xa;	at com.kms.katalon.core.main.TestCaseExecutor.accessMainPhase(TestCaseExecutor.java:410)&#xa;	at com.kms.katalon.core.main.TestCaseExecutor.execute(TestCaseExecutor.java:285)&#xa;	at com.kms.katalon.core.common.CommonExecutor.accessTestCaseMainPhase(CommonExecutor.java:65)&#xa;	at com.kms.katalon.core.main.TestSuiteExecutor.accessTestSuiteMainPhase(TestSuiteExecutor.java:161)&#xa;	at com.kms.katalon.core.main.TestSuiteExecutor.execute(TestSuiteExecutor.java:107)&#xa;	at com.kms.katalon.core.main.TestCaseMain.startTestSuite(TestCaseMain.java:176)&#xa;	at TempTestSuite1735739901082.run(TempTestSuite1735739901082.groovy:35)&#xa;	at java.base/jdk.internal.reflect.NativeMethodAccessorImpl.invoke0(Native Method)&#xa;	at java.base/jdk.internal.reflect.NativeMethodAccessorImpl.invoke(NativeMethodAccessorImpl.java:77)&#xa;	at java.base/jdk.internal.reflect.DelegatingMethodAccessorImpl.invoke(DelegatingMethodAccessorImpl.java:43)&#xa;Caused by: com.kms.katalon.core.webui.exception.WebElementNotFoundException: Web element with id: 'Object Repository/Master Data/Admin Sekolah/Tambah Tagihan/Klik Tahun Ajaran' located by '//*[@data-testid = 'select-field' and (text() = 'Pilih tahun ajaran' or . = 'Pilih tahun ajaran')]' not found&#xa;	at com.kms.katalon.core.webui.common.WebUiCommonHelper.findWebElement(WebUiCommonHelper.java:1426)&#xa;	at com.kms.katalon.core.webui.keyword.internal.WebUIAbstractKeyword.findWebElement(WebUIAbstractKeyword.groovy:27)&#xa;	at com.kms.katalon.core.webui.keyword.builtin.ClickKeyword$_click_closure1.doCall(ClickKeyword.groovy:66)&#xa;	at com.kms.katalon.core.webui.keyword.builtin.ClickKeyword$_click_closure1.call(ClickKeyword.groovy)&#xa;	at com.kms.katalon.core.webui.keyword.internal.WebUIKeywordMain.runKeyword(WebUIKeywordMain.groovy:35)&#xa;	... 20 more&#xa;"/>
         <system-out><![CDATA[01-01-2025T21:09:27 - [TEST_CASE][FAILED] - Test Cases/Master Data/Admin Sekolah/Master Data Tagihan/Tambah Tagihan: Test Cases/Master Data/Admin Sekolah/Master Data Tagihan/Tambah Tagihan FAILED.
Reason:
com.kms.katalon.core.exception.StepFailedException: Unable to click on object 'Object Repository/Master Data/Admin Sekolah/Tambah Tagihan/Klik Tahun Ajaran'
	at com.kms.katalon.core.webui.keyword.internal.WebUIKeywordMain.stepFailed(WebUIKeywordMain.groovy:117)
	at com.kms.katalon.core.webui.keyword.internal.WebUIKeywordMain.runKeyword(WebUIKeywordMain.groovy:43)
	at com.kms.katalon.core.webui.keyword.builtin.ClickKeyword.click(ClickKeyword.groovy:75)
	at com.kms.katalon.core.webui.keyword.builtin.ClickKeyword.execute(ClickKeyword.groovy:40)
	at com.kms.katalon.core.keyword.internal.KeywordExecutor.executeKeywordForPlatform(KeywordExecutor.groovy:74)
	at com.kms.katalon.core.webui.keyword.WebUiBuiltInKeywords.click(WebUiBuiltInKeywords.groovy:696)
	at Tambah Tagihan.run(Tambah Tagihan:45)
	at com.kms.katalon.core.main.ScriptEngine.run(ScriptEngine.java:194)
	at com.kms.katalon.core.main.ScriptEngine.runScriptAsRawText(ScriptEngine.java:119)
	at com.kms.katalon.core.main.TestCaseExecutor.runScript(TestCaseExecutor.java:448)
	at com.kms.katalon.core.main.TestCaseExecutor.doExecute(TestCaseExecutor.java:439)
	at com.kms.katalon.core.main.TestCaseExecutor.processExecutionPhase(TestCaseExecutor.java:418)
	at com.kms.katalon.core.main.TestCaseExecutor.accessMainPhase(TestCaseExecutor.java:410)
	at com.kms.katalon.core.main.TestCaseExecutor.execute(TestCaseExecutor.java:285)
	at com.kms.katalon.core.common.CommonExecutor.accessTestCaseMainPhase(CommonExecutor.java:65)
	at com.kms.katalon.core.main.TestSuiteExecutor.accessTestSuiteMainPhase(TestSuiteExecutor.java:161)
	at com.kms.katalon.core.main.TestSuiteExecutor.execute(TestSuiteExecutor.java:107)
	at com.kms.katalon.core.main.TestCaseMain.startTestSuite(TestCaseMain.java:176)
	at TempTestSuite1735739901082.run(TempTestSuite1735739901082.groovy:35)
	at java.base/jdk.internal.reflect.NativeMethodAccessorImpl.invoke0(Native Method)
	at java.base/jdk.internal.reflect.NativeMethodAccessorImpl.invoke(NativeMethodAccessorImpl.java:77)
	at java.base/jdk.internal.reflect.DelegatingMethodAccessorImpl.invoke(DelegatingMethodAccessorImpl.java:43)
Caused by: com.kms.katalon.core.webui.exception.WebElementNotFoundException: Web element with id: 'Object Repository/Master Data/Admin Sekolah/Tambah Tagihan/Klik Tahun Ajaran' located by '//*[@data-testid = 'select-field' and (text() = 'Pilih tahun ajaran' or . = 'Pilih tahun ajaran')]' not found
	at com.kms.katalon.core.webui.common.WebUiCommonHelper.findWebElement(WebUiCommonHelper.java:1426)
	at com.kms.katalon.core.webui.keyword.internal.WebUIAbstractKeyword.findWebElement(WebUIAbstractKeyword.groovy:27)
	at com.kms.katalon.core.webui.keyword.builtin.ClickKeyword$_click_closure1.doCall(ClickKeyword.groovy:66)
	at com.kms.katalon.core.webui.keyword.builtin.ClickKeyword$_click_closure1.call(ClickKeyword.groovy)
	at com.kms.katalon.core.webui.keyword.internal.WebUIKeywordMain.runKeyword(WebUIKeywordMain.groovy:35)
	... 20 more


01-01-2025T21:09:28 - [TEST_STEP][PASSED] - openBrowser("", CONTINUE_ON_FAILURE): Browser is opened with url: ''

01-01-2025T21:09:28 - [MESSAGE][WARNING] - A browser is already opened. Closing browser and opening a new one

01-01-2025T21:09:28 - [MESSAGE][INFO] - Starting 'Chrome' driver

01-01-2025T21:09:28 - [MESSAGE][INFO] - Action delay is set to 0 milliseconds

01-01-2025T21:09:28 - [MESSAGE][PASSED] - Browser is opened with url: ''

01-01-2025T21:09:28 - [TEST_STEP][PASSED] - navigateToUrl("https://school-payment.digiform.co.id/login", CONTINUE_ON_FAILURE): Navigate to 'https://school-payment.digiform.co.id/login' successfully

01-01-2025T21:09:29 - [MESSAGE][PASSED] - Navigate to 'https://school-payment.digiform.co.id/login' successfully

01-01-2025T21:09:29 - [TEST_STEP][PASSED] - setText(findTestObject("Master Data/Admin Sekolah/Login/Field Email"), "admin.sekolah@gmail.com", CONTINUE_ON_FAILURE): Text 'admin.sekolah@gmail.com' is set on object 'Object Repository/Master Data/Admin Sekolah/Login/Field Email'

01-01-2025T21:09:31 - [MESSAGE][PASSED] - Text 'admin.sekolah@gmail.com' is set on object 'Object Repository/Master Data/Admin Sekolah/Login/Field Email'

01-01-2025T21:09:31 - [TEST_STEP][PASSED] - setText(findTestObject("Master Data/Admin Sekolah/Login/Input Password"), "Test1234", CONTINUE_ON_FAILURE): Text 'Test1234' is set on object 'Object Repository/Master Data/Admin Sekolah/Login/Input Password'

01-01-2025T21:09:31 - [MESSAGE][PASSED] - Text 'Test1234' is set on object 'Object Repository/Master Data/Admin Sekolah/Login/Input Password'

01-01-2025T21:09:31 - [TEST_STEP][PASSED] - click(findTestObject("Master Data/Admin Sekolah/Login/Button Submit"), CONTINUE_ON_FAILURE): Object: 'Object Repository/Master Data/Admin Sekolah/Login/Button Submit' is clicked on

01-01-2025T21:09:31 - [MESSAGE][PASSED] - Object: 'Object Repository/Master Data/Admin Sekolah/Login/Button Submit' is clicked on

01-01-2025T21:09:31 - [TEST_STEP][PASSED] - click(findTestObject("Master Data/Admin Sekolah/Tambah Tagihan/Menu Master Data"), CONTINUE_ON_FAILURE): Object: 'Object Repository/Master Data/Admin Sekolah/Tambah Tagihan/Menu Master Data' is clicked on

01-01-2025T21:09:33 - [MESSAGE][PASSED] - Object: 'Object Repository/Master Data/Admin Sekolah/Tambah Tagihan/Menu Master Data' is clicked on

01-01-2025T21:09:33 - [TEST_STEP][PASSED] - click(findTestObject("Master Data/Admin Sekolah/Tambah Tagihan/Menu Tagihan"), CONTINUE_ON_FAILURE): Object: 'Object Repository/Master Data/Admin Sekolah/Tambah Tagihan/Menu Tagihan' is clicked on

01-01-2025T21:09:34 - [MESSAGE][PASSED] - Object: 'Object Repository/Master Data/Admin Sekolah/Tambah Tagihan/Menu Tagihan' is clicked on

01-01-2025T21:09:34 - [TEST_STEP][PASSED] - click(findTestObject("Master Data/Admin Sekolah/Tambah Tagihan/Button Tambah"), CONTINUE_ON_FAILURE): Object: 'Object Repository/Master Data/Admin Sekolah/Tambah Tagihan/Button Tambah' is clicked on

01-01-2025T21:09:35 - [MESSAGE][PASSED] - Object: 'Object Repository/Master Data/Admin Sekolah/Tambah Tagihan/Button Tambah' is clicked on

01-01-2025T21:09:35 - [TEST_STEP][PASSED] - setText(findTestObject("Master Data/Admin Sekolah/Tambah Tagihan/Input Nama Tagihan"), "KATALONZ", CONTINUE_ON_FAILURE): Text 'KATALONZ' is set on object 'Object Repository/Master Data/Admin Sekolah/Tambah Tagihan/Input Nama Tagihan'

01-01-2025T21:09:36 - [MESSAGE][PASSED] - Text 'KATALONZ' is set on object 'Object Repository/Master Data/Admin Sekolah/Tambah Tagihan/Input Nama Tagihan'

01-01-2025T21:09:36 - [TEST_STEP][PASSED] - click(findTestObject("Master Data/Admin Sekolah/Tambah Tagihan/Select Tipe Tagihan"), CONTINUE_ON_FAILURE): Object: 'Object Repository/Master Data/Admin Sekolah/Tambah Tagihan/Select Tipe Tagihan' is clicked on

01-01-2025T21:09:36 - [MESSAGE][PASSED] - Object: 'Object Repository/Master Data/Admin Sekolah/Tambah Tagihan/Select Tipe Tagihan' is clicked on

01-01-2025T21:09:36 - [TEST_STEP][PASSED] - click(findTestObject("Master Data/Admin Sekolah/Tambah Tagihan/Tagihan Regular"), CONTINUE_ON_FAILURE): Object: 'Object Repository/Master Data/Admin Sekolah/Tambah Tagihan/Tagihan Regular' is clicked on

01-01-2025T21:09:37 - [MESSAGE][PASSED] - Object: 'Object Repository/Master Data/Admin Sekolah/Tambah Tagihan/Tagihan Regular' is clicked on

01-01-2025T21:09:37 - [TEST_STEP][FAILED] - click(findTestObject("Master Data/Admin Sekolah/Tambah Tagihan/Klik Tahun Ajaran")): Unable to click on object 'Object Repository/Master Data/Admin Sekolah/Tambah Tagihan/Klik Tahun Ajaran' (Root cause: com.kms.katalon.core.exception.StepFailedException: Unable to click on object 'Object Repository/Master Data/Admin Sekolah/Tambah Tagihan/Klik Tahun Ajaran'
	at com.kms.katalon.core.webui.keyword.internal.WebUIKeywordMain.stepFailed(WebUIKeywordMain.groovy:117)
	at com.kms.katalon.core.webui.keyword.internal.WebUIKeywordMain.runKeyword(WebUIKeywordMain.groovy:43)
	at com.kms.katalon.core.webui.keyword.builtin.ClickKeyword.click(ClickKeyword.groovy:75)
	at com.kms.katalon.core.webui.keyword.builtin.ClickKeyword.execute(ClickKeyword.groovy:40)
	at com.kms.katalon.core.keyword.internal.KeywordExecutor.executeKeywordForPlatform(KeywordExecutor.groovy:74)
	at com.kms.katalon.core.webui.keyword.WebUiBuiltInKeywords.click(WebUiBuiltInKeywords.groovy:696)
	at Tambah Tagihan.run(Tambah Tagihan:45)
	at com.kms.katalon.core.main.ScriptEngine.run(ScriptEngine.java:194)
	at com.kms.katalon.core.main.ScriptEngine.runScriptAsRawText(ScriptEngine.java:119)
	at com.kms.katalon.core.main.TestCaseExecutor.runScript(TestCaseExecutor.java:448)
	at com.kms.katalon.core.main.TestCaseExecutor.doExecute(TestCaseExecutor.java:439)
	at com.kms.katalon.core.main.TestCaseExecutor.processExecutionPhase(TestCaseExecutor.java:418)
	at com.kms.katalon.core.main.TestCaseExecutor.accessMainPhase(TestCaseExecutor.java:410)
	at com.kms.katalon.core.main.TestCaseExecutor.execute(TestCaseExecutor.java:285)
	at com.kms.katalon.core.common.CommonExecutor.accessTestCaseMainPhase(CommonExecutor.java:65)
	at com.kms.katalon.core.main.TestSuiteExecutor.accessTestSuiteMainPhase(TestSuiteExecutor.java:161)
	at com.kms.katalon.core.main.TestSuiteExecutor.execute(TestSuiteExecutor.java:107)
	at com.kms.katalon.core.main.TestCaseMain.startTestSuite(TestCaseMain.java:176)
	at TempTestSuite1735739901082.run(TempTestSuite1735739901082.groovy:35)
	at java.base/jdk.internal.reflect.NativeMethodAccessorImpl.invoke0(Native Method)
	at java.base/jdk.internal.reflect.NativeMethodAccessorImpl.invoke(NativeMethodAccessorImpl.java:77)
	at java.base/jdk.internal.reflect.DelegatingMethodAccessorImpl.invoke(DelegatingMethodAccessorImpl.java:43)
Caused by: com.kms.katalon.core.webui.exception.WebElementNotFoundException: Web element with id: 'Object Repository/Master Data/Admin Sekolah/Tambah Tagihan/Klik Tahun Ajaran' located by '//*[@data-testid = 'select-field' and (text() = 'Pilih tahun ajaran' or . = 'Pilih tahun ajaran')]' not found
	at com.kms.katalon.core.webui.common.WebUiCommonHelper.findWebElement(WebUiCommonHelper.java:1426)
	at com.kms.katalon.core.webui.keyword.internal.WebUIAbstractKeyword.findWebElement(WebUIAbstractKeyword.groovy:27)
	at com.kms.katalon.core.webui.keyword.builtin.ClickKeyword$_click_closure1.doCall(ClickKeyword.groovy:66)
	at com.kms.katalon.core.webui.keyword.builtin.ClickKeyword$_click_closure1.call(ClickKeyword.groovy)
	at com.kms.katalon.core.webui.keyword.internal.WebUIKeywordMain.runKeyword(WebUIKeywordMain.groovy:35)
	at com.kms.katalon.core.webui.keyword.builtin.ClickKeyword.click(ClickKeyword.groovy:75)
	at com.kms.katalon.core.webui.keyword.builtin.ClickKeyword.execute(ClickKeyword.groovy:40)
	at com.kms.katalon.core.keyword.internal.KeywordExecutor.executeKeywordForPlatform(KeywordExecutor.groovy:74)
	at com.kms.katalon.core.webui.keyword.WebUiBuiltInKeywords.click(WebUiBuiltInKeywords.groovy:696)
	at Script1731464238981.run(Script1731464238981.groovy:45)
	... 15 more
)

01-01-2025T21:10:08 - [MESSAGE][INFO] - Unable to find the element located by 'By.xpath: //*[@data-testid = 'select-field' and (text() = 'Pilih tahun ajaran' or . = 'Pilih tahun ajaran')]'. Please recheck the objects properties to make sure the desired element is located. 

01-01-2025T21:10:08 - [MESSAGE][WARNING] - [SELF-HEALING] Failed to find element with id 'Object Repository/Master Data/Admin Sekolah/Tambah Tagihan/Klik Tahun Ajaran'. Try using Self-healing.

01-01-2025T21:10:08 - [MESSAGE][WARNING] - [SELF-HEALING] invalid selector
from javascript error: {"status":32,"value":"Unable to locate an element with the xpath expression  because of the following error:\nSyntaxError: Failed to execute 'evaluate' on 'Document': The string '' is not a valid XPath expression."}
  (Session info: chrome=131.0.6778.205)
For documentation on this error, please visit: https://www.selenium.dev/documentation/webdriver/troubleshooting/errors#invalid-selector-exception
Build info: version: '4.22.0', revision: 'c5f3146703'
System info: os.name: 'Windows 11', os.arch: 'amd64', os.version: '10.0', java.version: '17.0.7'
Driver info: com.kms.katalon.selenium.driver.CChromeDriver
Command: [6cd8c27391bf9dd02bdb15e4d6cb5e2f, findElements {value=, using=xpath}]
Capabilities {acceptInsecureCerts: false, browserName: chrome, browserVersion: 131.0.6778.205, chrome: {chromedriverVersion: 130.0.6723.58 (3a50e012e4c9..., userDataDir: C:\Users\henri\AppData\Loca...}, fedcm:accounts: true, goog:chromeOptions: {debuggerAddress: localhost:62489}, networkConnectionEnabled: false, pageLoadStrategy: normal, platformName: windows, proxy: Proxy(), se:cdp: ws://localhost:62489/devtoo..., se:cdpVersion: 131.0.6778.205, setWindowRect: true, strictFileInteractability: false, timeouts: {implicit: 0, pageLoad: 300000, script: 30000}, unhandledPromptBehavior: ignore, webSocketUrl: ws://localhost:12007/sessio..., webauthn:extension:credBlob: true, webauthn:extension:largeBlob: true, webauthn:extension:minPinLength: true, webauthn:extension:prf: true, webauthn:virtualAuthenticators: true}
Session ID: 6cd8c27391bf9dd02bdb15e4d6cb5e2f

01-01-2025T21:10:09 - [MESSAGE][WARNING] - [SELF-HEALING] Cannot find elements when the selector is null

01-01-2025T21:10:09 - [MESSAGE][FAILED] - Unable to click on object 'Object Repository/Master Data/Admin Sekolah/Tambah Tagihan/Klik Tahun Ajaran' (Root cause: com.kms.katalon.core.exception.StepFailedException: Unable to click on object 'Object Repository/Master Data/Admin Sekolah/Tambah Tagihan/Klik Tahun Ajaran'
	at com.kms.katalon.core.webui.keyword.internal.WebUIKeywordMain.stepFailed(WebUIKeywordMain.groovy:117)
	at com.kms.katalon.core.webui.keyword.internal.WebUIKeywordMain.runKeyword(WebUIKeywordMain.groovy:43)
	at com.kms.katalon.core.webui.keyword.builtin.ClickKeyword.click(ClickKeyword.groovy:75)
	at com.kms.katalon.core.webui.keyword.builtin.ClickKeyword.execute(ClickKeyword.groovy:40)
	at com.kms.katalon.core.keyword.internal.KeywordExecutor.executeKeywordForPlatform(KeywordExecutor.groovy:74)
	at com.kms.katalon.core.webui.keyword.WebUiBuiltInKeywords.click(WebUiBuiltInKeywords.groovy:696)
	at Tambah Tagihan.run(Tambah Tagihan:45)
	at com.kms.katalon.core.main.ScriptEngine.run(ScriptEngine.java:194)
	at com.kms.katalon.core.main.ScriptEngine.runScriptAsRawText(ScriptEngine.java:119)
	at com.kms.katalon.core.main.TestCaseExecutor.runScript(TestCaseExecutor.java:448)
	at com.kms.katalon.core.main.TestCaseExecutor.doExecute(TestCaseExecutor.java:439)
	at com.kms.katalon.core.main.TestCaseExecutor.processExecutionPhase(TestCaseExecutor.java:418)
	at com.kms.katalon.core.main.TestCaseExecutor.accessMainPhase(TestCaseExecutor.java:410)
	at com.kms.katalon.core.main.TestCaseExecutor.execute(TestCaseExecutor.java:285)
	at com.kms.katalon.core.common.CommonExecutor.accessTestCaseMainPhase(CommonExecutor.java:65)
	at com.kms.katalon.core.main.TestSuiteExecutor.accessTestSuiteMainPhase(TestSuiteExecutor.java:161)
	at com.kms.katalon.core.main.TestSuiteExecutor.execute(TestSuiteExecutor.java:107)
	at com.kms.katalon.core.main.TestCaseMain.startTestSuite(TestCaseMain.java:176)
	at TempTestSuite1735739901082.run(TempTestSuite1735739901082.groovy:35)
	at java.base/jdk.internal.reflect.NativeMethodAccessorImpl.invoke0(Native Method)
	at java.base/jdk.internal.reflect.NativeMethodAccessorImpl.invoke(NativeMethodAccessorImpl.java:77)
	at java.base/jdk.internal.reflect.DelegatingMethodAccessorImpl.invoke(DelegatingMethodAccessorImpl.java:43)
Caused by: com.kms.katalon.core.webui.exception.WebElementNotFoundException: Web element with id: 'Object Repository/Master Data/Admin Sekolah/Tambah Tagihan/Klik Tahun Ajaran' located by '//*[@data-testid = 'select-field' and (text() = 'Pilih tahun ajaran' or . = 'Pilih tahun ajaran')]' not found
	at com.kms.katalon.core.webui.common.WebUiCommonHelper.findWebElement(WebUiCommonHelper.java:1426)
	at com.kms.katalon.core.webui.keyword.internal.WebUIAbstractKeyword.findWebElement(WebUIAbstractKeyword.groovy:27)
	at com.kms.katalon.core.webui.keyword.builtin.ClickKeyword$_click_closure1.doCall(ClickKeyword.groovy:66)
	at com.kms.katalon.core.webui.keyword.builtin.ClickKeyword$_click_closure1.call(ClickKeyword.groovy)
	at com.kms.katalon.core.webui.keyword.internal.WebUIKeywordMain.runKeyword(WebUIKeywordMain.groovy:35)
	at com.kms.katalon.core.webui.keyword.builtin.ClickKeyword.click(ClickKeyword.groovy:75)
	at com.kms.katalon.core.webui.keyword.builtin.ClickKeyword.execute(ClickKeyword.groovy:40)
	at com.kms.katalon.core.keyword.internal.KeywordExecutor.executeKeywordForPlatform(KeywordExecutor.groovy:74)
	at com.kms.katalon.core.webui.keyword.WebUiBuiltInKeywords.click(WebUiBuiltInKeywords.groovy:696)
	at Script1731464238981.run(Script1731464238981.groovy:45)
	... 15 more
)
[[ATTACHMENT|C:\\Users\\henri\\Videos\\school-payment-automation-testing\\Reports\\20250101_205820\\SPRINT 1\\20250101_205821\\1735740609476.png]]]]></system-out>
         <system-err><![CDATA[01-01-2025T21:09:27 - [TEST_CASE][FAILED] - Test Cases/Master Data/Admin Sekolah/Master Data Tagihan/Tambah Tagihan: Test Cases/Master Data/Admin Sekolah/Master Data Tagihan/Tambah Tagihan FAILED.
Reason:
com.kms.katalon.core.exception.StepFailedException: Unable to click on object 'Object Repository/Master Data/Admin Sekolah/Tambah Tagihan/Klik Tahun Ajaran'
	at com.kms.katalon.core.webui.keyword.internal.WebUIKeywordMain.stepFailed(WebUIKeywordMain.groovy:117)
	at com.kms.katalon.core.webui.keyword.internal.WebUIKeywordMain.runKeyword(WebUIKeywordMain.groovy:43)
	at com.kms.katalon.core.webui.keyword.builtin.ClickKeyword.click(ClickKeyword.groovy:75)
	at com.kms.katalon.core.webui.keyword.builtin.ClickKeyword.execute(ClickKeyword.groovy:40)
	at com.kms.katalon.core.keyword.internal.KeywordExecutor.executeKeywordForPlatform(KeywordExecutor.groovy:74)
	at com.kms.katalon.core.webui.keyword.WebUiBuiltInKeywords.click(WebUiBuiltInKeywords.groovy:696)
	at Tambah Tagihan.run(Tambah Tagihan:45)
	at com.kms.katalon.core.main.ScriptEngine.run(ScriptEngine.java:194)
	at com.kms.katalon.core.main.ScriptEngine.runScriptAsRawText(ScriptEngine.java:119)
	at com.kms.katalon.core.main.TestCaseExecutor.runScript(TestCaseExecutor.java:448)
	at com.kms.katalon.core.main.TestCaseExecutor.doExecute(TestCaseExecutor.java:439)
	at com.kms.katalon.core.main.TestCaseExecutor.processExecutionPhase(TestCaseExecutor.java:418)
	at com.kms.katalon.core.main.TestCaseExecutor.accessMainPhase(TestCaseExecutor.java:410)
	at com.kms.katalon.core.main.TestCaseExecutor.execute(TestCaseExecutor.java:285)
	at com.kms.katalon.core.common.CommonExecutor.accessTestCaseMainPhase(CommonExecutor.java:65)
	at com.kms.katalon.core.main.TestSuiteExecutor.accessTestSuiteMainPhase(TestSuiteExecutor.java:161)
	at com.kms.katalon.core.main.TestSuiteExecutor.execute(TestSuiteExecutor.java:107)
	at com.kms.katalon.core.main.TestCaseMain.startTestSuite(TestCaseMain.java:176)
	at TempTestSuite1735739901082.run(TempTestSuite1735739901082.groovy:35)
	at java.base/jdk.internal.reflect.NativeMethodAccessorImpl.invoke0(Native Method)
	at java.base/jdk.internal.reflect.NativeMethodAccessorImpl.invoke(NativeMethodAccessorImpl.java:77)
	at java.base/jdk.internal.reflect.DelegatingMethodAccessorImpl.invoke(DelegatingMethodAccessorImpl.java:43)
Caused by: com.kms.katalon.core.webui.exception.WebElementNotFoundException: Web element with id: 'Object Repository/Master Data/Admin Sekolah/Tambah Tagihan/Klik Tahun Ajaran' located by '//*[@data-testid = 'select-field' and (text() = 'Pilih tahun ajaran' or . = 'Pilih tahun ajaran')]' not found
	at com.kms.katalon.core.webui.common.WebUiCommonHelper.findWebElement(WebUiCommonHelper.java:1426)
	at com.kms.katalon.core.webui.keyword.internal.WebUIAbstractKeyword.findWebElement(WebUIAbstractKeyword.groovy:27)
	at com.kms.katalon.core.webui.keyword.builtin.ClickKeyword$_click_closure1.doCall(ClickKeyword.groovy:66)
	at com.kms.katalon.core.webui.keyword.builtin.ClickKeyword$_click_closure1.call(ClickKeyword.groovy)
	at com.kms.katalon.core.webui.keyword.internal.WebUIKeywordMain.runKeyword(WebUIKeywordMain.groovy:35)
	... 20 more]]></system-err>
      </testcase>
      <testcase name="Test Cases/Master Data/Super Admin/Master Data Sekolah/Tambah Sekolah" time="54.059" classname="Test Cases/Master Data/Super Admin/Master Data Sekolah/Tambah Sekolah" status="PASSED">
         <system-out><![CDATA[01-01-2025T21:10:09 - [TEST_CASE][PASSED] - Test Cases/Master Data/Super Admin/Master Data Sekolah/Tambah Sekolah: Test Cases/Master Data/Super Admin/Master Data Sekolah/Tambah Sekolah

01-01-2025T21:10:09 - [TEST_STEP][PASSED] - openBrowser("", CONTINUE_ON_FAILURE): Browser is opened with url: ''

01-01-2025T21:10:09 - [MESSAGE][WARNING] - A browser is already opened. Closing browser and opening a new one

01-01-2025T21:10:09 - [MESSAGE][INFO] - Starting 'Chrome' driver

01-01-2025T21:10:09 - [MESSAGE][INFO] - Action delay is set to 0 milliseconds

01-01-2025T21:10:10 - [MESSAGE][PASSED] - Browser is opened with url: ''

01-01-2025T21:10:10 - [TEST_STEP][PASSED] - navigateToUrl("https://school-payment.digiform.co.id/login", CONTINUE_ON_FAILURE): Navigate to 'https://school-payment.digiform.co.id/login' successfully

01-01-2025T21:10:30 - [MESSAGE][PASSED] - Navigate to 'https://school-payment.digiform.co.id/login' successfully

01-01-2025T21:10:30 - [TEST_STEP][PASSED] - click(findTestObject("Master Data/Admin Sekolah/Login/Field Email"), CONTINUE_ON_FAILURE): Object: 'Object Repository/Master Data/Admin Sekolah/Login/Field Email' is clicked on

01-01-2025T21:10:32 - [MESSAGE][PASSED] - Object: 'Object Repository/Master Data/Admin Sekolah/Login/Field Email' is clicked on

01-01-2025T21:10:32 - [TEST_STEP][PASSED] - setText(findTestObject("Master Data/Admin Sekolah/Login/Field Email"), "admin@gmail.com", CONTINUE_ON_FAILURE): Text 'admin@gmail.com' is set on object 'Object Repository/Master Data/Admin Sekolah/Login/Field Email'

01-01-2025T21:10:32 - [MESSAGE][PASSED] - Text 'admin@gmail.com' is set on object 'Object Repository/Master Data/Admin Sekolah/Login/Field Email'

01-01-2025T21:10:32 - [TEST_STEP][PASSED] - click(findTestObject("Master Data/Admin Sekolah/Login/Input Password"), CONTINUE_ON_FAILURE): Object: 'Object Repository/Master Data/Admin Sekolah/Login/Input Password' is clicked on

01-01-2025T21:10:32 - [MESSAGE][PASSED] - Object: 'Object Repository/Master Data/Admin Sekolah/Login/Input Password' is clicked on

01-01-2025T21:10:32 - [TEST_STEP][PASSED] - setText(findTestObject("Master Data/Admin Sekolah/Login/Input Password"), "Test1234", CONTINUE_ON_FAILURE): Text 'Test1234' is set on object 'Object Repository/Master Data/Admin Sekolah/Login/Input Password'

01-01-2025T21:10:33 - [MESSAGE][PASSED] - Text 'Test1234' is set on object 'Object Repository/Master Data/Admin Sekolah/Login/Input Password'

01-01-2025T21:10:33 - [TEST_STEP][PASSED] - click(findTestObject("Master Data/Admin Sekolah/Login/Button Submit"), CONTINUE_ON_FAILURE): Object: 'Object Repository/Master Data/Admin Sekolah/Login/Button Submit' is clicked on

01-01-2025T21:10:33 - [MESSAGE][PASSED] - Object: 'Object Repository/Master Data/Admin Sekolah/Login/Button Submit' is clicked on

01-01-2025T21:10:33 - [TEST_STEP][PASSED] - waitForPageLoad(5, CONTINUE_ON_FAILURE): Wait for page load successfully

01-01-2025T21:10:33 - [MESSAGE][PASSED] - Wait for page load successfully

01-01-2025T21:10:33 - [TEST_STEP][PASSED] - click(findTestObject("Master Data/Super Admin/Homepage Menu/Sidebar Menu"), CONTINUE_ON_FAILURE): Object: 'Object Repository/Master Data/Super Admin/Homepage Menu/Sidebar Menu' is clicked on

01-01-2025T21:10:35 - [MESSAGE][PASSED] - Object: 'Object Repository/Master Data/Super Admin/Homepage Menu/Sidebar Menu' is clicked on

01-01-2025T21:10:35 - [TEST_STEP][PASSED] - click(findTestObject("Master Data/Super Admin/Homepage Menu/Sub Menu Sekolah"), CONTINUE_ON_FAILURE): Object: 'Object Repository/Master Data/Super Admin/Homepage Menu/Sub Menu Sekolah' is clicked on

01-01-2025T21:10:35 - [MESSAGE][PASSED] - Object: 'Object Repository/Master Data/Super Admin/Homepage Menu/Sub Menu Sekolah' is clicked on

01-01-2025T21:10:35 - [TEST_STEP][PASSED] - click(findTestObject("Master Data/Super Admin/Master Sekolah Dashboard/Button Tambah"), CONTINUE_ON_FAILURE): Object: 'Object Repository/Master Data/Super Admin/Master Sekolah Dashboard/Button Tambah' is clicked on

01-01-2025T21:10:36 - [MESSAGE][PASSED] - Object: 'Object Repository/Master Data/Super Admin/Master Sekolah Dashboard/Button Tambah' is clicked on

01-01-2025T21:10:36 - [TEST_STEP][PASSED] - waitForPageLoad(5, CONTINUE_ON_FAILURE): Wait for page load successfully

01-01-2025T21:10:36 - [MESSAGE][PASSED] - Wait for page load successfully

01-01-2025T21:10:36 - [TEST_STEP][PASSED] - sekolahDataList = [["NPSN":"047216429", "Telephone":"08126472631", "NamaSekolah":"SMA Duta Bangsa", "Email":"dutabangsa@sch.id"]]: null

01-01-2025T21:10:36 - [TEST_STEP][PASSED] - for (Map<String, String> sekolahData : sekolahDataList): null

01-01-2025T21:10:36 - [TEST_STEP][PASSED] - fillFormWithData(sekolahData): null

01-01-2025T21:10:36 - [TEST_STEP][PASSED] - setText(findTestObject("Master Data/Super Admin/Form Sekolah/Field NPSN"), formData["NPSN"]): Text '047216429' is set on object 'Object Repository/Master Data/Super Admin/Form Sekolah/Field NPSN'

01-01-2025T21:10:37 - [MESSAGE][PASSED] - Text '047216429' is set on object 'Object Repository/Master Data/Super Admin/Form Sekolah/Field NPSN'

01-01-2025T21:10:37 - [TEST_STEP][PASSED] - setText(findTestObject("Master Data/Super Admin/Form Sekolah/Field Telephone"), formData["Telephone"]): Text '08126472631' is set on object 'Object Repository/Master Data/Super Admin/Form Sekolah/Field Telephone'

01-01-2025T21:10:37 - [MESSAGE][PASSED] - Text '08126472631' is set on object 'Object Repository/Master Data/Super Admin/Form Sekolah/Field Telephone'

01-01-2025T21:10:37 - [TEST_STEP][PASSED] - setText(findTestObject("Master Data/Super Admin/Form Sekolah/Field Nama Sekolah"), formData["NamaSekolah"]): Text 'SMA Duta Bangsa' is set on object 'Object Repository/Master Data/Super Admin/Form Sekolah/Field Nama Sekolah'

01-01-2025T21:10:38 - [MESSAGE][PASSED] - Text 'SMA Duta Bangsa' is set on object 'Object Repository/Master Data/Super Admin/Form Sekolah/Field Nama Sekolah'

01-01-2025T21:10:38 - [TEST_STEP][PASSED] - setText(findTestObject("Master Data/Super Admin/Form Sekolah/Field Email"), formData["Email"]): null

01-01-2025T21:10:38 - [MESSAGE][PASSED] - Text 'dutabangsa@sch.id' is set on object 'Object Repository/Master Data/Super Admin/Form Sekolah/Field Email'

01-01-2025T21:10:38 - [TEST_STEP][PASSED] - delay(1): Delayed 1 second(s)

01-01-2025T21:10:39 - [MESSAGE][PASSED] - Delayed 1 second(s)

01-01-2025T21:10:39 - [TEST_STEP][PASSED] - scrollToElement(findTestObject("Master Data/Super Admin/Form Sekolah/Field Email"), 0, CONTINUE_ON_FAILURE): Scroll to object 'Object Repository/Master Data/Super Admin/Form Sekolah/Field Email' successfully

01-01-2025T21:10:39 - [MESSAGE][WARNING] - Timeout '0' is invalid. Using default page load timeout: '30'

01-01-2025T21:10:40 - [MESSAGE][PASSED] - Scroll to object 'Object Repository/Master Data/Super Admin/Form Sekolah/Field Email' successfully

01-01-2025T21:10:40 - [TEST_STEP][PASSED] - click(findTestObject("Master Data/Super Admin/Form Sekolah/Dropdown Unit"), CONTINUE_ON_FAILURE): Object: 'Object Repository/Master Data/Super Admin/Form Sekolah/Dropdown Unit' is clicked on

01-01-2025T21:10:40 - [MESSAGE][PASSED] - Object: 'Object Repository/Master Data/Super Admin/Form Sekolah/Dropdown Unit' is clicked on

01-01-2025T21:10:40 - [TEST_STEP][PASSED] - click(findTestObject("Master Data/Super Admin/Form Sekolah/Isi Dropdown Unit"), CONTINUE_ON_FAILURE): Object: 'Object Repository/Master Data/Super Admin/Form Sekolah/Isi Dropdown Unit' is clicked on

01-01-2025T21:10:40 - [MESSAGE][PASSED] - Object: 'Object Repository/Master Data/Super Admin/Form Sekolah/Isi Dropdown Unit' is clicked on

01-01-2025T21:10:40 - [TEST_STEP][PASSED] - logoFilePaths = ["C:\Users\henri\Pictures\Upload Sekolah\Logo Sekolah.png"]: null

01-01-2025T21:10:40 - [TEST_STEP][PASSED] - for (String logoFilePath : logoFilePaths): null

01-01-2025T21:10:40 - [TEST_STEP][PASSED] - uploadLogo(logoFilePath): null

01-01-2025T21:10:40 - [TEST_STEP][PASSED] - click(findTestObject("Master Data/Super Admin/Form Sekolah/Button Upload Logo")): Object: 'Object Repository/Master Data/Super Admin/Form Sekolah/Button Upload Logo' is clicked on

01-01-2025T21:10:41 - [MESSAGE][PASSED] - Object: 'Object Repository/Master Data/Super Admin/Form Sekolah/Button Upload Logo' is clicked on

01-01-2025T21:10:41 - [TEST_STEP][PASSED] - delay(1): Delayed 1 second(s)

01-01-2025T21:10:42 - [MESSAGE][PASSED] - Delayed 1 second(s)

01-01-2025T21:10:42 - [TEST_STEP][PASSED] - uploadFile(findTestObject("Master Data/Super Admin/Form Sekolah/Input File Upload"), logoFilePath): null

01-01-2025T21:10:42 - [MESSAGE][PASSED] - File 'C:\Users\henri\Pictures\Upload Sekolah\Logo Sekolah.png' sent to object: 'Object Repository/Master Data/Super Admin/Form Sekolah/Input File Upload'

01-01-2025T21:10:42 - [TEST_STEP][PASSED] - delay(1): Delayed 1 second(s)

01-01-2025T21:10:43 - [MESSAGE][PASSED] - Delayed 1 second(s)

01-01-2025T21:10:43 - [TEST_STEP][PASSED] - kopSuratFilePath = "C:/Users/henri/Pictures/Upload Sekolah/Upload Kop Surat.png": null

01-01-2025T21:10:43 - [TEST_STEP][PASSED] - click(findTestObject("Master Data/Super Admin/Form Sekolah/Button Upload Kop Surat"), CONTINUE_ON_FAILURE): Object: 'Object Repository/Master Data/Super Admin/Form Sekolah/Button Upload Kop Surat' is clicked on

01-01-2025T21:10:43 - [MESSAGE][PASSED] - Object: 'Object Repository/Master Data/Super Admin/Form Sekolah/Button Upload Kop Surat' is clicked on

01-01-2025T21:10:43 - [TEST_STEP][PASSED] - delay(5, CONTINUE_ON_FAILURE): Delayed 5 second(s)

01-01-2025T21:10:48 - [MESSAGE][PASSED] - Delayed 5 second(s)

01-01-2025T21:10:48 - [TEST_STEP][PASSED] - uploadFile(findTestObject("Master Data/Super Admin/Form Sekolah/Input Upload File Kop Surat"), kopSuratFilePath, CONTINUE_ON_FAILURE): File 'C:/Users/henri/Pictures/Upload Sekolah/Upload Kop Surat.png' sent to object: 'Object Repository/Master Data/Super Admin/Form Sekolah/Input Upload File Kop Surat'

01-01-2025T21:10:49 - [MESSAGE][PASSED] - File 'C:/Users/henri/Pictures/Upload Sekolah/Upload Kop Surat.png' sent to object: 'Object Repository/Master Data/Super Admin/Form Sekolah/Input Upload File Kop Surat'

01-01-2025T21:10:49 - [TEST_STEP][PASSED] - selectDropdownValue("Master Data/Super Admin/Form Sekolah/Dropdown Provinsi", "Master Data/Super Admin/Form Sekolah/Isi Dropdown Provinsi", 5, 2): null

01-01-2025T21:10:49 - [TEST_STEP][PASSED] - click(findTestObject(dropdownXpath)): Object: 'Object Repository/Master Data/Super Admin/Form Sekolah/Dropdown Provinsi' is clicked on

01-01-2025T21:10:49 - [MESSAGE][PASSED] - Object: 'Object Repository/Master Data/Super Admin/Form Sekolah/Dropdown Provinsi' is clicked on

01-01-2025T21:10:49 - [TEST_STEP][PASSED] - delay(delayBefore): Delayed 5 second(s)

01-01-2025T21:10:54 - [MESSAGE][PASSED] - Delayed 5 second(s)

01-01-2025T21:10:54 - [TEST_STEP][PASSED] - click(findTestObject(valueXpath)): Object: 'Object Repository/Master Data/Super Admin/Form Sekolah/Isi Dropdown Provinsi' is clicked on

01-01-2025T21:10:54 - [MESSAGE][PASSED] - Object: 'Object Repository/Master Data/Super Admin/Form Sekolah/Isi Dropdown Provinsi' is clicked on

01-01-2025T21:10:54 - [TEST_STEP][PASSED] - delay(delayAfter): Delayed 2 second(s)

01-01-2025T21:10:56 - [MESSAGE][PASSED] - Delayed 2 second(s)

01-01-2025T21:10:56 - [TEST_STEP][PASSED] - selectDropdownValue("Master Data/Super Admin/Form Sekolah/Dropdown Kota", "Master Data/Super Admin/Form Sekolah/Isi Dropdown Kota", 2, 2): null

01-01-2025T21:10:56 - [TEST_STEP][PASSED] - click(findTestObject(dropdownXpath)): Object: 'Object Repository/Master Data/Super Admin/Form Sekolah/Dropdown Kota' is clicked on

01-01-2025T21:10:57 - [MESSAGE][PASSED] - Object: 'Object Repository/Master Data/Super Admin/Form Sekolah/Dropdown Kota' is clicked on

01-01-2025T21:10:57 - [TEST_STEP][PASSED] - delay(delayBefore): Delayed 2 second(s)

01-01-2025T21:10:59 - [MESSAGE][PASSED] - Delayed 2 second(s)

01-01-2025T21:10:59 - [TEST_STEP][PASSED] - click(findTestObject(valueXpath)): Object: 'Object Repository/Master Data/Super Admin/Form Sekolah/Isi Dropdown Kota' is clicked on

01-01-2025T21:10:59 - [MESSAGE][PASSED] - Object: 'Object Repository/Master Data/Super Admin/Form Sekolah/Isi Dropdown Kota' is clicked on

01-01-2025T21:10:59 - [TEST_STEP][PASSED] - delay(delayAfter): Delayed 2 second(s)

01-01-2025T21:11:01 - [MESSAGE][PASSED] - Delayed 2 second(s)

01-01-2025T21:11:01 - [TEST_STEP][PASSED] - setText(findTestObject("Master Data/Super Admin/Form Sekolah/Field Alamat"), "Head Office. Pondok Indah Office Tower 1 Lantai 8. Jl. Sultan Iskandar Muda Kav. V - TA, Jakarta Selatan 12310. Tel. +62-21 7654466. Fax. +62-21 7507747.", CONTINUE_ON_FAILURE): Text 'Head Office. Pondok Indah Office Tower 1 Lantai 8. Jl. Sultan Iskandar Muda Kav. V - TA, Jakarta Selatan 12310. Tel. +62-21 7654466. Fax. +62-21 7507747.' is set on object 'Object Repository/Master Data/Super Admin/Form Sekolah/Field Alamat'

01-01-2025T21:11:02 - [MESSAGE][PASSED] - Text 'Head Office. Pondok Indah Office Tower 1 Lantai 8. Jl. Sultan Iskandar Muda Kav. V - TA, Jakarta Selatan 12310. Tel. +62-21 7654466. Fax. +62-21 7507747.' is set on object 'Object Repository/Master Data/Super Admin/Form Sekolah/Field Alamat'

01-01-2025T21:11:02 - [TEST_STEP][PASSED] - click(findTestObject("Master Data/Super Admin/Form Sekolah/Button Tambahkan"), CONTINUE_ON_FAILURE): Object: 'Object Repository/Master Data/Super Admin/Form Sekolah/Button Tambahkan' is clicked on

01-01-2025T21:11:03 - [MESSAGE][PASSED] - Object: 'Object Repository/Master Data/Super Admin/Form Sekolah/Button Tambahkan' is clicked on

01-01-2025T21:11:03 - [TEST_STEP][PASSED] - click(findTestObject("Master Data/Super Admin/Form Sekolah/Button YA"), CONTINUE_ON_FAILURE): Object: 'Object Repository/Master Data/Super Admin/Form Sekolah/Button YA' is clicked on

01-01-2025T21:11:03 - [MESSAGE][PASSED] - Object: 'Object Repository/Master Data/Super Admin/Form Sekolah/Button YA' is clicked on]]></system-out>
         <system-err><![CDATA[]]></system-err>
      </testcase>
      <testcase name="Test Cases/Master Data/Super Admin/Master Data Sekolah/Edit Sekolah" time="51.787" classname="Test Cases/Master Data/Super Admin/Master Data Sekolah/Edit Sekolah" status="PASSED">
         <system-out><![CDATA[01-01-2025T21:11:03 - [TEST_CASE][PASSED] - Test Cases/Master Data/Super Admin/Master Data Sekolah/Edit Sekolah: Test Cases/Master Data/Super Admin/Master Data Sekolah/Edit Sekolah

01-01-2025T21:11:03 - [TEST_STEP][PASSED] - openBrowser("", CONTINUE_ON_FAILURE): Browser is opened with url: ''

01-01-2025T21:11:03 - [MESSAGE][WARNING] - A browser is already opened. Closing browser and opening a new one

01-01-2025T21:11:03 - [MESSAGE][INFO] - Starting 'Chrome' driver

01-01-2025T21:11:03 - [MESSAGE][INFO] - Action delay is set to 0 milliseconds

01-01-2025T21:11:04 - [MESSAGE][PASSED] - Browser is opened with url: ''

01-01-2025T21:11:04 - [TEST_STEP][PASSED] - navigateToUrl("https://school-payment.digiform.co.id/login", CONTINUE_ON_FAILURE): Navigate to 'https://school-payment.digiform.co.id/login' successfully

01-01-2025T21:11:04 - [MESSAGE][PASSED] - Navigate to 'https://school-payment.digiform.co.id/login' successfully

01-01-2025T21:11:04 - [TEST_STEP][PASSED] - setText(findTestObject("Master Data/Admin Sekolah/Login/Field Email"), "admin@gmail.com", CONTINUE_ON_FAILURE): Text 'admin@gmail.com' is set on object 'Object Repository/Master Data/Admin Sekolah/Login/Field Email'

01-01-2025T21:11:06 - [MESSAGE][PASSED] - Text 'admin@gmail.com' is set on object 'Object Repository/Master Data/Admin Sekolah/Login/Field Email'

01-01-2025T21:11:06 - [TEST_STEP][PASSED] - setText(findTestObject("Master Data/Admin Sekolah/Login/Input Password"), "Test1234", CONTINUE_ON_FAILURE): Text 'Test1234' is set on object 'Object Repository/Master Data/Admin Sekolah/Login/Input Password'

01-01-2025T21:11:07 - [MESSAGE][PASSED] - Text 'Test1234' is set on object 'Object Repository/Master Data/Admin Sekolah/Login/Input Password'

01-01-2025T21:11:07 - [TEST_STEP][PASSED] - click(findTestObject("Master Data/Admin Sekolah/Login/Button Submit"), CONTINUE_ON_FAILURE): Object: 'Object Repository/Master Data/Admin Sekolah/Login/Button Submit' is clicked on

01-01-2025T21:11:07 - [MESSAGE][PASSED] - Object: 'Object Repository/Master Data/Admin Sekolah/Login/Button Submit' is clicked on

01-01-2025T21:11:07 - [TEST_STEP][PASSED] - waitForPageLoad(5, CONTINUE_ON_FAILURE): Wait for page load successfully

01-01-2025T21:11:07 - [MESSAGE][PASSED] - Wait for page load successfully

01-01-2025T21:11:07 - [TEST_STEP][PASSED] - click(findTestObject("Master Data/Super Admin/Homepage Menu/Sidebar Menu"), CONTINUE_ON_FAILURE): Object: 'Object Repository/Master Data/Super Admin/Homepage Menu/Sidebar Menu' is clicked on

01-01-2025T21:11:09 - [MESSAGE][PASSED] - Object: 'Object Repository/Master Data/Super Admin/Homepage Menu/Sidebar Menu' is clicked on

01-01-2025T21:11:09 - [TEST_STEP][PASSED] - click(findTestObject("Master Data/Super Admin/Homepage Menu/Sub Menu Sekolah"), CONTINUE_ON_FAILURE): Object: 'Object Repository/Master Data/Super Admin/Homepage Menu/Sub Menu Sekolah' is clicked on

01-01-2025T21:11:09 - [MESSAGE][PASSED] - Object: 'Object Repository/Master Data/Super Admin/Homepage Menu/Sub Menu Sekolah' is clicked on

01-01-2025T21:11:09 - [TEST_STEP][PASSED] - click(findTestObject("Master Data/Super Admin/Edit Sekolah/Master Data Sekolah Dashboard/Button Action"), CONTINUE_ON_FAILURE): Object: 'Object Repository/Master Data/Super Admin/Edit Sekolah/Master Data Sekolah Dashboard/Button Action' is clicked on

01-01-2025T21:11:10 - [MESSAGE][PASSED] - Object: 'Object Repository/Master Data/Super Admin/Edit Sekolah/Master Data Sekolah Dashboard/Button Action' is clicked on

01-01-2025T21:11:10 - [TEST_STEP][PASSED] - click(findTestObject("Master Data/Super Admin/Edit Sekolah/Master Data Sekolah Dashboard/Button Edit"), CONTINUE_ON_FAILURE): Object: 'Object Repository/Master Data/Super Admin/Edit Sekolah/Master Data Sekolah Dashboard/Button Edit' is clicked on

01-01-2025T21:11:10 - [MESSAGE][PASSED] - Object: 'Object Repository/Master Data/Super Admin/Edit Sekolah/Master Data Sekolah Dashboard/Button Edit' is clicked on

01-01-2025T21:11:10 - [TEST_STEP][PASSED] - sendKeys(findTestObject("Master Data/Super Admin/Edit Sekolah/Edit Page/Field NPSN"), Keys.chord(CONTROL, "a")): Keys 'CONTROL + a' sent to object: 'Object Repository/Master Data/Super Admin/Edit Sekolah/Edit Page/Field NPSN'

01-01-2025T21:11:11 - [MESSAGE][PASSED] - Keys 'CONTROL + a' sent to object: 'Object Repository/Master Data/Super Admin/Edit Sekolah/Edit Page/Field NPSN'

01-01-2025T21:11:11 - [TEST_STEP][PASSED] - sendKeys(findTestObject("Master Data/Super Admin/Edit Sekolah/Edit Page/Field NPSN"), Keys.chord(DELETE)): Keys 'DELETE + ' sent to object: 'Object Repository/Master Data/Super Admin/Edit Sekolah/Edit Page/Field NPSN'

01-01-2025T21:11:11 - [MESSAGE][PASSED] - Keys 'DELETE + ' sent to object: 'Object Repository/Master Data/Super Admin/Edit Sekolah/Edit Page/Field NPSN'

01-01-2025T21:11:11 - [TEST_STEP][PASSED] - setText(findTestObject("Master Data/Super Admin/Edit Sekolah/Edit Page/Field NPSN"), "51285216"): Text '51285216' is set on object 'Object Repository/Master Data/Super Admin/Edit Sekolah/Edit Page/Field NPSN'

01-01-2025T21:11:12 - [MESSAGE][PASSED] - Text '51285216' is set on object 'Object Repository/Master Data/Super Admin/Edit Sekolah/Edit Page/Field NPSN'

01-01-2025T21:11:12 - [TEST_STEP][PASSED] - sendKeys(findTestObject("Master Data/Super Admin/Edit Sekolah/Edit Page/Field Nomor Telfon"), Keys.chord(CONTROL, "a")): Keys 'CONTROL + a' sent to object: 'Object Repository/Master Data/Super Admin/Edit Sekolah/Edit Page/Field Nomor Telfon'

01-01-2025T21:11:12 - [MESSAGE][PASSED] - Keys 'CONTROL + a' sent to object: 'Object Repository/Master Data/Super Admin/Edit Sekolah/Edit Page/Field Nomor Telfon'

01-01-2025T21:11:12 - [TEST_STEP][PASSED] - sendKeys(findTestObject("Master Data/Super Admin/Edit Sekolah/Edit Page/Field Nomor Telfon"), Keys.chord(DELETE)): Keys 'DELETE + ' sent to object: 'Object Repository/Master Data/Super Admin/Edit Sekolah/Edit Page/Field Nomor Telfon'

01-01-2025T21:11:12 - [MESSAGE][PASSED] - Keys 'DELETE + ' sent to object: 'Object Repository/Master Data/Super Admin/Edit Sekolah/Edit Page/Field Nomor Telfon'

01-01-2025T21:11:12 - [TEST_STEP][PASSED] - setText(findTestObject("Master Data/Super Admin/Edit Sekolah/Edit Page/Field Nomor Telfon"), "08216417262"): Text '08216417262' is set on object 'Object Repository/Master Data/Super Admin/Edit Sekolah/Edit Page/Field Nomor Telfon'

01-01-2025T21:11:13 - [MESSAGE][PASSED] - Text '08216417262' is set on object 'Object Repository/Master Data/Super Admin/Edit Sekolah/Edit Page/Field Nomor Telfon'

01-01-2025T21:11:13 - [TEST_STEP][PASSED] - sendKeys(findTestObject("Master Data/Super Admin/Edit Sekolah/Edit Page/Field Nama Sekolah"), Keys.chord(CONTROL, "a")): Keys 'CONTROL + a' sent to object: 'Object Repository/Master Data/Super Admin/Edit Sekolah/Edit Page/Field Nama Sekolah'

01-01-2025T21:11:13 - [MESSAGE][PASSED] - Keys 'CONTROL + a' sent to object: 'Object Repository/Master Data/Super Admin/Edit Sekolah/Edit Page/Field Nama Sekolah'

01-01-2025T21:11:13 - [TEST_STEP][PASSED] - sendKeys(findTestObject("Master Data/Super Admin/Edit Sekolah/Edit Page/Field Nama Sekolah"), Keys.chord(DELETE)): Keys 'DELETE + ' sent to object: 'Object Repository/Master Data/Super Admin/Edit Sekolah/Edit Page/Field Nama Sekolah'

01-01-2025T21:11:13 - [MESSAGE][PASSED] - Keys 'DELETE + ' sent to object: 'Object Repository/Master Data/Super Admin/Edit Sekolah/Edit Page/Field Nama Sekolah'

01-01-2025T21:11:13 - [TEST_STEP][PASSED] - setText(findTestObject("Master Data/Super Admin/Edit Sekolah/Edit Page/Field Nama Sekolah"), "Darma Wisata"): Text 'Darma Wisata' is set on object 'Object Repository/Master Data/Super Admin/Edit Sekolah/Edit Page/Field Nama Sekolah'

01-01-2025T21:11:14 - [MESSAGE][PASSED] - Text 'Darma Wisata' is set on object 'Object Repository/Master Data/Super Admin/Edit Sekolah/Edit Page/Field Nama Sekolah'

01-01-2025T21:11:14 - [TEST_STEP][PASSED] - sendKeys(findTestObject("Master Data/Super Admin/Edit Sekolah/Edit Page/Field Email Sekolah"), Keys.chord(CONTROL, "a")): Keys 'CONTROL + a' sent to object: 'Object Repository/Master Data/Super Admin/Edit Sekolah/Edit Page/Field Email Sekolah'

01-01-2025T21:11:14 - [MESSAGE][PASSED] - Keys 'CONTROL + a' sent to object: 'Object Repository/Master Data/Super Admin/Edit Sekolah/Edit Page/Field Email Sekolah'

01-01-2025T21:11:14 - [TEST_STEP][PASSED] - sendKeys(findTestObject("Master Data/Super Admin/Edit Sekolah/Edit Page/Field Email Sekolah"), Keys.chord(DELETE)): Keys 'DELETE + ' sent to object: 'Object Repository/Master Data/Super Admin/Edit Sekolah/Edit Page/Field Email Sekolah'

01-01-2025T21:11:14 - [MESSAGE][PASSED] - Keys 'DELETE + ' sent to object: 'Object Repository/Master Data/Super Admin/Edit Sekolah/Edit Page/Field Email Sekolah'

01-01-2025T21:11:14 - [TEST_STEP][PASSED] - setText(findTestObject("Master Data/Super Admin/Edit Sekolah/Edit Page/Field Email Sekolah"), "darmawisata@sch.co.id"): Text 'darmawisata@sch.co.id' is set on object 'Object Repository/Master Data/Super Admin/Edit Sekolah/Edit Page/Field Email Sekolah'

01-01-2025T21:11:15 - [MESSAGE][PASSED] - Text 'darmawisata@sch.co.id' is set on object 'Object Repository/Master Data/Super Admin/Edit Sekolah/Edit Page/Field Email Sekolah'

01-01-2025T21:11:15 - [TEST_STEP][PASSED] - click(findTestObject("Master Data/Super Admin/Edit Sekolah/Edit Page/Dropdown Provinsi"), CONTINUE_ON_FAILURE): Object: 'Object Repository/Master Data/Super Admin/Edit Sekolah/Edit Page/Dropdown Provinsi' is clicked on

01-01-2025T21:11:17 - [MESSAGE][PASSED] - Object: 'Object Repository/Master Data/Super Admin/Edit Sekolah/Edit Page/Dropdown Provinsi' is clicked on

01-01-2025T21:11:17 - [TEST_STEP][PASSED] - click(findTestObject("Master Data/Super Admin/Edit Sekolah/Edit Page/Value Dropdown Provinsi"), CONTINUE_ON_FAILURE): Object: 'Object Repository/Master Data/Super Admin/Edit Sekolah/Edit Page/Value Dropdown Provinsi' is clicked on

01-01-2025T21:11:18 - [MESSAGE][PASSED] - Object: 'Object Repository/Master Data/Super Admin/Edit Sekolah/Edit Page/Value Dropdown Provinsi' is clicked on

01-01-2025T21:11:18 - [TEST_STEP][PASSED] - click(findTestObject("Master Data/Super Admin/Edit Sekolah/Edit Page/Dropdown Kota"), CONTINUE_ON_FAILURE): Object: 'Object Repository/Master Data/Super Admin/Edit Sekolah/Edit Page/Dropdown Kota' is clicked on

01-01-2025T21:11:18 - [MESSAGE][PASSED] - Object: 'Object Repository/Master Data/Super Admin/Edit Sekolah/Edit Page/Dropdown Kota' is clicked on

01-01-2025T21:11:18 - [TEST_STEP][PASSED] - click(findTestObject("Master Data/Super Admin/Edit Sekolah/Edit Page/Value Dropdown Kota"), CONTINUE_ON_FAILURE): Object: 'Object Repository/Master Data/Super Admin/Edit Sekolah/Edit Page/Value Dropdown Kota' is clicked on

01-01-2025T21:11:19 - [MESSAGE][PASSED] - Object: 'Object Repository/Master Data/Super Admin/Edit Sekolah/Edit Page/Value Dropdown Kota' is clicked on

01-01-2025T21:11:19 - [TEST_STEP][PASSED] - sendKeys(findTestObject("Master Data/Super Admin/Edit Sekolah/Edit Page/Field Alamat"), Keys.chord(CONTROL, "a")): Keys 'CONTROL + a' sent to object: 'Object Repository/Master Data/Super Admin/Edit Sekolah/Edit Page/Field Alamat'

01-01-2025T21:11:19 - [MESSAGE][PASSED] - Keys 'CONTROL + a' sent to object: 'Object Repository/Master Data/Super Admin/Edit Sekolah/Edit Page/Field Alamat'

01-01-2025T21:11:19 - [TEST_STEP][PASSED] - sendKeys(findTestObject("Master Data/Super Admin/Edit Sekolah/Edit Page/Field Alamat"), Keys.chord(DELETE)): Keys 'DELETE + ' sent to object: 'Object Repository/Master Data/Super Admin/Edit Sekolah/Edit Page/Field Alamat'

01-01-2025T21:11:19 - [MESSAGE][PASSED] - Keys 'DELETE + ' sent to object: 'Object Repository/Master Data/Super Admin/Edit Sekolah/Edit Page/Field Alamat'

01-01-2025T21:11:19 - [TEST_STEP][PASSED] - setText(findTestObject("Master Data/Super Admin/Edit Sekolah/Edit Page/Field Alamat"), "Ciputat , Sawah Lama , Tangerang Selatan , Banten"): Text 'Ciputat , Sawah Lama , Tangerang Selatan , Banten' is set on object 'Object Repository/Master Data/Super Admin/Edit Sekolah/Edit Page/Field Alamat'

01-01-2025T21:11:20 - [MESSAGE][PASSED] - Text 'Ciputat , Sawah Lama , Tangerang Selatan , Banten' is set on object 'Object Repository/Master Data/Super Admin/Edit Sekolah/Edit Page/Field Alamat'

01-01-2025T21:11:20 - [TEST_STEP][PASSED] - click(findTestObject("Master Data/Super Admin/Edit Sekolah/Edit Page/Field Button Simpan"), CONTINUE_ON_FAILURE): Object: 'Object Repository/Master Data/Super Admin/Edit Sekolah/Edit Page/Field Button Simpan' is clicked on

01-01-2025T21:11:20 - [MESSAGE][PASSED] - Object: 'Object Repository/Master Data/Super Admin/Edit Sekolah/Edit Page/Field Button Simpan' is clicked on

01-01-2025T21:11:20 - [TEST_STEP][PASSED] - npsnList = ["72619516", "8261491", "8461942"]: null

01-01-2025T21:11:20 - [TEST_STEP][PASSED] - for (String npsn : npsnList): null

01-01-2025T21:11:20 - [TEST_STEP][PASSED] - sendKeys(findTestObject("Master Data/Super Admin/Edit Sekolah/Edit Page/Field NPSN"), Keys.chord(CONTROL, "a")): Keys 'CONTROL + a' sent to object: 'Object Repository/Master Data/Super Admin/Edit Sekolah/Edit Page/Field NPSN'

01-01-2025T21:11:21 - [MESSAGE][PASSED] - Keys 'CONTROL + a' sent to object: 'Object Repository/Master Data/Super Admin/Edit Sekolah/Edit Page/Field NPSN'

01-01-2025T21:11:21 - [TEST_STEP][PASSED] - sendKeys(findTestObject("Master Data/Super Admin/Edit Sekolah/Edit Page/Field NPSN"), Keys.chord(DELETE)): Keys 'DELETE + ' sent to object: 'Object Repository/Master Data/Super Admin/Edit Sekolah/Edit Page/Field NPSN'

01-01-2025T21:11:21 - [MESSAGE][PASSED] - Keys 'DELETE + ' sent to object: 'Object Repository/Master Data/Super Admin/Edit Sekolah/Edit Page/Field NPSN'

01-01-2025T21:11:21 - [TEST_STEP][PASSED] - setText(findTestObject("Master Data/Super Admin/Edit Sekolah/Edit Page/Field NPSN"), npsn): Text '72619516' is set on object 'Object Repository/Master Data/Super Admin/Edit Sekolah/Edit Page/Field NPSN'

01-01-2025T21:11:22 - [MESSAGE][PASSED] - Text '72619516' is set on object 'Object Repository/Master Data/Super Admin/Edit Sekolah/Edit Page/Field NPSN'

01-01-2025T21:11:22 - [TEST_STEP][PASSED] - isErrorVisible = verifyElementVisible(findTestObject("Master Data/Super Admin/Edit Sekolah/Edit Page/Error Message NPSN Sudah Terdaftar"), OPTIONAL): Web element with id: 'Object Repository/Master Data/Super Admin/Edit Sekolah/Edit Page/Error Message NPSN Sudah Terdaftar' located by '//*[(text() = 'NPSN sudah terdaftar' or . = 'NPSN sudah terdaftar')]' not found (Root cause: com.kms.katalon.core.exception.StepFailedException: Web element with id: 'Object Repository/Master Data/Super Admin/Edit Sekolah/Edit Page/Error Message NPSN Sudah Terdaftar' located by '//*[(text() = 'NPSN sudah terdaftar' or . = 'NPSN sudah terdaftar')]' not found
	at com.kms.katalon.core.webui.keyword.internal.WebUIKeywordMain.stepFailed(WebUIKeywordMain.groovy:117)
	at com.kms.katalon.core.webui.keyword.builtin.VerifyElementVisibleKeyword$_verifyElementVisible_closure1.doCall(VerifyElementVisibleKeyword.groovy:89)
	at com.kms.katalon.core.webui.keyword.builtin.VerifyElementVisibleKeyword$_verifyElementVisible_closure1.call(VerifyElementVisibleKeyword.groovy)
	at com.kms.katalon.core.webui.keyword.internal.WebUIKeywordMain.runKeyword(WebUIKeywordMain.groovy:35)
	at com.kms.katalon.core.webui.keyword.builtin.VerifyElementVisibleKeyword.verifyElementVisible(VerifyElementVisibleKeyword.groovy:97)
	at com.kms.katalon.core.webui.keyword.builtin.VerifyElementVisibleKeyword.execute(VerifyElementVisibleKeyword.groovy:67)
	at com.kms.katalon.core.keyword.internal.KeywordExecutor.executeKeywordForPlatform(KeywordExecutor.groovy:74)
	at com.kms.katalon.core.webui.keyword.WebUiBuiltInKeywords.verifyElementVisible(WebUiBuiltInKeywords.groovy:438)
	at Edit Sekolah.run(Edit Sekolah:125)
	at com.kms.katalon.core.main.ScriptEngine.run(ScriptEngine.java:194)
	at com.kms.katalon.core.main.ScriptEngine.runScriptAsRawText(ScriptEngine.java:119)
	at com.kms.katalon.core.main.TestCaseExecutor.runScript(TestCaseExecutor.java:448)
	at com.kms.katalon.core.main.TestCaseExecutor.doExecute(TestCaseExecutor.java:439)
	at com.kms.katalon.core.main.TestCaseExecutor.processExecutionPhase(TestCaseExecutor.java:418)
	at com.kms.katalon.core.main.TestCaseExecutor.accessMainPhase(TestCaseExecutor.java:410)
	at com.kms.katalon.core.main.TestCaseExecutor.execute(TestCaseExecutor.java:285)
	at com.kms.katalon.core.common.CommonExecutor.accessTestCaseMainPhase(CommonExecutor.java:65)
	at com.kms.katalon.core.main.TestSuiteExecutor.accessTestSuiteMainPhase(TestSuiteExecutor.java:161)
	at com.kms.katalon.core.main.TestSuiteExecutor.execute(TestSuiteExecutor.java:107)
	at com.kms.katalon.core.main.TestCaseMain.startTestSuite(TestCaseMain.java:176)
	at TempTestSuite1735739901082.run(TempTestSuite1735739901082.groovy:35)
	at java.base/jdk.internal.reflect.NativeMethodAccessorImpl.invoke0(Native Method)
	at java.base/jdk.internal.reflect.NativeMethodAccessorImpl.invoke(NativeMethodAccessorImpl.java:77)
	at java.base/jdk.internal.reflect.DelegatingMethodAccessorImpl.invoke(DelegatingMethodAccessorImpl.java:43)
)

01-01-2025T21:11:53 - [MESSAGE][INFO] - Unable to find the element located by 'By.xpath: //*[(text() = 'NPSN sudah terdaftar' or . = 'NPSN sudah terdaftar')]'. Please recheck the objects properties to make sure the desired element is located. 

01-01-2025T21:11:53 - [MESSAGE][WARNING] - [SELF-HEALING] Failed to find element with id 'Object Repository/Master Data/Super Admin/Edit Sekolah/Edit Page/Error Message NPSN Sudah Terdaftar'. Try using Self-healing.

01-01-2025T21:11:53 - [MESSAGE][WARNING] - [SELF-HEALING] Cannot find elements when the XPath is null.

01-01-2025T21:11:54 - [MESSAGE][WARNING] - [SELF-HEALING] Cannot find elements when the selector is null

01-01-2025T21:11:54 - [MESSAGE][WARNING] - Web element with id: 'Object Repository/Master Data/Super Admin/Edit Sekolah/Edit Page/Error Message NPSN Sudah Terdaftar' located by '//*[(text() = 'NPSN sudah terdaftar' or . = 'NPSN sudah terdaftar')]' not found (Root cause: com.kms.katalon.core.exception.StepFailedException: Web element with id: 'Object Repository/Master Data/Super Admin/Edit Sekolah/Edit Page/Error Message NPSN Sudah Terdaftar' located by '//*[(text() = 'NPSN sudah terdaftar' or . = 'NPSN sudah terdaftar')]' not found
	at com.kms.katalon.core.webui.keyword.internal.WebUIKeywordMain.stepFailed(WebUIKeywordMain.groovy:117)
	at com.kms.katalon.core.webui.keyword.builtin.VerifyElementVisibleKeyword$_verifyElementVisible_closure1.doCall(VerifyElementVisibleKeyword.groovy:89)
	at com.kms.katalon.core.webui.keyword.builtin.VerifyElementVisibleKeyword$_verifyElementVisible_closure1.call(VerifyElementVisibleKeyword.groovy)
	at com.kms.katalon.core.webui.keyword.internal.WebUIKeywordMain.runKeyword(WebUIKeywordMain.groovy:35)
	at com.kms.katalon.core.webui.keyword.builtin.VerifyElementVisibleKeyword.verifyElementVisible(VerifyElementVisibleKeyword.groovy:97)
	at com.kms.katalon.core.webui.keyword.builtin.VerifyElementVisibleKeyword.execute(VerifyElementVisibleKeyword.groovy:67)
	at com.kms.katalon.core.keyword.internal.KeywordExecutor.executeKeywordForPlatform(KeywordExecutor.groovy:74)
	at com.kms.katalon.core.webui.keyword.WebUiBuiltInKeywords.verifyElementVisible(WebUiBuiltInKeywords.groovy:438)
	at Edit Sekolah.run(Edit Sekolah:125)
	at com.kms.katalon.core.main.ScriptEngine.run(ScriptEngine.java:194)
	at com.kms.katalon.core.main.ScriptEngine.runScriptAsRawText(ScriptEngine.java:119)
	at com.kms.katalon.core.main.TestCaseExecutor.runScript(TestCaseExecutor.java:448)
	at com.kms.katalon.core.main.TestCaseExecutor.doExecute(TestCaseExecutor.java:439)
	at com.kms.katalon.core.main.TestCaseExecutor.processExecutionPhase(TestCaseExecutor.java:418)
	at com.kms.katalon.core.main.TestCaseExecutor.accessMainPhase(TestCaseExecutor.java:410)
	at com.kms.katalon.core.main.TestCaseExecutor.execute(TestCaseExecutor.java:285)
	at com.kms.katalon.core.common.CommonExecutor.accessTestCaseMainPhase(CommonExecutor.java:65)
	at com.kms.katalon.core.main.TestSuiteExecutor.accessTestSuiteMainPhase(TestSuiteExecutor.java:161)
	at com.kms.katalon.core.main.TestSuiteExecutor.execute(TestSuiteExecutor.java:107)
	at com.kms.katalon.core.main.TestCaseMain.startTestSuite(TestCaseMain.java:176)
	at TempTestSuite1735739901082.run(TempTestSuite1735739901082.groovy:35)
	at java.base/jdk.internal.reflect.NativeMethodAccessorImpl.invoke0(Native Method)
	at java.base/jdk.internal.reflect.NativeMethodAccessorImpl.invoke(NativeMethodAccessorImpl.java:77)
	at java.base/jdk.internal.reflect.DelegatingMethodAccessorImpl.invoke(DelegatingMethodAccessorImpl.java:43)
)
[[ATTACHMENT|C:\\Users\\henri\\Videos\\school-payment-automation-testing\\Reports\\20250101_205820\\SPRINT 1\\20250101_205821\\1735740714150.png]]

01-01-2025T21:11:54 - [TEST_STEP][PASSED] - if (!(isErrorVisible)): null

01-01-2025T21:11:54 - [TEST_STEP][PASSED] - click(findTestObject("Master Data/Super Admin/Edit Sekolah/Edit Page/Button Ya"), CONTINUE_ON_FAILURE): Object: 'Object Repository/Master Data/Super Admin/Edit Sekolah/Edit Page/Button Ya' is clicked on

01-01-2025T21:11:54 - [MESSAGE][PASSED] - Object: 'Object Repository/Master Data/Super Admin/Edit Sekolah/Edit Page/Button Ya' is clicked on

01-01-2025T21:11:54 - [TEST_STEP][PASSED] - break: null

01-01-2025T21:11:54 - [TEST_STEP][PASSED] - verifyElementVisible(findTestObject("Master Data/Super Admin/Edit Sekolah/Master Data Sekolah Dashboard/Toast Notif Edit")): Object 'Object Repository/Master Data/Super Admin/Edit Sekolah/Master Data Sekolah Dashboard/Toast Notif Edit' is visible

01-01-2025T21:11:55 - [MESSAGE][PASSED] - Object 'Object Repository/Master Data/Super Admin/Edit Sekolah/Master Data Sekolah Dashboard/Toast Notif Edit' is visible

01-01-2025T21:11:55 - [TEST_STEP][PASSED] - closeBrowser(): Browser is closed

01-01-2025T21:11:55 - [MESSAGE][PASSED] - Browser is closed]]></system-out>
         <system-err><![CDATA[]]></system-err>
      </testcase>
      <system-out><![CDATA[01-01-2025T20:58:31 - [TEST_SUITE][FAILED] - SPRINT 1: Test Cases/Master Data/Admin Sekolah/Master Data Tagihan/Filter Tagihan FAILED.
Reason:
com.kms.katalon.core.exception.StepFailedException: Unable to click on object 'Object Repository/Master Data/Admin Sekolah/Login/Field Email' (Root cause: com.kms.katalon.core.exception.StepFailedException: Unable to click on object 'Object Repository/Master Data/Admin Sekolah/Login/Field Email'
	at com.kms.katalon.core.webui.keyword.internal.WebUIKeywordMain.stepFailed(WebUIKeywordMain.groovy:117)
	at com.kms.katalon.core.webui.keyword.internal.WebUIKeywordMain.runKeyword(WebUIKeywordMain.groovy:43)
	at com.kms.katalon.core.webui.keyword.builtin.ClickKeyword.click(ClickKeyword.groovy:75)
	at com.kms.katalon.core.webui.keyword.builtin.ClickKeyword.execute(ClickKeyword.groovy:40)
	at com.kms.katalon.core.keyword.internal.KeywordExecutor.executeKeywordForPlatform(KeywordExecutor.groovy:74)
	at com.kms.katalon.core.webui.keyword.WebUiBuiltInKeywords.click(WebUiBuiltInKeywords.groovy:684)
	at Filter Tagihan.run(Filter Tagihan:24)
	at com.kms.katalon.core.main.ScriptEngine.run(ScriptEngine.java:194)
	at com.kms.katalon.core.main.ScriptEngine.runScriptAsRawText(ScriptEngine.java:119)
	at com.kms.katalon.core.main.TestCaseExecutor.runScript(TestCaseExecutor.java:448)
	at com.kms.katalon.core.main.TestCaseExecutor.doExecute(TestCaseExecutor.java:439)
	at com.kms.katalon.core.main.TestCaseExecutor.processExecutionPhase(TestCaseExecutor.java:418)
	at com.kms.katalon.core.main.TestCaseExecutor.accessMainPhase(TestCaseExecutor.java:410)
	at com.kms.katalon.core.main.TestCaseExecutor.execute(TestCaseExecutor.java:285)
	at com.kms.katalon.core.common.CommonExecutor.accessTestCaseMainPhase(CommonExecutor.java:65)
	at com.kms.katalon.core.main.TestSuiteExecutor.accessTestSuiteMainPhase(TestSuiteExecutor.java:161)
	at com.kms.katalon.core.main.TestSuiteExecutor.execute(TestSuiteExecutor.java:107)
	at com.kms.katalon.core.main.TestCaseMain.startTestSuite(TestCaseMain.java:176)
	at TempTestSuite1735739901082.run(TempTestSuite1735739901082.groovy:35)
	at java.base/jdk.internal.reflect.NativeMethodAccessorImpl.invoke0(Native Method)
	at java.base/jdk.internal.reflect.NativeMethodAccessorImpl.invoke(NativeMethodAccessorImpl.java:77)
	at java.base/jdk.internal.reflect.DelegatingMethodAccessorImpl.invoke(DelegatingMethodAccessorImpl.java:43)
Caused by: com.kms.katalon.core.webui.exception.WebElementNotFoundException: Web element with id: 'Object Repository/Master Data/Admin Sekolah/Login/Field Email' located by '//input[@name='email']' not found
	at com.kms.katalon.core.webui.common.WebUiCommonHelper.findWebElement(WebUiCommonHelper.java:1426)
	at com.kms.katalon.core.webui.keyword.internal.WebUIAbstractKeyword.findWebElement(WebUIAbstractKeyword.groovy:27)
	at com.kms.katalon.core.webui.keyword.builtin.ClickKeyword$_click_closure1.doCall(ClickKeyword.groovy:66)
	at com.kms.katalon.core.webui.keyword.builtin.ClickKeyword$_click_closure1.call(ClickKeyword.groovy)
	at com.kms.katalon.core.webui.keyword.internal.WebUIKeywordMain.runKeyword(WebUIKeywordMain.groovy:35)
	at com.kms.katalon.core.webui.keyword.builtin.ClickKeyword.click(ClickKeyword.groovy:75)
	at com.kms.katalon.core.webui.keyword.builtin.ClickKeyword.execute(ClickKeyword.groovy:40)
	at com.kms.katalon.core.keyword.internal.KeywordExecutor.executeKeywordForPlatform(KeywordExecutor.groovy:74)
	at com.kms.katalon.core.webui.keyword.WebUiBuiltInKeywords.click(WebUiBuiltInKeywords.groovy:684)
	at Script1731485365054.run(Script1731485365054.groovy:24)
	... 15 more
)
	at com.kms.katalon.core.keyword.internal.KeywordMain.stepFailed(KeywordMain.groovy:39)
	at com.kms.katalon.core.webui.keyword.internal.WebUIKeywordMain.stepFailed(WebUIKeywordMain.groovy:117)
	at com.kms.katalon.core.webui.keyword.internal.WebUIKeywordMain.runKeyword(WebUIKeywordMain.groovy:43)
	at com.kms.katalon.core.webui.keyword.builtin.ClickKeyword.click(ClickKeyword.groovy:75)
	at com.kms.katalon.core.webui.keyword.builtin.ClickKeyword.execute(ClickKeyword.groovy:40)
	at com.kms.katalon.core.keyword.internal.KeywordExecutor.executeKeywordForPlatform(KeywordExecutor.groovy:74)
	at com.kms.katalon.core.webui.keyword.WebUiBuiltInKeywords.click(WebUiBuiltInKeywords.groovy:684)
	at Filter Tagihan.run(Filter Tagihan:24)
	at com.kms.katalon.core.main.ScriptEngine.run(ScriptEngine.java:194)
	at com.kms.katalon.core.main.ScriptEngine.runScriptAsRawText(ScriptEngine.java:119)
	at com.kms.katalon.core.main.TestCaseExecutor.runScript(TestCaseExecutor.java:448)
	at com.kms.katalon.core.main.TestCaseExecutor.doExecute(TestCaseExecutor.java:439)
	at com.kms.katalon.core.main.TestCaseExecutor.processExecutionPhase(TestCaseExecutor.java:418)
	at com.kms.katalon.core.main.TestCaseExecutor.accessMainPhase(TestCaseExecutor.java:410)
	at com.kms.katalon.core.main.TestCaseExecutor.execute(TestCaseExecutor.java:285)
	at com.kms.katalon.core.common.CommonExecutor.accessTestCaseMainPhase(CommonExecutor.java:65)
	at com.kms.katalon.core.main.TestSuiteExecutor.accessTestSuiteMainPhase(TestSuiteExecutor.java:161)
	at com.kms.katalon.core.main.TestSuiteExecutor.execute(TestSuiteExecutor.java:107)
	at com.kms.katalon.core.main.TestCaseMain.startTestSuite(TestCaseMain.java:176)
	at TempTestSuite1735739901082.run(TempTestSuite1735739901082.groovy:35)
	at java.base/jdk.internal.reflect.NativeMethodAccessorImpl.invoke0(Native Method)
	at java.base/jdk.internal.reflect.NativeMethodAccessorImpl.invoke(NativeMethodAccessorImpl.java:77)
	at java.base/jdk.internal.reflect.DelegatingMethodAccessorImpl.invoke(DelegatingMethodAccessorImpl.java:43)
Caused by: com.kms.katalon.core.exception.StepFailedException: Unable to click on object 'Object Repository/Master Data/Admin Sekolah/Login/Field Email'
	... 22 more
Caused by: com.kms.katalon.core.webui.exception.WebElementNotFoundException: Web element with id: 'Object Repository/Master Data/Admin Sekolah/Login/Field Email' located by '//input[@name='email']' not found
	at com.kms.katalon.core.webui.common.WebUiCommonHelper.findWebElement(WebUiCommonHelper.java:1426)
	at com.kms.katalon.core.webui.keyword.internal.WebUIAbstractKeyword.findWebElement(WebUIAbstractKeyword.groovy:27)
	at com.kms.katalon.core.webui.keyword.builtin.ClickKeyword$_click_closure1.doCall(ClickKeyword.groovy:66)
	at com.kms.katalon.core.webui.keyword.builtin.ClickKeyword$_click_closure1.call(ClickKeyword.groovy)
	at com.kms.katalon.core.webui.keyword.internal.WebUIKeywordMain.runKeyword(WebUIKeywordMain.groovy:35)
	... 20 more]]></system-out>
      <system-err><![CDATA[01-01-2025T20:58:31 - [TEST_SUITE][FAILED] - SPRINT 1: Test Cases/Master Data/Admin Sekolah/Master Data Tagihan/Filter Tagihan FAILED.
Reason:
com.kms.katalon.core.exception.StepFailedException: Unable to click on object 'Object Repository/Master Data/Admin Sekolah/Login/Field Email' (Root cause: com.kms.katalon.core.exception.StepFailedException: Unable to click on object 'Object Repository/Master Data/Admin Sekolah/Login/Field Email'
	at com.kms.katalon.core.webui.keyword.internal.WebUIKeywordMain.stepFailed(WebUIKeywordMain.groovy:117)
	at com.kms.katalon.core.webui.keyword.internal.WebUIKeywordMain.runKeyword(WebUIKeywordMain.groovy:43)
	at com.kms.katalon.core.webui.keyword.builtin.ClickKeyword.click(ClickKeyword.groovy:75)
	at com.kms.katalon.core.webui.keyword.builtin.ClickKeyword.execute(ClickKeyword.groovy:40)
	at com.kms.katalon.core.keyword.internal.KeywordExecutor.executeKeywordForPlatform(KeywordExecutor.groovy:74)
	at com.kms.katalon.core.webui.keyword.WebUiBuiltInKeywords.click(WebUiBuiltInKeywords.groovy:684)
	at Filter Tagihan.run(Filter Tagihan:24)
	at com.kms.katalon.core.main.ScriptEngine.run(ScriptEngine.java:194)
	at com.kms.katalon.core.main.ScriptEngine.runScriptAsRawText(ScriptEngine.java:119)
	at com.kms.katalon.core.main.TestCaseExecutor.runScript(TestCaseExecutor.java:448)
	at com.kms.katalon.core.main.TestCaseExecutor.doExecute(TestCaseExecutor.java:439)
	at com.kms.katalon.core.main.TestCaseExecutor.processExecutionPhase(TestCaseExecutor.java:418)
	at com.kms.katalon.core.main.TestCaseExecutor.accessMainPhase(TestCaseExecutor.java:410)
	at com.kms.katalon.core.main.TestCaseExecutor.execute(TestCaseExecutor.java:285)
	at com.kms.katalon.core.common.CommonExecutor.accessTestCaseMainPhase(CommonExecutor.java:65)
	at com.kms.katalon.core.main.TestSuiteExecutor.accessTestSuiteMainPhase(TestSuiteExecutor.java:161)
	at com.kms.katalon.core.main.TestSuiteExecutor.execute(TestSuiteExecutor.java:107)
	at com.kms.katalon.core.main.TestCaseMain.startTestSuite(TestCaseMain.java:176)
	at TempTestSuite1735739901082.run(TempTestSuite1735739901082.groovy:35)
	at java.base/jdk.internal.reflect.NativeMethodAccessorImpl.invoke0(Native Method)
	at java.base/jdk.internal.reflect.NativeMethodAccessorImpl.invoke(NativeMethodAccessorImpl.java:77)
	at java.base/jdk.internal.reflect.DelegatingMethodAccessorImpl.invoke(DelegatingMethodAccessorImpl.java:43)
Caused by: com.kms.katalon.core.webui.exception.WebElementNotFoundException: Web element with id: 'Object Repository/Master Data/Admin Sekolah/Login/Field Email' located by '//input[@name='email']' not found
	at com.kms.katalon.core.webui.common.WebUiCommonHelper.findWebElement(WebUiCommonHelper.java:1426)
	at com.kms.katalon.core.webui.keyword.internal.WebUIAbstractKeyword.findWebElement(WebUIAbstractKeyword.groovy:27)
	at com.kms.katalon.core.webui.keyword.builtin.ClickKeyword$_click_closure1.doCall(ClickKeyword.groovy:66)
	at com.kms.katalon.core.webui.keyword.builtin.ClickKeyword$_click_closure1.call(ClickKeyword.groovy)
	at com.kms.katalon.core.webui.keyword.internal.WebUIKeywordMain.runKeyword(WebUIKeywordMain.groovy:35)
	at com.kms.katalon.core.webui.keyword.builtin.ClickKeyword.click(ClickKeyword.groovy:75)
	at com.kms.katalon.core.webui.keyword.builtin.ClickKeyword.execute(ClickKeyword.groovy:40)
	at com.kms.katalon.core.keyword.internal.KeywordExecutor.executeKeywordForPlatform(KeywordExecutor.groovy:74)
	at com.kms.katalon.core.webui.keyword.WebUiBuiltInKeywords.click(WebUiBuiltInKeywords.groovy:684)
	at Script1731485365054.run(Script1731485365054.groovy:24)
	... 15 more
)
	at com.kms.katalon.core.keyword.internal.KeywordMain.stepFailed(KeywordMain.groovy:39)
	at com.kms.katalon.core.webui.keyword.internal.WebUIKeywordMain.stepFailed(WebUIKeywordMain.groovy:117)
	at com.kms.katalon.core.webui.keyword.internal.WebUIKeywordMain.runKeyword(WebUIKeywordMain.groovy:43)
	at com.kms.katalon.core.webui.keyword.builtin.ClickKeyword.click(ClickKeyword.groovy:75)
	at com.kms.katalon.core.webui.keyword.builtin.ClickKeyword.execute(ClickKeyword.groovy:40)
	at com.kms.katalon.core.keyword.internal.KeywordExecutor.executeKeywordForPlatform(KeywordExecutor.groovy:74)
	at com.kms.katalon.core.webui.keyword.WebUiBuiltInKeywords.click(WebUiBuiltInKeywords.groovy:684)
	at Filter Tagihan.run(Filter Tagihan:24)
	at com.kms.katalon.core.main.ScriptEngine.run(ScriptEngine.java:194)
	at com.kms.katalon.core.main.ScriptEngine.runScriptAsRawText(ScriptEngine.java:119)
	at com.kms.katalon.core.main.TestCaseExecutor.runScript(TestCaseExecutor.java:448)
	at com.kms.katalon.core.main.TestCaseExecutor.doExecute(TestCaseExecutor.java:439)
	at com.kms.katalon.core.main.TestCaseExecutor.processExecutionPhase(TestCaseExecutor.java:418)
	at com.kms.katalon.core.main.TestCaseExecutor.accessMainPhase(TestCaseExecutor.java:410)
	at com.kms.katalon.core.main.TestCaseExecutor.execute(TestCaseExecutor.java:285)
	at com.kms.katalon.core.common.CommonExecutor.accessTestCaseMainPhase(CommonExecutor.java:65)
	at com.kms.katalon.core.main.TestSuiteExecutor.accessTestSuiteMainPhase(TestSuiteExecutor.java:161)
	at com.kms.katalon.core.main.TestSuiteExecutor.execute(TestSuiteExecutor.java:107)
	at com.kms.katalon.core.main.TestCaseMain.startTestSuite(TestCaseMain.java:176)
	at TempTestSuite1735739901082.run(TempTestSuite1735739901082.groovy:35)
	at java.base/jdk.internal.reflect.NativeMethodAccessorImpl.invoke0(Native Method)
	at java.base/jdk.internal.reflect.NativeMethodAccessorImpl.invoke(NativeMethodAccessorImpl.java:77)
	at java.base/jdk.internal.reflect.DelegatingMethodAccessorImpl.invoke(DelegatingMethodAccessorImpl.java:43)
Caused by: com.kms.katalon.core.exception.StepFailedException: Unable to click on object 'Object Repository/Master Data/Admin Sekolah/Login/Field Email'
	... 22 more
Caused by: com.kms.katalon.core.webui.exception.WebElementNotFoundException: Web element with id: 'Object Repository/Master Data/Admin Sekolah/Login/Field Email' located by '//input[@name='email']' not found
	at com.kms.katalon.core.webui.common.WebUiCommonHelper.findWebElement(WebUiCommonHelper.java:1426)
	at com.kms.katalon.core.webui.keyword.internal.WebUIAbstractKeyword.findWebElement(WebUIAbstractKeyword.groovy:27)
	at com.kms.katalon.core.webui.keyword.builtin.ClickKeyword$_click_closure1.doCall(ClickKeyword.groovy:66)
	at com.kms.katalon.core.webui.keyword.builtin.ClickKeyword$_click_closure1.call(ClickKeyword.groovy)
	at com.kms.katalon.core.webui.keyword.internal.WebUIKeywordMain.runKeyword(WebUIKeywordMain.groovy:35)
	... 20 more]]></system-err>
   </testsuite>
</testsuites>
