<?xml version="1.0" encoding="UTF-8"?>
<testsuites name="Regresi All Sprint" time="3724.615" tests="18" failures="0" errors="0">
   <testsuite name="Regresi All Sprint" tests="18" failures="0" errors="0" time="3724.615" skipped="0" timestamp="06-01-2025T09:32:59" hostname="henri - Henri.mshome.net" id="Test Suites/Regresi All Sprint">
      <properties>
         <property name="deviceName" value=""/>
         <property name="devicePlatform"/>
         <property name="logFolder" value="C:\\Users\\henri\\Videos\\school-payment-automation-testing\\Reports\\20250106_093246\\Regresi All Sprint\\20250106_093246"/>
         <property name="logFiles" value="C:\\Users\\henri\\Videos\\school-payment-automation-testing\\Reports\\20250106_093246\\Regresi All Sprint\\20250106_093246\\execution0.log"/>
         <property name="attachments" value="C:\\Users\\henri\\Videos\\school-payment-automation-testing\\Reports\\20250106_093246\\Regresi All Sprint\\20250106_093246\\1736130811243.png, C:\\Users\\henri\\Videos\\school-payment-automation-testing\\Reports\\20250106_093246\\Regresi All Sprint\\20250106_093246\\1736130837576.png, C:\\Users\\henri\\Videos\\school-payment-automation-testing\\Reports\\20250106_093246\\Regresi All Sprint\\20250106_093246\\1736130863386.png, C:\\Users\\henri\\Videos\\school-payment-automation-testing\\Reports\\20250106_093246\\Regresi All Sprint\\20250106_093246\\1736131466081.png, C:\\Users\\henri\\Videos\\school-payment-automation-testing\\Reports\\20250106_093246\\Regresi All Sprint\\20250106_093246\\1736131499581.png, C:\\Users\\henri\\Videos\\school-payment-automation-testing\\Reports\\20250106_093246\\Regresi All Sprint\\20250106_093246\\1736131544529.png, C:\\Users\\henri\\Videos\\school-payment-automation-testing\\Reports\\20250106_093246\\Regresi All Sprint\\20250106_093246\\1736131578045.png, C:\\Users\\henri\\Videos\\school-payment-automation-testing\\Reports\\20250106_093246\\Regresi All Sprint\\20250106_093246\\1736131620399.png, C:\\Users\\henri\\Videos\\school-payment-automation-testing\\Reports\\20250106_093246\\Regresi All Sprint\\20250106_093246\\1736131648764.png, C:\\Users\\henri\\Videos\\school-payment-automation-testing\\Reports\\20250106_093246\\Regresi All Sprint\\20250106_093246\\1736131682338.png, C:\\Users\\henri\\Videos\\school-payment-automation-testing\\Reports\\20250106_093246\\Regresi All Sprint\\20250106_093246\\1736131714664.png, C:\\Users\\henri\\Videos\\school-payment-automation-testing\\Reports\\20250106_093246\\Regresi All Sprint\\20250106_093246\\1736131748246.png, C:\\Users\\henri\\Videos\\school-payment-automation-testing\\Reports\\20250106_093246\\Regresi All Sprint\\20250106_093246\\1736131829702.png, C:\\Users\\henri\\Videos\\school-payment-automation-testing\\Reports\\20250106_093246\\Regresi All Sprint\\20250106_093246\\1736131832136.png, C:\\Users\\henri\\Videos\\school-payment-automation-testing\\Reports\\20250106_093246\\Regresi All Sprint\\20250106_093246\\1736131939574.png, C:\\Users\\henri\\Videos\\school-payment-automation-testing\\Reports\\20250106_093246\\Regresi All Sprint\\20250106_093246\\1736131941977.png, C:\\Users\\henri\\Videos\\school-payment-automation-testing\\Reports\\20250106_093246\\Regresi All Sprint\\20250106_093246\\1736132030150.png, C:\\Users\\henri\\Videos\\school-payment-automation-testing\\Reports\\20250106_093246\\Regresi All Sprint\\20250106_093246\\1736132032534.png, C:\\Users\\henri\\Videos\\school-payment-automation-testing\\Reports\\20250106_093246\\Regresi All Sprint\\20250106_093246\\1736132078573.png, C:\\Users\\henri\\Videos\\school-payment-automation-testing\\Reports\\20250106_093246\\Regresi All Sprint\\20250106_093246\\1736132143694.png, C:\\Users\\henri\\Videos\\school-payment-automation-testing\\Reports\\20250106_093246\\Regresi All Sprint\\20250106_093246\\1736132188925.png, C:\\Users\\henri\\Videos\\school-payment-automation-testing\\Reports\\20250106_093246\\Regresi All Sprint\\20250106_093246\\1736133580802.png, C:\\Users\\henri\\Videos\\school-payment-automation-testing\\Reports\\20250106_093246\\Regresi All Sprint\\20250106_093246\\1736133636718.png, C:\\Users\\henri\\Videos\\school-payment-automation-testing\\Reports\\20250106_093246\\Regresi All Sprint\\20250106_093246\\1736133672979.png, C:\\Users\\henri\\Videos\\school-payment-automation-testing\\Reports\\20250106_093246\\Regresi All Sprint\\20250106_093246\\1736133709499.png, C:\\Users\\henri\\Videos\\school-payment-automation-testing\\Reports\\20250106_093246\\Regresi All Sprint\\20250106_093246\\1736133863456.png, C:\\Users\\henri\\Videos\\school-payment-automation-testing\\Reports\\20250106_093246\\Regresi All Sprint\\20250106_093246\\1736133996859.png, C:\\Users\\henri\\Videos\\school-payment-automation-testing\\Reports\\20250106_093246\\Regresi All Sprint\\20250106_093246\\1736134255518.png"/>
         <property name="hostName" value="henri - Henri.mshome.net"/>
         <property name="os" value="Windows 11 64bit"/>
         <property name="katalonVersion" value="10.0.0.223"/>
         <property name="browser" value="Chrome 131.0.0.0"/>
         <property name="hostAddress" value="172.30.16.1"/>
         <property name="sessionId" value="280d45c81dc8adf012691c5113357b5f"/>
         <property name="seleniumVersion" value="4.22.0"/>
         <property name="proxyInformation" value="ProxyInformation { proxyOption=NO_PROXY, proxyServerType=HTTP, username=, password=********, proxyServerAddress=, proxyServerPort=0, executionList=&quot;&quot;, isApplyToDesiredCapabilities=true }"/>
         <property name="platform" value="Windows 11"/>
      </properties>
      <testcase name="Test Cases/Regresi Feature/Sprint 1/Regresi Akun Bank" time="85.069" classname="Test Cases/Regresi Feature/Sprint 1/Regresi Akun Bank" status="PASSED">
         <system-out><![CDATA[06-01-2025T09:32:59 - [TEST_CASE][PASSED] - Test Cases/Regresi Feature/Sprint 1/Regresi Akun Bank: Test Cases/Regresi Feature/Sprint 1/Regresi Akun Bank

06-01-2025T09:32:59 - [TEST_STEP][PASSED] - for ([i = 1, i <= maxLoop, (i++)]): null

06-01-2025T09:32:59 - [TEST_STEP][PASSED] - callTestCase(findTestCase("Master Data/Admin Sekolah/Master Data Akun Bank/Tambah Akun Bank"), [:], CONTINUE_ON_FAILURE): Call Test Case 'Test Cases/Master Data/Admin Sekolah/Master Data Akun Bank/Tambah Akun Bank' successfully

06-01-2025T09:32:59 - [TEST_CASE][PASSED] - Test Cases/Master Data/Admin Sekolah/Master Data Akun Bank/Tambah Akun Bank: Test Cases/Master Data/Admin Sekolah/Master Data Akun Bank/Tambah Akun Bank

06-01-2025T09:33:00 - [TEST_STEP][PASSED] - openBrowser("", CONTINUE_ON_FAILURE): Browser is opened with url: ''

06-01-2025T09:33:00 - [MESSAGE][INFO] - Starting 'Chrome' driver

06-01-2025T09:33:00 - [MESSAGE][INFO] - Action delay is set to 0 milliseconds

06-01-2025T09:33:02 - [MESSAGE][PASSED] - Browser is opened with url: ''

06-01-2025T09:33:02 - [TEST_STEP][PASSED] - maximizeWindow(): Current window maximized

06-01-2025T09:33:02 - [MESSAGE][PASSED] - Current window maximized

06-01-2025T09:33:02 - [TEST_STEP][PASSED] - navigateToUrl("https://sit.siprusedu.com/login", CONTINUE_ON_FAILURE): Navigate to 'https://sit.siprusedu.com/login' successfully

06-01-2025T09:33:04 - [MESSAGE][PASSED] - Navigate to 'https://sit.siprusedu.com/login' successfully

06-01-2025T09:33:04 - [TEST_STEP][PASSED] - click(findTestObject("Master Data/Admin Sekolah/Login/Field Email"), CONTINUE_ON_FAILURE): Object: 'Object Repository/Master Data/Admin Sekolah/Login/Field Email' is clicked on

06-01-2025T09:33:05 - [MESSAGE][PASSED] - Object: 'Object Repository/Master Data/Admin Sekolah/Login/Field Email' is clicked on

06-01-2025T09:33:05 - [TEST_STEP][PASSED] - setText(findTestObject("Master Data/Admin Sekolah/Login/Field Email"), "admin.gudangsolusi@digiform.co.id", CONTINUE_ON_FAILURE): Text 'admin.gudangsolusi@digiform.co.id' is set on object 'Object Repository/Master Data/Admin Sekolah/Login/Field Email'

06-01-2025T09:33:06 - [MESSAGE][PASSED] - Text 'admin.gudangsolusi@digiform.co.id' is set on object 'Object Repository/Master Data/Admin Sekolah/Login/Field Email'

06-01-2025T09:33:06 - [TEST_STEP][PASSED] - click(findTestObject("Master Data/Admin Sekolah/Login/Input Password"), CONTINUE_ON_FAILURE): Object: 'Object Repository/Master Data/Admin Sekolah/Login/Input Password' is clicked on

06-01-2025T09:33:06 - [MESSAGE][PASSED] - Object: 'Object Repository/Master Data/Admin Sekolah/Login/Input Password' is clicked on

06-01-2025T09:33:06 - [TEST_STEP][PASSED] - setText(findTestObject("Master Data/Admin Sekolah/Login/Input Password"), "Test1234", CONTINUE_ON_FAILURE): Text 'Test1234' is set on object 'Object Repository/Master Data/Admin Sekolah/Login/Input Password'

06-01-2025T09:33:07 - [MESSAGE][PASSED] - Text 'Test1234' is set on object 'Object Repository/Master Data/Admin Sekolah/Login/Input Password'

06-01-2025T09:33:07 - [TEST_STEP][PASSED] - click(findTestObject("Master Data/Admin Sekolah/Login/Button Submit"), CONTINUE_ON_FAILURE): Object: 'Object Repository/Master Data/Admin Sekolah/Login/Button Submit' is clicked on

06-01-2025T09:33:07 - [MESSAGE][PASSED] - Object: 'Object Repository/Master Data/Admin Sekolah/Login/Button Submit' is clicked on

06-01-2025T09:33:07 - [TEST_STEP][PASSED] - click(findTestObject("Master Data/Admin Sekolah/Tagihan/Master Data Menu"), CONTINUE_ON_FAILURE): Object: 'Object Repository/Master Data/Admin Sekolah/Tagihan/Master Data Menu' is clicked on

06-01-2025T09:33:09 - [MESSAGE][PASSED] - Object: 'Object Repository/Master Data/Admin Sekolah/Tagihan/Master Data Menu' is clicked on

06-01-2025T09:33:09 - [TEST_STEP][PASSED] - click(findTestObject("Master Data/Admin Sekolah/Akun Bank/Menu Akun Bank"), CONTINUE_ON_FAILURE): Object: 'Object Repository/Master Data/Admin Sekolah/Akun Bank/Menu Akun Bank' is clicked on

06-01-2025T09:33:10 - [MESSAGE][PASSED] - Object: 'Object Repository/Master Data/Admin Sekolah/Akun Bank/Menu Akun Bank' is clicked on

06-01-2025T09:33:10 - [TEST_STEP][PASSED] - click(findTestObject("Master Data/Admin Sekolah/Akun Bank/Button Tambah Akun Bank"), CONTINUE_ON_FAILURE): Object: 'Object Repository/Master Data/Admin Sekolah/Akun Bank/Button Tambah Akun Bank' is clicked on

06-01-2025T09:33:10 - [MESSAGE][PASSED] - Object: 'Object Repository/Master Data/Admin Sekolah/Akun Bank/Button Tambah Akun Bank' is clicked on

06-01-2025T09:33:10 - [TEST_STEP][PASSED] - click(findTestObject("Master Data/Admin Sekolah/Akun Bank/Tambah Akun Bank/Dropdown Pilih Nama Bank"), CONTINUE_ON_FAILURE): Object: 'Object Repository/Master Data/Admin Sekolah/Akun Bank/Tambah Akun Bank/Dropdown Pilih Nama Bank' is clicked on

06-01-2025T09:33:11 - [MESSAGE][PASSED] - Object: 'Object Repository/Master Data/Admin Sekolah/Akun Bank/Tambah Akun Bank/Dropdown Pilih Nama Bank' is clicked on

06-01-2025T09:33:11 - [TEST_STEP][PASSED] - click(findTestObject("Master Data/Admin Sekolah/Akun Bank/Tambah Akun Bank/Pilih Dropdown Nama Bank"), CONTINUE_ON_FAILURE): Object: 'Object Repository/Master Data/Admin Sekolah/Akun Bank/Tambah Akun Bank/Pilih Dropdown Nama Bank' is clicked on

06-01-2025T09:33:11 - [MESSAGE][PASSED] - Object: 'Object Repository/Master Data/Admin Sekolah/Akun Bank/Tambah Akun Bank/Pilih Dropdown Nama Bank' is clicked on

06-01-2025T09:33:11 - [TEST_STEP][PASSED] - randomName = generateRandomName(): null

06-01-2025T09:33:11 - [TEST_STEP][PASSED] - firstNames = ["John", "Jane", "Michael", "Sarah", "David", "Emily", "Rafael", "Sophia"]: null

06-01-2025T09:33:11 - [TEST_STEP][PASSED] - lastNames = ["Doe", "Smith", "Johnson", "Williams", "Brown", "Davis", "Taylor", "Wilson"]: null

06-01-2025T09:33:11 - [TEST_STEP][PASSED] - random = new java.util.Random(): null

06-01-2025T09:33:12 - [TEST_STEP][PASSED] - firstName = firstNames[random.nextInt(firstNames.size())]: null

06-01-2025T09:33:12 - [TEST_STEP][PASSED] - lastName = lastNames[random.nextInt(lastNames.size())]: null

06-01-2025T09:33:12 - [TEST_STEP][PASSED] - return ((firstName +  ) + lastName): null

06-01-2025T09:33:12 - [TEST_STEP][PASSED] - println("Generated random name: " + randomName): null

06-01-2025T09:33:12 - [TEST_STEP][PASSED] - setText(findTestObject("Master Data/Admin Sekolah/Akun Bank/Tambah Akun Bank/Set Text Nama Rekening"), randomName, CONTINUE_ON_FAILURE): Text 'Sophia Johnson' is set on object 'Object Repository/Master Data/Admin Sekolah/Akun Bank/Tambah Akun Bank/Set Text Nama Rekening'

06-01-2025T09:33:12 - [MESSAGE][PASSED] - Text 'Sophia Johnson' is set on object 'Object Repository/Master Data/Admin Sekolah/Akun Bank/Tambah Akun Bank/Set Text Nama Rekening'

06-01-2025T09:33:12 - [TEST_STEP][PASSED] - nomorRekeningList = []: null

06-01-2025T09:33:12 - [TEST_STEP][PASSED] - for ([i = 0, i < 5, (i++)]): null

06-01-2025T09:33:12 - [TEST_STEP][PASSED] - nomorRekeningList.add(generateRandomAccountNumber(10)): null

06-01-2025T09:33:12 - [TEST_STEP][PASSED] - random = new java.util.Random(): null

06-01-2025T09:33:12 - [TEST_STEP][PASSED] - accountNumber = new java.lang.StringBuilder(): null

06-01-2025T09:33:12 - [TEST_STEP][PASSED] - for ([i = 0, i < length, (i++)]): null

06-01-2025T09:33:12 - [TEST_STEP][PASSED] - accountNumber.append(random.nextInt(10)): null

06-01-2025T09:33:12 - [TEST_STEP][PASSED] - accountNumber.append(random.nextInt(10)): null

06-01-2025T09:33:12 - [TEST_STEP][PASSED] - accountNumber.append(random.nextInt(10)): null

06-01-2025T09:33:12 - [TEST_STEP][PASSED] - accountNumber.append(random.nextInt(10)): null

06-01-2025T09:33:12 - [TEST_STEP][PASSED] - accountNumber.append(random.nextInt(10)): null

06-01-2025T09:33:12 - [TEST_STEP][PASSED] - accountNumber.append(random.nextInt(10)): null

06-01-2025T09:33:12 - [TEST_STEP][PASSED] - accountNumber.append(random.nextInt(10)): null

06-01-2025T09:33:12 - [TEST_STEP][PASSED] - accountNumber.append(random.nextInt(10)): null

06-01-2025T09:33:12 - [TEST_STEP][PASSED] - accountNumber.append(random.nextInt(10)): null

06-01-2025T09:33:12 - [TEST_STEP][PASSED] - accountNumber.append(random.nextInt(10)): null

06-01-2025T09:33:12 - [TEST_STEP][PASSED] - return accountNumber.toString(): null

06-01-2025T09:33:12 - [TEST_STEP][PASSED] - nomorRekeningList.add(generateRandomAccountNumber(10)): null

06-01-2025T09:33:12 - [TEST_STEP][PASSED] - random = new java.util.Random(): null

06-01-2025T09:33:12 - [TEST_STEP][PASSED] - accountNumber = new java.lang.StringBuilder(): null

06-01-2025T09:33:12 - [TEST_STEP][PASSED] - for ([i = 0, i < length, (i++)]): null

06-01-2025T09:33:12 - [TEST_STEP][PASSED] - accountNumber.append(random.nextInt(10)): null

06-01-2025T09:33:12 - [TEST_STEP][PASSED] - accountNumber.append(random.nextInt(10)): null

06-01-2025T09:33:12 - [TEST_STEP][PASSED] - accountNumber.append(random.nextInt(10)): null

06-01-2025T09:33:12 - [TEST_STEP][PASSED] - accountNumber.append(random.nextInt(10)): null

06-01-2025T09:33:12 - [TEST_STEP][PASSED] - accountNumber.append(random.nextInt(10)): null

06-01-2025T09:33:12 - [TEST_STEP][PASSED] - accountNumber.append(random.nextInt(10)): null

06-01-2025T09:33:12 - [TEST_STEP][PASSED] - accountNumber.append(random.nextInt(10)): null

06-01-2025T09:33:12 - [TEST_STEP][PASSED] - accountNumber.append(random.nextInt(10)): null

06-01-2025T09:33:12 - [TEST_STEP][PASSED] - accountNumber.append(random.nextInt(10)): null

06-01-2025T09:33:12 - [TEST_STEP][PASSED] - accountNumber.append(random.nextInt(10)): null

06-01-2025T09:33:12 - [TEST_STEP][PASSED] - return accountNumber.toString(): null

06-01-2025T09:33:12 - [TEST_STEP][PASSED] - nomorRekeningList.add(generateRandomAccountNumber(10)): null

06-01-2025T09:33:12 - [TEST_STEP][PASSED] - random = new java.util.Random(): null

06-01-2025T09:33:12 - [TEST_STEP][PASSED] - accountNumber = new java.lang.StringBuilder(): null

06-01-2025T09:33:12 - [TEST_STEP][PASSED] - for ([i = 0, i < length, (i++)]): null

06-01-2025T09:33:12 - [TEST_STEP][PASSED] - accountNumber.append(random.nextInt(10)): null

06-01-2025T09:33:12 - [TEST_STEP][PASSED] - accountNumber.append(random.nextInt(10)): null

06-01-2025T09:33:12 - [TEST_STEP][PASSED] - accountNumber.append(random.nextInt(10)): null

06-01-2025T09:33:12 - [TEST_STEP][PASSED] - accountNumber.append(random.nextInt(10)): null

06-01-2025T09:33:12 - [TEST_STEP][PASSED] - accountNumber.append(random.nextInt(10)): null

06-01-2025T09:33:12 - [TEST_STEP][PASSED] - accountNumber.append(random.nextInt(10)): null

06-01-2025T09:33:12 - [TEST_STEP][PASSED] - accountNumber.append(random.nextInt(10)): null

06-01-2025T09:33:12 - [TEST_STEP][PASSED] - accountNumber.append(random.nextInt(10)): null

06-01-2025T09:33:12 - [TEST_STEP][PASSED] - accountNumber.append(random.nextInt(10)): null

06-01-2025T09:33:12 - [TEST_STEP][PASSED] - accountNumber.append(random.nextInt(10)): null

06-01-2025T09:33:12 - [TEST_STEP][PASSED] - return accountNumber.toString(): null

06-01-2025T09:33:12 - [TEST_STEP][PASSED] - nomorRekeningList.add(generateRandomAccountNumber(10)): null

06-01-2025T09:33:12 - [TEST_STEP][PASSED] - random = new java.util.Random(): null

06-01-2025T09:33:12 - [TEST_STEP][PASSED] - accountNumber = new java.lang.StringBuilder(): null

06-01-2025T09:33:12 - [TEST_STEP][PASSED] - for ([i = 0, i < length, (i++)]): null

06-01-2025T09:33:12 - [TEST_STEP][PASSED] - accountNumber.append(random.nextInt(10)): null

06-01-2025T09:33:12 - [TEST_STEP][PASSED] - accountNumber.append(random.nextInt(10)): null

06-01-2025T09:33:12 - [TEST_STEP][PASSED] - accountNumber.append(random.nextInt(10)): null

06-01-2025T09:33:12 - [TEST_STEP][PASSED] - accountNumber.append(random.nextInt(10)): null

06-01-2025T09:33:12 - [TEST_STEP][PASSED] - accountNumber.append(random.nextInt(10)): null

06-01-2025T09:33:12 - [TEST_STEP][PASSED] - accountNumber.append(random.nextInt(10)): null

06-01-2025T09:33:12 - [TEST_STEP][PASSED] - accountNumber.append(random.nextInt(10)): null

06-01-2025T09:33:12 - [TEST_STEP][PASSED] - accountNumber.append(random.nextInt(10)): null

06-01-2025T09:33:12 - [TEST_STEP][PASSED] - accountNumber.append(random.nextInt(10)): null

06-01-2025T09:33:12 - [TEST_STEP][PASSED] - accountNumber.append(random.nextInt(10)): null

06-01-2025T09:33:12 - [TEST_STEP][PASSED] - return accountNumber.toString(): null

06-01-2025T09:33:12 - [TEST_STEP][PASSED] - nomorRekeningList.add(generateRandomAccountNumber(10)): null

06-01-2025T09:33:12 - [TEST_STEP][PASSED] - random = new java.util.Random(): null

06-01-2025T09:33:12 - [TEST_STEP][PASSED] - accountNumber = new java.lang.StringBuilder(): null

06-01-2025T09:33:12 - [TEST_STEP][PASSED] - for ([i = 0, i < length, (i++)]): null

06-01-2025T09:33:12 - [TEST_STEP][PASSED] - accountNumber.append(random.nextInt(10)): null

06-01-2025T09:33:12 - [TEST_STEP][PASSED] - accountNumber.append(random.nextInt(10)): null

06-01-2025T09:33:12 - [TEST_STEP][PASSED] - accountNumber.append(random.nextInt(10)): null

06-01-2025T09:33:12 - [TEST_STEP][PASSED] - accountNumber.append(random.nextInt(10)): null

06-01-2025T09:33:12 - [TEST_STEP][PASSED] - accountNumber.append(random.nextInt(10)): null

06-01-2025T09:33:12 - [TEST_STEP][PASSED] - accountNumber.append(random.nextInt(10)): null

06-01-2025T09:33:12 - [TEST_STEP][PASSED] - accountNumber.append(random.nextInt(10)): null

06-01-2025T09:33:12 - [TEST_STEP][PASSED] - accountNumber.append(random.nextInt(10)): null

06-01-2025T09:33:12 - [TEST_STEP][PASSED] - accountNumber.append(random.nextInt(10)): null

06-01-2025T09:33:12 - [TEST_STEP][PASSED] - accountNumber.append(random.nextInt(10)): null

06-01-2025T09:33:12 - [TEST_STEP][PASSED] - return accountNumber.toString(): null

06-01-2025T09:33:12 - [TEST_STEP][PASSED] - isErrorPresent = true: null

06-01-2025T09:33:12 - [TEST_STEP][PASSED] - for (String nomorRekening : nomorRekeningList): null

06-01-2025T09:33:12 - [TEST_STEP][PASSED] - inputNomorRekening(nomorRekening): null

06-01-2025T09:33:12 - [TEST_STEP][PASSED] - fieldNomorRekening = findTestObject("Master Data/Admin Sekolah/Akun Bank/Tambah Akun Bank/Set Text Nomor Rekening"): null

06-01-2025T09:33:12 - [TEST_STEP][PASSED] - clearTextUntilEmpty(fieldNomorRekening): null

06-01-2025T09:33:12 - [TEST_STEP][PASSED] - attempt = 0: null

06-01-2025T09:33:12 - [TEST_STEP][PASSED] - while (attempt < maxAttempts): null

06-01-2025T09:33:12 - [TEST_STEP][PASSED] - clearText(field, CONTINUE_ON_FAILURE): Text of object 'Object Repository/Master Data/Admin Sekolah/Akun Bank/Tambah Akun Bank/Set Text Nomor Rekening' is cleared

06-01-2025T09:33:13 - [MESSAGE][PASSED] - Text of object 'Object Repository/Master Data/Admin Sekolah/Akun Bank/Tambah Akun Bank/Set Text Nomor Rekening' is cleared

06-01-2025T09:33:13 - [TEST_STEP][PASSED] - delay(0.5): Delayed 0.5 second(s)

06-01-2025T09:33:13 - [MESSAGE][PASSED] - Delayed 0.5 second(s)

06-01-2025T09:33:13 - [TEST_STEP][PASSED] - currentText = getAttribute(field, "value", CONTINUE_ON_FAILURE): Attribute 'value' of object 'Object Repository/Master Data/Admin Sekolah/Akun Bank/Tambah Akun Bank/Set Text Nomor Rekening' is: ''

06-01-2025T09:33:13 - [MESSAGE][PASSED] - Attribute 'value' of object 'Object Repository/Master Data/Admin Sekolah/Akun Bank/Tambah Akun Bank/Set Text Nomor Rekening' is: ''

06-01-2025T09:33:13 - [TEST_STEP][PASSED] - if (currentText.isEmpty()): null

06-01-2025T09:33:13 - [TEST_STEP][PASSED] - comment("Field berhasil dikosongkan setelah " + attempt + 1 + " percobaan."): Field berhasil dikosongkan setelah 1 percobaan.

06-01-2025T09:33:13 - [MESSAGE][INFO] - Field berhasil dikosongkan setelah 1 percobaan.

06-01-2025T09:33:13 - [TEST_STEP][PASSED] - break: null

06-01-2025T09:33:13 - [TEST_STEP][PASSED] - setText(fieldNomorRekening, nomorRekening): null

06-01-2025T09:33:14 - [MESSAGE][PASSED] - Text '6368646930' is set on object 'Object Repository/Master Data/Admin Sekolah/Akun Bank/Tambah Akun Bank/Set Text Nomor Rekening'

06-01-2025T09:33:14 - [TEST_STEP][PASSED] - pilihKepemilikanDropdown(): null

06-01-2025T09:33:14 - [TEST_STEP][PASSED] - click(findTestObject("Master Data/Admin Sekolah/Akun Bank/Tambah Akun Bank/Dropdown Kepemilikan"), CONTINUE_ON_FAILURE): Object: 'Object Repository/Master Data/Admin Sekolah/Akun Bank/Tambah Akun Bank/Dropdown Kepemilikan' is clicked on

06-01-2025T09:33:14 - [MESSAGE][PASSED] - Object: 'Object Repository/Master Data/Admin Sekolah/Akun Bank/Tambah Akun Bank/Dropdown Kepemilikan' is clicked on

06-01-2025T09:33:14 - [TEST_STEP][PASSED] - click(findTestObject("Master Data/Admin Sekolah/Akun Bank/Tambah Akun Bank/Pilih Dropdown Kepemilikan"), CONTINUE_ON_FAILURE): null

06-01-2025T09:33:15 - [MESSAGE][PASSED] - Object: 'Object Repository/Master Data/Admin Sekolah/Akun Bank/Tambah Akun Bank/Pilih Dropdown Kepemilikan' is clicked on

06-01-2025T09:33:15 - [TEST_STEP][PASSED] - click(findTestObject("Master Data/Admin Sekolah/Akun Bank/Tambah Akun Bank/Button Submit"), CONTINUE_ON_FAILURE): Object: 'Object Repository/Master Data/Admin Sekolah/Akun Bank/Tambah Akun Bank/Button Submit' is clicked on

06-01-2025T09:33:15 - [MESSAGE][PASSED] - Object: 'Object Repository/Master Data/Admin Sekolah/Akun Bank/Tambah Akun Bank/Button Submit' is clicked on

06-01-2025T09:33:15 - [TEST_STEP][PASSED] - isErrorPresent = verifyTextPresent("Nomor rekening sudah terdaftar", false, OPTIONAL): Text 'Nomor rekening sudah terdaftar' is not present on page  (Root cause: com.kms.katalon.core.exception.StepFailedException: Text 'Nomor rekening sudah terdaftar' is not present on page 
	at com.kms.katalon.core.webui.keyword.internal.WebUIKeywordMain.stepFailed(WebUIKeywordMain.groovy:117)
	at com.kms.katalon.core.webui.keyword.builtin.VerifyTextPresentKeyword$_verifyTextPresent_closure1.doCall(VerifyTextPresentKeyword.groovy:79)
	at com.kms.katalon.core.webui.keyword.builtin.VerifyTextPresentKeyword$_verifyTextPresent_closure1.call(VerifyTextPresentKeyword.groovy)
	at com.kms.katalon.core.webui.keyword.internal.WebUIKeywordMain.runKeyword(WebUIKeywordMain.groovy:35)
	at com.kms.katalon.core.webui.keyword.builtin.VerifyTextPresentKeyword.verifyTextPresent(VerifyTextPresentKeyword.groovy:83)
	at com.kms.katalon.core.webui.keyword.builtin.VerifyTextPresentKeyword.execute(VerifyTextPresentKeyword.groovy:68)
	at com.kms.katalon.core.keyword.internal.KeywordExecutor.executeKeywordForPlatform(KeywordExecutor.groovy:74)
	at com.kms.katalon.core.webui.keyword.WebUiBuiltInKeywords.verifyTextPresent(WebUiBuiltInKeywords.groovy:1783)
	at Tambah Akun Bank.run(Tambah Akun Bank:84)
	at com.kms.katalon.core.main.ScriptEngine.run(ScriptEngine.java:194)
	at com.kms.katalon.core.main.ScriptEngine.runScriptAsRawText(ScriptEngine.java:119)
	at com.kms.katalon.core.main.TestCaseExecutor.runScript(TestCaseExecutor.java:448)
	at com.kms.katalon.core.main.TestCaseExecutor.doExecute(TestCaseExecutor.java:439)
	at com.kms.katalon.core.main.TestCaseExecutor.processExecutionPhase(TestCaseExecutor.java:418)
	at com.kms.katalon.core.main.TestCaseExecutor.accessMainPhase(TestCaseExecutor.java:410)
	at com.kms.katalon.core.main.TestCaseExecutor.execute(TestCaseExecutor.java:285)
	at com.kms.katalon.core.main.TestCaseMain.runTestCase(TestCaseMain.java:133)
	at com.kms.katalon.core.keyword.builtin.CallTestCaseKeyword$_callTestCase_closure1.doCall(CallTestCaseKeyword.groovy:59)
	at com.kms.katalon.core.keyword.builtin.CallTestCaseKeyword$_callTestCase_closure1.call(CallTestCaseKeyword.groovy)
	at com.kms.katalon.core.keyword.internal.KeywordMain.runKeyword(KeywordMain.groovy:75)
	at com.kms.katalon.core.keyword.builtin.CallTestCaseKeyword.callTestCase(CallTestCaseKeyword.groovy:81)
	at com.kms.katalon.core.keyword.builtin.CallTestCaseKeyword.execute(CallTestCaseKeyword.groovy:44)
	at com.kms.katalon.core.keyword.internal.KeywordExecutor.executeKeywordForPlatform(KeywordExecutor.groovy:74)
	at com.kms.katalon.core.keyword.BuiltinKeywords.callTestCase(BuiltinKeywords.groovy:310)
	at java.base/jdk.internal.reflect.NativeMethodAccessorImpl.invoke0(Native Method)
	at java.base/jdk.internal.reflect.NativeMethodAccessorImpl.invoke(NativeMethodAccessorImpl.java:77)
	at java.base/jdk.internal.reflect.DelegatingMethodAccessorImpl.invoke(DelegatingMethodAccessorImpl.java:43)
	at Regresi Akun Bank.run(Regresi Akun Bank:22)
	at com.kms.katalon.core.main.ScriptEngine.run(ScriptEngine.java:194)
	at com.kms.katalon.core.main.ScriptEngine.runScriptAsRawText(ScriptEngine.java:119)
	at com.kms.katalon.core.main.TestCaseExecutor.runScript(TestCaseExecutor.java:448)
	at com.kms.katalon.core.main.TestCaseExecutor.doExecute(TestCaseExecutor.java:439)
	at com.kms.katalon.core.main.TestCaseExecutor.processExecutionPhase(TestCaseExecutor.java:418)
	at com.kms.katalon.core.main.TestCaseExecutor.accessMainPhase(TestCaseExecutor.java:410)
	at com.kms.katalon.core.main.TestCaseExecutor.execute(TestCaseExecutor.java:285)
	at com.kms.katalon.core.common.CommonExecutor.accessTestCaseMainPhase(CommonExecutor.java:65)
	at com.kms.katalon.core.main.TestSuiteExecutor.accessTestSuiteMainPhase(TestSuiteExecutor.java:161)
	at com.kms.katalon.core.main.TestSuiteExecutor.execute(TestSuiteExecutor.java:107)
	at com.kms.katalon.core.main.TestCaseMain.startTestSuite(TestCaseMain.java:176)
	at TempTestSuite1736130766400.run(TempTestSuite1736130766400.groovy:35)
	at java.base/jdk.internal.reflect.NativeMethodAccessorImpl.invoke0(Native Method)
	at java.base/jdk.internal.reflect.NativeMethodAccessorImpl.invoke(NativeMethodAccessorImpl.java:77)
	at java.base/jdk.internal.reflect.DelegatingMethodAccessorImpl.invoke(DelegatingMethodAccessorImpl.java:43)
)

06-01-2025T09:33:16 - [MESSAGE][WARNING] - Text 'Nomor rekening sudah terdaftar' is not present on page  (Root cause: com.kms.katalon.core.exception.StepFailedException: Text 'Nomor rekening sudah terdaftar' is not present on page 
	at com.kms.katalon.core.webui.keyword.internal.WebUIKeywordMain.stepFailed(WebUIKeywordMain.groovy:117)
	at com.kms.katalon.core.webui.keyword.builtin.VerifyTextPresentKeyword$_verifyTextPresent_closure1.doCall(VerifyTextPresentKeyword.groovy:79)
	at com.kms.katalon.core.webui.keyword.builtin.VerifyTextPresentKeyword$_verifyTextPresent_closure1.call(VerifyTextPresentKeyword.groovy)
	at com.kms.katalon.core.webui.keyword.internal.WebUIKeywordMain.runKeyword(WebUIKeywordMain.groovy:35)
	at com.kms.katalon.core.webui.keyword.builtin.VerifyTextPresentKeyword.verifyTextPresent(VerifyTextPresentKeyword.groovy:83)
	at com.kms.katalon.core.webui.keyword.builtin.VerifyTextPresentKeyword.execute(VerifyTextPresentKeyword.groovy:68)
	at com.kms.katalon.core.keyword.internal.KeywordExecutor.executeKeywordForPlatform(KeywordExecutor.groovy:74)
	at com.kms.katalon.core.webui.keyword.WebUiBuiltInKeywords.verifyTextPresent(WebUiBuiltInKeywords.groovy:1783)
	at Tambah Akun Bank.run(Tambah Akun Bank:84)
	at com.kms.katalon.core.main.ScriptEngine.run(ScriptEngine.java:194)
	at com.kms.katalon.core.main.ScriptEngine.runScriptAsRawText(ScriptEngine.java:119)
	at com.kms.katalon.core.main.TestCaseExecutor.runScript(TestCaseExecutor.java:448)
	at com.kms.katalon.core.main.TestCaseExecutor.doExecute(TestCaseExecutor.java:439)
	at com.kms.katalon.core.main.TestCaseExecutor.processExecutionPhase(TestCaseExecutor.java:418)
	at com.kms.katalon.core.main.TestCaseExecutor.accessMainPhase(TestCaseExecutor.java:410)
	at com.kms.katalon.core.main.TestCaseExecutor.execute(TestCaseExecutor.java:285)
	at com.kms.katalon.core.main.TestCaseMain.runTestCase(TestCaseMain.java:133)
	at com.kms.katalon.core.keyword.builtin.CallTestCaseKeyword$_callTestCase_closure1.doCall(CallTestCaseKeyword.groovy:59)
	at com.kms.katalon.core.keyword.builtin.CallTestCaseKeyword$_callTestCase_closure1.call(CallTestCaseKeyword.groovy)
	at com.kms.katalon.core.keyword.internal.KeywordMain.runKeyword(KeywordMain.groovy:75)
	at com.kms.katalon.core.keyword.builtin.CallTestCaseKeyword.callTestCase(CallTestCaseKeyword.groovy:81)
	at com.kms.katalon.core.keyword.builtin.CallTestCaseKeyword.execute(CallTestCaseKeyword.groovy:44)
	at com.kms.katalon.core.keyword.internal.KeywordExecutor.executeKeywordForPlatform(KeywordExecutor.groovy:74)
	at com.kms.katalon.core.keyword.BuiltinKeywords.callTestCase(BuiltinKeywords.groovy:310)
	at java.base/jdk.internal.reflect.NativeMethodAccessorImpl.invoke0(Native Method)
	at java.base/jdk.internal.reflect.NativeMethodAccessorImpl.invoke(NativeMethodAccessorImpl.java:77)
	at java.base/jdk.internal.reflect.DelegatingMethodAccessorImpl.invoke(DelegatingMethodAccessorImpl.java:43)
	at Regresi Akun Bank.run(Regresi Akun Bank:22)
	at com.kms.katalon.core.main.ScriptEngine.run(ScriptEngine.java:194)
	at com.kms.katalon.core.main.ScriptEngine.runScriptAsRawText(ScriptEngine.java:119)
	at com.kms.katalon.core.main.TestCaseExecutor.runScript(TestCaseExecutor.java:448)
	at com.kms.katalon.core.main.TestCaseExecutor.doExecute(TestCaseExecutor.java:439)
	at com.kms.katalon.core.main.TestCaseExecutor.processExecutionPhase(TestCaseExecutor.java:418)
	at com.kms.katalon.core.main.TestCaseExecutor.accessMainPhase(TestCaseExecutor.java:410)
	at com.kms.katalon.core.main.TestCaseExecutor.execute(TestCaseExecutor.java:285)
	at com.kms.katalon.core.common.CommonExecutor.accessTestCaseMainPhase(CommonExecutor.java:65)
	at com.kms.katalon.core.main.TestSuiteExecutor.accessTestSuiteMainPhase(TestSuiteExecutor.java:161)
	at com.kms.katalon.core.main.TestSuiteExecutor.execute(TestSuiteExecutor.java:107)
	at com.kms.katalon.core.main.TestCaseMain.startTestSuite(TestCaseMain.java:176)
	at TempTestSuite1736130766400.run(TempTestSuite1736130766400.groovy:35)
	at java.base/jdk.internal.reflect.NativeMethodAccessorImpl.invoke0(Native Method)
	at java.base/jdk.internal.reflect.NativeMethodAccessorImpl.invoke(NativeMethodAccessorImpl.java:77)
	at java.base/jdk.internal.reflect.DelegatingMethodAccessorImpl.invoke(DelegatingMethodAccessorImpl.java:43)
)

06-01-2025T09:33:16 - [TEST_STEP][PASSED] - if (!(isErrorPresent)): null

06-01-2025T09:33:16 - [TEST_STEP][PASSED] - verifyElementVisible(findTestObject("Master Data/Admin Sekolah/Akun Bank/Akun Bank Dashboard"), CONTINUE_ON_FAILURE): Object 'Object Repository/Master Data/Admin Sekolah/Akun Bank/Akun Bank Dashboard' is visible

06-01-2025T09:33:16 - [MESSAGE][PASSED] - Object 'Object Repository/Master Data/Admin Sekolah/Akun Bank/Akun Bank Dashboard' is visible

06-01-2025T09:33:16 - [TEST_STEP][PASSED] - break: null

06-01-2025T09:33:16 - [TEST_STEP][PASSED] - if (isErrorPresent): null

06-01-2025T09:33:16 - [TEST_STEP][PASSED] - else: Nomor rekening berhasil didaftarkan.

06-01-2025T09:33:16 - [TEST_STEP][PASSED] - comment("Nomor rekening berhasil didaftarkan."): Nomor rekening berhasil didaftarkan.

06-01-2025T09:33:16 - [MESSAGE][INFO] - Nomor rekening berhasil didaftarkan.

06-01-2025T09:33:16 - [MESSAGE][PASSED] - Call Test Case 'Test Cases/Master Data/Admin Sekolah/Master Data Akun Bank/Tambah Akun Bank' successfully

06-01-2025T09:33:16 - [TEST_STEP][PASSED] - callTestCase(findTestCase("Test Cases/Master Data/Admin Sekolah/Master Data Akun Bank/Edit Akun Bank"), [:], CONTINUE_ON_FAILURE): Call Test Case 'Test Cases/Master Data/Admin Sekolah/Master Data Akun Bank/Edit Akun Bank' successfully

06-01-2025T09:33:16 - [TEST_CASE][PASSED] - Test Cases/Master Data/Admin Sekolah/Master Data Akun Bank/Edit Akun Bank: Test Cases/Master Data/Admin Sekolah/Master Data Akun Bank/Edit Akun Bank

06-01-2025T09:33:16 - [TEST_STEP][PASSED] - openBrowser(""): Browser is opened with url: ''

06-01-2025T09:33:17 - [MESSAGE][WARNING] - A browser is already opened. Closing browser and opening a new one

06-01-2025T09:33:17 - [MESSAGE][INFO] - Starting 'Chrome' driver

06-01-2025T09:33:17 - [MESSAGE][INFO] - Action delay is set to 0 milliseconds

06-01-2025T09:33:18 - [MESSAGE][PASSED] - Browser is opened with url: ''

06-01-2025T09:33:18 - [TEST_STEP][PASSED] - maximizeWindow(): Current window maximized

06-01-2025T09:33:18 - [MESSAGE][PASSED] - Current window maximized

06-01-2025T09:33:18 - [TEST_STEP][PASSED] - navigateToUrl("https://sit.siprusedu.com/login"): Navigate to 'https://sit.siprusedu.com/login' successfully

06-01-2025T09:33:18 - [MESSAGE][PASSED] - Navigate to 'https://sit.siprusedu.com/login' successfully

06-01-2025T09:33:18 - [TEST_STEP][PASSED] - setText(findTestObject("Master Data/Admin Sekolah/Login/Field Email"), "admin.gudangsolusi@digiform.co.id"): Text 'admin.gudangsolusi@digiform.co.id' is set on object 'Object Repository/Master Data/Admin Sekolah/Login/Field Email'

06-01-2025T09:33:20 - [MESSAGE][PASSED] - Text 'admin.gudangsolusi@digiform.co.id' is set on object 'Object Repository/Master Data/Admin Sekolah/Login/Field Email'

06-01-2025T09:33:20 - [TEST_STEP][PASSED] - setText(findTestObject("Master Data/Admin Sekolah/Login/Input Password"), "Test1234"): Text 'Test1234' is set on object 'Object Repository/Master Data/Admin Sekolah/Login/Input Password'

06-01-2025T09:33:21 - [MESSAGE][PASSED] - Text 'Test1234' is set on object 'Object Repository/Master Data/Admin Sekolah/Login/Input Password'

06-01-2025T09:33:21 - [TEST_STEP][PASSED] - click(findTestObject("Master Data/Admin Sekolah/Login/Button Submit")): Object: 'Object Repository/Master Data/Admin Sekolah/Login/Button Submit' is clicked on

06-01-2025T09:33:21 - [MESSAGE][PASSED] - Object: 'Object Repository/Master Data/Admin Sekolah/Login/Button Submit' is clicked on

06-01-2025T09:33:21 - [TEST_STEP][PASSED] - click(findTestObject("Master Data/Admin Sekolah/Tagihan/Master Data Menu")): Object: 'Object Repository/Master Data/Admin Sekolah/Tagihan/Master Data Menu' is clicked on

06-01-2025T09:33:23 - [MESSAGE][PASSED] - Object: 'Object Repository/Master Data/Admin Sekolah/Tagihan/Master Data Menu' is clicked on

06-01-2025T09:33:23 - [TEST_STEP][PASSED] - click(findTestObject("Master Data/Admin Sekolah/Akun Bank/Menu Akun Bank")): Object: 'Object Repository/Master Data/Admin Sekolah/Akun Bank/Menu Akun Bank' is clicked on

06-01-2025T09:33:24 - [MESSAGE][PASSED] - Object: 'Object Repository/Master Data/Admin Sekolah/Akun Bank/Menu Akun Bank' is clicked on

06-01-2025T09:33:24 - [TEST_STEP][PASSED] - click(findTestObject("Master Data/Admin Sekolah/Akun Bank/Edit Akun Bank/Button Action")): Object: 'Object Repository/Master Data/Admin Sekolah/Akun Bank/Edit Akun Bank/Button Action' is clicked on

06-01-2025T09:33:26 - [MESSAGE][PASSED] - Object: 'Object Repository/Master Data/Admin Sekolah/Akun Bank/Edit Akun Bank/Button Action' is clicked on

06-01-2025T09:33:26 - [TEST_STEP][PASSED] - click(findTestObject("Master Data/Admin Sekolah/Akun Bank/Edit Akun Bank/Button Edit")): Object: 'Object Repository/Master Data/Admin Sekolah/Akun Bank/Edit Akun Bank/Button Edit' is clicked on

06-01-2025T09:33:27 - [MESSAGE][PASSED] - Object: 'Object Repository/Master Data/Admin Sekolah/Akun Bank/Edit Akun Bank/Button Edit' is clicked on

06-01-2025T09:33:27 - [TEST_STEP][PASSED] - click(findTestObject("Master Data/Admin Sekolah/Akun Bank/Edit Akun Bank/Dropdown Akun Bank")): Object: 'Object Repository/Master Data/Admin Sekolah/Akun Bank/Edit Akun Bank/Dropdown Akun Bank' is clicked on

06-01-2025T09:33:27 - [MESSAGE][PASSED] - Object: 'Object Repository/Master Data/Admin Sekolah/Akun Bank/Edit Akun Bank/Dropdown Akun Bank' is clicked on

06-01-2025T09:33:27 - [TEST_STEP][PASSED] - click(findTestObject("Master Data/Admin Sekolah/Akun Bank/Edit Akun Bank/Value Dropdown Akun Bank")): Object: 'Object Repository/Master Data/Admin Sekolah/Akun Bank/Edit Akun Bank/Value Dropdown Akun Bank' is clicked on

06-01-2025T09:33:28 - [MESSAGE][PASSED] - Object: 'Object Repository/Master Data/Admin Sekolah/Akun Bank/Edit Akun Bank/Value Dropdown Akun Bank' is clicked on

06-01-2025T09:33:28 - [TEST_STEP][PASSED] - clearAndSetText(findTestObject("Master Data/Admin Sekolah/Akun Bank/Edit Akun Bank/Field Nama Akun Bank"), generateRandomBankAccountName()): null

06-01-2025T09:33:28 - [TEST_STEP][PASSED] - firstNames = ["Pandu", "Budi", "Siti", "Andi", "Joko", "Rina", "Ari", "Maya"]: null

06-01-2025T09:33:28 - [TEST_STEP][PASSED] - lastNames = ["Wibisana", "Sari", "Pratama", "Santoso", "Putra", "Gunawan", "Sudarmaji", "Amir"]: null

06-01-2025T09:33:28 - [TEST_STEP][PASSED] - random = new java.util.Random(): null

06-01-2025T09:33:28 - [TEST_STEP][PASSED] - firstName = firstNames[random.nextInt(firstNames.size())]: null

06-01-2025T09:33:28 - [TEST_STEP][PASSED] - lastName = lastNames[random.nextInt(lastNames.size())]: null

06-01-2025T09:33:28 - [TEST_STEP][PASSED] - return ((firstName +  ) + lastName): null

06-01-2025T09:33:28 - [TEST_STEP][PASSED] - sendKeys(testObject, Keys.chord(CONTROL, "a")): Keys 'CONTROL + a' sent to object: 'Object Repository/Master Data/Admin Sekolah/Akun Bank/Edit Akun Bank/Field Nama Akun Bank'

06-01-2025T09:33:28 - [MESSAGE][PASSED] - Keys 'CONTROL + a' sent to object: 'Object Repository/Master Data/Admin Sekolah/Akun Bank/Edit Akun Bank/Field Nama Akun Bank'

06-01-2025T09:33:28 - [TEST_STEP][PASSED] - sendKeys(testObject, Keys.chord(BACK_SPACE)): Keys 'BACK_SPACE + ' sent to object: 'Object Repository/Master Data/Admin Sekolah/Akun Bank/Edit Akun Bank/Field Nama Akun Bank'

06-01-2025T09:33:29 - [MESSAGE][PASSED] - Keys 'BACK_SPACE + ' sent to object: 'Object Repository/Master Data/Admin Sekolah/Akun Bank/Edit Akun Bank/Field Nama Akun Bank'

06-01-2025T09:33:29 - [TEST_STEP][PASSED] - setText(testObject, newText): Text 'Siti Pratama' is set on object 'Object Repository/Master Data/Admin Sekolah/Akun Bank/Edit Akun Bank/Field Nama Akun Bank'

06-01-2025T09:33:29 - [MESSAGE][PASSED] - Text 'Siti Pratama' is set on object 'Object Repository/Master Data/Admin Sekolah/Akun Bank/Edit Akun Bank/Field Nama Akun Bank'

06-01-2025T09:33:29 - [TEST_STEP][PASSED] - initialAccountNumber = generateRandomData("64", 10): null

06-01-2025T09:33:29 - [TEST_STEP][PASSED] - random = new java.util.Random(): null

06-01-2025T09:33:29 - [TEST_STEP][PASSED] - result = prefix: null

06-01-2025T09:33:29 - [TEST_STEP][PASSED] - for ([i = 0, i < length, (i++)]): null

06-01-2025T09:33:29 - [TEST_STEP][PASSED] - result += random.nextInt(10): null

06-01-2025T09:33:29 - [TEST_STEP][PASSED] - result += random.nextInt(10): null

06-01-2025T09:33:29 - [TEST_STEP][PASSED] - result += random.nextInt(10): null

06-01-2025T09:33:29 - [TEST_STEP][PASSED] - result += random.nextInt(10): null

06-01-2025T09:33:29 - [TEST_STEP][PASSED] - result += random.nextInt(10): null

06-01-2025T09:33:29 - [TEST_STEP][PASSED] - result += random.nextInt(10): null

06-01-2025T09:33:29 - [TEST_STEP][PASSED] - result += random.nextInt(10): null

06-01-2025T09:33:29 - [TEST_STEP][PASSED] - result += random.nextInt(10): null

06-01-2025T09:33:29 - [TEST_STEP][PASSED] - result += random.nextInt(10): null

06-01-2025T09:33:29 - [TEST_STEP][PASSED] - result += random.nextInt(10): null

06-01-2025T09:33:29 - [TEST_STEP][PASSED] - return result: null

06-01-2025T09:33:29 - [TEST_STEP][PASSED] - attempt = 0: null

06-01-2025T09:33:29 - [TEST_STEP][PASSED] - isSaved = false: null

06-01-2025T09:33:29 - [TEST_STEP][PASSED] - maxAttempts = 5: null

06-01-2025T09:33:29 - [TEST_STEP][PASSED] - while (!(isSaved) && attempt < maxAttempts): null

06-01-2025T09:33:29 - [TEST_STEP][PASSED] - (attempt++): null

06-01-2025T09:33:29 - [TEST_STEP][PASSED] - println(Percobaan ke-$attempt): null

06-01-2025T09:33:29 - [TEST_STEP][PASSED] - clearAndSetText(findTestObject("Master Data/Admin Sekolah/Akun Bank/Edit Akun Bank/Field Nomor Rekening Bank"), initialAccountNumber): null

06-01-2025T09:33:29 - [TEST_STEP][PASSED] - sendKeys(testObject, Keys.chord(CONTROL, "a")): Keys 'CONTROL + a' sent to object: 'Object Repository/Master Data/Admin Sekolah/Akun Bank/Edit Akun Bank/Field Nomor Rekening Bank'

06-01-2025T09:33:30 - [MESSAGE][PASSED] - Keys 'CONTROL + a' sent to object: 'Object Repository/Master Data/Admin Sekolah/Akun Bank/Edit Akun Bank/Field Nomor Rekening Bank'

06-01-2025T09:33:30 - [TEST_STEP][PASSED] - sendKeys(testObject, Keys.chord(BACK_SPACE)): Keys 'BACK_SPACE + ' sent to object: 'Object Repository/Master Data/Admin Sekolah/Akun Bank/Edit Akun Bank/Field Nomor Rekening Bank'

06-01-2025T09:33:30 - [MESSAGE][PASSED] - Keys 'BACK_SPACE + ' sent to object: 'Object Repository/Master Data/Admin Sekolah/Akun Bank/Edit Akun Bank/Field Nomor Rekening Bank'

06-01-2025T09:33:30 - [TEST_STEP][PASSED] - setText(testObject, newText): null

06-01-2025T09:33:30 - [MESSAGE][PASSED] - Text '648955498494' is set on object 'Object Repository/Master Data/Admin Sekolah/Akun Bank/Edit Akun Bank/Field Nomor Rekening Bank'

06-01-2025T09:33:30 - [TEST_STEP][PASSED] - click(findTestObject("Master Data/Admin Sekolah/Akun Bank/Edit Akun Bank/Button Simpan")): Object: 'Object Repository/Master Data/Admin Sekolah/Akun Bank/Edit Akun Bank/Button Simpan' is clicked on

06-01-2025T09:33:31 - [MESSAGE][PASSED] - Object: 'Object Repository/Master Data/Admin Sekolah/Akun Bank/Edit Akun Bank/Button Simpan' is clicked on

06-01-2025T09:33:31 - [TEST_STEP][PASSED] - if (verifyElementVisible(findTestObject("Master Data/Admin Sekolah/Akun Bank/Edit Akun Bank/Toast Notification Error Nomor Rekening Sudah Terdaftar"), OPTIONAL)): Unable to verify object is visible (Root cause: com.kms.katalon.core.exception.StepFailedException: Unable to verify object is visible
	at com.kms.katalon.core.webui.keyword.internal.WebUIKeywordMain.stepFailed(WebUIKeywordMain.groovy:117)
	at com.kms.katalon.core.webui.keyword.internal.WebUIKeywordMain.runKeyword(WebUIKeywordMain.groovy:43)
	at com.kms.katalon.core.webui.keyword.builtin.VerifyElementVisibleKeyword.verifyElementVisible(VerifyElementVisibleKeyword.groovy:97)
	at com.kms.katalon.core.webui.keyword.builtin.VerifyElementVisibleKeyword.execute(VerifyElementVisibleKeyword.groovy:67)
	at com.kms.katalon.core.keyword.internal.KeywordExecutor.executeKeywordForPlatform(KeywordExecutor.groovy:74)
	at com.kms.katalon.core.webui.keyword.WebUiBuiltInKeywords.verifyElementVisible(WebUiBuiltInKeywords.groovy:438)
	at Edit Akun Bank.run(Edit Akun Bank:76)
	at com.kms.katalon.core.main.ScriptEngine.run(ScriptEngine.java:194)
	at com.kms.katalon.core.main.ScriptEngine.runScriptAsRawText(ScriptEngine.java:119)
	at com.kms.katalon.core.main.TestCaseExecutor.runScript(TestCaseExecutor.java:448)
	at com.kms.katalon.core.main.TestCaseExecutor.doExecute(TestCaseExecutor.java:439)
	at com.kms.katalon.core.main.TestCaseExecutor.processExecutionPhase(TestCaseExecutor.java:418)
	at com.kms.katalon.core.main.TestCaseExecutor.accessMainPhase(TestCaseExecutor.java:410)
	at com.kms.katalon.core.main.TestCaseExecutor.execute(TestCaseExecutor.java:285)
	at com.kms.katalon.core.main.TestCaseMain.runTestCase(TestCaseMain.java:133)
	at com.kms.katalon.core.keyword.builtin.CallTestCaseKeyword$_callTestCase_closure1.doCall(CallTestCaseKeyword.groovy:59)
	at com.kms.katalon.core.keyword.builtin.CallTestCaseKeyword$_callTestCase_closure1.call(CallTestCaseKeyword.groovy)
	at com.kms.katalon.core.keyword.internal.KeywordMain.runKeyword(KeywordMain.groovy:75)
	at com.kms.katalon.core.keyword.builtin.CallTestCaseKeyword.callTestCase(CallTestCaseKeyword.groovy:81)
	at com.kms.katalon.core.keyword.builtin.CallTestCaseKeyword.execute(CallTestCaseKeyword.groovy:44)
	at com.kms.katalon.core.keyword.internal.KeywordExecutor.executeKeywordForPlatform(KeywordExecutor.groovy:74)
	at com.kms.katalon.core.keyword.BuiltinKeywords.callTestCase(BuiltinKeywords.groovy:310)
	at java.base/jdk.internal.reflect.NativeMethodAccessorImpl.invoke0(Native Method)
	at java.base/jdk.internal.reflect.NativeMethodAccessorImpl.invoke(NativeMethodAccessorImpl.java:77)
	at java.base/jdk.internal.reflect.DelegatingMethodAccessorImpl.invoke(DelegatingMethodAccessorImpl.java:43)
	at Regresi Akun Bank.run(Regresi Akun Bank:26)
	at com.kms.katalon.core.main.ScriptEngine.run(ScriptEngine.java:194)
	at com.kms.katalon.core.main.ScriptEngine.runScriptAsRawText(ScriptEngine.java:119)
	at com.kms.katalon.core.main.TestCaseExecutor.runScript(TestCaseExecutor.java:448)
	at com.kms.katalon.core.main.TestCaseExecutor.doExecute(TestCaseExecutor.java:439)
	at com.kms.katalon.core.main.TestCaseExecutor.processExecutionPhase(TestCaseExecutor.java:418)
	at com.kms.katalon.core.main.TestCaseExecutor.accessMainPhase(TestCaseExecutor.java:410)
	at com.kms.katalon.core.main.TestCaseExecutor.execute(TestCaseExecutor.java:285)
	at com.kms.katalon.core.common.CommonExecutor.accessTestCaseMainPhase(CommonExecutor.java:65)
	at com.kms.katalon.core.main.TestSuiteExecutor.accessTestSuiteMainPhase(TestSuiteExecutor.java:161)
	at com.kms.katalon.core.main.TestSuiteExecutor.execute(TestSuiteExecutor.java:107)
	at com.kms.katalon.core.main.TestCaseMain.startTestSuite(TestCaseMain.java:176)
	at TempTestSuite1736130766400.run(TempTestSuite1736130766400.groovy:35)
	at java.base/jdk.internal.reflect.NativeMethodAccessorImpl.invoke0(Native Method)
	at java.base/jdk.internal.reflect.NativeMethodAccessorImpl.invoke(NativeMethodAccessorImpl.java:77)
	at java.base/jdk.internal.reflect.DelegatingMethodAccessorImpl.invoke(DelegatingMethodAccessorImpl.java:43)
Caused by: java.lang.IllegalArgumentException: Object is null
	at com.kms.katalon.core.helper.KeywordHelper.checkTestObjectParameter(KeywordHelper.java:33)
	at com.kms.katalon.core.webui.keyword.builtin.VerifyElementVisibleKeyword$_verifyElementVisible_closure1.doCall(VerifyElementVisibleKeyword.groovy:75)
	at com.kms.katalon.core.webui.keyword.builtin.VerifyElementVisibleKeyword$_verifyElementVisible_closure1.call(VerifyElementVisibleKeyword.groovy)
	at com.kms.katalon.core.webui.keyword.internal.WebUIKeywordMain.runKeyword(WebUIKeywordMain.groovy:35)
	at com.kms.katalon.core.webui.keyword.builtin.VerifyElementVisibleKeyword.verifyElementVisible(VerifyElementVisibleKeyword.groovy:97)
	at com.kms.katalon.core.webui.keyword.builtin.VerifyElementVisibleKeyword.execute(VerifyElementVisibleKeyword.groovy:67)
	at com.kms.katalon.core.keyword.internal.KeywordExecutor.executeKeywordForPlatform(KeywordExecutor.groovy:74)
	at com.kms.katalon.core.webui.keyword.WebUiBuiltInKeywords.verifyElementVisible(WebUiBuiltInKeywords.groovy:438)
	at Script1733198752835.run(Script1733198752835.groovy:76)
	at com.kms.katalon.core.main.ScriptEngine.run(ScriptEngine.java:194)
	at com.kms.katalon.core.main.ScriptEngine.runScriptAsRawText(ScriptEngine.java:119)
	at com.kms.katalon.core.main.TestCaseExecutor.runScript(TestCaseExecutor.java:448)
	at com.kms.katalon.core.main.TestCaseExecutor.doExecute(TestCaseExecutor.java:439)
	at com.kms.katalon.core.main.TestCaseExecutor.processExecutionPhase(TestCaseExecutor.java:418)
	at com.kms.katalon.core.main.TestCaseExecutor.accessMainPhase(TestCaseExecutor.java:410)
	at com.kms.katalon.core.main.TestCaseExecutor.execute(TestCaseExecutor.java:285)
	at com.kms.katalon.core.main.TestCaseMain.runTestCase(TestCaseMain.java:133)
	at com.kms.katalon.core.keyword.builtin.CallTestCaseKeyword$_callTestCase_closure1.doCall(CallTestCaseKeyword.groovy:59)
	at com.kms.katalon.core.keyword.builtin.CallTestCaseKeyword$_callTestCase_closure1.call(CallTestCaseKeyword.groovy)
	at com.kms.katalon.core.keyword.internal.KeywordMain.runKeyword(KeywordMain.groovy:75)
	at com.kms.katalon.core.keyword.builtin.CallTestCaseKeyword.callTestCase(CallTestCaseKeyword.groovy:81)
	at com.kms.katalon.core.keyword.builtin.CallTestCaseKeyword.execute(CallTestCaseKeyword.groovy:44)
	at com.kms.katalon.core.keyword.internal.KeywordExecutor.executeKeywordForPlatform(KeywordExecutor.groovy:74)
	at com.kms.katalon.core.keyword.BuiltinKeywords.callTestCase(BuiltinKeywords.groovy:310)
	at java.base/jdk.internal.reflect.NativeMethodAccessorImpl.invoke0(Native Method)
	at java.base/jdk.internal.reflect.NativeMethodAccessorImpl.invoke(NativeMethodAccessorImpl.java:77)
	at java.base/jdk.internal.reflect.DelegatingMethodAccessorImpl.invoke(DelegatingMethodAccessorImpl.java:43)
	at Script1735746249821.run(Script1735746249821.groovy:26)
	... 15 more
)

06-01-2025T09:33:31 - [MESSAGE][WARNING] - Test object with id 'Object Repository/Master Data/Admin Sekolah/Akun Bank/Edit Akun Bank/Toast Notification Error Nomor Rekening Sudah Terdaftar' does not exist

06-01-2025T09:33:31 - [MESSAGE][WARNING] - Test object with id 'Object Repository/' does not exist

06-01-2025T09:33:31 - [MESSAGE][WARNING] - Unable to verify object is visible (Root cause: com.kms.katalon.core.exception.StepFailedException: Unable to verify object is visible
	at com.kms.katalon.core.webui.keyword.internal.WebUIKeywordMain.stepFailed(WebUIKeywordMain.groovy:117)
	at com.kms.katalon.core.webui.keyword.internal.WebUIKeywordMain.runKeyword(WebUIKeywordMain.groovy:43)
	at com.kms.katalon.core.webui.keyword.builtin.VerifyElementVisibleKeyword.verifyElementVisible(VerifyElementVisibleKeyword.groovy:97)
	at com.kms.katalon.core.webui.keyword.builtin.VerifyElementVisibleKeyword.execute(VerifyElementVisibleKeyword.groovy:67)
	at com.kms.katalon.core.keyword.internal.KeywordExecutor.executeKeywordForPlatform(KeywordExecutor.groovy:74)
	at com.kms.katalon.core.webui.keyword.WebUiBuiltInKeywords.verifyElementVisible(WebUiBuiltInKeywords.groovy:438)
	at Edit Akun Bank.run(Edit Akun Bank:76)
	at com.kms.katalon.core.main.ScriptEngine.run(ScriptEngine.java:194)
	at com.kms.katalon.core.main.ScriptEngine.runScriptAsRawText(ScriptEngine.java:119)
	at com.kms.katalon.core.main.TestCaseExecutor.runScript(TestCaseExecutor.java:448)
	at com.kms.katalon.core.main.TestCaseExecutor.doExecute(TestCaseExecutor.java:439)
	at com.kms.katalon.core.main.TestCaseExecutor.processExecutionPhase(TestCaseExecutor.java:418)
	at com.kms.katalon.core.main.TestCaseExecutor.accessMainPhase(TestCaseExecutor.java:410)
	at com.kms.katalon.core.main.TestCaseExecutor.execute(TestCaseExecutor.java:285)
	at com.kms.katalon.core.main.TestCaseMain.runTestCase(TestCaseMain.java:133)
	at com.kms.katalon.core.keyword.builtin.CallTestCaseKeyword$_callTestCase_closure1.doCall(CallTestCaseKeyword.groovy:59)
	at com.kms.katalon.core.keyword.builtin.CallTestCaseKeyword$_callTestCase_closure1.call(CallTestCaseKeyword.groovy)
	at com.kms.katalon.core.keyword.internal.KeywordMain.runKeyword(KeywordMain.groovy:75)
	at com.kms.katalon.core.keyword.builtin.CallTestCaseKeyword.callTestCase(CallTestCaseKeyword.groovy:81)
	at com.kms.katalon.core.keyword.builtin.CallTestCaseKeyword.execute(CallTestCaseKeyword.groovy:44)
	at com.kms.katalon.core.keyword.internal.KeywordExecutor.executeKeywordForPlatform(KeywordExecutor.groovy:74)
	at com.kms.katalon.core.keyword.BuiltinKeywords.callTestCase(BuiltinKeywords.groovy:310)
	at java.base/jdk.internal.reflect.NativeMethodAccessorImpl.invoke0(Native Method)
	at java.base/jdk.internal.reflect.NativeMethodAccessorImpl.invoke(NativeMethodAccessorImpl.java:77)
	at java.base/jdk.internal.reflect.DelegatingMethodAccessorImpl.invoke(DelegatingMethodAccessorImpl.java:43)
	at Regresi Akun Bank.run(Regresi Akun Bank:26)
	at com.kms.katalon.core.main.ScriptEngine.run(ScriptEngine.java:194)
	at com.kms.katalon.core.main.ScriptEngine.runScriptAsRawText(ScriptEngine.java:119)
	at com.kms.katalon.core.main.TestCaseExecutor.runScript(TestCaseExecutor.java:448)
	at com.kms.katalon.core.main.TestCaseExecutor.doExecute(TestCaseExecutor.java:439)
	at com.kms.katalon.core.main.TestCaseExecutor.processExecutionPhase(TestCaseExecutor.java:418)
	at com.kms.katalon.core.main.TestCaseExecutor.accessMainPhase(TestCaseExecutor.java:410)
	at com.kms.katalon.core.main.TestCaseExecutor.execute(TestCaseExecutor.java:285)
	at com.kms.katalon.core.common.CommonExecutor.accessTestCaseMainPhase(CommonExecutor.java:65)
	at com.kms.katalon.core.main.TestSuiteExecutor.accessTestSuiteMainPhase(TestSuiteExecutor.java:161)
	at com.kms.katalon.core.main.TestSuiteExecutor.execute(TestSuiteExecutor.java:107)
	at com.kms.katalon.core.main.TestCaseMain.startTestSuite(TestCaseMain.java:176)
	at TempTestSuite1736130766400.run(TempTestSuite1736130766400.groovy:35)
	at java.base/jdk.internal.reflect.NativeMethodAccessorImpl.invoke0(Native Method)
	at java.base/jdk.internal.reflect.NativeMethodAccessorImpl.invoke(NativeMethodAccessorImpl.java:77)
	at java.base/jdk.internal.reflect.DelegatingMethodAccessorImpl.invoke(DelegatingMethodAccessorImpl.java:43)
Caused by: java.lang.IllegalArgumentException: Object is null
	at com.kms.katalon.core.helper.KeywordHelper.checkTestObjectParameter(KeywordHelper.java:33)
	at com.kms.katalon.core.webui.keyword.builtin.VerifyElementVisibleKeyword$_verifyElementVisible_closure1.doCall(VerifyElementVisibleKeyword.groovy:75)
	at com.kms.katalon.core.webui.keyword.builtin.VerifyElementVisibleKeyword$_verifyElementVisible_closure1.call(VerifyElementVisibleKeyword.groovy)
	at com.kms.katalon.core.webui.keyword.internal.WebUIKeywordMain.runKeyword(WebUIKeywordMain.groovy:35)
	at com.kms.katalon.core.webui.keyword.builtin.VerifyElementVisibleKeyword.verifyElementVisible(VerifyElementVisibleKeyword.groovy:97)
	at com.kms.katalon.core.webui.keyword.builtin.VerifyElementVisibleKeyword.execute(VerifyElementVisibleKeyword.groovy:67)
	at com.kms.katalon.core.keyword.internal.KeywordExecutor.executeKeywordForPlatform(KeywordExecutor.groovy:74)
	at com.kms.katalon.core.webui.keyword.WebUiBuiltInKeywords.verifyElementVisible(WebUiBuiltInKeywords.groovy:438)
	at Script1733198752835.run(Script1733198752835.groovy:76)
	at com.kms.katalon.core.main.ScriptEngine.run(ScriptEngine.java:194)
	at com.kms.katalon.core.main.ScriptEngine.runScriptAsRawText(ScriptEngine.java:119)
	at com.kms.katalon.core.main.TestCaseExecutor.runScript(TestCaseExecutor.java:448)
	at com.kms.katalon.core.main.TestCaseExecutor.doExecute(TestCaseExecutor.java:439)
	at com.kms.katalon.core.main.TestCaseExecutor.processExecutionPhase(TestCaseExecutor.java:418)
	at com.kms.katalon.core.main.TestCaseExecutor.accessMainPhase(TestCaseExecutor.java:410)
	at com.kms.katalon.core.main.TestCaseExecutor.execute(TestCaseExecutor.java:285)
	at com.kms.katalon.core.main.TestCaseMain.runTestCase(TestCaseMain.java:133)
	at com.kms.katalon.core.keyword.builtin.CallTestCaseKeyword$_callTestCase_closure1.doCall(CallTestCaseKeyword.groovy:59)
	at com.kms.katalon.core.keyword.builtin.CallTestCaseKeyword$_callTestCase_closure1.call(CallTestCaseKeyword.groovy)
	at com.kms.katalon.core.keyword.internal.KeywordMain.runKeyword(KeywordMain.groovy:75)
	at com.kms.katalon.core.keyword.builtin.CallTestCaseKeyword.callTestCase(CallTestCaseKeyword.groovy:81)
	at com.kms.katalon.core.keyword.builtin.CallTestCaseKeyword.execute(CallTestCaseKeyword.groovy:44)
	at com.kms.katalon.core.keyword.internal.KeywordExecutor.executeKeywordForPlatform(KeywordExecutor.groovy:74)
	at com.kms.katalon.core.keyword.BuiltinKeywords.callTestCase(BuiltinKeywords.groovy:310)
	at java.base/jdk.internal.reflect.NativeMethodAccessorImpl.invoke0(Native Method)
	at java.base/jdk.internal.reflect.NativeMethodAccessorImpl.invoke(NativeMethodAccessorImpl.java:77)
	at java.base/jdk.internal.reflect.DelegatingMethodAccessorImpl.invoke(DelegatingMethodAccessorImpl.java:43)
	at Script1735746249821.run(Script1735746249821.groovy:26)
	... 15 more
)
[[ATTACHMENT|C:\\Users\\henri\\Videos\\school-payment-automation-testing\\Reports\\20250106_093246\\Regresi All Sprint\\20250106_093246\\1736130811243.png]]

06-01-2025T09:33:31 - [TEST_STEP][PASSED] - else: null

06-01-2025T09:33:31 - [TEST_STEP][PASSED] - isSaved = true: null

06-01-2025T09:33:31 - [TEST_STEP][PASSED] - println("Data berhasil disimpan."): null

06-01-2025T09:33:31 - [TEST_STEP][PASSED] - if (isSaved): Object 'Object Repository/Master Data/Admin Sekolah/Akun Bank/Edit Akun Bank/Toast Notification Data Berhasil Diubah' is visible

06-01-2025T09:33:31 - [TEST_STEP][PASSED] - verifyElementVisible(findTestObject("Master Data/Admin Sekolah/Akun Bank/Edit Akun Bank/Toast Notification Data Berhasil Diubah"), STOP_ON_FAILURE): Object 'Object Repository/Master Data/Admin Sekolah/Akun Bank/Edit Akun Bank/Toast Notification Data Berhasil Diubah' is visible

06-01-2025T09:33:31 - [MESSAGE][PASSED] - Object 'Object Repository/Master Data/Admin Sekolah/Akun Bank/Edit Akun Bank/Toast Notification Data Berhasil Diubah' is visible

06-01-2025T09:33:31 - [TEST_STEP][PASSED] - closeBrowser(): Browser is closed

06-01-2025T09:33:32 - [MESSAGE][PASSED] - Browser is closed

06-01-2025T09:33:32 - [MESSAGE][PASSED] - Call Test Case 'Test Cases/Master Data/Admin Sekolah/Master Data Akun Bank/Edit Akun Bank' successfully

06-01-2025T09:33:32 - [TEST_STEP][PASSED] - println("============================= Loop Again ==============================="): null

06-01-2025T09:33:32 - [TEST_STEP][PASSED] - callTestCase(findTestCase("Master Data/Admin Sekolah/Master Data Akun Bank/Tambah Akun Bank"), [:], CONTINUE_ON_FAILURE): Call Test Case 'Test Cases/Master Data/Admin Sekolah/Master Data Akun Bank/Tambah Akun Bank' successfully

06-01-2025T09:33:32 - [TEST_CASE][PASSED] - Test Cases/Master Data/Admin Sekolah/Master Data Akun Bank/Tambah Akun Bank: Test Cases/Master Data/Admin Sekolah/Master Data Akun Bank/Tambah Akun Bank

06-01-2025T09:33:32 - [TEST_STEP][PASSED] - openBrowser("", CONTINUE_ON_FAILURE): Browser is opened with url: ''

06-01-2025T09:33:32 - [MESSAGE][INFO] - Starting 'Chrome' driver

06-01-2025T09:33:32 - [MESSAGE][INFO] - Action delay is set to 0 milliseconds

06-01-2025T09:33:33 - [MESSAGE][PASSED] - Browser is opened with url: ''

06-01-2025T09:33:33 - [TEST_STEP][PASSED] - maximizeWindow(): Current window maximized

06-01-2025T09:33:33 - [MESSAGE][PASSED] - Current window maximized

06-01-2025T09:33:33 - [TEST_STEP][PASSED] - navigateToUrl("https://sit.siprusedu.com/login", CONTINUE_ON_FAILURE): Navigate to 'https://sit.siprusedu.com/login' successfully

06-01-2025T09:33:33 - [MESSAGE][PASSED] - Navigate to 'https://sit.siprusedu.com/login' successfully

06-01-2025T09:33:33 - [TEST_STEP][PASSED] - click(findTestObject("Master Data/Admin Sekolah/Login/Field Email"), CONTINUE_ON_FAILURE): Object: 'Object Repository/Master Data/Admin Sekolah/Login/Field Email' is clicked on

06-01-2025T09:33:35 - [MESSAGE][PASSED] - Object: 'Object Repository/Master Data/Admin Sekolah/Login/Field Email' is clicked on

06-01-2025T09:33:35 - [TEST_STEP][PASSED] - setText(findTestObject("Master Data/Admin Sekolah/Login/Field Email"), "admin.gudangsolusi@digiform.co.id", CONTINUE_ON_FAILURE): Text 'admin.gudangsolusi@digiform.co.id' is set on object 'Object Repository/Master Data/Admin Sekolah/Login/Field Email'

06-01-2025T09:33:35 - [MESSAGE][PASSED] - Text 'admin.gudangsolusi@digiform.co.id' is set on object 'Object Repository/Master Data/Admin Sekolah/Login/Field Email'

06-01-2025T09:33:35 - [TEST_STEP][PASSED] - click(findTestObject("Master Data/Admin Sekolah/Login/Input Password"), CONTINUE_ON_FAILURE): Object: 'Object Repository/Master Data/Admin Sekolah/Login/Input Password' is clicked on

06-01-2025T09:33:36 - [MESSAGE][PASSED] - Object: 'Object Repository/Master Data/Admin Sekolah/Login/Input Password' is clicked on

06-01-2025T09:33:36 - [TEST_STEP][PASSED] - setText(findTestObject("Master Data/Admin Sekolah/Login/Input Password"), "Test1234", CONTINUE_ON_FAILURE): Text 'Test1234' is set on object 'Object Repository/Master Data/Admin Sekolah/Login/Input Password'

06-01-2025T09:33:36 - [MESSAGE][PASSED] - Text 'Test1234' is set on object 'Object Repository/Master Data/Admin Sekolah/Login/Input Password'

06-01-2025T09:33:36 - [TEST_STEP][PASSED] - click(findTestObject("Master Data/Admin Sekolah/Login/Button Submit"), CONTINUE_ON_FAILURE): Object: 'Object Repository/Master Data/Admin Sekolah/Login/Button Submit' is clicked on

06-01-2025T09:33:36 - [MESSAGE][PASSED] - Object: 'Object Repository/Master Data/Admin Sekolah/Login/Button Submit' is clicked on

06-01-2025T09:33:36 - [TEST_STEP][PASSED] - click(findTestObject("Master Data/Admin Sekolah/Tagihan/Master Data Menu"), CONTINUE_ON_FAILURE): Object: 'Object Repository/Master Data/Admin Sekolah/Tagihan/Master Data Menu' is clicked on

06-01-2025T09:33:38 - [MESSAGE][PASSED] - Object: 'Object Repository/Master Data/Admin Sekolah/Tagihan/Master Data Menu' is clicked on

06-01-2025T09:33:38 - [TEST_STEP][PASSED] - click(findTestObject("Master Data/Admin Sekolah/Akun Bank/Menu Akun Bank"), CONTINUE_ON_FAILURE): Object: 'Object Repository/Master Data/Admin Sekolah/Akun Bank/Menu Akun Bank' is clicked on

06-01-2025T09:33:39 - [MESSAGE][PASSED] - Object: 'Object Repository/Master Data/Admin Sekolah/Akun Bank/Menu Akun Bank' is clicked on

06-01-2025T09:33:39 - [TEST_STEP][PASSED] - click(findTestObject("Master Data/Admin Sekolah/Akun Bank/Button Tambah Akun Bank"), CONTINUE_ON_FAILURE): Object: 'Object Repository/Master Data/Admin Sekolah/Akun Bank/Button Tambah Akun Bank' is clicked on

06-01-2025T09:33:39 - [MESSAGE][PASSED] - Object: 'Object Repository/Master Data/Admin Sekolah/Akun Bank/Button Tambah Akun Bank' is clicked on

06-01-2025T09:33:39 - [TEST_STEP][PASSED] - click(findTestObject("Master Data/Admin Sekolah/Akun Bank/Tambah Akun Bank/Dropdown Pilih Nama Bank"), CONTINUE_ON_FAILURE): Object: 'Object Repository/Master Data/Admin Sekolah/Akun Bank/Tambah Akun Bank/Dropdown Pilih Nama Bank' is clicked on

06-01-2025T09:33:40 - [MESSAGE][PASSED] - Object: 'Object Repository/Master Data/Admin Sekolah/Akun Bank/Tambah Akun Bank/Dropdown Pilih Nama Bank' is clicked on

06-01-2025T09:33:40 - [TEST_STEP][PASSED] - click(findTestObject("Master Data/Admin Sekolah/Akun Bank/Tambah Akun Bank/Pilih Dropdown Nama Bank"), CONTINUE_ON_FAILURE): Object: 'Object Repository/Master Data/Admin Sekolah/Akun Bank/Tambah Akun Bank/Pilih Dropdown Nama Bank' is clicked on

06-01-2025T09:33:40 - [MESSAGE][PASSED] - Object: 'Object Repository/Master Data/Admin Sekolah/Akun Bank/Tambah Akun Bank/Pilih Dropdown Nama Bank' is clicked on

06-01-2025T09:33:40 - [TEST_STEP][PASSED] - randomName = generateRandomName(): null

06-01-2025T09:33:40 - [TEST_STEP][PASSED] - firstNames = ["John", "Jane", "Michael", "Sarah", "David", "Emily", "Rafael", "Sophia"]: null

06-01-2025T09:33:40 - [TEST_STEP][PASSED] - lastNames = ["Doe", "Smith", "Johnson", "Williams", "Brown", "Davis", "Taylor", "Wilson"]: null

06-01-2025T09:33:40 - [TEST_STEP][PASSED] - random = new java.util.Random(): null

06-01-2025T09:33:40 - [TEST_STEP][PASSED] - firstName = firstNames[random.nextInt(firstNames.size())]: null

06-01-2025T09:33:40 - [TEST_STEP][PASSED] - lastName = lastNames[random.nextInt(lastNames.size())]: null

06-01-2025T09:33:40 - [TEST_STEP][PASSED] - return ((firstName +  ) + lastName): null

06-01-2025T09:33:40 - [TEST_STEP][PASSED] - println("Generated random name: " + randomName): null

06-01-2025T09:33:40 - [TEST_STEP][PASSED] - setText(findTestObject("Master Data/Admin Sekolah/Akun Bank/Tambah Akun Bank/Set Text Nama Rekening"), randomName, CONTINUE_ON_FAILURE): Text 'Emily Davis' is set on object 'Object Repository/Master Data/Admin Sekolah/Akun Bank/Tambah Akun Bank/Set Text Nama Rekening'

06-01-2025T09:33:41 - [MESSAGE][PASSED] - Text 'Emily Davis' is set on object 'Object Repository/Master Data/Admin Sekolah/Akun Bank/Tambah Akun Bank/Set Text Nama Rekening'

06-01-2025T09:33:41 - [TEST_STEP][PASSED] - nomorRekeningList = []: null

06-01-2025T09:33:41 - [TEST_STEP][PASSED] - for ([i = 0, i < 5, (i++)]): null

06-01-2025T09:33:41 - [TEST_STEP][PASSED] - nomorRekeningList.add(generateRandomAccountNumber(10)): null

06-01-2025T09:33:41 - [TEST_STEP][PASSED] - random = new java.util.Random(): null

06-01-2025T09:33:41 - [TEST_STEP][PASSED] - accountNumber = new java.lang.StringBuilder(): null

06-01-2025T09:33:41 - [TEST_STEP][PASSED] - for ([i = 0, i < length, (i++)]): null

06-01-2025T09:33:41 - [TEST_STEP][PASSED] - accountNumber.append(random.nextInt(10)): null

06-01-2025T09:33:41 - [TEST_STEP][PASSED] - accountNumber.append(random.nextInt(10)): null

06-01-2025T09:33:41 - [TEST_STEP][PASSED] - accountNumber.append(random.nextInt(10)): null

06-01-2025T09:33:41 - [TEST_STEP][PASSED] - accountNumber.append(random.nextInt(10)): null

06-01-2025T09:33:41 - [TEST_STEP][PASSED] - accountNumber.append(random.nextInt(10)): null

06-01-2025T09:33:41 - [TEST_STEP][PASSED] - accountNumber.append(random.nextInt(10)): null

06-01-2025T09:33:41 - [TEST_STEP][PASSED] - accountNumber.append(random.nextInt(10)): null

06-01-2025T09:33:41 - [TEST_STEP][PASSED] - accountNumber.append(random.nextInt(10)): null

06-01-2025T09:33:41 - [TEST_STEP][PASSED] - accountNumber.append(random.nextInt(10)): null

06-01-2025T09:33:41 - [TEST_STEP][PASSED] - accountNumber.append(random.nextInt(10)): null

06-01-2025T09:33:41 - [TEST_STEP][PASSED] - return accountNumber.toString(): null

06-01-2025T09:33:41 - [TEST_STEP][PASSED] - nomorRekeningList.add(generateRandomAccountNumber(10)): null

06-01-2025T09:33:41 - [TEST_STEP][PASSED] - random = new java.util.Random(): null

06-01-2025T09:33:41 - [TEST_STEP][PASSED] - accountNumber = new java.lang.StringBuilder(): null

06-01-2025T09:33:41 - [TEST_STEP][PASSED] - for ([i = 0, i < length, (i++)]): null

06-01-2025T09:33:41 - [TEST_STEP][PASSED] - accountNumber.append(random.nextInt(10)): null

06-01-2025T09:33:41 - [TEST_STEP][PASSED] - accountNumber.append(random.nextInt(10)): null

06-01-2025T09:33:41 - [TEST_STEP][PASSED] - accountNumber.append(random.nextInt(10)): null

06-01-2025T09:33:41 - [TEST_STEP][PASSED] - accountNumber.append(random.nextInt(10)): null

06-01-2025T09:33:41 - [TEST_STEP][PASSED] - accountNumber.append(random.nextInt(10)): null

06-01-2025T09:33:41 - [TEST_STEP][PASSED] - accountNumber.append(random.nextInt(10)): null

06-01-2025T09:33:41 - [TEST_STEP][PASSED] - accountNumber.append(random.nextInt(10)): null

06-01-2025T09:33:41 - [TEST_STEP][PASSED] - accountNumber.append(random.nextInt(10)): null

06-01-2025T09:33:41 - [TEST_STEP][PASSED] - accountNumber.append(random.nextInt(10)): null

06-01-2025T09:33:41 - [TEST_STEP][PASSED] - accountNumber.append(random.nextInt(10)): null

06-01-2025T09:33:41 - [TEST_STEP][PASSED] - return accountNumber.toString(): null

06-01-2025T09:33:41 - [TEST_STEP][PASSED] - nomorRekeningList.add(generateRandomAccountNumber(10)): null

06-01-2025T09:33:41 - [TEST_STEP][PASSED] - random = new java.util.Random(): null

06-01-2025T09:33:41 - [TEST_STEP][PASSED] - accountNumber = new java.lang.StringBuilder(): null

06-01-2025T09:33:41 - [TEST_STEP][PASSED] - for ([i = 0, i < length, (i++)]): null

06-01-2025T09:33:41 - [TEST_STEP][PASSED] - accountNumber.append(random.nextInt(10)): null

06-01-2025T09:33:41 - [TEST_STEP][PASSED] - accountNumber.append(random.nextInt(10)): null

06-01-2025T09:33:41 - [TEST_STEP][PASSED] - accountNumber.append(random.nextInt(10)): null

06-01-2025T09:33:41 - [TEST_STEP][PASSED] - accountNumber.append(random.nextInt(10)): null

06-01-2025T09:33:41 - [TEST_STEP][PASSED] - accountNumber.append(random.nextInt(10)): null

06-01-2025T09:33:41 - [TEST_STEP][PASSED] - accountNumber.append(random.nextInt(10)): null

06-01-2025T09:33:41 - [TEST_STEP][PASSED] - accountNumber.append(random.nextInt(10)): null

06-01-2025T09:33:41 - [TEST_STEP][PASSED] - accountNumber.append(random.nextInt(10)): null

06-01-2025T09:33:41 - [TEST_STEP][PASSED] - accountNumber.append(random.nextInt(10)): null

06-01-2025T09:33:41 - [TEST_STEP][PASSED] - accountNumber.append(random.nextInt(10)): null

06-01-2025T09:33:41 - [TEST_STEP][PASSED] - return accountNumber.toString(): null

06-01-2025T09:33:41 - [TEST_STEP][PASSED] - nomorRekeningList.add(generateRandomAccountNumber(10)): null

06-01-2025T09:33:41 - [TEST_STEP][PASSED] - random = new java.util.Random(): null

06-01-2025T09:33:41 - [TEST_STEP][PASSED] - accountNumber = new java.lang.StringBuilder(): null

06-01-2025T09:33:41 - [TEST_STEP][PASSED] - for ([i = 0, i < length, (i++)]): null

06-01-2025T09:33:41 - [TEST_STEP][PASSED] - accountNumber.append(random.nextInt(10)): null

06-01-2025T09:33:41 - [TEST_STEP][PASSED] - accountNumber.append(random.nextInt(10)): null

06-01-2025T09:33:41 - [TEST_STEP][PASSED] - accountNumber.append(random.nextInt(10)): null

06-01-2025T09:33:41 - [TEST_STEP][PASSED] - accountNumber.append(random.nextInt(10)): null

06-01-2025T09:33:41 - [TEST_STEP][PASSED] - accountNumber.append(random.nextInt(10)): null

06-01-2025T09:33:41 - [TEST_STEP][PASSED] - accountNumber.append(random.nextInt(10)): null

06-01-2025T09:33:41 - [TEST_STEP][PASSED] - accountNumber.append(random.nextInt(10)): null

06-01-2025T09:33:41 - [TEST_STEP][PASSED] - accountNumber.append(random.nextInt(10)): null

06-01-2025T09:33:41 - [TEST_STEP][PASSED] - accountNumber.append(random.nextInt(10)): null

06-01-2025T09:33:41 - [TEST_STEP][PASSED] - accountNumber.append(random.nextInt(10)): null

06-01-2025T09:33:41 - [TEST_STEP][PASSED] - return accountNumber.toString(): null

06-01-2025T09:33:41 - [TEST_STEP][PASSED] - nomorRekeningList.add(generateRandomAccountNumber(10)): null

06-01-2025T09:33:41 - [TEST_STEP][PASSED] - random = new java.util.Random(): null

06-01-2025T09:33:41 - [TEST_STEP][PASSED] - accountNumber = new java.lang.StringBuilder(): null

06-01-2025T09:33:41 - [TEST_STEP][PASSED] - for ([i = 0, i < length, (i++)]): null

06-01-2025T09:33:41 - [TEST_STEP][PASSED] - accountNumber.append(random.nextInt(10)): null

06-01-2025T09:33:41 - [TEST_STEP][PASSED] - accountNumber.append(random.nextInt(10)): null

06-01-2025T09:33:41 - [TEST_STEP][PASSED] - accountNumber.append(random.nextInt(10)): null

06-01-2025T09:33:41 - [TEST_STEP][PASSED] - accountNumber.append(random.nextInt(10)): null

06-01-2025T09:33:41 - [TEST_STEP][PASSED] - accountNumber.append(random.nextInt(10)): null

06-01-2025T09:33:41 - [TEST_STEP][PASSED] - accountNumber.append(random.nextInt(10)): null

06-01-2025T09:33:41 - [TEST_STEP][PASSED] - accountNumber.append(random.nextInt(10)): null

06-01-2025T09:33:41 - [TEST_STEP][PASSED] - accountNumber.append(random.nextInt(10)): null

06-01-2025T09:33:41 - [TEST_STEP][PASSED] - accountNumber.append(random.nextInt(10)): null

06-01-2025T09:33:41 - [TEST_STEP][PASSED] - accountNumber.append(random.nextInt(10)): null

06-01-2025T09:33:41 - [TEST_STEP][PASSED] - return accountNumber.toString(): null

06-01-2025T09:33:41 - [TEST_STEP][PASSED] - isErrorPresent = true: null

06-01-2025T09:33:41 - [TEST_STEP][PASSED] - for (String nomorRekening : nomorRekeningList): null

06-01-2025T09:33:41 - [TEST_STEP][PASSED] - inputNomorRekening(nomorRekening): null

06-01-2025T09:33:41 - [TEST_STEP][PASSED] - fieldNomorRekening = findTestObject("Master Data/Admin Sekolah/Akun Bank/Tambah Akun Bank/Set Text Nomor Rekening"): null

06-01-2025T09:33:41 - [TEST_STEP][PASSED] - clearTextUntilEmpty(fieldNomorRekening): null

06-01-2025T09:33:41 - [TEST_STEP][PASSED] - attempt = 0: null

06-01-2025T09:33:41 - [TEST_STEP][PASSED] - while (attempt < maxAttempts): null

06-01-2025T09:33:41 - [TEST_STEP][PASSED] - clearText(field, CONTINUE_ON_FAILURE): Text of object 'Object Repository/Master Data/Admin Sekolah/Akun Bank/Tambah Akun Bank/Set Text Nomor Rekening' is cleared

06-01-2025T09:33:41 - [MESSAGE][PASSED] - Text of object 'Object Repository/Master Data/Admin Sekolah/Akun Bank/Tambah Akun Bank/Set Text Nomor Rekening' is cleared

06-01-2025T09:33:41 - [TEST_STEP][PASSED] - delay(0.5): Delayed 0.5 second(s)

06-01-2025T09:33:42 - [MESSAGE][PASSED] - Delayed 0.5 second(s)

06-01-2025T09:33:42 - [TEST_STEP][PASSED] - currentText = getAttribute(field, "value", CONTINUE_ON_FAILURE): Attribute 'value' of object 'Object Repository/Master Data/Admin Sekolah/Akun Bank/Tambah Akun Bank/Set Text Nomor Rekening' is: ''

06-01-2025T09:33:42 - [MESSAGE][PASSED] - Attribute 'value' of object 'Object Repository/Master Data/Admin Sekolah/Akun Bank/Tambah Akun Bank/Set Text Nomor Rekening' is: ''

06-01-2025T09:33:42 - [TEST_STEP][PASSED] - if (currentText.isEmpty()): null

06-01-2025T09:33:42 - [TEST_STEP][PASSED] - comment("Field berhasil dikosongkan setelah " + attempt + 1 + " percobaan."): Field berhasil dikosongkan setelah 1 percobaan.

06-01-2025T09:33:42 - [MESSAGE][INFO] - Field berhasil dikosongkan setelah 1 percobaan.

06-01-2025T09:33:42 - [TEST_STEP][PASSED] - break: null

06-01-2025T09:33:42 - [TEST_STEP][PASSED] - setText(fieldNomorRekening, nomorRekening): null

06-01-2025T09:33:43 - [MESSAGE][PASSED] - Text '7747666890' is set on object 'Object Repository/Master Data/Admin Sekolah/Akun Bank/Tambah Akun Bank/Set Text Nomor Rekening'

06-01-2025T09:33:43 - [TEST_STEP][PASSED] - pilihKepemilikanDropdown(): null

06-01-2025T09:33:43 - [TEST_STEP][PASSED] - click(findTestObject("Master Data/Admin Sekolah/Akun Bank/Tambah Akun Bank/Dropdown Kepemilikan"), CONTINUE_ON_FAILURE): Object: 'Object Repository/Master Data/Admin Sekolah/Akun Bank/Tambah Akun Bank/Dropdown Kepemilikan' is clicked on

06-01-2025T09:33:43 - [MESSAGE][PASSED] - Object: 'Object Repository/Master Data/Admin Sekolah/Akun Bank/Tambah Akun Bank/Dropdown Kepemilikan' is clicked on

06-01-2025T09:33:43 - [TEST_STEP][PASSED] - click(findTestObject("Master Data/Admin Sekolah/Akun Bank/Tambah Akun Bank/Pilih Dropdown Kepemilikan"), CONTINUE_ON_FAILURE): null

06-01-2025T09:33:44 - [MESSAGE][PASSED] - Object: 'Object Repository/Master Data/Admin Sekolah/Akun Bank/Tambah Akun Bank/Pilih Dropdown Kepemilikan' is clicked on

06-01-2025T09:33:44 - [TEST_STEP][PASSED] - click(findTestObject("Master Data/Admin Sekolah/Akun Bank/Tambah Akun Bank/Button Submit"), CONTINUE_ON_FAILURE): Object: 'Object Repository/Master Data/Admin Sekolah/Akun Bank/Tambah Akun Bank/Button Submit' is clicked on

06-01-2025T09:33:44 - [MESSAGE][PASSED] - Object: 'Object Repository/Master Data/Admin Sekolah/Akun Bank/Tambah Akun Bank/Button Submit' is clicked on

06-01-2025T09:33:44 - [TEST_STEP][PASSED] - isErrorPresent = verifyTextPresent("Nomor rekening sudah terdaftar", false, OPTIONAL): Text 'Nomor rekening sudah terdaftar' is not present on page  (Root cause: com.kms.katalon.core.exception.StepFailedException: Text 'Nomor rekening sudah terdaftar' is not present on page 
	at com.kms.katalon.core.webui.keyword.internal.WebUIKeywordMain.stepFailed(WebUIKeywordMain.groovy:117)
	at com.kms.katalon.core.webui.keyword.builtin.VerifyTextPresentKeyword$_verifyTextPresent_closure1.doCall(VerifyTextPresentKeyword.groovy:79)
	at com.kms.katalon.core.webui.keyword.builtin.VerifyTextPresentKeyword$_verifyTextPresent_closure1.call(VerifyTextPresentKeyword.groovy)
	at com.kms.katalon.core.webui.keyword.internal.WebUIKeywordMain.runKeyword(WebUIKeywordMain.groovy:35)
	at com.kms.katalon.core.webui.keyword.builtin.VerifyTextPresentKeyword.verifyTextPresent(VerifyTextPresentKeyword.groovy:83)
	at com.kms.katalon.core.webui.keyword.builtin.VerifyTextPresentKeyword.execute(VerifyTextPresentKeyword.groovy:68)
	at com.kms.katalon.core.keyword.internal.KeywordExecutor.executeKeywordForPlatform(KeywordExecutor.groovy:74)
	at com.kms.katalon.core.webui.keyword.WebUiBuiltInKeywords.verifyTextPresent(WebUiBuiltInKeywords.groovy:1783)
	at Tambah Akun Bank.run(Tambah Akun Bank:84)
	at com.kms.katalon.core.main.ScriptEngine.run(ScriptEngine.java:194)
	at com.kms.katalon.core.main.ScriptEngine.runScriptAsRawText(ScriptEngine.java:119)
	at com.kms.katalon.core.main.TestCaseExecutor.runScript(TestCaseExecutor.java:448)
	at com.kms.katalon.core.main.TestCaseExecutor.doExecute(TestCaseExecutor.java:439)
	at com.kms.katalon.core.main.TestCaseExecutor.processExecutionPhase(TestCaseExecutor.java:418)
	at com.kms.katalon.core.main.TestCaseExecutor.accessMainPhase(TestCaseExecutor.java:410)
	at com.kms.katalon.core.main.TestCaseExecutor.execute(TestCaseExecutor.java:285)
	at com.kms.katalon.core.main.TestCaseMain.runTestCase(TestCaseMain.java:133)
	at com.kms.katalon.core.keyword.builtin.CallTestCaseKeyword$_callTestCase_closure1.doCall(CallTestCaseKeyword.groovy:59)
	at com.kms.katalon.core.keyword.builtin.CallTestCaseKeyword$_callTestCase_closure1.call(CallTestCaseKeyword.groovy)
	at com.kms.katalon.core.keyword.internal.KeywordMain.runKeyword(KeywordMain.groovy:75)
	at com.kms.katalon.core.keyword.builtin.CallTestCaseKeyword.callTestCase(CallTestCaseKeyword.groovy:81)
	at com.kms.katalon.core.keyword.builtin.CallTestCaseKeyword.execute(CallTestCaseKeyword.groovy:44)
	at com.kms.katalon.core.keyword.internal.KeywordExecutor.executeKeywordForPlatform(KeywordExecutor.groovy:74)
	at com.kms.katalon.core.keyword.BuiltinKeywords.callTestCase(BuiltinKeywords.groovy:310)
	at java.base/jdk.internal.reflect.NativeMethodAccessorImpl.invoke0(Native Method)
	at java.base/jdk.internal.reflect.NativeMethodAccessorImpl.invoke(NativeMethodAccessorImpl.java:77)
	at java.base/jdk.internal.reflect.DelegatingMethodAccessorImpl.invoke(DelegatingMethodAccessorImpl.java:43)
	at Regresi Akun Bank.run(Regresi Akun Bank:22)
	at com.kms.katalon.core.main.ScriptEngine.run(ScriptEngine.java:194)
	at com.kms.katalon.core.main.ScriptEngine.runScriptAsRawText(ScriptEngine.java:119)
	at com.kms.katalon.core.main.TestCaseExecutor.runScript(TestCaseExecutor.java:448)
	at com.kms.katalon.core.main.TestCaseExecutor.doExecute(TestCaseExecutor.java:439)
	at com.kms.katalon.core.main.TestCaseExecutor.processExecutionPhase(TestCaseExecutor.java:418)
	at com.kms.katalon.core.main.TestCaseExecutor.accessMainPhase(TestCaseExecutor.java:410)
	at com.kms.katalon.core.main.TestCaseExecutor.execute(TestCaseExecutor.java:285)
	at com.kms.katalon.core.common.CommonExecutor.accessTestCaseMainPhase(CommonExecutor.java:65)
	at com.kms.katalon.core.main.TestSuiteExecutor.accessTestSuiteMainPhase(TestSuiteExecutor.java:161)
	at com.kms.katalon.core.main.TestSuiteExecutor.execute(TestSuiteExecutor.java:107)
	at com.kms.katalon.core.main.TestCaseMain.startTestSuite(TestCaseMain.java:176)
	at TempTestSuite1736130766400.run(TempTestSuite1736130766400.groovy:35)
	at java.base/jdk.internal.reflect.NativeMethodAccessorImpl.invoke0(Native Method)
	at java.base/jdk.internal.reflect.NativeMethodAccessorImpl.invoke(NativeMethodAccessorImpl.java:77)
	at java.base/jdk.internal.reflect.DelegatingMethodAccessorImpl.invoke(DelegatingMethodAccessorImpl.java:43)
)

06-01-2025T09:33:45 - [MESSAGE][WARNING] - Text 'Nomor rekening sudah terdaftar' is not present on page  (Root cause: com.kms.katalon.core.exception.StepFailedException: Text 'Nomor rekening sudah terdaftar' is not present on page 
	at com.kms.katalon.core.webui.keyword.internal.WebUIKeywordMain.stepFailed(WebUIKeywordMain.groovy:117)
	at com.kms.katalon.core.webui.keyword.builtin.VerifyTextPresentKeyword$_verifyTextPresent_closure1.doCall(VerifyTextPresentKeyword.groovy:79)
	at com.kms.katalon.core.webui.keyword.builtin.VerifyTextPresentKeyword$_verifyTextPresent_closure1.call(VerifyTextPresentKeyword.groovy)
	at com.kms.katalon.core.webui.keyword.internal.WebUIKeywordMain.runKeyword(WebUIKeywordMain.groovy:35)
	at com.kms.katalon.core.webui.keyword.builtin.VerifyTextPresentKeyword.verifyTextPresent(VerifyTextPresentKeyword.groovy:83)
	at com.kms.katalon.core.webui.keyword.builtin.VerifyTextPresentKeyword.execute(VerifyTextPresentKeyword.groovy:68)
	at com.kms.katalon.core.keyword.internal.KeywordExecutor.executeKeywordForPlatform(KeywordExecutor.groovy:74)
	at com.kms.katalon.core.webui.keyword.WebUiBuiltInKeywords.verifyTextPresent(WebUiBuiltInKeywords.groovy:1783)
	at Tambah Akun Bank.run(Tambah Akun Bank:84)
	at com.kms.katalon.core.main.ScriptEngine.run(ScriptEngine.java:194)
	at com.kms.katalon.core.main.ScriptEngine.runScriptAsRawText(ScriptEngine.java:119)
	at com.kms.katalon.core.main.TestCaseExecutor.runScript(TestCaseExecutor.java:448)
	at com.kms.katalon.core.main.TestCaseExecutor.doExecute(TestCaseExecutor.java:439)
	at com.kms.katalon.core.main.TestCaseExecutor.processExecutionPhase(TestCaseExecutor.java:418)
	at com.kms.katalon.core.main.TestCaseExecutor.accessMainPhase(TestCaseExecutor.java:410)
	at com.kms.katalon.core.main.TestCaseExecutor.execute(TestCaseExecutor.java:285)
	at com.kms.katalon.core.main.TestCaseMain.runTestCase(TestCaseMain.java:133)
	at com.kms.katalon.core.keyword.builtin.CallTestCaseKeyword$_callTestCase_closure1.doCall(CallTestCaseKeyword.groovy:59)
	at com.kms.katalon.core.keyword.builtin.CallTestCaseKeyword$_callTestCase_closure1.call(CallTestCaseKeyword.groovy)
	at com.kms.katalon.core.keyword.internal.KeywordMain.runKeyword(KeywordMain.groovy:75)
	at com.kms.katalon.core.keyword.builtin.CallTestCaseKeyword.callTestCase(CallTestCaseKeyword.groovy:81)
	at com.kms.katalon.core.keyword.builtin.CallTestCaseKeyword.execute(CallTestCaseKeyword.groovy:44)
	at com.kms.katalon.core.keyword.internal.KeywordExecutor.executeKeywordForPlatform(KeywordExecutor.groovy:74)
	at com.kms.katalon.core.keyword.BuiltinKeywords.callTestCase(BuiltinKeywords.groovy:310)
	at java.base/jdk.internal.reflect.NativeMethodAccessorImpl.invoke0(Native Method)
	at java.base/jdk.internal.reflect.NativeMethodAccessorImpl.invoke(NativeMethodAccessorImpl.java:77)
	at java.base/jdk.internal.reflect.DelegatingMethodAccessorImpl.invoke(DelegatingMethodAccessorImpl.java:43)
	at Regresi Akun Bank.run(Regresi Akun Bank:22)
	at com.kms.katalon.core.main.ScriptEngine.run(ScriptEngine.java:194)
	at com.kms.katalon.core.main.ScriptEngine.runScriptAsRawText(ScriptEngine.java:119)
	at com.kms.katalon.core.main.TestCaseExecutor.runScript(TestCaseExecutor.java:448)
	at com.kms.katalon.core.main.TestCaseExecutor.doExecute(TestCaseExecutor.java:439)
	at com.kms.katalon.core.main.TestCaseExecutor.processExecutionPhase(TestCaseExecutor.java:418)
	at com.kms.katalon.core.main.TestCaseExecutor.accessMainPhase(TestCaseExecutor.java:410)
	at com.kms.katalon.core.main.TestCaseExecutor.execute(TestCaseExecutor.java:285)
	at com.kms.katalon.core.common.CommonExecutor.accessTestCaseMainPhase(CommonExecutor.java:65)
	at com.kms.katalon.core.main.TestSuiteExecutor.accessTestSuiteMainPhase(TestSuiteExecutor.java:161)
	at com.kms.katalon.core.main.TestSuiteExecutor.execute(TestSuiteExecutor.java:107)
	at com.kms.katalon.core.main.TestCaseMain.startTestSuite(TestCaseMain.java:176)
	at TempTestSuite1736130766400.run(TempTestSuite1736130766400.groovy:35)
	at java.base/jdk.internal.reflect.NativeMethodAccessorImpl.invoke0(Native Method)
	at java.base/jdk.internal.reflect.NativeMethodAccessorImpl.invoke(NativeMethodAccessorImpl.java:77)
	at java.base/jdk.internal.reflect.DelegatingMethodAccessorImpl.invoke(DelegatingMethodAccessorImpl.java:43)
)

06-01-2025T09:33:45 - [TEST_STEP][PASSED] - if (!(isErrorPresent)): null

06-01-2025T09:33:45 - [TEST_STEP][PASSED] - verifyElementVisible(findTestObject("Master Data/Admin Sekolah/Akun Bank/Akun Bank Dashboard"), CONTINUE_ON_FAILURE): Object 'Object Repository/Master Data/Admin Sekolah/Akun Bank/Akun Bank Dashboard' is visible

06-01-2025T09:33:45 - [MESSAGE][PASSED] - Object 'Object Repository/Master Data/Admin Sekolah/Akun Bank/Akun Bank Dashboard' is visible

06-01-2025T09:33:45 - [TEST_STEP][PASSED] - break: null

06-01-2025T09:33:45 - [TEST_STEP][PASSED] - if (isErrorPresent): null

06-01-2025T09:33:45 - [TEST_STEP][PASSED] - else: Nomor rekening berhasil didaftarkan.

06-01-2025T09:33:45 - [TEST_STEP][PASSED] - comment("Nomor rekening berhasil didaftarkan."): Nomor rekening berhasil didaftarkan.

06-01-2025T09:33:45 - [MESSAGE][INFO] - Nomor rekening berhasil didaftarkan.

06-01-2025T09:33:45 - [MESSAGE][PASSED] - Call Test Case 'Test Cases/Master Data/Admin Sekolah/Master Data Akun Bank/Tambah Akun Bank' successfully

06-01-2025T09:33:45 - [TEST_STEP][PASSED] - callTestCase(findTestCase("Test Cases/Master Data/Admin Sekolah/Master Data Akun Bank/Edit Akun Bank"), [:], CONTINUE_ON_FAILURE): Call Test Case 'Test Cases/Master Data/Admin Sekolah/Master Data Akun Bank/Edit Akun Bank' successfully

06-01-2025T09:33:45 - [TEST_CASE][PASSED] - Test Cases/Master Data/Admin Sekolah/Master Data Akun Bank/Edit Akun Bank: Test Cases/Master Data/Admin Sekolah/Master Data Akun Bank/Edit Akun Bank

06-01-2025T09:33:45 - [TEST_STEP][PASSED] - openBrowser(""): Browser is opened with url: ''

06-01-2025T09:33:45 - [MESSAGE][WARNING] - A browser is already opened. Closing browser and opening a new one

06-01-2025T09:33:45 - [MESSAGE][INFO] - Starting 'Chrome' driver

06-01-2025T09:33:45 - [MESSAGE][INFO] - Action delay is set to 0 milliseconds

06-01-2025T09:33:46 - [MESSAGE][PASSED] - Browser is opened with url: ''

06-01-2025T09:33:46 - [TEST_STEP][PASSED] - maximizeWindow(): Current window maximized

06-01-2025T09:33:46 - [MESSAGE][PASSED] - Current window maximized

06-01-2025T09:33:46 - [TEST_STEP][PASSED] - navigateToUrl("https://sit.siprusedu.com/login"): Navigate to 'https://sit.siprusedu.com/login' successfully

06-01-2025T09:33:47 - [MESSAGE][PASSED] - Navigate to 'https://sit.siprusedu.com/login' successfully

06-01-2025T09:33:47 - [TEST_STEP][PASSED] - setText(findTestObject("Master Data/Admin Sekolah/Login/Field Email"), "admin.gudangsolusi@digiform.co.id"): Text 'admin.gudangsolusi@digiform.co.id' is set on object 'Object Repository/Master Data/Admin Sekolah/Login/Field Email'

06-01-2025T09:33:49 - [MESSAGE][PASSED] - Text 'admin.gudangsolusi@digiform.co.id' is set on object 'Object Repository/Master Data/Admin Sekolah/Login/Field Email'

06-01-2025T09:33:49 - [TEST_STEP][PASSED] - setText(findTestObject("Master Data/Admin Sekolah/Login/Input Password"), "Test1234"): Text 'Test1234' is set on object 'Object Repository/Master Data/Admin Sekolah/Login/Input Password'

06-01-2025T09:33:49 - [MESSAGE][PASSED] - Text 'Test1234' is set on object 'Object Repository/Master Data/Admin Sekolah/Login/Input Password'

06-01-2025T09:33:49 - [TEST_STEP][PASSED] - click(findTestObject("Master Data/Admin Sekolah/Login/Button Submit")): Object: 'Object Repository/Master Data/Admin Sekolah/Login/Button Submit' is clicked on

06-01-2025T09:33:49 - [MESSAGE][PASSED] - Object: 'Object Repository/Master Data/Admin Sekolah/Login/Button Submit' is clicked on

06-01-2025T09:33:49 - [TEST_STEP][PASSED] - click(findTestObject("Master Data/Admin Sekolah/Tagihan/Master Data Menu")): Object: 'Object Repository/Master Data/Admin Sekolah/Tagihan/Master Data Menu' is clicked on

06-01-2025T09:33:51 - [MESSAGE][PASSED] - Object: 'Object Repository/Master Data/Admin Sekolah/Tagihan/Master Data Menu' is clicked on

06-01-2025T09:33:51 - [TEST_STEP][PASSED] - click(findTestObject("Master Data/Admin Sekolah/Akun Bank/Menu Akun Bank")): Object: 'Object Repository/Master Data/Admin Sekolah/Akun Bank/Menu Akun Bank' is clicked on

06-01-2025T09:33:52 - [MESSAGE][PASSED] - Object: 'Object Repository/Master Data/Admin Sekolah/Akun Bank/Menu Akun Bank' is clicked on

06-01-2025T09:33:52 - [TEST_STEP][PASSED] - click(findTestObject("Master Data/Admin Sekolah/Akun Bank/Edit Akun Bank/Button Action")): Object: 'Object Repository/Master Data/Admin Sekolah/Akun Bank/Edit Akun Bank/Button Action' is clicked on

06-01-2025T09:33:53 - [MESSAGE][PASSED] - Object: 'Object Repository/Master Data/Admin Sekolah/Akun Bank/Edit Akun Bank/Button Action' is clicked on

06-01-2025T09:33:53 - [TEST_STEP][PASSED] - click(findTestObject("Master Data/Admin Sekolah/Akun Bank/Edit Akun Bank/Button Edit")): Object: 'Object Repository/Master Data/Admin Sekolah/Akun Bank/Edit Akun Bank/Button Edit' is clicked on

06-01-2025T09:33:53 - [MESSAGE][PASSED] - Object: 'Object Repository/Master Data/Admin Sekolah/Akun Bank/Edit Akun Bank/Button Edit' is clicked on

06-01-2025T09:33:53 - [TEST_STEP][PASSED] - click(findTestObject("Master Data/Admin Sekolah/Akun Bank/Edit Akun Bank/Dropdown Akun Bank")): Object: 'Object Repository/Master Data/Admin Sekolah/Akun Bank/Edit Akun Bank/Dropdown Akun Bank' is clicked on

06-01-2025T09:33:54 - [MESSAGE][PASSED] - Object: 'Object Repository/Master Data/Admin Sekolah/Akun Bank/Edit Akun Bank/Dropdown Akun Bank' is clicked on

06-01-2025T09:33:54 - [TEST_STEP][PASSED] - click(findTestObject("Master Data/Admin Sekolah/Akun Bank/Edit Akun Bank/Value Dropdown Akun Bank")): Object: 'Object Repository/Master Data/Admin Sekolah/Akun Bank/Edit Akun Bank/Value Dropdown Akun Bank' is clicked on

06-01-2025T09:33:54 - [MESSAGE][PASSED] - Object: 'Object Repository/Master Data/Admin Sekolah/Akun Bank/Edit Akun Bank/Value Dropdown Akun Bank' is clicked on

06-01-2025T09:33:54 - [TEST_STEP][PASSED] - clearAndSetText(findTestObject("Master Data/Admin Sekolah/Akun Bank/Edit Akun Bank/Field Nama Akun Bank"), generateRandomBankAccountName()): null

06-01-2025T09:33:54 - [TEST_STEP][PASSED] - firstNames = ["Pandu", "Budi", "Siti", "Andi", "Joko", "Rina", "Ari", "Maya"]: null

06-01-2025T09:33:54 - [TEST_STEP][PASSED] - lastNames = ["Wibisana", "Sari", "Pratama", "Santoso", "Putra", "Gunawan", "Sudarmaji", "Amir"]: null

06-01-2025T09:33:54 - [TEST_STEP][PASSED] - random = new java.util.Random(): null

06-01-2025T09:33:54 - [TEST_STEP][PASSED] - firstName = firstNames[random.nextInt(firstNames.size())]: null

06-01-2025T09:33:54 - [TEST_STEP][PASSED] - lastName = lastNames[random.nextInt(lastNames.size())]: null

06-01-2025T09:33:54 - [TEST_STEP][PASSED] - return ((firstName +  ) + lastName): null

06-01-2025T09:33:54 - [TEST_STEP][PASSED] - sendKeys(testObject, Keys.chord(CONTROL, "a")): Keys 'CONTROL + a' sent to object: 'Object Repository/Master Data/Admin Sekolah/Akun Bank/Edit Akun Bank/Field Nama Akun Bank'

06-01-2025T09:33:55 - [MESSAGE][PASSED] - Keys 'CONTROL + a' sent to object: 'Object Repository/Master Data/Admin Sekolah/Akun Bank/Edit Akun Bank/Field Nama Akun Bank'

06-01-2025T09:33:55 - [TEST_STEP][PASSED] - sendKeys(testObject, Keys.chord(BACK_SPACE)): Keys 'BACK_SPACE + ' sent to object: 'Object Repository/Master Data/Admin Sekolah/Akun Bank/Edit Akun Bank/Field Nama Akun Bank'

06-01-2025T09:33:55 - [MESSAGE][PASSED] - Keys 'BACK_SPACE + ' sent to object: 'Object Repository/Master Data/Admin Sekolah/Akun Bank/Edit Akun Bank/Field Nama Akun Bank'

06-01-2025T09:33:55 - [TEST_STEP][PASSED] - setText(testObject, newText): Text 'Budi Putra' is set on object 'Object Repository/Master Data/Admin Sekolah/Akun Bank/Edit Akun Bank/Field Nama Akun Bank'

06-01-2025T09:33:56 - [MESSAGE][PASSED] - Text 'Budi Putra' is set on object 'Object Repository/Master Data/Admin Sekolah/Akun Bank/Edit Akun Bank/Field Nama Akun Bank'

06-01-2025T09:33:56 - [TEST_STEP][PASSED] - initialAccountNumber = generateRandomData("64", 10): null

06-01-2025T09:33:56 - [TEST_STEP][PASSED] - random = new java.util.Random(): null

06-01-2025T09:33:56 - [TEST_STEP][PASSED] - result = prefix: null

06-01-2025T09:33:56 - [TEST_STEP][PASSED] - for ([i = 0, i < length, (i++)]): null

06-01-2025T09:33:56 - [TEST_STEP][PASSED] - result += random.nextInt(10): null

06-01-2025T09:33:56 - [TEST_STEP][PASSED] - result += random.nextInt(10): null

06-01-2025T09:33:56 - [TEST_STEP][PASSED] - result += random.nextInt(10): null

06-01-2025T09:33:56 - [TEST_STEP][PASSED] - result += random.nextInt(10): null

06-01-2025T09:33:56 - [TEST_STEP][PASSED] - result += random.nextInt(10): null

06-01-2025T09:33:56 - [TEST_STEP][PASSED] - result += random.nextInt(10): null

06-01-2025T09:33:56 - [TEST_STEP][PASSED] - result += random.nextInt(10): null

06-01-2025T09:33:56 - [TEST_STEP][PASSED] - result += random.nextInt(10): null

06-01-2025T09:33:56 - [TEST_STEP][PASSED] - result += random.nextInt(10): null

06-01-2025T09:33:56 - [TEST_STEP][PASSED] - result += random.nextInt(10): null

06-01-2025T09:33:56 - [TEST_STEP][PASSED] - return result: null

06-01-2025T09:33:56 - [TEST_STEP][PASSED] - attempt = 0: null

06-01-2025T09:33:56 - [TEST_STEP][PASSED] - isSaved = false: null

06-01-2025T09:33:56 - [TEST_STEP][PASSED] - maxAttempts = 5: null

06-01-2025T09:33:56 - [TEST_STEP][PASSED] - while (!(isSaved) && attempt < maxAttempts): null

06-01-2025T09:33:56 - [TEST_STEP][PASSED] - (attempt++): null

06-01-2025T09:33:56 - [TEST_STEP][PASSED] - println(Percobaan ke-$attempt): null

06-01-2025T09:33:56 - [TEST_STEP][PASSED] - clearAndSetText(findTestObject("Master Data/Admin Sekolah/Akun Bank/Edit Akun Bank/Field Nomor Rekening Bank"), initialAccountNumber): null

06-01-2025T09:33:56 - [TEST_STEP][PASSED] - sendKeys(testObject, Keys.chord(CONTROL, "a")): Keys 'CONTROL + a' sent to object: 'Object Repository/Master Data/Admin Sekolah/Akun Bank/Edit Akun Bank/Field Nomor Rekening Bank'

06-01-2025T09:33:56 - [MESSAGE][PASSED] - Keys 'CONTROL + a' sent to object: 'Object Repository/Master Data/Admin Sekolah/Akun Bank/Edit Akun Bank/Field Nomor Rekening Bank'

06-01-2025T09:33:56 - [TEST_STEP][PASSED] - sendKeys(testObject, Keys.chord(BACK_SPACE)): Keys 'BACK_SPACE + ' sent to object: 'Object Repository/Master Data/Admin Sekolah/Akun Bank/Edit Akun Bank/Field Nomor Rekening Bank'

06-01-2025T09:33:56 - [MESSAGE][PASSED] - Keys 'BACK_SPACE + ' sent to object: 'Object Repository/Master Data/Admin Sekolah/Akun Bank/Edit Akun Bank/Field Nomor Rekening Bank'

06-01-2025T09:33:56 - [TEST_STEP][PASSED] - setText(testObject, newText): null

06-01-2025T09:33:57 - [MESSAGE][PASSED] - Text '644686403626' is set on object 'Object Repository/Master Data/Admin Sekolah/Akun Bank/Edit Akun Bank/Field Nomor Rekening Bank'

06-01-2025T09:33:57 - [TEST_STEP][PASSED] - click(findTestObject("Master Data/Admin Sekolah/Akun Bank/Edit Akun Bank/Button Simpan")): Object: 'Object Repository/Master Data/Admin Sekolah/Akun Bank/Edit Akun Bank/Button Simpan' is clicked on

06-01-2025T09:33:57 - [MESSAGE][PASSED] - Object: 'Object Repository/Master Data/Admin Sekolah/Akun Bank/Edit Akun Bank/Button Simpan' is clicked on

06-01-2025T09:33:57 - [TEST_STEP][PASSED] - if (verifyElementVisible(findTestObject("Master Data/Admin Sekolah/Akun Bank/Edit Akun Bank/Toast Notification Error Nomor Rekening Sudah Terdaftar"), OPTIONAL)): Unable to verify object is visible (Root cause: com.kms.katalon.core.exception.StepFailedException: Unable to verify object is visible
	at com.kms.katalon.core.webui.keyword.internal.WebUIKeywordMain.stepFailed(WebUIKeywordMain.groovy:117)
	at com.kms.katalon.core.webui.keyword.internal.WebUIKeywordMain.runKeyword(WebUIKeywordMain.groovy:43)
	at com.kms.katalon.core.webui.keyword.builtin.VerifyElementVisibleKeyword.verifyElementVisible(VerifyElementVisibleKeyword.groovy:97)
	at com.kms.katalon.core.webui.keyword.builtin.VerifyElementVisibleKeyword.execute(VerifyElementVisibleKeyword.groovy:67)
	at com.kms.katalon.core.keyword.internal.KeywordExecutor.executeKeywordForPlatform(KeywordExecutor.groovy:74)
	at com.kms.katalon.core.webui.keyword.WebUiBuiltInKeywords.verifyElementVisible(WebUiBuiltInKeywords.groovy:438)
	at Edit Akun Bank.run(Edit Akun Bank:76)
	at com.kms.katalon.core.main.ScriptEngine.run(ScriptEngine.java:194)
	at com.kms.katalon.core.main.ScriptEngine.runScriptAsRawText(ScriptEngine.java:119)
	at com.kms.katalon.core.main.TestCaseExecutor.runScript(TestCaseExecutor.java:448)
	at com.kms.katalon.core.main.TestCaseExecutor.doExecute(TestCaseExecutor.java:439)
	at com.kms.katalon.core.main.TestCaseExecutor.processExecutionPhase(TestCaseExecutor.java:418)
	at com.kms.katalon.core.main.TestCaseExecutor.accessMainPhase(TestCaseExecutor.java:410)
	at com.kms.katalon.core.main.TestCaseExecutor.execute(TestCaseExecutor.java:285)
	at com.kms.katalon.core.main.TestCaseMain.runTestCase(TestCaseMain.java:133)
	at com.kms.katalon.core.keyword.builtin.CallTestCaseKeyword$_callTestCase_closure1.doCall(CallTestCaseKeyword.groovy:59)
	at com.kms.katalon.core.keyword.builtin.CallTestCaseKeyword$_callTestCase_closure1.call(CallTestCaseKeyword.groovy)
	at com.kms.katalon.core.keyword.internal.KeywordMain.runKeyword(KeywordMain.groovy:75)
	at com.kms.katalon.core.keyword.builtin.CallTestCaseKeyword.callTestCase(CallTestCaseKeyword.groovy:81)
	at com.kms.katalon.core.keyword.builtin.CallTestCaseKeyword.execute(CallTestCaseKeyword.groovy:44)
	at com.kms.katalon.core.keyword.internal.KeywordExecutor.executeKeywordForPlatform(KeywordExecutor.groovy:74)
	at com.kms.katalon.core.keyword.BuiltinKeywords.callTestCase(BuiltinKeywords.groovy:310)
	at java.base/jdk.internal.reflect.NativeMethodAccessorImpl.invoke0(Native Method)
	at java.base/jdk.internal.reflect.NativeMethodAccessorImpl.invoke(NativeMethodAccessorImpl.java:77)
	at java.base/jdk.internal.reflect.DelegatingMethodAccessorImpl.invoke(DelegatingMethodAccessorImpl.java:43)
	at Regresi Akun Bank.run(Regresi Akun Bank:26)
	at com.kms.katalon.core.main.ScriptEngine.run(ScriptEngine.java:194)
	at com.kms.katalon.core.main.ScriptEngine.runScriptAsRawText(ScriptEngine.java:119)
	at com.kms.katalon.core.main.TestCaseExecutor.runScript(TestCaseExecutor.java:448)
	at com.kms.katalon.core.main.TestCaseExecutor.doExecute(TestCaseExecutor.java:439)
	at com.kms.katalon.core.main.TestCaseExecutor.processExecutionPhase(TestCaseExecutor.java:418)
	at com.kms.katalon.core.main.TestCaseExecutor.accessMainPhase(TestCaseExecutor.java:410)
	at com.kms.katalon.core.main.TestCaseExecutor.execute(TestCaseExecutor.java:285)
	at com.kms.katalon.core.common.CommonExecutor.accessTestCaseMainPhase(CommonExecutor.java:65)
	at com.kms.katalon.core.main.TestSuiteExecutor.accessTestSuiteMainPhase(TestSuiteExecutor.java:161)
	at com.kms.katalon.core.main.TestSuiteExecutor.execute(TestSuiteExecutor.java:107)
	at com.kms.katalon.core.main.TestCaseMain.startTestSuite(TestCaseMain.java:176)
	at TempTestSuite1736130766400.run(TempTestSuite1736130766400.groovy:35)
	at java.base/jdk.internal.reflect.NativeMethodAccessorImpl.invoke0(Native Method)
	at java.base/jdk.internal.reflect.NativeMethodAccessorImpl.invoke(NativeMethodAccessorImpl.java:77)
	at java.base/jdk.internal.reflect.DelegatingMethodAccessorImpl.invoke(DelegatingMethodAccessorImpl.java:43)
Caused by: java.lang.IllegalArgumentException: Object is null
	at com.kms.katalon.core.helper.KeywordHelper.checkTestObjectParameter(KeywordHelper.java:33)
	at com.kms.katalon.core.webui.keyword.builtin.VerifyElementVisibleKeyword$_verifyElementVisible_closure1.doCall(VerifyElementVisibleKeyword.groovy:75)
	at com.kms.katalon.core.webui.keyword.builtin.VerifyElementVisibleKeyword$_verifyElementVisible_closure1.call(VerifyElementVisibleKeyword.groovy)
	at com.kms.katalon.core.webui.keyword.internal.WebUIKeywordMain.runKeyword(WebUIKeywordMain.groovy:35)
	at com.kms.katalon.core.webui.keyword.builtin.VerifyElementVisibleKeyword.verifyElementVisible(VerifyElementVisibleKeyword.groovy:97)
	at com.kms.katalon.core.webui.keyword.builtin.VerifyElementVisibleKeyword.execute(VerifyElementVisibleKeyword.groovy:67)
	at com.kms.katalon.core.keyword.internal.KeywordExecutor.executeKeywordForPlatform(KeywordExecutor.groovy:74)
	at com.kms.katalon.core.webui.keyword.WebUiBuiltInKeywords.verifyElementVisible(WebUiBuiltInKeywords.groovy:438)
	at Script1733198752835.run(Script1733198752835.groovy:76)
	at com.kms.katalon.core.main.ScriptEngine.run(ScriptEngine.java:194)
	at com.kms.katalon.core.main.ScriptEngine.runScriptAsRawText(ScriptEngine.java:119)
	at com.kms.katalon.core.main.TestCaseExecutor.runScript(TestCaseExecutor.java:448)
	at com.kms.katalon.core.main.TestCaseExecutor.doExecute(TestCaseExecutor.java:439)
	at com.kms.katalon.core.main.TestCaseExecutor.processExecutionPhase(TestCaseExecutor.java:418)
	at com.kms.katalon.core.main.TestCaseExecutor.accessMainPhase(TestCaseExecutor.java:410)
	at com.kms.katalon.core.main.TestCaseExecutor.execute(TestCaseExecutor.java:285)
	at com.kms.katalon.core.main.TestCaseMain.runTestCase(TestCaseMain.java:133)
	at com.kms.katalon.core.keyword.builtin.CallTestCaseKeyword$_callTestCase_closure1.doCall(CallTestCaseKeyword.groovy:59)
	at com.kms.katalon.core.keyword.builtin.CallTestCaseKeyword$_callTestCase_closure1.call(CallTestCaseKeyword.groovy)
	at com.kms.katalon.core.keyword.internal.KeywordMain.runKeyword(KeywordMain.groovy:75)
	at com.kms.katalon.core.keyword.builtin.CallTestCaseKeyword.callTestCase(CallTestCaseKeyword.groovy:81)
	at com.kms.katalon.core.keyword.builtin.CallTestCaseKeyword.execute(CallTestCaseKeyword.groovy:44)
	at com.kms.katalon.core.keyword.internal.KeywordExecutor.executeKeywordForPlatform(KeywordExecutor.groovy:74)
	at com.kms.katalon.core.keyword.BuiltinKeywords.callTestCase(BuiltinKeywords.groovy:310)
	at java.base/jdk.internal.reflect.NativeMethodAccessorImpl.invoke0(Native Method)
	at java.base/jdk.internal.reflect.NativeMethodAccessorImpl.invoke(NativeMethodAccessorImpl.java:77)
	at java.base/jdk.internal.reflect.DelegatingMethodAccessorImpl.invoke(DelegatingMethodAccessorImpl.java:43)
	at Script1735746249821.run(Script1735746249821.groovy:26)
	... 15 more
)

06-01-2025T09:33:57 - [MESSAGE][WARNING] - Test object with id 'Object Repository/Master Data/Admin Sekolah/Akun Bank/Edit Akun Bank/Toast Notification Error Nomor Rekening Sudah Terdaftar' does not exist

06-01-2025T09:33:57 - [MESSAGE][WARNING] - Test object with id 'Object Repository/' does not exist

06-01-2025T09:33:57 - [MESSAGE][WARNING] - Unable to verify object is visible (Root cause: com.kms.katalon.core.exception.StepFailedException: Unable to verify object is visible
	at com.kms.katalon.core.webui.keyword.internal.WebUIKeywordMain.stepFailed(WebUIKeywordMain.groovy:117)
	at com.kms.katalon.core.webui.keyword.internal.WebUIKeywordMain.runKeyword(WebUIKeywordMain.groovy:43)
	at com.kms.katalon.core.webui.keyword.builtin.VerifyElementVisibleKeyword.verifyElementVisible(VerifyElementVisibleKeyword.groovy:97)
	at com.kms.katalon.core.webui.keyword.builtin.VerifyElementVisibleKeyword.execute(VerifyElementVisibleKeyword.groovy:67)
	at com.kms.katalon.core.keyword.internal.KeywordExecutor.executeKeywordForPlatform(KeywordExecutor.groovy:74)
	at com.kms.katalon.core.webui.keyword.WebUiBuiltInKeywords.verifyElementVisible(WebUiBuiltInKeywords.groovy:438)
	at Edit Akun Bank.run(Edit Akun Bank:76)
	at com.kms.katalon.core.main.ScriptEngine.run(ScriptEngine.java:194)
	at com.kms.katalon.core.main.ScriptEngine.runScriptAsRawText(ScriptEngine.java:119)
	at com.kms.katalon.core.main.TestCaseExecutor.runScript(TestCaseExecutor.java:448)
	at com.kms.katalon.core.main.TestCaseExecutor.doExecute(TestCaseExecutor.java:439)
	at com.kms.katalon.core.main.TestCaseExecutor.processExecutionPhase(TestCaseExecutor.java:418)
	at com.kms.katalon.core.main.TestCaseExecutor.accessMainPhase(TestCaseExecutor.java:410)
	at com.kms.katalon.core.main.TestCaseExecutor.execute(TestCaseExecutor.java:285)
	at com.kms.katalon.core.main.TestCaseMain.runTestCase(TestCaseMain.java:133)
	at com.kms.katalon.core.keyword.builtin.CallTestCaseKeyword$_callTestCase_closure1.doCall(CallTestCaseKeyword.groovy:59)
	at com.kms.katalon.core.keyword.builtin.CallTestCaseKeyword$_callTestCase_closure1.call(CallTestCaseKeyword.groovy)
	at com.kms.katalon.core.keyword.internal.KeywordMain.runKeyword(KeywordMain.groovy:75)
	at com.kms.katalon.core.keyword.builtin.CallTestCaseKeyword.callTestCase(CallTestCaseKeyword.groovy:81)
	at com.kms.katalon.core.keyword.builtin.CallTestCaseKeyword.execute(CallTestCaseKeyword.groovy:44)
	at com.kms.katalon.core.keyword.internal.KeywordExecutor.executeKeywordForPlatform(KeywordExecutor.groovy:74)
	at com.kms.katalon.core.keyword.BuiltinKeywords.callTestCase(BuiltinKeywords.groovy:310)
	at java.base/jdk.internal.reflect.NativeMethodAccessorImpl.invoke0(Native Method)
	at java.base/jdk.internal.reflect.NativeMethodAccessorImpl.invoke(NativeMethodAccessorImpl.java:77)
	at java.base/jdk.internal.reflect.DelegatingMethodAccessorImpl.invoke(DelegatingMethodAccessorImpl.java:43)
	at Regresi Akun Bank.run(Regresi Akun Bank:26)
	at com.kms.katalon.core.main.ScriptEngine.run(ScriptEngine.java:194)
	at com.kms.katalon.core.main.ScriptEngine.runScriptAsRawText(ScriptEngine.java:119)
	at com.kms.katalon.core.main.TestCaseExecutor.runScript(TestCaseExecutor.java:448)
	at com.kms.katalon.core.main.TestCaseExecutor.doExecute(TestCaseExecutor.java:439)
	at com.kms.katalon.core.main.TestCaseExecutor.processExecutionPhase(TestCaseExecutor.java:418)
	at com.kms.katalon.core.main.TestCaseExecutor.accessMainPhase(TestCaseExecutor.java:410)
	at com.kms.katalon.core.main.TestCaseExecutor.execute(TestCaseExecutor.java:285)
	at com.kms.katalon.core.common.CommonExecutor.accessTestCaseMainPhase(CommonExecutor.java:65)
	at com.kms.katalon.core.main.TestSuiteExecutor.accessTestSuiteMainPhase(TestSuiteExecutor.java:161)
	at com.kms.katalon.core.main.TestSuiteExecutor.execute(TestSuiteExecutor.java:107)
	at com.kms.katalon.core.main.TestCaseMain.startTestSuite(TestCaseMain.java:176)
	at TempTestSuite1736130766400.run(TempTestSuite1736130766400.groovy:35)
	at java.base/jdk.internal.reflect.NativeMethodAccessorImpl.invoke0(Native Method)
	at java.base/jdk.internal.reflect.NativeMethodAccessorImpl.invoke(NativeMethodAccessorImpl.java:77)
	at java.base/jdk.internal.reflect.DelegatingMethodAccessorImpl.invoke(DelegatingMethodAccessorImpl.java:43)
Caused by: java.lang.IllegalArgumentException: Object is null
	at com.kms.katalon.core.helper.KeywordHelper.checkTestObjectParameter(KeywordHelper.java:33)
	at com.kms.katalon.core.webui.keyword.builtin.VerifyElementVisibleKeyword$_verifyElementVisible_closure1.doCall(VerifyElementVisibleKeyword.groovy:75)
	at com.kms.katalon.core.webui.keyword.builtin.VerifyElementVisibleKeyword$_verifyElementVisible_closure1.call(VerifyElementVisibleKeyword.groovy)
	at com.kms.katalon.core.webui.keyword.internal.WebUIKeywordMain.runKeyword(WebUIKeywordMain.groovy:35)
	at com.kms.katalon.core.webui.keyword.builtin.VerifyElementVisibleKeyword.verifyElementVisible(VerifyElementVisibleKeyword.groovy:97)
	at com.kms.katalon.core.webui.keyword.builtin.VerifyElementVisibleKeyword.execute(VerifyElementVisibleKeyword.groovy:67)
	at com.kms.katalon.core.keyword.internal.KeywordExecutor.executeKeywordForPlatform(KeywordExecutor.groovy:74)
	at com.kms.katalon.core.webui.keyword.WebUiBuiltInKeywords.verifyElementVisible(WebUiBuiltInKeywords.groovy:438)
	at Script1733198752835.run(Script1733198752835.groovy:76)
	at com.kms.katalon.core.main.ScriptEngine.run(ScriptEngine.java:194)
	at com.kms.katalon.core.main.ScriptEngine.runScriptAsRawText(ScriptEngine.java:119)
	at com.kms.katalon.core.main.TestCaseExecutor.runScript(TestCaseExecutor.java:448)
	at com.kms.katalon.core.main.TestCaseExecutor.doExecute(TestCaseExecutor.java:439)
	at com.kms.katalon.core.main.TestCaseExecutor.processExecutionPhase(TestCaseExecutor.java:418)
	at com.kms.katalon.core.main.TestCaseExecutor.accessMainPhase(TestCaseExecutor.java:410)
	at com.kms.katalon.core.main.TestCaseExecutor.execute(TestCaseExecutor.java:285)
	at com.kms.katalon.core.main.TestCaseMain.runTestCase(TestCaseMain.java:133)
	at com.kms.katalon.core.keyword.builtin.CallTestCaseKeyword$_callTestCase_closure1.doCall(CallTestCaseKeyword.groovy:59)
	at com.kms.katalon.core.keyword.builtin.CallTestCaseKeyword$_callTestCase_closure1.call(CallTestCaseKeyword.groovy)
	at com.kms.katalon.core.keyword.internal.KeywordMain.runKeyword(KeywordMain.groovy:75)
	at com.kms.katalon.core.keyword.builtin.CallTestCaseKeyword.callTestCase(CallTestCaseKeyword.groovy:81)
	at com.kms.katalon.core.keyword.builtin.CallTestCaseKeyword.execute(CallTestCaseKeyword.groovy:44)
	at com.kms.katalon.core.keyword.internal.KeywordExecutor.executeKeywordForPlatform(KeywordExecutor.groovy:74)
	at com.kms.katalon.core.keyword.BuiltinKeywords.callTestCase(BuiltinKeywords.groovy:310)
	at java.base/jdk.internal.reflect.NativeMethodAccessorImpl.invoke0(Native Method)
	at java.base/jdk.internal.reflect.NativeMethodAccessorImpl.invoke(NativeMethodAccessorImpl.java:77)
	at java.base/jdk.internal.reflect.DelegatingMethodAccessorImpl.invoke(DelegatingMethodAccessorImpl.java:43)
	at Script1735746249821.run(Script1735746249821.groovy:26)
	... 15 more
)
[[ATTACHMENT|C:\\Users\\henri\\Videos\\school-payment-automation-testing\\Reports\\20250106_093246\\Regresi All Sprint\\20250106_093246\\1736130837576.png]]

06-01-2025T09:33:57 - [TEST_STEP][PASSED] - else: null

06-01-2025T09:33:57 - [TEST_STEP][PASSED] - isSaved = true: null

06-01-2025T09:33:57 - [TEST_STEP][PASSED] - println("Data berhasil disimpan."): null

06-01-2025T09:33:57 - [TEST_STEP][PASSED] - if (isSaved): Object 'Object Repository/Master Data/Admin Sekolah/Akun Bank/Edit Akun Bank/Toast Notification Data Berhasil Diubah' is visible

06-01-2025T09:33:57 - [TEST_STEP][PASSED] - verifyElementVisible(findTestObject("Master Data/Admin Sekolah/Akun Bank/Edit Akun Bank/Toast Notification Data Berhasil Diubah"), STOP_ON_FAILURE): Object 'Object Repository/Master Data/Admin Sekolah/Akun Bank/Edit Akun Bank/Toast Notification Data Berhasil Diubah' is visible

06-01-2025T09:33:58 - [MESSAGE][PASSED] - Object 'Object Repository/Master Data/Admin Sekolah/Akun Bank/Edit Akun Bank/Toast Notification Data Berhasil Diubah' is visible

06-01-2025T09:33:58 - [TEST_STEP][PASSED] - closeBrowser(): Browser is closed

06-01-2025T09:33:58 - [MESSAGE][PASSED] - Browser is closed

06-01-2025T09:33:58 - [MESSAGE][PASSED] - Call Test Case 'Test Cases/Master Data/Admin Sekolah/Master Data Akun Bank/Edit Akun Bank' successfully

06-01-2025T09:33:58 - [TEST_STEP][PASSED] - println("============================= Loop Again ==============================="): null

06-01-2025T09:33:58 - [TEST_STEP][PASSED] - callTestCase(findTestCase("Master Data/Admin Sekolah/Master Data Akun Bank/Tambah Akun Bank"), [:], CONTINUE_ON_FAILURE): Call Test Case 'Test Cases/Master Data/Admin Sekolah/Master Data Akun Bank/Tambah Akun Bank' successfully

06-01-2025T09:33:58 - [TEST_CASE][PASSED] - Test Cases/Master Data/Admin Sekolah/Master Data Akun Bank/Tambah Akun Bank: Test Cases/Master Data/Admin Sekolah/Master Data Akun Bank/Tambah Akun Bank

06-01-2025T09:33:58 - [TEST_STEP][PASSED] - openBrowser("", CONTINUE_ON_FAILURE): Browser is opened with url: ''

06-01-2025T09:33:58 - [MESSAGE][INFO] - Starting 'Chrome' driver

06-01-2025T09:33:58 - [MESSAGE][INFO] - Action delay is set to 0 milliseconds

06-01-2025T09:33:59 - [MESSAGE][PASSED] - Browser is opened with url: ''

06-01-2025T09:33:59 - [TEST_STEP][PASSED] - maximizeWindow(): Current window maximized

06-01-2025T09:33:59 - [MESSAGE][PASSED] - Current window maximized

06-01-2025T09:33:59 - [TEST_STEP][PASSED] - navigateToUrl("https://sit.siprusedu.com/login", CONTINUE_ON_FAILURE): Navigate to 'https://sit.siprusedu.com/login' successfully

06-01-2025T09:33:59 - [MESSAGE][PASSED] - Navigate to 'https://sit.siprusedu.com/login' successfully

06-01-2025T09:33:59 - [TEST_STEP][PASSED] - click(findTestObject("Master Data/Admin Sekolah/Login/Field Email"), CONTINUE_ON_FAILURE): Object: 'Object Repository/Master Data/Admin Sekolah/Login/Field Email' is clicked on

06-01-2025T09:34:01 - [MESSAGE][PASSED] - Object: 'Object Repository/Master Data/Admin Sekolah/Login/Field Email' is clicked on

06-01-2025T09:34:01 - [TEST_STEP][PASSED] - setText(findTestObject("Master Data/Admin Sekolah/Login/Field Email"), "admin.gudangsolusi@digiform.co.id", CONTINUE_ON_FAILURE): Text 'admin.gudangsolusi@digiform.co.id' is set on object 'Object Repository/Master Data/Admin Sekolah/Login/Field Email'

06-01-2025T09:34:02 - [MESSAGE][PASSED] - Text 'admin.gudangsolusi@digiform.co.id' is set on object 'Object Repository/Master Data/Admin Sekolah/Login/Field Email'

06-01-2025T09:34:02 - [TEST_STEP][PASSED] - click(findTestObject("Master Data/Admin Sekolah/Login/Input Password"), CONTINUE_ON_FAILURE): Object: 'Object Repository/Master Data/Admin Sekolah/Login/Input Password' is clicked on

06-01-2025T09:34:02 - [MESSAGE][PASSED] - Object: 'Object Repository/Master Data/Admin Sekolah/Login/Input Password' is clicked on

06-01-2025T09:34:02 - [TEST_STEP][PASSED] - setText(findTestObject("Master Data/Admin Sekolah/Login/Input Password"), "Test1234", CONTINUE_ON_FAILURE): Text 'Test1234' is set on object 'Object Repository/Master Data/Admin Sekolah/Login/Input Password'

06-01-2025T09:34:03 - [MESSAGE][PASSED] - Text 'Test1234' is set on object 'Object Repository/Master Data/Admin Sekolah/Login/Input Password'

06-01-2025T09:34:03 - [TEST_STEP][PASSED] - click(findTestObject("Master Data/Admin Sekolah/Login/Button Submit"), CONTINUE_ON_FAILURE): Object: 'Object Repository/Master Data/Admin Sekolah/Login/Button Submit' is clicked on

06-01-2025T09:34:03 - [MESSAGE][PASSED] - Object: 'Object Repository/Master Data/Admin Sekolah/Login/Button Submit' is clicked on

06-01-2025T09:34:03 - [TEST_STEP][PASSED] - click(findTestObject("Master Data/Admin Sekolah/Tagihan/Master Data Menu"), CONTINUE_ON_FAILURE): Object: 'Object Repository/Master Data/Admin Sekolah/Tagihan/Master Data Menu' is clicked on

06-01-2025T09:34:04 - [MESSAGE][PASSED] - Object: 'Object Repository/Master Data/Admin Sekolah/Tagihan/Master Data Menu' is clicked on

06-01-2025T09:34:04 - [TEST_STEP][PASSED] - click(findTestObject("Master Data/Admin Sekolah/Akun Bank/Menu Akun Bank"), CONTINUE_ON_FAILURE): Object: 'Object Repository/Master Data/Admin Sekolah/Akun Bank/Menu Akun Bank' is clicked on

06-01-2025T09:34:05 - [MESSAGE][PASSED] - Object: 'Object Repository/Master Data/Admin Sekolah/Akun Bank/Menu Akun Bank' is clicked on

06-01-2025T09:34:05 - [TEST_STEP][PASSED] - click(findTestObject("Master Data/Admin Sekolah/Akun Bank/Button Tambah Akun Bank"), CONTINUE_ON_FAILURE): Object: 'Object Repository/Master Data/Admin Sekolah/Akun Bank/Button Tambah Akun Bank' is clicked on

06-01-2025T09:34:06 - [MESSAGE][PASSED] - Object: 'Object Repository/Master Data/Admin Sekolah/Akun Bank/Button Tambah Akun Bank' is clicked on

06-01-2025T09:34:06 - [TEST_STEP][PASSED] - click(findTestObject("Master Data/Admin Sekolah/Akun Bank/Tambah Akun Bank/Dropdown Pilih Nama Bank"), CONTINUE_ON_FAILURE): Object: 'Object Repository/Master Data/Admin Sekolah/Akun Bank/Tambah Akun Bank/Dropdown Pilih Nama Bank' is clicked on

06-01-2025T09:34:07 - [MESSAGE][PASSED] - Object: 'Object Repository/Master Data/Admin Sekolah/Akun Bank/Tambah Akun Bank/Dropdown Pilih Nama Bank' is clicked on

06-01-2025T09:34:07 - [TEST_STEP][PASSED] - click(findTestObject("Master Data/Admin Sekolah/Akun Bank/Tambah Akun Bank/Pilih Dropdown Nama Bank"), CONTINUE_ON_FAILURE): Object: 'Object Repository/Master Data/Admin Sekolah/Akun Bank/Tambah Akun Bank/Pilih Dropdown Nama Bank' is clicked on

06-01-2025T09:34:07 - [MESSAGE][PASSED] - Object: 'Object Repository/Master Data/Admin Sekolah/Akun Bank/Tambah Akun Bank/Pilih Dropdown Nama Bank' is clicked on

06-01-2025T09:34:07 - [TEST_STEP][PASSED] - randomName = generateRandomName(): null

06-01-2025T09:34:07 - [TEST_STEP][PASSED] - firstNames = ["John", "Jane", "Michael", "Sarah", "David", "Emily", "Rafael", "Sophia"]: null

06-01-2025T09:34:07 - [TEST_STEP][PASSED] - lastNames = ["Doe", "Smith", "Johnson", "Williams", "Brown", "Davis", "Taylor", "Wilson"]: null

06-01-2025T09:34:07 - [TEST_STEP][PASSED] - random = new java.util.Random(): null

06-01-2025T09:34:07 - [TEST_STEP][PASSED] - firstName = firstNames[random.nextInt(firstNames.size())]: null

06-01-2025T09:34:07 - [TEST_STEP][PASSED] - lastName = lastNames[random.nextInt(lastNames.size())]: null

06-01-2025T09:34:07 - [TEST_STEP][PASSED] - return ((firstName +  ) + lastName): null

06-01-2025T09:34:07 - [TEST_STEP][PASSED] - println("Generated random name: " + randomName): null

06-01-2025T09:34:07 - [TEST_STEP][PASSED] - setText(findTestObject("Master Data/Admin Sekolah/Akun Bank/Tambah Akun Bank/Set Text Nama Rekening"), randomName, CONTINUE_ON_FAILURE): Text 'David Smith' is set on object 'Object Repository/Master Data/Admin Sekolah/Akun Bank/Tambah Akun Bank/Set Text Nama Rekening'

06-01-2025T09:34:08 - [MESSAGE][PASSED] - Text 'David Smith' is set on object 'Object Repository/Master Data/Admin Sekolah/Akun Bank/Tambah Akun Bank/Set Text Nama Rekening'

06-01-2025T09:34:08 - [TEST_STEP][PASSED] - nomorRekeningList = []: null

06-01-2025T09:34:08 - [TEST_STEP][PASSED] - for ([i = 0, i < 5, (i++)]): null

06-01-2025T09:34:08 - [TEST_STEP][PASSED] - nomorRekeningList.add(generateRandomAccountNumber(10)): null

06-01-2025T09:34:08 - [TEST_STEP][PASSED] - random = new java.util.Random(): null

06-01-2025T09:34:08 - [TEST_STEP][PASSED] - accountNumber = new java.lang.StringBuilder(): null

06-01-2025T09:34:08 - [TEST_STEP][PASSED] - for ([i = 0, i < length, (i++)]): null

06-01-2025T09:34:08 - [TEST_STEP][PASSED] - accountNumber.append(random.nextInt(10)): null

06-01-2025T09:34:08 - [TEST_STEP][PASSED] - accountNumber.append(random.nextInt(10)): null

06-01-2025T09:34:08 - [TEST_STEP][PASSED] - accountNumber.append(random.nextInt(10)): null

06-01-2025T09:34:08 - [TEST_STEP][PASSED] - accountNumber.append(random.nextInt(10)): null

06-01-2025T09:34:08 - [TEST_STEP][PASSED] - accountNumber.append(random.nextInt(10)): null

06-01-2025T09:34:08 - [TEST_STEP][PASSED] - accountNumber.append(random.nextInt(10)): null

06-01-2025T09:34:08 - [TEST_STEP][PASSED] - accountNumber.append(random.nextInt(10)): null

06-01-2025T09:34:08 - [TEST_STEP][PASSED] - accountNumber.append(random.nextInt(10)): null

06-01-2025T09:34:08 - [TEST_STEP][PASSED] - accountNumber.append(random.nextInt(10)): null

06-01-2025T09:34:08 - [TEST_STEP][PASSED] - accountNumber.append(random.nextInt(10)): null

06-01-2025T09:34:08 - [TEST_STEP][PASSED] - return accountNumber.toString(): null

06-01-2025T09:34:08 - [TEST_STEP][PASSED] - nomorRekeningList.add(generateRandomAccountNumber(10)): null

06-01-2025T09:34:08 - [TEST_STEP][PASSED] - random = new java.util.Random(): null

06-01-2025T09:34:08 - [TEST_STEP][PASSED] - accountNumber = new java.lang.StringBuilder(): null

06-01-2025T09:34:08 - [TEST_STEP][PASSED] - for ([i = 0, i < length, (i++)]): null

06-01-2025T09:34:08 - [TEST_STEP][PASSED] - accountNumber.append(random.nextInt(10)): null

06-01-2025T09:34:08 - [TEST_STEP][PASSED] - accountNumber.append(random.nextInt(10)): null

06-01-2025T09:34:08 - [TEST_STEP][PASSED] - accountNumber.append(random.nextInt(10)): null

06-01-2025T09:34:08 - [TEST_STEP][PASSED] - accountNumber.append(random.nextInt(10)): null

06-01-2025T09:34:08 - [TEST_STEP][PASSED] - accountNumber.append(random.nextInt(10)): null

06-01-2025T09:34:08 - [TEST_STEP][PASSED] - accountNumber.append(random.nextInt(10)): null

06-01-2025T09:34:08 - [TEST_STEP][PASSED] - accountNumber.append(random.nextInt(10)): null

06-01-2025T09:34:08 - [TEST_STEP][PASSED] - accountNumber.append(random.nextInt(10)): null

06-01-2025T09:34:08 - [TEST_STEP][PASSED] - accountNumber.append(random.nextInt(10)): null

06-01-2025T09:34:08 - [TEST_STEP][PASSED] - accountNumber.append(random.nextInt(10)): null

06-01-2025T09:34:08 - [TEST_STEP][PASSED] - return accountNumber.toString(): null

06-01-2025T09:34:08 - [TEST_STEP][PASSED] - nomorRekeningList.add(generateRandomAccountNumber(10)): null

06-01-2025T09:34:08 - [TEST_STEP][PASSED] - random = new java.util.Random(): null

06-01-2025T09:34:08 - [TEST_STEP][PASSED] - accountNumber = new java.lang.StringBuilder(): null

06-01-2025T09:34:08 - [TEST_STEP][PASSED] - for ([i = 0, i < length, (i++)]): null

06-01-2025T09:34:08 - [TEST_STEP][PASSED] - accountNumber.append(random.nextInt(10)): null

06-01-2025T09:34:08 - [TEST_STEP][PASSED] - accountNumber.append(random.nextInt(10)): null

06-01-2025T09:34:08 - [TEST_STEP][PASSED] - accountNumber.append(random.nextInt(10)): null

06-01-2025T09:34:08 - [TEST_STEP][PASSED] - accountNumber.append(random.nextInt(10)): null

06-01-2025T09:34:08 - [TEST_STEP][PASSED] - accountNumber.append(random.nextInt(10)): null

06-01-2025T09:34:08 - [TEST_STEP][PASSED] - accountNumber.append(random.nextInt(10)): null

06-01-2025T09:34:08 - [TEST_STEP][PASSED] - accountNumber.append(random.nextInt(10)): null

06-01-2025T09:34:08 - [TEST_STEP][PASSED] - accountNumber.append(random.nextInt(10)): null

06-01-2025T09:34:08 - [TEST_STEP][PASSED] - accountNumber.append(random.nextInt(10)): null

06-01-2025T09:34:08 - [TEST_STEP][PASSED] - accountNumber.append(random.nextInt(10)): null

06-01-2025T09:34:08 - [TEST_STEP][PASSED] - return accountNumber.toString(): null

06-01-2025T09:34:08 - [TEST_STEP][PASSED] - nomorRekeningList.add(generateRandomAccountNumber(10)): null

06-01-2025T09:34:08 - [TEST_STEP][PASSED] - random = new java.util.Random(): null

06-01-2025T09:34:08 - [TEST_STEP][PASSED] - accountNumber = new java.lang.StringBuilder(): null

06-01-2025T09:34:08 - [TEST_STEP][PASSED] - for ([i = 0, i < length, (i++)]): null

06-01-2025T09:34:08 - [TEST_STEP][PASSED] - accountNumber.append(random.nextInt(10)): null

06-01-2025T09:34:08 - [TEST_STEP][PASSED] - accountNumber.append(random.nextInt(10)): null

06-01-2025T09:34:08 - [TEST_STEP][PASSED] - accountNumber.append(random.nextInt(10)): null

06-01-2025T09:34:08 - [TEST_STEP][PASSED] - accountNumber.append(random.nextInt(10)): null

06-01-2025T09:34:08 - [TEST_STEP][PASSED] - accountNumber.append(random.nextInt(10)): null

06-01-2025T09:34:08 - [TEST_STEP][PASSED] - accountNumber.append(random.nextInt(10)): null

06-01-2025T09:34:08 - [TEST_STEP][PASSED] - accountNumber.append(random.nextInt(10)): null

06-01-2025T09:34:08 - [TEST_STEP][PASSED] - accountNumber.append(random.nextInt(10)): null

06-01-2025T09:34:08 - [TEST_STEP][PASSED] - accountNumber.append(random.nextInt(10)): null

06-01-2025T09:34:08 - [TEST_STEP][PASSED] - accountNumber.append(random.nextInt(10)): null

06-01-2025T09:34:08 - [TEST_STEP][PASSED] - return accountNumber.toString(): null

06-01-2025T09:34:08 - [TEST_STEP][PASSED] - nomorRekeningList.add(generateRandomAccountNumber(10)): null

06-01-2025T09:34:08 - [TEST_STEP][PASSED] - random = new java.util.Random(): null

06-01-2025T09:34:08 - [TEST_STEP][PASSED] - accountNumber = new java.lang.StringBuilder(): null

06-01-2025T09:34:08 - [TEST_STEP][PASSED] - for ([i = 0, i < length, (i++)]): null

06-01-2025T09:34:08 - [TEST_STEP][PASSED] - accountNumber.append(random.nextInt(10)): null

06-01-2025T09:34:08 - [TEST_STEP][PASSED] - accountNumber.append(random.nextInt(10)): null

06-01-2025T09:34:08 - [TEST_STEP][PASSED] - accountNumber.append(random.nextInt(10)): null

06-01-2025T09:34:08 - [TEST_STEP][PASSED] - accountNumber.append(random.nextInt(10)): null

06-01-2025T09:34:08 - [TEST_STEP][PASSED] - accountNumber.append(random.nextInt(10)): null

06-01-2025T09:34:08 - [TEST_STEP][PASSED] - accountNumber.append(random.nextInt(10)): null

06-01-2025T09:34:08 - [TEST_STEP][PASSED] - accountNumber.append(random.nextInt(10)): null

06-01-2025T09:34:08 - [TEST_STEP][PASSED] - accountNumber.append(random.nextInt(10)): null

06-01-2025T09:34:08 - [TEST_STEP][PASSED] - accountNumber.append(random.nextInt(10)): null

06-01-2025T09:34:08 - [TEST_STEP][PASSED] - accountNumber.append(random.nextInt(10)): null

06-01-2025T09:34:08 - [TEST_STEP][PASSED] - return accountNumber.toString(): null

06-01-2025T09:34:08 - [TEST_STEP][PASSED] - isErrorPresent = true: null

06-01-2025T09:34:08 - [TEST_STEP][PASSED] - for (String nomorRekening : nomorRekeningList): null

06-01-2025T09:34:08 - [TEST_STEP][PASSED] - inputNomorRekening(nomorRekening): null

06-01-2025T09:34:08 - [TEST_STEP][PASSED] - fieldNomorRekening = findTestObject("Master Data/Admin Sekolah/Akun Bank/Tambah Akun Bank/Set Text Nomor Rekening"): null

06-01-2025T09:34:08 - [TEST_STEP][PASSED] - clearTextUntilEmpty(fieldNomorRekening): null

06-01-2025T09:34:08 - [TEST_STEP][PASSED] - attempt = 0: null

06-01-2025T09:34:08 - [TEST_STEP][PASSED] - while (attempt < maxAttempts): null

06-01-2025T09:34:08 - [TEST_STEP][PASSED] - clearText(field, CONTINUE_ON_FAILURE): Text of object 'Object Repository/Master Data/Admin Sekolah/Akun Bank/Tambah Akun Bank/Set Text Nomor Rekening' is cleared

06-01-2025T09:34:08 - [MESSAGE][PASSED] - Text of object 'Object Repository/Master Data/Admin Sekolah/Akun Bank/Tambah Akun Bank/Set Text Nomor Rekening' is cleared

06-01-2025T09:34:08 - [TEST_STEP][PASSED] - delay(0.5): Delayed 0.5 second(s)

06-01-2025T09:34:09 - [MESSAGE][PASSED] - Delayed 0.5 second(s)

06-01-2025T09:34:09 - [TEST_STEP][PASSED] - currentText = getAttribute(field, "value", CONTINUE_ON_FAILURE): Attribute 'value' of object 'Object Repository/Master Data/Admin Sekolah/Akun Bank/Tambah Akun Bank/Set Text Nomor Rekening' is: ''

06-01-2025T09:34:09 - [MESSAGE][PASSED] - Attribute 'value' of object 'Object Repository/Master Data/Admin Sekolah/Akun Bank/Tambah Akun Bank/Set Text Nomor Rekening' is: ''

06-01-2025T09:34:09 - [TEST_STEP][PASSED] - if (currentText.isEmpty()): null

06-01-2025T09:34:09 - [TEST_STEP][PASSED] - comment("Field berhasil dikosongkan setelah " + attempt + 1 + " percobaan."): Field berhasil dikosongkan setelah 1 percobaan.

06-01-2025T09:34:09 - [MESSAGE][INFO] - Field berhasil dikosongkan setelah 1 percobaan.

06-01-2025T09:34:09 - [TEST_STEP][PASSED] - break: null

06-01-2025T09:34:09 - [TEST_STEP][PASSED] - setText(fieldNomorRekening, nomorRekening): null

06-01-2025T09:34:09 - [MESSAGE][PASSED] - Text '6219024734' is set on object 'Object Repository/Master Data/Admin Sekolah/Akun Bank/Tambah Akun Bank/Set Text Nomor Rekening'

06-01-2025T09:34:09 - [TEST_STEP][PASSED] - pilihKepemilikanDropdown(): null

06-01-2025T09:34:09 - [TEST_STEP][PASSED] - click(findTestObject("Master Data/Admin Sekolah/Akun Bank/Tambah Akun Bank/Dropdown Kepemilikan"), CONTINUE_ON_FAILURE): Object: 'Object Repository/Master Data/Admin Sekolah/Akun Bank/Tambah Akun Bank/Dropdown Kepemilikan' is clicked on

06-01-2025T09:34:10 - [MESSAGE][PASSED] - Object: 'Object Repository/Master Data/Admin Sekolah/Akun Bank/Tambah Akun Bank/Dropdown Kepemilikan' is clicked on

06-01-2025T09:34:10 - [TEST_STEP][PASSED] - click(findTestObject("Master Data/Admin Sekolah/Akun Bank/Tambah Akun Bank/Pilih Dropdown Kepemilikan"), CONTINUE_ON_FAILURE): null

06-01-2025T09:34:10 - [MESSAGE][PASSED] - Object: 'Object Repository/Master Data/Admin Sekolah/Akun Bank/Tambah Akun Bank/Pilih Dropdown Kepemilikan' is clicked on

06-01-2025T09:34:10 - [TEST_STEP][PASSED] - click(findTestObject("Master Data/Admin Sekolah/Akun Bank/Tambah Akun Bank/Button Submit"), CONTINUE_ON_FAILURE): Object: 'Object Repository/Master Data/Admin Sekolah/Akun Bank/Tambah Akun Bank/Button Submit' is clicked on

06-01-2025T09:34:11 - [MESSAGE][PASSED] - Object: 'Object Repository/Master Data/Admin Sekolah/Akun Bank/Tambah Akun Bank/Button Submit' is clicked on

06-01-2025T09:34:11 - [TEST_STEP][PASSED] - isErrorPresent = verifyTextPresent("Nomor rekening sudah terdaftar", false, OPTIONAL): Text 'Nomor rekening sudah terdaftar' is not present on page  (Root cause: com.kms.katalon.core.exception.StepFailedException: Text 'Nomor rekening sudah terdaftar' is not present on page 
	at com.kms.katalon.core.webui.keyword.internal.WebUIKeywordMain.stepFailed(WebUIKeywordMain.groovy:117)
	at com.kms.katalon.core.webui.keyword.builtin.VerifyTextPresentKeyword$_verifyTextPresent_closure1.doCall(VerifyTextPresentKeyword.groovy:79)
	at com.kms.katalon.core.webui.keyword.builtin.VerifyTextPresentKeyword$_verifyTextPresent_closure1.call(VerifyTextPresentKeyword.groovy)
	at com.kms.katalon.core.webui.keyword.internal.WebUIKeywordMain.runKeyword(WebUIKeywordMain.groovy:35)
	at com.kms.katalon.core.webui.keyword.builtin.VerifyTextPresentKeyword.verifyTextPresent(VerifyTextPresentKeyword.groovy:83)
	at com.kms.katalon.core.webui.keyword.builtin.VerifyTextPresentKeyword.execute(VerifyTextPresentKeyword.groovy:68)
	at com.kms.katalon.core.keyword.internal.KeywordExecutor.executeKeywordForPlatform(KeywordExecutor.groovy:74)
	at com.kms.katalon.core.webui.keyword.WebUiBuiltInKeywords.verifyTextPresent(WebUiBuiltInKeywords.groovy:1783)
	at Tambah Akun Bank.run(Tambah Akun Bank:84)
	at com.kms.katalon.core.main.ScriptEngine.run(ScriptEngine.java:194)
	at com.kms.katalon.core.main.ScriptEngine.runScriptAsRawText(ScriptEngine.java:119)
	at com.kms.katalon.core.main.TestCaseExecutor.runScript(TestCaseExecutor.java:448)
	at com.kms.katalon.core.main.TestCaseExecutor.doExecute(TestCaseExecutor.java:439)
	at com.kms.katalon.core.main.TestCaseExecutor.processExecutionPhase(TestCaseExecutor.java:418)
	at com.kms.katalon.core.main.TestCaseExecutor.accessMainPhase(TestCaseExecutor.java:410)
	at com.kms.katalon.core.main.TestCaseExecutor.execute(TestCaseExecutor.java:285)
	at com.kms.katalon.core.main.TestCaseMain.runTestCase(TestCaseMain.java:133)
	at com.kms.katalon.core.keyword.builtin.CallTestCaseKeyword$_callTestCase_closure1.doCall(CallTestCaseKeyword.groovy:59)
	at com.kms.katalon.core.keyword.builtin.CallTestCaseKeyword$_callTestCase_closure1.call(CallTestCaseKeyword.groovy)
	at com.kms.katalon.core.keyword.internal.KeywordMain.runKeyword(KeywordMain.groovy:75)
	at com.kms.katalon.core.keyword.builtin.CallTestCaseKeyword.callTestCase(CallTestCaseKeyword.groovy:81)
	at com.kms.katalon.core.keyword.builtin.CallTestCaseKeyword.execute(CallTestCaseKeyword.groovy:44)
	at com.kms.katalon.core.keyword.internal.KeywordExecutor.executeKeywordForPlatform(KeywordExecutor.groovy:74)
	at com.kms.katalon.core.keyword.BuiltinKeywords.callTestCase(BuiltinKeywords.groovy:310)
	at java.base/jdk.internal.reflect.NativeMethodAccessorImpl.invoke0(Native Method)
	at java.base/jdk.internal.reflect.NativeMethodAccessorImpl.invoke(NativeMethodAccessorImpl.java:77)
	at java.base/jdk.internal.reflect.DelegatingMethodAccessorImpl.invoke(DelegatingMethodAccessorImpl.java:43)
	at Regresi Akun Bank.run(Regresi Akun Bank:22)
	at com.kms.katalon.core.main.ScriptEngine.run(ScriptEngine.java:194)
	at com.kms.katalon.core.main.ScriptEngine.runScriptAsRawText(ScriptEngine.java:119)
	at com.kms.katalon.core.main.TestCaseExecutor.runScript(TestCaseExecutor.java:448)
	at com.kms.katalon.core.main.TestCaseExecutor.doExecute(TestCaseExecutor.java:439)
	at com.kms.katalon.core.main.TestCaseExecutor.processExecutionPhase(TestCaseExecutor.java:418)
	at com.kms.katalon.core.main.TestCaseExecutor.accessMainPhase(TestCaseExecutor.java:410)
	at com.kms.katalon.core.main.TestCaseExecutor.execute(TestCaseExecutor.java:285)
	at com.kms.katalon.core.common.CommonExecutor.accessTestCaseMainPhase(CommonExecutor.java:65)
	at com.kms.katalon.core.main.TestSuiteExecutor.accessTestSuiteMainPhase(TestSuiteExecutor.java:161)
	at com.kms.katalon.core.main.TestSuiteExecutor.execute(TestSuiteExecutor.java:107)
	at com.kms.katalon.core.main.TestCaseMain.startTestSuite(TestCaseMain.java:176)
	at TempTestSuite1736130766400.run(TempTestSuite1736130766400.groovy:35)
	at java.base/jdk.internal.reflect.NativeMethodAccessorImpl.invoke0(Native Method)
	at java.base/jdk.internal.reflect.NativeMethodAccessorImpl.invoke(NativeMethodAccessorImpl.java:77)
	at java.base/jdk.internal.reflect.DelegatingMethodAccessorImpl.invoke(DelegatingMethodAccessorImpl.java:43)
)

06-01-2025T09:34:11 - [MESSAGE][WARNING] - Text 'Nomor rekening sudah terdaftar' is not present on page  (Root cause: com.kms.katalon.core.exception.StepFailedException: Text 'Nomor rekening sudah terdaftar' is not present on page 
	at com.kms.katalon.core.webui.keyword.internal.WebUIKeywordMain.stepFailed(WebUIKeywordMain.groovy:117)
	at com.kms.katalon.core.webui.keyword.builtin.VerifyTextPresentKeyword$_verifyTextPresent_closure1.doCall(VerifyTextPresentKeyword.groovy:79)
	at com.kms.katalon.core.webui.keyword.builtin.VerifyTextPresentKeyword$_verifyTextPresent_closure1.call(VerifyTextPresentKeyword.groovy)
	at com.kms.katalon.core.webui.keyword.internal.WebUIKeywordMain.runKeyword(WebUIKeywordMain.groovy:35)
	at com.kms.katalon.core.webui.keyword.builtin.VerifyTextPresentKeyword.verifyTextPresent(VerifyTextPresentKeyword.groovy:83)
	at com.kms.katalon.core.webui.keyword.builtin.VerifyTextPresentKeyword.execute(VerifyTextPresentKeyword.groovy:68)
	at com.kms.katalon.core.keyword.internal.KeywordExecutor.executeKeywordForPlatform(KeywordExecutor.groovy:74)
	at com.kms.katalon.core.webui.keyword.WebUiBuiltInKeywords.verifyTextPresent(WebUiBuiltInKeywords.groovy:1783)
	at Tambah Akun Bank.run(Tambah Akun Bank:84)
	at com.kms.katalon.core.main.ScriptEngine.run(ScriptEngine.java:194)
	at com.kms.katalon.core.main.ScriptEngine.runScriptAsRawText(ScriptEngine.java:119)
	at com.kms.katalon.core.main.TestCaseExecutor.runScript(TestCaseExecutor.java:448)
	at com.kms.katalon.core.main.TestCaseExecutor.doExecute(TestCaseExecutor.java:439)
	at com.kms.katalon.core.main.TestCaseExecutor.processExecutionPhase(TestCaseExecutor.java:418)
	at com.kms.katalon.core.main.TestCaseExecutor.accessMainPhase(TestCaseExecutor.java:410)
	at com.kms.katalon.core.main.TestCaseExecutor.execute(TestCaseExecutor.java:285)
	at com.kms.katalon.core.main.TestCaseMain.runTestCase(TestCaseMain.java:133)
	at com.kms.katalon.core.keyword.builtin.CallTestCaseKeyword$_callTestCase_closure1.doCall(CallTestCaseKeyword.groovy:59)
	at com.kms.katalon.core.keyword.builtin.CallTestCaseKeyword$_callTestCase_closure1.call(CallTestCaseKeyword.groovy)
	at com.kms.katalon.core.keyword.internal.KeywordMain.runKeyword(KeywordMain.groovy:75)
	at com.kms.katalon.core.keyword.builtin.CallTestCaseKeyword.callTestCase(CallTestCaseKeyword.groovy:81)
	at com.kms.katalon.core.keyword.builtin.CallTestCaseKeyword.execute(CallTestCaseKeyword.groovy:44)
	at com.kms.katalon.core.keyword.internal.KeywordExecutor.executeKeywordForPlatform(KeywordExecutor.groovy:74)
	at com.kms.katalon.core.keyword.BuiltinKeywords.callTestCase(BuiltinKeywords.groovy:310)
	at java.base/jdk.internal.reflect.NativeMethodAccessorImpl.invoke0(Native Method)
	at java.base/jdk.internal.reflect.NativeMethodAccessorImpl.invoke(NativeMethodAccessorImpl.java:77)
	at java.base/jdk.internal.reflect.DelegatingMethodAccessorImpl.invoke(DelegatingMethodAccessorImpl.java:43)
	at Regresi Akun Bank.run(Regresi Akun Bank:22)
	at com.kms.katalon.core.main.ScriptEngine.run(ScriptEngine.java:194)
	at com.kms.katalon.core.main.ScriptEngine.runScriptAsRawText(ScriptEngine.java:119)
	at com.kms.katalon.core.main.TestCaseExecutor.runScript(TestCaseExecutor.java:448)
	at com.kms.katalon.core.main.TestCaseExecutor.doExecute(TestCaseExecutor.java:439)
	at com.kms.katalon.core.main.TestCaseExecutor.processExecutionPhase(TestCaseExecutor.java:418)
	at com.kms.katalon.core.main.TestCaseExecutor.accessMainPhase(TestCaseExecutor.java:410)
	at com.kms.katalon.core.main.TestCaseExecutor.execute(TestCaseExecutor.java:285)
	at com.kms.katalon.core.common.CommonExecutor.accessTestCaseMainPhase(CommonExecutor.java:65)
	at com.kms.katalon.core.main.TestSuiteExecutor.accessTestSuiteMainPhase(TestSuiteExecutor.java:161)
	at com.kms.katalon.core.main.TestSuiteExecutor.execute(TestSuiteExecutor.java:107)
	at com.kms.katalon.core.main.TestCaseMain.startTestSuite(TestCaseMain.java:176)
	at TempTestSuite1736130766400.run(TempTestSuite1736130766400.groovy:35)
	at java.base/jdk.internal.reflect.NativeMethodAccessorImpl.invoke0(Native Method)
	at java.base/jdk.internal.reflect.NativeMethodAccessorImpl.invoke(NativeMethodAccessorImpl.java:77)
	at java.base/jdk.internal.reflect.DelegatingMethodAccessorImpl.invoke(DelegatingMethodAccessorImpl.java:43)
)

06-01-2025T09:34:11 - [TEST_STEP][PASSED] - if (!(isErrorPresent)): null

06-01-2025T09:34:11 - [TEST_STEP][PASSED] - verifyElementVisible(findTestObject("Master Data/Admin Sekolah/Akun Bank/Akun Bank Dashboard"), CONTINUE_ON_FAILURE): Object 'Object Repository/Master Data/Admin Sekolah/Akun Bank/Akun Bank Dashboard' is visible

06-01-2025T09:34:11 - [MESSAGE][PASSED] - Object 'Object Repository/Master Data/Admin Sekolah/Akun Bank/Akun Bank Dashboard' is visible

06-01-2025T09:34:11 - [TEST_STEP][PASSED] - break: null

06-01-2025T09:34:11 - [TEST_STEP][PASSED] - if (isErrorPresent): null

06-01-2025T09:34:11 - [TEST_STEP][PASSED] - else: Nomor rekening berhasil didaftarkan.

06-01-2025T09:34:11 - [TEST_STEP][PASSED] - comment("Nomor rekening berhasil didaftarkan."): Nomor rekening berhasil didaftarkan.

06-01-2025T09:34:11 - [MESSAGE][INFO] - Nomor rekening berhasil didaftarkan.

06-01-2025T09:34:11 - [MESSAGE][PASSED] - Call Test Case 'Test Cases/Master Data/Admin Sekolah/Master Data Akun Bank/Tambah Akun Bank' successfully

06-01-2025T09:34:11 - [TEST_STEP][PASSED] - callTestCase(findTestCase("Test Cases/Master Data/Admin Sekolah/Master Data Akun Bank/Edit Akun Bank"), [:], CONTINUE_ON_FAILURE): Call Test Case 'Test Cases/Master Data/Admin Sekolah/Master Data Akun Bank/Edit Akun Bank' successfully

06-01-2025T09:34:12 - [TEST_CASE][PASSED] - Test Cases/Master Data/Admin Sekolah/Master Data Akun Bank/Edit Akun Bank: Test Cases/Master Data/Admin Sekolah/Master Data Akun Bank/Edit Akun Bank

06-01-2025T09:34:12 - [TEST_STEP][PASSED] - openBrowser(""): Browser is opened with url: ''

06-01-2025T09:34:12 - [MESSAGE][WARNING] - A browser is already opened. Closing browser and opening a new one

06-01-2025T09:34:12 - [MESSAGE][INFO] - Starting 'Chrome' driver

06-01-2025T09:34:12 - [MESSAGE][INFO] - Action delay is set to 0 milliseconds

06-01-2025T09:34:13 - [MESSAGE][PASSED] - Browser is opened with url: ''

06-01-2025T09:34:13 - [TEST_STEP][PASSED] - maximizeWindow(): Current window maximized

06-01-2025T09:34:13 - [MESSAGE][PASSED] - Current window maximized

06-01-2025T09:34:13 - [TEST_STEP][PASSED] - navigateToUrl("https://sit.siprusedu.com/login"): Navigate to 'https://sit.siprusedu.com/login' successfully

06-01-2025T09:34:13 - [MESSAGE][PASSED] - Navigate to 'https://sit.siprusedu.com/login' successfully

06-01-2025T09:34:13 - [TEST_STEP][PASSED] - setText(findTestObject("Master Data/Admin Sekolah/Login/Field Email"), "admin.gudangsolusi@digiform.co.id"): Text 'admin.gudangsolusi@digiform.co.id' is set on object 'Object Repository/Master Data/Admin Sekolah/Login/Field Email'

06-01-2025T09:34:15 - [MESSAGE][PASSED] - Text 'admin.gudangsolusi@digiform.co.id' is set on object 'Object Repository/Master Data/Admin Sekolah/Login/Field Email'

06-01-2025T09:34:15 - [TEST_STEP][PASSED] - setText(findTestObject("Master Data/Admin Sekolah/Login/Input Password"), "Test1234"): Text 'Test1234' is set on object 'Object Repository/Master Data/Admin Sekolah/Login/Input Password'

06-01-2025T09:34:16 - [MESSAGE][PASSED] - Text 'Test1234' is set on object 'Object Repository/Master Data/Admin Sekolah/Login/Input Password'

06-01-2025T09:34:16 - [TEST_STEP][PASSED] - click(findTestObject("Master Data/Admin Sekolah/Login/Button Submit")): Object: 'Object Repository/Master Data/Admin Sekolah/Login/Button Submit' is clicked on

06-01-2025T09:34:16 - [MESSAGE][PASSED] - Object: 'Object Repository/Master Data/Admin Sekolah/Login/Button Submit' is clicked on

06-01-2025T09:34:16 - [TEST_STEP][PASSED] - click(findTestObject("Master Data/Admin Sekolah/Tagihan/Master Data Menu")): Object: 'Object Repository/Master Data/Admin Sekolah/Tagihan/Master Data Menu' is clicked on

06-01-2025T09:34:17 - [MESSAGE][PASSED] - Object: 'Object Repository/Master Data/Admin Sekolah/Tagihan/Master Data Menu' is clicked on

06-01-2025T09:34:17 - [TEST_STEP][PASSED] - click(findTestObject("Master Data/Admin Sekolah/Akun Bank/Menu Akun Bank")): Object: 'Object Repository/Master Data/Admin Sekolah/Akun Bank/Menu Akun Bank' is clicked on

06-01-2025T09:34:18 - [MESSAGE][PASSED] - Object: 'Object Repository/Master Data/Admin Sekolah/Akun Bank/Menu Akun Bank' is clicked on

06-01-2025T09:34:18 - [TEST_STEP][PASSED] - click(findTestObject("Master Data/Admin Sekolah/Akun Bank/Edit Akun Bank/Button Action")): Object: 'Object Repository/Master Data/Admin Sekolah/Akun Bank/Edit Akun Bank/Button Action' is clicked on

06-01-2025T09:34:19 - [MESSAGE][PASSED] - Object: 'Object Repository/Master Data/Admin Sekolah/Akun Bank/Edit Akun Bank/Button Action' is clicked on

06-01-2025T09:34:19 - [TEST_STEP][PASSED] - click(findTestObject("Master Data/Admin Sekolah/Akun Bank/Edit Akun Bank/Button Edit")): Object: 'Object Repository/Master Data/Admin Sekolah/Akun Bank/Edit Akun Bank/Button Edit' is clicked on

06-01-2025T09:34:19 - [MESSAGE][PASSED] - Object: 'Object Repository/Master Data/Admin Sekolah/Akun Bank/Edit Akun Bank/Button Edit' is clicked on

06-01-2025T09:34:19 - [TEST_STEP][PASSED] - click(findTestObject("Master Data/Admin Sekolah/Akun Bank/Edit Akun Bank/Dropdown Akun Bank")): Object: 'Object Repository/Master Data/Admin Sekolah/Akun Bank/Edit Akun Bank/Dropdown Akun Bank' is clicked on

06-01-2025T09:34:20 - [MESSAGE][PASSED] - Object: 'Object Repository/Master Data/Admin Sekolah/Akun Bank/Edit Akun Bank/Dropdown Akun Bank' is clicked on

06-01-2025T09:34:20 - [TEST_STEP][PASSED] - click(findTestObject("Master Data/Admin Sekolah/Akun Bank/Edit Akun Bank/Value Dropdown Akun Bank")): Object: 'Object Repository/Master Data/Admin Sekolah/Akun Bank/Edit Akun Bank/Value Dropdown Akun Bank' is clicked on

06-01-2025T09:34:20 - [MESSAGE][PASSED] - Object: 'Object Repository/Master Data/Admin Sekolah/Akun Bank/Edit Akun Bank/Value Dropdown Akun Bank' is clicked on

06-01-2025T09:34:20 - [TEST_STEP][PASSED] - clearAndSetText(findTestObject("Master Data/Admin Sekolah/Akun Bank/Edit Akun Bank/Field Nama Akun Bank"), generateRandomBankAccountName()): null

06-01-2025T09:34:20 - [TEST_STEP][PASSED] - firstNames = ["Pandu", "Budi", "Siti", "Andi", "Joko", "Rina", "Ari", "Maya"]: null

06-01-2025T09:34:20 - [TEST_STEP][PASSED] - lastNames = ["Wibisana", "Sari", "Pratama", "Santoso", "Putra", "Gunawan", "Sudarmaji", "Amir"]: null

06-01-2025T09:34:20 - [TEST_STEP][PASSED] - random = new java.util.Random(): null

06-01-2025T09:34:20 - [TEST_STEP][PASSED] - firstName = firstNames[random.nextInt(firstNames.size())]: null

06-01-2025T09:34:20 - [TEST_STEP][PASSED] - lastName = lastNames[random.nextInt(lastNames.size())]: null

06-01-2025T09:34:20 - [TEST_STEP][PASSED] - return ((firstName +  ) + lastName): null

06-01-2025T09:34:20 - [TEST_STEP][PASSED] - sendKeys(testObject, Keys.chord(CONTROL, "a")): Keys 'CONTROL + a' sent to object: 'Object Repository/Master Data/Admin Sekolah/Akun Bank/Edit Akun Bank/Field Nama Akun Bank'

06-01-2025T09:34:21 - [MESSAGE][PASSED] - Keys 'CONTROL + a' sent to object: 'Object Repository/Master Data/Admin Sekolah/Akun Bank/Edit Akun Bank/Field Nama Akun Bank'

06-01-2025T09:34:21 - [TEST_STEP][PASSED] - sendKeys(testObject, Keys.chord(BACK_SPACE)): Keys 'BACK_SPACE + ' sent to object: 'Object Repository/Master Data/Admin Sekolah/Akun Bank/Edit Akun Bank/Field Nama Akun Bank'

06-01-2025T09:34:21 - [MESSAGE][PASSED] - Keys 'BACK_SPACE + ' sent to object: 'Object Repository/Master Data/Admin Sekolah/Akun Bank/Edit Akun Bank/Field Nama Akun Bank'

06-01-2025T09:34:21 - [TEST_STEP][PASSED] - setText(testObject, newText): Text 'Andi Putra' is set on object 'Object Repository/Master Data/Admin Sekolah/Akun Bank/Edit Akun Bank/Field Nama Akun Bank'

06-01-2025T09:34:21 - [MESSAGE][PASSED] - Text 'Andi Putra' is set on object 'Object Repository/Master Data/Admin Sekolah/Akun Bank/Edit Akun Bank/Field Nama Akun Bank'

06-01-2025T09:34:21 - [TEST_STEP][PASSED] - initialAccountNumber = generateRandomData("64", 10): null

06-01-2025T09:34:21 - [TEST_STEP][PASSED] - random = new java.util.Random(): null

06-01-2025T09:34:21 - [TEST_STEP][PASSED] - result = prefix: null

06-01-2025T09:34:21 - [TEST_STEP][PASSED] - for ([i = 0, i < length, (i++)]): null

06-01-2025T09:34:21 - [TEST_STEP][PASSED] - result += random.nextInt(10): null

06-01-2025T09:34:21 - [TEST_STEP][PASSED] - result += random.nextInt(10): null

06-01-2025T09:34:21 - [TEST_STEP][PASSED] - result += random.nextInt(10): null

06-01-2025T09:34:21 - [TEST_STEP][PASSED] - result += random.nextInt(10): null

06-01-2025T09:34:21 - [TEST_STEP][PASSED] - result += random.nextInt(10): null

06-01-2025T09:34:21 - [TEST_STEP][PASSED] - result += random.nextInt(10): null

06-01-2025T09:34:21 - [TEST_STEP][PASSED] - result += random.nextInt(10): null

06-01-2025T09:34:21 - [TEST_STEP][PASSED] - result += random.nextInt(10): null

06-01-2025T09:34:21 - [TEST_STEP][PASSED] - result += random.nextInt(10): null

06-01-2025T09:34:21 - [TEST_STEP][PASSED] - result += random.nextInt(10): null

06-01-2025T09:34:21 - [TEST_STEP][PASSED] - return result: null

06-01-2025T09:34:21 - [TEST_STEP][PASSED] - attempt = 0: null

06-01-2025T09:34:21 - [TEST_STEP][PASSED] - isSaved = false: null

06-01-2025T09:34:21 - [TEST_STEP][PASSED] - maxAttempts = 5: null

06-01-2025T09:34:21 - [TEST_STEP][PASSED] - while (!(isSaved) && attempt < maxAttempts): null

06-01-2025T09:34:21 - [TEST_STEP][PASSED] - (attempt++): null

06-01-2025T09:34:21 - [TEST_STEP][PASSED] - println(Percobaan ke-$attempt): null

06-01-2025T09:34:21 - [TEST_STEP][PASSED] - clearAndSetText(findTestObject("Master Data/Admin Sekolah/Akun Bank/Edit Akun Bank/Field Nomor Rekening Bank"), initialAccountNumber): null

06-01-2025T09:34:21 - [TEST_STEP][PASSED] - sendKeys(testObject, Keys.chord(CONTROL, "a")): Keys 'CONTROL + a' sent to object: 'Object Repository/Master Data/Admin Sekolah/Akun Bank/Edit Akun Bank/Field Nomor Rekening Bank'

06-01-2025T09:34:22 - [MESSAGE][PASSED] - Keys 'CONTROL + a' sent to object: 'Object Repository/Master Data/Admin Sekolah/Akun Bank/Edit Akun Bank/Field Nomor Rekening Bank'

06-01-2025T09:34:22 - [TEST_STEP][PASSED] - sendKeys(testObject, Keys.chord(BACK_SPACE)): Keys 'BACK_SPACE + ' sent to object: 'Object Repository/Master Data/Admin Sekolah/Akun Bank/Edit Akun Bank/Field Nomor Rekening Bank'

06-01-2025T09:34:22 - [MESSAGE][PASSED] - Keys 'BACK_SPACE + ' sent to object: 'Object Repository/Master Data/Admin Sekolah/Akun Bank/Edit Akun Bank/Field Nomor Rekening Bank'

06-01-2025T09:34:22 - [TEST_STEP][PASSED] - setText(testObject, newText): null

06-01-2025T09:34:23 - [MESSAGE][PASSED] - Text '641709526244' is set on object 'Object Repository/Master Data/Admin Sekolah/Akun Bank/Edit Akun Bank/Field Nomor Rekening Bank'

06-01-2025T09:34:23 - [TEST_STEP][PASSED] - click(findTestObject("Master Data/Admin Sekolah/Akun Bank/Edit Akun Bank/Button Simpan")): Object: 'Object Repository/Master Data/Admin Sekolah/Akun Bank/Edit Akun Bank/Button Simpan' is clicked on

06-01-2025T09:34:23 - [MESSAGE][PASSED] - Object: 'Object Repository/Master Data/Admin Sekolah/Akun Bank/Edit Akun Bank/Button Simpan' is clicked on

06-01-2025T09:34:23 - [TEST_STEP][PASSED] - if (verifyElementVisible(findTestObject("Master Data/Admin Sekolah/Akun Bank/Edit Akun Bank/Toast Notification Error Nomor Rekening Sudah Terdaftar"), OPTIONAL)): Unable to verify object is visible (Root cause: com.kms.katalon.core.exception.StepFailedException: Unable to verify object is visible
	at com.kms.katalon.core.webui.keyword.internal.WebUIKeywordMain.stepFailed(WebUIKeywordMain.groovy:117)
	at com.kms.katalon.core.webui.keyword.internal.WebUIKeywordMain.runKeyword(WebUIKeywordMain.groovy:43)
	at com.kms.katalon.core.webui.keyword.builtin.VerifyElementVisibleKeyword.verifyElementVisible(VerifyElementVisibleKeyword.groovy:97)
	at com.kms.katalon.core.webui.keyword.builtin.VerifyElementVisibleKeyword.execute(VerifyElementVisibleKeyword.groovy:67)
	at com.kms.katalon.core.keyword.internal.KeywordExecutor.executeKeywordForPlatform(KeywordExecutor.groovy:74)
	at com.kms.katalon.core.webui.keyword.WebUiBuiltInKeywords.verifyElementVisible(WebUiBuiltInKeywords.groovy:438)
	at Edit Akun Bank.run(Edit Akun Bank:76)
	at com.kms.katalon.core.main.ScriptEngine.run(ScriptEngine.java:194)
	at com.kms.katalon.core.main.ScriptEngine.runScriptAsRawText(ScriptEngine.java:119)
	at com.kms.katalon.core.main.TestCaseExecutor.runScript(TestCaseExecutor.java:448)
	at com.kms.katalon.core.main.TestCaseExecutor.doExecute(TestCaseExecutor.java:439)
	at com.kms.katalon.core.main.TestCaseExecutor.processExecutionPhase(TestCaseExecutor.java:418)
	at com.kms.katalon.core.main.TestCaseExecutor.accessMainPhase(TestCaseExecutor.java:410)
	at com.kms.katalon.core.main.TestCaseExecutor.execute(TestCaseExecutor.java:285)
	at com.kms.katalon.core.main.TestCaseMain.runTestCase(TestCaseMain.java:133)
	at com.kms.katalon.core.keyword.builtin.CallTestCaseKeyword$_callTestCase_closure1.doCall(CallTestCaseKeyword.groovy:59)
	at com.kms.katalon.core.keyword.builtin.CallTestCaseKeyword$_callTestCase_closure1.call(CallTestCaseKeyword.groovy)
	at com.kms.katalon.core.keyword.internal.KeywordMain.runKeyword(KeywordMain.groovy:75)
	at com.kms.katalon.core.keyword.builtin.CallTestCaseKeyword.callTestCase(CallTestCaseKeyword.groovy:81)
	at com.kms.katalon.core.keyword.builtin.CallTestCaseKeyword.execute(CallTestCaseKeyword.groovy:44)
	at com.kms.katalon.core.keyword.internal.KeywordExecutor.executeKeywordForPlatform(KeywordExecutor.groovy:74)
	at com.kms.katalon.core.keyword.BuiltinKeywords.callTestCase(BuiltinKeywords.groovy:310)
	at java.base/jdk.internal.reflect.NativeMethodAccessorImpl.invoke0(Native Method)
	at java.base/jdk.internal.reflect.NativeMethodAccessorImpl.invoke(NativeMethodAccessorImpl.java:77)
	at java.base/jdk.internal.reflect.DelegatingMethodAccessorImpl.invoke(DelegatingMethodAccessorImpl.java:43)
	at Regresi Akun Bank.run(Regresi Akun Bank:26)
	at com.kms.katalon.core.main.ScriptEngine.run(ScriptEngine.java:194)
	at com.kms.katalon.core.main.ScriptEngine.runScriptAsRawText(ScriptEngine.java:119)
	at com.kms.katalon.core.main.TestCaseExecutor.runScript(TestCaseExecutor.java:448)
	at com.kms.katalon.core.main.TestCaseExecutor.doExecute(TestCaseExecutor.java:439)
	at com.kms.katalon.core.main.TestCaseExecutor.processExecutionPhase(TestCaseExecutor.java:418)
	at com.kms.katalon.core.main.TestCaseExecutor.accessMainPhase(TestCaseExecutor.java:410)
	at com.kms.katalon.core.main.TestCaseExecutor.execute(TestCaseExecutor.java:285)
	at com.kms.katalon.core.common.CommonExecutor.accessTestCaseMainPhase(CommonExecutor.java:65)
	at com.kms.katalon.core.main.TestSuiteExecutor.accessTestSuiteMainPhase(TestSuiteExecutor.java:161)
	at com.kms.katalon.core.main.TestSuiteExecutor.execute(TestSuiteExecutor.java:107)
	at com.kms.katalon.core.main.TestCaseMain.startTestSuite(TestCaseMain.java:176)
	at TempTestSuite1736130766400.run(TempTestSuite1736130766400.groovy:35)
	at java.base/jdk.internal.reflect.NativeMethodAccessorImpl.invoke0(Native Method)
	at java.base/jdk.internal.reflect.NativeMethodAccessorImpl.invoke(NativeMethodAccessorImpl.java:77)
	at java.base/jdk.internal.reflect.DelegatingMethodAccessorImpl.invoke(DelegatingMethodAccessorImpl.java:43)
Caused by: java.lang.IllegalArgumentException: Object is null
	at com.kms.katalon.core.helper.KeywordHelper.checkTestObjectParameter(KeywordHelper.java:33)
	at com.kms.katalon.core.webui.keyword.builtin.VerifyElementVisibleKeyword$_verifyElementVisible_closure1.doCall(VerifyElementVisibleKeyword.groovy:75)
	at com.kms.katalon.core.webui.keyword.builtin.VerifyElementVisibleKeyword$_verifyElementVisible_closure1.call(VerifyElementVisibleKeyword.groovy)
	at com.kms.katalon.core.webui.keyword.internal.WebUIKeywordMain.runKeyword(WebUIKeywordMain.groovy:35)
	at com.kms.katalon.core.webui.keyword.builtin.VerifyElementVisibleKeyword.verifyElementVisible(VerifyElementVisibleKeyword.groovy:97)
	at com.kms.katalon.core.webui.keyword.builtin.VerifyElementVisibleKeyword.execute(VerifyElementVisibleKeyword.groovy:67)
	at com.kms.katalon.core.keyword.internal.KeywordExecutor.executeKeywordForPlatform(KeywordExecutor.groovy:74)
	at com.kms.katalon.core.webui.keyword.WebUiBuiltInKeywords.verifyElementVisible(WebUiBuiltInKeywords.groovy:438)
	at Script1733198752835.run(Script1733198752835.groovy:76)
	at com.kms.katalon.core.main.ScriptEngine.run(ScriptEngine.java:194)
	at com.kms.katalon.core.main.ScriptEngine.runScriptAsRawText(ScriptEngine.java:119)
	at com.kms.katalon.core.main.TestCaseExecutor.runScript(TestCaseExecutor.java:448)
	at com.kms.katalon.core.main.TestCaseExecutor.doExecute(TestCaseExecutor.java:439)
	at com.kms.katalon.core.main.TestCaseExecutor.processExecutionPhase(TestCaseExecutor.java:418)
	at com.kms.katalon.core.main.TestCaseExecutor.accessMainPhase(TestCaseExecutor.java:410)
	at com.kms.katalon.core.main.TestCaseExecutor.execute(TestCaseExecutor.java:285)
	at com.kms.katalon.core.main.TestCaseMain.runTestCase(TestCaseMain.java:133)
	at com.kms.katalon.core.keyword.builtin.CallTestCaseKeyword$_callTestCase_closure1.doCall(CallTestCaseKeyword.groovy:59)
	at com.kms.katalon.core.keyword.builtin.CallTestCaseKeyword$_callTestCase_closure1.call(CallTestCaseKeyword.groovy)
	at com.kms.katalon.core.keyword.internal.KeywordMain.runKeyword(KeywordMain.groovy:75)
	at com.kms.katalon.core.keyword.builtin.CallTestCaseKeyword.callTestCase(CallTestCaseKeyword.groovy:81)
	at com.kms.katalon.core.keyword.builtin.CallTestCaseKeyword.execute(CallTestCaseKeyword.groovy:44)
	at com.kms.katalon.core.keyword.internal.KeywordExecutor.executeKeywordForPlatform(KeywordExecutor.groovy:74)
	at com.kms.katalon.core.keyword.BuiltinKeywords.callTestCase(BuiltinKeywords.groovy:310)
	at java.base/jdk.internal.reflect.NativeMethodAccessorImpl.invoke0(Native Method)
	at java.base/jdk.internal.reflect.NativeMethodAccessorImpl.invoke(NativeMethodAccessorImpl.java:77)
	at java.base/jdk.internal.reflect.DelegatingMethodAccessorImpl.invoke(DelegatingMethodAccessorImpl.java:43)
	at Script1735746249821.run(Script1735746249821.groovy:26)
	... 15 more
)

06-01-2025T09:34:23 - [MESSAGE][WARNING] - Test object with id 'Object Repository/Master Data/Admin Sekolah/Akun Bank/Edit Akun Bank/Toast Notification Error Nomor Rekening Sudah Terdaftar' does not exist

06-01-2025T09:34:23 - [MESSAGE][WARNING] - Test object with id 'Object Repository/' does not exist

06-01-2025T09:34:23 - [MESSAGE][WARNING] - Unable to verify object is visible (Root cause: com.kms.katalon.core.exception.StepFailedException: Unable to verify object is visible
	at com.kms.katalon.core.webui.keyword.internal.WebUIKeywordMain.stepFailed(WebUIKeywordMain.groovy:117)
	at com.kms.katalon.core.webui.keyword.internal.WebUIKeywordMain.runKeyword(WebUIKeywordMain.groovy:43)
	at com.kms.katalon.core.webui.keyword.builtin.VerifyElementVisibleKeyword.verifyElementVisible(VerifyElementVisibleKeyword.groovy:97)
	at com.kms.katalon.core.webui.keyword.builtin.VerifyElementVisibleKeyword.execute(VerifyElementVisibleKeyword.groovy:67)
	at com.kms.katalon.core.keyword.internal.KeywordExecutor.executeKeywordForPlatform(KeywordExecutor.groovy:74)
	at com.kms.katalon.core.webui.keyword.WebUiBuiltInKeywords.verifyElementVisible(WebUiBuiltInKeywords.groovy:438)
	at Edit Akun Bank.run(Edit Akun Bank:76)
	at com.kms.katalon.core.main.ScriptEngine.run(ScriptEngine.java:194)
	at com.kms.katalon.core.main.ScriptEngine.runScriptAsRawText(ScriptEngine.java:119)
	at com.kms.katalon.core.main.TestCaseExecutor.runScript(TestCaseExecutor.java:448)
	at com.kms.katalon.core.main.TestCaseExecutor.doExecute(TestCaseExecutor.java:439)
	at com.kms.katalon.core.main.TestCaseExecutor.processExecutionPhase(TestCaseExecutor.java:418)
	at com.kms.katalon.core.main.TestCaseExecutor.accessMainPhase(TestCaseExecutor.java:410)
	at com.kms.katalon.core.main.TestCaseExecutor.execute(TestCaseExecutor.java:285)
	at com.kms.katalon.core.main.TestCaseMain.runTestCase(TestCaseMain.java:133)
	at com.kms.katalon.core.keyword.builtin.CallTestCaseKeyword$_callTestCase_closure1.doCall(CallTestCaseKeyword.groovy:59)
	at com.kms.katalon.core.keyword.builtin.CallTestCaseKeyword$_callTestCase_closure1.call(CallTestCaseKeyword.groovy)
	at com.kms.katalon.core.keyword.internal.KeywordMain.runKeyword(KeywordMain.groovy:75)
	at com.kms.katalon.core.keyword.builtin.CallTestCaseKeyword.callTestCase(CallTestCaseKeyword.groovy:81)
	at com.kms.katalon.core.keyword.builtin.CallTestCaseKeyword.execute(CallTestCaseKeyword.groovy:44)
	at com.kms.katalon.core.keyword.internal.KeywordExecutor.executeKeywordForPlatform(KeywordExecutor.groovy:74)
	at com.kms.katalon.core.keyword.BuiltinKeywords.callTestCase(BuiltinKeywords.groovy:310)
	at java.base/jdk.internal.reflect.NativeMethodAccessorImpl.invoke0(Native Method)
	at java.base/jdk.internal.reflect.NativeMethodAccessorImpl.invoke(NativeMethodAccessorImpl.java:77)
	at java.base/jdk.internal.reflect.DelegatingMethodAccessorImpl.invoke(DelegatingMethodAccessorImpl.java:43)
	at Regresi Akun Bank.run(Regresi Akun Bank:26)
	at com.kms.katalon.core.main.ScriptEngine.run(ScriptEngine.java:194)
	at com.kms.katalon.core.main.ScriptEngine.runScriptAsRawText(ScriptEngine.java:119)
	at com.kms.katalon.core.main.TestCaseExecutor.runScript(TestCaseExecutor.java:448)
	at com.kms.katalon.core.main.TestCaseExecutor.doExecute(TestCaseExecutor.java:439)
	at com.kms.katalon.core.main.TestCaseExecutor.processExecutionPhase(TestCaseExecutor.java:418)
	at com.kms.katalon.core.main.TestCaseExecutor.accessMainPhase(TestCaseExecutor.java:410)
	at com.kms.katalon.core.main.TestCaseExecutor.execute(TestCaseExecutor.java:285)
	at com.kms.katalon.core.common.CommonExecutor.accessTestCaseMainPhase(CommonExecutor.java:65)
	at com.kms.katalon.core.main.TestSuiteExecutor.accessTestSuiteMainPhase(TestSuiteExecutor.java:161)
	at com.kms.katalon.core.main.TestSuiteExecutor.execute(TestSuiteExecutor.java:107)
	at com.kms.katalon.core.main.TestCaseMain.startTestSuite(TestCaseMain.java:176)
	at TempTestSuite1736130766400.run(TempTestSuite1736130766400.groovy:35)
	at java.base/jdk.internal.reflect.NativeMethodAccessorImpl.invoke0(Native Method)
	at java.base/jdk.internal.reflect.NativeMethodAccessorImpl.invoke(NativeMethodAccessorImpl.java:77)
	at java.base/jdk.internal.reflect.DelegatingMethodAccessorImpl.invoke(DelegatingMethodAccessorImpl.java:43)
Caused by: java.lang.IllegalArgumentException: Object is null
	at com.kms.katalon.core.helper.KeywordHelper.checkTestObjectParameter(KeywordHelper.java:33)
	at com.kms.katalon.core.webui.keyword.builtin.VerifyElementVisibleKeyword$_verifyElementVisible_closure1.doCall(VerifyElementVisibleKeyword.groovy:75)
	at com.kms.katalon.core.webui.keyword.builtin.VerifyElementVisibleKeyword$_verifyElementVisible_closure1.call(VerifyElementVisibleKeyword.groovy)
	at com.kms.katalon.core.webui.keyword.internal.WebUIKeywordMain.runKeyword(WebUIKeywordMain.groovy:35)
	at com.kms.katalon.core.webui.keyword.builtin.VerifyElementVisibleKeyword.verifyElementVisible(VerifyElementVisibleKeyword.groovy:97)
	at com.kms.katalon.core.webui.keyword.builtin.VerifyElementVisibleKeyword.execute(VerifyElementVisibleKeyword.groovy:67)
	at com.kms.katalon.core.keyword.internal.KeywordExecutor.executeKeywordForPlatform(KeywordExecutor.groovy:74)
	at com.kms.katalon.core.webui.keyword.WebUiBuiltInKeywords.verifyElementVisible(WebUiBuiltInKeywords.groovy:438)
	at Script1733198752835.run(Script1733198752835.groovy:76)
	at com.kms.katalon.core.main.ScriptEngine.run(ScriptEngine.java:194)
	at com.kms.katalon.core.main.ScriptEngine.runScriptAsRawText(ScriptEngine.java:119)
	at com.kms.katalon.core.main.TestCaseExecutor.runScript(TestCaseExecutor.java:448)
	at com.kms.katalon.core.main.TestCaseExecutor.doExecute(TestCaseExecutor.java:439)
	at com.kms.katalon.core.main.TestCaseExecutor.processExecutionPhase(TestCaseExecutor.java:418)
	at com.kms.katalon.core.main.TestCaseExecutor.accessMainPhase(TestCaseExecutor.java:410)
	at com.kms.katalon.core.main.TestCaseExecutor.execute(TestCaseExecutor.java:285)
	at com.kms.katalon.core.main.TestCaseMain.runTestCase(TestCaseMain.java:133)
	at com.kms.katalon.core.keyword.builtin.CallTestCaseKeyword$_callTestCase_closure1.doCall(CallTestCaseKeyword.groovy:59)
	at com.kms.katalon.core.keyword.builtin.CallTestCaseKeyword$_callTestCase_closure1.call(CallTestCaseKeyword.groovy)
	at com.kms.katalon.core.keyword.internal.KeywordMain.runKeyword(KeywordMain.groovy:75)
	at com.kms.katalon.core.keyword.builtin.CallTestCaseKeyword.callTestCase(CallTestCaseKeyword.groovy:81)
	at com.kms.katalon.core.keyword.builtin.CallTestCaseKeyword.execute(CallTestCaseKeyword.groovy:44)
	at com.kms.katalon.core.keyword.internal.KeywordExecutor.executeKeywordForPlatform(KeywordExecutor.groovy:74)
	at com.kms.katalon.core.keyword.BuiltinKeywords.callTestCase(BuiltinKeywords.groovy:310)
	at java.base/jdk.internal.reflect.NativeMethodAccessorImpl.invoke0(Native Method)
	at java.base/jdk.internal.reflect.NativeMethodAccessorImpl.invoke(NativeMethodAccessorImpl.java:77)
	at java.base/jdk.internal.reflect.DelegatingMethodAccessorImpl.invoke(DelegatingMethodAccessorImpl.java:43)
	at Script1735746249821.run(Script1735746249821.groovy:26)
	... 15 more
)
[[ATTACHMENT|C:\\Users\\henri\\Videos\\school-payment-automation-testing\\Reports\\20250106_093246\\Regresi All Sprint\\20250106_093246\\1736130863386.png]]

06-01-2025T09:34:23 - [TEST_STEP][PASSED] - else: null

06-01-2025T09:34:23 - [TEST_STEP][PASSED] - isSaved = true: null

06-01-2025T09:34:23 - [TEST_STEP][PASSED] - println("Data berhasil disimpan."): null

06-01-2025T09:34:23 - [TEST_STEP][PASSED] - if (isSaved): Object 'Object Repository/Master Data/Admin Sekolah/Akun Bank/Edit Akun Bank/Toast Notification Data Berhasil Diubah' is visible

06-01-2025T09:34:23 - [TEST_STEP][PASSED] - verifyElementVisible(findTestObject("Master Data/Admin Sekolah/Akun Bank/Edit Akun Bank/Toast Notification Data Berhasil Diubah"), STOP_ON_FAILURE): Object 'Object Repository/Master Data/Admin Sekolah/Akun Bank/Edit Akun Bank/Toast Notification Data Berhasil Diubah' is visible

06-01-2025T09:34:24 - [MESSAGE][PASSED] - Object 'Object Repository/Master Data/Admin Sekolah/Akun Bank/Edit Akun Bank/Toast Notification Data Berhasil Diubah' is visible

06-01-2025T09:34:24 - [TEST_STEP][PASSED] - closeBrowser(): Browser is closed

06-01-2025T09:34:24 - [MESSAGE][PASSED] - Browser is closed

06-01-2025T09:34:24 - [MESSAGE][PASSED] - Call Test Case 'Test Cases/Master Data/Admin Sekolah/Master Data Akun Bank/Edit Akun Bank' successfully

06-01-2025T09:34:24 - [TEST_STEP][PASSED] - println("============================= Loop Again ==============================="): null]]></system-out>
         <system-err><![CDATA[]]></system-err>
      </testcase>
      <testcase name="Test Cases/Regresi Feature/Sprint 1/Regresi Kelas" time="179.31" classname="Test Cases/Regresi Feature/Sprint 1/Regresi Kelas" status="PASSED">
         <system-out><![CDATA[06-01-2025T09:34:24 - [TEST_CASE][PASSED] - Test Cases/Regresi Feature/Sprint 1/Regresi Kelas: Test Cases/Regresi Feature/Sprint 1/Regresi Kelas

06-01-2025T09:34:24 - [TEST_STEP][PASSED] - for ([i = 1, i <= maxLoop, (i++)]): null

06-01-2025T09:34:24 - [TEST_STEP][PASSED] - callTestCase(findTestCase("Test Cases/Master Data/Admin Sekolah/Master Data Kelas/Edit Kelas"), [:], CONTINUE_ON_FAILURE): Call Test Case 'Test Cases/Master Data/Admin Sekolah/Master Data Kelas/Edit Kelas' successfully

06-01-2025T09:34:24 - [TEST_CASE][PASSED] - Test Cases/Master Data/Admin Sekolah/Master Data Kelas/Edit Kelas: Test Cases/Master Data/Admin Sekolah/Master Data Kelas/Edit Kelas

06-01-2025T09:34:24 - [TEST_STEP][PASSED] - openBrowser("", CONTINUE_ON_FAILURE): Browser is opened with url: ''

06-01-2025T09:34:24 - [MESSAGE][INFO] - Starting 'Chrome' driver

06-01-2025T09:34:24 - [MESSAGE][INFO] - Action delay is set to 0 milliseconds

06-01-2025T09:34:25 - [MESSAGE][PASSED] - Browser is opened with url: ''

06-01-2025T09:34:25 - [TEST_STEP][PASSED] - navigateToUrl("https://sit.siprusedu.com/login", CONTINUE_ON_FAILURE): Navigate to 'https://sit.siprusedu.com/login' successfully

06-01-2025T09:34:44 - [MESSAGE][PASSED] - Navigate to 'https://sit.siprusedu.com/login' successfully

06-01-2025T09:34:44 - [TEST_STEP][PASSED] - click(findTestObject("Master Data/Admin Sekolah/Login/Field Email"), CONTINUE_ON_FAILURE): Object: 'Object Repository/Master Data/Admin Sekolah/Login/Field Email' is clicked on

06-01-2025T09:34:45 - [MESSAGE][PASSED] - Object: 'Object Repository/Master Data/Admin Sekolah/Login/Field Email' is clicked on

06-01-2025T09:34:45 - [TEST_STEP][PASSED] - setText(findTestObject("Master Data/Admin Sekolah/Login/Field Email"), "admin.gudangsolusi@digiform.co.id", CONTINUE_ON_FAILURE): Text 'admin.gudangsolusi@digiform.co.id' is set on object 'Object Repository/Master Data/Admin Sekolah/Login/Field Email'

06-01-2025T09:34:45 - [MESSAGE][PASSED] - Text 'admin.gudangsolusi@digiform.co.id' is set on object 'Object Repository/Master Data/Admin Sekolah/Login/Field Email'

06-01-2025T09:34:45 - [TEST_STEP][PASSED] - click(findTestObject("Master Data/Admin Sekolah/Login/Input Password"), CONTINUE_ON_FAILURE): Object: 'Object Repository/Master Data/Admin Sekolah/Login/Input Password' is clicked on

06-01-2025T09:34:46 - [MESSAGE][PASSED] - Object: 'Object Repository/Master Data/Admin Sekolah/Login/Input Password' is clicked on

06-01-2025T09:34:46 - [TEST_STEP][PASSED] - setText(findTestObject("Master Data/Admin Sekolah/Login/Input Password"), "Test1234", CONTINUE_ON_FAILURE): Text 'Test1234' is set on object 'Object Repository/Master Data/Admin Sekolah/Login/Input Password'

06-01-2025T09:34:46 - [MESSAGE][PASSED] - Text 'Test1234' is set on object 'Object Repository/Master Data/Admin Sekolah/Login/Input Password'

06-01-2025T09:34:46 - [TEST_STEP][PASSED] - click(findTestObject("Master Data/Admin Sekolah/Login/Button Submit"), CONTINUE_ON_FAILURE): Object: 'Object Repository/Master Data/Admin Sekolah/Login/Button Submit' is clicked on

06-01-2025T09:34:46 - [MESSAGE][PASSED] - Object: 'Object Repository/Master Data/Admin Sekolah/Login/Button Submit' is clicked on

06-01-2025T09:34:46 - [TEST_STEP][PASSED] - click(findTestObject("Master Data/Admin Sekolah/HomePageMenu/Sidebar Menu"), CONTINUE_ON_FAILURE): Object: 'Object Repository/Master Data/Admin Sekolah/HomePageMenu/Sidebar Menu' is clicked on

06-01-2025T09:34:48 - [MESSAGE][PASSED] - Object: 'Object Repository/Master Data/Admin Sekolah/HomePageMenu/Sidebar Menu' is clicked on

06-01-2025T09:34:48 - [TEST_STEP][PASSED] - click(findTestObject("Master Data/Admin Sekolah/HomePageMenu/Sub Menu Kelas"), CONTINUE_ON_FAILURE): Object: 'Object Repository/Master Data/Admin Sekolah/HomePageMenu/Sub Menu Kelas' is clicked on

06-01-2025T09:35:07 - [MESSAGE][PASSED] - Object: 'Object Repository/Master Data/Admin Sekolah/HomePageMenu/Sub Menu Kelas' is clicked on

06-01-2025T09:35:07 - [TEST_STEP][PASSED] - click(findTestObject("Master Data/Admin Sekolah/Edit Kelas/Edit Kelas"), CONTINUE_ON_FAILURE): Object: 'Object Repository/Master Data/Admin Sekolah/Edit Kelas/Edit Kelas' is clicked on

06-01-2025T09:35:08 - [MESSAGE][PASSED] - Object: 'Object Repository/Master Data/Admin Sekolah/Edit Kelas/Edit Kelas' is clicked on

06-01-2025T09:35:08 - [TEST_STEP][PASSED] - click(findTestObject("Master Data/Admin Sekolah/Edit Kelas/Modal Edit/Unit/Pilih Unit"), CONTINUE_ON_FAILURE): Object: 'Object Repository/Master Data/Admin Sekolah/Edit Kelas/Modal Edit/Unit/Pilih Unit' is clicked on

06-01-2025T09:35:09 - [MESSAGE][PASSED] - Object: 'Object Repository/Master Data/Admin Sekolah/Edit Kelas/Modal Edit/Unit/Pilih Unit' is clicked on

06-01-2025T09:35:09 - [TEST_STEP][PASSED] - click(findTestObject("Master Data/Admin Sekolah/Edit Kelas/Modal Edit/Unit/Klik Unit"), CONTINUE_ON_FAILURE): Object: 'Object Repository/Master Data/Admin Sekolah/Edit Kelas/Modal Edit/Unit/Klik Unit' is clicked on

06-01-2025T09:35:09 - [MESSAGE][PASSED] - Object: 'Object Repository/Master Data/Admin Sekolah/Edit Kelas/Modal Edit/Unit/Klik Unit' is clicked on

06-01-2025T09:35:09 - [TEST_STEP][PASSED] - click(findTestObject("Master Data/Admin Sekolah/Edit Kelas/Modal Edit/Suffix/Edit Suffix")): Object: 'Object Repository/Master Data/Admin Sekolah/Edit Kelas/Modal Edit/Suffix/Edit Suffix' is clicked on

06-01-2025T09:35:09 - [MESSAGE][PASSED] - Object: 'Object Repository/Master Data/Admin Sekolah/Edit Kelas/Modal Edit/Suffix/Edit Suffix' is clicked on

06-01-2025T09:35:09 - [TEST_STEP][PASSED] - suffixArray = ["Laravel Beginner Course", "Laravel Advanced Guide", "PHP Crash Course", "Mastering Laravel with PHP", "Laravel for Beginners", "Full Stack PHP Development", "Backend Laravel Pro", "Laravel 4 With PHP", "PHP Framework Essentials", "Laravel API Development"]: null

06-01-2025T09:35:09 - [TEST_STEP][PASSED] - randomSuffix = suffixArray[Random().nextInt(length)]: null

06-01-2025T09:35:09 - [TEST_STEP][PASSED] - sendKeys(findTestObject("Master Data/Admin Sekolah/Edit Kelas/Modal Edit/Suffix/Edit Suffix"), Keys.chord(CONTROL, "a"), CONTINUE_ON_FAILURE): Keys 'CONTROL + a' sent to object: 'Object Repository/Master Data/Admin Sekolah/Edit Kelas/Modal Edit/Suffix/Edit Suffix'

06-01-2025T09:35:10 - [MESSAGE][PASSED] - Keys 'CONTROL + a' sent to object: 'Object Repository/Master Data/Admin Sekolah/Edit Kelas/Modal Edit/Suffix/Edit Suffix'

06-01-2025T09:35:10 - [TEST_STEP][PASSED] - sendKeys(findTestObject("Master Data/Admin Sekolah/Edit Kelas/Modal Edit/Suffix/Edit Suffix"), Keys.chord(BACK_SPACE), CONTINUE_ON_FAILURE): Keys 'BACK_SPACE + ' sent to object: 'Object Repository/Master Data/Admin Sekolah/Edit Kelas/Modal Edit/Suffix/Edit Suffix'

06-01-2025T09:35:10 - [MESSAGE][PASSED] - Keys 'BACK_SPACE + ' sent to object: 'Object Repository/Master Data/Admin Sekolah/Edit Kelas/Modal Edit/Suffix/Edit Suffix'

06-01-2025T09:35:10 - [TEST_STEP][PASSED] - delay(1): Delayed 1 second(s)

06-01-2025T09:35:11 - [MESSAGE][PASSED] - Delayed 1 second(s)

06-01-2025T09:35:11 - [TEST_STEP][PASSED] - setText(findTestObject("Master Data/Admin Sekolah/Edit Kelas/Modal Edit/Suffix/Edit Suffix"), randomSuffix, CONTINUE_ON_FAILURE): Text 'PHP Framework Essentials' is set on object 'Object Repository/Master Data/Admin Sekolah/Edit Kelas/Modal Edit/Suffix/Edit Suffix'

06-01-2025T09:35:12 - [MESSAGE][PASSED] - Text 'PHP Framework Essentials' is set on object 'Object Repository/Master Data/Admin Sekolah/Edit Kelas/Modal Edit/Suffix/Edit Suffix'

06-01-2025T09:35:12 - [TEST_STEP][PASSED] - click(findTestObject("Master Data/Admin Sekolah/Edit Kelas/Modal Edit/Simpan/Simpan Perubahan"), CONTINUE_ON_FAILURE): Object: 'Object Repository/Master Data/Admin Sekolah/Edit Kelas/Modal Edit/Simpan/Simpan Perubahan' is clicked on

06-01-2025T09:35:12 - [MESSAGE][PASSED] - Object: 'Object Repository/Master Data/Admin Sekolah/Edit Kelas/Modal Edit/Simpan/Simpan Perubahan' is clicked on

06-01-2025T09:35:12 - [TEST_STEP][PASSED] - closeBrowser(CONTINUE_ON_FAILURE): Browser is closed

06-01-2025T09:35:12 - [MESSAGE][PASSED] - Browser is closed

06-01-2025T09:35:12 - [MESSAGE][PASSED] - Call Test Case 'Test Cases/Master Data/Admin Sekolah/Master Data Kelas/Edit Kelas' successfully

06-01-2025T09:35:12 - [TEST_STEP][PASSED] - callTestCase(findTestCase("Test Cases/Master Data/Admin Sekolah/Master Data Kelas/Tambah Kelas"), [:], CONTINUE_ON_FAILURE): Call Test Case 'Test Cases/Master Data/Admin Sekolah/Master Data Kelas/Tambah Kelas' successfully

06-01-2025T09:35:12 - [TEST_CASE][PASSED] - Test Cases/Master Data/Admin Sekolah/Master Data Kelas/Tambah Kelas: Test Cases/Master Data/Admin Sekolah/Master Data Kelas/Tambah Kelas

06-01-2025T09:35:12 - [TEST_STEP][PASSED] - openBrowser("", CONTINUE_ON_FAILURE): Browser is opened with url: ''

06-01-2025T09:35:12 - [MESSAGE][INFO] - Starting 'Chrome' driver

06-01-2025T09:35:12 - [MESSAGE][INFO] - Action delay is set to 0 milliseconds

06-01-2025T09:35:13 - [MESSAGE][PASSED] - Browser is opened with url: ''

06-01-2025T09:35:13 - [TEST_STEP][PASSED] - navigateToUrl("https://sit.siprusedu.com/login"): Navigate to 'https://sit.siprusedu.com/login' successfully

06-01-2025T09:35:14 - [MESSAGE][PASSED] - Navigate to 'https://sit.siprusedu.com/login' successfully

06-01-2025T09:35:14 - [TEST_STEP][PASSED] - click(findTestObject("Master Data/Admin Sekolah/Login/Field Email"), CONTINUE_ON_FAILURE): Object: 'Object Repository/Master Data/Admin Sekolah/Login/Field Email' is clicked on

06-01-2025T09:35:15 - [MESSAGE][PASSED] - Object: 'Object Repository/Master Data/Admin Sekolah/Login/Field Email' is clicked on

06-01-2025T09:35:15 - [TEST_STEP][PASSED] - setText(findTestObject("Master Data/Admin Sekolah/Login/Field Email"), "admin.gudangsolusi@digiform.co.id", CONTINUE_ON_FAILURE): Text 'admin.gudangsolusi@digiform.co.id' is set on object 'Object Repository/Master Data/Admin Sekolah/Login/Field Email'

06-01-2025T09:35:16 - [MESSAGE][PASSED] - Text 'admin.gudangsolusi@digiform.co.id' is set on object 'Object Repository/Master Data/Admin Sekolah/Login/Field Email'

06-01-2025T09:35:16 - [TEST_STEP][PASSED] - click(findTestObject("Master Data/Admin Sekolah/Login/Input Password"), CONTINUE_ON_FAILURE): Object: 'Object Repository/Master Data/Admin Sekolah/Login/Input Password' is clicked on

06-01-2025T09:35:16 - [MESSAGE][PASSED] - Object: 'Object Repository/Master Data/Admin Sekolah/Login/Input Password' is clicked on

06-01-2025T09:35:16 - [TEST_STEP][PASSED] - setText(findTestObject("Master Data/Admin Sekolah/Login/Input Password"), "Test1234", CONTINUE_ON_FAILURE): Text 'Test1234' is set on object 'Object Repository/Master Data/Admin Sekolah/Login/Input Password'

06-01-2025T09:35:17 - [MESSAGE][PASSED] - Text 'Test1234' is set on object 'Object Repository/Master Data/Admin Sekolah/Login/Input Password'

06-01-2025T09:35:17 - [TEST_STEP][PASSED] - click(findTestObject("Master Data/Admin Sekolah/Login/Button Submit"), CONTINUE_ON_FAILURE): Object: 'Object Repository/Master Data/Admin Sekolah/Login/Button Submit' is clicked on

06-01-2025T09:35:17 - [MESSAGE][PASSED] - Object: 'Object Repository/Master Data/Admin Sekolah/Login/Button Submit' is clicked on

06-01-2025T09:35:17 - [TEST_STEP][PASSED] - click(findTestObject("Master Data/Admin Sekolah/HomePageMenu/Sidebar Menu"), CONTINUE_ON_FAILURE): Object: 'Object Repository/Master Data/Admin Sekolah/HomePageMenu/Sidebar Menu' is clicked on

06-01-2025T09:35:19 - [MESSAGE][PASSED] - Object: 'Object Repository/Master Data/Admin Sekolah/HomePageMenu/Sidebar Menu' is clicked on

06-01-2025T09:35:19 - [TEST_STEP][PASSED] - click(findTestObject("Master Data/Admin Sekolah/HomePageMenu/Sub Menu Kelas"), CONTINUE_ON_FAILURE): Object: 'Object Repository/Master Data/Admin Sekolah/HomePageMenu/Sub Menu Kelas' is clicked on

06-01-2025T09:35:19 - [MESSAGE][PASSED] - Object: 'Object Repository/Master Data/Admin Sekolah/HomePageMenu/Sub Menu Kelas' is clicked on

06-01-2025T09:35:19 - [TEST_STEP][PASSED] - click(findTestObject("Master Data/Admin Sekolah/Tambah Kelas/Tambah Kelas"), CONTINUE_ON_FAILURE): Object: 'Object Repository/Master Data/Admin Sekolah/Tambah Kelas/Tambah Kelas' is clicked on

06-01-2025T09:35:20 - [MESSAGE][PASSED] - Object: 'Object Repository/Master Data/Admin Sekolah/Tambah Kelas/Tambah Kelas' is clicked on

06-01-2025T09:35:20 - [TEST_STEP][PASSED] - click(findTestObject("Master Data/Admin Sekolah/Tambah Kelas/Modal Tambah/Unit/Pilih Unit"), CONTINUE_ON_FAILURE): Object: 'Object Repository/Master Data/Admin Sekolah/Tambah Kelas/Modal Tambah/Unit/Pilih Unit' is clicked on

06-01-2025T09:35:21 - [MESSAGE][PASSED] - Object: 'Object Repository/Master Data/Admin Sekolah/Tambah Kelas/Modal Tambah/Unit/Pilih Unit' is clicked on

06-01-2025T09:35:21 - [TEST_STEP][PASSED] - click(findTestObject("Master Data/Admin Sekolah/Tambah Kelas/Modal Tambah/Unit/Klik Unit"), CONTINUE_ON_FAILURE): Object: 'Object Repository/Master Data/Admin Sekolah/Tambah Kelas/Modal Tambah/Unit/Klik Unit' is clicked on

06-01-2025T09:35:21 - [MESSAGE][PASSED] - Object: 'Object Repository/Master Data/Admin Sekolah/Tambah Kelas/Modal Tambah/Unit/Klik Unit' is clicked on

06-01-2025T09:35:21 - [TEST_STEP][PASSED] - click(findTestObject("Master Data/Admin Sekolah/Tambah Kelas/Modal Tambah/Prefix/Klik Prefix"), CONTINUE_ON_FAILURE): Object: 'Object Repository/Master Data/Admin Sekolah/Tambah Kelas/Modal Tambah/Prefix/Klik Prefix' is clicked on

06-01-2025T09:35:21 - [MESSAGE][PASSED] - Object: 'Object Repository/Master Data/Admin Sekolah/Tambah Kelas/Modal Tambah/Prefix/Klik Prefix' is clicked on

06-01-2025T09:35:21 - [TEST_STEP][PASSED] - click(findTestObject("Master Data/Admin Sekolah/Tambah Kelas/Modal Tambah/Prefix/Pilih Prefix"), CONTINUE_ON_FAILURE): Object: 'Object Repository/Master Data/Admin Sekolah/Tambah Kelas/Modal Tambah/Prefix/Pilih Prefix' is clicked on

06-01-2025T09:35:22 - [MESSAGE][PASSED] - Object: 'Object Repository/Master Data/Admin Sekolah/Tambah Kelas/Modal Tambah/Prefix/Pilih Prefix' is clicked on

06-01-2025T09:35:22 - [TEST_STEP][PASSED] - suffixes = ["PHP", "JAVA", "PYTHON", "C++", "JS"]: null

06-01-2025T09:35:22 - [TEST_STEP][PASSED] - randomIndex = Random().nextInt(length): null

06-01-2025T09:35:22 - [TEST_STEP][PASSED] - randomNumber = Random().nextInt(10) + 1: null

06-01-2025T09:35:22 - [TEST_STEP][PASSED] - randomSuffix = suffixes[randomIndex] + " " + randomNumber: null

06-01-2025T09:35:22 - [TEST_STEP][PASSED] - setText(findTestObject("Master Data/Admin Sekolah/Tambah Kelas/Modal Tambah/Suffix/Input Suffix kelas"), randomSuffix, CONTINUE_ON_FAILURE): Text 'JS 6' is set on object 'Object Repository/Master Data/Admin Sekolah/Tambah Kelas/Modal Tambah/Suffix/Input Suffix kelas'

06-01-2025T09:35:23 - [MESSAGE][PASSED] - Text 'JS 6' is set on object 'Object Repository/Master Data/Admin Sekolah/Tambah Kelas/Modal Tambah/Suffix/Input Suffix kelas'

06-01-2025T09:35:23 - [TEST_STEP][PASSED] - click(findTestObject("Master Data/Admin Sekolah/Tambah Kelas/Modal Tambah/Jurusan/Klik Jurusan"), CONTINUE_ON_FAILURE): Object: 'Object Repository/Master Data/Admin Sekolah/Tambah Kelas/Modal Tambah/Jurusan/Klik Jurusan' is clicked on

06-01-2025T09:35:23 - [MESSAGE][PASSED] - Object: 'Object Repository/Master Data/Admin Sekolah/Tambah Kelas/Modal Tambah/Jurusan/Klik Jurusan' is clicked on

06-01-2025T09:35:23 - [TEST_STEP][PASSED] - click(findTestObject("Master Data/Admin Sekolah/Tambah Kelas/Modal Tambah/Jurusan/Pilih Jurusan"), CONTINUE_ON_FAILURE): Object: 'Object Repository/Master Data/Admin Sekolah/Tambah Kelas/Modal Tambah/Jurusan/Pilih Jurusan' is clicked on

06-01-2025T09:35:23 - [MESSAGE][PASSED] - Object: 'Object Repository/Master Data/Admin Sekolah/Tambah Kelas/Modal Tambah/Jurusan/Pilih Jurusan' is clicked on

06-01-2025T09:35:23 - [TEST_STEP][PASSED] - click(findTestObject("Master Data/Admin Sekolah/Tambah Kelas/Modal Tambah/Tambahkan/Tambah Data"), CONTINUE_ON_FAILURE): Object: 'Object Repository/Master Data/Admin Sekolah/Tambah Kelas/Modal Tambah/Tambahkan/Tambah Data' is clicked on

06-01-2025T09:35:24 - [MESSAGE][PASSED] - Object: 'Object Repository/Master Data/Admin Sekolah/Tambah Kelas/Modal Tambah/Tambahkan/Tambah Data' is clicked on

06-01-2025T09:35:24 - [TEST_STEP][PASSED] - closeBrowser(CONTINUE_ON_FAILURE): Browser is closed

06-01-2025T09:35:24 - [MESSAGE][PASSED] - Browser is closed

06-01-2025T09:35:24 - [MESSAGE][PASSED] - Call Test Case 'Test Cases/Master Data/Admin Sekolah/Master Data Kelas/Tambah Kelas' successfully

06-01-2025T09:35:24 - [TEST_STEP][PASSED] - println("============================= Loop Again ==============================="): null

06-01-2025T09:35:24 - [TEST_STEP][PASSED] - callTestCase(findTestCase("Test Cases/Master Data/Admin Sekolah/Master Data Kelas/Edit Kelas"), [:], CONTINUE_ON_FAILURE): Call Test Case 'Test Cases/Master Data/Admin Sekolah/Master Data Kelas/Edit Kelas' successfully

06-01-2025T09:35:24 - [TEST_CASE][PASSED] - Test Cases/Master Data/Admin Sekolah/Master Data Kelas/Edit Kelas: Test Cases/Master Data/Admin Sekolah/Master Data Kelas/Edit Kelas

06-01-2025T09:35:24 - [TEST_STEP][PASSED] - openBrowser("", CONTINUE_ON_FAILURE): Browser is opened with url: ''

06-01-2025T09:35:24 - [MESSAGE][INFO] - Starting 'Chrome' driver

06-01-2025T09:35:24 - [MESSAGE][INFO] - Action delay is set to 0 milliseconds

06-01-2025T09:35:25 - [MESSAGE][PASSED] - Browser is opened with url: ''

06-01-2025T09:35:25 - [TEST_STEP][PASSED] - navigateToUrl("https://sit.siprusedu.com/login", CONTINUE_ON_FAILURE): Navigate to 'https://sit.siprusedu.com/login' successfully

06-01-2025T09:35:44 - [MESSAGE][PASSED] - Navigate to 'https://sit.siprusedu.com/login' successfully

06-01-2025T09:35:44 - [TEST_STEP][PASSED] - click(findTestObject("Master Data/Admin Sekolah/Login/Field Email"), CONTINUE_ON_FAILURE): Object: 'Object Repository/Master Data/Admin Sekolah/Login/Field Email' is clicked on

06-01-2025T09:35:45 - [MESSAGE][PASSED] - Object: 'Object Repository/Master Data/Admin Sekolah/Login/Field Email' is clicked on

06-01-2025T09:35:45 - [TEST_STEP][PASSED] - setText(findTestObject("Master Data/Admin Sekolah/Login/Field Email"), "admin.gudangsolusi@digiform.co.id", CONTINUE_ON_FAILURE): Text 'admin.gudangsolusi@digiform.co.id' is set on object 'Object Repository/Master Data/Admin Sekolah/Login/Field Email'

06-01-2025T09:35:46 - [MESSAGE][PASSED] - Text 'admin.gudangsolusi@digiform.co.id' is set on object 'Object Repository/Master Data/Admin Sekolah/Login/Field Email'

06-01-2025T09:35:46 - [TEST_STEP][PASSED] - click(findTestObject("Master Data/Admin Sekolah/Login/Input Password"), CONTINUE_ON_FAILURE): Object: 'Object Repository/Master Data/Admin Sekolah/Login/Input Password' is clicked on

06-01-2025T09:35:46 - [MESSAGE][PASSED] - Object: 'Object Repository/Master Data/Admin Sekolah/Login/Input Password' is clicked on

06-01-2025T09:35:46 - [TEST_STEP][PASSED] - setText(findTestObject("Master Data/Admin Sekolah/Login/Input Password"), "Test1234", CONTINUE_ON_FAILURE): Text 'Test1234' is set on object 'Object Repository/Master Data/Admin Sekolah/Login/Input Password'

06-01-2025T09:35:46 - [MESSAGE][PASSED] - Text 'Test1234' is set on object 'Object Repository/Master Data/Admin Sekolah/Login/Input Password'

06-01-2025T09:35:46 - [TEST_STEP][PASSED] - click(findTestObject("Master Data/Admin Sekolah/Login/Button Submit"), CONTINUE_ON_FAILURE): Object: 'Object Repository/Master Data/Admin Sekolah/Login/Button Submit' is clicked on

06-01-2025T09:35:47 - [MESSAGE][PASSED] - Object: 'Object Repository/Master Data/Admin Sekolah/Login/Button Submit' is clicked on

06-01-2025T09:35:47 - [TEST_STEP][PASSED] - click(findTestObject("Master Data/Admin Sekolah/HomePageMenu/Sidebar Menu"), CONTINUE_ON_FAILURE): Object: 'Object Repository/Master Data/Admin Sekolah/HomePageMenu/Sidebar Menu' is clicked on

06-01-2025T09:35:54 - [MESSAGE][PASSED] - Object: 'Object Repository/Master Data/Admin Sekolah/HomePageMenu/Sidebar Menu' is clicked on

06-01-2025T09:35:54 - [TEST_STEP][PASSED] - click(findTestObject("Master Data/Admin Sekolah/HomePageMenu/Sub Menu Kelas"), CONTINUE_ON_FAILURE): Object: 'Object Repository/Master Data/Admin Sekolah/HomePageMenu/Sub Menu Kelas' is clicked on

06-01-2025T09:35:54 - [MESSAGE][PASSED] - Object: 'Object Repository/Master Data/Admin Sekolah/HomePageMenu/Sub Menu Kelas' is clicked on

06-01-2025T09:35:54 - [TEST_STEP][PASSED] - click(findTestObject("Master Data/Admin Sekolah/Edit Kelas/Edit Kelas"), CONTINUE_ON_FAILURE): Object: 'Object Repository/Master Data/Admin Sekolah/Edit Kelas/Edit Kelas' is clicked on

06-01-2025T09:35:55 - [MESSAGE][PASSED] - Object: 'Object Repository/Master Data/Admin Sekolah/Edit Kelas/Edit Kelas' is clicked on

06-01-2025T09:35:55 - [TEST_STEP][PASSED] - click(findTestObject("Master Data/Admin Sekolah/Edit Kelas/Modal Edit/Unit/Pilih Unit"), CONTINUE_ON_FAILURE): Object: 'Object Repository/Master Data/Admin Sekolah/Edit Kelas/Modal Edit/Unit/Pilih Unit' is clicked on

06-01-2025T09:35:56 - [MESSAGE][PASSED] - Object: 'Object Repository/Master Data/Admin Sekolah/Edit Kelas/Modal Edit/Unit/Pilih Unit' is clicked on

06-01-2025T09:35:56 - [TEST_STEP][PASSED] - click(findTestObject("Master Data/Admin Sekolah/Edit Kelas/Modal Edit/Unit/Klik Unit"), CONTINUE_ON_FAILURE): Object: 'Object Repository/Master Data/Admin Sekolah/Edit Kelas/Modal Edit/Unit/Klik Unit' is clicked on

06-01-2025T09:35:56 - [MESSAGE][PASSED] - Object: 'Object Repository/Master Data/Admin Sekolah/Edit Kelas/Modal Edit/Unit/Klik Unit' is clicked on

06-01-2025T09:35:56 - [TEST_STEP][PASSED] - click(findTestObject("Master Data/Admin Sekolah/Edit Kelas/Modal Edit/Suffix/Edit Suffix")): Object: 'Object Repository/Master Data/Admin Sekolah/Edit Kelas/Modal Edit/Suffix/Edit Suffix' is clicked on

06-01-2025T09:35:56 - [MESSAGE][PASSED] - Object: 'Object Repository/Master Data/Admin Sekolah/Edit Kelas/Modal Edit/Suffix/Edit Suffix' is clicked on

06-01-2025T09:35:56 - [TEST_STEP][PASSED] - suffixArray = ["Laravel Beginner Course", "Laravel Advanced Guide", "PHP Crash Course", "Mastering Laravel with PHP", "Laravel for Beginners", "Full Stack PHP Development", "Backend Laravel Pro", "Laravel 4 With PHP", "PHP Framework Essentials", "Laravel API Development"]: null

06-01-2025T09:35:56 - [TEST_STEP][PASSED] - randomSuffix = suffixArray[Random().nextInt(length)]: null

06-01-2025T09:35:56 - [TEST_STEP][PASSED] - sendKeys(findTestObject("Master Data/Admin Sekolah/Edit Kelas/Modal Edit/Suffix/Edit Suffix"), Keys.chord(CONTROL, "a"), CONTINUE_ON_FAILURE): Keys 'CONTROL + a' sent to object: 'Object Repository/Master Data/Admin Sekolah/Edit Kelas/Modal Edit/Suffix/Edit Suffix'

06-01-2025T09:35:57 - [MESSAGE][PASSED] - Keys 'CONTROL + a' sent to object: 'Object Repository/Master Data/Admin Sekolah/Edit Kelas/Modal Edit/Suffix/Edit Suffix'

06-01-2025T09:35:57 - [TEST_STEP][PASSED] - sendKeys(findTestObject("Master Data/Admin Sekolah/Edit Kelas/Modal Edit/Suffix/Edit Suffix"), Keys.chord(BACK_SPACE), CONTINUE_ON_FAILURE): Keys 'BACK_SPACE + ' sent to object: 'Object Repository/Master Data/Admin Sekolah/Edit Kelas/Modal Edit/Suffix/Edit Suffix'

06-01-2025T09:35:57 - [MESSAGE][PASSED] - Keys 'BACK_SPACE + ' sent to object: 'Object Repository/Master Data/Admin Sekolah/Edit Kelas/Modal Edit/Suffix/Edit Suffix'

06-01-2025T09:35:57 - [TEST_STEP][PASSED] - delay(1): Delayed 1 second(s)

06-01-2025T09:35:58 - [MESSAGE][PASSED] - Delayed 1 second(s)

06-01-2025T09:35:58 - [TEST_STEP][PASSED] - setText(findTestObject("Master Data/Admin Sekolah/Edit Kelas/Modal Edit/Suffix/Edit Suffix"), randomSuffix, CONTINUE_ON_FAILURE): Text 'Full Stack PHP Development' is set on object 'Object Repository/Master Data/Admin Sekolah/Edit Kelas/Modal Edit/Suffix/Edit Suffix'

06-01-2025T09:35:59 - [MESSAGE][PASSED] - Text 'Full Stack PHP Development' is set on object 'Object Repository/Master Data/Admin Sekolah/Edit Kelas/Modal Edit/Suffix/Edit Suffix'

06-01-2025T09:35:59 - [TEST_STEP][PASSED] - click(findTestObject("Master Data/Admin Sekolah/Edit Kelas/Modal Edit/Simpan/Simpan Perubahan"), CONTINUE_ON_FAILURE): Object: 'Object Repository/Master Data/Admin Sekolah/Edit Kelas/Modal Edit/Simpan/Simpan Perubahan' is clicked on

06-01-2025T09:35:59 - [MESSAGE][PASSED] - Object: 'Object Repository/Master Data/Admin Sekolah/Edit Kelas/Modal Edit/Simpan/Simpan Perubahan' is clicked on

06-01-2025T09:35:59 - [TEST_STEP][PASSED] - closeBrowser(CONTINUE_ON_FAILURE): Browser is closed

06-01-2025T09:35:59 - [MESSAGE][PASSED] - Browser is closed

06-01-2025T09:35:59 - [MESSAGE][PASSED] - Call Test Case 'Test Cases/Master Data/Admin Sekolah/Master Data Kelas/Edit Kelas' successfully

06-01-2025T09:35:59 - [TEST_STEP][PASSED] - callTestCase(findTestCase("Test Cases/Master Data/Admin Sekolah/Master Data Kelas/Tambah Kelas"), [:], CONTINUE_ON_FAILURE): Call Test Case 'Test Cases/Master Data/Admin Sekolah/Master Data Kelas/Tambah Kelas' successfully

06-01-2025T09:35:59 - [TEST_CASE][PASSED] - Test Cases/Master Data/Admin Sekolah/Master Data Kelas/Tambah Kelas: Test Cases/Master Data/Admin Sekolah/Master Data Kelas/Tambah Kelas

06-01-2025T09:35:59 - [TEST_STEP][PASSED] - openBrowser("", CONTINUE_ON_FAILURE): Browser is opened with url: ''

06-01-2025T09:35:59 - [MESSAGE][INFO] - Starting 'Chrome' driver

06-01-2025T09:35:59 - [MESSAGE][INFO] - Action delay is set to 0 milliseconds

06-01-2025T09:36:00 - [MESSAGE][PASSED] - Browser is opened with url: ''

06-01-2025T09:36:00 - [TEST_STEP][PASSED] - navigateToUrl("https://sit.siprusedu.com/login"): Navigate to 'https://sit.siprusedu.com/login' successfully

06-01-2025T09:36:01 - [MESSAGE][PASSED] - Navigate to 'https://sit.siprusedu.com/login' successfully

06-01-2025T09:36:01 - [TEST_STEP][PASSED] - click(findTestObject("Master Data/Admin Sekolah/Login/Field Email"), CONTINUE_ON_FAILURE): Object: 'Object Repository/Master Data/Admin Sekolah/Login/Field Email' is clicked on

06-01-2025T09:36:02 - [MESSAGE][PASSED] - Object: 'Object Repository/Master Data/Admin Sekolah/Login/Field Email' is clicked on

06-01-2025T09:36:02 - [TEST_STEP][PASSED] - setText(findTestObject("Master Data/Admin Sekolah/Login/Field Email"), "admin.gudangsolusi@digiform.co.id", CONTINUE_ON_FAILURE): Text 'admin.gudangsolusi@digiform.co.id' is set on object 'Object Repository/Master Data/Admin Sekolah/Login/Field Email'

06-01-2025T09:36:03 - [MESSAGE][PASSED] - Text 'admin.gudangsolusi@digiform.co.id' is set on object 'Object Repository/Master Data/Admin Sekolah/Login/Field Email'

06-01-2025T09:36:03 - [TEST_STEP][PASSED] - click(findTestObject("Master Data/Admin Sekolah/Login/Input Password"), CONTINUE_ON_FAILURE): Object: 'Object Repository/Master Data/Admin Sekolah/Login/Input Password' is clicked on

06-01-2025T09:36:03 - [MESSAGE][PASSED] - Object: 'Object Repository/Master Data/Admin Sekolah/Login/Input Password' is clicked on

06-01-2025T09:36:03 - [TEST_STEP][PASSED] - setText(findTestObject("Master Data/Admin Sekolah/Login/Input Password"), "Test1234", CONTINUE_ON_FAILURE): Text 'Test1234' is set on object 'Object Repository/Master Data/Admin Sekolah/Login/Input Password'

06-01-2025T09:36:04 - [MESSAGE][PASSED] - Text 'Test1234' is set on object 'Object Repository/Master Data/Admin Sekolah/Login/Input Password'

06-01-2025T09:36:04 - [TEST_STEP][PASSED] - click(findTestObject("Master Data/Admin Sekolah/Login/Button Submit"), CONTINUE_ON_FAILURE): Object: 'Object Repository/Master Data/Admin Sekolah/Login/Button Submit' is clicked on

06-01-2025T09:36:04 - [MESSAGE][PASSED] - Object: 'Object Repository/Master Data/Admin Sekolah/Login/Button Submit' is clicked on

06-01-2025T09:36:04 - [TEST_STEP][PASSED] - click(findTestObject("Master Data/Admin Sekolah/HomePageMenu/Sidebar Menu"), CONTINUE_ON_FAILURE): Object: 'Object Repository/Master Data/Admin Sekolah/HomePageMenu/Sidebar Menu' is clicked on

06-01-2025T09:36:46 - [MESSAGE][PASSED] - Object: 'Object Repository/Master Data/Admin Sekolah/HomePageMenu/Sidebar Menu' is clicked on

06-01-2025T09:36:46 - [TEST_STEP][PASSED] - click(findTestObject("Master Data/Admin Sekolah/HomePageMenu/Sub Menu Kelas"), CONTINUE_ON_FAILURE): Object: 'Object Repository/Master Data/Admin Sekolah/HomePageMenu/Sub Menu Kelas' is clicked on

06-01-2025T09:36:46 - [MESSAGE][PASSED] - Object: 'Object Repository/Master Data/Admin Sekolah/HomePageMenu/Sub Menu Kelas' is clicked on

06-01-2025T09:36:46 - [TEST_STEP][PASSED] - click(findTestObject("Master Data/Admin Sekolah/Tambah Kelas/Tambah Kelas"), CONTINUE_ON_FAILURE): Object: 'Object Repository/Master Data/Admin Sekolah/Tambah Kelas/Tambah Kelas' is clicked on

06-01-2025T09:36:47 - [MESSAGE][PASSED] - Object: 'Object Repository/Master Data/Admin Sekolah/Tambah Kelas/Tambah Kelas' is clicked on

06-01-2025T09:36:47 - [TEST_STEP][PASSED] - click(findTestObject("Master Data/Admin Sekolah/Tambah Kelas/Modal Tambah/Unit/Pilih Unit"), CONTINUE_ON_FAILURE): Object: 'Object Repository/Master Data/Admin Sekolah/Tambah Kelas/Modal Tambah/Unit/Pilih Unit' is clicked on

06-01-2025T09:36:48 - [MESSAGE][PASSED] - Object: 'Object Repository/Master Data/Admin Sekolah/Tambah Kelas/Modal Tambah/Unit/Pilih Unit' is clicked on

06-01-2025T09:36:48 - [TEST_STEP][PASSED] - click(findTestObject("Master Data/Admin Sekolah/Tambah Kelas/Modal Tambah/Unit/Klik Unit"), CONTINUE_ON_FAILURE): Object: 'Object Repository/Master Data/Admin Sekolah/Tambah Kelas/Modal Tambah/Unit/Klik Unit' is clicked on

06-01-2025T09:36:48 - [MESSAGE][PASSED] - Object: 'Object Repository/Master Data/Admin Sekolah/Tambah Kelas/Modal Tambah/Unit/Klik Unit' is clicked on

06-01-2025T09:36:48 - [TEST_STEP][PASSED] - click(findTestObject("Master Data/Admin Sekolah/Tambah Kelas/Modal Tambah/Prefix/Klik Prefix"), CONTINUE_ON_FAILURE): Object: 'Object Repository/Master Data/Admin Sekolah/Tambah Kelas/Modal Tambah/Prefix/Klik Prefix' is clicked on

06-01-2025T09:36:49 - [MESSAGE][PASSED] - Object: 'Object Repository/Master Data/Admin Sekolah/Tambah Kelas/Modal Tambah/Prefix/Klik Prefix' is clicked on

06-01-2025T09:36:49 - [TEST_STEP][PASSED] - click(findTestObject("Master Data/Admin Sekolah/Tambah Kelas/Modal Tambah/Prefix/Pilih Prefix"), CONTINUE_ON_FAILURE): Object: 'Object Repository/Master Data/Admin Sekolah/Tambah Kelas/Modal Tambah/Prefix/Pilih Prefix' is clicked on

06-01-2025T09:36:49 - [MESSAGE][PASSED] - Object: 'Object Repository/Master Data/Admin Sekolah/Tambah Kelas/Modal Tambah/Prefix/Pilih Prefix' is clicked on

06-01-2025T09:36:49 - [TEST_STEP][PASSED] - suffixes = ["PHP", "JAVA", "PYTHON", "C++", "JS"]: null

06-01-2025T09:36:49 - [TEST_STEP][PASSED] - randomIndex = Random().nextInt(length): null

06-01-2025T09:36:49 - [TEST_STEP][PASSED] - randomNumber = Random().nextInt(10) + 1: null

06-01-2025T09:36:49 - [TEST_STEP][PASSED] - randomSuffix = suffixes[randomIndex] + " " + randomNumber: null

06-01-2025T09:36:49 - [TEST_STEP][PASSED] - setText(findTestObject("Master Data/Admin Sekolah/Tambah Kelas/Modal Tambah/Suffix/Input Suffix kelas"), randomSuffix, CONTINUE_ON_FAILURE): Text 'JAVA 2' is set on object 'Object Repository/Master Data/Admin Sekolah/Tambah Kelas/Modal Tambah/Suffix/Input Suffix kelas'

06-01-2025T09:36:50 - [MESSAGE][PASSED] - Text 'JAVA 2' is set on object 'Object Repository/Master Data/Admin Sekolah/Tambah Kelas/Modal Tambah/Suffix/Input Suffix kelas'

06-01-2025T09:36:50 - [TEST_STEP][PASSED] - click(findTestObject("Master Data/Admin Sekolah/Tambah Kelas/Modal Tambah/Jurusan/Klik Jurusan"), CONTINUE_ON_FAILURE): Object: 'Object Repository/Master Data/Admin Sekolah/Tambah Kelas/Modal Tambah/Jurusan/Klik Jurusan' is clicked on

06-01-2025T09:36:50 - [MESSAGE][PASSED] - Object: 'Object Repository/Master Data/Admin Sekolah/Tambah Kelas/Modal Tambah/Jurusan/Klik Jurusan' is clicked on

06-01-2025T09:36:50 - [TEST_STEP][PASSED] - click(findTestObject("Master Data/Admin Sekolah/Tambah Kelas/Modal Tambah/Jurusan/Pilih Jurusan"), CONTINUE_ON_FAILURE): Object: 'Object Repository/Master Data/Admin Sekolah/Tambah Kelas/Modal Tambah/Jurusan/Pilih Jurusan' is clicked on

06-01-2025T09:36:50 - [MESSAGE][PASSED] - Object: 'Object Repository/Master Data/Admin Sekolah/Tambah Kelas/Modal Tambah/Jurusan/Pilih Jurusan' is clicked on

06-01-2025T09:36:50 - [TEST_STEP][PASSED] - click(findTestObject("Master Data/Admin Sekolah/Tambah Kelas/Modal Tambah/Tambahkan/Tambah Data"), CONTINUE_ON_FAILURE): Object: 'Object Repository/Master Data/Admin Sekolah/Tambah Kelas/Modal Tambah/Tambahkan/Tambah Data' is clicked on

06-01-2025T09:36:51 - [MESSAGE][PASSED] - Object: 'Object Repository/Master Data/Admin Sekolah/Tambah Kelas/Modal Tambah/Tambahkan/Tambah Data' is clicked on

06-01-2025T09:36:51 - [TEST_STEP][PASSED] - closeBrowser(CONTINUE_ON_FAILURE): Browser is closed

06-01-2025T09:36:51 - [MESSAGE][PASSED] - Browser is closed

06-01-2025T09:36:51 - [MESSAGE][PASSED] - Call Test Case 'Test Cases/Master Data/Admin Sekolah/Master Data Kelas/Tambah Kelas' successfully

06-01-2025T09:36:51 - [TEST_STEP][PASSED] - println("============================= Loop Again ==============================="): null

06-01-2025T09:36:51 - [TEST_STEP][PASSED] - callTestCase(findTestCase("Test Cases/Master Data/Admin Sekolah/Master Data Kelas/Edit Kelas"), [:], CONTINUE_ON_FAILURE): Call Test Case 'Test Cases/Master Data/Admin Sekolah/Master Data Kelas/Edit Kelas' successfully

06-01-2025T09:36:51 - [TEST_CASE][PASSED] - Test Cases/Master Data/Admin Sekolah/Master Data Kelas/Edit Kelas: Test Cases/Master Data/Admin Sekolah/Master Data Kelas/Edit Kelas

06-01-2025T09:36:51 - [TEST_STEP][PASSED] - openBrowser("", CONTINUE_ON_FAILURE): Browser is opened with url: ''

06-01-2025T09:36:51 - [MESSAGE][INFO] - Starting 'Chrome' driver

06-01-2025T09:36:51 - [MESSAGE][INFO] - Action delay is set to 0 milliseconds

06-01-2025T09:36:52 - [MESSAGE][PASSED] - Browser is opened with url: ''

06-01-2025T09:36:52 - [TEST_STEP][PASSED] - navigateToUrl("https://sit.siprusedu.com/login", CONTINUE_ON_FAILURE): Navigate to 'https://sit.siprusedu.com/login' successfully

06-01-2025T09:36:53 - [MESSAGE][PASSED] - Navigate to 'https://sit.siprusedu.com/login' successfully

06-01-2025T09:36:53 - [TEST_STEP][PASSED] - click(findTestObject("Master Data/Admin Sekolah/Login/Field Email"), CONTINUE_ON_FAILURE): Object: 'Object Repository/Master Data/Admin Sekolah/Login/Field Email' is clicked on

06-01-2025T09:36:54 - [MESSAGE][PASSED] - Object: 'Object Repository/Master Data/Admin Sekolah/Login/Field Email' is clicked on

06-01-2025T09:36:54 - [TEST_STEP][PASSED] - setText(findTestObject("Master Data/Admin Sekolah/Login/Field Email"), "admin.gudangsolusi@digiform.co.id", CONTINUE_ON_FAILURE): Text 'admin.gudangsolusi@digiform.co.id' is set on object 'Object Repository/Master Data/Admin Sekolah/Login/Field Email'

06-01-2025T09:36:55 - [MESSAGE][PASSED] - Text 'admin.gudangsolusi@digiform.co.id' is set on object 'Object Repository/Master Data/Admin Sekolah/Login/Field Email'

06-01-2025T09:36:55 - [TEST_STEP][PASSED] - click(findTestObject("Master Data/Admin Sekolah/Login/Input Password"), CONTINUE_ON_FAILURE): Object: 'Object Repository/Master Data/Admin Sekolah/Login/Input Password' is clicked on

06-01-2025T09:36:55 - [MESSAGE][PASSED] - Object: 'Object Repository/Master Data/Admin Sekolah/Login/Input Password' is clicked on

06-01-2025T09:36:55 - [TEST_STEP][PASSED] - setText(findTestObject("Master Data/Admin Sekolah/Login/Input Password"), "Test1234", CONTINUE_ON_FAILURE): Text 'Test1234' is set on object 'Object Repository/Master Data/Admin Sekolah/Login/Input Password'

06-01-2025T09:36:56 - [MESSAGE][PASSED] - Text 'Test1234' is set on object 'Object Repository/Master Data/Admin Sekolah/Login/Input Password'

06-01-2025T09:36:56 - [TEST_STEP][PASSED] - click(findTestObject("Master Data/Admin Sekolah/Login/Button Submit"), CONTINUE_ON_FAILURE): Object: 'Object Repository/Master Data/Admin Sekolah/Login/Button Submit' is clicked on

06-01-2025T09:36:56 - [MESSAGE][PASSED] - Object: 'Object Repository/Master Data/Admin Sekolah/Login/Button Submit' is clicked on

06-01-2025T09:36:56 - [TEST_STEP][PASSED] - click(findTestObject("Master Data/Admin Sekolah/HomePageMenu/Sidebar Menu"), CONTINUE_ON_FAILURE): Object: 'Object Repository/Master Data/Admin Sekolah/HomePageMenu/Sidebar Menu' is clicked on

06-01-2025T09:36:58 - [MESSAGE][PASSED] - Object: 'Object Repository/Master Data/Admin Sekolah/HomePageMenu/Sidebar Menu' is clicked on

06-01-2025T09:36:58 - [TEST_STEP][PASSED] - click(findTestObject("Master Data/Admin Sekolah/HomePageMenu/Sub Menu Kelas"), CONTINUE_ON_FAILURE): Object: 'Object Repository/Master Data/Admin Sekolah/HomePageMenu/Sub Menu Kelas' is clicked on

06-01-2025T09:36:58 - [MESSAGE][PASSED] - Object: 'Object Repository/Master Data/Admin Sekolah/HomePageMenu/Sub Menu Kelas' is clicked on

06-01-2025T09:36:58 - [TEST_STEP][PASSED] - click(findTestObject("Master Data/Admin Sekolah/Edit Kelas/Edit Kelas"), CONTINUE_ON_FAILURE): Object: 'Object Repository/Master Data/Admin Sekolah/Edit Kelas/Edit Kelas' is clicked on

06-01-2025T09:36:59 - [MESSAGE][PASSED] - Object: 'Object Repository/Master Data/Admin Sekolah/Edit Kelas/Edit Kelas' is clicked on

06-01-2025T09:36:59 - [TEST_STEP][PASSED] - click(findTestObject("Master Data/Admin Sekolah/Edit Kelas/Modal Edit/Unit/Pilih Unit"), CONTINUE_ON_FAILURE): Object: 'Object Repository/Master Data/Admin Sekolah/Edit Kelas/Modal Edit/Unit/Pilih Unit' is clicked on

06-01-2025T09:37:00 - [MESSAGE][PASSED] - Object: 'Object Repository/Master Data/Admin Sekolah/Edit Kelas/Modal Edit/Unit/Pilih Unit' is clicked on

06-01-2025T09:37:00 - [TEST_STEP][PASSED] - click(findTestObject("Master Data/Admin Sekolah/Edit Kelas/Modal Edit/Unit/Klik Unit"), CONTINUE_ON_FAILURE): Object: 'Object Repository/Master Data/Admin Sekolah/Edit Kelas/Modal Edit/Unit/Klik Unit' is clicked on

06-01-2025T09:37:00 - [MESSAGE][PASSED] - Object: 'Object Repository/Master Data/Admin Sekolah/Edit Kelas/Modal Edit/Unit/Klik Unit' is clicked on

06-01-2025T09:37:00 - [TEST_STEP][PASSED] - click(findTestObject("Master Data/Admin Sekolah/Edit Kelas/Modal Edit/Suffix/Edit Suffix")): Object: 'Object Repository/Master Data/Admin Sekolah/Edit Kelas/Modal Edit/Suffix/Edit Suffix' is clicked on

06-01-2025T09:37:01 - [MESSAGE][PASSED] - Object: 'Object Repository/Master Data/Admin Sekolah/Edit Kelas/Modal Edit/Suffix/Edit Suffix' is clicked on

06-01-2025T09:37:01 - [TEST_STEP][PASSED] - suffixArray = ["Laravel Beginner Course", "Laravel Advanced Guide", "PHP Crash Course", "Mastering Laravel with PHP", "Laravel for Beginners", "Full Stack PHP Development", "Backend Laravel Pro", "Laravel 4 With PHP", "PHP Framework Essentials", "Laravel API Development"]: null

06-01-2025T09:37:01 - [TEST_STEP][PASSED] - randomSuffix = suffixArray[Random().nextInt(length)]: null

06-01-2025T09:37:01 - [TEST_STEP][PASSED] - sendKeys(findTestObject("Master Data/Admin Sekolah/Edit Kelas/Modal Edit/Suffix/Edit Suffix"), Keys.chord(CONTROL, "a"), CONTINUE_ON_FAILURE): Keys 'CONTROL + a' sent to object: 'Object Repository/Master Data/Admin Sekolah/Edit Kelas/Modal Edit/Suffix/Edit Suffix'

06-01-2025T09:37:01 - [MESSAGE][PASSED] - Keys 'CONTROL + a' sent to object: 'Object Repository/Master Data/Admin Sekolah/Edit Kelas/Modal Edit/Suffix/Edit Suffix'

06-01-2025T09:37:01 - [TEST_STEP][PASSED] - sendKeys(findTestObject("Master Data/Admin Sekolah/Edit Kelas/Modal Edit/Suffix/Edit Suffix"), Keys.chord(BACK_SPACE), CONTINUE_ON_FAILURE): Keys 'BACK_SPACE + ' sent to object: 'Object Repository/Master Data/Admin Sekolah/Edit Kelas/Modal Edit/Suffix/Edit Suffix'

06-01-2025T09:37:01 - [MESSAGE][PASSED] - Keys 'BACK_SPACE + ' sent to object: 'Object Repository/Master Data/Admin Sekolah/Edit Kelas/Modal Edit/Suffix/Edit Suffix'

06-01-2025T09:37:01 - [TEST_STEP][PASSED] - delay(1): Delayed 1 second(s)

06-01-2025T09:37:02 - [MESSAGE][PASSED] - Delayed 1 second(s)

06-01-2025T09:37:02 - [TEST_STEP][PASSED] - setText(findTestObject("Master Data/Admin Sekolah/Edit Kelas/Modal Edit/Suffix/Edit Suffix"), randomSuffix, CONTINUE_ON_FAILURE): Text 'Mastering Laravel with PHP' is set on object 'Object Repository/Master Data/Admin Sekolah/Edit Kelas/Modal Edit/Suffix/Edit Suffix'

06-01-2025T09:37:03 - [MESSAGE][PASSED] - Text 'Mastering Laravel with PHP' is set on object 'Object Repository/Master Data/Admin Sekolah/Edit Kelas/Modal Edit/Suffix/Edit Suffix'

06-01-2025T09:37:03 - [TEST_STEP][PASSED] - click(findTestObject("Master Data/Admin Sekolah/Edit Kelas/Modal Edit/Simpan/Simpan Perubahan"), CONTINUE_ON_FAILURE): Object: 'Object Repository/Master Data/Admin Sekolah/Edit Kelas/Modal Edit/Simpan/Simpan Perubahan' is clicked on

06-01-2025T09:37:03 - [MESSAGE][PASSED] - Object: 'Object Repository/Master Data/Admin Sekolah/Edit Kelas/Modal Edit/Simpan/Simpan Perubahan' is clicked on

06-01-2025T09:37:03 - [TEST_STEP][PASSED] - closeBrowser(CONTINUE_ON_FAILURE): Browser is closed

06-01-2025T09:37:03 - [MESSAGE][PASSED] - Browser is closed

06-01-2025T09:37:03 - [MESSAGE][PASSED] - Call Test Case 'Test Cases/Master Data/Admin Sekolah/Master Data Kelas/Edit Kelas' successfully

06-01-2025T09:37:03 - [TEST_STEP][PASSED] - callTestCase(findTestCase("Test Cases/Master Data/Admin Sekolah/Master Data Kelas/Tambah Kelas"), [:], CONTINUE_ON_FAILURE): Call Test Case 'Test Cases/Master Data/Admin Sekolah/Master Data Kelas/Tambah Kelas' successfully

06-01-2025T09:37:03 - [TEST_CASE][PASSED] - Test Cases/Master Data/Admin Sekolah/Master Data Kelas/Tambah Kelas: Test Cases/Master Data/Admin Sekolah/Master Data Kelas/Tambah Kelas

06-01-2025T09:37:03 - [TEST_STEP][PASSED] - openBrowser("", CONTINUE_ON_FAILURE): Browser is opened with url: ''

06-01-2025T09:37:03 - [MESSAGE][INFO] - Starting 'Chrome' driver

06-01-2025T09:37:03 - [MESSAGE][INFO] - Action delay is set to 0 milliseconds

06-01-2025T09:37:04 - [MESSAGE][PASSED] - Browser is opened with url: ''

06-01-2025T09:37:04 - [TEST_STEP][PASSED] - navigateToUrl("https://sit.siprusedu.com/login"): Navigate to 'https://sit.siprusedu.com/login' successfully

06-01-2025T09:37:04 - [MESSAGE][PASSED] - Navigate to 'https://sit.siprusedu.com/login' successfully

06-01-2025T09:37:04 - [TEST_STEP][PASSED] - click(findTestObject("Master Data/Admin Sekolah/Login/Field Email"), CONTINUE_ON_FAILURE): Object: 'Object Repository/Master Data/Admin Sekolah/Login/Field Email' is clicked on

06-01-2025T09:37:06 - [MESSAGE][PASSED] - Object: 'Object Repository/Master Data/Admin Sekolah/Login/Field Email' is clicked on

06-01-2025T09:37:06 - [TEST_STEP][PASSED] - setText(findTestObject("Master Data/Admin Sekolah/Login/Field Email"), "admin.gudangsolusi@digiform.co.id", CONTINUE_ON_FAILURE): Text 'admin.gudangsolusi@digiform.co.id' is set on object 'Object Repository/Master Data/Admin Sekolah/Login/Field Email'

06-01-2025T09:37:06 - [MESSAGE][PASSED] - Text 'admin.gudangsolusi@digiform.co.id' is set on object 'Object Repository/Master Data/Admin Sekolah/Login/Field Email'

06-01-2025T09:37:06 - [TEST_STEP][PASSED] - click(findTestObject("Master Data/Admin Sekolah/Login/Input Password"), CONTINUE_ON_FAILURE): Object: 'Object Repository/Master Data/Admin Sekolah/Login/Input Password' is clicked on

06-01-2025T09:37:07 - [MESSAGE][PASSED] - Object: 'Object Repository/Master Data/Admin Sekolah/Login/Input Password' is clicked on

06-01-2025T09:37:07 - [TEST_STEP][PASSED] - setText(findTestObject("Master Data/Admin Sekolah/Login/Input Password"), "Test1234", CONTINUE_ON_FAILURE): Text 'Test1234' is set on object 'Object Repository/Master Data/Admin Sekolah/Login/Input Password'

06-01-2025T09:37:07 - [MESSAGE][PASSED] - Text 'Test1234' is set on object 'Object Repository/Master Data/Admin Sekolah/Login/Input Password'

06-01-2025T09:37:07 - [TEST_STEP][PASSED] - click(findTestObject("Master Data/Admin Sekolah/Login/Button Submit"), CONTINUE_ON_FAILURE): Object: 'Object Repository/Master Data/Admin Sekolah/Login/Button Submit' is clicked on

06-01-2025T09:37:08 - [MESSAGE][PASSED] - Object: 'Object Repository/Master Data/Admin Sekolah/Login/Button Submit' is clicked on

06-01-2025T09:37:08 - [TEST_STEP][PASSED] - click(findTestObject("Master Data/Admin Sekolah/HomePageMenu/Sidebar Menu"), CONTINUE_ON_FAILURE): Object: 'Object Repository/Master Data/Admin Sekolah/HomePageMenu/Sidebar Menu' is clicked on

06-01-2025T09:37:09 - [MESSAGE][PASSED] - Object: 'Object Repository/Master Data/Admin Sekolah/HomePageMenu/Sidebar Menu' is clicked on

06-01-2025T09:37:09 - [TEST_STEP][PASSED] - click(findTestObject("Master Data/Admin Sekolah/HomePageMenu/Sub Menu Kelas"), CONTINUE_ON_FAILURE): Object: 'Object Repository/Master Data/Admin Sekolah/HomePageMenu/Sub Menu Kelas' is clicked on

06-01-2025T09:37:10 - [MESSAGE][PASSED] - Object: 'Object Repository/Master Data/Admin Sekolah/HomePageMenu/Sub Menu Kelas' is clicked on

06-01-2025T09:37:10 - [TEST_STEP][PASSED] - click(findTestObject("Master Data/Admin Sekolah/Tambah Kelas/Tambah Kelas"), CONTINUE_ON_FAILURE): Object: 'Object Repository/Master Data/Admin Sekolah/Tambah Kelas/Tambah Kelas' is clicked on

06-01-2025T09:37:19 - [MESSAGE][PASSED] - Object: 'Object Repository/Master Data/Admin Sekolah/Tambah Kelas/Tambah Kelas' is clicked on

06-01-2025T09:37:19 - [TEST_STEP][PASSED] - click(findTestObject("Master Data/Admin Sekolah/Tambah Kelas/Modal Tambah/Unit/Pilih Unit"), CONTINUE_ON_FAILURE): Object: 'Object Repository/Master Data/Admin Sekolah/Tambah Kelas/Modal Tambah/Unit/Pilih Unit' is clicked on

06-01-2025T09:37:20 - [MESSAGE][PASSED] - Object: 'Object Repository/Master Data/Admin Sekolah/Tambah Kelas/Modal Tambah/Unit/Pilih Unit' is clicked on

06-01-2025T09:37:20 - [TEST_STEP][PASSED] - click(findTestObject("Master Data/Admin Sekolah/Tambah Kelas/Modal Tambah/Unit/Klik Unit"), CONTINUE_ON_FAILURE): Object: 'Object Repository/Master Data/Admin Sekolah/Tambah Kelas/Modal Tambah/Unit/Klik Unit' is clicked on

06-01-2025T09:37:20 - [MESSAGE][PASSED] - Object: 'Object Repository/Master Data/Admin Sekolah/Tambah Kelas/Modal Tambah/Unit/Klik Unit' is clicked on

06-01-2025T09:37:20 - [TEST_STEP][PASSED] - click(findTestObject("Master Data/Admin Sekolah/Tambah Kelas/Modal Tambah/Prefix/Klik Prefix"), CONTINUE_ON_FAILURE): Object: 'Object Repository/Master Data/Admin Sekolah/Tambah Kelas/Modal Tambah/Prefix/Klik Prefix' is clicked on

06-01-2025T09:37:21 - [MESSAGE][PASSED] - Object: 'Object Repository/Master Data/Admin Sekolah/Tambah Kelas/Modal Tambah/Prefix/Klik Prefix' is clicked on

06-01-2025T09:37:21 - [TEST_STEP][PASSED] - click(findTestObject("Master Data/Admin Sekolah/Tambah Kelas/Modal Tambah/Prefix/Pilih Prefix"), CONTINUE_ON_FAILURE): Object: 'Object Repository/Master Data/Admin Sekolah/Tambah Kelas/Modal Tambah/Prefix/Pilih Prefix' is clicked on

06-01-2025T09:37:21 - [MESSAGE][PASSED] - Object: 'Object Repository/Master Data/Admin Sekolah/Tambah Kelas/Modal Tambah/Prefix/Pilih Prefix' is clicked on

06-01-2025T09:37:21 - [TEST_STEP][PASSED] - suffixes = ["PHP", "JAVA", "PYTHON", "C++", "JS"]: null

06-01-2025T09:37:21 - [TEST_STEP][PASSED] - randomIndex = Random().nextInt(length): null

06-01-2025T09:37:21 - [TEST_STEP][PASSED] - randomNumber = Random().nextInt(10) + 1: null

06-01-2025T09:37:21 - [TEST_STEP][PASSED] - randomSuffix = suffixes[randomIndex] + " " + randomNumber: null

06-01-2025T09:37:21 - [TEST_STEP][PASSED] - setText(findTestObject("Master Data/Admin Sekolah/Tambah Kelas/Modal Tambah/Suffix/Input Suffix kelas"), randomSuffix, CONTINUE_ON_FAILURE): Text 'C++ 1' is set on object 'Object Repository/Master Data/Admin Sekolah/Tambah Kelas/Modal Tambah/Suffix/Input Suffix kelas'

06-01-2025T09:37:22 - [MESSAGE][PASSED] - Text 'C++ 1' is set on object 'Object Repository/Master Data/Admin Sekolah/Tambah Kelas/Modal Tambah/Suffix/Input Suffix kelas'

06-01-2025T09:37:22 - [TEST_STEP][PASSED] - click(findTestObject("Master Data/Admin Sekolah/Tambah Kelas/Modal Tambah/Jurusan/Klik Jurusan"), CONTINUE_ON_FAILURE): Object: 'Object Repository/Master Data/Admin Sekolah/Tambah Kelas/Modal Tambah/Jurusan/Klik Jurusan' is clicked on

06-01-2025T09:37:22 - [MESSAGE][PASSED] - Object: 'Object Repository/Master Data/Admin Sekolah/Tambah Kelas/Modal Tambah/Jurusan/Klik Jurusan' is clicked on

06-01-2025T09:37:22 - [TEST_STEP][PASSED] - click(findTestObject("Master Data/Admin Sekolah/Tambah Kelas/Modal Tambah/Jurusan/Pilih Jurusan"), CONTINUE_ON_FAILURE): Object: 'Object Repository/Master Data/Admin Sekolah/Tambah Kelas/Modal Tambah/Jurusan/Pilih Jurusan' is clicked on

06-01-2025T09:37:23 - [MESSAGE][PASSED] - Object: 'Object Repository/Master Data/Admin Sekolah/Tambah Kelas/Modal Tambah/Jurusan/Pilih Jurusan' is clicked on

06-01-2025T09:37:23 - [TEST_STEP][PASSED] - click(findTestObject("Master Data/Admin Sekolah/Tambah Kelas/Modal Tambah/Tambahkan/Tambah Data"), CONTINUE_ON_FAILURE): Object: 'Object Repository/Master Data/Admin Sekolah/Tambah Kelas/Modal Tambah/Tambahkan/Tambah Data' is clicked on

06-01-2025T09:37:23 - [MESSAGE][PASSED] - Object: 'Object Repository/Master Data/Admin Sekolah/Tambah Kelas/Modal Tambah/Tambahkan/Tambah Data' is clicked on

06-01-2025T09:37:23 - [TEST_STEP][PASSED] - closeBrowser(CONTINUE_ON_FAILURE): Browser is closed

06-01-2025T09:37:23 - [MESSAGE][PASSED] - Browser is closed

06-01-2025T09:37:23 - [MESSAGE][PASSED] - Call Test Case 'Test Cases/Master Data/Admin Sekolah/Master Data Kelas/Tambah Kelas' successfully

06-01-2025T09:37:23 - [TEST_STEP][PASSED] - println("============================= Loop Again ==============================="): null]]></system-out>
         <system-err><![CDATA[]]></system-err>
      </testcase>
      <testcase name="Test Cases/Regresi Feature/Sprint 1/Regresi Pengaturan Sekolah" time="184.273" classname="Test Cases/Regresi Feature/Sprint 1/Regresi Pengaturan Sekolah" status="PASSED">
         <system-out><![CDATA[06-01-2025T09:37:23 - [TEST_CASE][PASSED] - Test Cases/Regresi Feature/Sprint 1/Regresi Pengaturan Sekolah: Test Cases/Regresi Feature/Sprint 1/Regresi Pengaturan Sekolah

06-01-2025T09:37:23 - [TEST_STEP][PASSED] - for ([i = 1, i <= maxLoop, (i++)]): null

06-01-2025T09:37:23 - [TEST_STEP][PASSED] - callTestCase(findTestCase("Test Cases/Master Data/Super Admin/Master Data Sekolah/Tambah Sekolah"), [:], CONTINUE_ON_FAILURE): Call Test Case 'Test Cases/Master Data/Super Admin/Master Data Sekolah/Tambah Sekolah' successfully

06-01-2025T09:37:23 - [TEST_CASE][PASSED] - Test Cases/Master Data/Super Admin/Master Data Sekolah/Tambah Sekolah: Test Cases/Master Data/Super Admin/Master Data Sekolah/Tambah Sekolah

06-01-2025T09:37:24 - [TEST_STEP][PASSED] - openBrowser("", CONTINUE_ON_FAILURE): Browser is opened with url: ''

06-01-2025T09:37:24 - [MESSAGE][INFO] - Starting 'Chrome' driver

06-01-2025T09:37:24 - [MESSAGE][INFO] - Action delay is set to 0 milliseconds

06-01-2025T09:37:24 - [MESSAGE][PASSED] - Browser is opened with url: ''

06-01-2025T09:37:24 - [TEST_STEP][PASSED] - navigateToUrl("https://sit.siprusedu.com/login", CONTINUE_ON_FAILURE): Navigate to 'https://sit.siprusedu.com/login' successfully

06-01-2025T09:37:25 - [MESSAGE][PASSED] - Navigate to 'https://sit.siprusedu.com/login' successfully

06-01-2025T09:37:25 - [TEST_STEP][PASSED] - click(findTestObject("Master Data/Admin Sekolah/Login/Field Email"), CONTINUE_ON_FAILURE): Object: 'Object Repository/Master Data/Admin Sekolah/Login/Field Email' is clicked on

06-01-2025T09:37:26 - [MESSAGE][PASSED] - Object: 'Object Repository/Master Data/Admin Sekolah/Login/Field Email' is clicked on

06-01-2025T09:37:26 - [TEST_STEP][PASSED] - setText(findTestObject("Master Data/Admin Sekolah/Login/Field Email"), "admin@gmail.com", CONTINUE_ON_FAILURE): Text 'admin@gmail.com' is set on object 'Object Repository/Master Data/Admin Sekolah/Login/Field Email'

06-01-2025T09:37:27 - [MESSAGE][PASSED] - Text 'admin@gmail.com' is set on object 'Object Repository/Master Data/Admin Sekolah/Login/Field Email'

06-01-2025T09:37:27 - [TEST_STEP][PASSED] - click(findTestObject("Master Data/Admin Sekolah/Login/Input Password"), CONTINUE_ON_FAILURE): Object: 'Object Repository/Master Data/Admin Sekolah/Login/Input Password' is clicked on

06-01-2025T09:37:27 - [MESSAGE][PASSED] - Object: 'Object Repository/Master Data/Admin Sekolah/Login/Input Password' is clicked on

06-01-2025T09:37:27 - [TEST_STEP][PASSED] - setText(findTestObject("Master Data/Admin Sekolah/Login/Input Password"), "Test1234", CONTINUE_ON_FAILURE): Text 'Test1234' is set on object 'Object Repository/Master Data/Admin Sekolah/Login/Input Password'

06-01-2025T09:37:28 - [MESSAGE][PASSED] - Text 'Test1234' is set on object 'Object Repository/Master Data/Admin Sekolah/Login/Input Password'

06-01-2025T09:37:28 - [TEST_STEP][PASSED] - click(findTestObject("Master Data/Admin Sekolah/Login/Button Submit"), CONTINUE_ON_FAILURE): Object: 'Object Repository/Master Data/Admin Sekolah/Login/Button Submit' is clicked on

06-01-2025T09:37:28 - [MESSAGE][PASSED] - Object: 'Object Repository/Master Data/Admin Sekolah/Login/Button Submit' is clicked on

06-01-2025T09:37:28 - [TEST_STEP][PASSED] - waitForPageLoad(5, CONTINUE_ON_FAILURE): Wait for page load successfully

06-01-2025T09:37:28 - [MESSAGE][PASSED] - Wait for page load successfully

06-01-2025T09:37:28 - [TEST_STEP][PASSED] - click(findTestObject("Master Data/Super Admin/Homepage Menu/Sidebar Menu"), CONTINUE_ON_FAILURE): Object: 'Object Repository/Master Data/Super Admin/Homepage Menu/Sidebar Menu' is clicked on

06-01-2025T09:37:30 - [MESSAGE][PASSED] - Object: 'Object Repository/Master Data/Super Admin/Homepage Menu/Sidebar Menu' is clicked on

06-01-2025T09:37:30 - [TEST_STEP][PASSED] - click(findTestObject("Master Data/Super Admin/Homepage Menu/Sub Menu Sekolah"), CONTINUE_ON_FAILURE): Object: 'Object Repository/Master Data/Super Admin/Homepage Menu/Sub Menu Sekolah' is clicked on

06-01-2025T09:37:30 - [MESSAGE][PASSED] - Object: 'Object Repository/Master Data/Super Admin/Homepage Menu/Sub Menu Sekolah' is clicked on

06-01-2025T09:37:30 - [TEST_STEP][PASSED] - click(findTestObject("Master Data/Super Admin/Master Sekolah Dashboard/Button Tambah"), CONTINUE_ON_FAILURE): Object: 'Object Repository/Master Data/Super Admin/Master Sekolah Dashboard/Button Tambah' is clicked on

06-01-2025T09:37:31 - [MESSAGE][PASSED] - Object: 'Object Repository/Master Data/Super Admin/Master Sekolah Dashboard/Button Tambah' is clicked on

06-01-2025T09:37:31 - [TEST_STEP][PASSED] - waitForPageLoad(5, CONTINUE_ON_FAILURE): Wait for page load successfully

06-01-2025T09:37:31 - [MESSAGE][PASSED] - Wait for page load successfully

06-01-2025T09:37:31 - [TEST_STEP][PASSED] - sekolahDataList = [["NPSN":generateRandomNPSN(), "Telephone":generateRandomNomorHP(), "NamaSekolah":generateRandomNamaSekolah(), "Email":generateRandomEmail(generateRandomNamaSekolah())]]: null

06-01-2025T09:37:31 - [TEST_STEP][PASSED] - return (java.lang.Math.abs(new java.util.Random().nextLong()) % 10000000000).toString().padLeft(10, 0): null

06-01-2025T09:37:31 - [TEST_STEP][PASSED] - return (08 + (java.lang.Math.abs(new java.util.Random().nextLong()) % 1000000000).toString().padLeft(9, 0)): null

06-01-2025T09:37:31 - [TEST_STEP][PASSED] - namaSekolahList = ["SMA Harapan Bangsa", "SMA Citra Nusantara", "SMA Tunas Muda", "SMA Pelita Harapan", "SMA Duta Bangsa", "SMA Bina Insan", "SMA Mandiri Jaya", "SMA Cendekia Utama", "SMA Cahaya Bangsa", "SMA Kasih Ibu", "SMA Tunas Bangsa", "SMA Nusa Jaya", "SMA Karya Mandiri", "SMA Pelita Cita", "SMA Inspirasi Bangsa", "SMA Sejahtera", "SMA Bintang Terang", "SMA Elang Nusantara", "SMA Gemilang Prestasi", "SMA Bina Cita", "SMA Anak Bangsa", "SMA Prima Nusantara", "SMA Pertiwi", "SMA Persada", "SMA Pionir Harapan", "SMA Cakra Nusantara", "SMA Global Mandiri", "SMA Pelangi Nusantara", "SMA Bhakti Pertiwi", "SMA Citra Bangsa", "SMA Harmoni", "SMA Tunas Cendekia", "SMA Unggul Bangsa", "SMA Bina Generasi", "SMA Gemilang Jaya", "SMA Purna Bhakti", "SMA Nusantara Jaya", "SMA Wijaya Kusuma", "SMA Merdeka", "SMA Pertiwi Sejahtera", "SMA Pelita Nusantara", "SMA Cahaya Pertiwi", "SMA Tunas Harapan", "SMA Satria Mandiri", "SMA Bina Utama", "SMA Pionir Nusantara", "SMA Mutiara Bangsa", "SMA Kasih Bangsa", "SMA Nusa Indah", "SMA Bina Prestasi"]: null

06-01-2025T09:37:31 - [TEST_STEP][PASSED] - return namaSekolahList[new java.util.Random().nextInt(namaSekolahList.size())]: null

06-01-2025T09:37:31 - [TEST_STEP][PASSED] - namaSekolahList = ["SMA Harapan Bangsa", "SMA Citra Nusantara", "SMA Tunas Muda", "SMA Pelita Harapan", "SMA Duta Bangsa", "SMA Bina Insan", "SMA Mandiri Jaya", "SMA Cendekia Utama", "SMA Cahaya Bangsa", "SMA Kasih Ibu", "SMA Tunas Bangsa", "SMA Nusa Jaya", "SMA Karya Mandiri", "SMA Pelita Cita", "SMA Inspirasi Bangsa", "SMA Sejahtera", "SMA Bintang Terang", "SMA Elang Nusantara", "SMA Gemilang Prestasi", "SMA Bina Cita", "SMA Anak Bangsa", "SMA Prima Nusantara", "SMA Pertiwi", "SMA Persada", "SMA Pionir Harapan", "SMA Cakra Nusantara", "SMA Global Mandiri", "SMA Pelangi Nusantara", "SMA Bhakti Pertiwi", "SMA Citra Bangsa", "SMA Harmoni", "SMA Tunas Cendekia", "SMA Unggul Bangsa", "SMA Bina Generasi", "SMA Gemilang Jaya", "SMA Purna Bhakti", "SMA Nusantara Jaya", "SMA Wijaya Kusuma", "SMA Merdeka", "SMA Pertiwi Sejahtera", "SMA Pelita Nusantara", "SMA Cahaya Pertiwi", "SMA Tunas Harapan", "SMA Satria Mandiri", "SMA Bina Utama", "SMA Pionir Nusantara", "SMA Mutiara Bangsa", "SMA Kasih Bangsa", "SMA Nusa Indah", "SMA Bina Prestasi"]: null

06-01-2025T09:37:31 - [TEST_STEP][PASSED] - return namaSekolahList[new java.util.Random().nextInt(namaSekolahList.size())]: null

06-01-2025T09:37:31 - [TEST_STEP][PASSED] - namaSekolahFormatted = toLowerCase().replaceAll("\s+", ""): null

06-01-2025T09:37:31 - [TEST_STEP][PASSED] - return (namaSekolahFormatted + @sch.id): null

06-01-2025T09:37:31 - [TEST_STEP][PASSED] - for (Map<String, String> sekolahData : sekolahDataList): null

06-01-2025T09:37:31 - [TEST_STEP][PASSED] - fillFormWithData(sekolahData): null

06-01-2025T09:37:31 - [TEST_STEP][PASSED] - setText(findTestObject("Master Data/Super Admin/Form Sekolah/Field NPSN"), formData["NPSN"]): Text '9489988623' is set on object 'Object Repository/Master Data/Super Admin/Form Sekolah/Field NPSN'

06-01-2025T09:37:33 - [MESSAGE][PASSED] - Text '9489988623' is set on object 'Object Repository/Master Data/Super Admin/Form Sekolah/Field NPSN'

06-01-2025T09:37:33 - [TEST_STEP][PASSED] - setText(findTestObject("Master Data/Super Admin/Form Sekolah/Field Telephone"), formData["Telephone"]): Text '08733224207' is set on object 'Object Repository/Master Data/Super Admin/Form Sekolah/Field Telephone'

06-01-2025T09:37:33 - [MESSAGE][PASSED] - Text '08733224207' is set on object 'Object Repository/Master Data/Super Admin/Form Sekolah/Field Telephone'

06-01-2025T09:37:33 - [TEST_STEP][PASSED] - setText(findTestObject("Master Data/Super Admin/Form Sekolah/Field Nama Sekolah"), formData["NamaSekolah"]): Text 'SMA Inspirasi Bangsa' is set on object 'Object Repository/Master Data/Super Admin/Form Sekolah/Field Nama Sekolah'

06-01-2025T09:37:34 - [MESSAGE][PASSED] - Text 'SMA Inspirasi Bangsa' is set on object 'Object Repository/Master Data/Super Admin/Form Sekolah/Field Nama Sekolah'

06-01-2025T09:37:34 - [TEST_STEP][PASSED] - setText(findTestObject("Master Data/Super Admin/Form Sekolah/Field Email"), formData["Email"]): null

06-01-2025T09:37:35 - [MESSAGE][PASSED] - Text 'smapertiwisejahtera@sch.id' is set on object 'Object Repository/Master Data/Super Admin/Form Sekolah/Field Email'

06-01-2025T09:37:35 - [TEST_STEP][PASSED] - delay(1): Delayed 1 second(s)

06-01-2025T09:37:36 - [MESSAGE][PASSED] - Delayed 1 second(s)

06-01-2025T09:37:36 - [TEST_STEP][PASSED] - scrollToElement(findTestObject("Master Data/Super Admin/Form Sekolah/Field Email"), 0, CONTINUE_ON_FAILURE): Scroll to object 'Object Repository/Master Data/Super Admin/Form Sekolah/Field Email' successfully

06-01-2025T09:37:36 - [MESSAGE][WARNING] - Timeout '0' is invalid. Using default page load timeout: '30'

06-01-2025T09:37:36 - [MESSAGE][PASSED] - Scroll to object 'Object Repository/Master Data/Super Admin/Form Sekolah/Field Email' successfully

06-01-2025T09:37:36 - [TEST_STEP][PASSED] - click(findTestObject("Master Data/Super Admin/Form Sekolah/Dropdown Unit"), CONTINUE_ON_FAILURE): Object: 'Object Repository/Master Data/Super Admin/Form Sekolah/Dropdown Unit' is clicked on

06-01-2025T09:37:36 - [MESSAGE][PASSED] - Object: 'Object Repository/Master Data/Super Admin/Form Sekolah/Dropdown Unit' is clicked on

06-01-2025T09:37:36 - [TEST_STEP][PASSED] - click(findTestObject("Master Data/Super Admin/Form Sekolah/Isi Dropdown Unit"), CONTINUE_ON_FAILURE): Object: 'Object Repository/Master Data/Super Admin/Form Sekolah/Isi Dropdown Unit' is clicked on

06-01-2025T09:37:37 - [MESSAGE][PASSED] - Object: 'Object Repository/Master Data/Super Admin/Form Sekolah/Isi Dropdown Unit' is clicked on

06-01-2025T09:37:37 - [TEST_STEP][PASSED] - logoFilePaths = ["C:\Users\henri\Pictures\Upload Sekolah\Logo Sekolah.png"]: null

06-01-2025T09:37:37 - [TEST_STEP][PASSED] - for (String logoFilePath : logoFilePaths): null

06-01-2025T09:37:37 - [TEST_STEP][PASSED] - uploadLogo(logoFilePath): null

06-01-2025T09:37:37 - [TEST_STEP][PASSED] - click(findTestObject("Master Data/Super Admin/Form Sekolah/Button Upload Logo")): Object: 'Object Repository/Master Data/Super Admin/Form Sekolah/Button Upload Logo' is clicked on

06-01-2025T09:37:37 - [MESSAGE][PASSED] - Object: 'Object Repository/Master Data/Super Admin/Form Sekolah/Button Upload Logo' is clicked on

06-01-2025T09:37:37 - [TEST_STEP][PASSED] - delay(1): Delayed 1 second(s)

06-01-2025T09:37:38 - [MESSAGE][PASSED] - Delayed 1 second(s)

06-01-2025T09:37:38 - [TEST_STEP][PASSED] - uploadFile(findTestObject("Master Data/Super Admin/Form Sekolah/Input File Upload"), logoFilePath): null

06-01-2025T09:37:38 - [MESSAGE][PASSED] - File 'C:\Users\henri\Pictures\Upload Sekolah\Logo Sekolah.png' sent to object: 'Object Repository/Master Data/Super Admin/Form Sekolah/Input File Upload'

06-01-2025T09:37:38 - [TEST_STEP][PASSED] - delay(1): Delayed 1 second(s)

06-01-2025T09:37:39 - [MESSAGE][PASSED] - Delayed 1 second(s)

06-01-2025T09:37:39 - [TEST_STEP][PASSED] - kopSuratFilePath = "C:/Users/henri/Pictures/Upload Sekolah/Upload Kop Surat.png": null

06-01-2025T09:37:39 - [TEST_STEP][PASSED] - click(findTestObject("Master Data/Super Admin/Form Sekolah/Button Upload Kop Surat"), CONTINUE_ON_FAILURE): Object: 'Object Repository/Master Data/Super Admin/Form Sekolah/Button Upload Kop Surat' is clicked on

06-01-2025T09:37:40 - [MESSAGE][PASSED] - Object: 'Object Repository/Master Data/Super Admin/Form Sekolah/Button Upload Kop Surat' is clicked on

06-01-2025T09:37:40 - [TEST_STEP][PASSED] - delay(5, CONTINUE_ON_FAILURE): Delayed 5 second(s)

06-01-2025T09:37:45 - [MESSAGE][PASSED] - Delayed 5 second(s)

06-01-2025T09:37:45 - [TEST_STEP][PASSED] - uploadFile(findTestObject("Master Data/Super Admin/Form Sekolah/Input Upload File Kop Surat"), kopSuratFilePath, CONTINUE_ON_FAILURE): File 'C:/Users/henri/Pictures/Upload Sekolah/Upload Kop Surat.png' sent to object: 'Object Repository/Master Data/Super Admin/Form Sekolah/Input Upload File Kop Surat'

06-01-2025T09:37:45 - [MESSAGE][PASSED] - File 'C:/Users/henri/Pictures/Upload Sekolah/Upload Kop Surat.png' sent to object: 'Object Repository/Master Data/Super Admin/Form Sekolah/Input Upload File Kop Surat'

06-01-2025T09:37:45 - [TEST_STEP][PASSED] - selectDropdownValue("Master Data/Super Admin/Form Sekolah/Dropdown Provinsi", "Master Data/Super Admin/Form Sekolah/Isi Dropdown Provinsi", 5, 2): null

06-01-2025T09:37:45 - [TEST_STEP][PASSED] - click(findTestObject(dropdownXpath)): Object: 'Object Repository/Master Data/Super Admin/Form Sekolah/Dropdown Provinsi' is clicked on

06-01-2025T09:37:45 - [MESSAGE][PASSED] - Object: 'Object Repository/Master Data/Super Admin/Form Sekolah/Dropdown Provinsi' is clicked on

06-01-2025T09:37:45 - [TEST_STEP][PASSED] - delay(delayBefore): Delayed 5 second(s)

06-01-2025T09:37:51 - [MESSAGE][PASSED] - Delayed 5 second(s)

06-01-2025T09:37:51 - [TEST_STEP][PASSED] - click(findTestObject(valueXpath)): Object: 'Object Repository/Master Data/Super Admin/Form Sekolah/Isi Dropdown Provinsi' is clicked on

06-01-2025T09:37:51 - [MESSAGE][PASSED] - Object: 'Object Repository/Master Data/Super Admin/Form Sekolah/Isi Dropdown Provinsi' is clicked on

06-01-2025T09:37:51 - [TEST_STEP][PASSED] - delay(delayAfter): Delayed 2 second(s)

06-01-2025T09:37:53 - [MESSAGE][PASSED] - Delayed 2 second(s)

06-01-2025T09:37:53 - [TEST_STEP][PASSED] - selectDropdownValue("Master Data/Super Admin/Form Sekolah/Dropdown Kota", "Master Data/Super Admin/Form Sekolah/Isi Dropdown Kota", 2, 2): null

06-01-2025T09:37:53 - [TEST_STEP][PASSED] - click(findTestObject(dropdownXpath)): Object: 'Object Repository/Master Data/Super Admin/Form Sekolah/Dropdown Kota' is clicked on

06-01-2025T09:37:53 - [MESSAGE][PASSED] - Object: 'Object Repository/Master Data/Super Admin/Form Sekolah/Dropdown Kota' is clicked on

06-01-2025T09:37:53 - [TEST_STEP][PASSED] - delay(delayBefore): Delayed 2 second(s)

06-01-2025T09:37:55 - [MESSAGE][PASSED] - Delayed 2 second(s)

06-01-2025T09:37:55 - [TEST_STEP][PASSED] - click(findTestObject(valueXpath)): Object: 'Object Repository/Master Data/Super Admin/Form Sekolah/Isi Dropdown Kota' is clicked on

06-01-2025T09:37:55 - [MESSAGE][PASSED] - Object: 'Object Repository/Master Data/Super Admin/Form Sekolah/Isi Dropdown Kota' is clicked on

06-01-2025T09:37:55 - [TEST_STEP][PASSED] - delay(delayAfter): Delayed 2 second(s)

06-01-2025T09:37:57 - [MESSAGE][PASSED] - Delayed 2 second(s)

06-01-2025T09:37:57 - [TEST_STEP][PASSED] - alamatRandom = generateRandomAlamat(): null

06-01-2025T09:37:57 - [TEST_STEP][PASSED] - alamatList = ["Head Office. Pondok Indah Office Tower 1 Lantai 8. Jl. Sultan Iskandar Muda Kav. V - TA, Jakarta Selatan 12310. Tel. +62-21 7654466. Fax. +62-21 7507747.", "Jl. Jenderal Sudirman Kav. 10-11, Jakarta Pusat 10220. Tel. +62-21 1234567. Fax. +62-21 9876543.", "Kompleks Ruko Grand Galaxy, Blok A5 No. 12, Bekasi Selatan 17148. Tel. +62-21 8855543.", "Jl. Ahmad Yani No. 45, Surabaya 60234. Tel. +62-31 7894567.", "Jl. Diponegoro No. 101, Bandung 40132. Tel. +62-22 7651234. Fax. +62-22 9873214.", "Jl. MT Haryono No. 3, Medan 20234. Tel. +62-61 4321678.", "Jl. Brigjen Katamso No. 88, Yogyakarta 55212. Tel. +62-274 556789.", "Jl. Gatot Subroto Kav. 15-17, Jakarta Selatan 12950. Tel. +62-21 7650987.", "Jl. Pahlawan No. 76, Semarang 50134. Tel. +62-24 7776543.", "Jl. Imam Bonjol No. 23, Malang 65115. Tel. +62-341 556712."]: null

06-01-2025T09:37:57 - [TEST_STEP][PASSED] - return alamatList[new java.util.Random().nextInt(alamatList.size())]: null

06-01-2025T09:37:57 - [TEST_STEP][PASSED] - setText(findTestObject("Master Data/Super Admin/Form Sekolah/Field Alamat"), alamatRandom, CONTINUE_ON_FAILURE): Text 'Jl. Jenderal Sudirman Kav. 10-11, Jakarta Pusat 10220. Tel. +62-21 1234567. Fax. +62-21 9876543.' is set on object 'Object Repository/Master Data/Super Admin/Form Sekolah/Field Alamat'

06-01-2025T09:37:59 - [MESSAGE][PASSED] - Text 'Jl. Jenderal Sudirman Kav. 10-11, Jakarta Pusat 10220. Tel. +62-21 1234567. Fax. +62-21 9876543.' is set on object 'Object Repository/Master Data/Super Admin/Form Sekolah/Field Alamat'

06-01-2025T09:37:59 - [TEST_STEP][PASSED] - click(findTestObject("Master Data/Super Admin/Form Sekolah/Button Tambahkan"), CONTINUE_ON_FAILURE): Object: 'Object Repository/Master Data/Super Admin/Form Sekolah/Button Tambahkan' is clicked on

06-01-2025T09:37:59 - [MESSAGE][PASSED] - Object: 'Object Repository/Master Data/Super Admin/Form Sekolah/Button Tambahkan' is clicked on

06-01-2025T09:37:59 - [TEST_STEP][PASSED] - click(findTestObject("Master Data/Super Admin/Form Sekolah/Button YA"), CONTINUE_ON_FAILURE): Object: 'Object Repository/Master Data/Super Admin/Form Sekolah/Button YA' is clicked on

06-01-2025T09:38:00 - [MESSAGE][PASSED] - Object: 'Object Repository/Master Data/Super Admin/Form Sekolah/Button YA' is clicked on

06-01-2025T09:38:00 - [MESSAGE][PASSED] - Call Test Case 'Test Cases/Master Data/Super Admin/Master Data Sekolah/Tambah Sekolah' successfully

06-01-2025T09:38:00 - [TEST_STEP][PASSED] - callTestCase(findTestCase("Test Cases/Master Data/Super Admin/Master Data Sekolah/Edit Sekolah"), [:], CONTINUE_ON_FAILURE): Call Test Case 'Test Cases/Master Data/Super Admin/Master Data Sekolah/Edit Sekolah' successfully

06-01-2025T09:38:00 - [TEST_CASE][PASSED] - Test Cases/Master Data/Super Admin/Master Data Sekolah/Edit Sekolah: Test Cases/Master Data/Super Admin/Master Data Sekolah/Edit Sekolah

06-01-2025T09:38:00 - [TEST_STEP][PASSED] - openBrowser("", CONTINUE_ON_FAILURE): Browser is opened with url: ''

06-01-2025T09:38:00 - [MESSAGE][WARNING] - A browser is already opened. Closing browser and opening a new one

06-01-2025T09:38:00 - [MESSAGE][INFO] - Starting 'Chrome' driver

06-01-2025T09:38:00 - [MESSAGE][INFO] - Action delay is set to 0 milliseconds

06-01-2025T09:38:01 - [MESSAGE][PASSED] - Browser is opened with url: ''

06-01-2025T09:38:01 - [TEST_STEP][PASSED] - navigateToUrl("https://sit.siprusedu.com/login", CONTINUE_ON_FAILURE): Navigate to 'https://sit.siprusedu.com/login' successfully

06-01-2025T09:38:01 - [MESSAGE][PASSED] - Navigate to 'https://sit.siprusedu.com/login' successfully

06-01-2025T09:38:01 - [TEST_STEP][PASSED] - setText(findTestObject("Master Data/Admin Sekolah/Login/Field Email"), "admin@gmail.com", CONTINUE_ON_FAILURE): Text 'admin@gmail.com' is set on object 'Object Repository/Master Data/Admin Sekolah/Login/Field Email'

06-01-2025T09:38:03 - [MESSAGE][PASSED] - Text 'admin@gmail.com' is set on object 'Object Repository/Master Data/Admin Sekolah/Login/Field Email'

06-01-2025T09:38:03 - [TEST_STEP][PASSED] - setText(findTestObject("Master Data/Admin Sekolah/Login/Input Password"), "Test1234", CONTINUE_ON_FAILURE): Text 'Test1234' is set on object 'Object Repository/Master Data/Admin Sekolah/Login/Input Password'

06-01-2025T09:38:04 - [MESSAGE][PASSED] - Text 'Test1234' is set on object 'Object Repository/Master Data/Admin Sekolah/Login/Input Password'

06-01-2025T09:38:04 - [TEST_STEP][PASSED] - click(findTestObject("Master Data/Admin Sekolah/Login/Button Submit"), CONTINUE_ON_FAILURE): Object: 'Object Repository/Master Data/Admin Sekolah/Login/Button Submit' is clicked on

06-01-2025T09:38:04 - [MESSAGE][PASSED] - Object: 'Object Repository/Master Data/Admin Sekolah/Login/Button Submit' is clicked on

06-01-2025T09:38:04 - [TEST_STEP][PASSED] - waitForPageLoad(5, CONTINUE_ON_FAILURE): Wait for page load successfully

06-01-2025T09:38:04 - [MESSAGE][PASSED] - Wait for page load successfully

06-01-2025T09:38:04 - [TEST_STEP][PASSED] - click(findTestObject("Master Data/Super Admin/Homepage Menu/Sidebar Menu"), CONTINUE_ON_FAILURE): Object: 'Object Repository/Master Data/Super Admin/Homepage Menu/Sidebar Menu' is clicked on

06-01-2025T09:38:06 - [MESSAGE][PASSED] - Object: 'Object Repository/Master Data/Super Admin/Homepage Menu/Sidebar Menu' is clicked on

06-01-2025T09:38:06 - [TEST_STEP][PASSED] - click(findTestObject("Master Data/Super Admin/Homepage Menu/Sub Menu Sekolah"), CONTINUE_ON_FAILURE): Object: 'Object Repository/Master Data/Super Admin/Homepage Menu/Sub Menu Sekolah' is clicked on

06-01-2025T09:38:06 - [MESSAGE][PASSED] - Object: 'Object Repository/Master Data/Super Admin/Homepage Menu/Sub Menu Sekolah' is clicked on

06-01-2025T09:38:06 - [TEST_STEP][PASSED] - click(findTestObject("Master Data/Super Admin/Edit Sekolah/Master Data Sekolah Dashboard/Button Action"), CONTINUE_ON_FAILURE): Object: 'Object Repository/Master Data/Super Admin/Edit Sekolah/Master Data Sekolah Dashboard/Button Action' is clicked on

06-01-2025T09:38:07 - [MESSAGE][PASSED] - Object: 'Object Repository/Master Data/Super Admin/Edit Sekolah/Master Data Sekolah Dashboard/Button Action' is clicked on

06-01-2025T09:38:07 - [TEST_STEP][PASSED] - click(findTestObject("Master Data/Super Admin/Edit Sekolah/Master Data Sekolah Dashboard/Button Edit"), CONTINUE_ON_FAILURE): Object: 'Object Repository/Master Data/Super Admin/Edit Sekolah/Master Data Sekolah Dashboard/Button Edit' is clicked on

06-01-2025T09:38:07 - [MESSAGE][PASSED] - Object: 'Object Repository/Master Data/Super Admin/Edit Sekolah/Master Data Sekolah Dashboard/Button Edit' is clicked on

06-01-2025T09:38:07 - [TEST_STEP][PASSED] - sendKeys(findTestObject("Master Data/Super Admin/Edit Sekolah/Edit Page/Field NPSN"), Keys.chord(CONTROL, "a")): Keys 'CONTROL + a' sent to object: 'Object Repository/Master Data/Super Admin/Edit Sekolah/Edit Page/Field NPSN'

06-01-2025T09:38:08 - [MESSAGE][PASSED] - Keys 'CONTROL + a' sent to object: 'Object Repository/Master Data/Super Admin/Edit Sekolah/Edit Page/Field NPSN'

06-01-2025T09:38:08 - [TEST_STEP][PASSED] - sendKeys(findTestObject("Master Data/Super Admin/Edit Sekolah/Edit Page/Field NPSN"), Keys.chord(DELETE)): Keys 'DELETE + ' sent to object: 'Object Repository/Master Data/Super Admin/Edit Sekolah/Edit Page/Field NPSN'

06-01-2025T09:38:09 - [MESSAGE][PASSED] - Keys 'DELETE + ' sent to object: 'Object Repository/Master Data/Super Admin/Edit Sekolah/Edit Page/Field NPSN'

06-01-2025T09:38:09 - [TEST_STEP][PASSED] - randomNPSN = generateRandomNPSN(): null

06-01-2025T09:38:09 - [TEST_STEP][PASSED] - return (java.lang.Math.abs(new java.util.Random().nextLong()) % 10000000000).toString().padLeft(10, 0): null

06-01-2025T09:38:09 - [TEST_STEP][PASSED] - setText(findTestObject("Master Data/Super Admin/Edit Sekolah/Edit Page/Field NPSN"), randomNPSN, CONTINUE_ON_FAILURE): Text '2978079696' is set on object 'Object Repository/Master Data/Super Admin/Edit Sekolah/Edit Page/Field NPSN'

06-01-2025T09:38:09 - [MESSAGE][PASSED] - Text '2978079696' is set on object 'Object Repository/Master Data/Super Admin/Edit Sekolah/Edit Page/Field NPSN'

06-01-2025T09:38:09 - [TEST_STEP][PASSED] - sendKeys(findTestObject("Master Data/Super Admin/Edit Sekolah/Edit Page/Field Nomor Telfon"), Keys.chord(CONTROL, "a")): Keys 'CONTROL + a' sent to object: 'Object Repository/Master Data/Super Admin/Edit Sekolah/Edit Page/Field Nomor Telfon'

06-01-2025T09:38:10 - [MESSAGE][PASSED] - Keys 'CONTROL + a' sent to object: 'Object Repository/Master Data/Super Admin/Edit Sekolah/Edit Page/Field Nomor Telfon'

06-01-2025T09:38:10 - [TEST_STEP][PASSED] - sendKeys(findTestObject("Master Data/Super Admin/Edit Sekolah/Edit Page/Field Nomor Telfon"), Keys.chord(DELETE)): Keys 'DELETE + ' sent to object: 'Object Repository/Master Data/Super Admin/Edit Sekolah/Edit Page/Field Nomor Telfon'

06-01-2025T09:38:10 - [MESSAGE][PASSED] - Keys 'DELETE + ' sent to object: 'Object Repository/Master Data/Super Admin/Edit Sekolah/Edit Page/Field Nomor Telfon'

06-01-2025T09:38:10 - [TEST_STEP][PASSED] - randomNomorTelepon = generateRandomNomorTelepon(): null

06-01-2025T09:38:10 - [TEST_STEP][PASSED] - return (08 + (java.lang.Math.abs(new java.util.Random().nextLong()) % 1000000000).toString().padLeft(9, 0)): null

06-01-2025T09:38:10 - [TEST_STEP][PASSED] - setText(findTestObject("Master Data/Super Admin/Edit Sekolah/Edit Page/Field Nomor Telfon"), randomNomorTelepon, CONTINUE_ON_FAILURE): Text '08350402227' is set on object 'Object Repository/Master Data/Super Admin/Edit Sekolah/Edit Page/Field Nomor Telfon'

06-01-2025T09:38:10 - [MESSAGE][PASSED] - Text '08350402227' is set on object 'Object Repository/Master Data/Super Admin/Edit Sekolah/Edit Page/Field Nomor Telfon'

06-01-2025T09:38:10 - [TEST_STEP][PASSED] - sendKeys(findTestObject("Master Data/Super Admin/Edit Sekolah/Edit Page/Field Nama Sekolah"), Keys.chord(CONTROL, "a")): Keys 'CONTROL + a' sent to object: 'Object Repository/Master Data/Super Admin/Edit Sekolah/Edit Page/Field Nama Sekolah'

06-01-2025T09:38:11 - [MESSAGE][PASSED] - Keys 'CONTROL + a' sent to object: 'Object Repository/Master Data/Super Admin/Edit Sekolah/Edit Page/Field Nama Sekolah'

06-01-2025T09:38:11 - [TEST_STEP][PASSED] - sendKeys(findTestObject("Master Data/Super Admin/Edit Sekolah/Edit Page/Field Nama Sekolah"), Keys.chord(DELETE)): Keys 'DELETE + ' sent to object: 'Object Repository/Master Data/Super Admin/Edit Sekolah/Edit Page/Field Nama Sekolah'

06-01-2025T09:38:11 - [MESSAGE][PASSED] - Keys 'DELETE + ' sent to object: 'Object Repository/Master Data/Super Admin/Edit Sekolah/Edit Page/Field Nama Sekolah'

06-01-2025T09:38:11 - [TEST_STEP][PASSED] - randomNamaSekolah = generateRandomNamaSekolah(): null

06-01-2025T09:38:11 - [TEST_STEP][PASSED] - namaSekolahList = ["SMA Harapan Bangsa", "SMA Citra Nusantara", "SMA Tunas Muda", "SMA Pelita Harapan", "SMA Duta Bangsa", "SMA Bina Insan", "SMA Mandiri Jaya", "SMA Cendekia Utama", "SMA Cahaya Bangsa", "SMA Kasih Ibu", "SMA Tunas Bangsa", "SMA Nusa Jaya", "SMA Karya Mandiri", "SMA Pelita Cita", "SMA Inspirasi Bangsa", "SMA Sejahtera", "SMA Bintang Terang", "SMA Elang Nusantara", "SMA Gemilang Prestasi", "SMA Bina Cita", "SMA Anak Bangsa", "SMA Prima Nusantara", "SMA Pertiwi", "SMA Persada", "SMA Pionir Harapan", "SMA Cakra Nusantara", "SMA Global Mandiri", "SMA Pelangi Nusantara", "SMA Bhakti Pertiwi", "SMA Citra Bangsa", "SMA Harmoni", "SMA Tunas Cendekia", "SMA Unggul Bangsa", "SMA Bina Generasi", "SMA Gemilang Jaya", "SMA Purna Bhakti", "SMA Nusantara Jaya", "SMA Wijaya Kusuma", "SMA Merdeka", "SMA Pertiwi Sejahtera", "SMA Pelita Nusantara", "SMA Cahaya Pertiwi", "SMA Tunas Harapan", "SMA Satria Mandiri", "SMA Bina Utama", "SMA Pionir Nusantara", "SMA Mutiara Bangsa", "SMA Kasih Bangsa", "SMA Nusa Indah", "SMA Bina Prestasi"]: null

06-01-2025T09:38:11 - [TEST_STEP][PASSED] - return namaSekolahList[new java.util.Random().nextInt(namaSekolahList.size())]: null

06-01-2025T09:38:11 - [TEST_STEP][PASSED] - setText(findTestObject("Master Data/Super Admin/Edit Sekolah/Edit Page/Field Nama Sekolah"), randomNamaSekolah, CONTINUE_ON_FAILURE): Text 'SMA Gemilang Prestasi' is set on object 'Object Repository/Master Data/Super Admin/Edit Sekolah/Edit Page/Field Nama Sekolah'

06-01-2025T09:38:12 - [MESSAGE][PASSED] - Text 'SMA Gemilang Prestasi' is set on object 'Object Repository/Master Data/Super Admin/Edit Sekolah/Edit Page/Field Nama Sekolah'

06-01-2025T09:38:12 - [TEST_STEP][PASSED] - sendKeys(findTestObject("Master Data/Super Admin/Edit Sekolah/Edit Page/Field Email Sekolah"), Keys.chord(CONTROL, "a")): Keys 'CONTROL + a' sent to object: 'Object Repository/Master Data/Super Admin/Edit Sekolah/Edit Page/Field Email Sekolah'

06-01-2025T09:38:12 - [MESSAGE][PASSED] - Keys 'CONTROL + a' sent to object: 'Object Repository/Master Data/Super Admin/Edit Sekolah/Edit Page/Field Email Sekolah'

06-01-2025T09:38:12 - [TEST_STEP][PASSED] - sendKeys(findTestObject("Master Data/Super Admin/Edit Sekolah/Edit Page/Field Email Sekolah"), Keys.chord(DELETE)): Keys 'DELETE + ' sent to object: 'Object Repository/Master Data/Super Admin/Edit Sekolah/Edit Page/Field Email Sekolah'

06-01-2025T09:38:12 - [MESSAGE][PASSED] - Keys 'DELETE + ' sent to object: 'Object Repository/Master Data/Super Admin/Edit Sekolah/Edit Page/Field Email Sekolah'

06-01-2025T09:38:12 - [TEST_STEP][PASSED] - randomEmail = generateEmailFromNamaSekolah(randomNamaSekolah): null

06-01-2025T09:38:12 - [TEST_STEP][PASSED] - emailPrefix = toLowerCase().replaceAll(" ", "."): null

06-01-2025T09:38:12 - [TEST_STEP][PASSED] - return (emailPrefix + @sch.co.id): null

06-01-2025T09:38:12 - [TEST_STEP][PASSED] - setText(findTestObject("Master Data/Super Admin/Edit Sekolah/Edit Page/Field Email Sekolah"), randomEmail, CONTINUE_ON_FAILURE): Text 'sma.gemilang.prestasi@sch.co.id' is set on object 'Object Repository/Master Data/Super Admin/Edit Sekolah/Edit Page/Field Email Sekolah'

06-01-2025T09:38:13 - [MESSAGE][PASSED] - Text 'sma.gemilang.prestasi@sch.co.id' is set on object 'Object Repository/Master Data/Super Admin/Edit Sekolah/Edit Page/Field Email Sekolah'

06-01-2025T09:38:13 - [TEST_STEP][PASSED] - click(findTestObject("Master Data/Super Admin/Edit Sekolah/Edit Page/Dropdown Provinsi"), CONTINUE_ON_FAILURE): Object: 'Object Repository/Master Data/Super Admin/Edit Sekolah/Edit Page/Dropdown Provinsi' is clicked on

06-01-2025T09:38:15 - [MESSAGE][PASSED] - Object: 'Object Repository/Master Data/Super Admin/Edit Sekolah/Edit Page/Dropdown Provinsi' is clicked on

06-01-2025T09:38:15 - [TEST_STEP][PASSED] - click(findTestObject("Master Data/Super Admin/Edit Sekolah/Edit Page/Value Dropdown Provinsi"), CONTINUE_ON_FAILURE): Object: 'Object Repository/Master Data/Super Admin/Edit Sekolah/Edit Page/Value Dropdown Provinsi' is clicked on

06-01-2025T09:38:16 - [MESSAGE][PASSED] - Object: 'Object Repository/Master Data/Super Admin/Edit Sekolah/Edit Page/Value Dropdown Provinsi' is clicked on

06-01-2025T09:38:16 - [TEST_STEP][PASSED] - click(findTestObject("Master Data/Super Admin/Edit Sekolah/Edit Page/Dropdown Kota"), CONTINUE_ON_FAILURE): Object: 'Object Repository/Master Data/Super Admin/Edit Sekolah/Edit Page/Dropdown Kota' is clicked on

06-01-2025T09:38:16 - [MESSAGE][PASSED] - Object: 'Object Repository/Master Data/Super Admin/Edit Sekolah/Edit Page/Dropdown Kota' is clicked on

06-01-2025T09:38:16 - [TEST_STEP][PASSED] - click(findTestObject("Master Data/Super Admin/Edit Sekolah/Edit Page/Value Dropdown Kota"), CONTINUE_ON_FAILURE): Object: 'Object Repository/Master Data/Super Admin/Edit Sekolah/Edit Page/Value Dropdown Kota' is clicked on

06-01-2025T09:38:17 - [MESSAGE][PASSED] - Object: 'Object Repository/Master Data/Super Admin/Edit Sekolah/Edit Page/Value Dropdown Kota' is clicked on

06-01-2025T09:38:17 - [TEST_STEP][PASSED] - click(findTestObject("Master Data/Super Admin/Edit Sekolah/Edit Page/Field Button Simpan"), CONTINUE_ON_FAILURE): Object: 'Object Repository/Master Data/Super Admin/Edit Sekolah/Edit Page/Field Button Simpan' is clicked on

06-01-2025T09:38:17 - [MESSAGE][PASSED] - Object: 'Object Repository/Master Data/Super Admin/Edit Sekolah/Edit Page/Field Button Simpan' is clicked on

06-01-2025T09:38:17 - [TEST_STEP][PASSED] - click(findTestObject("Master Data/Super Admin/Edit Sekolah/Edit Page/Button Ya"), CONTINUE_ON_FAILURE): Object: 'Object Repository/Master Data/Super Admin/Edit Sekolah/Edit Page/Button Ya' is clicked on

06-01-2025T09:38:18 - [MESSAGE][PASSED] - Object: 'Object Repository/Master Data/Super Admin/Edit Sekolah/Edit Page/Button Ya' is clicked on

06-01-2025T09:38:18 - [TEST_STEP][PASSED] - closeBrowser(): Browser is closed

06-01-2025T09:38:18 - [MESSAGE][PASSED] - Browser is closed

06-01-2025T09:38:18 - [MESSAGE][PASSED] - Call Test Case 'Test Cases/Master Data/Super Admin/Master Data Sekolah/Edit Sekolah' successfully

06-01-2025T09:38:18 - [TEST_STEP][PASSED] - println("============================= Loop Again ==============================="): null

06-01-2025T09:38:18 - [TEST_STEP][PASSED] - callTestCase(findTestCase("Test Cases/Master Data/Super Admin/Master Data Sekolah/Tambah Sekolah"), [:], CONTINUE_ON_FAILURE): Call Test Case 'Test Cases/Master Data/Super Admin/Master Data Sekolah/Tambah Sekolah' successfully

06-01-2025T09:38:18 - [TEST_CASE][PASSED] - Test Cases/Master Data/Super Admin/Master Data Sekolah/Tambah Sekolah: Test Cases/Master Data/Super Admin/Master Data Sekolah/Tambah Sekolah

06-01-2025T09:38:18 - [TEST_STEP][PASSED] - openBrowser("", CONTINUE_ON_FAILURE): Browser is opened with url: ''

06-01-2025T09:38:18 - [MESSAGE][INFO] - Starting 'Chrome' driver

06-01-2025T09:38:18 - [MESSAGE][INFO] - Action delay is set to 0 milliseconds

06-01-2025T09:38:19 - [MESSAGE][PASSED] - Browser is opened with url: ''

06-01-2025T09:38:19 - [TEST_STEP][PASSED] - navigateToUrl("https://sit.siprusedu.com/login", CONTINUE_ON_FAILURE): Navigate to 'https://sit.siprusedu.com/login' successfully

06-01-2025T09:38:38 - [MESSAGE][PASSED] - Navigate to 'https://sit.siprusedu.com/login' successfully

06-01-2025T09:38:38 - [TEST_STEP][PASSED] - click(findTestObject("Master Data/Admin Sekolah/Login/Field Email"), CONTINUE_ON_FAILURE): Object: 'Object Repository/Master Data/Admin Sekolah/Login/Field Email' is clicked on

06-01-2025T09:38:39 - [MESSAGE][PASSED] - Object: 'Object Repository/Master Data/Admin Sekolah/Login/Field Email' is clicked on

06-01-2025T09:38:39 - [TEST_STEP][PASSED] - setText(findTestObject("Master Data/Admin Sekolah/Login/Field Email"), "admin@gmail.com", CONTINUE_ON_FAILURE): Text 'admin@gmail.com' is set on object 'Object Repository/Master Data/Admin Sekolah/Login/Field Email'

06-01-2025T09:38:39 - [MESSAGE][PASSED] - Text 'admin@gmail.com' is set on object 'Object Repository/Master Data/Admin Sekolah/Login/Field Email'

06-01-2025T09:38:39 - [TEST_STEP][PASSED] - click(findTestObject("Master Data/Admin Sekolah/Login/Input Password"), CONTINUE_ON_FAILURE): Object: 'Object Repository/Master Data/Admin Sekolah/Login/Input Password' is clicked on

06-01-2025T09:38:40 - [MESSAGE][PASSED] - Object: 'Object Repository/Master Data/Admin Sekolah/Login/Input Password' is clicked on

06-01-2025T09:38:40 - [TEST_STEP][PASSED] - setText(findTestObject("Master Data/Admin Sekolah/Login/Input Password"), "Test1234", CONTINUE_ON_FAILURE): Text 'Test1234' is set on object 'Object Repository/Master Data/Admin Sekolah/Login/Input Password'

06-01-2025T09:38:40 - [MESSAGE][PASSED] - Text 'Test1234' is set on object 'Object Repository/Master Data/Admin Sekolah/Login/Input Password'

06-01-2025T09:38:40 - [TEST_STEP][PASSED] - click(findTestObject("Master Data/Admin Sekolah/Login/Button Submit"), CONTINUE_ON_FAILURE): Object: 'Object Repository/Master Data/Admin Sekolah/Login/Button Submit' is clicked on

06-01-2025T09:38:40 - [MESSAGE][PASSED] - Object: 'Object Repository/Master Data/Admin Sekolah/Login/Button Submit' is clicked on

06-01-2025T09:38:40 - [TEST_STEP][PASSED] - waitForPageLoad(5, CONTINUE_ON_FAILURE): Wait for page load successfully

06-01-2025T09:38:40 - [MESSAGE][PASSED] - Wait for page load successfully

06-01-2025T09:38:40 - [TEST_STEP][PASSED] - click(findTestObject("Master Data/Super Admin/Homepage Menu/Sidebar Menu"), CONTINUE_ON_FAILURE): Object: 'Object Repository/Master Data/Super Admin/Homepage Menu/Sidebar Menu' is clicked on

06-01-2025T09:38:42 - [MESSAGE][PASSED] - Object: 'Object Repository/Master Data/Super Admin/Homepage Menu/Sidebar Menu' is clicked on

06-01-2025T09:38:42 - [TEST_STEP][PASSED] - click(findTestObject("Master Data/Super Admin/Homepage Menu/Sub Menu Sekolah"), CONTINUE_ON_FAILURE): Object: 'Object Repository/Master Data/Super Admin/Homepage Menu/Sub Menu Sekolah' is clicked on

06-01-2025T09:38:43 - [MESSAGE][PASSED] - Object: 'Object Repository/Master Data/Super Admin/Homepage Menu/Sub Menu Sekolah' is clicked on

06-01-2025T09:38:43 - [TEST_STEP][PASSED] - click(findTestObject("Master Data/Super Admin/Master Sekolah Dashboard/Button Tambah"), CONTINUE_ON_FAILURE): Object: 'Object Repository/Master Data/Super Admin/Master Sekolah Dashboard/Button Tambah' is clicked on

06-01-2025T09:38:43 - [MESSAGE][PASSED] - Object: 'Object Repository/Master Data/Super Admin/Master Sekolah Dashboard/Button Tambah' is clicked on

06-01-2025T09:38:43 - [TEST_STEP][PASSED] - waitForPageLoad(5, CONTINUE_ON_FAILURE): Wait for page load successfully

06-01-2025T09:38:43 - [MESSAGE][PASSED] - Wait for page load successfully

06-01-2025T09:38:43 - [TEST_STEP][PASSED] - sekolahDataList = [["NPSN":generateRandomNPSN(), "Telephone":generateRandomNomorHP(), "NamaSekolah":generateRandomNamaSekolah(), "Email":generateRandomEmail(generateRandomNamaSekolah())]]: null

06-01-2025T09:38:43 - [TEST_STEP][PASSED] - return (java.lang.Math.abs(new java.util.Random().nextLong()) % 10000000000).toString().padLeft(10, 0): null

06-01-2025T09:38:43 - [TEST_STEP][PASSED] - return (08 + (java.lang.Math.abs(new java.util.Random().nextLong()) % 1000000000).toString().padLeft(9, 0)): null

06-01-2025T09:38:43 - [TEST_STEP][PASSED] - namaSekolahList = ["SMA Harapan Bangsa", "SMA Citra Nusantara", "SMA Tunas Muda", "SMA Pelita Harapan", "SMA Duta Bangsa", "SMA Bina Insan", "SMA Mandiri Jaya", "SMA Cendekia Utama", "SMA Cahaya Bangsa", "SMA Kasih Ibu", "SMA Tunas Bangsa", "SMA Nusa Jaya", "SMA Karya Mandiri", "SMA Pelita Cita", "SMA Inspirasi Bangsa", "SMA Sejahtera", "SMA Bintang Terang", "SMA Elang Nusantara", "SMA Gemilang Prestasi", "SMA Bina Cita", "SMA Anak Bangsa", "SMA Prima Nusantara", "SMA Pertiwi", "SMA Persada", "SMA Pionir Harapan", "SMA Cakra Nusantara", "SMA Global Mandiri", "SMA Pelangi Nusantara", "SMA Bhakti Pertiwi", "SMA Citra Bangsa", "SMA Harmoni", "SMA Tunas Cendekia", "SMA Unggul Bangsa", "SMA Bina Generasi", "SMA Gemilang Jaya", "SMA Purna Bhakti", "SMA Nusantara Jaya", "SMA Wijaya Kusuma", "SMA Merdeka", "SMA Pertiwi Sejahtera", "SMA Pelita Nusantara", "SMA Cahaya Pertiwi", "SMA Tunas Harapan", "SMA Satria Mandiri", "SMA Bina Utama", "SMA Pionir Nusantara", "SMA Mutiara Bangsa", "SMA Kasih Bangsa", "SMA Nusa Indah", "SMA Bina Prestasi"]: null

06-01-2025T09:38:43 - [TEST_STEP][PASSED] - return namaSekolahList[new java.util.Random().nextInt(namaSekolahList.size())]: null

06-01-2025T09:38:43 - [TEST_STEP][PASSED] - namaSekolahList = ["SMA Harapan Bangsa", "SMA Citra Nusantara", "SMA Tunas Muda", "SMA Pelita Harapan", "SMA Duta Bangsa", "SMA Bina Insan", "SMA Mandiri Jaya", "SMA Cendekia Utama", "SMA Cahaya Bangsa", "SMA Kasih Ibu", "SMA Tunas Bangsa", "SMA Nusa Jaya", "SMA Karya Mandiri", "SMA Pelita Cita", "SMA Inspirasi Bangsa", "SMA Sejahtera", "SMA Bintang Terang", "SMA Elang Nusantara", "SMA Gemilang Prestasi", "SMA Bina Cita", "SMA Anak Bangsa", "SMA Prima Nusantara", "SMA Pertiwi", "SMA Persada", "SMA Pionir Harapan", "SMA Cakra Nusantara", "SMA Global Mandiri", "SMA Pelangi Nusantara", "SMA Bhakti Pertiwi", "SMA Citra Bangsa", "SMA Harmoni", "SMA Tunas Cendekia", "SMA Unggul Bangsa", "SMA Bina Generasi", "SMA Gemilang Jaya", "SMA Purna Bhakti", "SMA Nusantara Jaya", "SMA Wijaya Kusuma", "SMA Merdeka", "SMA Pertiwi Sejahtera", "SMA Pelita Nusantara", "SMA Cahaya Pertiwi", "SMA Tunas Harapan", "SMA Satria Mandiri", "SMA Bina Utama", "SMA Pionir Nusantara", "SMA Mutiara Bangsa", "SMA Kasih Bangsa", "SMA Nusa Indah", "SMA Bina Prestasi"]: null

06-01-2025T09:38:43 - [TEST_STEP][PASSED] - return namaSekolahList[new java.util.Random().nextInt(namaSekolahList.size())]: null

06-01-2025T09:38:43 - [TEST_STEP][PASSED] - namaSekolahFormatted = toLowerCase().replaceAll("\s+", ""): null

06-01-2025T09:38:43 - [TEST_STEP][PASSED] - return (namaSekolahFormatted + @sch.id): null

06-01-2025T09:38:43 - [TEST_STEP][PASSED] - for (Map<String, String> sekolahData : sekolahDataList): null

06-01-2025T09:38:43 - [TEST_STEP][PASSED] - fillFormWithData(sekolahData): null

06-01-2025T09:38:43 - [TEST_STEP][PASSED] - setText(findTestObject("Master Data/Super Admin/Form Sekolah/Field NPSN"), formData["NPSN"]): Text '3750740421' is set on object 'Object Repository/Master Data/Super Admin/Form Sekolah/Field NPSN'

06-01-2025T09:38:44 - [MESSAGE][PASSED] - Text '3750740421' is set on object 'Object Repository/Master Data/Super Admin/Form Sekolah/Field NPSN'

06-01-2025T09:38:44 - [TEST_STEP][PASSED] - setText(findTestObject("Master Data/Super Admin/Form Sekolah/Field Telephone"), formData["Telephone"]): Text '08509334987' is set on object 'Object Repository/Master Data/Super Admin/Form Sekolah/Field Telephone'

06-01-2025T09:38:45 - [MESSAGE][PASSED] - Text '08509334987' is set on object 'Object Repository/Master Data/Super Admin/Form Sekolah/Field Telephone'

06-01-2025T09:38:45 - [TEST_STEP][PASSED] - setText(findTestObject("Master Data/Super Admin/Form Sekolah/Field Nama Sekolah"), formData["NamaSekolah"]): Text 'SMA Unggul Bangsa' is set on object 'Object Repository/Master Data/Super Admin/Form Sekolah/Field Nama Sekolah'

06-01-2025T09:38:46 - [MESSAGE][PASSED] - Text 'SMA Unggul Bangsa' is set on object 'Object Repository/Master Data/Super Admin/Form Sekolah/Field Nama Sekolah'

06-01-2025T09:38:46 - [TEST_STEP][PASSED] - setText(findTestObject("Master Data/Super Admin/Form Sekolah/Field Email"), formData["Email"]): null

06-01-2025T09:38:46 - [MESSAGE][PASSED] - Text 'smacendekiautama@sch.id' is set on object 'Object Repository/Master Data/Super Admin/Form Sekolah/Field Email'

06-01-2025T09:38:46 - [TEST_STEP][PASSED] - delay(1): Delayed 1 second(s)

06-01-2025T09:38:47 - [MESSAGE][PASSED] - Delayed 1 second(s)

06-01-2025T09:38:47 - [TEST_STEP][PASSED] - scrollToElement(findTestObject("Master Data/Super Admin/Form Sekolah/Field Email"), 0, CONTINUE_ON_FAILURE): Scroll to object 'Object Repository/Master Data/Super Admin/Form Sekolah/Field Email' successfully

06-01-2025T09:38:47 - [MESSAGE][WARNING] - Timeout '0' is invalid. Using default page load timeout: '30'

06-01-2025T09:38:48 - [MESSAGE][PASSED] - Scroll to object 'Object Repository/Master Data/Super Admin/Form Sekolah/Field Email' successfully

06-01-2025T09:38:48 - [TEST_STEP][PASSED] - click(findTestObject("Master Data/Super Admin/Form Sekolah/Dropdown Unit"), CONTINUE_ON_FAILURE): Object: 'Object Repository/Master Data/Super Admin/Form Sekolah/Dropdown Unit' is clicked on

06-01-2025T09:38:48 - [MESSAGE][PASSED] - Object: 'Object Repository/Master Data/Super Admin/Form Sekolah/Dropdown Unit' is clicked on

06-01-2025T09:38:48 - [TEST_STEP][PASSED] - click(findTestObject("Master Data/Super Admin/Form Sekolah/Isi Dropdown Unit"), CONTINUE_ON_FAILURE): Object: 'Object Repository/Master Data/Super Admin/Form Sekolah/Isi Dropdown Unit' is clicked on

06-01-2025T09:38:49 - [MESSAGE][PASSED] - Object: 'Object Repository/Master Data/Super Admin/Form Sekolah/Isi Dropdown Unit' is clicked on

06-01-2025T09:38:49 - [TEST_STEP][PASSED] - logoFilePaths = ["C:\Users\henri\Pictures\Upload Sekolah\Logo Sekolah.png"]: null

06-01-2025T09:38:49 - [TEST_STEP][PASSED] - for (String logoFilePath : logoFilePaths): null

06-01-2025T09:38:49 - [TEST_STEP][PASSED] - uploadLogo(logoFilePath): null

06-01-2025T09:38:49 - [TEST_STEP][PASSED] - click(findTestObject("Master Data/Super Admin/Form Sekolah/Button Upload Logo")): Object: 'Object Repository/Master Data/Super Admin/Form Sekolah/Button Upload Logo' is clicked on

06-01-2025T09:38:49 - [MESSAGE][PASSED] - Object: 'Object Repository/Master Data/Super Admin/Form Sekolah/Button Upload Logo' is clicked on

06-01-2025T09:38:49 - [TEST_STEP][PASSED] - delay(1): Delayed 1 second(s)

06-01-2025T09:38:50 - [MESSAGE][PASSED] - Delayed 1 second(s)

06-01-2025T09:38:50 - [TEST_STEP][PASSED] - uploadFile(findTestObject("Master Data/Super Admin/Form Sekolah/Input File Upload"), logoFilePath): null

06-01-2025T09:38:50 - [MESSAGE][PASSED] - File 'C:\Users\henri\Pictures\Upload Sekolah\Logo Sekolah.png' sent to object: 'Object Repository/Master Data/Super Admin/Form Sekolah/Input File Upload'

06-01-2025T09:38:50 - [TEST_STEP][PASSED] - delay(1): Delayed 1 second(s)

06-01-2025T09:38:51 - [MESSAGE][PASSED] - Delayed 1 second(s)

06-01-2025T09:38:51 - [TEST_STEP][PASSED] - kopSuratFilePath = "C:/Users/henri/Pictures/Upload Sekolah/Upload Kop Surat.png": null

06-01-2025T09:38:51 - [TEST_STEP][PASSED] - click(findTestObject("Master Data/Super Admin/Form Sekolah/Button Upload Kop Surat"), CONTINUE_ON_FAILURE): Object: 'Object Repository/Master Data/Super Admin/Form Sekolah/Button Upload Kop Surat' is clicked on

06-01-2025T09:38:51 - [MESSAGE][PASSED] - Object: 'Object Repository/Master Data/Super Admin/Form Sekolah/Button Upload Kop Surat' is clicked on

06-01-2025T09:38:51 - [TEST_STEP][PASSED] - delay(5, CONTINUE_ON_FAILURE): Delayed 5 second(s)

06-01-2025T09:38:56 - [MESSAGE][PASSED] - Delayed 5 second(s)

06-01-2025T09:38:56 - [TEST_STEP][PASSED] - uploadFile(findTestObject("Master Data/Super Admin/Form Sekolah/Input Upload File Kop Surat"), kopSuratFilePath, CONTINUE_ON_FAILURE): File 'C:/Users/henri/Pictures/Upload Sekolah/Upload Kop Surat.png' sent to object: 'Object Repository/Master Data/Super Admin/Form Sekolah/Input Upload File Kop Surat'

06-01-2025T09:38:57 - [MESSAGE][PASSED] - File 'C:/Users/henri/Pictures/Upload Sekolah/Upload Kop Surat.png' sent to object: 'Object Repository/Master Data/Super Admin/Form Sekolah/Input Upload File Kop Surat'

06-01-2025T09:38:57 - [TEST_STEP][PASSED] - selectDropdownValue("Master Data/Super Admin/Form Sekolah/Dropdown Provinsi", "Master Data/Super Admin/Form Sekolah/Isi Dropdown Provinsi", 5, 2): null

06-01-2025T09:38:57 - [TEST_STEP][PASSED] - click(findTestObject(dropdownXpath)): Object: 'Object Repository/Master Data/Super Admin/Form Sekolah/Dropdown Provinsi' is clicked on

06-01-2025T09:38:57 - [MESSAGE][PASSED] - Object: 'Object Repository/Master Data/Super Admin/Form Sekolah/Dropdown Provinsi' is clicked on

06-01-2025T09:38:57 - [TEST_STEP][PASSED] - delay(delayBefore): Delayed 5 second(s)

06-01-2025T09:39:02 - [MESSAGE][PASSED] - Delayed 5 second(s)

06-01-2025T09:39:02 - [TEST_STEP][PASSED] - click(findTestObject(valueXpath)): Object: 'Object Repository/Master Data/Super Admin/Form Sekolah/Isi Dropdown Provinsi' is clicked on

06-01-2025T09:39:03 - [MESSAGE][PASSED] - Object: 'Object Repository/Master Data/Super Admin/Form Sekolah/Isi Dropdown Provinsi' is clicked on

06-01-2025T09:39:03 - [TEST_STEP][PASSED] - delay(delayAfter): Delayed 2 second(s)

06-01-2025T09:39:05 - [MESSAGE][PASSED] - Delayed 2 second(s)

06-01-2025T09:39:05 - [TEST_STEP][PASSED] - selectDropdownValue("Master Data/Super Admin/Form Sekolah/Dropdown Kota", "Master Data/Super Admin/Form Sekolah/Isi Dropdown Kota", 2, 2): null

06-01-2025T09:39:05 - [TEST_STEP][PASSED] - click(findTestObject(dropdownXpath)): Object: 'Object Repository/Master Data/Super Admin/Form Sekolah/Dropdown Kota' is clicked on

06-01-2025T09:39:05 - [MESSAGE][PASSED] - Object: 'Object Repository/Master Data/Super Admin/Form Sekolah/Dropdown Kota' is clicked on

06-01-2025T09:39:05 - [TEST_STEP][PASSED] - delay(delayBefore): Delayed 2 second(s)

06-01-2025T09:39:07 - [MESSAGE][PASSED] - Delayed 2 second(s)

06-01-2025T09:39:07 - [TEST_STEP][PASSED] - click(findTestObject(valueXpath)): Object: 'Object Repository/Master Data/Super Admin/Form Sekolah/Isi Dropdown Kota' is clicked on

06-01-2025T09:39:07 - [MESSAGE][PASSED] - Object: 'Object Repository/Master Data/Super Admin/Form Sekolah/Isi Dropdown Kota' is clicked on

06-01-2025T09:39:07 - [TEST_STEP][PASSED] - delay(delayAfter): Delayed 2 second(s)

06-01-2025T09:39:09 - [MESSAGE][PASSED] - Delayed 2 second(s)

06-01-2025T09:39:09 - [TEST_STEP][PASSED] - alamatRandom = generateRandomAlamat(): null

06-01-2025T09:39:09 - [TEST_STEP][PASSED] - alamatList = ["Head Office. Pondok Indah Office Tower 1 Lantai 8. Jl. Sultan Iskandar Muda Kav. V - TA, Jakarta Selatan 12310. Tel. +62-21 7654466. Fax. +62-21 7507747.", "Jl. Jenderal Sudirman Kav. 10-11, Jakarta Pusat 10220. Tel. +62-21 1234567. Fax. +62-21 9876543.", "Kompleks Ruko Grand Galaxy, Blok A5 No. 12, Bekasi Selatan 17148. Tel. +62-21 8855543.", "Jl. Ahmad Yani No. 45, Surabaya 60234. Tel. +62-31 7894567.", "Jl. Diponegoro No. 101, Bandung 40132. Tel. +62-22 7651234. Fax. +62-22 9873214.", "Jl. MT Haryono No. 3, Medan 20234. Tel. +62-61 4321678.", "Jl. Brigjen Katamso No. 88, Yogyakarta 55212. Tel. +62-274 556789.", "Jl. Gatot Subroto Kav. 15-17, Jakarta Selatan 12950. Tel. +62-21 7650987.", "Jl. Pahlawan No. 76, Semarang 50134. Tel. +62-24 7776543.", "Jl. Imam Bonjol No. 23, Malang 65115. Tel. +62-341 556712."]: null

06-01-2025T09:39:09 - [TEST_STEP][PASSED] - return alamatList[new java.util.Random().nextInt(alamatList.size())]: null

06-01-2025T09:39:09 - [TEST_STEP][PASSED] - setText(findTestObject("Master Data/Super Admin/Form Sekolah/Field Alamat"), alamatRandom, CONTINUE_ON_FAILURE): Text 'Head Office. Pondok Indah Office Tower 1 Lantai 8. Jl. Sultan Iskandar Muda Kav. V - TA, Jakarta Selatan 12310. Tel. +62-21 7654466. Fax. +62-21 7507747.' is set on object 'Object Repository/Master Data/Super Admin/Form Sekolah/Field Alamat'

06-01-2025T09:39:11 - [MESSAGE][PASSED] - Text 'Head Office. Pondok Indah Office Tower 1 Lantai 8. Jl. Sultan Iskandar Muda Kav. V - TA, Jakarta Selatan 12310. Tel. +62-21 7654466. Fax. +62-21 7507747.' is set on object 'Object Repository/Master Data/Super Admin/Form Sekolah/Field Alamat'

06-01-2025T09:39:11 - [TEST_STEP][PASSED] - click(findTestObject("Master Data/Super Admin/Form Sekolah/Button Tambahkan"), CONTINUE_ON_FAILURE): Object: 'Object Repository/Master Data/Super Admin/Form Sekolah/Button Tambahkan' is clicked on

06-01-2025T09:39:11 - [MESSAGE][PASSED] - Object: 'Object Repository/Master Data/Super Admin/Form Sekolah/Button Tambahkan' is clicked on

06-01-2025T09:39:11 - [TEST_STEP][PASSED] - click(findTestObject("Master Data/Super Admin/Form Sekolah/Button YA"), CONTINUE_ON_FAILURE): Object: 'Object Repository/Master Data/Super Admin/Form Sekolah/Button YA' is clicked on

06-01-2025T09:39:12 - [MESSAGE][PASSED] - Object: 'Object Repository/Master Data/Super Admin/Form Sekolah/Button YA' is clicked on

06-01-2025T09:39:12 - [MESSAGE][PASSED] - Call Test Case 'Test Cases/Master Data/Super Admin/Master Data Sekolah/Tambah Sekolah' successfully

06-01-2025T09:39:12 - [TEST_STEP][PASSED] - callTestCase(findTestCase("Test Cases/Master Data/Super Admin/Master Data Sekolah/Edit Sekolah"), [:], CONTINUE_ON_FAILURE): Call Test Case 'Test Cases/Master Data/Super Admin/Master Data Sekolah/Edit Sekolah' successfully

06-01-2025T09:39:12 - [TEST_CASE][PASSED] - Test Cases/Master Data/Super Admin/Master Data Sekolah/Edit Sekolah: Test Cases/Master Data/Super Admin/Master Data Sekolah/Edit Sekolah

06-01-2025T09:39:12 - [TEST_STEP][PASSED] - openBrowser("", CONTINUE_ON_FAILURE): Browser is opened with url: ''

06-01-2025T09:39:12 - [MESSAGE][WARNING] - A browser is already opened. Closing browser and opening a new one

06-01-2025T09:39:12 - [MESSAGE][INFO] - Starting 'Chrome' driver

06-01-2025T09:39:12 - [MESSAGE][INFO] - Action delay is set to 0 milliseconds

06-01-2025T09:39:13 - [MESSAGE][PASSED] - Browser is opened with url: ''

06-01-2025T09:39:13 - [TEST_STEP][PASSED] - navigateToUrl("https://sit.siprusedu.com/login", CONTINUE_ON_FAILURE): Navigate to 'https://sit.siprusedu.com/login' successfully

06-01-2025T09:39:15 - [MESSAGE][PASSED] - Navigate to 'https://sit.siprusedu.com/login' successfully

06-01-2025T09:39:15 - [TEST_STEP][PASSED] - setText(findTestObject("Master Data/Admin Sekolah/Login/Field Email"), "admin@gmail.com", CONTINUE_ON_FAILURE): Text 'admin@gmail.com' is set on object 'Object Repository/Master Data/Admin Sekolah/Login/Field Email'

06-01-2025T09:39:16 - [MESSAGE][PASSED] - Text 'admin@gmail.com' is set on object 'Object Repository/Master Data/Admin Sekolah/Login/Field Email'

06-01-2025T09:39:16 - [TEST_STEP][PASSED] - setText(findTestObject("Master Data/Admin Sekolah/Login/Input Password"), "Test1234", CONTINUE_ON_FAILURE): Text 'Test1234' is set on object 'Object Repository/Master Data/Admin Sekolah/Login/Input Password'

06-01-2025T09:39:17 - [MESSAGE][PASSED] - Text 'Test1234' is set on object 'Object Repository/Master Data/Admin Sekolah/Login/Input Password'

06-01-2025T09:39:17 - [TEST_STEP][PASSED] - click(findTestObject("Master Data/Admin Sekolah/Login/Button Submit"), CONTINUE_ON_FAILURE): Object: 'Object Repository/Master Data/Admin Sekolah/Login/Button Submit' is clicked on

06-01-2025T09:39:17 - [MESSAGE][PASSED] - Object: 'Object Repository/Master Data/Admin Sekolah/Login/Button Submit' is clicked on

06-01-2025T09:39:17 - [TEST_STEP][PASSED] - waitForPageLoad(5, CONTINUE_ON_FAILURE): Wait for page load successfully

06-01-2025T09:39:17 - [MESSAGE][PASSED] - Wait for page load successfully

06-01-2025T09:39:17 - [TEST_STEP][PASSED] - click(findTestObject("Master Data/Super Admin/Homepage Menu/Sidebar Menu"), CONTINUE_ON_FAILURE): Object: 'Object Repository/Master Data/Super Admin/Homepage Menu/Sidebar Menu' is clicked on

06-01-2025T09:39:20 - [MESSAGE][PASSED] - Object: 'Object Repository/Master Data/Super Admin/Homepage Menu/Sidebar Menu' is clicked on

06-01-2025T09:39:20 - [TEST_STEP][PASSED] - click(findTestObject("Master Data/Super Admin/Homepage Menu/Sub Menu Sekolah"), CONTINUE_ON_FAILURE): Object: 'Object Repository/Master Data/Super Admin/Homepage Menu/Sub Menu Sekolah' is clicked on

06-01-2025T09:39:21 - [MESSAGE][PASSED] - Object: 'Object Repository/Master Data/Super Admin/Homepage Menu/Sub Menu Sekolah' is clicked on

06-01-2025T09:39:21 - [TEST_STEP][PASSED] - click(findTestObject("Master Data/Super Admin/Edit Sekolah/Master Data Sekolah Dashboard/Button Action"), CONTINUE_ON_FAILURE): Object: 'Object Repository/Master Data/Super Admin/Edit Sekolah/Master Data Sekolah Dashboard/Button Action' is clicked on

06-01-2025T09:39:21 - [MESSAGE][PASSED] - Object: 'Object Repository/Master Data/Super Admin/Edit Sekolah/Master Data Sekolah Dashboard/Button Action' is clicked on

06-01-2025T09:39:21 - [TEST_STEP][PASSED] - click(findTestObject("Master Data/Super Admin/Edit Sekolah/Master Data Sekolah Dashboard/Button Edit"), CONTINUE_ON_FAILURE): Object: 'Object Repository/Master Data/Super Admin/Edit Sekolah/Master Data Sekolah Dashboard/Button Edit' is clicked on

06-01-2025T09:39:22 - [MESSAGE][PASSED] - Object: 'Object Repository/Master Data/Super Admin/Edit Sekolah/Master Data Sekolah Dashboard/Button Edit' is clicked on

06-01-2025T09:39:22 - [TEST_STEP][PASSED] - sendKeys(findTestObject("Master Data/Super Admin/Edit Sekolah/Edit Page/Field NPSN"), Keys.chord(CONTROL, "a")): Keys 'CONTROL + a' sent to object: 'Object Repository/Master Data/Super Admin/Edit Sekolah/Edit Page/Field NPSN'

06-01-2025T09:39:23 - [MESSAGE][PASSED] - Keys 'CONTROL + a' sent to object: 'Object Repository/Master Data/Super Admin/Edit Sekolah/Edit Page/Field NPSN'

06-01-2025T09:39:23 - [TEST_STEP][PASSED] - sendKeys(findTestObject("Master Data/Super Admin/Edit Sekolah/Edit Page/Field NPSN"), Keys.chord(DELETE)): Keys 'DELETE + ' sent to object: 'Object Repository/Master Data/Super Admin/Edit Sekolah/Edit Page/Field NPSN'

06-01-2025T09:39:23 - [MESSAGE][PASSED] - Keys 'DELETE + ' sent to object: 'Object Repository/Master Data/Super Admin/Edit Sekolah/Edit Page/Field NPSN'

06-01-2025T09:39:23 - [TEST_STEP][PASSED] - randomNPSN = generateRandomNPSN(): null

06-01-2025T09:39:23 - [TEST_STEP][PASSED] - return (java.lang.Math.abs(new java.util.Random().nextLong()) % 10000000000).toString().padLeft(10, 0): null

06-01-2025T09:39:23 - [TEST_STEP][PASSED] - setText(findTestObject("Master Data/Super Admin/Edit Sekolah/Edit Page/Field NPSN"), randomNPSN, CONTINUE_ON_FAILURE): Text '8648340967' is set on object 'Object Repository/Master Data/Super Admin/Edit Sekolah/Edit Page/Field NPSN'

06-01-2025T09:39:24 - [MESSAGE][PASSED] - Text '8648340967' is set on object 'Object Repository/Master Data/Super Admin/Edit Sekolah/Edit Page/Field NPSN'

06-01-2025T09:39:24 - [TEST_STEP][PASSED] - sendKeys(findTestObject("Master Data/Super Admin/Edit Sekolah/Edit Page/Field Nomor Telfon"), Keys.chord(CONTROL, "a")): Keys 'CONTROL + a' sent to object: 'Object Repository/Master Data/Super Admin/Edit Sekolah/Edit Page/Field Nomor Telfon'

06-01-2025T09:39:24 - [MESSAGE][PASSED] - Keys 'CONTROL + a' sent to object: 'Object Repository/Master Data/Super Admin/Edit Sekolah/Edit Page/Field Nomor Telfon'

06-01-2025T09:39:24 - [TEST_STEP][PASSED] - sendKeys(findTestObject("Master Data/Super Admin/Edit Sekolah/Edit Page/Field Nomor Telfon"), Keys.chord(DELETE)): Keys 'DELETE + ' sent to object: 'Object Repository/Master Data/Super Admin/Edit Sekolah/Edit Page/Field Nomor Telfon'

06-01-2025T09:39:24 - [MESSAGE][PASSED] - Keys 'DELETE + ' sent to object: 'Object Repository/Master Data/Super Admin/Edit Sekolah/Edit Page/Field Nomor Telfon'

06-01-2025T09:39:24 - [TEST_STEP][PASSED] - randomNomorTelepon = generateRandomNomorTelepon(): null

06-01-2025T09:39:24 - [TEST_STEP][PASSED] - return (08 + (java.lang.Math.abs(new java.util.Random().nextLong()) % 1000000000).toString().padLeft(9, 0)): null

06-01-2025T09:39:24 - [TEST_STEP][PASSED] - setText(findTestObject("Master Data/Super Admin/Edit Sekolah/Edit Page/Field Nomor Telfon"), randomNomorTelepon, CONTINUE_ON_FAILURE): Text '08846790443' is set on object 'Object Repository/Master Data/Super Admin/Edit Sekolah/Edit Page/Field Nomor Telfon'

06-01-2025T09:39:25 - [MESSAGE][PASSED] - Text '08846790443' is set on object 'Object Repository/Master Data/Super Admin/Edit Sekolah/Edit Page/Field Nomor Telfon'

06-01-2025T09:39:25 - [TEST_STEP][PASSED] - sendKeys(findTestObject("Master Data/Super Admin/Edit Sekolah/Edit Page/Field Nama Sekolah"), Keys.chord(CONTROL, "a")): Keys 'CONTROL + a' sent to object: 'Object Repository/Master Data/Super Admin/Edit Sekolah/Edit Page/Field Nama Sekolah'

06-01-2025T09:39:25 - [MESSAGE][PASSED] - Keys 'CONTROL + a' sent to object: 'Object Repository/Master Data/Super Admin/Edit Sekolah/Edit Page/Field Nama Sekolah'

06-01-2025T09:39:25 - [TEST_STEP][PASSED] - sendKeys(findTestObject("Master Data/Super Admin/Edit Sekolah/Edit Page/Field Nama Sekolah"), Keys.chord(DELETE)): Keys 'DELETE + ' sent to object: 'Object Repository/Master Data/Super Admin/Edit Sekolah/Edit Page/Field Nama Sekolah'

06-01-2025T09:39:25 - [MESSAGE][PASSED] - Keys 'DELETE + ' sent to object: 'Object Repository/Master Data/Super Admin/Edit Sekolah/Edit Page/Field Nama Sekolah'

06-01-2025T09:39:25 - [TEST_STEP][PASSED] - randomNamaSekolah = generateRandomNamaSekolah(): null

06-01-2025T09:39:25 - [TEST_STEP][PASSED] - namaSekolahList = ["SMA Harapan Bangsa", "SMA Citra Nusantara", "SMA Tunas Muda", "SMA Pelita Harapan", "SMA Duta Bangsa", "SMA Bina Insan", "SMA Mandiri Jaya", "SMA Cendekia Utama", "SMA Cahaya Bangsa", "SMA Kasih Ibu", "SMA Tunas Bangsa", "SMA Nusa Jaya", "SMA Karya Mandiri", "SMA Pelita Cita", "SMA Inspirasi Bangsa", "SMA Sejahtera", "SMA Bintang Terang", "SMA Elang Nusantara", "SMA Gemilang Prestasi", "SMA Bina Cita", "SMA Anak Bangsa", "SMA Prima Nusantara", "SMA Pertiwi", "SMA Persada", "SMA Pionir Harapan", "SMA Cakra Nusantara", "SMA Global Mandiri", "SMA Pelangi Nusantara", "SMA Bhakti Pertiwi", "SMA Citra Bangsa", "SMA Harmoni", "SMA Tunas Cendekia", "SMA Unggul Bangsa", "SMA Bina Generasi", "SMA Gemilang Jaya", "SMA Purna Bhakti", "SMA Nusantara Jaya", "SMA Wijaya Kusuma", "SMA Merdeka", "SMA Pertiwi Sejahtera", "SMA Pelita Nusantara", "SMA Cahaya Pertiwi", "SMA Tunas Harapan", "SMA Satria Mandiri", "SMA Bina Utama", "SMA Pionir Nusantara", "SMA Mutiara Bangsa", "SMA Kasih Bangsa", "SMA Nusa Indah", "SMA Bina Prestasi"]: null

06-01-2025T09:39:25 - [TEST_STEP][PASSED] - return namaSekolahList[new java.util.Random().nextInt(namaSekolahList.size())]: null

06-01-2025T09:39:25 - [TEST_STEP][PASSED] - setText(findTestObject("Master Data/Super Admin/Edit Sekolah/Edit Page/Field Nama Sekolah"), randomNamaSekolah, CONTINUE_ON_FAILURE): Text 'SMA Bina Cita' is set on object 'Object Repository/Master Data/Super Admin/Edit Sekolah/Edit Page/Field Nama Sekolah'

06-01-2025T09:39:26 - [MESSAGE][PASSED] - Text 'SMA Bina Cita' is set on object 'Object Repository/Master Data/Super Admin/Edit Sekolah/Edit Page/Field Nama Sekolah'

06-01-2025T09:39:26 - [TEST_STEP][PASSED] - sendKeys(findTestObject("Master Data/Super Admin/Edit Sekolah/Edit Page/Field Email Sekolah"), Keys.chord(CONTROL, "a")): Keys 'CONTROL + a' sent to object: 'Object Repository/Master Data/Super Admin/Edit Sekolah/Edit Page/Field Email Sekolah'

06-01-2025T09:39:26 - [MESSAGE][PASSED] - Keys 'CONTROL + a' sent to object: 'Object Repository/Master Data/Super Admin/Edit Sekolah/Edit Page/Field Email Sekolah'

06-01-2025T09:39:26 - [TEST_STEP][PASSED] - sendKeys(findTestObject("Master Data/Super Admin/Edit Sekolah/Edit Page/Field Email Sekolah"), Keys.chord(DELETE)): Keys 'DELETE + ' sent to object: 'Object Repository/Master Data/Super Admin/Edit Sekolah/Edit Page/Field Email Sekolah'

06-01-2025T09:39:27 - [MESSAGE][PASSED] - Keys 'DELETE + ' sent to object: 'Object Repository/Master Data/Super Admin/Edit Sekolah/Edit Page/Field Email Sekolah'

06-01-2025T09:39:27 - [TEST_STEP][PASSED] - randomEmail = generateEmailFromNamaSekolah(randomNamaSekolah): null

06-01-2025T09:39:27 - [TEST_STEP][PASSED] - emailPrefix = toLowerCase().replaceAll(" ", "."): null

06-01-2025T09:39:27 - [TEST_STEP][PASSED] - return (emailPrefix + @sch.co.id): null

06-01-2025T09:39:27 - [TEST_STEP][PASSED] - setText(findTestObject("Master Data/Super Admin/Edit Sekolah/Edit Page/Field Email Sekolah"), randomEmail, CONTINUE_ON_FAILURE): Text 'sma.bina.cita@sch.co.id' is set on object 'Object Repository/Master Data/Super Admin/Edit Sekolah/Edit Page/Field Email Sekolah'

06-01-2025T09:39:27 - [MESSAGE][PASSED] - Text 'sma.bina.cita@sch.co.id' is set on object 'Object Repository/Master Data/Super Admin/Edit Sekolah/Edit Page/Field Email Sekolah'

06-01-2025T09:39:27 - [TEST_STEP][PASSED] - click(findTestObject("Master Data/Super Admin/Edit Sekolah/Edit Page/Dropdown Provinsi"), CONTINUE_ON_FAILURE): Object: 'Object Repository/Master Data/Super Admin/Edit Sekolah/Edit Page/Dropdown Provinsi' is clicked on

06-01-2025T09:39:30 - [MESSAGE][PASSED] - Object: 'Object Repository/Master Data/Super Admin/Edit Sekolah/Edit Page/Dropdown Provinsi' is clicked on

06-01-2025T09:39:30 - [TEST_STEP][PASSED] - click(findTestObject("Master Data/Super Admin/Edit Sekolah/Edit Page/Value Dropdown Provinsi"), CONTINUE_ON_FAILURE): Object: 'Object Repository/Master Data/Super Admin/Edit Sekolah/Edit Page/Value Dropdown Provinsi' is clicked on

06-01-2025T09:39:30 - [MESSAGE][PASSED] - Object: 'Object Repository/Master Data/Super Admin/Edit Sekolah/Edit Page/Value Dropdown Provinsi' is clicked on

06-01-2025T09:39:30 - [TEST_STEP][PASSED] - click(findTestObject("Master Data/Super Admin/Edit Sekolah/Edit Page/Dropdown Kota"), CONTINUE_ON_FAILURE): Object: 'Object Repository/Master Data/Super Admin/Edit Sekolah/Edit Page/Dropdown Kota' is clicked on

06-01-2025T09:39:30 - [MESSAGE][PASSED] - Object: 'Object Repository/Master Data/Super Admin/Edit Sekolah/Edit Page/Dropdown Kota' is clicked on

06-01-2025T09:39:30 - [TEST_STEP][PASSED] - click(findTestObject("Master Data/Super Admin/Edit Sekolah/Edit Page/Value Dropdown Kota"), CONTINUE_ON_FAILURE): Object: 'Object Repository/Master Data/Super Admin/Edit Sekolah/Edit Page/Value Dropdown Kota' is clicked on

06-01-2025T09:39:31 - [MESSAGE][PASSED] - Object: 'Object Repository/Master Data/Super Admin/Edit Sekolah/Edit Page/Value Dropdown Kota' is clicked on

06-01-2025T09:39:31 - [TEST_STEP][PASSED] - click(findTestObject("Master Data/Super Admin/Edit Sekolah/Edit Page/Field Button Simpan"), CONTINUE_ON_FAILURE): Object: 'Object Repository/Master Data/Super Admin/Edit Sekolah/Edit Page/Field Button Simpan' is clicked on

06-01-2025T09:39:31 - [MESSAGE][PASSED] - Object: 'Object Repository/Master Data/Super Admin/Edit Sekolah/Edit Page/Field Button Simpan' is clicked on

06-01-2025T09:39:31 - [TEST_STEP][PASSED] - click(findTestObject("Master Data/Super Admin/Edit Sekolah/Edit Page/Button Ya"), CONTINUE_ON_FAILURE): Object: 'Object Repository/Master Data/Super Admin/Edit Sekolah/Edit Page/Button Ya' is clicked on

06-01-2025T09:39:32 - [MESSAGE][PASSED] - Object: 'Object Repository/Master Data/Super Admin/Edit Sekolah/Edit Page/Button Ya' is clicked on

06-01-2025T09:39:32 - [TEST_STEP][PASSED] - closeBrowser(): Browser is closed

06-01-2025T09:39:32 - [MESSAGE][PASSED] - Browser is closed

06-01-2025T09:39:32 - [MESSAGE][PASSED] - Call Test Case 'Test Cases/Master Data/Super Admin/Master Data Sekolah/Edit Sekolah' successfully

06-01-2025T09:39:32 - [TEST_STEP][PASSED] - println("============================= Loop Again ==============================="): null

06-01-2025T09:39:32 - [TEST_STEP][PASSED] - callTestCase(findTestCase("Test Cases/Master Data/Super Admin/Master Data Sekolah/Tambah Sekolah"), [:], CONTINUE_ON_FAILURE): Call Test Case 'Test Cases/Master Data/Super Admin/Master Data Sekolah/Tambah Sekolah' successfully

06-01-2025T09:39:32 - [TEST_CASE][PASSED] - Test Cases/Master Data/Super Admin/Master Data Sekolah/Tambah Sekolah: Test Cases/Master Data/Super Admin/Master Data Sekolah/Tambah Sekolah

06-01-2025T09:39:32 - [TEST_STEP][PASSED] - openBrowser("", CONTINUE_ON_FAILURE): Browser is opened with url: ''

06-01-2025T09:39:32 - [MESSAGE][INFO] - Starting 'Chrome' driver

06-01-2025T09:39:32 - [MESSAGE][INFO] - Action delay is set to 0 milliseconds

06-01-2025T09:39:33 - [MESSAGE][PASSED] - Browser is opened with url: ''

06-01-2025T09:39:33 - [TEST_STEP][PASSED] - navigateToUrl("https://sit.siprusedu.com/login", CONTINUE_ON_FAILURE): Navigate to 'https://sit.siprusedu.com/login' successfully

06-01-2025T09:39:35 - [MESSAGE][PASSED] - Navigate to 'https://sit.siprusedu.com/login' successfully

06-01-2025T09:39:35 - [TEST_STEP][PASSED] - click(findTestObject("Master Data/Admin Sekolah/Login/Field Email"), CONTINUE_ON_FAILURE): Object: 'Object Repository/Master Data/Admin Sekolah/Login/Field Email' is clicked on

06-01-2025T09:39:36 - [MESSAGE][PASSED] - Object: 'Object Repository/Master Data/Admin Sekolah/Login/Field Email' is clicked on

06-01-2025T09:39:36 - [TEST_STEP][PASSED] - setText(findTestObject("Master Data/Admin Sekolah/Login/Field Email"), "admin@gmail.com", CONTINUE_ON_FAILURE): Text 'admin@gmail.com' is set on object 'Object Repository/Master Data/Admin Sekolah/Login/Field Email'

06-01-2025T09:39:37 - [MESSAGE][PASSED] - Text 'admin@gmail.com' is set on object 'Object Repository/Master Data/Admin Sekolah/Login/Field Email'

06-01-2025T09:39:37 - [TEST_STEP][PASSED] - click(findTestObject("Master Data/Admin Sekolah/Login/Input Password"), CONTINUE_ON_FAILURE): Object: 'Object Repository/Master Data/Admin Sekolah/Login/Input Password' is clicked on

06-01-2025T09:39:37 - [MESSAGE][PASSED] - Object: 'Object Repository/Master Data/Admin Sekolah/Login/Input Password' is clicked on

06-01-2025T09:39:37 - [TEST_STEP][PASSED] - setText(findTestObject("Master Data/Admin Sekolah/Login/Input Password"), "Test1234", CONTINUE_ON_FAILURE): Text 'Test1234' is set on object 'Object Repository/Master Data/Admin Sekolah/Login/Input Password'

06-01-2025T09:39:38 - [MESSAGE][PASSED] - Text 'Test1234' is set on object 'Object Repository/Master Data/Admin Sekolah/Login/Input Password'

06-01-2025T09:39:38 - [TEST_STEP][PASSED] - click(findTestObject("Master Data/Admin Sekolah/Login/Button Submit"), CONTINUE_ON_FAILURE): Object: 'Object Repository/Master Data/Admin Sekolah/Login/Button Submit' is clicked on

06-01-2025T09:39:38 - [MESSAGE][PASSED] - Object: 'Object Repository/Master Data/Admin Sekolah/Login/Button Submit' is clicked on

06-01-2025T09:39:38 - [TEST_STEP][PASSED] - waitForPageLoad(5, CONTINUE_ON_FAILURE): Wait for page load successfully

06-01-2025T09:39:38 - [MESSAGE][PASSED] - Wait for page load successfully

06-01-2025T09:39:38 - [TEST_STEP][PASSED] - click(findTestObject("Master Data/Super Admin/Homepage Menu/Sidebar Menu"), CONTINUE_ON_FAILURE): Object: 'Object Repository/Master Data/Super Admin/Homepage Menu/Sidebar Menu' is clicked on

06-01-2025T09:39:40 - [MESSAGE][PASSED] - Object: 'Object Repository/Master Data/Super Admin/Homepage Menu/Sidebar Menu' is clicked on

06-01-2025T09:39:40 - [TEST_STEP][PASSED] - click(findTestObject("Master Data/Super Admin/Homepage Menu/Sub Menu Sekolah"), CONTINUE_ON_FAILURE): Object: 'Object Repository/Master Data/Super Admin/Homepage Menu/Sub Menu Sekolah' is clicked on

06-01-2025T09:39:40 - [MESSAGE][PASSED] - Object: 'Object Repository/Master Data/Super Admin/Homepage Menu/Sub Menu Sekolah' is clicked on

06-01-2025T09:39:40 - [TEST_STEP][PASSED] - click(findTestObject("Master Data/Super Admin/Master Sekolah Dashboard/Button Tambah"), CONTINUE_ON_FAILURE): Object: 'Object Repository/Master Data/Super Admin/Master Sekolah Dashboard/Button Tambah' is clicked on

06-01-2025T09:39:41 - [MESSAGE][PASSED] - Object: 'Object Repository/Master Data/Super Admin/Master Sekolah Dashboard/Button Tambah' is clicked on

06-01-2025T09:39:41 - [TEST_STEP][PASSED] - waitForPageLoad(5, CONTINUE_ON_FAILURE): Wait for page load successfully

06-01-2025T09:39:41 - [MESSAGE][PASSED] - Wait for page load successfully

06-01-2025T09:39:41 - [TEST_STEP][PASSED] - sekolahDataList = [["NPSN":generateRandomNPSN(), "Telephone":generateRandomNomorHP(), "NamaSekolah":generateRandomNamaSekolah(), "Email":generateRandomEmail(generateRandomNamaSekolah())]]: null

06-01-2025T09:39:41 - [TEST_STEP][PASSED] - return (java.lang.Math.abs(new java.util.Random().nextLong()) % 10000000000).toString().padLeft(10, 0): null

06-01-2025T09:39:41 - [TEST_STEP][PASSED] - return (08 + (java.lang.Math.abs(new java.util.Random().nextLong()) % 1000000000).toString().padLeft(9, 0)): null

06-01-2025T09:39:41 - [TEST_STEP][PASSED] - namaSekolahList = ["SMA Harapan Bangsa", "SMA Citra Nusantara", "SMA Tunas Muda", "SMA Pelita Harapan", "SMA Duta Bangsa", "SMA Bina Insan", "SMA Mandiri Jaya", "SMA Cendekia Utama", "SMA Cahaya Bangsa", "SMA Kasih Ibu", "SMA Tunas Bangsa", "SMA Nusa Jaya", "SMA Karya Mandiri", "SMA Pelita Cita", "SMA Inspirasi Bangsa", "SMA Sejahtera", "SMA Bintang Terang", "SMA Elang Nusantara", "SMA Gemilang Prestasi", "SMA Bina Cita", "SMA Anak Bangsa", "SMA Prima Nusantara", "SMA Pertiwi", "SMA Persada", "SMA Pionir Harapan", "SMA Cakra Nusantara", "SMA Global Mandiri", "SMA Pelangi Nusantara", "SMA Bhakti Pertiwi", "SMA Citra Bangsa", "SMA Harmoni", "SMA Tunas Cendekia", "SMA Unggul Bangsa", "SMA Bina Generasi", "SMA Gemilang Jaya", "SMA Purna Bhakti", "SMA Nusantara Jaya", "SMA Wijaya Kusuma", "SMA Merdeka", "SMA Pertiwi Sejahtera", "SMA Pelita Nusantara", "SMA Cahaya Pertiwi", "SMA Tunas Harapan", "SMA Satria Mandiri", "SMA Bina Utama", "SMA Pionir Nusantara", "SMA Mutiara Bangsa", "SMA Kasih Bangsa", "SMA Nusa Indah", "SMA Bina Prestasi"]: null

06-01-2025T09:39:41 - [TEST_STEP][PASSED] - return namaSekolahList[new java.util.Random().nextInt(namaSekolahList.size())]: null

06-01-2025T09:39:41 - [TEST_STEP][PASSED] - namaSekolahList = ["SMA Harapan Bangsa", "SMA Citra Nusantara", "SMA Tunas Muda", "SMA Pelita Harapan", "SMA Duta Bangsa", "SMA Bina Insan", "SMA Mandiri Jaya", "SMA Cendekia Utama", "SMA Cahaya Bangsa", "SMA Kasih Ibu", "SMA Tunas Bangsa", "SMA Nusa Jaya", "SMA Karya Mandiri", "SMA Pelita Cita", "SMA Inspirasi Bangsa", "SMA Sejahtera", "SMA Bintang Terang", "SMA Elang Nusantara", "SMA Gemilang Prestasi", "SMA Bina Cita", "SMA Anak Bangsa", "SMA Prima Nusantara", "SMA Pertiwi", "SMA Persada", "SMA Pionir Harapan", "SMA Cakra Nusantara", "SMA Global Mandiri", "SMA Pelangi Nusantara", "SMA Bhakti Pertiwi", "SMA Citra Bangsa", "SMA Harmoni", "SMA Tunas Cendekia", "SMA Unggul Bangsa", "SMA Bina Generasi", "SMA Gemilang Jaya", "SMA Purna Bhakti", "SMA Nusantara Jaya", "SMA Wijaya Kusuma", "SMA Merdeka", "SMA Pertiwi Sejahtera", "SMA Pelita Nusantara", "SMA Cahaya Pertiwi", "SMA Tunas Harapan", "SMA Satria Mandiri", "SMA Bina Utama", "SMA Pionir Nusantara", "SMA Mutiara Bangsa", "SMA Kasih Bangsa", "SMA Nusa Indah", "SMA Bina Prestasi"]: null

06-01-2025T09:39:41 - [TEST_STEP][PASSED] - return namaSekolahList[new java.util.Random().nextInt(namaSekolahList.size())]: null

06-01-2025T09:39:41 - [TEST_STEP][PASSED] - namaSekolahFormatted = toLowerCase().replaceAll("\s+", ""): null

06-01-2025T09:39:41 - [TEST_STEP][PASSED] - return (namaSekolahFormatted + @sch.id): null

06-01-2025T09:39:41 - [TEST_STEP][PASSED] - for (Map<String, String> sekolahData : sekolahDataList): null

06-01-2025T09:39:41 - [TEST_STEP][PASSED] - fillFormWithData(sekolahData): null

06-01-2025T09:39:41 - [TEST_STEP][PASSED] - setText(findTestObject("Master Data/Super Admin/Form Sekolah/Field NPSN"), formData["NPSN"]): Text '1027510119' is set on object 'Object Repository/Master Data/Super Admin/Form Sekolah/Field NPSN'

06-01-2025T09:39:43 - [MESSAGE][PASSED] - Text '1027510119' is set on object 'Object Repository/Master Data/Super Admin/Form Sekolah/Field NPSN'

06-01-2025T09:39:43 - [TEST_STEP][PASSED] - setText(findTestObject("Master Data/Super Admin/Form Sekolah/Field Telephone"), formData["Telephone"]): Text '08716621028' is set on object 'Object Repository/Master Data/Super Admin/Form Sekolah/Field Telephone'

06-01-2025T09:39:43 - [MESSAGE][PASSED] - Text '08716621028' is set on object 'Object Repository/Master Data/Super Admin/Form Sekolah/Field Telephone'

06-01-2025T09:39:43 - [TEST_STEP][PASSED] - setText(findTestObject("Master Data/Super Admin/Form Sekolah/Field Nama Sekolah"), formData["NamaSekolah"]): Text 'SMA Harmoni' is set on object 'Object Repository/Master Data/Super Admin/Form Sekolah/Field Nama Sekolah'

06-01-2025T09:39:44 - [MESSAGE][PASSED] - Text 'SMA Harmoni' is set on object 'Object Repository/Master Data/Super Admin/Form Sekolah/Field Nama Sekolah'

06-01-2025T09:39:44 - [TEST_STEP][PASSED] - setText(findTestObject("Master Data/Super Admin/Form Sekolah/Field Email"), formData["Email"]): null

06-01-2025T09:39:45 - [MESSAGE][PASSED] - Text 'smabinaprestasi@sch.id' is set on object 'Object Repository/Master Data/Super Admin/Form Sekolah/Field Email'

06-01-2025T09:39:45 - [TEST_STEP][PASSED] - delay(1): Delayed 1 second(s)

06-01-2025T09:39:46 - [MESSAGE][PASSED] - Delayed 1 second(s)

06-01-2025T09:39:46 - [TEST_STEP][PASSED] - scrollToElement(findTestObject("Master Data/Super Admin/Form Sekolah/Field Email"), 0, CONTINUE_ON_FAILURE): Scroll to object 'Object Repository/Master Data/Super Admin/Form Sekolah/Field Email' successfully

06-01-2025T09:39:46 - [MESSAGE][WARNING] - Timeout '0' is invalid. Using default page load timeout: '30'

06-01-2025T09:39:46 - [MESSAGE][PASSED] - Scroll to object 'Object Repository/Master Data/Super Admin/Form Sekolah/Field Email' successfully

06-01-2025T09:39:46 - [TEST_STEP][PASSED] - click(findTestObject("Master Data/Super Admin/Form Sekolah/Dropdown Unit"), CONTINUE_ON_FAILURE): Object: 'Object Repository/Master Data/Super Admin/Form Sekolah/Dropdown Unit' is clicked on

06-01-2025T09:39:46 - [MESSAGE][PASSED] - Object: 'Object Repository/Master Data/Super Admin/Form Sekolah/Dropdown Unit' is clicked on

06-01-2025T09:39:46 - [TEST_STEP][PASSED] - click(findTestObject("Master Data/Super Admin/Form Sekolah/Isi Dropdown Unit"), CONTINUE_ON_FAILURE): Object: 'Object Repository/Master Data/Super Admin/Form Sekolah/Isi Dropdown Unit' is clicked on

06-01-2025T09:39:47 - [MESSAGE][PASSED] - Object: 'Object Repository/Master Data/Super Admin/Form Sekolah/Isi Dropdown Unit' is clicked on

06-01-2025T09:39:47 - [TEST_STEP][PASSED] - logoFilePaths = ["C:\Users\henri\Pictures\Upload Sekolah\Logo Sekolah.png"]: null

06-01-2025T09:39:47 - [TEST_STEP][PASSED] - for (String logoFilePath : logoFilePaths): null

06-01-2025T09:39:47 - [TEST_STEP][PASSED] - uploadLogo(logoFilePath): null

06-01-2025T09:39:47 - [TEST_STEP][PASSED] - click(findTestObject("Master Data/Super Admin/Form Sekolah/Button Upload Logo")): Object: 'Object Repository/Master Data/Super Admin/Form Sekolah/Button Upload Logo' is clicked on

06-01-2025T09:39:47 - [MESSAGE][PASSED] - Object: 'Object Repository/Master Data/Super Admin/Form Sekolah/Button Upload Logo' is clicked on

06-01-2025T09:39:47 - [TEST_STEP][PASSED] - delay(1): Delayed 1 second(s)

06-01-2025T09:39:48 - [MESSAGE][PASSED] - Delayed 1 second(s)

06-01-2025T09:39:48 - [TEST_STEP][PASSED] - uploadFile(findTestObject("Master Data/Super Admin/Form Sekolah/Input File Upload"), logoFilePath): null

06-01-2025T09:39:48 - [MESSAGE][PASSED] - File 'C:\Users\henri\Pictures\Upload Sekolah\Logo Sekolah.png' sent to object: 'Object Repository/Master Data/Super Admin/Form Sekolah/Input File Upload'

06-01-2025T09:39:48 - [TEST_STEP][PASSED] - delay(1): Delayed 1 second(s)

06-01-2025T09:39:49 - [MESSAGE][PASSED] - Delayed 1 second(s)

06-01-2025T09:39:49 - [TEST_STEP][PASSED] - kopSuratFilePath = "C:/Users/henri/Pictures/Upload Sekolah/Upload Kop Surat.png": null

06-01-2025T09:39:49 - [TEST_STEP][PASSED] - click(findTestObject("Master Data/Super Admin/Form Sekolah/Button Upload Kop Surat"), CONTINUE_ON_FAILURE): Object: 'Object Repository/Master Data/Super Admin/Form Sekolah/Button Upload Kop Surat' is clicked on

06-01-2025T09:39:50 - [MESSAGE][PASSED] - Object: 'Object Repository/Master Data/Super Admin/Form Sekolah/Button Upload Kop Surat' is clicked on

06-01-2025T09:39:50 - [TEST_STEP][PASSED] - delay(5, CONTINUE_ON_FAILURE): Delayed 5 second(s)

06-01-2025T09:39:55 - [MESSAGE][PASSED] - Delayed 5 second(s)

06-01-2025T09:39:55 - [TEST_STEP][PASSED] - uploadFile(findTestObject("Master Data/Super Admin/Form Sekolah/Input Upload File Kop Surat"), kopSuratFilePath, CONTINUE_ON_FAILURE): File 'C:/Users/henri/Pictures/Upload Sekolah/Upload Kop Surat.png' sent to object: 'Object Repository/Master Data/Super Admin/Form Sekolah/Input Upload File Kop Surat'

06-01-2025T09:39:55 - [MESSAGE][PASSED] - File 'C:/Users/henri/Pictures/Upload Sekolah/Upload Kop Surat.png' sent to object: 'Object Repository/Master Data/Super Admin/Form Sekolah/Input Upload File Kop Surat'

06-01-2025T09:39:55 - [TEST_STEP][PASSED] - selectDropdownValue("Master Data/Super Admin/Form Sekolah/Dropdown Provinsi", "Master Data/Super Admin/Form Sekolah/Isi Dropdown Provinsi", 5, 2): null

06-01-2025T09:39:55 - [TEST_STEP][PASSED] - click(findTestObject(dropdownXpath)): Object: 'Object Repository/Master Data/Super Admin/Form Sekolah/Dropdown Provinsi' is clicked on

06-01-2025T09:39:55 - [MESSAGE][PASSED] - Object: 'Object Repository/Master Data/Super Admin/Form Sekolah/Dropdown Provinsi' is clicked on

06-01-2025T09:39:55 - [TEST_STEP][PASSED] - delay(delayBefore): Delayed 5 second(s)

06-01-2025T09:40:00 - [MESSAGE][PASSED] - Delayed 5 second(s)

06-01-2025T09:40:00 - [TEST_STEP][PASSED] - click(findTestObject(valueXpath)): Object: 'Object Repository/Master Data/Super Admin/Form Sekolah/Isi Dropdown Provinsi' is clicked on

06-01-2025T09:40:01 - [MESSAGE][PASSED] - Object: 'Object Repository/Master Data/Super Admin/Form Sekolah/Isi Dropdown Provinsi' is clicked on

06-01-2025T09:40:01 - [TEST_STEP][PASSED] - delay(delayAfter): Delayed 2 second(s)

06-01-2025T09:40:03 - [MESSAGE][PASSED] - Delayed 2 second(s)

06-01-2025T09:40:03 - [TEST_STEP][PASSED] - selectDropdownValue("Master Data/Super Admin/Form Sekolah/Dropdown Kota", "Master Data/Super Admin/Form Sekolah/Isi Dropdown Kota", 2, 2): null

06-01-2025T09:40:03 - [TEST_STEP][PASSED] - click(findTestObject(dropdownXpath)): Object: 'Object Repository/Master Data/Super Admin/Form Sekolah/Dropdown Kota' is clicked on

06-01-2025T09:40:03 - [MESSAGE][PASSED] - Object: 'Object Repository/Master Data/Super Admin/Form Sekolah/Dropdown Kota' is clicked on

06-01-2025T09:40:03 - [TEST_STEP][PASSED] - delay(delayBefore): Delayed 2 second(s)

06-01-2025T09:40:05 - [MESSAGE][PASSED] - Delayed 2 second(s)

06-01-2025T09:40:05 - [TEST_STEP][PASSED] - click(findTestObject(valueXpath)): Object: 'Object Repository/Master Data/Super Admin/Form Sekolah/Isi Dropdown Kota' is clicked on

06-01-2025T09:40:05 - [MESSAGE][PASSED] - Object: 'Object Repository/Master Data/Super Admin/Form Sekolah/Isi Dropdown Kota' is clicked on

06-01-2025T09:40:05 - [TEST_STEP][PASSED] - delay(delayAfter): Delayed 2 second(s)

06-01-2025T09:40:07 - [MESSAGE][PASSED] - Delayed 2 second(s)

06-01-2025T09:40:07 - [TEST_STEP][PASSED] - alamatRandom = generateRandomAlamat(): null

06-01-2025T09:40:07 - [TEST_STEP][PASSED] - alamatList = ["Head Office. Pondok Indah Office Tower 1 Lantai 8. Jl. Sultan Iskandar Muda Kav. V - TA, Jakarta Selatan 12310. Tel. +62-21 7654466. Fax. +62-21 7507747.", "Jl. Jenderal Sudirman Kav. 10-11, Jakarta Pusat 10220. Tel. +62-21 1234567. Fax. +62-21 9876543.", "Kompleks Ruko Grand Galaxy, Blok A5 No. 12, Bekasi Selatan 17148. Tel. +62-21 8855543.", "Jl. Ahmad Yani No. 45, Surabaya 60234. Tel. +62-31 7894567.", "Jl. Diponegoro No. 101, Bandung 40132. Tel. +62-22 7651234. Fax. +62-22 9873214.", "Jl. MT Haryono No. 3, Medan 20234. Tel. +62-61 4321678.", "Jl. Brigjen Katamso No. 88, Yogyakarta 55212. Tel. +62-274 556789.", "Jl. Gatot Subroto Kav. 15-17, Jakarta Selatan 12950. Tel. +62-21 7650987.", "Jl. Pahlawan No. 76, Semarang 50134. Tel. +62-24 7776543.", "Jl. Imam Bonjol No. 23, Malang 65115. Tel. +62-341 556712."]: null

06-01-2025T09:40:07 - [TEST_STEP][PASSED] - return alamatList[new java.util.Random().nextInt(alamatList.size())]: null

06-01-2025T09:40:07 - [TEST_STEP][PASSED] - setText(findTestObject("Master Data/Super Admin/Form Sekolah/Field Alamat"), alamatRandom, CONTINUE_ON_FAILURE): Text 'Head Office. Pondok Indah Office Tower 1 Lantai 8. Jl. Sultan Iskandar Muda Kav. V - TA, Jakarta Selatan 12310. Tel. +62-21 7654466. Fax. +62-21 7507747.' is set on object 'Object Repository/Master Data/Super Admin/Form Sekolah/Field Alamat'

06-01-2025T09:40:08 - [MESSAGE][PASSED] - Text 'Head Office. Pondok Indah Office Tower 1 Lantai 8. Jl. Sultan Iskandar Muda Kav. V - TA, Jakarta Selatan 12310. Tel. +62-21 7654466. Fax. +62-21 7507747.' is set on object 'Object Repository/Master Data/Super Admin/Form Sekolah/Field Alamat'

06-01-2025T09:40:08 - [TEST_STEP][PASSED] - click(findTestObject("Master Data/Super Admin/Form Sekolah/Button Tambahkan"), CONTINUE_ON_FAILURE): Object: 'Object Repository/Master Data/Super Admin/Form Sekolah/Button Tambahkan' is clicked on

06-01-2025T09:40:09 - [MESSAGE][PASSED] - Object: 'Object Repository/Master Data/Super Admin/Form Sekolah/Button Tambahkan' is clicked on

06-01-2025T09:40:09 - [TEST_STEP][PASSED] - click(findTestObject("Master Data/Super Admin/Form Sekolah/Button YA"), CONTINUE_ON_FAILURE): Object: 'Object Repository/Master Data/Super Admin/Form Sekolah/Button YA' is clicked on

06-01-2025T09:40:09 - [MESSAGE][PASSED] - Object: 'Object Repository/Master Data/Super Admin/Form Sekolah/Button YA' is clicked on

06-01-2025T09:40:09 - [MESSAGE][PASSED] - Call Test Case 'Test Cases/Master Data/Super Admin/Master Data Sekolah/Tambah Sekolah' successfully

06-01-2025T09:40:09 - [TEST_STEP][PASSED] - callTestCase(findTestCase("Test Cases/Master Data/Super Admin/Master Data Sekolah/Edit Sekolah"), [:], CONTINUE_ON_FAILURE): Call Test Case 'Test Cases/Master Data/Super Admin/Master Data Sekolah/Edit Sekolah' successfully

06-01-2025T09:40:10 - [TEST_CASE][PASSED] - Test Cases/Master Data/Super Admin/Master Data Sekolah/Edit Sekolah: Test Cases/Master Data/Super Admin/Master Data Sekolah/Edit Sekolah

06-01-2025T09:40:10 - [TEST_STEP][PASSED] - openBrowser("", CONTINUE_ON_FAILURE): Browser is opened with url: ''

06-01-2025T09:40:10 - [MESSAGE][WARNING] - A browser is already opened. Closing browser and opening a new one

06-01-2025T09:40:10 - [MESSAGE][INFO] - Starting 'Chrome' driver

06-01-2025T09:40:10 - [MESSAGE][INFO] - Action delay is set to 0 milliseconds

06-01-2025T09:40:11 - [MESSAGE][PASSED] - Browser is opened with url: ''

06-01-2025T09:40:11 - [TEST_STEP][PASSED] - navigateToUrl("https://sit.siprusedu.com/login", CONTINUE_ON_FAILURE): Navigate to 'https://sit.siprusedu.com/login' successfully

06-01-2025T09:40:11 - [MESSAGE][PASSED] - Navigate to 'https://sit.siprusedu.com/login' successfully

06-01-2025T09:40:11 - [TEST_STEP][PASSED] - setText(findTestObject("Master Data/Admin Sekolah/Login/Field Email"), "admin@gmail.com", CONTINUE_ON_FAILURE): Text 'admin@gmail.com' is set on object 'Object Repository/Master Data/Admin Sekolah/Login/Field Email'

06-01-2025T09:40:13 - [MESSAGE][PASSED] - Text 'admin@gmail.com' is set on object 'Object Repository/Master Data/Admin Sekolah/Login/Field Email'

06-01-2025T09:40:13 - [TEST_STEP][PASSED] - setText(findTestObject("Master Data/Admin Sekolah/Login/Input Password"), "Test1234", CONTINUE_ON_FAILURE): Text 'Test1234' is set on object 'Object Repository/Master Data/Admin Sekolah/Login/Input Password'

06-01-2025T09:40:14 - [MESSAGE][PASSED] - Text 'Test1234' is set on object 'Object Repository/Master Data/Admin Sekolah/Login/Input Password'

06-01-2025T09:40:14 - [TEST_STEP][PASSED] - click(findTestObject("Master Data/Admin Sekolah/Login/Button Submit"), CONTINUE_ON_FAILURE): Object: 'Object Repository/Master Data/Admin Sekolah/Login/Button Submit' is clicked on

06-01-2025T09:40:14 - [MESSAGE][PASSED] - Object: 'Object Repository/Master Data/Admin Sekolah/Login/Button Submit' is clicked on

06-01-2025T09:40:14 - [TEST_STEP][PASSED] - waitForPageLoad(5, CONTINUE_ON_FAILURE): Wait for page load successfully

06-01-2025T09:40:14 - [MESSAGE][PASSED] - Wait for page load successfully

06-01-2025T09:40:14 - [TEST_STEP][PASSED] - click(findTestObject("Master Data/Super Admin/Homepage Menu/Sidebar Menu"), CONTINUE_ON_FAILURE): Object: 'Object Repository/Master Data/Super Admin/Homepage Menu/Sidebar Menu' is clicked on

06-01-2025T09:40:16 - [MESSAGE][PASSED] - Object: 'Object Repository/Master Data/Super Admin/Homepage Menu/Sidebar Menu' is clicked on

06-01-2025T09:40:16 - [TEST_STEP][PASSED] - click(findTestObject("Master Data/Super Admin/Homepage Menu/Sub Menu Sekolah"), CONTINUE_ON_FAILURE): Object: 'Object Repository/Master Data/Super Admin/Homepage Menu/Sub Menu Sekolah' is clicked on

06-01-2025T09:40:16 - [MESSAGE][PASSED] - Object: 'Object Repository/Master Data/Super Admin/Homepage Menu/Sub Menu Sekolah' is clicked on

06-01-2025T09:40:16 - [TEST_STEP][PASSED] - click(findTestObject("Master Data/Super Admin/Edit Sekolah/Master Data Sekolah Dashboard/Button Action"), CONTINUE_ON_FAILURE): Object: 'Object Repository/Master Data/Super Admin/Edit Sekolah/Master Data Sekolah Dashboard/Button Action' is clicked on

06-01-2025T09:40:17 - [MESSAGE][PASSED] - Object: 'Object Repository/Master Data/Super Admin/Edit Sekolah/Master Data Sekolah Dashboard/Button Action' is clicked on

06-01-2025T09:40:17 - [TEST_STEP][PASSED] - click(findTestObject("Master Data/Super Admin/Edit Sekolah/Master Data Sekolah Dashboard/Button Edit"), CONTINUE_ON_FAILURE): Object: 'Object Repository/Master Data/Super Admin/Edit Sekolah/Master Data Sekolah Dashboard/Button Edit' is clicked on

06-01-2025T09:40:18 - [MESSAGE][PASSED] - Object: 'Object Repository/Master Data/Super Admin/Edit Sekolah/Master Data Sekolah Dashboard/Button Edit' is clicked on

06-01-2025T09:40:18 - [TEST_STEP][PASSED] - sendKeys(findTestObject("Master Data/Super Admin/Edit Sekolah/Edit Page/Field NPSN"), Keys.chord(CONTROL, "a")): Keys 'CONTROL + a' sent to object: 'Object Repository/Master Data/Super Admin/Edit Sekolah/Edit Page/Field NPSN'

06-01-2025T09:40:18 - [MESSAGE][PASSED] - Keys 'CONTROL + a' sent to object: 'Object Repository/Master Data/Super Admin/Edit Sekolah/Edit Page/Field NPSN'

06-01-2025T09:40:18 - [TEST_STEP][PASSED] - sendKeys(findTestObject("Master Data/Super Admin/Edit Sekolah/Edit Page/Field NPSN"), Keys.chord(DELETE)): Keys 'DELETE + ' sent to object: 'Object Repository/Master Data/Super Admin/Edit Sekolah/Edit Page/Field NPSN'

06-01-2025T09:40:19 - [MESSAGE][PASSED] - Keys 'DELETE + ' sent to object: 'Object Repository/Master Data/Super Admin/Edit Sekolah/Edit Page/Field NPSN'

06-01-2025T09:40:19 - [TEST_STEP][PASSED] - randomNPSN = generateRandomNPSN(): null

06-01-2025T09:40:19 - [TEST_STEP][PASSED] - return (java.lang.Math.abs(new java.util.Random().nextLong()) % 10000000000).toString().padLeft(10, 0): null

06-01-2025T09:40:19 - [TEST_STEP][PASSED] - setText(findTestObject("Master Data/Super Admin/Edit Sekolah/Edit Page/Field NPSN"), randomNPSN, CONTINUE_ON_FAILURE): Text '9406243877' is set on object 'Object Repository/Master Data/Super Admin/Edit Sekolah/Edit Page/Field NPSN'

06-01-2025T09:40:19 - [MESSAGE][PASSED] - Text '9406243877' is set on object 'Object Repository/Master Data/Super Admin/Edit Sekolah/Edit Page/Field NPSN'

06-01-2025T09:40:19 - [TEST_STEP][PASSED] - sendKeys(findTestObject("Master Data/Super Admin/Edit Sekolah/Edit Page/Field Nomor Telfon"), Keys.chord(CONTROL, "a")): Keys 'CONTROL + a' sent to object: 'Object Repository/Master Data/Super Admin/Edit Sekolah/Edit Page/Field Nomor Telfon'

06-01-2025T09:40:20 - [MESSAGE][PASSED] - Keys 'CONTROL + a' sent to object: 'Object Repository/Master Data/Super Admin/Edit Sekolah/Edit Page/Field Nomor Telfon'

06-01-2025T09:40:20 - [TEST_STEP][PASSED] - sendKeys(findTestObject("Master Data/Super Admin/Edit Sekolah/Edit Page/Field Nomor Telfon"), Keys.chord(DELETE)): Keys 'DELETE + ' sent to object: 'Object Repository/Master Data/Super Admin/Edit Sekolah/Edit Page/Field Nomor Telfon'

06-01-2025T09:40:20 - [MESSAGE][PASSED] - Keys 'DELETE + ' sent to object: 'Object Repository/Master Data/Super Admin/Edit Sekolah/Edit Page/Field Nomor Telfon'

06-01-2025T09:40:20 - [TEST_STEP][PASSED] - randomNomorTelepon = generateRandomNomorTelepon(): null

06-01-2025T09:40:20 - [TEST_STEP][PASSED] - return (08 + (java.lang.Math.abs(new java.util.Random().nextLong()) % 1000000000).toString().padLeft(9, 0)): null

06-01-2025T09:40:20 - [TEST_STEP][PASSED] - setText(findTestObject("Master Data/Super Admin/Edit Sekolah/Edit Page/Field Nomor Telfon"), randomNomorTelepon, CONTINUE_ON_FAILURE): Text '08270014196' is set on object 'Object Repository/Master Data/Super Admin/Edit Sekolah/Edit Page/Field Nomor Telfon'

06-01-2025T09:40:20 - [MESSAGE][PASSED] - Text '08270014196' is set on object 'Object Repository/Master Data/Super Admin/Edit Sekolah/Edit Page/Field Nomor Telfon'

06-01-2025T09:40:20 - [TEST_STEP][PASSED] - sendKeys(findTestObject("Master Data/Super Admin/Edit Sekolah/Edit Page/Field Nama Sekolah"), Keys.chord(CONTROL, "a")): Keys 'CONTROL + a' sent to object: 'Object Repository/Master Data/Super Admin/Edit Sekolah/Edit Page/Field Nama Sekolah'

06-01-2025T09:40:21 - [MESSAGE][PASSED] - Keys 'CONTROL + a' sent to object: 'Object Repository/Master Data/Super Admin/Edit Sekolah/Edit Page/Field Nama Sekolah'

06-01-2025T09:40:21 - [TEST_STEP][PASSED] - sendKeys(findTestObject("Master Data/Super Admin/Edit Sekolah/Edit Page/Field Nama Sekolah"), Keys.chord(DELETE)): Keys 'DELETE + ' sent to object: 'Object Repository/Master Data/Super Admin/Edit Sekolah/Edit Page/Field Nama Sekolah'

06-01-2025T09:40:21 - [MESSAGE][PASSED] - Keys 'DELETE + ' sent to object: 'Object Repository/Master Data/Super Admin/Edit Sekolah/Edit Page/Field Nama Sekolah'

06-01-2025T09:40:21 - [TEST_STEP][PASSED] - randomNamaSekolah = generateRandomNamaSekolah(): null

06-01-2025T09:40:21 - [TEST_STEP][PASSED] - namaSekolahList = ["SMA Harapan Bangsa", "SMA Citra Nusantara", "SMA Tunas Muda", "SMA Pelita Harapan", "SMA Duta Bangsa", "SMA Bina Insan", "SMA Mandiri Jaya", "SMA Cendekia Utama", "SMA Cahaya Bangsa", "SMA Kasih Ibu", "SMA Tunas Bangsa", "SMA Nusa Jaya", "SMA Karya Mandiri", "SMA Pelita Cita", "SMA Inspirasi Bangsa", "SMA Sejahtera", "SMA Bintang Terang", "SMA Elang Nusantara", "SMA Gemilang Prestasi", "SMA Bina Cita", "SMA Anak Bangsa", "SMA Prima Nusantara", "SMA Pertiwi", "SMA Persada", "SMA Pionir Harapan", "SMA Cakra Nusantara", "SMA Global Mandiri", "SMA Pelangi Nusantara", "SMA Bhakti Pertiwi", "SMA Citra Bangsa", "SMA Harmoni", "SMA Tunas Cendekia", "SMA Unggul Bangsa", "SMA Bina Generasi", "SMA Gemilang Jaya", "SMA Purna Bhakti", "SMA Nusantara Jaya", "SMA Wijaya Kusuma", "SMA Merdeka", "SMA Pertiwi Sejahtera", "SMA Pelita Nusantara", "SMA Cahaya Pertiwi", "SMA Tunas Harapan", "SMA Satria Mandiri", "SMA Bina Utama", "SMA Pionir Nusantara", "SMA Mutiara Bangsa", "SMA Kasih Bangsa", "SMA Nusa Indah", "SMA Bina Prestasi"]: null

06-01-2025T09:40:21 - [TEST_STEP][PASSED] - return namaSekolahList[new java.util.Random().nextInt(namaSekolahList.size())]: null

06-01-2025T09:40:21 - [TEST_STEP][PASSED] - setText(findTestObject("Master Data/Super Admin/Edit Sekolah/Edit Page/Field Nama Sekolah"), randomNamaSekolah, CONTINUE_ON_FAILURE): Text 'SMA Bina Prestasi' is set on object 'Object Repository/Master Data/Super Admin/Edit Sekolah/Edit Page/Field Nama Sekolah'

06-01-2025T09:40:22 - [MESSAGE][PASSED] - Text 'SMA Bina Prestasi' is set on object 'Object Repository/Master Data/Super Admin/Edit Sekolah/Edit Page/Field Nama Sekolah'

06-01-2025T09:40:22 - [TEST_STEP][PASSED] - sendKeys(findTestObject("Master Data/Super Admin/Edit Sekolah/Edit Page/Field Email Sekolah"), Keys.chord(CONTROL, "a")): Keys 'CONTROL + a' sent to object: 'Object Repository/Master Data/Super Admin/Edit Sekolah/Edit Page/Field Email Sekolah'

06-01-2025T09:40:22 - [MESSAGE][PASSED] - Keys 'CONTROL + a' sent to object: 'Object Repository/Master Data/Super Admin/Edit Sekolah/Edit Page/Field Email Sekolah'

06-01-2025T09:40:22 - [TEST_STEP][PASSED] - sendKeys(findTestObject("Master Data/Super Admin/Edit Sekolah/Edit Page/Field Email Sekolah"), Keys.chord(DELETE)): Keys 'DELETE + ' sent to object: 'Object Repository/Master Data/Super Admin/Edit Sekolah/Edit Page/Field Email Sekolah'

06-01-2025T09:40:22 - [MESSAGE][PASSED] - Keys 'DELETE + ' sent to object: 'Object Repository/Master Data/Super Admin/Edit Sekolah/Edit Page/Field Email Sekolah'

06-01-2025T09:40:22 - [TEST_STEP][PASSED] - randomEmail = generateEmailFromNamaSekolah(randomNamaSekolah): null

06-01-2025T09:40:22 - [TEST_STEP][PASSED] - emailPrefix = toLowerCase().replaceAll(" ", "."): null

06-01-2025T09:40:22 - [TEST_STEP][PASSED] - return (emailPrefix + @sch.co.id): null

06-01-2025T09:40:22 - [TEST_STEP][PASSED] - setText(findTestObject("Master Data/Super Admin/Edit Sekolah/Edit Page/Field Email Sekolah"), randomEmail, CONTINUE_ON_FAILURE): Text 'sma.bina.prestasi@sch.co.id' is set on object 'Object Repository/Master Data/Super Admin/Edit Sekolah/Edit Page/Field Email Sekolah'

06-01-2025T09:40:23 - [MESSAGE][PASSED] - Text 'sma.bina.prestasi@sch.co.id' is set on object 'Object Repository/Master Data/Super Admin/Edit Sekolah/Edit Page/Field Email Sekolah'

06-01-2025T09:40:23 - [TEST_STEP][PASSED] - click(findTestObject("Master Data/Super Admin/Edit Sekolah/Edit Page/Dropdown Provinsi"), CONTINUE_ON_FAILURE): Object: 'Object Repository/Master Data/Super Admin/Edit Sekolah/Edit Page/Dropdown Provinsi' is clicked on

06-01-2025T09:40:25 - [MESSAGE][PASSED] - Object: 'Object Repository/Master Data/Super Admin/Edit Sekolah/Edit Page/Dropdown Provinsi' is clicked on

06-01-2025T09:40:25 - [TEST_STEP][PASSED] - click(findTestObject("Master Data/Super Admin/Edit Sekolah/Edit Page/Value Dropdown Provinsi"), CONTINUE_ON_FAILURE): Object: 'Object Repository/Master Data/Super Admin/Edit Sekolah/Edit Page/Value Dropdown Provinsi' is clicked on

06-01-2025T09:40:26 - [MESSAGE][PASSED] - Object: 'Object Repository/Master Data/Super Admin/Edit Sekolah/Edit Page/Value Dropdown Provinsi' is clicked on

06-01-2025T09:40:26 - [TEST_STEP][PASSED] - click(findTestObject("Master Data/Super Admin/Edit Sekolah/Edit Page/Dropdown Kota"), CONTINUE_ON_FAILURE): Object: 'Object Repository/Master Data/Super Admin/Edit Sekolah/Edit Page/Dropdown Kota' is clicked on

06-01-2025T09:40:26 - [MESSAGE][PASSED] - Object: 'Object Repository/Master Data/Super Admin/Edit Sekolah/Edit Page/Dropdown Kota' is clicked on

06-01-2025T09:40:26 - [TEST_STEP][PASSED] - click(findTestObject("Master Data/Super Admin/Edit Sekolah/Edit Page/Value Dropdown Kota"), CONTINUE_ON_FAILURE): Object: 'Object Repository/Master Data/Super Admin/Edit Sekolah/Edit Page/Value Dropdown Kota' is clicked on

06-01-2025T09:40:26 - [MESSAGE][PASSED] - Object: 'Object Repository/Master Data/Super Admin/Edit Sekolah/Edit Page/Value Dropdown Kota' is clicked on

06-01-2025T09:40:26 - [TEST_STEP][PASSED] - click(findTestObject("Master Data/Super Admin/Edit Sekolah/Edit Page/Field Button Simpan"), CONTINUE_ON_FAILURE): Object: 'Object Repository/Master Data/Super Admin/Edit Sekolah/Edit Page/Field Button Simpan' is clicked on

06-01-2025T09:40:27 - [MESSAGE][PASSED] - Object: 'Object Repository/Master Data/Super Admin/Edit Sekolah/Edit Page/Field Button Simpan' is clicked on

06-01-2025T09:40:27 - [TEST_STEP][PASSED] - click(findTestObject("Master Data/Super Admin/Edit Sekolah/Edit Page/Button Ya"), CONTINUE_ON_FAILURE): Object: 'Object Repository/Master Data/Super Admin/Edit Sekolah/Edit Page/Button Ya' is clicked on

06-01-2025T09:40:27 - [MESSAGE][PASSED] - Object: 'Object Repository/Master Data/Super Admin/Edit Sekolah/Edit Page/Button Ya' is clicked on

06-01-2025T09:40:27 - [TEST_STEP][PASSED] - closeBrowser(): Browser is closed

06-01-2025T09:40:27 - [MESSAGE][PASSED] - Browser is closed

06-01-2025T09:40:27 - [MESSAGE][PASSED] - Call Test Case 'Test Cases/Master Data/Super Admin/Master Data Sekolah/Edit Sekolah' successfully

06-01-2025T09:40:27 - [TEST_STEP][PASSED] - println("============================= Loop Again ==============================="): null]]></system-out>
         <system-err><![CDATA[]]></system-err>
      </testcase>
      <testcase name="Test Cases/Regresi Feature/Sprint 1/Regresi Tagihan" time="197.678" classname="Test Cases/Regresi Feature/Sprint 1/Regresi Tagihan" status="PASSED">
         <system-out><![CDATA[06-01-2025T09:40:27 - [TEST_CASE][PASSED] - Test Cases/Regresi Feature/Sprint 1/Regresi Tagihan: Test Cases/Regresi Feature/Sprint 1/Regresi Tagihan

06-01-2025T09:40:28 - [TEST_STEP][PASSED] - for ([i = 1, i <= maxLoop, (i++)]): null

06-01-2025T09:40:28 - [TEST_STEP][PASSED] - callTestCase(findTestCase("Test Cases/Master Data/Admin Sekolah/Master Data Tagihan/Filter Tagihan"), [:], CONTINUE_ON_FAILURE): Call Test Case 'Test Cases/Master Data/Admin Sekolah/Master Data Tagihan/Filter Tagihan' successfully

06-01-2025T09:40:28 - [TEST_CASE][PASSED] - Test Cases/Master Data/Admin Sekolah/Master Data Tagihan/Filter Tagihan: Test Cases/Master Data/Admin Sekolah/Master Data Tagihan/Filter Tagihan

06-01-2025T09:40:28 - [TEST_STEP][PASSED] - openBrowser("", CONTINUE_ON_FAILURE): Browser is opened with url: ''

06-01-2025T09:40:28 - [MESSAGE][INFO] - Starting 'Chrome' driver

06-01-2025T09:40:28 - [MESSAGE][INFO] - Action delay is set to 0 milliseconds

06-01-2025T09:40:29 - [MESSAGE][PASSED] - Browser is opened with url: ''

06-01-2025T09:40:29 - [TEST_STEP][PASSED] - navigateToUrl("https://sit.siprusedu.com/login", CONTINUE_ON_FAILURE): Navigate to 'https://sit.siprusedu.com/login' successfully

06-01-2025T09:40:29 - [MESSAGE][PASSED] - Navigate to 'https://sit.siprusedu.com/login' successfully

06-01-2025T09:40:29 - [TEST_STEP][PASSED] - click(findTestObject("Master Data/Admin Sekolah/Login/Field Email"), CONTINUE_ON_FAILURE): Object: 'Object Repository/Master Data/Admin Sekolah/Login/Field Email' is clicked on

06-01-2025T09:40:31 - [MESSAGE][PASSED] - Object: 'Object Repository/Master Data/Admin Sekolah/Login/Field Email' is clicked on

06-01-2025T09:40:31 - [TEST_STEP][PASSED] - setText(findTestObject("Master Data/Admin Sekolah/Login/Field Email"), "admin.gudangsolusi@digiform.co.id", CONTINUE_ON_FAILURE): Text 'admin.gudangsolusi@digiform.co.id' is set on object 'Object Repository/Master Data/Admin Sekolah/Login/Field Email'

06-01-2025T09:40:31 - [MESSAGE][PASSED] - Text 'admin.gudangsolusi@digiform.co.id' is set on object 'Object Repository/Master Data/Admin Sekolah/Login/Field Email'

06-01-2025T09:40:31 - [TEST_STEP][PASSED] - delay(1, CONTINUE_ON_FAILURE): Delayed 1 second(s)

06-01-2025T09:40:32 - [MESSAGE][PASSED] - Delayed 1 second(s)

06-01-2025T09:40:32 - [TEST_STEP][PASSED] - click(findTestObject("Master Data/Admin Sekolah/Login/Input Password"), CONTINUE_ON_FAILURE): Object: 'Object Repository/Master Data/Admin Sekolah/Login/Input Password' is clicked on

06-01-2025T09:40:32 - [MESSAGE][PASSED] - Object: 'Object Repository/Master Data/Admin Sekolah/Login/Input Password' is clicked on

06-01-2025T09:40:32 - [TEST_STEP][PASSED] - setText(findTestObject("Master Data/Admin Sekolah/Login/Input Password"), "Test1234", CONTINUE_ON_FAILURE): Text 'Test1234' is set on object 'Object Repository/Master Data/Admin Sekolah/Login/Input Password'

06-01-2025T09:40:33 - [MESSAGE][PASSED] - Text 'Test1234' is set on object 'Object Repository/Master Data/Admin Sekolah/Login/Input Password'

06-01-2025T09:40:33 - [TEST_STEP][PASSED] - delay(1, CONTINUE_ON_FAILURE): Delayed 1 second(s)

06-01-2025T09:40:34 - [MESSAGE][PASSED] - Delayed 1 second(s)

06-01-2025T09:40:34 - [TEST_STEP][PASSED] - click(findTestObject("Master Data/Admin Sekolah/Login/Button Submit"), CONTINUE_ON_FAILURE): Object: 'Object Repository/Master Data/Admin Sekolah/Login/Button Submit' is clicked on

06-01-2025T09:40:34 - [MESSAGE][PASSED] - Object: 'Object Repository/Master Data/Admin Sekolah/Login/Button Submit' is clicked on

06-01-2025T09:40:34 - [TEST_STEP][PASSED] - click(findTestObject("Master Data/Admin Sekolah/Lihat Tagihan/Menu Master Data"), CONTINUE_ON_FAILURE): Object: 'Object Repository/Master Data/Admin Sekolah/Lihat Tagihan/Menu Master Data' is clicked on

06-01-2025T09:40:36 - [MESSAGE][PASSED] - Object: 'Object Repository/Master Data/Admin Sekolah/Lihat Tagihan/Menu Master Data' is clicked on

06-01-2025T09:40:36 - [TEST_STEP][PASSED] - delay(1, CONTINUE_ON_FAILURE): Delayed 1 second(s)

06-01-2025T09:40:37 - [MESSAGE][PASSED] - Delayed 1 second(s)

06-01-2025T09:40:37 - [TEST_STEP][PASSED] - click(findTestObject("Master Data/Admin Sekolah/Lihat Tagihan/Menu Tagihan"), CONTINUE_ON_FAILURE): Object: 'Object Repository/Master Data/Admin Sekolah/Lihat Tagihan/Menu Tagihan' is clicked on

06-01-2025T09:40:38 - [MESSAGE][PASSED] - Object: 'Object Repository/Master Data/Admin Sekolah/Lihat Tagihan/Menu Tagihan' is clicked on

06-01-2025T09:40:38 - [TEST_STEP][PASSED] - delay(1, CONTINUE_ON_FAILURE): Delayed 1 second(s)

06-01-2025T09:40:39 - [MESSAGE][PASSED] - Delayed 1 second(s)

06-01-2025T09:40:39 - [TEST_STEP][PASSED] - click(findTestObject("Master Data/Admin Sekolah/Filter Tagihan/Button Filter"), CONTINUE_ON_FAILURE): Object: 'Object Repository/Master Data/Admin Sekolah/Filter Tagihan/Button Filter' is clicked on

06-01-2025T09:40:44 - [MESSAGE][PASSED] - Object: 'Object Repository/Master Data/Admin Sekolah/Filter Tagihan/Button Filter' is clicked on

06-01-2025T09:40:44 - [TEST_STEP][PASSED] - delay(1, CONTINUE_ON_FAILURE): Delayed 1 second(s)

06-01-2025T09:40:45 - [MESSAGE][PASSED] - Delayed 1 second(s)

06-01-2025T09:40:45 - [TEST_STEP][PASSED] - click(findTestObject("Master Data/Admin Sekolah/Filter Tagihan/Select Tipe Tagihan"), CONTINUE_ON_FAILURE): Object: 'Object Repository/Master Data/Admin Sekolah/Filter Tagihan/Select Tipe Tagihan' is clicked on

06-01-2025T09:40:45 - [MESSAGE][PASSED] - Object: 'Object Repository/Master Data/Admin Sekolah/Filter Tagihan/Select Tipe Tagihan' is clicked on

06-01-2025T09:40:45 - [TEST_STEP][PASSED] - delay(1, CONTINUE_ON_FAILURE): Delayed 1 second(s)

06-01-2025T09:40:46 - [MESSAGE][PASSED] - Delayed 1 second(s)

06-01-2025T09:40:46 - [TEST_STEP][PASSED] - click(findTestObject("Master Data/Admin Sekolah/Filter Tagihan/Tagihan Reguler"), CONTINUE_ON_FAILURE): Object: 'Object Repository/Master Data/Admin Sekolah/Filter Tagihan/Tagihan Reguler' is clicked on

06-01-2025T09:40:46 - [MESSAGE][PASSED] - Object: 'Object Repository/Master Data/Admin Sekolah/Filter Tagihan/Tagihan Reguler' is clicked on

06-01-2025T09:40:46 - [TEST_STEP][PASSED] - delay(1, CONTINUE_ON_FAILURE): Delayed 1 second(s)

06-01-2025T09:40:47 - [MESSAGE][PASSED] - Delayed 1 second(s)

06-01-2025T09:40:47 - [TEST_STEP][PASSED] - click(findTestObject("Master Data/Admin Sekolah/Filter Tagihan/Select Rekening Bank"), CONTINUE_ON_FAILURE): Object: 'Object Repository/Master Data/Admin Sekolah/Filter Tagihan/Select Rekening Bank' is clicked on

06-01-2025T09:40:48 - [MESSAGE][PASSED] - Object: 'Object Repository/Master Data/Admin Sekolah/Filter Tagihan/Select Rekening Bank' is clicked on

06-01-2025T09:40:48 - [TEST_STEP][PASSED] - delay(1, CONTINUE_ON_FAILURE): Delayed 1 second(s)

06-01-2025T09:40:49 - [MESSAGE][PASSED] - Delayed 1 second(s)

06-01-2025T09:40:49 - [TEST_STEP][PASSED] - click(findTestObject("Master Data/Admin Sekolah/Filter Tagihan/CIMB"), CONTINUE_ON_FAILURE): Object: 'Object Repository/Master Data/Admin Sekolah/Filter Tagihan/CIMB' is clicked on

06-01-2025T09:40:49 - [MESSAGE][PASSED] - Object: 'Object Repository/Master Data/Admin Sekolah/Filter Tagihan/CIMB' is clicked on

06-01-2025T09:40:49 - [TEST_STEP][PASSED] - delay(1, CONTINUE_ON_FAILURE): Delayed 1 second(s)

06-01-2025T09:40:50 - [MESSAGE][PASSED] - Delayed 1 second(s)

06-01-2025T09:40:50 - [TEST_STEP][PASSED] - click(findTestObject("Master Data/Admin Sekolah/Filter Tagihan/Button Terapkan"), CONTINUE_ON_FAILURE): Object: 'Object Repository/Master Data/Admin Sekolah/Filter Tagihan/Button Terapkan' is clicked on

06-01-2025T09:40:50 - [MESSAGE][PASSED] - Object: 'Object Repository/Master Data/Admin Sekolah/Filter Tagihan/Button Terapkan' is clicked on

06-01-2025T09:40:50 - [MESSAGE][PASSED] - Call Test Case 'Test Cases/Master Data/Admin Sekolah/Master Data Tagihan/Filter Tagihan' successfully

06-01-2025T09:40:50 - [TEST_STEP][PASSED] - callTestCase(findTestCase("Test Cases/Master Data/Admin Sekolah/Master Data Tagihan/Lihat Tagihan"), [:], CONTINUE_ON_FAILURE): Call Test Case 'Test Cases/Master Data/Admin Sekolah/Master Data Tagihan/Lihat Tagihan' successfully

06-01-2025T09:40:50 - [TEST_CASE][PASSED] - Test Cases/Master Data/Admin Sekolah/Master Data Tagihan/Lihat Tagihan: Test Cases/Master Data/Admin Sekolah/Master Data Tagihan/Lihat Tagihan

06-01-2025T09:40:50 - [TEST_STEP][PASSED] - openBrowser("", CONTINUE_ON_FAILURE): Browser is opened with url: ''

06-01-2025T09:40:50 - [MESSAGE][WARNING] - A browser is already opened. Closing browser and opening a new one

06-01-2025T09:40:51 - [MESSAGE][INFO] - Starting 'Chrome' driver

06-01-2025T09:40:51 - [MESSAGE][INFO] - Action delay is set to 0 milliseconds

06-01-2025T09:40:52 - [MESSAGE][PASSED] - Browser is opened with url: ''

06-01-2025T09:40:52 - [TEST_STEP][PASSED] - navigateToUrl("https://sit.siprusedu.com/login", CONTINUE_ON_FAILURE): Navigate to 'https://sit.siprusedu.com/login' successfully

06-01-2025T09:40:52 - [MESSAGE][PASSED] - Navigate to 'https://sit.siprusedu.com/login' successfully

06-01-2025T09:40:52 - [TEST_STEP][PASSED] - click(findTestObject("Master Data/Admin Sekolah/Login/Field Email"), CONTINUE_ON_FAILURE): Object: 'Object Repository/Master Data/Admin Sekolah/Login/Field Email' is clicked on

06-01-2025T09:40:54 - [MESSAGE][PASSED] - Object: 'Object Repository/Master Data/Admin Sekolah/Login/Field Email' is clicked on

06-01-2025T09:40:54 - [TEST_STEP][PASSED] - setText(findTestObject("Master Data/Admin Sekolah/Login/Field Email"), "admin.gudangsolusi@digiform.co.id", CONTINUE_ON_FAILURE): Text 'admin.gudangsolusi@digiform.co.id' is set on object 'Object Repository/Master Data/Admin Sekolah/Login/Field Email'

06-01-2025T09:40:54 - [MESSAGE][PASSED] - Text 'admin.gudangsolusi@digiform.co.id' is set on object 'Object Repository/Master Data/Admin Sekolah/Login/Field Email'

06-01-2025T09:40:54 - [TEST_STEP][PASSED] - click(findTestObject("Master Data/Admin Sekolah/Login/Input Password"), CONTINUE_ON_FAILURE): Object: 'Object Repository/Master Data/Admin Sekolah/Login/Input Password' is clicked on

06-01-2025T09:40:55 - [MESSAGE][PASSED] - Object: 'Object Repository/Master Data/Admin Sekolah/Login/Input Password' is clicked on

06-01-2025T09:40:55 - [TEST_STEP][PASSED] - setText(findTestObject("Master Data/Admin Sekolah/Login/Input Password"), "Test1234", CONTINUE_ON_FAILURE): Text 'Test1234' is set on object 'Object Repository/Master Data/Admin Sekolah/Login/Input Password'

06-01-2025T09:40:55 - [MESSAGE][PASSED] - Text 'Test1234' is set on object 'Object Repository/Master Data/Admin Sekolah/Login/Input Password'

06-01-2025T09:40:55 - [TEST_STEP][PASSED] - click(findTestObject("Master Data/Admin Sekolah/Login/Button Submit"), CONTINUE_ON_FAILURE): Object: 'Object Repository/Master Data/Admin Sekolah/Login/Button Submit' is clicked on

06-01-2025T09:40:55 - [MESSAGE][PASSED] - Object: 'Object Repository/Master Data/Admin Sekolah/Login/Button Submit' is clicked on

06-01-2025T09:40:55 - [TEST_STEP][PASSED] - click(findTestObject("Master Data/Admin Sekolah/Lihat Tagihan/Menu Master Data"), CONTINUE_ON_FAILURE): Object: 'Object Repository/Master Data/Admin Sekolah/Lihat Tagihan/Menu Master Data' is clicked on

06-01-2025T09:40:57 - [MESSAGE][PASSED] - Object: 'Object Repository/Master Data/Admin Sekolah/Lihat Tagihan/Menu Master Data' is clicked on

06-01-2025T09:40:57 - [TEST_STEP][PASSED] - click(findTestObject("Master Data/Admin Sekolah/Lihat Tagihan/Menu Tagihan"), CONTINUE_ON_FAILURE): Object: 'Object Repository/Master Data/Admin Sekolah/Lihat Tagihan/Menu Tagihan' is clicked on

06-01-2025T09:40:58 - [MESSAGE][PASSED] - Object: 'Object Repository/Master Data/Admin Sekolah/Lihat Tagihan/Menu Tagihan' is clicked on

06-01-2025T09:40:58 - [TEST_STEP][PASSED] - delay(1, CONTINUE_ON_FAILURE): Delayed 1 second(s)

06-01-2025T09:40:59 - [MESSAGE][PASSED] - Delayed 1 second(s)

06-01-2025T09:40:59 - [TEST_STEP][PASSED] - click(findTestObject("Master Data/Admin Sekolah/Lihat Tagihan/Button View"), CONTINUE_ON_FAILURE): Object: 'Object Repository/Master Data/Admin Sekolah/Lihat Tagihan/Button View' is clicked on

06-01-2025T09:41:02 - [MESSAGE][PASSED] - Object: 'Object Repository/Master Data/Admin Sekolah/Lihat Tagihan/Button View' is clicked on

06-01-2025T09:41:02 - [MESSAGE][PASSED] - Call Test Case 'Test Cases/Master Data/Admin Sekolah/Master Data Tagihan/Lihat Tagihan' successfully

06-01-2025T09:41:02 - [TEST_STEP][PASSED] - callTestCase(findTestCase("Test Cases/Master Data/Admin Sekolah/Master Data Tagihan/Tambah Tagihan"), [:], CONTINUE_ON_FAILURE): Call Test Case 'Test Cases/Master Data/Admin Sekolah/Master Data Tagihan/Tambah Tagihan' successfully

06-01-2025T09:41:02 - [TEST_CASE][PASSED] - Test Cases/Master Data/Admin Sekolah/Master Data Tagihan/Tambah Tagihan: Test Cases/Master Data/Admin Sekolah/Master Data Tagihan/Tambah Tagihan

06-01-2025T09:41:02 - [TEST_STEP][PASSED] - openBrowser("", CONTINUE_ON_FAILURE): Browser is opened with url: ''

06-01-2025T09:41:02 - [MESSAGE][WARNING] - A browser is already opened. Closing browser and opening a new one

06-01-2025T09:41:03 - [MESSAGE][INFO] - Starting 'Chrome' driver

06-01-2025T09:41:03 - [MESSAGE][INFO] - Action delay is set to 0 milliseconds

06-01-2025T09:41:03 - [MESSAGE][PASSED] - Browser is opened with url: ''

06-01-2025T09:41:03 - [TEST_STEP][PASSED] - navigateToUrl("https://sit.siprusedu.com/login", CONTINUE_ON_FAILURE): Navigate to 'https://sit.siprusedu.com/login' successfully

06-01-2025T09:41:04 - [MESSAGE][PASSED] - Navigate to 'https://sit.siprusedu.com/login' successfully

06-01-2025T09:41:04 - [TEST_STEP][PASSED] - setText(findTestObject("Master Data/Admin Sekolah/Login/Field Email"), "admin.gudangsolusi@digiform.co.id", CONTINUE_ON_FAILURE): Text 'admin.gudangsolusi@digiform.co.id' is set on object 'Object Repository/Master Data/Admin Sekolah/Login/Field Email'

06-01-2025T09:41:06 - [MESSAGE][PASSED] - Text 'admin.gudangsolusi@digiform.co.id' is set on object 'Object Repository/Master Data/Admin Sekolah/Login/Field Email'

06-01-2025T09:41:06 - [TEST_STEP][PASSED] - setText(findTestObject("Master Data/Admin Sekolah/Login/Input Password"), "Test1234", CONTINUE_ON_FAILURE): Text 'Test1234' is set on object 'Object Repository/Master Data/Admin Sekolah/Login/Input Password'

06-01-2025T09:41:06 - [MESSAGE][PASSED] - Text 'Test1234' is set on object 'Object Repository/Master Data/Admin Sekolah/Login/Input Password'

06-01-2025T09:41:06 - [TEST_STEP][PASSED] - click(findTestObject("Master Data/Admin Sekolah/Login/Button Submit"), CONTINUE_ON_FAILURE): Object: 'Object Repository/Master Data/Admin Sekolah/Login/Button Submit' is clicked on

06-01-2025T09:41:07 - [MESSAGE][PASSED] - Object: 'Object Repository/Master Data/Admin Sekolah/Login/Button Submit' is clicked on

06-01-2025T09:41:07 - [TEST_STEP][PASSED] - click(findTestObject("Master Data/Admin Sekolah/Tambah Tagihan/Menu Master Data"), CONTINUE_ON_FAILURE): Object: 'Object Repository/Master Data/Admin Sekolah/Tambah Tagihan/Menu Master Data' is clicked on

06-01-2025T09:41:09 - [MESSAGE][PASSED] - Object: 'Object Repository/Master Data/Admin Sekolah/Tambah Tagihan/Menu Master Data' is clicked on

06-01-2025T09:41:09 - [TEST_STEP][PASSED] - click(findTestObject("Master Data/Admin Sekolah/Tambah Tagihan/Menu Tagihan"), CONTINUE_ON_FAILURE): Object: 'Object Repository/Master Data/Admin Sekolah/Tambah Tagihan/Menu Tagihan' is clicked on

06-01-2025T09:41:09 - [MESSAGE][PASSED] - Object: 'Object Repository/Master Data/Admin Sekolah/Tambah Tagihan/Menu Tagihan' is clicked on

06-01-2025T09:41:09 - [TEST_STEP][PASSED] - click(findTestObject("Master Data/Admin Sekolah/Tambah Tagihan/Button Tambah"), CONTINUE_ON_FAILURE): Object: 'Object Repository/Master Data/Admin Sekolah/Tambah Tagihan/Button Tambah' is clicked on

06-01-2025T09:41:14 - [MESSAGE][PASSED] - Object: 'Object Repository/Master Data/Admin Sekolah/Tambah Tagihan/Button Tambah' is clicked on

06-01-2025T09:41:14 - [TEST_STEP][PASSED] - setText(findTestObject("Master Data/Admin Sekolah/Tambah Tagihan/Input Nama Tagihan"), "KATALONZ", CONTINUE_ON_FAILURE): Text 'KATALONZ' is set on object 'Object Repository/Master Data/Admin Sekolah/Tambah Tagihan/Input Nama Tagihan'

06-01-2025T09:41:15 - [MESSAGE][PASSED] - Text 'KATALONZ' is set on object 'Object Repository/Master Data/Admin Sekolah/Tambah Tagihan/Input Nama Tagihan'

06-01-2025T09:41:15 - [TEST_STEP][PASSED] - click(findTestObject("Master Data/Admin Sekolah/Tambah Tagihan/Select Tipe Tagihan"), CONTINUE_ON_FAILURE): Object: 'Object Repository/Master Data/Admin Sekolah/Tambah Tagihan/Select Tipe Tagihan' is clicked on

06-01-2025T09:41:15 - [MESSAGE][PASSED] - Object: 'Object Repository/Master Data/Admin Sekolah/Tambah Tagihan/Select Tipe Tagihan' is clicked on

06-01-2025T09:41:15 - [TEST_STEP][PASSED] - click(findTestObject("Master Data/Admin Sekolah/Tambah Tagihan/Tagihan Regular"), CONTINUE_ON_FAILURE): Object: 'Object Repository/Master Data/Admin Sekolah/Tambah Tagihan/Tagihan Regular' is clicked on

06-01-2025T09:41:16 - [MESSAGE][PASSED] - Object: 'Object Repository/Master Data/Admin Sekolah/Tambah Tagihan/Tagihan Regular' is clicked on

06-01-2025T09:41:16 - [TEST_STEP][PASSED] - click(findTestObject("Master Data/Admin Sekolah/Tambah Tagihan/Klik Tahun Ajaran")): Object: 'Object Repository/Master Data/Admin Sekolah/Tambah Tagihan/Klik Tahun Ajaran' is clicked on

06-01-2025T09:41:16 - [MESSAGE][PASSED] - Object: 'Object Repository/Master Data/Admin Sekolah/Tambah Tagihan/Klik Tahun Ajaran' is clicked on

06-01-2025T09:41:16 - [TEST_STEP][PASSED] - click(findTestObject("Master Data/Admin Sekolah/Tambah Tagihan/2023-2024")): Object: 'Object Repository/Master Data/Admin Sekolah/Tambah Tagihan/2023-2024' is clicked on

06-01-2025T09:41:17 - [MESSAGE][PASSED] - Object: 'Object Repository/Master Data/Admin Sekolah/Tambah Tagihan/2023-2024' is clicked on

06-01-2025T09:41:17 - [TEST_STEP][PASSED] - click(findTestObject("Master Data/Admin Sekolah/Tambah Tagihan/Select Kelas"), CONTINUE_ON_FAILURE): Object: 'Object Repository/Master Data/Admin Sekolah/Tambah Tagihan/Select Kelas' is clicked on

06-01-2025T09:41:17 - [MESSAGE][PASSED] - Object: 'Object Repository/Master Data/Admin Sekolah/Tambah Tagihan/Select Kelas' is clicked on

06-01-2025T09:41:17 - [TEST_STEP][PASSED] - click(findTestObject("Master Data/Admin Sekolah/Tambah Tagihan/Semua Kelas"), CONTINUE_ON_FAILURE): Object: 'Object Repository/Master Data/Admin Sekolah/Tambah Tagihan/Semua Kelas' is clicked on

06-01-2025T09:41:18 - [MESSAGE][PASSED] - Object: 'Object Repository/Master Data/Admin Sekolah/Tambah Tagihan/Semua Kelas' is clicked on

06-01-2025T09:41:18 - [TEST_STEP][PASSED] - click(findTestObject("Master Data/Admin Sekolah/Tambah Tagihan/Tutup Kelas")): Object: 'Object Repository/Master Data/Admin Sekolah/Tambah Tagihan/Tutup Kelas' is clicked on

06-01-2025T09:41:18 - [MESSAGE][PASSED] - Object: 'Object Repository/Master Data/Admin Sekolah/Tambah Tagihan/Tutup Kelas' is clicked on

06-01-2025T09:41:18 - [TEST_STEP][PASSED] - setText(findTestObject("Master Data/Admin Sekolah/Tambah Tagihan/Input Kode Tagihan"), "HKU", CONTINUE_ON_FAILURE): Text 'HKU' is set on object 'Object Repository/Master Data/Admin Sekolah/Tambah Tagihan/Input Kode Tagihan'

06-01-2025T09:41:19 - [MESSAGE][PASSED] - Text 'HKU' is set on object 'Object Repository/Master Data/Admin Sekolah/Tambah Tagihan/Input Kode Tagihan'

06-01-2025T09:41:19 - [TEST_STEP][PASSED] - setText(findTestObject("Master Data/Admin Sekolah/Tambah Tagihan/Input Jumlah Tagihan"), "750000", CONTINUE_ON_FAILURE): Text '750000' is set on object 'Object Repository/Master Data/Admin Sekolah/Tambah Tagihan/Input Jumlah Tagihan'

06-01-2025T09:41:19 - [MESSAGE][PASSED] - Text '750000' is set on object 'Object Repository/Master Data/Admin Sekolah/Tambah Tagihan/Input Jumlah Tagihan'

06-01-2025T09:41:19 - [TEST_STEP][PASSED] - click(findTestObject("Master Data/Admin Sekolah/Tambah Tagihan/Select Rekening Bank"), CONTINUE_ON_FAILURE): Object: 'Object Repository/Master Data/Admin Sekolah/Tambah Tagihan/Select Rekening Bank' is clicked on

06-01-2025T09:41:20 - [MESSAGE][PASSED] - Object: 'Object Repository/Master Data/Admin Sekolah/Tambah Tagihan/Select Rekening Bank' is clicked on

06-01-2025T09:41:20 - [TEST_STEP][PASSED] - click(findTestObject("Master Data/Admin Sekolah/Tambah Tagihan/CIMB"), CONTINUE_ON_FAILURE): Object: 'Object Repository/Master Data/Admin Sekolah/Tambah Tagihan/CIMB' is clicked on

06-01-2025T09:41:20 - [MESSAGE][PASSED] - Object: 'Object Repository/Master Data/Admin Sekolah/Tambah Tagihan/CIMB' is clicked on

06-01-2025T09:41:20 - [TEST_STEP][PASSED] - setText(findTestObject("Master Data/Admin Sekolah/Tambah Tagihan/Input Keterangan"), "Ini keterangan katalon", CONTINUE_ON_FAILURE): Text 'Ini keterangan katalon' is set on object 'Object Repository/Master Data/Admin Sekolah/Tambah Tagihan/Input Keterangan'

06-01-2025T09:41:21 - [MESSAGE][PASSED] - Text 'Ini keterangan katalon' is set on object 'Object Repository/Master Data/Admin Sekolah/Tambah Tagihan/Input Keterangan'

06-01-2025T09:41:21 - [TEST_STEP][PASSED] - click(findTestObject("Master Data/Admin Sekolah/Tambah Tagihan/Button Generate"), CONTINUE_ON_FAILURE): Object: 'Object Repository/Master Data/Admin Sekolah/Tambah Tagihan/Button Generate' is clicked on

06-01-2025T09:41:21 - [MESSAGE][PASSED] - Object: 'Object Repository/Master Data/Admin Sekolah/Tambah Tagihan/Button Generate' is clicked on

06-01-2025T09:41:21 - [TEST_STEP][PASSED] - click(findTestObject("Master Data/Admin Sekolah/Tambah Tagihan/Button Tambahkan"), CONTINUE_ON_FAILURE): Object: 'Object Repository/Master Data/Admin Sekolah/Tambah Tagihan/Button Tambahkan' is clicked on

06-01-2025T09:41:22 - [MESSAGE][PASSED] - Object: 'Object Repository/Master Data/Admin Sekolah/Tambah Tagihan/Button Tambahkan' is clicked on

06-01-2025T09:41:22 - [TEST_STEP][PASSED] - click(findTestObject("Master Data/Admin Sekolah/Tambah Tagihan/Button YA"), CONTINUE_ON_FAILURE): Object: 'Object Repository/Master Data/Admin Sekolah/Tambah Tagihan/Button YA' is clicked on

06-01-2025T09:41:23 - [MESSAGE][PASSED] - Object: 'Object Repository/Master Data/Admin Sekolah/Tambah Tagihan/Button YA' is clicked on

06-01-2025T09:41:23 - [TEST_STEP][PASSED] - delay(3, CONTINUE_ON_FAILURE): Delayed 3 second(s)

06-01-2025T09:41:26 - [MESSAGE][PASSED] - Delayed 3 second(s)

06-01-2025T09:41:26 - [TEST_STEP][PASSED] - verifyTextPresent("Billing code sudah di gunakan", false, CONTINUE_ON_FAILURE): Text 'Billing code sudah di gunakan' is present on page 

06-01-2025T09:41:26 - [MESSAGE][PASSED] - Text 'Billing code sudah di gunakan' is present on page 

06-01-2025T09:41:26 - [TEST_STEP][PASSED] - delay(2, CONTINUE_ON_FAILURE): Delayed 2 second(s)

06-01-2025T09:41:28 - [MESSAGE][PASSED] - Delayed 2 second(s)

06-01-2025T09:41:28 - [TEST_STEP][PASSED] - minDigits = 2: null

06-01-2025T09:41:28 - [TEST_STEP][PASSED] - maxDigits = 5: null

06-01-2025T09:41:28 - [TEST_STEP][PASSED] - randomLength = Math.random() * maxDigits - minDigits + 1 + minDigits: null

06-01-2025T09:41:28 - [TEST_STEP][PASSED] - randomNumber = String.format("%0" + randomLength + "d", Math.random() * Math.pow(10, randomLength)): null

06-01-2025T09:41:28 - [TEST_STEP][PASSED] - click(findTestObject("Master Data/Admin Sekolah/Tambah Tagihan/Input Kode Tagihan"), CONTINUE_ON_FAILURE): Object: 'Object Repository/Master Data/Admin Sekolah/Tambah Tagihan/Input Kode Tagihan' is clicked on

06-01-2025T09:41:28 - [MESSAGE][PASSED] - Object: 'Object Repository/Master Data/Admin Sekolah/Tambah Tagihan/Input Kode Tagihan' is clicked on

06-01-2025T09:41:28 - [TEST_STEP][PASSED] - sendKeys(findTestObject("Master Data/Admin Sekolah/Tambah Tagihan/Input Kode Tagihan"), Keys.chord(CONTROL, "a", BACK_SPACE), CONTINUE_ON_FAILURE): Keys 'CONTROL + BACK_SPACE + a' sent to object: 'Object Repository/Master Data/Admin Sekolah/Tambah Tagihan/Input Kode Tagihan'

06-01-2025T09:41:29 - [MESSAGE][PASSED] - Keys 'CONTROL + BACK_SPACE + a' sent to object: 'Object Repository/Master Data/Admin Sekolah/Tambah Tagihan/Input Kode Tagihan'

06-01-2025T09:41:29 - [TEST_STEP][PASSED] - click(findTestObject("Master Data/Admin Sekolah/Tambah Tagihan/Input Kode Tagihan"), CONTINUE_ON_FAILURE): Object: 'Object Repository/Master Data/Admin Sekolah/Tambah Tagihan/Input Kode Tagihan' is clicked on

06-01-2025T09:41:29 - [MESSAGE][PASSED] - Object: 'Object Repository/Master Data/Admin Sekolah/Tambah Tagihan/Input Kode Tagihan' is clicked on

06-01-2025T09:41:29 - [TEST_STEP][PASSED] - setText(findTestObject("Master Data/Admin Sekolah/Tambah Tagihan/Input Kode Tagihan"), randomNumber, CONTINUE_ON_FAILURE): Text '22133' is set on object 'Object Repository/Master Data/Admin Sekolah/Tambah Tagihan/Input Kode Tagihan'

06-01-2025T09:41:30 - [MESSAGE][PASSED] - Text '22133' is set on object 'Object Repository/Master Data/Admin Sekolah/Tambah Tagihan/Input Kode Tagihan'

06-01-2025T09:41:30 - [TEST_STEP][PASSED] - delay(1, CONTINUE_ON_FAILURE): Delayed 1 second(s)

06-01-2025T09:41:31 - [MESSAGE][PASSED] - Delayed 1 second(s)

06-01-2025T09:41:31 - [TEST_STEP][PASSED] - if (getAttribute(findTestObject("Master Data/Admin Sekolah/Tambah Tagihan/Input Kode Tagihan"), "value") == ""): Attribute 'value' of object 'Object Repository/Master Data/Admin Sekolah/Tambah Tagihan/Input Kode Tagihan' is: '22133'

06-01-2025T09:41:31 - [MESSAGE][PASSED] - Attribute 'value' of object 'Object Repository/Master Data/Admin Sekolah/Tambah Tagihan/Input Kode Tagihan' is: '22133'

06-01-2025T09:41:31 - [TEST_STEP][PASSED] - else: null

06-01-2025T09:41:31 - [TEST_STEP][PASSED] - println("Field tidak kosong setelah clearText dan JavaScript. Cek ulang penghapusan."): null

06-01-2025T09:41:31 - [TEST_STEP][PASSED] - click(findTestObject("Master Data/Admin Sekolah/Tambah Tagihan/Button Tambahkan"), CONTINUE_ON_FAILURE): Object: 'Object Repository/Master Data/Admin Sekolah/Tambah Tagihan/Button Tambahkan' is clicked on

06-01-2025T09:41:31 - [MESSAGE][PASSED] - Object: 'Object Repository/Master Data/Admin Sekolah/Tambah Tagihan/Button Tambahkan' is clicked on

06-01-2025T09:41:31 - [TEST_STEP][PASSED] - click(findTestObject("Master Data/Admin Sekolah/Tambah Tagihan/Button YA"), CONTINUE_ON_FAILURE): Object: 'Object Repository/Master Data/Admin Sekolah/Tambah Tagihan/Button YA' is clicked on

06-01-2025T09:41:32 - [MESSAGE][PASSED] - Object: 'Object Repository/Master Data/Admin Sekolah/Tambah Tagihan/Button YA' is clicked on

06-01-2025T09:41:32 - [MESSAGE][PASSED] - Call Test Case 'Test Cases/Master Data/Admin Sekolah/Master Data Tagihan/Tambah Tagihan' successfully

06-01-2025T09:41:32 - [TEST_STEP][PASSED] - println("============================= Loop Again ==============================="): null

06-01-2025T09:41:32 - [TEST_STEP][PASSED] - callTestCase(findTestCase("Test Cases/Master Data/Admin Sekolah/Master Data Tagihan/Filter Tagihan"), [:], CONTINUE_ON_FAILURE): Call Test Case 'Test Cases/Master Data/Admin Sekolah/Master Data Tagihan/Filter Tagihan' successfully

06-01-2025T09:41:32 - [TEST_CASE][PASSED] - Test Cases/Master Data/Admin Sekolah/Master Data Tagihan/Filter Tagihan: Test Cases/Master Data/Admin Sekolah/Master Data Tagihan/Filter Tagihan

06-01-2025T09:41:32 - [TEST_STEP][PASSED] - openBrowser("", CONTINUE_ON_FAILURE): Browser is opened with url: ''

06-01-2025T09:41:32 - [MESSAGE][WARNING] - A browser is already opened. Closing browser and opening a new one

06-01-2025T09:41:32 - [MESSAGE][INFO] - Starting 'Chrome' driver

06-01-2025T09:41:32 - [MESSAGE][INFO] - Action delay is set to 0 milliseconds

06-01-2025T09:41:33 - [MESSAGE][PASSED] - Browser is opened with url: ''

06-01-2025T09:41:33 - [TEST_STEP][PASSED] - navigateToUrl("https://sit.siprusedu.com/login", CONTINUE_ON_FAILURE): Navigate to 'https://sit.siprusedu.com/login' successfully

06-01-2025T09:41:33 - [MESSAGE][PASSED] - Navigate to 'https://sit.siprusedu.com/login' successfully

06-01-2025T09:41:33 - [TEST_STEP][PASSED] - click(findTestObject("Master Data/Admin Sekolah/Login/Field Email"), CONTINUE_ON_FAILURE): Object: 'Object Repository/Master Data/Admin Sekolah/Login/Field Email' is clicked on

06-01-2025T09:41:35 - [MESSAGE][PASSED] - Object: 'Object Repository/Master Data/Admin Sekolah/Login/Field Email' is clicked on

06-01-2025T09:41:35 - [TEST_STEP][PASSED] - setText(findTestObject("Master Data/Admin Sekolah/Login/Field Email"), "admin.gudangsolusi@digiform.co.id", CONTINUE_ON_FAILURE): Text 'admin.gudangsolusi@digiform.co.id' is set on object 'Object Repository/Master Data/Admin Sekolah/Login/Field Email'

06-01-2025T09:41:36 - [MESSAGE][PASSED] - Text 'admin.gudangsolusi@digiform.co.id' is set on object 'Object Repository/Master Data/Admin Sekolah/Login/Field Email'

06-01-2025T09:41:36 - [TEST_STEP][PASSED] - delay(1, CONTINUE_ON_FAILURE): Delayed 1 second(s)

06-01-2025T09:41:37 - [MESSAGE][PASSED] - Delayed 1 second(s)

06-01-2025T09:41:37 - [TEST_STEP][PASSED] - click(findTestObject("Master Data/Admin Sekolah/Login/Input Password"), CONTINUE_ON_FAILURE): Object: 'Object Repository/Master Data/Admin Sekolah/Login/Input Password' is clicked on

06-01-2025T09:41:37 - [MESSAGE][PASSED] - Object: 'Object Repository/Master Data/Admin Sekolah/Login/Input Password' is clicked on

06-01-2025T09:41:37 - [TEST_STEP][PASSED] - setText(findTestObject("Master Data/Admin Sekolah/Login/Input Password"), "Test1234", CONTINUE_ON_FAILURE): Text 'Test1234' is set on object 'Object Repository/Master Data/Admin Sekolah/Login/Input Password'

06-01-2025T09:41:37 - [MESSAGE][PASSED] - Text 'Test1234' is set on object 'Object Repository/Master Data/Admin Sekolah/Login/Input Password'

06-01-2025T09:41:37 - [TEST_STEP][PASSED] - delay(1, CONTINUE_ON_FAILURE): Delayed 1 second(s)

06-01-2025T09:41:38 - [MESSAGE][PASSED] - Delayed 1 second(s)

06-01-2025T09:41:38 - [TEST_STEP][PASSED] - click(findTestObject("Master Data/Admin Sekolah/Login/Button Submit"), CONTINUE_ON_FAILURE): Object: 'Object Repository/Master Data/Admin Sekolah/Login/Button Submit' is clicked on

06-01-2025T09:41:39 - [MESSAGE][PASSED] - Object: 'Object Repository/Master Data/Admin Sekolah/Login/Button Submit' is clicked on

06-01-2025T09:41:39 - [TEST_STEP][PASSED] - click(findTestObject("Master Data/Admin Sekolah/Lihat Tagihan/Menu Master Data"), CONTINUE_ON_FAILURE): Object: 'Object Repository/Master Data/Admin Sekolah/Lihat Tagihan/Menu Master Data' is clicked on

06-01-2025T09:41:40 - [MESSAGE][PASSED] - Object: 'Object Repository/Master Data/Admin Sekolah/Lihat Tagihan/Menu Master Data' is clicked on

06-01-2025T09:41:40 - [TEST_STEP][PASSED] - delay(1, CONTINUE_ON_FAILURE): Delayed 1 second(s)

06-01-2025T09:41:41 - [MESSAGE][PASSED] - Delayed 1 second(s)

06-01-2025T09:41:41 - [TEST_STEP][PASSED] - click(findTestObject("Master Data/Admin Sekolah/Lihat Tagihan/Menu Tagihan"), CONTINUE_ON_FAILURE): Object: 'Object Repository/Master Data/Admin Sekolah/Lihat Tagihan/Menu Tagihan' is clicked on

06-01-2025T09:41:42 - [MESSAGE][PASSED] - Object: 'Object Repository/Master Data/Admin Sekolah/Lihat Tagihan/Menu Tagihan' is clicked on

06-01-2025T09:41:42 - [TEST_STEP][PASSED] - delay(1, CONTINUE_ON_FAILURE): Delayed 1 second(s)

06-01-2025T09:41:43 - [MESSAGE][PASSED] - Delayed 1 second(s)

06-01-2025T09:41:43 - [TEST_STEP][PASSED] - click(findTestObject("Master Data/Admin Sekolah/Filter Tagihan/Button Filter"), CONTINUE_ON_FAILURE): Object: 'Object Repository/Master Data/Admin Sekolah/Filter Tagihan/Button Filter' is clicked on

06-01-2025T09:41:44 - [MESSAGE][PASSED] - Object: 'Object Repository/Master Data/Admin Sekolah/Filter Tagihan/Button Filter' is clicked on

06-01-2025T09:41:44 - [TEST_STEP][PASSED] - delay(1, CONTINUE_ON_FAILURE): Delayed 1 second(s)

06-01-2025T09:41:45 - [MESSAGE][PASSED] - Delayed 1 second(s)

06-01-2025T09:41:45 - [TEST_STEP][PASSED] - click(findTestObject("Master Data/Admin Sekolah/Filter Tagihan/Select Tipe Tagihan"), CONTINUE_ON_FAILURE): Object: 'Object Repository/Master Data/Admin Sekolah/Filter Tagihan/Select Tipe Tagihan' is clicked on

06-01-2025T09:41:45 - [MESSAGE][PASSED] - Object: 'Object Repository/Master Data/Admin Sekolah/Filter Tagihan/Select Tipe Tagihan' is clicked on

06-01-2025T09:41:45 - [TEST_STEP][PASSED] - delay(1, CONTINUE_ON_FAILURE): Delayed 1 second(s)

06-01-2025T09:41:46 - [MESSAGE][PASSED] - Delayed 1 second(s)

06-01-2025T09:41:46 - [TEST_STEP][PASSED] - click(findTestObject("Master Data/Admin Sekolah/Filter Tagihan/Tagihan Reguler"), CONTINUE_ON_FAILURE): Object: 'Object Repository/Master Data/Admin Sekolah/Filter Tagihan/Tagihan Reguler' is clicked on

06-01-2025T09:41:46 - [MESSAGE][PASSED] - Object: 'Object Repository/Master Data/Admin Sekolah/Filter Tagihan/Tagihan Reguler' is clicked on

06-01-2025T09:41:46 - [TEST_STEP][PASSED] - delay(1, CONTINUE_ON_FAILURE): Delayed 1 second(s)

06-01-2025T09:41:47 - [MESSAGE][PASSED] - Delayed 1 second(s)

06-01-2025T09:41:47 - [TEST_STEP][PASSED] - click(findTestObject("Master Data/Admin Sekolah/Filter Tagihan/Select Rekening Bank"), CONTINUE_ON_FAILURE): Object: 'Object Repository/Master Data/Admin Sekolah/Filter Tagihan/Select Rekening Bank' is clicked on

06-01-2025T09:41:48 - [MESSAGE][PASSED] - Object: 'Object Repository/Master Data/Admin Sekolah/Filter Tagihan/Select Rekening Bank' is clicked on

06-01-2025T09:41:48 - [TEST_STEP][PASSED] - delay(1, CONTINUE_ON_FAILURE): Delayed 1 second(s)

06-01-2025T09:41:49 - [MESSAGE][PASSED] - Delayed 1 second(s)

06-01-2025T09:41:49 - [TEST_STEP][PASSED] - click(findTestObject("Master Data/Admin Sekolah/Filter Tagihan/CIMB"), CONTINUE_ON_FAILURE): Object: 'Object Repository/Master Data/Admin Sekolah/Filter Tagihan/CIMB' is clicked on

06-01-2025T09:41:49 - [MESSAGE][PASSED] - Object: 'Object Repository/Master Data/Admin Sekolah/Filter Tagihan/CIMB' is clicked on

06-01-2025T09:41:49 - [TEST_STEP][PASSED] - delay(1, CONTINUE_ON_FAILURE): Delayed 1 second(s)

06-01-2025T09:41:50 - [MESSAGE][PASSED] - Delayed 1 second(s)

06-01-2025T09:41:50 - [TEST_STEP][PASSED] - click(findTestObject("Master Data/Admin Sekolah/Filter Tagihan/Button Terapkan"), CONTINUE_ON_FAILURE): Object: 'Object Repository/Master Data/Admin Sekolah/Filter Tagihan/Button Terapkan' is clicked on

06-01-2025T09:41:50 - [MESSAGE][PASSED] - Object: 'Object Repository/Master Data/Admin Sekolah/Filter Tagihan/Button Terapkan' is clicked on

06-01-2025T09:41:50 - [MESSAGE][PASSED] - Call Test Case 'Test Cases/Master Data/Admin Sekolah/Master Data Tagihan/Filter Tagihan' successfully

06-01-2025T09:41:50 - [TEST_STEP][PASSED] - callTestCase(findTestCase("Test Cases/Master Data/Admin Sekolah/Master Data Tagihan/Lihat Tagihan"), [:], CONTINUE_ON_FAILURE): Call Test Case 'Test Cases/Master Data/Admin Sekolah/Master Data Tagihan/Lihat Tagihan' successfully

06-01-2025T09:41:50 - [TEST_CASE][PASSED] - Test Cases/Master Data/Admin Sekolah/Master Data Tagihan/Lihat Tagihan: Test Cases/Master Data/Admin Sekolah/Master Data Tagihan/Lihat Tagihan

06-01-2025T09:41:50 - [TEST_STEP][PASSED] - openBrowser("", CONTINUE_ON_FAILURE): Browser is opened with url: ''

06-01-2025T09:41:50 - [MESSAGE][WARNING] - A browser is already opened. Closing browser and opening a new one

06-01-2025T09:41:51 - [MESSAGE][INFO] - Starting 'Chrome' driver

06-01-2025T09:41:51 - [MESSAGE][INFO] - Action delay is set to 0 milliseconds

06-01-2025T09:41:51 - [MESSAGE][PASSED] - Browser is opened with url: ''

06-01-2025T09:41:51 - [TEST_STEP][PASSED] - navigateToUrl("https://sit.siprusedu.com/login", CONTINUE_ON_FAILURE): Navigate to 'https://sit.siprusedu.com/login' successfully

06-01-2025T09:41:53 - [MESSAGE][PASSED] - Navigate to 'https://sit.siprusedu.com/login' successfully

06-01-2025T09:41:53 - [TEST_STEP][PASSED] - click(findTestObject("Master Data/Admin Sekolah/Login/Field Email"), CONTINUE_ON_FAILURE): Object: 'Object Repository/Master Data/Admin Sekolah/Login/Field Email' is clicked on

06-01-2025T09:41:55 - [MESSAGE][PASSED] - Object: 'Object Repository/Master Data/Admin Sekolah/Login/Field Email' is clicked on

06-01-2025T09:41:55 - [TEST_STEP][PASSED] - setText(findTestObject("Master Data/Admin Sekolah/Login/Field Email"), "admin.gudangsolusi@digiform.co.id", CONTINUE_ON_FAILURE): Text 'admin.gudangsolusi@digiform.co.id' is set on object 'Object Repository/Master Data/Admin Sekolah/Login/Field Email'

06-01-2025T09:41:55 - [MESSAGE][PASSED] - Text 'admin.gudangsolusi@digiform.co.id' is set on object 'Object Repository/Master Data/Admin Sekolah/Login/Field Email'

06-01-2025T09:41:55 - [TEST_STEP][PASSED] - click(findTestObject("Master Data/Admin Sekolah/Login/Input Password"), CONTINUE_ON_FAILURE): Object: 'Object Repository/Master Data/Admin Sekolah/Login/Input Password' is clicked on

06-01-2025T09:41:56 - [MESSAGE][PASSED] - Object: 'Object Repository/Master Data/Admin Sekolah/Login/Input Password' is clicked on

06-01-2025T09:41:56 - [TEST_STEP][PASSED] - setText(findTestObject("Master Data/Admin Sekolah/Login/Input Password"), "Test1234", CONTINUE_ON_FAILURE): Text 'Test1234' is set on object 'Object Repository/Master Data/Admin Sekolah/Login/Input Password'

06-01-2025T09:41:56 - [MESSAGE][PASSED] - Text 'Test1234' is set on object 'Object Repository/Master Data/Admin Sekolah/Login/Input Password'

06-01-2025T09:41:56 - [TEST_STEP][PASSED] - click(findTestObject("Master Data/Admin Sekolah/Login/Button Submit"), CONTINUE_ON_FAILURE): Object: 'Object Repository/Master Data/Admin Sekolah/Login/Button Submit' is clicked on

06-01-2025T09:41:56 - [MESSAGE][PASSED] - Object: 'Object Repository/Master Data/Admin Sekolah/Login/Button Submit' is clicked on

06-01-2025T09:41:56 - [TEST_STEP][PASSED] - click(findTestObject("Master Data/Admin Sekolah/Lihat Tagihan/Menu Master Data"), CONTINUE_ON_FAILURE): Object: 'Object Repository/Master Data/Admin Sekolah/Lihat Tagihan/Menu Master Data' is clicked on

06-01-2025T09:41:58 - [MESSAGE][PASSED] - Object: 'Object Repository/Master Data/Admin Sekolah/Lihat Tagihan/Menu Master Data' is clicked on

06-01-2025T09:41:58 - [TEST_STEP][PASSED] - click(findTestObject("Master Data/Admin Sekolah/Lihat Tagihan/Menu Tagihan"), CONTINUE_ON_FAILURE): Object: 'Object Repository/Master Data/Admin Sekolah/Lihat Tagihan/Menu Tagihan' is clicked on

06-01-2025T09:41:59 - [MESSAGE][PASSED] - Object: 'Object Repository/Master Data/Admin Sekolah/Lihat Tagihan/Menu Tagihan' is clicked on

06-01-2025T09:41:59 - [TEST_STEP][PASSED] - delay(1, CONTINUE_ON_FAILURE): Delayed 1 second(s)

06-01-2025T09:42:00 - [MESSAGE][PASSED] - Delayed 1 second(s)

06-01-2025T09:42:00 - [TEST_STEP][PASSED] - click(findTestObject("Master Data/Admin Sekolah/Lihat Tagihan/Button View"), CONTINUE_ON_FAILURE): Object: 'Object Repository/Master Data/Admin Sekolah/Lihat Tagihan/Button View' is clicked on

06-01-2025T09:42:01 - [MESSAGE][PASSED] - Object: 'Object Repository/Master Data/Admin Sekolah/Lihat Tagihan/Button View' is clicked on

06-01-2025T09:42:01 - [MESSAGE][PASSED] - Call Test Case 'Test Cases/Master Data/Admin Sekolah/Master Data Tagihan/Lihat Tagihan' successfully

06-01-2025T09:42:01 - [TEST_STEP][PASSED] - callTestCase(findTestCase("Test Cases/Master Data/Admin Sekolah/Master Data Tagihan/Tambah Tagihan"), [:], CONTINUE_ON_FAILURE): Call Test Case 'Test Cases/Master Data/Admin Sekolah/Master Data Tagihan/Tambah Tagihan' successfully

06-01-2025T09:42:01 - [TEST_CASE][PASSED] - Test Cases/Master Data/Admin Sekolah/Master Data Tagihan/Tambah Tagihan: Test Cases/Master Data/Admin Sekolah/Master Data Tagihan/Tambah Tagihan

06-01-2025T09:42:01 - [TEST_STEP][PASSED] - openBrowser("", CONTINUE_ON_FAILURE): Browser is opened with url: ''

06-01-2025T09:42:01 - [MESSAGE][WARNING] - A browser is already opened. Closing browser and opening a new one

06-01-2025T09:42:03 - [MESSAGE][INFO] - Starting 'Chrome' driver

06-01-2025T09:42:03 - [MESSAGE][INFO] - Action delay is set to 0 milliseconds

06-01-2025T09:42:04 - [MESSAGE][PASSED] - Browser is opened with url: ''

06-01-2025T09:42:04 - [TEST_STEP][PASSED] - navigateToUrl("https://sit.siprusedu.com/login", CONTINUE_ON_FAILURE): Navigate to 'https://sit.siprusedu.com/login' successfully

06-01-2025T09:42:05 - [MESSAGE][PASSED] - Navigate to 'https://sit.siprusedu.com/login' successfully

06-01-2025T09:42:05 - [TEST_STEP][PASSED] - setText(findTestObject("Master Data/Admin Sekolah/Login/Field Email"), "admin.gudangsolusi@digiform.co.id", CONTINUE_ON_FAILURE): Text 'admin.gudangsolusi@digiform.co.id' is set on object 'Object Repository/Master Data/Admin Sekolah/Login/Field Email'

06-01-2025T09:42:06 - [MESSAGE][PASSED] - Text 'admin.gudangsolusi@digiform.co.id' is set on object 'Object Repository/Master Data/Admin Sekolah/Login/Field Email'

06-01-2025T09:42:06 - [TEST_STEP][PASSED] - setText(findTestObject("Master Data/Admin Sekolah/Login/Input Password"), "Test1234", CONTINUE_ON_FAILURE): Text 'Test1234' is set on object 'Object Repository/Master Data/Admin Sekolah/Login/Input Password'

06-01-2025T09:42:07 - [MESSAGE][PASSED] - Text 'Test1234' is set on object 'Object Repository/Master Data/Admin Sekolah/Login/Input Password'

06-01-2025T09:42:07 - [TEST_STEP][PASSED] - click(findTestObject("Master Data/Admin Sekolah/Login/Button Submit"), CONTINUE_ON_FAILURE): Object: 'Object Repository/Master Data/Admin Sekolah/Login/Button Submit' is clicked on

06-01-2025T09:42:07 - [MESSAGE][PASSED] - Object: 'Object Repository/Master Data/Admin Sekolah/Login/Button Submit' is clicked on

06-01-2025T09:42:07 - [TEST_STEP][PASSED] - click(findTestObject("Master Data/Admin Sekolah/Tambah Tagihan/Menu Master Data"), CONTINUE_ON_FAILURE): Object: 'Object Repository/Master Data/Admin Sekolah/Tambah Tagihan/Menu Master Data' is clicked on

06-01-2025T09:42:09 - [MESSAGE][PASSED] - Object: 'Object Repository/Master Data/Admin Sekolah/Tambah Tagihan/Menu Master Data' is clicked on

06-01-2025T09:42:09 - [TEST_STEP][PASSED] - click(findTestObject("Master Data/Admin Sekolah/Tambah Tagihan/Menu Tagihan"), CONTINUE_ON_FAILURE): Object: 'Object Repository/Master Data/Admin Sekolah/Tambah Tagihan/Menu Tagihan' is clicked on

06-01-2025T09:42:10 - [MESSAGE][PASSED] - Object: 'Object Repository/Master Data/Admin Sekolah/Tambah Tagihan/Menu Tagihan' is clicked on

06-01-2025T09:42:10 - [TEST_STEP][PASSED] - click(findTestObject("Master Data/Admin Sekolah/Tambah Tagihan/Button Tambah"), CONTINUE_ON_FAILURE): Object: 'Object Repository/Master Data/Admin Sekolah/Tambah Tagihan/Button Tambah' is clicked on

06-01-2025T09:42:12 - [MESSAGE][PASSED] - Object: 'Object Repository/Master Data/Admin Sekolah/Tambah Tagihan/Button Tambah' is clicked on

06-01-2025T09:42:12 - [TEST_STEP][PASSED] - setText(findTestObject("Master Data/Admin Sekolah/Tambah Tagihan/Input Nama Tagihan"), "KATALONZ", CONTINUE_ON_FAILURE): Text 'KATALONZ' is set on object 'Object Repository/Master Data/Admin Sekolah/Tambah Tagihan/Input Nama Tagihan'

06-01-2025T09:42:13 - [MESSAGE][PASSED] - Text 'KATALONZ' is set on object 'Object Repository/Master Data/Admin Sekolah/Tambah Tagihan/Input Nama Tagihan'

06-01-2025T09:42:13 - [TEST_STEP][PASSED] - click(findTestObject("Master Data/Admin Sekolah/Tambah Tagihan/Select Tipe Tagihan"), CONTINUE_ON_FAILURE): Object: 'Object Repository/Master Data/Admin Sekolah/Tambah Tagihan/Select Tipe Tagihan' is clicked on

06-01-2025T09:42:14 - [MESSAGE][PASSED] - Object: 'Object Repository/Master Data/Admin Sekolah/Tambah Tagihan/Select Tipe Tagihan' is clicked on

06-01-2025T09:42:14 - [TEST_STEP][PASSED] - click(findTestObject("Master Data/Admin Sekolah/Tambah Tagihan/Tagihan Regular"), CONTINUE_ON_FAILURE): Object: 'Object Repository/Master Data/Admin Sekolah/Tambah Tagihan/Tagihan Regular' is clicked on

06-01-2025T09:42:14 - [MESSAGE][PASSED] - Object: 'Object Repository/Master Data/Admin Sekolah/Tambah Tagihan/Tagihan Regular' is clicked on

06-01-2025T09:42:14 - [TEST_STEP][PASSED] - click(findTestObject("Master Data/Admin Sekolah/Tambah Tagihan/Klik Tahun Ajaran")): Object: 'Object Repository/Master Data/Admin Sekolah/Tambah Tagihan/Klik Tahun Ajaran' is clicked on

06-01-2025T09:42:15 - [MESSAGE][PASSED] - Object: 'Object Repository/Master Data/Admin Sekolah/Tambah Tagihan/Klik Tahun Ajaran' is clicked on

06-01-2025T09:42:15 - [TEST_STEP][PASSED] - click(findTestObject("Master Data/Admin Sekolah/Tambah Tagihan/2023-2024")): Object: 'Object Repository/Master Data/Admin Sekolah/Tambah Tagihan/2023-2024' is clicked on

06-01-2025T09:42:15 - [MESSAGE][PASSED] - Object: 'Object Repository/Master Data/Admin Sekolah/Tambah Tagihan/2023-2024' is clicked on

06-01-2025T09:42:15 - [TEST_STEP][PASSED] - click(findTestObject("Master Data/Admin Sekolah/Tambah Tagihan/Select Kelas"), CONTINUE_ON_FAILURE): Object: 'Object Repository/Master Data/Admin Sekolah/Tambah Tagihan/Select Kelas' is clicked on

06-01-2025T09:42:15 - [MESSAGE][PASSED] - Object: 'Object Repository/Master Data/Admin Sekolah/Tambah Tagihan/Select Kelas' is clicked on

06-01-2025T09:42:15 - [TEST_STEP][PASSED] - click(findTestObject("Master Data/Admin Sekolah/Tambah Tagihan/Semua Kelas"), CONTINUE_ON_FAILURE): Object: 'Object Repository/Master Data/Admin Sekolah/Tambah Tagihan/Semua Kelas' is clicked on

06-01-2025T09:42:16 - [MESSAGE][PASSED] - Object: 'Object Repository/Master Data/Admin Sekolah/Tambah Tagihan/Semua Kelas' is clicked on

06-01-2025T09:42:16 - [TEST_STEP][PASSED] - click(findTestObject("Master Data/Admin Sekolah/Tambah Tagihan/Tutup Kelas")): Object: 'Object Repository/Master Data/Admin Sekolah/Tambah Tagihan/Tutup Kelas' is clicked on

06-01-2025T09:42:16 - [MESSAGE][PASSED] - Object: 'Object Repository/Master Data/Admin Sekolah/Tambah Tagihan/Tutup Kelas' is clicked on

06-01-2025T09:42:16 - [TEST_STEP][PASSED] - setText(findTestObject("Master Data/Admin Sekolah/Tambah Tagihan/Input Kode Tagihan"), "HKU", CONTINUE_ON_FAILURE): Text 'HKU' is set on object 'Object Repository/Master Data/Admin Sekolah/Tambah Tagihan/Input Kode Tagihan'

06-01-2025T09:42:17 - [MESSAGE][PASSED] - Text 'HKU' is set on object 'Object Repository/Master Data/Admin Sekolah/Tambah Tagihan/Input Kode Tagihan'

06-01-2025T09:42:17 - [TEST_STEP][PASSED] - setText(findTestObject("Master Data/Admin Sekolah/Tambah Tagihan/Input Jumlah Tagihan"), "750000", CONTINUE_ON_FAILURE): Text '750000' is set on object 'Object Repository/Master Data/Admin Sekolah/Tambah Tagihan/Input Jumlah Tagihan'

06-01-2025T09:42:17 - [MESSAGE][PASSED] - Text '750000' is set on object 'Object Repository/Master Data/Admin Sekolah/Tambah Tagihan/Input Jumlah Tagihan'

06-01-2025T09:42:17 - [TEST_STEP][PASSED] - click(findTestObject("Master Data/Admin Sekolah/Tambah Tagihan/Select Rekening Bank"), CONTINUE_ON_FAILURE): Object: 'Object Repository/Master Data/Admin Sekolah/Tambah Tagihan/Select Rekening Bank' is clicked on

06-01-2025T09:42:18 - [MESSAGE][PASSED] - Object: 'Object Repository/Master Data/Admin Sekolah/Tambah Tagihan/Select Rekening Bank' is clicked on

06-01-2025T09:42:18 - [TEST_STEP][PASSED] - click(findTestObject("Master Data/Admin Sekolah/Tambah Tagihan/CIMB"), CONTINUE_ON_FAILURE): Object: 'Object Repository/Master Data/Admin Sekolah/Tambah Tagihan/CIMB' is clicked on

06-01-2025T09:42:18 - [MESSAGE][PASSED] - Object: 'Object Repository/Master Data/Admin Sekolah/Tambah Tagihan/CIMB' is clicked on

06-01-2025T09:42:18 - [TEST_STEP][PASSED] - setText(findTestObject("Master Data/Admin Sekolah/Tambah Tagihan/Input Keterangan"), "Ini keterangan katalon", CONTINUE_ON_FAILURE): Text 'Ini keterangan katalon' is set on object 'Object Repository/Master Data/Admin Sekolah/Tambah Tagihan/Input Keterangan'

06-01-2025T09:42:19 - [MESSAGE][PASSED] - Text 'Ini keterangan katalon' is set on object 'Object Repository/Master Data/Admin Sekolah/Tambah Tagihan/Input Keterangan'

06-01-2025T09:42:19 - [TEST_STEP][PASSED] - click(findTestObject("Master Data/Admin Sekolah/Tambah Tagihan/Button Generate"), CONTINUE_ON_FAILURE): Object: 'Object Repository/Master Data/Admin Sekolah/Tambah Tagihan/Button Generate' is clicked on

06-01-2025T09:42:20 - [MESSAGE][PASSED] - Object: 'Object Repository/Master Data/Admin Sekolah/Tambah Tagihan/Button Generate' is clicked on

06-01-2025T09:42:20 - [TEST_STEP][PASSED] - click(findTestObject("Master Data/Admin Sekolah/Tambah Tagihan/Button Tambahkan"), CONTINUE_ON_FAILURE): Object: 'Object Repository/Master Data/Admin Sekolah/Tambah Tagihan/Button Tambahkan' is clicked on

06-01-2025T09:42:20 - [MESSAGE][PASSED] - Object: 'Object Repository/Master Data/Admin Sekolah/Tambah Tagihan/Button Tambahkan' is clicked on

06-01-2025T09:42:20 - [TEST_STEP][PASSED] - click(findTestObject("Master Data/Admin Sekolah/Tambah Tagihan/Button YA"), CONTINUE_ON_FAILURE): Object: 'Object Repository/Master Data/Admin Sekolah/Tambah Tagihan/Button YA' is clicked on

06-01-2025T09:42:21 - [MESSAGE][PASSED] - Object: 'Object Repository/Master Data/Admin Sekolah/Tambah Tagihan/Button YA' is clicked on

06-01-2025T09:42:21 - [TEST_STEP][PASSED] - delay(3, CONTINUE_ON_FAILURE): Delayed 3 second(s)

06-01-2025T09:42:24 - [MESSAGE][PASSED] - Delayed 3 second(s)

06-01-2025T09:42:24 - [TEST_STEP][PASSED] - verifyTextPresent("Billing code sudah di gunakan", false, CONTINUE_ON_FAILURE): Text 'Billing code sudah di gunakan' is present on page 

06-01-2025T09:42:24 - [MESSAGE][PASSED] - Text 'Billing code sudah di gunakan' is present on page 

06-01-2025T09:42:24 - [TEST_STEP][PASSED] - delay(2, CONTINUE_ON_FAILURE): Delayed 2 second(s)

06-01-2025T09:42:26 - [MESSAGE][PASSED] - Delayed 2 second(s)

06-01-2025T09:42:26 - [TEST_STEP][PASSED] - minDigits = 2: null

06-01-2025T09:42:26 - [TEST_STEP][PASSED] - maxDigits = 5: null

06-01-2025T09:42:26 - [TEST_STEP][PASSED] - randomLength = Math.random() * maxDigits - minDigits + 1 + minDigits: null

06-01-2025T09:42:26 - [TEST_STEP][PASSED] - randomNumber = String.format("%0" + randomLength + "d", Math.random() * Math.pow(10, randomLength)): null

06-01-2025T09:42:26 - [TEST_STEP][PASSED] - click(findTestObject("Master Data/Admin Sekolah/Tambah Tagihan/Input Kode Tagihan"), CONTINUE_ON_FAILURE): Object: 'Object Repository/Master Data/Admin Sekolah/Tambah Tagihan/Input Kode Tagihan' is clicked on

06-01-2025T09:42:26 - [MESSAGE][PASSED] - Object: 'Object Repository/Master Data/Admin Sekolah/Tambah Tagihan/Input Kode Tagihan' is clicked on

06-01-2025T09:42:26 - [TEST_STEP][PASSED] - sendKeys(findTestObject("Master Data/Admin Sekolah/Tambah Tagihan/Input Kode Tagihan"), Keys.chord(CONTROL, "a", BACK_SPACE), CONTINUE_ON_FAILURE): Keys 'CONTROL + BACK_SPACE + a' sent to object: 'Object Repository/Master Data/Admin Sekolah/Tambah Tagihan/Input Kode Tagihan'

06-01-2025T09:42:27 - [MESSAGE][PASSED] - Keys 'CONTROL + BACK_SPACE + a' sent to object: 'Object Repository/Master Data/Admin Sekolah/Tambah Tagihan/Input Kode Tagihan'

06-01-2025T09:42:27 - [TEST_STEP][PASSED] - click(findTestObject("Master Data/Admin Sekolah/Tambah Tagihan/Input Kode Tagihan"), CONTINUE_ON_FAILURE): Object: 'Object Repository/Master Data/Admin Sekolah/Tambah Tagihan/Input Kode Tagihan' is clicked on

06-01-2025T09:42:27 - [MESSAGE][PASSED] - Object: 'Object Repository/Master Data/Admin Sekolah/Tambah Tagihan/Input Kode Tagihan' is clicked on

06-01-2025T09:42:27 - [TEST_STEP][PASSED] - setText(findTestObject("Master Data/Admin Sekolah/Tambah Tagihan/Input Kode Tagihan"), randomNumber, CONTINUE_ON_FAILURE): Text '64136' is set on object 'Object Repository/Master Data/Admin Sekolah/Tambah Tagihan/Input Kode Tagihan'

06-01-2025T09:42:28 - [MESSAGE][PASSED] - Text '64136' is set on object 'Object Repository/Master Data/Admin Sekolah/Tambah Tagihan/Input Kode Tagihan'

06-01-2025T09:42:28 - [TEST_STEP][PASSED] - delay(1, CONTINUE_ON_FAILURE): Delayed 1 second(s)

06-01-2025T09:42:29 - [MESSAGE][PASSED] - Delayed 1 second(s)

06-01-2025T09:42:29 - [TEST_STEP][PASSED] - if (getAttribute(findTestObject("Master Data/Admin Sekolah/Tambah Tagihan/Input Kode Tagihan"), "value") == ""): Attribute 'value' of object 'Object Repository/Master Data/Admin Sekolah/Tambah Tagihan/Input Kode Tagihan' is: '64136'

06-01-2025T09:42:29 - [MESSAGE][PASSED] - Attribute 'value' of object 'Object Repository/Master Data/Admin Sekolah/Tambah Tagihan/Input Kode Tagihan' is: '64136'

06-01-2025T09:42:29 - [TEST_STEP][PASSED] - else: null

06-01-2025T09:42:29 - [TEST_STEP][PASSED] - println("Field tidak kosong setelah clearText dan JavaScript. Cek ulang penghapusan."): null

06-01-2025T09:42:29 - [TEST_STEP][PASSED] - click(findTestObject("Master Data/Admin Sekolah/Tambah Tagihan/Button Tambahkan"), CONTINUE_ON_FAILURE): Object: 'Object Repository/Master Data/Admin Sekolah/Tambah Tagihan/Button Tambahkan' is clicked on

06-01-2025T09:42:29 - [MESSAGE][PASSED] - Object: 'Object Repository/Master Data/Admin Sekolah/Tambah Tagihan/Button Tambahkan' is clicked on

06-01-2025T09:42:29 - [TEST_STEP][PASSED] - click(findTestObject("Master Data/Admin Sekolah/Tambah Tagihan/Button YA"), CONTINUE_ON_FAILURE): Object: 'Object Repository/Master Data/Admin Sekolah/Tambah Tagihan/Button YA' is clicked on

06-01-2025T09:42:30 - [MESSAGE][PASSED] - Object: 'Object Repository/Master Data/Admin Sekolah/Tambah Tagihan/Button YA' is clicked on

06-01-2025T09:42:30 - [MESSAGE][PASSED] - Call Test Case 'Test Cases/Master Data/Admin Sekolah/Master Data Tagihan/Tambah Tagihan' successfully

06-01-2025T09:42:30 - [TEST_STEP][PASSED] - println("============================= Loop Again ==============================="): null

06-01-2025T09:42:30 - [TEST_STEP][PASSED] - callTestCase(findTestCase("Test Cases/Master Data/Admin Sekolah/Master Data Tagihan/Filter Tagihan"), [:], CONTINUE_ON_FAILURE): Call Test Case 'Test Cases/Master Data/Admin Sekolah/Master Data Tagihan/Filter Tagihan' successfully

06-01-2025T09:42:30 - [TEST_CASE][PASSED] - Test Cases/Master Data/Admin Sekolah/Master Data Tagihan/Filter Tagihan: Test Cases/Master Data/Admin Sekolah/Master Data Tagihan/Filter Tagihan

06-01-2025T09:42:30 - [TEST_STEP][PASSED] - openBrowser("", CONTINUE_ON_FAILURE): Browser is opened with url: ''

06-01-2025T09:42:30 - [MESSAGE][WARNING] - A browser is already opened. Closing browser and opening a new one

06-01-2025T09:42:30 - [MESSAGE][INFO] - Starting 'Chrome' driver

06-01-2025T09:42:30 - [MESSAGE][INFO] - Action delay is set to 0 milliseconds

06-01-2025T09:42:31 - [MESSAGE][PASSED] - Browser is opened with url: ''

06-01-2025T09:42:31 - [TEST_STEP][PASSED] - navigateToUrl("https://sit.siprusedu.com/login", CONTINUE_ON_FAILURE): Navigate to 'https://sit.siprusedu.com/login' successfully

06-01-2025T09:42:32 - [MESSAGE][PASSED] - Navigate to 'https://sit.siprusedu.com/login' successfully

06-01-2025T09:42:32 - [TEST_STEP][PASSED] - click(findTestObject("Master Data/Admin Sekolah/Login/Field Email"), CONTINUE_ON_FAILURE): Object: 'Object Repository/Master Data/Admin Sekolah/Login/Field Email' is clicked on

06-01-2025T09:42:33 - [MESSAGE][PASSED] - Object: 'Object Repository/Master Data/Admin Sekolah/Login/Field Email' is clicked on

06-01-2025T09:42:33 - [TEST_STEP][PASSED] - setText(findTestObject("Master Data/Admin Sekolah/Login/Field Email"), "admin.gudangsolusi@digiform.co.id", CONTINUE_ON_FAILURE): Text 'admin.gudangsolusi@digiform.co.id' is set on object 'Object Repository/Master Data/Admin Sekolah/Login/Field Email'

06-01-2025T09:42:34 - [MESSAGE][PASSED] - Text 'admin.gudangsolusi@digiform.co.id' is set on object 'Object Repository/Master Data/Admin Sekolah/Login/Field Email'

06-01-2025T09:42:34 - [TEST_STEP][PASSED] - delay(1, CONTINUE_ON_FAILURE): Delayed 1 second(s)

06-01-2025T09:42:35 - [MESSAGE][PASSED] - Delayed 1 second(s)

06-01-2025T09:42:35 - [TEST_STEP][PASSED] - click(findTestObject("Master Data/Admin Sekolah/Login/Input Password"), CONTINUE_ON_FAILURE): Object: 'Object Repository/Master Data/Admin Sekolah/Login/Input Password' is clicked on

06-01-2025T09:42:35 - [MESSAGE][PASSED] - Object: 'Object Repository/Master Data/Admin Sekolah/Login/Input Password' is clicked on

06-01-2025T09:42:35 - [TEST_STEP][PASSED] - setText(findTestObject("Master Data/Admin Sekolah/Login/Input Password"), "Test1234", CONTINUE_ON_FAILURE): Text 'Test1234' is set on object 'Object Repository/Master Data/Admin Sekolah/Login/Input Password'

06-01-2025T09:42:36 - [MESSAGE][PASSED] - Text 'Test1234' is set on object 'Object Repository/Master Data/Admin Sekolah/Login/Input Password'

06-01-2025T09:42:36 - [TEST_STEP][PASSED] - delay(1, CONTINUE_ON_FAILURE): Delayed 1 second(s)

06-01-2025T09:42:37 - [MESSAGE][PASSED] - Delayed 1 second(s)

06-01-2025T09:42:37 - [TEST_STEP][PASSED] - click(findTestObject("Master Data/Admin Sekolah/Login/Button Submit"), CONTINUE_ON_FAILURE): Object: 'Object Repository/Master Data/Admin Sekolah/Login/Button Submit' is clicked on

06-01-2025T09:42:37 - [MESSAGE][PASSED] - Object: 'Object Repository/Master Data/Admin Sekolah/Login/Button Submit' is clicked on

06-01-2025T09:42:37 - [TEST_STEP][PASSED] - click(findTestObject("Master Data/Admin Sekolah/Lihat Tagihan/Menu Master Data"), CONTINUE_ON_FAILURE): Object: 'Object Repository/Master Data/Admin Sekolah/Lihat Tagihan/Menu Master Data' is clicked on

06-01-2025T09:42:39 - [MESSAGE][PASSED] - Object: 'Object Repository/Master Data/Admin Sekolah/Lihat Tagihan/Menu Master Data' is clicked on

06-01-2025T09:42:39 - [TEST_STEP][PASSED] - delay(1, CONTINUE_ON_FAILURE): Delayed 1 second(s)

06-01-2025T09:42:40 - [MESSAGE][PASSED] - Delayed 1 second(s)

06-01-2025T09:42:40 - [TEST_STEP][PASSED] - click(findTestObject("Master Data/Admin Sekolah/Lihat Tagihan/Menu Tagihan"), CONTINUE_ON_FAILURE): Object: 'Object Repository/Master Data/Admin Sekolah/Lihat Tagihan/Menu Tagihan' is clicked on

06-01-2025T09:42:41 - [MESSAGE][PASSED] - Object: 'Object Repository/Master Data/Admin Sekolah/Lihat Tagihan/Menu Tagihan' is clicked on

06-01-2025T09:42:41 - [TEST_STEP][PASSED] - delay(1, CONTINUE_ON_FAILURE): Delayed 1 second(s)

06-01-2025T09:42:42 - [MESSAGE][PASSED] - Delayed 1 second(s)

06-01-2025T09:42:42 - [TEST_STEP][PASSED] - click(findTestObject("Master Data/Admin Sekolah/Filter Tagihan/Button Filter"), CONTINUE_ON_FAILURE): Object: 'Object Repository/Master Data/Admin Sekolah/Filter Tagihan/Button Filter' is clicked on

06-01-2025T09:42:42 - [MESSAGE][PASSED] - Object: 'Object Repository/Master Data/Admin Sekolah/Filter Tagihan/Button Filter' is clicked on

06-01-2025T09:42:42 - [TEST_STEP][PASSED] - delay(1, CONTINUE_ON_FAILURE): Delayed 1 second(s)

06-01-2025T09:42:43 - [MESSAGE][PASSED] - Delayed 1 second(s)

06-01-2025T09:42:43 - [TEST_STEP][PASSED] - click(findTestObject("Master Data/Admin Sekolah/Filter Tagihan/Select Tipe Tagihan"), CONTINUE_ON_FAILURE): Object: 'Object Repository/Master Data/Admin Sekolah/Filter Tagihan/Select Tipe Tagihan' is clicked on

06-01-2025T09:42:43 - [MESSAGE][PASSED] - Object: 'Object Repository/Master Data/Admin Sekolah/Filter Tagihan/Select Tipe Tagihan' is clicked on

06-01-2025T09:42:43 - [TEST_STEP][PASSED] - delay(1, CONTINUE_ON_FAILURE): Delayed 1 second(s)

06-01-2025T09:42:44 - [MESSAGE][PASSED] - Delayed 1 second(s)

06-01-2025T09:42:44 - [TEST_STEP][PASSED] - click(findTestObject("Master Data/Admin Sekolah/Filter Tagihan/Tagihan Reguler"), CONTINUE_ON_FAILURE): Object: 'Object Repository/Master Data/Admin Sekolah/Filter Tagihan/Tagihan Reguler' is clicked on

06-01-2025T09:42:45 - [MESSAGE][PASSED] - Object: 'Object Repository/Master Data/Admin Sekolah/Filter Tagihan/Tagihan Reguler' is clicked on

06-01-2025T09:42:45 - [TEST_STEP][PASSED] - delay(1, CONTINUE_ON_FAILURE): Delayed 1 second(s)

06-01-2025T09:42:46 - [MESSAGE][PASSED] - Delayed 1 second(s)

06-01-2025T09:42:46 - [TEST_STEP][PASSED] - click(findTestObject("Master Data/Admin Sekolah/Filter Tagihan/Select Rekening Bank"), CONTINUE_ON_FAILURE): Object: 'Object Repository/Master Data/Admin Sekolah/Filter Tagihan/Select Rekening Bank' is clicked on

06-01-2025T09:42:46 - [MESSAGE][PASSED] - Object: 'Object Repository/Master Data/Admin Sekolah/Filter Tagihan/Select Rekening Bank' is clicked on

06-01-2025T09:42:46 - [TEST_STEP][PASSED] - delay(1, CONTINUE_ON_FAILURE): Delayed 1 second(s)

06-01-2025T09:42:47 - [MESSAGE][PASSED] - Delayed 1 second(s)

06-01-2025T09:42:47 - [TEST_STEP][PASSED] - click(findTestObject("Master Data/Admin Sekolah/Filter Tagihan/CIMB"), CONTINUE_ON_FAILURE): Object: 'Object Repository/Master Data/Admin Sekolah/Filter Tagihan/CIMB' is clicked on

06-01-2025T09:42:47 - [MESSAGE][PASSED] - Object: 'Object Repository/Master Data/Admin Sekolah/Filter Tagihan/CIMB' is clicked on

06-01-2025T09:42:47 - [TEST_STEP][PASSED] - delay(1, CONTINUE_ON_FAILURE): Delayed 1 second(s)

06-01-2025T09:42:48 - [MESSAGE][PASSED] - Delayed 1 second(s)

06-01-2025T09:42:48 - [TEST_STEP][PASSED] - click(findTestObject("Master Data/Admin Sekolah/Filter Tagihan/Button Terapkan"), CONTINUE_ON_FAILURE): Object: 'Object Repository/Master Data/Admin Sekolah/Filter Tagihan/Button Terapkan' is clicked on

06-01-2025T09:42:48 - [MESSAGE][PASSED] - Object: 'Object Repository/Master Data/Admin Sekolah/Filter Tagihan/Button Terapkan' is clicked on

06-01-2025T09:42:48 - [MESSAGE][PASSED] - Call Test Case 'Test Cases/Master Data/Admin Sekolah/Master Data Tagihan/Filter Tagihan' successfully

06-01-2025T09:42:48 - [TEST_STEP][PASSED] - callTestCase(findTestCase("Test Cases/Master Data/Admin Sekolah/Master Data Tagihan/Lihat Tagihan"), [:], CONTINUE_ON_FAILURE): Call Test Case 'Test Cases/Master Data/Admin Sekolah/Master Data Tagihan/Lihat Tagihan' successfully

06-01-2025T09:42:48 - [TEST_CASE][PASSED] - Test Cases/Master Data/Admin Sekolah/Master Data Tagihan/Lihat Tagihan: Test Cases/Master Data/Admin Sekolah/Master Data Tagihan/Lihat Tagihan

06-01-2025T09:42:48 - [TEST_STEP][PASSED] - openBrowser("", CONTINUE_ON_FAILURE): Browser is opened with url: ''

06-01-2025T09:42:48 - [MESSAGE][WARNING] - A browser is already opened. Closing browser and opening a new one

06-01-2025T09:42:49 - [MESSAGE][INFO] - Starting 'Chrome' driver

06-01-2025T09:42:49 - [MESSAGE][INFO] - Action delay is set to 0 milliseconds

06-01-2025T09:42:50 - [MESSAGE][PASSED] - Browser is opened with url: ''

06-01-2025T09:42:50 - [TEST_STEP][PASSED] - navigateToUrl("https://sit.siprusedu.com/login", CONTINUE_ON_FAILURE): Navigate to 'https://sit.siprusedu.com/login' successfully

06-01-2025T09:42:51 - [MESSAGE][PASSED] - Navigate to 'https://sit.siprusedu.com/login' successfully

06-01-2025T09:42:51 - [TEST_STEP][PASSED] - click(findTestObject("Master Data/Admin Sekolah/Login/Field Email"), CONTINUE_ON_FAILURE): Object: 'Object Repository/Master Data/Admin Sekolah/Login/Field Email' is clicked on

06-01-2025T09:42:52 - [MESSAGE][PASSED] - Object: 'Object Repository/Master Data/Admin Sekolah/Login/Field Email' is clicked on

06-01-2025T09:42:52 - [TEST_STEP][PASSED] - setText(findTestObject("Master Data/Admin Sekolah/Login/Field Email"), "admin.gudangsolusi@digiform.co.id", CONTINUE_ON_FAILURE): Text 'admin.gudangsolusi@digiform.co.id' is set on object 'Object Repository/Master Data/Admin Sekolah/Login/Field Email'

06-01-2025T09:42:53 - [MESSAGE][PASSED] - Text 'admin.gudangsolusi@digiform.co.id' is set on object 'Object Repository/Master Data/Admin Sekolah/Login/Field Email'

06-01-2025T09:42:53 - [TEST_STEP][PASSED] - click(findTestObject("Master Data/Admin Sekolah/Login/Input Password"), CONTINUE_ON_FAILURE): Object: 'Object Repository/Master Data/Admin Sekolah/Login/Input Password' is clicked on

06-01-2025T09:42:53 - [MESSAGE][PASSED] - Object: 'Object Repository/Master Data/Admin Sekolah/Login/Input Password' is clicked on

06-01-2025T09:42:53 - [TEST_STEP][PASSED] - setText(findTestObject("Master Data/Admin Sekolah/Login/Input Password"), "Test1234", CONTINUE_ON_FAILURE): Text 'Test1234' is set on object 'Object Repository/Master Data/Admin Sekolah/Login/Input Password'

06-01-2025T09:42:54 - [MESSAGE][PASSED] - Text 'Test1234' is set on object 'Object Repository/Master Data/Admin Sekolah/Login/Input Password'

06-01-2025T09:42:54 - [TEST_STEP][PASSED] - click(findTestObject("Master Data/Admin Sekolah/Login/Button Submit"), CONTINUE_ON_FAILURE): Object: 'Object Repository/Master Data/Admin Sekolah/Login/Button Submit' is clicked on

06-01-2025T09:42:54 - [MESSAGE][PASSED] - Object: 'Object Repository/Master Data/Admin Sekolah/Login/Button Submit' is clicked on

06-01-2025T09:42:54 - [TEST_STEP][PASSED] - click(findTestObject("Master Data/Admin Sekolah/Lihat Tagihan/Menu Master Data"), CONTINUE_ON_FAILURE): Object: 'Object Repository/Master Data/Admin Sekolah/Lihat Tagihan/Menu Master Data' is clicked on

06-01-2025T09:42:56 - [MESSAGE][PASSED] - Object: 'Object Repository/Master Data/Admin Sekolah/Lihat Tagihan/Menu Master Data' is clicked on

06-01-2025T09:42:56 - [TEST_STEP][PASSED] - click(findTestObject("Master Data/Admin Sekolah/Lihat Tagihan/Menu Tagihan"), CONTINUE_ON_FAILURE): Object: 'Object Repository/Master Data/Admin Sekolah/Lihat Tagihan/Menu Tagihan' is clicked on

06-01-2025T09:42:57 - [MESSAGE][PASSED] - Object: 'Object Repository/Master Data/Admin Sekolah/Lihat Tagihan/Menu Tagihan' is clicked on

06-01-2025T09:42:57 - [TEST_STEP][PASSED] - delay(1, CONTINUE_ON_FAILURE): Delayed 1 second(s)

06-01-2025T09:42:58 - [MESSAGE][PASSED] - Delayed 1 second(s)

06-01-2025T09:42:58 - [TEST_STEP][PASSED] - click(findTestObject("Master Data/Admin Sekolah/Lihat Tagihan/Button View"), CONTINUE_ON_FAILURE): Object: 'Object Repository/Master Data/Admin Sekolah/Lihat Tagihan/Button View' is clicked on

06-01-2025T09:43:05 - [MESSAGE][PASSED] - Object: 'Object Repository/Master Data/Admin Sekolah/Lihat Tagihan/Button View' is clicked on

06-01-2025T09:43:05 - [MESSAGE][PASSED] - Call Test Case 'Test Cases/Master Data/Admin Sekolah/Master Data Tagihan/Lihat Tagihan' successfully

06-01-2025T09:43:05 - [TEST_STEP][PASSED] - callTestCase(findTestCase("Test Cases/Master Data/Admin Sekolah/Master Data Tagihan/Tambah Tagihan"), [:], CONTINUE_ON_FAILURE): Call Test Case 'Test Cases/Master Data/Admin Sekolah/Master Data Tagihan/Tambah Tagihan' successfully

06-01-2025T09:43:05 - [TEST_CASE][PASSED] - Test Cases/Master Data/Admin Sekolah/Master Data Tagihan/Tambah Tagihan: Test Cases/Master Data/Admin Sekolah/Master Data Tagihan/Tambah Tagihan

06-01-2025T09:43:05 - [TEST_STEP][PASSED] - openBrowser("", CONTINUE_ON_FAILURE): Browser is opened with url: ''

06-01-2025T09:43:05 - [MESSAGE][WARNING] - A browser is already opened. Closing browser and opening a new one

06-01-2025T09:43:05 - [MESSAGE][INFO] - Starting 'Chrome' driver

06-01-2025T09:43:05 - [MESSAGE][INFO] - Action delay is set to 0 milliseconds

06-01-2025T09:43:06 - [MESSAGE][PASSED] - Browser is opened with url: ''

06-01-2025T09:43:06 - [TEST_STEP][PASSED] - navigateToUrl("https://sit.siprusedu.com/login", CONTINUE_ON_FAILURE): Navigate to 'https://sit.siprusedu.com/login' successfully

06-01-2025T09:43:07 - [MESSAGE][PASSED] - Navigate to 'https://sit.siprusedu.com/login' successfully

06-01-2025T09:43:07 - [TEST_STEP][PASSED] - setText(findTestObject("Master Data/Admin Sekolah/Login/Field Email"), "admin.gudangsolusi@digiform.co.id", CONTINUE_ON_FAILURE): Text 'admin.gudangsolusi@digiform.co.id' is set on object 'Object Repository/Master Data/Admin Sekolah/Login/Field Email'

06-01-2025T09:43:09 - [MESSAGE][PASSED] - Text 'admin.gudangsolusi@digiform.co.id' is set on object 'Object Repository/Master Data/Admin Sekolah/Login/Field Email'

06-01-2025T09:43:09 - [TEST_STEP][PASSED] - setText(findTestObject("Master Data/Admin Sekolah/Login/Input Password"), "Test1234", CONTINUE_ON_FAILURE): Text 'Test1234' is set on object 'Object Repository/Master Data/Admin Sekolah/Login/Input Password'

06-01-2025T09:43:09 - [MESSAGE][PASSED] - Text 'Test1234' is set on object 'Object Repository/Master Data/Admin Sekolah/Login/Input Password'

06-01-2025T09:43:09 - [TEST_STEP][PASSED] - click(findTestObject("Master Data/Admin Sekolah/Login/Button Submit"), CONTINUE_ON_FAILURE): Object: 'Object Repository/Master Data/Admin Sekolah/Login/Button Submit' is clicked on

06-01-2025T09:43:09 - [MESSAGE][PASSED] - Object: 'Object Repository/Master Data/Admin Sekolah/Login/Button Submit' is clicked on

06-01-2025T09:43:09 - [TEST_STEP][PASSED] - click(findTestObject("Master Data/Admin Sekolah/Tambah Tagihan/Menu Master Data"), CONTINUE_ON_FAILURE): Object: 'Object Repository/Master Data/Admin Sekolah/Tambah Tagihan/Menu Master Data' is clicked on

06-01-2025T09:43:11 - [MESSAGE][PASSED] - Object: 'Object Repository/Master Data/Admin Sekolah/Tambah Tagihan/Menu Master Data' is clicked on

06-01-2025T09:43:11 - [TEST_STEP][PASSED] - click(findTestObject("Master Data/Admin Sekolah/Tambah Tagihan/Menu Tagihan"), CONTINUE_ON_FAILURE): Object: 'Object Repository/Master Data/Admin Sekolah/Tambah Tagihan/Menu Tagihan' is clicked on

06-01-2025T09:43:13 - [MESSAGE][PASSED] - Object: 'Object Repository/Master Data/Admin Sekolah/Tambah Tagihan/Menu Tagihan' is clicked on

06-01-2025T09:43:13 - [TEST_STEP][PASSED] - click(findTestObject("Master Data/Admin Sekolah/Tambah Tagihan/Button Tambah"), CONTINUE_ON_FAILURE): Object: 'Object Repository/Master Data/Admin Sekolah/Tambah Tagihan/Button Tambah' is clicked on

06-01-2025T09:43:20 - [MESSAGE][PASSED] - Object: 'Object Repository/Master Data/Admin Sekolah/Tambah Tagihan/Button Tambah' is clicked on

06-01-2025T09:43:20 - [TEST_STEP][PASSED] - setText(findTestObject("Master Data/Admin Sekolah/Tambah Tagihan/Input Nama Tagihan"), "KATALONZ", CONTINUE_ON_FAILURE): Text 'KATALONZ' is set on object 'Object Repository/Master Data/Admin Sekolah/Tambah Tagihan/Input Nama Tagihan'

06-01-2025T09:43:29 - [MESSAGE][PASSED] - Text 'KATALONZ' is set on object 'Object Repository/Master Data/Admin Sekolah/Tambah Tagihan/Input Nama Tagihan'

06-01-2025T09:43:29 - [TEST_STEP][PASSED] - click(findTestObject("Master Data/Admin Sekolah/Tambah Tagihan/Select Tipe Tagihan"), CONTINUE_ON_FAILURE): Object: 'Object Repository/Master Data/Admin Sekolah/Tambah Tagihan/Select Tipe Tagihan' is clicked on

06-01-2025T09:43:29 - [MESSAGE][PASSED] - Object: 'Object Repository/Master Data/Admin Sekolah/Tambah Tagihan/Select Tipe Tagihan' is clicked on

06-01-2025T09:43:29 - [TEST_STEP][PASSED] - click(findTestObject("Master Data/Admin Sekolah/Tambah Tagihan/Tagihan Regular"), CONTINUE_ON_FAILURE): Object: 'Object Repository/Master Data/Admin Sekolah/Tambah Tagihan/Tagihan Regular' is clicked on

06-01-2025T09:43:30 - [MESSAGE][PASSED] - Object: 'Object Repository/Master Data/Admin Sekolah/Tambah Tagihan/Tagihan Regular' is clicked on

06-01-2025T09:43:30 - [TEST_STEP][PASSED] - click(findTestObject("Master Data/Admin Sekolah/Tambah Tagihan/Klik Tahun Ajaran")): Object: 'Object Repository/Master Data/Admin Sekolah/Tambah Tagihan/Klik Tahun Ajaran' is clicked on

06-01-2025T09:43:30 - [MESSAGE][PASSED] - Object: 'Object Repository/Master Data/Admin Sekolah/Tambah Tagihan/Klik Tahun Ajaran' is clicked on

06-01-2025T09:43:30 - [TEST_STEP][PASSED] - click(findTestObject("Master Data/Admin Sekolah/Tambah Tagihan/2023-2024")): Object: 'Object Repository/Master Data/Admin Sekolah/Tambah Tagihan/2023-2024' is clicked on

06-01-2025T09:43:30 - [MESSAGE][PASSED] - Object: 'Object Repository/Master Data/Admin Sekolah/Tambah Tagihan/2023-2024' is clicked on

06-01-2025T09:43:30 - [TEST_STEP][PASSED] - click(findTestObject("Master Data/Admin Sekolah/Tambah Tagihan/Select Kelas"), CONTINUE_ON_FAILURE): Object: 'Object Repository/Master Data/Admin Sekolah/Tambah Tagihan/Select Kelas' is clicked on

06-01-2025T09:43:31 - [MESSAGE][PASSED] - Object: 'Object Repository/Master Data/Admin Sekolah/Tambah Tagihan/Select Kelas' is clicked on

06-01-2025T09:43:31 - [TEST_STEP][PASSED] - click(findTestObject("Master Data/Admin Sekolah/Tambah Tagihan/Semua Kelas"), CONTINUE_ON_FAILURE): Object: 'Object Repository/Master Data/Admin Sekolah/Tambah Tagihan/Semua Kelas' is clicked on

06-01-2025T09:43:31 - [MESSAGE][PASSED] - Object: 'Object Repository/Master Data/Admin Sekolah/Tambah Tagihan/Semua Kelas' is clicked on

06-01-2025T09:43:31 - [TEST_STEP][PASSED] - click(findTestObject("Master Data/Admin Sekolah/Tambah Tagihan/Tutup Kelas")): Object: 'Object Repository/Master Data/Admin Sekolah/Tambah Tagihan/Tutup Kelas' is clicked on

06-01-2025T09:43:32 - [MESSAGE][PASSED] - Object: 'Object Repository/Master Data/Admin Sekolah/Tambah Tagihan/Tutup Kelas' is clicked on

06-01-2025T09:43:32 - [TEST_STEP][PASSED] - setText(findTestObject("Master Data/Admin Sekolah/Tambah Tagihan/Input Kode Tagihan"), "HKU", CONTINUE_ON_FAILURE): Text 'HKU' is set on object 'Object Repository/Master Data/Admin Sekolah/Tambah Tagihan/Input Kode Tagihan'

06-01-2025T09:43:32 - [MESSAGE][PASSED] - Text 'HKU' is set on object 'Object Repository/Master Data/Admin Sekolah/Tambah Tagihan/Input Kode Tagihan'

06-01-2025T09:43:32 - [TEST_STEP][PASSED] - setText(findTestObject("Master Data/Admin Sekolah/Tambah Tagihan/Input Jumlah Tagihan"), "750000", CONTINUE_ON_FAILURE): Text '750000' is set on object 'Object Repository/Master Data/Admin Sekolah/Tambah Tagihan/Input Jumlah Tagihan'

06-01-2025T09:43:33 - [MESSAGE][PASSED] - Text '750000' is set on object 'Object Repository/Master Data/Admin Sekolah/Tambah Tagihan/Input Jumlah Tagihan'

06-01-2025T09:43:33 - [TEST_STEP][PASSED] - click(findTestObject("Master Data/Admin Sekolah/Tambah Tagihan/Select Rekening Bank"), CONTINUE_ON_FAILURE): Object: 'Object Repository/Master Data/Admin Sekolah/Tambah Tagihan/Select Rekening Bank' is clicked on

06-01-2025T09:43:33 - [MESSAGE][PASSED] - Object: 'Object Repository/Master Data/Admin Sekolah/Tambah Tagihan/Select Rekening Bank' is clicked on

06-01-2025T09:43:33 - [TEST_STEP][PASSED] - click(findTestObject("Master Data/Admin Sekolah/Tambah Tagihan/CIMB"), CONTINUE_ON_FAILURE): Object: 'Object Repository/Master Data/Admin Sekolah/Tambah Tagihan/CIMB' is clicked on

06-01-2025T09:43:34 - [MESSAGE][PASSED] - Object: 'Object Repository/Master Data/Admin Sekolah/Tambah Tagihan/CIMB' is clicked on

06-01-2025T09:43:34 - [TEST_STEP][PASSED] - setText(findTestObject("Master Data/Admin Sekolah/Tambah Tagihan/Input Keterangan"), "Ini keterangan katalon", CONTINUE_ON_FAILURE): Text 'Ini keterangan katalon' is set on object 'Object Repository/Master Data/Admin Sekolah/Tambah Tagihan/Input Keterangan'

06-01-2025T09:43:34 - [MESSAGE][PASSED] - Text 'Ini keterangan katalon' is set on object 'Object Repository/Master Data/Admin Sekolah/Tambah Tagihan/Input Keterangan'

06-01-2025T09:43:34 - [TEST_STEP][PASSED] - click(findTestObject("Master Data/Admin Sekolah/Tambah Tagihan/Button Generate"), CONTINUE_ON_FAILURE): Object: 'Object Repository/Master Data/Admin Sekolah/Tambah Tagihan/Button Generate' is clicked on

06-01-2025T09:43:35 - [MESSAGE][PASSED] - Object: 'Object Repository/Master Data/Admin Sekolah/Tambah Tagihan/Button Generate' is clicked on

06-01-2025T09:43:35 - [TEST_STEP][PASSED] - click(findTestObject("Master Data/Admin Sekolah/Tambah Tagihan/Button Tambahkan"), CONTINUE_ON_FAILURE): Object: 'Object Repository/Master Data/Admin Sekolah/Tambah Tagihan/Button Tambahkan' is clicked on

06-01-2025T09:43:36 - [MESSAGE][PASSED] - Object: 'Object Repository/Master Data/Admin Sekolah/Tambah Tagihan/Button Tambahkan' is clicked on

06-01-2025T09:43:36 - [TEST_STEP][PASSED] - click(findTestObject("Master Data/Admin Sekolah/Tambah Tagihan/Button YA"), CONTINUE_ON_FAILURE): Object: 'Object Repository/Master Data/Admin Sekolah/Tambah Tagihan/Button YA' is clicked on

06-01-2025T09:43:36 - [MESSAGE][PASSED] - Object: 'Object Repository/Master Data/Admin Sekolah/Tambah Tagihan/Button YA' is clicked on

06-01-2025T09:43:36 - [TEST_STEP][PASSED] - delay(3, CONTINUE_ON_FAILURE): Delayed 3 second(s)

06-01-2025T09:43:39 - [MESSAGE][PASSED] - Delayed 3 second(s)

06-01-2025T09:43:39 - [TEST_STEP][PASSED] - verifyTextPresent("Billing code sudah di gunakan", false, CONTINUE_ON_FAILURE): Text 'Billing code sudah di gunakan' is present on page 

06-01-2025T09:43:39 - [MESSAGE][PASSED] - Text 'Billing code sudah di gunakan' is present on page 

06-01-2025T09:43:39 - [TEST_STEP][PASSED] - delay(2, CONTINUE_ON_FAILURE): Delayed 2 second(s)

06-01-2025T09:43:41 - [MESSAGE][PASSED] - Delayed 2 second(s)

06-01-2025T09:43:41 - [TEST_STEP][PASSED] - minDigits = 2: null

06-01-2025T09:43:41 - [TEST_STEP][PASSED] - maxDigits = 5: null

06-01-2025T09:43:41 - [TEST_STEP][PASSED] - randomLength = Math.random() * maxDigits - minDigits + 1 + minDigits: null

06-01-2025T09:43:41 - [TEST_STEP][PASSED] - randomNumber = String.format("%0" + randomLength + "d", Math.random() * Math.pow(10, randomLength)): null

06-01-2025T09:43:41 - [TEST_STEP][PASSED] - click(findTestObject("Master Data/Admin Sekolah/Tambah Tagihan/Input Kode Tagihan"), CONTINUE_ON_FAILURE): Object: 'Object Repository/Master Data/Admin Sekolah/Tambah Tagihan/Input Kode Tagihan' is clicked on

06-01-2025T09:43:42 - [MESSAGE][PASSED] - Object: 'Object Repository/Master Data/Admin Sekolah/Tambah Tagihan/Input Kode Tagihan' is clicked on

06-01-2025T09:43:42 - [TEST_STEP][PASSED] - sendKeys(findTestObject("Master Data/Admin Sekolah/Tambah Tagihan/Input Kode Tagihan"), Keys.chord(CONTROL, "a", BACK_SPACE), CONTINUE_ON_FAILURE): Keys 'CONTROL + BACK_SPACE + a' sent to object: 'Object Repository/Master Data/Admin Sekolah/Tambah Tagihan/Input Kode Tagihan'

06-01-2025T09:43:42 - [MESSAGE][PASSED] - Keys 'CONTROL + BACK_SPACE + a' sent to object: 'Object Repository/Master Data/Admin Sekolah/Tambah Tagihan/Input Kode Tagihan'

06-01-2025T09:43:42 - [TEST_STEP][PASSED] - click(findTestObject("Master Data/Admin Sekolah/Tambah Tagihan/Input Kode Tagihan"), CONTINUE_ON_FAILURE): Object: 'Object Repository/Master Data/Admin Sekolah/Tambah Tagihan/Input Kode Tagihan' is clicked on

06-01-2025T09:43:43 - [MESSAGE][PASSED] - Object: 'Object Repository/Master Data/Admin Sekolah/Tambah Tagihan/Input Kode Tagihan' is clicked on

06-01-2025T09:43:43 - [TEST_STEP][PASSED] - setText(findTestObject("Master Data/Admin Sekolah/Tambah Tagihan/Input Kode Tagihan"), randomNumber, CONTINUE_ON_FAILURE): Text '003' is set on object 'Object Repository/Master Data/Admin Sekolah/Tambah Tagihan/Input Kode Tagihan'

06-01-2025T09:43:43 - [MESSAGE][PASSED] - Text '003' is set on object 'Object Repository/Master Data/Admin Sekolah/Tambah Tagihan/Input Kode Tagihan'

06-01-2025T09:43:43 - [TEST_STEP][PASSED] - delay(1, CONTINUE_ON_FAILURE): Delayed 1 second(s)

06-01-2025T09:43:44 - [MESSAGE][PASSED] - Delayed 1 second(s)

06-01-2025T09:43:44 - [TEST_STEP][PASSED] - if (getAttribute(findTestObject("Master Data/Admin Sekolah/Tambah Tagihan/Input Kode Tagihan"), "value") == ""): Attribute 'value' of object 'Object Repository/Master Data/Admin Sekolah/Tambah Tagihan/Input Kode Tagihan' is: '003'

06-01-2025T09:43:44 - [MESSAGE][PASSED] - Attribute 'value' of object 'Object Repository/Master Data/Admin Sekolah/Tambah Tagihan/Input Kode Tagihan' is: '003'

06-01-2025T09:43:44 - [TEST_STEP][PASSED] - else: null

06-01-2025T09:43:44 - [TEST_STEP][PASSED] - println("Field tidak kosong setelah clearText dan JavaScript. Cek ulang penghapusan."): null

06-01-2025T09:43:44 - [TEST_STEP][PASSED] - click(findTestObject("Master Data/Admin Sekolah/Tambah Tagihan/Button Tambahkan"), CONTINUE_ON_FAILURE): Object: 'Object Repository/Master Data/Admin Sekolah/Tambah Tagihan/Button Tambahkan' is clicked on

06-01-2025T09:43:45 - [MESSAGE][PASSED] - Object: 'Object Repository/Master Data/Admin Sekolah/Tambah Tagihan/Button Tambahkan' is clicked on

06-01-2025T09:43:45 - [TEST_STEP][PASSED] - click(findTestObject("Master Data/Admin Sekolah/Tambah Tagihan/Button YA"), CONTINUE_ON_FAILURE): Object: 'Object Repository/Master Data/Admin Sekolah/Tambah Tagihan/Button YA' is clicked on

06-01-2025T09:43:45 - [MESSAGE][PASSED] - Object: 'Object Repository/Master Data/Admin Sekolah/Tambah Tagihan/Button YA' is clicked on

06-01-2025T09:43:45 - [MESSAGE][PASSED] - Call Test Case 'Test Cases/Master Data/Admin Sekolah/Master Data Tagihan/Tambah Tagihan' successfully

06-01-2025T09:43:45 - [TEST_STEP][PASSED] - println("============================= Loop Again ==============================="): null]]></system-out>
         <system-err><![CDATA[]]></system-err>
      </testcase>
      <testcase name="Test Cases/Regresi Feature/Sprint 1/Regresi Tahun Ajaran" time="322.901" classname="Test Cases/Regresi Feature/Sprint 1/Regresi Tahun Ajaran" status="PASSED">
         <system-out><![CDATA[06-01-2025T09:43:45 - [TEST_CASE][PASSED] - Test Cases/Regresi Feature/Sprint 1/Regresi Tahun Ajaran: Test Cases/Regresi Feature/Sprint 1/Regresi Tahun Ajaran

06-01-2025T09:43:45 - [TEST_STEP][PASSED] - for ([i = 1, i <= maxLoop, (i++)]): null

06-01-2025T09:43:45 - [TEST_STEP][PASSED] - callTestCase(findTestCase("Test Cases/Master Data/Admin Sekolah/Master Data Tahun Ajaran/Edit Tahun Ajaran"), [:], OPTIONAL): Call Test Case 'Test Cases/Master Data/Admin Sekolah/Master Data Tahun Ajaran/Edit Tahun Ajaran' successfully

06-01-2025T09:43:45 - [TEST_CASE][PASSED] - Test Cases/Master Data/Admin Sekolah/Master Data Tahun Ajaran/Edit Tahun Ajaran: Test Cases/Master Data/Admin Sekolah/Master Data Tahun Ajaran/Edit Tahun Ajaran

06-01-2025T09:43:45 - [TEST_STEP][PASSED] - openBrowser("", OPTIONAL): Browser is opened with url: ''

06-01-2025T09:43:45 - [MESSAGE][WARNING] - A browser is already opened. Closing browser and opening a new one

06-01-2025T09:43:46 - [MESSAGE][INFO] - Starting 'Chrome' driver

06-01-2025T09:43:46 - [MESSAGE][INFO] - Action delay is set to 0 milliseconds

06-01-2025T09:43:46 - [MESSAGE][PASSED] - Browser is opened with url: ''

06-01-2025T09:43:46 - [TEST_STEP][PASSED] - navigateToUrl("https://sit.siprusedu.com/login", OPTIONAL): Navigate to 'https://sit.siprusedu.com/login' successfully

06-01-2025T09:43:47 - [MESSAGE][PASSED] - Navigate to 'https://sit.siprusedu.com/login' successfully

06-01-2025T09:43:47 - [TEST_STEP][PASSED] - click(findTestObject("Master Data/Admin Sekolah/Login/Field Email"), OPTIONAL): Object: 'Object Repository/Master Data/Admin Sekolah/Login/Field Email' is clicked on

06-01-2025T09:43:49 - [MESSAGE][PASSED] - Object: 'Object Repository/Master Data/Admin Sekolah/Login/Field Email' is clicked on

06-01-2025T09:43:49 - [TEST_STEP][PASSED] - setText(findTestObject("Master Data/Admin Sekolah/Login/Field Email"), "admin.gudangsolusi@digiform.co.id", OPTIONAL): Text 'admin.gudangsolusi@digiform.co.id' is set on object 'Object Repository/Master Data/Admin Sekolah/Login/Field Email'

06-01-2025T09:43:49 - [MESSAGE][PASSED] - Text 'admin.gudangsolusi@digiform.co.id' is set on object 'Object Repository/Master Data/Admin Sekolah/Login/Field Email'

06-01-2025T09:43:49 - [TEST_STEP][PASSED] - click(findTestObject("Master Data/Admin Sekolah/Login/Input Password"), OPTIONAL): Object: 'Object Repository/Master Data/Admin Sekolah/Login/Input Password' is clicked on

06-01-2025T09:43:49 - [MESSAGE][PASSED] - Object: 'Object Repository/Master Data/Admin Sekolah/Login/Input Password' is clicked on

06-01-2025T09:43:49 - [TEST_STEP][PASSED] - setText(findTestObject("Master Data/Admin Sekolah/Login/Input Password"), "Test1234", OPTIONAL): Text 'Test1234' is set on object 'Object Repository/Master Data/Admin Sekolah/Login/Input Password'

06-01-2025T09:43:50 - [MESSAGE][PASSED] - Text 'Test1234' is set on object 'Object Repository/Master Data/Admin Sekolah/Login/Input Password'

06-01-2025T09:43:50 - [TEST_STEP][PASSED] - click(findTestObject("Master Data/Admin Sekolah/Login/Button Submit"), OPTIONAL): Object: 'Object Repository/Master Data/Admin Sekolah/Login/Button Submit' is clicked on

06-01-2025T09:43:50 - [MESSAGE][PASSED] - Object: 'Object Repository/Master Data/Admin Sekolah/Login/Button Submit' is clicked on

06-01-2025T09:43:50 - [TEST_STEP][PASSED] - click(findTestObject("Master Data/Admin Sekolah/Master Data Menu"), OPTIONAL): Object: 'Object Repository/Master Data/Admin Sekolah/Master Data Menu' is clicked on

06-01-2025T09:43:52 - [MESSAGE][PASSED] - Object: 'Object Repository/Master Data/Admin Sekolah/Master Data Menu' is clicked on

06-01-2025T09:43:52 - [TEST_STEP][PASSED] - click(findTestObject("Master Data/Admin Sekolah/Tahun Ajaran/Menu Tahun Ajaran"), OPTIONAL): Object: 'Object Repository/Master Data/Admin Sekolah/Tahun Ajaran/Menu Tahun Ajaran' is clicked on

06-01-2025T09:43:53 - [MESSAGE][PASSED] - Object: 'Object Repository/Master Data/Admin Sekolah/Tahun Ajaran/Menu Tahun Ajaran' is clicked on

06-01-2025T09:43:53 - [TEST_STEP][PASSED] - click(findTestObject("Master Data/Admin Sekolah/Tahun Ajaran/Edit Tahun Ajaran/Icon Edit"), OPTIONAL): Object: 'Object Repository/Master Data/Admin Sekolah/Tahun Ajaran/Edit Tahun Ajaran/Icon Edit' is clicked on

06-01-2025T09:43:54 - [MESSAGE][PASSED] - Object: 'Object Repository/Master Data/Admin Sekolah/Tahun Ajaran/Edit Tahun Ajaran/Icon Edit' is clicked on

06-01-2025T09:43:54 - [TEST_STEP][PASSED] - click(findTestObject("Master Data/Admin Sekolah/Tahun Ajaran/Edit Tahun Ajaran/Dropdown Edit tahun Selesai"), OPTIONAL): Object: 'Object Repository/Master Data/Admin Sekolah/Tahun Ajaran/Edit Tahun Ajaran/Dropdown Edit tahun Selesai' is clicked on

06-01-2025T09:43:54 - [MESSAGE][PASSED] - Object: 'Object Repository/Master Data/Admin Sekolah/Tahun Ajaran/Edit Tahun Ajaran/Dropdown Edit tahun Selesai' is clicked on

06-01-2025T09:43:54 - [TEST_STEP][PASSED] - click(findTestObject("Master Data/Admin Sekolah/Tahun Ajaran/Edit Tahun Ajaran/Dropdown List Tahun Selesai"), OPTIONAL): Object: 'Object Repository/Master Data/Admin Sekolah/Tahun Ajaran/Edit Tahun Ajaran/Dropdown List Tahun Selesai' is clicked on

06-01-2025T09:43:55 - [MESSAGE][PASSED] - Object: 'Object Repository/Master Data/Admin Sekolah/Tahun Ajaran/Edit Tahun Ajaran/Dropdown List Tahun Selesai' is clicked on

06-01-2025T09:43:55 - [TEST_STEP][PASSED] - click(findTestObject("Master Data/Admin Sekolah/Tahun Ajaran/Edit Tahun Ajaran/Pilih List Tahun Selesai"), OPTIONAL): Object: 'Object Repository/Master Data/Admin Sekolah/Tahun Ajaran/Edit Tahun Ajaran/Pilih List Tahun Selesai' is clicked on

06-01-2025T09:43:55 - [MESSAGE][PASSED] - Object: 'Object Repository/Master Data/Admin Sekolah/Tahun Ajaran/Edit Tahun Ajaran/Pilih List Tahun Selesai' is clicked on

06-01-2025T09:43:55 - [TEST_STEP][PASSED] - click(findTestObject("Master Data/Admin Sekolah/Tahun Ajaran/Edit Tahun Ajaran/Pilih Tanggal Tahun Selesai"), OPTIONAL): Object: 'Object Repository/Master Data/Admin Sekolah/Tahun Ajaran/Edit Tahun Ajaran/Pilih Tanggal Tahun Selesai' is clicked on

06-01-2025T09:43:56 - [MESSAGE][PASSED] - Object: 'Object Repository/Master Data/Admin Sekolah/Tahun Ajaran/Edit Tahun Ajaran/Pilih Tanggal Tahun Selesai' is clicked on

06-01-2025T09:43:56 - [TEST_STEP][PASSED] - click(findTestObject("Master Data/Admin Sekolah/Tahun Ajaran/Button Submit Tahun Ajaran"), OPTIONAL): Object: 'Object Repository/Master Data/Admin Sekolah/Tahun Ajaran/Button Submit Tahun Ajaran' is clicked on

06-01-2025T09:43:56 - [MESSAGE][PASSED] - Object: 'Object Repository/Master Data/Admin Sekolah/Tahun Ajaran/Button Submit Tahun Ajaran' is clicked on

06-01-2025T09:43:56 - [MESSAGE][PASSED] - Call Test Case 'Test Cases/Master Data/Admin Sekolah/Master Data Tahun Ajaran/Edit Tahun Ajaran' successfully

06-01-2025T09:43:56 - [TEST_STEP][PASSED] - callTestCase(findTestCase("Test Cases/Master Data/Admin Sekolah/Master Data Tahun Ajaran/Tambah Tahun Ajaran"), [:], OPTIONAL): Call Test Case 'Test Cases/Master Data/Admin Sekolah/Master Data Tahun Ajaran/Tambah Tahun Ajaran' successfully

06-01-2025T09:43:56 - [TEST_CASE][PASSED] - Test Cases/Master Data/Admin Sekolah/Master Data Tahun Ajaran/Tambah Tahun Ajaran: Test Cases/Master Data/Admin Sekolah/Master Data Tahun Ajaran/Tambah Tahun Ajaran

06-01-2025T09:43:56 - [TEST_STEP][PASSED] - openBrowser("", OPTIONAL): Browser is opened with url: ''

06-01-2025T09:43:56 - [MESSAGE][WARNING] - A browser is already opened. Closing browser and opening a new one

06-01-2025T09:43:56 - [MESSAGE][INFO] - Starting 'Chrome' driver

06-01-2025T09:43:56 - [MESSAGE][INFO] - Action delay is set to 0 milliseconds

06-01-2025T09:43:57 - [MESSAGE][PASSED] - Browser is opened with url: ''

06-01-2025T09:43:57 - [TEST_STEP][PASSED] - navigateToUrl("https://sit.siprusedu.com/login", OPTIONAL): Navigate to 'https://sit.siprusedu.com/login' successfully

06-01-2025T09:44:17 - [MESSAGE][PASSED] - Navigate to 'https://sit.siprusedu.com/login' successfully

06-01-2025T09:44:17 - [TEST_STEP][PASSED] - setText(findTestObject("Master Data/Admin Sekolah/Login/Field Email"), "admin.gudangsolusi@digiform.co.id", OPTIONAL): Text 'admin.gudangsolusi@digiform.co.id' is set on object 'Object Repository/Master Data/Admin Sekolah/Login/Field Email'

06-01-2025T09:44:19 - [MESSAGE][PASSED] - Text 'admin.gudangsolusi@digiform.co.id' is set on object 'Object Repository/Master Data/Admin Sekolah/Login/Field Email'

06-01-2025T09:44:19 - [TEST_STEP][PASSED] - setText(findTestObject("Master Data/Admin Sekolah/Login/Input Password"), "Test1234", OPTIONAL): Text 'Test1234' is set on object 'Object Repository/Master Data/Admin Sekolah/Login/Input Password'

06-01-2025T09:44:20 - [MESSAGE][PASSED] - Text 'Test1234' is set on object 'Object Repository/Master Data/Admin Sekolah/Login/Input Password'

06-01-2025T09:44:20 - [TEST_STEP][PASSED] - click(findTestObject("Master Data/Admin Sekolah/Login/Button Submit"), OPTIONAL): Object: 'Object Repository/Master Data/Admin Sekolah/Login/Button Submit' is clicked on

06-01-2025T09:44:20 - [MESSAGE][PASSED] - Object: 'Object Repository/Master Data/Admin Sekolah/Login/Button Submit' is clicked on

06-01-2025T09:44:20 - [TEST_STEP][PASSED] - click(findTestObject("Master Data/Admin Sekolah/Master Data Menu"), OPTIONAL): Object: 'Object Repository/Master Data/Admin Sekolah/Master Data Menu' is clicked on

06-01-2025T09:44:22 - [MESSAGE][PASSED] - Object: 'Object Repository/Master Data/Admin Sekolah/Master Data Menu' is clicked on

06-01-2025T09:44:22 - [TEST_STEP][PASSED] - click(findTestObject("Master Data/Admin Sekolah/Tahun Ajaran/Menu Tahun Ajaran"), OPTIONAL): Object: 'Object Repository/Master Data/Admin Sekolah/Tahun Ajaran/Menu Tahun Ajaran' is clicked on

06-01-2025T09:44:22 - [MESSAGE][PASSED] - Object: 'Object Repository/Master Data/Admin Sekolah/Tahun Ajaran/Menu Tahun Ajaran' is clicked on

06-01-2025T09:44:22 - [TEST_STEP][PASSED] - click(findTestObject("Master Data/Admin Sekolah/Tahun Ajaran/Button Tambah"), OPTIONAL): Unable to click on object 'Object Repository/Master Data/Admin Sekolah/Tahun Ajaran/Button Tambah' (Root cause: com.kms.katalon.core.exception.StepFailedException: Unable to click on object 'Object Repository/Master Data/Admin Sekolah/Tahun Ajaran/Button Tambah'
	at com.kms.katalon.core.webui.keyword.internal.WebUIKeywordMain.stepFailed(WebUIKeywordMain.groovy:117)
	at com.kms.katalon.core.webui.keyword.internal.WebUIKeywordMain.runKeyword(WebUIKeywordMain.groovy:43)
	at com.kms.katalon.core.webui.keyword.builtin.ClickKeyword.click(ClickKeyword.groovy:75)
	at com.kms.katalon.core.webui.keyword.builtin.ClickKeyword.execute(ClickKeyword.groovy:40)
	at com.kms.katalon.core.keyword.internal.KeywordExecutor.executeKeywordForPlatform(KeywordExecutor.groovy:74)
	at com.kms.katalon.core.webui.keyword.WebUiBuiltInKeywords.click(WebUiBuiltInKeywords.groovy:684)
	at Tambah Tahun Ajaran.run(Tambah Tahun Ajaran:41)
	at com.kms.katalon.core.main.ScriptEngine.run(ScriptEngine.java:194)
	at com.kms.katalon.core.main.ScriptEngine.runScriptAsRawText(ScriptEngine.java:119)
	at com.kms.katalon.core.main.TestCaseExecutor.runScript(TestCaseExecutor.java:448)
	at com.kms.katalon.core.main.TestCaseExecutor.doExecute(TestCaseExecutor.java:439)
	at com.kms.katalon.core.main.TestCaseExecutor.processExecutionPhase(TestCaseExecutor.java:418)
	at com.kms.katalon.core.main.TestCaseExecutor.accessMainPhase(TestCaseExecutor.java:410)
	at com.kms.katalon.core.main.TestCaseExecutor.execute(TestCaseExecutor.java:285)
	at com.kms.katalon.core.main.TestCaseMain.runTestCase(TestCaseMain.java:133)
	at com.kms.katalon.core.keyword.builtin.CallTestCaseKeyword$_callTestCase_closure1.doCall(CallTestCaseKeyword.groovy:59)
	at com.kms.katalon.core.keyword.builtin.CallTestCaseKeyword$_callTestCase_closure1.call(CallTestCaseKeyword.groovy)
	at com.kms.katalon.core.keyword.internal.KeywordMain.runKeyword(KeywordMain.groovy:75)
	at com.kms.katalon.core.keyword.builtin.CallTestCaseKeyword.callTestCase(CallTestCaseKeyword.groovy:81)
	at com.kms.katalon.core.keyword.builtin.CallTestCaseKeyword.execute(CallTestCaseKeyword.groovy:44)
	at com.kms.katalon.core.keyword.internal.KeywordExecutor.executeKeywordForPlatform(KeywordExecutor.groovy:74)
	at com.kms.katalon.core.keyword.BuiltinKeywords.callTestCase(BuiltinKeywords.groovy:310)
	at jdk.internal.reflect.GeneratedMethodAccessor47.invoke(Unknown Source)
	at java.base/jdk.internal.reflect.DelegatingMethodAccessorImpl.invoke(DelegatingMethodAccessorImpl.java:43)
	at Regresi Tahun Ajaran.run(Regresi Tahun Ajaran:27)
	at com.kms.katalon.core.main.ScriptEngine.run(ScriptEngine.java:194)
	at com.kms.katalon.core.main.ScriptEngine.runScriptAsRawText(ScriptEngine.java:119)
	at com.kms.katalon.core.main.TestCaseExecutor.runScript(TestCaseExecutor.java:448)
	at com.kms.katalon.core.main.TestCaseExecutor.doExecute(TestCaseExecutor.java:439)
	at com.kms.katalon.core.main.TestCaseExecutor.processExecutionPhase(TestCaseExecutor.java:418)
	at com.kms.katalon.core.main.TestCaseExecutor.accessMainPhase(TestCaseExecutor.java:410)
	at com.kms.katalon.core.main.TestCaseExecutor.execute(TestCaseExecutor.java:285)
	at com.kms.katalon.core.common.CommonExecutor.accessTestCaseMainPhase(CommonExecutor.java:65)
	at com.kms.katalon.core.main.TestSuiteExecutor.accessTestSuiteMainPhase(TestSuiteExecutor.java:161)
	at com.kms.katalon.core.main.TestSuiteExecutor.execute(TestSuiteExecutor.java:107)
	at com.kms.katalon.core.main.TestCaseMain.startTestSuite(TestCaseMain.java:176)
	at TempTestSuite1736130766400.run(TempTestSuite1736130766400.groovy:35)
	at java.base/jdk.internal.reflect.NativeMethodAccessorImpl.invoke0(Native Method)
	at java.base/jdk.internal.reflect.NativeMethodAccessorImpl.invoke(NativeMethodAccessorImpl.java:77)
	at java.base/jdk.internal.reflect.DelegatingMethodAccessorImpl.invoke(DelegatingMethodAccessorImpl.java:43)
Caused by: org.openqa.selenium.InvalidSelectorException: invalid selector
from javascript error: {"status":32,"value":"Unable to locate an element with the xpath expression //button[@data-testid=btn-add-school-year'] because of the following error:\nSyntaxError: Failed to execute 'evaluate' on 'Document': The string '//button[@data-testid=btn-add-school-year']' is not a valid XPath expression."}
  (Session info: chrome=131.0.6778.205)
For documentation on this error, please visit: https://www.selenium.dev/documentation/webdriver/troubleshooting/errors#invalid-selector-exception
Build info: version: '4.22.0', revision: 'c5f3146703'
System info: os.name: 'Windows 11', os.arch: 'amd64', os.version: '10.0', java.version: '17.0.7'
Driver info: com.kms.katalon.selenium.driver.CChromeDriver
Command: [7856daa1e30e695dd1d64d077c61d068, findElements {using=xpath, value=//button[@data-testid=btn-add-school-year']}]
Capabilities {acceptInsecureCerts: false, browserName: chrome, browserVersion: 131.0.6778.205, chrome: {chromedriverVersion: 130.0.6723.58 (3a50e012e4c9..., userDataDir: C:\Users\henri\AppData\Loca...}, fedcm:accounts: true, goog:chromeOptions: {debuggerAddress: localhost:49383}, networkConnectionEnabled: false, pageLoadStrategy: normal, platformName: windows, proxy: Proxy(), se:cdp: ws://localhost:49383/devtoo..., se:cdpVersion: 131.0.6778.205, setWindowRect: true, strictFileInteractability: false, timeouts: {implicit: 0, pageLoad: 300000, script: 30000}, unhandledPromptBehavior: ignore, webSocketUrl: ws://localhost:3398/session..., webauthn:extension:credBlob: true, webauthn:extension:largeBlob: true, webauthn:extension:minPinLength: true, webauthn:extension:prf: true, webauthn:virtualAuthenticators: true}
Session ID: 7856daa1e30e695dd1d64d077c61d068
	at java.base/jdk.internal.reflect.NativeConstructorAccessorImpl.newInstance0(Native Method)
	at java.base/jdk.internal.reflect.NativeConstructorAccessorImpl.newInstance(NativeConstructorAccessorImpl.java:77)
	at java.base/jdk.internal.reflect.DelegatingConstructorAccessorImpl.newInstance(DelegatingConstructorAccessorImpl.java:45)
	at org.openqa.selenium.remote.ErrorCodec.decode(ErrorCodec.java:167)
	at org.openqa.selenium.remote.codec.w3c.W3CHttpResponseCodec.decode(W3CHttpResponseCodec.java:138)
	at org.openqa.selenium.remote.codec.w3c.W3CHttpResponseCodec.decode(W3CHttpResponseCodec.java:50)
	at org.openqa.selenium.remote.HttpCommandExecutor.execute(HttpCommandExecutor.java:190)
	at org.openqa.selenium.remote.service.DriverCommandExecutor.invokeExecute(DriverCommandExecutor.java:216)
	at org.openqa.selenium.remote.service.DriverCommandExecutor.execute(DriverCommandExecutor.java:174)
	at org.openqa.selenium.remote.RemoteWebDriver.execute(RemoteWebDriver.java:518)
	at org.openqa.selenium.remote.ElementLocation$ElementFinder$2.findElements(ElementLocation.java:182)
	at org.openqa.selenium.remote.ElementLocation.findElements(ElementLocation.java:103)
	at org.openqa.selenium.remote.RemoteWebDriver.findElements(RemoteWebDriver.java:368)
	at org.openqa.selenium.remote.RemoteWebDriver.findElements(RemoteWebDriver.java:362)
	at jdk.internal.reflect.GeneratedMethodAccessor19.invoke(Unknown Source)
	at java.base/jdk.internal.reflect.DelegatingMethodAccessorImpl.invoke(DelegatingMethodAccessorImpl.java:43)
	at org.openqa.selenium.support.decorators.WebDriverDecorator.call(WebDriverDecorator.java:249)
	at org.openqa.selenium.support.decorators.DefaultDecorated.call(DefaultDecorated.java:48)
	at org.openqa.selenium.support.decorators.WebDriverDecorator.lambda$createProxy$2(WebDriverDecorator.java:321)
	at org.openqa.selenium.remote.RemoteWebDriver$ByteBuddy$0mZnGzL4.findElements(Unknown Source)
	at com.kms.katalon.core.webui.common.WebUiCommonHelper.findElementByNormalMethods(WebUiCommonHelper.java:1036)
	at com.kms.katalon.core.webui.common.WebUiCommonHelper.findElementsBySelectedMethod(WebUiCommonHelper.java:927)
	at com.kms.katalon.core.webui.common.WebUiCommonHelper.findElementsBySelectedMethod(WebUiCommonHelper.java:909)
	at com.kms.katalon.core.webui.common.WebUiCommonHelper.findElementsBySelectedMethod(WebUiCommonHelper.java:904)
	at com.kms.katalon.core.webui.common.WebUiCommonHelper.findElementsByDefault(WebUiCommonHelper.java:900)
	at com.kms.katalon.core.webui.common.WebUiCommonHelper.findElementsWithSelfHealing(WebUiCommonHelper.java:746)
	at com.kms.katalon.core.webui.common.WebUiCommonHelper.findWebElements(WebUiCommonHelper.java:730)
	at com.kms.katalon.core.webui.common.WebUiCommonHelper.findWebElement(WebUiCommonHelper.java:1416)
	at com.kms.katalon.core.webui.keyword.internal.WebUIAbstractKeyword.findWebElement(WebUIAbstractKeyword.groovy:27)
	at com.kms.katalon.core.webui.keyword.builtin.ClickKeyword$_click_closure1.doCall(ClickKeyword.groovy:66)
	at com.kms.katalon.core.webui.keyword.builtin.ClickKeyword$_click_closure1.call(ClickKeyword.groovy)
	at com.kms.katalon.core.webui.keyword.internal.WebUIKeywordMain.runKeyword(WebUIKeywordMain.groovy:35)
	at com.kms.katalon.core.webui.keyword.builtin.ClickKeyword.click(ClickKeyword.groovy:75)
	at com.kms.katalon.core.webui.keyword.builtin.ClickKeyword.execute(ClickKeyword.groovy:40)
	at com.kms.katalon.core.keyword.internal.KeywordExecutor.executeKeywordForPlatform(KeywordExecutor.groovy:74)
	at com.kms.katalon.core.webui.keyword.WebUiBuiltInKeywords.click(WebUiBuiltInKeywords.groovy:684)
	at Script1731464255956.run(Script1731464255956.groovy:41)
	at com.kms.katalon.core.main.ScriptEngine.run(ScriptEngine.java:194)
	at com.kms.katalon.core.main.ScriptEngine.runScriptAsRawText(ScriptEngine.java:119)
	at com.kms.katalon.core.main.TestCaseExecutor.runScript(TestCaseExecutor.java:448)
	at com.kms.katalon.core.main.TestCaseExecutor.doExecute(TestCaseExecutor.java:439)
	at com.kms.katalon.core.main.TestCaseExecutor.processExecutionPhase(TestCaseExecutor.java:418)
	at com.kms.katalon.core.main.TestCaseExecutor.accessMainPhase(TestCaseExecutor.java:410)
	at com.kms.katalon.core.main.TestCaseExecutor.execute(TestCaseExecutor.java:285)
	at com.kms.katalon.core.main.TestCaseMain.runTestCase(TestCaseMain.java:133)
	at com.kms.katalon.core.keyword.builtin.CallTestCaseKeyword$_callTestCase_closure1.doCall(CallTestCaseKeyword.groovy:59)
	at com.kms.katalon.core.keyword.builtin.CallTestCaseKeyword$_callTestCase_closure1.call(CallTestCaseKeyword.groovy)
	at com.kms.katalon.core.keyword.internal.KeywordMain.runKeyword(KeywordMain.groovy:75)
	at com.kms.katalon.core.keyword.builtin.CallTestCaseKeyword.callTestCase(CallTestCaseKeyword.groovy:81)
	at com.kms.katalon.core.keyword.builtin.CallTestCaseKeyword.execute(CallTestCaseKeyword.groovy:44)
	at com.kms.katalon.core.keyword.internal.KeywordExecutor.executeKeywordForPlatform(KeywordExecutor.groovy:74)
	at com.kms.katalon.core.keyword.BuiltinKeywords.callTestCase(BuiltinKeywords.groovy:310)
	at jdk.internal.reflect.GeneratedMethodAccessor47.invoke(Unknown Source)
	at java.base/jdk.internal.reflect.DelegatingMethodAccessorImpl.invoke(DelegatingMethodAccessorImpl.java:43)
	at Script1735746485307.run(Script1735746485307.groovy:27)
	... 15 more
)

06-01-2025T09:44:23 - [MESSAGE][WARNING] - [SELF-HEALING] Failed to find element with id 'Object Repository/Master Data/Admin Sekolah/Tahun Ajaran/Button Tambah'. Try using Self-healing.

06-01-2025T09:44:24 - [MESSAGE][INFO] - [SELF-HEALING] No working XPath is found.

06-01-2025T09:44:26 - [MESSAGE][WARNING] - [SELF-HEALING] invalid selector
from javascript error: {"status":32,"value":"Unable to locate an element with the xpath expression  because of the following error:\nSyntaxError: Failed to execute 'evaluate' on 'Document': The string '' is not a valid XPath expression."}
  (Session info: chrome=131.0.6778.205)
For documentation on this error, please visit: https://www.selenium.dev/documentation/webdriver/troubleshooting/errors#invalid-selector-exception
Build info: version: '4.22.0', revision: 'c5f3146703'
System info: os.name: 'Windows 11', os.arch: 'amd64', os.version: '10.0', java.version: '17.0.7'
Driver info: com.kms.katalon.selenium.driver.CChromeDriver
Command: [7856daa1e30e695dd1d64d077c61d068, findElements {using=xpath, value=}]
Capabilities {acceptInsecureCerts: false, browserName: chrome, browserVersion: 131.0.6778.205, chrome: {chromedriverVersion: 130.0.6723.58 (3a50e012e4c9..., userDataDir: C:\Users\henri\AppData\Loca...}, fedcm:accounts: true, goog:chromeOptions: {debuggerAddress: localhost:49383}, networkConnectionEnabled: false, pageLoadStrategy: normal, platformName: windows, proxy: Proxy(), se:cdp: ws://localhost:49383/devtoo..., se:cdpVersion: 131.0.6778.205, setWindowRect: true, strictFileInteractability: false, timeouts: {implicit: 0, pageLoad: 300000, script: 30000}, unhandledPromptBehavior: ignore, webSocketUrl: ws://localhost:3398/session..., webauthn:extension:credBlob: true, webauthn:extension:largeBlob: true, webauthn:extension:minPinLength: true, webauthn:extension:prf: true, webauthn:virtualAuthenticators: true}
Session ID: 7856daa1e30e695dd1d64d077c61d068

06-01-2025T09:44:26 - [MESSAGE][WARNING] - [SELF-HEALING] Cannot find elements when the selector is null

06-01-2025T09:44:26 - [MESSAGE][WARNING] - Unable to click on object 'Object Repository/Master Data/Admin Sekolah/Tahun Ajaran/Button Tambah' (Root cause: com.kms.katalon.core.exception.StepFailedException: Unable to click on object 'Object Repository/Master Data/Admin Sekolah/Tahun Ajaran/Button Tambah'
	at com.kms.katalon.core.webui.keyword.internal.WebUIKeywordMain.stepFailed(WebUIKeywordMain.groovy:117)
	at com.kms.katalon.core.webui.keyword.internal.WebUIKeywordMain.runKeyword(WebUIKeywordMain.groovy:43)
	at com.kms.katalon.core.webui.keyword.builtin.ClickKeyword.click(ClickKeyword.groovy:75)
	at com.kms.katalon.core.webui.keyword.builtin.ClickKeyword.execute(ClickKeyword.groovy:40)
	at com.kms.katalon.core.keyword.internal.KeywordExecutor.executeKeywordForPlatform(KeywordExecutor.groovy:74)
	at com.kms.katalon.core.webui.keyword.WebUiBuiltInKeywords.click(WebUiBuiltInKeywords.groovy:684)
	at Tambah Tahun Ajaran.run(Tambah Tahun Ajaran:41)
	at com.kms.katalon.core.main.ScriptEngine.run(ScriptEngine.java:194)
	at com.kms.katalon.core.main.ScriptEngine.runScriptAsRawText(ScriptEngine.java:119)
	at com.kms.katalon.core.main.TestCaseExecutor.runScript(TestCaseExecutor.java:448)
	at com.kms.katalon.core.main.TestCaseExecutor.doExecute(TestCaseExecutor.java:439)
	at com.kms.katalon.core.main.TestCaseExecutor.processExecutionPhase(TestCaseExecutor.java:418)
	at com.kms.katalon.core.main.TestCaseExecutor.accessMainPhase(TestCaseExecutor.java:410)
	at com.kms.katalon.core.main.TestCaseExecutor.execute(TestCaseExecutor.java:285)
	at com.kms.katalon.core.main.TestCaseMain.runTestCase(TestCaseMain.java:133)
	at com.kms.katalon.core.keyword.builtin.CallTestCaseKeyword$_callTestCase_closure1.doCall(CallTestCaseKeyword.groovy:59)
	at com.kms.katalon.core.keyword.builtin.CallTestCaseKeyword$_callTestCase_closure1.call(CallTestCaseKeyword.groovy)
	at com.kms.katalon.core.keyword.internal.KeywordMain.runKeyword(KeywordMain.groovy:75)
	at com.kms.katalon.core.keyword.builtin.CallTestCaseKeyword.callTestCase(CallTestCaseKeyword.groovy:81)
	at com.kms.katalon.core.keyword.builtin.CallTestCaseKeyword.execute(CallTestCaseKeyword.groovy:44)
	at com.kms.katalon.core.keyword.internal.KeywordExecutor.executeKeywordForPlatform(KeywordExecutor.groovy:74)
	at com.kms.katalon.core.keyword.BuiltinKeywords.callTestCase(BuiltinKeywords.groovy:310)
	at jdk.internal.reflect.GeneratedMethodAccessor47.invoke(Unknown Source)
	at java.base/jdk.internal.reflect.DelegatingMethodAccessorImpl.invoke(DelegatingMethodAccessorImpl.java:43)
	at Regresi Tahun Ajaran.run(Regresi Tahun Ajaran:27)
	at com.kms.katalon.core.main.ScriptEngine.run(ScriptEngine.java:194)
	at com.kms.katalon.core.main.ScriptEngine.runScriptAsRawText(ScriptEngine.java:119)
	at com.kms.katalon.core.main.TestCaseExecutor.runScript(TestCaseExecutor.java:448)
	at com.kms.katalon.core.main.TestCaseExecutor.doExecute(TestCaseExecutor.java:439)
	at com.kms.katalon.core.main.TestCaseExecutor.processExecutionPhase(TestCaseExecutor.java:418)
	at com.kms.katalon.core.main.TestCaseExecutor.accessMainPhase(TestCaseExecutor.java:410)
	at com.kms.katalon.core.main.TestCaseExecutor.execute(TestCaseExecutor.java:285)
	at com.kms.katalon.core.common.CommonExecutor.accessTestCaseMainPhase(CommonExecutor.java:65)
	at com.kms.katalon.core.main.TestSuiteExecutor.accessTestSuiteMainPhase(TestSuiteExecutor.java:161)
	at com.kms.katalon.core.main.TestSuiteExecutor.execute(TestSuiteExecutor.java:107)
	at com.kms.katalon.core.main.TestCaseMain.startTestSuite(TestCaseMain.java:176)
	at TempTestSuite1736130766400.run(TempTestSuite1736130766400.groovy:35)
	at java.base/jdk.internal.reflect.NativeMethodAccessorImpl.invoke0(Native Method)
	at java.base/jdk.internal.reflect.NativeMethodAccessorImpl.invoke(NativeMethodAccessorImpl.java:77)
	at java.base/jdk.internal.reflect.DelegatingMethodAccessorImpl.invoke(DelegatingMethodAccessorImpl.java:43)
Caused by: org.openqa.selenium.InvalidSelectorException: invalid selector
from javascript error: {"status":32,"value":"Unable to locate an element with the xpath expression //button[@data-testid=btn-add-school-year'] because of the following error:\nSyntaxError: Failed to execute 'evaluate' on 'Document': The string '//button[@data-testid=btn-add-school-year']' is not a valid XPath expression."}
  (Session info: chrome=131.0.6778.205)
For documentation on this error, please visit: https://www.selenium.dev/documentation/webdriver/troubleshooting/errors#invalid-selector-exception
Build info: version: '4.22.0', revision: 'c5f3146703'
System info: os.name: 'Windows 11', os.arch: 'amd64', os.version: '10.0', java.version: '17.0.7'
Driver info: com.kms.katalon.selenium.driver.CChromeDriver
Command: [7856daa1e30e695dd1d64d077c61d068, findElements {using=xpath, value=//button[@data-testid=btn-add-school-year']}]
Capabilities {acceptInsecureCerts: false, browserName: chrome, browserVersion: 131.0.6778.205, chrome: {chromedriverVersion: 130.0.6723.58 (3a50e012e4c9..., userDataDir: C:\Users\henri\AppData\Loca...}, fedcm:accounts: true, goog:chromeOptions: {debuggerAddress: localhost:49383}, networkConnectionEnabled: false, pageLoadStrategy: normal, platformName: windows, proxy: Proxy(), se:cdp: ws://localhost:49383/devtoo..., se:cdpVersion: 131.0.6778.205, setWindowRect: true, strictFileInteractability: false, timeouts: {implicit: 0, pageLoad: 300000, script: 30000}, unhandledPromptBehavior: ignore, webSocketUrl: ws://localhost:3398/session..., webauthn:extension:credBlob: true, webauthn:extension:largeBlob: true, webauthn:extension:minPinLength: true, webauthn:extension:prf: true, webauthn:virtualAuthenticators: true}
Session ID: 7856daa1e30e695dd1d64d077c61d068
	at java.base/jdk.internal.reflect.NativeConstructorAccessorImpl.newInstance0(Native Method)
	at java.base/jdk.internal.reflect.NativeConstructorAccessorImpl.newInstance(NativeConstructorAccessorImpl.java:77)
	at java.base/jdk.internal.reflect.DelegatingConstructorAccessorImpl.newInstance(DelegatingConstructorAccessorImpl.java:45)
	at org.openqa.selenium.remote.ErrorCodec.decode(ErrorCodec.java:167)
	at org.openqa.selenium.remote.codec.w3c.W3CHttpResponseCodec.decode(W3CHttpResponseCodec.java:138)
	at org.openqa.selenium.remote.codec.w3c.W3CHttpResponseCodec.decode(W3CHttpResponseCodec.java:50)
	at org.openqa.selenium.remote.HttpCommandExecutor.execute(HttpCommandExecutor.java:190)
	at org.openqa.selenium.remote.service.DriverCommandExecutor.invokeExecute(DriverCommandExecutor.java:216)
	at org.openqa.selenium.remote.service.DriverCommandExecutor.execute(DriverCommandExecutor.java:174)
	at org.openqa.selenium.remote.RemoteWebDriver.execute(RemoteWebDriver.java:518)
	at org.openqa.selenium.remote.ElementLocation$ElementFinder$2.findElements(ElementLocation.java:182)
	at org.openqa.selenium.remote.ElementLocation.findElements(ElementLocation.java:103)
	at org.openqa.selenium.remote.RemoteWebDriver.findElements(RemoteWebDriver.java:368)
	at org.openqa.selenium.remote.RemoteWebDriver.findElements(RemoteWebDriver.java:362)
	at jdk.internal.reflect.GeneratedMethodAccessor19.invoke(Unknown Source)
	at java.base/jdk.internal.reflect.DelegatingMethodAccessorImpl.invoke(DelegatingMethodAccessorImpl.java:43)
	at org.openqa.selenium.support.decorators.WebDriverDecorator.call(WebDriverDecorator.java:249)
	at org.openqa.selenium.support.decorators.DefaultDecorated.call(DefaultDecorated.java:48)
	at org.openqa.selenium.support.decorators.WebDriverDecorator.lambda$createProxy$2(WebDriverDecorator.java:321)
	at org.openqa.selenium.remote.RemoteWebDriver$ByteBuddy$0mZnGzL4.findElements(Unknown Source)
	at com.kms.katalon.core.webui.common.WebUiCommonHelper.findElementByNormalMethods(WebUiCommonHelper.java:1036)
	at com.kms.katalon.core.webui.common.WebUiCommonHelper.findElementsBySelectedMethod(WebUiCommonHelper.java:927)
	at com.kms.katalon.core.webui.common.WebUiCommonHelper.findElementsBySelectedMethod(WebUiCommonHelper.java:909)
	at com.kms.katalon.core.webui.common.WebUiCommonHelper.findElementsBySelectedMethod(WebUiCommonHelper.java:904)
	at com.kms.katalon.core.webui.common.WebUiCommonHelper.findElementsByDefault(WebUiCommonHelper.java:900)
	at com.kms.katalon.core.webui.common.WebUiCommonHelper.findElementsWithSelfHealing(WebUiCommonHelper.java:746)
	at com.kms.katalon.core.webui.common.WebUiCommonHelper.findWebElements(WebUiCommonHelper.java:730)
	at com.kms.katalon.core.webui.common.WebUiCommonHelper.findWebElement(WebUiCommonHelper.java:1416)
	at com.kms.katalon.core.webui.keyword.internal.WebUIAbstractKeyword.findWebElement(WebUIAbstractKeyword.groovy:27)
	at com.kms.katalon.core.webui.keyword.builtin.ClickKeyword$_click_closure1.doCall(ClickKeyword.groovy:66)
	at com.kms.katalon.core.webui.keyword.builtin.ClickKeyword$_click_closure1.call(ClickKeyword.groovy)
	at com.kms.katalon.core.webui.keyword.internal.WebUIKeywordMain.runKeyword(WebUIKeywordMain.groovy:35)
	at com.kms.katalon.core.webui.keyword.builtin.ClickKeyword.click(ClickKeyword.groovy:75)
	at com.kms.katalon.core.webui.keyword.builtin.ClickKeyword.execute(ClickKeyword.groovy:40)
	at com.kms.katalon.core.keyword.internal.KeywordExecutor.executeKeywordForPlatform(KeywordExecutor.groovy:74)
	at com.kms.katalon.core.webui.keyword.WebUiBuiltInKeywords.click(WebUiBuiltInKeywords.groovy:684)
	at Script1731464255956.run(Script1731464255956.groovy:41)
	at com.kms.katalon.core.main.ScriptEngine.run(ScriptEngine.java:194)
	at com.kms.katalon.core.main.ScriptEngine.runScriptAsRawText(ScriptEngine.java:119)
	at com.kms.katalon.core.main.TestCaseExecutor.runScript(TestCaseExecutor.java:448)
	at com.kms.katalon.core.main.TestCaseExecutor.doExecute(TestCaseExecutor.java:439)
	at com.kms.katalon.core.main.TestCaseExecutor.processExecutionPhase(TestCaseExecutor.java:418)
	at com.kms.katalon.core.main.TestCaseExecutor.accessMainPhase(TestCaseExecutor.java:410)
	at com.kms.katalon.core.main.TestCaseExecutor.execute(TestCaseExecutor.java:285)
	at com.kms.katalon.core.main.TestCaseMain.runTestCase(TestCaseMain.java:133)
	at com.kms.katalon.core.keyword.builtin.CallTestCaseKeyword$_callTestCase_closure1.doCall(CallTestCaseKeyword.groovy:59)
	at com.kms.katalon.core.keyword.builtin.CallTestCaseKeyword$_callTestCase_closure1.call(CallTestCaseKeyword.groovy)
	at com.kms.katalon.core.keyword.internal.KeywordMain.runKeyword(KeywordMain.groovy:75)
	at com.kms.katalon.core.keyword.builtin.CallTestCaseKeyword.callTestCase(CallTestCaseKeyword.groovy:81)
	at com.kms.katalon.core.keyword.builtin.CallTestCaseKeyword.execute(CallTestCaseKeyword.groovy:44)
	at com.kms.katalon.core.keyword.internal.KeywordExecutor.executeKeywordForPlatform(KeywordExecutor.groovy:74)
	at com.kms.katalon.core.keyword.BuiltinKeywords.callTestCase(BuiltinKeywords.groovy:310)
	at jdk.internal.reflect.GeneratedMethodAccessor47.invoke(Unknown Source)
	at java.base/jdk.internal.reflect.DelegatingMethodAccessorImpl.invoke(DelegatingMethodAccessorImpl.java:43)
	at Script1735746485307.run(Script1735746485307.groovy:27)
	... 15 more
)
[[ATTACHMENT|C:\\Users\\henri\\Videos\\school-payment-automation-testing\\Reports\\20250106_093246\\Regresi All Sprint\\20250106_093246\\1736131466081.png]]

06-01-2025T09:44:26 - [TEST_STEP][PASSED] - click(findTestObject("Master Data/Admin Sekolah/Tahun Ajaran/Tahun Mulai/Dropdown Tahun Mulai"), OPTIONAL): Unable to click on object 'Object Repository/Master Data/Admin Sekolah/Tahun Ajaran/Tahun Mulai/Dropdown Tahun Mulai' (Root cause: com.kms.katalon.core.exception.StepFailedException: Unable to click on object 'Object Repository/Master Data/Admin Sekolah/Tahun Ajaran/Tahun Mulai/Dropdown Tahun Mulai'
	at com.kms.katalon.core.webui.keyword.internal.WebUIKeywordMain.stepFailed(WebUIKeywordMain.groovy:117)
	at com.kms.katalon.core.webui.keyword.internal.WebUIKeywordMain.runKeyword(WebUIKeywordMain.groovy:43)
	at com.kms.katalon.core.webui.keyword.builtin.ClickKeyword.click(ClickKeyword.groovy:75)
	at com.kms.katalon.core.webui.keyword.builtin.ClickKeyword.execute(ClickKeyword.groovy:40)
	at com.kms.katalon.core.keyword.internal.KeywordExecutor.executeKeywordForPlatform(KeywordExecutor.groovy:74)
	at com.kms.katalon.core.webui.keyword.WebUiBuiltInKeywords.click(WebUiBuiltInKeywords.groovy:684)
	at Tambah Tahun Ajaran.run(Tambah Tahun Ajaran:43)
	at com.kms.katalon.core.main.ScriptEngine.run(ScriptEngine.java:194)
	at com.kms.katalon.core.main.ScriptEngine.runScriptAsRawText(ScriptEngine.java:119)
	at com.kms.katalon.core.main.TestCaseExecutor.runScript(TestCaseExecutor.java:448)
	at com.kms.katalon.core.main.TestCaseExecutor.doExecute(TestCaseExecutor.java:439)
	at com.kms.katalon.core.main.TestCaseExecutor.processExecutionPhase(TestCaseExecutor.java:418)
	at com.kms.katalon.core.main.TestCaseExecutor.accessMainPhase(TestCaseExecutor.java:410)
	at com.kms.katalon.core.main.TestCaseExecutor.execute(TestCaseExecutor.java:285)
	at com.kms.katalon.core.main.TestCaseMain.runTestCase(TestCaseMain.java:133)
	at com.kms.katalon.core.keyword.builtin.CallTestCaseKeyword$_callTestCase_closure1.doCall(CallTestCaseKeyword.groovy:59)
	at com.kms.katalon.core.keyword.builtin.CallTestCaseKeyword$_callTestCase_closure1.call(CallTestCaseKeyword.groovy)
	at com.kms.katalon.core.keyword.internal.KeywordMain.runKeyword(KeywordMain.groovy:75)
	at com.kms.katalon.core.keyword.builtin.CallTestCaseKeyword.callTestCase(CallTestCaseKeyword.groovy:81)
	at com.kms.katalon.core.keyword.builtin.CallTestCaseKeyword.execute(CallTestCaseKeyword.groovy:44)
	at com.kms.katalon.core.keyword.internal.KeywordExecutor.executeKeywordForPlatform(KeywordExecutor.groovy:74)
	at com.kms.katalon.core.keyword.BuiltinKeywords.callTestCase(BuiltinKeywords.groovy:310)
	at jdk.internal.reflect.GeneratedMethodAccessor47.invoke(Unknown Source)
	at java.base/jdk.internal.reflect.DelegatingMethodAccessorImpl.invoke(DelegatingMethodAccessorImpl.java:43)
	at Regresi Tahun Ajaran.run(Regresi Tahun Ajaran:27)
	at com.kms.katalon.core.main.ScriptEngine.run(ScriptEngine.java:194)
	at com.kms.katalon.core.main.ScriptEngine.runScriptAsRawText(ScriptEngine.java:119)
	at com.kms.katalon.core.main.TestCaseExecutor.runScript(TestCaseExecutor.java:448)
	at com.kms.katalon.core.main.TestCaseExecutor.doExecute(TestCaseExecutor.java:439)
	at com.kms.katalon.core.main.TestCaseExecutor.processExecutionPhase(TestCaseExecutor.java:418)
	at com.kms.katalon.core.main.TestCaseExecutor.accessMainPhase(TestCaseExecutor.java:410)
	at com.kms.katalon.core.main.TestCaseExecutor.execute(TestCaseExecutor.java:285)
	at com.kms.katalon.core.common.CommonExecutor.accessTestCaseMainPhase(CommonExecutor.java:65)
	at com.kms.katalon.core.main.TestSuiteExecutor.accessTestSuiteMainPhase(TestSuiteExecutor.java:161)
	at com.kms.katalon.core.main.TestSuiteExecutor.execute(TestSuiteExecutor.java:107)
	at com.kms.katalon.core.main.TestCaseMain.startTestSuite(TestCaseMain.java:176)
	at TempTestSuite1736130766400.run(TempTestSuite1736130766400.groovy:35)
	at java.base/jdk.internal.reflect.NativeMethodAccessorImpl.invoke0(Native Method)
	at java.base/jdk.internal.reflect.NativeMethodAccessorImpl.invoke(NativeMethodAccessorImpl.java:77)
	at java.base/jdk.internal.reflect.DelegatingMethodAccessorImpl.invoke(DelegatingMethodAccessorImpl.java:43)
Caused by: com.kms.katalon.core.webui.exception.WebElementNotFoundException: Web element with id: 'Object Repository/Master Data/Admin Sekolah/Tahun Ajaran/Tahun Mulai/Dropdown Tahun Mulai' located by '//*[@id="startDate"]//div[2]/div
' not found
	at com.kms.katalon.core.webui.common.WebUiCommonHelper.findWebElement(WebUiCommonHelper.java:1426)
	at com.kms.katalon.core.webui.keyword.internal.WebUIAbstractKeyword.findWebElement(WebUIAbstractKeyword.groovy:27)
	at com.kms.katalon.core.webui.keyword.builtin.ClickKeyword$_click_closure1.doCall(ClickKeyword.groovy:66)
	at com.kms.katalon.core.webui.keyword.builtin.ClickKeyword$_click_closure1.call(ClickKeyword.groovy)
	at com.kms.katalon.core.webui.keyword.internal.WebUIKeywordMain.runKeyword(WebUIKeywordMain.groovy:35)
	at com.kms.katalon.core.webui.keyword.builtin.ClickKeyword.click(ClickKeyword.groovy:75)
	at com.kms.katalon.core.webui.keyword.builtin.ClickKeyword.execute(ClickKeyword.groovy:40)
	at com.kms.katalon.core.keyword.internal.KeywordExecutor.executeKeywordForPlatform(KeywordExecutor.groovy:74)
	at com.kms.katalon.core.webui.keyword.WebUiBuiltInKeywords.click(WebUiBuiltInKeywords.groovy:684)
	at Script1731464255956.run(Script1731464255956.groovy:43)
	at com.kms.katalon.core.main.ScriptEngine.run(ScriptEngine.java:194)
	at com.kms.katalon.core.main.ScriptEngine.runScriptAsRawText(ScriptEngine.java:119)
	at com.kms.katalon.core.main.TestCaseExecutor.runScript(TestCaseExecutor.java:448)
	at com.kms.katalon.core.main.TestCaseExecutor.doExecute(TestCaseExecutor.java:439)
	at com.kms.katalon.core.main.TestCaseExecutor.processExecutionPhase(TestCaseExecutor.java:418)
	at com.kms.katalon.core.main.TestCaseExecutor.accessMainPhase(TestCaseExecutor.java:410)
	at com.kms.katalon.core.main.TestCaseExecutor.execute(TestCaseExecutor.java:285)
	at com.kms.katalon.core.main.TestCaseMain.runTestCase(TestCaseMain.java:133)
	at com.kms.katalon.core.keyword.builtin.CallTestCaseKeyword$_callTestCase_closure1.doCall(CallTestCaseKeyword.groovy:59)
	at com.kms.katalon.core.keyword.builtin.CallTestCaseKeyword$_callTestCase_closure1.call(CallTestCaseKeyword.groovy)
	at com.kms.katalon.core.keyword.internal.KeywordMain.runKeyword(KeywordMain.groovy:75)
	at com.kms.katalon.core.keyword.builtin.CallTestCaseKeyword.callTestCase(CallTestCaseKeyword.groovy:81)
	at com.kms.katalon.core.keyword.builtin.CallTestCaseKeyword.execute(CallTestCaseKeyword.groovy:44)
	at com.kms.katalon.core.keyword.internal.KeywordExecutor.executeKeywordForPlatform(KeywordExecutor.groovy:74)
	at com.kms.katalon.core.keyword.BuiltinKeywords.callTestCase(BuiltinKeywords.groovy:310)
	at jdk.internal.reflect.GeneratedMethodAccessor47.invoke(Unknown Source)
	at java.base/jdk.internal.reflect.DelegatingMethodAccessorImpl.invoke(DelegatingMethodAccessorImpl.java:43)
	at Script1735746485307.run(Script1735746485307.groovy:27)
	... 15 more
)

06-01-2025T09:44:57 - [MESSAGE][INFO] - Unable to find the element located by 'By.xpath: //*[@id="startDate"]//div[2]/div
'. Please recheck the objects properties to make sure the desired element is located. 

06-01-2025T09:44:57 - [MESSAGE][WARNING] - [SELF-HEALING] Failed to find element with id 'Object Repository/Master Data/Admin Sekolah/Tahun Ajaran/Tahun Mulai/Dropdown Tahun Mulai'. Try using Self-healing.

06-01-2025T09:44:58 - [MESSAGE][INFO] - [SELF-HEALING] No working XPath is found.

06-01-2025T09:44:59 - [MESSAGE][WARNING] - [SELF-HEALING] invalid selector
from javascript error: {"status":32,"value":"Unable to locate an element with the xpath expression  because of the following error:\nSyntaxError: Failed to execute 'evaluate' on 'Document': The string '' is not a valid XPath expression."}
  (Session info: chrome=131.0.6778.205)
For documentation on this error, please visit: https://www.selenium.dev/documentation/webdriver/troubleshooting/errors#invalid-selector-exception
Build info: version: '4.22.0', revision: 'c5f3146703'
System info: os.name: 'Windows 11', os.arch: 'amd64', os.version: '10.0', java.version: '17.0.7'
Driver info: com.kms.katalon.selenium.driver.CChromeDriver
Command: [7856daa1e30e695dd1d64d077c61d068, findElements {using=xpath, value=}]
Capabilities {acceptInsecureCerts: false, browserName: chrome, browserVersion: 131.0.6778.205, chrome: {chromedriverVersion: 130.0.6723.58 (3a50e012e4c9..., userDataDir: C:\Users\henri\AppData\Loca...}, fedcm:accounts: true, goog:chromeOptions: {debuggerAddress: localhost:49383}, networkConnectionEnabled: false, pageLoadStrategy: normal, platformName: windows, proxy: Proxy(), se:cdp: ws://localhost:49383/devtoo..., se:cdpVersion: 131.0.6778.205, setWindowRect: true, strictFileInteractability: false, timeouts: {implicit: 0, pageLoad: 300000, script: 30000}, unhandledPromptBehavior: ignore, webSocketUrl: ws://localhost:3398/session..., webauthn:extension:credBlob: true, webauthn:extension:largeBlob: true, webauthn:extension:minPinLength: true, webauthn:extension:prf: true, webauthn:virtualAuthenticators: true}
Session ID: 7856daa1e30e695dd1d64d077c61d068

06-01-2025T09:44:59 - [MESSAGE][WARNING] - [SELF-HEALING] Cannot find elements when the selector is null

06-01-2025T09:44:59 - [MESSAGE][WARNING] - Unable to click on object 'Object Repository/Master Data/Admin Sekolah/Tahun Ajaran/Tahun Mulai/Dropdown Tahun Mulai' (Root cause: com.kms.katalon.core.exception.StepFailedException: Unable to click on object 'Object Repository/Master Data/Admin Sekolah/Tahun Ajaran/Tahun Mulai/Dropdown Tahun Mulai'
	at com.kms.katalon.core.webui.keyword.internal.WebUIKeywordMain.stepFailed(WebUIKeywordMain.groovy:117)
	at com.kms.katalon.core.webui.keyword.internal.WebUIKeywordMain.runKeyword(WebUIKeywordMain.groovy:43)
	at com.kms.katalon.core.webui.keyword.builtin.ClickKeyword.click(ClickKeyword.groovy:75)
	at com.kms.katalon.core.webui.keyword.builtin.ClickKeyword.execute(ClickKeyword.groovy:40)
	at com.kms.katalon.core.keyword.internal.KeywordExecutor.executeKeywordForPlatform(KeywordExecutor.groovy:74)
	at com.kms.katalon.core.webui.keyword.WebUiBuiltInKeywords.click(WebUiBuiltInKeywords.groovy:684)
	at Tambah Tahun Ajaran.run(Tambah Tahun Ajaran:43)
	at com.kms.katalon.core.main.ScriptEngine.run(ScriptEngine.java:194)
	at com.kms.katalon.core.main.ScriptEngine.runScriptAsRawText(ScriptEngine.java:119)
	at com.kms.katalon.core.main.TestCaseExecutor.runScript(TestCaseExecutor.java:448)
	at com.kms.katalon.core.main.TestCaseExecutor.doExecute(TestCaseExecutor.java:439)
	at com.kms.katalon.core.main.TestCaseExecutor.processExecutionPhase(TestCaseExecutor.java:418)
	at com.kms.katalon.core.main.TestCaseExecutor.accessMainPhase(TestCaseExecutor.java:410)
	at com.kms.katalon.core.main.TestCaseExecutor.execute(TestCaseExecutor.java:285)
	at com.kms.katalon.core.main.TestCaseMain.runTestCase(TestCaseMain.java:133)
	at com.kms.katalon.core.keyword.builtin.CallTestCaseKeyword$_callTestCase_closure1.doCall(CallTestCaseKeyword.groovy:59)
	at com.kms.katalon.core.keyword.builtin.CallTestCaseKeyword$_callTestCase_closure1.call(CallTestCaseKeyword.groovy)
	at com.kms.katalon.core.keyword.internal.KeywordMain.runKeyword(KeywordMain.groovy:75)
	at com.kms.katalon.core.keyword.builtin.CallTestCaseKeyword.callTestCase(CallTestCaseKeyword.groovy:81)
	at com.kms.katalon.core.keyword.builtin.CallTestCaseKeyword.execute(CallTestCaseKeyword.groovy:44)
	at com.kms.katalon.core.keyword.internal.KeywordExecutor.executeKeywordForPlatform(KeywordExecutor.groovy:74)
	at com.kms.katalon.core.keyword.BuiltinKeywords.callTestCase(BuiltinKeywords.groovy:310)
	at jdk.internal.reflect.GeneratedMethodAccessor47.invoke(Unknown Source)
	at java.base/jdk.internal.reflect.DelegatingMethodAccessorImpl.invoke(DelegatingMethodAccessorImpl.java:43)
	at Regresi Tahun Ajaran.run(Regresi Tahun Ajaran:27)
	at com.kms.katalon.core.main.ScriptEngine.run(ScriptEngine.java:194)
	at com.kms.katalon.core.main.ScriptEngine.runScriptAsRawText(ScriptEngine.java:119)
	at com.kms.katalon.core.main.TestCaseExecutor.runScript(TestCaseExecutor.java:448)
	at com.kms.katalon.core.main.TestCaseExecutor.doExecute(TestCaseExecutor.java:439)
	at com.kms.katalon.core.main.TestCaseExecutor.processExecutionPhase(TestCaseExecutor.java:418)
	at com.kms.katalon.core.main.TestCaseExecutor.accessMainPhase(TestCaseExecutor.java:410)
	at com.kms.katalon.core.main.TestCaseExecutor.execute(TestCaseExecutor.java:285)
	at com.kms.katalon.core.common.CommonExecutor.accessTestCaseMainPhase(CommonExecutor.java:65)
	at com.kms.katalon.core.main.TestSuiteExecutor.accessTestSuiteMainPhase(TestSuiteExecutor.java:161)
	at com.kms.katalon.core.main.TestSuiteExecutor.execute(TestSuiteExecutor.java:107)
	at com.kms.katalon.core.main.TestCaseMain.startTestSuite(TestCaseMain.java:176)
	at TempTestSuite1736130766400.run(TempTestSuite1736130766400.groovy:35)
	at java.base/jdk.internal.reflect.NativeMethodAccessorImpl.invoke0(Native Method)
	at java.base/jdk.internal.reflect.NativeMethodAccessorImpl.invoke(NativeMethodAccessorImpl.java:77)
	at java.base/jdk.internal.reflect.DelegatingMethodAccessorImpl.invoke(DelegatingMethodAccessorImpl.java:43)
Caused by: com.kms.katalon.core.webui.exception.WebElementNotFoundException: Web element with id: 'Object Repository/Master Data/Admin Sekolah/Tahun Ajaran/Tahun Mulai/Dropdown Tahun Mulai' located by '//*[@id="startDate"]//div[2]/div
' not found
	at com.kms.katalon.core.webui.common.WebUiCommonHelper.findWebElement(WebUiCommonHelper.java:1426)
	at com.kms.katalon.core.webui.keyword.internal.WebUIAbstractKeyword.findWebElement(WebUIAbstractKeyword.groovy:27)
	at com.kms.katalon.core.webui.keyword.builtin.ClickKeyword$_click_closure1.doCall(ClickKeyword.groovy:66)
	at com.kms.katalon.core.webui.keyword.builtin.ClickKeyword$_click_closure1.call(ClickKeyword.groovy)
	at com.kms.katalon.core.webui.keyword.internal.WebUIKeywordMain.runKeyword(WebUIKeywordMain.groovy:35)
	at com.kms.katalon.core.webui.keyword.builtin.ClickKeyword.click(ClickKeyword.groovy:75)
	at com.kms.katalon.core.webui.keyword.builtin.ClickKeyword.execute(ClickKeyword.groovy:40)
	at com.kms.katalon.core.keyword.internal.KeywordExecutor.executeKeywordForPlatform(KeywordExecutor.groovy:74)
	at com.kms.katalon.core.webui.keyword.WebUiBuiltInKeywords.click(WebUiBuiltInKeywords.groovy:684)
	at Script1731464255956.run(Script1731464255956.groovy:43)
	at com.kms.katalon.core.main.ScriptEngine.run(ScriptEngine.java:194)
	at com.kms.katalon.core.main.ScriptEngine.runScriptAsRawText(ScriptEngine.java:119)
	at com.kms.katalon.core.main.TestCaseExecutor.runScript(TestCaseExecutor.java:448)
	at com.kms.katalon.core.main.TestCaseExecutor.doExecute(TestCaseExecutor.java:439)
	at com.kms.katalon.core.main.TestCaseExecutor.processExecutionPhase(TestCaseExecutor.java:418)
	at com.kms.katalon.core.main.TestCaseExecutor.accessMainPhase(TestCaseExecutor.java:410)
	at com.kms.katalon.core.main.TestCaseExecutor.execute(TestCaseExecutor.java:285)
	at com.kms.katalon.core.main.TestCaseMain.runTestCase(TestCaseMain.java:133)
	at com.kms.katalon.core.keyword.builtin.CallTestCaseKeyword$_callTestCase_closure1.doCall(CallTestCaseKeyword.groovy:59)
	at com.kms.katalon.core.keyword.builtin.CallTestCaseKeyword$_callTestCase_closure1.call(CallTestCaseKeyword.groovy)
	at com.kms.katalon.core.keyword.internal.KeywordMain.runKeyword(KeywordMain.groovy:75)
	at com.kms.katalon.core.keyword.builtin.CallTestCaseKeyword.callTestCase(CallTestCaseKeyword.groovy:81)
	at com.kms.katalon.core.keyword.builtin.CallTestCaseKeyword.execute(CallTestCaseKeyword.groovy:44)
	at com.kms.katalon.core.keyword.internal.KeywordExecutor.executeKeywordForPlatform(KeywordExecutor.groovy:74)
	at com.kms.katalon.core.keyword.BuiltinKeywords.callTestCase(BuiltinKeywords.groovy:310)
	at jdk.internal.reflect.GeneratedMethodAccessor47.invoke(Unknown Source)
	at java.base/jdk.internal.reflect.DelegatingMethodAccessorImpl.invoke(DelegatingMethodAccessorImpl.java:43)
	at Script1735746485307.run(Script1735746485307.groovy:27)
	... 15 more
)
[[ATTACHMENT|C:\\Users\\henri\\Videos\\school-payment-automation-testing\\Reports\\20250106_093246\\Regresi All Sprint\\20250106_093246\\1736131499581.png]]

06-01-2025T09:44:59 - [TEST_STEP][PASSED] - dynamicXPath = createDynamicXPath("10"): null

06-01-2025T09:44:59 - [TEST_STEP][PASSED] - return ((//div[@class='mt-2 grid grid-cols-7']//p[text()=' + date) + ' and contains(@class, 'cursor-pointer')]): null

06-01-2025T09:44:59 - [TEST_STEP][PASSED] - dynamicTestObject = TestObject().addProperty("xpath", EQUALS, dynamicXPath): null

06-01-2025T09:44:59 - [TEST_STEP][PASSED] - click(dynamicTestObject, OPTIONAL): Object: '' is clicked on

06-01-2025T09:45:22 - [MESSAGE][PASSED] - Object: '' is clicked on

06-01-2025T09:45:22 - [TEST_STEP][PASSED] - click(findTestObject("Master Data/Admin Sekolah/Tahun Ajaran/Button Submit Tahun Ajaran"), OPTIONAL): Object: 'Object Repository/Master Data/Admin Sekolah/Tahun Ajaran/Button Submit Tahun Ajaran' is clicked on

06-01-2025T09:45:23 - [MESSAGE][PASSED] - Object: 'Object Repository/Master Data/Admin Sekolah/Tahun Ajaran/Button Submit Tahun Ajaran' is clicked on

06-01-2025T09:45:23 - [TEST_STEP][PASSED] - closeBrowser(OPTIONAL): Browser is closed

06-01-2025T09:45:23 - [MESSAGE][PASSED] - Browser is closed

06-01-2025T09:45:23 - [MESSAGE][PASSED] - Call Test Case 'Test Cases/Master Data/Admin Sekolah/Master Data Tahun Ajaran/Tambah Tahun Ajaran' successfully

06-01-2025T09:45:23 - [TEST_STEP][PASSED] - println("============================= Loop Again ==============================="): null

06-01-2025T09:45:23 - [TEST_STEP][PASSED] - callTestCase(findTestCase("Test Cases/Master Data/Admin Sekolah/Master Data Tahun Ajaran/Edit Tahun Ajaran"), [:], OPTIONAL): Call Test Case 'Test Cases/Master Data/Admin Sekolah/Master Data Tahun Ajaran/Edit Tahun Ajaran' successfully

06-01-2025T09:45:23 - [TEST_CASE][PASSED] - Test Cases/Master Data/Admin Sekolah/Master Data Tahun Ajaran/Edit Tahun Ajaran: Test Cases/Master Data/Admin Sekolah/Master Data Tahun Ajaran/Edit Tahun Ajaran

06-01-2025T09:45:23 - [TEST_STEP][PASSED] - openBrowser("", OPTIONAL): Browser is opened with url: ''

06-01-2025T09:45:23 - [MESSAGE][INFO] - Starting 'Chrome' driver

06-01-2025T09:45:23 - [MESSAGE][INFO] - Action delay is set to 0 milliseconds

06-01-2025T09:45:24 - [MESSAGE][PASSED] - Browser is opened with url: ''

06-01-2025T09:45:24 - [TEST_STEP][PASSED] - navigateToUrl("https://sit.siprusedu.com/login", OPTIONAL): Navigate to 'https://sit.siprusedu.com/login' successfully

06-01-2025T09:45:24 - [MESSAGE][PASSED] - Navigate to 'https://sit.siprusedu.com/login' successfully

06-01-2025T09:45:24 - [TEST_STEP][PASSED] - click(findTestObject("Master Data/Admin Sekolah/Login/Field Email"), OPTIONAL): Object: 'Object Repository/Master Data/Admin Sekolah/Login/Field Email' is clicked on

06-01-2025T09:45:25 - [MESSAGE][PASSED] - Object: 'Object Repository/Master Data/Admin Sekolah/Login/Field Email' is clicked on

06-01-2025T09:45:25 - [TEST_STEP][PASSED] - setText(findTestObject("Master Data/Admin Sekolah/Login/Field Email"), "admin.gudangsolusi@digiform.co.id", OPTIONAL): Text 'admin.gudangsolusi@digiform.co.id' is set on object 'Object Repository/Master Data/Admin Sekolah/Login/Field Email'

06-01-2025T09:45:26 - [MESSAGE][PASSED] - Text 'admin.gudangsolusi@digiform.co.id' is set on object 'Object Repository/Master Data/Admin Sekolah/Login/Field Email'

06-01-2025T09:45:26 - [TEST_STEP][PASSED] - click(findTestObject("Master Data/Admin Sekolah/Login/Input Password"), OPTIONAL): Object: 'Object Repository/Master Data/Admin Sekolah/Login/Input Password' is clicked on

06-01-2025T09:45:26 - [MESSAGE][PASSED] - Object: 'Object Repository/Master Data/Admin Sekolah/Login/Input Password' is clicked on

06-01-2025T09:45:26 - [TEST_STEP][PASSED] - setText(findTestObject("Master Data/Admin Sekolah/Login/Input Password"), "Test1234", OPTIONAL): Text 'Test1234' is set on object 'Object Repository/Master Data/Admin Sekolah/Login/Input Password'

06-01-2025T09:45:27 - [MESSAGE][PASSED] - Text 'Test1234' is set on object 'Object Repository/Master Data/Admin Sekolah/Login/Input Password'

06-01-2025T09:45:27 - [TEST_STEP][PASSED] - click(findTestObject("Master Data/Admin Sekolah/Login/Button Submit"), OPTIONAL): Object: 'Object Repository/Master Data/Admin Sekolah/Login/Button Submit' is clicked on

06-01-2025T09:45:27 - [MESSAGE][PASSED] - Object: 'Object Repository/Master Data/Admin Sekolah/Login/Button Submit' is clicked on

06-01-2025T09:45:27 - [TEST_STEP][PASSED] - click(findTestObject("Master Data/Admin Sekolah/Master Data Menu"), OPTIONAL): Object: 'Object Repository/Master Data/Admin Sekolah/Master Data Menu' is clicked on

06-01-2025T09:45:29 - [MESSAGE][PASSED] - Object: 'Object Repository/Master Data/Admin Sekolah/Master Data Menu' is clicked on

06-01-2025T09:45:29 - [TEST_STEP][PASSED] - click(findTestObject("Master Data/Admin Sekolah/Tahun Ajaran/Menu Tahun Ajaran"), OPTIONAL): Object: 'Object Repository/Master Data/Admin Sekolah/Tahun Ajaran/Menu Tahun Ajaran' is clicked on

06-01-2025T09:45:30 - [MESSAGE][PASSED] - Object: 'Object Repository/Master Data/Admin Sekolah/Tahun Ajaran/Menu Tahun Ajaran' is clicked on

06-01-2025T09:45:30 - [TEST_STEP][PASSED] - click(findTestObject("Master Data/Admin Sekolah/Tahun Ajaran/Edit Tahun Ajaran/Icon Edit"), OPTIONAL): Object: 'Object Repository/Master Data/Admin Sekolah/Tahun Ajaran/Edit Tahun Ajaran/Icon Edit' is clicked on

06-01-2025T09:45:32 - [MESSAGE][PASSED] - Object: 'Object Repository/Master Data/Admin Sekolah/Tahun Ajaran/Edit Tahun Ajaran/Icon Edit' is clicked on

06-01-2025T09:45:32 - [TEST_STEP][PASSED] - click(findTestObject("Master Data/Admin Sekolah/Tahun Ajaran/Edit Tahun Ajaran/Dropdown Edit tahun Selesai"), OPTIONAL): Object: 'Object Repository/Master Data/Admin Sekolah/Tahun Ajaran/Edit Tahun Ajaran/Dropdown Edit tahun Selesai' is clicked on

06-01-2025T09:45:32 - [MESSAGE][PASSED] - Object: 'Object Repository/Master Data/Admin Sekolah/Tahun Ajaran/Edit Tahun Ajaran/Dropdown Edit tahun Selesai' is clicked on

06-01-2025T09:45:32 - [TEST_STEP][PASSED] - click(findTestObject("Master Data/Admin Sekolah/Tahun Ajaran/Edit Tahun Ajaran/Dropdown List Tahun Selesai"), OPTIONAL): Object: 'Object Repository/Master Data/Admin Sekolah/Tahun Ajaran/Edit Tahun Ajaran/Dropdown List Tahun Selesai' is clicked on

06-01-2025T09:45:33 - [MESSAGE][PASSED] - Object: 'Object Repository/Master Data/Admin Sekolah/Tahun Ajaran/Edit Tahun Ajaran/Dropdown List Tahun Selesai' is clicked on

06-01-2025T09:45:33 - [TEST_STEP][PASSED] - click(findTestObject("Master Data/Admin Sekolah/Tahun Ajaran/Edit Tahun Ajaran/Pilih List Tahun Selesai"), OPTIONAL): Object: 'Object Repository/Master Data/Admin Sekolah/Tahun Ajaran/Edit Tahun Ajaran/Pilih List Tahun Selesai' is clicked on

06-01-2025T09:45:33 - [MESSAGE][PASSED] - Object: 'Object Repository/Master Data/Admin Sekolah/Tahun Ajaran/Edit Tahun Ajaran/Pilih List Tahun Selesai' is clicked on

06-01-2025T09:45:33 - [TEST_STEP][PASSED] - click(findTestObject("Master Data/Admin Sekolah/Tahun Ajaran/Edit Tahun Ajaran/Pilih Tanggal Tahun Selesai"), OPTIONAL): Object: 'Object Repository/Master Data/Admin Sekolah/Tahun Ajaran/Edit Tahun Ajaran/Pilih Tanggal Tahun Selesai' is clicked on

06-01-2025T09:45:34 - [MESSAGE][PASSED] - Object: 'Object Repository/Master Data/Admin Sekolah/Tahun Ajaran/Edit Tahun Ajaran/Pilih Tanggal Tahun Selesai' is clicked on

06-01-2025T09:45:34 - [TEST_STEP][PASSED] - click(findTestObject("Master Data/Admin Sekolah/Tahun Ajaran/Button Submit Tahun Ajaran"), OPTIONAL): Object: 'Object Repository/Master Data/Admin Sekolah/Tahun Ajaran/Button Submit Tahun Ajaran' is clicked on

06-01-2025T09:45:34 - [MESSAGE][PASSED] - Object: 'Object Repository/Master Data/Admin Sekolah/Tahun Ajaran/Button Submit Tahun Ajaran' is clicked on

06-01-2025T09:45:34 - [MESSAGE][PASSED] - Call Test Case 'Test Cases/Master Data/Admin Sekolah/Master Data Tahun Ajaran/Edit Tahun Ajaran' successfully

06-01-2025T09:45:34 - [TEST_STEP][PASSED] - callTestCase(findTestCase("Test Cases/Master Data/Admin Sekolah/Master Data Tahun Ajaran/Tambah Tahun Ajaran"), [:], OPTIONAL): Call Test Case 'Test Cases/Master Data/Admin Sekolah/Master Data Tahun Ajaran/Tambah Tahun Ajaran' successfully

06-01-2025T09:45:34 - [TEST_CASE][PASSED] - Test Cases/Master Data/Admin Sekolah/Master Data Tahun Ajaran/Tambah Tahun Ajaran: Test Cases/Master Data/Admin Sekolah/Master Data Tahun Ajaran/Tambah Tahun Ajaran

06-01-2025T09:45:34 - [TEST_STEP][PASSED] - openBrowser("", OPTIONAL): Browser is opened with url: ''

06-01-2025T09:45:34 - [MESSAGE][WARNING] - A browser is already opened. Closing browser and opening a new one

06-01-2025T09:45:34 - [MESSAGE][INFO] - Starting 'Chrome' driver

06-01-2025T09:45:34 - [MESSAGE][INFO] - Action delay is set to 0 milliseconds

06-01-2025T09:45:35 - [MESSAGE][PASSED] - Browser is opened with url: ''

06-01-2025T09:45:35 - [TEST_STEP][PASSED] - navigateToUrl("https://sit.siprusedu.com/login", OPTIONAL): Navigate to 'https://sit.siprusedu.com/login' successfully

06-01-2025T09:45:36 - [MESSAGE][PASSED] - Navigate to 'https://sit.siprusedu.com/login' successfully

06-01-2025T09:45:36 - [TEST_STEP][PASSED] - setText(findTestObject("Master Data/Admin Sekolah/Login/Field Email"), "admin.gudangsolusi@digiform.co.id", OPTIONAL): Text 'admin.gudangsolusi@digiform.co.id' is set on object 'Object Repository/Master Data/Admin Sekolah/Login/Field Email'

06-01-2025T09:45:38 - [MESSAGE][PASSED] - Text 'admin.gudangsolusi@digiform.co.id' is set on object 'Object Repository/Master Data/Admin Sekolah/Login/Field Email'

06-01-2025T09:45:38 - [TEST_STEP][PASSED] - setText(findTestObject("Master Data/Admin Sekolah/Login/Input Password"), "Test1234", OPTIONAL): Text 'Test1234' is set on object 'Object Repository/Master Data/Admin Sekolah/Login/Input Password'

06-01-2025T09:45:38 - [MESSAGE][PASSED] - Text 'Test1234' is set on object 'Object Repository/Master Data/Admin Sekolah/Login/Input Password'

06-01-2025T09:45:38 - [TEST_STEP][PASSED] - click(findTestObject("Master Data/Admin Sekolah/Login/Button Submit"), OPTIONAL): Object: 'Object Repository/Master Data/Admin Sekolah/Login/Button Submit' is clicked on

06-01-2025T09:45:39 - [MESSAGE][PASSED] - Object: 'Object Repository/Master Data/Admin Sekolah/Login/Button Submit' is clicked on

06-01-2025T09:45:39 - [TEST_STEP][PASSED] - click(findTestObject("Master Data/Admin Sekolah/Master Data Menu"), OPTIONAL): Object: 'Object Repository/Master Data/Admin Sekolah/Master Data Menu' is clicked on

06-01-2025T09:45:40 - [MESSAGE][PASSED] - Object: 'Object Repository/Master Data/Admin Sekolah/Master Data Menu' is clicked on

06-01-2025T09:45:40 - [TEST_STEP][PASSED] - click(findTestObject("Master Data/Admin Sekolah/Tahun Ajaran/Menu Tahun Ajaran"), OPTIONAL): Object: 'Object Repository/Master Data/Admin Sekolah/Tahun Ajaran/Menu Tahun Ajaran' is clicked on

06-01-2025T09:45:41 - [MESSAGE][PASSED] - Object: 'Object Repository/Master Data/Admin Sekolah/Tahun Ajaran/Menu Tahun Ajaran' is clicked on

06-01-2025T09:45:41 - [TEST_STEP][PASSED] - click(findTestObject("Master Data/Admin Sekolah/Tahun Ajaran/Button Tambah"), OPTIONAL): Unable to click on object 'Object Repository/Master Data/Admin Sekolah/Tahun Ajaran/Button Tambah' (Root cause: com.kms.katalon.core.exception.StepFailedException: Unable to click on object 'Object Repository/Master Data/Admin Sekolah/Tahun Ajaran/Button Tambah'
	at com.kms.katalon.core.webui.keyword.internal.WebUIKeywordMain.stepFailed(WebUIKeywordMain.groovy:117)
	at com.kms.katalon.core.webui.keyword.internal.WebUIKeywordMain.runKeyword(WebUIKeywordMain.groovy:43)
	at com.kms.katalon.core.webui.keyword.builtin.ClickKeyword.click(ClickKeyword.groovy:75)
	at com.kms.katalon.core.webui.keyword.builtin.ClickKeyword.execute(ClickKeyword.groovy:40)
	at com.kms.katalon.core.keyword.internal.KeywordExecutor.executeKeywordForPlatform(KeywordExecutor.groovy:74)
	at com.kms.katalon.core.webui.keyword.WebUiBuiltInKeywords.click(WebUiBuiltInKeywords.groovy:684)
	at Tambah Tahun Ajaran.run(Tambah Tahun Ajaran:41)
	at com.kms.katalon.core.main.ScriptEngine.run(ScriptEngine.java:194)
	at com.kms.katalon.core.main.ScriptEngine.runScriptAsRawText(ScriptEngine.java:119)
	at com.kms.katalon.core.main.TestCaseExecutor.runScript(TestCaseExecutor.java:448)
	at com.kms.katalon.core.main.TestCaseExecutor.doExecute(TestCaseExecutor.java:439)
	at com.kms.katalon.core.main.TestCaseExecutor.processExecutionPhase(TestCaseExecutor.java:418)
	at com.kms.katalon.core.main.TestCaseExecutor.accessMainPhase(TestCaseExecutor.java:410)
	at com.kms.katalon.core.main.TestCaseExecutor.execute(TestCaseExecutor.java:285)
	at com.kms.katalon.core.main.TestCaseMain.runTestCase(TestCaseMain.java:133)
	at com.kms.katalon.core.keyword.builtin.CallTestCaseKeyword$_callTestCase_closure1.doCall(CallTestCaseKeyword.groovy:59)
	at com.kms.katalon.core.keyword.builtin.CallTestCaseKeyword$_callTestCase_closure1.call(CallTestCaseKeyword.groovy)
	at com.kms.katalon.core.keyword.internal.KeywordMain.runKeyword(KeywordMain.groovy:75)
	at com.kms.katalon.core.keyword.builtin.CallTestCaseKeyword.callTestCase(CallTestCaseKeyword.groovy:81)
	at com.kms.katalon.core.keyword.builtin.CallTestCaseKeyword.execute(CallTestCaseKeyword.groovy:44)
	at com.kms.katalon.core.keyword.internal.KeywordExecutor.executeKeywordForPlatform(KeywordExecutor.groovy:74)
	at com.kms.katalon.core.keyword.BuiltinKeywords.callTestCase(BuiltinKeywords.groovy:310)
	at jdk.internal.reflect.GeneratedMethodAccessor47.invoke(Unknown Source)
	at java.base/jdk.internal.reflect.DelegatingMethodAccessorImpl.invoke(DelegatingMethodAccessorImpl.java:43)
	at Regresi Tahun Ajaran.run(Regresi Tahun Ajaran:27)
	at com.kms.katalon.core.main.ScriptEngine.run(ScriptEngine.java:194)
	at com.kms.katalon.core.main.ScriptEngine.runScriptAsRawText(ScriptEngine.java:119)
	at com.kms.katalon.core.main.TestCaseExecutor.runScript(TestCaseExecutor.java:448)
	at com.kms.katalon.core.main.TestCaseExecutor.doExecute(TestCaseExecutor.java:439)
	at com.kms.katalon.core.main.TestCaseExecutor.processExecutionPhase(TestCaseExecutor.java:418)
	at com.kms.katalon.core.main.TestCaseExecutor.accessMainPhase(TestCaseExecutor.java:410)
	at com.kms.katalon.core.main.TestCaseExecutor.execute(TestCaseExecutor.java:285)
	at com.kms.katalon.core.common.CommonExecutor.accessTestCaseMainPhase(CommonExecutor.java:65)
	at com.kms.katalon.core.main.TestSuiteExecutor.accessTestSuiteMainPhase(TestSuiteExecutor.java:161)
	at com.kms.katalon.core.main.TestSuiteExecutor.execute(TestSuiteExecutor.java:107)
	at com.kms.katalon.core.main.TestCaseMain.startTestSuite(TestCaseMain.java:176)
	at TempTestSuite1736130766400.run(TempTestSuite1736130766400.groovy:35)
	at java.base/jdk.internal.reflect.NativeMethodAccessorImpl.invoke0(Native Method)
	at java.base/jdk.internal.reflect.NativeMethodAccessorImpl.invoke(NativeMethodAccessorImpl.java:77)
	at java.base/jdk.internal.reflect.DelegatingMethodAccessorImpl.invoke(DelegatingMethodAccessorImpl.java:43)
Caused by: org.openqa.selenium.InvalidSelectorException: invalid selector
from javascript error: {"status":32,"value":"Unable to locate an element with the xpath expression //button[@data-testid=btn-add-school-year'] because of the following error:\nSyntaxError: Failed to execute 'evaluate' on 'Document': The string '//button[@data-testid=btn-add-school-year']' is not a valid XPath expression."}
  (Session info: chrome=131.0.6778.205)
For documentation on this error, please visit: https://www.selenium.dev/documentation/webdriver/troubleshooting/errors#invalid-selector-exception
Build info: version: '4.22.0', revision: 'c5f3146703'
System info: os.name: 'Windows 11', os.arch: 'amd64', os.version: '10.0', java.version: '17.0.7'
Driver info: com.kms.katalon.selenium.driver.CChromeDriver
Command: [7ea97f38cc3a23ede2cf8f298268763f, findElements {using=xpath, value=//button[@data-testid=btn-add-school-year']}]
Capabilities {acceptInsecureCerts: false, browserName: chrome, browserVersion: 131.0.6778.205, chrome: {chromedriverVersion: 130.0.6723.58 (3a50e012e4c9..., userDataDir: C:\Users\henri\AppData\Loca...}, fedcm:accounts: true, goog:chromeOptions: {debuggerAddress: localhost:49580}, networkConnectionEnabled: false, pageLoadStrategy: normal, platformName: windows, proxy: Proxy(), se:cdp: ws://localhost:49580/devtoo..., se:cdpVersion: 131.0.6778.205, setWindowRect: true, strictFileInteractability: false, timeouts: {implicit: 0, pageLoad: 300000, script: 30000}, unhandledPromptBehavior: ignore, webSocketUrl: ws://localhost:20187/sessio..., webauthn:extension:credBlob: true, webauthn:extension:largeBlob: true, webauthn:extension:minPinLength: true, webauthn:extension:prf: true, webauthn:virtualAuthenticators: true}
Session ID: 7ea97f38cc3a23ede2cf8f298268763f
	at java.base/jdk.internal.reflect.NativeConstructorAccessorImpl.newInstance0(Native Method)
	at java.base/jdk.internal.reflect.NativeConstructorAccessorImpl.newInstance(NativeConstructorAccessorImpl.java:77)
	at java.base/jdk.internal.reflect.DelegatingConstructorAccessorImpl.newInstance(DelegatingConstructorAccessorImpl.java:45)
	at org.openqa.selenium.remote.ErrorCodec.decode(ErrorCodec.java:167)
	at org.openqa.selenium.remote.codec.w3c.W3CHttpResponseCodec.decode(W3CHttpResponseCodec.java:138)
	at org.openqa.selenium.remote.codec.w3c.W3CHttpResponseCodec.decode(W3CHttpResponseCodec.java:50)
	at org.openqa.selenium.remote.HttpCommandExecutor.execute(HttpCommandExecutor.java:190)
	at org.openqa.selenium.remote.service.DriverCommandExecutor.invokeExecute(DriverCommandExecutor.java:216)
	at org.openqa.selenium.remote.service.DriverCommandExecutor.execute(DriverCommandExecutor.java:174)
	at org.openqa.selenium.remote.RemoteWebDriver.execute(RemoteWebDriver.java:518)
	at org.openqa.selenium.remote.ElementLocation$ElementFinder$2.findElements(ElementLocation.java:182)
	at org.openqa.selenium.remote.ElementLocation.findElements(ElementLocation.java:103)
	at org.openqa.selenium.remote.RemoteWebDriver.findElements(RemoteWebDriver.java:368)
	at org.openqa.selenium.remote.RemoteWebDriver.findElements(RemoteWebDriver.java:362)
	at jdk.internal.reflect.GeneratedMethodAccessor19.invoke(Unknown Source)
	at java.base/jdk.internal.reflect.DelegatingMethodAccessorImpl.invoke(DelegatingMethodAccessorImpl.java:43)
	at org.openqa.selenium.support.decorators.WebDriverDecorator.call(WebDriverDecorator.java:249)
	at org.openqa.selenium.support.decorators.DefaultDecorated.call(DefaultDecorated.java:48)
	at org.openqa.selenium.support.decorators.WebDriverDecorator.lambda$createProxy$2(WebDriverDecorator.java:321)
	at org.openqa.selenium.remote.RemoteWebDriver$ByteBuddy$8CGwdjgK.findElements(Unknown Source)
	at com.kms.katalon.core.webui.common.WebUiCommonHelper.findElementByNormalMethods(WebUiCommonHelper.java:1036)
	at com.kms.katalon.core.webui.common.WebUiCommonHelper.findElementsBySelectedMethod(WebUiCommonHelper.java:927)
	at com.kms.katalon.core.webui.common.WebUiCommonHelper.findElementsBySelectedMethod(WebUiCommonHelper.java:909)
	at com.kms.katalon.core.webui.common.WebUiCommonHelper.findElementsBySelectedMethod(WebUiCommonHelper.java:904)
	at com.kms.katalon.core.webui.common.WebUiCommonHelper.findElementsByDefault(WebUiCommonHelper.java:900)
	at com.kms.katalon.core.webui.common.WebUiCommonHelper.findElementsWithSelfHealing(WebUiCommonHelper.java:746)
	at com.kms.katalon.core.webui.common.WebUiCommonHelper.findWebElements(WebUiCommonHelper.java:730)
	at com.kms.katalon.core.webui.common.WebUiCommonHelper.findWebElement(WebUiCommonHelper.java:1416)
	at com.kms.katalon.core.webui.keyword.internal.WebUIAbstractKeyword.findWebElement(WebUIAbstractKeyword.groovy:27)
	at com.kms.katalon.core.webui.keyword.builtin.ClickKeyword$_click_closure1.doCall(ClickKeyword.groovy:66)
	at com.kms.katalon.core.webui.keyword.builtin.ClickKeyword$_click_closure1.call(ClickKeyword.groovy)
	at com.kms.katalon.core.webui.keyword.internal.WebUIKeywordMain.runKeyword(WebUIKeywordMain.groovy:35)
	at com.kms.katalon.core.webui.keyword.builtin.ClickKeyword.click(ClickKeyword.groovy:75)
	at com.kms.katalon.core.webui.keyword.builtin.ClickKeyword.execute(ClickKeyword.groovy:40)
	at com.kms.katalon.core.keyword.internal.KeywordExecutor.executeKeywordForPlatform(KeywordExecutor.groovy:74)
	at com.kms.katalon.core.webui.keyword.WebUiBuiltInKeywords.click(WebUiBuiltInKeywords.groovy:684)
	at Script1731464255956.run(Script1731464255956.groovy:41)
	at com.kms.katalon.core.main.ScriptEngine.run(ScriptEngine.java:194)
	at com.kms.katalon.core.main.ScriptEngine.runScriptAsRawText(ScriptEngine.java:119)
	at com.kms.katalon.core.main.TestCaseExecutor.runScript(TestCaseExecutor.java:448)
	at com.kms.katalon.core.main.TestCaseExecutor.doExecute(TestCaseExecutor.java:439)
	at com.kms.katalon.core.main.TestCaseExecutor.processExecutionPhase(TestCaseExecutor.java:418)
	at com.kms.katalon.core.main.TestCaseExecutor.accessMainPhase(TestCaseExecutor.java:410)
	at com.kms.katalon.core.main.TestCaseExecutor.execute(TestCaseExecutor.java:285)
	at com.kms.katalon.core.main.TestCaseMain.runTestCase(TestCaseMain.java:133)
	at com.kms.katalon.core.keyword.builtin.CallTestCaseKeyword$_callTestCase_closure1.doCall(CallTestCaseKeyword.groovy:59)
	at com.kms.katalon.core.keyword.builtin.CallTestCaseKeyword$_callTestCase_closure1.call(CallTestCaseKeyword.groovy)
	at com.kms.katalon.core.keyword.internal.KeywordMain.runKeyword(KeywordMain.groovy:75)
	at com.kms.katalon.core.keyword.builtin.CallTestCaseKeyword.callTestCase(CallTestCaseKeyword.groovy:81)
	at com.kms.katalon.core.keyword.builtin.CallTestCaseKeyword.execute(CallTestCaseKeyword.groovy:44)
	at com.kms.katalon.core.keyword.internal.KeywordExecutor.executeKeywordForPlatform(KeywordExecutor.groovy:74)
	at com.kms.katalon.core.keyword.BuiltinKeywords.callTestCase(BuiltinKeywords.groovy:310)
	at jdk.internal.reflect.GeneratedMethodAccessor47.invoke(Unknown Source)
	at java.base/jdk.internal.reflect.DelegatingMethodAccessorImpl.invoke(DelegatingMethodAccessorImpl.java:43)
	at Script1735746485307.run(Script1735746485307.groovy:27)
	... 15 more
)

06-01-2025T09:45:42 - [MESSAGE][WARNING] - [SELF-HEALING] Failed to find element with id 'Object Repository/Master Data/Admin Sekolah/Tahun Ajaran/Button Tambah'. Try using Self-healing.

06-01-2025T09:45:43 - [MESSAGE][INFO] - [SELF-HEALING] No working XPath is found.

06-01-2025T09:45:44 - [MESSAGE][WARNING] - [SELF-HEALING] invalid selector
from javascript error: {"status":32,"value":"Unable to locate an element with the xpath expression  because of the following error:\nSyntaxError: Failed to execute 'evaluate' on 'Document': The string '' is not a valid XPath expression."}
  (Session info: chrome=131.0.6778.205)
For documentation on this error, please visit: https://www.selenium.dev/documentation/webdriver/troubleshooting/errors#invalid-selector-exception
Build info: version: '4.22.0', revision: 'c5f3146703'
System info: os.name: 'Windows 11', os.arch: 'amd64', os.version: '10.0', java.version: '17.0.7'
Driver info: com.kms.katalon.selenium.driver.CChromeDriver
Command: [7ea97f38cc3a23ede2cf8f298268763f, findElements {using=xpath, value=}]
Capabilities {acceptInsecureCerts: false, browserName: chrome, browserVersion: 131.0.6778.205, chrome: {chromedriverVersion: 130.0.6723.58 (3a50e012e4c9..., userDataDir: C:\Users\henri\AppData\Loca...}, fedcm:accounts: true, goog:chromeOptions: {debuggerAddress: localhost:49580}, networkConnectionEnabled: false, pageLoadStrategy: normal, platformName: windows, proxy: Proxy(), se:cdp: ws://localhost:49580/devtoo..., se:cdpVersion: 131.0.6778.205, setWindowRect: true, strictFileInteractability: false, timeouts: {implicit: 0, pageLoad: 300000, script: 30000}, unhandledPromptBehavior: ignore, webSocketUrl: ws://localhost:20187/sessio..., webauthn:extension:credBlob: true, webauthn:extension:largeBlob: true, webauthn:extension:minPinLength: true, webauthn:extension:prf: true, webauthn:virtualAuthenticators: true}
Session ID: 7ea97f38cc3a23ede2cf8f298268763f

06-01-2025T09:45:44 - [MESSAGE][WARNING] - [SELF-HEALING] Cannot find elements when the selector is null

06-01-2025T09:45:44 - [MESSAGE][WARNING] - Unable to click on object 'Object Repository/Master Data/Admin Sekolah/Tahun Ajaran/Button Tambah' (Root cause: com.kms.katalon.core.exception.StepFailedException: Unable to click on object 'Object Repository/Master Data/Admin Sekolah/Tahun Ajaran/Button Tambah'
	at com.kms.katalon.core.webui.keyword.internal.WebUIKeywordMain.stepFailed(WebUIKeywordMain.groovy:117)
	at com.kms.katalon.core.webui.keyword.internal.WebUIKeywordMain.runKeyword(WebUIKeywordMain.groovy:43)
	at com.kms.katalon.core.webui.keyword.builtin.ClickKeyword.click(ClickKeyword.groovy:75)
	at com.kms.katalon.core.webui.keyword.builtin.ClickKeyword.execute(ClickKeyword.groovy:40)
	at com.kms.katalon.core.keyword.internal.KeywordExecutor.executeKeywordForPlatform(KeywordExecutor.groovy:74)
	at com.kms.katalon.core.webui.keyword.WebUiBuiltInKeywords.click(WebUiBuiltInKeywords.groovy:684)
	at Tambah Tahun Ajaran.run(Tambah Tahun Ajaran:41)
	at com.kms.katalon.core.main.ScriptEngine.run(ScriptEngine.java:194)
	at com.kms.katalon.core.main.ScriptEngine.runScriptAsRawText(ScriptEngine.java:119)
	at com.kms.katalon.core.main.TestCaseExecutor.runScript(TestCaseExecutor.java:448)
	at com.kms.katalon.core.main.TestCaseExecutor.doExecute(TestCaseExecutor.java:439)
	at com.kms.katalon.core.main.TestCaseExecutor.processExecutionPhase(TestCaseExecutor.java:418)
	at com.kms.katalon.core.main.TestCaseExecutor.accessMainPhase(TestCaseExecutor.java:410)
	at com.kms.katalon.core.main.TestCaseExecutor.execute(TestCaseExecutor.java:285)
	at com.kms.katalon.core.main.TestCaseMain.runTestCase(TestCaseMain.java:133)
	at com.kms.katalon.core.keyword.builtin.CallTestCaseKeyword$_callTestCase_closure1.doCall(CallTestCaseKeyword.groovy:59)
	at com.kms.katalon.core.keyword.builtin.CallTestCaseKeyword$_callTestCase_closure1.call(CallTestCaseKeyword.groovy)
	at com.kms.katalon.core.keyword.internal.KeywordMain.runKeyword(KeywordMain.groovy:75)
	at com.kms.katalon.core.keyword.builtin.CallTestCaseKeyword.callTestCase(CallTestCaseKeyword.groovy:81)
	at com.kms.katalon.core.keyword.builtin.CallTestCaseKeyword.execute(CallTestCaseKeyword.groovy:44)
	at com.kms.katalon.core.keyword.internal.KeywordExecutor.executeKeywordForPlatform(KeywordExecutor.groovy:74)
	at com.kms.katalon.core.keyword.BuiltinKeywords.callTestCase(BuiltinKeywords.groovy:310)
	at jdk.internal.reflect.GeneratedMethodAccessor47.invoke(Unknown Source)
	at java.base/jdk.internal.reflect.DelegatingMethodAccessorImpl.invoke(DelegatingMethodAccessorImpl.java:43)
	at Regresi Tahun Ajaran.run(Regresi Tahun Ajaran:27)
	at com.kms.katalon.core.main.ScriptEngine.run(ScriptEngine.java:194)
	at com.kms.katalon.core.main.ScriptEngine.runScriptAsRawText(ScriptEngine.java:119)
	at com.kms.katalon.core.main.TestCaseExecutor.runScript(TestCaseExecutor.java:448)
	at com.kms.katalon.core.main.TestCaseExecutor.doExecute(TestCaseExecutor.java:439)
	at com.kms.katalon.core.main.TestCaseExecutor.processExecutionPhase(TestCaseExecutor.java:418)
	at com.kms.katalon.core.main.TestCaseExecutor.accessMainPhase(TestCaseExecutor.java:410)
	at com.kms.katalon.core.main.TestCaseExecutor.execute(TestCaseExecutor.java:285)
	at com.kms.katalon.core.common.CommonExecutor.accessTestCaseMainPhase(CommonExecutor.java:65)
	at com.kms.katalon.core.main.TestSuiteExecutor.accessTestSuiteMainPhase(TestSuiteExecutor.java:161)
	at com.kms.katalon.core.main.TestSuiteExecutor.execute(TestSuiteExecutor.java:107)
	at com.kms.katalon.core.main.TestCaseMain.startTestSuite(TestCaseMain.java:176)
	at TempTestSuite1736130766400.run(TempTestSuite1736130766400.groovy:35)
	at java.base/jdk.internal.reflect.NativeMethodAccessorImpl.invoke0(Native Method)
	at java.base/jdk.internal.reflect.NativeMethodAccessorImpl.invoke(NativeMethodAccessorImpl.java:77)
	at java.base/jdk.internal.reflect.DelegatingMethodAccessorImpl.invoke(DelegatingMethodAccessorImpl.java:43)
Caused by: org.openqa.selenium.InvalidSelectorException: invalid selector
from javascript error: {"status":32,"value":"Unable to locate an element with the xpath expression //button[@data-testid=btn-add-school-year'] because of the following error:\nSyntaxError: Failed to execute 'evaluate' on 'Document': The string '//button[@data-testid=btn-add-school-year']' is not a valid XPath expression."}
  (Session info: chrome=131.0.6778.205)
For documentation on this error, please visit: https://www.selenium.dev/documentation/webdriver/troubleshooting/errors#invalid-selector-exception
Build info: version: '4.22.0', revision: 'c5f3146703'
System info: os.name: 'Windows 11', os.arch: 'amd64', os.version: '10.0', java.version: '17.0.7'
Driver info: com.kms.katalon.selenium.driver.CChromeDriver
Command: [7ea97f38cc3a23ede2cf8f298268763f, findElements {using=xpath, value=//button[@data-testid=btn-add-school-year']}]
Capabilities {acceptInsecureCerts: false, browserName: chrome, browserVersion: 131.0.6778.205, chrome: {chromedriverVersion: 130.0.6723.58 (3a50e012e4c9..., userDataDir: C:\Users\henri\AppData\Loca...}, fedcm:accounts: true, goog:chromeOptions: {debuggerAddress: localhost:49580}, networkConnectionEnabled: false, pageLoadStrategy: normal, platformName: windows, proxy: Proxy(), se:cdp: ws://localhost:49580/devtoo..., se:cdpVersion: 131.0.6778.205, setWindowRect: true, strictFileInteractability: false, timeouts: {implicit: 0, pageLoad: 300000, script: 30000}, unhandledPromptBehavior: ignore, webSocketUrl: ws://localhost:20187/sessio..., webauthn:extension:credBlob: true, webauthn:extension:largeBlob: true, webauthn:extension:minPinLength: true, webauthn:extension:prf: true, webauthn:virtualAuthenticators: true}
Session ID: 7ea97f38cc3a23ede2cf8f298268763f
	at java.base/jdk.internal.reflect.NativeConstructorAccessorImpl.newInstance0(Native Method)
	at java.base/jdk.internal.reflect.NativeConstructorAccessorImpl.newInstance(NativeConstructorAccessorImpl.java:77)
	at java.base/jdk.internal.reflect.DelegatingConstructorAccessorImpl.newInstance(DelegatingConstructorAccessorImpl.java:45)
	at org.openqa.selenium.remote.ErrorCodec.decode(ErrorCodec.java:167)
	at org.openqa.selenium.remote.codec.w3c.W3CHttpResponseCodec.decode(W3CHttpResponseCodec.java:138)
	at org.openqa.selenium.remote.codec.w3c.W3CHttpResponseCodec.decode(W3CHttpResponseCodec.java:50)
	at org.openqa.selenium.remote.HttpCommandExecutor.execute(HttpCommandExecutor.java:190)
	at org.openqa.selenium.remote.service.DriverCommandExecutor.invokeExecute(DriverCommandExecutor.java:216)
	at org.openqa.selenium.remote.service.DriverCommandExecutor.execute(DriverCommandExecutor.java:174)
	at org.openqa.selenium.remote.RemoteWebDriver.execute(RemoteWebDriver.java:518)
	at org.openqa.selenium.remote.ElementLocation$ElementFinder$2.findElements(ElementLocation.java:182)
	at org.openqa.selenium.remote.ElementLocation.findElements(ElementLocation.java:103)
	at org.openqa.selenium.remote.RemoteWebDriver.findElements(RemoteWebDriver.java:368)
	at org.openqa.selenium.remote.RemoteWebDriver.findElements(RemoteWebDriver.java:362)
	at jdk.internal.reflect.GeneratedMethodAccessor19.invoke(Unknown Source)
	at java.base/jdk.internal.reflect.DelegatingMethodAccessorImpl.invoke(DelegatingMethodAccessorImpl.java:43)
	at org.openqa.selenium.support.decorators.WebDriverDecorator.call(WebDriverDecorator.java:249)
	at org.openqa.selenium.support.decorators.DefaultDecorated.call(DefaultDecorated.java:48)
	at org.openqa.selenium.support.decorators.WebDriverDecorator.lambda$createProxy$2(WebDriverDecorator.java:321)
	at org.openqa.selenium.remote.RemoteWebDriver$ByteBuddy$8CGwdjgK.findElements(Unknown Source)
	at com.kms.katalon.core.webui.common.WebUiCommonHelper.findElementByNormalMethods(WebUiCommonHelper.java:1036)
	at com.kms.katalon.core.webui.common.WebUiCommonHelper.findElementsBySelectedMethod(WebUiCommonHelper.java:927)
	at com.kms.katalon.core.webui.common.WebUiCommonHelper.findElementsBySelectedMethod(WebUiCommonHelper.java:909)
	at com.kms.katalon.core.webui.common.WebUiCommonHelper.findElementsBySelectedMethod(WebUiCommonHelper.java:904)
	at com.kms.katalon.core.webui.common.WebUiCommonHelper.findElementsByDefault(WebUiCommonHelper.java:900)
	at com.kms.katalon.core.webui.common.WebUiCommonHelper.findElementsWithSelfHealing(WebUiCommonHelper.java:746)
	at com.kms.katalon.core.webui.common.WebUiCommonHelper.findWebElements(WebUiCommonHelper.java:730)
	at com.kms.katalon.core.webui.common.WebUiCommonHelper.findWebElement(WebUiCommonHelper.java:1416)
	at com.kms.katalon.core.webui.keyword.internal.WebUIAbstractKeyword.findWebElement(WebUIAbstractKeyword.groovy:27)
	at com.kms.katalon.core.webui.keyword.builtin.ClickKeyword$_click_closure1.doCall(ClickKeyword.groovy:66)
	at com.kms.katalon.core.webui.keyword.builtin.ClickKeyword$_click_closure1.call(ClickKeyword.groovy)
	at com.kms.katalon.core.webui.keyword.internal.WebUIKeywordMain.runKeyword(WebUIKeywordMain.groovy:35)
	at com.kms.katalon.core.webui.keyword.builtin.ClickKeyword.click(ClickKeyword.groovy:75)
	at com.kms.katalon.core.webui.keyword.builtin.ClickKeyword.execute(ClickKeyword.groovy:40)
	at com.kms.katalon.core.keyword.internal.KeywordExecutor.executeKeywordForPlatform(KeywordExecutor.groovy:74)
	at com.kms.katalon.core.webui.keyword.WebUiBuiltInKeywords.click(WebUiBuiltInKeywords.groovy:684)
	at Script1731464255956.run(Script1731464255956.groovy:41)
	at com.kms.katalon.core.main.ScriptEngine.run(ScriptEngine.java:194)
	at com.kms.katalon.core.main.ScriptEngine.runScriptAsRawText(ScriptEngine.java:119)
	at com.kms.katalon.core.main.TestCaseExecutor.runScript(TestCaseExecutor.java:448)
	at com.kms.katalon.core.main.TestCaseExecutor.doExecute(TestCaseExecutor.java:439)
	at com.kms.katalon.core.main.TestCaseExecutor.processExecutionPhase(TestCaseExecutor.java:418)
	at com.kms.katalon.core.main.TestCaseExecutor.accessMainPhase(TestCaseExecutor.java:410)
	at com.kms.katalon.core.main.TestCaseExecutor.execute(TestCaseExecutor.java:285)
	at com.kms.katalon.core.main.TestCaseMain.runTestCase(TestCaseMain.java:133)
	at com.kms.katalon.core.keyword.builtin.CallTestCaseKeyword$_callTestCase_closure1.doCall(CallTestCaseKeyword.groovy:59)
	at com.kms.katalon.core.keyword.builtin.CallTestCaseKeyword$_callTestCase_closure1.call(CallTestCaseKeyword.groovy)
	at com.kms.katalon.core.keyword.internal.KeywordMain.runKeyword(KeywordMain.groovy:75)
	at com.kms.katalon.core.keyword.builtin.CallTestCaseKeyword.callTestCase(CallTestCaseKeyword.groovy:81)
	at com.kms.katalon.core.keyword.builtin.CallTestCaseKeyword.execute(CallTestCaseKeyword.groovy:44)
	at com.kms.katalon.core.keyword.internal.KeywordExecutor.executeKeywordForPlatform(KeywordExecutor.groovy:74)
	at com.kms.katalon.core.keyword.BuiltinKeywords.callTestCase(BuiltinKeywords.groovy:310)
	at jdk.internal.reflect.GeneratedMethodAccessor47.invoke(Unknown Source)
	at java.base/jdk.internal.reflect.DelegatingMethodAccessorImpl.invoke(DelegatingMethodAccessorImpl.java:43)
	at Script1735746485307.run(Script1735746485307.groovy:27)
	... 15 more
)
[[ATTACHMENT|C:\\Users\\henri\\Videos\\school-payment-automation-testing\\Reports\\20250106_093246\\Regresi All Sprint\\20250106_093246\\1736131544529.png]]

06-01-2025T09:45:44 - [TEST_STEP][PASSED] - click(findTestObject("Master Data/Admin Sekolah/Tahun Ajaran/Tahun Mulai/Dropdown Tahun Mulai"), OPTIONAL): Unable to click on object 'Object Repository/Master Data/Admin Sekolah/Tahun Ajaran/Tahun Mulai/Dropdown Tahun Mulai' (Root cause: com.kms.katalon.core.exception.StepFailedException: Unable to click on object 'Object Repository/Master Data/Admin Sekolah/Tahun Ajaran/Tahun Mulai/Dropdown Tahun Mulai'
	at com.kms.katalon.core.webui.keyword.internal.WebUIKeywordMain.stepFailed(WebUIKeywordMain.groovy:117)
	at com.kms.katalon.core.webui.keyword.internal.WebUIKeywordMain.runKeyword(WebUIKeywordMain.groovy:43)
	at com.kms.katalon.core.webui.keyword.builtin.ClickKeyword.click(ClickKeyword.groovy:75)
	at com.kms.katalon.core.webui.keyword.builtin.ClickKeyword.execute(ClickKeyword.groovy:40)
	at com.kms.katalon.core.keyword.internal.KeywordExecutor.executeKeywordForPlatform(KeywordExecutor.groovy:74)
	at com.kms.katalon.core.webui.keyword.WebUiBuiltInKeywords.click(WebUiBuiltInKeywords.groovy:684)
	at Tambah Tahun Ajaran.run(Tambah Tahun Ajaran:43)
	at com.kms.katalon.core.main.ScriptEngine.run(ScriptEngine.java:194)
	at com.kms.katalon.core.main.ScriptEngine.runScriptAsRawText(ScriptEngine.java:119)
	at com.kms.katalon.core.main.TestCaseExecutor.runScript(TestCaseExecutor.java:448)
	at com.kms.katalon.core.main.TestCaseExecutor.doExecute(TestCaseExecutor.java:439)
	at com.kms.katalon.core.main.TestCaseExecutor.processExecutionPhase(TestCaseExecutor.java:418)
	at com.kms.katalon.core.main.TestCaseExecutor.accessMainPhase(TestCaseExecutor.java:410)
	at com.kms.katalon.core.main.TestCaseExecutor.execute(TestCaseExecutor.java:285)
	at com.kms.katalon.core.main.TestCaseMain.runTestCase(TestCaseMain.java:133)
	at com.kms.katalon.core.keyword.builtin.CallTestCaseKeyword$_callTestCase_closure1.doCall(CallTestCaseKeyword.groovy:59)
	at com.kms.katalon.core.keyword.builtin.CallTestCaseKeyword$_callTestCase_closure1.call(CallTestCaseKeyword.groovy)
	at com.kms.katalon.core.keyword.internal.KeywordMain.runKeyword(KeywordMain.groovy:75)
	at com.kms.katalon.core.keyword.builtin.CallTestCaseKeyword.callTestCase(CallTestCaseKeyword.groovy:81)
	at com.kms.katalon.core.keyword.builtin.CallTestCaseKeyword.execute(CallTestCaseKeyword.groovy:44)
	at com.kms.katalon.core.keyword.internal.KeywordExecutor.executeKeywordForPlatform(KeywordExecutor.groovy:74)
	at com.kms.katalon.core.keyword.BuiltinKeywords.callTestCase(BuiltinKeywords.groovy:310)
	at jdk.internal.reflect.GeneratedMethodAccessor47.invoke(Unknown Source)
	at java.base/jdk.internal.reflect.DelegatingMethodAccessorImpl.invoke(DelegatingMethodAccessorImpl.java:43)
	at Regresi Tahun Ajaran.run(Regresi Tahun Ajaran:27)
	at com.kms.katalon.core.main.ScriptEngine.run(ScriptEngine.java:194)
	at com.kms.katalon.core.main.ScriptEngine.runScriptAsRawText(ScriptEngine.java:119)
	at com.kms.katalon.core.main.TestCaseExecutor.runScript(TestCaseExecutor.java:448)
	at com.kms.katalon.core.main.TestCaseExecutor.doExecute(TestCaseExecutor.java:439)
	at com.kms.katalon.core.main.TestCaseExecutor.processExecutionPhase(TestCaseExecutor.java:418)
	at com.kms.katalon.core.main.TestCaseExecutor.accessMainPhase(TestCaseExecutor.java:410)
	at com.kms.katalon.core.main.TestCaseExecutor.execute(TestCaseExecutor.java:285)
	at com.kms.katalon.core.common.CommonExecutor.accessTestCaseMainPhase(CommonExecutor.java:65)
	at com.kms.katalon.core.main.TestSuiteExecutor.accessTestSuiteMainPhase(TestSuiteExecutor.java:161)
	at com.kms.katalon.core.main.TestSuiteExecutor.execute(TestSuiteExecutor.java:107)
	at com.kms.katalon.core.main.TestCaseMain.startTestSuite(TestCaseMain.java:176)
	at TempTestSuite1736130766400.run(TempTestSuite1736130766400.groovy:35)
	at java.base/jdk.internal.reflect.NativeMethodAccessorImpl.invoke0(Native Method)
	at java.base/jdk.internal.reflect.NativeMethodAccessorImpl.invoke(NativeMethodAccessorImpl.java:77)
	at java.base/jdk.internal.reflect.DelegatingMethodAccessorImpl.invoke(DelegatingMethodAccessorImpl.java:43)
Caused by: com.kms.katalon.core.webui.exception.WebElementNotFoundException: Web element with id: 'Object Repository/Master Data/Admin Sekolah/Tahun Ajaran/Tahun Mulai/Dropdown Tahun Mulai' located by '//*[@id="startDate"]//div[2]/div
' not found
	at com.kms.katalon.core.webui.common.WebUiCommonHelper.findWebElement(WebUiCommonHelper.java:1426)
	at com.kms.katalon.core.webui.keyword.internal.WebUIAbstractKeyword.findWebElement(WebUIAbstractKeyword.groovy:27)
	at com.kms.katalon.core.webui.keyword.builtin.ClickKeyword$_click_closure1.doCall(ClickKeyword.groovy:66)
	at com.kms.katalon.core.webui.keyword.builtin.ClickKeyword$_click_closure1.call(ClickKeyword.groovy)
	at com.kms.katalon.core.webui.keyword.internal.WebUIKeywordMain.runKeyword(WebUIKeywordMain.groovy:35)
	at com.kms.katalon.core.webui.keyword.builtin.ClickKeyword.click(ClickKeyword.groovy:75)
	at com.kms.katalon.core.webui.keyword.builtin.ClickKeyword.execute(ClickKeyword.groovy:40)
	at com.kms.katalon.core.keyword.internal.KeywordExecutor.executeKeywordForPlatform(KeywordExecutor.groovy:74)
	at com.kms.katalon.core.webui.keyword.WebUiBuiltInKeywords.click(WebUiBuiltInKeywords.groovy:684)
	at Script1731464255956.run(Script1731464255956.groovy:43)
	at com.kms.katalon.core.main.ScriptEngine.run(ScriptEngine.java:194)
	at com.kms.katalon.core.main.ScriptEngine.runScriptAsRawText(ScriptEngine.java:119)
	at com.kms.katalon.core.main.TestCaseExecutor.runScript(TestCaseExecutor.java:448)
	at com.kms.katalon.core.main.TestCaseExecutor.doExecute(TestCaseExecutor.java:439)
	at com.kms.katalon.core.main.TestCaseExecutor.processExecutionPhase(TestCaseExecutor.java:418)
	at com.kms.katalon.core.main.TestCaseExecutor.accessMainPhase(TestCaseExecutor.java:410)
	at com.kms.katalon.core.main.TestCaseExecutor.execute(TestCaseExecutor.java:285)
	at com.kms.katalon.core.main.TestCaseMain.runTestCase(TestCaseMain.java:133)
	at com.kms.katalon.core.keyword.builtin.CallTestCaseKeyword$_callTestCase_closure1.doCall(CallTestCaseKeyword.groovy:59)
	at com.kms.katalon.core.keyword.builtin.CallTestCaseKeyword$_callTestCase_closure1.call(CallTestCaseKeyword.groovy)
	at com.kms.katalon.core.keyword.internal.KeywordMain.runKeyword(KeywordMain.groovy:75)
	at com.kms.katalon.core.keyword.builtin.CallTestCaseKeyword.callTestCase(CallTestCaseKeyword.groovy:81)
	at com.kms.katalon.core.keyword.builtin.CallTestCaseKeyword.execute(CallTestCaseKeyword.groovy:44)
	at com.kms.katalon.core.keyword.internal.KeywordExecutor.executeKeywordForPlatform(KeywordExecutor.groovy:74)
	at com.kms.katalon.core.keyword.BuiltinKeywords.callTestCase(BuiltinKeywords.groovy:310)
	at jdk.internal.reflect.GeneratedMethodAccessor47.invoke(Unknown Source)
	at java.base/jdk.internal.reflect.DelegatingMethodAccessorImpl.invoke(DelegatingMethodAccessorImpl.java:43)
	at Script1735746485307.run(Script1735746485307.groovy:27)
	... 15 more
)

06-01-2025T09:46:15 - [MESSAGE][INFO] - Unable to find the element located by 'By.xpath: //*[@id="startDate"]//div[2]/div
'. Please recheck the objects properties to make sure the desired element is located. 

06-01-2025T09:46:15 - [MESSAGE][WARNING] - [SELF-HEALING] Failed to find element with id 'Object Repository/Master Data/Admin Sekolah/Tahun Ajaran/Tahun Mulai/Dropdown Tahun Mulai'. Try using Self-healing.

06-01-2025T09:46:16 - [MESSAGE][INFO] - [SELF-HEALING] No working XPath is found.

06-01-2025T09:46:18 - [MESSAGE][WARNING] - [SELF-HEALING] invalid selector
from javascript error: {"status":32,"value":"Unable to locate an element with the xpath expression  because of the following error:\nSyntaxError: Failed to execute 'evaluate' on 'Document': The string '' is not a valid XPath expression."}
  (Session info: chrome=131.0.6778.205)
For documentation on this error, please visit: https://www.selenium.dev/documentation/webdriver/troubleshooting/errors#invalid-selector-exception
Build info: version: '4.22.0', revision: 'c5f3146703'
System info: os.name: 'Windows 11', os.arch: 'amd64', os.version: '10.0', java.version: '17.0.7'
Driver info: com.kms.katalon.selenium.driver.CChromeDriver
Command: [7ea97f38cc3a23ede2cf8f298268763f, findElements {using=xpath, value=}]
Capabilities {acceptInsecureCerts: false, browserName: chrome, browserVersion: 131.0.6778.205, chrome: {chromedriverVersion: 130.0.6723.58 (3a50e012e4c9..., userDataDir: C:\Users\henri\AppData\Loca...}, fedcm:accounts: true, goog:chromeOptions: {debuggerAddress: localhost:49580}, networkConnectionEnabled: false, pageLoadStrategy: normal, platformName: windows, proxy: Proxy(), se:cdp: ws://localhost:49580/devtoo..., se:cdpVersion: 131.0.6778.205, setWindowRect: true, strictFileInteractability: false, timeouts: {implicit: 0, pageLoad: 300000, script: 30000}, unhandledPromptBehavior: ignore, webSocketUrl: ws://localhost:20187/sessio..., webauthn:extension:credBlob: true, webauthn:extension:largeBlob: true, webauthn:extension:minPinLength: true, webauthn:extension:prf: true, webauthn:virtualAuthenticators: true}
Session ID: 7ea97f38cc3a23ede2cf8f298268763f

06-01-2025T09:46:18 - [MESSAGE][WARNING] - [SELF-HEALING] Cannot find elements when the selector is null

06-01-2025T09:46:18 - [MESSAGE][WARNING] - Unable to click on object 'Object Repository/Master Data/Admin Sekolah/Tahun Ajaran/Tahun Mulai/Dropdown Tahun Mulai' (Root cause: com.kms.katalon.core.exception.StepFailedException: Unable to click on object 'Object Repository/Master Data/Admin Sekolah/Tahun Ajaran/Tahun Mulai/Dropdown Tahun Mulai'
	at com.kms.katalon.core.webui.keyword.internal.WebUIKeywordMain.stepFailed(WebUIKeywordMain.groovy:117)
	at com.kms.katalon.core.webui.keyword.internal.WebUIKeywordMain.runKeyword(WebUIKeywordMain.groovy:43)
	at com.kms.katalon.core.webui.keyword.builtin.ClickKeyword.click(ClickKeyword.groovy:75)
	at com.kms.katalon.core.webui.keyword.builtin.ClickKeyword.execute(ClickKeyword.groovy:40)
	at com.kms.katalon.core.keyword.internal.KeywordExecutor.executeKeywordForPlatform(KeywordExecutor.groovy:74)
	at com.kms.katalon.core.webui.keyword.WebUiBuiltInKeywords.click(WebUiBuiltInKeywords.groovy:684)
	at Tambah Tahun Ajaran.run(Tambah Tahun Ajaran:43)
	at com.kms.katalon.core.main.ScriptEngine.run(ScriptEngine.java:194)
	at com.kms.katalon.core.main.ScriptEngine.runScriptAsRawText(ScriptEngine.java:119)
	at com.kms.katalon.core.main.TestCaseExecutor.runScript(TestCaseExecutor.java:448)
	at com.kms.katalon.core.main.TestCaseExecutor.doExecute(TestCaseExecutor.java:439)
	at com.kms.katalon.core.main.TestCaseExecutor.processExecutionPhase(TestCaseExecutor.java:418)
	at com.kms.katalon.core.main.TestCaseExecutor.accessMainPhase(TestCaseExecutor.java:410)
	at com.kms.katalon.core.main.TestCaseExecutor.execute(TestCaseExecutor.java:285)
	at com.kms.katalon.core.main.TestCaseMain.runTestCase(TestCaseMain.java:133)
	at com.kms.katalon.core.keyword.builtin.CallTestCaseKeyword$_callTestCase_closure1.doCall(CallTestCaseKeyword.groovy:59)
	at com.kms.katalon.core.keyword.builtin.CallTestCaseKeyword$_callTestCase_closure1.call(CallTestCaseKeyword.groovy)
	at com.kms.katalon.core.keyword.internal.KeywordMain.runKeyword(KeywordMain.groovy:75)
	at com.kms.katalon.core.keyword.builtin.CallTestCaseKeyword.callTestCase(CallTestCaseKeyword.groovy:81)
	at com.kms.katalon.core.keyword.builtin.CallTestCaseKeyword.execute(CallTestCaseKeyword.groovy:44)
	at com.kms.katalon.core.keyword.internal.KeywordExecutor.executeKeywordForPlatform(KeywordExecutor.groovy:74)
	at com.kms.katalon.core.keyword.BuiltinKeywords.callTestCase(BuiltinKeywords.groovy:310)
	at jdk.internal.reflect.GeneratedMethodAccessor47.invoke(Unknown Source)
	at java.base/jdk.internal.reflect.DelegatingMethodAccessorImpl.invoke(DelegatingMethodAccessorImpl.java:43)
	at Regresi Tahun Ajaran.run(Regresi Tahun Ajaran:27)
	at com.kms.katalon.core.main.ScriptEngine.run(ScriptEngine.java:194)
	at com.kms.katalon.core.main.ScriptEngine.runScriptAsRawText(ScriptEngine.java:119)
	at com.kms.katalon.core.main.TestCaseExecutor.runScript(TestCaseExecutor.java:448)
	at com.kms.katalon.core.main.TestCaseExecutor.doExecute(TestCaseExecutor.java:439)
	at com.kms.katalon.core.main.TestCaseExecutor.processExecutionPhase(TestCaseExecutor.java:418)
	at com.kms.katalon.core.main.TestCaseExecutor.accessMainPhase(TestCaseExecutor.java:410)
	at com.kms.katalon.core.main.TestCaseExecutor.execute(TestCaseExecutor.java:285)
	at com.kms.katalon.core.common.CommonExecutor.accessTestCaseMainPhase(CommonExecutor.java:65)
	at com.kms.katalon.core.main.TestSuiteExecutor.accessTestSuiteMainPhase(TestSuiteExecutor.java:161)
	at com.kms.katalon.core.main.TestSuiteExecutor.execute(TestSuiteExecutor.java:107)
	at com.kms.katalon.core.main.TestCaseMain.startTestSuite(TestCaseMain.java:176)
	at TempTestSuite1736130766400.run(TempTestSuite1736130766400.groovy:35)
	at java.base/jdk.internal.reflect.NativeMethodAccessorImpl.invoke0(Native Method)
	at java.base/jdk.internal.reflect.NativeMethodAccessorImpl.invoke(NativeMethodAccessorImpl.java:77)
	at java.base/jdk.internal.reflect.DelegatingMethodAccessorImpl.invoke(DelegatingMethodAccessorImpl.java:43)
Caused by: com.kms.katalon.core.webui.exception.WebElementNotFoundException: Web element with id: 'Object Repository/Master Data/Admin Sekolah/Tahun Ajaran/Tahun Mulai/Dropdown Tahun Mulai' located by '//*[@id="startDate"]//div[2]/div
' not found
	at com.kms.katalon.core.webui.common.WebUiCommonHelper.findWebElement(WebUiCommonHelper.java:1426)
	at com.kms.katalon.core.webui.keyword.internal.WebUIAbstractKeyword.findWebElement(WebUIAbstractKeyword.groovy:27)
	at com.kms.katalon.core.webui.keyword.builtin.ClickKeyword$_click_closure1.doCall(ClickKeyword.groovy:66)
	at com.kms.katalon.core.webui.keyword.builtin.ClickKeyword$_click_closure1.call(ClickKeyword.groovy)
	at com.kms.katalon.core.webui.keyword.internal.WebUIKeywordMain.runKeyword(WebUIKeywordMain.groovy:35)
	at com.kms.katalon.core.webui.keyword.builtin.ClickKeyword.click(ClickKeyword.groovy:75)
	at com.kms.katalon.core.webui.keyword.builtin.ClickKeyword.execute(ClickKeyword.groovy:40)
	at com.kms.katalon.core.keyword.internal.KeywordExecutor.executeKeywordForPlatform(KeywordExecutor.groovy:74)
	at com.kms.katalon.core.webui.keyword.WebUiBuiltInKeywords.click(WebUiBuiltInKeywords.groovy:684)
	at Script1731464255956.run(Script1731464255956.groovy:43)
	at com.kms.katalon.core.main.ScriptEngine.run(ScriptEngine.java:194)
	at com.kms.katalon.core.main.ScriptEngine.runScriptAsRawText(ScriptEngine.java:119)
	at com.kms.katalon.core.main.TestCaseExecutor.runScript(TestCaseExecutor.java:448)
	at com.kms.katalon.core.main.TestCaseExecutor.doExecute(TestCaseExecutor.java:439)
	at com.kms.katalon.core.main.TestCaseExecutor.processExecutionPhase(TestCaseExecutor.java:418)
	at com.kms.katalon.core.main.TestCaseExecutor.accessMainPhase(TestCaseExecutor.java:410)
	at com.kms.katalon.core.main.TestCaseExecutor.execute(TestCaseExecutor.java:285)
	at com.kms.katalon.core.main.TestCaseMain.runTestCase(TestCaseMain.java:133)
	at com.kms.katalon.core.keyword.builtin.CallTestCaseKeyword$_callTestCase_closure1.doCall(CallTestCaseKeyword.groovy:59)
	at com.kms.katalon.core.keyword.builtin.CallTestCaseKeyword$_callTestCase_closure1.call(CallTestCaseKeyword.groovy)
	at com.kms.katalon.core.keyword.internal.KeywordMain.runKeyword(KeywordMain.groovy:75)
	at com.kms.katalon.core.keyword.builtin.CallTestCaseKeyword.callTestCase(CallTestCaseKeyword.groovy:81)
	at com.kms.katalon.core.keyword.builtin.CallTestCaseKeyword.execute(CallTestCaseKeyword.groovy:44)
	at com.kms.katalon.core.keyword.internal.KeywordExecutor.executeKeywordForPlatform(KeywordExecutor.groovy:74)
	at com.kms.katalon.core.keyword.BuiltinKeywords.callTestCase(BuiltinKeywords.groovy:310)
	at jdk.internal.reflect.GeneratedMethodAccessor47.invoke(Unknown Source)
	at java.base/jdk.internal.reflect.DelegatingMethodAccessorImpl.invoke(DelegatingMethodAccessorImpl.java:43)
	at Script1735746485307.run(Script1735746485307.groovy:27)
	... 15 more
)
[[ATTACHMENT|C:\\Users\\henri\\Videos\\school-payment-automation-testing\\Reports\\20250106_093246\\Regresi All Sprint\\20250106_093246\\1736131578045.png]]

06-01-2025T09:46:18 - [TEST_STEP][PASSED] - dynamicXPath = createDynamicXPath("10"): null

06-01-2025T09:46:18 - [TEST_STEP][PASSED] - return ((//div[@class='mt-2 grid grid-cols-7']//p[text()=' + date) + ' and contains(@class, 'cursor-pointer')]): null

06-01-2025T09:46:18 - [TEST_STEP][PASSED] - dynamicTestObject = TestObject().addProperty("xpath", EQUALS, dynamicXPath): null

06-01-2025T09:46:18 - [TEST_STEP][PASSED] - click(dynamicTestObject, OPTIONAL): Object: '' is clicked on

06-01-2025T09:46:22 - [MESSAGE][PASSED] - Object: '' is clicked on

06-01-2025T09:46:22 - [TEST_STEP][PASSED] - click(findTestObject("Master Data/Admin Sekolah/Tahun Ajaran/Button Submit Tahun Ajaran"), OPTIONAL): Object: 'Object Repository/Master Data/Admin Sekolah/Tahun Ajaran/Button Submit Tahun Ajaran' is clicked on

06-01-2025T09:46:22 - [MESSAGE][PASSED] - Object: 'Object Repository/Master Data/Admin Sekolah/Tahun Ajaran/Button Submit Tahun Ajaran' is clicked on

06-01-2025T09:46:22 - [TEST_STEP][PASSED] - closeBrowser(OPTIONAL): Browser is closed

06-01-2025T09:46:23 - [MESSAGE][PASSED] - Browser is closed

06-01-2025T09:46:23 - [MESSAGE][PASSED] - Call Test Case 'Test Cases/Master Data/Admin Sekolah/Master Data Tahun Ajaran/Tambah Tahun Ajaran' successfully

06-01-2025T09:46:23 - [TEST_STEP][PASSED] - println("============================= Loop Again ==============================="): null

06-01-2025T09:46:23 - [TEST_STEP][PASSED] - callTestCase(findTestCase("Test Cases/Master Data/Admin Sekolah/Master Data Tahun Ajaran/Edit Tahun Ajaran"), [:], OPTIONAL): Call Test Case 'Test Cases/Master Data/Admin Sekolah/Master Data Tahun Ajaran/Edit Tahun Ajaran' successfully

06-01-2025T09:46:23 - [TEST_CASE][PASSED] - Test Cases/Master Data/Admin Sekolah/Master Data Tahun Ajaran/Edit Tahun Ajaran: Test Cases/Master Data/Admin Sekolah/Master Data Tahun Ajaran/Edit Tahun Ajaran

06-01-2025T09:46:23 - [TEST_STEP][PASSED] - openBrowser("", OPTIONAL): Browser is opened with url: ''

06-01-2025T09:46:23 - [MESSAGE][INFO] - Starting 'Chrome' driver

06-01-2025T09:46:23 - [MESSAGE][INFO] - Action delay is set to 0 milliseconds

06-01-2025T09:46:23 - [MESSAGE][PASSED] - Browser is opened with url: ''

06-01-2025T09:46:23 - [TEST_STEP][PASSED] - navigateToUrl("https://sit.siprusedu.com/login", OPTIONAL): Navigate to 'https://sit.siprusedu.com/login' successfully

06-01-2025T09:46:24 - [MESSAGE][PASSED] - Navigate to 'https://sit.siprusedu.com/login' successfully

06-01-2025T09:46:24 - [TEST_STEP][PASSED] - click(findTestObject("Master Data/Admin Sekolah/Login/Field Email"), OPTIONAL): Object: 'Object Repository/Master Data/Admin Sekolah/Login/Field Email' is clicked on

06-01-2025T09:46:25 - [MESSAGE][PASSED] - Object: 'Object Repository/Master Data/Admin Sekolah/Login/Field Email' is clicked on

06-01-2025T09:46:25 - [TEST_STEP][PASSED] - setText(findTestObject("Master Data/Admin Sekolah/Login/Field Email"), "admin.gudangsolusi@digiform.co.id", OPTIONAL): Text 'admin.gudangsolusi@digiform.co.id' is set on object 'Object Repository/Master Data/Admin Sekolah/Login/Field Email'

06-01-2025T09:46:26 - [MESSAGE][PASSED] - Text 'admin.gudangsolusi@digiform.co.id' is set on object 'Object Repository/Master Data/Admin Sekolah/Login/Field Email'

06-01-2025T09:46:26 - [TEST_STEP][PASSED] - click(findTestObject("Master Data/Admin Sekolah/Login/Input Password"), OPTIONAL): Object: 'Object Repository/Master Data/Admin Sekolah/Login/Input Password' is clicked on

06-01-2025T09:46:26 - [MESSAGE][PASSED] - Object: 'Object Repository/Master Data/Admin Sekolah/Login/Input Password' is clicked on

06-01-2025T09:46:26 - [TEST_STEP][PASSED] - setText(findTestObject("Master Data/Admin Sekolah/Login/Input Password"), "Test1234", OPTIONAL): Text 'Test1234' is set on object 'Object Repository/Master Data/Admin Sekolah/Login/Input Password'

06-01-2025T09:46:27 - [MESSAGE][PASSED] - Text 'Test1234' is set on object 'Object Repository/Master Data/Admin Sekolah/Login/Input Password'

06-01-2025T09:46:27 - [TEST_STEP][PASSED] - click(findTestObject("Master Data/Admin Sekolah/Login/Button Submit"), OPTIONAL): Object: 'Object Repository/Master Data/Admin Sekolah/Login/Button Submit' is clicked on

06-01-2025T09:46:27 - [MESSAGE][PASSED] - Object: 'Object Repository/Master Data/Admin Sekolah/Login/Button Submit' is clicked on

06-01-2025T09:46:27 - [TEST_STEP][PASSED] - click(findTestObject("Master Data/Admin Sekolah/Master Data Menu"), OPTIONAL): Object: 'Object Repository/Master Data/Admin Sekolah/Master Data Menu' is clicked on

06-01-2025T09:46:29 - [MESSAGE][PASSED] - Object: 'Object Repository/Master Data/Admin Sekolah/Master Data Menu' is clicked on

06-01-2025T09:46:29 - [TEST_STEP][PASSED] - click(findTestObject("Master Data/Admin Sekolah/Tahun Ajaran/Menu Tahun Ajaran"), OPTIONAL): Object: 'Object Repository/Master Data/Admin Sekolah/Tahun Ajaran/Menu Tahun Ajaran' is clicked on

06-01-2025T09:46:29 - [MESSAGE][PASSED] - Object: 'Object Repository/Master Data/Admin Sekolah/Tahun Ajaran/Menu Tahun Ajaran' is clicked on

06-01-2025T09:46:29 - [TEST_STEP][PASSED] - click(findTestObject("Master Data/Admin Sekolah/Tahun Ajaran/Edit Tahun Ajaran/Icon Edit"), OPTIONAL): Object: 'Object Repository/Master Data/Admin Sekolah/Tahun Ajaran/Edit Tahun Ajaran/Icon Edit' is clicked on

06-01-2025T09:46:31 - [MESSAGE][PASSED] - Object: 'Object Repository/Master Data/Admin Sekolah/Tahun Ajaran/Edit Tahun Ajaran/Icon Edit' is clicked on

06-01-2025T09:46:31 - [TEST_STEP][PASSED] - click(findTestObject("Master Data/Admin Sekolah/Tahun Ajaran/Edit Tahun Ajaran/Dropdown Edit tahun Selesai"), OPTIONAL): Object: 'Object Repository/Master Data/Admin Sekolah/Tahun Ajaran/Edit Tahun Ajaran/Dropdown Edit tahun Selesai' is clicked on

06-01-2025T09:46:32 - [MESSAGE][PASSED] - Object: 'Object Repository/Master Data/Admin Sekolah/Tahun Ajaran/Edit Tahun Ajaran/Dropdown Edit tahun Selesai' is clicked on

06-01-2025T09:46:32 - [TEST_STEP][PASSED] - click(findTestObject("Master Data/Admin Sekolah/Tahun Ajaran/Edit Tahun Ajaran/Dropdown List Tahun Selesai"), OPTIONAL): Object: 'Object Repository/Master Data/Admin Sekolah/Tahun Ajaran/Edit Tahun Ajaran/Dropdown List Tahun Selesai' is clicked on

06-01-2025T09:46:32 - [MESSAGE][PASSED] - Object: 'Object Repository/Master Data/Admin Sekolah/Tahun Ajaran/Edit Tahun Ajaran/Dropdown List Tahun Selesai' is clicked on

06-01-2025T09:46:32 - [TEST_STEP][PASSED] - click(findTestObject("Master Data/Admin Sekolah/Tahun Ajaran/Edit Tahun Ajaran/Pilih List Tahun Selesai"), OPTIONAL): Object: 'Object Repository/Master Data/Admin Sekolah/Tahun Ajaran/Edit Tahun Ajaran/Pilih List Tahun Selesai' is clicked on

06-01-2025T09:46:33 - [MESSAGE][PASSED] - Object: 'Object Repository/Master Data/Admin Sekolah/Tahun Ajaran/Edit Tahun Ajaran/Pilih List Tahun Selesai' is clicked on

06-01-2025T09:46:33 - [TEST_STEP][PASSED] - click(findTestObject("Master Data/Admin Sekolah/Tahun Ajaran/Edit Tahun Ajaran/Pilih Tanggal Tahun Selesai"), OPTIONAL): Unable to click on object 'Object Repository/Master Data/Admin Sekolah/Tahun Ajaran/Edit Tahun Ajaran/Pilih Tanggal Tahun Selesai' (Root cause: com.kms.katalon.core.exception.StepFailedException: Unable to click on object 'Object Repository/Master Data/Admin Sekolah/Tahun Ajaran/Edit Tahun Ajaran/Pilih Tanggal Tahun Selesai'
	at com.kms.katalon.core.webui.keyword.internal.WebUIKeywordMain.stepFailed(WebUIKeywordMain.groovy:117)
	at com.kms.katalon.core.webui.keyword.internal.WebUIKeywordMain.runKeyword(WebUIKeywordMain.groovy:43)
	at com.kms.katalon.core.webui.keyword.builtin.ClickKeyword.click(ClickKeyword.groovy:75)
	at com.kms.katalon.core.webui.keyword.builtin.ClickKeyword.execute(ClickKeyword.groovy:40)
	at com.kms.katalon.core.keyword.internal.KeywordExecutor.executeKeywordForPlatform(KeywordExecutor.groovy:74)
	at com.kms.katalon.core.webui.keyword.WebUiBuiltInKeywords.click(WebUiBuiltInKeywords.groovy:684)
	at Edit Tahun Ajaran.run(Edit Tahun Ajaran:46)
	at com.kms.katalon.core.main.ScriptEngine.run(ScriptEngine.java:194)
	at com.kms.katalon.core.main.ScriptEngine.runScriptAsRawText(ScriptEngine.java:119)
	at com.kms.katalon.core.main.TestCaseExecutor.runScript(TestCaseExecutor.java:448)
	at com.kms.katalon.core.main.TestCaseExecutor.doExecute(TestCaseExecutor.java:439)
	at com.kms.katalon.core.main.TestCaseExecutor.processExecutionPhase(TestCaseExecutor.java:418)
	at com.kms.katalon.core.main.TestCaseExecutor.accessMainPhase(TestCaseExecutor.java:410)
	at com.kms.katalon.core.main.TestCaseExecutor.execute(TestCaseExecutor.java:285)
	at com.kms.katalon.core.main.TestCaseMain.runTestCase(TestCaseMain.java:133)
	at com.kms.katalon.core.keyword.builtin.CallTestCaseKeyword$_callTestCase_closure1.doCall(CallTestCaseKeyword.groovy:59)
	at com.kms.katalon.core.keyword.builtin.CallTestCaseKeyword$_callTestCase_closure1.call(CallTestCaseKeyword.groovy)
	at com.kms.katalon.core.keyword.internal.KeywordMain.runKeyword(KeywordMain.groovy:75)
	at com.kms.katalon.core.keyword.builtin.CallTestCaseKeyword.callTestCase(CallTestCaseKeyword.groovy:81)
	at com.kms.katalon.core.keyword.builtin.CallTestCaseKeyword.execute(CallTestCaseKeyword.groovy:44)
	at com.kms.katalon.core.keyword.internal.KeywordExecutor.executeKeywordForPlatform(KeywordExecutor.groovy:74)
	at com.kms.katalon.core.keyword.BuiltinKeywords.callTestCase(BuiltinKeywords.groovy:310)
	at jdk.internal.reflect.GeneratedMethodAccessor47.invoke(Unknown Source)
	at java.base/jdk.internal.reflect.DelegatingMethodAccessorImpl.invoke(DelegatingMethodAccessorImpl.java:43)
	at Regresi Tahun Ajaran.run(Regresi Tahun Ajaran:22)
	at com.kms.katalon.core.main.ScriptEngine.run(ScriptEngine.java:194)
	at com.kms.katalon.core.main.ScriptEngine.runScriptAsRawText(ScriptEngine.java:119)
	at com.kms.katalon.core.main.TestCaseExecutor.runScript(TestCaseExecutor.java:448)
	at com.kms.katalon.core.main.TestCaseExecutor.doExecute(TestCaseExecutor.java:439)
	at com.kms.katalon.core.main.TestCaseExecutor.processExecutionPhase(TestCaseExecutor.java:418)
	at com.kms.katalon.core.main.TestCaseExecutor.accessMainPhase(TestCaseExecutor.java:410)
	at com.kms.katalon.core.main.TestCaseExecutor.execute(TestCaseExecutor.java:285)
	at com.kms.katalon.core.common.CommonExecutor.accessTestCaseMainPhase(CommonExecutor.java:65)
	at com.kms.katalon.core.main.TestSuiteExecutor.accessTestSuiteMainPhase(TestSuiteExecutor.java:161)
	at com.kms.katalon.core.main.TestSuiteExecutor.execute(TestSuiteExecutor.java:107)
	at com.kms.katalon.core.main.TestCaseMain.startTestSuite(TestCaseMain.java:176)
	at TempTestSuite1736130766400.run(TempTestSuite1736130766400.groovy:35)
	at java.base/jdk.internal.reflect.NativeMethodAccessorImpl.invoke0(Native Method)
	at java.base/jdk.internal.reflect.NativeMethodAccessorImpl.invoke(NativeMethodAccessorImpl.java:77)
	at java.base/jdk.internal.reflect.DelegatingMethodAccessorImpl.invoke(DelegatingMethodAccessorImpl.java:43)
Caused by: org.openqa.selenium.StaleElementReferenceException: stale element reference: stale element not found in the current frame
  (Session info: chrome=131.0.6778.205)
For documentation on this error, please visit: https://www.selenium.dev/documentation/webdriver/troubleshooting/errors#stale-element-reference-exception
Build info: version: '4.22.0', revision: 'c5f3146703'
System info: os.name: 'Windows 11', os.arch: 'amd64', os.version: '10.0', java.version: '17.0.7'
Driver info: com.kms.katalon.selenium.driver.CChromeDriver
Command: [223f697a5be5c078b144121b572a51f4, clickElement {id=f.51F6129BD973D5AA6D32F792A7DA5E5F.d.817738F4DB451541427FC1BCE374D693.e.75}]
Capabilities {acceptInsecureCerts: false, browserName: chrome, browserVersion: 131.0.6778.205, chrome: {chromedriverVersion: 130.0.6723.58 (3a50e012e4c9..., userDataDir: C:\Users\henri\AppData\Loca...}, fedcm:accounts: true, goog:chromeOptions: {debuggerAddress: localhost:49660}, networkConnectionEnabled: false, pageLoadStrategy: normal, platformName: windows, proxy: Proxy(), se:cdp: ws://localhost:49660/devtoo..., se:cdpVersion: 131.0.6778.205, setWindowRect: true, strictFileInteractability: false, timeouts: {implicit: 0, pageLoad: 300000, script: 30000}, unhandledPromptBehavior: ignore, webSocketUrl: ws://localhost:8067/session..., webauthn:extension:credBlob: true, webauthn:extension:largeBlob: true, webauthn:extension:minPinLength: true, webauthn:extension:prf: true, webauthn:virtualAuthenticators: true}
Element: [[CChromeDriver: chrome on windows (223f697a5be5c078b144121b572a51f4)] -> xpath: //*[@id="endDate"]//p[text()="20"]]
Session ID: 223f697a5be5c078b144121b572a51f4
	at java.base/jdk.internal.reflect.NativeConstructorAccessorImpl.newInstance0(Native Method)
	at java.base/jdk.internal.reflect.NativeConstructorAccessorImpl.newInstance(NativeConstructorAccessorImpl.java:77)
	at java.base/jdk.internal.reflect.DelegatingConstructorAccessorImpl.newInstance(DelegatingConstructorAccessorImpl.java:45)
	at org.openqa.selenium.remote.ErrorCodec.decode(ErrorCodec.java:167)
	at org.openqa.selenium.remote.codec.w3c.W3CHttpResponseCodec.decode(W3CHttpResponseCodec.java:138)
	at org.openqa.selenium.remote.codec.w3c.W3CHttpResponseCodec.decode(W3CHttpResponseCodec.java:50)
	at org.openqa.selenium.remote.HttpCommandExecutor.execute(HttpCommandExecutor.java:190)
	at org.openqa.selenium.remote.service.DriverCommandExecutor.invokeExecute(DriverCommandExecutor.java:216)
	at org.openqa.selenium.remote.service.DriverCommandExecutor.execute(DriverCommandExecutor.java:174)
	at org.openqa.selenium.remote.RemoteWebDriver.execute(RemoteWebDriver.java:518)
	at org.openqa.selenium.remote.RemoteWebElement.execute(RemoteWebElement.java:223)
	at org.openqa.selenium.remote.RemoteWebElement.click(RemoteWebElement.java:76)
	at jdk.internal.reflect.GeneratedMethodAccessor24.invoke(Unknown Source)
	at java.base/jdk.internal.reflect.DelegatingMethodAccessorImpl.invoke(DelegatingMethodAccessorImpl.java:43)
	at org.openqa.selenium.support.decorators.WebDriverDecorator.call(WebDriverDecorator.java:249)
	at org.openqa.selenium.support.decorators.DefaultDecorated.call(DefaultDecorated.java:48)
	at org.openqa.selenium.support.decorators.WebDriverDecorator.lambda$createProxy$2(WebDriverDecorator.java:321)
	at net.bytebuddy.renamed.java.lang.Object$ByteBuddy$Sqlr9LNh.click(Unknown Source)
	at org.openqa.selenium.WebElement$click.call(Unknown Source)
	at com.kms.katalon.core.webui.keyword.builtin.ClickKeyword.clickUntilSuccessWithTimeout(ClickKeyword.groovy:82)
	at com.kms.katalon.core.webui.keyword.builtin.ClickKeyword.clickUntilSuccessWithTimeout(ClickKeyword.groovy)
	at jdk.internal.reflect.GeneratedMethodAccessor22.invoke(Unknown Source)
	at java.base/jdk.internal.reflect.DelegatingMethodAccessorImpl.invoke(DelegatingMethodAccessorImpl.java:43)
	at com.kms.katalon.core.webui.keyword.builtin.ClickKeyword$_click_closure1.doCall(ClickKeyword.groovy:68)
	at com.kms.katalon.core.webui.keyword.builtin.ClickKeyword$_click_closure1.call(ClickKeyword.groovy)
	at com.kms.katalon.core.webui.keyword.internal.WebUIKeywordMain.runKeyword(WebUIKeywordMain.groovy:35)
	at com.kms.katalon.core.webui.keyword.builtin.ClickKeyword.click(ClickKeyword.groovy:75)
	at com.kms.katalon.core.webui.keyword.builtin.ClickKeyword.execute(ClickKeyword.groovy:40)
	at com.kms.katalon.core.keyword.internal.KeywordExecutor.executeKeywordForPlatform(KeywordExecutor.groovy:74)
	at com.kms.katalon.core.webui.keyword.WebUiBuiltInKeywords.click(WebUiBuiltInKeywords.groovy:684)
	at Script1731560031119.run(Script1731560031119.groovy:46)
	at com.kms.katalon.core.main.ScriptEngine.run(ScriptEngine.java:194)
	at com.kms.katalon.core.main.ScriptEngine.runScriptAsRawText(ScriptEngine.java:119)
	at com.kms.katalon.core.main.TestCaseExecutor.runScript(TestCaseExecutor.java:448)
	at com.kms.katalon.core.main.TestCaseExecutor.doExecute(TestCaseExecutor.java:439)
	at com.kms.katalon.core.main.TestCaseExecutor.processExecutionPhase(TestCaseExecutor.java:418)
	at com.kms.katalon.core.main.TestCaseExecutor.accessMainPhase(TestCaseExecutor.java:410)
	at com.kms.katalon.core.main.TestCaseExecutor.execute(TestCaseExecutor.java:285)
	at com.kms.katalon.core.main.TestCaseMain.runTestCase(TestCaseMain.java:133)
	at com.kms.katalon.core.keyword.builtin.CallTestCaseKeyword$_callTestCase_closure1.doCall(CallTestCaseKeyword.groovy:59)
	at com.kms.katalon.core.keyword.builtin.CallTestCaseKeyword$_callTestCase_closure1.call(CallTestCaseKeyword.groovy)
	at com.kms.katalon.core.keyword.internal.KeywordMain.runKeyword(KeywordMain.groovy:75)
	at com.kms.katalon.core.keyword.builtin.CallTestCaseKeyword.callTestCase(CallTestCaseKeyword.groovy:81)
	at com.kms.katalon.core.keyword.builtin.CallTestCaseKeyword.execute(CallTestCaseKeyword.groovy:44)
	at com.kms.katalon.core.keyword.internal.KeywordExecutor.executeKeywordForPlatform(KeywordExecutor.groovy:74)
	at com.kms.katalon.core.keyword.BuiltinKeywords.callTestCase(BuiltinKeywords.groovy:310)
	at jdk.internal.reflect.GeneratedMethodAccessor47.invoke(Unknown Source)
	at java.base/jdk.internal.reflect.DelegatingMethodAccessorImpl.invoke(DelegatingMethodAccessorImpl.java:43)
	at Script1735746485307.run(Script1735746485307.groovy:22)
	... 15 more
)

06-01-2025T09:47:00 - [MESSAGE][WARNING] - Unable to click on object 'Object Repository/Master Data/Admin Sekolah/Tahun Ajaran/Edit Tahun Ajaran/Pilih Tanggal Tahun Selesai' (Root cause: com.kms.katalon.core.exception.StepFailedException: Unable to click on object 'Object Repository/Master Data/Admin Sekolah/Tahun Ajaran/Edit Tahun Ajaran/Pilih Tanggal Tahun Selesai'
	at com.kms.katalon.core.webui.keyword.internal.WebUIKeywordMain.stepFailed(WebUIKeywordMain.groovy:117)
	at com.kms.katalon.core.webui.keyword.internal.WebUIKeywordMain.runKeyword(WebUIKeywordMain.groovy:43)
	at com.kms.katalon.core.webui.keyword.builtin.ClickKeyword.click(ClickKeyword.groovy:75)
	at com.kms.katalon.core.webui.keyword.builtin.ClickKeyword.execute(ClickKeyword.groovy:40)
	at com.kms.katalon.core.keyword.internal.KeywordExecutor.executeKeywordForPlatform(KeywordExecutor.groovy:74)
	at com.kms.katalon.core.webui.keyword.WebUiBuiltInKeywords.click(WebUiBuiltInKeywords.groovy:684)
	at Edit Tahun Ajaran.run(Edit Tahun Ajaran:46)
	at com.kms.katalon.core.main.ScriptEngine.run(ScriptEngine.java:194)
	at com.kms.katalon.core.main.ScriptEngine.runScriptAsRawText(ScriptEngine.java:119)
	at com.kms.katalon.core.main.TestCaseExecutor.runScript(TestCaseExecutor.java:448)
	at com.kms.katalon.core.main.TestCaseExecutor.doExecute(TestCaseExecutor.java:439)
	at com.kms.katalon.core.main.TestCaseExecutor.processExecutionPhase(TestCaseExecutor.java:418)
	at com.kms.katalon.core.main.TestCaseExecutor.accessMainPhase(TestCaseExecutor.java:410)
	at com.kms.katalon.core.main.TestCaseExecutor.execute(TestCaseExecutor.java:285)
	at com.kms.katalon.core.main.TestCaseMain.runTestCase(TestCaseMain.java:133)
	at com.kms.katalon.core.keyword.builtin.CallTestCaseKeyword$_callTestCase_closure1.doCall(CallTestCaseKeyword.groovy:59)
	at com.kms.katalon.core.keyword.builtin.CallTestCaseKeyword$_callTestCase_closure1.call(CallTestCaseKeyword.groovy)
	at com.kms.katalon.core.keyword.internal.KeywordMain.runKeyword(KeywordMain.groovy:75)
	at com.kms.katalon.core.keyword.builtin.CallTestCaseKeyword.callTestCase(CallTestCaseKeyword.groovy:81)
	at com.kms.katalon.core.keyword.builtin.CallTestCaseKeyword.execute(CallTestCaseKeyword.groovy:44)
	at com.kms.katalon.core.keyword.internal.KeywordExecutor.executeKeywordForPlatform(KeywordExecutor.groovy:74)
	at com.kms.katalon.core.keyword.BuiltinKeywords.callTestCase(BuiltinKeywords.groovy:310)
	at jdk.internal.reflect.GeneratedMethodAccessor47.invoke(Unknown Source)
	at java.base/jdk.internal.reflect.DelegatingMethodAccessorImpl.invoke(DelegatingMethodAccessorImpl.java:43)
	at Regresi Tahun Ajaran.run(Regresi Tahun Ajaran:22)
	at com.kms.katalon.core.main.ScriptEngine.run(ScriptEngine.java:194)
	at com.kms.katalon.core.main.ScriptEngine.runScriptAsRawText(ScriptEngine.java:119)
	at com.kms.katalon.core.main.TestCaseExecutor.runScript(TestCaseExecutor.java:448)
	at com.kms.katalon.core.main.TestCaseExecutor.doExecute(TestCaseExecutor.java:439)
	at com.kms.katalon.core.main.TestCaseExecutor.processExecutionPhase(TestCaseExecutor.java:418)
	at com.kms.katalon.core.main.TestCaseExecutor.accessMainPhase(TestCaseExecutor.java:410)
	at com.kms.katalon.core.main.TestCaseExecutor.execute(TestCaseExecutor.java:285)
	at com.kms.katalon.core.common.CommonExecutor.accessTestCaseMainPhase(CommonExecutor.java:65)
	at com.kms.katalon.core.main.TestSuiteExecutor.accessTestSuiteMainPhase(TestSuiteExecutor.java:161)
	at com.kms.katalon.core.main.TestSuiteExecutor.execute(TestSuiteExecutor.java:107)
	at com.kms.katalon.core.main.TestCaseMain.startTestSuite(TestCaseMain.java:176)
	at TempTestSuite1736130766400.run(TempTestSuite1736130766400.groovy:35)
	at java.base/jdk.internal.reflect.NativeMethodAccessorImpl.invoke0(Native Method)
	at java.base/jdk.internal.reflect.NativeMethodAccessorImpl.invoke(NativeMethodAccessorImpl.java:77)
	at java.base/jdk.internal.reflect.DelegatingMethodAccessorImpl.invoke(DelegatingMethodAccessorImpl.java:43)
Caused by: org.openqa.selenium.StaleElementReferenceException: stale element reference: stale element not found in the current frame
  (Session info: chrome=131.0.6778.205)
For documentation on this error, please visit: https://www.selenium.dev/documentation/webdriver/troubleshooting/errors#stale-element-reference-exception
Build info: version: '4.22.0', revision: 'c5f3146703'
System info: os.name: 'Windows 11', os.arch: 'amd64', os.version: '10.0', java.version: '17.0.7'
Driver info: com.kms.katalon.selenium.driver.CChromeDriver
Command: [223f697a5be5c078b144121b572a51f4, clickElement {id=f.51F6129BD973D5AA6D32F792A7DA5E5F.d.817738F4DB451541427FC1BCE374D693.e.75}]
Capabilities {acceptInsecureCerts: false, browserName: chrome, browserVersion: 131.0.6778.205, chrome: {chromedriverVersion: 130.0.6723.58 (3a50e012e4c9..., userDataDir: C:\Users\henri\AppData\Loca...}, fedcm:accounts: true, goog:chromeOptions: {debuggerAddress: localhost:49660}, networkConnectionEnabled: false, pageLoadStrategy: normal, platformName: windows, proxy: Proxy(), se:cdp: ws://localhost:49660/devtoo..., se:cdpVersion: 131.0.6778.205, setWindowRect: true, strictFileInteractability: false, timeouts: {implicit: 0, pageLoad: 300000, script: 30000}, unhandledPromptBehavior: ignore, webSocketUrl: ws://localhost:8067/session..., webauthn:extension:credBlob: true, webauthn:extension:largeBlob: true, webauthn:extension:minPinLength: true, webauthn:extension:prf: true, webauthn:virtualAuthenticators: true}
Element: [[CChromeDriver: chrome on windows (223f697a5be5c078b144121b572a51f4)] -> xpath: //*[@id="endDate"]//p[text()="20"]]
Session ID: 223f697a5be5c078b144121b572a51f4
	at java.base/jdk.internal.reflect.NativeConstructorAccessorImpl.newInstance0(Native Method)
	at java.base/jdk.internal.reflect.NativeConstructorAccessorImpl.newInstance(NativeConstructorAccessorImpl.java:77)
	at java.base/jdk.internal.reflect.DelegatingConstructorAccessorImpl.newInstance(DelegatingConstructorAccessorImpl.java:45)
	at org.openqa.selenium.remote.ErrorCodec.decode(ErrorCodec.java:167)
	at org.openqa.selenium.remote.codec.w3c.W3CHttpResponseCodec.decode(W3CHttpResponseCodec.java:138)
	at org.openqa.selenium.remote.codec.w3c.W3CHttpResponseCodec.decode(W3CHttpResponseCodec.java:50)
	at org.openqa.selenium.remote.HttpCommandExecutor.execute(HttpCommandExecutor.java:190)
	at org.openqa.selenium.remote.service.DriverCommandExecutor.invokeExecute(DriverCommandExecutor.java:216)
	at org.openqa.selenium.remote.service.DriverCommandExecutor.execute(DriverCommandExecutor.java:174)
	at org.openqa.selenium.remote.RemoteWebDriver.execute(RemoteWebDriver.java:518)
	at org.openqa.selenium.remote.RemoteWebElement.execute(RemoteWebElement.java:223)
	at org.openqa.selenium.remote.RemoteWebElement.click(RemoteWebElement.java:76)
	at jdk.internal.reflect.GeneratedMethodAccessor24.invoke(Unknown Source)
	at java.base/jdk.internal.reflect.DelegatingMethodAccessorImpl.invoke(DelegatingMethodAccessorImpl.java:43)
	at org.openqa.selenium.support.decorators.WebDriverDecorator.call(WebDriverDecorator.java:249)
	at org.openqa.selenium.support.decorators.DefaultDecorated.call(DefaultDecorated.java:48)
	at org.openqa.selenium.support.decorators.WebDriverDecorator.lambda$createProxy$2(WebDriverDecorator.java:321)
	at net.bytebuddy.renamed.java.lang.Object$ByteBuddy$Sqlr9LNh.click(Unknown Source)
	at org.openqa.selenium.WebElement$click.call(Unknown Source)
	at com.kms.katalon.core.webui.keyword.builtin.ClickKeyword.clickUntilSuccessWithTimeout(ClickKeyword.groovy:82)
	at com.kms.katalon.core.webui.keyword.builtin.ClickKeyword.clickUntilSuccessWithTimeout(ClickKeyword.groovy)
	at jdk.internal.reflect.GeneratedMethodAccessor22.invoke(Unknown Source)
	at java.base/jdk.internal.reflect.DelegatingMethodAccessorImpl.invoke(DelegatingMethodAccessorImpl.java:43)
	at com.kms.katalon.core.webui.keyword.builtin.ClickKeyword$_click_closure1.doCall(ClickKeyword.groovy:68)
	at com.kms.katalon.core.webui.keyword.builtin.ClickKeyword$_click_closure1.call(ClickKeyword.groovy)
	at com.kms.katalon.core.webui.keyword.internal.WebUIKeywordMain.runKeyword(WebUIKeywordMain.groovy:35)
	at com.kms.katalon.core.webui.keyword.builtin.ClickKeyword.click(ClickKeyword.groovy:75)
	at com.kms.katalon.core.webui.keyword.builtin.ClickKeyword.execute(ClickKeyword.groovy:40)
	at com.kms.katalon.core.keyword.internal.KeywordExecutor.executeKeywordForPlatform(KeywordExecutor.groovy:74)
	at com.kms.katalon.core.webui.keyword.WebUiBuiltInKeywords.click(WebUiBuiltInKeywords.groovy:684)
	at Script1731560031119.run(Script1731560031119.groovy:46)
	at com.kms.katalon.core.main.ScriptEngine.run(ScriptEngine.java:194)
	at com.kms.katalon.core.main.ScriptEngine.runScriptAsRawText(ScriptEngine.java:119)
	at com.kms.katalon.core.main.TestCaseExecutor.runScript(TestCaseExecutor.java:448)
	at com.kms.katalon.core.main.TestCaseExecutor.doExecute(TestCaseExecutor.java:439)
	at com.kms.katalon.core.main.TestCaseExecutor.processExecutionPhase(TestCaseExecutor.java:418)
	at com.kms.katalon.core.main.TestCaseExecutor.accessMainPhase(TestCaseExecutor.java:410)
	at com.kms.katalon.core.main.TestCaseExecutor.execute(TestCaseExecutor.java:285)
	at com.kms.katalon.core.main.TestCaseMain.runTestCase(TestCaseMain.java:133)
	at com.kms.katalon.core.keyword.builtin.CallTestCaseKeyword$_callTestCase_closure1.doCall(CallTestCaseKeyword.groovy:59)
	at com.kms.katalon.core.keyword.builtin.CallTestCaseKeyword$_callTestCase_closure1.call(CallTestCaseKeyword.groovy)
	at com.kms.katalon.core.keyword.internal.KeywordMain.runKeyword(KeywordMain.groovy:75)
	at com.kms.katalon.core.keyword.builtin.CallTestCaseKeyword.callTestCase(CallTestCaseKeyword.groovy:81)
	at com.kms.katalon.core.keyword.builtin.CallTestCaseKeyword.execute(CallTestCaseKeyword.groovy:44)
	at com.kms.katalon.core.keyword.internal.KeywordExecutor.executeKeywordForPlatform(KeywordExecutor.groovy:74)
	at com.kms.katalon.core.keyword.BuiltinKeywords.callTestCase(BuiltinKeywords.groovy:310)
	at jdk.internal.reflect.GeneratedMethodAccessor47.invoke(Unknown Source)
	at java.base/jdk.internal.reflect.DelegatingMethodAccessorImpl.invoke(DelegatingMethodAccessorImpl.java:43)
	at Script1735746485307.run(Script1735746485307.groovy:22)
	... 15 more
)
[[ATTACHMENT|C:\\Users\\henri\\Videos\\school-payment-automation-testing\\Reports\\20250106_093246\\Regresi All Sprint\\20250106_093246\\1736131620399.png]]

06-01-2025T09:47:00 - [TEST_STEP][PASSED] - click(findTestObject("Master Data/Admin Sekolah/Tahun Ajaran/Button Submit Tahun Ajaran"), OPTIONAL): Object: 'Object Repository/Master Data/Admin Sekolah/Tahun Ajaran/Button Submit Tahun Ajaran' is clicked on

06-01-2025T09:47:00 - [MESSAGE][PASSED] - Object: 'Object Repository/Master Data/Admin Sekolah/Tahun Ajaran/Button Submit Tahun Ajaran' is clicked on

06-01-2025T09:47:00 - [MESSAGE][PASSED] - Call Test Case 'Test Cases/Master Data/Admin Sekolah/Master Data Tahun Ajaran/Edit Tahun Ajaran' successfully

06-01-2025T09:47:00 - [TEST_STEP][PASSED] - callTestCase(findTestCase("Test Cases/Master Data/Admin Sekolah/Master Data Tahun Ajaran/Tambah Tahun Ajaran"), [:], OPTIONAL): Call Test Case 'Test Cases/Master Data/Admin Sekolah/Master Data Tahun Ajaran/Tambah Tahun Ajaran' successfully

06-01-2025T09:47:00 - [TEST_CASE][PASSED] - Test Cases/Master Data/Admin Sekolah/Master Data Tahun Ajaran/Tambah Tahun Ajaran: Test Cases/Master Data/Admin Sekolah/Master Data Tahun Ajaran/Tambah Tahun Ajaran

06-01-2025T09:47:00 - [TEST_STEP][PASSED] - openBrowser("", OPTIONAL): Browser is opened with url: ''

06-01-2025T09:47:00 - [MESSAGE][WARNING] - A browser is already opened. Closing browser and opening a new one

06-01-2025T09:47:01 - [MESSAGE][INFO] - Starting 'Chrome' driver

06-01-2025T09:47:01 - [MESSAGE][INFO] - Action delay is set to 0 milliseconds

06-01-2025T09:47:01 - [MESSAGE][PASSED] - Browser is opened with url: ''

06-01-2025T09:47:01 - [TEST_STEP][PASSED] - navigateToUrl("https://sit.siprusedu.com/login", OPTIONAL): Navigate to 'https://sit.siprusedu.com/login' successfully

06-01-2025T09:47:21 - [MESSAGE][PASSED] - Navigate to 'https://sit.siprusedu.com/login' successfully

06-01-2025T09:47:21 - [TEST_STEP][PASSED] - setText(findTestObject("Master Data/Admin Sekolah/Login/Field Email"), "admin.gudangsolusi@digiform.co.id", OPTIONAL): Text 'admin.gudangsolusi@digiform.co.id' is set on object 'Object Repository/Master Data/Admin Sekolah/Login/Field Email'

06-01-2025T09:47:22 - [MESSAGE][PASSED] - Text 'admin.gudangsolusi@digiform.co.id' is set on object 'Object Repository/Master Data/Admin Sekolah/Login/Field Email'

06-01-2025T09:47:22 - [TEST_STEP][PASSED] - setText(findTestObject("Master Data/Admin Sekolah/Login/Input Password"), "Test1234", OPTIONAL): Text 'Test1234' is set on object 'Object Repository/Master Data/Admin Sekolah/Login/Input Password'

06-01-2025T09:47:22 - [MESSAGE][PASSED] - Text 'Test1234' is set on object 'Object Repository/Master Data/Admin Sekolah/Login/Input Password'

06-01-2025T09:47:22 - [TEST_STEP][PASSED] - click(findTestObject("Master Data/Admin Sekolah/Login/Button Submit"), OPTIONAL): Object: 'Object Repository/Master Data/Admin Sekolah/Login/Button Submit' is clicked on

06-01-2025T09:47:23 - [MESSAGE][PASSED] - Object: 'Object Repository/Master Data/Admin Sekolah/Login/Button Submit' is clicked on

06-01-2025T09:47:23 - [TEST_STEP][PASSED] - click(findTestObject("Master Data/Admin Sekolah/Master Data Menu"), OPTIONAL): Object: 'Object Repository/Master Data/Admin Sekolah/Master Data Menu' is clicked on

06-01-2025T09:47:24 - [MESSAGE][PASSED] - Object: 'Object Repository/Master Data/Admin Sekolah/Master Data Menu' is clicked on

06-01-2025T09:47:24 - [TEST_STEP][PASSED] - click(findTestObject("Master Data/Admin Sekolah/Tahun Ajaran/Menu Tahun Ajaran"), OPTIONAL): Object: 'Object Repository/Master Data/Admin Sekolah/Tahun Ajaran/Menu Tahun Ajaran' is clicked on

06-01-2025T09:47:25 - [MESSAGE][PASSED] - Object: 'Object Repository/Master Data/Admin Sekolah/Tahun Ajaran/Menu Tahun Ajaran' is clicked on

06-01-2025T09:47:25 - [TEST_STEP][PASSED] - click(findTestObject("Master Data/Admin Sekolah/Tahun Ajaran/Button Tambah"), OPTIONAL): Unable to click on object 'Object Repository/Master Data/Admin Sekolah/Tahun Ajaran/Button Tambah' (Root cause: com.kms.katalon.core.exception.StepFailedException: Unable to click on object 'Object Repository/Master Data/Admin Sekolah/Tahun Ajaran/Button Tambah'
	at com.kms.katalon.core.webui.keyword.internal.WebUIKeywordMain.stepFailed(WebUIKeywordMain.groovy:117)
	at com.kms.katalon.core.webui.keyword.internal.WebUIKeywordMain.runKeyword(WebUIKeywordMain.groovy:43)
	at com.kms.katalon.core.webui.keyword.builtin.ClickKeyword.click(ClickKeyword.groovy:75)
	at com.kms.katalon.core.webui.keyword.builtin.ClickKeyword.execute(ClickKeyword.groovy:40)
	at com.kms.katalon.core.keyword.internal.KeywordExecutor.executeKeywordForPlatform(KeywordExecutor.groovy:74)
	at com.kms.katalon.core.webui.keyword.WebUiBuiltInKeywords.click(WebUiBuiltInKeywords.groovy:684)
	at Tambah Tahun Ajaran.run(Tambah Tahun Ajaran:41)
	at com.kms.katalon.core.main.ScriptEngine.run(ScriptEngine.java:194)
	at com.kms.katalon.core.main.ScriptEngine.runScriptAsRawText(ScriptEngine.java:119)
	at com.kms.katalon.core.main.TestCaseExecutor.runScript(TestCaseExecutor.java:448)
	at com.kms.katalon.core.main.TestCaseExecutor.doExecute(TestCaseExecutor.java:439)
	at com.kms.katalon.core.main.TestCaseExecutor.processExecutionPhase(TestCaseExecutor.java:418)
	at com.kms.katalon.core.main.TestCaseExecutor.accessMainPhase(TestCaseExecutor.java:410)
	at com.kms.katalon.core.main.TestCaseExecutor.execute(TestCaseExecutor.java:285)
	at com.kms.katalon.core.main.TestCaseMain.runTestCase(TestCaseMain.java:133)
	at com.kms.katalon.core.keyword.builtin.CallTestCaseKeyword$_callTestCase_closure1.doCall(CallTestCaseKeyword.groovy:59)
	at com.kms.katalon.core.keyword.builtin.CallTestCaseKeyword$_callTestCase_closure1.call(CallTestCaseKeyword.groovy)
	at com.kms.katalon.core.keyword.internal.KeywordMain.runKeyword(KeywordMain.groovy:75)
	at com.kms.katalon.core.keyword.builtin.CallTestCaseKeyword.callTestCase(CallTestCaseKeyword.groovy:81)
	at com.kms.katalon.core.keyword.builtin.CallTestCaseKeyword.execute(CallTestCaseKeyword.groovy:44)
	at com.kms.katalon.core.keyword.internal.KeywordExecutor.executeKeywordForPlatform(KeywordExecutor.groovy:74)
	at com.kms.katalon.core.keyword.BuiltinKeywords.callTestCase(BuiltinKeywords.groovy:310)
	at jdk.internal.reflect.GeneratedMethodAccessor47.invoke(Unknown Source)
	at java.base/jdk.internal.reflect.DelegatingMethodAccessorImpl.invoke(DelegatingMethodAccessorImpl.java:43)
	at Regresi Tahun Ajaran.run(Regresi Tahun Ajaran:27)
	at com.kms.katalon.core.main.ScriptEngine.run(ScriptEngine.java:194)
	at com.kms.katalon.core.main.ScriptEngine.runScriptAsRawText(ScriptEngine.java:119)
	at com.kms.katalon.core.main.TestCaseExecutor.runScript(TestCaseExecutor.java:448)
	at com.kms.katalon.core.main.TestCaseExecutor.doExecute(TestCaseExecutor.java:439)
	at com.kms.katalon.core.main.TestCaseExecutor.processExecutionPhase(TestCaseExecutor.java:418)
	at com.kms.katalon.core.main.TestCaseExecutor.accessMainPhase(TestCaseExecutor.java:410)
	at com.kms.katalon.core.main.TestCaseExecutor.execute(TestCaseExecutor.java:285)
	at com.kms.katalon.core.common.CommonExecutor.accessTestCaseMainPhase(CommonExecutor.java:65)
	at com.kms.katalon.core.main.TestSuiteExecutor.accessTestSuiteMainPhase(TestSuiteExecutor.java:161)
	at com.kms.katalon.core.main.TestSuiteExecutor.execute(TestSuiteExecutor.java:107)
	at com.kms.katalon.core.main.TestCaseMain.startTestSuite(TestCaseMain.java:176)
	at TempTestSuite1736130766400.run(TempTestSuite1736130766400.groovy:35)
	at java.base/jdk.internal.reflect.NativeMethodAccessorImpl.invoke0(Native Method)
	at java.base/jdk.internal.reflect.NativeMethodAccessorImpl.invoke(NativeMethodAccessorImpl.java:77)
	at java.base/jdk.internal.reflect.DelegatingMethodAccessorImpl.invoke(DelegatingMethodAccessorImpl.java:43)
Caused by: org.openqa.selenium.InvalidSelectorException: invalid selector
from javascript error: {"status":32,"value":"Unable to locate an element with the xpath expression //button[@data-testid=btn-add-school-year'] because of the following error:\nSyntaxError: Failed to execute 'evaluate' on 'Document': The string '//button[@data-testid=btn-add-school-year']' is not a valid XPath expression."}
  (Session info: chrome=131.0.6778.205)
For documentation on this error, please visit: https://www.selenium.dev/documentation/webdriver/troubleshooting/errors#invalid-selector-exception
Build info: version: '4.22.0', revision: 'c5f3146703'
System info: os.name: 'Windows 11', os.arch: 'amd64', os.version: '10.0', java.version: '17.0.7'
Driver info: com.kms.katalon.selenium.driver.CChromeDriver
Command: [252e21093e71d22b8c4698a61c429d04, findElements {using=xpath, value=//button[@data-testid=btn-add-school-year']}]
Capabilities {acceptInsecureCerts: false, browserName: chrome, browserVersion: 131.0.6778.205, chrome: {chromedriverVersion: 130.0.6723.58 (3a50e012e4c9..., userDataDir: C:\Users\henri\AppData\Loca...}, fedcm:accounts: true, goog:chromeOptions: {debuggerAddress: localhost:49708}, networkConnectionEnabled: false, pageLoadStrategy: normal, platformName: windows, proxy: Proxy(), se:cdp: ws://localhost:49708/devtoo..., se:cdpVersion: 131.0.6778.205, setWindowRect: true, strictFileInteractability: false, timeouts: {implicit: 0, pageLoad: 300000, script: 30000}, unhandledPromptBehavior: ignore, webSocketUrl: ws://localhost:35177/sessio..., webauthn:extension:credBlob: true, webauthn:extension:largeBlob: true, webauthn:extension:minPinLength: true, webauthn:extension:prf: true, webauthn:virtualAuthenticators: true}
Session ID: 252e21093e71d22b8c4698a61c429d04
	at java.base/jdk.internal.reflect.NativeConstructorAccessorImpl.newInstance0(Native Method)
	at java.base/jdk.internal.reflect.NativeConstructorAccessorImpl.newInstance(NativeConstructorAccessorImpl.java:77)
	at java.base/jdk.internal.reflect.DelegatingConstructorAccessorImpl.newInstance(DelegatingConstructorAccessorImpl.java:45)
	at org.openqa.selenium.remote.ErrorCodec.decode(ErrorCodec.java:167)
	at org.openqa.selenium.remote.codec.w3c.W3CHttpResponseCodec.decode(W3CHttpResponseCodec.java:138)
	at org.openqa.selenium.remote.codec.w3c.W3CHttpResponseCodec.decode(W3CHttpResponseCodec.java:50)
	at org.openqa.selenium.remote.HttpCommandExecutor.execute(HttpCommandExecutor.java:190)
	at org.openqa.selenium.remote.service.DriverCommandExecutor.invokeExecute(DriverCommandExecutor.java:216)
	at org.openqa.selenium.remote.service.DriverCommandExecutor.execute(DriverCommandExecutor.java:174)
	at org.openqa.selenium.remote.RemoteWebDriver.execute(RemoteWebDriver.java:518)
	at org.openqa.selenium.remote.ElementLocation$ElementFinder$2.findElements(ElementLocation.java:182)
	at org.openqa.selenium.remote.ElementLocation.findElements(ElementLocation.java:103)
	at org.openqa.selenium.remote.RemoteWebDriver.findElements(RemoteWebDriver.java:368)
	at org.openqa.selenium.remote.RemoteWebDriver.findElements(RemoteWebDriver.java:362)
	at jdk.internal.reflect.GeneratedMethodAccessor19.invoke(Unknown Source)
	at java.base/jdk.internal.reflect.DelegatingMethodAccessorImpl.invoke(DelegatingMethodAccessorImpl.java:43)
	at org.openqa.selenium.support.decorators.WebDriverDecorator.call(WebDriverDecorator.java:249)
	at org.openqa.selenium.support.decorators.DefaultDecorated.call(DefaultDecorated.java:48)
	at org.openqa.selenium.support.decorators.WebDriverDecorator.lambda$createProxy$2(WebDriverDecorator.java:321)
	at org.openqa.selenium.remote.RemoteWebDriver$ByteBuddy$RKUoVlgo.findElements(Unknown Source)
	at com.kms.katalon.core.webui.common.WebUiCommonHelper.findElementByNormalMethods(WebUiCommonHelper.java:1036)
	at com.kms.katalon.core.webui.common.WebUiCommonHelper.findElementsBySelectedMethod(WebUiCommonHelper.java:927)
	at com.kms.katalon.core.webui.common.WebUiCommonHelper.findElementsBySelectedMethod(WebUiCommonHelper.java:909)
	at com.kms.katalon.core.webui.common.WebUiCommonHelper.findElementsBySelectedMethod(WebUiCommonHelper.java:904)
	at com.kms.katalon.core.webui.common.WebUiCommonHelper.findElementsByDefault(WebUiCommonHelper.java:900)
	at com.kms.katalon.core.webui.common.WebUiCommonHelper.findElementsWithSelfHealing(WebUiCommonHelper.java:746)
	at com.kms.katalon.core.webui.common.WebUiCommonHelper.findWebElements(WebUiCommonHelper.java:730)
	at com.kms.katalon.core.webui.common.WebUiCommonHelper.findWebElement(WebUiCommonHelper.java:1416)
	at com.kms.katalon.core.webui.keyword.internal.WebUIAbstractKeyword.findWebElement(WebUIAbstractKeyword.groovy:27)
	at com.kms.katalon.core.webui.keyword.builtin.ClickKeyword$_click_closure1.doCall(ClickKeyword.groovy:66)
	at com.kms.katalon.core.webui.keyword.builtin.ClickKeyword$_click_closure1.call(ClickKeyword.groovy)
	at com.kms.katalon.core.webui.keyword.internal.WebUIKeywordMain.runKeyword(WebUIKeywordMain.groovy:35)
	at com.kms.katalon.core.webui.keyword.builtin.ClickKeyword.click(ClickKeyword.groovy:75)
	at com.kms.katalon.core.webui.keyword.builtin.ClickKeyword.execute(ClickKeyword.groovy:40)
	at com.kms.katalon.core.keyword.internal.KeywordExecutor.executeKeywordForPlatform(KeywordExecutor.groovy:74)
	at com.kms.katalon.core.webui.keyword.WebUiBuiltInKeywords.click(WebUiBuiltInKeywords.groovy:684)
	at Script1731464255956.run(Script1731464255956.groovy:41)
	at com.kms.katalon.core.main.ScriptEngine.run(ScriptEngine.java:194)
	at com.kms.katalon.core.main.ScriptEngine.runScriptAsRawText(ScriptEngine.java:119)
	at com.kms.katalon.core.main.TestCaseExecutor.runScript(TestCaseExecutor.java:448)
	at com.kms.katalon.core.main.TestCaseExecutor.doExecute(TestCaseExecutor.java:439)
	at com.kms.katalon.core.main.TestCaseExecutor.processExecutionPhase(TestCaseExecutor.java:418)
	at com.kms.katalon.core.main.TestCaseExecutor.accessMainPhase(TestCaseExecutor.java:410)
	at com.kms.katalon.core.main.TestCaseExecutor.execute(TestCaseExecutor.java:285)
	at com.kms.katalon.core.main.TestCaseMain.runTestCase(TestCaseMain.java:133)
	at com.kms.katalon.core.keyword.builtin.CallTestCaseKeyword$_callTestCase_closure1.doCall(CallTestCaseKeyword.groovy:59)
	at com.kms.katalon.core.keyword.builtin.CallTestCaseKeyword$_callTestCase_closure1.call(CallTestCaseKeyword.groovy)
	at com.kms.katalon.core.keyword.internal.KeywordMain.runKeyword(KeywordMain.groovy:75)
	at com.kms.katalon.core.keyword.builtin.CallTestCaseKeyword.callTestCase(CallTestCaseKeyword.groovy:81)
	at com.kms.katalon.core.keyword.builtin.CallTestCaseKeyword.execute(CallTestCaseKeyword.groovy:44)
	at com.kms.katalon.core.keyword.internal.KeywordExecutor.executeKeywordForPlatform(KeywordExecutor.groovy:74)
	at com.kms.katalon.core.keyword.BuiltinKeywords.callTestCase(BuiltinKeywords.groovy:310)
	at jdk.internal.reflect.GeneratedMethodAccessor47.invoke(Unknown Source)
	at java.base/jdk.internal.reflect.DelegatingMethodAccessorImpl.invoke(DelegatingMethodAccessorImpl.java:43)
	at Script1735746485307.run(Script1735746485307.groovy:27)
	... 15 more
)

06-01-2025T09:47:26 - [MESSAGE][WARNING] - [SELF-HEALING] Failed to find element with id 'Object Repository/Master Data/Admin Sekolah/Tahun Ajaran/Button Tambah'. Try using Self-healing.

06-01-2025T09:47:27 - [MESSAGE][INFO] - [SELF-HEALING] No working XPath is found.

06-01-2025T09:47:28 - [MESSAGE][WARNING] - [SELF-HEALING] invalid selector
from javascript error: {"status":32,"value":"Unable to locate an element with the xpath expression  because of the following error:\nSyntaxError: Failed to execute 'evaluate' on 'Document': The string '' is not a valid XPath expression."}
  (Session info: chrome=131.0.6778.205)
For documentation on this error, please visit: https://www.selenium.dev/documentation/webdriver/troubleshooting/errors#invalid-selector-exception
Build info: version: '4.22.0', revision: 'c5f3146703'
System info: os.name: 'Windows 11', os.arch: 'amd64', os.version: '10.0', java.version: '17.0.7'
Driver info: com.kms.katalon.selenium.driver.CChromeDriver
Command: [252e21093e71d22b8c4698a61c429d04, findElements {using=xpath, value=}]
Capabilities {acceptInsecureCerts: false, browserName: chrome, browserVersion: 131.0.6778.205, chrome: {chromedriverVersion: 130.0.6723.58 (3a50e012e4c9..., userDataDir: C:\Users\henri\AppData\Loca...}, fedcm:accounts: true, goog:chromeOptions: {debuggerAddress: localhost:49708}, networkConnectionEnabled: false, pageLoadStrategy: normal, platformName: windows, proxy: Proxy(), se:cdp: ws://localhost:49708/devtoo..., se:cdpVersion: 131.0.6778.205, setWindowRect: true, strictFileInteractability: false, timeouts: {implicit: 0, pageLoad: 300000, script: 30000}, unhandledPromptBehavior: ignore, webSocketUrl: ws://localhost:35177/sessio..., webauthn:extension:credBlob: true, webauthn:extension:largeBlob: true, webauthn:extension:minPinLength: true, webauthn:extension:prf: true, webauthn:virtualAuthenticators: true}
Session ID: 252e21093e71d22b8c4698a61c429d04

06-01-2025T09:47:28 - [MESSAGE][WARNING] - [SELF-HEALING] Cannot find elements when the selector is null

06-01-2025T09:47:28 - [MESSAGE][WARNING] - Unable to click on object 'Object Repository/Master Data/Admin Sekolah/Tahun Ajaran/Button Tambah' (Root cause: com.kms.katalon.core.exception.StepFailedException: Unable to click on object 'Object Repository/Master Data/Admin Sekolah/Tahun Ajaran/Button Tambah'
	at com.kms.katalon.core.webui.keyword.internal.WebUIKeywordMain.stepFailed(WebUIKeywordMain.groovy:117)
	at com.kms.katalon.core.webui.keyword.internal.WebUIKeywordMain.runKeyword(WebUIKeywordMain.groovy:43)
	at com.kms.katalon.core.webui.keyword.builtin.ClickKeyword.click(ClickKeyword.groovy:75)
	at com.kms.katalon.core.webui.keyword.builtin.ClickKeyword.execute(ClickKeyword.groovy:40)
	at com.kms.katalon.core.keyword.internal.KeywordExecutor.executeKeywordForPlatform(KeywordExecutor.groovy:74)
	at com.kms.katalon.core.webui.keyword.WebUiBuiltInKeywords.click(WebUiBuiltInKeywords.groovy:684)
	at Tambah Tahun Ajaran.run(Tambah Tahun Ajaran:41)
	at com.kms.katalon.core.main.ScriptEngine.run(ScriptEngine.java:194)
	at com.kms.katalon.core.main.ScriptEngine.runScriptAsRawText(ScriptEngine.java:119)
	at com.kms.katalon.core.main.TestCaseExecutor.runScript(TestCaseExecutor.java:448)
	at com.kms.katalon.core.main.TestCaseExecutor.doExecute(TestCaseExecutor.java:439)
	at com.kms.katalon.core.main.TestCaseExecutor.processExecutionPhase(TestCaseExecutor.java:418)
	at com.kms.katalon.core.main.TestCaseExecutor.accessMainPhase(TestCaseExecutor.java:410)
	at com.kms.katalon.core.main.TestCaseExecutor.execute(TestCaseExecutor.java:285)
	at com.kms.katalon.core.main.TestCaseMain.runTestCase(TestCaseMain.java:133)
	at com.kms.katalon.core.keyword.builtin.CallTestCaseKeyword$_callTestCase_closure1.doCall(CallTestCaseKeyword.groovy:59)
	at com.kms.katalon.core.keyword.builtin.CallTestCaseKeyword$_callTestCase_closure1.call(CallTestCaseKeyword.groovy)
	at com.kms.katalon.core.keyword.internal.KeywordMain.runKeyword(KeywordMain.groovy:75)
	at com.kms.katalon.core.keyword.builtin.CallTestCaseKeyword.callTestCase(CallTestCaseKeyword.groovy:81)
	at com.kms.katalon.core.keyword.builtin.CallTestCaseKeyword.execute(CallTestCaseKeyword.groovy:44)
	at com.kms.katalon.core.keyword.internal.KeywordExecutor.executeKeywordForPlatform(KeywordExecutor.groovy:74)
	at com.kms.katalon.core.keyword.BuiltinKeywords.callTestCase(BuiltinKeywords.groovy:310)
	at jdk.internal.reflect.GeneratedMethodAccessor47.invoke(Unknown Source)
	at java.base/jdk.internal.reflect.DelegatingMethodAccessorImpl.invoke(DelegatingMethodAccessorImpl.java:43)
	at Regresi Tahun Ajaran.run(Regresi Tahun Ajaran:27)
	at com.kms.katalon.core.main.ScriptEngine.run(ScriptEngine.java:194)
	at com.kms.katalon.core.main.ScriptEngine.runScriptAsRawText(ScriptEngine.java:119)
	at com.kms.katalon.core.main.TestCaseExecutor.runScript(TestCaseExecutor.java:448)
	at com.kms.katalon.core.main.TestCaseExecutor.doExecute(TestCaseExecutor.java:439)
	at com.kms.katalon.core.main.TestCaseExecutor.processExecutionPhase(TestCaseExecutor.java:418)
	at com.kms.katalon.core.main.TestCaseExecutor.accessMainPhase(TestCaseExecutor.java:410)
	at com.kms.katalon.core.main.TestCaseExecutor.execute(TestCaseExecutor.java:285)
	at com.kms.katalon.core.common.CommonExecutor.accessTestCaseMainPhase(CommonExecutor.java:65)
	at com.kms.katalon.core.main.TestSuiteExecutor.accessTestSuiteMainPhase(TestSuiteExecutor.java:161)
	at com.kms.katalon.core.main.TestSuiteExecutor.execute(TestSuiteExecutor.java:107)
	at com.kms.katalon.core.main.TestCaseMain.startTestSuite(TestCaseMain.java:176)
	at TempTestSuite1736130766400.run(TempTestSuite1736130766400.groovy:35)
	at java.base/jdk.internal.reflect.NativeMethodAccessorImpl.invoke0(Native Method)
	at java.base/jdk.internal.reflect.NativeMethodAccessorImpl.invoke(NativeMethodAccessorImpl.java:77)
	at java.base/jdk.internal.reflect.DelegatingMethodAccessorImpl.invoke(DelegatingMethodAccessorImpl.java:43)
Caused by: org.openqa.selenium.InvalidSelectorException: invalid selector
from javascript error: {"status":32,"value":"Unable to locate an element with the xpath expression //button[@data-testid=btn-add-school-year'] because of the following error:\nSyntaxError: Failed to execute 'evaluate' on 'Document': The string '//button[@data-testid=btn-add-school-year']' is not a valid XPath expression."}
  (Session info: chrome=131.0.6778.205)
For documentation on this error, please visit: https://www.selenium.dev/documentation/webdriver/troubleshooting/errors#invalid-selector-exception
Build info: version: '4.22.0', revision: 'c5f3146703'
System info: os.name: 'Windows 11', os.arch: 'amd64', os.version: '10.0', java.version: '17.0.7'
Driver info: com.kms.katalon.selenium.driver.CChromeDriver
Command: [252e21093e71d22b8c4698a61c429d04, findElements {using=xpath, value=//button[@data-testid=btn-add-school-year']}]
Capabilities {acceptInsecureCerts: false, browserName: chrome, browserVersion: 131.0.6778.205, chrome: {chromedriverVersion: 130.0.6723.58 (3a50e012e4c9..., userDataDir: C:\Users\henri\AppData\Loca...}, fedcm:accounts: true, goog:chromeOptions: {debuggerAddress: localhost:49708}, networkConnectionEnabled: false, pageLoadStrategy: normal, platformName: windows, proxy: Proxy(), se:cdp: ws://localhost:49708/devtoo..., se:cdpVersion: 131.0.6778.205, setWindowRect: true, strictFileInteractability: false, timeouts: {implicit: 0, pageLoad: 300000, script: 30000}, unhandledPromptBehavior: ignore, webSocketUrl: ws://localhost:35177/sessio..., webauthn:extension:credBlob: true, webauthn:extension:largeBlob: true, webauthn:extension:minPinLength: true, webauthn:extension:prf: true, webauthn:virtualAuthenticators: true}
Session ID: 252e21093e71d22b8c4698a61c429d04
	at java.base/jdk.internal.reflect.NativeConstructorAccessorImpl.newInstance0(Native Method)
	at java.base/jdk.internal.reflect.NativeConstructorAccessorImpl.newInstance(NativeConstructorAccessorImpl.java:77)
	at java.base/jdk.internal.reflect.DelegatingConstructorAccessorImpl.newInstance(DelegatingConstructorAccessorImpl.java:45)
	at org.openqa.selenium.remote.ErrorCodec.decode(ErrorCodec.java:167)
	at org.openqa.selenium.remote.codec.w3c.W3CHttpResponseCodec.decode(W3CHttpResponseCodec.java:138)
	at org.openqa.selenium.remote.codec.w3c.W3CHttpResponseCodec.decode(W3CHttpResponseCodec.java:50)
	at org.openqa.selenium.remote.HttpCommandExecutor.execute(HttpCommandExecutor.java:190)
	at org.openqa.selenium.remote.service.DriverCommandExecutor.invokeExecute(DriverCommandExecutor.java:216)
	at org.openqa.selenium.remote.service.DriverCommandExecutor.execute(DriverCommandExecutor.java:174)
	at org.openqa.selenium.remote.RemoteWebDriver.execute(RemoteWebDriver.java:518)
	at org.openqa.selenium.remote.ElementLocation$ElementFinder$2.findElements(ElementLocation.java:182)
	at org.openqa.selenium.remote.ElementLocation.findElements(ElementLocation.java:103)
	at org.openqa.selenium.remote.RemoteWebDriver.findElements(RemoteWebDriver.java:368)
	at org.openqa.selenium.remote.RemoteWebDriver.findElements(RemoteWebDriver.java:362)
	at jdk.internal.reflect.GeneratedMethodAccessor19.invoke(Unknown Source)
	at java.base/jdk.internal.reflect.DelegatingMethodAccessorImpl.invoke(DelegatingMethodAccessorImpl.java:43)
	at org.openqa.selenium.support.decorators.WebDriverDecorator.call(WebDriverDecorator.java:249)
	at org.openqa.selenium.support.decorators.DefaultDecorated.call(DefaultDecorated.java:48)
	at org.openqa.selenium.support.decorators.WebDriverDecorator.lambda$createProxy$2(WebDriverDecorator.java:321)
	at org.openqa.selenium.remote.RemoteWebDriver$ByteBuddy$RKUoVlgo.findElements(Unknown Source)
	at com.kms.katalon.core.webui.common.WebUiCommonHelper.findElementByNormalMethods(WebUiCommonHelper.java:1036)
	at com.kms.katalon.core.webui.common.WebUiCommonHelper.findElementsBySelectedMethod(WebUiCommonHelper.java:927)
	at com.kms.katalon.core.webui.common.WebUiCommonHelper.findElementsBySelectedMethod(WebUiCommonHelper.java:909)
	at com.kms.katalon.core.webui.common.WebUiCommonHelper.findElementsBySelectedMethod(WebUiCommonHelper.java:904)
	at com.kms.katalon.core.webui.common.WebUiCommonHelper.findElementsByDefault(WebUiCommonHelper.java:900)
	at com.kms.katalon.core.webui.common.WebUiCommonHelper.findElementsWithSelfHealing(WebUiCommonHelper.java:746)
	at com.kms.katalon.core.webui.common.WebUiCommonHelper.findWebElements(WebUiCommonHelper.java:730)
	at com.kms.katalon.core.webui.common.WebUiCommonHelper.findWebElement(WebUiCommonHelper.java:1416)
	at com.kms.katalon.core.webui.keyword.internal.WebUIAbstractKeyword.findWebElement(WebUIAbstractKeyword.groovy:27)
	at com.kms.katalon.core.webui.keyword.builtin.ClickKeyword$_click_closure1.doCall(ClickKeyword.groovy:66)
	at com.kms.katalon.core.webui.keyword.builtin.ClickKeyword$_click_closure1.call(ClickKeyword.groovy)
	at com.kms.katalon.core.webui.keyword.internal.WebUIKeywordMain.runKeyword(WebUIKeywordMain.groovy:35)
	at com.kms.katalon.core.webui.keyword.builtin.ClickKeyword.click(ClickKeyword.groovy:75)
	at com.kms.katalon.core.webui.keyword.builtin.ClickKeyword.execute(ClickKeyword.groovy:40)
	at com.kms.katalon.core.keyword.internal.KeywordExecutor.executeKeywordForPlatform(KeywordExecutor.groovy:74)
	at com.kms.katalon.core.webui.keyword.WebUiBuiltInKeywords.click(WebUiBuiltInKeywords.groovy:684)
	at Script1731464255956.run(Script1731464255956.groovy:41)
	at com.kms.katalon.core.main.ScriptEngine.run(ScriptEngine.java:194)
	at com.kms.katalon.core.main.ScriptEngine.runScriptAsRawText(ScriptEngine.java:119)
	at com.kms.katalon.core.main.TestCaseExecutor.runScript(TestCaseExecutor.java:448)
	at com.kms.katalon.core.main.TestCaseExecutor.doExecute(TestCaseExecutor.java:439)
	at com.kms.katalon.core.main.TestCaseExecutor.processExecutionPhase(TestCaseExecutor.java:418)
	at com.kms.katalon.core.main.TestCaseExecutor.accessMainPhase(TestCaseExecutor.java:410)
	at com.kms.katalon.core.main.TestCaseExecutor.execute(TestCaseExecutor.java:285)
	at com.kms.katalon.core.main.TestCaseMain.runTestCase(TestCaseMain.java:133)
	at com.kms.katalon.core.keyword.builtin.CallTestCaseKeyword$_callTestCase_closure1.doCall(CallTestCaseKeyword.groovy:59)
	at com.kms.katalon.core.keyword.builtin.CallTestCaseKeyword$_callTestCase_closure1.call(CallTestCaseKeyword.groovy)
	at com.kms.katalon.core.keyword.internal.KeywordMain.runKeyword(KeywordMain.groovy:75)
	at com.kms.katalon.core.keyword.builtin.CallTestCaseKeyword.callTestCase(CallTestCaseKeyword.groovy:81)
	at com.kms.katalon.core.keyword.builtin.CallTestCaseKeyword.execute(CallTestCaseKeyword.groovy:44)
	at com.kms.katalon.core.keyword.internal.KeywordExecutor.executeKeywordForPlatform(KeywordExecutor.groovy:74)
	at com.kms.katalon.core.keyword.BuiltinKeywords.callTestCase(BuiltinKeywords.groovy:310)
	at jdk.internal.reflect.GeneratedMethodAccessor47.invoke(Unknown Source)
	at java.base/jdk.internal.reflect.DelegatingMethodAccessorImpl.invoke(DelegatingMethodAccessorImpl.java:43)
	at Script1735746485307.run(Script1735746485307.groovy:27)
	... 15 more
)
[[ATTACHMENT|C:\\Users\\henri\\Videos\\school-payment-automation-testing\\Reports\\20250106_093246\\Regresi All Sprint\\20250106_093246\\1736131648764.png]]

06-01-2025T09:47:28 - [TEST_STEP][PASSED] - click(findTestObject("Master Data/Admin Sekolah/Tahun Ajaran/Tahun Mulai/Dropdown Tahun Mulai"), OPTIONAL): Unable to click on object 'Object Repository/Master Data/Admin Sekolah/Tahun Ajaran/Tahun Mulai/Dropdown Tahun Mulai' (Root cause: com.kms.katalon.core.exception.StepFailedException: Unable to click on object 'Object Repository/Master Data/Admin Sekolah/Tahun Ajaran/Tahun Mulai/Dropdown Tahun Mulai'
	at com.kms.katalon.core.webui.keyword.internal.WebUIKeywordMain.stepFailed(WebUIKeywordMain.groovy:117)
	at com.kms.katalon.core.webui.keyword.internal.WebUIKeywordMain.runKeyword(WebUIKeywordMain.groovy:43)
	at com.kms.katalon.core.webui.keyword.builtin.ClickKeyword.click(ClickKeyword.groovy:75)
	at com.kms.katalon.core.webui.keyword.builtin.ClickKeyword.execute(ClickKeyword.groovy:40)
	at com.kms.katalon.core.keyword.internal.KeywordExecutor.executeKeywordForPlatform(KeywordExecutor.groovy:74)
	at com.kms.katalon.core.webui.keyword.WebUiBuiltInKeywords.click(WebUiBuiltInKeywords.groovy:684)
	at Tambah Tahun Ajaran.run(Tambah Tahun Ajaran:43)
	at com.kms.katalon.core.main.ScriptEngine.run(ScriptEngine.java:194)
	at com.kms.katalon.core.main.ScriptEngine.runScriptAsRawText(ScriptEngine.java:119)
	at com.kms.katalon.core.main.TestCaseExecutor.runScript(TestCaseExecutor.java:448)
	at com.kms.katalon.core.main.TestCaseExecutor.doExecute(TestCaseExecutor.java:439)
	at com.kms.katalon.core.main.TestCaseExecutor.processExecutionPhase(TestCaseExecutor.java:418)
	at com.kms.katalon.core.main.TestCaseExecutor.accessMainPhase(TestCaseExecutor.java:410)
	at com.kms.katalon.core.main.TestCaseExecutor.execute(TestCaseExecutor.java:285)
	at com.kms.katalon.core.main.TestCaseMain.runTestCase(TestCaseMain.java:133)
	at com.kms.katalon.core.keyword.builtin.CallTestCaseKeyword$_callTestCase_closure1.doCall(CallTestCaseKeyword.groovy:59)
	at com.kms.katalon.core.keyword.builtin.CallTestCaseKeyword$_callTestCase_closure1.call(CallTestCaseKeyword.groovy)
	at com.kms.katalon.core.keyword.internal.KeywordMain.runKeyword(KeywordMain.groovy:75)
	at com.kms.katalon.core.keyword.builtin.CallTestCaseKeyword.callTestCase(CallTestCaseKeyword.groovy:81)
	at com.kms.katalon.core.keyword.builtin.CallTestCaseKeyword.execute(CallTestCaseKeyword.groovy:44)
	at com.kms.katalon.core.keyword.internal.KeywordExecutor.executeKeywordForPlatform(KeywordExecutor.groovy:74)
	at com.kms.katalon.core.keyword.BuiltinKeywords.callTestCase(BuiltinKeywords.groovy:310)
	at jdk.internal.reflect.GeneratedMethodAccessor47.invoke(Unknown Source)
	at java.base/jdk.internal.reflect.DelegatingMethodAccessorImpl.invoke(DelegatingMethodAccessorImpl.java:43)
	at Regresi Tahun Ajaran.run(Regresi Tahun Ajaran:27)
	at com.kms.katalon.core.main.ScriptEngine.run(ScriptEngine.java:194)
	at com.kms.katalon.core.main.ScriptEngine.runScriptAsRawText(ScriptEngine.java:119)
	at com.kms.katalon.core.main.TestCaseExecutor.runScript(TestCaseExecutor.java:448)
	at com.kms.katalon.core.main.TestCaseExecutor.doExecute(TestCaseExecutor.java:439)
	at com.kms.katalon.core.main.TestCaseExecutor.processExecutionPhase(TestCaseExecutor.java:418)
	at com.kms.katalon.core.main.TestCaseExecutor.accessMainPhase(TestCaseExecutor.java:410)
	at com.kms.katalon.core.main.TestCaseExecutor.execute(TestCaseExecutor.java:285)
	at com.kms.katalon.core.common.CommonExecutor.accessTestCaseMainPhase(CommonExecutor.java:65)
	at com.kms.katalon.core.main.TestSuiteExecutor.accessTestSuiteMainPhase(TestSuiteExecutor.java:161)
	at com.kms.katalon.core.main.TestSuiteExecutor.execute(TestSuiteExecutor.java:107)
	at com.kms.katalon.core.main.TestCaseMain.startTestSuite(TestCaseMain.java:176)
	at TempTestSuite1736130766400.run(TempTestSuite1736130766400.groovy:35)
	at java.base/jdk.internal.reflect.NativeMethodAccessorImpl.invoke0(Native Method)
	at java.base/jdk.internal.reflect.NativeMethodAccessorImpl.invoke(NativeMethodAccessorImpl.java:77)
	at java.base/jdk.internal.reflect.DelegatingMethodAccessorImpl.invoke(DelegatingMethodAccessorImpl.java:43)
Caused by: com.kms.katalon.core.webui.exception.WebElementNotFoundException: Web element with id: 'Object Repository/Master Data/Admin Sekolah/Tahun Ajaran/Tahun Mulai/Dropdown Tahun Mulai' located by '//*[@id="startDate"]//div[2]/div
' not found
	at com.kms.katalon.core.webui.common.WebUiCommonHelper.findWebElement(WebUiCommonHelper.java:1426)
	at com.kms.katalon.core.webui.keyword.internal.WebUIAbstractKeyword.findWebElement(WebUIAbstractKeyword.groovy:27)
	at com.kms.katalon.core.webui.keyword.builtin.ClickKeyword$_click_closure1.doCall(ClickKeyword.groovy:66)
	at com.kms.katalon.core.webui.keyword.builtin.ClickKeyword$_click_closure1.call(ClickKeyword.groovy)
	at com.kms.katalon.core.webui.keyword.internal.WebUIKeywordMain.runKeyword(WebUIKeywordMain.groovy:35)
	at com.kms.katalon.core.webui.keyword.builtin.ClickKeyword.click(ClickKeyword.groovy:75)
	at com.kms.katalon.core.webui.keyword.builtin.ClickKeyword.execute(ClickKeyword.groovy:40)
	at com.kms.katalon.core.keyword.internal.KeywordExecutor.executeKeywordForPlatform(KeywordExecutor.groovy:74)
	at com.kms.katalon.core.webui.keyword.WebUiBuiltInKeywords.click(WebUiBuiltInKeywords.groovy:684)
	at Script1731464255956.run(Script1731464255956.groovy:43)
	at com.kms.katalon.core.main.ScriptEngine.run(ScriptEngine.java:194)
	at com.kms.katalon.core.main.ScriptEngine.runScriptAsRawText(ScriptEngine.java:119)
	at com.kms.katalon.core.main.TestCaseExecutor.runScript(TestCaseExecutor.java:448)
	at com.kms.katalon.core.main.TestCaseExecutor.doExecute(TestCaseExecutor.java:439)
	at com.kms.katalon.core.main.TestCaseExecutor.processExecutionPhase(TestCaseExecutor.java:418)
	at com.kms.katalon.core.main.TestCaseExecutor.accessMainPhase(TestCaseExecutor.java:410)
	at com.kms.katalon.core.main.TestCaseExecutor.execute(TestCaseExecutor.java:285)
	at com.kms.katalon.core.main.TestCaseMain.runTestCase(TestCaseMain.java:133)
	at com.kms.katalon.core.keyword.builtin.CallTestCaseKeyword$_callTestCase_closure1.doCall(CallTestCaseKeyword.groovy:59)
	at com.kms.katalon.core.keyword.builtin.CallTestCaseKeyword$_callTestCase_closure1.call(CallTestCaseKeyword.groovy)
	at com.kms.katalon.core.keyword.internal.KeywordMain.runKeyword(KeywordMain.groovy:75)
	at com.kms.katalon.core.keyword.builtin.CallTestCaseKeyword.callTestCase(CallTestCaseKeyword.groovy:81)
	at com.kms.katalon.core.keyword.builtin.CallTestCaseKeyword.execute(CallTestCaseKeyword.groovy:44)
	at com.kms.katalon.core.keyword.internal.KeywordExecutor.executeKeywordForPlatform(KeywordExecutor.groovy:74)
	at com.kms.katalon.core.keyword.BuiltinKeywords.callTestCase(BuiltinKeywords.groovy:310)
	at jdk.internal.reflect.GeneratedMethodAccessor47.invoke(Unknown Source)
	at java.base/jdk.internal.reflect.DelegatingMethodAccessorImpl.invoke(DelegatingMethodAccessorImpl.java:43)
	at Script1735746485307.run(Script1735746485307.groovy:27)
	... 15 more
)

06-01-2025T09:48:00 - [MESSAGE][INFO] - Unable to find the element located by 'By.xpath: //*[@id="startDate"]//div[2]/div
'. Please recheck the objects properties to make sure the desired element is located. 

06-01-2025T09:48:00 - [MESSAGE][WARNING] - [SELF-HEALING] Failed to find element with id 'Object Repository/Master Data/Admin Sekolah/Tahun Ajaran/Tahun Mulai/Dropdown Tahun Mulai'. Try using Self-healing.

06-01-2025T09:48:01 - [MESSAGE][INFO] - [SELF-HEALING] No working XPath is found.

06-01-2025T09:48:02 - [MESSAGE][WARNING] - [SELF-HEALING] invalid selector
from javascript error: {"status":32,"value":"Unable to locate an element with the xpath expression  because of the following error:\nSyntaxError: Failed to execute 'evaluate' on 'Document': The string '' is not a valid XPath expression."}
  (Session info: chrome=131.0.6778.205)
For documentation on this error, please visit: https://www.selenium.dev/documentation/webdriver/troubleshooting/errors#invalid-selector-exception
Build info: version: '4.22.0', revision: 'c5f3146703'
System info: os.name: 'Windows 11', os.arch: 'amd64', os.version: '10.0', java.version: '17.0.7'
Driver info: com.kms.katalon.selenium.driver.CChromeDriver
Command: [252e21093e71d22b8c4698a61c429d04, findElements {using=xpath, value=}]
Capabilities {acceptInsecureCerts: false, browserName: chrome, browserVersion: 131.0.6778.205, chrome: {chromedriverVersion: 130.0.6723.58 (3a50e012e4c9..., userDataDir: C:\Users\henri\AppData\Loca...}, fedcm:accounts: true, goog:chromeOptions: {debuggerAddress: localhost:49708}, networkConnectionEnabled: false, pageLoadStrategy: normal, platformName: windows, proxy: Proxy(), se:cdp: ws://localhost:49708/devtoo..., se:cdpVersion: 131.0.6778.205, setWindowRect: true, strictFileInteractability: false, timeouts: {implicit: 0, pageLoad: 300000, script: 30000}, unhandledPromptBehavior: ignore, webSocketUrl: ws://localhost:35177/sessio..., webauthn:extension:credBlob: true, webauthn:extension:largeBlob: true, webauthn:extension:minPinLength: true, webauthn:extension:prf: true, webauthn:virtualAuthenticators: true}
Session ID: 252e21093e71d22b8c4698a61c429d04

06-01-2025T09:48:02 - [MESSAGE][WARNING] - [SELF-HEALING] Cannot find elements when the selector is null

06-01-2025T09:48:02 - [MESSAGE][WARNING] - Unable to click on object 'Object Repository/Master Data/Admin Sekolah/Tahun Ajaran/Tahun Mulai/Dropdown Tahun Mulai' (Root cause: com.kms.katalon.core.exception.StepFailedException: Unable to click on object 'Object Repository/Master Data/Admin Sekolah/Tahun Ajaran/Tahun Mulai/Dropdown Tahun Mulai'
	at com.kms.katalon.core.webui.keyword.internal.WebUIKeywordMain.stepFailed(WebUIKeywordMain.groovy:117)
	at com.kms.katalon.core.webui.keyword.internal.WebUIKeywordMain.runKeyword(WebUIKeywordMain.groovy:43)
	at com.kms.katalon.core.webui.keyword.builtin.ClickKeyword.click(ClickKeyword.groovy:75)
	at com.kms.katalon.core.webui.keyword.builtin.ClickKeyword.execute(ClickKeyword.groovy:40)
	at com.kms.katalon.core.keyword.internal.KeywordExecutor.executeKeywordForPlatform(KeywordExecutor.groovy:74)
	at com.kms.katalon.core.webui.keyword.WebUiBuiltInKeywords.click(WebUiBuiltInKeywords.groovy:684)
	at Tambah Tahun Ajaran.run(Tambah Tahun Ajaran:43)
	at com.kms.katalon.core.main.ScriptEngine.run(ScriptEngine.java:194)
	at com.kms.katalon.core.main.ScriptEngine.runScriptAsRawText(ScriptEngine.java:119)
	at com.kms.katalon.core.main.TestCaseExecutor.runScript(TestCaseExecutor.java:448)
	at com.kms.katalon.core.main.TestCaseExecutor.doExecute(TestCaseExecutor.java:439)
	at com.kms.katalon.core.main.TestCaseExecutor.processExecutionPhase(TestCaseExecutor.java:418)
	at com.kms.katalon.core.main.TestCaseExecutor.accessMainPhase(TestCaseExecutor.java:410)
	at com.kms.katalon.core.main.TestCaseExecutor.execute(TestCaseExecutor.java:285)
	at com.kms.katalon.core.main.TestCaseMain.runTestCase(TestCaseMain.java:133)
	at com.kms.katalon.core.keyword.builtin.CallTestCaseKeyword$_callTestCase_closure1.doCall(CallTestCaseKeyword.groovy:59)
	at com.kms.katalon.core.keyword.builtin.CallTestCaseKeyword$_callTestCase_closure1.call(CallTestCaseKeyword.groovy)
	at com.kms.katalon.core.keyword.internal.KeywordMain.runKeyword(KeywordMain.groovy:75)
	at com.kms.katalon.core.keyword.builtin.CallTestCaseKeyword.callTestCase(CallTestCaseKeyword.groovy:81)
	at com.kms.katalon.core.keyword.builtin.CallTestCaseKeyword.execute(CallTestCaseKeyword.groovy:44)
	at com.kms.katalon.core.keyword.internal.KeywordExecutor.executeKeywordForPlatform(KeywordExecutor.groovy:74)
	at com.kms.katalon.core.keyword.BuiltinKeywords.callTestCase(BuiltinKeywords.groovy:310)
	at jdk.internal.reflect.GeneratedMethodAccessor47.invoke(Unknown Source)
	at java.base/jdk.internal.reflect.DelegatingMethodAccessorImpl.invoke(DelegatingMethodAccessorImpl.java:43)
	at Regresi Tahun Ajaran.run(Regresi Tahun Ajaran:27)
	at com.kms.katalon.core.main.ScriptEngine.run(ScriptEngine.java:194)
	at com.kms.katalon.core.main.ScriptEngine.runScriptAsRawText(ScriptEngine.java:119)
	at com.kms.katalon.core.main.TestCaseExecutor.runScript(TestCaseExecutor.java:448)
	at com.kms.katalon.core.main.TestCaseExecutor.doExecute(TestCaseExecutor.java:439)
	at com.kms.katalon.core.main.TestCaseExecutor.processExecutionPhase(TestCaseExecutor.java:418)
	at com.kms.katalon.core.main.TestCaseExecutor.accessMainPhase(TestCaseExecutor.java:410)
	at com.kms.katalon.core.main.TestCaseExecutor.execute(TestCaseExecutor.java:285)
	at com.kms.katalon.core.common.CommonExecutor.accessTestCaseMainPhase(CommonExecutor.java:65)
	at com.kms.katalon.core.main.TestSuiteExecutor.accessTestSuiteMainPhase(TestSuiteExecutor.java:161)
	at com.kms.katalon.core.main.TestSuiteExecutor.execute(TestSuiteExecutor.java:107)
	at com.kms.katalon.core.main.TestCaseMain.startTestSuite(TestCaseMain.java:176)
	at TempTestSuite1736130766400.run(TempTestSuite1736130766400.groovy:35)
	at java.base/jdk.internal.reflect.NativeMethodAccessorImpl.invoke0(Native Method)
	at java.base/jdk.internal.reflect.NativeMethodAccessorImpl.invoke(NativeMethodAccessorImpl.java:77)
	at java.base/jdk.internal.reflect.DelegatingMethodAccessorImpl.invoke(DelegatingMethodAccessorImpl.java:43)
Caused by: com.kms.katalon.core.webui.exception.WebElementNotFoundException: Web element with id: 'Object Repository/Master Data/Admin Sekolah/Tahun Ajaran/Tahun Mulai/Dropdown Tahun Mulai' located by '//*[@id="startDate"]//div[2]/div
' not found
	at com.kms.katalon.core.webui.common.WebUiCommonHelper.findWebElement(WebUiCommonHelper.java:1426)
	at com.kms.katalon.core.webui.keyword.internal.WebUIAbstractKeyword.findWebElement(WebUIAbstractKeyword.groovy:27)
	at com.kms.katalon.core.webui.keyword.builtin.ClickKeyword$_click_closure1.doCall(ClickKeyword.groovy:66)
	at com.kms.katalon.core.webui.keyword.builtin.ClickKeyword$_click_closure1.call(ClickKeyword.groovy)
	at com.kms.katalon.core.webui.keyword.internal.WebUIKeywordMain.runKeyword(WebUIKeywordMain.groovy:35)
	at com.kms.katalon.core.webui.keyword.builtin.ClickKeyword.click(ClickKeyword.groovy:75)
	at com.kms.katalon.core.webui.keyword.builtin.ClickKeyword.execute(ClickKeyword.groovy:40)
	at com.kms.katalon.core.keyword.internal.KeywordExecutor.executeKeywordForPlatform(KeywordExecutor.groovy:74)
	at com.kms.katalon.core.webui.keyword.WebUiBuiltInKeywords.click(WebUiBuiltInKeywords.groovy:684)
	at Script1731464255956.run(Script1731464255956.groovy:43)
	at com.kms.katalon.core.main.ScriptEngine.run(ScriptEngine.java:194)
	at com.kms.katalon.core.main.ScriptEngine.runScriptAsRawText(ScriptEngine.java:119)
	at com.kms.katalon.core.main.TestCaseExecutor.runScript(TestCaseExecutor.java:448)
	at com.kms.katalon.core.main.TestCaseExecutor.doExecute(TestCaseExecutor.java:439)
	at com.kms.katalon.core.main.TestCaseExecutor.processExecutionPhase(TestCaseExecutor.java:418)
	at com.kms.katalon.core.main.TestCaseExecutor.accessMainPhase(TestCaseExecutor.java:410)
	at com.kms.katalon.core.main.TestCaseExecutor.execute(TestCaseExecutor.java:285)
	at com.kms.katalon.core.main.TestCaseMain.runTestCase(TestCaseMain.java:133)
	at com.kms.katalon.core.keyword.builtin.CallTestCaseKeyword$_callTestCase_closure1.doCall(CallTestCaseKeyword.groovy:59)
	at com.kms.katalon.core.keyword.builtin.CallTestCaseKeyword$_callTestCase_closure1.call(CallTestCaseKeyword.groovy)
	at com.kms.katalon.core.keyword.internal.KeywordMain.runKeyword(KeywordMain.groovy:75)
	at com.kms.katalon.core.keyword.builtin.CallTestCaseKeyword.callTestCase(CallTestCaseKeyword.groovy:81)
	at com.kms.katalon.core.keyword.builtin.CallTestCaseKeyword.execute(CallTestCaseKeyword.groovy:44)
	at com.kms.katalon.core.keyword.internal.KeywordExecutor.executeKeywordForPlatform(KeywordExecutor.groovy:74)
	at com.kms.katalon.core.keyword.BuiltinKeywords.callTestCase(BuiltinKeywords.groovy:310)
	at jdk.internal.reflect.GeneratedMethodAccessor47.invoke(Unknown Source)
	at java.base/jdk.internal.reflect.DelegatingMethodAccessorImpl.invoke(DelegatingMethodAccessorImpl.java:43)
	at Script1735746485307.run(Script1735746485307.groovy:27)
	... 15 more
)
[[ATTACHMENT|C:\\Users\\henri\\Videos\\school-payment-automation-testing\\Reports\\20250106_093246\\Regresi All Sprint\\20250106_093246\\1736131682338.png]]

06-01-2025T09:48:02 - [TEST_STEP][PASSED] - dynamicXPath = createDynamicXPath("10"): null

06-01-2025T09:48:02 - [TEST_STEP][PASSED] - return ((//div[@class='mt-2 grid grid-cols-7']//p[text()=' + date) + ' and contains(@class, 'cursor-pointer')]): null

06-01-2025T09:48:02 - [TEST_STEP][PASSED] - dynamicTestObject = TestObject().addProperty("xpath", EQUALS, dynamicXPath): null

06-01-2025T09:48:02 - [TEST_STEP][PASSED] - click(dynamicTestObject, OPTIONAL): Unable to click on object '' (Root cause: com.kms.katalon.core.exception.StepFailedException: Unable to click on object ''
	at com.kms.katalon.core.webui.keyword.internal.WebUIKeywordMain.stepFailed(WebUIKeywordMain.groovy:117)
	at com.kms.katalon.core.webui.keyword.internal.WebUIKeywordMain.runKeyword(WebUIKeywordMain.groovy:43)
	at com.kms.katalon.core.webui.keyword.builtin.ClickKeyword.click(ClickKeyword.groovy:75)
	at com.kms.katalon.core.webui.keyword.builtin.ClickKeyword.execute(ClickKeyword.groovy:40)
	at com.kms.katalon.core.keyword.internal.KeywordExecutor.executeKeywordForPlatform(KeywordExecutor.groovy:74)
	at com.kms.katalon.core.webui.keyword.WebUiBuiltInKeywords.click(WebUiBuiltInKeywords.groovy:684)
	at Tambah Tahun Ajaran.run(Tambah Tahun Ajaran:54)
	at com.kms.katalon.core.main.ScriptEngine.run(ScriptEngine.java:194)
	at com.kms.katalon.core.main.ScriptEngine.runScriptAsRawText(ScriptEngine.java:119)
	at com.kms.katalon.core.main.TestCaseExecutor.runScript(TestCaseExecutor.java:448)
	at com.kms.katalon.core.main.TestCaseExecutor.doExecute(TestCaseExecutor.java:439)
	at com.kms.katalon.core.main.TestCaseExecutor.processExecutionPhase(TestCaseExecutor.java:418)
	at com.kms.katalon.core.main.TestCaseExecutor.accessMainPhase(TestCaseExecutor.java:410)
	at com.kms.katalon.core.main.TestCaseExecutor.execute(TestCaseExecutor.java:285)
	at com.kms.katalon.core.main.TestCaseMain.runTestCase(TestCaseMain.java:133)
	at com.kms.katalon.core.keyword.builtin.CallTestCaseKeyword$_callTestCase_closure1.doCall(CallTestCaseKeyword.groovy:59)
	at com.kms.katalon.core.keyword.builtin.CallTestCaseKeyword$_callTestCase_closure1.call(CallTestCaseKeyword.groovy)
	at com.kms.katalon.core.keyword.internal.KeywordMain.runKeyword(KeywordMain.groovy:75)
	at com.kms.katalon.core.keyword.builtin.CallTestCaseKeyword.callTestCase(CallTestCaseKeyword.groovy:81)
	at com.kms.katalon.core.keyword.builtin.CallTestCaseKeyword.execute(CallTestCaseKeyword.groovy:44)
	at com.kms.katalon.core.keyword.internal.KeywordExecutor.executeKeywordForPlatform(KeywordExecutor.groovy:74)
	at com.kms.katalon.core.keyword.BuiltinKeywords.callTestCase(BuiltinKeywords.groovy:310)
	at jdk.internal.reflect.GeneratedMethodAccessor47.invoke(Unknown Source)
	at java.base/jdk.internal.reflect.DelegatingMethodAccessorImpl.invoke(DelegatingMethodAccessorImpl.java:43)
	at Regresi Tahun Ajaran.run(Regresi Tahun Ajaran:27)
	at com.kms.katalon.core.main.ScriptEngine.run(ScriptEngine.java:194)
	at com.kms.katalon.core.main.ScriptEngine.runScriptAsRawText(ScriptEngine.java:119)
	at com.kms.katalon.core.main.TestCaseExecutor.runScript(TestCaseExecutor.java:448)
	at com.kms.katalon.core.main.TestCaseExecutor.doExecute(TestCaseExecutor.java:439)
	at com.kms.katalon.core.main.TestCaseExecutor.processExecutionPhase(TestCaseExecutor.java:418)
	at com.kms.katalon.core.main.TestCaseExecutor.accessMainPhase(TestCaseExecutor.java:410)
	at com.kms.katalon.core.main.TestCaseExecutor.execute(TestCaseExecutor.java:285)
	at com.kms.katalon.core.common.CommonExecutor.accessTestCaseMainPhase(CommonExecutor.java:65)
	at com.kms.katalon.core.main.TestSuiteExecutor.accessTestSuiteMainPhase(TestSuiteExecutor.java:161)
	at com.kms.katalon.core.main.TestSuiteExecutor.execute(TestSuiteExecutor.java:107)
	at com.kms.katalon.core.main.TestCaseMain.startTestSuite(TestCaseMain.java:176)
	at TempTestSuite1736130766400.run(TempTestSuite1736130766400.groovy:35)
	at java.base/jdk.internal.reflect.NativeMethodAccessorImpl.invoke0(Native Method)
	at java.base/jdk.internal.reflect.NativeMethodAccessorImpl.invoke(NativeMethodAccessorImpl.java:77)
	at java.base/jdk.internal.reflect.DelegatingMethodAccessorImpl.invoke(DelegatingMethodAccessorImpl.java:43)
Caused by: com.kms.katalon.core.webui.exception.WebElementNotFoundException: Web element with id: '' located by '//div[@class='mt-2 grid grid-cols-7']//p[text()='10' and contains(@class, 'cursor-pointer')]' not found
	at com.kms.katalon.core.webui.common.WebUiCommonHelper.findWebElement(WebUiCommonHelper.java:1426)
	at com.kms.katalon.core.webui.keyword.internal.WebUIAbstractKeyword.findWebElement(WebUIAbstractKeyword.groovy:27)
	at com.kms.katalon.core.webui.keyword.builtin.ClickKeyword$_click_closure1.doCall(ClickKeyword.groovy:66)
	at com.kms.katalon.core.webui.keyword.builtin.ClickKeyword$_click_closure1.call(ClickKeyword.groovy)
	at com.kms.katalon.core.webui.keyword.internal.WebUIKeywordMain.runKeyword(WebUIKeywordMain.groovy:35)
	at com.kms.katalon.core.webui.keyword.builtin.ClickKeyword.click(ClickKeyword.groovy:75)
	at com.kms.katalon.core.webui.keyword.builtin.ClickKeyword.execute(ClickKeyword.groovy:40)
	at com.kms.katalon.core.keyword.internal.KeywordExecutor.executeKeywordForPlatform(KeywordExecutor.groovy:74)
	at com.kms.katalon.core.webui.keyword.WebUiBuiltInKeywords.click(WebUiBuiltInKeywords.groovy:684)
	at Script1731464255956.run(Script1731464255956.groovy:54)
	at com.kms.katalon.core.main.ScriptEngine.run(ScriptEngine.java:194)
	at com.kms.katalon.core.main.ScriptEngine.runScriptAsRawText(ScriptEngine.java:119)
	at com.kms.katalon.core.main.TestCaseExecutor.runScript(TestCaseExecutor.java:448)
	at com.kms.katalon.core.main.TestCaseExecutor.doExecute(TestCaseExecutor.java:439)
	at com.kms.katalon.core.main.TestCaseExecutor.processExecutionPhase(TestCaseExecutor.java:418)
	at com.kms.katalon.core.main.TestCaseExecutor.accessMainPhase(TestCaseExecutor.java:410)
	at com.kms.katalon.core.main.TestCaseExecutor.execute(TestCaseExecutor.java:285)
	at com.kms.katalon.core.main.TestCaseMain.runTestCase(TestCaseMain.java:133)
	at com.kms.katalon.core.keyword.builtin.CallTestCaseKeyword$_callTestCase_closure1.doCall(CallTestCaseKeyword.groovy:59)
	at com.kms.katalon.core.keyword.builtin.CallTestCaseKeyword$_callTestCase_closure1.call(CallTestCaseKeyword.groovy)
	at com.kms.katalon.core.keyword.internal.KeywordMain.runKeyword(KeywordMain.groovy:75)
	at com.kms.katalon.core.keyword.builtin.CallTestCaseKeyword.callTestCase(CallTestCaseKeyword.groovy:81)
	at com.kms.katalon.core.keyword.builtin.CallTestCaseKeyword.execute(CallTestCaseKeyword.groovy:44)
	at com.kms.katalon.core.keyword.internal.KeywordExecutor.executeKeywordForPlatform(KeywordExecutor.groovy:74)
	at com.kms.katalon.core.keyword.BuiltinKeywords.callTestCase(BuiltinKeywords.groovy:310)
	at jdk.internal.reflect.GeneratedMethodAccessor47.invoke(Unknown Source)
	at java.base/jdk.internal.reflect.DelegatingMethodAccessorImpl.invoke(DelegatingMethodAccessorImpl.java:43)
	at Script1735746485307.run(Script1735746485307.groovy:27)
	... 15 more
)

06-01-2025T09:48:33 - [MESSAGE][INFO] - Unable to find the element located by 'By.xpath: //div[@class='mt-2 grid grid-cols-7']//p[text()='10' and contains(@class, 'cursor-pointer')]'. Please recheck the objects properties to make sure the desired element is located. 

06-01-2025T09:48:33 - [MESSAGE][WARNING] - [SELF-HEALING] Failed to find element with id ''. Try using Self-healing.

06-01-2025T09:48:33 - [MESSAGE][WARNING] - [SELF-HEALING] Index 0 out of bounds for length 0

06-01-2025T09:48:34 - [MESSAGE][WARNING] - [SELF-HEALING] Cannot find elements when the selector is null

06-01-2025T09:48:34 - [MESSAGE][WARNING] - Unable to click on object '' (Root cause: com.kms.katalon.core.exception.StepFailedException: Unable to click on object ''
	at com.kms.katalon.core.webui.keyword.internal.WebUIKeywordMain.stepFailed(WebUIKeywordMain.groovy:117)
	at com.kms.katalon.core.webui.keyword.internal.WebUIKeywordMain.runKeyword(WebUIKeywordMain.groovy:43)
	at com.kms.katalon.core.webui.keyword.builtin.ClickKeyword.click(ClickKeyword.groovy:75)
	at com.kms.katalon.core.webui.keyword.builtin.ClickKeyword.execute(ClickKeyword.groovy:40)
	at com.kms.katalon.core.keyword.internal.KeywordExecutor.executeKeywordForPlatform(KeywordExecutor.groovy:74)
	at com.kms.katalon.core.webui.keyword.WebUiBuiltInKeywords.click(WebUiBuiltInKeywords.groovy:684)
	at Tambah Tahun Ajaran.run(Tambah Tahun Ajaran:54)
	at com.kms.katalon.core.main.ScriptEngine.run(ScriptEngine.java:194)
	at com.kms.katalon.core.main.ScriptEngine.runScriptAsRawText(ScriptEngine.java:119)
	at com.kms.katalon.core.main.TestCaseExecutor.runScript(TestCaseExecutor.java:448)
	at com.kms.katalon.core.main.TestCaseExecutor.doExecute(TestCaseExecutor.java:439)
	at com.kms.katalon.core.main.TestCaseExecutor.processExecutionPhase(TestCaseExecutor.java:418)
	at com.kms.katalon.core.main.TestCaseExecutor.accessMainPhase(TestCaseExecutor.java:410)
	at com.kms.katalon.core.main.TestCaseExecutor.execute(TestCaseExecutor.java:285)
	at com.kms.katalon.core.main.TestCaseMain.runTestCase(TestCaseMain.java:133)
	at com.kms.katalon.core.keyword.builtin.CallTestCaseKeyword$_callTestCase_closure1.doCall(CallTestCaseKeyword.groovy:59)
	at com.kms.katalon.core.keyword.builtin.CallTestCaseKeyword$_callTestCase_closure1.call(CallTestCaseKeyword.groovy)
	at com.kms.katalon.core.keyword.internal.KeywordMain.runKeyword(KeywordMain.groovy:75)
	at com.kms.katalon.core.keyword.builtin.CallTestCaseKeyword.callTestCase(CallTestCaseKeyword.groovy:81)
	at com.kms.katalon.core.keyword.builtin.CallTestCaseKeyword.execute(CallTestCaseKeyword.groovy:44)
	at com.kms.katalon.core.keyword.internal.KeywordExecutor.executeKeywordForPlatform(KeywordExecutor.groovy:74)
	at com.kms.katalon.core.keyword.BuiltinKeywords.callTestCase(BuiltinKeywords.groovy:310)
	at jdk.internal.reflect.GeneratedMethodAccessor47.invoke(Unknown Source)
	at java.base/jdk.internal.reflect.DelegatingMethodAccessorImpl.invoke(DelegatingMethodAccessorImpl.java:43)
	at Regresi Tahun Ajaran.run(Regresi Tahun Ajaran:27)
	at com.kms.katalon.core.main.ScriptEngine.run(ScriptEngine.java:194)
	at com.kms.katalon.core.main.ScriptEngine.runScriptAsRawText(ScriptEngine.java:119)
	at com.kms.katalon.core.main.TestCaseExecutor.runScript(TestCaseExecutor.java:448)
	at com.kms.katalon.core.main.TestCaseExecutor.doExecute(TestCaseExecutor.java:439)
	at com.kms.katalon.core.main.TestCaseExecutor.processExecutionPhase(TestCaseExecutor.java:418)
	at com.kms.katalon.core.main.TestCaseExecutor.accessMainPhase(TestCaseExecutor.java:410)
	at com.kms.katalon.core.main.TestCaseExecutor.execute(TestCaseExecutor.java:285)
	at com.kms.katalon.core.common.CommonExecutor.accessTestCaseMainPhase(CommonExecutor.java:65)
	at com.kms.katalon.core.main.TestSuiteExecutor.accessTestSuiteMainPhase(TestSuiteExecutor.java:161)
	at com.kms.katalon.core.main.TestSuiteExecutor.execute(TestSuiteExecutor.java:107)
	at com.kms.katalon.core.main.TestCaseMain.startTestSuite(TestCaseMain.java:176)
	at TempTestSuite1736130766400.run(TempTestSuite1736130766400.groovy:35)
	at java.base/jdk.internal.reflect.NativeMethodAccessorImpl.invoke0(Native Method)
	at java.base/jdk.internal.reflect.NativeMethodAccessorImpl.invoke(NativeMethodAccessorImpl.java:77)
	at java.base/jdk.internal.reflect.DelegatingMethodAccessorImpl.invoke(DelegatingMethodAccessorImpl.java:43)
Caused by: com.kms.katalon.core.webui.exception.WebElementNotFoundException: Web element with id: '' located by '//div[@class='mt-2 grid grid-cols-7']//p[text()='10' and contains(@class, 'cursor-pointer')]' not found
	at com.kms.katalon.core.webui.common.WebUiCommonHelper.findWebElement(WebUiCommonHelper.java:1426)
	at com.kms.katalon.core.webui.keyword.internal.WebUIAbstractKeyword.findWebElement(WebUIAbstractKeyword.groovy:27)
	at com.kms.katalon.core.webui.keyword.builtin.ClickKeyword$_click_closure1.doCall(ClickKeyword.groovy:66)
	at com.kms.katalon.core.webui.keyword.builtin.ClickKeyword$_click_closure1.call(ClickKeyword.groovy)
	at com.kms.katalon.core.webui.keyword.internal.WebUIKeywordMain.runKeyword(WebUIKeywordMain.groovy:35)
	at com.kms.katalon.core.webui.keyword.builtin.ClickKeyword.click(ClickKeyword.groovy:75)
	at com.kms.katalon.core.webui.keyword.builtin.ClickKeyword.execute(ClickKeyword.groovy:40)
	at com.kms.katalon.core.keyword.internal.KeywordExecutor.executeKeywordForPlatform(KeywordExecutor.groovy:74)
	at com.kms.katalon.core.webui.keyword.WebUiBuiltInKeywords.click(WebUiBuiltInKeywords.groovy:684)
	at Script1731464255956.run(Script1731464255956.groovy:54)
	at com.kms.katalon.core.main.ScriptEngine.run(ScriptEngine.java:194)
	at com.kms.katalon.core.main.ScriptEngine.runScriptAsRawText(ScriptEngine.java:119)
	at com.kms.katalon.core.main.TestCaseExecutor.runScript(TestCaseExecutor.java:448)
	at com.kms.katalon.core.main.TestCaseExecutor.doExecute(TestCaseExecutor.java:439)
	at com.kms.katalon.core.main.TestCaseExecutor.processExecutionPhase(TestCaseExecutor.java:418)
	at com.kms.katalon.core.main.TestCaseExecutor.accessMainPhase(TestCaseExecutor.java:410)
	at com.kms.katalon.core.main.TestCaseExecutor.execute(TestCaseExecutor.java:285)
	at com.kms.katalon.core.main.TestCaseMain.runTestCase(TestCaseMain.java:133)
	at com.kms.katalon.core.keyword.builtin.CallTestCaseKeyword$_callTestCase_closure1.doCall(CallTestCaseKeyword.groovy:59)
	at com.kms.katalon.core.keyword.builtin.CallTestCaseKeyword$_callTestCase_closure1.call(CallTestCaseKeyword.groovy)
	at com.kms.katalon.core.keyword.internal.KeywordMain.runKeyword(KeywordMain.groovy:75)
	at com.kms.katalon.core.keyword.builtin.CallTestCaseKeyword.callTestCase(CallTestCaseKeyword.groovy:81)
	at com.kms.katalon.core.keyword.builtin.CallTestCaseKeyword.execute(CallTestCaseKeyword.groovy:44)
	at com.kms.katalon.core.keyword.internal.KeywordExecutor.executeKeywordForPlatform(KeywordExecutor.groovy:74)
	at com.kms.katalon.core.keyword.BuiltinKeywords.callTestCase(BuiltinKeywords.groovy:310)
	at jdk.internal.reflect.GeneratedMethodAccessor47.invoke(Unknown Source)
	at java.base/jdk.internal.reflect.DelegatingMethodAccessorImpl.invoke(DelegatingMethodAccessorImpl.java:43)
	at Script1735746485307.run(Script1735746485307.groovy:27)
	... 15 more
)
[[ATTACHMENT|C:\\Users\\henri\\Videos\\school-payment-automation-testing\\Reports\\20250106_093246\\Regresi All Sprint\\20250106_093246\\1736131714664.png]]

06-01-2025T09:48:34 - [TEST_STEP][PASSED] - click(findTestObject("Master Data/Admin Sekolah/Tahun Ajaran/Button Submit Tahun Ajaran"), OPTIONAL): Unable to click on object 'Object Repository/Master Data/Admin Sekolah/Tahun Ajaran/Button Submit Tahun Ajaran' (Root cause: com.kms.katalon.core.exception.StepFailedException: Unable to click on object 'Object Repository/Master Data/Admin Sekolah/Tahun Ajaran/Button Submit Tahun Ajaran'
	at com.kms.katalon.core.webui.keyword.internal.WebUIKeywordMain.stepFailed(WebUIKeywordMain.groovy:117)
	at com.kms.katalon.core.webui.keyword.internal.WebUIKeywordMain.runKeyword(WebUIKeywordMain.groovy:43)
	at com.kms.katalon.core.webui.keyword.builtin.ClickKeyword.click(ClickKeyword.groovy:75)
	at com.kms.katalon.core.webui.keyword.builtin.ClickKeyword.execute(ClickKeyword.groovy:40)
	at com.kms.katalon.core.keyword.internal.KeywordExecutor.executeKeywordForPlatform(KeywordExecutor.groovy:74)
	at com.kms.katalon.core.webui.keyword.WebUiBuiltInKeywords.click(WebUiBuiltInKeywords.groovy:684)
	at Tambah Tahun Ajaran.run(Tambah Tahun Ajaran:57)
	at com.kms.katalon.core.main.ScriptEngine.run(ScriptEngine.java:194)
	at com.kms.katalon.core.main.ScriptEngine.runScriptAsRawText(ScriptEngine.java:119)
	at com.kms.katalon.core.main.TestCaseExecutor.runScript(TestCaseExecutor.java:448)
	at com.kms.katalon.core.main.TestCaseExecutor.doExecute(TestCaseExecutor.java:439)
	at com.kms.katalon.core.main.TestCaseExecutor.processExecutionPhase(TestCaseExecutor.java:418)
	at com.kms.katalon.core.main.TestCaseExecutor.accessMainPhase(TestCaseExecutor.java:410)
	at com.kms.katalon.core.main.TestCaseExecutor.execute(TestCaseExecutor.java:285)
	at com.kms.katalon.core.main.TestCaseMain.runTestCase(TestCaseMain.java:133)
	at com.kms.katalon.core.keyword.builtin.CallTestCaseKeyword$_callTestCase_closure1.doCall(CallTestCaseKeyword.groovy:59)
	at com.kms.katalon.core.keyword.builtin.CallTestCaseKeyword$_callTestCase_closure1.call(CallTestCaseKeyword.groovy)
	at com.kms.katalon.core.keyword.internal.KeywordMain.runKeyword(KeywordMain.groovy:75)
	at com.kms.katalon.core.keyword.builtin.CallTestCaseKeyword.callTestCase(CallTestCaseKeyword.groovy:81)
	at com.kms.katalon.core.keyword.builtin.CallTestCaseKeyword.execute(CallTestCaseKeyword.groovy:44)
	at com.kms.katalon.core.keyword.internal.KeywordExecutor.executeKeywordForPlatform(KeywordExecutor.groovy:74)
	at com.kms.katalon.core.keyword.BuiltinKeywords.callTestCase(BuiltinKeywords.groovy:310)
	at jdk.internal.reflect.GeneratedMethodAccessor47.invoke(Unknown Source)
	at java.base/jdk.internal.reflect.DelegatingMethodAccessorImpl.invoke(DelegatingMethodAccessorImpl.java:43)
	at Regresi Tahun Ajaran.run(Regresi Tahun Ajaran:27)
	at com.kms.katalon.core.main.ScriptEngine.run(ScriptEngine.java:194)
	at com.kms.katalon.core.main.ScriptEngine.runScriptAsRawText(ScriptEngine.java:119)
	at com.kms.katalon.core.main.TestCaseExecutor.runScript(TestCaseExecutor.java:448)
	at com.kms.katalon.core.main.TestCaseExecutor.doExecute(TestCaseExecutor.java:439)
	at com.kms.katalon.core.main.TestCaseExecutor.processExecutionPhase(TestCaseExecutor.java:418)
	at com.kms.katalon.core.main.TestCaseExecutor.accessMainPhase(TestCaseExecutor.java:410)
	at com.kms.katalon.core.main.TestCaseExecutor.execute(TestCaseExecutor.java:285)
	at com.kms.katalon.core.common.CommonExecutor.accessTestCaseMainPhase(CommonExecutor.java:65)
	at com.kms.katalon.core.main.TestSuiteExecutor.accessTestSuiteMainPhase(TestSuiteExecutor.java:161)
	at com.kms.katalon.core.main.TestSuiteExecutor.execute(TestSuiteExecutor.java:107)
	at com.kms.katalon.core.main.TestCaseMain.startTestSuite(TestCaseMain.java:176)
	at TempTestSuite1736130766400.run(TempTestSuite1736130766400.groovy:35)
	at java.base/jdk.internal.reflect.NativeMethodAccessorImpl.invoke0(Native Method)
	at java.base/jdk.internal.reflect.NativeMethodAccessorImpl.invoke(NativeMethodAccessorImpl.java:77)
	at java.base/jdk.internal.reflect.DelegatingMethodAccessorImpl.invoke(DelegatingMethodAccessorImpl.java:43)
Caused by: com.kms.katalon.core.webui.exception.WebElementNotFoundException: Web element with id: 'Object Repository/Master Data/Admin Sekolah/Tahun Ajaran/Button Submit Tahun Ajaran' located by '//*[@id="modal"]//form/button
' not found
	at com.kms.katalon.core.webui.common.WebUiCommonHelper.findWebElement(WebUiCommonHelper.java:1426)
	at com.kms.katalon.core.webui.keyword.internal.WebUIAbstractKeyword.findWebElement(WebUIAbstractKeyword.groovy:27)
	at com.kms.katalon.core.webui.keyword.builtin.ClickKeyword$_click_closure1.doCall(ClickKeyword.groovy:66)
	at com.kms.katalon.core.webui.keyword.builtin.ClickKeyword$_click_closure1.call(ClickKeyword.groovy)
	at com.kms.katalon.core.webui.keyword.internal.WebUIKeywordMain.runKeyword(WebUIKeywordMain.groovy:35)
	at com.kms.katalon.core.webui.keyword.builtin.ClickKeyword.click(ClickKeyword.groovy:75)
	at com.kms.katalon.core.webui.keyword.builtin.ClickKeyword.execute(ClickKeyword.groovy:40)
	at com.kms.katalon.core.keyword.internal.KeywordExecutor.executeKeywordForPlatform(KeywordExecutor.groovy:74)
	at com.kms.katalon.core.webui.keyword.WebUiBuiltInKeywords.click(WebUiBuiltInKeywords.groovy:684)
	at Script1731464255956.run(Script1731464255956.groovy:57)
	at com.kms.katalon.core.main.ScriptEngine.run(ScriptEngine.java:194)
	at com.kms.katalon.core.main.ScriptEngine.runScriptAsRawText(ScriptEngine.java:119)
	at com.kms.katalon.core.main.TestCaseExecutor.runScript(TestCaseExecutor.java:448)
	at com.kms.katalon.core.main.TestCaseExecutor.doExecute(TestCaseExecutor.java:439)
	at com.kms.katalon.core.main.TestCaseExecutor.processExecutionPhase(TestCaseExecutor.java:418)
	at com.kms.katalon.core.main.TestCaseExecutor.accessMainPhase(TestCaseExecutor.java:410)
	at com.kms.katalon.core.main.TestCaseExecutor.execute(TestCaseExecutor.java:285)
	at com.kms.katalon.core.main.TestCaseMain.runTestCase(TestCaseMain.java:133)
	at com.kms.katalon.core.keyword.builtin.CallTestCaseKeyword$_callTestCase_closure1.doCall(CallTestCaseKeyword.groovy:59)
	at com.kms.katalon.core.keyword.builtin.CallTestCaseKeyword$_callTestCase_closure1.call(CallTestCaseKeyword.groovy)
	at com.kms.katalon.core.keyword.internal.KeywordMain.runKeyword(KeywordMain.groovy:75)
	at com.kms.katalon.core.keyword.builtin.CallTestCaseKeyword.callTestCase(CallTestCaseKeyword.groovy:81)
	at com.kms.katalon.core.keyword.builtin.CallTestCaseKeyword.execute(CallTestCaseKeyword.groovy:44)
	at com.kms.katalon.core.keyword.internal.KeywordExecutor.executeKeywordForPlatform(KeywordExecutor.groovy:74)
	at com.kms.katalon.core.keyword.BuiltinKeywords.callTestCase(BuiltinKeywords.groovy:310)
	at jdk.internal.reflect.GeneratedMethodAccessor47.invoke(Unknown Source)
	at java.base/jdk.internal.reflect.DelegatingMethodAccessorImpl.invoke(DelegatingMethodAccessorImpl.java:43)
	at Script1735746485307.run(Script1735746485307.groovy:27)
	... 15 more
)

06-01-2025T09:49:05 - [MESSAGE][INFO] - Unable to find the element located by 'By.xpath: //*[@id="modal"]//form/button
'. Please recheck the objects properties to make sure the desired element is located. 

06-01-2025T09:49:05 - [MESSAGE][WARNING] - [SELF-HEALING] Failed to find element with id 'Object Repository/Master Data/Admin Sekolah/Tahun Ajaran/Button Submit Tahun Ajaran'. Try using Self-healing.

06-01-2025T09:49:06 - [MESSAGE][INFO] - [SELF-HEALING] No working XPath is found.

06-01-2025T09:49:08 - [MESSAGE][WARNING] - [SELF-HEALING] invalid selector
from javascript error: {"status":32,"value":"Unable to locate an element with the xpath expression  because of the following error:\nSyntaxError: Failed to execute 'evaluate' on 'Document': The string '' is not a valid XPath expression."}
  (Session info: chrome=131.0.6778.205)
For documentation on this error, please visit: https://www.selenium.dev/documentation/webdriver/troubleshooting/errors#invalid-selector-exception
Build info: version: '4.22.0', revision: 'c5f3146703'
System info: os.name: 'Windows 11', os.arch: 'amd64', os.version: '10.0', java.version: '17.0.7'
Driver info: com.kms.katalon.selenium.driver.CChromeDriver
Command: [252e21093e71d22b8c4698a61c429d04, findElements {using=xpath, value=}]
Capabilities {acceptInsecureCerts: false, browserName: chrome, browserVersion: 131.0.6778.205, chrome: {chromedriverVersion: 130.0.6723.58 (3a50e012e4c9..., userDataDir: C:\Users\henri\AppData\Loca...}, fedcm:accounts: true, goog:chromeOptions: {debuggerAddress: localhost:49708}, networkConnectionEnabled: false, pageLoadStrategy: normal, platformName: windows, proxy: Proxy(), se:cdp: ws://localhost:49708/devtoo..., se:cdpVersion: 131.0.6778.205, setWindowRect: true, strictFileInteractability: false, timeouts: {implicit: 0, pageLoad: 300000, script: 30000}, unhandledPromptBehavior: ignore, webSocketUrl: ws://localhost:35177/sessio..., webauthn:extension:credBlob: true, webauthn:extension:largeBlob: true, webauthn:extension:minPinLength: true, webauthn:extension:prf: true, webauthn:virtualAuthenticators: true}
Session ID: 252e21093e71d22b8c4698a61c429d04

06-01-2025T09:49:08 - [MESSAGE][WARNING] - [SELF-HEALING] Cannot find elements when the selector is null

06-01-2025T09:49:08 - [MESSAGE][WARNING] - Unable to click on object 'Object Repository/Master Data/Admin Sekolah/Tahun Ajaran/Button Submit Tahun Ajaran' (Root cause: com.kms.katalon.core.exception.StepFailedException: Unable to click on object 'Object Repository/Master Data/Admin Sekolah/Tahun Ajaran/Button Submit Tahun Ajaran'
	at com.kms.katalon.core.webui.keyword.internal.WebUIKeywordMain.stepFailed(WebUIKeywordMain.groovy:117)
	at com.kms.katalon.core.webui.keyword.internal.WebUIKeywordMain.runKeyword(WebUIKeywordMain.groovy:43)
	at com.kms.katalon.core.webui.keyword.builtin.ClickKeyword.click(ClickKeyword.groovy:75)
	at com.kms.katalon.core.webui.keyword.builtin.ClickKeyword.execute(ClickKeyword.groovy:40)
	at com.kms.katalon.core.keyword.internal.KeywordExecutor.executeKeywordForPlatform(KeywordExecutor.groovy:74)
	at com.kms.katalon.core.webui.keyword.WebUiBuiltInKeywords.click(WebUiBuiltInKeywords.groovy:684)
	at Tambah Tahun Ajaran.run(Tambah Tahun Ajaran:57)
	at com.kms.katalon.core.main.ScriptEngine.run(ScriptEngine.java:194)
	at com.kms.katalon.core.main.ScriptEngine.runScriptAsRawText(ScriptEngine.java:119)
	at com.kms.katalon.core.main.TestCaseExecutor.runScript(TestCaseExecutor.java:448)
	at com.kms.katalon.core.main.TestCaseExecutor.doExecute(TestCaseExecutor.java:439)
	at com.kms.katalon.core.main.TestCaseExecutor.processExecutionPhase(TestCaseExecutor.java:418)
	at com.kms.katalon.core.main.TestCaseExecutor.accessMainPhase(TestCaseExecutor.java:410)
	at com.kms.katalon.core.main.TestCaseExecutor.execute(TestCaseExecutor.java:285)
	at com.kms.katalon.core.main.TestCaseMain.runTestCase(TestCaseMain.java:133)
	at com.kms.katalon.core.keyword.builtin.CallTestCaseKeyword$_callTestCase_closure1.doCall(CallTestCaseKeyword.groovy:59)
	at com.kms.katalon.core.keyword.builtin.CallTestCaseKeyword$_callTestCase_closure1.call(CallTestCaseKeyword.groovy)
	at com.kms.katalon.core.keyword.internal.KeywordMain.runKeyword(KeywordMain.groovy:75)
	at com.kms.katalon.core.keyword.builtin.CallTestCaseKeyword.callTestCase(CallTestCaseKeyword.groovy:81)
	at com.kms.katalon.core.keyword.builtin.CallTestCaseKeyword.execute(CallTestCaseKeyword.groovy:44)
	at com.kms.katalon.core.keyword.internal.KeywordExecutor.executeKeywordForPlatform(KeywordExecutor.groovy:74)
	at com.kms.katalon.core.keyword.BuiltinKeywords.callTestCase(BuiltinKeywords.groovy:310)
	at jdk.internal.reflect.GeneratedMethodAccessor47.invoke(Unknown Source)
	at java.base/jdk.internal.reflect.DelegatingMethodAccessorImpl.invoke(DelegatingMethodAccessorImpl.java:43)
	at Regresi Tahun Ajaran.run(Regresi Tahun Ajaran:27)
	at com.kms.katalon.core.main.ScriptEngine.run(ScriptEngine.java:194)
	at com.kms.katalon.core.main.ScriptEngine.runScriptAsRawText(ScriptEngine.java:119)
	at com.kms.katalon.core.main.TestCaseExecutor.runScript(TestCaseExecutor.java:448)
	at com.kms.katalon.core.main.TestCaseExecutor.doExecute(TestCaseExecutor.java:439)
	at com.kms.katalon.core.main.TestCaseExecutor.processExecutionPhase(TestCaseExecutor.java:418)
	at com.kms.katalon.core.main.TestCaseExecutor.accessMainPhase(TestCaseExecutor.java:410)
	at com.kms.katalon.core.main.TestCaseExecutor.execute(TestCaseExecutor.java:285)
	at com.kms.katalon.core.common.CommonExecutor.accessTestCaseMainPhase(CommonExecutor.java:65)
	at com.kms.katalon.core.main.TestSuiteExecutor.accessTestSuiteMainPhase(TestSuiteExecutor.java:161)
	at com.kms.katalon.core.main.TestSuiteExecutor.execute(TestSuiteExecutor.java:107)
	at com.kms.katalon.core.main.TestCaseMain.startTestSuite(TestCaseMain.java:176)
	at TempTestSuite1736130766400.run(TempTestSuite1736130766400.groovy:35)
	at java.base/jdk.internal.reflect.NativeMethodAccessorImpl.invoke0(Native Method)
	at java.base/jdk.internal.reflect.NativeMethodAccessorImpl.invoke(NativeMethodAccessorImpl.java:77)
	at java.base/jdk.internal.reflect.DelegatingMethodAccessorImpl.invoke(DelegatingMethodAccessorImpl.java:43)
Caused by: com.kms.katalon.core.webui.exception.WebElementNotFoundException: Web element with id: 'Object Repository/Master Data/Admin Sekolah/Tahun Ajaran/Button Submit Tahun Ajaran' located by '//*[@id="modal"]//form/button
' not found
	at com.kms.katalon.core.webui.common.WebUiCommonHelper.findWebElement(WebUiCommonHelper.java:1426)
	at com.kms.katalon.core.webui.keyword.internal.WebUIAbstractKeyword.findWebElement(WebUIAbstractKeyword.groovy:27)
	at com.kms.katalon.core.webui.keyword.builtin.ClickKeyword$_click_closure1.doCall(ClickKeyword.groovy:66)
	at com.kms.katalon.core.webui.keyword.builtin.ClickKeyword$_click_closure1.call(ClickKeyword.groovy)
	at com.kms.katalon.core.webui.keyword.internal.WebUIKeywordMain.runKeyword(WebUIKeywordMain.groovy:35)
	at com.kms.katalon.core.webui.keyword.builtin.ClickKeyword.click(ClickKeyword.groovy:75)
	at com.kms.katalon.core.webui.keyword.builtin.ClickKeyword.execute(ClickKeyword.groovy:40)
	at com.kms.katalon.core.keyword.internal.KeywordExecutor.executeKeywordForPlatform(KeywordExecutor.groovy:74)
	at com.kms.katalon.core.webui.keyword.WebUiBuiltInKeywords.click(WebUiBuiltInKeywords.groovy:684)
	at Script1731464255956.run(Script1731464255956.groovy:57)
	at com.kms.katalon.core.main.ScriptEngine.run(ScriptEngine.java:194)
	at com.kms.katalon.core.main.ScriptEngine.runScriptAsRawText(ScriptEngine.java:119)
	at com.kms.katalon.core.main.TestCaseExecutor.runScript(TestCaseExecutor.java:448)
	at com.kms.katalon.core.main.TestCaseExecutor.doExecute(TestCaseExecutor.java:439)
	at com.kms.katalon.core.main.TestCaseExecutor.processExecutionPhase(TestCaseExecutor.java:418)
	at com.kms.katalon.core.main.TestCaseExecutor.accessMainPhase(TestCaseExecutor.java:410)
	at com.kms.katalon.core.main.TestCaseExecutor.execute(TestCaseExecutor.java:285)
	at com.kms.katalon.core.main.TestCaseMain.runTestCase(TestCaseMain.java:133)
	at com.kms.katalon.core.keyword.builtin.CallTestCaseKeyword$_callTestCase_closure1.doCall(CallTestCaseKeyword.groovy:59)
	at com.kms.katalon.core.keyword.builtin.CallTestCaseKeyword$_callTestCase_closure1.call(CallTestCaseKeyword.groovy)
	at com.kms.katalon.core.keyword.internal.KeywordMain.runKeyword(KeywordMain.groovy:75)
	at com.kms.katalon.core.keyword.builtin.CallTestCaseKeyword.callTestCase(CallTestCaseKeyword.groovy:81)
	at com.kms.katalon.core.keyword.builtin.CallTestCaseKeyword.execute(CallTestCaseKeyword.groovy:44)
	at com.kms.katalon.core.keyword.internal.KeywordExecutor.executeKeywordForPlatform(KeywordExecutor.groovy:74)
	at com.kms.katalon.core.keyword.BuiltinKeywords.callTestCase(BuiltinKeywords.groovy:310)
	at jdk.internal.reflect.GeneratedMethodAccessor47.invoke(Unknown Source)
	at java.base/jdk.internal.reflect.DelegatingMethodAccessorImpl.invoke(DelegatingMethodAccessorImpl.java:43)
	at Script1735746485307.run(Script1735746485307.groovy:27)
	... 15 more
)
[[ATTACHMENT|C:\\Users\\henri\\Videos\\school-payment-automation-testing\\Reports\\20250106_093246\\Regresi All Sprint\\20250106_093246\\1736131748246.png]]

06-01-2025T09:49:08 - [TEST_STEP][PASSED] - closeBrowser(OPTIONAL): Browser is closed

06-01-2025T09:49:08 - [MESSAGE][PASSED] - Browser is closed

06-01-2025T09:49:08 - [MESSAGE][PASSED] - Call Test Case 'Test Cases/Master Data/Admin Sekolah/Master Data Tahun Ajaran/Tambah Tahun Ajaran' successfully

06-01-2025T09:49:08 - [TEST_STEP][PASSED] - println("============================= Loop Again ==============================="): null]]></system-out>
         <system-err><![CDATA[]]></system-err>
      </testcase>
      <testcase name="Test Cases/Regresi Feature/Sprint 2/Regresi Informasi Sekolah" time="290.87" classname="Test Cases/Regresi Feature/Sprint 2/Regresi Informasi Sekolah" status="PASSED">
         <system-out><![CDATA[06-01-2025T09:49:08 - [TEST_CASE][PASSED] - Test Cases/Regresi Feature/Sprint 2/Regresi Informasi Sekolah: Test Cases/Regresi Feature/Sprint 2/Regresi Informasi Sekolah

06-01-2025T09:49:08 - [TEST_STEP][PASSED] - for ([i = 1, i <= maxLoop, (i++)]): null

06-01-2025T09:49:08 - [TEST_STEP][PASSED] - callTestCase(findTestCase("Test Cases/Pengaturan Sistem/Admin Sekolah/Master Informasi Sekolah/Edit Informasi Sekolah"), [:], CONTINUE_ON_FAILURE): Call Test Case 'Test Cases/Pengaturan Sistem/Admin Sekolah/Master Informasi Sekolah/Edit Informasi Sekolah' successfully

06-01-2025T09:49:08 - [TEST_CASE][PASSED] - Test Cases/Pengaturan Sistem/Admin Sekolah/Master Informasi Sekolah/Edit Informasi Sekolah: Test Cases/Pengaturan Sistem/Admin Sekolah/Master Informasi Sekolah/Edit Informasi Sekolah

06-01-2025T09:49:08 - [TEST_STEP][PASSED] - openBrowser("", OPTIONAL): Browser is opened with url: ''

06-01-2025T09:49:08 - [MESSAGE][INFO] - Starting 'Chrome' driver

06-01-2025T09:49:08 - [MESSAGE][INFO] - Action delay is set to 0 milliseconds

06-01-2025T09:49:09 - [MESSAGE][PASSED] - Browser is opened with url: ''

06-01-2025T09:49:09 - [TEST_STEP][PASSED] - maximizeWindow(OPTIONAL): Current window maximized

06-01-2025T09:49:09 - [MESSAGE][PASSED] - Current window maximized

06-01-2025T09:49:09 - [TEST_STEP][PASSED] - navigateToUrl("https://sit.siprusedu.com/login", OPTIONAL): Navigate to 'https://sit.siprusedu.com/login' successfully

06-01-2025T09:49:10 - [MESSAGE][PASSED] - Navigate to 'https://sit.siprusedu.com/login' successfully

06-01-2025T09:49:10 - [TEST_STEP][PASSED] - setText(findTestObject("Object Repository/Master Data/Admin Sekolah/Login/Field Email"), "admin.gudangsolusi@digiform.co.id", OPTIONAL): Text 'admin.gudangsolusi@digiform.co.id' is set on object 'Object Repository/Master Data/Admin Sekolah/Login/Field Email'

06-01-2025T09:49:11 - [MESSAGE][PASSED] - Text 'admin.gudangsolusi@digiform.co.id' is set on object 'Object Repository/Master Data/Admin Sekolah/Login/Field Email'

06-01-2025T09:49:11 - [TEST_STEP][PASSED] - setText(findTestObject("Object Repository/Master Data/Admin Sekolah/Login/Input Password"), "Test1234", OPTIONAL): Text 'Test1234' is set on object 'Object Repository/Master Data/Admin Sekolah/Login/Input Password'

06-01-2025T09:49:12 - [MESSAGE][PASSED] - Text 'Test1234' is set on object 'Object Repository/Master Data/Admin Sekolah/Login/Input Password'

06-01-2025T09:49:12 - [TEST_STEP][PASSED] - click(findTestObject("Object Repository/Master Data/Admin Sekolah/Login/Button Submit"), OPTIONAL): Object: 'Object Repository/Master Data/Admin Sekolah/Login/Button Submit' is clicked on

06-01-2025T09:49:12 - [MESSAGE][PASSED] - Object: 'Object Repository/Master Data/Admin Sekolah/Login/Button Submit' is clicked on

06-01-2025T09:49:12 - [TEST_STEP][PASSED] - delay(1, OPTIONAL): Delayed 1 second(s)

06-01-2025T09:49:13 - [MESSAGE][PASSED] - Delayed 1 second(s)

06-01-2025T09:49:13 - [TEST_STEP][PASSED] - click(findTestObject("Object Repository/Pengaturan Sistem/Admin Sekolah/Page_Beranda/Menu Pengaturan sistem"), OPTIONAL): Object: 'Object Repository/Pengaturan Sistem/Admin Sekolah/Page_Beranda/Menu Pengaturan sistem' is clicked on

06-01-2025T09:49:14 - [MESSAGE][PASSED] - Object: 'Object Repository/Pengaturan Sistem/Admin Sekolah/Page_Beranda/Menu Pengaturan sistem' is clicked on

06-01-2025T09:49:14 - [TEST_STEP][PASSED] - click(findTestObject("Object Repository/Pengaturan Sistem/Admin Sekolah/Page_Pengaturan Sistem - Pengaturan Sistem/Menu Informasi Sekolah"), OPTIONAL): Object: 'Object Repository/Pengaturan Sistem/Admin Sekolah/Page_Pengaturan Sistem - Pengaturan Sistem/Menu Informasi Sekolah' is clicked on

06-01-2025T09:49:15 - [MESSAGE][PASSED] - Object: 'Object Repository/Pengaturan Sistem/Admin Sekolah/Page_Pengaturan Sistem - Pengaturan Sistem/Menu Informasi Sekolah' is clicked on

06-01-2025T09:49:15 - [TEST_STEP][PASSED] - click(findTestObject("Object Repository/Pengaturan Sistem/Admin Sekolah/NPSN (Nomor Pokok Sekolah Nasional)/input_Edit Sekolah_npsn"), OPTIONAL): Object: 'Object Repository/Pengaturan Sistem/Admin Sekolah/NPSN (Nomor Pokok Sekolah Nasional)/input_Edit Sekolah_npsn' is clicked on

06-01-2025T09:49:15 - [MESSAGE][PASSED] - Object: 'Object Repository/Pengaturan Sistem/Admin Sekolah/NPSN (Nomor Pokok Sekolah Nasional)/input_Edit Sekolah_npsn' is clicked on

06-01-2025T09:49:15 - [TEST_STEP][PASSED] - executeJavaScript("document.querySelector('input[name="npsn"]').value=''", null, OPTIONAL): Execute JavaScript 'document.querySelector('input[name="npsn"]').value=''' successfully

06-01-2025T09:49:15 - [MESSAGE][PASSED] - Execute JavaScript 'document.querySelector('input[name="npsn"]').value=''' successfully

06-01-2025T09:49:15 - [TEST_STEP][PASSED] - delay(1, OPTIONAL): Delayed 1 second(s)

06-01-2025T09:49:16 - [MESSAGE][PASSED] - Delayed 1 second(s)

06-01-2025T09:49:16 - [TEST_STEP][PASSED] - setText(findTestObject("Object Repository/Pengaturan Sistem/Admin Sekolah/NPSN (Nomor Pokok Sekolah Nasional)/input_Edit Sekolah_npsn"), "20025002", OPTIONAL): Text '20025002' is set on object 'Object Repository/Pengaturan Sistem/Admin Sekolah/NPSN (Nomor Pokok Sekolah Nasional)/input_Edit Sekolah_npsn'

06-01-2025T09:49:17 - [MESSAGE][PASSED] - Text '20025002' is set on object 'Object Repository/Pengaturan Sistem/Admin Sekolah/NPSN (Nomor Pokok Sekolah Nasional)/input_Edit Sekolah_npsn'

06-01-2025T09:49:17 - [TEST_STEP][PASSED] - click(findTestObject("Object Repository/Pengaturan Sistem/Admin Sekolah/Nama Sekolah/input_Edit Sekolah_schoolName"), OPTIONAL): Object: 'Object Repository/Pengaturan Sistem/Admin Sekolah/Nama Sekolah/input_Edit Sekolah_schoolName' is clicked on

06-01-2025T09:49:17 - [MESSAGE][PASSED] - Object: 'Object Repository/Pengaturan Sistem/Admin Sekolah/Nama Sekolah/input_Edit Sekolah_schoolName' is clicked on

06-01-2025T09:49:17 - [TEST_STEP][PASSED] - executeJavaScript("document.querySelector('input[name="schoolName"]').value=''", null, OPTIONAL): Execute JavaScript 'document.querySelector('input[name="schoolName"]').value=''' successfully

06-01-2025T09:49:17 - [MESSAGE][PASSED] - Execute JavaScript 'document.querySelector('input[name="schoolName"]').value=''' successfully

06-01-2025T09:49:17 - [TEST_STEP][PASSED] - setText(findTestObject("Pengaturan Sistem/Admin Sekolah/Nama Sekolah/input_Edit Sekolah_schoolName"), "PT Aigen Global Teknologi", OPTIONAL): Text 'PT Aigen Global Teknologi' is set on object 'Object Repository/Pengaturan Sistem/Admin Sekolah/Nama Sekolah/input_Edit Sekolah_schoolName'

06-01-2025T09:49:18 - [MESSAGE][PASSED] - Text 'PT Aigen Global Teknologi' is set on object 'Object Repository/Pengaturan Sistem/Admin Sekolah/Nama Sekolah/input_Edit Sekolah_schoolName'

06-01-2025T09:49:18 - [TEST_STEP][PASSED] - click(findTestObject("Pengaturan Sistem/Admin Sekolah/Dropdown_Provinsi/dropdown_provinsi"), OPTIONAL): Object: 'Object Repository/Pengaturan Sistem/Admin Sekolah/Dropdown_Provinsi/dropdown_provinsi' is clicked on

06-01-2025T09:49:18 - [MESSAGE][PASSED] - Object: 'Object Repository/Pengaturan Sistem/Admin Sekolah/Dropdown_Provinsi/dropdown_provinsi' is clicked on

06-01-2025T09:49:18 - [TEST_STEP][PASSED] - click(findTestObject("Pengaturan Sistem/Admin Sekolah/Isi_Provinsi/p_BANTEN"), OPTIONAL): Object: 'Object Repository/Pengaturan Sistem/Admin Sekolah/Isi_Provinsi/p_BANTEN' is clicked on

06-01-2025T09:49:49 - [MESSAGE][INFO] - Unable to find the element located by 'By.xpath: (.//*[normalize-space(text()) and normalize-space(.)='Simpan'])[1]/following::p[18]'. Please recheck the objects properties to make sure the desired element is located. 

06-01-2025T09:49:49 - [MESSAGE][WARNING] - [SELF-HEALING] Failed to find element with id 'Object Repository/Pengaturan Sistem/Admin Sekolah/Isi_Provinsi/p_BANTEN'. Try using Self-healing.

06-01-2025T09:49:50 - [MESSAGE][WARNING] - [SELF-HEALING] The current locator of test object 'Object Repository/Pengaturan Sistem/Admin Sekolah/Isi_Provinsi/p_BANTEN' was broken. Propose an alternative one: '//*/text()[normalize-space(.)='BANTEN']/parent::*'.

06-01-2025T09:49:50 - [MESSAGE][PASSED] - Object: 'Object Repository/Pengaturan Sistem/Admin Sekolah/Isi_Provinsi/p_BANTEN' is clicked on

06-01-2025T09:49:50 - [TEST_STEP][PASSED] - click(findTestObject("Pengaturan Sistem/Admin Sekolah/Dropdown_Kota/dropdown_kota"), OPTIONAL): Object: 'Object Repository/Pengaturan Sistem/Admin Sekolah/Dropdown_Kota/dropdown_kota' is clicked on

06-01-2025T09:49:50 - [MESSAGE][PASSED] - Object: 'Object Repository/Pengaturan Sistem/Admin Sekolah/Dropdown_Kota/dropdown_kota' is clicked on

06-01-2025T09:49:50 - [TEST_STEP][PASSED] - click(findTestObject("Pengaturan Sistem/Admin Sekolah/Isi_Kota/p_KOTA TANGERANG SELATAN"), OPTIONAL): Object: 'Object Repository/Pengaturan Sistem/Admin Sekolah/Isi_Kota/p_KOTA TANGERANG SELATAN' is clicked on

06-01-2025T09:50:21 - [MESSAGE][INFO] - Unable to find the element located by 'By.xpath: (.//*[normalize-space(text()) and normalize-space(.)='Simpan'])[1]/following::p[10]'. Please recheck the objects properties to make sure the desired element is located. 

06-01-2025T09:50:21 - [MESSAGE][WARNING] - [SELF-HEALING] Failed to find element with id 'Object Repository/Pengaturan Sistem/Admin Sekolah/Isi_Kota/p_KOTA TANGERANG SELATAN'. Try using Self-healing.

06-01-2025T09:50:21 - [MESSAGE][WARNING] - [SELF-HEALING] The current locator of test object 'Object Repository/Pengaturan Sistem/Admin Sekolah/Isi_Kota/p_KOTA TANGERANG SELATAN' was broken. Propose an alternative one: '//*/text()[normalize-space(.)='KOTA TANGERANG SELATAN']/parent::*'.

06-01-2025T09:50:21 - [MESSAGE][PASSED] - Object: 'Object Repository/Pengaturan Sistem/Admin Sekolah/Isi_Kota/p_KOTA TANGERANG SELATAN' is clicked on

06-01-2025T09:50:21 - [TEST_STEP][PASSED] - click(findTestObject("Object Repository/Pengaturan Sistem/Admin Sekolah/Alamat Sekolah/TextArea Alamat sekolah"), OPTIONAL): Object: 'Object Repository/Pengaturan Sistem/Admin Sekolah/Alamat Sekolah/TextArea Alamat sekolah' is clicked on

06-01-2025T09:50:22 - [MESSAGE][PASSED] - Object: 'Object Repository/Pengaturan Sistem/Admin Sekolah/Alamat Sekolah/TextArea Alamat sekolah' is clicked on

06-01-2025T09:50:22 - [TEST_STEP][PASSED] - executeJavaScript("document.querySelector('textarea[name="schoolAddress"]').value=''", null, OPTIONAL): Execute JavaScript 'document.querySelector('textarea[name="schoolAddress"]').value=''' successfully

06-01-2025T09:50:22 - [MESSAGE][PASSED] - Execute JavaScript 'document.querySelector('textarea[name="schoolAddress"]').value=''' successfully

06-01-2025T09:50:22 - [TEST_STEP][PASSED] - setText(findTestObject("Object Repository/Pengaturan Sistem/Admin Sekolah/Alamat Sekolah/TextArea Alamat sekolah"), "Jl. Raya Rawa Buntu No 18D", OPTIONAL): Text 'Jl. Raya Rawa Buntu No 18D' is set on object 'Object Repository/Pengaturan Sistem/Admin Sekolah/Alamat Sekolah/TextArea Alamat sekolah'

06-01-2025T09:50:22 - [MESSAGE][PASSED] - Text 'Jl. Raya Rawa Buntu No 18D' is set on object 'Object Repository/Pengaturan Sistem/Admin Sekolah/Alamat Sekolah/TextArea Alamat sekolah'

06-01-2025T09:50:22 - [TEST_STEP][PASSED] - click(findTestObject("Object Repository/Pengaturan Sistem/Admin Sekolah/Phone/input_Edit Sekolah_schoolPhone"), OPTIONAL): Object: 'Object Repository/Pengaturan Sistem/Admin Sekolah/Phone/input_Edit Sekolah_schoolPhone' is clicked on

06-01-2025T09:50:23 - [MESSAGE][PASSED] - Object: 'Object Repository/Pengaturan Sistem/Admin Sekolah/Phone/input_Edit Sekolah_schoolPhone' is clicked on

06-01-2025T09:50:23 - [TEST_STEP][PASSED] - executeJavaScript("document.querySelector('input[name="schoolPhone"]').value=''", null, OPTIONAL): Execute JavaScript 'document.querySelector('input[name="schoolPhone"]').value=''' successfully

06-01-2025T09:50:23 - [MESSAGE][PASSED] - Execute JavaScript 'document.querySelector('input[name="schoolPhone"]').value=''' successfully

06-01-2025T09:50:23 - [TEST_STEP][PASSED] - setText(findTestObject("Object Repository/Pengaturan Sistem/Admin Sekolah/Phone/input_Edit Sekolah_schoolPhone"), "081332924555", OPTIONAL): Text '081332924555' is set on object 'Object Repository/Pengaturan Sistem/Admin Sekolah/Phone/input_Edit Sekolah_schoolPhone'

06-01-2025T09:50:24 - [MESSAGE][PASSED] - Text '081332924555' is set on object 'Object Repository/Pengaturan Sistem/Admin Sekolah/Phone/input_Edit Sekolah_schoolPhone'

06-01-2025T09:50:24 - [TEST_STEP][PASSED] - click(findTestObject("Pengaturan Sistem/Admin Sekolah/Email/input_Edit Sekolah_schoolMail"), OPTIONAL): Object: 'Object Repository/Pengaturan Sistem/Admin Sekolah/Email/input_Edit Sekolah_schoolMail' is clicked on

06-01-2025T09:50:24 - [MESSAGE][PASSED] - Object: 'Object Repository/Pengaturan Sistem/Admin Sekolah/Email/input_Edit Sekolah_schoolMail' is clicked on

06-01-2025T09:50:24 - [TEST_STEP][PASSED] - executeJavaScript("document.querySelector('input[name="schoolMail"]').value=''", null, OPTIONAL): Execute JavaScript 'document.querySelector('input[name="schoolMail"]').value=''' successfully

06-01-2025T09:50:24 - [MESSAGE][PASSED] - Execute JavaScript 'document.querySelector('input[name="schoolMail"]').value=''' successfully

06-01-2025T09:50:24 - [TEST_STEP][PASSED] - setText(findTestObject("Pengaturan Sistem/Admin Sekolah/Email/input_Edit Sekolah_schoolMail"), "reach.us@aigen-global.com", OPTIONAL): Text 'reach.us@aigen-global.com' is set on object 'Object Repository/Pengaturan Sistem/Admin Sekolah/Email/input_Edit Sekolah_schoolMail'

06-01-2025T09:50:25 - [MESSAGE][PASSED] - Text 'reach.us@aigen-global.com' is set on object 'Object Repository/Pengaturan Sistem/Admin Sekolah/Email/input_Edit Sekolah_schoolMail'

06-01-2025T09:50:25 - [TEST_STEP][PASSED] - click(findTestObject("Pengaturan Sistem/Admin Sekolah/Email/input_Edit Sekolah_schoolMail"), OPTIONAL): Object: 'Object Repository/Pengaturan Sistem/Admin Sekolah/Email/input_Edit Sekolah_schoolMail' is clicked on

06-01-2025T09:50:25 - [MESSAGE][PASSED] - Object: 'Object Repository/Pengaturan Sistem/Admin Sekolah/Email/input_Edit Sekolah_schoolMail' is clicked on

06-01-2025T09:50:25 - [TEST_STEP][PASSED] - delay(2, OPTIONAL): Delayed 2 second(s)

06-01-2025T09:50:27 - [MESSAGE][PASSED] - Delayed 2 second(s)

06-01-2025T09:50:27 - [TEST_STEP][PASSED] - executeJavaScript("document.querySelector("input[type='file']").style.display = "block";", null, OPTIONAL): Execute JavaScript 'document.querySelector("input[type='file']").style.display = "block";' successfully

06-01-2025T09:50:27 - [MESSAGE][PASSED] - Execute JavaScript 'document.querySelector("input[type='file']").style.display = "block";' successfully

06-01-2025T09:50:27 - [TEST_STEP][PASSED] - delay(2, OPTIONAL): Delayed 2 second(s)

06-01-2025T09:50:29 - [MESSAGE][PASSED] - Delayed 2 second(s)

06-01-2025T09:50:29 - [TEST_STEP][PASSED] - filePath = "C:\Users\Khairul Pandunata\Desktop\Aigen_Logo.jpeg": null

06-01-2025T09:50:29 - [TEST_STEP][PASSED] - uploadFile(findTestObject("Object Repository/Pengaturan Sistem/Admin Sekolah/Page_Upload/Input_UnggahFile"), filePath, OPTIONAL): Unable to upload file 'C:\Users\Khairul Pandunata\Desktop\Aigen_Logo.jpeg' to object 'Object Repository/Pengaturan Sistem/Admin Sekolah/Page_Upload/Input_UnggahFile' (Root cause: com.kms.katalon.core.exception.StepFailedException: Unable to upload file 'C:\Users\Khairul Pandunata\Desktop\Aigen_Logo.jpeg' to object 'Object Repository/Pengaturan Sistem/Admin Sekolah/Page_Upload/Input_UnggahFile'
	at com.kms.katalon.core.webui.keyword.internal.WebUIKeywordMain.stepFailed(WebUIKeywordMain.groovy:117)
	at com.kms.katalon.core.webui.keyword.internal.WebUIKeywordMain.runKeyword(WebUIKeywordMain.groovy:43)
	at com.kms.katalon.core.webui.keyword.builtin.UploadFileKeyword.uploadFile(UploadFileKeyword.groovy:87)
	at com.kms.katalon.core.webui.keyword.builtin.UploadFileKeyword.execute(UploadFileKeyword.groovy:68)
	at com.kms.katalon.core.keyword.internal.KeywordExecutor.executeKeywordForPlatform(KeywordExecutor.groovy:74)
	at com.kms.katalon.core.webui.keyword.WebUiBuiltInKeywords.uploadFile(WebUiBuiltInKeywords.groovy:4140)
	at Edit Informasi Sekolah.run(Edit Informasi Sekolah:108)
	at com.kms.katalon.core.main.ScriptEngine.run(ScriptEngine.java:194)
	at com.kms.katalon.core.main.ScriptEngine.runScriptAsRawText(ScriptEngine.java:119)
	at com.kms.katalon.core.main.TestCaseExecutor.runScript(TestCaseExecutor.java:448)
	at com.kms.katalon.core.main.TestCaseExecutor.doExecute(TestCaseExecutor.java:439)
	at com.kms.katalon.core.main.TestCaseExecutor.processExecutionPhase(TestCaseExecutor.java:418)
	at com.kms.katalon.core.main.TestCaseExecutor.accessMainPhase(TestCaseExecutor.java:410)
	at com.kms.katalon.core.main.TestCaseExecutor.execute(TestCaseExecutor.java:285)
	at com.kms.katalon.core.main.TestCaseMain.runTestCase(TestCaseMain.java:133)
	at com.kms.katalon.core.keyword.builtin.CallTestCaseKeyword$_callTestCase_closure1.doCall(CallTestCaseKeyword.groovy:59)
	at com.kms.katalon.core.keyword.builtin.CallTestCaseKeyword$_callTestCase_closure1.call(CallTestCaseKeyword.groovy)
	at com.kms.katalon.core.keyword.internal.KeywordMain.runKeyword(KeywordMain.groovy:75)
	at com.kms.katalon.core.keyword.builtin.CallTestCaseKeyword.callTestCase(CallTestCaseKeyword.groovy:81)
	at com.kms.katalon.core.keyword.builtin.CallTestCaseKeyword.execute(CallTestCaseKeyword.groovy:44)
	at com.kms.katalon.core.keyword.internal.KeywordExecutor.executeKeywordForPlatform(KeywordExecutor.groovy:74)
	at com.kms.katalon.core.keyword.BuiltinKeywords.callTestCase(BuiltinKeywords.groovy:310)
	at jdk.internal.reflect.GeneratedMethodAccessor47.invoke(Unknown Source)
	at java.base/jdk.internal.reflect.DelegatingMethodAccessorImpl.invoke(DelegatingMethodAccessorImpl.java:43)
	at Regresi Informasi Sekolah.run(Regresi Informasi Sekolah:22)
	at com.kms.katalon.core.main.ScriptEngine.run(ScriptEngine.java:194)
	at com.kms.katalon.core.main.ScriptEngine.runScriptAsRawText(ScriptEngine.java:119)
	at com.kms.katalon.core.main.TestCaseExecutor.runScript(TestCaseExecutor.java:448)
	at com.kms.katalon.core.main.TestCaseExecutor.doExecute(TestCaseExecutor.java:439)
	at com.kms.katalon.core.main.TestCaseExecutor.processExecutionPhase(TestCaseExecutor.java:418)
	at com.kms.katalon.core.main.TestCaseExecutor.accessMainPhase(TestCaseExecutor.java:410)
	at com.kms.katalon.core.main.TestCaseExecutor.execute(TestCaseExecutor.java:285)
	at com.kms.katalon.core.common.CommonExecutor.accessTestCaseMainPhase(CommonExecutor.java:65)
	at com.kms.katalon.core.main.TestSuiteExecutor.accessTestSuiteMainPhase(TestSuiteExecutor.java:161)
	at com.kms.katalon.core.main.TestSuiteExecutor.execute(TestSuiteExecutor.java:107)
	at com.kms.katalon.core.main.TestCaseMain.startTestSuite(TestCaseMain.java:176)
	at TempTestSuite1736130766400.run(TempTestSuite1736130766400.groovy:35)
	at java.base/jdk.internal.reflect.NativeMethodAccessorImpl.invoke0(Native Method)
	at java.base/jdk.internal.reflect.NativeMethodAccessorImpl.invoke(NativeMethodAccessorImpl.java:77)
	at java.base/jdk.internal.reflect.DelegatingMethodAccessorImpl.invoke(DelegatingMethodAccessorImpl.java:43)
Caused by: org.openqa.selenium.InvalidArgumentException: invalid argument: File not found : C:\Users\Khairul Pandunata\Desktop\Aigen_Logo.jpeg
  (Session info: chrome=131.0.6778.205)
Build info: version: '4.22.0', revision: 'c5f3146703'
System info: os.name: 'Windows 11', os.arch: 'amd64', os.version: '10.0', java.version: '17.0.7'
Driver info: com.kms.katalon.selenium.driver.CChromeDriver
Command: [691df7cdffccb9337f393a4d1c9f2d07, sendKeysToElement {id=f.232F89AB4DB34A7846448B427D509297.d.B6A757C6784F0FDB8D2DD3BFA678888F.e.52, value=[Ljava.lang.CharSequence;@3b30b1e8}]
Capabilities {acceptInsecureCerts: false, browserName: chrome, browserVersion: 131.0.6778.205, chrome: {chromedriverVersion: 130.0.6723.58 (3a50e012e4c9..., userDataDir: C:\Users\henri\AppData\Loca...}, fedcm:accounts: true, goog:chromeOptions: {debuggerAddress: localhost:49817}, networkConnectionEnabled: false, pageLoadStrategy: normal, platformName: windows, proxy: Proxy(), se:cdp: ws://localhost:49817/devtoo..., se:cdpVersion: 131.0.6778.205, setWindowRect: true, strictFileInteractability: false, timeouts: {implicit: 0, pageLoad: 300000, script: 30000}, unhandledPromptBehavior: ignore, webSocketUrl: ws://localhost:29889/sessio..., webauthn:extension:credBlob: true, webauthn:extension:largeBlob: true, webauthn:extension:minPinLength: true, webauthn:extension:prf: true, webauthn:virtualAuthenticators: true}
Element: [[CChromeDriver: chrome on windows (691df7cdffccb9337f393a4d1c9f2d07)] -> xpath: //input[@type='file' and @id='upload-change-file-Logo Sekolah']]
Session ID: 691df7cdffccb9337f393a4d1c9f2d07
	at java.base/jdk.internal.reflect.NativeConstructorAccessorImpl.newInstance0(Native Method)
	at java.base/jdk.internal.reflect.NativeConstructorAccessorImpl.newInstance(NativeConstructorAccessorImpl.java:77)
	at java.base/jdk.internal.reflect.DelegatingConstructorAccessorImpl.newInstance(DelegatingConstructorAccessorImpl.java:45)
	at org.openqa.selenium.remote.ErrorCodec.decode(ErrorCodec.java:167)
	at org.openqa.selenium.remote.codec.w3c.W3CHttpResponseCodec.decode(W3CHttpResponseCodec.java:138)
	at org.openqa.selenium.remote.codec.w3c.W3CHttpResponseCodec.decode(W3CHttpResponseCodec.java:50)
	at org.openqa.selenium.remote.HttpCommandExecutor.execute(HttpCommandExecutor.java:190)
	at org.openqa.selenium.remote.service.DriverCommandExecutor.invokeExecute(DriverCommandExecutor.java:216)
	at org.openqa.selenium.remote.service.DriverCommandExecutor.execute(DriverCommandExecutor.java:174)
	at org.openqa.selenium.remote.RemoteWebDriver.execute(RemoteWebDriver.java:518)
	at org.openqa.selenium.remote.RemoteWebElement.execute(RemoteWebElement.java:223)
	at org.openqa.selenium.remote.RemoteWebElement.sendKeys(RemoteWebElement.java:110)
	at jdk.internal.reflect.GeneratedMethodAccessor27.invoke(Unknown Source)
	at java.base/jdk.internal.reflect.DelegatingMethodAccessorImpl.invoke(DelegatingMethodAccessorImpl.java:43)
	at org.openqa.selenium.support.decorators.WebDriverDecorator.call(WebDriverDecorator.java:249)
	at org.openqa.selenium.support.decorators.DefaultDecorated.call(DefaultDecorated.java:48)
	at org.openqa.selenium.support.decorators.WebDriverDecorator.lambda$createProxy$2(WebDriverDecorator.java:321)
	at net.bytebuddy.renamed.java.lang.Object$ByteBuddy$RDtMUita.sendKeys(Unknown Source)
	at com.kms.katalon.core.webui.keyword.builtin.UploadFileKeyword$_uploadFile_closure1.doCall(UploadFileKeyword.groovy:80)
	at com.kms.katalon.core.webui.keyword.builtin.UploadFileKeyword$_uploadFile_closure1.call(UploadFileKeyword.groovy)
	at com.kms.katalon.core.webui.keyword.internal.WebUIKeywordMain.runKeyword(WebUIKeywordMain.groovy:35)
	at com.kms.katalon.core.webui.keyword.builtin.UploadFileKeyword.uploadFile(UploadFileKeyword.groovy:87)
	at com.kms.katalon.core.webui.keyword.builtin.UploadFileKeyword.execute(UploadFileKeyword.groovy:68)
	at com.kms.katalon.core.keyword.internal.KeywordExecutor.executeKeywordForPlatform(KeywordExecutor.groovy:74)
	at com.kms.katalon.core.webui.keyword.WebUiBuiltInKeywords.uploadFile(WebUiBuiltInKeywords.groovy:4140)
	at Script1733734833613.run(Script1733734833613.groovy:108)
	at com.kms.katalon.core.main.ScriptEngine.run(ScriptEngine.java:194)
	at com.kms.katalon.core.main.ScriptEngine.runScriptAsRawText(ScriptEngine.java:119)
	at com.kms.katalon.core.main.TestCaseExecutor.runScript(TestCaseExecutor.java:448)
	at com.kms.katalon.core.main.TestCaseExecutor.doExecute(TestCaseExecutor.java:439)
	at com.kms.katalon.core.main.TestCaseExecutor.processExecutionPhase(TestCaseExecutor.java:418)
	at com.kms.katalon.core.main.TestCaseExecutor.accessMainPhase(TestCaseExecutor.java:410)
	at com.kms.katalon.core.main.TestCaseExecutor.execute(TestCaseExecutor.java:285)
	at com.kms.katalon.core.main.TestCaseMain.runTestCase(TestCaseMain.java:133)
	at com.kms.katalon.core.keyword.builtin.CallTestCaseKeyword$_callTestCase_closure1.doCall(CallTestCaseKeyword.groovy:59)
	at com.kms.katalon.core.keyword.builtin.CallTestCaseKeyword$_callTestCase_closure1.call(CallTestCaseKeyword.groovy)
	at com.kms.katalon.core.keyword.internal.KeywordMain.runKeyword(KeywordMain.groovy:75)
	at com.kms.katalon.core.keyword.builtin.CallTestCaseKeyword.callTestCase(CallTestCaseKeyword.groovy:81)
	at com.kms.katalon.core.keyword.builtin.CallTestCaseKeyword.execute(CallTestCaseKeyword.groovy:44)
	at com.kms.katalon.core.keyword.internal.KeywordExecutor.executeKeywordForPlatform(KeywordExecutor.groovy:74)
	at com.kms.katalon.core.keyword.BuiltinKeywords.callTestCase(BuiltinKeywords.groovy:310)
	at jdk.internal.reflect.GeneratedMethodAccessor47.invoke(Unknown Source)
	at java.base/jdk.internal.reflect.DelegatingMethodAccessorImpl.invoke(DelegatingMethodAccessorImpl.java:43)
	at Script1735747665131.run(Script1735747665131.groovy:22)
	... 15 more
)

06-01-2025T09:50:29 - [MESSAGE][WARNING] - Unable to upload file 'C:\Users\Khairul Pandunata\Desktop\Aigen_Logo.jpeg' to object 'Object Repository/Pengaturan Sistem/Admin Sekolah/Page_Upload/Input_UnggahFile' (Root cause: com.kms.katalon.core.exception.StepFailedException: Unable to upload file 'C:\Users\Khairul Pandunata\Desktop\Aigen_Logo.jpeg' to object 'Object Repository/Pengaturan Sistem/Admin Sekolah/Page_Upload/Input_UnggahFile'
	at com.kms.katalon.core.webui.keyword.internal.WebUIKeywordMain.stepFailed(WebUIKeywordMain.groovy:117)
	at com.kms.katalon.core.webui.keyword.internal.WebUIKeywordMain.runKeyword(WebUIKeywordMain.groovy:43)
	at com.kms.katalon.core.webui.keyword.builtin.UploadFileKeyword.uploadFile(UploadFileKeyword.groovy:87)
	at com.kms.katalon.core.webui.keyword.builtin.UploadFileKeyword.execute(UploadFileKeyword.groovy:68)
	at com.kms.katalon.core.keyword.internal.KeywordExecutor.executeKeywordForPlatform(KeywordExecutor.groovy:74)
	at com.kms.katalon.core.webui.keyword.WebUiBuiltInKeywords.uploadFile(WebUiBuiltInKeywords.groovy:4140)
	at Edit Informasi Sekolah.run(Edit Informasi Sekolah:108)
	at com.kms.katalon.core.main.ScriptEngine.run(ScriptEngine.java:194)
	at com.kms.katalon.core.main.ScriptEngine.runScriptAsRawText(ScriptEngine.java:119)
	at com.kms.katalon.core.main.TestCaseExecutor.runScript(TestCaseExecutor.java:448)
	at com.kms.katalon.core.main.TestCaseExecutor.doExecute(TestCaseExecutor.java:439)
	at com.kms.katalon.core.main.TestCaseExecutor.processExecutionPhase(TestCaseExecutor.java:418)
	at com.kms.katalon.core.main.TestCaseExecutor.accessMainPhase(TestCaseExecutor.java:410)
	at com.kms.katalon.core.main.TestCaseExecutor.execute(TestCaseExecutor.java:285)
	at com.kms.katalon.core.main.TestCaseMain.runTestCase(TestCaseMain.java:133)
	at com.kms.katalon.core.keyword.builtin.CallTestCaseKeyword$_callTestCase_closure1.doCall(CallTestCaseKeyword.groovy:59)
	at com.kms.katalon.core.keyword.builtin.CallTestCaseKeyword$_callTestCase_closure1.call(CallTestCaseKeyword.groovy)
	at com.kms.katalon.core.keyword.internal.KeywordMain.runKeyword(KeywordMain.groovy:75)
	at com.kms.katalon.core.keyword.builtin.CallTestCaseKeyword.callTestCase(CallTestCaseKeyword.groovy:81)
	at com.kms.katalon.core.keyword.builtin.CallTestCaseKeyword.execute(CallTestCaseKeyword.groovy:44)
	at com.kms.katalon.core.keyword.internal.KeywordExecutor.executeKeywordForPlatform(KeywordExecutor.groovy:74)
	at com.kms.katalon.core.keyword.BuiltinKeywords.callTestCase(BuiltinKeywords.groovy:310)
	at jdk.internal.reflect.GeneratedMethodAccessor47.invoke(Unknown Source)
	at java.base/jdk.internal.reflect.DelegatingMethodAccessorImpl.invoke(DelegatingMethodAccessorImpl.java:43)
	at Regresi Informasi Sekolah.run(Regresi Informasi Sekolah:22)
	at com.kms.katalon.core.main.ScriptEngine.run(ScriptEngine.java:194)
	at com.kms.katalon.core.main.ScriptEngine.runScriptAsRawText(ScriptEngine.java:119)
	at com.kms.katalon.core.main.TestCaseExecutor.runScript(TestCaseExecutor.java:448)
	at com.kms.katalon.core.main.TestCaseExecutor.doExecute(TestCaseExecutor.java:439)
	at com.kms.katalon.core.main.TestCaseExecutor.processExecutionPhase(TestCaseExecutor.java:418)
	at com.kms.katalon.core.main.TestCaseExecutor.accessMainPhase(TestCaseExecutor.java:410)
	at com.kms.katalon.core.main.TestCaseExecutor.execute(TestCaseExecutor.java:285)
	at com.kms.katalon.core.common.CommonExecutor.accessTestCaseMainPhase(CommonExecutor.java:65)
	at com.kms.katalon.core.main.TestSuiteExecutor.accessTestSuiteMainPhase(TestSuiteExecutor.java:161)
	at com.kms.katalon.core.main.TestSuiteExecutor.execute(TestSuiteExecutor.java:107)
	at com.kms.katalon.core.main.TestCaseMain.startTestSuite(TestCaseMain.java:176)
	at TempTestSuite1736130766400.run(TempTestSuite1736130766400.groovy:35)
	at java.base/jdk.internal.reflect.NativeMethodAccessorImpl.invoke0(Native Method)
	at java.base/jdk.internal.reflect.NativeMethodAccessorImpl.invoke(NativeMethodAccessorImpl.java:77)
	at java.base/jdk.internal.reflect.DelegatingMethodAccessorImpl.invoke(DelegatingMethodAccessorImpl.java:43)
Caused by: org.openqa.selenium.InvalidArgumentException: invalid argument: File not found : C:\Users\Khairul Pandunata\Desktop\Aigen_Logo.jpeg
  (Session info: chrome=131.0.6778.205)
Build info: version: '4.22.0', revision: 'c5f3146703'
System info: os.name: 'Windows 11', os.arch: 'amd64', os.version: '10.0', java.version: '17.0.7'
Driver info: com.kms.katalon.selenium.driver.CChromeDriver
Command: [691df7cdffccb9337f393a4d1c9f2d07, sendKeysToElement {id=f.232F89AB4DB34A7846448B427D509297.d.B6A757C6784F0FDB8D2DD3BFA678888F.e.52, value=[Ljava.lang.CharSequence;@3b30b1e8}]
Capabilities {acceptInsecureCerts: false, browserName: chrome, browserVersion: 131.0.6778.205, chrome: {chromedriverVersion: 130.0.6723.58 (3a50e012e4c9..., userDataDir: C:\Users\henri\AppData\Loca...}, fedcm:accounts: true, goog:chromeOptions: {debuggerAddress: localhost:49817}, networkConnectionEnabled: false, pageLoadStrategy: normal, platformName: windows, proxy: Proxy(), se:cdp: ws://localhost:49817/devtoo..., se:cdpVersion: 131.0.6778.205, setWindowRect: true, strictFileInteractability: false, timeouts: {implicit: 0, pageLoad: 300000, script: 30000}, unhandledPromptBehavior: ignore, webSocketUrl: ws://localhost:29889/sessio..., webauthn:extension:credBlob: true, webauthn:extension:largeBlob: true, webauthn:extension:minPinLength: true, webauthn:extension:prf: true, webauthn:virtualAuthenticators: true}
Element: [[CChromeDriver: chrome on windows (691df7cdffccb9337f393a4d1c9f2d07)] -> xpath: //input[@type='file' and @id='upload-change-file-Logo Sekolah']]
Session ID: 691df7cdffccb9337f393a4d1c9f2d07
	at java.base/jdk.internal.reflect.NativeConstructorAccessorImpl.newInstance0(Native Method)
	at java.base/jdk.internal.reflect.NativeConstructorAccessorImpl.newInstance(NativeConstructorAccessorImpl.java:77)
	at java.base/jdk.internal.reflect.DelegatingConstructorAccessorImpl.newInstance(DelegatingConstructorAccessorImpl.java:45)
	at org.openqa.selenium.remote.ErrorCodec.decode(ErrorCodec.java:167)
	at org.openqa.selenium.remote.codec.w3c.W3CHttpResponseCodec.decode(W3CHttpResponseCodec.java:138)
	at org.openqa.selenium.remote.codec.w3c.W3CHttpResponseCodec.decode(W3CHttpResponseCodec.java:50)
	at org.openqa.selenium.remote.HttpCommandExecutor.execute(HttpCommandExecutor.java:190)
	at org.openqa.selenium.remote.service.DriverCommandExecutor.invokeExecute(DriverCommandExecutor.java:216)
	at org.openqa.selenium.remote.service.DriverCommandExecutor.execute(DriverCommandExecutor.java:174)
	at org.openqa.selenium.remote.RemoteWebDriver.execute(RemoteWebDriver.java:518)
	at org.openqa.selenium.remote.RemoteWebElement.execute(RemoteWebElement.java:223)
	at org.openqa.selenium.remote.RemoteWebElement.sendKeys(RemoteWebElement.java:110)
	at jdk.internal.reflect.GeneratedMethodAccessor27.invoke(Unknown Source)
	at java.base/jdk.internal.reflect.DelegatingMethodAccessorImpl.invoke(DelegatingMethodAccessorImpl.java:43)
	at org.openqa.selenium.support.decorators.WebDriverDecorator.call(WebDriverDecorator.java:249)
	at org.openqa.selenium.support.decorators.DefaultDecorated.call(DefaultDecorated.java:48)
	at org.openqa.selenium.support.decorators.WebDriverDecorator.lambda$createProxy$2(WebDriverDecorator.java:321)
	at net.bytebuddy.renamed.java.lang.Object$ByteBuddy$RDtMUita.sendKeys(Unknown Source)
	at com.kms.katalon.core.webui.keyword.builtin.UploadFileKeyword$_uploadFile_closure1.doCall(UploadFileKeyword.groovy:80)
	at com.kms.katalon.core.webui.keyword.builtin.UploadFileKeyword$_uploadFile_closure1.call(UploadFileKeyword.groovy)
	at com.kms.katalon.core.webui.keyword.internal.WebUIKeywordMain.runKeyword(WebUIKeywordMain.groovy:35)
	at com.kms.katalon.core.webui.keyword.builtin.UploadFileKeyword.uploadFile(UploadFileKeyword.groovy:87)
	at com.kms.katalon.core.webui.keyword.builtin.UploadFileKeyword.execute(UploadFileKeyword.groovy:68)
	at com.kms.katalon.core.keyword.internal.KeywordExecutor.executeKeywordForPlatform(KeywordExecutor.groovy:74)
	at com.kms.katalon.core.webui.keyword.WebUiBuiltInKeywords.uploadFile(WebUiBuiltInKeywords.groovy:4140)
	at Script1733734833613.run(Script1733734833613.groovy:108)
	at com.kms.katalon.core.main.ScriptEngine.run(ScriptEngine.java:194)
	at com.kms.katalon.core.main.ScriptEngine.runScriptAsRawText(ScriptEngine.java:119)
	at com.kms.katalon.core.main.TestCaseExecutor.runScript(TestCaseExecutor.java:448)
	at com.kms.katalon.core.main.TestCaseExecutor.doExecute(TestCaseExecutor.java:439)
	at com.kms.katalon.core.main.TestCaseExecutor.processExecutionPhase(TestCaseExecutor.java:418)
	at com.kms.katalon.core.main.TestCaseExecutor.accessMainPhase(TestCaseExecutor.java:410)
	at com.kms.katalon.core.main.TestCaseExecutor.execute(TestCaseExecutor.java:285)
	at com.kms.katalon.core.main.TestCaseMain.runTestCase(TestCaseMain.java:133)
	at com.kms.katalon.core.keyword.builtin.CallTestCaseKeyword$_callTestCase_closure1.doCall(CallTestCaseKeyword.groovy:59)
	at com.kms.katalon.core.keyword.builtin.CallTestCaseKeyword$_callTestCase_closure1.call(CallTestCaseKeyword.groovy)
	at com.kms.katalon.core.keyword.internal.KeywordMain.runKeyword(KeywordMain.groovy:75)
	at com.kms.katalon.core.keyword.builtin.CallTestCaseKeyword.callTestCase(CallTestCaseKeyword.groovy:81)
	at com.kms.katalon.core.keyword.builtin.CallTestCaseKeyword.execute(CallTestCaseKeyword.groovy:44)
	at com.kms.katalon.core.keyword.internal.KeywordExecutor.executeKeywordForPlatform(KeywordExecutor.groovy:74)
	at com.kms.katalon.core.keyword.BuiltinKeywords.callTestCase(BuiltinKeywords.groovy:310)
	at jdk.internal.reflect.GeneratedMethodAccessor47.invoke(Unknown Source)
	at java.base/jdk.internal.reflect.DelegatingMethodAccessorImpl.invoke(DelegatingMethodAccessorImpl.java:43)
	at Script1735747665131.run(Script1735747665131.groovy:22)
	... 15 more
)
[[ATTACHMENT|C:\\Users\\henri\\Videos\\school-payment-automation-testing\\Reports\\20250106_093246\\Regresi All Sprint\\20250106_093246\\1736131829702.png]]

06-01-2025T09:50:29 - [TEST_STEP][PASSED] - executeJavaScript("document.querySelector("input[type='file']").style.display = "block";", null, OPTIONAL): Execute JavaScript 'document.querySelector("input[type='file']").style.display = "block";' successfully

06-01-2025T09:50:29 - [MESSAGE][PASSED] - Execute JavaScript 'document.querySelector("input[type='file']").style.display = "block";' successfully

06-01-2025T09:50:29 - [TEST_STEP][PASSED] - delay(2, OPTIONAL): Delayed 2 second(s)

06-01-2025T09:50:31 - [MESSAGE][PASSED] - Delayed 2 second(s)

06-01-2025T09:50:31 - [TEST_STEP][PASSED] - filePathKop = "C:\Users\Khairul Pandunata\Desktop\Aigen_Kop.png": null

06-01-2025T09:50:31 - [TEST_STEP][PASSED] - uploadFile(findTestObject("Object Repository/Pengaturan Sistem/Admin Sekolah/Page_Upload_Kop/Input_UnggahFileKop"), filePathKop, OPTIONAL): Unable to upload file 'C:\Users\Khairul Pandunata\Desktop\Aigen_Kop.png' to object 'Object Repository/Pengaturan Sistem/Admin Sekolah/Page_Upload_Kop/Input_UnggahFileKop' (Root cause: com.kms.katalon.core.exception.StepFailedException: Unable to upload file 'C:\Users\Khairul Pandunata\Desktop\Aigen_Kop.png' to object 'Object Repository/Pengaturan Sistem/Admin Sekolah/Page_Upload_Kop/Input_UnggahFileKop'
	at com.kms.katalon.core.webui.keyword.internal.WebUIKeywordMain.stepFailed(WebUIKeywordMain.groovy:117)
	at com.kms.katalon.core.webui.keyword.internal.WebUIKeywordMain.runKeyword(WebUIKeywordMain.groovy:43)
	at com.kms.katalon.core.webui.keyword.builtin.UploadFileKeyword.uploadFile(UploadFileKeyword.groovy:87)
	at com.kms.katalon.core.webui.keyword.builtin.UploadFileKeyword.execute(UploadFileKeyword.groovy:68)
	at com.kms.katalon.core.keyword.internal.KeywordExecutor.executeKeywordForPlatform(KeywordExecutor.groovy:74)
	at com.kms.katalon.core.webui.keyword.WebUiBuiltInKeywords.uploadFile(WebUiBuiltInKeywords.groovy:4140)
	at Edit Informasi Sekolah.run(Edit Informasi Sekolah:121)
	at com.kms.katalon.core.main.ScriptEngine.run(ScriptEngine.java:194)
	at com.kms.katalon.core.main.ScriptEngine.runScriptAsRawText(ScriptEngine.java:119)
	at com.kms.katalon.core.main.TestCaseExecutor.runScript(TestCaseExecutor.java:448)
	at com.kms.katalon.core.main.TestCaseExecutor.doExecute(TestCaseExecutor.java:439)
	at com.kms.katalon.core.main.TestCaseExecutor.processExecutionPhase(TestCaseExecutor.java:418)
	at com.kms.katalon.core.main.TestCaseExecutor.accessMainPhase(TestCaseExecutor.java:410)
	at com.kms.katalon.core.main.TestCaseExecutor.execute(TestCaseExecutor.java:285)
	at com.kms.katalon.core.main.TestCaseMain.runTestCase(TestCaseMain.java:133)
	at com.kms.katalon.core.keyword.builtin.CallTestCaseKeyword$_callTestCase_closure1.doCall(CallTestCaseKeyword.groovy:59)
	at com.kms.katalon.core.keyword.builtin.CallTestCaseKeyword$_callTestCase_closure1.call(CallTestCaseKeyword.groovy)
	at com.kms.katalon.core.keyword.internal.KeywordMain.runKeyword(KeywordMain.groovy:75)
	at com.kms.katalon.core.keyword.builtin.CallTestCaseKeyword.callTestCase(CallTestCaseKeyword.groovy:81)
	at com.kms.katalon.core.keyword.builtin.CallTestCaseKeyword.execute(CallTestCaseKeyword.groovy:44)
	at com.kms.katalon.core.keyword.internal.KeywordExecutor.executeKeywordForPlatform(KeywordExecutor.groovy:74)
	at com.kms.katalon.core.keyword.BuiltinKeywords.callTestCase(BuiltinKeywords.groovy:310)
	at jdk.internal.reflect.GeneratedMethodAccessor47.invoke(Unknown Source)
	at java.base/jdk.internal.reflect.DelegatingMethodAccessorImpl.invoke(DelegatingMethodAccessorImpl.java:43)
	at Regresi Informasi Sekolah.run(Regresi Informasi Sekolah:22)
	at com.kms.katalon.core.main.ScriptEngine.run(ScriptEngine.java:194)
	at com.kms.katalon.core.main.ScriptEngine.runScriptAsRawText(ScriptEngine.java:119)
	at com.kms.katalon.core.main.TestCaseExecutor.runScript(TestCaseExecutor.java:448)
	at com.kms.katalon.core.main.TestCaseExecutor.doExecute(TestCaseExecutor.java:439)
	at com.kms.katalon.core.main.TestCaseExecutor.processExecutionPhase(TestCaseExecutor.java:418)
	at com.kms.katalon.core.main.TestCaseExecutor.accessMainPhase(TestCaseExecutor.java:410)
	at com.kms.katalon.core.main.TestCaseExecutor.execute(TestCaseExecutor.java:285)
	at com.kms.katalon.core.common.CommonExecutor.accessTestCaseMainPhase(CommonExecutor.java:65)
	at com.kms.katalon.core.main.TestSuiteExecutor.accessTestSuiteMainPhase(TestSuiteExecutor.java:161)
	at com.kms.katalon.core.main.TestSuiteExecutor.execute(TestSuiteExecutor.java:107)
	at com.kms.katalon.core.main.TestCaseMain.startTestSuite(TestCaseMain.java:176)
	at TempTestSuite1736130766400.run(TempTestSuite1736130766400.groovy:35)
	at java.base/jdk.internal.reflect.NativeMethodAccessorImpl.invoke0(Native Method)
	at java.base/jdk.internal.reflect.NativeMethodAccessorImpl.invoke(NativeMethodAccessorImpl.java:77)
	at java.base/jdk.internal.reflect.DelegatingMethodAccessorImpl.invoke(DelegatingMethodAccessorImpl.java:43)
Caused by: org.openqa.selenium.InvalidArgumentException: invalid argument: File not found : C:\Users\Khairul Pandunata\Desktop\Aigen_Kop.png
  (Session info: chrome=131.0.6778.205)
Build info: version: '4.22.0', revision: 'c5f3146703'
System info: os.name: 'Windows 11', os.arch: 'amd64', os.version: '10.0', java.version: '17.0.7'
Driver info: com.kms.katalon.selenium.driver.CChromeDriver
Command: [691df7cdffccb9337f393a4d1c9f2d07, sendKeysToElement {id=f.232F89AB4DB34A7846448B427D509297.d.B6A757C6784F0FDB8D2DD3BFA678888F.e.53, value=[Ljava.lang.CharSequence;@58dd2f68}]
Capabilities {acceptInsecureCerts: false, browserName: chrome, browserVersion: 131.0.6778.205, chrome: {chromedriverVersion: 130.0.6723.58 (3a50e012e4c9..., userDataDir: C:\Users\henri\AppData\Loca...}, fedcm:accounts: true, goog:chromeOptions: {debuggerAddress: localhost:49817}, networkConnectionEnabled: false, pageLoadStrategy: normal, platformName: windows, proxy: Proxy(), se:cdp: ws://localhost:49817/devtoo..., se:cdpVersion: 131.0.6778.205, setWindowRect: true, strictFileInteractability: false, timeouts: {implicit: 0, pageLoad: 300000, script: 30000}, unhandledPromptBehavior: ignore, webSocketUrl: ws://localhost:29889/sessio..., webauthn:extension:credBlob: true, webauthn:extension:largeBlob: true, webauthn:extension:minPinLength: true, webauthn:extension:prf: true, webauthn:virtualAuthenticators: true}
Element: [[CChromeDriver: chrome on windows (691df7cdffccb9337f393a4d1c9f2d07)] -> xpath: //input[@type='file' and @id='upload-change-file-Kop Surat']]
Session ID: 691df7cdffccb9337f393a4d1c9f2d07
	at java.base/jdk.internal.reflect.NativeConstructorAccessorImpl.newInstance0(Native Method)
	at java.base/jdk.internal.reflect.NativeConstructorAccessorImpl.newInstance(NativeConstructorAccessorImpl.java:77)
	at java.base/jdk.internal.reflect.DelegatingConstructorAccessorImpl.newInstance(DelegatingConstructorAccessorImpl.java:45)
	at org.openqa.selenium.remote.ErrorCodec.decode(ErrorCodec.java:167)
	at org.openqa.selenium.remote.codec.w3c.W3CHttpResponseCodec.decode(W3CHttpResponseCodec.java:138)
	at org.openqa.selenium.remote.codec.w3c.W3CHttpResponseCodec.decode(W3CHttpResponseCodec.java:50)
	at org.openqa.selenium.remote.HttpCommandExecutor.execute(HttpCommandExecutor.java:190)
	at org.openqa.selenium.remote.service.DriverCommandExecutor.invokeExecute(DriverCommandExecutor.java:216)
	at org.openqa.selenium.remote.service.DriverCommandExecutor.execute(DriverCommandExecutor.java:174)
	at org.openqa.selenium.remote.RemoteWebDriver.execute(RemoteWebDriver.java:518)
	at org.openqa.selenium.remote.RemoteWebElement.execute(RemoteWebElement.java:223)
	at org.openqa.selenium.remote.RemoteWebElement.sendKeys(RemoteWebElement.java:110)
	at jdk.internal.reflect.GeneratedMethodAccessor27.invoke(Unknown Source)
	at java.base/jdk.internal.reflect.DelegatingMethodAccessorImpl.invoke(DelegatingMethodAccessorImpl.java:43)
	at org.openqa.selenium.support.decorators.WebDriverDecorator.call(WebDriverDecorator.java:249)
	at org.openqa.selenium.support.decorators.DefaultDecorated.call(DefaultDecorated.java:48)
	at org.openqa.selenium.support.decorators.WebDriverDecorator.lambda$createProxy$2(WebDriverDecorator.java:321)
	at net.bytebuddy.renamed.java.lang.Object$ByteBuddy$WrO4YhAG.sendKeys(Unknown Source)
	at com.kms.katalon.core.webui.keyword.builtin.UploadFileKeyword$_uploadFile_closure1.doCall(UploadFileKeyword.groovy:80)
	at com.kms.katalon.core.webui.keyword.builtin.UploadFileKeyword$_uploadFile_closure1.call(UploadFileKeyword.groovy)
	at com.kms.katalon.core.webui.keyword.internal.WebUIKeywordMain.runKeyword(WebUIKeywordMain.groovy:35)
	at com.kms.katalon.core.webui.keyword.builtin.UploadFileKeyword.uploadFile(UploadFileKeyword.groovy:87)
	at com.kms.katalon.core.webui.keyword.builtin.UploadFileKeyword.execute(UploadFileKeyword.groovy:68)
	at com.kms.katalon.core.keyword.internal.KeywordExecutor.executeKeywordForPlatform(KeywordExecutor.groovy:74)
	at com.kms.katalon.core.webui.keyword.WebUiBuiltInKeywords.uploadFile(WebUiBuiltInKeywords.groovy:4140)
	at Script1733734833613.run(Script1733734833613.groovy:121)
	at com.kms.katalon.core.main.ScriptEngine.run(ScriptEngine.java:194)
	at com.kms.katalon.core.main.ScriptEngine.runScriptAsRawText(ScriptEngine.java:119)
	at com.kms.katalon.core.main.TestCaseExecutor.runScript(TestCaseExecutor.java:448)
	at com.kms.katalon.core.main.TestCaseExecutor.doExecute(TestCaseExecutor.java:439)
	at com.kms.katalon.core.main.TestCaseExecutor.processExecutionPhase(TestCaseExecutor.java:418)
	at com.kms.katalon.core.main.TestCaseExecutor.accessMainPhase(TestCaseExecutor.java:410)
	at com.kms.katalon.core.main.TestCaseExecutor.execute(TestCaseExecutor.java:285)
	at com.kms.katalon.core.main.TestCaseMain.runTestCase(TestCaseMain.java:133)
	at com.kms.katalon.core.keyword.builtin.CallTestCaseKeyword$_callTestCase_closure1.doCall(CallTestCaseKeyword.groovy:59)
	at com.kms.katalon.core.keyword.builtin.CallTestCaseKeyword$_callTestCase_closure1.call(CallTestCaseKeyword.groovy)
	at com.kms.katalon.core.keyword.internal.KeywordMain.runKeyword(KeywordMain.groovy:75)
	at com.kms.katalon.core.keyword.builtin.CallTestCaseKeyword.callTestCase(CallTestCaseKeyword.groovy:81)
	at com.kms.katalon.core.keyword.builtin.CallTestCaseKeyword.execute(CallTestCaseKeyword.groovy:44)
	at com.kms.katalon.core.keyword.internal.KeywordExecutor.executeKeywordForPlatform(KeywordExecutor.groovy:74)
	at com.kms.katalon.core.keyword.BuiltinKeywords.callTestCase(BuiltinKeywords.groovy:310)
	at jdk.internal.reflect.GeneratedMethodAccessor47.invoke(Unknown Source)
	at java.base/jdk.internal.reflect.DelegatingMethodAccessorImpl.invoke(DelegatingMethodAccessorImpl.java:43)
	at Script1735747665131.run(Script1735747665131.groovy:22)
	... 15 more
)

06-01-2025T09:50:32 - [MESSAGE][WARNING] - Unable to upload file 'C:\Users\Khairul Pandunata\Desktop\Aigen_Kop.png' to object 'Object Repository/Pengaturan Sistem/Admin Sekolah/Page_Upload_Kop/Input_UnggahFileKop' (Root cause: com.kms.katalon.core.exception.StepFailedException: Unable to upload file 'C:\Users\Khairul Pandunata\Desktop\Aigen_Kop.png' to object 'Object Repository/Pengaturan Sistem/Admin Sekolah/Page_Upload_Kop/Input_UnggahFileKop'
	at com.kms.katalon.core.webui.keyword.internal.WebUIKeywordMain.stepFailed(WebUIKeywordMain.groovy:117)
	at com.kms.katalon.core.webui.keyword.internal.WebUIKeywordMain.runKeyword(WebUIKeywordMain.groovy:43)
	at com.kms.katalon.core.webui.keyword.builtin.UploadFileKeyword.uploadFile(UploadFileKeyword.groovy:87)
	at com.kms.katalon.core.webui.keyword.builtin.UploadFileKeyword.execute(UploadFileKeyword.groovy:68)
	at com.kms.katalon.core.keyword.internal.KeywordExecutor.executeKeywordForPlatform(KeywordExecutor.groovy:74)
	at com.kms.katalon.core.webui.keyword.WebUiBuiltInKeywords.uploadFile(WebUiBuiltInKeywords.groovy:4140)
	at Edit Informasi Sekolah.run(Edit Informasi Sekolah:121)
	at com.kms.katalon.core.main.ScriptEngine.run(ScriptEngine.java:194)
	at com.kms.katalon.core.main.ScriptEngine.runScriptAsRawText(ScriptEngine.java:119)
	at com.kms.katalon.core.main.TestCaseExecutor.runScript(TestCaseExecutor.java:448)
	at com.kms.katalon.core.main.TestCaseExecutor.doExecute(TestCaseExecutor.java:439)
	at com.kms.katalon.core.main.TestCaseExecutor.processExecutionPhase(TestCaseExecutor.java:418)
	at com.kms.katalon.core.main.TestCaseExecutor.accessMainPhase(TestCaseExecutor.java:410)
	at com.kms.katalon.core.main.TestCaseExecutor.execute(TestCaseExecutor.java:285)
	at com.kms.katalon.core.main.TestCaseMain.runTestCase(TestCaseMain.java:133)
	at com.kms.katalon.core.keyword.builtin.CallTestCaseKeyword$_callTestCase_closure1.doCall(CallTestCaseKeyword.groovy:59)
	at com.kms.katalon.core.keyword.builtin.CallTestCaseKeyword$_callTestCase_closure1.call(CallTestCaseKeyword.groovy)
	at com.kms.katalon.core.keyword.internal.KeywordMain.runKeyword(KeywordMain.groovy:75)
	at com.kms.katalon.core.keyword.builtin.CallTestCaseKeyword.callTestCase(CallTestCaseKeyword.groovy:81)
	at com.kms.katalon.core.keyword.builtin.CallTestCaseKeyword.execute(CallTestCaseKeyword.groovy:44)
	at com.kms.katalon.core.keyword.internal.KeywordExecutor.executeKeywordForPlatform(KeywordExecutor.groovy:74)
	at com.kms.katalon.core.keyword.BuiltinKeywords.callTestCase(BuiltinKeywords.groovy:310)
	at jdk.internal.reflect.GeneratedMethodAccessor47.invoke(Unknown Source)
	at java.base/jdk.internal.reflect.DelegatingMethodAccessorImpl.invoke(DelegatingMethodAccessorImpl.java:43)
	at Regresi Informasi Sekolah.run(Regresi Informasi Sekolah:22)
	at com.kms.katalon.core.main.ScriptEngine.run(ScriptEngine.java:194)
	at com.kms.katalon.core.main.ScriptEngine.runScriptAsRawText(ScriptEngine.java:119)
	at com.kms.katalon.core.main.TestCaseExecutor.runScript(TestCaseExecutor.java:448)
	at com.kms.katalon.core.main.TestCaseExecutor.doExecute(TestCaseExecutor.java:439)
	at com.kms.katalon.core.main.TestCaseExecutor.processExecutionPhase(TestCaseExecutor.java:418)
	at com.kms.katalon.core.main.TestCaseExecutor.accessMainPhase(TestCaseExecutor.java:410)
	at com.kms.katalon.core.main.TestCaseExecutor.execute(TestCaseExecutor.java:285)
	at com.kms.katalon.core.common.CommonExecutor.accessTestCaseMainPhase(CommonExecutor.java:65)
	at com.kms.katalon.core.main.TestSuiteExecutor.accessTestSuiteMainPhase(TestSuiteExecutor.java:161)
	at com.kms.katalon.core.main.TestSuiteExecutor.execute(TestSuiteExecutor.java:107)
	at com.kms.katalon.core.main.TestCaseMain.startTestSuite(TestCaseMain.java:176)
	at TempTestSuite1736130766400.run(TempTestSuite1736130766400.groovy:35)
	at java.base/jdk.internal.reflect.NativeMethodAccessorImpl.invoke0(Native Method)
	at java.base/jdk.internal.reflect.NativeMethodAccessorImpl.invoke(NativeMethodAccessorImpl.java:77)
	at java.base/jdk.internal.reflect.DelegatingMethodAccessorImpl.invoke(DelegatingMethodAccessorImpl.java:43)
Caused by: org.openqa.selenium.InvalidArgumentException: invalid argument: File not found : C:\Users\Khairul Pandunata\Desktop\Aigen_Kop.png
  (Session info: chrome=131.0.6778.205)
Build info: version: '4.22.0', revision: 'c5f3146703'
System info: os.name: 'Windows 11', os.arch: 'amd64', os.version: '10.0', java.version: '17.0.7'
Driver info: com.kms.katalon.selenium.driver.CChromeDriver
Command: [691df7cdffccb9337f393a4d1c9f2d07, sendKeysToElement {id=f.232F89AB4DB34A7846448B427D509297.d.B6A757C6784F0FDB8D2DD3BFA678888F.e.53, value=[Ljava.lang.CharSequence;@58dd2f68}]
Capabilities {acceptInsecureCerts: false, browserName: chrome, browserVersion: 131.0.6778.205, chrome: {chromedriverVersion: 130.0.6723.58 (3a50e012e4c9..., userDataDir: C:\Users\henri\AppData\Loca...}, fedcm:accounts: true, goog:chromeOptions: {debuggerAddress: localhost:49817}, networkConnectionEnabled: false, pageLoadStrategy: normal, platformName: windows, proxy: Proxy(), se:cdp: ws://localhost:49817/devtoo..., se:cdpVersion: 131.0.6778.205, setWindowRect: true, strictFileInteractability: false, timeouts: {implicit: 0, pageLoad: 300000, script: 30000}, unhandledPromptBehavior: ignore, webSocketUrl: ws://localhost:29889/sessio..., webauthn:extension:credBlob: true, webauthn:extension:largeBlob: true, webauthn:extension:minPinLength: true, webauthn:extension:prf: true, webauthn:virtualAuthenticators: true}
Element: [[CChromeDriver: chrome on windows (691df7cdffccb9337f393a4d1c9f2d07)] -> xpath: //input[@type='file' and @id='upload-change-file-Kop Surat']]
Session ID: 691df7cdffccb9337f393a4d1c9f2d07
	at java.base/jdk.internal.reflect.NativeConstructorAccessorImpl.newInstance0(Native Method)
	at java.base/jdk.internal.reflect.NativeConstructorAccessorImpl.newInstance(NativeConstructorAccessorImpl.java:77)
	at java.base/jdk.internal.reflect.DelegatingConstructorAccessorImpl.newInstance(DelegatingConstructorAccessorImpl.java:45)
	at org.openqa.selenium.remote.ErrorCodec.decode(ErrorCodec.java:167)
	at org.openqa.selenium.remote.codec.w3c.W3CHttpResponseCodec.decode(W3CHttpResponseCodec.java:138)
	at org.openqa.selenium.remote.codec.w3c.W3CHttpResponseCodec.decode(W3CHttpResponseCodec.java:50)
	at org.openqa.selenium.remote.HttpCommandExecutor.execute(HttpCommandExecutor.java:190)
	at org.openqa.selenium.remote.service.DriverCommandExecutor.invokeExecute(DriverCommandExecutor.java:216)
	at org.openqa.selenium.remote.service.DriverCommandExecutor.execute(DriverCommandExecutor.java:174)
	at org.openqa.selenium.remote.RemoteWebDriver.execute(RemoteWebDriver.java:518)
	at org.openqa.selenium.remote.RemoteWebElement.execute(RemoteWebElement.java:223)
	at org.openqa.selenium.remote.RemoteWebElement.sendKeys(RemoteWebElement.java:110)
	at jdk.internal.reflect.GeneratedMethodAccessor27.invoke(Unknown Source)
	at java.base/jdk.internal.reflect.DelegatingMethodAccessorImpl.invoke(DelegatingMethodAccessorImpl.java:43)
	at org.openqa.selenium.support.decorators.WebDriverDecorator.call(WebDriverDecorator.java:249)
	at org.openqa.selenium.support.decorators.DefaultDecorated.call(DefaultDecorated.java:48)
	at org.openqa.selenium.support.decorators.WebDriverDecorator.lambda$createProxy$2(WebDriverDecorator.java:321)
	at net.bytebuddy.renamed.java.lang.Object$ByteBuddy$WrO4YhAG.sendKeys(Unknown Source)
	at com.kms.katalon.core.webui.keyword.builtin.UploadFileKeyword$_uploadFile_closure1.doCall(UploadFileKeyword.groovy:80)
	at com.kms.katalon.core.webui.keyword.builtin.UploadFileKeyword$_uploadFile_closure1.call(UploadFileKeyword.groovy)
	at com.kms.katalon.core.webui.keyword.internal.WebUIKeywordMain.runKeyword(WebUIKeywordMain.groovy:35)
	at com.kms.katalon.core.webui.keyword.builtin.UploadFileKeyword.uploadFile(UploadFileKeyword.groovy:87)
	at com.kms.katalon.core.webui.keyword.builtin.UploadFileKeyword.execute(UploadFileKeyword.groovy:68)
	at com.kms.katalon.core.keyword.internal.KeywordExecutor.executeKeywordForPlatform(KeywordExecutor.groovy:74)
	at com.kms.katalon.core.webui.keyword.WebUiBuiltInKeywords.uploadFile(WebUiBuiltInKeywords.groovy:4140)
	at Script1733734833613.run(Script1733734833613.groovy:121)
	at com.kms.katalon.core.main.ScriptEngine.run(ScriptEngine.java:194)
	at com.kms.katalon.core.main.ScriptEngine.runScriptAsRawText(ScriptEngine.java:119)
	at com.kms.katalon.core.main.TestCaseExecutor.runScript(TestCaseExecutor.java:448)
	at com.kms.katalon.core.main.TestCaseExecutor.doExecute(TestCaseExecutor.java:439)
	at com.kms.katalon.core.main.TestCaseExecutor.processExecutionPhase(TestCaseExecutor.java:418)
	at com.kms.katalon.core.main.TestCaseExecutor.accessMainPhase(TestCaseExecutor.java:410)
	at com.kms.katalon.core.main.TestCaseExecutor.execute(TestCaseExecutor.java:285)
	at com.kms.katalon.core.main.TestCaseMain.runTestCase(TestCaseMain.java:133)
	at com.kms.katalon.core.keyword.builtin.CallTestCaseKeyword$_callTestCase_closure1.doCall(CallTestCaseKeyword.groovy:59)
	at com.kms.katalon.core.keyword.builtin.CallTestCaseKeyword$_callTestCase_closure1.call(CallTestCaseKeyword.groovy)
	at com.kms.katalon.core.keyword.internal.KeywordMain.runKeyword(KeywordMain.groovy:75)
	at com.kms.katalon.core.keyword.builtin.CallTestCaseKeyword.callTestCase(CallTestCaseKeyword.groovy:81)
	at com.kms.katalon.core.keyword.builtin.CallTestCaseKeyword.execute(CallTestCaseKeyword.groovy:44)
	at com.kms.katalon.core.keyword.internal.KeywordExecutor.executeKeywordForPlatform(KeywordExecutor.groovy:74)
	at com.kms.katalon.core.keyword.BuiltinKeywords.callTestCase(BuiltinKeywords.groovy:310)
	at jdk.internal.reflect.GeneratedMethodAccessor47.invoke(Unknown Source)
	at java.base/jdk.internal.reflect.DelegatingMethodAccessorImpl.invoke(DelegatingMethodAccessorImpl.java:43)
	at Script1735747665131.run(Script1735747665131.groovy:22)
	... 15 more
)
[[ATTACHMENT|C:\\Users\\henri\\Videos\\school-payment-automation-testing\\Reports\\20250106_093246\\Regresi All Sprint\\20250106_093246\\1736131832136.png]]

06-01-2025T09:50:32 - [TEST_STEP][PASSED] - delay(2, OPTIONAL): Delayed 2 second(s)

06-01-2025T09:50:34 - [MESSAGE][PASSED] - Delayed 2 second(s)

06-01-2025T09:50:34 - [TEST_STEP][PASSED] - click(findTestObject("Pengaturan Sistem/Admin Sekolah/button_simpan/button_Simpan"), OPTIONAL): Object: 'Object Repository/Pengaturan Sistem/Admin Sekolah/button_simpan/button_Simpan' is clicked on

06-01-2025T09:50:34 - [MESSAGE][PASSED] - Object: 'Object Repository/Pengaturan Sistem/Admin Sekolah/button_simpan/button_Simpan' is clicked on

06-01-2025T09:50:34 - [TEST_STEP][PASSED] - delay(2, OPTIONAL): Delayed 2 second(s)

06-01-2025T09:50:36 - [MESSAGE][PASSED] - Delayed 2 second(s)

06-01-2025T09:50:36 - [TEST_STEP][PASSED] - click(findTestObject("Pengaturan Sistem/Admin Sekolah/Button_konfirm/div_Ya"), OPTIONAL): Object: 'Object Repository/Pengaturan Sistem/Admin Sekolah/Button_konfirm/div_Ya' is clicked on

06-01-2025T09:50:36 - [MESSAGE][PASSED] - Object: 'Object Repository/Pengaturan Sistem/Admin Sekolah/Button_konfirm/div_Ya' is clicked on

06-01-2025T09:50:36 - [TEST_STEP][PASSED] - delay(2, OPTIONAL): Delayed 2 second(s)

06-01-2025T09:50:38 - [MESSAGE][PASSED] - Delayed 2 second(s)

06-01-2025T09:50:38 - [TEST_STEP][PASSED] - closeBrowser(OPTIONAL): Browser is closed

06-01-2025T09:50:39 - [MESSAGE][PASSED] - Browser is closed

06-01-2025T09:50:39 - [MESSAGE][INFO] - 

06-01-2025T09:50:39 - [MESSAGE][INFO] - ===================== Self-healing Report ====================

06-01-2025T09:50:39 - [MESSAGE][INFO] - One of the failed test object locators has been recovered by Self-healing. Please refer to the Self-healing Insights tab for more details.

06-01-2025T09:50:39 - [MESSAGE][INFO] - To learn more about Self-healing, please read https://docs.katalon.com/katalon-studio/docs/self-healing.html

06-01-2025T09:50:39 - [MESSAGE][INFO] - ==============================================================

06-01-2025T09:50:39 - [MESSAGE][PASSED] - Call Test Case 'Test Cases/Pengaturan Sistem/Admin Sekolah/Master Informasi Sekolah/Edit Informasi Sekolah' successfully

06-01-2025T09:50:39 - [TEST_STEP][PASSED] - println("============================= Loop Again ==============================="): null

06-01-2025T09:50:39 - [TEST_STEP][PASSED] - callTestCase(findTestCase("Test Cases/Pengaturan Sistem/Admin Sekolah/Master Informasi Sekolah/Edit Informasi Sekolah"), [:], CONTINUE_ON_FAILURE): Call Test Case 'Test Cases/Pengaturan Sistem/Admin Sekolah/Master Informasi Sekolah/Edit Informasi Sekolah' successfully

06-01-2025T09:50:39 - [TEST_CASE][PASSED] - Test Cases/Pengaturan Sistem/Admin Sekolah/Master Informasi Sekolah/Edit Informasi Sekolah: Test Cases/Pengaturan Sistem/Admin Sekolah/Master Informasi Sekolah/Edit Informasi Sekolah

06-01-2025T09:50:39 - [TEST_STEP][PASSED] - openBrowser("", OPTIONAL): Browser is opened with url: ''

06-01-2025T09:50:39 - [MESSAGE][INFO] - Starting 'Chrome' driver

06-01-2025T09:50:39 - [MESSAGE][INFO] - Action delay is set to 0 milliseconds

06-01-2025T09:50:40 - [MESSAGE][PASSED] - Browser is opened with url: ''

06-01-2025T09:50:40 - [TEST_STEP][PASSED] - maximizeWindow(OPTIONAL): Current window maximized

06-01-2025T09:50:40 - [MESSAGE][PASSED] - Current window maximized

06-01-2025T09:50:40 - [TEST_STEP][PASSED] - navigateToUrl("https://sit.siprusedu.com/login", OPTIONAL): Navigate to 'https://sit.siprusedu.com/login' successfully

06-01-2025T09:50:40 - [MESSAGE][PASSED] - Navigate to 'https://sit.siprusedu.com/login' successfully

06-01-2025T09:50:40 - [TEST_STEP][PASSED] - setText(findTestObject("Object Repository/Master Data/Admin Sekolah/Login/Field Email"), "admin.gudangsolusi@digiform.co.id", OPTIONAL): Text 'admin.gudangsolusi@digiform.co.id' is set on object 'Object Repository/Master Data/Admin Sekolah/Login/Field Email'

06-01-2025T09:50:42 - [MESSAGE][PASSED] - Text 'admin.gudangsolusi@digiform.co.id' is set on object 'Object Repository/Master Data/Admin Sekolah/Login/Field Email'

06-01-2025T09:50:42 - [TEST_STEP][PASSED] - setText(findTestObject("Object Repository/Master Data/Admin Sekolah/Login/Input Password"), "Test1234", OPTIONAL): Text 'Test1234' is set on object 'Object Repository/Master Data/Admin Sekolah/Login/Input Password'

06-01-2025T09:50:42 - [MESSAGE][PASSED] - Text 'Test1234' is set on object 'Object Repository/Master Data/Admin Sekolah/Login/Input Password'

06-01-2025T09:50:42 - [TEST_STEP][PASSED] - click(findTestObject("Object Repository/Master Data/Admin Sekolah/Login/Button Submit"), OPTIONAL): Object: 'Object Repository/Master Data/Admin Sekolah/Login/Button Submit' is clicked on

06-01-2025T09:50:43 - [MESSAGE][PASSED] - Object: 'Object Repository/Master Data/Admin Sekolah/Login/Button Submit' is clicked on

06-01-2025T09:50:43 - [TEST_STEP][PASSED] - delay(1, OPTIONAL): Delayed 1 second(s)

06-01-2025T09:50:44 - [MESSAGE][PASSED] - Delayed 1 second(s)

06-01-2025T09:50:44 - [TEST_STEP][PASSED] - click(findTestObject("Object Repository/Pengaturan Sistem/Admin Sekolah/Page_Beranda/Menu Pengaturan sistem"), OPTIONAL): Object: 'Object Repository/Pengaturan Sistem/Admin Sekolah/Page_Beranda/Menu Pengaturan sistem' is clicked on

06-01-2025T09:51:04 - [MESSAGE][PASSED] - Object: 'Object Repository/Pengaturan Sistem/Admin Sekolah/Page_Beranda/Menu Pengaturan sistem' is clicked on

06-01-2025T09:51:04 - [TEST_STEP][PASSED] - click(findTestObject("Object Repository/Pengaturan Sistem/Admin Sekolah/Page_Pengaturan Sistem - Pengaturan Sistem/Menu Informasi Sekolah"), OPTIONAL): Object: 'Object Repository/Pengaturan Sistem/Admin Sekolah/Page_Pengaturan Sistem - Pengaturan Sistem/Menu Informasi Sekolah' is clicked on

06-01-2025T09:51:05 - [MESSAGE][PASSED] - Object: 'Object Repository/Pengaturan Sistem/Admin Sekolah/Page_Pengaturan Sistem - Pengaturan Sistem/Menu Informasi Sekolah' is clicked on

06-01-2025T09:51:05 - [TEST_STEP][PASSED] - click(findTestObject("Object Repository/Pengaturan Sistem/Admin Sekolah/NPSN (Nomor Pokok Sekolah Nasional)/input_Edit Sekolah_npsn"), OPTIONAL): Object: 'Object Repository/Pengaturan Sistem/Admin Sekolah/NPSN (Nomor Pokok Sekolah Nasional)/input_Edit Sekolah_npsn' is clicked on

06-01-2025T09:51:05 - [MESSAGE][PASSED] - Object: 'Object Repository/Pengaturan Sistem/Admin Sekolah/NPSN (Nomor Pokok Sekolah Nasional)/input_Edit Sekolah_npsn' is clicked on

06-01-2025T09:51:05 - [TEST_STEP][PASSED] - executeJavaScript("document.querySelector('input[name="npsn"]').value=''", null, OPTIONAL): Execute JavaScript 'document.querySelector('input[name="npsn"]').value=''' successfully

06-01-2025T09:51:05 - [MESSAGE][PASSED] - Execute JavaScript 'document.querySelector('input[name="npsn"]').value=''' successfully

06-01-2025T09:51:05 - [TEST_STEP][PASSED] - delay(1, OPTIONAL): Delayed 1 second(s)

06-01-2025T09:51:06 - [MESSAGE][PASSED] - Delayed 1 second(s)

06-01-2025T09:51:06 - [TEST_STEP][PASSED] - setText(findTestObject("Object Repository/Pengaturan Sistem/Admin Sekolah/NPSN (Nomor Pokok Sekolah Nasional)/input_Edit Sekolah_npsn"), "20025002", OPTIONAL): Text '20025002' is set on object 'Object Repository/Pengaturan Sistem/Admin Sekolah/NPSN (Nomor Pokok Sekolah Nasional)/input_Edit Sekolah_npsn'

06-01-2025T09:51:07 - [MESSAGE][PASSED] - Text '20025002' is set on object 'Object Repository/Pengaturan Sistem/Admin Sekolah/NPSN (Nomor Pokok Sekolah Nasional)/input_Edit Sekolah_npsn'

06-01-2025T09:51:07 - [TEST_STEP][PASSED] - click(findTestObject("Object Repository/Pengaturan Sistem/Admin Sekolah/Nama Sekolah/input_Edit Sekolah_schoolName"), OPTIONAL): Object: 'Object Repository/Pengaturan Sistem/Admin Sekolah/Nama Sekolah/input_Edit Sekolah_schoolName' is clicked on

06-01-2025T09:51:07 - [MESSAGE][PASSED] - Object: 'Object Repository/Pengaturan Sistem/Admin Sekolah/Nama Sekolah/input_Edit Sekolah_schoolName' is clicked on

06-01-2025T09:51:07 - [TEST_STEP][PASSED] - executeJavaScript("document.querySelector('input[name="schoolName"]').value=''", null, OPTIONAL): Execute JavaScript 'document.querySelector('input[name="schoolName"]').value=''' successfully

06-01-2025T09:51:07 - [MESSAGE][PASSED] - Execute JavaScript 'document.querySelector('input[name="schoolName"]').value=''' successfully

06-01-2025T09:51:07 - [TEST_STEP][PASSED] - setText(findTestObject("Pengaturan Sistem/Admin Sekolah/Nama Sekolah/input_Edit Sekolah_schoolName"), "PT Aigen Global Teknologi", OPTIONAL): Text 'PT Aigen Global Teknologi' is set on object 'Object Repository/Pengaturan Sistem/Admin Sekolah/Nama Sekolah/input_Edit Sekolah_schoolName'

06-01-2025T09:51:08 - [MESSAGE][PASSED] - Text 'PT Aigen Global Teknologi' is set on object 'Object Repository/Pengaturan Sistem/Admin Sekolah/Nama Sekolah/input_Edit Sekolah_schoolName'

06-01-2025T09:51:08 - [TEST_STEP][PASSED] - click(findTestObject("Pengaturan Sistem/Admin Sekolah/Dropdown_Provinsi/dropdown_provinsi"), OPTIONAL): Object: 'Object Repository/Pengaturan Sistem/Admin Sekolah/Dropdown_Provinsi/dropdown_provinsi' is clicked on

06-01-2025T09:51:08 - [MESSAGE][PASSED] - Object: 'Object Repository/Pengaturan Sistem/Admin Sekolah/Dropdown_Provinsi/dropdown_provinsi' is clicked on

06-01-2025T09:51:08 - [TEST_STEP][PASSED] - click(findTestObject("Pengaturan Sistem/Admin Sekolah/Isi_Provinsi/p_BANTEN"), OPTIONAL): Object: 'Object Repository/Pengaturan Sistem/Admin Sekolah/Isi_Provinsi/p_BANTEN' is clicked on

06-01-2025T09:51:39 - [MESSAGE][INFO] - Unable to find the element located by 'By.xpath: (.//*[normalize-space(text()) and normalize-space(.)='Simpan'])[1]/following::p[18]'. Please recheck the objects properties to make sure the desired element is located. 

06-01-2025T09:51:39 - [MESSAGE][WARNING] - [SELF-HEALING] Failed to find element with id 'Object Repository/Pengaturan Sistem/Admin Sekolah/Isi_Provinsi/p_BANTEN'. Try using Self-healing.

06-01-2025T09:51:40 - [MESSAGE][WARNING] - [SELF-HEALING] The current locator of test object 'Object Repository/Pengaturan Sistem/Admin Sekolah/Isi_Provinsi/p_BANTEN' was broken. Propose an alternative one: '//*/text()[normalize-space(.)='BANTEN']/parent::*'.

06-01-2025T09:51:40 - [MESSAGE][PASSED] - Object: 'Object Repository/Pengaturan Sistem/Admin Sekolah/Isi_Provinsi/p_BANTEN' is clicked on

06-01-2025T09:51:40 - [TEST_STEP][PASSED] - click(findTestObject("Pengaturan Sistem/Admin Sekolah/Dropdown_Kota/dropdown_kota"), OPTIONAL): Object: 'Object Repository/Pengaturan Sistem/Admin Sekolah/Dropdown_Kota/dropdown_kota' is clicked on

06-01-2025T09:51:40 - [MESSAGE][PASSED] - Object: 'Object Repository/Pengaturan Sistem/Admin Sekolah/Dropdown_Kota/dropdown_kota' is clicked on

06-01-2025T09:51:40 - [TEST_STEP][PASSED] - click(findTestObject("Pengaturan Sistem/Admin Sekolah/Isi_Kota/p_KOTA TANGERANG SELATAN"), OPTIONAL): Object: 'Object Repository/Pengaturan Sistem/Admin Sekolah/Isi_Kota/p_KOTA TANGERANG SELATAN' is clicked on

06-01-2025T09:52:11 - [MESSAGE][INFO] - Unable to find the element located by 'By.xpath: (.//*[normalize-space(text()) and normalize-space(.)='Simpan'])[1]/following::p[10]'. Please recheck the objects properties to make sure the desired element is located. 

06-01-2025T09:52:11 - [MESSAGE][WARNING] - [SELF-HEALING] Failed to find element with id 'Object Repository/Pengaturan Sistem/Admin Sekolah/Isi_Kota/p_KOTA TANGERANG SELATAN'. Try using Self-healing.

06-01-2025T09:52:11 - [MESSAGE][WARNING] - [SELF-HEALING] The current locator of test object 'Object Repository/Pengaturan Sistem/Admin Sekolah/Isi_Kota/p_KOTA TANGERANG SELATAN' was broken. Propose an alternative one: '//*/text()[normalize-space(.)='KOTA TANGERANG SELATAN']/parent::*'.

06-01-2025T09:52:11 - [MESSAGE][PASSED] - Object: 'Object Repository/Pengaturan Sistem/Admin Sekolah/Isi_Kota/p_KOTA TANGERANG SELATAN' is clicked on

06-01-2025T09:52:11 - [TEST_STEP][PASSED] - click(findTestObject("Object Repository/Pengaturan Sistem/Admin Sekolah/Alamat Sekolah/TextArea Alamat sekolah"), OPTIONAL): Object: 'Object Repository/Pengaturan Sistem/Admin Sekolah/Alamat Sekolah/TextArea Alamat sekolah' is clicked on

06-01-2025T09:52:12 - [MESSAGE][PASSED] - Object: 'Object Repository/Pengaturan Sistem/Admin Sekolah/Alamat Sekolah/TextArea Alamat sekolah' is clicked on

06-01-2025T09:52:12 - [TEST_STEP][PASSED] - executeJavaScript("document.querySelector('textarea[name="schoolAddress"]').value=''", null, OPTIONAL): Execute JavaScript 'document.querySelector('textarea[name="schoolAddress"]').value=''' successfully

06-01-2025T09:52:12 - [MESSAGE][PASSED] - Execute JavaScript 'document.querySelector('textarea[name="schoolAddress"]').value=''' successfully

06-01-2025T09:52:12 - [TEST_STEP][PASSED] - setText(findTestObject("Object Repository/Pengaturan Sistem/Admin Sekolah/Alamat Sekolah/TextArea Alamat sekolah"), "Jl. Raya Rawa Buntu No 18D", OPTIONAL): Text 'Jl. Raya Rawa Buntu No 18D' is set on object 'Object Repository/Pengaturan Sistem/Admin Sekolah/Alamat Sekolah/TextArea Alamat sekolah'

06-01-2025T09:52:12 - [MESSAGE][PASSED] - Text 'Jl. Raya Rawa Buntu No 18D' is set on object 'Object Repository/Pengaturan Sistem/Admin Sekolah/Alamat Sekolah/TextArea Alamat sekolah'

06-01-2025T09:52:12 - [TEST_STEP][PASSED] - click(findTestObject("Object Repository/Pengaturan Sistem/Admin Sekolah/Phone/input_Edit Sekolah_schoolPhone"), OPTIONAL): Object: 'Object Repository/Pengaturan Sistem/Admin Sekolah/Phone/input_Edit Sekolah_schoolPhone' is clicked on

06-01-2025T09:52:13 - [MESSAGE][PASSED] - Object: 'Object Repository/Pengaturan Sistem/Admin Sekolah/Phone/input_Edit Sekolah_schoolPhone' is clicked on

06-01-2025T09:52:13 - [TEST_STEP][PASSED] - executeJavaScript("document.querySelector('input[name="schoolPhone"]').value=''", null, OPTIONAL): Execute JavaScript 'document.querySelector('input[name="schoolPhone"]').value=''' successfully

06-01-2025T09:52:13 - [MESSAGE][PASSED] - Execute JavaScript 'document.querySelector('input[name="schoolPhone"]').value=''' successfully

06-01-2025T09:52:13 - [TEST_STEP][PASSED] - setText(findTestObject("Object Repository/Pengaturan Sistem/Admin Sekolah/Phone/input_Edit Sekolah_schoolPhone"), "081332924555", OPTIONAL): Text '081332924555' is set on object 'Object Repository/Pengaturan Sistem/Admin Sekolah/Phone/input_Edit Sekolah_schoolPhone'

06-01-2025T09:52:14 - [MESSAGE][PASSED] - Text '081332924555' is set on object 'Object Repository/Pengaturan Sistem/Admin Sekolah/Phone/input_Edit Sekolah_schoolPhone'

06-01-2025T09:52:14 - [TEST_STEP][PASSED] - click(findTestObject("Pengaturan Sistem/Admin Sekolah/Email/input_Edit Sekolah_schoolMail"), OPTIONAL): Object: 'Object Repository/Pengaturan Sistem/Admin Sekolah/Email/input_Edit Sekolah_schoolMail' is clicked on

06-01-2025T09:52:14 - [MESSAGE][PASSED] - Object: 'Object Repository/Pengaturan Sistem/Admin Sekolah/Email/input_Edit Sekolah_schoolMail' is clicked on

06-01-2025T09:52:14 - [TEST_STEP][PASSED] - executeJavaScript("document.querySelector('input[name="schoolMail"]').value=''", null, OPTIONAL): Execute JavaScript 'document.querySelector('input[name="schoolMail"]').value=''' successfully

06-01-2025T09:52:14 - [MESSAGE][PASSED] - Execute JavaScript 'document.querySelector('input[name="schoolMail"]').value=''' successfully

06-01-2025T09:52:14 - [TEST_STEP][PASSED] - setText(findTestObject("Pengaturan Sistem/Admin Sekolah/Email/input_Edit Sekolah_schoolMail"), "reach.us@aigen-global.com", OPTIONAL): Text 'reach.us@aigen-global.com' is set on object 'Object Repository/Pengaturan Sistem/Admin Sekolah/Email/input_Edit Sekolah_schoolMail'

06-01-2025T09:52:15 - [MESSAGE][PASSED] - Text 'reach.us@aigen-global.com' is set on object 'Object Repository/Pengaturan Sistem/Admin Sekolah/Email/input_Edit Sekolah_schoolMail'

06-01-2025T09:52:15 - [TEST_STEP][PASSED] - click(findTestObject("Pengaturan Sistem/Admin Sekolah/Email/input_Edit Sekolah_schoolMail"), OPTIONAL): Object: 'Object Repository/Pengaturan Sistem/Admin Sekolah/Email/input_Edit Sekolah_schoolMail' is clicked on

06-01-2025T09:52:15 - [MESSAGE][PASSED] - Object: 'Object Repository/Pengaturan Sistem/Admin Sekolah/Email/input_Edit Sekolah_schoolMail' is clicked on

06-01-2025T09:52:15 - [TEST_STEP][PASSED] - delay(2, OPTIONAL): Delayed 2 second(s)

06-01-2025T09:52:17 - [MESSAGE][PASSED] - Delayed 2 second(s)

06-01-2025T09:52:17 - [TEST_STEP][PASSED] - executeJavaScript("document.querySelector("input[type='file']").style.display = "block";", null, OPTIONAL): Execute JavaScript 'document.querySelector("input[type='file']").style.display = "block";' successfully

06-01-2025T09:52:17 - [MESSAGE][PASSED] - Execute JavaScript 'document.querySelector("input[type='file']").style.display = "block";' successfully

06-01-2025T09:52:17 - [TEST_STEP][PASSED] - delay(2, OPTIONAL): Delayed 2 second(s)

06-01-2025T09:52:19 - [MESSAGE][PASSED] - Delayed 2 second(s)

06-01-2025T09:52:19 - [TEST_STEP][PASSED] - filePath = "C:\Users\Khairul Pandunata\Desktop\Aigen_Logo.jpeg": null

06-01-2025T09:52:19 - [TEST_STEP][PASSED] - uploadFile(findTestObject("Object Repository/Pengaturan Sistem/Admin Sekolah/Page_Upload/Input_UnggahFile"), filePath, OPTIONAL): Unable to upload file 'C:\Users\Khairul Pandunata\Desktop\Aigen_Logo.jpeg' to object 'Object Repository/Pengaturan Sistem/Admin Sekolah/Page_Upload/Input_UnggahFile' (Root cause: com.kms.katalon.core.exception.StepFailedException: Unable to upload file 'C:\Users\Khairul Pandunata\Desktop\Aigen_Logo.jpeg' to object 'Object Repository/Pengaturan Sistem/Admin Sekolah/Page_Upload/Input_UnggahFile'
	at com.kms.katalon.core.webui.keyword.internal.WebUIKeywordMain.stepFailed(WebUIKeywordMain.groovy:117)
	at com.kms.katalon.core.webui.keyword.internal.WebUIKeywordMain.runKeyword(WebUIKeywordMain.groovy:43)
	at com.kms.katalon.core.webui.keyword.builtin.UploadFileKeyword.uploadFile(UploadFileKeyword.groovy:87)
	at com.kms.katalon.core.webui.keyword.builtin.UploadFileKeyword.execute(UploadFileKeyword.groovy:68)
	at com.kms.katalon.core.keyword.internal.KeywordExecutor.executeKeywordForPlatform(KeywordExecutor.groovy:74)
	at com.kms.katalon.core.webui.keyword.WebUiBuiltInKeywords.uploadFile(WebUiBuiltInKeywords.groovy:4140)
	at Edit Informasi Sekolah.run(Edit Informasi Sekolah:108)
	at com.kms.katalon.core.main.ScriptEngine.run(ScriptEngine.java:194)
	at com.kms.katalon.core.main.ScriptEngine.runScriptAsRawText(ScriptEngine.java:119)
	at com.kms.katalon.core.main.TestCaseExecutor.runScript(TestCaseExecutor.java:448)
	at com.kms.katalon.core.main.TestCaseExecutor.doExecute(TestCaseExecutor.java:439)
	at com.kms.katalon.core.main.TestCaseExecutor.processExecutionPhase(TestCaseExecutor.java:418)
	at com.kms.katalon.core.main.TestCaseExecutor.accessMainPhase(TestCaseExecutor.java:410)
	at com.kms.katalon.core.main.TestCaseExecutor.execute(TestCaseExecutor.java:285)
	at com.kms.katalon.core.main.TestCaseMain.runTestCase(TestCaseMain.java:133)
	at com.kms.katalon.core.keyword.builtin.CallTestCaseKeyword$_callTestCase_closure1.doCall(CallTestCaseKeyword.groovy:59)
	at com.kms.katalon.core.keyword.builtin.CallTestCaseKeyword$_callTestCase_closure1.call(CallTestCaseKeyword.groovy)
	at com.kms.katalon.core.keyword.internal.KeywordMain.runKeyword(KeywordMain.groovy:75)
	at com.kms.katalon.core.keyword.builtin.CallTestCaseKeyword.callTestCase(CallTestCaseKeyword.groovy:81)
	at com.kms.katalon.core.keyword.builtin.CallTestCaseKeyword.execute(CallTestCaseKeyword.groovy:44)
	at com.kms.katalon.core.keyword.internal.KeywordExecutor.executeKeywordForPlatform(KeywordExecutor.groovy:74)
	at com.kms.katalon.core.keyword.BuiltinKeywords.callTestCase(BuiltinKeywords.groovy:310)
	at jdk.internal.reflect.GeneratedMethodAccessor47.invoke(Unknown Source)
	at java.base/jdk.internal.reflect.DelegatingMethodAccessorImpl.invoke(DelegatingMethodAccessorImpl.java:43)
	at Regresi Informasi Sekolah.run(Regresi Informasi Sekolah:22)
	at com.kms.katalon.core.main.ScriptEngine.run(ScriptEngine.java:194)
	at com.kms.katalon.core.main.ScriptEngine.runScriptAsRawText(ScriptEngine.java:119)
	at com.kms.katalon.core.main.TestCaseExecutor.runScript(TestCaseExecutor.java:448)
	at com.kms.katalon.core.main.TestCaseExecutor.doExecute(TestCaseExecutor.java:439)
	at com.kms.katalon.core.main.TestCaseExecutor.processExecutionPhase(TestCaseExecutor.java:418)
	at com.kms.katalon.core.main.TestCaseExecutor.accessMainPhase(TestCaseExecutor.java:410)
	at com.kms.katalon.core.main.TestCaseExecutor.execute(TestCaseExecutor.java:285)
	at com.kms.katalon.core.common.CommonExecutor.accessTestCaseMainPhase(CommonExecutor.java:65)
	at com.kms.katalon.core.main.TestSuiteExecutor.accessTestSuiteMainPhase(TestSuiteExecutor.java:161)
	at com.kms.katalon.core.main.TestSuiteExecutor.execute(TestSuiteExecutor.java:107)
	at com.kms.katalon.core.main.TestCaseMain.startTestSuite(TestCaseMain.java:176)
	at TempTestSuite1736130766400.run(TempTestSuite1736130766400.groovy:35)
	at java.base/jdk.internal.reflect.NativeMethodAccessorImpl.invoke0(Native Method)
	at java.base/jdk.internal.reflect.NativeMethodAccessorImpl.invoke(NativeMethodAccessorImpl.java:77)
	at java.base/jdk.internal.reflect.DelegatingMethodAccessorImpl.invoke(DelegatingMethodAccessorImpl.java:43)
Caused by: org.openqa.selenium.InvalidArgumentException: invalid argument: File not found : C:\Users\Khairul Pandunata\Desktop\Aigen_Logo.jpeg
  (Session info: chrome=131.0.6778.205)
Build info: version: '4.22.0', revision: 'c5f3146703'
System info: os.name: 'Windows 11', os.arch: 'amd64', os.version: '10.0', java.version: '17.0.7'
Driver info: com.kms.katalon.selenium.driver.CChromeDriver
Command: [70b331f2906a41a1f03cbc9869bda475, sendKeysToElement {id=f.46B79432DBA77526AA4D39DA4A8783E7.d.57BDA13A43CD7ACEBC08FC6162785885.e.53, value=[Ljava.lang.CharSequence;@390e3e96}]
Capabilities {acceptInsecureCerts: false, browserName: chrome, browserVersion: 131.0.6778.205, chrome: {chromedriverVersion: 130.0.6723.58 (3a50e012e4c9..., userDataDir: C:\Users\henri\AppData\Loca...}, fedcm:accounts: true, goog:chromeOptions: {debuggerAddress: localhost:49892}, networkConnectionEnabled: false, pageLoadStrategy: normal, platformName: windows, proxy: Proxy(), se:cdp: ws://localhost:49892/devtoo..., se:cdpVersion: 131.0.6778.205, setWindowRect: true, strictFileInteractability: false, timeouts: {implicit: 0, pageLoad: 300000, script: 30000}, unhandledPromptBehavior: ignore, webSocketUrl: ws://localhost:43091/sessio..., webauthn:extension:credBlob: true, webauthn:extension:largeBlob: true, webauthn:extension:minPinLength: true, webauthn:extension:prf: true, webauthn:virtualAuthenticators: true}
Element: [[CChromeDriver: chrome on windows (70b331f2906a41a1f03cbc9869bda475)] -> xpath: //input[@type='file' and @id='upload-change-file-Logo Sekolah']]
Session ID: 70b331f2906a41a1f03cbc9869bda475
	at java.base/jdk.internal.reflect.NativeConstructorAccessorImpl.newInstance0(Native Method)
	at java.base/jdk.internal.reflect.NativeConstructorAccessorImpl.newInstance(NativeConstructorAccessorImpl.java:77)
	at java.base/jdk.internal.reflect.DelegatingConstructorAccessorImpl.newInstance(DelegatingConstructorAccessorImpl.java:45)
	at org.openqa.selenium.remote.ErrorCodec.decode(ErrorCodec.java:167)
	at org.openqa.selenium.remote.codec.w3c.W3CHttpResponseCodec.decode(W3CHttpResponseCodec.java:138)
	at org.openqa.selenium.remote.codec.w3c.W3CHttpResponseCodec.decode(W3CHttpResponseCodec.java:50)
	at org.openqa.selenium.remote.HttpCommandExecutor.execute(HttpCommandExecutor.java:190)
	at org.openqa.selenium.remote.service.DriverCommandExecutor.invokeExecute(DriverCommandExecutor.java:216)
	at org.openqa.selenium.remote.service.DriverCommandExecutor.execute(DriverCommandExecutor.java:174)
	at org.openqa.selenium.remote.RemoteWebDriver.execute(RemoteWebDriver.java:518)
	at org.openqa.selenium.remote.RemoteWebElement.execute(RemoteWebElement.java:223)
	at org.openqa.selenium.remote.RemoteWebElement.sendKeys(RemoteWebElement.java:110)
	at jdk.internal.reflect.GeneratedMethodAccessor27.invoke(Unknown Source)
	at java.base/jdk.internal.reflect.DelegatingMethodAccessorImpl.invoke(DelegatingMethodAccessorImpl.java:43)
	at org.openqa.selenium.support.decorators.WebDriverDecorator.call(WebDriverDecorator.java:249)
	at org.openqa.selenium.support.decorators.DefaultDecorated.call(DefaultDecorated.java:48)
	at org.openqa.selenium.support.decorators.WebDriverDecorator.lambda$createProxy$2(WebDriverDecorator.java:321)
	at net.bytebuddy.renamed.java.lang.Object$ByteBuddy$BS5rWZBc.sendKeys(Unknown Source)
	at com.kms.katalon.core.webui.keyword.builtin.UploadFileKeyword$_uploadFile_closure1.doCall(UploadFileKeyword.groovy:80)
	at com.kms.katalon.core.webui.keyword.builtin.UploadFileKeyword$_uploadFile_closure1.call(UploadFileKeyword.groovy)
	at com.kms.katalon.core.webui.keyword.internal.WebUIKeywordMain.runKeyword(WebUIKeywordMain.groovy:35)
	at com.kms.katalon.core.webui.keyword.builtin.UploadFileKeyword.uploadFile(UploadFileKeyword.groovy:87)
	at com.kms.katalon.core.webui.keyword.builtin.UploadFileKeyword.execute(UploadFileKeyword.groovy:68)
	at com.kms.katalon.core.keyword.internal.KeywordExecutor.executeKeywordForPlatform(KeywordExecutor.groovy:74)
	at com.kms.katalon.core.webui.keyword.WebUiBuiltInKeywords.uploadFile(WebUiBuiltInKeywords.groovy:4140)
	at Script1733734833613.run(Script1733734833613.groovy:108)
	at com.kms.katalon.core.main.ScriptEngine.run(ScriptEngine.java:194)
	at com.kms.katalon.core.main.ScriptEngine.runScriptAsRawText(ScriptEngine.java:119)
	at com.kms.katalon.core.main.TestCaseExecutor.runScript(TestCaseExecutor.java:448)
	at com.kms.katalon.core.main.TestCaseExecutor.doExecute(TestCaseExecutor.java:439)
	at com.kms.katalon.core.main.TestCaseExecutor.processExecutionPhase(TestCaseExecutor.java:418)
	at com.kms.katalon.core.main.TestCaseExecutor.accessMainPhase(TestCaseExecutor.java:410)
	at com.kms.katalon.core.main.TestCaseExecutor.execute(TestCaseExecutor.java:285)
	at com.kms.katalon.core.main.TestCaseMain.runTestCase(TestCaseMain.java:133)
	at com.kms.katalon.core.keyword.builtin.CallTestCaseKeyword$_callTestCase_closure1.doCall(CallTestCaseKeyword.groovy:59)
	at com.kms.katalon.core.keyword.builtin.CallTestCaseKeyword$_callTestCase_closure1.call(CallTestCaseKeyword.groovy)
	at com.kms.katalon.core.keyword.internal.KeywordMain.runKeyword(KeywordMain.groovy:75)
	at com.kms.katalon.core.keyword.builtin.CallTestCaseKeyword.callTestCase(CallTestCaseKeyword.groovy:81)
	at com.kms.katalon.core.keyword.builtin.CallTestCaseKeyword.execute(CallTestCaseKeyword.groovy:44)
	at com.kms.katalon.core.keyword.internal.KeywordExecutor.executeKeywordForPlatform(KeywordExecutor.groovy:74)
	at com.kms.katalon.core.keyword.BuiltinKeywords.callTestCase(BuiltinKeywords.groovy:310)
	at jdk.internal.reflect.GeneratedMethodAccessor47.invoke(Unknown Source)
	at java.base/jdk.internal.reflect.DelegatingMethodAccessorImpl.invoke(DelegatingMethodAccessorImpl.java:43)
	at Script1735747665131.run(Script1735747665131.groovy:22)
	... 15 more
)

06-01-2025T09:52:19 - [MESSAGE][WARNING] - Unable to upload file 'C:\Users\Khairul Pandunata\Desktop\Aigen_Logo.jpeg' to object 'Object Repository/Pengaturan Sistem/Admin Sekolah/Page_Upload/Input_UnggahFile' (Root cause: com.kms.katalon.core.exception.StepFailedException: Unable to upload file 'C:\Users\Khairul Pandunata\Desktop\Aigen_Logo.jpeg' to object 'Object Repository/Pengaturan Sistem/Admin Sekolah/Page_Upload/Input_UnggahFile'
	at com.kms.katalon.core.webui.keyword.internal.WebUIKeywordMain.stepFailed(WebUIKeywordMain.groovy:117)
	at com.kms.katalon.core.webui.keyword.internal.WebUIKeywordMain.runKeyword(WebUIKeywordMain.groovy:43)
	at com.kms.katalon.core.webui.keyword.builtin.UploadFileKeyword.uploadFile(UploadFileKeyword.groovy:87)
	at com.kms.katalon.core.webui.keyword.builtin.UploadFileKeyword.execute(UploadFileKeyword.groovy:68)
	at com.kms.katalon.core.keyword.internal.KeywordExecutor.executeKeywordForPlatform(KeywordExecutor.groovy:74)
	at com.kms.katalon.core.webui.keyword.WebUiBuiltInKeywords.uploadFile(WebUiBuiltInKeywords.groovy:4140)
	at Edit Informasi Sekolah.run(Edit Informasi Sekolah:108)
	at com.kms.katalon.core.main.ScriptEngine.run(ScriptEngine.java:194)
	at com.kms.katalon.core.main.ScriptEngine.runScriptAsRawText(ScriptEngine.java:119)
	at com.kms.katalon.core.main.TestCaseExecutor.runScript(TestCaseExecutor.java:448)
	at com.kms.katalon.core.main.TestCaseExecutor.doExecute(TestCaseExecutor.java:439)
	at com.kms.katalon.core.main.TestCaseExecutor.processExecutionPhase(TestCaseExecutor.java:418)
	at com.kms.katalon.core.main.TestCaseExecutor.accessMainPhase(TestCaseExecutor.java:410)
	at com.kms.katalon.core.main.TestCaseExecutor.execute(TestCaseExecutor.java:285)
	at com.kms.katalon.core.main.TestCaseMain.runTestCase(TestCaseMain.java:133)
	at com.kms.katalon.core.keyword.builtin.CallTestCaseKeyword$_callTestCase_closure1.doCall(CallTestCaseKeyword.groovy:59)
	at com.kms.katalon.core.keyword.builtin.CallTestCaseKeyword$_callTestCase_closure1.call(CallTestCaseKeyword.groovy)
	at com.kms.katalon.core.keyword.internal.KeywordMain.runKeyword(KeywordMain.groovy:75)
	at com.kms.katalon.core.keyword.builtin.CallTestCaseKeyword.callTestCase(CallTestCaseKeyword.groovy:81)
	at com.kms.katalon.core.keyword.builtin.CallTestCaseKeyword.execute(CallTestCaseKeyword.groovy:44)
	at com.kms.katalon.core.keyword.internal.KeywordExecutor.executeKeywordForPlatform(KeywordExecutor.groovy:74)
	at com.kms.katalon.core.keyword.BuiltinKeywords.callTestCase(BuiltinKeywords.groovy:310)
	at jdk.internal.reflect.GeneratedMethodAccessor47.invoke(Unknown Source)
	at java.base/jdk.internal.reflect.DelegatingMethodAccessorImpl.invoke(DelegatingMethodAccessorImpl.java:43)
	at Regresi Informasi Sekolah.run(Regresi Informasi Sekolah:22)
	at com.kms.katalon.core.main.ScriptEngine.run(ScriptEngine.java:194)
	at com.kms.katalon.core.main.ScriptEngine.runScriptAsRawText(ScriptEngine.java:119)
	at com.kms.katalon.core.main.TestCaseExecutor.runScript(TestCaseExecutor.java:448)
	at com.kms.katalon.core.main.TestCaseExecutor.doExecute(TestCaseExecutor.java:439)
	at com.kms.katalon.core.main.TestCaseExecutor.processExecutionPhase(TestCaseExecutor.java:418)
	at com.kms.katalon.core.main.TestCaseExecutor.accessMainPhase(TestCaseExecutor.java:410)
	at com.kms.katalon.core.main.TestCaseExecutor.execute(TestCaseExecutor.java:285)
	at com.kms.katalon.core.common.CommonExecutor.accessTestCaseMainPhase(CommonExecutor.java:65)
	at com.kms.katalon.core.main.TestSuiteExecutor.accessTestSuiteMainPhase(TestSuiteExecutor.java:161)
	at com.kms.katalon.core.main.TestSuiteExecutor.execute(TestSuiteExecutor.java:107)
	at com.kms.katalon.core.main.TestCaseMain.startTestSuite(TestCaseMain.java:176)
	at TempTestSuite1736130766400.run(TempTestSuite1736130766400.groovy:35)
	at java.base/jdk.internal.reflect.NativeMethodAccessorImpl.invoke0(Native Method)
	at java.base/jdk.internal.reflect.NativeMethodAccessorImpl.invoke(NativeMethodAccessorImpl.java:77)
	at java.base/jdk.internal.reflect.DelegatingMethodAccessorImpl.invoke(DelegatingMethodAccessorImpl.java:43)
Caused by: org.openqa.selenium.InvalidArgumentException: invalid argument: File not found : C:\Users\Khairul Pandunata\Desktop\Aigen_Logo.jpeg
  (Session info: chrome=131.0.6778.205)
Build info: version: '4.22.0', revision: 'c5f3146703'
System info: os.name: 'Windows 11', os.arch: 'amd64', os.version: '10.0', java.version: '17.0.7'
Driver info: com.kms.katalon.selenium.driver.CChromeDriver
Command: [70b331f2906a41a1f03cbc9869bda475, sendKeysToElement {id=f.46B79432DBA77526AA4D39DA4A8783E7.d.57BDA13A43CD7ACEBC08FC6162785885.e.53, value=[Ljava.lang.CharSequence;@390e3e96}]
Capabilities {acceptInsecureCerts: false, browserName: chrome, browserVersion: 131.0.6778.205, chrome: {chromedriverVersion: 130.0.6723.58 (3a50e012e4c9..., userDataDir: C:\Users\henri\AppData\Loca...}, fedcm:accounts: true, goog:chromeOptions: {debuggerAddress: localhost:49892}, networkConnectionEnabled: false, pageLoadStrategy: normal, platformName: windows, proxy: Proxy(), se:cdp: ws://localhost:49892/devtoo..., se:cdpVersion: 131.0.6778.205, setWindowRect: true, strictFileInteractability: false, timeouts: {implicit: 0, pageLoad: 300000, script: 30000}, unhandledPromptBehavior: ignore, webSocketUrl: ws://localhost:43091/sessio..., webauthn:extension:credBlob: true, webauthn:extension:largeBlob: true, webauthn:extension:minPinLength: true, webauthn:extension:prf: true, webauthn:virtualAuthenticators: true}
Element: [[CChromeDriver: chrome on windows (70b331f2906a41a1f03cbc9869bda475)] -> xpath: //input[@type='file' and @id='upload-change-file-Logo Sekolah']]
Session ID: 70b331f2906a41a1f03cbc9869bda475
	at java.base/jdk.internal.reflect.NativeConstructorAccessorImpl.newInstance0(Native Method)
	at java.base/jdk.internal.reflect.NativeConstructorAccessorImpl.newInstance(NativeConstructorAccessorImpl.java:77)
	at java.base/jdk.internal.reflect.DelegatingConstructorAccessorImpl.newInstance(DelegatingConstructorAccessorImpl.java:45)
	at org.openqa.selenium.remote.ErrorCodec.decode(ErrorCodec.java:167)
	at org.openqa.selenium.remote.codec.w3c.W3CHttpResponseCodec.decode(W3CHttpResponseCodec.java:138)
	at org.openqa.selenium.remote.codec.w3c.W3CHttpResponseCodec.decode(W3CHttpResponseCodec.java:50)
	at org.openqa.selenium.remote.HttpCommandExecutor.execute(HttpCommandExecutor.java:190)
	at org.openqa.selenium.remote.service.DriverCommandExecutor.invokeExecute(DriverCommandExecutor.java:216)
	at org.openqa.selenium.remote.service.DriverCommandExecutor.execute(DriverCommandExecutor.java:174)
	at org.openqa.selenium.remote.RemoteWebDriver.execute(RemoteWebDriver.java:518)
	at org.openqa.selenium.remote.RemoteWebElement.execute(RemoteWebElement.java:223)
	at org.openqa.selenium.remote.RemoteWebElement.sendKeys(RemoteWebElement.java:110)
	at jdk.internal.reflect.GeneratedMethodAccessor27.invoke(Unknown Source)
	at java.base/jdk.internal.reflect.DelegatingMethodAccessorImpl.invoke(DelegatingMethodAccessorImpl.java:43)
	at org.openqa.selenium.support.decorators.WebDriverDecorator.call(WebDriverDecorator.java:249)
	at org.openqa.selenium.support.decorators.DefaultDecorated.call(DefaultDecorated.java:48)
	at org.openqa.selenium.support.decorators.WebDriverDecorator.lambda$createProxy$2(WebDriverDecorator.java:321)
	at net.bytebuddy.renamed.java.lang.Object$ByteBuddy$BS5rWZBc.sendKeys(Unknown Source)
	at com.kms.katalon.core.webui.keyword.builtin.UploadFileKeyword$_uploadFile_closure1.doCall(UploadFileKeyword.groovy:80)
	at com.kms.katalon.core.webui.keyword.builtin.UploadFileKeyword$_uploadFile_closure1.call(UploadFileKeyword.groovy)
	at com.kms.katalon.core.webui.keyword.internal.WebUIKeywordMain.runKeyword(WebUIKeywordMain.groovy:35)
	at com.kms.katalon.core.webui.keyword.builtin.UploadFileKeyword.uploadFile(UploadFileKeyword.groovy:87)
	at com.kms.katalon.core.webui.keyword.builtin.UploadFileKeyword.execute(UploadFileKeyword.groovy:68)
	at com.kms.katalon.core.keyword.internal.KeywordExecutor.executeKeywordForPlatform(KeywordExecutor.groovy:74)
	at com.kms.katalon.core.webui.keyword.WebUiBuiltInKeywords.uploadFile(WebUiBuiltInKeywords.groovy:4140)
	at Script1733734833613.run(Script1733734833613.groovy:108)
	at com.kms.katalon.core.main.ScriptEngine.run(ScriptEngine.java:194)
	at com.kms.katalon.core.main.ScriptEngine.runScriptAsRawText(ScriptEngine.java:119)
	at com.kms.katalon.core.main.TestCaseExecutor.runScript(TestCaseExecutor.java:448)
	at com.kms.katalon.core.main.TestCaseExecutor.doExecute(TestCaseExecutor.java:439)
	at com.kms.katalon.core.main.TestCaseExecutor.processExecutionPhase(TestCaseExecutor.java:418)
	at com.kms.katalon.core.main.TestCaseExecutor.accessMainPhase(TestCaseExecutor.java:410)
	at com.kms.katalon.core.main.TestCaseExecutor.execute(TestCaseExecutor.java:285)
	at com.kms.katalon.core.main.TestCaseMain.runTestCase(TestCaseMain.java:133)
	at com.kms.katalon.core.keyword.builtin.CallTestCaseKeyword$_callTestCase_closure1.doCall(CallTestCaseKeyword.groovy:59)
	at com.kms.katalon.core.keyword.builtin.CallTestCaseKeyword$_callTestCase_closure1.call(CallTestCaseKeyword.groovy)
	at com.kms.katalon.core.keyword.internal.KeywordMain.runKeyword(KeywordMain.groovy:75)
	at com.kms.katalon.core.keyword.builtin.CallTestCaseKeyword.callTestCase(CallTestCaseKeyword.groovy:81)
	at com.kms.katalon.core.keyword.builtin.CallTestCaseKeyword.execute(CallTestCaseKeyword.groovy:44)
	at com.kms.katalon.core.keyword.internal.KeywordExecutor.executeKeywordForPlatform(KeywordExecutor.groovy:74)
	at com.kms.katalon.core.keyword.BuiltinKeywords.callTestCase(BuiltinKeywords.groovy:310)
	at jdk.internal.reflect.GeneratedMethodAccessor47.invoke(Unknown Source)
	at java.base/jdk.internal.reflect.DelegatingMethodAccessorImpl.invoke(DelegatingMethodAccessorImpl.java:43)
	at Script1735747665131.run(Script1735747665131.groovy:22)
	... 15 more
)
[[ATTACHMENT|C:\\Users\\henri\\Videos\\school-payment-automation-testing\\Reports\\20250106_093246\\Regresi All Sprint\\20250106_093246\\1736131939574.png]]

06-01-2025T09:52:19 - [TEST_STEP][PASSED] - executeJavaScript("document.querySelector("input[type='file']").style.display = "block";", null, OPTIONAL): Execute JavaScript 'document.querySelector("input[type='file']").style.display = "block";' successfully

06-01-2025T09:52:19 - [MESSAGE][PASSED] - Execute JavaScript 'document.querySelector("input[type='file']").style.display = "block";' successfully

06-01-2025T09:52:19 - [TEST_STEP][PASSED] - delay(2, OPTIONAL): Delayed 2 second(s)

06-01-2025T09:52:21 - [MESSAGE][PASSED] - Delayed 2 second(s)

06-01-2025T09:52:21 - [TEST_STEP][PASSED] - filePathKop = "C:\Users\Khairul Pandunata\Desktop\Aigen_Kop.png": null

06-01-2025T09:52:21 - [TEST_STEP][PASSED] - uploadFile(findTestObject("Object Repository/Pengaturan Sistem/Admin Sekolah/Page_Upload_Kop/Input_UnggahFileKop"), filePathKop, OPTIONAL): Unable to upload file 'C:\Users\Khairul Pandunata\Desktop\Aigen_Kop.png' to object 'Object Repository/Pengaturan Sistem/Admin Sekolah/Page_Upload_Kop/Input_UnggahFileKop' (Root cause: com.kms.katalon.core.exception.StepFailedException: Unable to upload file 'C:\Users\Khairul Pandunata\Desktop\Aigen_Kop.png' to object 'Object Repository/Pengaturan Sistem/Admin Sekolah/Page_Upload_Kop/Input_UnggahFileKop'
	at com.kms.katalon.core.webui.keyword.internal.WebUIKeywordMain.stepFailed(WebUIKeywordMain.groovy:117)
	at com.kms.katalon.core.webui.keyword.internal.WebUIKeywordMain.runKeyword(WebUIKeywordMain.groovy:43)
	at com.kms.katalon.core.webui.keyword.builtin.UploadFileKeyword.uploadFile(UploadFileKeyword.groovy:87)
	at com.kms.katalon.core.webui.keyword.builtin.UploadFileKeyword.execute(UploadFileKeyword.groovy:68)
	at com.kms.katalon.core.keyword.internal.KeywordExecutor.executeKeywordForPlatform(KeywordExecutor.groovy:74)
	at com.kms.katalon.core.webui.keyword.WebUiBuiltInKeywords.uploadFile(WebUiBuiltInKeywords.groovy:4140)
	at Edit Informasi Sekolah.run(Edit Informasi Sekolah:121)
	at com.kms.katalon.core.main.ScriptEngine.run(ScriptEngine.java:194)
	at com.kms.katalon.core.main.ScriptEngine.runScriptAsRawText(ScriptEngine.java:119)
	at com.kms.katalon.core.main.TestCaseExecutor.runScript(TestCaseExecutor.java:448)
	at com.kms.katalon.core.main.TestCaseExecutor.doExecute(TestCaseExecutor.java:439)
	at com.kms.katalon.core.main.TestCaseExecutor.processExecutionPhase(TestCaseExecutor.java:418)
	at com.kms.katalon.core.main.TestCaseExecutor.accessMainPhase(TestCaseExecutor.java:410)
	at com.kms.katalon.core.main.TestCaseExecutor.execute(TestCaseExecutor.java:285)
	at com.kms.katalon.core.main.TestCaseMain.runTestCase(TestCaseMain.java:133)
	at com.kms.katalon.core.keyword.builtin.CallTestCaseKeyword$_callTestCase_closure1.doCall(CallTestCaseKeyword.groovy:59)
	at com.kms.katalon.core.keyword.builtin.CallTestCaseKeyword$_callTestCase_closure1.call(CallTestCaseKeyword.groovy)
	at com.kms.katalon.core.keyword.internal.KeywordMain.runKeyword(KeywordMain.groovy:75)
	at com.kms.katalon.core.keyword.builtin.CallTestCaseKeyword.callTestCase(CallTestCaseKeyword.groovy:81)
	at com.kms.katalon.core.keyword.builtin.CallTestCaseKeyword.execute(CallTestCaseKeyword.groovy:44)
	at com.kms.katalon.core.keyword.internal.KeywordExecutor.executeKeywordForPlatform(KeywordExecutor.groovy:74)
	at com.kms.katalon.core.keyword.BuiltinKeywords.callTestCase(BuiltinKeywords.groovy:310)
	at jdk.internal.reflect.GeneratedMethodAccessor47.invoke(Unknown Source)
	at java.base/jdk.internal.reflect.DelegatingMethodAccessorImpl.invoke(DelegatingMethodAccessorImpl.java:43)
	at Regresi Informasi Sekolah.run(Regresi Informasi Sekolah:22)
	at com.kms.katalon.core.main.ScriptEngine.run(ScriptEngine.java:194)
	at com.kms.katalon.core.main.ScriptEngine.runScriptAsRawText(ScriptEngine.java:119)
	at com.kms.katalon.core.main.TestCaseExecutor.runScript(TestCaseExecutor.java:448)
	at com.kms.katalon.core.main.TestCaseExecutor.doExecute(TestCaseExecutor.java:439)
	at com.kms.katalon.core.main.TestCaseExecutor.processExecutionPhase(TestCaseExecutor.java:418)
	at com.kms.katalon.core.main.TestCaseExecutor.accessMainPhase(TestCaseExecutor.java:410)
	at com.kms.katalon.core.main.TestCaseExecutor.execute(TestCaseExecutor.java:285)
	at com.kms.katalon.core.common.CommonExecutor.accessTestCaseMainPhase(CommonExecutor.java:65)
	at com.kms.katalon.core.main.TestSuiteExecutor.accessTestSuiteMainPhase(TestSuiteExecutor.java:161)
	at com.kms.katalon.core.main.TestSuiteExecutor.execute(TestSuiteExecutor.java:107)
	at com.kms.katalon.core.main.TestCaseMain.startTestSuite(TestCaseMain.java:176)
	at TempTestSuite1736130766400.run(TempTestSuite1736130766400.groovy:35)
	at java.base/jdk.internal.reflect.NativeMethodAccessorImpl.invoke0(Native Method)
	at java.base/jdk.internal.reflect.NativeMethodAccessorImpl.invoke(NativeMethodAccessorImpl.java:77)
	at java.base/jdk.internal.reflect.DelegatingMethodAccessorImpl.invoke(DelegatingMethodAccessorImpl.java:43)
Caused by: org.openqa.selenium.InvalidArgumentException: invalid argument: File not found : C:\Users\Khairul Pandunata\Desktop\Aigen_Kop.png
  (Session info: chrome=131.0.6778.205)
Build info: version: '4.22.0', revision: 'c5f3146703'
System info: os.name: 'Windows 11', os.arch: 'amd64', os.version: '10.0', java.version: '17.0.7'
Driver info: com.kms.katalon.selenium.driver.CChromeDriver
Command: [70b331f2906a41a1f03cbc9869bda475, sendKeysToElement {id=f.46B79432DBA77526AA4D39DA4A8783E7.d.57BDA13A43CD7ACEBC08FC6162785885.e.54, value=[Ljava.lang.CharSequence;@76481a8b}]
Capabilities {acceptInsecureCerts: false, browserName: chrome, browserVersion: 131.0.6778.205, chrome: {chromedriverVersion: 130.0.6723.58 (3a50e012e4c9..., userDataDir: C:\Users\henri\AppData\Loca...}, fedcm:accounts: true, goog:chromeOptions: {debuggerAddress: localhost:49892}, networkConnectionEnabled: false, pageLoadStrategy: normal, platformName: windows, proxy: Proxy(), se:cdp: ws://localhost:49892/devtoo..., se:cdpVersion: 131.0.6778.205, setWindowRect: true, strictFileInteractability: false, timeouts: {implicit: 0, pageLoad: 300000, script: 30000}, unhandledPromptBehavior: ignore, webSocketUrl: ws://localhost:43091/sessio..., webauthn:extension:credBlob: true, webauthn:extension:largeBlob: true, webauthn:extension:minPinLength: true, webauthn:extension:prf: true, webauthn:virtualAuthenticators: true}
Element: [[CChromeDriver: chrome on windows (70b331f2906a41a1f03cbc9869bda475)] -> xpath: //input[@type='file' and @id='upload-change-file-Kop Surat']]
Session ID: 70b331f2906a41a1f03cbc9869bda475
	at java.base/jdk.internal.reflect.NativeConstructorAccessorImpl.newInstance0(Native Method)
	at java.base/jdk.internal.reflect.NativeConstructorAccessorImpl.newInstance(NativeConstructorAccessorImpl.java:77)
	at java.base/jdk.internal.reflect.DelegatingConstructorAccessorImpl.newInstance(DelegatingConstructorAccessorImpl.java:45)
	at org.openqa.selenium.remote.ErrorCodec.decode(ErrorCodec.java:167)
	at org.openqa.selenium.remote.codec.w3c.W3CHttpResponseCodec.decode(W3CHttpResponseCodec.java:138)
	at org.openqa.selenium.remote.codec.w3c.W3CHttpResponseCodec.decode(W3CHttpResponseCodec.java:50)
	at org.openqa.selenium.remote.HttpCommandExecutor.execute(HttpCommandExecutor.java:190)
	at org.openqa.selenium.remote.service.DriverCommandExecutor.invokeExecute(DriverCommandExecutor.java:216)
	at org.openqa.selenium.remote.service.DriverCommandExecutor.execute(DriverCommandExecutor.java:174)
	at org.openqa.selenium.remote.RemoteWebDriver.execute(RemoteWebDriver.java:518)
	at org.openqa.selenium.remote.RemoteWebElement.execute(RemoteWebElement.java:223)
	at org.openqa.selenium.remote.RemoteWebElement.sendKeys(RemoteWebElement.java:110)
	at jdk.internal.reflect.GeneratedMethodAccessor27.invoke(Unknown Source)
	at java.base/jdk.internal.reflect.DelegatingMethodAccessorImpl.invoke(DelegatingMethodAccessorImpl.java:43)
	at org.openqa.selenium.support.decorators.WebDriverDecorator.call(WebDriverDecorator.java:249)
	at org.openqa.selenium.support.decorators.DefaultDecorated.call(DefaultDecorated.java:48)
	at org.openqa.selenium.support.decorators.WebDriverDecorator.lambda$createProxy$2(WebDriverDecorator.java:321)
	at net.bytebuddy.renamed.java.lang.Object$ByteBuddy$VLlGI3oR.sendKeys(Unknown Source)
	at com.kms.katalon.core.webui.keyword.builtin.UploadFileKeyword$_uploadFile_closure1.doCall(UploadFileKeyword.groovy:80)
	at com.kms.katalon.core.webui.keyword.builtin.UploadFileKeyword$_uploadFile_closure1.call(UploadFileKeyword.groovy)
	at com.kms.katalon.core.webui.keyword.internal.WebUIKeywordMain.runKeyword(WebUIKeywordMain.groovy:35)
	at com.kms.katalon.core.webui.keyword.builtin.UploadFileKeyword.uploadFile(UploadFileKeyword.groovy:87)
	at com.kms.katalon.core.webui.keyword.builtin.UploadFileKeyword.execute(UploadFileKeyword.groovy:68)
	at com.kms.katalon.core.keyword.internal.KeywordExecutor.executeKeywordForPlatform(KeywordExecutor.groovy:74)
	at com.kms.katalon.core.webui.keyword.WebUiBuiltInKeywords.uploadFile(WebUiBuiltInKeywords.groovy:4140)
	at Script1733734833613.run(Script1733734833613.groovy:121)
	at com.kms.katalon.core.main.ScriptEngine.run(ScriptEngine.java:194)
	at com.kms.katalon.core.main.ScriptEngine.runScriptAsRawText(ScriptEngine.java:119)
	at com.kms.katalon.core.main.TestCaseExecutor.runScript(TestCaseExecutor.java:448)
	at com.kms.katalon.core.main.TestCaseExecutor.doExecute(TestCaseExecutor.java:439)
	at com.kms.katalon.core.main.TestCaseExecutor.processExecutionPhase(TestCaseExecutor.java:418)
	at com.kms.katalon.core.main.TestCaseExecutor.accessMainPhase(TestCaseExecutor.java:410)
	at com.kms.katalon.core.main.TestCaseExecutor.execute(TestCaseExecutor.java:285)
	at com.kms.katalon.core.main.TestCaseMain.runTestCase(TestCaseMain.java:133)
	at com.kms.katalon.core.keyword.builtin.CallTestCaseKeyword$_callTestCase_closure1.doCall(CallTestCaseKeyword.groovy:59)
	at com.kms.katalon.core.keyword.builtin.CallTestCaseKeyword$_callTestCase_closure1.call(CallTestCaseKeyword.groovy)
	at com.kms.katalon.core.keyword.internal.KeywordMain.runKeyword(KeywordMain.groovy:75)
	at com.kms.katalon.core.keyword.builtin.CallTestCaseKeyword.callTestCase(CallTestCaseKeyword.groovy:81)
	at com.kms.katalon.core.keyword.builtin.CallTestCaseKeyword.execute(CallTestCaseKeyword.groovy:44)
	at com.kms.katalon.core.keyword.internal.KeywordExecutor.executeKeywordForPlatform(KeywordExecutor.groovy:74)
	at com.kms.katalon.core.keyword.BuiltinKeywords.callTestCase(BuiltinKeywords.groovy:310)
	at jdk.internal.reflect.GeneratedMethodAccessor47.invoke(Unknown Source)
	at java.base/jdk.internal.reflect.DelegatingMethodAccessorImpl.invoke(DelegatingMethodAccessorImpl.java:43)
	at Script1735747665131.run(Script1735747665131.groovy:22)
	... 15 more
)

06-01-2025T09:52:22 - [MESSAGE][WARNING] - Unable to upload file 'C:\Users\Khairul Pandunata\Desktop\Aigen_Kop.png' to object 'Object Repository/Pengaturan Sistem/Admin Sekolah/Page_Upload_Kop/Input_UnggahFileKop' (Root cause: com.kms.katalon.core.exception.StepFailedException: Unable to upload file 'C:\Users\Khairul Pandunata\Desktop\Aigen_Kop.png' to object 'Object Repository/Pengaturan Sistem/Admin Sekolah/Page_Upload_Kop/Input_UnggahFileKop'
	at com.kms.katalon.core.webui.keyword.internal.WebUIKeywordMain.stepFailed(WebUIKeywordMain.groovy:117)
	at com.kms.katalon.core.webui.keyword.internal.WebUIKeywordMain.runKeyword(WebUIKeywordMain.groovy:43)
	at com.kms.katalon.core.webui.keyword.builtin.UploadFileKeyword.uploadFile(UploadFileKeyword.groovy:87)
	at com.kms.katalon.core.webui.keyword.builtin.UploadFileKeyword.execute(UploadFileKeyword.groovy:68)
	at com.kms.katalon.core.keyword.internal.KeywordExecutor.executeKeywordForPlatform(KeywordExecutor.groovy:74)
	at com.kms.katalon.core.webui.keyword.WebUiBuiltInKeywords.uploadFile(WebUiBuiltInKeywords.groovy:4140)
	at Edit Informasi Sekolah.run(Edit Informasi Sekolah:121)
	at com.kms.katalon.core.main.ScriptEngine.run(ScriptEngine.java:194)
	at com.kms.katalon.core.main.ScriptEngine.runScriptAsRawText(ScriptEngine.java:119)
	at com.kms.katalon.core.main.TestCaseExecutor.runScript(TestCaseExecutor.java:448)
	at com.kms.katalon.core.main.TestCaseExecutor.doExecute(TestCaseExecutor.java:439)
	at com.kms.katalon.core.main.TestCaseExecutor.processExecutionPhase(TestCaseExecutor.java:418)
	at com.kms.katalon.core.main.TestCaseExecutor.accessMainPhase(TestCaseExecutor.java:410)
	at com.kms.katalon.core.main.TestCaseExecutor.execute(TestCaseExecutor.java:285)
	at com.kms.katalon.core.main.TestCaseMain.runTestCase(TestCaseMain.java:133)
	at com.kms.katalon.core.keyword.builtin.CallTestCaseKeyword$_callTestCase_closure1.doCall(CallTestCaseKeyword.groovy:59)
	at com.kms.katalon.core.keyword.builtin.CallTestCaseKeyword$_callTestCase_closure1.call(CallTestCaseKeyword.groovy)
	at com.kms.katalon.core.keyword.internal.KeywordMain.runKeyword(KeywordMain.groovy:75)
	at com.kms.katalon.core.keyword.builtin.CallTestCaseKeyword.callTestCase(CallTestCaseKeyword.groovy:81)
	at com.kms.katalon.core.keyword.builtin.CallTestCaseKeyword.execute(CallTestCaseKeyword.groovy:44)
	at com.kms.katalon.core.keyword.internal.KeywordExecutor.executeKeywordForPlatform(KeywordExecutor.groovy:74)
	at com.kms.katalon.core.keyword.BuiltinKeywords.callTestCase(BuiltinKeywords.groovy:310)
	at jdk.internal.reflect.GeneratedMethodAccessor47.invoke(Unknown Source)
	at java.base/jdk.internal.reflect.DelegatingMethodAccessorImpl.invoke(DelegatingMethodAccessorImpl.java:43)
	at Regresi Informasi Sekolah.run(Regresi Informasi Sekolah:22)
	at com.kms.katalon.core.main.ScriptEngine.run(ScriptEngine.java:194)
	at com.kms.katalon.core.main.ScriptEngine.runScriptAsRawText(ScriptEngine.java:119)
	at com.kms.katalon.core.main.TestCaseExecutor.runScript(TestCaseExecutor.java:448)
	at com.kms.katalon.core.main.TestCaseExecutor.doExecute(TestCaseExecutor.java:439)
	at com.kms.katalon.core.main.TestCaseExecutor.processExecutionPhase(TestCaseExecutor.java:418)
	at com.kms.katalon.core.main.TestCaseExecutor.accessMainPhase(TestCaseExecutor.java:410)
	at com.kms.katalon.core.main.TestCaseExecutor.execute(TestCaseExecutor.java:285)
	at com.kms.katalon.core.common.CommonExecutor.accessTestCaseMainPhase(CommonExecutor.java:65)
	at com.kms.katalon.core.main.TestSuiteExecutor.accessTestSuiteMainPhase(TestSuiteExecutor.java:161)
	at com.kms.katalon.core.main.TestSuiteExecutor.execute(TestSuiteExecutor.java:107)
	at com.kms.katalon.core.main.TestCaseMain.startTestSuite(TestCaseMain.java:176)
	at TempTestSuite1736130766400.run(TempTestSuite1736130766400.groovy:35)
	at java.base/jdk.internal.reflect.NativeMethodAccessorImpl.invoke0(Native Method)
	at java.base/jdk.internal.reflect.NativeMethodAccessorImpl.invoke(NativeMethodAccessorImpl.java:77)
	at java.base/jdk.internal.reflect.DelegatingMethodAccessorImpl.invoke(DelegatingMethodAccessorImpl.java:43)
Caused by: org.openqa.selenium.InvalidArgumentException: invalid argument: File not found : C:\Users\Khairul Pandunata\Desktop\Aigen_Kop.png
  (Session info: chrome=131.0.6778.205)
Build info: version: '4.22.0', revision: 'c5f3146703'
System info: os.name: 'Windows 11', os.arch: 'amd64', os.version: '10.0', java.version: '17.0.7'
Driver info: com.kms.katalon.selenium.driver.CChromeDriver
Command: [70b331f2906a41a1f03cbc9869bda475, sendKeysToElement {id=f.46B79432DBA77526AA4D39DA4A8783E7.d.57BDA13A43CD7ACEBC08FC6162785885.e.54, value=[Ljava.lang.CharSequence;@76481a8b}]
Capabilities {acceptInsecureCerts: false, browserName: chrome, browserVersion: 131.0.6778.205, chrome: {chromedriverVersion: 130.0.6723.58 (3a50e012e4c9..., userDataDir: C:\Users\henri\AppData\Loca...}, fedcm:accounts: true, goog:chromeOptions: {debuggerAddress: localhost:49892}, networkConnectionEnabled: false, pageLoadStrategy: normal, platformName: windows, proxy: Proxy(), se:cdp: ws://localhost:49892/devtoo..., se:cdpVersion: 131.0.6778.205, setWindowRect: true, strictFileInteractability: false, timeouts: {implicit: 0, pageLoad: 300000, script: 30000}, unhandledPromptBehavior: ignore, webSocketUrl: ws://localhost:43091/sessio..., webauthn:extension:credBlob: true, webauthn:extension:largeBlob: true, webauthn:extension:minPinLength: true, webauthn:extension:prf: true, webauthn:virtualAuthenticators: true}
Element: [[CChromeDriver: chrome on windows (70b331f2906a41a1f03cbc9869bda475)] -> xpath: //input[@type='file' and @id='upload-change-file-Kop Surat']]
Session ID: 70b331f2906a41a1f03cbc9869bda475
	at java.base/jdk.internal.reflect.NativeConstructorAccessorImpl.newInstance0(Native Method)
	at java.base/jdk.internal.reflect.NativeConstructorAccessorImpl.newInstance(NativeConstructorAccessorImpl.java:77)
	at java.base/jdk.internal.reflect.DelegatingConstructorAccessorImpl.newInstance(DelegatingConstructorAccessorImpl.java:45)
	at org.openqa.selenium.remote.ErrorCodec.decode(ErrorCodec.java:167)
	at org.openqa.selenium.remote.codec.w3c.W3CHttpResponseCodec.decode(W3CHttpResponseCodec.java:138)
	at org.openqa.selenium.remote.codec.w3c.W3CHttpResponseCodec.decode(W3CHttpResponseCodec.java:50)
	at org.openqa.selenium.remote.HttpCommandExecutor.execute(HttpCommandExecutor.java:190)
	at org.openqa.selenium.remote.service.DriverCommandExecutor.invokeExecute(DriverCommandExecutor.java:216)
	at org.openqa.selenium.remote.service.DriverCommandExecutor.execute(DriverCommandExecutor.java:174)
	at org.openqa.selenium.remote.RemoteWebDriver.execute(RemoteWebDriver.java:518)
	at org.openqa.selenium.remote.RemoteWebElement.execute(RemoteWebElement.java:223)
	at org.openqa.selenium.remote.RemoteWebElement.sendKeys(RemoteWebElement.java:110)
	at jdk.internal.reflect.GeneratedMethodAccessor27.invoke(Unknown Source)
	at java.base/jdk.internal.reflect.DelegatingMethodAccessorImpl.invoke(DelegatingMethodAccessorImpl.java:43)
	at org.openqa.selenium.support.decorators.WebDriverDecorator.call(WebDriverDecorator.java:249)
	at org.openqa.selenium.support.decorators.DefaultDecorated.call(DefaultDecorated.java:48)
	at org.openqa.selenium.support.decorators.WebDriverDecorator.lambda$createProxy$2(WebDriverDecorator.java:321)
	at net.bytebuddy.renamed.java.lang.Object$ByteBuddy$VLlGI3oR.sendKeys(Unknown Source)
	at com.kms.katalon.core.webui.keyword.builtin.UploadFileKeyword$_uploadFile_closure1.doCall(UploadFileKeyword.groovy:80)
	at com.kms.katalon.core.webui.keyword.builtin.UploadFileKeyword$_uploadFile_closure1.call(UploadFileKeyword.groovy)
	at com.kms.katalon.core.webui.keyword.internal.WebUIKeywordMain.runKeyword(WebUIKeywordMain.groovy:35)
	at com.kms.katalon.core.webui.keyword.builtin.UploadFileKeyword.uploadFile(UploadFileKeyword.groovy:87)
	at com.kms.katalon.core.webui.keyword.builtin.UploadFileKeyword.execute(UploadFileKeyword.groovy:68)
	at com.kms.katalon.core.keyword.internal.KeywordExecutor.executeKeywordForPlatform(KeywordExecutor.groovy:74)
	at com.kms.katalon.core.webui.keyword.WebUiBuiltInKeywords.uploadFile(WebUiBuiltInKeywords.groovy:4140)
	at Script1733734833613.run(Script1733734833613.groovy:121)
	at com.kms.katalon.core.main.ScriptEngine.run(ScriptEngine.java:194)
	at com.kms.katalon.core.main.ScriptEngine.runScriptAsRawText(ScriptEngine.java:119)
	at com.kms.katalon.core.main.TestCaseExecutor.runScript(TestCaseExecutor.java:448)
	at com.kms.katalon.core.main.TestCaseExecutor.doExecute(TestCaseExecutor.java:439)
	at com.kms.katalon.core.main.TestCaseExecutor.processExecutionPhase(TestCaseExecutor.java:418)
	at com.kms.katalon.core.main.TestCaseExecutor.accessMainPhase(TestCaseExecutor.java:410)
	at com.kms.katalon.core.main.TestCaseExecutor.execute(TestCaseExecutor.java:285)
	at com.kms.katalon.core.main.TestCaseMain.runTestCase(TestCaseMain.java:133)
	at com.kms.katalon.core.keyword.builtin.CallTestCaseKeyword$_callTestCase_closure1.doCall(CallTestCaseKeyword.groovy:59)
	at com.kms.katalon.core.keyword.builtin.CallTestCaseKeyword$_callTestCase_closure1.call(CallTestCaseKeyword.groovy)
	at com.kms.katalon.core.keyword.internal.KeywordMain.runKeyword(KeywordMain.groovy:75)
	at com.kms.katalon.core.keyword.builtin.CallTestCaseKeyword.callTestCase(CallTestCaseKeyword.groovy:81)
	at com.kms.katalon.core.keyword.builtin.CallTestCaseKeyword.execute(CallTestCaseKeyword.groovy:44)
	at com.kms.katalon.core.keyword.internal.KeywordExecutor.executeKeywordForPlatform(KeywordExecutor.groovy:74)
	at com.kms.katalon.core.keyword.BuiltinKeywords.callTestCase(BuiltinKeywords.groovy:310)
	at jdk.internal.reflect.GeneratedMethodAccessor47.invoke(Unknown Source)
	at java.base/jdk.internal.reflect.DelegatingMethodAccessorImpl.invoke(DelegatingMethodAccessorImpl.java:43)
	at Script1735747665131.run(Script1735747665131.groovy:22)
	... 15 more
)
[[ATTACHMENT|C:\\Users\\henri\\Videos\\school-payment-automation-testing\\Reports\\20250106_093246\\Regresi All Sprint\\20250106_093246\\1736131941977.png]]

06-01-2025T09:52:22 - [TEST_STEP][PASSED] - delay(2, OPTIONAL): Delayed 2 second(s)

06-01-2025T09:52:24 - [MESSAGE][PASSED] - Delayed 2 second(s)

06-01-2025T09:52:24 - [TEST_STEP][PASSED] - click(findTestObject("Pengaturan Sistem/Admin Sekolah/button_simpan/button_Simpan"), OPTIONAL): Object: 'Object Repository/Pengaturan Sistem/Admin Sekolah/button_simpan/button_Simpan' is clicked on

06-01-2025T09:52:24 - [MESSAGE][PASSED] - Object: 'Object Repository/Pengaturan Sistem/Admin Sekolah/button_simpan/button_Simpan' is clicked on

06-01-2025T09:52:24 - [TEST_STEP][PASSED] - delay(2, OPTIONAL): Delayed 2 second(s)

06-01-2025T09:52:26 - [MESSAGE][PASSED] - Delayed 2 second(s)

06-01-2025T09:52:26 - [TEST_STEP][PASSED] - click(findTestObject("Pengaturan Sistem/Admin Sekolah/Button_konfirm/div_Ya"), OPTIONAL): Object: 'Object Repository/Pengaturan Sistem/Admin Sekolah/Button_konfirm/div_Ya' is clicked on

06-01-2025T09:52:26 - [MESSAGE][PASSED] - Object: 'Object Repository/Pengaturan Sistem/Admin Sekolah/Button_konfirm/div_Ya' is clicked on

06-01-2025T09:52:26 - [TEST_STEP][PASSED] - delay(2, OPTIONAL): Delayed 2 second(s)

06-01-2025T09:52:28 - [MESSAGE][PASSED] - Delayed 2 second(s)

06-01-2025T09:52:28 - [TEST_STEP][PASSED] - closeBrowser(OPTIONAL): Browser is closed

06-01-2025T09:52:28 - [MESSAGE][PASSED] - Browser is closed

06-01-2025T09:52:28 - [MESSAGE][INFO] - 

06-01-2025T09:52:28 - [MESSAGE][INFO] - ===================== Self-healing Report ====================

06-01-2025T09:52:28 - [MESSAGE][INFO] - One of the failed test object locators has been recovered by Self-healing. Please refer to the Self-healing Insights tab for more details.

06-01-2025T09:52:28 - [MESSAGE][INFO] - To learn more about Self-healing, please read https://docs.katalon.com/katalon-studio/docs/self-healing.html

06-01-2025T09:52:28 - [MESSAGE][INFO] - ==============================================================

06-01-2025T09:52:28 - [MESSAGE][PASSED] - Call Test Case 'Test Cases/Pengaturan Sistem/Admin Sekolah/Master Informasi Sekolah/Edit Informasi Sekolah' successfully

06-01-2025T09:52:28 - [TEST_STEP][PASSED] - println("============================= Loop Again ==============================="): null

06-01-2025T09:52:28 - [TEST_STEP][PASSED] - callTestCase(findTestCase("Test Cases/Pengaturan Sistem/Admin Sekolah/Master Informasi Sekolah/Edit Informasi Sekolah"), [:], CONTINUE_ON_FAILURE): Call Test Case 'Test Cases/Pengaturan Sistem/Admin Sekolah/Master Informasi Sekolah/Edit Informasi Sekolah' successfully

06-01-2025T09:52:28 - [TEST_CASE][PASSED] - Test Cases/Pengaturan Sistem/Admin Sekolah/Master Informasi Sekolah/Edit Informasi Sekolah: Test Cases/Pengaturan Sistem/Admin Sekolah/Master Informasi Sekolah/Edit Informasi Sekolah

06-01-2025T09:52:28 - [TEST_STEP][PASSED] - openBrowser("", OPTIONAL): Browser is opened with url: ''

06-01-2025T09:52:28 - [MESSAGE][INFO] - Starting 'Chrome' driver

06-01-2025T09:52:28 - [MESSAGE][INFO] - Action delay is set to 0 milliseconds

06-01-2025T09:52:29 - [MESSAGE][PASSED] - Browser is opened with url: ''

06-01-2025T09:52:29 - [TEST_STEP][PASSED] - maximizeWindow(OPTIONAL): Current window maximized

06-01-2025T09:52:29 - [MESSAGE][PASSED] - Current window maximized

06-01-2025T09:52:29 - [TEST_STEP][PASSED] - navigateToUrl("https://sit.siprusedu.com/login", OPTIONAL): Navigate to 'https://sit.siprusedu.com/login' successfully

06-01-2025T09:52:30 - [MESSAGE][PASSED] - Navigate to 'https://sit.siprusedu.com/login' successfully

06-01-2025T09:52:30 - [TEST_STEP][PASSED] - setText(findTestObject("Object Repository/Master Data/Admin Sekolah/Login/Field Email"), "admin.gudangsolusi@digiform.co.id", OPTIONAL): Text 'admin.gudangsolusi@digiform.co.id' is set on object 'Object Repository/Master Data/Admin Sekolah/Login/Field Email'

06-01-2025T09:52:32 - [MESSAGE][PASSED] - Text 'admin.gudangsolusi@digiform.co.id' is set on object 'Object Repository/Master Data/Admin Sekolah/Login/Field Email'

06-01-2025T09:52:32 - [TEST_STEP][PASSED] - setText(findTestObject("Object Repository/Master Data/Admin Sekolah/Login/Input Password"), "Test1234", OPTIONAL): Text 'Test1234' is set on object 'Object Repository/Master Data/Admin Sekolah/Login/Input Password'

06-01-2025T09:52:33 - [MESSAGE][PASSED] - Text 'Test1234' is set on object 'Object Repository/Master Data/Admin Sekolah/Login/Input Password'

06-01-2025T09:52:33 - [TEST_STEP][PASSED] - click(findTestObject("Object Repository/Master Data/Admin Sekolah/Login/Button Submit"), OPTIONAL): Object: 'Object Repository/Master Data/Admin Sekolah/Login/Button Submit' is clicked on

06-01-2025T09:52:33 - [MESSAGE][PASSED] - Object: 'Object Repository/Master Data/Admin Sekolah/Login/Button Submit' is clicked on

06-01-2025T09:52:33 - [TEST_STEP][PASSED] - delay(1, OPTIONAL): Delayed 1 second(s)

06-01-2025T09:52:34 - [MESSAGE][PASSED] - Delayed 1 second(s)

06-01-2025T09:52:34 - [TEST_STEP][PASSED] - click(findTestObject("Object Repository/Pengaturan Sistem/Admin Sekolah/Page_Beranda/Menu Pengaturan sistem"), OPTIONAL): Object: 'Object Repository/Pengaturan Sistem/Admin Sekolah/Page_Beranda/Menu Pengaturan sistem' is clicked on

06-01-2025T09:52:34 - [MESSAGE][PASSED] - Object: 'Object Repository/Pengaturan Sistem/Admin Sekolah/Page_Beranda/Menu Pengaturan sistem' is clicked on

06-01-2025T09:52:34 - [TEST_STEP][PASSED] - click(findTestObject("Object Repository/Pengaturan Sistem/Admin Sekolah/Page_Pengaturan Sistem - Pengaturan Sistem/Menu Informasi Sekolah"), OPTIONAL): Object: 'Object Repository/Pengaturan Sistem/Admin Sekolah/Page_Pengaturan Sistem - Pengaturan Sistem/Menu Informasi Sekolah' is clicked on

06-01-2025T09:52:35 - [MESSAGE][PASSED] - Object: 'Object Repository/Pengaturan Sistem/Admin Sekolah/Page_Pengaturan Sistem - Pengaturan Sistem/Menu Informasi Sekolah' is clicked on

06-01-2025T09:52:35 - [TEST_STEP][PASSED] - click(findTestObject("Object Repository/Pengaturan Sistem/Admin Sekolah/NPSN (Nomor Pokok Sekolah Nasional)/input_Edit Sekolah_npsn"), OPTIONAL): Object: 'Object Repository/Pengaturan Sistem/Admin Sekolah/NPSN (Nomor Pokok Sekolah Nasional)/input_Edit Sekolah_npsn' is clicked on

06-01-2025T09:52:36 - [MESSAGE][PASSED] - Object: 'Object Repository/Pengaturan Sistem/Admin Sekolah/NPSN (Nomor Pokok Sekolah Nasional)/input_Edit Sekolah_npsn' is clicked on

06-01-2025T09:52:36 - [TEST_STEP][PASSED] - executeJavaScript("document.querySelector('input[name="npsn"]').value=''", null, OPTIONAL): Execute JavaScript 'document.querySelector('input[name="npsn"]').value=''' successfully

06-01-2025T09:52:36 - [MESSAGE][PASSED] - Execute JavaScript 'document.querySelector('input[name="npsn"]').value=''' successfully

06-01-2025T09:52:36 - [TEST_STEP][PASSED] - delay(1, OPTIONAL): Delayed 1 second(s)

06-01-2025T09:52:37 - [MESSAGE][PASSED] - Delayed 1 second(s)

06-01-2025T09:52:37 - [TEST_STEP][PASSED] - setText(findTestObject("Object Repository/Pengaturan Sistem/Admin Sekolah/NPSN (Nomor Pokok Sekolah Nasional)/input_Edit Sekolah_npsn"), "20025002", OPTIONAL): Text '20025002' is set on object 'Object Repository/Pengaturan Sistem/Admin Sekolah/NPSN (Nomor Pokok Sekolah Nasional)/input_Edit Sekolah_npsn'

06-01-2025T09:52:38 - [MESSAGE][PASSED] - Text '20025002' is set on object 'Object Repository/Pengaturan Sistem/Admin Sekolah/NPSN (Nomor Pokok Sekolah Nasional)/input_Edit Sekolah_npsn'

06-01-2025T09:52:38 - [TEST_STEP][PASSED] - click(findTestObject("Object Repository/Pengaturan Sistem/Admin Sekolah/Nama Sekolah/input_Edit Sekolah_schoolName"), OPTIONAL): Object: 'Object Repository/Pengaturan Sistem/Admin Sekolah/Nama Sekolah/input_Edit Sekolah_schoolName' is clicked on

06-01-2025T09:52:38 - [MESSAGE][PASSED] - Object: 'Object Repository/Pengaturan Sistem/Admin Sekolah/Nama Sekolah/input_Edit Sekolah_schoolName' is clicked on

06-01-2025T09:52:38 - [TEST_STEP][PASSED] - executeJavaScript("document.querySelector('input[name="schoolName"]').value=''", null, OPTIONAL): Execute JavaScript 'document.querySelector('input[name="schoolName"]').value=''' successfully

06-01-2025T09:52:38 - [MESSAGE][PASSED] - Execute JavaScript 'document.querySelector('input[name="schoolName"]').value=''' successfully

06-01-2025T09:52:38 - [TEST_STEP][PASSED] - setText(findTestObject("Pengaturan Sistem/Admin Sekolah/Nama Sekolah/input_Edit Sekolah_schoolName"), "PT Aigen Global Teknologi", OPTIONAL): Text 'PT Aigen Global Teknologi' is set on object 'Object Repository/Pengaturan Sistem/Admin Sekolah/Nama Sekolah/input_Edit Sekolah_schoolName'

06-01-2025T09:52:38 - [MESSAGE][PASSED] - Text 'PT Aigen Global Teknologi' is set on object 'Object Repository/Pengaturan Sistem/Admin Sekolah/Nama Sekolah/input_Edit Sekolah_schoolName'

06-01-2025T09:52:38 - [TEST_STEP][PASSED] - click(findTestObject("Pengaturan Sistem/Admin Sekolah/Dropdown_Provinsi/dropdown_provinsi"), OPTIONAL): Object: 'Object Repository/Pengaturan Sistem/Admin Sekolah/Dropdown_Provinsi/dropdown_provinsi' is clicked on

06-01-2025T09:52:39 - [MESSAGE][PASSED] - Object: 'Object Repository/Pengaturan Sistem/Admin Sekolah/Dropdown_Provinsi/dropdown_provinsi' is clicked on

06-01-2025T09:52:39 - [TEST_STEP][PASSED] - click(findTestObject("Pengaturan Sistem/Admin Sekolah/Isi_Provinsi/p_BANTEN"), OPTIONAL): Object: 'Object Repository/Pengaturan Sistem/Admin Sekolah/Isi_Provinsi/p_BANTEN' is clicked on

06-01-2025T09:53:10 - [MESSAGE][INFO] - Unable to find the element located by 'By.xpath: (.//*[normalize-space(text()) and normalize-space(.)='Simpan'])[1]/following::p[18]'. Please recheck the objects properties to make sure the desired element is located. 

06-01-2025T09:53:10 - [MESSAGE][WARNING] - [SELF-HEALING] Failed to find element with id 'Object Repository/Pengaturan Sistem/Admin Sekolah/Isi_Provinsi/p_BANTEN'. Try using Self-healing.

06-01-2025T09:53:10 - [MESSAGE][WARNING] - [SELF-HEALING] The current locator of test object 'Object Repository/Pengaturan Sistem/Admin Sekolah/Isi_Provinsi/p_BANTEN' was broken. Propose an alternative one: '//*/text()[normalize-space(.)='BANTEN']/parent::*'.

06-01-2025T09:53:10 - [MESSAGE][PASSED] - Object: 'Object Repository/Pengaturan Sistem/Admin Sekolah/Isi_Provinsi/p_BANTEN' is clicked on

06-01-2025T09:53:10 - [TEST_STEP][PASSED] - click(findTestObject("Pengaturan Sistem/Admin Sekolah/Dropdown_Kota/dropdown_kota"), OPTIONAL): Object: 'Object Repository/Pengaturan Sistem/Admin Sekolah/Dropdown_Kota/dropdown_kota' is clicked on

06-01-2025T09:53:11 - [MESSAGE][PASSED] - Object: 'Object Repository/Pengaturan Sistem/Admin Sekolah/Dropdown_Kota/dropdown_kota' is clicked on

06-01-2025T09:53:11 - [TEST_STEP][PASSED] - click(findTestObject("Pengaturan Sistem/Admin Sekolah/Isi_Kota/p_KOTA TANGERANG SELATAN"), OPTIONAL): Object: 'Object Repository/Pengaturan Sistem/Admin Sekolah/Isi_Kota/p_KOTA TANGERANG SELATAN' is clicked on

06-01-2025T09:53:42 - [MESSAGE][INFO] - Unable to find the element located by 'By.xpath: (.//*[normalize-space(text()) and normalize-space(.)='Simpan'])[1]/following::p[10]'. Please recheck the objects properties to make sure the desired element is located. 

06-01-2025T09:53:42 - [MESSAGE][WARNING] - [SELF-HEALING] Failed to find element with id 'Object Repository/Pengaturan Sistem/Admin Sekolah/Isi_Kota/p_KOTA TANGERANG SELATAN'. Try using Self-healing.

06-01-2025T09:53:42 - [MESSAGE][WARNING] - [SELF-HEALING] The current locator of test object 'Object Repository/Pengaturan Sistem/Admin Sekolah/Isi_Kota/p_KOTA TANGERANG SELATAN' was broken. Propose an alternative one: '//*/text()[normalize-space(.)='KOTA TANGERANG SELATAN']/parent::*'.

06-01-2025T09:53:42 - [MESSAGE][PASSED] - Object: 'Object Repository/Pengaturan Sistem/Admin Sekolah/Isi_Kota/p_KOTA TANGERANG SELATAN' is clicked on

06-01-2025T09:53:42 - [TEST_STEP][PASSED] - click(findTestObject("Object Repository/Pengaturan Sistem/Admin Sekolah/Alamat Sekolah/TextArea Alamat sekolah"), OPTIONAL): Object: 'Object Repository/Pengaturan Sistem/Admin Sekolah/Alamat Sekolah/TextArea Alamat sekolah' is clicked on

06-01-2025T09:53:42 - [MESSAGE][PASSED] - Object: 'Object Repository/Pengaturan Sistem/Admin Sekolah/Alamat Sekolah/TextArea Alamat sekolah' is clicked on

06-01-2025T09:53:42 - [TEST_STEP][PASSED] - executeJavaScript("document.querySelector('textarea[name="schoolAddress"]').value=''", null, OPTIONAL): Execute JavaScript 'document.querySelector('textarea[name="schoolAddress"]').value=''' successfully

06-01-2025T09:53:42 - [MESSAGE][PASSED] - Execute JavaScript 'document.querySelector('textarea[name="schoolAddress"]').value=''' successfully

06-01-2025T09:53:42 - [TEST_STEP][PASSED] - setText(findTestObject("Object Repository/Pengaturan Sistem/Admin Sekolah/Alamat Sekolah/TextArea Alamat sekolah"), "Jl. Raya Rawa Buntu No 18D", OPTIONAL): Text 'Jl. Raya Rawa Buntu No 18D' is set on object 'Object Repository/Pengaturan Sistem/Admin Sekolah/Alamat Sekolah/TextArea Alamat sekolah'

06-01-2025T09:53:43 - [MESSAGE][PASSED] - Text 'Jl. Raya Rawa Buntu No 18D' is set on object 'Object Repository/Pengaturan Sistem/Admin Sekolah/Alamat Sekolah/TextArea Alamat sekolah'

06-01-2025T09:53:43 - [TEST_STEP][PASSED] - click(findTestObject("Object Repository/Pengaturan Sistem/Admin Sekolah/Phone/input_Edit Sekolah_schoolPhone"), OPTIONAL): Object: 'Object Repository/Pengaturan Sistem/Admin Sekolah/Phone/input_Edit Sekolah_schoolPhone' is clicked on

06-01-2025T09:53:43 - [MESSAGE][PASSED] - Object: 'Object Repository/Pengaturan Sistem/Admin Sekolah/Phone/input_Edit Sekolah_schoolPhone' is clicked on

06-01-2025T09:53:43 - [TEST_STEP][PASSED] - executeJavaScript("document.querySelector('input[name="schoolPhone"]').value=''", null, OPTIONAL): Execute JavaScript 'document.querySelector('input[name="schoolPhone"]').value=''' successfully

06-01-2025T09:53:44 - [MESSAGE][PASSED] - Execute JavaScript 'document.querySelector('input[name="schoolPhone"]').value=''' successfully

06-01-2025T09:53:44 - [TEST_STEP][PASSED] - setText(findTestObject("Object Repository/Pengaturan Sistem/Admin Sekolah/Phone/input_Edit Sekolah_schoolPhone"), "081332924555", OPTIONAL): Text '081332924555' is set on object 'Object Repository/Pengaturan Sistem/Admin Sekolah/Phone/input_Edit Sekolah_schoolPhone'

06-01-2025T09:53:44 - [MESSAGE][PASSED] - Text '081332924555' is set on object 'Object Repository/Pengaturan Sistem/Admin Sekolah/Phone/input_Edit Sekolah_schoolPhone'

06-01-2025T09:53:44 - [TEST_STEP][PASSED] - click(findTestObject("Pengaturan Sistem/Admin Sekolah/Email/input_Edit Sekolah_schoolMail"), OPTIONAL): Object: 'Object Repository/Pengaturan Sistem/Admin Sekolah/Email/input_Edit Sekolah_schoolMail' is clicked on

06-01-2025T09:53:44 - [MESSAGE][PASSED] - Object: 'Object Repository/Pengaturan Sistem/Admin Sekolah/Email/input_Edit Sekolah_schoolMail' is clicked on

06-01-2025T09:53:44 - [TEST_STEP][PASSED] - executeJavaScript("document.querySelector('input[name="schoolMail"]').value=''", null, OPTIONAL): Execute JavaScript 'document.querySelector('input[name="schoolMail"]').value=''' successfully

06-01-2025T09:53:44 - [MESSAGE][PASSED] - Execute JavaScript 'document.querySelector('input[name="schoolMail"]').value=''' successfully

06-01-2025T09:53:44 - [TEST_STEP][PASSED] - setText(findTestObject("Pengaturan Sistem/Admin Sekolah/Email/input_Edit Sekolah_schoolMail"), "reach.us@aigen-global.com", OPTIONAL): Text 'reach.us@aigen-global.com' is set on object 'Object Repository/Pengaturan Sistem/Admin Sekolah/Email/input_Edit Sekolah_schoolMail'

06-01-2025T09:53:45 - [MESSAGE][PASSED] - Text 'reach.us@aigen-global.com' is set on object 'Object Repository/Pengaturan Sistem/Admin Sekolah/Email/input_Edit Sekolah_schoolMail'

06-01-2025T09:53:45 - [TEST_STEP][PASSED] - click(findTestObject("Pengaturan Sistem/Admin Sekolah/Email/input_Edit Sekolah_schoolMail"), OPTIONAL): Object: 'Object Repository/Pengaturan Sistem/Admin Sekolah/Email/input_Edit Sekolah_schoolMail' is clicked on

06-01-2025T09:53:45 - [MESSAGE][PASSED] - Object: 'Object Repository/Pengaturan Sistem/Admin Sekolah/Email/input_Edit Sekolah_schoolMail' is clicked on

06-01-2025T09:53:45 - [TEST_STEP][PASSED] - delay(2, OPTIONAL): Delayed 2 second(s)

06-01-2025T09:53:47 - [MESSAGE][PASSED] - Delayed 2 second(s)

06-01-2025T09:53:47 - [TEST_STEP][PASSED] - executeJavaScript("document.querySelector("input[type='file']").style.display = "block";", null, OPTIONAL): Execute JavaScript 'document.querySelector("input[type='file']").style.display = "block";' successfully

06-01-2025T09:53:47 - [MESSAGE][PASSED] - Execute JavaScript 'document.querySelector("input[type='file']").style.display = "block";' successfully

06-01-2025T09:53:47 - [TEST_STEP][PASSED] - delay(2, OPTIONAL): Delayed 2 second(s)

06-01-2025T09:53:49 - [MESSAGE][PASSED] - Delayed 2 second(s)

06-01-2025T09:53:49 - [TEST_STEP][PASSED] - filePath = "C:\Users\Khairul Pandunata\Desktop\Aigen_Logo.jpeg": null

06-01-2025T09:53:49 - [TEST_STEP][PASSED] - uploadFile(findTestObject("Object Repository/Pengaturan Sistem/Admin Sekolah/Page_Upload/Input_UnggahFile"), filePath, OPTIONAL): Unable to upload file 'C:\Users\Khairul Pandunata\Desktop\Aigen_Logo.jpeg' to object 'Object Repository/Pengaturan Sistem/Admin Sekolah/Page_Upload/Input_UnggahFile' (Root cause: com.kms.katalon.core.exception.StepFailedException: Unable to upload file 'C:\Users\Khairul Pandunata\Desktop\Aigen_Logo.jpeg' to object 'Object Repository/Pengaturan Sistem/Admin Sekolah/Page_Upload/Input_UnggahFile'
	at com.kms.katalon.core.webui.keyword.internal.WebUIKeywordMain.stepFailed(WebUIKeywordMain.groovy:117)
	at com.kms.katalon.core.webui.keyword.internal.WebUIKeywordMain.runKeyword(WebUIKeywordMain.groovy:43)
	at com.kms.katalon.core.webui.keyword.builtin.UploadFileKeyword.uploadFile(UploadFileKeyword.groovy:87)
	at com.kms.katalon.core.webui.keyword.builtin.UploadFileKeyword.execute(UploadFileKeyword.groovy:68)
	at com.kms.katalon.core.keyword.internal.KeywordExecutor.executeKeywordForPlatform(KeywordExecutor.groovy:74)
	at com.kms.katalon.core.webui.keyword.WebUiBuiltInKeywords.uploadFile(WebUiBuiltInKeywords.groovy:4140)
	at Edit Informasi Sekolah.run(Edit Informasi Sekolah:108)
	at com.kms.katalon.core.main.ScriptEngine.run(ScriptEngine.java:194)
	at com.kms.katalon.core.main.ScriptEngine.runScriptAsRawText(ScriptEngine.java:119)
	at com.kms.katalon.core.main.TestCaseExecutor.runScript(TestCaseExecutor.java:448)
	at com.kms.katalon.core.main.TestCaseExecutor.doExecute(TestCaseExecutor.java:439)
	at com.kms.katalon.core.main.TestCaseExecutor.processExecutionPhase(TestCaseExecutor.java:418)
	at com.kms.katalon.core.main.TestCaseExecutor.accessMainPhase(TestCaseExecutor.java:410)
	at com.kms.katalon.core.main.TestCaseExecutor.execute(TestCaseExecutor.java:285)
	at com.kms.katalon.core.main.TestCaseMain.runTestCase(TestCaseMain.java:133)
	at com.kms.katalon.core.keyword.builtin.CallTestCaseKeyword$_callTestCase_closure1.doCall(CallTestCaseKeyword.groovy:59)
	at com.kms.katalon.core.keyword.builtin.CallTestCaseKeyword$_callTestCase_closure1.call(CallTestCaseKeyword.groovy)
	at com.kms.katalon.core.keyword.internal.KeywordMain.runKeyword(KeywordMain.groovy:75)
	at com.kms.katalon.core.keyword.builtin.CallTestCaseKeyword.callTestCase(CallTestCaseKeyword.groovy:81)
	at com.kms.katalon.core.keyword.builtin.CallTestCaseKeyword.execute(CallTestCaseKeyword.groovy:44)
	at com.kms.katalon.core.keyword.internal.KeywordExecutor.executeKeywordForPlatform(KeywordExecutor.groovy:74)
	at com.kms.katalon.core.keyword.BuiltinKeywords.callTestCase(BuiltinKeywords.groovy:310)
	at jdk.internal.reflect.GeneratedMethodAccessor47.invoke(Unknown Source)
	at java.base/jdk.internal.reflect.DelegatingMethodAccessorImpl.invoke(DelegatingMethodAccessorImpl.java:43)
	at Regresi Informasi Sekolah.run(Regresi Informasi Sekolah:22)
	at com.kms.katalon.core.main.ScriptEngine.run(ScriptEngine.java:194)
	at com.kms.katalon.core.main.ScriptEngine.runScriptAsRawText(ScriptEngine.java:119)
	at com.kms.katalon.core.main.TestCaseExecutor.runScript(TestCaseExecutor.java:448)
	at com.kms.katalon.core.main.TestCaseExecutor.doExecute(TestCaseExecutor.java:439)
	at com.kms.katalon.core.main.TestCaseExecutor.processExecutionPhase(TestCaseExecutor.java:418)
	at com.kms.katalon.core.main.TestCaseExecutor.accessMainPhase(TestCaseExecutor.java:410)
	at com.kms.katalon.core.main.TestCaseExecutor.execute(TestCaseExecutor.java:285)
	at com.kms.katalon.core.common.CommonExecutor.accessTestCaseMainPhase(CommonExecutor.java:65)
	at com.kms.katalon.core.main.TestSuiteExecutor.accessTestSuiteMainPhase(TestSuiteExecutor.java:161)
	at com.kms.katalon.core.main.TestSuiteExecutor.execute(TestSuiteExecutor.java:107)
	at com.kms.katalon.core.main.TestCaseMain.startTestSuite(TestCaseMain.java:176)
	at TempTestSuite1736130766400.run(TempTestSuite1736130766400.groovy:35)
	at java.base/jdk.internal.reflect.NativeMethodAccessorImpl.invoke0(Native Method)
	at java.base/jdk.internal.reflect.NativeMethodAccessorImpl.invoke(NativeMethodAccessorImpl.java:77)
	at java.base/jdk.internal.reflect.DelegatingMethodAccessorImpl.invoke(DelegatingMethodAccessorImpl.java:43)
Caused by: org.openqa.selenium.InvalidArgumentException: invalid argument: File not found : C:\Users\Khairul Pandunata\Desktop\Aigen_Logo.jpeg
  (Session info: chrome=131.0.6778.205)
Build info: version: '4.22.0', revision: 'c5f3146703'
System info: os.name: 'Windows 11', os.arch: 'amd64', os.version: '10.0', java.version: '17.0.7'
Driver info: com.kms.katalon.selenium.driver.CChromeDriver
Command: [941f9b4c16157c6c63f91c7f80e466d8, sendKeysToElement {id=f.E6F41DCFCEFD956F3A2BEB2FD727319C.d.603F712DCCF7A56CD2603B6FBBC4A920.e.53, value=[Ljava.lang.CharSequence;@20a05d2d}]
Capabilities {acceptInsecureCerts: false, browserName: chrome, browserVersion: 131.0.6778.205, chrome: {chromedriverVersion: 130.0.6723.58 (3a50e012e4c9..., userDataDir: C:\Users\henri\AppData\Loca...}, fedcm:accounts: true, goog:chromeOptions: {debuggerAddress: localhost:49962}, networkConnectionEnabled: false, pageLoadStrategy: normal, platformName: windows, proxy: Proxy(), se:cdp: ws://localhost:49962/devtoo..., se:cdpVersion: 131.0.6778.205, setWindowRect: true, strictFileInteractability: false, timeouts: {implicit: 0, pageLoad: 300000, script: 30000}, unhandledPromptBehavior: ignore, webSocketUrl: ws://localhost:11494/sessio..., webauthn:extension:credBlob: true, webauthn:extension:largeBlob: true, webauthn:extension:minPinLength: true, webauthn:extension:prf: true, webauthn:virtualAuthenticators: true}
Element: [[CChromeDriver: chrome on windows (941f9b4c16157c6c63f91c7f80e466d8)] -> xpath: //input[@type='file' and @id='upload-change-file-Logo Sekolah']]
Session ID: 941f9b4c16157c6c63f91c7f80e466d8
	at java.base/jdk.internal.reflect.NativeConstructorAccessorImpl.newInstance0(Native Method)
	at java.base/jdk.internal.reflect.NativeConstructorAccessorImpl.newInstance(NativeConstructorAccessorImpl.java:77)
	at java.base/jdk.internal.reflect.DelegatingConstructorAccessorImpl.newInstance(DelegatingConstructorAccessorImpl.java:45)
	at org.openqa.selenium.remote.ErrorCodec.decode(ErrorCodec.java:167)
	at org.openqa.selenium.remote.codec.w3c.W3CHttpResponseCodec.decode(W3CHttpResponseCodec.java:138)
	at org.openqa.selenium.remote.codec.w3c.W3CHttpResponseCodec.decode(W3CHttpResponseCodec.java:50)
	at org.openqa.selenium.remote.HttpCommandExecutor.execute(HttpCommandExecutor.java:190)
	at org.openqa.selenium.remote.service.DriverCommandExecutor.invokeExecute(DriverCommandExecutor.java:216)
	at org.openqa.selenium.remote.service.DriverCommandExecutor.execute(DriverCommandExecutor.java:174)
	at org.openqa.selenium.remote.RemoteWebDriver.execute(RemoteWebDriver.java:518)
	at org.openqa.selenium.remote.RemoteWebElement.execute(RemoteWebElement.java:223)
	at org.openqa.selenium.remote.RemoteWebElement.sendKeys(RemoteWebElement.java:110)
	at jdk.internal.reflect.GeneratedMethodAccessor27.invoke(Unknown Source)
	at java.base/jdk.internal.reflect.DelegatingMethodAccessorImpl.invoke(DelegatingMethodAccessorImpl.java:43)
	at org.openqa.selenium.support.decorators.WebDriverDecorator.call(WebDriverDecorator.java:249)
	at org.openqa.selenium.support.decorators.DefaultDecorated.call(DefaultDecorated.java:48)
	at org.openqa.selenium.support.decorators.WebDriverDecorator.lambda$createProxy$2(WebDriverDecorator.java:321)
	at net.bytebuddy.renamed.java.lang.Object$ByteBuddy$CanYq3yE.sendKeys(Unknown Source)
	at com.kms.katalon.core.webui.keyword.builtin.UploadFileKeyword$_uploadFile_closure1.doCall(UploadFileKeyword.groovy:80)
	at com.kms.katalon.core.webui.keyword.builtin.UploadFileKeyword$_uploadFile_closure1.call(UploadFileKeyword.groovy)
	at com.kms.katalon.core.webui.keyword.internal.WebUIKeywordMain.runKeyword(WebUIKeywordMain.groovy:35)
	at com.kms.katalon.core.webui.keyword.builtin.UploadFileKeyword.uploadFile(UploadFileKeyword.groovy:87)
	at com.kms.katalon.core.webui.keyword.builtin.UploadFileKeyword.execute(UploadFileKeyword.groovy:68)
	at com.kms.katalon.core.keyword.internal.KeywordExecutor.executeKeywordForPlatform(KeywordExecutor.groovy:74)
	at com.kms.katalon.core.webui.keyword.WebUiBuiltInKeywords.uploadFile(WebUiBuiltInKeywords.groovy:4140)
	at Script1733734833613.run(Script1733734833613.groovy:108)
	at com.kms.katalon.core.main.ScriptEngine.run(ScriptEngine.java:194)
	at com.kms.katalon.core.main.ScriptEngine.runScriptAsRawText(ScriptEngine.java:119)
	at com.kms.katalon.core.main.TestCaseExecutor.runScript(TestCaseExecutor.java:448)
	at com.kms.katalon.core.main.TestCaseExecutor.doExecute(TestCaseExecutor.java:439)
	at com.kms.katalon.core.main.TestCaseExecutor.processExecutionPhase(TestCaseExecutor.java:418)
	at com.kms.katalon.core.main.TestCaseExecutor.accessMainPhase(TestCaseExecutor.java:410)
	at com.kms.katalon.core.main.TestCaseExecutor.execute(TestCaseExecutor.java:285)
	at com.kms.katalon.core.main.TestCaseMain.runTestCase(TestCaseMain.java:133)
	at com.kms.katalon.core.keyword.builtin.CallTestCaseKeyword$_callTestCase_closure1.doCall(CallTestCaseKeyword.groovy:59)
	at com.kms.katalon.core.keyword.builtin.CallTestCaseKeyword$_callTestCase_closure1.call(CallTestCaseKeyword.groovy)
	at com.kms.katalon.core.keyword.internal.KeywordMain.runKeyword(KeywordMain.groovy:75)
	at com.kms.katalon.core.keyword.builtin.CallTestCaseKeyword.callTestCase(CallTestCaseKeyword.groovy:81)
	at com.kms.katalon.core.keyword.builtin.CallTestCaseKeyword.execute(CallTestCaseKeyword.groovy:44)
	at com.kms.katalon.core.keyword.internal.KeywordExecutor.executeKeywordForPlatform(KeywordExecutor.groovy:74)
	at com.kms.katalon.core.keyword.BuiltinKeywords.callTestCase(BuiltinKeywords.groovy:310)
	at jdk.internal.reflect.GeneratedMethodAccessor47.invoke(Unknown Source)
	at java.base/jdk.internal.reflect.DelegatingMethodAccessorImpl.invoke(DelegatingMethodAccessorImpl.java:43)
	at Script1735747665131.run(Script1735747665131.groovy:22)
	... 15 more
)

06-01-2025T09:53:50 - [MESSAGE][WARNING] - Unable to upload file 'C:\Users\Khairul Pandunata\Desktop\Aigen_Logo.jpeg' to object 'Object Repository/Pengaturan Sistem/Admin Sekolah/Page_Upload/Input_UnggahFile' (Root cause: com.kms.katalon.core.exception.StepFailedException: Unable to upload file 'C:\Users\Khairul Pandunata\Desktop\Aigen_Logo.jpeg' to object 'Object Repository/Pengaturan Sistem/Admin Sekolah/Page_Upload/Input_UnggahFile'
	at com.kms.katalon.core.webui.keyword.internal.WebUIKeywordMain.stepFailed(WebUIKeywordMain.groovy:117)
	at com.kms.katalon.core.webui.keyword.internal.WebUIKeywordMain.runKeyword(WebUIKeywordMain.groovy:43)
	at com.kms.katalon.core.webui.keyword.builtin.UploadFileKeyword.uploadFile(UploadFileKeyword.groovy:87)
	at com.kms.katalon.core.webui.keyword.builtin.UploadFileKeyword.execute(UploadFileKeyword.groovy:68)
	at com.kms.katalon.core.keyword.internal.KeywordExecutor.executeKeywordForPlatform(KeywordExecutor.groovy:74)
	at com.kms.katalon.core.webui.keyword.WebUiBuiltInKeywords.uploadFile(WebUiBuiltInKeywords.groovy:4140)
	at Edit Informasi Sekolah.run(Edit Informasi Sekolah:108)
	at com.kms.katalon.core.main.ScriptEngine.run(ScriptEngine.java:194)
	at com.kms.katalon.core.main.ScriptEngine.runScriptAsRawText(ScriptEngine.java:119)
	at com.kms.katalon.core.main.TestCaseExecutor.runScript(TestCaseExecutor.java:448)
	at com.kms.katalon.core.main.TestCaseExecutor.doExecute(TestCaseExecutor.java:439)
	at com.kms.katalon.core.main.TestCaseExecutor.processExecutionPhase(TestCaseExecutor.java:418)
	at com.kms.katalon.core.main.TestCaseExecutor.accessMainPhase(TestCaseExecutor.java:410)
	at com.kms.katalon.core.main.TestCaseExecutor.execute(TestCaseExecutor.java:285)
	at com.kms.katalon.core.main.TestCaseMain.runTestCase(TestCaseMain.java:133)
	at com.kms.katalon.core.keyword.builtin.CallTestCaseKeyword$_callTestCase_closure1.doCall(CallTestCaseKeyword.groovy:59)
	at com.kms.katalon.core.keyword.builtin.CallTestCaseKeyword$_callTestCase_closure1.call(CallTestCaseKeyword.groovy)
	at com.kms.katalon.core.keyword.internal.KeywordMain.runKeyword(KeywordMain.groovy:75)
	at com.kms.katalon.core.keyword.builtin.CallTestCaseKeyword.callTestCase(CallTestCaseKeyword.groovy:81)
	at com.kms.katalon.core.keyword.builtin.CallTestCaseKeyword.execute(CallTestCaseKeyword.groovy:44)
	at com.kms.katalon.core.keyword.internal.KeywordExecutor.executeKeywordForPlatform(KeywordExecutor.groovy:74)
	at com.kms.katalon.core.keyword.BuiltinKeywords.callTestCase(BuiltinKeywords.groovy:310)
	at jdk.internal.reflect.GeneratedMethodAccessor47.invoke(Unknown Source)
	at java.base/jdk.internal.reflect.DelegatingMethodAccessorImpl.invoke(DelegatingMethodAccessorImpl.java:43)
	at Regresi Informasi Sekolah.run(Regresi Informasi Sekolah:22)
	at com.kms.katalon.core.main.ScriptEngine.run(ScriptEngine.java:194)
	at com.kms.katalon.core.main.ScriptEngine.runScriptAsRawText(ScriptEngine.java:119)
	at com.kms.katalon.core.main.TestCaseExecutor.runScript(TestCaseExecutor.java:448)
	at com.kms.katalon.core.main.TestCaseExecutor.doExecute(TestCaseExecutor.java:439)
	at com.kms.katalon.core.main.TestCaseExecutor.processExecutionPhase(TestCaseExecutor.java:418)
	at com.kms.katalon.core.main.TestCaseExecutor.accessMainPhase(TestCaseExecutor.java:410)
	at com.kms.katalon.core.main.TestCaseExecutor.execute(TestCaseExecutor.java:285)
	at com.kms.katalon.core.common.CommonExecutor.accessTestCaseMainPhase(CommonExecutor.java:65)
	at com.kms.katalon.core.main.TestSuiteExecutor.accessTestSuiteMainPhase(TestSuiteExecutor.java:161)
	at com.kms.katalon.core.main.TestSuiteExecutor.execute(TestSuiteExecutor.java:107)
	at com.kms.katalon.core.main.TestCaseMain.startTestSuite(TestCaseMain.java:176)
	at TempTestSuite1736130766400.run(TempTestSuite1736130766400.groovy:35)
	at java.base/jdk.internal.reflect.NativeMethodAccessorImpl.invoke0(Native Method)
	at java.base/jdk.internal.reflect.NativeMethodAccessorImpl.invoke(NativeMethodAccessorImpl.java:77)
	at java.base/jdk.internal.reflect.DelegatingMethodAccessorImpl.invoke(DelegatingMethodAccessorImpl.java:43)
Caused by: org.openqa.selenium.InvalidArgumentException: invalid argument: File not found : C:\Users\Khairul Pandunata\Desktop\Aigen_Logo.jpeg
  (Session info: chrome=131.0.6778.205)
Build info: version: '4.22.0', revision: 'c5f3146703'
System info: os.name: 'Windows 11', os.arch: 'amd64', os.version: '10.0', java.version: '17.0.7'
Driver info: com.kms.katalon.selenium.driver.CChromeDriver
Command: [941f9b4c16157c6c63f91c7f80e466d8, sendKeysToElement {id=f.E6F41DCFCEFD956F3A2BEB2FD727319C.d.603F712DCCF7A56CD2603B6FBBC4A920.e.53, value=[Ljava.lang.CharSequence;@20a05d2d}]
Capabilities {acceptInsecureCerts: false, browserName: chrome, browserVersion: 131.0.6778.205, chrome: {chromedriverVersion: 130.0.6723.58 (3a50e012e4c9..., userDataDir: C:\Users\henri\AppData\Loca...}, fedcm:accounts: true, goog:chromeOptions: {debuggerAddress: localhost:49962}, networkConnectionEnabled: false, pageLoadStrategy: normal, platformName: windows, proxy: Proxy(), se:cdp: ws://localhost:49962/devtoo..., se:cdpVersion: 131.0.6778.205, setWindowRect: true, strictFileInteractability: false, timeouts: {implicit: 0, pageLoad: 300000, script: 30000}, unhandledPromptBehavior: ignore, webSocketUrl: ws://localhost:11494/sessio..., webauthn:extension:credBlob: true, webauthn:extension:largeBlob: true, webauthn:extension:minPinLength: true, webauthn:extension:prf: true, webauthn:virtualAuthenticators: true}
Element: [[CChromeDriver: chrome on windows (941f9b4c16157c6c63f91c7f80e466d8)] -> xpath: //input[@type='file' and @id='upload-change-file-Logo Sekolah']]
Session ID: 941f9b4c16157c6c63f91c7f80e466d8
	at java.base/jdk.internal.reflect.NativeConstructorAccessorImpl.newInstance0(Native Method)
	at java.base/jdk.internal.reflect.NativeConstructorAccessorImpl.newInstance(NativeConstructorAccessorImpl.java:77)
	at java.base/jdk.internal.reflect.DelegatingConstructorAccessorImpl.newInstance(DelegatingConstructorAccessorImpl.java:45)
	at org.openqa.selenium.remote.ErrorCodec.decode(ErrorCodec.java:167)
	at org.openqa.selenium.remote.codec.w3c.W3CHttpResponseCodec.decode(W3CHttpResponseCodec.java:138)
	at org.openqa.selenium.remote.codec.w3c.W3CHttpResponseCodec.decode(W3CHttpResponseCodec.java:50)
	at org.openqa.selenium.remote.HttpCommandExecutor.execute(HttpCommandExecutor.java:190)
	at org.openqa.selenium.remote.service.DriverCommandExecutor.invokeExecute(DriverCommandExecutor.java:216)
	at org.openqa.selenium.remote.service.DriverCommandExecutor.execute(DriverCommandExecutor.java:174)
	at org.openqa.selenium.remote.RemoteWebDriver.execute(RemoteWebDriver.java:518)
	at org.openqa.selenium.remote.RemoteWebElement.execute(RemoteWebElement.java:223)
	at org.openqa.selenium.remote.RemoteWebElement.sendKeys(RemoteWebElement.java:110)
	at jdk.internal.reflect.GeneratedMethodAccessor27.invoke(Unknown Source)
	at java.base/jdk.internal.reflect.DelegatingMethodAccessorImpl.invoke(DelegatingMethodAccessorImpl.java:43)
	at org.openqa.selenium.support.decorators.WebDriverDecorator.call(WebDriverDecorator.java:249)
	at org.openqa.selenium.support.decorators.DefaultDecorated.call(DefaultDecorated.java:48)
	at org.openqa.selenium.support.decorators.WebDriverDecorator.lambda$createProxy$2(WebDriverDecorator.java:321)
	at net.bytebuddy.renamed.java.lang.Object$ByteBuddy$CanYq3yE.sendKeys(Unknown Source)
	at com.kms.katalon.core.webui.keyword.builtin.UploadFileKeyword$_uploadFile_closure1.doCall(UploadFileKeyword.groovy:80)
	at com.kms.katalon.core.webui.keyword.builtin.UploadFileKeyword$_uploadFile_closure1.call(UploadFileKeyword.groovy)
	at com.kms.katalon.core.webui.keyword.internal.WebUIKeywordMain.runKeyword(WebUIKeywordMain.groovy:35)
	at com.kms.katalon.core.webui.keyword.builtin.UploadFileKeyword.uploadFile(UploadFileKeyword.groovy:87)
	at com.kms.katalon.core.webui.keyword.builtin.UploadFileKeyword.execute(UploadFileKeyword.groovy:68)
	at com.kms.katalon.core.keyword.internal.KeywordExecutor.executeKeywordForPlatform(KeywordExecutor.groovy:74)
	at com.kms.katalon.core.webui.keyword.WebUiBuiltInKeywords.uploadFile(WebUiBuiltInKeywords.groovy:4140)
	at Script1733734833613.run(Script1733734833613.groovy:108)
	at com.kms.katalon.core.main.ScriptEngine.run(ScriptEngine.java:194)
	at com.kms.katalon.core.main.ScriptEngine.runScriptAsRawText(ScriptEngine.java:119)
	at com.kms.katalon.core.main.TestCaseExecutor.runScript(TestCaseExecutor.java:448)
	at com.kms.katalon.core.main.TestCaseExecutor.doExecute(TestCaseExecutor.java:439)
	at com.kms.katalon.core.main.TestCaseExecutor.processExecutionPhase(TestCaseExecutor.java:418)
	at com.kms.katalon.core.main.TestCaseExecutor.accessMainPhase(TestCaseExecutor.java:410)
	at com.kms.katalon.core.main.TestCaseExecutor.execute(TestCaseExecutor.java:285)
	at com.kms.katalon.core.main.TestCaseMain.runTestCase(TestCaseMain.java:133)
	at com.kms.katalon.core.keyword.builtin.CallTestCaseKeyword$_callTestCase_closure1.doCall(CallTestCaseKeyword.groovy:59)
	at com.kms.katalon.core.keyword.builtin.CallTestCaseKeyword$_callTestCase_closure1.call(CallTestCaseKeyword.groovy)
	at com.kms.katalon.core.keyword.internal.KeywordMain.runKeyword(KeywordMain.groovy:75)
	at com.kms.katalon.core.keyword.builtin.CallTestCaseKeyword.callTestCase(CallTestCaseKeyword.groovy:81)
	at com.kms.katalon.core.keyword.builtin.CallTestCaseKeyword.execute(CallTestCaseKeyword.groovy:44)
	at com.kms.katalon.core.keyword.internal.KeywordExecutor.executeKeywordForPlatform(KeywordExecutor.groovy:74)
	at com.kms.katalon.core.keyword.BuiltinKeywords.callTestCase(BuiltinKeywords.groovy:310)
	at jdk.internal.reflect.GeneratedMethodAccessor47.invoke(Unknown Source)
	at java.base/jdk.internal.reflect.DelegatingMethodAccessorImpl.invoke(DelegatingMethodAccessorImpl.java:43)
	at Script1735747665131.run(Script1735747665131.groovy:22)
	... 15 more
)
[[ATTACHMENT|C:\\Users\\henri\\Videos\\school-payment-automation-testing\\Reports\\20250106_093246\\Regresi All Sprint\\20250106_093246\\1736132030150.png]]

06-01-2025T09:53:50 - [TEST_STEP][PASSED] - executeJavaScript("document.querySelector("input[type='file']").style.display = "block";", null, OPTIONAL): Execute JavaScript 'document.querySelector("input[type='file']").style.display = "block";' successfully

06-01-2025T09:53:50 - [MESSAGE][PASSED] - Execute JavaScript 'document.querySelector("input[type='file']").style.display = "block";' successfully

06-01-2025T09:53:50 - [TEST_STEP][PASSED] - delay(2, OPTIONAL): Delayed 2 second(s)

06-01-2025T09:53:52 - [MESSAGE][PASSED] - Delayed 2 second(s)

06-01-2025T09:53:52 - [TEST_STEP][PASSED] - filePathKop = "C:\Users\Khairul Pandunata\Desktop\Aigen_Kop.png": null

06-01-2025T09:53:52 - [TEST_STEP][PASSED] - uploadFile(findTestObject("Object Repository/Pengaturan Sistem/Admin Sekolah/Page_Upload_Kop/Input_UnggahFileKop"), filePathKop, OPTIONAL): Unable to upload file 'C:\Users\Khairul Pandunata\Desktop\Aigen_Kop.png' to object 'Object Repository/Pengaturan Sistem/Admin Sekolah/Page_Upload_Kop/Input_UnggahFileKop' (Root cause: com.kms.katalon.core.exception.StepFailedException: Unable to upload file 'C:\Users\Khairul Pandunata\Desktop\Aigen_Kop.png' to object 'Object Repository/Pengaturan Sistem/Admin Sekolah/Page_Upload_Kop/Input_UnggahFileKop'
	at com.kms.katalon.core.webui.keyword.internal.WebUIKeywordMain.stepFailed(WebUIKeywordMain.groovy:117)
	at com.kms.katalon.core.webui.keyword.internal.WebUIKeywordMain.runKeyword(WebUIKeywordMain.groovy:43)
	at com.kms.katalon.core.webui.keyword.builtin.UploadFileKeyword.uploadFile(UploadFileKeyword.groovy:87)
	at com.kms.katalon.core.webui.keyword.builtin.UploadFileKeyword.execute(UploadFileKeyword.groovy:68)
	at com.kms.katalon.core.keyword.internal.KeywordExecutor.executeKeywordForPlatform(KeywordExecutor.groovy:74)
	at com.kms.katalon.core.webui.keyword.WebUiBuiltInKeywords.uploadFile(WebUiBuiltInKeywords.groovy:4140)
	at Edit Informasi Sekolah.run(Edit Informasi Sekolah:121)
	at com.kms.katalon.core.main.ScriptEngine.run(ScriptEngine.java:194)
	at com.kms.katalon.core.main.ScriptEngine.runScriptAsRawText(ScriptEngine.java:119)
	at com.kms.katalon.core.main.TestCaseExecutor.runScript(TestCaseExecutor.java:448)
	at com.kms.katalon.core.main.TestCaseExecutor.doExecute(TestCaseExecutor.java:439)
	at com.kms.katalon.core.main.TestCaseExecutor.processExecutionPhase(TestCaseExecutor.java:418)
	at com.kms.katalon.core.main.TestCaseExecutor.accessMainPhase(TestCaseExecutor.java:410)
	at com.kms.katalon.core.main.TestCaseExecutor.execute(TestCaseExecutor.java:285)
	at com.kms.katalon.core.main.TestCaseMain.runTestCase(TestCaseMain.java:133)
	at com.kms.katalon.core.keyword.builtin.CallTestCaseKeyword$_callTestCase_closure1.doCall(CallTestCaseKeyword.groovy:59)
	at com.kms.katalon.core.keyword.builtin.CallTestCaseKeyword$_callTestCase_closure1.call(CallTestCaseKeyword.groovy)
	at com.kms.katalon.core.keyword.internal.KeywordMain.runKeyword(KeywordMain.groovy:75)
	at com.kms.katalon.core.keyword.builtin.CallTestCaseKeyword.callTestCase(CallTestCaseKeyword.groovy:81)
	at com.kms.katalon.core.keyword.builtin.CallTestCaseKeyword.execute(CallTestCaseKeyword.groovy:44)
	at com.kms.katalon.core.keyword.internal.KeywordExecutor.executeKeywordForPlatform(KeywordExecutor.groovy:74)
	at com.kms.katalon.core.keyword.BuiltinKeywords.callTestCase(BuiltinKeywords.groovy:310)
	at jdk.internal.reflect.GeneratedMethodAccessor47.invoke(Unknown Source)
	at java.base/jdk.internal.reflect.DelegatingMethodAccessorImpl.invoke(DelegatingMethodAccessorImpl.java:43)
	at Regresi Informasi Sekolah.run(Regresi Informasi Sekolah:22)
	at com.kms.katalon.core.main.ScriptEngine.run(ScriptEngine.java:194)
	at com.kms.katalon.core.main.ScriptEngine.runScriptAsRawText(ScriptEngine.java:119)
	at com.kms.katalon.core.main.TestCaseExecutor.runScript(TestCaseExecutor.java:448)
	at com.kms.katalon.core.main.TestCaseExecutor.doExecute(TestCaseExecutor.java:439)
	at com.kms.katalon.core.main.TestCaseExecutor.processExecutionPhase(TestCaseExecutor.java:418)
	at com.kms.katalon.core.main.TestCaseExecutor.accessMainPhase(TestCaseExecutor.java:410)
	at com.kms.katalon.core.main.TestCaseExecutor.execute(TestCaseExecutor.java:285)
	at com.kms.katalon.core.common.CommonExecutor.accessTestCaseMainPhase(CommonExecutor.java:65)
	at com.kms.katalon.core.main.TestSuiteExecutor.accessTestSuiteMainPhase(TestSuiteExecutor.java:161)
	at com.kms.katalon.core.main.TestSuiteExecutor.execute(TestSuiteExecutor.java:107)
	at com.kms.katalon.core.main.TestCaseMain.startTestSuite(TestCaseMain.java:176)
	at TempTestSuite1736130766400.run(TempTestSuite1736130766400.groovy:35)
	at java.base/jdk.internal.reflect.NativeMethodAccessorImpl.invoke0(Native Method)
	at java.base/jdk.internal.reflect.NativeMethodAccessorImpl.invoke(NativeMethodAccessorImpl.java:77)
	at java.base/jdk.internal.reflect.DelegatingMethodAccessorImpl.invoke(DelegatingMethodAccessorImpl.java:43)
Caused by: org.openqa.selenium.InvalidArgumentException: invalid argument: File not found : C:\Users\Khairul Pandunata\Desktop\Aigen_Kop.png
  (Session info: chrome=131.0.6778.205)
Build info: version: '4.22.0', revision: 'c5f3146703'
System info: os.name: 'Windows 11', os.arch: 'amd64', os.version: '10.0', java.version: '17.0.7'
Driver info: com.kms.katalon.selenium.driver.CChromeDriver
Command: [941f9b4c16157c6c63f91c7f80e466d8, sendKeysToElement {id=f.E6F41DCFCEFD956F3A2BEB2FD727319C.d.603F712DCCF7A56CD2603B6FBBC4A920.e.54, value=[Ljava.lang.CharSequence;@314f90d8}]
Capabilities {acceptInsecureCerts: false, browserName: chrome, browserVersion: 131.0.6778.205, chrome: {chromedriverVersion: 130.0.6723.58 (3a50e012e4c9..., userDataDir: C:\Users\henri\AppData\Loca...}, fedcm:accounts: true, goog:chromeOptions: {debuggerAddress: localhost:49962}, networkConnectionEnabled: false, pageLoadStrategy: normal, platformName: windows, proxy: Proxy(), se:cdp: ws://localhost:49962/devtoo..., se:cdpVersion: 131.0.6778.205, setWindowRect: true, strictFileInteractability: false, timeouts: {implicit: 0, pageLoad: 300000, script: 30000}, unhandledPromptBehavior: ignore, webSocketUrl: ws://localhost:11494/sessio..., webauthn:extension:credBlob: true, webauthn:extension:largeBlob: true, webauthn:extension:minPinLength: true, webauthn:extension:prf: true, webauthn:virtualAuthenticators: true}
Element: [[CChromeDriver: chrome on windows (941f9b4c16157c6c63f91c7f80e466d8)] -> xpath: //input[@type='file' and @id='upload-change-file-Kop Surat']]
Session ID: 941f9b4c16157c6c63f91c7f80e466d8
	at java.base/jdk.internal.reflect.NativeConstructorAccessorImpl.newInstance0(Native Method)
	at java.base/jdk.internal.reflect.NativeConstructorAccessorImpl.newInstance(NativeConstructorAccessorImpl.java:77)
	at java.base/jdk.internal.reflect.DelegatingConstructorAccessorImpl.newInstance(DelegatingConstructorAccessorImpl.java:45)
	at org.openqa.selenium.remote.ErrorCodec.decode(ErrorCodec.java:167)
	at org.openqa.selenium.remote.codec.w3c.W3CHttpResponseCodec.decode(W3CHttpResponseCodec.java:138)
	at org.openqa.selenium.remote.codec.w3c.W3CHttpResponseCodec.decode(W3CHttpResponseCodec.java:50)
	at org.openqa.selenium.remote.HttpCommandExecutor.execute(HttpCommandExecutor.java:190)
	at org.openqa.selenium.remote.service.DriverCommandExecutor.invokeExecute(DriverCommandExecutor.java:216)
	at org.openqa.selenium.remote.service.DriverCommandExecutor.execute(DriverCommandExecutor.java:174)
	at org.openqa.selenium.remote.RemoteWebDriver.execute(RemoteWebDriver.java:518)
	at org.openqa.selenium.remote.RemoteWebElement.execute(RemoteWebElement.java:223)
	at org.openqa.selenium.remote.RemoteWebElement.sendKeys(RemoteWebElement.java:110)
	at jdk.internal.reflect.GeneratedMethodAccessor27.invoke(Unknown Source)
	at java.base/jdk.internal.reflect.DelegatingMethodAccessorImpl.invoke(DelegatingMethodAccessorImpl.java:43)
	at org.openqa.selenium.support.decorators.WebDriverDecorator.call(WebDriverDecorator.java:249)
	at org.openqa.selenium.support.decorators.DefaultDecorated.call(DefaultDecorated.java:48)
	at org.openqa.selenium.support.decorators.WebDriverDecorator.lambda$createProxy$2(WebDriverDecorator.java:321)
	at net.bytebuddy.renamed.java.lang.Object$ByteBuddy$EqFifqA7.sendKeys(Unknown Source)
	at com.kms.katalon.core.webui.keyword.builtin.UploadFileKeyword$_uploadFile_closure1.doCall(UploadFileKeyword.groovy:80)
	at com.kms.katalon.core.webui.keyword.builtin.UploadFileKeyword$_uploadFile_closure1.call(UploadFileKeyword.groovy)
	at com.kms.katalon.core.webui.keyword.internal.WebUIKeywordMain.runKeyword(WebUIKeywordMain.groovy:35)
	at com.kms.katalon.core.webui.keyword.builtin.UploadFileKeyword.uploadFile(UploadFileKeyword.groovy:87)
	at com.kms.katalon.core.webui.keyword.builtin.UploadFileKeyword.execute(UploadFileKeyword.groovy:68)
	at com.kms.katalon.core.keyword.internal.KeywordExecutor.executeKeywordForPlatform(KeywordExecutor.groovy:74)
	at com.kms.katalon.core.webui.keyword.WebUiBuiltInKeywords.uploadFile(WebUiBuiltInKeywords.groovy:4140)
	at Script1733734833613.run(Script1733734833613.groovy:121)
	at com.kms.katalon.core.main.ScriptEngine.run(ScriptEngine.java:194)
	at com.kms.katalon.core.main.ScriptEngine.runScriptAsRawText(ScriptEngine.java:119)
	at com.kms.katalon.core.main.TestCaseExecutor.runScript(TestCaseExecutor.java:448)
	at com.kms.katalon.core.main.TestCaseExecutor.doExecute(TestCaseExecutor.java:439)
	at com.kms.katalon.core.main.TestCaseExecutor.processExecutionPhase(TestCaseExecutor.java:418)
	at com.kms.katalon.core.main.TestCaseExecutor.accessMainPhase(TestCaseExecutor.java:410)
	at com.kms.katalon.core.main.TestCaseExecutor.execute(TestCaseExecutor.java:285)
	at com.kms.katalon.core.main.TestCaseMain.runTestCase(TestCaseMain.java:133)
	at com.kms.katalon.core.keyword.builtin.CallTestCaseKeyword$_callTestCase_closure1.doCall(CallTestCaseKeyword.groovy:59)
	at com.kms.katalon.core.keyword.builtin.CallTestCaseKeyword$_callTestCase_closure1.call(CallTestCaseKeyword.groovy)
	at com.kms.katalon.core.keyword.internal.KeywordMain.runKeyword(KeywordMain.groovy:75)
	at com.kms.katalon.core.keyword.builtin.CallTestCaseKeyword.callTestCase(CallTestCaseKeyword.groovy:81)
	at com.kms.katalon.core.keyword.builtin.CallTestCaseKeyword.execute(CallTestCaseKeyword.groovy:44)
	at com.kms.katalon.core.keyword.internal.KeywordExecutor.executeKeywordForPlatform(KeywordExecutor.groovy:74)
	at com.kms.katalon.core.keyword.BuiltinKeywords.callTestCase(BuiltinKeywords.groovy:310)
	at jdk.internal.reflect.GeneratedMethodAccessor47.invoke(Unknown Source)
	at java.base/jdk.internal.reflect.DelegatingMethodAccessorImpl.invoke(DelegatingMethodAccessorImpl.java:43)
	at Script1735747665131.run(Script1735747665131.groovy:22)
	... 15 more
)

06-01-2025T09:53:52 - [MESSAGE][WARNING] - Unable to upload file 'C:\Users\Khairul Pandunata\Desktop\Aigen_Kop.png' to object 'Object Repository/Pengaturan Sistem/Admin Sekolah/Page_Upload_Kop/Input_UnggahFileKop' (Root cause: com.kms.katalon.core.exception.StepFailedException: Unable to upload file 'C:\Users\Khairul Pandunata\Desktop\Aigen_Kop.png' to object 'Object Repository/Pengaturan Sistem/Admin Sekolah/Page_Upload_Kop/Input_UnggahFileKop'
	at com.kms.katalon.core.webui.keyword.internal.WebUIKeywordMain.stepFailed(WebUIKeywordMain.groovy:117)
	at com.kms.katalon.core.webui.keyword.internal.WebUIKeywordMain.runKeyword(WebUIKeywordMain.groovy:43)
	at com.kms.katalon.core.webui.keyword.builtin.UploadFileKeyword.uploadFile(UploadFileKeyword.groovy:87)
	at com.kms.katalon.core.webui.keyword.builtin.UploadFileKeyword.execute(UploadFileKeyword.groovy:68)
	at com.kms.katalon.core.keyword.internal.KeywordExecutor.executeKeywordForPlatform(KeywordExecutor.groovy:74)
	at com.kms.katalon.core.webui.keyword.WebUiBuiltInKeywords.uploadFile(WebUiBuiltInKeywords.groovy:4140)
	at Edit Informasi Sekolah.run(Edit Informasi Sekolah:121)
	at com.kms.katalon.core.main.ScriptEngine.run(ScriptEngine.java:194)
	at com.kms.katalon.core.main.ScriptEngine.runScriptAsRawText(ScriptEngine.java:119)
	at com.kms.katalon.core.main.TestCaseExecutor.runScript(TestCaseExecutor.java:448)
	at com.kms.katalon.core.main.TestCaseExecutor.doExecute(TestCaseExecutor.java:439)
	at com.kms.katalon.core.main.TestCaseExecutor.processExecutionPhase(TestCaseExecutor.java:418)
	at com.kms.katalon.core.main.TestCaseExecutor.accessMainPhase(TestCaseExecutor.java:410)
	at com.kms.katalon.core.main.TestCaseExecutor.execute(TestCaseExecutor.java:285)
	at com.kms.katalon.core.main.TestCaseMain.runTestCase(TestCaseMain.java:133)
	at com.kms.katalon.core.keyword.builtin.CallTestCaseKeyword$_callTestCase_closure1.doCall(CallTestCaseKeyword.groovy:59)
	at com.kms.katalon.core.keyword.builtin.CallTestCaseKeyword$_callTestCase_closure1.call(CallTestCaseKeyword.groovy)
	at com.kms.katalon.core.keyword.internal.KeywordMain.runKeyword(KeywordMain.groovy:75)
	at com.kms.katalon.core.keyword.builtin.CallTestCaseKeyword.callTestCase(CallTestCaseKeyword.groovy:81)
	at com.kms.katalon.core.keyword.builtin.CallTestCaseKeyword.execute(CallTestCaseKeyword.groovy:44)
	at com.kms.katalon.core.keyword.internal.KeywordExecutor.executeKeywordForPlatform(KeywordExecutor.groovy:74)
	at com.kms.katalon.core.keyword.BuiltinKeywords.callTestCase(BuiltinKeywords.groovy:310)
	at jdk.internal.reflect.GeneratedMethodAccessor47.invoke(Unknown Source)
	at java.base/jdk.internal.reflect.DelegatingMethodAccessorImpl.invoke(DelegatingMethodAccessorImpl.java:43)
	at Regresi Informasi Sekolah.run(Regresi Informasi Sekolah:22)
	at com.kms.katalon.core.main.ScriptEngine.run(ScriptEngine.java:194)
	at com.kms.katalon.core.main.ScriptEngine.runScriptAsRawText(ScriptEngine.java:119)
	at com.kms.katalon.core.main.TestCaseExecutor.runScript(TestCaseExecutor.java:448)
	at com.kms.katalon.core.main.TestCaseExecutor.doExecute(TestCaseExecutor.java:439)
	at com.kms.katalon.core.main.TestCaseExecutor.processExecutionPhase(TestCaseExecutor.java:418)
	at com.kms.katalon.core.main.TestCaseExecutor.accessMainPhase(TestCaseExecutor.java:410)
	at com.kms.katalon.core.main.TestCaseExecutor.execute(TestCaseExecutor.java:285)
	at com.kms.katalon.core.common.CommonExecutor.accessTestCaseMainPhase(CommonExecutor.java:65)
	at com.kms.katalon.core.main.TestSuiteExecutor.accessTestSuiteMainPhase(TestSuiteExecutor.java:161)
	at com.kms.katalon.core.main.TestSuiteExecutor.execute(TestSuiteExecutor.java:107)
	at com.kms.katalon.core.main.TestCaseMain.startTestSuite(TestCaseMain.java:176)
	at TempTestSuite1736130766400.run(TempTestSuite1736130766400.groovy:35)
	at java.base/jdk.internal.reflect.NativeMethodAccessorImpl.invoke0(Native Method)
	at java.base/jdk.internal.reflect.NativeMethodAccessorImpl.invoke(NativeMethodAccessorImpl.java:77)
	at java.base/jdk.internal.reflect.DelegatingMethodAccessorImpl.invoke(DelegatingMethodAccessorImpl.java:43)
Caused by: org.openqa.selenium.InvalidArgumentException: invalid argument: File not found : C:\Users\Khairul Pandunata\Desktop\Aigen_Kop.png
  (Session info: chrome=131.0.6778.205)
Build info: version: '4.22.0', revision: 'c5f3146703'
System info: os.name: 'Windows 11', os.arch: 'amd64', os.version: '10.0', java.version: '17.0.7'
Driver info: com.kms.katalon.selenium.driver.CChromeDriver
Command: [941f9b4c16157c6c63f91c7f80e466d8, sendKeysToElement {id=f.E6F41DCFCEFD956F3A2BEB2FD727319C.d.603F712DCCF7A56CD2603B6FBBC4A920.e.54, value=[Ljava.lang.CharSequence;@314f90d8}]
Capabilities {acceptInsecureCerts: false, browserName: chrome, browserVersion: 131.0.6778.205, chrome: {chromedriverVersion: 130.0.6723.58 (3a50e012e4c9..., userDataDir: C:\Users\henri\AppData\Loca...}, fedcm:accounts: true, goog:chromeOptions: {debuggerAddress: localhost:49962}, networkConnectionEnabled: false, pageLoadStrategy: normal, platformName: windows, proxy: Proxy(), se:cdp: ws://localhost:49962/devtoo..., se:cdpVersion: 131.0.6778.205, setWindowRect: true, strictFileInteractability: false, timeouts: {implicit: 0, pageLoad: 300000, script: 30000}, unhandledPromptBehavior: ignore, webSocketUrl: ws://localhost:11494/sessio..., webauthn:extension:credBlob: true, webauthn:extension:largeBlob: true, webauthn:extension:minPinLength: true, webauthn:extension:prf: true, webauthn:virtualAuthenticators: true}
Element: [[CChromeDriver: chrome on windows (941f9b4c16157c6c63f91c7f80e466d8)] -> xpath: //input[@type='file' and @id='upload-change-file-Kop Surat']]
Session ID: 941f9b4c16157c6c63f91c7f80e466d8
	at java.base/jdk.internal.reflect.NativeConstructorAccessorImpl.newInstance0(Native Method)
	at java.base/jdk.internal.reflect.NativeConstructorAccessorImpl.newInstance(NativeConstructorAccessorImpl.java:77)
	at java.base/jdk.internal.reflect.DelegatingConstructorAccessorImpl.newInstance(DelegatingConstructorAccessorImpl.java:45)
	at org.openqa.selenium.remote.ErrorCodec.decode(ErrorCodec.java:167)
	at org.openqa.selenium.remote.codec.w3c.W3CHttpResponseCodec.decode(W3CHttpResponseCodec.java:138)
	at org.openqa.selenium.remote.codec.w3c.W3CHttpResponseCodec.decode(W3CHttpResponseCodec.java:50)
	at org.openqa.selenium.remote.HttpCommandExecutor.execute(HttpCommandExecutor.java:190)
	at org.openqa.selenium.remote.service.DriverCommandExecutor.invokeExecute(DriverCommandExecutor.java:216)
	at org.openqa.selenium.remote.service.DriverCommandExecutor.execute(DriverCommandExecutor.java:174)
	at org.openqa.selenium.remote.RemoteWebDriver.execute(RemoteWebDriver.java:518)
	at org.openqa.selenium.remote.RemoteWebElement.execute(RemoteWebElement.java:223)
	at org.openqa.selenium.remote.RemoteWebElement.sendKeys(RemoteWebElement.java:110)
	at jdk.internal.reflect.GeneratedMethodAccessor27.invoke(Unknown Source)
	at java.base/jdk.internal.reflect.DelegatingMethodAccessorImpl.invoke(DelegatingMethodAccessorImpl.java:43)
	at org.openqa.selenium.support.decorators.WebDriverDecorator.call(WebDriverDecorator.java:249)
	at org.openqa.selenium.support.decorators.DefaultDecorated.call(DefaultDecorated.java:48)
	at org.openqa.selenium.support.decorators.WebDriverDecorator.lambda$createProxy$2(WebDriverDecorator.java:321)
	at net.bytebuddy.renamed.java.lang.Object$ByteBuddy$EqFifqA7.sendKeys(Unknown Source)
	at com.kms.katalon.core.webui.keyword.builtin.UploadFileKeyword$_uploadFile_closure1.doCall(UploadFileKeyword.groovy:80)
	at com.kms.katalon.core.webui.keyword.builtin.UploadFileKeyword$_uploadFile_closure1.call(UploadFileKeyword.groovy)
	at com.kms.katalon.core.webui.keyword.internal.WebUIKeywordMain.runKeyword(WebUIKeywordMain.groovy:35)
	at com.kms.katalon.core.webui.keyword.builtin.UploadFileKeyword.uploadFile(UploadFileKeyword.groovy:87)
	at com.kms.katalon.core.webui.keyword.builtin.UploadFileKeyword.execute(UploadFileKeyword.groovy:68)
	at com.kms.katalon.core.keyword.internal.KeywordExecutor.executeKeywordForPlatform(KeywordExecutor.groovy:74)
	at com.kms.katalon.core.webui.keyword.WebUiBuiltInKeywords.uploadFile(WebUiBuiltInKeywords.groovy:4140)
	at Script1733734833613.run(Script1733734833613.groovy:121)
	at com.kms.katalon.core.main.ScriptEngine.run(ScriptEngine.java:194)
	at com.kms.katalon.core.main.ScriptEngine.runScriptAsRawText(ScriptEngine.java:119)
	at com.kms.katalon.core.main.TestCaseExecutor.runScript(TestCaseExecutor.java:448)
	at com.kms.katalon.core.main.TestCaseExecutor.doExecute(TestCaseExecutor.java:439)
	at com.kms.katalon.core.main.TestCaseExecutor.processExecutionPhase(TestCaseExecutor.java:418)
	at com.kms.katalon.core.main.TestCaseExecutor.accessMainPhase(TestCaseExecutor.java:410)
	at com.kms.katalon.core.main.TestCaseExecutor.execute(TestCaseExecutor.java:285)
	at com.kms.katalon.core.main.TestCaseMain.runTestCase(TestCaseMain.java:133)
	at com.kms.katalon.core.keyword.builtin.CallTestCaseKeyword$_callTestCase_closure1.doCall(CallTestCaseKeyword.groovy:59)
	at com.kms.katalon.core.keyword.builtin.CallTestCaseKeyword$_callTestCase_closure1.call(CallTestCaseKeyword.groovy)
	at com.kms.katalon.core.keyword.internal.KeywordMain.runKeyword(KeywordMain.groovy:75)
	at com.kms.katalon.core.keyword.builtin.CallTestCaseKeyword.callTestCase(CallTestCaseKeyword.groovy:81)
	at com.kms.katalon.core.keyword.builtin.CallTestCaseKeyword.execute(CallTestCaseKeyword.groovy:44)
	at com.kms.katalon.core.keyword.internal.KeywordExecutor.executeKeywordForPlatform(KeywordExecutor.groovy:74)
	at com.kms.katalon.core.keyword.BuiltinKeywords.callTestCase(BuiltinKeywords.groovy:310)
	at jdk.internal.reflect.GeneratedMethodAccessor47.invoke(Unknown Source)
	at java.base/jdk.internal.reflect.DelegatingMethodAccessorImpl.invoke(DelegatingMethodAccessorImpl.java:43)
	at Script1735747665131.run(Script1735747665131.groovy:22)
	... 15 more
)
[[ATTACHMENT|C:\\Users\\henri\\Videos\\school-payment-automation-testing\\Reports\\20250106_093246\\Regresi All Sprint\\20250106_093246\\1736132032534.png]]

06-01-2025T09:53:52 - [TEST_STEP][PASSED] - delay(2, OPTIONAL): Delayed 2 second(s)

06-01-2025T09:53:54 - [MESSAGE][PASSED] - Delayed 2 second(s)

06-01-2025T09:53:54 - [TEST_STEP][PASSED] - click(findTestObject("Pengaturan Sistem/Admin Sekolah/button_simpan/button_Simpan"), OPTIONAL): Object: 'Object Repository/Pengaturan Sistem/Admin Sekolah/button_simpan/button_Simpan' is clicked on

06-01-2025T09:53:54 - [MESSAGE][PASSED] - Object: 'Object Repository/Pengaturan Sistem/Admin Sekolah/button_simpan/button_Simpan' is clicked on

06-01-2025T09:53:54 - [TEST_STEP][PASSED] - delay(2, OPTIONAL): Delayed 2 second(s)

06-01-2025T09:53:56 - [MESSAGE][PASSED] - Delayed 2 second(s)

06-01-2025T09:53:56 - [TEST_STEP][PASSED] - click(findTestObject("Pengaturan Sistem/Admin Sekolah/Button_konfirm/div_Ya"), OPTIONAL): Object: 'Object Repository/Pengaturan Sistem/Admin Sekolah/Button_konfirm/div_Ya' is clicked on

06-01-2025T09:53:57 - [MESSAGE][PASSED] - Object: 'Object Repository/Pengaturan Sistem/Admin Sekolah/Button_konfirm/div_Ya' is clicked on

06-01-2025T09:53:57 - [TEST_STEP][PASSED] - delay(2, OPTIONAL): Delayed 2 second(s)

06-01-2025T09:53:59 - [MESSAGE][PASSED] - Delayed 2 second(s)

06-01-2025T09:53:59 - [TEST_STEP][PASSED] - closeBrowser(OPTIONAL): Browser is closed

06-01-2025T09:53:59 - [MESSAGE][PASSED] - Browser is closed

06-01-2025T09:53:59 - [MESSAGE][INFO] - 

06-01-2025T09:53:59 - [MESSAGE][INFO] - ===================== Self-healing Report ====================

06-01-2025T09:53:59 - [MESSAGE][INFO] - One of the failed test object locators has been recovered by Self-healing. Please refer to the Self-healing Insights tab for more details.

06-01-2025T09:53:59 - [MESSAGE][INFO] - To learn more about Self-healing, please read https://docs.katalon.com/katalon-studio/docs/self-healing.html

06-01-2025T09:53:59 - [MESSAGE][INFO] - ==============================================================

06-01-2025T09:53:59 - [MESSAGE][PASSED] - Call Test Case 'Test Cases/Pengaturan Sistem/Admin Sekolah/Master Informasi Sekolah/Edit Informasi Sekolah' successfully

06-01-2025T09:53:59 - [TEST_STEP][PASSED] - println("============================= Loop Again ==============================="): null]]></system-out>
         <system-err><![CDATA[]]></system-err>
      </testcase>
      <testcase name="Test Cases/Regresi Feature/Sprint 2/Regresi Pembayaran Siswa" time="155.524" classname="Test Cases/Regresi Feature/Sprint 2/Regresi Pembayaran Siswa" status="PASSED">
         <system-out><![CDATA[06-01-2025T09:53:59 - [TEST_CASE][PASSED] - Test Cases/Regresi Feature/Sprint 2/Regresi Pembayaran Siswa: Test Cases/Regresi Feature/Sprint 2/Regresi Pembayaran Siswa

06-01-2025T09:53:59 - [TEST_STEP][PASSED] - for ([i = 1, i <= maxLoop, (i++)]): null

06-01-2025T09:53:59 - [TEST_STEP][PASSED] - callTestCase(findTestCase("Test Cases/Master Tagihan/Admin Sekolah/Master Tagihan Pembayaran Siswa/Pembayaran Siswa"), [:], OPTIONAL): Call Test Case 'Test Cases/Master Tagihan/Admin Sekolah/Master Tagihan Pembayaran Siswa/Pembayaran Siswa' successfully

06-01-2025T09:53:59 - [TEST_CASE][PASSED] - Test Cases/Master Tagihan/Admin Sekolah/Master Tagihan Pembayaran Siswa/Pembayaran Siswa: Test Cases/Master Tagihan/Admin Sekolah/Master Tagihan Pembayaran Siswa/Pembayaran Siswa

06-01-2025T09:53:59 - [TEST_STEP][PASSED] - openBrowser(""): Browser is opened with url: ''

06-01-2025T09:53:59 - [MESSAGE][INFO] - Starting 'Chrome' driver

06-01-2025T09:53:59 - [MESSAGE][INFO] - Action delay is set to 0 milliseconds

06-01-2025T09:54:00 - [MESSAGE][PASSED] - Browser is opened with url: ''

06-01-2025T09:54:00 - [TEST_STEP][PASSED] - navigateToUrl("https://sit.siprusedu.com/login"): Navigate to 'https://sit.siprusedu.com/login' successfully

06-01-2025T09:54:01 - [MESSAGE][PASSED] - Navigate to 'https://sit.siprusedu.com/login' successfully

06-01-2025T09:54:01 - [TEST_STEP][PASSED] - maximizeWindow(): Current window maximized

06-01-2025T09:54:01 - [MESSAGE][PASSED] - Current window maximized

06-01-2025T09:54:01 - [TEST_STEP][PASSED] - setText(findTestObject("Master Data/Admin Sekolah/Login/Field Email"), "admin.sekolah@gmail.com"): Text 'admin.sekolah@gmail.com' is set on object 'Object Repository/Master Data/Admin Sekolah/Login/Field Email'

06-01-2025T09:54:03 - [MESSAGE][PASSED] - Text 'admin.sekolah@gmail.com' is set on object 'Object Repository/Master Data/Admin Sekolah/Login/Field Email'

06-01-2025T09:54:03 - [TEST_STEP][PASSED] - setText(findTestObject("Master Data/Admin Sekolah/Login/Input Password"), "Test1234"): Text 'Test1234' is set on object 'Object Repository/Master Data/Admin Sekolah/Login/Input Password'

06-01-2025T09:54:03 - [MESSAGE][PASSED] - Text 'Test1234' is set on object 'Object Repository/Master Data/Admin Sekolah/Login/Input Password'

06-01-2025T09:54:03 - [TEST_STEP][PASSED] - click(findTestObject("Master Data/Admin Sekolah/Login/Button Submit")): Object: 'Object Repository/Master Data/Admin Sekolah/Login/Button Submit' is clicked on

06-01-2025T09:54:04 - [MESSAGE][PASSED] - Object: 'Object Repository/Master Data/Admin Sekolah/Login/Button Submit' is clicked on

06-01-2025T09:54:04 - [TEST_STEP][PASSED] - click(findTestObject("Master Tagihan/Admin Sekolah/Pembayaran Siswa/Homepage/Menu Tagihan")): Object: 'Object Repository/Master Tagihan/Admin Sekolah/Pembayaran Siswa/Homepage/Menu Tagihan' is clicked on

06-01-2025T09:54:06 - [MESSAGE][PASSED] - Object: 'Object Repository/Master Tagihan/Admin Sekolah/Pembayaran Siswa/Homepage/Menu Tagihan' is clicked on

06-01-2025T09:54:06 - [TEST_STEP][PASSED] - click(findTestObject("Master Tagihan/Admin Sekolah/Pembayaran Siswa/Homepage/Sub Menu Pembayaran Siswa")): Object: 'Object Repository/Master Tagihan/Admin Sekolah/Pembayaran Siswa/Homepage/Sub Menu Pembayaran Siswa' is clicked on

06-01-2025T09:54:06 - [MESSAGE][PASSED] - Object: 'Object Repository/Master Tagihan/Admin Sekolah/Pembayaran Siswa/Homepage/Sub Menu Pembayaran Siswa' is clicked on

06-01-2025T09:54:06 - [TEST_STEP][PASSED] - setText(findTestObject("Master Tagihan/Admin Sekolah/Pembayaran Siswa/Homepage/Sub Menu Pembayaran Siswa (1)/Field Pencarian Siswa"), "adam"): Text 'adam' is set on object 'Object Repository/Master Tagihan/Admin Sekolah/Pembayaran Siswa/Homepage/Sub Menu Pembayaran Siswa (1)/Field Pencarian Siswa'

06-01-2025T09:54:07 - [MESSAGE][PASSED] - Text 'adam' is set on object 'Object Repository/Master Tagihan/Admin Sekolah/Pembayaran Siswa/Homepage/Sub Menu Pembayaran Siswa (1)/Field Pencarian Siswa'

06-01-2025T09:54:07 - [TEST_STEP][PASSED] - delay(2): Delayed 2 second(s)

06-01-2025T09:54:09 - [MESSAGE][PASSED] - Delayed 2 second(s)

06-01-2025T09:54:09 - [TEST_STEP][PASSED] - click(findTestObject("Master Tagihan/Admin Sekolah/Pembayaran Siswa/Homepage/Sub Menu Pembayaran Siswa (1)/Value Rekomendasi Siswa")): Object: 'Object Repository/Master Tagihan/Admin Sekolah/Pembayaran Siswa/Homepage/Sub Menu Pembayaran Siswa (1)/Value Rekomendasi Siswa' is clicked on

06-01-2025T09:54:09 - [MESSAGE][PASSED] - Object: 'Object Repository/Master Tagihan/Admin Sekolah/Pembayaran Siswa/Homepage/Sub Menu Pembayaran Siswa (1)/Value Rekomendasi Siswa' is clicked on

06-01-2025T09:54:09 - [TEST_STEP][PASSED] - click(findTestObject("Master Tagihan/Admin Sekolah/Pembayaran Siswa/Homepage/Sub Menu Pembayaran Siswa (1)/Page Pembayaran Siswa/Button Riwayat Pembayaran")): Object: 'Object Repository/Master Tagihan/Admin Sekolah/Pembayaran Siswa/Homepage/Sub Menu Pembayaran Siswa (1)/Page Pembayaran Siswa/Button Riwayat Pembayaran' is clicked on

06-01-2025T09:54:11 - [MESSAGE][PASSED] - Object: 'Object Repository/Master Tagihan/Admin Sekolah/Pembayaran Siswa/Homepage/Sub Menu Pembayaran Siswa (1)/Page Pembayaran Siswa/Button Riwayat Pembayaran' is clicked on

06-01-2025T09:54:11 - [TEST_STEP][PASSED] - verifyElementVisible(findTestObject("Master Tagihan/Admin Sekolah/Pembayaran Siswa/Homepage/Sub Menu Pembayaran Siswa (1)/Verifikasi Nama Siswa")): Object 'Object Repository/Master Tagihan/Admin Sekolah/Pembayaran Siswa/Homepage/Sub Menu Pembayaran Siswa (1)/Verifikasi Nama Siswa' is visible

06-01-2025T09:54:12 - [MESSAGE][PASSED] - Object 'Object Repository/Master Tagihan/Admin Sekolah/Pembayaran Siswa/Homepage/Sub Menu Pembayaran Siswa (1)/Verifikasi Nama Siswa' is visible

06-01-2025T09:54:12 - [TEST_STEP][PASSED] - back(): Navigate back successfully

06-01-2025T09:54:12 - [MESSAGE][PASSED] - Navigate back successfully

06-01-2025T09:54:12 - [TEST_STEP][PASSED] - setText(findTestObject("Master Tagihan/Admin Sekolah/Pembayaran Siswa/Homepage/Sub Menu Pembayaran Siswa (1)/Field Pencarian Siswa"), "adam"): Text 'adam' is set on object 'Object Repository/Master Tagihan/Admin Sekolah/Pembayaran Siswa/Homepage/Sub Menu Pembayaran Siswa (1)/Field Pencarian Siswa'

06-01-2025T09:54:13 - [MESSAGE][PASSED] - Text 'adam' is set on object 'Object Repository/Master Tagihan/Admin Sekolah/Pembayaran Siswa/Homepage/Sub Menu Pembayaran Siswa (1)/Field Pencarian Siswa'

06-01-2025T09:54:13 - [TEST_STEP][PASSED] - delay(2): Delayed 2 second(s)

06-01-2025T09:54:15 - [MESSAGE][PASSED] - Delayed 2 second(s)

06-01-2025T09:54:15 - [TEST_STEP][PASSED] - click(findTestObject("Master Tagihan/Admin Sekolah/Pembayaran Siswa/Homepage/Sub Menu Pembayaran Siswa (1)/Value Rekomendasi Siswa")): Object: 'Object Repository/Master Tagihan/Admin Sekolah/Pembayaran Siswa/Homepage/Sub Menu Pembayaran Siswa (1)/Value Rekomendasi Siswa' is clicked on

06-01-2025T09:54:15 - [MESSAGE][PASSED] - Object: 'Object Repository/Master Tagihan/Admin Sekolah/Pembayaran Siswa/Homepage/Sub Menu Pembayaran Siswa (1)/Value Rekomendasi Siswa' is clicked on

06-01-2025T09:54:15 - [TEST_STEP][PASSED] - ["Nama Tagihan", "Tipe Tagihan", "Tanggal Tagihan", "Jumlah Tagihan"].each({ java.lang.Object row -> ... }): Object: 'Object Repository/Master Tagihan/Admin Sekolah/Pembayaran Siswa/Homepage/Sub Menu Pembayaran Siswa (1)/Data in Table/Row Jumlah Tagihan' is clicked on

06-01-2025T09:54:17 - [MESSAGE][PASSED] - Object: 'Object Repository/Master Tagihan/Admin Sekolah/Pembayaran Siswa/Homepage/Sub Menu Pembayaran Siswa (1)/Data in Table/Row Nama Tagihan' is clicked on

06-01-2025T09:54:18 - [MESSAGE][PASSED] - Object: 'Object Repository/Master Tagihan/Admin Sekolah/Pembayaran Siswa/Homepage/Sub Menu Pembayaran Siswa (1)/Data in Table/Row Nama Tagihan' is clicked on

06-01-2025T09:54:20 - [MESSAGE][PASSED] - Object: 'Object Repository/Master Tagihan/Admin Sekolah/Pembayaran Siswa/Homepage/Sub Menu Pembayaran Siswa (1)/Data in Table/Row Nama Tagihan' is clicked on

06-01-2025T09:54:21 - [MESSAGE][PASSED] - Object: 'Object Repository/Master Tagihan/Admin Sekolah/Pembayaran Siswa/Homepage/Sub Menu Pembayaran Siswa (1)/Data in Table/Row Tipe Tagihan' is clicked on

06-01-2025T09:54:23 - [MESSAGE][PASSED] - Object: 'Object Repository/Master Tagihan/Admin Sekolah/Pembayaran Siswa/Homepage/Sub Menu Pembayaran Siswa (1)/Data in Table/Row Tipe Tagihan' is clicked on

06-01-2025T09:54:25 - [MESSAGE][PASSED] - Object: 'Object Repository/Master Tagihan/Admin Sekolah/Pembayaran Siswa/Homepage/Sub Menu Pembayaran Siswa (1)/Data in Table/Row Tipe Tagihan' is clicked on

06-01-2025T09:54:26 - [MESSAGE][PASSED] - Object: 'Object Repository/Master Tagihan/Admin Sekolah/Pembayaran Siswa/Homepage/Sub Menu Pembayaran Siswa (1)/Data in Table/Row Tanggal Tagihan' is clicked on

06-01-2025T09:54:28 - [MESSAGE][PASSED] - Object: 'Object Repository/Master Tagihan/Admin Sekolah/Pembayaran Siswa/Homepage/Sub Menu Pembayaran Siswa (1)/Data in Table/Row Tanggal Tagihan' is clicked on

06-01-2025T09:54:29 - [MESSAGE][PASSED] - Object: 'Object Repository/Master Tagihan/Admin Sekolah/Pembayaran Siswa/Homepage/Sub Menu Pembayaran Siswa (1)/Data in Table/Row Tanggal Tagihan' is clicked on

06-01-2025T09:54:31 - [MESSAGE][PASSED] - Object: 'Object Repository/Master Tagihan/Admin Sekolah/Pembayaran Siswa/Homepage/Sub Menu Pembayaran Siswa (1)/Data in Table/Row Jumlah Tagihan' is clicked on

06-01-2025T09:54:32 - [MESSAGE][PASSED] - Object: 'Object Repository/Master Tagihan/Admin Sekolah/Pembayaran Siswa/Homepage/Sub Menu Pembayaran Siswa (1)/Data in Table/Row Jumlah Tagihan' is clicked on

06-01-2025T09:54:34 - [MESSAGE][PASSED] - Object: 'Object Repository/Master Tagihan/Admin Sekolah/Pembayaran Siswa/Homepage/Sub Menu Pembayaran Siswa (1)/Data in Table/Row Jumlah Tagihan' is clicked on

06-01-2025T09:54:34 - [TEST_STEP][PASSED] - click(findTestObject("Master Tagihan/Admin Sekolah/Pembayaran Siswa/Homepage/Sub Menu Pembayaran Siswa (1)/Data in Table/Pilih Checkbox")): Object: 'Object Repository/Master Tagihan/Admin Sekolah/Pembayaran Siswa/Homepage/Sub Menu Pembayaran Siswa (1)/Data in Table/Pilih Checkbox' is clicked on

06-01-2025T09:54:36 - [MESSAGE][PASSED] - Object: 'Object Repository/Master Tagihan/Admin Sekolah/Pembayaran Siswa/Homepage/Sub Menu Pembayaran Siswa (1)/Data in Table/Pilih Checkbox' is clicked on

06-01-2025T09:54:36 - [TEST_STEP][PASSED] - click(findTestObject("Master Tagihan/Admin Sekolah/Pembayaran Siswa/Homepage/Sub Menu Pembayaran Siswa (1)/Data in Table/Button Bayar Sekarang")): Object: 'Object Repository/Master Tagihan/Admin Sekolah/Pembayaran Siswa/Homepage/Sub Menu Pembayaran Siswa (1)/Data in Table/Button Bayar Sekarang' is clicked on

06-01-2025T09:54:36 - [MESSAGE][PASSED] - Object: 'Object Repository/Master Tagihan/Admin Sekolah/Pembayaran Siswa/Homepage/Sub Menu Pembayaran Siswa (1)/Data in Table/Button Bayar Sekarang' is clicked on

06-01-2025T09:54:36 - [TEST_STEP][PASSED] - setText(findTestObject("Master Tagihan/Admin Sekolah/Pembayaran Siswa/Homepage/Sub Menu Pembayaran Siswa (1)/Pop Up Konfirmasi Pembayaran/Field Uang Yang Dibayarkan"), "5000000"): Text '5000000' is set on object 'Object Repository/Master Tagihan/Admin Sekolah/Pembayaran Siswa/Homepage/Sub Menu Pembayaran Siswa (1)/Pop Up Konfirmasi Pembayaran/Field Uang Yang Dibayarkan'

06-01-2025T09:54:37 - [MESSAGE][PASSED] - Text '5000000' is set on object 'Object Repository/Master Tagihan/Admin Sekolah/Pembayaran Siswa/Homepage/Sub Menu Pembayaran Siswa (1)/Pop Up Konfirmasi Pembayaran/Field Uang Yang Dibayarkan'

06-01-2025T09:54:37 - [TEST_STEP][PASSED] - handlePaymentErrorLoop(): null

06-01-2025T09:54:37 - [TEST_STEP][PASSED] - click(findTestObject("Master Tagihan/Admin Sekolah/Pembayaran Siswa/Homepage/Sub Menu Pembayaran Siswa (1)/Pop Up Konfirmasi Pembayaran/Button Lanjut Bayar")): Object: 'Object Repository/Master Tagihan/Admin Sekolah/Pembayaran Siswa/Homepage/Sub Menu Pembayaran Siswa (1)/Pop Up Konfirmasi Pembayaran/Button Lanjut Bayar' is clicked on

06-01-2025T09:54:38 - [MESSAGE][PASSED] - Object: 'Object Repository/Master Tagihan/Admin Sekolah/Pembayaran Siswa/Homepage/Sub Menu Pembayaran Siswa (1)/Pop Up Konfirmasi Pembayaran/Button Lanjut Bayar' is clicked on

06-01-2025T09:54:38 - [TEST_STEP][PASSED] - isErrorDisplayed = false: null

06-01-2025T09:54:38 - [TEST_STEP][PASSED] - attemptCount = 0: null

06-01-2025T09:54:38 - [TEST_STEP][PASSED] - maxAttempts = 5: null

06-01-2025T09:54:38 - [TEST_STEP][PASSED] - while (attemptCount < maxAttempts): null

06-01-2025T09:54:38 - [TEST_STEP][PASSED] - isErrorDisplayed = verifyElementPresent(findTestObject("//Toast[@type='error' and @message='Gagal Melakukan Pembayaran!' and @toastId='failed-billing-page']"), 5, OPTIONAL): Unable to verify object is present (Root cause: com.kms.katalon.core.exception.StepFailedException: Unable to verify object is present
	at com.kms.katalon.core.webui.keyword.internal.WebUIKeywordMain.stepFailed(WebUIKeywordMain.groovy:117)
	at com.kms.katalon.core.webui.keyword.internal.WebUIKeywordMain.runKeyword(WebUIKeywordMain.groovy:43)
	at com.kms.katalon.core.webui.keyword.builtin.VerifyElementPresentKeyword.verifyElementPresent(VerifyElementPresentKeyword.groovy:92)
	at com.kms.katalon.core.webui.keyword.builtin.VerifyElementPresentKeyword.execute(VerifyElementPresentKeyword.groovy:68)
	at com.kms.katalon.core.keyword.internal.KeywordExecutor.executeKeywordForPlatform(KeywordExecutor.groovy:74)
	at com.kms.katalon.core.webui.keyword.WebUiBuiltInKeywords.verifyElementPresent(WebUiBuiltInKeywords.groovy:1524)
	at Pembayaran Siswa.handlePaymentErrorLoop(Pembayaran Siswa:88)
	at Pembayaran Siswa.run(Pembayaran Siswa:72)
	at com.kms.katalon.core.main.ScriptEngine.run(ScriptEngine.java:194)
	at com.kms.katalon.core.main.ScriptEngine.runScriptAsRawText(ScriptEngine.java:119)
	at com.kms.katalon.core.main.TestCaseExecutor.runScript(TestCaseExecutor.java:448)
	at com.kms.katalon.core.main.TestCaseExecutor.doExecute(TestCaseExecutor.java:439)
	at com.kms.katalon.core.main.TestCaseExecutor.processExecutionPhase(TestCaseExecutor.java:418)
	at com.kms.katalon.core.main.TestCaseExecutor.accessMainPhase(TestCaseExecutor.java:410)
	at com.kms.katalon.core.main.TestCaseExecutor.execute(TestCaseExecutor.java:285)
	at com.kms.katalon.core.main.TestCaseMain.runTestCase(TestCaseMain.java:133)
	at com.kms.katalon.core.keyword.builtin.CallTestCaseKeyword$_callTestCase_closure1.doCall(CallTestCaseKeyword.groovy:59)
	at com.kms.katalon.core.keyword.builtin.CallTestCaseKeyword$_callTestCase_closure1.call(CallTestCaseKeyword.groovy)
	at com.kms.katalon.core.keyword.internal.KeywordMain.runKeyword(KeywordMain.groovy:75)
	at com.kms.katalon.core.keyword.builtin.CallTestCaseKeyword.callTestCase(CallTestCaseKeyword.groovy:81)
	at com.kms.katalon.core.keyword.builtin.CallTestCaseKeyword.execute(CallTestCaseKeyword.groovy:44)
	at com.kms.katalon.core.keyword.internal.KeywordExecutor.executeKeywordForPlatform(KeywordExecutor.groovy:74)
	at com.kms.katalon.core.keyword.BuiltinKeywords.callTestCase(BuiltinKeywords.groovy:310)
	at jdk.internal.reflect.GeneratedMethodAccessor47.invoke(Unknown Source)
	at java.base/jdk.internal.reflect.DelegatingMethodAccessorImpl.invoke(DelegatingMethodAccessorImpl.java:43)
	at Regresi Pembayaran Siswa.run(Regresi Pembayaran Siswa:22)
	at com.kms.katalon.core.main.ScriptEngine.run(ScriptEngine.java:194)
	at com.kms.katalon.core.main.ScriptEngine.runScriptAsRawText(ScriptEngine.java:119)
	at com.kms.katalon.core.main.TestCaseExecutor.runScript(TestCaseExecutor.java:448)
	at com.kms.katalon.core.main.TestCaseExecutor.doExecute(TestCaseExecutor.java:439)
	at com.kms.katalon.core.main.TestCaseExecutor.processExecutionPhase(TestCaseExecutor.java:418)
	at com.kms.katalon.core.main.TestCaseExecutor.accessMainPhase(TestCaseExecutor.java:410)
	at com.kms.katalon.core.main.TestCaseExecutor.execute(TestCaseExecutor.java:285)
	at com.kms.katalon.core.common.CommonExecutor.accessTestCaseMainPhase(CommonExecutor.java:65)
	at com.kms.katalon.core.main.TestSuiteExecutor.accessTestSuiteMainPhase(TestSuiteExecutor.java:161)
	at com.kms.katalon.core.main.TestSuiteExecutor.execute(TestSuiteExecutor.java:107)
	at com.kms.katalon.core.main.TestCaseMain.startTestSuite(TestCaseMain.java:176)
	at TempTestSuite1736130766400.run(TempTestSuite1736130766400.groovy:35)
	at java.base/jdk.internal.reflect.NativeMethodAccessorImpl.invoke0(Native Method)
	at java.base/jdk.internal.reflect.NativeMethodAccessorImpl.invoke(NativeMethodAccessorImpl.java:77)
	at java.base/jdk.internal.reflect.DelegatingMethodAccessorImpl.invoke(DelegatingMethodAccessorImpl.java:43)
Caused by: java.lang.IllegalArgumentException: Object is null
	at com.kms.katalon.core.helper.KeywordHelper.checkTestObjectParameter(KeywordHelper.java:33)
	at com.kms.katalon.core.webui.keyword.builtin.VerifyElementPresentKeyword$_verifyElementPresent_closure1.doCall(VerifyElementPresentKeyword.groovy:76)
	at com.kms.katalon.core.webui.keyword.builtin.VerifyElementPresentKeyword$_verifyElementPresent_closure1.call(VerifyElementPresentKeyword.groovy)
	at com.kms.katalon.core.webui.keyword.internal.WebUIKeywordMain.runKeyword(WebUIKeywordMain.groovy:35)
	at com.kms.katalon.core.webui.keyword.builtin.VerifyElementPresentKeyword.verifyElementPresent(VerifyElementPresentKeyword.groovy:92)
	at com.kms.katalon.core.webui.keyword.builtin.VerifyElementPresentKeyword.execute(VerifyElementPresentKeyword.groovy:68)
	at com.kms.katalon.core.keyword.internal.KeywordExecutor.executeKeywordForPlatform(KeywordExecutor.groovy:74)
	at com.kms.katalon.core.webui.keyword.WebUiBuiltInKeywords.verifyElementPresent(WebUiBuiltInKeywords.groovy:1524)
	at Script1732261254829.handlePaymentErrorLoop(Script1732261254829.groovy:88)
	at Script1732261254829.run(Script1732261254829.groovy:72)
	at com.kms.katalon.core.main.ScriptEngine.run(ScriptEngine.java:194)
	at com.kms.katalon.core.main.ScriptEngine.runScriptAsRawText(ScriptEngine.java:119)
	at com.kms.katalon.core.main.TestCaseExecutor.runScript(TestCaseExecutor.java:448)
	at com.kms.katalon.core.main.TestCaseExecutor.doExecute(TestCaseExecutor.java:439)
	at com.kms.katalon.core.main.TestCaseExecutor.processExecutionPhase(TestCaseExecutor.java:418)
	at com.kms.katalon.core.main.TestCaseExecutor.accessMainPhase(TestCaseExecutor.java:410)
	at com.kms.katalon.core.main.TestCaseExecutor.execute(TestCaseExecutor.java:285)
	at com.kms.katalon.core.main.TestCaseMain.runTestCase(TestCaseMain.java:133)
	at com.kms.katalon.core.keyword.builtin.CallTestCaseKeyword$_callTestCase_closure1.doCall(CallTestCaseKeyword.groovy:59)
	at com.kms.katalon.core.keyword.builtin.CallTestCaseKeyword$_callTestCase_closure1.call(CallTestCaseKeyword.groovy)
	at com.kms.katalon.core.keyword.internal.KeywordMain.runKeyword(KeywordMain.groovy:75)
	at com.kms.katalon.core.keyword.builtin.CallTestCaseKeyword.callTestCase(CallTestCaseKeyword.groovy:81)
	at com.kms.katalon.core.keyword.builtin.CallTestCaseKeyword.execute(CallTestCaseKeyword.groovy:44)
	at com.kms.katalon.core.keyword.internal.KeywordExecutor.executeKeywordForPlatform(KeywordExecutor.groovy:74)
	at com.kms.katalon.core.keyword.BuiltinKeywords.callTestCase(BuiltinKeywords.groovy:310)
	at jdk.internal.reflect.GeneratedMethodAccessor47.invoke(Unknown Source)
	at java.base/jdk.internal.reflect.DelegatingMethodAccessorImpl.invoke(DelegatingMethodAccessorImpl.java:43)
	at Script1735747616337.run(Script1735747616337.groovy:22)
	... 15 more
)

06-01-2025T09:54:38 - [MESSAGE][WARNING] - Test object with id 'Object Repository///Toast[@type='error' and @message='Gagal Melakukan Pembayaran!' and @toastId='failed-billing-page']' does not exist

06-01-2025T09:54:38 - [MESSAGE][WARNING] - Test object with id 'Object Repository/' does not exist

06-01-2025T09:54:38 - [MESSAGE][WARNING] - Unable to verify object is present (Root cause: com.kms.katalon.core.exception.StepFailedException: Unable to verify object is present
	at com.kms.katalon.core.webui.keyword.internal.WebUIKeywordMain.stepFailed(WebUIKeywordMain.groovy:117)
	at com.kms.katalon.core.webui.keyword.internal.WebUIKeywordMain.runKeyword(WebUIKeywordMain.groovy:43)
	at com.kms.katalon.core.webui.keyword.builtin.VerifyElementPresentKeyword.verifyElementPresent(VerifyElementPresentKeyword.groovy:92)
	at com.kms.katalon.core.webui.keyword.builtin.VerifyElementPresentKeyword.execute(VerifyElementPresentKeyword.groovy:68)
	at com.kms.katalon.core.keyword.internal.KeywordExecutor.executeKeywordForPlatform(KeywordExecutor.groovy:74)
	at com.kms.katalon.core.webui.keyword.WebUiBuiltInKeywords.verifyElementPresent(WebUiBuiltInKeywords.groovy:1524)
	at Pembayaran Siswa.handlePaymentErrorLoop(Pembayaran Siswa:88)
	at Pembayaran Siswa.run(Pembayaran Siswa:72)
	at com.kms.katalon.core.main.ScriptEngine.run(ScriptEngine.java:194)
	at com.kms.katalon.core.main.ScriptEngine.runScriptAsRawText(ScriptEngine.java:119)
	at com.kms.katalon.core.main.TestCaseExecutor.runScript(TestCaseExecutor.java:448)
	at com.kms.katalon.core.main.TestCaseExecutor.doExecute(TestCaseExecutor.java:439)
	at com.kms.katalon.core.main.TestCaseExecutor.processExecutionPhase(TestCaseExecutor.java:418)
	at com.kms.katalon.core.main.TestCaseExecutor.accessMainPhase(TestCaseExecutor.java:410)
	at com.kms.katalon.core.main.TestCaseExecutor.execute(TestCaseExecutor.java:285)
	at com.kms.katalon.core.main.TestCaseMain.runTestCase(TestCaseMain.java:133)
	at com.kms.katalon.core.keyword.builtin.CallTestCaseKeyword$_callTestCase_closure1.doCall(CallTestCaseKeyword.groovy:59)
	at com.kms.katalon.core.keyword.builtin.CallTestCaseKeyword$_callTestCase_closure1.call(CallTestCaseKeyword.groovy)
	at com.kms.katalon.core.keyword.internal.KeywordMain.runKeyword(KeywordMain.groovy:75)
	at com.kms.katalon.core.keyword.builtin.CallTestCaseKeyword.callTestCase(CallTestCaseKeyword.groovy:81)
	at com.kms.katalon.core.keyword.builtin.CallTestCaseKeyword.execute(CallTestCaseKeyword.groovy:44)
	at com.kms.katalon.core.keyword.internal.KeywordExecutor.executeKeywordForPlatform(KeywordExecutor.groovy:74)
	at com.kms.katalon.core.keyword.BuiltinKeywords.callTestCase(BuiltinKeywords.groovy:310)
	at jdk.internal.reflect.GeneratedMethodAccessor47.invoke(Unknown Source)
	at java.base/jdk.internal.reflect.DelegatingMethodAccessorImpl.invoke(DelegatingMethodAccessorImpl.java:43)
	at Regresi Pembayaran Siswa.run(Regresi Pembayaran Siswa:22)
	at com.kms.katalon.core.main.ScriptEngine.run(ScriptEngine.java:194)
	at com.kms.katalon.core.main.ScriptEngine.runScriptAsRawText(ScriptEngine.java:119)
	at com.kms.katalon.core.main.TestCaseExecutor.runScript(TestCaseExecutor.java:448)
	at com.kms.katalon.core.main.TestCaseExecutor.doExecute(TestCaseExecutor.java:439)
	at com.kms.katalon.core.main.TestCaseExecutor.processExecutionPhase(TestCaseExecutor.java:418)
	at com.kms.katalon.core.main.TestCaseExecutor.accessMainPhase(TestCaseExecutor.java:410)
	at com.kms.katalon.core.main.TestCaseExecutor.execute(TestCaseExecutor.java:285)
	at com.kms.katalon.core.common.CommonExecutor.accessTestCaseMainPhase(CommonExecutor.java:65)
	at com.kms.katalon.core.main.TestSuiteExecutor.accessTestSuiteMainPhase(TestSuiteExecutor.java:161)
	at com.kms.katalon.core.main.TestSuiteExecutor.execute(TestSuiteExecutor.java:107)
	at com.kms.katalon.core.main.TestCaseMain.startTestSuite(TestCaseMain.java:176)
	at TempTestSuite1736130766400.run(TempTestSuite1736130766400.groovy:35)
	at java.base/jdk.internal.reflect.NativeMethodAccessorImpl.invoke0(Native Method)
	at java.base/jdk.internal.reflect.NativeMethodAccessorImpl.invoke(NativeMethodAccessorImpl.java:77)
	at java.base/jdk.internal.reflect.DelegatingMethodAccessorImpl.invoke(DelegatingMethodAccessorImpl.java:43)
Caused by: java.lang.IllegalArgumentException: Object is null
	at com.kms.katalon.core.helper.KeywordHelper.checkTestObjectParameter(KeywordHelper.java:33)
	at com.kms.katalon.core.webui.keyword.builtin.VerifyElementPresentKeyword$_verifyElementPresent_closure1.doCall(VerifyElementPresentKeyword.groovy:76)
	at com.kms.katalon.core.webui.keyword.builtin.VerifyElementPresentKeyword$_verifyElementPresent_closure1.call(VerifyElementPresentKeyword.groovy)
	at com.kms.katalon.core.webui.keyword.internal.WebUIKeywordMain.runKeyword(WebUIKeywordMain.groovy:35)
	at com.kms.katalon.core.webui.keyword.builtin.VerifyElementPresentKeyword.verifyElementPresent(VerifyElementPresentKeyword.groovy:92)
	at com.kms.katalon.core.webui.keyword.builtin.VerifyElementPresentKeyword.execute(VerifyElementPresentKeyword.groovy:68)
	at com.kms.katalon.core.keyword.internal.KeywordExecutor.executeKeywordForPlatform(KeywordExecutor.groovy:74)
	at com.kms.katalon.core.webui.keyword.WebUiBuiltInKeywords.verifyElementPresent(WebUiBuiltInKeywords.groovy:1524)
	at Script1732261254829.handlePaymentErrorLoop(Script1732261254829.groovy:88)
	at Script1732261254829.run(Script1732261254829.groovy:72)
	at com.kms.katalon.core.main.ScriptEngine.run(ScriptEngine.java:194)
	at com.kms.katalon.core.main.ScriptEngine.runScriptAsRawText(ScriptEngine.java:119)
	at com.kms.katalon.core.main.TestCaseExecutor.runScript(TestCaseExecutor.java:448)
	at com.kms.katalon.core.main.TestCaseExecutor.doExecute(TestCaseExecutor.java:439)
	at com.kms.katalon.core.main.TestCaseExecutor.processExecutionPhase(TestCaseExecutor.java:418)
	at com.kms.katalon.core.main.TestCaseExecutor.accessMainPhase(TestCaseExecutor.java:410)
	at com.kms.katalon.core.main.TestCaseExecutor.execute(TestCaseExecutor.java:285)
	at com.kms.katalon.core.main.TestCaseMain.runTestCase(TestCaseMain.java:133)
	at com.kms.katalon.core.keyword.builtin.CallTestCaseKeyword$_callTestCase_closure1.doCall(CallTestCaseKeyword.groovy:59)
	at com.kms.katalon.core.keyword.builtin.CallTestCaseKeyword$_callTestCase_closure1.call(CallTestCaseKeyword.groovy)
	at com.kms.katalon.core.keyword.internal.KeywordMain.runKeyword(KeywordMain.groovy:75)
	at com.kms.katalon.core.keyword.builtin.CallTestCaseKeyword.callTestCase(CallTestCaseKeyword.groovy:81)
	at com.kms.katalon.core.keyword.builtin.CallTestCaseKeyword.execute(CallTestCaseKeyword.groovy:44)
	at com.kms.katalon.core.keyword.internal.KeywordExecutor.executeKeywordForPlatform(KeywordExecutor.groovy:74)
	at com.kms.katalon.core.keyword.BuiltinKeywords.callTestCase(BuiltinKeywords.groovy:310)
	at jdk.internal.reflect.GeneratedMethodAccessor47.invoke(Unknown Source)
	at java.base/jdk.internal.reflect.DelegatingMethodAccessorImpl.invoke(DelegatingMethodAccessorImpl.java:43)
	at Script1735747616337.run(Script1735747616337.groovy:22)
	... 15 more
)
[[ATTACHMENT|C:\\Users\\henri\\Videos\\school-payment-automation-testing\\Reports\\20250106_093246\\Regresi All Sprint\\20250106_093246\\1736132078573.png]]

06-01-2025T09:54:38 - [TEST_STEP][PASSED] - if (isErrorDisplayed): null

06-01-2025T09:54:38 - [TEST_STEP][PASSED] - else: null

06-01-2025T09:54:38 - [TEST_STEP][PASSED] - break: null

06-01-2025T09:54:38 - [TEST_STEP][PASSED] - verifyElementVisible(findTestObject("Master Tagihan/Admin Sekolah/Pembayaran Siswa/Homepage/Sub Menu Pembayaran Siswa (1)/Page Sukses Pembayaran Siswa/Toast Notification Berhasil")): Object 'Object Repository/Master Tagihan/Admin Sekolah/Pembayaran Siswa/Homepage/Sub Menu Pembayaran Siswa (1)/Page Sukses Pembayaran Siswa/Toast Notification Berhasil' is visible

06-01-2025T09:54:39 - [MESSAGE][PASSED] - Object 'Object Repository/Master Tagihan/Admin Sekolah/Pembayaran Siswa/Homepage/Sub Menu Pembayaran Siswa (1)/Page Sukses Pembayaran Siswa/Toast Notification Berhasil' is visible

06-01-2025T09:54:39 - [TEST_STEP][PASSED] - click(findTestObject("Master Tagihan/Admin Sekolah/Pembayaran Siswa/Homepage/Sub Menu Pembayaran Siswa (1)/Page Sukses Pembayaran Siswa/Button Cetak")): Object: 'Object Repository/Master Tagihan/Admin Sekolah/Pembayaran Siswa/Homepage/Sub Menu Pembayaran Siswa (1)/Page Sukses Pembayaran Siswa/Button Cetak' is clicked on

06-01-2025T09:54:40 - [MESSAGE][PASSED] - Object: 'Object Repository/Master Tagihan/Admin Sekolah/Pembayaran Siswa/Homepage/Sub Menu Pembayaran Siswa (1)/Page Sukses Pembayaran Siswa/Button Cetak' is clicked on

06-01-2025T09:54:40 - [TEST_STEP][PASSED] - delay(5): Delayed 5 second(s)

06-01-2025T09:54:45 - [MESSAGE][PASSED] - Delayed 5 second(s)

06-01-2025T09:54:45 - [MESSAGE][PASSED] - Call Test Case 'Test Cases/Master Tagihan/Admin Sekolah/Master Tagihan Pembayaran Siswa/Pembayaran Siswa' successfully

06-01-2025T09:54:45 - [TEST_STEP][PASSED] - println("============================= Loop Again ==============================="): null

06-01-2025T09:54:45 - [TEST_STEP][PASSED] - callTestCase(findTestCase("Test Cases/Master Tagihan/Admin Sekolah/Master Tagihan Pembayaran Siswa/Pembayaran Siswa"), [:], OPTIONAL): Call Test Case 'Test Cases/Master Tagihan/Admin Sekolah/Master Tagihan Pembayaran Siswa/Pembayaran Siswa' successfully

06-01-2025T09:54:45 - [TEST_CASE][PASSED] - Test Cases/Master Tagihan/Admin Sekolah/Master Tagihan Pembayaran Siswa/Pembayaran Siswa: Test Cases/Master Tagihan/Admin Sekolah/Master Tagihan Pembayaran Siswa/Pembayaran Siswa

06-01-2025T09:54:45 - [TEST_STEP][PASSED] - openBrowser(""): Browser is opened with url: ''

06-01-2025T09:54:45 - [MESSAGE][WARNING] - A browser is already opened. Closing browser and opening a new one

06-01-2025T09:54:45 - [MESSAGE][INFO] - Starting 'Chrome' driver

06-01-2025T09:54:45 - [MESSAGE][INFO] - Action delay is set to 0 milliseconds

06-01-2025T09:54:46 - [MESSAGE][PASSED] - Browser is opened with url: ''

06-01-2025T09:54:46 - [TEST_STEP][PASSED] - navigateToUrl("https://sit.siprusedu.com/login"): Navigate to 'https://sit.siprusedu.com/login' successfully

06-01-2025T09:54:46 - [MESSAGE][PASSED] - Navigate to 'https://sit.siprusedu.com/login' successfully

06-01-2025T09:54:46 - [TEST_STEP][PASSED] - maximizeWindow(): Current window maximized

06-01-2025T09:54:46 - [MESSAGE][PASSED] - Current window maximized

06-01-2025T09:54:46 - [TEST_STEP][PASSED] - setText(findTestObject("Master Data/Admin Sekolah/Login/Field Email"), "admin.sekolah@gmail.com"): Text 'admin.sekolah@gmail.com' is set on object 'Object Repository/Master Data/Admin Sekolah/Login/Field Email'

06-01-2025T09:54:48 - [MESSAGE][PASSED] - Text 'admin.sekolah@gmail.com' is set on object 'Object Repository/Master Data/Admin Sekolah/Login/Field Email'

06-01-2025T09:54:48 - [TEST_STEP][PASSED] - setText(findTestObject("Master Data/Admin Sekolah/Login/Input Password"), "Test1234"): Text 'Test1234' is set on object 'Object Repository/Master Data/Admin Sekolah/Login/Input Password'

06-01-2025T09:54:49 - [MESSAGE][PASSED] - Text 'Test1234' is set on object 'Object Repository/Master Data/Admin Sekolah/Login/Input Password'

06-01-2025T09:54:49 - [TEST_STEP][PASSED] - click(findTestObject("Master Data/Admin Sekolah/Login/Button Submit")): Object: 'Object Repository/Master Data/Admin Sekolah/Login/Button Submit' is clicked on

06-01-2025T09:54:49 - [MESSAGE][PASSED] - Object: 'Object Repository/Master Data/Admin Sekolah/Login/Button Submit' is clicked on

06-01-2025T09:54:49 - [TEST_STEP][PASSED] - click(findTestObject("Master Tagihan/Admin Sekolah/Pembayaran Siswa/Homepage/Menu Tagihan")): Object: 'Object Repository/Master Tagihan/Admin Sekolah/Pembayaran Siswa/Homepage/Menu Tagihan' is clicked on

06-01-2025T09:54:51 - [MESSAGE][PASSED] - Object: 'Object Repository/Master Tagihan/Admin Sekolah/Pembayaran Siswa/Homepage/Menu Tagihan' is clicked on

06-01-2025T09:54:51 - [TEST_STEP][PASSED] - click(findTestObject("Master Tagihan/Admin Sekolah/Pembayaran Siswa/Homepage/Sub Menu Pembayaran Siswa")): Object: 'Object Repository/Master Tagihan/Admin Sekolah/Pembayaran Siswa/Homepage/Sub Menu Pembayaran Siswa' is clicked on

06-01-2025T09:55:12 - [MESSAGE][PASSED] - Object: 'Object Repository/Master Tagihan/Admin Sekolah/Pembayaran Siswa/Homepage/Sub Menu Pembayaran Siswa' is clicked on

06-01-2025T09:55:12 - [TEST_STEP][PASSED] - setText(findTestObject("Master Tagihan/Admin Sekolah/Pembayaran Siswa/Homepage/Sub Menu Pembayaran Siswa (1)/Field Pencarian Siswa"), "adam"): Text 'adam' is set on object 'Object Repository/Master Tagihan/Admin Sekolah/Pembayaran Siswa/Homepage/Sub Menu Pembayaran Siswa (1)/Field Pencarian Siswa'

06-01-2025T09:55:12 - [MESSAGE][PASSED] - Text 'adam' is set on object 'Object Repository/Master Tagihan/Admin Sekolah/Pembayaran Siswa/Homepage/Sub Menu Pembayaran Siswa (1)/Field Pencarian Siswa'

06-01-2025T09:55:12 - [TEST_STEP][PASSED] - delay(2): Delayed 2 second(s)

06-01-2025T09:55:14 - [MESSAGE][PASSED] - Delayed 2 second(s)

06-01-2025T09:55:14 - [TEST_STEP][PASSED] - click(findTestObject("Master Tagihan/Admin Sekolah/Pembayaran Siswa/Homepage/Sub Menu Pembayaran Siswa (1)/Value Rekomendasi Siswa")): Object: 'Object Repository/Master Tagihan/Admin Sekolah/Pembayaran Siswa/Homepage/Sub Menu Pembayaran Siswa (1)/Value Rekomendasi Siswa' is clicked on

06-01-2025T09:55:15 - [MESSAGE][PASSED] - Object: 'Object Repository/Master Tagihan/Admin Sekolah/Pembayaran Siswa/Homepage/Sub Menu Pembayaran Siswa (1)/Value Rekomendasi Siswa' is clicked on

06-01-2025T09:55:15 - [TEST_STEP][PASSED] - click(findTestObject("Master Tagihan/Admin Sekolah/Pembayaran Siswa/Homepage/Sub Menu Pembayaran Siswa (1)/Page Pembayaran Siswa/Button Riwayat Pembayaran")): Object: 'Object Repository/Master Tagihan/Admin Sekolah/Pembayaran Siswa/Homepage/Sub Menu Pembayaran Siswa (1)/Page Pembayaran Siswa/Button Riwayat Pembayaran' is clicked on

06-01-2025T09:55:16 - [MESSAGE][PASSED] - Object: 'Object Repository/Master Tagihan/Admin Sekolah/Pembayaran Siswa/Homepage/Sub Menu Pembayaran Siswa (1)/Page Pembayaran Siswa/Button Riwayat Pembayaran' is clicked on

06-01-2025T09:55:16 - [TEST_STEP][PASSED] - verifyElementVisible(findTestObject("Master Tagihan/Admin Sekolah/Pembayaran Siswa/Homepage/Sub Menu Pembayaran Siswa (1)/Verifikasi Nama Siswa")): Object 'Object Repository/Master Tagihan/Admin Sekolah/Pembayaran Siswa/Homepage/Sub Menu Pembayaran Siswa (1)/Verifikasi Nama Siswa' is visible

06-01-2025T09:55:17 - [MESSAGE][PASSED] - Object 'Object Repository/Master Tagihan/Admin Sekolah/Pembayaran Siswa/Homepage/Sub Menu Pembayaran Siswa (1)/Verifikasi Nama Siswa' is visible

06-01-2025T09:55:17 - [TEST_STEP][PASSED] - back(): Navigate back successfully

06-01-2025T09:55:17 - [MESSAGE][PASSED] - Navigate back successfully

06-01-2025T09:55:17 - [TEST_STEP][PASSED] - setText(findTestObject("Master Tagihan/Admin Sekolah/Pembayaran Siswa/Homepage/Sub Menu Pembayaran Siswa (1)/Field Pencarian Siswa"), "adam"): Text 'adam' is set on object 'Object Repository/Master Tagihan/Admin Sekolah/Pembayaran Siswa/Homepage/Sub Menu Pembayaran Siswa (1)/Field Pencarian Siswa'

06-01-2025T09:55:18 - [MESSAGE][PASSED] - Text 'adam' is set on object 'Object Repository/Master Tagihan/Admin Sekolah/Pembayaran Siswa/Homepage/Sub Menu Pembayaran Siswa (1)/Field Pencarian Siswa'

06-01-2025T09:55:18 - [TEST_STEP][PASSED] - delay(2): Delayed 2 second(s)

06-01-2025T09:55:20 - [MESSAGE][PASSED] - Delayed 2 second(s)

06-01-2025T09:55:20 - [TEST_STEP][PASSED] - click(findTestObject("Master Tagihan/Admin Sekolah/Pembayaran Siswa/Homepage/Sub Menu Pembayaran Siswa (1)/Value Rekomendasi Siswa")): Object: 'Object Repository/Master Tagihan/Admin Sekolah/Pembayaran Siswa/Homepage/Sub Menu Pembayaran Siswa (1)/Value Rekomendasi Siswa' is clicked on

06-01-2025T09:55:20 - [MESSAGE][PASSED] - Object: 'Object Repository/Master Tagihan/Admin Sekolah/Pembayaran Siswa/Homepage/Sub Menu Pembayaran Siswa (1)/Value Rekomendasi Siswa' is clicked on

06-01-2025T09:55:20 - [TEST_STEP][PASSED] - ["Nama Tagihan", "Tipe Tagihan", "Tanggal Tagihan", "Jumlah Tagihan"].each({ java.lang.Object row -> ... }): Object: 'Object Repository/Master Tagihan/Admin Sekolah/Pembayaran Siswa/Homepage/Sub Menu Pembayaran Siswa (1)/Data in Table/Row Jumlah Tagihan' is clicked on

06-01-2025T09:55:21 - [MESSAGE][PASSED] - Object: 'Object Repository/Master Tagihan/Admin Sekolah/Pembayaran Siswa/Homepage/Sub Menu Pembayaran Siswa (1)/Data in Table/Row Nama Tagihan' is clicked on

06-01-2025T09:55:23 - [MESSAGE][PASSED] - Object: 'Object Repository/Master Tagihan/Admin Sekolah/Pembayaran Siswa/Homepage/Sub Menu Pembayaran Siswa (1)/Data in Table/Row Nama Tagihan' is clicked on

06-01-2025T09:55:25 - [MESSAGE][PASSED] - Object: 'Object Repository/Master Tagihan/Admin Sekolah/Pembayaran Siswa/Homepage/Sub Menu Pembayaran Siswa (1)/Data in Table/Row Nama Tagihan' is clicked on

06-01-2025T09:55:26 - [MESSAGE][PASSED] - Object: 'Object Repository/Master Tagihan/Admin Sekolah/Pembayaran Siswa/Homepage/Sub Menu Pembayaran Siswa (1)/Data in Table/Row Tipe Tagihan' is clicked on

06-01-2025T09:55:28 - [MESSAGE][PASSED] - Object: 'Object Repository/Master Tagihan/Admin Sekolah/Pembayaran Siswa/Homepage/Sub Menu Pembayaran Siswa (1)/Data in Table/Row Tipe Tagihan' is clicked on

06-01-2025T09:55:29 - [MESSAGE][PASSED] - Object: 'Object Repository/Master Tagihan/Admin Sekolah/Pembayaran Siswa/Homepage/Sub Menu Pembayaran Siswa (1)/Data in Table/Row Tipe Tagihan' is clicked on

06-01-2025T09:55:31 - [MESSAGE][PASSED] - Object: 'Object Repository/Master Tagihan/Admin Sekolah/Pembayaran Siswa/Homepage/Sub Menu Pembayaran Siswa (1)/Data in Table/Row Tanggal Tagihan' is clicked on

06-01-2025T09:55:33 - [MESSAGE][PASSED] - Object: 'Object Repository/Master Tagihan/Admin Sekolah/Pembayaran Siswa/Homepage/Sub Menu Pembayaran Siswa (1)/Data in Table/Row Tanggal Tagihan' is clicked on

06-01-2025T09:55:34 - [MESSAGE][PASSED] - Object: 'Object Repository/Master Tagihan/Admin Sekolah/Pembayaran Siswa/Homepage/Sub Menu Pembayaran Siswa (1)/Data in Table/Row Tanggal Tagihan' is clicked on

06-01-2025T09:55:36 - [MESSAGE][PASSED] - Object: 'Object Repository/Master Tagihan/Admin Sekolah/Pembayaran Siswa/Homepage/Sub Menu Pembayaran Siswa (1)/Data in Table/Row Jumlah Tagihan' is clicked on

06-01-2025T09:55:37 - [MESSAGE][PASSED] - Object: 'Object Repository/Master Tagihan/Admin Sekolah/Pembayaran Siswa/Homepage/Sub Menu Pembayaran Siswa (1)/Data in Table/Row Jumlah Tagihan' is clicked on

06-01-2025T09:55:39 - [MESSAGE][PASSED] - Object: 'Object Repository/Master Tagihan/Admin Sekolah/Pembayaran Siswa/Homepage/Sub Menu Pembayaran Siswa (1)/Data in Table/Row Jumlah Tagihan' is clicked on

06-01-2025T09:55:39 - [TEST_STEP][PASSED] - click(findTestObject("Master Tagihan/Admin Sekolah/Pembayaran Siswa/Homepage/Sub Menu Pembayaran Siswa (1)/Data in Table/Pilih Checkbox")): Object: 'Object Repository/Master Tagihan/Admin Sekolah/Pembayaran Siswa/Homepage/Sub Menu Pembayaran Siswa (1)/Data in Table/Pilih Checkbox' is clicked on

06-01-2025T09:55:41 - [MESSAGE][PASSED] - Object: 'Object Repository/Master Tagihan/Admin Sekolah/Pembayaran Siswa/Homepage/Sub Menu Pembayaran Siswa (1)/Data in Table/Pilih Checkbox' is clicked on

06-01-2025T09:55:41 - [TEST_STEP][PASSED] - click(findTestObject("Master Tagihan/Admin Sekolah/Pembayaran Siswa/Homepage/Sub Menu Pembayaran Siswa (1)/Data in Table/Button Bayar Sekarang")): Object: 'Object Repository/Master Tagihan/Admin Sekolah/Pembayaran Siswa/Homepage/Sub Menu Pembayaran Siswa (1)/Data in Table/Button Bayar Sekarang' is clicked on

06-01-2025T09:55:42 - [MESSAGE][PASSED] - Object: 'Object Repository/Master Tagihan/Admin Sekolah/Pembayaran Siswa/Homepage/Sub Menu Pembayaran Siswa (1)/Data in Table/Button Bayar Sekarang' is clicked on

06-01-2025T09:55:42 - [TEST_STEP][PASSED] - setText(findTestObject("Master Tagihan/Admin Sekolah/Pembayaran Siswa/Homepage/Sub Menu Pembayaran Siswa (1)/Pop Up Konfirmasi Pembayaran/Field Uang Yang Dibayarkan"), "5000000"): Text '5000000' is set on object 'Object Repository/Master Tagihan/Admin Sekolah/Pembayaran Siswa/Homepage/Sub Menu Pembayaran Siswa (1)/Pop Up Konfirmasi Pembayaran/Field Uang Yang Dibayarkan'

06-01-2025T09:55:42 - [MESSAGE][PASSED] - Text '5000000' is set on object 'Object Repository/Master Tagihan/Admin Sekolah/Pembayaran Siswa/Homepage/Sub Menu Pembayaran Siswa (1)/Pop Up Konfirmasi Pembayaran/Field Uang Yang Dibayarkan'

06-01-2025T09:55:42 - [TEST_STEP][PASSED] - handlePaymentErrorLoop(): null

06-01-2025T09:55:42 - [TEST_STEP][PASSED] - click(findTestObject("Master Tagihan/Admin Sekolah/Pembayaran Siswa/Homepage/Sub Menu Pembayaran Siswa (1)/Pop Up Konfirmasi Pembayaran/Button Lanjut Bayar")): Object: 'Object Repository/Master Tagihan/Admin Sekolah/Pembayaran Siswa/Homepage/Sub Menu Pembayaran Siswa (1)/Pop Up Konfirmasi Pembayaran/Button Lanjut Bayar' is clicked on

06-01-2025T09:55:43 - [MESSAGE][PASSED] - Object: 'Object Repository/Master Tagihan/Admin Sekolah/Pembayaran Siswa/Homepage/Sub Menu Pembayaran Siswa (1)/Pop Up Konfirmasi Pembayaran/Button Lanjut Bayar' is clicked on

06-01-2025T09:55:43 - [TEST_STEP][PASSED] - isErrorDisplayed = false: null

06-01-2025T09:55:43 - [TEST_STEP][PASSED] - attemptCount = 0: null

06-01-2025T09:55:43 - [TEST_STEP][PASSED] - maxAttempts = 5: null

06-01-2025T09:55:43 - [TEST_STEP][PASSED] - while (attemptCount < maxAttempts): null

06-01-2025T09:55:43 - [TEST_STEP][PASSED] - isErrorDisplayed = verifyElementPresent(findTestObject("//Toast[@type='error' and @message='Gagal Melakukan Pembayaran!' and @toastId='failed-billing-page']"), 5, OPTIONAL): Unable to verify object is present (Root cause: com.kms.katalon.core.exception.StepFailedException: Unable to verify object is present
	at com.kms.katalon.core.webui.keyword.internal.WebUIKeywordMain.stepFailed(WebUIKeywordMain.groovy:117)
	at com.kms.katalon.core.webui.keyword.internal.WebUIKeywordMain.runKeyword(WebUIKeywordMain.groovy:43)
	at com.kms.katalon.core.webui.keyword.builtin.VerifyElementPresentKeyword.verifyElementPresent(VerifyElementPresentKeyword.groovy:92)
	at com.kms.katalon.core.webui.keyword.builtin.VerifyElementPresentKeyword.execute(VerifyElementPresentKeyword.groovy:68)
	at com.kms.katalon.core.keyword.internal.KeywordExecutor.executeKeywordForPlatform(KeywordExecutor.groovy:74)
	at com.kms.katalon.core.webui.keyword.WebUiBuiltInKeywords.verifyElementPresent(WebUiBuiltInKeywords.groovy:1524)
	at Pembayaran Siswa.handlePaymentErrorLoop(Pembayaran Siswa:88)
	at Pembayaran Siswa.run(Pembayaran Siswa:72)
	at com.kms.katalon.core.main.ScriptEngine.run(ScriptEngine.java:194)
	at com.kms.katalon.core.main.ScriptEngine.runScriptAsRawText(ScriptEngine.java:119)
	at com.kms.katalon.core.main.TestCaseExecutor.runScript(TestCaseExecutor.java:448)
	at com.kms.katalon.core.main.TestCaseExecutor.doExecute(TestCaseExecutor.java:439)
	at com.kms.katalon.core.main.TestCaseExecutor.processExecutionPhase(TestCaseExecutor.java:418)
	at com.kms.katalon.core.main.TestCaseExecutor.accessMainPhase(TestCaseExecutor.java:410)
	at com.kms.katalon.core.main.TestCaseExecutor.execute(TestCaseExecutor.java:285)
	at com.kms.katalon.core.main.TestCaseMain.runTestCase(TestCaseMain.java:133)
	at com.kms.katalon.core.keyword.builtin.CallTestCaseKeyword$_callTestCase_closure1.doCall(CallTestCaseKeyword.groovy:59)
	at com.kms.katalon.core.keyword.builtin.CallTestCaseKeyword$_callTestCase_closure1.call(CallTestCaseKeyword.groovy)
	at com.kms.katalon.core.keyword.internal.KeywordMain.runKeyword(KeywordMain.groovy:75)
	at com.kms.katalon.core.keyword.builtin.CallTestCaseKeyword.callTestCase(CallTestCaseKeyword.groovy:81)
	at com.kms.katalon.core.keyword.builtin.CallTestCaseKeyword.execute(CallTestCaseKeyword.groovy:44)
	at com.kms.katalon.core.keyword.internal.KeywordExecutor.executeKeywordForPlatform(KeywordExecutor.groovy:74)
	at com.kms.katalon.core.keyword.BuiltinKeywords.callTestCase(BuiltinKeywords.groovy:310)
	at jdk.internal.reflect.GeneratedMethodAccessor47.invoke(Unknown Source)
	at java.base/jdk.internal.reflect.DelegatingMethodAccessorImpl.invoke(DelegatingMethodAccessorImpl.java:43)
	at Regresi Pembayaran Siswa.run(Regresi Pembayaran Siswa:22)
	at com.kms.katalon.core.main.ScriptEngine.run(ScriptEngine.java:194)
	at com.kms.katalon.core.main.ScriptEngine.runScriptAsRawText(ScriptEngine.java:119)
	at com.kms.katalon.core.main.TestCaseExecutor.runScript(TestCaseExecutor.java:448)
	at com.kms.katalon.core.main.TestCaseExecutor.doExecute(TestCaseExecutor.java:439)
	at com.kms.katalon.core.main.TestCaseExecutor.processExecutionPhase(TestCaseExecutor.java:418)
	at com.kms.katalon.core.main.TestCaseExecutor.accessMainPhase(TestCaseExecutor.java:410)
	at com.kms.katalon.core.main.TestCaseExecutor.execute(TestCaseExecutor.java:285)
	at com.kms.katalon.core.common.CommonExecutor.accessTestCaseMainPhase(CommonExecutor.java:65)
	at com.kms.katalon.core.main.TestSuiteExecutor.accessTestSuiteMainPhase(TestSuiteExecutor.java:161)
	at com.kms.katalon.core.main.TestSuiteExecutor.execute(TestSuiteExecutor.java:107)
	at com.kms.katalon.core.main.TestCaseMain.startTestSuite(TestCaseMain.java:176)
	at TempTestSuite1736130766400.run(TempTestSuite1736130766400.groovy:35)
	at java.base/jdk.internal.reflect.NativeMethodAccessorImpl.invoke0(Native Method)
	at java.base/jdk.internal.reflect.NativeMethodAccessorImpl.invoke(NativeMethodAccessorImpl.java:77)
	at java.base/jdk.internal.reflect.DelegatingMethodAccessorImpl.invoke(DelegatingMethodAccessorImpl.java:43)
Caused by: java.lang.IllegalArgumentException: Object is null
	at com.kms.katalon.core.helper.KeywordHelper.checkTestObjectParameter(KeywordHelper.java:33)
	at com.kms.katalon.core.webui.keyword.builtin.VerifyElementPresentKeyword$_verifyElementPresent_closure1.doCall(VerifyElementPresentKeyword.groovy:76)
	at com.kms.katalon.core.webui.keyword.builtin.VerifyElementPresentKeyword$_verifyElementPresent_closure1.call(VerifyElementPresentKeyword.groovy)
	at com.kms.katalon.core.webui.keyword.internal.WebUIKeywordMain.runKeyword(WebUIKeywordMain.groovy:35)
	at com.kms.katalon.core.webui.keyword.builtin.VerifyElementPresentKeyword.verifyElementPresent(VerifyElementPresentKeyword.groovy:92)
	at com.kms.katalon.core.webui.keyword.builtin.VerifyElementPresentKeyword.execute(VerifyElementPresentKeyword.groovy:68)
	at com.kms.katalon.core.keyword.internal.KeywordExecutor.executeKeywordForPlatform(KeywordExecutor.groovy:74)
	at com.kms.katalon.core.webui.keyword.WebUiBuiltInKeywords.verifyElementPresent(WebUiBuiltInKeywords.groovy:1524)
	at Script1732261254829.handlePaymentErrorLoop(Script1732261254829.groovy:88)
	at Script1732261254829.run(Script1732261254829.groovy:72)
	at com.kms.katalon.core.main.ScriptEngine.run(ScriptEngine.java:194)
	at com.kms.katalon.core.main.ScriptEngine.runScriptAsRawText(ScriptEngine.java:119)
	at com.kms.katalon.core.main.TestCaseExecutor.runScript(TestCaseExecutor.java:448)
	at com.kms.katalon.core.main.TestCaseExecutor.doExecute(TestCaseExecutor.java:439)
	at com.kms.katalon.core.main.TestCaseExecutor.processExecutionPhase(TestCaseExecutor.java:418)
	at com.kms.katalon.core.main.TestCaseExecutor.accessMainPhase(TestCaseExecutor.java:410)
	at com.kms.katalon.core.main.TestCaseExecutor.execute(TestCaseExecutor.java:285)
	at com.kms.katalon.core.main.TestCaseMain.runTestCase(TestCaseMain.java:133)
	at com.kms.katalon.core.keyword.builtin.CallTestCaseKeyword$_callTestCase_closure1.doCall(CallTestCaseKeyword.groovy:59)
	at com.kms.katalon.core.keyword.builtin.CallTestCaseKeyword$_callTestCase_closure1.call(CallTestCaseKeyword.groovy)
	at com.kms.katalon.core.keyword.internal.KeywordMain.runKeyword(KeywordMain.groovy:75)
	at com.kms.katalon.core.keyword.builtin.CallTestCaseKeyword.callTestCase(CallTestCaseKeyword.groovy:81)
	at com.kms.katalon.core.keyword.builtin.CallTestCaseKeyword.execute(CallTestCaseKeyword.groovy:44)
	at com.kms.katalon.core.keyword.internal.KeywordExecutor.executeKeywordForPlatform(KeywordExecutor.groovy:74)
	at com.kms.katalon.core.keyword.BuiltinKeywords.callTestCase(BuiltinKeywords.groovy:310)
	at jdk.internal.reflect.GeneratedMethodAccessor47.invoke(Unknown Source)
	at java.base/jdk.internal.reflect.DelegatingMethodAccessorImpl.invoke(DelegatingMethodAccessorImpl.java:43)
	at Script1735747616337.run(Script1735747616337.groovy:22)
	... 15 more
)

06-01-2025T09:55:43 - [MESSAGE][WARNING] - Test object with id 'Object Repository///Toast[@type='error' and @message='Gagal Melakukan Pembayaran!' and @toastId='failed-billing-page']' does not exist

06-01-2025T09:55:43 - [MESSAGE][WARNING] - Test object with id 'Object Repository/' does not exist

06-01-2025T09:55:43 - [MESSAGE][WARNING] - Unable to verify object is present (Root cause: com.kms.katalon.core.exception.StepFailedException: Unable to verify object is present
	at com.kms.katalon.core.webui.keyword.internal.WebUIKeywordMain.stepFailed(WebUIKeywordMain.groovy:117)
	at com.kms.katalon.core.webui.keyword.internal.WebUIKeywordMain.runKeyword(WebUIKeywordMain.groovy:43)
	at com.kms.katalon.core.webui.keyword.builtin.VerifyElementPresentKeyword.verifyElementPresent(VerifyElementPresentKeyword.groovy:92)
	at com.kms.katalon.core.webui.keyword.builtin.VerifyElementPresentKeyword.execute(VerifyElementPresentKeyword.groovy:68)
	at com.kms.katalon.core.keyword.internal.KeywordExecutor.executeKeywordForPlatform(KeywordExecutor.groovy:74)
	at com.kms.katalon.core.webui.keyword.WebUiBuiltInKeywords.verifyElementPresent(WebUiBuiltInKeywords.groovy:1524)
	at Pembayaran Siswa.handlePaymentErrorLoop(Pembayaran Siswa:88)
	at Pembayaran Siswa.run(Pembayaran Siswa:72)
	at com.kms.katalon.core.main.ScriptEngine.run(ScriptEngine.java:194)
	at com.kms.katalon.core.main.ScriptEngine.runScriptAsRawText(ScriptEngine.java:119)
	at com.kms.katalon.core.main.TestCaseExecutor.runScript(TestCaseExecutor.java:448)
	at com.kms.katalon.core.main.TestCaseExecutor.doExecute(TestCaseExecutor.java:439)
	at com.kms.katalon.core.main.TestCaseExecutor.processExecutionPhase(TestCaseExecutor.java:418)
	at com.kms.katalon.core.main.TestCaseExecutor.accessMainPhase(TestCaseExecutor.java:410)
	at com.kms.katalon.core.main.TestCaseExecutor.execute(TestCaseExecutor.java:285)
	at com.kms.katalon.core.main.TestCaseMain.runTestCase(TestCaseMain.java:133)
	at com.kms.katalon.core.keyword.builtin.CallTestCaseKeyword$_callTestCase_closure1.doCall(CallTestCaseKeyword.groovy:59)
	at com.kms.katalon.core.keyword.builtin.CallTestCaseKeyword$_callTestCase_closure1.call(CallTestCaseKeyword.groovy)
	at com.kms.katalon.core.keyword.internal.KeywordMain.runKeyword(KeywordMain.groovy:75)
	at com.kms.katalon.core.keyword.builtin.CallTestCaseKeyword.callTestCase(CallTestCaseKeyword.groovy:81)
	at com.kms.katalon.core.keyword.builtin.CallTestCaseKeyword.execute(CallTestCaseKeyword.groovy:44)
	at com.kms.katalon.core.keyword.internal.KeywordExecutor.executeKeywordForPlatform(KeywordExecutor.groovy:74)
	at com.kms.katalon.core.keyword.BuiltinKeywords.callTestCase(BuiltinKeywords.groovy:310)
	at jdk.internal.reflect.GeneratedMethodAccessor47.invoke(Unknown Source)
	at java.base/jdk.internal.reflect.DelegatingMethodAccessorImpl.invoke(DelegatingMethodAccessorImpl.java:43)
	at Regresi Pembayaran Siswa.run(Regresi Pembayaran Siswa:22)
	at com.kms.katalon.core.main.ScriptEngine.run(ScriptEngine.java:194)
	at com.kms.katalon.core.main.ScriptEngine.runScriptAsRawText(ScriptEngine.java:119)
	at com.kms.katalon.core.main.TestCaseExecutor.runScript(TestCaseExecutor.java:448)
	at com.kms.katalon.core.main.TestCaseExecutor.doExecute(TestCaseExecutor.java:439)
	at com.kms.katalon.core.main.TestCaseExecutor.processExecutionPhase(TestCaseExecutor.java:418)
	at com.kms.katalon.core.main.TestCaseExecutor.accessMainPhase(TestCaseExecutor.java:410)
	at com.kms.katalon.core.main.TestCaseExecutor.execute(TestCaseExecutor.java:285)
	at com.kms.katalon.core.common.CommonExecutor.accessTestCaseMainPhase(CommonExecutor.java:65)
	at com.kms.katalon.core.main.TestSuiteExecutor.accessTestSuiteMainPhase(TestSuiteExecutor.java:161)
	at com.kms.katalon.core.main.TestSuiteExecutor.execute(TestSuiteExecutor.java:107)
	at com.kms.katalon.core.main.TestCaseMain.startTestSuite(TestCaseMain.java:176)
	at TempTestSuite1736130766400.run(TempTestSuite1736130766400.groovy:35)
	at java.base/jdk.internal.reflect.NativeMethodAccessorImpl.invoke0(Native Method)
	at java.base/jdk.internal.reflect.NativeMethodAccessorImpl.invoke(NativeMethodAccessorImpl.java:77)
	at java.base/jdk.internal.reflect.DelegatingMethodAccessorImpl.invoke(DelegatingMethodAccessorImpl.java:43)
Caused by: java.lang.IllegalArgumentException: Object is null
	at com.kms.katalon.core.helper.KeywordHelper.checkTestObjectParameter(KeywordHelper.java:33)
	at com.kms.katalon.core.webui.keyword.builtin.VerifyElementPresentKeyword$_verifyElementPresent_closure1.doCall(VerifyElementPresentKeyword.groovy:76)
	at com.kms.katalon.core.webui.keyword.builtin.VerifyElementPresentKeyword$_verifyElementPresent_closure1.call(VerifyElementPresentKeyword.groovy)
	at com.kms.katalon.core.webui.keyword.internal.WebUIKeywordMain.runKeyword(WebUIKeywordMain.groovy:35)
	at com.kms.katalon.core.webui.keyword.builtin.VerifyElementPresentKeyword.verifyElementPresent(VerifyElementPresentKeyword.groovy:92)
	at com.kms.katalon.core.webui.keyword.builtin.VerifyElementPresentKeyword.execute(VerifyElementPresentKeyword.groovy:68)
	at com.kms.katalon.core.keyword.internal.KeywordExecutor.executeKeywordForPlatform(KeywordExecutor.groovy:74)
	at com.kms.katalon.core.webui.keyword.WebUiBuiltInKeywords.verifyElementPresent(WebUiBuiltInKeywords.groovy:1524)
	at Script1732261254829.handlePaymentErrorLoop(Script1732261254829.groovy:88)
	at Script1732261254829.run(Script1732261254829.groovy:72)
	at com.kms.katalon.core.main.ScriptEngine.run(ScriptEngine.java:194)
	at com.kms.katalon.core.main.ScriptEngine.runScriptAsRawText(ScriptEngine.java:119)
	at com.kms.katalon.core.main.TestCaseExecutor.runScript(TestCaseExecutor.java:448)
	at com.kms.katalon.core.main.TestCaseExecutor.doExecute(TestCaseExecutor.java:439)
	at com.kms.katalon.core.main.TestCaseExecutor.processExecutionPhase(TestCaseExecutor.java:418)
	at com.kms.katalon.core.main.TestCaseExecutor.accessMainPhase(TestCaseExecutor.java:410)
	at com.kms.katalon.core.main.TestCaseExecutor.execute(TestCaseExecutor.java:285)
	at com.kms.katalon.core.main.TestCaseMain.runTestCase(TestCaseMain.java:133)
	at com.kms.katalon.core.keyword.builtin.CallTestCaseKeyword$_callTestCase_closure1.doCall(CallTestCaseKeyword.groovy:59)
	at com.kms.katalon.core.keyword.builtin.CallTestCaseKeyword$_callTestCase_closure1.call(CallTestCaseKeyword.groovy)
	at com.kms.katalon.core.keyword.internal.KeywordMain.runKeyword(KeywordMain.groovy:75)
	at com.kms.katalon.core.keyword.builtin.CallTestCaseKeyword.callTestCase(CallTestCaseKeyword.groovy:81)
	at com.kms.katalon.core.keyword.builtin.CallTestCaseKeyword.execute(CallTestCaseKeyword.groovy:44)
	at com.kms.katalon.core.keyword.internal.KeywordExecutor.executeKeywordForPlatform(KeywordExecutor.groovy:74)
	at com.kms.katalon.core.keyword.BuiltinKeywords.callTestCase(BuiltinKeywords.groovy:310)
	at jdk.internal.reflect.GeneratedMethodAccessor47.invoke(Unknown Source)
	at java.base/jdk.internal.reflect.DelegatingMethodAccessorImpl.invoke(DelegatingMethodAccessorImpl.java:43)
	at Script1735747616337.run(Script1735747616337.groovy:22)
	... 15 more
)
[[ATTACHMENT|C:\\Users\\henri\\Videos\\school-payment-automation-testing\\Reports\\20250106_093246\\Regresi All Sprint\\20250106_093246\\1736132143694.png]]

06-01-2025T09:55:43 - [TEST_STEP][PASSED] - if (isErrorDisplayed): null

06-01-2025T09:55:43 - [TEST_STEP][PASSED] - else: null

06-01-2025T09:55:43 - [TEST_STEP][PASSED] - break: null

06-01-2025T09:55:43 - [TEST_STEP][PASSED] - verifyElementVisible(findTestObject("Master Tagihan/Admin Sekolah/Pembayaran Siswa/Homepage/Sub Menu Pembayaran Siswa (1)/Page Sukses Pembayaran Siswa/Toast Notification Berhasil")): Object 'Object Repository/Master Tagihan/Admin Sekolah/Pembayaran Siswa/Homepage/Sub Menu Pembayaran Siswa (1)/Page Sukses Pembayaran Siswa/Toast Notification Berhasil' is visible

06-01-2025T09:55:44 - [MESSAGE][PASSED] - Object 'Object Repository/Master Tagihan/Admin Sekolah/Pembayaran Siswa/Homepage/Sub Menu Pembayaran Siswa (1)/Page Sukses Pembayaran Siswa/Toast Notification Berhasil' is visible

06-01-2025T09:55:44 - [TEST_STEP][PASSED] - click(findTestObject("Master Tagihan/Admin Sekolah/Pembayaran Siswa/Homepage/Sub Menu Pembayaran Siswa (1)/Page Sukses Pembayaran Siswa/Button Cetak")): Object: 'Object Repository/Master Tagihan/Admin Sekolah/Pembayaran Siswa/Homepage/Sub Menu Pembayaran Siswa (1)/Page Sukses Pembayaran Siswa/Button Cetak' is clicked on

06-01-2025T09:55:44 - [MESSAGE][PASSED] - Object: 'Object Repository/Master Tagihan/Admin Sekolah/Pembayaran Siswa/Homepage/Sub Menu Pembayaran Siswa (1)/Page Sukses Pembayaran Siswa/Button Cetak' is clicked on

06-01-2025T09:55:44 - [TEST_STEP][PASSED] - delay(5): Delayed 5 second(s)

06-01-2025T09:55:49 - [MESSAGE][PASSED] - Delayed 5 second(s)

06-01-2025T09:55:49 - [MESSAGE][PASSED] - Call Test Case 'Test Cases/Master Tagihan/Admin Sekolah/Master Tagihan Pembayaran Siswa/Pembayaran Siswa' successfully

06-01-2025T09:55:49 - [TEST_STEP][PASSED] - println("============================= Loop Again ==============================="): null

06-01-2025T09:55:49 - [TEST_STEP][PASSED] - callTestCase(findTestCase("Test Cases/Master Tagihan/Admin Sekolah/Master Tagihan Pembayaran Siswa/Pembayaran Siswa"), [:], OPTIONAL): Call Test Case 'Test Cases/Master Tagihan/Admin Sekolah/Master Tagihan Pembayaran Siswa/Pembayaran Siswa' successfully

06-01-2025T09:55:49 - [TEST_CASE][PASSED] - Test Cases/Master Tagihan/Admin Sekolah/Master Tagihan Pembayaran Siswa/Pembayaran Siswa: Test Cases/Master Tagihan/Admin Sekolah/Master Tagihan Pembayaran Siswa/Pembayaran Siswa

06-01-2025T09:55:49 - [TEST_STEP][PASSED] - openBrowser(""): Browser is opened with url: ''

06-01-2025T09:55:49 - [MESSAGE][WARNING] - A browser is already opened. Closing browser and opening a new one

06-01-2025T09:55:50 - [MESSAGE][INFO] - Starting 'Chrome' driver

06-01-2025T09:55:50 - [MESSAGE][INFO] - Action delay is set to 0 milliseconds

06-01-2025T09:55:50 - [MESSAGE][PASSED] - Browser is opened with url: ''

06-01-2025T09:55:50 - [TEST_STEP][PASSED] - navigateToUrl("https://sit.siprusedu.com/login"): Navigate to 'https://sit.siprusedu.com/login' successfully

06-01-2025T09:55:51 - [MESSAGE][PASSED] - Navigate to 'https://sit.siprusedu.com/login' successfully

06-01-2025T09:55:51 - [TEST_STEP][PASSED] - maximizeWindow(): Current window maximized

06-01-2025T09:55:51 - [MESSAGE][PASSED] - Current window maximized

06-01-2025T09:55:51 - [TEST_STEP][PASSED] - setText(findTestObject("Master Data/Admin Sekolah/Login/Field Email"), "admin.sekolah@gmail.com"): Text 'admin.sekolah@gmail.com' is set on object 'Object Repository/Master Data/Admin Sekolah/Login/Field Email'

06-01-2025T09:55:53 - [MESSAGE][PASSED] - Text 'admin.sekolah@gmail.com' is set on object 'Object Repository/Master Data/Admin Sekolah/Login/Field Email'

06-01-2025T09:55:53 - [TEST_STEP][PASSED] - setText(findTestObject("Master Data/Admin Sekolah/Login/Input Password"), "Test1234"): Text 'Test1234' is set on object 'Object Repository/Master Data/Admin Sekolah/Login/Input Password'

06-01-2025T09:55:54 - [MESSAGE][PASSED] - Text 'Test1234' is set on object 'Object Repository/Master Data/Admin Sekolah/Login/Input Password'

06-01-2025T09:55:54 - [TEST_STEP][PASSED] - click(findTestObject("Master Data/Admin Sekolah/Login/Button Submit")): Object: 'Object Repository/Master Data/Admin Sekolah/Login/Button Submit' is clicked on

06-01-2025T09:55:54 - [MESSAGE][PASSED] - Object: 'Object Repository/Master Data/Admin Sekolah/Login/Button Submit' is clicked on

06-01-2025T09:55:54 - [TEST_STEP][PASSED] - click(findTestObject("Master Tagihan/Admin Sekolah/Pembayaran Siswa/Homepage/Menu Tagihan")): Object: 'Object Repository/Master Tagihan/Admin Sekolah/Pembayaran Siswa/Homepage/Menu Tagihan' is clicked on

06-01-2025T09:55:56 - [MESSAGE][PASSED] - Object: 'Object Repository/Master Tagihan/Admin Sekolah/Pembayaran Siswa/Homepage/Menu Tagihan' is clicked on

06-01-2025T09:55:56 - [TEST_STEP][PASSED] - click(findTestObject("Master Tagihan/Admin Sekolah/Pembayaran Siswa/Homepage/Sub Menu Pembayaran Siswa")): Object: 'Object Repository/Master Tagihan/Admin Sekolah/Pembayaran Siswa/Homepage/Sub Menu Pembayaran Siswa' is clicked on

06-01-2025T09:55:57 - [MESSAGE][PASSED] - Object: 'Object Repository/Master Tagihan/Admin Sekolah/Pembayaran Siswa/Homepage/Sub Menu Pembayaran Siswa' is clicked on

06-01-2025T09:55:57 - [TEST_STEP][PASSED] - setText(findTestObject("Master Tagihan/Admin Sekolah/Pembayaran Siswa/Homepage/Sub Menu Pembayaran Siswa (1)/Field Pencarian Siswa"), "adam"): Text 'adam' is set on object 'Object Repository/Master Tagihan/Admin Sekolah/Pembayaran Siswa/Homepage/Sub Menu Pembayaran Siswa (1)/Field Pencarian Siswa'

06-01-2025T09:55:58 - [MESSAGE][PASSED] - Text 'adam' is set on object 'Object Repository/Master Tagihan/Admin Sekolah/Pembayaran Siswa/Homepage/Sub Menu Pembayaran Siswa (1)/Field Pencarian Siswa'

06-01-2025T09:55:58 - [TEST_STEP][PASSED] - delay(2): Delayed 2 second(s)

06-01-2025T09:56:00 - [MESSAGE][PASSED] - Delayed 2 second(s)

06-01-2025T09:56:00 - [TEST_STEP][PASSED] - click(findTestObject("Master Tagihan/Admin Sekolah/Pembayaran Siswa/Homepage/Sub Menu Pembayaran Siswa (1)/Value Rekomendasi Siswa")): Object: 'Object Repository/Master Tagihan/Admin Sekolah/Pembayaran Siswa/Homepage/Sub Menu Pembayaran Siswa (1)/Value Rekomendasi Siswa' is clicked on

06-01-2025T09:56:00 - [MESSAGE][PASSED] - Object: 'Object Repository/Master Tagihan/Admin Sekolah/Pembayaran Siswa/Homepage/Sub Menu Pembayaran Siswa (1)/Value Rekomendasi Siswa' is clicked on

06-01-2025T09:56:00 - [TEST_STEP][PASSED] - click(findTestObject("Master Tagihan/Admin Sekolah/Pembayaran Siswa/Homepage/Sub Menu Pembayaran Siswa (1)/Page Pembayaran Siswa/Button Riwayat Pembayaran")): Object: 'Object Repository/Master Tagihan/Admin Sekolah/Pembayaran Siswa/Homepage/Sub Menu Pembayaran Siswa (1)/Page Pembayaran Siswa/Button Riwayat Pembayaran' is clicked on

06-01-2025T09:56:01 - [MESSAGE][PASSED] - Object: 'Object Repository/Master Tagihan/Admin Sekolah/Pembayaran Siswa/Homepage/Sub Menu Pembayaran Siswa (1)/Page Pembayaran Siswa/Button Riwayat Pembayaran' is clicked on

06-01-2025T09:56:01 - [TEST_STEP][PASSED] - verifyElementVisible(findTestObject("Master Tagihan/Admin Sekolah/Pembayaran Siswa/Homepage/Sub Menu Pembayaran Siswa (1)/Verifikasi Nama Siswa")): Object 'Object Repository/Master Tagihan/Admin Sekolah/Pembayaran Siswa/Homepage/Sub Menu Pembayaran Siswa (1)/Verifikasi Nama Siswa' is visible

06-01-2025T09:56:02 - [MESSAGE][PASSED] - Object 'Object Repository/Master Tagihan/Admin Sekolah/Pembayaran Siswa/Homepage/Sub Menu Pembayaran Siswa (1)/Verifikasi Nama Siswa' is visible

06-01-2025T09:56:02 - [TEST_STEP][PASSED] - back(): Navigate back successfully

06-01-2025T09:56:02 - [MESSAGE][PASSED] - Navigate back successfully

06-01-2025T09:56:02 - [TEST_STEP][PASSED] - setText(findTestObject("Master Tagihan/Admin Sekolah/Pembayaran Siswa/Homepage/Sub Menu Pembayaran Siswa (1)/Field Pencarian Siswa"), "adam"): Text 'adam' is set on object 'Object Repository/Master Tagihan/Admin Sekolah/Pembayaran Siswa/Homepage/Sub Menu Pembayaran Siswa (1)/Field Pencarian Siswa'

06-01-2025T09:56:03 - [MESSAGE][PASSED] - Text 'adam' is set on object 'Object Repository/Master Tagihan/Admin Sekolah/Pembayaran Siswa/Homepage/Sub Menu Pembayaran Siswa (1)/Field Pencarian Siswa'

06-01-2025T09:56:03 - [TEST_STEP][PASSED] - delay(2): Delayed 2 second(s)

06-01-2025T09:56:05 - [MESSAGE][PASSED] - Delayed 2 second(s)

06-01-2025T09:56:05 - [TEST_STEP][PASSED] - click(findTestObject("Master Tagihan/Admin Sekolah/Pembayaran Siswa/Homepage/Sub Menu Pembayaran Siswa (1)/Value Rekomendasi Siswa")): Object: 'Object Repository/Master Tagihan/Admin Sekolah/Pembayaran Siswa/Homepage/Sub Menu Pembayaran Siswa (1)/Value Rekomendasi Siswa' is clicked on

06-01-2025T09:56:05 - [MESSAGE][PASSED] - Object: 'Object Repository/Master Tagihan/Admin Sekolah/Pembayaran Siswa/Homepage/Sub Menu Pembayaran Siswa (1)/Value Rekomendasi Siswa' is clicked on

06-01-2025T09:56:05 - [TEST_STEP][PASSED] - ["Nama Tagihan", "Tipe Tagihan", "Tanggal Tagihan", "Jumlah Tagihan"].each({ java.lang.Object row -> ... }): Object: 'Object Repository/Master Tagihan/Admin Sekolah/Pembayaran Siswa/Homepage/Sub Menu Pembayaran Siswa (1)/Data in Table/Row Jumlah Tagihan' is clicked on

06-01-2025T09:56:07 - [MESSAGE][PASSED] - Object: 'Object Repository/Master Tagihan/Admin Sekolah/Pembayaran Siswa/Homepage/Sub Menu Pembayaran Siswa (1)/Data in Table/Row Nama Tagihan' is clicked on

06-01-2025T09:56:08 - [MESSAGE][PASSED] - Object: 'Object Repository/Master Tagihan/Admin Sekolah/Pembayaran Siswa/Homepage/Sub Menu Pembayaran Siswa (1)/Data in Table/Row Nama Tagihan' is clicked on

06-01-2025T09:56:10 - [MESSAGE][PASSED] - Object: 'Object Repository/Master Tagihan/Admin Sekolah/Pembayaran Siswa/Homepage/Sub Menu Pembayaran Siswa (1)/Data in Table/Row Nama Tagihan' is clicked on

06-01-2025T09:56:12 - [MESSAGE][PASSED] - Object: 'Object Repository/Master Tagihan/Admin Sekolah/Pembayaran Siswa/Homepage/Sub Menu Pembayaran Siswa (1)/Data in Table/Row Tipe Tagihan' is clicked on

06-01-2025T09:56:13 - [MESSAGE][PASSED] - Object: 'Object Repository/Master Tagihan/Admin Sekolah/Pembayaran Siswa/Homepage/Sub Menu Pembayaran Siswa (1)/Data in Table/Row Tipe Tagihan' is clicked on

06-01-2025T09:56:15 - [MESSAGE][PASSED] - Object: 'Object Repository/Master Tagihan/Admin Sekolah/Pembayaran Siswa/Homepage/Sub Menu Pembayaran Siswa (1)/Data in Table/Row Tipe Tagihan' is clicked on

06-01-2025T09:56:16 - [MESSAGE][PASSED] - Object: 'Object Repository/Master Tagihan/Admin Sekolah/Pembayaran Siswa/Homepage/Sub Menu Pembayaran Siswa (1)/Data in Table/Row Tanggal Tagihan' is clicked on

06-01-2025T09:56:18 - [MESSAGE][PASSED] - Object: 'Object Repository/Master Tagihan/Admin Sekolah/Pembayaran Siswa/Homepage/Sub Menu Pembayaran Siswa (1)/Data in Table/Row Tanggal Tagihan' is clicked on

06-01-2025T09:56:20 - [MESSAGE][PASSED] - Object: 'Object Repository/Master Tagihan/Admin Sekolah/Pembayaran Siswa/Homepage/Sub Menu Pembayaran Siswa (1)/Data in Table/Row Tanggal Tagihan' is clicked on

06-01-2025T09:56:21 - [MESSAGE][PASSED] - Object: 'Object Repository/Master Tagihan/Admin Sekolah/Pembayaran Siswa/Homepage/Sub Menu Pembayaran Siswa (1)/Data in Table/Row Jumlah Tagihan' is clicked on

06-01-2025T09:56:23 - [MESSAGE][PASSED] - Object: 'Object Repository/Master Tagihan/Admin Sekolah/Pembayaran Siswa/Homepage/Sub Menu Pembayaran Siswa (1)/Data in Table/Row Jumlah Tagihan' is clicked on

06-01-2025T09:56:24 - [MESSAGE][PASSED] - Object: 'Object Repository/Master Tagihan/Admin Sekolah/Pembayaran Siswa/Homepage/Sub Menu Pembayaran Siswa (1)/Data in Table/Row Jumlah Tagihan' is clicked on

06-01-2025T09:56:24 - [TEST_STEP][PASSED] - click(findTestObject("Master Tagihan/Admin Sekolah/Pembayaran Siswa/Homepage/Sub Menu Pembayaran Siswa (1)/Data in Table/Pilih Checkbox")): Object: 'Object Repository/Master Tagihan/Admin Sekolah/Pembayaran Siswa/Homepage/Sub Menu Pembayaran Siswa (1)/Data in Table/Pilih Checkbox' is clicked on

06-01-2025T09:56:26 - [MESSAGE][PASSED] - Object: 'Object Repository/Master Tagihan/Admin Sekolah/Pembayaran Siswa/Homepage/Sub Menu Pembayaran Siswa (1)/Data in Table/Pilih Checkbox' is clicked on

06-01-2025T09:56:26 - [TEST_STEP][PASSED] - click(findTestObject("Master Tagihan/Admin Sekolah/Pembayaran Siswa/Homepage/Sub Menu Pembayaran Siswa (1)/Data in Table/Button Bayar Sekarang")): Object: 'Object Repository/Master Tagihan/Admin Sekolah/Pembayaran Siswa/Homepage/Sub Menu Pembayaran Siswa (1)/Data in Table/Button Bayar Sekarang' is clicked on

06-01-2025T09:56:27 - [MESSAGE][PASSED] - Object: 'Object Repository/Master Tagihan/Admin Sekolah/Pembayaran Siswa/Homepage/Sub Menu Pembayaran Siswa (1)/Data in Table/Button Bayar Sekarang' is clicked on

06-01-2025T09:56:27 - [TEST_STEP][PASSED] - setText(findTestObject("Master Tagihan/Admin Sekolah/Pembayaran Siswa/Homepage/Sub Menu Pembayaran Siswa (1)/Pop Up Konfirmasi Pembayaran/Field Uang Yang Dibayarkan"), "5000000"): Text '5000000' is set on object 'Object Repository/Master Tagihan/Admin Sekolah/Pembayaran Siswa/Homepage/Sub Menu Pembayaran Siswa (1)/Pop Up Konfirmasi Pembayaran/Field Uang Yang Dibayarkan'

06-01-2025T09:56:28 - [MESSAGE][PASSED] - Text '5000000' is set on object 'Object Repository/Master Tagihan/Admin Sekolah/Pembayaran Siswa/Homepage/Sub Menu Pembayaran Siswa (1)/Pop Up Konfirmasi Pembayaran/Field Uang Yang Dibayarkan'

06-01-2025T09:56:28 - [TEST_STEP][PASSED] - handlePaymentErrorLoop(): null

06-01-2025T09:56:28 - [TEST_STEP][PASSED] - click(findTestObject("Master Tagihan/Admin Sekolah/Pembayaran Siswa/Homepage/Sub Menu Pembayaran Siswa (1)/Pop Up Konfirmasi Pembayaran/Button Lanjut Bayar")): Object: 'Object Repository/Master Tagihan/Admin Sekolah/Pembayaran Siswa/Homepage/Sub Menu Pembayaran Siswa (1)/Pop Up Konfirmasi Pembayaran/Button Lanjut Bayar' is clicked on

06-01-2025T09:56:28 - [MESSAGE][PASSED] - Object: 'Object Repository/Master Tagihan/Admin Sekolah/Pembayaran Siswa/Homepage/Sub Menu Pembayaran Siswa (1)/Pop Up Konfirmasi Pembayaran/Button Lanjut Bayar' is clicked on

06-01-2025T09:56:28 - [TEST_STEP][PASSED] - isErrorDisplayed = false: null

06-01-2025T09:56:28 - [TEST_STEP][PASSED] - attemptCount = 0: null

06-01-2025T09:56:28 - [TEST_STEP][PASSED] - maxAttempts = 5: null

06-01-2025T09:56:28 - [TEST_STEP][PASSED] - while (attemptCount < maxAttempts): null

06-01-2025T09:56:28 - [TEST_STEP][PASSED] - isErrorDisplayed = verifyElementPresent(findTestObject("//Toast[@type='error' and @message='Gagal Melakukan Pembayaran!' and @toastId='failed-billing-page']"), 5, OPTIONAL): Unable to verify object is present (Root cause: com.kms.katalon.core.exception.StepFailedException: Unable to verify object is present
	at com.kms.katalon.core.webui.keyword.internal.WebUIKeywordMain.stepFailed(WebUIKeywordMain.groovy:117)
	at com.kms.katalon.core.webui.keyword.internal.WebUIKeywordMain.runKeyword(WebUIKeywordMain.groovy:43)
	at com.kms.katalon.core.webui.keyword.builtin.VerifyElementPresentKeyword.verifyElementPresent(VerifyElementPresentKeyword.groovy:92)
	at com.kms.katalon.core.webui.keyword.builtin.VerifyElementPresentKeyword.execute(VerifyElementPresentKeyword.groovy:68)
	at com.kms.katalon.core.keyword.internal.KeywordExecutor.executeKeywordForPlatform(KeywordExecutor.groovy:74)
	at com.kms.katalon.core.webui.keyword.WebUiBuiltInKeywords.verifyElementPresent(WebUiBuiltInKeywords.groovy:1524)
	at Pembayaran Siswa.handlePaymentErrorLoop(Pembayaran Siswa:88)
	at Pembayaran Siswa.run(Pembayaran Siswa:72)
	at com.kms.katalon.core.main.ScriptEngine.run(ScriptEngine.java:194)
	at com.kms.katalon.core.main.ScriptEngine.runScriptAsRawText(ScriptEngine.java:119)
	at com.kms.katalon.core.main.TestCaseExecutor.runScript(TestCaseExecutor.java:448)
	at com.kms.katalon.core.main.TestCaseExecutor.doExecute(TestCaseExecutor.java:439)
	at com.kms.katalon.core.main.TestCaseExecutor.processExecutionPhase(TestCaseExecutor.java:418)
	at com.kms.katalon.core.main.TestCaseExecutor.accessMainPhase(TestCaseExecutor.java:410)
	at com.kms.katalon.core.main.TestCaseExecutor.execute(TestCaseExecutor.java:285)
	at com.kms.katalon.core.main.TestCaseMain.runTestCase(TestCaseMain.java:133)
	at com.kms.katalon.core.keyword.builtin.CallTestCaseKeyword$_callTestCase_closure1.doCall(CallTestCaseKeyword.groovy:59)
	at com.kms.katalon.core.keyword.builtin.CallTestCaseKeyword$_callTestCase_closure1.call(CallTestCaseKeyword.groovy)
	at com.kms.katalon.core.keyword.internal.KeywordMain.runKeyword(KeywordMain.groovy:75)
	at com.kms.katalon.core.keyword.builtin.CallTestCaseKeyword.callTestCase(CallTestCaseKeyword.groovy:81)
	at com.kms.katalon.core.keyword.builtin.CallTestCaseKeyword.execute(CallTestCaseKeyword.groovy:44)
	at com.kms.katalon.core.keyword.internal.KeywordExecutor.executeKeywordForPlatform(KeywordExecutor.groovy:74)
	at com.kms.katalon.core.keyword.BuiltinKeywords.callTestCase(BuiltinKeywords.groovy:310)
	at jdk.internal.reflect.GeneratedMethodAccessor47.invoke(Unknown Source)
	at java.base/jdk.internal.reflect.DelegatingMethodAccessorImpl.invoke(DelegatingMethodAccessorImpl.java:43)
	at Regresi Pembayaran Siswa.run(Regresi Pembayaran Siswa:22)
	at com.kms.katalon.core.main.ScriptEngine.run(ScriptEngine.java:194)
	at com.kms.katalon.core.main.ScriptEngine.runScriptAsRawText(ScriptEngine.java:119)
	at com.kms.katalon.core.main.TestCaseExecutor.runScript(TestCaseExecutor.java:448)
	at com.kms.katalon.core.main.TestCaseExecutor.doExecute(TestCaseExecutor.java:439)
	at com.kms.katalon.core.main.TestCaseExecutor.processExecutionPhase(TestCaseExecutor.java:418)
	at com.kms.katalon.core.main.TestCaseExecutor.accessMainPhase(TestCaseExecutor.java:410)
	at com.kms.katalon.core.main.TestCaseExecutor.execute(TestCaseExecutor.java:285)
	at com.kms.katalon.core.common.CommonExecutor.accessTestCaseMainPhase(CommonExecutor.java:65)
	at com.kms.katalon.core.main.TestSuiteExecutor.accessTestSuiteMainPhase(TestSuiteExecutor.java:161)
	at com.kms.katalon.core.main.TestSuiteExecutor.execute(TestSuiteExecutor.java:107)
	at com.kms.katalon.core.main.TestCaseMain.startTestSuite(TestCaseMain.java:176)
	at TempTestSuite1736130766400.run(TempTestSuite1736130766400.groovy:35)
	at java.base/jdk.internal.reflect.NativeMethodAccessorImpl.invoke0(Native Method)
	at java.base/jdk.internal.reflect.NativeMethodAccessorImpl.invoke(NativeMethodAccessorImpl.java:77)
	at java.base/jdk.internal.reflect.DelegatingMethodAccessorImpl.invoke(DelegatingMethodAccessorImpl.java:43)
Caused by: java.lang.IllegalArgumentException: Object is null
	at com.kms.katalon.core.helper.KeywordHelper.checkTestObjectParameter(KeywordHelper.java:33)
	at com.kms.katalon.core.webui.keyword.builtin.VerifyElementPresentKeyword$_verifyElementPresent_closure1.doCall(VerifyElementPresentKeyword.groovy:76)
	at com.kms.katalon.core.webui.keyword.builtin.VerifyElementPresentKeyword$_verifyElementPresent_closure1.call(VerifyElementPresentKeyword.groovy)
	at com.kms.katalon.core.webui.keyword.internal.WebUIKeywordMain.runKeyword(WebUIKeywordMain.groovy:35)
	at com.kms.katalon.core.webui.keyword.builtin.VerifyElementPresentKeyword.verifyElementPresent(VerifyElementPresentKeyword.groovy:92)
	at com.kms.katalon.core.webui.keyword.builtin.VerifyElementPresentKeyword.execute(VerifyElementPresentKeyword.groovy:68)
	at com.kms.katalon.core.keyword.internal.KeywordExecutor.executeKeywordForPlatform(KeywordExecutor.groovy:74)
	at com.kms.katalon.core.webui.keyword.WebUiBuiltInKeywords.verifyElementPresent(WebUiBuiltInKeywords.groovy:1524)
	at Script1732261254829.handlePaymentErrorLoop(Script1732261254829.groovy:88)
	at Script1732261254829.run(Script1732261254829.groovy:72)
	at com.kms.katalon.core.main.ScriptEngine.run(ScriptEngine.java:194)
	at com.kms.katalon.core.main.ScriptEngine.runScriptAsRawText(ScriptEngine.java:119)
	at com.kms.katalon.core.main.TestCaseExecutor.runScript(TestCaseExecutor.java:448)
	at com.kms.katalon.core.main.TestCaseExecutor.doExecute(TestCaseExecutor.java:439)
	at com.kms.katalon.core.main.TestCaseExecutor.processExecutionPhase(TestCaseExecutor.java:418)
	at com.kms.katalon.core.main.TestCaseExecutor.accessMainPhase(TestCaseExecutor.java:410)
	at com.kms.katalon.core.main.TestCaseExecutor.execute(TestCaseExecutor.java:285)
	at com.kms.katalon.core.main.TestCaseMain.runTestCase(TestCaseMain.java:133)
	at com.kms.katalon.core.keyword.builtin.CallTestCaseKeyword$_callTestCase_closure1.doCall(CallTestCaseKeyword.groovy:59)
	at com.kms.katalon.core.keyword.builtin.CallTestCaseKeyword$_callTestCase_closure1.call(CallTestCaseKeyword.groovy)
	at com.kms.katalon.core.keyword.internal.KeywordMain.runKeyword(KeywordMain.groovy:75)
	at com.kms.katalon.core.keyword.builtin.CallTestCaseKeyword.callTestCase(CallTestCaseKeyword.groovy:81)
	at com.kms.katalon.core.keyword.builtin.CallTestCaseKeyword.execute(CallTestCaseKeyword.groovy:44)
	at com.kms.katalon.core.keyword.internal.KeywordExecutor.executeKeywordForPlatform(KeywordExecutor.groovy:74)
	at com.kms.katalon.core.keyword.BuiltinKeywords.callTestCase(BuiltinKeywords.groovy:310)
	at jdk.internal.reflect.GeneratedMethodAccessor47.invoke(Unknown Source)
	at java.base/jdk.internal.reflect.DelegatingMethodAccessorImpl.invoke(DelegatingMethodAccessorImpl.java:43)
	at Script1735747616337.run(Script1735747616337.groovy:22)
	... 15 more
)

06-01-2025T09:56:28 - [MESSAGE][WARNING] - Test object with id 'Object Repository///Toast[@type='error' and @message='Gagal Melakukan Pembayaran!' and @toastId='failed-billing-page']' does not exist

06-01-2025T09:56:28 - [MESSAGE][WARNING] - Test object with id 'Object Repository/' does not exist

06-01-2025T09:56:29 - [MESSAGE][WARNING] - Unable to verify object is present (Root cause: com.kms.katalon.core.exception.StepFailedException: Unable to verify object is present
	at com.kms.katalon.core.webui.keyword.internal.WebUIKeywordMain.stepFailed(WebUIKeywordMain.groovy:117)
	at com.kms.katalon.core.webui.keyword.internal.WebUIKeywordMain.runKeyword(WebUIKeywordMain.groovy:43)
	at com.kms.katalon.core.webui.keyword.builtin.VerifyElementPresentKeyword.verifyElementPresent(VerifyElementPresentKeyword.groovy:92)
	at com.kms.katalon.core.webui.keyword.builtin.VerifyElementPresentKeyword.execute(VerifyElementPresentKeyword.groovy:68)
	at com.kms.katalon.core.keyword.internal.KeywordExecutor.executeKeywordForPlatform(KeywordExecutor.groovy:74)
	at com.kms.katalon.core.webui.keyword.WebUiBuiltInKeywords.verifyElementPresent(WebUiBuiltInKeywords.groovy:1524)
	at Pembayaran Siswa.handlePaymentErrorLoop(Pembayaran Siswa:88)
	at Pembayaran Siswa.run(Pembayaran Siswa:72)
	at com.kms.katalon.core.main.ScriptEngine.run(ScriptEngine.java:194)
	at com.kms.katalon.core.main.ScriptEngine.runScriptAsRawText(ScriptEngine.java:119)
	at com.kms.katalon.core.main.TestCaseExecutor.runScript(TestCaseExecutor.java:448)
	at com.kms.katalon.core.main.TestCaseExecutor.doExecute(TestCaseExecutor.java:439)
	at com.kms.katalon.core.main.TestCaseExecutor.processExecutionPhase(TestCaseExecutor.java:418)
	at com.kms.katalon.core.main.TestCaseExecutor.accessMainPhase(TestCaseExecutor.java:410)
	at com.kms.katalon.core.main.TestCaseExecutor.execute(TestCaseExecutor.java:285)
	at com.kms.katalon.core.main.TestCaseMain.runTestCase(TestCaseMain.java:133)
	at com.kms.katalon.core.keyword.builtin.CallTestCaseKeyword$_callTestCase_closure1.doCall(CallTestCaseKeyword.groovy:59)
	at com.kms.katalon.core.keyword.builtin.CallTestCaseKeyword$_callTestCase_closure1.call(CallTestCaseKeyword.groovy)
	at com.kms.katalon.core.keyword.internal.KeywordMain.runKeyword(KeywordMain.groovy:75)
	at com.kms.katalon.core.keyword.builtin.CallTestCaseKeyword.callTestCase(CallTestCaseKeyword.groovy:81)
	at com.kms.katalon.core.keyword.builtin.CallTestCaseKeyword.execute(CallTestCaseKeyword.groovy:44)
	at com.kms.katalon.core.keyword.internal.KeywordExecutor.executeKeywordForPlatform(KeywordExecutor.groovy:74)
	at com.kms.katalon.core.keyword.BuiltinKeywords.callTestCase(BuiltinKeywords.groovy:310)
	at jdk.internal.reflect.GeneratedMethodAccessor47.invoke(Unknown Source)
	at java.base/jdk.internal.reflect.DelegatingMethodAccessorImpl.invoke(DelegatingMethodAccessorImpl.java:43)
	at Regresi Pembayaran Siswa.run(Regresi Pembayaran Siswa:22)
	at com.kms.katalon.core.main.ScriptEngine.run(ScriptEngine.java:194)
	at com.kms.katalon.core.main.ScriptEngine.runScriptAsRawText(ScriptEngine.java:119)
	at com.kms.katalon.core.main.TestCaseExecutor.runScript(TestCaseExecutor.java:448)
	at com.kms.katalon.core.main.TestCaseExecutor.doExecute(TestCaseExecutor.java:439)
	at com.kms.katalon.core.main.TestCaseExecutor.processExecutionPhase(TestCaseExecutor.java:418)
	at com.kms.katalon.core.main.TestCaseExecutor.accessMainPhase(TestCaseExecutor.java:410)
	at com.kms.katalon.core.main.TestCaseExecutor.execute(TestCaseExecutor.java:285)
	at com.kms.katalon.core.common.CommonExecutor.accessTestCaseMainPhase(CommonExecutor.java:65)
	at com.kms.katalon.core.main.TestSuiteExecutor.accessTestSuiteMainPhase(TestSuiteExecutor.java:161)
	at com.kms.katalon.core.main.TestSuiteExecutor.execute(TestSuiteExecutor.java:107)
	at com.kms.katalon.core.main.TestCaseMain.startTestSuite(TestCaseMain.java:176)
	at TempTestSuite1736130766400.run(TempTestSuite1736130766400.groovy:35)
	at java.base/jdk.internal.reflect.NativeMethodAccessorImpl.invoke0(Native Method)
	at java.base/jdk.internal.reflect.NativeMethodAccessorImpl.invoke(NativeMethodAccessorImpl.java:77)
	at java.base/jdk.internal.reflect.DelegatingMethodAccessorImpl.invoke(DelegatingMethodAccessorImpl.java:43)
Caused by: java.lang.IllegalArgumentException: Object is null
	at com.kms.katalon.core.helper.KeywordHelper.checkTestObjectParameter(KeywordHelper.java:33)
	at com.kms.katalon.core.webui.keyword.builtin.VerifyElementPresentKeyword$_verifyElementPresent_closure1.doCall(VerifyElementPresentKeyword.groovy:76)
	at com.kms.katalon.core.webui.keyword.builtin.VerifyElementPresentKeyword$_verifyElementPresent_closure1.call(VerifyElementPresentKeyword.groovy)
	at com.kms.katalon.core.webui.keyword.internal.WebUIKeywordMain.runKeyword(WebUIKeywordMain.groovy:35)
	at com.kms.katalon.core.webui.keyword.builtin.VerifyElementPresentKeyword.verifyElementPresent(VerifyElementPresentKeyword.groovy:92)
	at com.kms.katalon.core.webui.keyword.builtin.VerifyElementPresentKeyword.execute(VerifyElementPresentKeyword.groovy:68)
	at com.kms.katalon.core.keyword.internal.KeywordExecutor.executeKeywordForPlatform(KeywordExecutor.groovy:74)
	at com.kms.katalon.core.webui.keyword.WebUiBuiltInKeywords.verifyElementPresent(WebUiBuiltInKeywords.groovy:1524)
	at Script1732261254829.handlePaymentErrorLoop(Script1732261254829.groovy:88)
	at Script1732261254829.run(Script1732261254829.groovy:72)
	at com.kms.katalon.core.main.ScriptEngine.run(ScriptEngine.java:194)
	at com.kms.katalon.core.main.ScriptEngine.runScriptAsRawText(ScriptEngine.java:119)
	at com.kms.katalon.core.main.TestCaseExecutor.runScript(TestCaseExecutor.java:448)
	at com.kms.katalon.core.main.TestCaseExecutor.doExecute(TestCaseExecutor.java:439)
	at com.kms.katalon.core.main.TestCaseExecutor.processExecutionPhase(TestCaseExecutor.java:418)
	at com.kms.katalon.core.main.TestCaseExecutor.accessMainPhase(TestCaseExecutor.java:410)
	at com.kms.katalon.core.main.TestCaseExecutor.execute(TestCaseExecutor.java:285)
	at com.kms.katalon.core.main.TestCaseMain.runTestCase(TestCaseMain.java:133)
	at com.kms.katalon.core.keyword.builtin.CallTestCaseKeyword$_callTestCase_closure1.doCall(CallTestCaseKeyword.groovy:59)
	at com.kms.katalon.core.keyword.builtin.CallTestCaseKeyword$_callTestCase_closure1.call(CallTestCaseKeyword.groovy)
	at com.kms.katalon.core.keyword.internal.KeywordMain.runKeyword(KeywordMain.groovy:75)
	at com.kms.katalon.core.keyword.builtin.CallTestCaseKeyword.callTestCase(CallTestCaseKeyword.groovy:81)
	at com.kms.katalon.core.keyword.builtin.CallTestCaseKeyword.execute(CallTestCaseKeyword.groovy:44)
	at com.kms.katalon.core.keyword.internal.KeywordExecutor.executeKeywordForPlatform(KeywordExecutor.groovy:74)
	at com.kms.katalon.core.keyword.BuiltinKeywords.callTestCase(BuiltinKeywords.groovy:310)
	at jdk.internal.reflect.GeneratedMethodAccessor47.invoke(Unknown Source)
	at java.base/jdk.internal.reflect.DelegatingMethodAccessorImpl.invoke(DelegatingMethodAccessorImpl.java:43)
	at Script1735747616337.run(Script1735747616337.groovy:22)
	... 15 more
)
[[ATTACHMENT|C:\\Users\\henri\\Videos\\school-payment-automation-testing\\Reports\\20250106_093246\\Regresi All Sprint\\20250106_093246\\1736132188925.png]]

06-01-2025T09:56:29 - [TEST_STEP][PASSED] - if (isErrorDisplayed): null

06-01-2025T09:56:29 - [TEST_STEP][PASSED] - else: null

06-01-2025T09:56:29 - [TEST_STEP][PASSED] - break: null

06-01-2025T09:56:29 - [TEST_STEP][PASSED] - verifyElementVisible(findTestObject("Master Tagihan/Admin Sekolah/Pembayaran Siswa/Homepage/Sub Menu Pembayaran Siswa (1)/Page Sukses Pembayaran Siswa/Toast Notification Berhasil")): Object 'Object Repository/Master Tagihan/Admin Sekolah/Pembayaran Siswa/Homepage/Sub Menu Pembayaran Siswa (1)/Page Sukses Pembayaran Siswa/Toast Notification Berhasil' is visible

06-01-2025T09:56:29 - [MESSAGE][PASSED] - Object 'Object Repository/Master Tagihan/Admin Sekolah/Pembayaran Siswa/Homepage/Sub Menu Pembayaran Siswa (1)/Page Sukses Pembayaran Siswa/Toast Notification Berhasil' is visible

06-01-2025T09:56:29 - [TEST_STEP][PASSED] - click(findTestObject("Master Tagihan/Admin Sekolah/Pembayaran Siswa/Homepage/Sub Menu Pembayaran Siswa (1)/Page Sukses Pembayaran Siswa/Button Cetak")): Object: 'Object Repository/Master Tagihan/Admin Sekolah/Pembayaran Siswa/Homepage/Sub Menu Pembayaran Siswa (1)/Page Sukses Pembayaran Siswa/Button Cetak' is clicked on

06-01-2025T09:56:29 - [MESSAGE][PASSED] - Object: 'Object Repository/Master Tagihan/Admin Sekolah/Pembayaran Siswa/Homepage/Sub Menu Pembayaran Siswa (1)/Page Sukses Pembayaran Siswa/Button Cetak' is clicked on

06-01-2025T09:56:29 - [TEST_STEP][PASSED] - delay(5): Delayed 5 second(s)

06-01-2025T09:56:35 - [MESSAGE][PASSED] - Delayed 5 second(s)

06-01-2025T09:56:35 - [MESSAGE][PASSED] - Call Test Case 'Test Cases/Master Tagihan/Admin Sekolah/Master Tagihan Pembayaran Siswa/Pembayaran Siswa' successfully

06-01-2025T09:56:35 - [TEST_STEP][PASSED] - println("============================= Loop Again ==============================="): null]]></system-out>
         <system-err><![CDATA[]]></system-err>
      </testcase>
      <testcase name="Test Cases/Regresi Feature/Sprint 2/Regresi Riwayat Pembayaran" time="152.973" classname="Test Cases/Regresi Feature/Sprint 2/Regresi Riwayat Pembayaran" status="PASSED">
         <system-out><![CDATA[06-01-2025T09:56:35 - [TEST_CASE][PASSED] - Test Cases/Regresi Feature/Sprint 2/Regresi Riwayat Pembayaran: Test Cases/Regresi Feature/Sprint 2/Regresi Riwayat Pembayaran

06-01-2025T09:56:35 - [TEST_STEP][PASSED] - for ([i = 1, i <= maxLoop, (i++)]): null

06-01-2025T09:56:35 - [TEST_STEP][PASSED] - callTestCase(findTestCase("Test Cases/Master Tagihan/Admin Sekolah/Master Tagihan Riwayat Pembayaran/Detail Riwayat Pembayaran"), [:], CONTINUE_ON_FAILURE): Call Test Case 'Test Cases/Master Tagihan/Admin Sekolah/Master Tagihan Riwayat Pembayaran/Detail Riwayat Pembayaran' successfully

06-01-2025T09:56:35 - [TEST_CASE][PASSED] - Test Cases/Master Tagihan/Admin Sekolah/Master Tagihan Riwayat Pembayaran/Detail Riwayat Pembayaran: Test Cases/Master Tagihan/Admin Sekolah/Master Tagihan Riwayat Pembayaran/Detail Riwayat Pembayaran

06-01-2025T09:56:35 - [TEST_STEP][PASSED] - openBrowser(""): Browser is opened with url: ''

06-01-2025T09:56:35 - [MESSAGE][WARNING] - A browser is already opened. Closing browser and opening a new one

06-01-2025T09:56:35 - [MESSAGE][INFO] - Starting 'Chrome' driver

06-01-2025T09:56:35 - [MESSAGE][INFO] - Action delay is set to 0 milliseconds

06-01-2025T09:56:36 - [MESSAGE][PASSED] - Browser is opened with url: ''

06-01-2025T09:56:36 - [TEST_STEP][PASSED] - navigateToUrl("https://sit.siprusedu.com/login"): Navigate to 'https://sit.siprusedu.com/login' successfully

06-01-2025T09:56:36 - [MESSAGE][PASSED] - Navigate to 'https://sit.siprusedu.com/login' successfully

06-01-2025T09:56:36 - [TEST_STEP][PASSED] - click(findTestObject("Master Data/Admin Sekolah/Login/Field Email")): Object: 'Object Repository/Master Data/Admin Sekolah/Login/Field Email' is clicked on

06-01-2025T09:56:38 - [MESSAGE][PASSED] - Object: 'Object Repository/Master Data/Admin Sekolah/Login/Field Email' is clicked on

06-01-2025T09:56:38 - [TEST_STEP][PASSED] - setText(findTestObject("Master Data/Admin Sekolah/Login/Field Email"), "admin.sekolah@gmail.com"): Text 'admin.sekolah@gmail.com' is set on object 'Object Repository/Master Data/Admin Sekolah/Login/Field Email'

06-01-2025T09:56:38 - [MESSAGE][PASSED] - Text 'admin.sekolah@gmail.com' is set on object 'Object Repository/Master Data/Admin Sekolah/Login/Field Email'

06-01-2025T09:56:38 - [TEST_STEP][PASSED] - click(findTestObject("Master Data/Admin Sekolah/Login/Input Password")): Object: 'Object Repository/Master Data/Admin Sekolah/Login/Input Password' is clicked on

06-01-2025T09:56:39 - [MESSAGE][PASSED] - Object: 'Object Repository/Master Data/Admin Sekolah/Login/Input Password' is clicked on

06-01-2025T09:56:39 - [TEST_STEP][PASSED] - setText(findTestObject("Master Data/Admin Sekolah/Login/Input Password"), "Test1234"): Text 'Test1234' is set on object 'Object Repository/Master Data/Admin Sekolah/Login/Input Password'

06-01-2025T09:56:39 - [MESSAGE][PASSED] - Text 'Test1234' is set on object 'Object Repository/Master Data/Admin Sekolah/Login/Input Password'

06-01-2025T09:56:39 - [TEST_STEP][PASSED] - click(findTestObject("Master Data/Admin Sekolah/Login/Button Submit")): Object: 'Object Repository/Master Data/Admin Sekolah/Login/Button Submit' is clicked on

06-01-2025T09:56:39 - [MESSAGE][PASSED] - Object: 'Object Repository/Master Data/Admin Sekolah/Login/Button Submit' is clicked on

06-01-2025T09:56:39 - [TEST_STEP][PASSED] - click(findTestObject("Master Data/Admin Sekolah/Riwayat Pembayaran/Detail Riwayat Pembayaran/Menu Tagihan")): Object: 'Object Repository/Master Data/Admin Sekolah/Riwayat Pembayaran/Detail Riwayat Pembayaran/Menu Tagihan' is clicked on

06-01-2025T09:56:41 - [MESSAGE][PASSED] - Object: 'Object Repository/Master Data/Admin Sekolah/Riwayat Pembayaran/Detail Riwayat Pembayaran/Menu Tagihan' is clicked on

06-01-2025T09:56:41 - [TEST_STEP][PASSED] - click(findTestObject("Master Data/Admin Sekolah/Riwayat Pembayaran/Detail Riwayat Pembayaran/Riwayat Pembayaran"), STOP_ON_FAILURE): Object: 'Object Repository/Master Data/Admin Sekolah/Riwayat Pembayaran/Detail Riwayat Pembayaran/Riwayat Pembayaran' is clicked on

06-01-2025T09:56:42 - [MESSAGE][PASSED] - Object: 'Object Repository/Master Data/Admin Sekolah/Riwayat Pembayaran/Detail Riwayat Pembayaran/Riwayat Pembayaran' is clicked on

06-01-2025T09:56:42 - [TEST_STEP][PASSED] - click(findTestObject("Master Data/Admin Sekolah/Riwayat Pembayaran/Detail Riwayat Pembayaran/Lihat Detail")): Object: 'Object Repository/Master Data/Admin Sekolah/Riwayat Pembayaran/Detail Riwayat Pembayaran/Lihat Detail' is clicked on

06-01-2025T09:56:43 - [MESSAGE][PASSED] - Object: 'Object Repository/Master Data/Admin Sekolah/Riwayat Pembayaran/Detail Riwayat Pembayaran/Lihat Detail' is clicked on

06-01-2025T09:56:43 - [MESSAGE][PASSED] - Call Test Case 'Test Cases/Master Tagihan/Admin Sekolah/Master Tagihan Riwayat Pembayaran/Detail Riwayat Pembayaran' successfully

06-01-2025T09:56:43 - [TEST_STEP][PASSED] - callTestCase(findTestCase("Test Cases/Master Tagihan/Admin Sekolah/Master Tagihan Riwayat Pembayaran/Filter Riwayat Pembayaran"), [:], CONTINUE_ON_FAILURE): Call Test Case 'Test Cases/Master Tagihan/Admin Sekolah/Master Tagihan Riwayat Pembayaran/Filter Riwayat Pembayaran' successfully

06-01-2025T09:56:43 - [TEST_CASE][PASSED] - Test Cases/Master Tagihan/Admin Sekolah/Master Tagihan Riwayat Pembayaran/Filter Riwayat Pembayaran: Test Cases/Master Tagihan/Admin Sekolah/Master Tagihan Riwayat Pembayaran/Filter Riwayat Pembayaran

06-01-2025T09:56:43 - [TEST_STEP][PASSED] - openBrowser(""): Browser is opened with url: ''

06-01-2025T09:56:43 - [MESSAGE][WARNING] - A browser is already opened. Closing browser and opening a new one

06-01-2025T09:56:43 - [MESSAGE][INFO] - Starting 'Chrome' driver

06-01-2025T09:56:43 - [MESSAGE][INFO] - Action delay is set to 0 milliseconds

06-01-2025T09:56:44 - [MESSAGE][PASSED] - Browser is opened with url: ''

06-01-2025T09:56:44 - [TEST_STEP][PASSED] - navigateToUrl("https://sit.siprusedu.com/login"): Navigate to 'https://sit.siprusedu.com/login' successfully

06-01-2025T09:56:45 - [MESSAGE][PASSED] - Navigate to 'https://sit.siprusedu.com/login' successfully

06-01-2025T09:56:45 - [TEST_STEP][PASSED] - click(findTestObject("Master Data/Admin Sekolah/Login/Field Email")): Object: 'Object Repository/Master Data/Admin Sekolah/Login/Field Email' is clicked on

06-01-2025T09:56:46 - [MESSAGE][PASSED] - Object: 'Object Repository/Master Data/Admin Sekolah/Login/Field Email' is clicked on

06-01-2025T09:56:46 - [TEST_STEP][PASSED] - setText(findTestObject("Master Data/Admin Sekolah/Login/Field Email"), "admin.sekolah@gmail.com"): Text 'admin.sekolah@gmail.com' is set on object 'Object Repository/Master Data/Admin Sekolah/Login/Field Email'

06-01-2025T09:56:47 - [MESSAGE][PASSED] - Text 'admin.sekolah@gmail.com' is set on object 'Object Repository/Master Data/Admin Sekolah/Login/Field Email'

06-01-2025T09:56:47 - [TEST_STEP][PASSED] - click(findTestObject("Master Data/Admin Sekolah/Login/Input Password")): Object: 'Object Repository/Master Data/Admin Sekolah/Login/Input Password' is clicked on

06-01-2025T09:56:47 - [MESSAGE][PASSED] - Object: 'Object Repository/Master Data/Admin Sekolah/Login/Input Password' is clicked on

06-01-2025T09:56:47 - [TEST_STEP][PASSED] - setText(findTestObject("Master Data/Admin Sekolah/Login/Input Password"), "Test1234"): Text 'Test1234' is set on object 'Object Repository/Master Data/Admin Sekolah/Login/Input Password'

06-01-2025T09:56:48 - [MESSAGE][PASSED] - Text 'Test1234' is set on object 'Object Repository/Master Data/Admin Sekolah/Login/Input Password'

06-01-2025T09:56:48 - [TEST_STEP][PASSED] - click(findTestObject("Master Data/Admin Sekolah/Login/Button Submit")): Object: 'Object Repository/Master Data/Admin Sekolah/Login/Button Submit' is clicked on

06-01-2025T09:56:48 - [MESSAGE][PASSED] - Object: 'Object Repository/Master Data/Admin Sekolah/Login/Button Submit' is clicked on

06-01-2025T09:56:48 - [TEST_STEP][PASSED] - click(findTestObject("Master Data/Admin Sekolah/Riwayat Pembayaran/Detail Riwayat Pembayaran/Menu Tagihan")): Object: 'Object Repository/Master Data/Admin Sekolah/Riwayat Pembayaran/Detail Riwayat Pembayaran/Menu Tagihan' is clicked on

06-01-2025T09:56:50 - [MESSAGE][PASSED] - Object: 'Object Repository/Master Data/Admin Sekolah/Riwayat Pembayaran/Detail Riwayat Pembayaran/Menu Tagihan' is clicked on

06-01-2025T09:56:50 - [TEST_STEP][PASSED] - click(findTestObject("Master Data/Admin Sekolah/Riwayat Pembayaran/Detail Riwayat Pembayaran/Riwayat Pembayaran"), STOP_ON_FAILURE): Object: 'Object Repository/Master Data/Admin Sekolah/Riwayat Pembayaran/Detail Riwayat Pembayaran/Riwayat Pembayaran' is clicked on

06-01-2025T09:56:51 - [MESSAGE][PASSED] - Object: 'Object Repository/Master Data/Admin Sekolah/Riwayat Pembayaran/Detail Riwayat Pembayaran/Riwayat Pembayaran' is clicked on

06-01-2025T09:56:51 - [TEST_STEP][PASSED] - click(findTestObject("Master Data/Admin Sekolah/Riwayat Pembayaran/Filter dan Search Riwayat Pembayaran/Status Pembayaran")): Object: 'Object Repository/Master Data/Admin Sekolah/Riwayat Pembayaran/Filter dan Search Riwayat Pembayaran/Status Pembayaran' is clicked on

06-01-2025T09:56:51 - [MESSAGE][PASSED] - Object: 'Object Repository/Master Data/Admin Sekolah/Riwayat Pembayaran/Filter dan Search Riwayat Pembayaran/Status Pembayaran' is clicked on

06-01-2025T09:56:51 - [TEST_STEP][PASSED] - click(findTestObject("Master Data/Admin Sekolah/Riwayat Pembayaran/Filter dan Search Riwayat Pembayaran/Menunggu")): Object: 'Object Repository/Master Data/Admin Sekolah/Riwayat Pembayaran/Filter dan Search Riwayat Pembayaran/Menunggu' is clicked on

06-01-2025T09:56:52 - [MESSAGE][PASSED] - Object: 'Object Repository/Master Data/Admin Sekolah/Riwayat Pembayaran/Filter dan Search Riwayat Pembayaran/Menunggu' is clicked on

06-01-2025T09:56:52 - [TEST_STEP][PASSED] - click(findTestObject("Master Data/Admin Sekolah/Riwayat Pembayaran/Filter dan Search Riwayat Pembayaran/Terapkan")): Object: 'Object Repository/Master Data/Admin Sekolah/Riwayat Pembayaran/Filter dan Search Riwayat Pembayaran/Terapkan' is clicked on

06-01-2025T09:56:52 - [MESSAGE][PASSED] - Object: 'Object Repository/Master Data/Admin Sekolah/Riwayat Pembayaran/Filter dan Search Riwayat Pembayaran/Terapkan' is clicked on

06-01-2025T09:56:52 - [MESSAGE][PASSED] - Call Test Case 'Test Cases/Master Tagihan/Admin Sekolah/Master Tagihan Riwayat Pembayaran/Filter Riwayat Pembayaran' successfully

06-01-2025T09:56:52 - [TEST_STEP][PASSED] - callTestCase(findTestCase("Test Cases/Master Tagihan/Admin Sekolah/Master Tagihan Riwayat Pembayaran/Search Riwayat Pembayaran"), [:], CONTINUE_ON_FAILURE): Call Test Case 'Test Cases/Master Tagihan/Admin Sekolah/Master Tagihan Riwayat Pembayaran/Search Riwayat Pembayaran' successfully

06-01-2025T09:56:53 - [TEST_CASE][PASSED] - Test Cases/Master Tagihan/Admin Sekolah/Master Tagihan Riwayat Pembayaran/Search Riwayat Pembayaran: Test Cases/Master Tagihan/Admin Sekolah/Master Tagihan Riwayat Pembayaran/Search Riwayat Pembayaran

06-01-2025T09:56:53 - [TEST_STEP][PASSED] - openBrowser(""): Browser is opened with url: ''

06-01-2025T09:56:53 - [MESSAGE][WARNING] - A browser is already opened. Closing browser and opening a new one

06-01-2025T09:56:53 - [MESSAGE][INFO] - Starting 'Chrome' driver

06-01-2025T09:56:53 - [MESSAGE][INFO] - Action delay is set to 0 milliseconds

06-01-2025T09:56:54 - [MESSAGE][PASSED] - Browser is opened with url: ''

06-01-2025T09:56:54 - [TEST_STEP][PASSED] - navigateToUrl("https://sit.siprusedu.com/login"): Navigate to 'https://sit.siprusedu.com/login' successfully

06-01-2025T09:56:54 - [MESSAGE][PASSED] - Navigate to 'https://sit.siprusedu.com/login' successfully

06-01-2025T09:56:54 - [TEST_STEP][PASSED] - click(findTestObject("Master Data/Admin Sekolah/Login/Field Email")): Object: 'Object Repository/Master Data/Admin Sekolah/Login/Field Email' is clicked on

06-01-2025T09:56:56 - [MESSAGE][PASSED] - Object: 'Object Repository/Master Data/Admin Sekolah/Login/Field Email' is clicked on

06-01-2025T09:56:56 - [TEST_STEP][PASSED] - setText(findTestObject("Master Data/Admin Sekolah/Login/Field Email"), "admin.sekolah@gmail.com"): Text 'admin.sekolah@gmail.com' is set on object 'Object Repository/Master Data/Admin Sekolah/Login/Field Email'

06-01-2025T09:56:56 - [MESSAGE][PASSED] - Text 'admin.sekolah@gmail.com' is set on object 'Object Repository/Master Data/Admin Sekolah/Login/Field Email'

06-01-2025T09:56:56 - [TEST_STEP][PASSED] - click(findTestObject("Master Data/Admin Sekolah/Login/Input Password")): Object: 'Object Repository/Master Data/Admin Sekolah/Login/Input Password' is clicked on

06-01-2025T09:56:56 - [MESSAGE][PASSED] - Object: 'Object Repository/Master Data/Admin Sekolah/Login/Input Password' is clicked on

06-01-2025T09:56:56 - [TEST_STEP][PASSED] - setText(findTestObject("Master Data/Admin Sekolah/Login/Input Password"), "Test1234"): Text 'Test1234' is set on object 'Object Repository/Master Data/Admin Sekolah/Login/Input Password'

06-01-2025T09:56:57 - [MESSAGE][PASSED] - Text 'Test1234' is set on object 'Object Repository/Master Data/Admin Sekolah/Login/Input Password'

06-01-2025T09:56:57 - [TEST_STEP][PASSED] - click(findTestObject("Master Data/Admin Sekolah/Login/Button Submit")): Object: 'Object Repository/Master Data/Admin Sekolah/Login/Button Submit' is clicked on

06-01-2025T09:56:57 - [MESSAGE][PASSED] - Object: 'Object Repository/Master Data/Admin Sekolah/Login/Button Submit' is clicked on

06-01-2025T09:56:57 - [TEST_STEP][PASSED] - click(findTestObject("Master Data/Admin Sekolah/Riwayat Pembayaran/Detail Riwayat Pembayaran/Menu Tagihan")): Object: 'Object Repository/Master Data/Admin Sekolah/Riwayat Pembayaran/Detail Riwayat Pembayaran/Menu Tagihan' is clicked on

06-01-2025T09:56:59 - [MESSAGE][PASSED] - Object: 'Object Repository/Master Data/Admin Sekolah/Riwayat Pembayaran/Detail Riwayat Pembayaran/Menu Tagihan' is clicked on

06-01-2025T09:56:59 - [TEST_STEP][PASSED] - click(findTestObject("Master Data/Admin Sekolah/Riwayat Pembayaran/Detail Riwayat Pembayaran/Riwayat Pembayaran"), STOP_ON_FAILURE): Object: 'Object Repository/Master Data/Admin Sekolah/Riwayat Pembayaran/Detail Riwayat Pembayaran/Riwayat Pembayaran' is clicked on

06-01-2025T09:57:18 - [MESSAGE][PASSED] - Object: 'Object Repository/Master Data/Admin Sekolah/Riwayat Pembayaran/Detail Riwayat Pembayaran/Riwayat Pembayaran' is clicked on

06-01-2025T09:57:18 - [TEST_STEP][PASSED] - click(findTestObject("Master Data/Admin Sekolah/Riwayat Pembayaran/Filter dan Search Riwayat Pembayaran/Input Nama")): Object: 'Object Repository/Master Data/Admin Sekolah/Riwayat Pembayaran/Filter dan Search Riwayat Pembayaran/Input Nama' is clicked on

06-01-2025T09:57:19 - [MESSAGE][PASSED] - Object: 'Object Repository/Master Data/Admin Sekolah/Riwayat Pembayaran/Filter dan Search Riwayat Pembayaran/Input Nama' is clicked on

06-01-2025T09:57:19 - [TEST_STEP][PASSED] - setText(findTestObject("Master Data/Admin Sekolah/Riwayat Pembayaran/Filter dan Search Riwayat Pembayaran/Input Nama"), "danu"): Text 'danu' is set on object 'Object Repository/Master Data/Admin Sekolah/Riwayat Pembayaran/Filter dan Search Riwayat Pembayaran/Input Nama'

06-01-2025T09:57:20 - [MESSAGE][PASSED] - Text 'danu' is set on object 'Object Repository/Master Data/Admin Sekolah/Riwayat Pembayaran/Filter dan Search Riwayat Pembayaran/Input Nama'

06-01-2025T09:57:20 - [TEST_STEP][PASSED] - click(findTestObject("Master Data/Admin Sekolah/Riwayat Pembayaran/Filter dan Search Riwayat Pembayaran/danu")): Object: 'Object Repository/Master Data/Admin Sekolah/Riwayat Pembayaran/Filter dan Search Riwayat Pembayaran/danu' is clicked on

06-01-2025T09:57:22 - [MESSAGE][PASSED] - Object: 'Object Repository/Master Data/Admin Sekolah/Riwayat Pembayaran/Filter dan Search Riwayat Pembayaran/danu' is clicked on

06-01-2025T09:57:22 - [TEST_STEP][PASSED] - click(findTestObject("Master Data/Admin Sekolah/Riwayat Pembayaran/Filter dan Search Riwayat Pembayaran/Terapkan")): Object: 'Object Repository/Master Data/Admin Sekolah/Riwayat Pembayaran/Filter dan Search Riwayat Pembayaran/Terapkan' is clicked on

06-01-2025T09:57:22 - [MESSAGE][PASSED] - Object: 'Object Repository/Master Data/Admin Sekolah/Riwayat Pembayaran/Filter dan Search Riwayat Pembayaran/Terapkan' is clicked on

06-01-2025T09:57:22 - [MESSAGE][PASSED] - Call Test Case 'Test Cases/Master Tagihan/Admin Sekolah/Master Tagihan Riwayat Pembayaran/Search Riwayat Pembayaran' successfully

06-01-2025T09:57:22 - [TEST_STEP][PASSED] - callTestCase(findTestCase("Test Cases/Master Tagihan/Admin Sekolah/Master Tagihan Riwayat Pembayaran/Sorting Table Riwayat Pembayaran"), [:], CONTINUE_ON_FAILURE): Call Test Case 'Test Cases/Master Tagihan/Admin Sekolah/Master Tagihan Riwayat Pembayaran/Sorting Table Riwayat Pembayaran' successfully

06-01-2025T09:57:22 - [TEST_CASE][PASSED] - Test Cases/Master Tagihan/Admin Sekolah/Master Tagihan Riwayat Pembayaran/Sorting Table Riwayat Pembayaran: Test Cases/Master Tagihan/Admin Sekolah/Master Tagihan Riwayat Pembayaran/Sorting Table Riwayat Pembayaran

06-01-2025T09:57:22 - [TEST_STEP][PASSED] - openBrowser(""): Browser is opened with url: ''

06-01-2025T09:57:22 - [MESSAGE][WARNING] - A browser is already opened. Closing browser and opening a new one

06-01-2025T09:57:23 - [MESSAGE][INFO] - Starting 'Chrome' driver

06-01-2025T09:57:23 - [MESSAGE][INFO] - Action delay is set to 0 milliseconds

06-01-2025T09:57:23 - [MESSAGE][PASSED] - Browser is opened with url: ''

06-01-2025T09:57:23 - [TEST_STEP][PASSED] - navigateToUrl("https://sit.siprusedu.com/login"): Navigate to 'https://sit.siprusedu.com/login' successfully

06-01-2025T09:57:24 - [MESSAGE][PASSED] - Navigate to 'https://sit.siprusedu.com/login' successfully

06-01-2025T09:57:24 - [TEST_STEP][PASSED] - click(findTestObject("Master Data/Admin Sekolah/Login/Field Email")): Object: 'Object Repository/Master Data/Admin Sekolah/Login/Field Email' is clicked on

06-01-2025T09:57:26 - [MESSAGE][PASSED] - Object: 'Object Repository/Master Data/Admin Sekolah/Login/Field Email' is clicked on

06-01-2025T09:57:26 - [TEST_STEP][PASSED] - setText(findTestObject("Master Data/Admin Sekolah/Login/Field Email"), "admin.sekolah@gmail.com"): Text 'admin.sekolah@gmail.com' is set on object 'Object Repository/Master Data/Admin Sekolah/Login/Field Email'

06-01-2025T09:57:26 - [MESSAGE][PASSED] - Text 'admin.sekolah@gmail.com' is set on object 'Object Repository/Master Data/Admin Sekolah/Login/Field Email'

06-01-2025T09:57:26 - [TEST_STEP][PASSED] - click(findTestObject("Master Data/Admin Sekolah/Login/Input Password")): Object: 'Object Repository/Master Data/Admin Sekolah/Login/Input Password' is clicked on

06-01-2025T09:57:27 - [MESSAGE][PASSED] - Object: 'Object Repository/Master Data/Admin Sekolah/Login/Input Password' is clicked on

06-01-2025T09:57:27 - [TEST_STEP][PASSED] - setText(findTestObject("Master Data/Admin Sekolah/Login/Input Password"), "Test1234"): Text 'Test1234' is set on object 'Object Repository/Master Data/Admin Sekolah/Login/Input Password'

06-01-2025T09:57:27 - [MESSAGE][PASSED] - Text 'Test1234' is set on object 'Object Repository/Master Data/Admin Sekolah/Login/Input Password'

06-01-2025T09:57:27 - [TEST_STEP][PASSED] - click(findTestObject("Master Data/Admin Sekolah/Login/Button Submit")): Object: 'Object Repository/Master Data/Admin Sekolah/Login/Button Submit' is clicked on

06-01-2025T09:57:27 - [MESSAGE][PASSED] - Object: 'Object Repository/Master Data/Admin Sekolah/Login/Button Submit' is clicked on

06-01-2025T09:57:27 - [TEST_STEP][PASSED] - click(findTestObject("Master Data/Admin Sekolah/Riwayat Pembayaran/Detail Riwayat Pembayaran/Menu Tagihan")): Object: 'Object Repository/Master Data/Admin Sekolah/Riwayat Pembayaran/Detail Riwayat Pembayaran/Menu Tagihan' is clicked on

06-01-2025T09:57:29 - [MESSAGE][PASSED] - Object: 'Object Repository/Master Data/Admin Sekolah/Riwayat Pembayaran/Detail Riwayat Pembayaran/Menu Tagihan' is clicked on

06-01-2025T09:57:29 - [TEST_STEP][PASSED] - click(findTestObject("Master Data/Admin Sekolah/Riwayat Pembayaran/Detail Riwayat Pembayaran/Riwayat Pembayaran"), STOP_ON_FAILURE): Object: 'Object Repository/Master Data/Admin Sekolah/Riwayat Pembayaran/Detail Riwayat Pembayaran/Riwayat Pembayaran' is clicked on

06-01-2025T09:57:30 - [MESSAGE][PASSED] - Object: 'Object Repository/Master Data/Admin Sekolah/Riwayat Pembayaran/Detail Riwayat Pembayaran/Riwayat Pembayaran' is clicked on

06-01-2025T09:57:30 - [TEST_STEP][PASSED] - click(findTestObject("Master Data/Admin Sekolah/Riwayat Pembayaran/Sorting Table Riwayat Pembayaran/Sorting Tanggal")): Object: 'Object Repository/Master Data/Admin Sekolah/Riwayat Pembayaran/Sorting Table Riwayat Pembayaran/Sorting Tanggal' is clicked on

06-01-2025T09:57:31 - [MESSAGE][PASSED] - Object: 'Object Repository/Master Data/Admin Sekolah/Riwayat Pembayaran/Sorting Table Riwayat Pembayaran/Sorting Tanggal' is clicked on

06-01-2025T09:57:31 - [MESSAGE][PASSED] - Call Test Case 'Test Cases/Master Tagihan/Admin Sekolah/Master Tagihan Riwayat Pembayaran/Sorting Table Riwayat Pembayaran' successfully

06-01-2025T09:57:31 - [TEST_STEP][PASSED] - println("============================= Loop Again ==============================="): null

06-01-2025T09:57:31 - [TEST_STEP][PASSED] - callTestCase(findTestCase("Test Cases/Master Tagihan/Admin Sekolah/Master Tagihan Riwayat Pembayaran/Detail Riwayat Pembayaran"), [:], CONTINUE_ON_FAILURE): Call Test Case 'Test Cases/Master Tagihan/Admin Sekolah/Master Tagihan Riwayat Pembayaran/Detail Riwayat Pembayaran' successfully

06-01-2025T09:57:31 - [TEST_CASE][PASSED] - Test Cases/Master Tagihan/Admin Sekolah/Master Tagihan Riwayat Pembayaran/Detail Riwayat Pembayaran: Test Cases/Master Tagihan/Admin Sekolah/Master Tagihan Riwayat Pembayaran/Detail Riwayat Pembayaran

06-01-2025T09:57:31 - [TEST_STEP][PASSED] - openBrowser(""): Browser is opened with url: ''

06-01-2025T09:57:31 - [MESSAGE][WARNING] - A browser is already opened. Closing browser and opening a new one

06-01-2025T09:57:31 - [MESSAGE][INFO] - Starting 'Chrome' driver

06-01-2025T09:57:31 - [MESSAGE][INFO] - Action delay is set to 0 milliseconds

06-01-2025T09:57:32 - [MESSAGE][PASSED] - Browser is opened with url: ''

06-01-2025T09:57:32 - [TEST_STEP][PASSED] - navigateToUrl("https://sit.siprusedu.com/login"): Navigate to 'https://sit.siprusedu.com/login' successfully

06-01-2025T09:57:33 - [MESSAGE][PASSED] - Navigate to 'https://sit.siprusedu.com/login' successfully

06-01-2025T09:57:33 - [TEST_STEP][PASSED] - click(findTestObject("Master Data/Admin Sekolah/Login/Field Email")): Object: 'Object Repository/Master Data/Admin Sekolah/Login/Field Email' is clicked on

06-01-2025T09:57:34 - [MESSAGE][PASSED] - Object: 'Object Repository/Master Data/Admin Sekolah/Login/Field Email' is clicked on

06-01-2025T09:57:34 - [TEST_STEP][PASSED] - setText(findTestObject("Master Data/Admin Sekolah/Login/Field Email"), "admin.sekolah@gmail.com"): Text 'admin.sekolah@gmail.com' is set on object 'Object Repository/Master Data/Admin Sekolah/Login/Field Email'

06-01-2025T09:57:35 - [MESSAGE][PASSED] - Text 'admin.sekolah@gmail.com' is set on object 'Object Repository/Master Data/Admin Sekolah/Login/Field Email'

06-01-2025T09:57:35 - [TEST_STEP][PASSED] - click(findTestObject("Master Data/Admin Sekolah/Login/Input Password")): Object: 'Object Repository/Master Data/Admin Sekolah/Login/Input Password' is clicked on

06-01-2025T09:57:35 - [MESSAGE][PASSED] - Object: 'Object Repository/Master Data/Admin Sekolah/Login/Input Password' is clicked on

06-01-2025T09:57:35 - [TEST_STEP][PASSED] - setText(findTestObject("Master Data/Admin Sekolah/Login/Input Password"), "Test1234"): Text 'Test1234' is set on object 'Object Repository/Master Data/Admin Sekolah/Login/Input Password'

06-01-2025T09:57:36 - [MESSAGE][PASSED] - Text 'Test1234' is set on object 'Object Repository/Master Data/Admin Sekolah/Login/Input Password'

06-01-2025T09:57:36 - [TEST_STEP][PASSED] - click(findTestObject("Master Data/Admin Sekolah/Login/Button Submit")): Object: 'Object Repository/Master Data/Admin Sekolah/Login/Button Submit' is clicked on

06-01-2025T09:57:36 - [MESSAGE][PASSED] - Object: 'Object Repository/Master Data/Admin Sekolah/Login/Button Submit' is clicked on

06-01-2025T09:57:36 - [TEST_STEP][PASSED] - click(findTestObject("Master Data/Admin Sekolah/Riwayat Pembayaran/Detail Riwayat Pembayaran/Menu Tagihan")): Object: 'Object Repository/Master Data/Admin Sekolah/Riwayat Pembayaran/Detail Riwayat Pembayaran/Menu Tagihan' is clicked on

06-01-2025T09:57:38 - [MESSAGE][PASSED] - Object: 'Object Repository/Master Data/Admin Sekolah/Riwayat Pembayaran/Detail Riwayat Pembayaran/Menu Tagihan' is clicked on

06-01-2025T09:57:38 - [TEST_STEP][PASSED] - click(findTestObject("Master Data/Admin Sekolah/Riwayat Pembayaran/Detail Riwayat Pembayaran/Riwayat Pembayaran"), STOP_ON_FAILURE): Object: 'Object Repository/Master Data/Admin Sekolah/Riwayat Pembayaran/Detail Riwayat Pembayaran/Riwayat Pembayaran' is clicked on

06-01-2025T09:57:39 - [MESSAGE][PASSED] - Object: 'Object Repository/Master Data/Admin Sekolah/Riwayat Pembayaran/Detail Riwayat Pembayaran/Riwayat Pembayaran' is clicked on

06-01-2025T09:57:39 - [TEST_STEP][PASSED] - click(findTestObject("Master Data/Admin Sekolah/Riwayat Pembayaran/Detail Riwayat Pembayaran/Lihat Detail")): Object: 'Object Repository/Master Data/Admin Sekolah/Riwayat Pembayaran/Detail Riwayat Pembayaran/Lihat Detail' is clicked on

06-01-2025T09:57:40 - [MESSAGE][PASSED] - Object: 'Object Repository/Master Data/Admin Sekolah/Riwayat Pembayaran/Detail Riwayat Pembayaran/Lihat Detail' is clicked on

06-01-2025T09:57:40 - [MESSAGE][PASSED] - Call Test Case 'Test Cases/Master Tagihan/Admin Sekolah/Master Tagihan Riwayat Pembayaran/Detail Riwayat Pembayaran' successfully

06-01-2025T09:57:40 - [TEST_STEP][PASSED] - callTestCase(findTestCase("Test Cases/Master Tagihan/Admin Sekolah/Master Tagihan Riwayat Pembayaran/Filter Riwayat Pembayaran"), [:], CONTINUE_ON_FAILURE): Call Test Case 'Test Cases/Master Tagihan/Admin Sekolah/Master Tagihan Riwayat Pembayaran/Filter Riwayat Pembayaran' successfully

06-01-2025T09:57:40 - [TEST_CASE][PASSED] - Test Cases/Master Tagihan/Admin Sekolah/Master Tagihan Riwayat Pembayaran/Filter Riwayat Pembayaran: Test Cases/Master Tagihan/Admin Sekolah/Master Tagihan Riwayat Pembayaran/Filter Riwayat Pembayaran

06-01-2025T09:57:40 - [TEST_STEP][PASSED] - openBrowser(""): Browser is opened with url: ''

06-01-2025T09:57:40 - [MESSAGE][WARNING] - A browser is already opened. Closing browser and opening a new one

06-01-2025T09:57:40 - [MESSAGE][INFO] - Starting 'Chrome' driver

06-01-2025T09:57:40 - [MESSAGE][INFO] - Action delay is set to 0 milliseconds

06-01-2025T09:57:41 - [MESSAGE][PASSED] - Browser is opened with url: ''

06-01-2025T09:57:41 - [TEST_STEP][PASSED] - navigateToUrl("https://sit.siprusedu.com/login"): Navigate to 'https://sit.siprusedu.com/login' successfully

06-01-2025T09:57:41 - [MESSAGE][PASSED] - Navigate to 'https://sit.siprusedu.com/login' successfully

06-01-2025T09:57:41 - [TEST_STEP][PASSED] - click(findTestObject("Master Data/Admin Sekolah/Login/Field Email")): Object: 'Object Repository/Master Data/Admin Sekolah/Login/Field Email' is clicked on

06-01-2025T09:57:43 - [MESSAGE][PASSED] - Object: 'Object Repository/Master Data/Admin Sekolah/Login/Field Email' is clicked on

06-01-2025T09:57:43 - [TEST_STEP][PASSED] - setText(findTestObject("Master Data/Admin Sekolah/Login/Field Email"), "admin.sekolah@gmail.com"): Text 'admin.sekolah@gmail.com' is set on object 'Object Repository/Master Data/Admin Sekolah/Login/Field Email'

06-01-2025T09:57:43 - [MESSAGE][PASSED] - Text 'admin.sekolah@gmail.com' is set on object 'Object Repository/Master Data/Admin Sekolah/Login/Field Email'

06-01-2025T09:57:43 - [TEST_STEP][PASSED] - click(findTestObject("Master Data/Admin Sekolah/Login/Input Password")): Object: 'Object Repository/Master Data/Admin Sekolah/Login/Input Password' is clicked on

06-01-2025T09:57:44 - [MESSAGE][PASSED] - Object: 'Object Repository/Master Data/Admin Sekolah/Login/Input Password' is clicked on

06-01-2025T09:57:44 - [TEST_STEP][PASSED] - setText(findTestObject("Master Data/Admin Sekolah/Login/Input Password"), "Test1234"): Text 'Test1234' is set on object 'Object Repository/Master Data/Admin Sekolah/Login/Input Password'

06-01-2025T09:57:44 - [MESSAGE][PASSED] - Text 'Test1234' is set on object 'Object Repository/Master Data/Admin Sekolah/Login/Input Password'

06-01-2025T09:57:44 - [TEST_STEP][PASSED] - click(findTestObject("Master Data/Admin Sekolah/Login/Button Submit")): Object: 'Object Repository/Master Data/Admin Sekolah/Login/Button Submit' is clicked on

06-01-2025T09:57:45 - [MESSAGE][PASSED] - Object: 'Object Repository/Master Data/Admin Sekolah/Login/Button Submit' is clicked on

06-01-2025T09:57:45 - [TEST_STEP][PASSED] - click(findTestObject("Master Data/Admin Sekolah/Riwayat Pembayaran/Detail Riwayat Pembayaran/Menu Tagihan")): Object: 'Object Repository/Master Data/Admin Sekolah/Riwayat Pembayaran/Detail Riwayat Pembayaran/Menu Tagihan' is clicked on

06-01-2025T09:57:46 - [MESSAGE][PASSED] - Object: 'Object Repository/Master Data/Admin Sekolah/Riwayat Pembayaran/Detail Riwayat Pembayaran/Menu Tagihan' is clicked on

06-01-2025T09:57:46 - [TEST_STEP][PASSED] - click(findTestObject("Master Data/Admin Sekolah/Riwayat Pembayaran/Detail Riwayat Pembayaran/Riwayat Pembayaran"), STOP_ON_FAILURE): Object: 'Object Repository/Master Data/Admin Sekolah/Riwayat Pembayaran/Detail Riwayat Pembayaran/Riwayat Pembayaran' is clicked on

06-01-2025T09:57:47 - [MESSAGE][PASSED] - Object: 'Object Repository/Master Data/Admin Sekolah/Riwayat Pembayaran/Detail Riwayat Pembayaran/Riwayat Pembayaran' is clicked on

06-01-2025T09:57:47 - [TEST_STEP][PASSED] - click(findTestObject("Master Data/Admin Sekolah/Riwayat Pembayaran/Filter dan Search Riwayat Pembayaran/Status Pembayaran")): Object: 'Object Repository/Master Data/Admin Sekolah/Riwayat Pembayaran/Filter dan Search Riwayat Pembayaran/Status Pembayaran' is clicked on

06-01-2025T09:57:48 - [MESSAGE][PASSED] - Object: 'Object Repository/Master Data/Admin Sekolah/Riwayat Pembayaran/Filter dan Search Riwayat Pembayaran/Status Pembayaran' is clicked on

06-01-2025T09:57:48 - [TEST_STEP][PASSED] - click(findTestObject("Master Data/Admin Sekolah/Riwayat Pembayaran/Filter dan Search Riwayat Pembayaran/Menunggu")): Object: 'Object Repository/Master Data/Admin Sekolah/Riwayat Pembayaran/Filter dan Search Riwayat Pembayaran/Menunggu' is clicked on

06-01-2025T09:57:48 - [MESSAGE][PASSED] - Object: 'Object Repository/Master Data/Admin Sekolah/Riwayat Pembayaran/Filter dan Search Riwayat Pembayaran/Menunggu' is clicked on

06-01-2025T09:57:48 - [TEST_STEP][PASSED] - click(findTestObject("Master Data/Admin Sekolah/Riwayat Pembayaran/Filter dan Search Riwayat Pembayaran/Terapkan")): Object: 'Object Repository/Master Data/Admin Sekolah/Riwayat Pembayaran/Filter dan Search Riwayat Pembayaran/Terapkan' is clicked on

06-01-2025T09:57:49 - [MESSAGE][PASSED] - Object: 'Object Repository/Master Data/Admin Sekolah/Riwayat Pembayaran/Filter dan Search Riwayat Pembayaran/Terapkan' is clicked on

06-01-2025T09:57:49 - [MESSAGE][PASSED] - Call Test Case 'Test Cases/Master Tagihan/Admin Sekolah/Master Tagihan Riwayat Pembayaran/Filter Riwayat Pembayaran' successfully

06-01-2025T09:57:49 - [TEST_STEP][PASSED] - callTestCase(findTestCase("Test Cases/Master Tagihan/Admin Sekolah/Master Tagihan Riwayat Pembayaran/Search Riwayat Pembayaran"), [:], CONTINUE_ON_FAILURE): Call Test Case 'Test Cases/Master Tagihan/Admin Sekolah/Master Tagihan Riwayat Pembayaran/Search Riwayat Pembayaran' successfully

06-01-2025T09:57:49 - [TEST_CASE][PASSED] - Test Cases/Master Tagihan/Admin Sekolah/Master Tagihan Riwayat Pembayaran/Search Riwayat Pembayaran: Test Cases/Master Tagihan/Admin Sekolah/Master Tagihan Riwayat Pembayaran/Search Riwayat Pembayaran

06-01-2025T09:57:49 - [TEST_STEP][PASSED] - openBrowser(""): Browser is opened with url: ''

06-01-2025T09:57:49 - [MESSAGE][WARNING] - A browser is already opened. Closing browser and opening a new one

06-01-2025T09:57:49 - [MESSAGE][INFO] - Starting 'Chrome' driver

06-01-2025T09:57:49 - [MESSAGE][INFO] - Action delay is set to 0 milliseconds

06-01-2025T09:57:50 - [MESSAGE][PASSED] - Browser is opened with url: ''

06-01-2025T09:57:50 - [TEST_STEP][PASSED] - navigateToUrl("https://sit.siprusedu.com/login"): Navigate to 'https://sit.siprusedu.com/login' successfully

06-01-2025T09:57:50 - [MESSAGE][PASSED] - Navigate to 'https://sit.siprusedu.com/login' successfully

06-01-2025T09:57:50 - [TEST_STEP][PASSED] - click(findTestObject("Master Data/Admin Sekolah/Login/Field Email")): Object: 'Object Repository/Master Data/Admin Sekolah/Login/Field Email' is clicked on

06-01-2025T09:57:52 - [MESSAGE][PASSED] - Object: 'Object Repository/Master Data/Admin Sekolah/Login/Field Email' is clicked on

06-01-2025T09:57:52 - [TEST_STEP][PASSED] - setText(findTestObject("Master Data/Admin Sekolah/Login/Field Email"), "admin.sekolah@gmail.com"): Text 'admin.sekolah@gmail.com' is set on object 'Object Repository/Master Data/Admin Sekolah/Login/Field Email'

06-01-2025T09:57:52 - [MESSAGE][PASSED] - Text 'admin.sekolah@gmail.com' is set on object 'Object Repository/Master Data/Admin Sekolah/Login/Field Email'

06-01-2025T09:57:52 - [TEST_STEP][PASSED] - click(findTestObject("Master Data/Admin Sekolah/Login/Input Password")): Object: 'Object Repository/Master Data/Admin Sekolah/Login/Input Password' is clicked on

06-01-2025T09:57:53 - [MESSAGE][PASSED] - Object: 'Object Repository/Master Data/Admin Sekolah/Login/Input Password' is clicked on

06-01-2025T09:57:53 - [TEST_STEP][PASSED] - setText(findTestObject("Master Data/Admin Sekolah/Login/Input Password"), "Test1234"): Text 'Test1234' is set on object 'Object Repository/Master Data/Admin Sekolah/Login/Input Password'

06-01-2025T09:57:53 - [MESSAGE][PASSED] - Text 'Test1234' is set on object 'Object Repository/Master Data/Admin Sekolah/Login/Input Password'

06-01-2025T09:57:53 - [TEST_STEP][PASSED] - click(findTestObject("Master Data/Admin Sekolah/Login/Button Submit")): Object: 'Object Repository/Master Data/Admin Sekolah/Login/Button Submit' is clicked on

06-01-2025T09:57:54 - [MESSAGE][PASSED] - Object: 'Object Repository/Master Data/Admin Sekolah/Login/Button Submit' is clicked on

06-01-2025T09:57:54 - [TEST_STEP][PASSED] - click(findTestObject("Master Data/Admin Sekolah/Riwayat Pembayaran/Detail Riwayat Pembayaran/Menu Tagihan")): Object: 'Object Repository/Master Data/Admin Sekolah/Riwayat Pembayaran/Detail Riwayat Pembayaran/Menu Tagihan' is clicked on

06-01-2025T09:57:56 - [MESSAGE][PASSED] - Object: 'Object Repository/Master Data/Admin Sekolah/Riwayat Pembayaran/Detail Riwayat Pembayaran/Menu Tagihan' is clicked on

06-01-2025T09:57:56 - [TEST_STEP][PASSED] - click(findTestObject("Master Data/Admin Sekolah/Riwayat Pembayaran/Detail Riwayat Pembayaran/Riwayat Pembayaran"), STOP_ON_FAILURE): Object: 'Object Repository/Master Data/Admin Sekolah/Riwayat Pembayaran/Detail Riwayat Pembayaran/Riwayat Pembayaran' is clicked on

06-01-2025T09:57:57 - [MESSAGE][PASSED] - Object: 'Object Repository/Master Data/Admin Sekolah/Riwayat Pembayaran/Detail Riwayat Pembayaran/Riwayat Pembayaran' is clicked on

06-01-2025T09:57:57 - [TEST_STEP][PASSED] - click(findTestObject("Master Data/Admin Sekolah/Riwayat Pembayaran/Filter dan Search Riwayat Pembayaran/Input Nama")): Object: 'Object Repository/Master Data/Admin Sekolah/Riwayat Pembayaran/Filter dan Search Riwayat Pembayaran/Input Nama' is clicked on

06-01-2025T09:57:57 - [MESSAGE][PASSED] - Object: 'Object Repository/Master Data/Admin Sekolah/Riwayat Pembayaran/Filter dan Search Riwayat Pembayaran/Input Nama' is clicked on

06-01-2025T09:57:57 - [TEST_STEP][PASSED] - setText(findTestObject("Master Data/Admin Sekolah/Riwayat Pembayaran/Filter dan Search Riwayat Pembayaran/Input Nama"), "danu"): Text 'danu' is set on object 'Object Repository/Master Data/Admin Sekolah/Riwayat Pembayaran/Filter dan Search Riwayat Pembayaran/Input Nama'

06-01-2025T09:57:58 - [MESSAGE][PASSED] - Text 'danu' is set on object 'Object Repository/Master Data/Admin Sekolah/Riwayat Pembayaran/Filter dan Search Riwayat Pembayaran/Input Nama'

06-01-2025T09:57:58 - [TEST_STEP][PASSED] - click(findTestObject("Master Data/Admin Sekolah/Riwayat Pembayaran/Filter dan Search Riwayat Pembayaran/danu")): Object: 'Object Repository/Master Data/Admin Sekolah/Riwayat Pembayaran/Filter dan Search Riwayat Pembayaran/danu' is clicked on

06-01-2025T09:58:00 - [MESSAGE][PASSED] - Object: 'Object Repository/Master Data/Admin Sekolah/Riwayat Pembayaran/Filter dan Search Riwayat Pembayaran/danu' is clicked on

06-01-2025T09:58:00 - [TEST_STEP][PASSED] - click(findTestObject("Master Data/Admin Sekolah/Riwayat Pembayaran/Filter dan Search Riwayat Pembayaran/Terapkan")): Object: 'Object Repository/Master Data/Admin Sekolah/Riwayat Pembayaran/Filter dan Search Riwayat Pembayaran/Terapkan' is clicked on

06-01-2025T09:58:00 - [MESSAGE][PASSED] - Object: 'Object Repository/Master Data/Admin Sekolah/Riwayat Pembayaran/Filter dan Search Riwayat Pembayaran/Terapkan' is clicked on

06-01-2025T09:58:00 - [MESSAGE][PASSED] - Call Test Case 'Test Cases/Master Tagihan/Admin Sekolah/Master Tagihan Riwayat Pembayaran/Search Riwayat Pembayaran' successfully

06-01-2025T09:58:00 - [TEST_STEP][PASSED] - callTestCase(findTestCase("Test Cases/Master Tagihan/Admin Sekolah/Master Tagihan Riwayat Pembayaran/Sorting Table Riwayat Pembayaran"), [:], CONTINUE_ON_FAILURE): Call Test Case 'Test Cases/Master Tagihan/Admin Sekolah/Master Tagihan Riwayat Pembayaran/Sorting Table Riwayat Pembayaran' successfully

06-01-2025T09:58:00 - [TEST_CASE][PASSED] - Test Cases/Master Tagihan/Admin Sekolah/Master Tagihan Riwayat Pembayaran/Sorting Table Riwayat Pembayaran: Test Cases/Master Tagihan/Admin Sekolah/Master Tagihan Riwayat Pembayaran/Sorting Table Riwayat Pembayaran

06-01-2025T09:58:00 - [TEST_STEP][PASSED] - openBrowser(""): Browser is opened with url: ''

06-01-2025T09:58:00 - [MESSAGE][WARNING] - A browser is already opened. Closing browser and opening a new one

06-01-2025T09:58:02 - [MESSAGE][INFO] - Starting 'Chrome' driver

06-01-2025T09:58:02 - [MESSAGE][INFO] - Action delay is set to 0 milliseconds

06-01-2025T09:58:03 - [MESSAGE][PASSED] - Browser is opened with url: ''

06-01-2025T09:58:03 - [TEST_STEP][PASSED] - navigateToUrl("https://sit.siprusedu.com/login"): Navigate to 'https://sit.siprusedu.com/login' successfully

06-01-2025T09:58:04 - [MESSAGE][PASSED] - Navigate to 'https://sit.siprusedu.com/login' successfully

06-01-2025T09:58:04 - [TEST_STEP][PASSED] - click(findTestObject("Master Data/Admin Sekolah/Login/Field Email")): Object: 'Object Repository/Master Data/Admin Sekolah/Login/Field Email' is clicked on

06-01-2025T09:58:05 - [MESSAGE][PASSED] - Object: 'Object Repository/Master Data/Admin Sekolah/Login/Field Email' is clicked on

06-01-2025T09:58:05 - [TEST_STEP][PASSED] - setText(findTestObject("Master Data/Admin Sekolah/Login/Field Email"), "admin.sekolah@gmail.com"): Text 'admin.sekolah@gmail.com' is set on object 'Object Repository/Master Data/Admin Sekolah/Login/Field Email'

06-01-2025T09:58:06 - [MESSAGE][PASSED] - Text 'admin.sekolah@gmail.com' is set on object 'Object Repository/Master Data/Admin Sekolah/Login/Field Email'

06-01-2025T09:58:06 - [TEST_STEP][PASSED] - click(findTestObject("Master Data/Admin Sekolah/Login/Input Password")): Object: 'Object Repository/Master Data/Admin Sekolah/Login/Input Password' is clicked on

06-01-2025T09:58:06 - [MESSAGE][PASSED] - Object: 'Object Repository/Master Data/Admin Sekolah/Login/Input Password' is clicked on

06-01-2025T09:58:06 - [TEST_STEP][PASSED] - setText(findTestObject("Master Data/Admin Sekolah/Login/Input Password"), "Test1234"): Text 'Test1234' is set on object 'Object Repository/Master Data/Admin Sekolah/Login/Input Password'

06-01-2025T09:58:07 - [MESSAGE][PASSED] - Text 'Test1234' is set on object 'Object Repository/Master Data/Admin Sekolah/Login/Input Password'

06-01-2025T09:58:07 - [TEST_STEP][PASSED] - click(findTestObject("Master Data/Admin Sekolah/Login/Button Submit")): Object: 'Object Repository/Master Data/Admin Sekolah/Login/Button Submit' is clicked on

06-01-2025T09:58:07 - [MESSAGE][PASSED] - Object: 'Object Repository/Master Data/Admin Sekolah/Login/Button Submit' is clicked on

06-01-2025T09:58:07 - [TEST_STEP][PASSED] - click(findTestObject("Master Data/Admin Sekolah/Riwayat Pembayaran/Detail Riwayat Pembayaran/Menu Tagihan")): Object: 'Object Repository/Master Data/Admin Sekolah/Riwayat Pembayaran/Detail Riwayat Pembayaran/Menu Tagihan' is clicked on

06-01-2025T09:58:09 - [MESSAGE][PASSED] - Object: 'Object Repository/Master Data/Admin Sekolah/Riwayat Pembayaran/Detail Riwayat Pembayaran/Menu Tagihan' is clicked on

06-01-2025T09:58:09 - [TEST_STEP][PASSED] - click(findTestObject("Master Data/Admin Sekolah/Riwayat Pembayaran/Detail Riwayat Pembayaran/Riwayat Pembayaran"), STOP_ON_FAILURE): Object: 'Object Repository/Master Data/Admin Sekolah/Riwayat Pembayaran/Detail Riwayat Pembayaran/Riwayat Pembayaran' is clicked on

06-01-2025T09:58:11 - [MESSAGE][PASSED] - Object: 'Object Repository/Master Data/Admin Sekolah/Riwayat Pembayaran/Detail Riwayat Pembayaran/Riwayat Pembayaran' is clicked on

06-01-2025T09:58:11 - [TEST_STEP][PASSED] - click(findTestObject("Master Data/Admin Sekolah/Riwayat Pembayaran/Sorting Table Riwayat Pembayaran/Sorting Tanggal")): Object: 'Object Repository/Master Data/Admin Sekolah/Riwayat Pembayaran/Sorting Table Riwayat Pembayaran/Sorting Tanggal' is clicked on

06-01-2025T09:58:11 - [MESSAGE][PASSED] - Object: 'Object Repository/Master Data/Admin Sekolah/Riwayat Pembayaran/Sorting Table Riwayat Pembayaran/Sorting Tanggal' is clicked on

06-01-2025T09:58:11 - [MESSAGE][PASSED] - Call Test Case 'Test Cases/Master Tagihan/Admin Sekolah/Master Tagihan Riwayat Pembayaran/Sorting Table Riwayat Pembayaran' successfully

06-01-2025T09:58:11 - [TEST_STEP][PASSED] - println("============================= Loop Again ==============================="): null

06-01-2025T09:58:11 - [TEST_STEP][PASSED] - callTestCase(findTestCase("Test Cases/Master Tagihan/Admin Sekolah/Master Tagihan Riwayat Pembayaran/Detail Riwayat Pembayaran"), [:], CONTINUE_ON_FAILURE): Call Test Case 'Test Cases/Master Tagihan/Admin Sekolah/Master Tagihan Riwayat Pembayaran/Detail Riwayat Pembayaran' successfully

06-01-2025T09:58:11 - [TEST_CASE][PASSED] - Test Cases/Master Tagihan/Admin Sekolah/Master Tagihan Riwayat Pembayaran/Detail Riwayat Pembayaran: Test Cases/Master Tagihan/Admin Sekolah/Master Tagihan Riwayat Pembayaran/Detail Riwayat Pembayaran

06-01-2025T09:58:11 - [TEST_STEP][PASSED] - openBrowser(""): Browser is opened with url: ''

06-01-2025T09:58:11 - [MESSAGE][WARNING] - A browser is already opened. Closing browser and opening a new one

06-01-2025T09:58:11 - [MESSAGE][INFO] - Starting 'Chrome' driver

06-01-2025T09:58:11 - [MESSAGE][INFO] - Action delay is set to 0 milliseconds

06-01-2025T09:58:12 - [MESSAGE][PASSED] - Browser is opened with url: ''

06-01-2025T09:58:12 - [TEST_STEP][PASSED] - navigateToUrl("https://sit.siprusedu.com/login"): Navigate to 'https://sit.siprusedu.com/login' successfully

06-01-2025T09:58:13 - [MESSAGE][PASSED] - Navigate to 'https://sit.siprusedu.com/login' successfully

06-01-2025T09:58:13 - [TEST_STEP][PASSED] - click(findTestObject("Master Data/Admin Sekolah/Login/Field Email")): Object: 'Object Repository/Master Data/Admin Sekolah/Login/Field Email' is clicked on

06-01-2025T09:58:14 - [MESSAGE][PASSED] - Object: 'Object Repository/Master Data/Admin Sekolah/Login/Field Email' is clicked on

06-01-2025T09:58:14 - [TEST_STEP][PASSED] - setText(findTestObject("Master Data/Admin Sekolah/Login/Field Email"), "admin.sekolah@gmail.com"): Text 'admin.sekolah@gmail.com' is set on object 'Object Repository/Master Data/Admin Sekolah/Login/Field Email'

06-01-2025T09:58:15 - [MESSAGE][PASSED] - Text 'admin.sekolah@gmail.com' is set on object 'Object Repository/Master Data/Admin Sekolah/Login/Field Email'

06-01-2025T09:58:15 - [TEST_STEP][PASSED] - click(findTestObject("Master Data/Admin Sekolah/Login/Input Password")): Object: 'Object Repository/Master Data/Admin Sekolah/Login/Input Password' is clicked on

06-01-2025T09:58:15 - [MESSAGE][PASSED] - Object: 'Object Repository/Master Data/Admin Sekolah/Login/Input Password' is clicked on

06-01-2025T09:58:15 - [TEST_STEP][PASSED] - setText(findTestObject("Master Data/Admin Sekolah/Login/Input Password"), "Test1234"): Text 'Test1234' is set on object 'Object Repository/Master Data/Admin Sekolah/Login/Input Password'

06-01-2025T09:58:16 - [MESSAGE][PASSED] - Text 'Test1234' is set on object 'Object Repository/Master Data/Admin Sekolah/Login/Input Password'

06-01-2025T09:58:16 - [TEST_STEP][PASSED] - click(findTestObject("Master Data/Admin Sekolah/Login/Button Submit")): Object: 'Object Repository/Master Data/Admin Sekolah/Login/Button Submit' is clicked on

06-01-2025T09:58:16 - [MESSAGE][PASSED] - Object: 'Object Repository/Master Data/Admin Sekolah/Login/Button Submit' is clicked on

06-01-2025T09:58:16 - [TEST_STEP][PASSED] - click(findTestObject("Master Data/Admin Sekolah/Riwayat Pembayaran/Detail Riwayat Pembayaran/Menu Tagihan")): Object: 'Object Repository/Master Data/Admin Sekolah/Riwayat Pembayaran/Detail Riwayat Pembayaran/Menu Tagihan' is clicked on

06-01-2025T09:58:18 - [MESSAGE][PASSED] - Object: 'Object Repository/Master Data/Admin Sekolah/Riwayat Pembayaran/Detail Riwayat Pembayaran/Menu Tagihan' is clicked on

06-01-2025T09:58:18 - [TEST_STEP][PASSED] - click(findTestObject("Master Data/Admin Sekolah/Riwayat Pembayaran/Detail Riwayat Pembayaran/Riwayat Pembayaran"), STOP_ON_FAILURE): Object: 'Object Repository/Master Data/Admin Sekolah/Riwayat Pembayaran/Detail Riwayat Pembayaran/Riwayat Pembayaran' is clicked on

06-01-2025T09:58:19 - [MESSAGE][PASSED] - Object: 'Object Repository/Master Data/Admin Sekolah/Riwayat Pembayaran/Detail Riwayat Pembayaran/Riwayat Pembayaran' is clicked on

06-01-2025T09:58:19 - [TEST_STEP][PASSED] - click(findTestObject("Master Data/Admin Sekolah/Riwayat Pembayaran/Detail Riwayat Pembayaran/Lihat Detail")): Object: 'Object Repository/Master Data/Admin Sekolah/Riwayat Pembayaran/Detail Riwayat Pembayaran/Lihat Detail' is clicked on

06-01-2025T09:58:19 - [MESSAGE][PASSED] - Object: 'Object Repository/Master Data/Admin Sekolah/Riwayat Pembayaran/Detail Riwayat Pembayaran/Lihat Detail' is clicked on

06-01-2025T09:58:19 - [MESSAGE][PASSED] - Call Test Case 'Test Cases/Master Tagihan/Admin Sekolah/Master Tagihan Riwayat Pembayaran/Detail Riwayat Pembayaran' successfully

06-01-2025T09:58:19 - [TEST_STEP][PASSED] - callTestCase(findTestCase("Test Cases/Master Tagihan/Admin Sekolah/Master Tagihan Riwayat Pembayaran/Filter Riwayat Pembayaran"), [:], CONTINUE_ON_FAILURE): Call Test Case 'Test Cases/Master Tagihan/Admin Sekolah/Master Tagihan Riwayat Pembayaran/Filter Riwayat Pembayaran' successfully

06-01-2025T09:58:19 - [TEST_CASE][PASSED] - Test Cases/Master Tagihan/Admin Sekolah/Master Tagihan Riwayat Pembayaran/Filter Riwayat Pembayaran: Test Cases/Master Tagihan/Admin Sekolah/Master Tagihan Riwayat Pembayaran/Filter Riwayat Pembayaran

06-01-2025T09:58:19 - [TEST_STEP][PASSED] - openBrowser(""): Browser is opened with url: ''

06-01-2025T09:58:19 - [MESSAGE][WARNING] - A browser is already opened. Closing browser and opening a new one

06-01-2025T09:58:20 - [MESSAGE][INFO] - Starting 'Chrome' driver

06-01-2025T09:58:20 - [MESSAGE][INFO] - Action delay is set to 0 milliseconds

06-01-2025T09:58:20 - [MESSAGE][PASSED] - Browser is opened with url: ''

06-01-2025T09:58:20 - [TEST_STEP][PASSED] - navigateToUrl("https://sit.siprusedu.com/login"): Navigate to 'https://sit.siprusedu.com/login' successfully

06-01-2025T09:58:21 - [MESSAGE][PASSED] - Navigate to 'https://sit.siprusedu.com/login' successfully

06-01-2025T09:58:21 - [TEST_STEP][PASSED] - click(findTestObject("Master Data/Admin Sekolah/Login/Field Email")): Object: 'Object Repository/Master Data/Admin Sekolah/Login/Field Email' is clicked on

06-01-2025T09:58:23 - [MESSAGE][PASSED] - Object: 'Object Repository/Master Data/Admin Sekolah/Login/Field Email' is clicked on

06-01-2025T09:58:23 - [TEST_STEP][PASSED] - setText(findTestObject("Master Data/Admin Sekolah/Login/Field Email"), "admin.sekolah@gmail.com"): Text 'admin.sekolah@gmail.com' is set on object 'Object Repository/Master Data/Admin Sekolah/Login/Field Email'

06-01-2025T09:58:23 - [MESSAGE][PASSED] - Text 'admin.sekolah@gmail.com' is set on object 'Object Repository/Master Data/Admin Sekolah/Login/Field Email'

06-01-2025T09:58:23 - [TEST_STEP][PASSED] - click(findTestObject("Master Data/Admin Sekolah/Login/Input Password")): Object: 'Object Repository/Master Data/Admin Sekolah/Login/Input Password' is clicked on

06-01-2025T09:58:24 - [MESSAGE][PASSED] - Object: 'Object Repository/Master Data/Admin Sekolah/Login/Input Password' is clicked on

06-01-2025T09:58:24 - [TEST_STEP][PASSED] - setText(findTestObject("Master Data/Admin Sekolah/Login/Input Password"), "Test1234"): Text 'Test1234' is set on object 'Object Repository/Master Data/Admin Sekolah/Login/Input Password'

06-01-2025T09:58:24 - [MESSAGE][PASSED] - Text 'Test1234' is set on object 'Object Repository/Master Data/Admin Sekolah/Login/Input Password'

06-01-2025T09:58:24 - [TEST_STEP][PASSED] - click(findTestObject("Master Data/Admin Sekolah/Login/Button Submit")): Object: 'Object Repository/Master Data/Admin Sekolah/Login/Button Submit' is clicked on

06-01-2025T09:58:24 - [MESSAGE][PASSED] - Object: 'Object Repository/Master Data/Admin Sekolah/Login/Button Submit' is clicked on

06-01-2025T09:58:24 - [TEST_STEP][PASSED] - click(findTestObject("Master Data/Admin Sekolah/Riwayat Pembayaran/Detail Riwayat Pembayaran/Menu Tagihan")): Object: 'Object Repository/Master Data/Admin Sekolah/Riwayat Pembayaran/Detail Riwayat Pembayaran/Menu Tagihan' is clicked on

06-01-2025T09:58:26 - [MESSAGE][PASSED] - Object: 'Object Repository/Master Data/Admin Sekolah/Riwayat Pembayaran/Detail Riwayat Pembayaran/Menu Tagihan' is clicked on

06-01-2025T09:58:26 - [TEST_STEP][PASSED] - click(findTestObject("Master Data/Admin Sekolah/Riwayat Pembayaran/Detail Riwayat Pembayaran/Riwayat Pembayaran"), STOP_ON_FAILURE): Object: 'Object Repository/Master Data/Admin Sekolah/Riwayat Pembayaran/Detail Riwayat Pembayaran/Riwayat Pembayaran' is clicked on

06-01-2025T09:58:46 - [MESSAGE][PASSED] - Object: 'Object Repository/Master Data/Admin Sekolah/Riwayat Pembayaran/Detail Riwayat Pembayaran/Riwayat Pembayaran' is clicked on

06-01-2025T09:58:46 - [TEST_STEP][PASSED] - click(findTestObject("Master Data/Admin Sekolah/Riwayat Pembayaran/Filter dan Search Riwayat Pembayaran/Status Pembayaran")): Object: 'Object Repository/Master Data/Admin Sekolah/Riwayat Pembayaran/Filter dan Search Riwayat Pembayaran/Status Pembayaran' is clicked on

06-01-2025T09:58:46 - [MESSAGE][PASSED] - Object: 'Object Repository/Master Data/Admin Sekolah/Riwayat Pembayaran/Filter dan Search Riwayat Pembayaran/Status Pembayaran' is clicked on

06-01-2025T09:58:46 - [TEST_STEP][PASSED] - click(findTestObject("Master Data/Admin Sekolah/Riwayat Pembayaran/Filter dan Search Riwayat Pembayaran/Menunggu")): Object: 'Object Repository/Master Data/Admin Sekolah/Riwayat Pembayaran/Filter dan Search Riwayat Pembayaran/Menunggu' is clicked on

06-01-2025T09:58:47 - [MESSAGE][PASSED] - Object: 'Object Repository/Master Data/Admin Sekolah/Riwayat Pembayaran/Filter dan Search Riwayat Pembayaran/Menunggu' is clicked on

06-01-2025T09:58:47 - [TEST_STEP][PASSED] - click(findTestObject("Master Data/Admin Sekolah/Riwayat Pembayaran/Filter dan Search Riwayat Pembayaran/Terapkan")): Object: 'Object Repository/Master Data/Admin Sekolah/Riwayat Pembayaran/Filter dan Search Riwayat Pembayaran/Terapkan' is clicked on

06-01-2025T09:58:47 - [MESSAGE][PASSED] - Object: 'Object Repository/Master Data/Admin Sekolah/Riwayat Pembayaran/Filter dan Search Riwayat Pembayaran/Terapkan' is clicked on

06-01-2025T09:58:47 - [MESSAGE][PASSED] - Call Test Case 'Test Cases/Master Tagihan/Admin Sekolah/Master Tagihan Riwayat Pembayaran/Filter Riwayat Pembayaran' successfully

06-01-2025T09:58:47 - [TEST_STEP][PASSED] - callTestCase(findTestCase("Test Cases/Master Tagihan/Admin Sekolah/Master Tagihan Riwayat Pembayaran/Search Riwayat Pembayaran"), [:], CONTINUE_ON_FAILURE): Call Test Case 'Test Cases/Master Tagihan/Admin Sekolah/Master Tagihan Riwayat Pembayaran/Search Riwayat Pembayaran' successfully

06-01-2025T09:58:47 - [TEST_CASE][PASSED] - Test Cases/Master Tagihan/Admin Sekolah/Master Tagihan Riwayat Pembayaran/Search Riwayat Pembayaran: Test Cases/Master Tagihan/Admin Sekolah/Master Tagihan Riwayat Pembayaran/Search Riwayat Pembayaran

06-01-2025T09:58:47 - [TEST_STEP][PASSED] - openBrowser(""): Browser is opened with url: ''

06-01-2025T09:58:47 - [MESSAGE][WARNING] - A browser is already opened. Closing browser and opening a new one

06-01-2025T09:58:48 - [MESSAGE][INFO] - Starting 'Chrome' driver

06-01-2025T09:58:48 - [MESSAGE][INFO] - Action delay is set to 0 milliseconds

06-01-2025T09:58:49 - [MESSAGE][PASSED] - Browser is opened with url: ''

06-01-2025T09:58:49 - [TEST_STEP][PASSED] - navigateToUrl("https://sit.siprusedu.com/login"): Navigate to 'https://sit.siprusedu.com/login' successfully

06-01-2025T09:58:49 - [MESSAGE][PASSED] - Navigate to 'https://sit.siprusedu.com/login' successfully

06-01-2025T09:58:49 - [TEST_STEP][PASSED] - click(findTestObject("Master Data/Admin Sekolah/Login/Field Email")): Object: 'Object Repository/Master Data/Admin Sekolah/Login/Field Email' is clicked on

06-01-2025T09:58:51 - [MESSAGE][PASSED] - Object: 'Object Repository/Master Data/Admin Sekolah/Login/Field Email' is clicked on

06-01-2025T09:58:51 - [TEST_STEP][PASSED] - setText(findTestObject("Master Data/Admin Sekolah/Login/Field Email"), "admin.sekolah@gmail.com"): Text 'admin.sekolah@gmail.com' is set on object 'Object Repository/Master Data/Admin Sekolah/Login/Field Email'

06-01-2025T09:58:52 - [MESSAGE][PASSED] - Text 'admin.sekolah@gmail.com' is set on object 'Object Repository/Master Data/Admin Sekolah/Login/Field Email'

06-01-2025T09:58:52 - [TEST_STEP][PASSED] - click(findTestObject("Master Data/Admin Sekolah/Login/Input Password")): Object: 'Object Repository/Master Data/Admin Sekolah/Login/Input Password' is clicked on

06-01-2025T09:58:52 - [MESSAGE][PASSED] - Object: 'Object Repository/Master Data/Admin Sekolah/Login/Input Password' is clicked on

06-01-2025T09:58:52 - [TEST_STEP][PASSED] - setText(findTestObject("Master Data/Admin Sekolah/Login/Input Password"), "Test1234"): Text 'Test1234' is set on object 'Object Repository/Master Data/Admin Sekolah/Login/Input Password'

06-01-2025T09:58:52 - [MESSAGE][PASSED] - Text 'Test1234' is set on object 'Object Repository/Master Data/Admin Sekolah/Login/Input Password'

06-01-2025T09:58:52 - [TEST_STEP][PASSED] - click(findTestObject("Master Data/Admin Sekolah/Login/Button Submit")): Object: 'Object Repository/Master Data/Admin Sekolah/Login/Button Submit' is clicked on

06-01-2025T09:58:53 - [MESSAGE][PASSED] - Object: 'Object Repository/Master Data/Admin Sekolah/Login/Button Submit' is clicked on

06-01-2025T09:58:53 - [TEST_STEP][PASSED] - click(findTestObject("Master Data/Admin Sekolah/Riwayat Pembayaran/Detail Riwayat Pembayaran/Menu Tagihan")): Object: 'Object Repository/Master Data/Admin Sekolah/Riwayat Pembayaran/Detail Riwayat Pembayaran/Menu Tagihan' is clicked on

06-01-2025T09:58:55 - [MESSAGE][PASSED] - Object: 'Object Repository/Master Data/Admin Sekolah/Riwayat Pembayaran/Detail Riwayat Pembayaran/Menu Tagihan' is clicked on

06-01-2025T09:58:55 - [TEST_STEP][PASSED] - click(findTestObject("Master Data/Admin Sekolah/Riwayat Pembayaran/Detail Riwayat Pembayaran/Riwayat Pembayaran"), STOP_ON_FAILURE): Object: 'Object Repository/Master Data/Admin Sekolah/Riwayat Pembayaran/Detail Riwayat Pembayaran/Riwayat Pembayaran' is clicked on

06-01-2025T09:58:56 - [MESSAGE][PASSED] - Object: 'Object Repository/Master Data/Admin Sekolah/Riwayat Pembayaran/Detail Riwayat Pembayaran/Riwayat Pembayaran' is clicked on

06-01-2025T09:58:56 - [TEST_STEP][PASSED] - click(findTestObject("Master Data/Admin Sekolah/Riwayat Pembayaran/Filter dan Search Riwayat Pembayaran/Input Nama")): Object: 'Object Repository/Master Data/Admin Sekolah/Riwayat Pembayaran/Filter dan Search Riwayat Pembayaran/Input Nama' is clicked on

06-01-2025T09:58:57 - [MESSAGE][PASSED] - Object: 'Object Repository/Master Data/Admin Sekolah/Riwayat Pembayaran/Filter dan Search Riwayat Pembayaran/Input Nama' is clicked on

06-01-2025T09:58:57 - [TEST_STEP][PASSED] - setText(findTestObject("Master Data/Admin Sekolah/Riwayat Pembayaran/Filter dan Search Riwayat Pembayaran/Input Nama"), "danu"): Text 'danu' is set on object 'Object Repository/Master Data/Admin Sekolah/Riwayat Pembayaran/Filter dan Search Riwayat Pembayaran/Input Nama'

06-01-2025T09:58:57 - [MESSAGE][PASSED] - Text 'danu' is set on object 'Object Repository/Master Data/Admin Sekolah/Riwayat Pembayaran/Filter dan Search Riwayat Pembayaran/Input Nama'

06-01-2025T09:58:57 - [TEST_STEP][PASSED] - click(findTestObject("Master Data/Admin Sekolah/Riwayat Pembayaran/Filter dan Search Riwayat Pembayaran/danu")): Object: 'Object Repository/Master Data/Admin Sekolah/Riwayat Pembayaran/Filter dan Search Riwayat Pembayaran/danu' is clicked on

06-01-2025T09:58:59 - [MESSAGE][PASSED] - Object: 'Object Repository/Master Data/Admin Sekolah/Riwayat Pembayaran/Filter dan Search Riwayat Pembayaran/danu' is clicked on

06-01-2025T09:58:59 - [TEST_STEP][PASSED] - click(findTestObject("Master Data/Admin Sekolah/Riwayat Pembayaran/Filter dan Search Riwayat Pembayaran/Terapkan")): Object: 'Object Repository/Master Data/Admin Sekolah/Riwayat Pembayaran/Filter dan Search Riwayat Pembayaran/Terapkan' is clicked on

06-01-2025T09:59:00 - [MESSAGE][PASSED] - Object: 'Object Repository/Master Data/Admin Sekolah/Riwayat Pembayaran/Filter dan Search Riwayat Pembayaran/Terapkan' is clicked on

06-01-2025T09:59:00 - [MESSAGE][PASSED] - Call Test Case 'Test Cases/Master Tagihan/Admin Sekolah/Master Tagihan Riwayat Pembayaran/Search Riwayat Pembayaran' successfully

06-01-2025T09:59:00 - [TEST_STEP][PASSED] - callTestCase(findTestCase("Test Cases/Master Tagihan/Admin Sekolah/Master Tagihan Riwayat Pembayaran/Sorting Table Riwayat Pembayaran"), [:], CONTINUE_ON_FAILURE): Call Test Case 'Test Cases/Master Tagihan/Admin Sekolah/Master Tagihan Riwayat Pembayaran/Sorting Table Riwayat Pembayaran' successfully

06-01-2025T09:59:00 - [TEST_CASE][PASSED] - Test Cases/Master Tagihan/Admin Sekolah/Master Tagihan Riwayat Pembayaran/Sorting Table Riwayat Pembayaran: Test Cases/Master Tagihan/Admin Sekolah/Master Tagihan Riwayat Pembayaran/Sorting Table Riwayat Pembayaran

06-01-2025T09:59:00 - [TEST_STEP][PASSED] - openBrowser(""): Browser is opened with url: ''

06-01-2025T09:59:00 - [MESSAGE][WARNING] - A browser is already opened. Closing browser and opening a new one

06-01-2025T09:59:00 - [MESSAGE][INFO] - Starting 'Chrome' driver

06-01-2025T09:59:00 - [MESSAGE][INFO] - Action delay is set to 0 milliseconds

06-01-2025T09:59:01 - [MESSAGE][PASSED] - Browser is opened with url: ''

06-01-2025T09:59:01 - [TEST_STEP][PASSED] - navigateToUrl("https://sit.siprusedu.com/login"): Navigate to 'https://sit.siprusedu.com/login' successfully

06-01-2025T09:59:01 - [MESSAGE][PASSED] - Navigate to 'https://sit.siprusedu.com/login' successfully

06-01-2025T09:59:01 - [TEST_STEP][PASSED] - click(findTestObject("Master Data/Admin Sekolah/Login/Field Email")): Object: 'Object Repository/Master Data/Admin Sekolah/Login/Field Email' is clicked on

06-01-2025T09:59:03 - [MESSAGE][PASSED] - Object: 'Object Repository/Master Data/Admin Sekolah/Login/Field Email' is clicked on

06-01-2025T09:59:03 - [TEST_STEP][PASSED] - setText(findTestObject("Master Data/Admin Sekolah/Login/Field Email"), "admin.sekolah@gmail.com"): Text 'admin.sekolah@gmail.com' is set on object 'Object Repository/Master Data/Admin Sekolah/Login/Field Email'

06-01-2025T09:59:03 - [MESSAGE][PASSED] - Text 'admin.sekolah@gmail.com' is set on object 'Object Repository/Master Data/Admin Sekolah/Login/Field Email'

06-01-2025T09:59:03 - [TEST_STEP][PASSED] - click(findTestObject("Master Data/Admin Sekolah/Login/Input Password")): Object: 'Object Repository/Master Data/Admin Sekolah/Login/Input Password' is clicked on

06-01-2025T09:59:03 - [MESSAGE][PASSED] - Object: 'Object Repository/Master Data/Admin Sekolah/Login/Input Password' is clicked on

06-01-2025T09:59:03 - [TEST_STEP][PASSED] - setText(findTestObject("Master Data/Admin Sekolah/Login/Input Password"), "Test1234"): Text 'Test1234' is set on object 'Object Repository/Master Data/Admin Sekolah/Login/Input Password'

06-01-2025T09:59:04 - [MESSAGE][PASSED] - Text 'Test1234' is set on object 'Object Repository/Master Data/Admin Sekolah/Login/Input Password'

06-01-2025T09:59:04 - [TEST_STEP][PASSED] - click(findTestObject("Master Data/Admin Sekolah/Login/Button Submit")): Object: 'Object Repository/Master Data/Admin Sekolah/Login/Button Submit' is clicked on

06-01-2025T09:59:04 - [MESSAGE][PASSED] - Object: 'Object Repository/Master Data/Admin Sekolah/Login/Button Submit' is clicked on

06-01-2025T09:59:04 - [TEST_STEP][PASSED] - click(findTestObject("Master Data/Admin Sekolah/Riwayat Pembayaran/Detail Riwayat Pembayaran/Menu Tagihan")): Object: 'Object Repository/Master Data/Admin Sekolah/Riwayat Pembayaran/Detail Riwayat Pembayaran/Menu Tagihan' is clicked on

06-01-2025T09:59:06 - [MESSAGE][PASSED] - Object: 'Object Repository/Master Data/Admin Sekolah/Riwayat Pembayaran/Detail Riwayat Pembayaran/Menu Tagihan' is clicked on

06-01-2025T09:59:06 - [TEST_STEP][PASSED] - click(findTestObject("Master Data/Admin Sekolah/Riwayat Pembayaran/Detail Riwayat Pembayaran/Riwayat Pembayaran"), STOP_ON_FAILURE): Object: 'Object Repository/Master Data/Admin Sekolah/Riwayat Pembayaran/Detail Riwayat Pembayaran/Riwayat Pembayaran' is clicked on

06-01-2025T09:59:07 - [MESSAGE][PASSED] - Object: 'Object Repository/Master Data/Admin Sekolah/Riwayat Pembayaran/Detail Riwayat Pembayaran/Riwayat Pembayaran' is clicked on

06-01-2025T09:59:07 - [TEST_STEP][PASSED] - click(findTestObject("Master Data/Admin Sekolah/Riwayat Pembayaran/Sorting Table Riwayat Pembayaran/Sorting Tanggal")): Object: 'Object Repository/Master Data/Admin Sekolah/Riwayat Pembayaran/Sorting Table Riwayat Pembayaran/Sorting Tanggal' is clicked on

06-01-2025T09:59:07 - [MESSAGE][PASSED] - Object: 'Object Repository/Master Data/Admin Sekolah/Riwayat Pembayaran/Sorting Table Riwayat Pembayaran/Sorting Tanggal' is clicked on

06-01-2025T09:59:07 - [MESSAGE][PASSED] - Call Test Case 'Test Cases/Master Tagihan/Admin Sekolah/Master Tagihan Riwayat Pembayaran/Sorting Table Riwayat Pembayaran' successfully

06-01-2025T09:59:07 - [TEST_STEP][PASSED] - println("============================= Loop Again ==============================="): null]]></system-out>
         <system-err><![CDATA[]]></system-err>
      </testcase>
      <testcase name="Test Cases/Regresi Feature/Sprint 2/Regresi Tagihan Persiswa" time="338.942" classname="Test Cases/Regresi Feature/Sprint 2/Regresi Tagihan Persiswa" status="PASSED">
         <system-out><![CDATA[06-01-2025T09:59:08 - [TEST_CASE][PASSED] - Test Cases/Regresi Feature/Sprint 2/Regresi Tagihan Persiswa: Test Cases/Regresi Feature/Sprint 2/Regresi Tagihan Persiswa

06-01-2025T09:59:08 - [TEST_STEP][PASSED] - for ([i = 1, i <= maxLoop, (i++)]): null

06-01-2025T09:59:08 - [TEST_STEP][PASSED] - callTestCase(findTestCase("Test Cases/Master Tagihan/Admin Sekolah/Master Tagihan Pembayaran Per Siswa/Sorting Table Tagihan Persiswa"), [:], CONTINUE_ON_FAILURE): Call Test Case 'Test Cases/Master Tagihan/Admin Sekolah/Master Tagihan Pembayaran Per Siswa/Sorting Table Tagihan Persiswa' successfully

06-01-2025T09:59:08 - [TEST_CASE][PASSED] - Test Cases/Master Tagihan/Admin Sekolah/Master Tagihan Pembayaran Per Siswa/Sorting Table Tagihan Persiswa: Test Cases/Master Tagihan/Admin Sekolah/Master Tagihan Pembayaran Per Siswa/Sorting Table Tagihan Persiswa

06-01-2025T09:59:08 - [TEST_STEP][PASSED] - openBrowser(""): Browser is opened with url: ''

06-01-2025T09:59:08 - [MESSAGE][WARNING] - A browser is already opened. Closing browser and opening a new one

06-01-2025T09:59:08 - [MESSAGE][INFO] - Starting 'Chrome' driver

06-01-2025T09:59:08 - [MESSAGE][INFO] - Action delay is set to 0 milliseconds

06-01-2025T09:59:09 - [MESSAGE][PASSED] - Browser is opened with url: ''

06-01-2025T09:59:09 - [TEST_STEP][PASSED] - navigateToUrl("https://sit.siprusedu.com/login"): Navigate to 'https://sit.siprusedu.com/login' successfully

06-01-2025T09:59:09 - [MESSAGE][PASSED] - Navigate to 'https://sit.siprusedu.com/login' successfully

06-01-2025T09:59:09 - [TEST_STEP][PASSED] - click(findTestObject("Master Data/Admin Sekolah/Login/Field Email")): Object: 'Object Repository/Master Data/Admin Sekolah/Login/Field Email' is clicked on

06-01-2025T09:59:11 - [MESSAGE][PASSED] - Object: 'Object Repository/Master Data/Admin Sekolah/Login/Field Email' is clicked on

06-01-2025T09:59:11 - [TEST_STEP][PASSED] - setText(findTestObject("Master Data/Admin Sekolah/Login/Field Email"), "admin.gudangsolusi@digiform.co.id"): Text 'admin.gudangsolusi@digiform.co.id' is set on object 'Object Repository/Master Data/Admin Sekolah/Login/Field Email'

06-01-2025T09:59:11 - [MESSAGE][PASSED] - Text 'admin.gudangsolusi@digiform.co.id' is set on object 'Object Repository/Master Data/Admin Sekolah/Login/Field Email'

06-01-2025T09:59:11 - [TEST_STEP][PASSED] - delay(1): Delayed 1 second(s)

06-01-2025T09:59:12 - [MESSAGE][PASSED] - Delayed 1 second(s)

06-01-2025T09:59:12 - [TEST_STEP][PASSED] - click(findTestObject("Master Data/Admin Sekolah/Login/Input Password")): Object: 'Object Repository/Master Data/Admin Sekolah/Login/Input Password' is clicked on

06-01-2025T09:59:13 - [MESSAGE][PASSED] - Object: 'Object Repository/Master Data/Admin Sekolah/Login/Input Password' is clicked on

06-01-2025T09:59:13 - [TEST_STEP][PASSED] - setText(findTestObject("Master Data/Admin Sekolah/Login/Input Password"), "Test1234"): Text 'Test1234' is set on object 'Object Repository/Master Data/Admin Sekolah/Login/Input Password'

06-01-2025T09:59:13 - [MESSAGE][PASSED] - Text 'Test1234' is set on object 'Object Repository/Master Data/Admin Sekolah/Login/Input Password'

06-01-2025T09:59:13 - [TEST_STEP][PASSED] - delay(1): Delayed 1 second(s)

06-01-2025T09:59:14 - [MESSAGE][PASSED] - Delayed 1 second(s)

06-01-2025T09:59:14 - [TEST_STEP][PASSED] - click(findTestObject("Master Data/Admin Sekolah/Login/Button Submit")): Object: 'Object Repository/Master Data/Admin Sekolah/Login/Button Submit' is clicked on

06-01-2025T09:59:15 - [MESSAGE][PASSED] - Object: 'Object Repository/Master Data/Admin Sekolah/Login/Button Submit' is clicked on

06-01-2025T09:59:15 - [TEST_STEP][PASSED] - delay(1): Delayed 1 second(s)

06-01-2025T09:59:16 - [MESSAGE][PASSED] - Delayed 1 second(s)

06-01-2025T09:59:16 - [TEST_STEP][PASSED] - click(findTestObject("Master Tagihan/Admin Sekolah/Pembayaran Siswa/Homepage/Menu Tagihan")): Object: 'Object Repository/Master Tagihan/Admin Sekolah/Pembayaran Siswa/Homepage/Menu Tagihan' is clicked on

06-01-2025T09:59:35 - [MESSAGE][PASSED] - Object: 'Object Repository/Master Tagihan/Admin Sekolah/Pembayaran Siswa/Homepage/Menu Tagihan' is clicked on

06-01-2025T09:59:35 - [TEST_STEP][PASSED] - delay(1): Delayed 1 second(s)

06-01-2025T09:59:37 - [MESSAGE][PASSED] - Delayed 1 second(s)

06-01-2025T09:59:37 - [TEST_STEP][PASSED] - click(findTestObject("Master Tagihan/Admin Sekolah/Pembayaran Siswa/Homepage/Sub-Menu Tagihan Persiswa")): Object: 'Object Repository/Master Tagihan/Admin Sekolah/Pembayaran Siswa/Homepage/Sub-Menu Tagihan Persiswa' is clicked on

06-01-2025T09:59:37 - [MESSAGE][PASSED] - Object: 'Object Repository/Master Tagihan/Admin Sekolah/Pembayaran Siswa/Homepage/Sub-Menu Tagihan Persiswa' is clicked on

06-01-2025T09:59:37 - [TEST_STEP][PASSED] - delay(1): Delayed 1 second(s)

06-01-2025T09:59:38 - [MESSAGE][PASSED] - Delayed 1 second(s)

06-01-2025T09:59:38 - [TEST_STEP][PASSED] - click(findTestObject("Master Tagihan/Admin Sekolah/Pembayaran Siswa/Homepage/Sub Menu Tagihan Persiswa/Dropdown Unit/Klik Dropdown")): Object: 'Object Repository/Master Tagihan/Admin Sekolah/Pembayaran Siswa/Homepage/Sub Menu Tagihan Persiswa/Dropdown Unit/Klik Dropdown' is clicked on

06-01-2025T09:59:38 - [MESSAGE][PASSED] - Object: 'Object Repository/Master Tagihan/Admin Sekolah/Pembayaran Siswa/Homepage/Sub Menu Tagihan Persiswa/Dropdown Unit/Klik Dropdown' is clicked on

06-01-2025T09:59:38 - [TEST_STEP][PASSED] - delay(1): Delayed 1 second(s)

06-01-2025T09:59:39 - [MESSAGE][PASSED] - Delayed 1 second(s)

06-01-2025T09:59:39 - [TEST_STEP][PASSED] - click(findTestObject("Master Tagihan/Admin Sekolah/Pembayaran Siswa/Homepage/Sub Menu Tagihan Persiswa/Dropdown Unit/Pilih Value Unit")): Object: 'Object Repository/Master Tagihan/Admin Sekolah/Pembayaran Siswa/Homepage/Sub Menu Tagihan Persiswa/Dropdown Unit/Pilih Value Unit' is clicked on

06-01-2025T09:59:39 - [MESSAGE][PASSED] - Object: 'Object Repository/Master Tagihan/Admin Sekolah/Pembayaran Siswa/Homepage/Sub Menu Tagihan Persiswa/Dropdown Unit/Pilih Value Unit' is clicked on

06-01-2025T09:59:39 - [TEST_STEP][PASSED] - delay(1): Delayed 1 second(s)

06-01-2025T09:59:40 - [MESSAGE][PASSED] - Delayed 1 second(s)

06-01-2025T09:59:40 - [TEST_STEP][PASSED] - click(findTestObject("Master Tagihan/Admin Sekolah/Pembayaran Siswa/Homepage/Sub Menu Tagihan Persiswa/Dropdown Kelas/Klik Dropdown Kelas")): Object: 'Object Repository/Master Tagihan/Admin Sekolah/Pembayaran Siswa/Homepage/Sub Menu Tagihan Persiswa/Dropdown Kelas/Klik Dropdown Kelas' is clicked on

06-01-2025T09:59:41 - [MESSAGE][PASSED] - Object: 'Object Repository/Master Tagihan/Admin Sekolah/Pembayaran Siswa/Homepage/Sub Menu Tagihan Persiswa/Dropdown Kelas/Klik Dropdown Kelas' is clicked on

06-01-2025T09:59:41 - [TEST_STEP][PASSED] - delay(1): Delayed 1 second(s)

06-01-2025T09:59:42 - [MESSAGE][PASSED] - Delayed 1 second(s)

06-01-2025T09:59:42 - [TEST_STEP][PASSED] - click(findTestObject("Master Tagihan/Admin Sekolah/Pembayaran Siswa/Homepage/Sub Menu Tagihan Persiswa/Dropdown Kelas/Klik Field Cari Kelas")): Object: 'Object Repository/Master Tagihan/Admin Sekolah/Pembayaran Siswa/Homepage/Sub Menu Tagihan Persiswa/Dropdown Kelas/Klik Field Cari Kelas' is clicked on

06-01-2025T09:59:42 - [MESSAGE][PASSED] - Object: 'Object Repository/Master Tagihan/Admin Sekolah/Pembayaran Siswa/Homepage/Sub Menu Tagihan Persiswa/Dropdown Kelas/Klik Field Cari Kelas' is clicked on

06-01-2025T09:59:42 - [TEST_STEP][PASSED] - delay(1): Delayed 1 second(s)

06-01-2025T09:59:43 - [MESSAGE][PASSED] - Delayed 1 second(s)

06-01-2025T09:59:43 - [TEST_STEP][PASSED] - setText(findTestObject("Master Tagihan/Admin Sekolah/Pembayaran Siswa/Homepage/Sub Menu Tagihan Persiswa/Dropdown Kelas/Klik Field Cari Kelas"), "XI IPA Biologi 2"): Text 'XI IPA Biologi 2' is set on object 'Object Repository/Master Tagihan/Admin Sekolah/Pembayaran Siswa/Homepage/Sub Menu Tagihan Persiswa/Dropdown Kelas/Klik Field Cari Kelas'

06-01-2025T09:59:44 - [MESSAGE][PASSED] - Text 'XI IPA Biologi 2' is set on object 'Object Repository/Master Tagihan/Admin Sekolah/Pembayaran Siswa/Homepage/Sub Menu Tagihan Persiswa/Dropdown Kelas/Klik Field Cari Kelas'

06-01-2025T09:59:44 - [TEST_STEP][PASSED] - click(findTestObject("Master Tagihan/Admin Sekolah/Pembayaran Siswa/Homepage/Sub Menu Tagihan Persiswa/Dropdown Kelas/Pilih Kelas")): Object: 'Object Repository/Master Tagihan/Admin Sekolah/Pembayaran Siswa/Homepage/Sub Menu Tagihan Persiswa/Dropdown Kelas/Pilih Kelas' is clicked on

06-01-2025T09:59:44 - [MESSAGE][PASSED] - Object: 'Object Repository/Master Tagihan/Admin Sekolah/Pembayaran Siswa/Homepage/Sub Menu Tagihan Persiswa/Dropdown Kelas/Pilih Kelas' is clicked on

06-01-2025T09:59:44 - [TEST_STEP][PASSED] - setText(findTestObject("Master Tagihan/Admin Sekolah/Pembayaran Siswa/Homepage/Sub Menu Tagihan Persiswa/Field Nama/Klik Field Nama"), "Dilan"): Text 'Dilan' is set on object 'Object Repository/Master Tagihan/Admin Sekolah/Pembayaran Siswa/Homepage/Sub Menu Tagihan Persiswa/Field Nama/Klik Field Nama'

06-01-2025T09:59:44 - [MESSAGE][PASSED] - Text 'Dilan' is set on object 'Object Repository/Master Tagihan/Admin Sekolah/Pembayaran Siswa/Homepage/Sub Menu Tagihan Persiswa/Field Nama/Klik Field Nama'

06-01-2025T09:59:44 - [TEST_STEP][PASSED] - click(findTestObject("Master Tagihan/Admin Sekolah/Pembayaran Siswa/Homepage/Sub Menu Tagihan Persiswa/Field Nama/Klik Hasil Cari Siswa")): Object: 'Object Repository/Master Tagihan/Admin Sekolah/Pembayaran Siswa/Homepage/Sub Menu Tagihan Persiswa/Field Nama/Klik Hasil Cari Siswa' is clicked on

06-01-2025T09:59:46 - [MESSAGE][PASSED] - Object: 'Object Repository/Master Tagihan/Admin Sekolah/Pembayaran Siswa/Homepage/Sub Menu Tagihan Persiswa/Field Nama/Klik Hasil Cari Siswa' is clicked on

06-01-2025T09:59:46 - [TEST_STEP][PASSED] - click(findTestObject("Master Tagihan/Admin Sekolah/Pembayaran Siswa/Homepage/Sub Menu Tagihan Persiswa/Tombol Terapkan/Klik Tombol Terapkan")): Object: 'Object Repository/Master Tagihan/Admin Sekolah/Pembayaran Siswa/Homepage/Sub Menu Tagihan Persiswa/Tombol Terapkan/Klik Tombol Terapkan' is clicked on

06-01-2025T09:59:46 - [MESSAGE][PASSED] - Object: 'Object Repository/Master Tagihan/Admin Sekolah/Pembayaran Siswa/Homepage/Sub Menu Tagihan Persiswa/Tombol Terapkan/Klik Tombol Terapkan' is clicked on

06-01-2025T09:59:46 - [TEST_STEP][PASSED] - delay(1): Delayed 1 second(s)

06-01-2025T09:59:47 - [MESSAGE][PASSED] - Delayed 1 second(s)

06-01-2025T09:59:47 - [TEST_STEP][PASSED] - click(findTestObject("Master Tagihan/Admin Sekolah/Pembayaran Siswa/Homepage/Sub Menu Tagihan Persiswa/Filter/Filter By Nama tagihan")): Object: 'Object Repository/Master Tagihan/Admin Sekolah/Pembayaran Siswa/Homepage/Sub Menu Tagihan Persiswa/Filter/Filter By Nama tagihan' is clicked on

06-01-2025T09:59:48 - [MESSAGE][PASSED] - Object: 'Object Repository/Master Tagihan/Admin Sekolah/Pembayaran Siswa/Homepage/Sub Menu Tagihan Persiswa/Filter/Filter By Nama tagihan' is clicked on

06-01-2025T09:59:48 - [TEST_STEP][PASSED] - click(findTestObject("Master Tagihan/Admin Sekolah/Pembayaran Siswa/Homepage/Sub Menu Tagihan Persiswa/Filter/Filter By Nama tagihan")): Object: 'Object Repository/Master Tagihan/Admin Sekolah/Pembayaran Siswa/Homepage/Sub Menu Tagihan Persiswa/Filter/Filter By Nama tagihan' is clicked on

06-01-2025T09:59:49 - [MESSAGE][PASSED] - Object: 'Object Repository/Master Tagihan/Admin Sekolah/Pembayaran Siswa/Homepage/Sub Menu Tagihan Persiswa/Filter/Filter By Nama tagihan' is clicked on

06-01-2025T09:59:49 - [TEST_STEP][PASSED] - delay(1): Delayed 1 second(s)

06-01-2025T09:59:50 - [MESSAGE][PASSED] - Delayed 1 second(s)

06-01-2025T09:59:50 - [TEST_STEP][PASSED] - click(findTestObject("Master Tagihan/Admin Sekolah/Pembayaran Siswa/Homepage/Sub Menu Tagihan Persiswa/Filter/Filter By Tipe Tagihan")): Object: 'Object Repository/Master Tagihan/Admin Sekolah/Pembayaran Siswa/Homepage/Sub Menu Tagihan Persiswa/Filter/Filter By Tipe Tagihan' is clicked on

06-01-2025T09:59:50 - [MESSAGE][PASSED] - Object: 'Object Repository/Master Tagihan/Admin Sekolah/Pembayaran Siswa/Homepage/Sub Menu Tagihan Persiswa/Filter/Filter By Tipe Tagihan' is clicked on

06-01-2025T09:59:50 - [TEST_STEP][PASSED] - click(findTestObject("Master Tagihan/Admin Sekolah/Pembayaran Siswa/Homepage/Sub Menu Tagihan Persiswa/Filter/Filter By Tipe Tagihan")): Object: 'Object Repository/Master Tagihan/Admin Sekolah/Pembayaran Siswa/Homepage/Sub Menu Tagihan Persiswa/Filter/Filter By Tipe Tagihan' is clicked on

06-01-2025T09:59:51 - [MESSAGE][PASSED] - Object: 'Object Repository/Master Tagihan/Admin Sekolah/Pembayaran Siswa/Homepage/Sub Menu Tagihan Persiswa/Filter/Filter By Tipe Tagihan' is clicked on

06-01-2025T09:59:51 - [TEST_STEP][PASSED] - delay(1): Delayed 1 second(s)

06-01-2025T09:59:52 - [MESSAGE][PASSED] - Delayed 1 second(s)

06-01-2025T09:59:52 - [TEST_STEP][PASSED] - click(findTestObject("Master Tagihan/Admin Sekolah/Pembayaran Siswa/Homepage/Sub Menu Tagihan Persiswa/Filter/Filter By Total Tagihan")): Object: 'Object Repository/Master Tagihan/Admin Sekolah/Pembayaran Siswa/Homepage/Sub Menu Tagihan Persiswa/Filter/Filter By Total Tagihan' is clicked on

06-01-2025T09:59:52 - [MESSAGE][PASSED] - Object: 'Object Repository/Master Tagihan/Admin Sekolah/Pembayaran Siswa/Homepage/Sub Menu Tagihan Persiswa/Filter/Filter By Total Tagihan' is clicked on

06-01-2025T09:59:52 - [TEST_STEP][PASSED] - click(findTestObject("Master Tagihan/Admin Sekolah/Pembayaran Siswa/Homepage/Sub Menu Tagihan Persiswa/Filter/Filter By Total Tagihan")): Object: 'Object Repository/Master Tagihan/Admin Sekolah/Pembayaran Siswa/Homepage/Sub Menu Tagihan Persiswa/Filter/Filter By Total Tagihan' is clicked on

06-01-2025T09:59:53 - [MESSAGE][PASSED] - Object: 'Object Repository/Master Tagihan/Admin Sekolah/Pembayaran Siswa/Homepage/Sub Menu Tagihan Persiswa/Filter/Filter By Total Tagihan' is clicked on

06-01-2025T09:59:53 - [TEST_STEP][PASSED] - closeBrowser(): Browser is closed

06-01-2025T09:59:53 - [MESSAGE][PASSED] - Browser is closed

06-01-2025T09:59:53 - [MESSAGE][PASSED] - Call Test Case 'Test Cases/Master Tagihan/Admin Sekolah/Master Tagihan Pembayaran Per Siswa/Sorting Table Tagihan Persiswa' successfully

06-01-2025T09:59:53 - [TEST_STEP][PASSED] - callTestCase(findTestCase("Test Cases/Master Tagihan/Admin Sekolah/Master Tagihan Pembayaran Per Siswa/Filter Dan Search Tagihan Persiswa"), [:], CONTINUE_ON_FAILURE): Call Test Case 'Test Cases/Master Tagihan/Admin Sekolah/Master Tagihan Pembayaran Per Siswa/Filter Dan Search Tagihan Persiswa' successfully

06-01-2025T09:59:53 - [TEST_CASE][PASSED] - Test Cases/Master Tagihan/Admin Sekolah/Master Tagihan Pembayaran Per Siswa/Filter Dan Search Tagihan Persiswa: Test Cases/Master Tagihan/Admin Sekolah/Master Tagihan Pembayaran Per Siswa/Filter Dan Search Tagihan Persiswa

06-01-2025T09:59:53 - [TEST_STEP][PASSED] - openBrowser(""): Browser is opened with url: ''

06-01-2025T09:59:53 - [MESSAGE][INFO] - Starting 'Chrome' driver

06-01-2025T09:59:53 - [MESSAGE][INFO] - Action delay is set to 0 milliseconds

06-01-2025T09:59:54 - [MESSAGE][PASSED] - Browser is opened with url: ''

06-01-2025T09:59:54 - [TEST_STEP][PASSED] - navigateToUrl("https://sit.siprusedu.com/login"): Navigate to 'https://sit.siprusedu.com/login' successfully

06-01-2025T09:59:55 - [MESSAGE][PASSED] - Navigate to 'https://sit.siprusedu.com/login' successfully

06-01-2025T09:59:55 - [TEST_STEP][PASSED] - click(findTestObject("Master Data/Admin Sekolah/Login/Field Email")): Object: 'Object Repository/Master Data/Admin Sekolah/Login/Field Email' is clicked on

06-01-2025T09:59:57 - [MESSAGE][PASSED] - Object: 'Object Repository/Master Data/Admin Sekolah/Login/Field Email' is clicked on

06-01-2025T09:59:57 - [TEST_STEP][PASSED] - setText(findTestObject("Master Data/Admin Sekolah/Login/Field Email"), "admin.gudangsolusi@digiform.co.id"): Text 'admin.gudangsolusi@digiform.co.id' is set on object 'Object Repository/Master Data/Admin Sekolah/Login/Field Email'

06-01-2025T09:59:57 - [MESSAGE][PASSED] - Text 'admin.gudangsolusi@digiform.co.id' is set on object 'Object Repository/Master Data/Admin Sekolah/Login/Field Email'

06-01-2025T09:59:57 - [TEST_STEP][PASSED] - delay(1): Delayed 1 second(s)

06-01-2025T09:59:58 - [MESSAGE][PASSED] - Delayed 1 second(s)

06-01-2025T09:59:58 - [TEST_STEP][PASSED] - click(findTestObject("Master Data/Admin Sekolah/Login/Input Password")): Object: 'Object Repository/Master Data/Admin Sekolah/Login/Input Password' is clicked on

06-01-2025T09:59:58 - [MESSAGE][PASSED] - Object: 'Object Repository/Master Data/Admin Sekolah/Login/Input Password' is clicked on

06-01-2025T09:59:58 - [TEST_STEP][PASSED] - setText(findTestObject("Master Data/Admin Sekolah/Login/Input Password"), "Test1234"): Text 'Test1234' is set on object 'Object Repository/Master Data/Admin Sekolah/Login/Input Password'

06-01-2025T09:59:59 - [MESSAGE][PASSED] - Text 'Test1234' is set on object 'Object Repository/Master Data/Admin Sekolah/Login/Input Password'

06-01-2025T09:59:59 - [TEST_STEP][PASSED] - delay(1): Delayed 1 second(s)

06-01-2025T10:00:00 - [MESSAGE][PASSED] - Delayed 1 second(s)

06-01-2025T10:00:00 - [TEST_STEP][PASSED] - click(findTestObject("Master Data/Admin Sekolah/Login/Button Submit")): Object: 'Object Repository/Master Data/Admin Sekolah/Login/Button Submit' is clicked on

06-01-2025T10:00:00 - [MESSAGE][PASSED] - Object: 'Object Repository/Master Data/Admin Sekolah/Login/Button Submit' is clicked on

06-01-2025T10:00:00 - [TEST_STEP][PASSED] - delay(1): Delayed 1 second(s)

06-01-2025T10:00:01 - [MESSAGE][PASSED] - Delayed 1 second(s)

06-01-2025T10:00:01 - [TEST_STEP][PASSED] - click(findTestObject("Master Tagihan/Admin Sekolah/Pembayaran Siswa/Homepage/Menu Tagihan")): Object: 'Object Repository/Master Tagihan/Admin Sekolah/Pembayaran Siswa/Homepage/Menu Tagihan' is clicked on

06-01-2025T10:00:02 - [MESSAGE][PASSED] - Object: 'Object Repository/Master Tagihan/Admin Sekolah/Pembayaran Siswa/Homepage/Menu Tagihan' is clicked on

06-01-2025T10:00:02 - [TEST_STEP][PASSED] - delay(1): Delayed 1 second(s)

06-01-2025T10:00:03 - [MESSAGE][PASSED] - Delayed 1 second(s)

06-01-2025T10:00:03 - [TEST_STEP][PASSED] - click(findTestObject("Master Tagihan/Admin Sekolah/Pembayaran Siswa/Homepage/Sub-Menu Tagihan Persiswa")): Object: 'Object Repository/Master Tagihan/Admin Sekolah/Pembayaran Siswa/Homepage/Sub-Menu Tagihan Persiswa' is clicked on

06-01-2025T10:00:04 - [MESSAGE][PASSED] - Object: 'Object Repository/Master Tagihan/Admin Sekolah/Pembayaran Siswa/Homepage/Sub-Menu Tagihan Persiswa' is clicked on

06-01-2025T10:00:04 - [TEST_STEP][PASSED] - delay(1): Delayed 1 second(s)

06-01-2025T10:00:05 - [MESSAGE][PASSED] - Delayed 1 second(s)

06-01-2025T10:00:05 - [TEST_STEP][PASSED] - click(findTestObject("Master Tagihan/Admin Sekolah/Pembayaran Siswa/Homepage/Sub Menu Tagihan Persiswa/Dropdown Unit/Klik Dropdown")): Object: 'Object Repository/Master Tagihan/Admin Sekolah/Pembayaran Siswa/Homepage/Sub Menu Tagihan Persiswa/Dropdown Unit/Klik Dropdown' is clicked on

06-01-2025T10:00:05 - [MESSAGE][PASSED] - Object: 'Object Repository/Master Tagihan/Admin Sekolah/Pembayaran Siswa/Homepage/Sub Menu Tagihan Persiswa/Dropdown Unit/Klik Dropdown' is clicked on

06-01-2025T10:00:05 - [TEST_STEP][PASSED] - delay(1): Delayed 1 second(s)

06-01-2025T10:00:06 - [MESSAGE][PASSED] - Delayed 1 second(s)

06-01-2025T10:00:06 - [TEST_STEP][PASSED] - click(findTestObject("Master Tagihan/Admin Sekolah/Pembayaran Siswa/Homepage/Sub Menu Tagihan Persiswa/Dropdown Unit/Pilih Value Unit")): Object: 'Object Repository/Master Tagihan/Admin Sekolah/Pembayaran Siswa/Homepage/Sub Menu Tagihan Persiswa/Dropdown Unit/Pilih Value Unit' is clicked on

06-01-2025T10:00:07 - [MESSAGE][PASSED] - Object: 'Object Repository/Master Tagihan/Admin Sekolah/Pembayaran Siswa/Homepage/Sub Menu Tagihan Persiswa/Dropdown Unit/Pilih Value Unit' is clicked on

06-01-2025T10:00:07 - [TEST_STEP][PASSED] - delay(1): Delayed 1 second(s)

06-01-2025T10:00:08 - [MESSAGE][PASSED] - Delayed 1 second(s)

06-01-2025T10:00:08 - [TEST_STEP][PASSED] - click(findTestObject("Master Tagihan/Admin Sekolah/Pembayaran Siswa/Homepage/Sub Menu Tagihan Persiswa/Dropdown Kelas/Klik Dropdown Kelas")): Object: 'Object Repository/Master Tagihan/Admin Sekolah/Pembayaran Siswa/Homepage/Sub Menu Tagihan Persiswa/Dropdown Kelas/Klik Dropdown Kelas' is clicked on

06-01-2025T10:00:08 - [MESSAGE][PASSED] - Object: 'Object Repository/Master Tagihan/Admin Sekolah/Pembayaran Siswa/Homepage/Sub Menu Tagihan Persiswa/Dropdown Kelas/Klik Dropdown Kelas' is clicked on

06-01-2025T10:00:08 - [TEST_STEP][PASSED] - delay(1): Delayed 1 second(s)

06-01-2025T10:00:09 - [MESSAGE][PASSED] - Delayed 1 second(s)

06-01-2025T10:00:09 - [TEST_STEP][PASSED] - click(findTestObject("Master Tagihan/Admin Sekolah/Pembayaran Siswa/Homepage/Sub Menu Tagihan Persiswa/Dropdown Kelas/Klik Field Cari Kelas")): Object: 'Object Repository/Master Tagihan/Admin Sekolah/Pembayaran Siswa/Homepage/Sub Menu Tagihan Persiswa/Dropdown Kelas/Klik Field Cari Kelas' is clicked on

06-01-2025T10:00:09 - [MESSAGE][PASSED] - Object: 'Object Repository/Master Tagihan/Admin Sekolah/Pembayaran Siswa/Homepage/Sub Menu Tagihan Persiswa/Dropdown Kelas/Klik Field Cari Kelas' is clicked on

06-01-2025T10:00:09 - [TEST_STEP][PASSED] - delay(1): Delayed 1 second(s)

06-01-2025T10:00:10 - [MESSAGE][PASSED] - Delayed 1 second(s)

06-01-2025T10:00:10 - [TEST_STEP][PASSED] - setText(findTestObject("Master Tagihan/Admin Sekolah/Pembayaran Siswa/Homepage/Sub Menu Tagihan Persiswa/Dropdown Kelas/Klik Field Cari Kelas"), "Kelas - XI IPA Biologi 2"): Text 'Kelas - XI IPA Biologi 2' is set on object 'Object Repository/Master Tagihan/Admin Sekolah/Pembayaran Siswa/Homepage/Sub Menu Tagihan Persiswa/Dropdown Kelas/Klik Field Cari Kelas'

06-01-2025T10:00:11 - [MESSAGE][PASSED] - Text 'Kelas - XI IPA Biologi 2' is set on object 'Object Repository/Master Tagihan/Admin Sekolah/Pembayaran Siswa/Homepage/Sub Menu Tagihan Persiswa/Dropdown Kelas/Klik Field Cari Kelas'

06-01-2025T10:00:11 - [TEST_STEP][PASSED] - click(findTestObject("Master Tagihan/Admin Sekolah/Pembayaran Siswa/Homepage/Sub Menu Tagihan Persiswa/Dropdown Kelas/Pilih Kelas")): Object: 'Object Repository/Master Tagihan/Admin Sekolah/Pembayaran Siswa/Homepage/Sub Menu Tagihan Persiswa/Dropdown Kelas/Pilih Kelas' is clicked on

06-01-2025T10:00:11 - [MESSAGE][PASSED] - Object: 'Object Repository/Master Tagihan/Admin Sekolah/Pembayaran Siswa/Homepage/Sub Menu Tagihan Persiswa/Dropdown Kelas/Pilih Kelas' is clicked on

06-01-2025T10:00:11 - [TEST_STEP][PASSED] - setText(findTestObject("Master Tagihan/Admin Sekolah/Pembayaran Siswa/Homepage/Sub Menu Tagihan Persiswa/Field Nama/Klik Field Nama"), "Dilan"): Text 'Dilan' is set on object 'Object Repository/Master Tagihan/Admin Sekolah/Pembayaran Siswa/Homepage/Sub Menu Tagihan Persiswa/Field Nama/Klik Field Nama'

06-01-2025T10:00:12 - [MESSAGE][PASSED] - Text 'Dilan' is set on object 'Object Repository/Master Tagihan/Admin Sekolah/Pembayaran Siswa/Homepage/Sub Menu Tagihan Persiswa/Field Nama/Klik Field Nama'

06-01-2025T10:00:12 - [TEST_STEP][PASSED] - click(findTestObject("Master Tagihan/Admin Sekolah/Pembayaran Siswa/Homepage/Sub Menu Tagihan Persiswa/Field Nama/Klik Hasil Cari Siswa")): Object: 'Object Repository/Master Tagihan/Admin Sekolah/Pembayaran Siswa/Homepage/Sub Menu Tagihan Persiswa/Field Nama/Klik Hasil Cari Siswa' is clicked on

06-01-2025T10:00:13 - [MESSAGE][PASSED] - Object: 'Object Repository/Master Tagihan/Admin Sekolah/Pembayaran Siswa/Homepage/Sub Menu Tagihan Persiswa/Field Nama/Klik Hasil Cari Siswa' is clicked on

06-01-2025T10:00:13 - [TEST_STEP][PASSED] - click(findTestObject("Master Tagihan/Admin Sekolah/Pembayaran Siswa/Homepage/Sub Menu Tagihan Persiswa/Tombol Terapkan/Klik Tombol Terapkan")): Object: 'Object Repository/Master Tagihan/Admin Sekolah/Pembayaran Siswa/Homepage/Sub Menu Tagihan Persiswa/Tombol Terapkan/Klik Tombol Terapkan' is clicked on

06-01-2025T10:00:14 - [MESSAGE][PASSED] - Object: 'Object Repository/Master Tagihan/Admin Sekolah/Pembayaran Siswa/Homepage/Sub Menu Tagihan Persiswa/Tombol Terapkan/Klik Tombol Terapkan' is clicked on

06-01-2025T10:00:14 - [TEST_STEP][PASSED] - delay(1): Delayed 1 second(s)

06-01-2025T10:00:15 - [MESSAGE][PASSED] - Delayed 1 second(s)

06-01-2025T10:00:15 - [TEST_STEP][PASSED] - click(findTestObject("Master Tagihan/Admin Sekolah/Pembayaran Siswa/Homepage/Sub Menu Tagihan Persiswa/Filter/Filter By NIS/Klik Dropdown Nama")): Object: 'Object Repository/Master Tagihan/Admin Sekolah/Pembayaran Siswa/Homepage/Sub Menu Tagihan Persiswa/Filter/Filter By NIS/Klik Dropdown Nama' is clicked on

06-01-2025T10:00:15 - [MESSAGE][PASSED] - Object: 'Object Repository/Master Tagihan/Admin Sekolah/Pembayaran Siswa/Homepage/Sub Menu Tagihan Persiswa/Filter/Filter By NIS/Klik Dropdown Nama' is clicked on

06-01-2025T10:00:15 - [TEST_STEP][PASSED] - click(findTestObject("Master Tagihan/Admin Sekolah/Pembayaran Siswa/Homepage/Sub Menu Tagihan Persiswa/Filter/Filter By NIS/Klik NIS")): Object: 'Object Repository/Master Tagihan/Admin Sekolah/Pembayaran Siswa/Homepage/Sub Menu Tagihan Persiswa/Filter/Filter By NIS/Klik NIS' is clicked on

06-01-2025T10:00:16 - [MESSAGE][PASSED] - Object: 'Object Repository/Master Tagihan/Admin Sekolah/Pembayaran Siswa/Homepage/Sub Menu Tagihan Persiswa/Filter/Filter By NIS/Klik NIS' is clicked on

06-01-2025T10:00:16 - [TEST_STEP][PASSED] - click(findTestObject("Master Tagihan/Admin Sekolah/Pembayaran Siswa/Homepage/Sub Menu Tagihan Persiswa/Field Nama/Klik Field Nama")): Object: 'Object Repository/Master Tagihan/Admin Sekolah/Pembayaran Siswa/Homepage/Sub Menu Tagihan Persiswa/Field Nama/Klik Field Nama' is clicked on

06-01-2025T10:00:16 - [MESSAGE][PASSED] - Object: 'Object Repository/Master Tagihan/Admin Sekolah/Pembayaran Siswa/Homepage/Sub Menu Tagihan Persiswa/Field Nama/Klik Field Nama' is clicked on

06-01-2025T10:00:16 - [TEST_STEP][PASSED] - delay(1): Delayed 1 second(s)

06-01-2025T10:00:17 - [MESSAGE][PASSED] - Delayed 1 second(s)

06-01-2025T10:00:17 - [TEST_STEP][PASSED] - click(findTestObject("Master Tagihan/Admin Sekolah/Pembayaran Siswa/Homepage/Sub Menu Tagihan Persiswa/Tombol Terapkan/Klik Tombol Terapkan")): Object: 'Object Repository/Master Tagihan/Admin Sekolah/Pembayaran Siswa/Homepage/Sub Menu Tagihan Persiswa/Tombol Terapkan/Klik Tombol Terapkan' is clicked on

06-01-2025T10:00:17 - [MESSAGE][PASSED] - Object: 'Object Repository/Master Tagihan/Admin Sekolah/Pembayaran Siswa/Homepage/Sub Menu Tagihan Persiswa/Tombol Terapkan/Klik Tombol Terapkan' is clicked on

06-01-2025T10:00:17 - [TEST_STEP][PASSED] - delay(3): Delayed 3 second(s)

06-01-2025T10:00:20 - [MESSAGE][PASSED] - Delayed 3 second(s)

06-01-2025T10:00:20 - [TEST_STEP][PASSED] - closeBrowser(): Browser is closed

06-01-2025T10:00:21 - [MESSAGE][PASSED] - Browser is closed

06-01-2025T10:00:21 - [MESSAGE][PASSED] - Call Test Case 'Test Cases/Master Tagihan/Admin Sekolah/Master Tagihan Pembayaran Per Siswa/Filter Dan Search Tagihan Persiswa' successfully

06-01-2025T10:00:21 - [TEST_STEP][PASSED] - callTestCase(findTestCase("Test Cases/Master Tagihan/Admin Sekolah/Master Tagihan Pembayaran Per Siswa/Edit Tagihan Persiswa"), [:], CONTINUE_ON_FAILURE): Call Test Case 'Test Cases/Master Tagihan/Admin Sekolah/Master Tagihan Pembayaran Per Siswa/Edit Tagihan Persiswa' successfully

06-01-2025T10:00:21 - [TEST_CASE][PASSED] - Test Cases/Master Tagihan/Admin Sekolah/Master Tagihan Pembayaran Per Siswa/Edit Tagihan Persiswa: Test Cases/Master Tagihan/Admin Sekolah/Master Tagihan Pembayaran Per Siswa/Edit Tagihan Persiswa

06-01-2025T10:00:21 - [TEST_STEP][PASSED] - min = 1000000: null

06-01-2025T10:00:21 - [TEST_STEP][PASSED] - max = 15000000: null

06-01-2025T10:00:21 - [TEST_STEP][PASSED] - randomNumber = generateRandomNumber(min, max): null

06-01-2025T10:00:21 - [TEST_STEP][PASSED] - return ((java.lang.Math.random() * ((max - min) + 1)) as int + min): null

06-01-2025T10:00:21 - [TEST_STEP][PASSED] - openBrowser(""): Browser is opened with url: ''

06-01-2025T10:00:21 - [MESSAGE][INFO] - Starting 'Chrome' driver

06-01-2025T10:00:21 - [MESSAGE][INFO] - Action delay is set to 0 milliseconds

06-01-2025T10:00:22 - [MESSAGE][PASSED] - Browser is opened with url: ''

06-01-2025T10:00:22 - [TEST_STEP][PASSED] - navigateToUrl("https://sit.siprusedu.com/login"): Navigate to 'https://sit.siprusedu.com/login' successfully

06-01-2025T10:00:22 - [MESSAGE][PASSED] - Navigate to 'https://sit.siprusedu.com/login' successfully

06-01-2025T10:00:22 - [TEST_STEP][PASSED] - setText(findTestObject("Master Data/Admin Sekolah/Login/Field Email"), "admin.sekolah@gmail.com"): Text 'admin.sekolah@gmail.com' is set on object 'Object Repository/Master Data/Admin Sekolah/Login/Field Email'

06-01-2025T10:00:24 - [MESSAGE][PASSED] - Text 'admin.sekolah@gmail.com' is set on object 'Object Repository/Master Data/Admin Sekolah/Login/Field Email'

06-01-2025T10:00:24 - [TEST_STEP][PASSED] - setText(findTestObject("Master Data/Admin Sekolah/Login/Input Password"), "Test1234"): Text 'Test1234' is set on object 'Object Repository/Master Data/Admin Sekolah/Login/Input Password'

06-01-2025T10:00:24 - [MESSAGE][PASSED] - Text 'Test1234' is set on object 'Object Repository/Master Data/Admin Sekolah/Login/Input Password'

06-01-2025T10:00:24 - [TEST_STEP][PASSED] - click(findTestObject("Master Data/Admin Sekolah/Login/Button Submit")): Object: 'Object Repository/Master Data/Admin Sekolah/Login/Button Submit' is clicked on

06-01-2025T10:00:25 - [MESSAGE][PASSED] - Object: 'Object Repository/Master Data/Admin Sekolah/Login/Button Submit' is clicked on

06-01-2025T10:00:25 - [TEST_STEP][PASSED] - delay(1): Delayed 1 second(s)

06-01-2025T10:00:26 - [MESSAGE][PASSED] - Delayed 1 second(s)

06-01-2025T10:00:26 - [TEST_STEP][PASSED] - click(findTestObject("Master Tagihan/Admin Sekolah/Pembayaran Siswa/Homepage/Menu Tagihan")): Object: 'Object Repository/Master Tagihan/Admin Sekolah/Pembayaran Siswa/Homepage/Menu Tagihan' is clicked on

06-01-2025T10:00:27 - [MESSAGE][PASSED] - Object: 'Object Repository/Master Tagihan/Admin Sekolah/Pembayaran Siswa/Homepage/Menu Tagihan' is clicked on

06-01-2025T10:00:27 - [TEST_STEP][PASSED] - click(findTestObject("Master Tagihan/Admin Sekolah/Pembayaran Siswa/Homepage/Sub-Menu Tagihan Persiswa")): Object: 'Object Repository/Master Tagihan/Admin Sekolah/Pembayaran Siswa/Homepage/Sub-Menu Tagihan Persiswa' is clicked on

06-01-2025T10:00:28 - [MESSAGE][PASSED] - Object: 'Object Repository/Master Tagihan/Admin Sekolah/Pembayaran Siswa/Homepage/Sub-Menu Tagihan Persiswa' is clicked on

06-01-2025T10:00:28 - [TEST_STEP][PASSED] - click(findTestObject("Master Tagihan/Admin Sekolah/Pembayaran Siswa/Homepage/Sub Menu Tagihan Persiswa/Dropdown Unit/Klik Dropdown")): Object: 'Object Repository/Master Tagihan/Admin Sekolah/Pembayaran Siswa/Homepage/Sub Menu Tagihan Persiswa/Dropdown Unit/Klik Dropdown' is clicked on

06-01-2025T10:00:28 - [MESSAGE][PASSED] - Object: 'Object Repository/Master Tagihan/Admin Sekolah/Pembayaran Siswa/Homepage/Sub Menu Tagihan Persiswa/Dropdown Unit/Klik Dropdown' is clicked on

06-01-2025T10:00:28 - [TEST_STEP][PASSED] - click(findTestObject("Master Tagihan/Admin Sekolah/Pembayaran Siswa/Homepage/Sub Menu Tagihan Persiswa/Dropdown Unit/Pilih Value Unit")): Object: 'Object Repository/Master Tagihan/Admin Sekolah/Pembayaran Siswa/Homepage/Sub Menu Tagihan Persiswa/Dropdown Unit/Pilih Value Unit' is clicked on

06-01-2025T10:00:29 - [MESSAGE][PASSED] - Object: 'Object Repository/Master Tagihan/Admin Sekolah/Pembayaran Siswa/Homepage/Sub Menu Tagihan Persiswa/Dropdown Unit/Pilih Value Unit' is clicked on

06-01-2025T10:00:29 - [TEST_STEP][PASSED] - click(findTestObject("Master Tagihan/Admin Sekolah/Pembayaran Siswa/Homepage/Sub Menu Tagihan Persiswa/Dropdown Kelas/Klik Dropdown Kelas")): Object: 'Object Repository/Master Tagihan/Admin Sekolah/Pembayaran Siswa/Homepage/Sub Menu Tagihan Persiswa/Dropdown Kelas/Klik Dropdown Kelas' is clicked on

06-01-2025T10:00:29 - [MESSAGE][PASSED] - Object: 'Object Repository/Master Tagihan/Admin Sekolah/Pembayaran Siswa/Homepage/Sub Menu Tagihan Persiswa/Dropdown Kelas/Klik Dropdown Kelas' is clicked on

06-01-2025T10:00:29 - [TEST_STEP][PASSED] - setText(findTestObject("Master Tagihan/Admin Sekolah/Pembayaran Siswa/Homepage/Sub Menu Tagihan Persiswa/Dropdown Kelas/Klik Field Cari Kelas"), "XI IPA"): Text 'XI IPA' is set on object 'Object Repository/Master Tagihan/Admin Sekolah/Pembayaran Siswa/Homepage/Sub Menu Tagihan Persiswa/Dropdown Kelas/Klik Field Cari Kelas'

06-01-2025T10:00:30 - [MESSAGE][PASSED] - Text 'XI IPA' is set on object 'Object Repository/Master Tagihan/Admin Sekolah/Pembayaran Siswa/Homepage/Sub Menu Tagihan Persiswa/Dropdown Kelas/Klik Field Cari Kelas'

06-01-2025T10:00:30 - [TEST_STEP][PASSED] - click(findTestObject("Master Tagihan/Admin Sekolah/Pembayaran Siswa/Homepage/Sub Menu Tagihan Persiswa/Dropdown Kelas/Pilih Kelas")): Object: 'Object Repository/Master Tagihan/Admin Sekolah/Pembayaran Siswa/Homepage/Sub Menu Tagihan Persiswa/Dropdown Kelas/Pilih Kelas' is clicked on

06-01-2025T10:00:30 - [MESSAGE][PASSED] - Object: 'Object Repository/Master Tagihan/Admin Sekolah/Pembayaran Siswa/Homepage/Sub Menu Tagihan Persiswa/Dropdown Kelas/Pilih Kelas' is clicked on

06-01-2025T10:00:30 - [TEST_STEP][PASSED] - click(findTestObject("Master Tagihan/Admin Sekolah/Pembayaran Siswa/Homepage/Sub Menu Tagihan Persiswa/Filter/Filter By NIS/Klik Dropdown Nama")): Object: 'Object Repository/Master Tagihan/Admin Sekolah/Pembayaran Siswa/Homepage/Sub Menu Tagihan Persiswa/Filter/Filter By NIS/Klik Dropdown Nama' is clicked on

06-01-2025T10:00:31 - [MESSAGE][PASSED] - Object: 'Object Repository/Master Tagihan/Admin Sekolah/Pembayaran Siswa/Homepage/Sub Menu Tagihan Persiswa/Filter/Filter By NIS/Klik Dropdown Nama' is clicked on

06-01-2025T10:00:31 - [TEST_STEP][PASSED] - click(findTestObject("Master Tagihan/Admin Sekolah/Pembayaran Siswa/Homepage/Sub Menu Tagihan Persiswa/Filter/Filter By NIS/Klik NIS")): Object: 'Object Repository/Master Tagihan/Admin Sekolah/Pembayaran Siswa/Homepage/Sub Menu Tagihan Persiswa/Filter/Filter By NIS/Klik NIS' is clicked on

06-01-2025T10:00:31 - [MESSAGE][PASSED] - Object: 'Object Repository/Master Tagihan/Admin Sekolah/Pembayaran Siswa/Homepage/Sub Menu Tagihan Persiswa/Filter/Filter By NIS/Klik NIS' is clicked on

06-01-2025T10:00:31 - [TEST_STEP][PASSED] - setText(findTestObject("Master Tagihan/Admin Sekolah/Pembayaran Siswa/Homepage/Sub Menu Tagihan Persiswa/Field Nama/Klik Field Nama"), "2024"): Text '2024' is set on object 'Object Repository/Master Tagihan/Admin Sekolah/Pembayaran Siswa/Homepage/Sub Menu Tagihan Persiswa/Field Nama/Klik Field Nama'

06-01-2025T10:00:32 - [MESSAGE][PASSED] - Text '2024' is set on object 'Object Repository/Master Tagihan/Admin Sekolah/Pembayaran Siswa/Homepage/Sub Menu Tagihan Persiswa/Field Nama/Klik Field Nama'

06-01-2025T10:00:32 - [TEST_STEP][PASSED] - click(findTestObject("Master Tagihan/Admin Sekolah/Pembayaran Siswa/Homepage/Sub Menu Tagihan Persiswa/Field Nama/Edit Tagihannya")): Object: 'Object Repository/Master Tagihan/Admin Sekolah/Pembayaran Siswa/Homepage/Sub Menu Tagihan Persiswa/Field Nama/Edit Tagihannya' is clicked on

06-01-2025T10:00:33 - [MESSAGE][PASSED] - Object: 'Object Repository/Master Tagihan/Admin Sekolah/Pembayaran Siswa/Homepage/Sub Menu Tagihan Persiswa/Field Nama/Edit Tagihannya' is clicked on

06-01-2025T10:00:33 - [TEST_STEP][PASSED] - click(findTestObject("Master Tagihan/Admin Sekolah/Pembayaran Siswa/Homepage/Sub Menu Tagihan Persiswa/Tombol Terapkan/Klik Tombol Terapkan")): Object: 'Object Repository/Master Tagihan/Admin Sekolah/Pembayaran Siswa/Homepage/Sub Menu Tagihan Persiswa/Tombol Terapkan/Klik Tombol Terapkan' is clicked on

06-01-2025T10:00:34 - [MESSAGE][PASSED] - Object: 'Object Repository/Master Tagihan/Admin Sekolah/Pembayaran Siswa/Homepage/Sub Menu Tagihan Persiswa/Tombol Terapkan/Klik Tombol Terapkan' is clicked on

06-01-2025T10:00:34 - [TEST_STEP][PASSED] - delay(2): Delayed 2 second(s)

06-01-2025T10:00:36 - [MESSAGE][PASSED] - Delayed 2 second(s)

06-01-2025T10:00:36 - [TEST_STEP][PASSED] - click(findTestObject("Master Tagihan/Admin Sekolah/Pembayaran Siswa/Homepage/Sub Menu Tagihan Persiswa/Tri Dots Icon/Klik Tri Dots Icon")): Object: 'Object Repository/Master Tagihan/Admin Sekolah/Pembayaran Siswa/Homepage/Sub Menu Tagihan Persiswa/Tri Dots Icon/Klik Tri Dots Icon' is clicked on

06-01-2025T10:00:36 - [MESSAGE][PASSED] - Object: 'Object Repository/Master Tagihan/Admin Sekolah/Pembayaran Siswa/Homepage/Sub Menu Tagihan Persiswa/Tri Dots Icon/Klik Tri Dots Icon' is clicked on

06-01-2025T10:00:36 - [TEST_STEP][PASSED] - click(findTestObject("Master Tagihan/Admin Sekolah/Pembayaran Siswa/Homepage/Sub Menu Tagihan Persiswa/Tri Dots Icon/Edit Tagihan Persiswa/Klik Edit")): Object: 'Object Repository/Master Tagihan/Admin Sekolah/Pembayaran Siswa/Homepage/Sub Menu Tagihan Persiswa/Tri Dots Icon/Edit Tagihan Persiswa/Klik Edit' is clicked on

06-01-2025T10:00:37 - [MESSAGE][PASSED] - Object: 'Object Repository/Master Tagihan/Admin Sekolah/Pembayaran Siswa/Homepage/Sub Menu Tagihan Persiswa/Tri Dots Icon/Edit Tagihan Persiswa/Klik Edit' is clicked on

06-01-2025T10:00:37 - [TEST_STEP][PASSED] - sendKeys(findTestObject("Master Tagihan/Admin Sekolah/Pembayaran Siswa/Homepage/Sub Menu Tagihan Persiswa/Tri Dots Icon/Edit Tagihan Persiswa/Edit Nama Tagihan"), Keys.chord(CONTROL, "a")): Keys 'CONTROL + a' sent to object: 'Object Repository/Master Tagihan/Admin Sekolah/Pembayaran Siswa/Homepage/Sub Menu Tagihan Persiswa/Tri Dots Icon/Edit Tagihan Persiswa/Edit Nama Tagihan'

06-01-2025T10:00:37 - [MESSAGE][PASSED] - Keys 'CONTROL + a' sent to object: 'Object Repository/Master Tagihan/Admin Sekolah/Pembayaran Siswa/Homepage/Sub Menu Tagihan Persiswa/Tri Dots Icon/Edit Tagihan Persiswa/Edit Nama Tagihan'

06-01-2025T10:00:37 - [TEST_STEP][PASSED] - sendKeys(findTestObject("Master Tagihan/Admin Sekolah/Pembayaran Siswa/Homepage/Sub Menu Tagihan Persiswa/Tri Dots Icon/Edit Tagihan Persiswa/Edit Nama Tagihan"), Keys.chord(BACK_SPACE)): Keys 'BACK_SPACE + ' sent to object: 'Object Repository/Master Tagihan/Admin Sekolah/Pembayaran Siswa/Homepage/Sub Menu Tagihan Persiswa/Tri Dots Icon/Edit Tagihan Persiswa/Edit Nama Tagihan'

06-01-2025T10:00:37 - [MESSAGE][PASSED] - Keys 'BACK_SPACE + ' sent to object: 'Object Repository/Master Tagihan/Admin Sekolah/Pembayaran Siswa/Homepage/Sub Menu Tagihan Persiswa/Tri Dots Icon/Edit Tagihan Persiswa/Edit Nama Tagihan'

06-01-2025T10:00:37 - [TEST_STEP][PASSED] - setText(findTestObject("Master Tagihan/Admin Sekolah/Pembayaran Siswa/Homepage/Sub Menu Tagihan Persiswa/Tri Dots Icon/Edit Tagihan Persiswa/Edit Nama Tagihan"), "tagihan pempek goreng"): Text 'tagihan pempek goreng' is set on object 'Object Repository/Master Tagihan/Admin Sekolah/Pembayaran Siswa/Homepage/Sub Menu Tagihan Persiswa/Tri Dots Icon/Edit Tagihan Persiswa/Edit Nama Tagihan'

06-01-2025T10:00:38 - [MESSAGE][PASSED] - Text 'tagihan pempek goreng' is set on object 'Object Repository/Master Tagihan/Admin Sekolah/Pembayaran Siswa/Homepage/Sub Menu Tagihan Persiswa/Tri Dots Icon/Edit Tagihan Persiswa/Edit Nama Tagihan'

06-01-2025T10:00:38 - [TEST_STEP][PASSED] - click(findTestObject("Master Tagihan/Admin Sekolah/Pembayaran Siswa/Homepage/Sub Menu Tagihan Persiswa/Tri Dots Icon/Edit Tagihan Persiswa/Edit Total Tagihan")): Object: 'Object Repository/Master Tagihan/Admin Sekolah/Pembayaran Siswa/Homepage/Sub Menu Tagihan Persiswa/Tri Dots Icon/Edit Tagihan Persiswa/Edit Total Tagihan' is clicked on

06-01-2025T10:00:38 - [MESSAGE][PASSED] - Object: 'Object Repository/Master Tagihan/Admin Sekolah/Pembayaran Siswa/Homepage/Sub Menu Tagihan Persiswa/Tri Dots Icon/Edit Tagihan Persiswa/Edit Total Tagihan' is clicked on

06-01-2025T10:00:38 - [TEST_STEP][PASSED] - sendKeys(findTestObject("Master Tagihan/Admin Sekolah/Pembayaran Siswa/Homepage/Sub Menu Tagihan Persiswa/Tri Dots Icon/Edit Tagihan Persiswa/Edit Total Tagihan"), Keys.chord(CONTROL, "a")): Keys 'CONTROL + a' sent to object: 'Object Repository/Master Tagihan/Admin Sekolah/Pembayaran Siswa/Homepage/Sub Menu Tagihan Persiswa/Tri Dots Icon/Edit Tagihan Persiswa/Edit Total Tagihan'

06-01-2025T10:00:39 - [MESSAGE][PASSED] - Keys 'CONTROL + a' sent to object: 'Object Repository/Master Tagihan/Admin Sekolah/Pembayaran Siswa/Homepage/Sub Menu Tagihan Persiswa/Tri Dots Icon/Edit Tagihan Persiswa/Edit Total Tagihan'

06-01-2025T10:00:39 - [TEST_STEP][PASSED] - sendKeys(findTestObject("Master Tagihan/Admin Sekolah/Pembayaran Siswa/Homepage/Sub Menu Tagihan Persiswa/Tri Dots Icon/Edit Tagihan Persiswa/Edit Total Tagihan"), Keys.chord(BACK_SPACE)): Keys 'BACK_SPACE + ' sent to object: 'Object Repository/Master Tagihan/Admin Sekolah/Pembayaran Siswa/Homepage/Sub Menu Tagihan Persiswa/Tri Dots Icon/Edit Tagihan Persiswa/Edit Total Tagihan'

06-01-2025T10:00:39 - [MESSAGE][PASSED] - Keys 'BACK_SPACE + ' sent to object: 'Object Repository/Master Tagihan/Admin Sekolah/Pembayaran Siswa/Homepage/Sub Menu Tagihan Persiswa/Tri Dots Icon/Edit Tagihan Persiswa/Edit Total Tagihan'

06-01-2025T10:00:39 - [TEST_STEP][PASSED] - setText(findTestObject("Master Tagihan/Admin Sekolah/Pembayaran Siswa/Homepage/Sub Menu Tagihan Persiswa/Tri Dots Icon/Edit Tagihan Persiswa/Edit Total Tagihan"), randomNumber.toString()): Text '9187661' is set on object 'Object Repository/Master Tagihan/Admin Sekolah/Pembayaran Siswa/Homepage/Sub Menu Tagihan Persiswa/Tri Dots Icon/Edit Tagihan Persiswa/Edit Total Tagihan'

06-01-2025T10:00:39 - [MESSAGE][PASSED] - Text '9187661' is set on object 'Object Repository/Master Tagihan/Admin Sekolah/Pembayaran Siswa/Homepage/Sub Menu Tagihan Persiswa/Tri Dots Icon/Edit Tagihan Persiswa/Edit Total Tagihan'

06-01-2025T10:00:39 - [TEST_STEP][PASSED] - click(findTestObject("Master Tagihan/Admin Sekolah/Pembayaran Siswa/Homepage/Sub Menu Tagihan Persiswa/Tri Dots Icon/Edit Tagihan Persiswa/Tombol Simpan Tagihan/Tombol Simpan")): Object: 'Object Repository/Master Tagihan/Admin Sekolah/Pembayaran Siswa/Homepage/Sub Menu Tagihan Persiswa/Tri Dots Icon/Edit Tagihan Persiswa/Tombol Simpan Tagihan/Tombol Simpan' is clicked on

06-01-2025T10:00:40 - [MESSAGE][PASSED] - Object: 'Object Repository/Master Tagihan/Admin Sekolah/Pembayaran Siswa/Homepage/Sub Menu Tagihan Persiswa/Tri Dots Icon/Edit Tagihan Persiswa/Tombol Simpan Tagihan/Tombol Simpan' is clicked on

06-01-2025T10:00:40 - [TEST_STEP][PASSED] - closeBrowser(): Browser is closed

06-01-2025T10:00:40 - [MESSAGE][PASSED] - Browser is closed

06-01-2025T10:00:40 - [MESSAGE][PASSED] - Call Test Case 'Test Cases/Master Tagihan/Admin Sekolah/Master Tagihan Pembayaran Per Siswa/Edit Tagihan Persiswa' successfully

06-01-2025T10:00:40 - [TEST_STEP][PASSED] - callTestCase(findTestCase("Test Cases/Master Tagihan/Admin Sekolah/Master Tagihan Pembayaran Per Siswa/Delete Tagihan Persiswa"), [:], CONTINUE_ON_FAILURE): Call Test Case 'Test Cases/Master Tagihan/Admin Sekolah/Master Tagihan Pembayaran Per Siswa/Delete Tagihan Persiswa' successfully

06-01-2025T10:00:40 - [TEST_CASE][PASSED] - Test Cases/Master Tagihan/Admin Sekolah/Master Tagihan Pembayaran Per Siswa/Delete Tagihan Persiswa: Test Cases/Master Tagihan/Admin Sekolah/Master Tagihan Pembayaran Per Siswa/Delete Tagihan Persiswa

06-01-2025T10:00:40 - [TEST_STEP][PASSED] - openBrowser(""): Browser is opened with url: ''

06-01-2025T10:00:40 - [MESSAGE][INFO] - Starting 'Chrome' driver

06-01-2025T10:00:40 - [MESSAGE][INFO] - Action delay is set to 0 milliseconds

06-01-2025T10:00:41 - [MESSAGE][PASSED] - Browser is opened with url: ''

06-01-2025T10:00:41 - [TEST_STEP][PASSED] - navigateToUrl("https://sit.siprusedu.com/login"): Navigate to 'https://sit.siprusedu.com/login' successfully

06-01-2025T10:00:42 - [MESSAGE][PASSED] - Navigate to 'https://sit.siprusedu.com/login' successfully

06-01-2025T10:00:42 - [TEST_STEP][PASSED] - click(findTestObject("Master Data/Admin Sekolah/Login/Field Email")): Object: 'Object Repository/Master Data/Admin Sekolah/Login/Field Email' is clicked on

06-01-2025T10:00:43 - [MESSAGE][PASSED] - Object: 'Object Repository/Master Data/Admin Sekolah/Login/Field Email' is clicked on

06-01-2025T10:00:43 - [TEST_STEP][PASSED] - setText(findTestObject("Master Data/Admin Sekolah/Login/Field Email"), "admin.sekolah@gmail.com"): Text 'admin.sekolah@gmail.com' is set on object 'Object Repository/Master Data/Admin Sekolah/Login/Field Email'

06-01-2025T10:00:44 - [MESSAGE][PASSED] - Text 'admin.sekolah@gmail.com' is set on object 'Object Repository/Master Data/Admin Sekolah/Login/Field Email'

06-01-2025T10:00:44 - [TEST_STEP][PASSED] - delay(1): Delayed 1 second(s)

06-01-2025T10:00:45 - [MESSAGE][PASSED] - Delayed 1 second(s)

06-01-2025T10:00:45 - [TEST_STEP][PASSED] - click(findTestObject("Master Data/Admin Sekolah/Login/Input Password")): Object: 'Object Repository/Master Data/Admin Sekolah/Login/Input Password' is clicked on

06-01-2025T10:00:45 - [MESSAGE][PASSED] - Object: 'Object Repository/Master Data/Admin Sekolah/Login/Input Password' is clicked on

06-01-2025T10:00:45 - [TEST_STEP][PASSED] - setText(findTestObject("Master Data/Admin Sekolah/Login/Input Password"), "Test1234"): Text 'Test1234' is set on object 'Object Repository/Master Data/Admin Sekolah/Login/Input Password'

06-01-2025T10:00:46 - [MESSAGE][PASSED] - Text 'Test1234' is set on object 'Object Repository/Master Data/Admin Sekolah/Login/Input Password'

06-01-2025T10:00:46 - [TEST_STEP][PASSED] - delay(1): Delayed 1 second(s)

06-01-2025T10:00:47 - [MESSAGE][PASSED] - Delayed 1 second(s)

06-01-2025T10:00:47 - [TEST_STEP][PASSED] - click(findTestObject("Master Data/Admin Sekolah/Login/Button Submit")): Object: 'Object Repository/Master Data/Admin Sekolah/Login/Button Submit' is clicked on

06-01-2025T10:00:47 - [MESSAGE][PASSED] - Object: 'Object Repository/Master Data/Admin Sekolah/Login/Button Submit' is clicked on

06-01-2025T10:00:47 - [TEST_STEP][PASSED] - delay(1): Delayed 1 second(s)

06-01-2025T10:00:48 - [MESSAGE][PASSED] - Delayed 1 second(s)

06-01-2025T10:00:48 - [TEST_STEP][PASSED] - click(findTestObject("Master Tagihan/Admin Sekolah/Pembayaran Siswa/Homepage/Menu Tagihan")): Object: 'Object Repository/Master Tagihan/Admin Sekolah/Pembayaran Siswa/Homepage/Menu Tagihan' is clicked on

06-01-2025T10:00:49 - [MESSAGE][PASSED] - Object: 'Object Repository/Master Tagihan/Admin Sekolah/Pembayaran Siswa/Homepage/Menu Tagihan' is clicked on

06-01-2025T10:00:49 - [TEST_STEP][PASSED] - delay(1): Delayed 1 second(s)

06-01-2025T10:00:50 - [MESSAGE][PASSED] - Delayed 1 second(s)

06-01-2025T10:00:50 - [TEST_STEP][PASSED] - click(findTestObject("Master Tagihan/Admin Sekolah/Pembayaran Siswa/Homepage/Sub-Menu Tagihan Persiswa")): Object: 'Object Repository/Master Tagihan/Admin Sekolah/Pembayaran Siswa/Homepage/Sub-Menu Tagihan Persiswa' is clicked on

06-01-2025T10:00:50 - [MESSAGE][PASSED] - Object: 'Object Repository/Master Tagihan/Admin Sekolah/Pembayaran Siswa/Homepage/Sub-Menu Tagihan Persiswa' is clicked on

06-01-2025T10:00:50 - [TEST_STEP][PASSED] - delay(1): Delayed 1 second(s)

06-01-2025T10:00:51 - [MESSAGE][PASSED] - Delayed 1 second(s)

06-01-2025T10:00:51 - [TEST_STEP][PASSED] - click(findTestObject("Master Tagihan/Admin Sekolah/Pembayaran Siswa/Homepage/Sub Menu Tagihan Persiswa/Dropdown Unit/Klik Dropdown")): Object: 'Object Repository/Master Tagihan/Admin Sekolah/Pembayaran Siswa/Homepage/Sub Menu Tagihan Persiswa/Dropdown Unit/Klik Dropdown' is clicked on

06-01-2025T10:00:52 - [MESSAGE][PASSED] - Object: 'Object Repository/Master Tagihan/Admin Sekolah/Pembayaran Siswa/Homepage/Sub Menu Tagihan Persiswa/Dropdown Unit/Klik Dropdown' is clicked on

06-01-2025T10:00:52 - [TEST_STEP][PASSED] - delay(1): Delayed 1 second(s)

06-01-2025T10:00:53 - [MESSAGE][PASSED] - Delayed 1 second(s)

06-01-2025T10:00:53 - [TEST_STEP][PASSED] - click(findTestObject("Master Tagihan/Admin Sekolah/Pembayaran Siswa/Homepage/Sub Menu Tagihan Persiswa/Dropdown Unit/Pilih Value Unit")): Object: 'Object Repository/Master Tagihan/Admin Sekolah/Pembayaran Siswa/Homepage/Sub Menu Tagihan Persiswa/Dropdown Unit/Pilih Value Unit' is clicked on

06-01-2025T10:00:53 - [MESSAGE][PASSED] - Object: 'Object Repository/Master Tagihan/Admin Sekolah/Pembayaran Siswa/Homepage/Sub Menu Tagihan Persiswa/Dropdown Unit/Pilih Value Unit' is clicked on

06-01-2025T10:00:53 - [TEST_STEP][PASSED] - delay(1): Delayed 1 second(s)

06-01-2025T10:00:54 - [MESSAGE][PASSED] - Delayed 1 second(s)

06-01-2025T10:00:54 - [TEST_STEP][PASSED] - click(findTestObject("Master Tagihan/Admin Sekolah/Pembayaran Siswa/Homepage/Sub Menu Tagihan Persiswa/Dropdown Kelas/Klik Dropdown Kelas")): Object: 'Object Repository/Master Tagihan/Admin Sekolah/Pembayaran Siswa/Homepage/Sub Menu Tagihan Persiswa/Dropdown Kelas/Klik Dropdown Kelas' is clicked on

06-01-2025T10:00:54 - [MESSAGE][PASSED] - Object: 'Object Repository/Master Tagihan/Admin Sekolah/Pembayaran Siswa/Homepage/Sub Menu Tagihan Persiswa/Dropdown Kelas/Klik Dropdown Kelas' is clicked on

06-01-2025T10:00:54 - [TEST_STEP][PASSED] - delay(1): Delayed 1 second(s)

06-01-2025T10:00:55 - [MESSAGE][PASSED] - Delayed 1 second(s)

06-01-2025T10:00:55 - [TEST_STEP][PASSED] - click(findTestObject("Master Tagihan/Admin Sekolah/Pembayaran Siswa/Homepage/Sub Menu Tagihan Persiswa/Dropdown Kelas/Klik Field Cari Kelas")): Object: 'Object Repository/Master Tagihan/Admin Sekolah/Pembayaran Siswa/Homepage/Sub Menu Tagihan Persiswa/Dropdown Kelas/Klik Field Cari Kelas' is clicked on

06-01-2025T10:00:56 - [MESSAGE][PASSED] - Object: 'Object Repository/Master Tagihan/Admin Sekolah/Pembayaran Siswa/Homepage/Sub Menu Tagihan Persiswa/Dropdown Kelas/Klik Field Cari Kelas' is clicked on

06-01-2025T10:00:56 - [TEST_STEP][PASSED] - delay(1): Delayed 1 second(s)

06-01-2025T10:00:57 - [MESSAGE][PASSED] - Delayed 1 second(s)

06-01-2025T10:00:57 - [TEST_STEP][PASSED] - setText(findTestObject("Master Tagihan/Admin Sekolah/Pembayaran Siswa/Homepage/Sub Menu Tagihan Persiswa/Dropdown Kelas/Klik Field Cari Kelas"), "XI IPA"): Text 'XI IPA' is set on object 'Object Repository/Master Tagihan/Admin Sekolah/Pembayaran Siswa/Homepage/Sub Menu Tagihan Persiswa/Dropdown Kelas/Klik Field Cari Kelas'

06-01-2025T10:00:57 - [MESSAGE][PASSED] - Text 'XI IPA' is set on object 'Object Repository/Master Tagihan/Admin Sekolah/Pembayaran Siswa/Homepage/Sub Menu Tagihan Persiswa/Dropdown Kelas/Klik Field Cari Kelas'

06-01-2025T10:00:57 - [TEST_STEP][PASSED] - click(findTestObject("Master Tagihan/Admin Sekolah/Pembayaran Siswa/Homepage/Sub Menu Tagihan Persiswa/Dropdown Kelas/Pilih Kelas")): Object: 'Object Repository/Master Tagihan/Admin Sekolah/Pembayaran Siswa/Homepage/Sub Menu Tagihan Persiswa/Dropdown Kelas/Pilih Kelas' is clicked on

06-01-2025T10:00:57 - [MESSAGE][PASSED] - Object: 'Object Repository/Master Tagihan/Admin Sekolah/Pembayaran Siswa/Homepage/Sub Menu Tagihan Persiswa/Dropdown Kelas/Pilih Kelas' is clicked on

06-01-2025T10:00:57 - [TEST_STEP][PASSED] - delay(1): Delayed 1 second(s)

06-01-2025T10:00:58 - [MESSAGE][PASSED] - Delayed 1 second(s)

06-01-2025T10:00:58 - [TEST_STEP][PASSED] - click(findTestObject("Master Tagihan/Admin Sekolah/Pembayaran Siswa/Homepage/Sub Menu Tagihan Persiswa/Filter/Filter By NIS/Klik Dropdown Nama")): Object: 'Object Repository/Master Tagihan/Admin Sekolah/Pembayaran Siswa/Homepage/Sub Menu Tagihan Persiswa/Filter/Filter By NIS/Klik Dropdown Nama' is clicked on

06-01-2025T10:00:59 - [MESSAGE][PASSED] - Object: 'Object Repository/Master Tagihan/Admin Sekolah/Pembayaran Siswa/Homepage/Sub Menu Tagihan Persiswa/Filter/Filter By NIS/Klik Dropdown Nama' is clicked on

06-01-2025T10:00:59 - [TEST_STEP][PASSED] - click(findTestObject("Master Tagihan/Admin Sekolah/Pembayaran Siswa/Homepage/Sub Menu Tagihan Persiswa/Filter/Filter By NIS/Klik NIS")): Object: 'Object Repository/Master Tagihan/Admin Sekolah/Pembayaran Siswa/Homepage/Sub Menu Tagihan Persiswa/Filter/Filter By NIS/Klik NIS' is clicked on

06-01-2025T10:00:59 - [MESSAGE][PASSED] - Object: 'Object Repository/Master Tagihan/Admin Sekolah/Pembayaran Siswa/Homepage/Sub Menu Tagihan Persiswa/Filter/Filter By NIS/Klik NIS' is clicked on

06-01-2025T10:00:59 - [TEST_STEP][PASSED] - delay(1): Delayed 1 second(s)

06-01-2025T10:01:00 - [MESSAGE][PASSED] - Delayed 1 second(s)

06-01-2025T10:01:00 - [TEST_STEP][PASSED] - click(findTestObject("Master Tagihan/Admin Sekolah/Pembayaran Siswa/Homepage/Sub Menu Tagihan Persiswa/Field Nama/Klik Field Nama")): Object: 'Object Repository/Master Tagihan/Admin Sekolah/Pembayaran Siswa/Homepage/Sub Menu Tagihan Persiswa/Field Nama/Klik Field Nama' is clicked on

06-01-2025T10:01:01 - [MESSAGE][PASSED] - Object: 'Object Repository/Master Tagihan/Admin Sekolah/Pembayaran Siswa/Homepage/Sub Menu Tagihan Persiswa/Field Nama/Klik Field Nama' is clicked on

06-01-2025T10:01:01 - [TEST_STEP][PASSED] - setText(findTestObject("Master Tagihan/Admin Sekolah/Pembayaran Siswa/Homepage/Sub Menu Tagihan Persiswa/Field Nama/Klik Field Nama"), "2024"): Text '2024' is set on object 'Object Repository/Master Tagihan/Admin Sekolah/Pembayaran Siswa/Homepage/Sub Menu Tagihan Persiswa/Field Nama/Klik Field Nama'

06-01-2025T10:01:01 - [MESSAGE][PASSED] - Text '2024' is set on object 'Object Repository/Master Tagihan/Admin Sekolah/Pembayaran Siswa/Homepage/Sub Menu Tagihan Persiswa/Field Nama/Klik Field Nama'

06-01-2025T10:01:01 - [TEST_STEP][PASSED] - click(findTestObject("Master Tagihan/Admin Sekolah/Pembayaran Siswa/Homepage/Sub Menu Tagihan Persiswa/Filter/Filter By NIS/Pilih Value NIS")): Object: 'Object Repository/Master Tagihan/Admin Sekolah/Pembayaran Siswa/Homepage/Sub Menu Tagihan Persiswa/Filter/Filter By NIS/Pilih Value NIS' is clicked on

06-01-2025T10:01:03 - [MESSAGE][PASSED] - Object: 'Object Repository/Master Tagihan/Admin Sekolah/Pembayaran Siswa/Homepage/Sub Menu Tagihan Persiswa/Filter/Filter By NIS/Pilih Value NIS' is clicked on

06-01-2025T10:01:03 - [TEST_STEP][PASSED] - delay(1): Delayed 1 second(s)

06-01-2025T10:01:04 - [MESSAGE][PASSED] - Delayed 1 second(s)

06-01-2025T10:01:04 - [TEST_STEP][PASSED] - click(findTestObject("Master Tagihan/Admin Sekolah/Pembayaran Siswa/Homepage/Sub Menu Tagihan Persiswa/Tombol Terapkan/Klik Tombol Terapkan")): Object: 'Object Repository/Master Tagihan/Admin Sekolah/Pembayaran Siswa/Homepage/Sub Menu Tagihan Persiswa/Tombol Terapkan/Klik Tombol Terapkan' is clicked on

06-01-2025T10:01:04 - [MESSAGE][PASSED] - Object: 'Object Repository/Master Tagihan/Admin Sekolah/Pembayaran Siswa/Homepage/Sub Menu Tagihan Persiswa/Tombol Terapkan/Klik Tombol Terapkan' is clicked on

06-01-2025T10:01:04 - [TEST_STEP][PASSED] - delay(1): Delayed 1 second(s)

06-01-2025T10:01:05 - [MESSAGE][PASSED] - Delayed 1 second(s)

06-01-2025T10:01:05 - [TEST_STEP][PASSED] - click(findTestObject("Master Tagihan/Admin Sekolah/Pembayaran Siswa/Homepage/Sub Menu Tagihan Persiswa/Tri Dots Icon/Hapus Tagihan PerSiswa/Tridots Untuk Hapus")): Object: 'Object Repository/Master Tagihan/Admin Sekolah/Pembayaran Siswa/Homepage/Sub Menu Tagihan Persiswa/Tri Dots Icon/Hapus Tagihan PerSiswa/Tridots Untuk Hapus' is clicked on

06-01-2025T10:01:05 - [MESSAGE][PASSED] - Object: 'Object Repository/Master Tagihan/Admin Sekolah/Pembayaran Siswa/Homepage/Sub Menu Tagihan Persiswa/Tri Dots Icon/Hapus Tagihan PerSiswa/Tridots Untuk Hapus' is clicked on

06-01-2025T10:01:05 - [TEST_STEP][PASSED] - click(findTestObject("Master Tagihan/Admin Sekolah/Pembayaran Siswa/Homepage/Sub Menu Tagihan Persiswa/Tri Dots Icon/Hapus Tagihan PerSiswa/Option Hapus")): Object: 'Object Repository/Master Tagihan/Admin Sekolah/Pembayaran Siswa/Homepage/Sub Menu Tagihan Persiswa/Tri Dots Icon/Hapus Tagihan PerSiswa/Option Hapus' is clicked on

06-01-2025T10:01:06 - [MESSAGE][PASSED] - Object: 'Object Repository/Master Tagihan/Admin Sekolah/Pembayaran Siswa/Homepage/Sub Menu Tagihan Persiswa/Tri Dots Icon/Hapus Tagihan PerSiswa/Option Hapus' is clicked on

06-01-2025T10:01:06 - [TEST_STEP][PASSED] - click(findTestObject("Master Tagihan/Admin Sekolah/Pembayaran Siswa/Homepage/Sub Menu Tagihan Persiswa/Tri Dots Icon/Hapus Tagihan PerSiswa/Hapus Data")): Object: 'Object Repository/Master Tagihan/Admin Sekolah/Pembayaran Siswa/Homepage/Sub Menu Tagihan Persiswa/Tri Dots Icon/Hapus Tagihan PerSiswa/Hapus Data' is clicked on

06-01-2025T10:01:07 - [MESSAGE][PASSED] - Object: 'Object Repository/Master Tagihan/Admin Sekolah/Pembayaran Siswa/Homepage/Sub Menu Tagihan Persiswa/Tri Dots Icon/Hapus Tagihan PerSiswa/Hapus Data' is clicked on

06-01-2025T10:01:07 - [TEST_STEP][PASSED] - closeBrowser(): Browser is closed

06-01-2025T10:01:07 - [MESSAGE][PASSED] - Browser is closed

06-01-2025T10:01:07 - [MESSAGE][PASSED] - Call Test Case 'Test Cases/Master Tagihan/Admin Sekolah/Master Tagihan Pembayaran Per Siswa/Delete Tagihan Persiswa' successfully

06-01-2025T10:01:07 - [TEST_STEP][PASSED] - println("============================= Loop Again ==============================="): null

06-01-2025T10:01:07 - [TEST_STEP][PASSED] - callTestCase(findTestCase("Test Cases/Master Tagihan/Admin Sekolah/Master Tagihan Pembayaran Per Siswa/Sorting Table Tagihan Persiswa"), [:], CONTINUE_ON_FAILURE): Call Test Case 'Test Cases/Master Tagihan/Admin Sekolah/Master Tagihan Pembayaran Per Siswa/Sorting Table Tagihan Persiswa' successfully

06-01-2025T10:01:07 - [TEST_CASE][PASSED] - Test Cases/Master Tagihan/Admin Sekolah/Master Tagihan Pembayaran Per Siswa/Sorting Table Tagihan Persiswa: Test Cases/Master Tagihan/Admin Sekolah/Master Tagihan Pembayaran Per Siswa/Sorting Table Tagihan Persiswa

06-01-2025T10:01:07 - [TEST_STEP][PASSED] - openBrowser(""): Browser is opened with url: ''

06-01-2025T10:01:07 - [MESSAGE][INFO] - Starting 'Chrome' driver

06-01-2025T10:01:07 - [MESSAGE][INFO] - Action delay is set to 0 milliseconds

06-01-2025T10:01:08 - [MESSAGE][PASSED] - Browser is opened with url: ''

06-01-2025T10:01:08 - [TEST_STEP][PASSED] - navigateToUrl("https://sit.siprusedu.com/login"): Navigate to 'https://sit.siprusedu.com/login' successfully

06-01-2025T10:01:08 - [MESSAGE][PASSED] - Navigate to 'https://sit.siprusedu.com/login' successfully

06-01-2025T10:01:08 - [TEST_STEP][PASSED] - click(findTestObject("Master Data/Admin Sekolah/Login/Field Email")): Object: 'Object Repository/Master Data/Admin Sekolah/Login/Field Email' is clicked on

06-01-2025T10:01:10 - [MESSAGE][PASSED] - Object: 'Object Repository/Master Data/Admin Sekolah/Login/Field Email' is clicked on

06-01-2025T10:01:10 - [TEST_STEP][PASSED] - setText(findTestObject("Master Data/Admin Sekolah/Login/Field Email"), "admin.gudangsolusi@digiform.co.id"): Text 'admin.gudangsolusi@digiform.co.id' is set on object 'Object Repository/Master Data/Admin Sekolah/Login/Field Email'

06-01-2025T10:01:11 - [MESSAGE][PASSED] - Text 'admin.gudangsolusi@digiform.co.id' is set on object 'Object Repository/Master Data/Admin Sekolah/Login/Field Email'

06-01-2025T10:01:11 - [TEST_STEP][PASSED] - delay(1): Delayed 1 second(s)

06-01-2025T10:01:12 - [MESSAGE][PASSED] - Delayed 1 second(s)

06-01-2025T10:01:12 - [TEST_STEP][PASSED] - click(findTestObject("Master Data/Admin Sekolah/Login/Input Password")): Object: 'Object Repository/Master Data/Admin Sekolah/Login/Input Password' is clicked on

06-01-2025T10:01:12 - [MESSAGE][PASSED] - Object: 'Object Repository/Master Data/Admin Sekolah/Login/Input Password' is clicked on

06-01-2025T10:01:12 - [TEST_STEP][PASSED] - setText(findTestObject("Master Data/Admin Sekolah/Login/Input Password"), "Test1234"): Text 'Test1234' is set on object 'Object Repository/Master Data/Admin Sekolah/Login/Input Password'

06-01-2025T10:01:12 - [MESSAGE][PASSED] - Text 'Test1234' is set on object 'Object Repository/Master Data/Admin Sekolah/Login/Input Password'

06-01-2025T10:01:12 - [TEST_STEP][PASSED] - delay(1): Delayed 1 second(s)

06-01-2025T10:01:13 - [MESSAGE][PASSED] - Delayed 1 second(s)

06-01-2025T10:01:13 - [TEST_STEP][PASSED] - click(findTestObject("Master Data/Admin Sekolah/Login/Button Submit")): Object: 'Object Repository/Master Data/Admin Sekolah/Login/Button Submit' is clicked on

06-01-2025T10:01:14 - [MESSAGE][PASSED] - Object: 'Object Repository/Master Data/Admin Sekolah/Login/Button Submit' is clicked on

06-01-2025T10:01:14 - [TEST_STEP][PASSED] - delay(1): Delayed 1 second(s)

06-01-2025T10:01:15 - [MESSAGE][PASSED] - Delayed 1 second(s)

06-01-2025T10:01:15 - [TEST_STEP][PASSED] - click(findTestObject("Master Tagihan/Admin Sekolah/Pembayaran Siswa/Homepage/Menu Tagihan")): Object: 'Object Repository/Master Tagihan/Admin Sekolah/Pembayaran Siswa/Homepage/Menu Tagihan' is clicked on

06-01-2025T10:01:15 - [MESSAGE][PASSED] - Object: 'Object Repository/Master Tagihan/Admin Sekolah/Pembayaran Siswa/Homepage/Menu Tagihan' is clicked on

06-01-2025T10:01:15 - [TEST_STEP][PASSED] - delay(1): Delayed 1 second(s)

06-01-2025T10:01:16 - [MESSAGE][PASSED] - Delayed 1 second(s)

06-01-2025T10:01:16 - [TEST_STEP][PASSED] - click(findTestObject("Master Tagihan/Admin Sekolah/Pembayaran Siswa/Homepage/Sub-Menu Tagihan Persiswa")): Object: 'Object Repository/Master Tagihan/Admin Sekolah/Pembayaran Siswa/Homepage/Sub-Menu Tagihan Persiswa' is clicked on

06-01-2025T10:01:17 - [MESSAGE][PASSED] - Object: 'Object Repository/Master Tagihan/Admin Sekolah/Pembayaran Siswa/Homepage/Sub-Menu Tagihan Persiswa' is clicked on

06-01-2025T10:01:17 - [TEST_STEP][PASSED] - delay(1): Delayed 1 second(s)

06-01-2025T10:01:18 - [MESSAGE][PASSED] - Delayed 1 second(s)

06-01-2025T10:01:18 - [TEST_STEP][PASSED] - click(findTestObject("Master Tagihan/Admin Sekolah/Pembayaran Siswa/Homepage/Sub Menu Tagihan Persiswa/Dropdown Unit/Klik Dropdown")): Object: 'Object Repository/Master Tagihan/Admin Sekolah/Pembayaran Siswa/Homepage/Sub Menu Tagihan Persiswa/Dropdown Unit/Klik Dropdown' is clicked on

06-01-2025T10:01:19 - [MESSAGE][PASSED] - Object: 'Object Repository/Master Tagihan/Admin Sekolah/Pembayaran Siswa/Homepage/Sub Menu Tagihan Persiswa/Dropdown Unit/Klik Dropdown' is clicked on

06-01-2025T10:01:19 - [TEST_STEP][PASSED] - delay(1): Delayed 1 second(s)

06-01-2025T10:01:20 - [MESSAGE][PASSED] - Delayed 1 second(s)

06-01-2025T10:01:20 - [TEST_STEP][PASSED] - click(findTestObject("Master Tagihan/Admin Sekolah/Pembayaran Siswa/Homepage/Sub Menu Tagihan Persiswa/Dropdown Unit/Pilih Value Unit")): Object: 'Object Repository/Master Tagihan/Admin Sekolah/Pembayaran Siswa/Homepage/Sub Menu Tagihan Persiswa/Dropdown Unit/Pilih Value Unit' is clicked on

06-01-2025T10:01:20 - [MESSAGE][PASSED] - Object: 'Object Repository/Master Tagihan/Admin Sekolah/Pembayaran Siswa/Homepage/Sub Menu Tagihan Persiswa/Dropdown Unit/Pilih Value Unit' is clicked on

06-01-2025T10:01:20 - [TEST_STEP][PASSED] - delay(1): Delayed 1 second(s)

06-01-2025T10:01:21 - [MESSAGE][PASSED] - Delayed 1 second(s)

06-01-2025T10:01:21 - [TEST_STEP][PASSED] - click(findTestObject("Master Tagihan/Admin Sekolah/Pembayaran Siswa/Homepage/Sub Menu Tagihan Persiswa/Dropdown Kelas/Klik Dropdown Kelas")): Object: 'Object Repository/Master Tagihan/Admin Sekolah/Pembayaran Siswa/Homepage/Sub Menu Tagihan Persiswa/Dropdown Kelas/Klik Dropdown Kelas' is clicked on

06-01-2025T10:01:21 - [MESSAGE][PASSED] - Object: 'Object Repository/Master Tagihan/Admin Sekolah/Pembayaran Siswa/Homepage/Sub Menu Tagihan Persiswa/Dropdown Kelas/Klik Dropdown Kelas' is clicked on

06-01-2025T10:01:21 - [TEST_STEP][PASSED] - delay(1): Delayed 1 second(s)

06-01-2025T10:01:22 - [MESSAGE][PASSED] - Delayed 1 second(s)

06-01-2025T10:01:22 - [TEST_STEP][PASSED] - click(findTestObject("Master Tagihan/Admin Sekolah/Pembayaran Siswa/Homepage/Sub Menu Tagihan Persiswa/Dropdown Kelas/Klik Field Cari Kelas")): Object: 'Object Repository/Master Tagihan/Admin Sekolah/Pembayaran Siswa/Homepage/Sub Menu Tagihan Persiswa/Dropdown Kelas/Klik Field Cari Kelas' is clicked on

06-01-2025T10:01:22 - [MESSAGE][PASSED] - Object: 'Object Repository/Master Tagihan/Admin Sekolah/Pembayaran Siswa/Homepage/Sub Menu Tagihan Persiswa/Dropdown Kelas/Klik Field Cari Kelas' is clicked on

06-01-2025T10:01:22 - [TEST_STEP][PASSED] - delay(1): Delayed 1 second(s)

06-01-2025T10:01:23 - [MESSAGE][PASSED] - Delayed 1 second(s)

06-01-2025T10:01:23 - [TEST_STEP][PASSED] - setText(findTestObject("Master Tagihan/Admin Sekolah/Pembayaran Siswa/Homepage/Sub Menu Tagihan Persiswa/Dropdown Kelas/Klik Field Cari Kelas"), "XI IPA Biologi 2"): Text 'XI IPA Biologi 2' is set on object 'Object Repository/Master Tagihan/Admin Sekolah/Pembayaran Siswa/Homepage/Sub Menu Tagihan Persiswa/Dropdown Kelas/Klik Field Cari Kelas'

06-01-2025T10:01:24 - [MESSAGE][PASSED] - Text 'XI IPA Biologi 2' is set on object 'Object Repository/Master Tagihan/Admin Sekolah/Pembayaran Siswa/Homepage/Sub Menu Tagihan Persiswa/Dropdown Kelas/Klik Field Cari Kelas'

06-01-2025T10:01:24 - [TEST_STEP][PASSED] - click(findTestObject("Master Tagihan/Admin Sekolah/Pembayaran Siswa/Homepage/Sub Menu Tagihan Persiswa/Dropdown Kelas/Pilih Kelas")): Object: 'Object Repository/Master Tagihan/Admin Sekolah/Pembayaran Siswa/Homepage/Sub Menu Tagihan Persiswa/Dropdown Kelas/Pilih Kelas' is clicked on

06-01-2025T10:01:24 - [MESSAGE][PASSED] - Object: 'Object Repository/Master Tagihan/Admin Sekolah/Pembayaran Siswa/Homepage/Sub Menu Tagihan Persiswa/Dropdown Kelas/Pilih Kelas' is clicked on

06-01-2025T10:01:24 - [TEST_STEP][PASSED] - setText(findTestObject("Master Tagihan/Admin Sekolah/Pembayaran Siswa/Homepage/Sub Menu Tagihan Persiswa/Field Nama/Klik Field Nama"), "Dilan"): Text 'Dilan' is set on object 'Object Repository/Master Tagihan/Admin Sekolah/Pembayaran Siswa/Homepage/Sub Menu Tagihan Persiswa/Field Nama/Klik Field Nama'

06-01-2025T10:01:25 - [MESSAGE][PASSED] - Text 'Dilan' is set on object 'Object Repository/Master Tagihan/Admin Sekolah/Pembayaran Siswa/Homepage/Sub Menu Tagihan Persiswa/Field Nama/Klik Field Nama'

06-01-2025T10:01:25 - [TEST_STEP][PASSED] - click(findTestObject("Master Tagihan/Admin Sekolah/Pembayaran Siswa/Homepage/Sub Menu Tagihan Persiswa/Field Nama/Klik Hasil Cari Siswa")): Object: 'Object Repository/Master Tagihan/Admin Sekolah/Pembayaran Siswa/Homepage/Sub Menu Tagihan Persiswa/Field Nama/Klik Hasil Cari Siswa' is clicked on

06-01-2025T10:01:26 - [MESSAGE][PASSED] - Object: 'Object Repository/Master Tagihan/Admin Sekolah/Pembayaran Siswa/Homepage/Sub Menu Tagihan Persiswa/Field Nama/Klik Hasil Cari Siswa' is clicked on

06-01-2025T10:01:26 - [TEST_STEP][PASSED] - click(findTestObject("Master Tagihan/Admin Sekolah/Pembayaran Siswa/Homepage/Sub Menu Tagihan Persiswa/Tombol Terapkan/Klik Tombol Terapkan")): Object: 'Object Repository/Master Tagihan/Admin Sekolah/Pembayaran Siswa/Homepage/Sub Menu Tagihan Persiswa/Tombol Terapkan/Klik Tombol Terapkan' is clicked on

06-01-2025T10:01:27 - [MESSAGE][PASSED] - Object: 'Object Repository/Master Tagihan/Admin Sekolah/Pembayaran Siswa/Homepage/Sub Menu Tagihan Persiswa/Tombol Terapkan/Klik Tombol Terapkan' is clicked on

06-01-2025T10:01:27 - [TEST_STEP][PASSED] - delay(1): Delayed 1 second(s)

06-01-2025T10:01:28 - [MESSAGE][PASSED] - Delayed 1 second(s)

06-01-2025T10:01:28 - [TEST_STEP][PASSED] - click(findTestObject("Master Tagihan/Admin Sekolah/Pembayaran Siswa/Homepage/Sub Menu Tagihan Persiswa/Filter/Filter By Nama tagihan")): Object: 'Object Repository/Master Tagihan/Admin Sekolah/Pembayaran Siswa/Homepage/Sub Menu Tagihan Persiswa/Filter/Filter By Nama tagihan' is clicked on

06-01-2025T10:01:28 - [MESSAGE][PASSED] - Object: 'Object Repository/Master Tagihan/Admin Sekolah/Pembayaran Siswa/Homepage/Sub Menu Tagihan Persiswa/Filter/Filter By Nama tagihan' is clicked on

06-01-2025T10:01:28 - [TEST_STEP][PASSED] - click(findTestObject("Master Tagihan/Admin Sekolah/Pembayaran Siswa/Homepage/Sub Menu Tagihan Persiswa/Filter/Filter By Nama tagihan")): Object: 'Object Repository/Master Tagihan/Admin Sekolah/Pembayaran Siswa/Homepage/Sub Menu Tagihan Persiswa/Filter/Filter By Nama tagihan' is clicked on

06-01-2025T10:01:29 - [MESSAGE][PASSED] - Object: 'Object Repository/Master Tagihan/Admin Sekolah/Pembayaran Siswa/Homepage/Sub Menu Tagihan Persiswa/Filter/Filter By Nama tagihan' is clicked on

06-01-2025T10:01:29 - [TEST_STEP][PASSED] - delay(1): Delayed 1 second(s)

06-01-2025T10:01:30 - [MESSAGE][PASSED] - Delayed 1 second(s)

06-01-2025T10:01:30 - [TEST_STEP][PASSED] - click(findTestObject("Master Tagihan/Admin Sekolah/Pembayaran Siswa/Homepage/Sub Menu Tagihan Persiswa/Filter/Filter By Tipe Tagihan")): Object: 'Object Repository/Master Tagihan/Admin Sekolah/Pembayaran Siswa/Homepage/Sub Menu Tagihan Persiswa/Filter/Filter By Tipe Tagihan' is clicked on

06-01-2025T10:01:30 - [MESSAGE][PASSED] - Object: 'Object Repository/Master Tagihan/Admin Sekolah/Pembayaran Siswa/Homepage/Sub Menu Tagihan Persiswa/Filter/Filter By Tipe Tagihan' is clicked on

06-01-2025T10:01:30 - [TEST_STEP][PASSED] - click(findTestObject("Master Tagihan/Admin Sekolah/Pembayaran Siswa/Homepage/Sub Menu Tagihan Persiswa/Filter/Filter By Tipe Tagihan")): Object: 'Object Repository/Master Tagihan/Admin Sekolah/Pembayaran Siswa/Homepage/Sub Menu Tagihan Persiswa/Filter/Filter By Tipe Tagihan' is clicked on

06-01-2025T10:01:31 - [MESSAGE][PASSED] - Object: 'Object Repository/Master Tagihan/Admin Sekolah/Pembayaran Siswa/Homepage/Sub Menu Tagihan Persiswa/Filter/Filter By Tipe Tagihan' is clicked on

06-01-2025T10:01:31 - [TEST_STEP][PASSED] - delay(1): Delayed 1 second(s)

06-01-2025T10:01:32 - [MESSAGE][PASSED] - Delayed 1 second(s)

06-01-2025T10:01:32 - [TEST_STEP][PASSED] - click(findTestObject("Master Tagihan/Admin Sekolah/Pembayaran Siswa/Homepage/Sub Menu Tagihan Persiswa/Filter/Filter By Total Tagihan")): Object: 'Object Repository/Master Tagihan/Admin Sekolah/Pembayaran Siswa/Homepage/Sub Menu Tagihan Persiswa/Filter/Filter By Total Tagihan' is clicked on

06-01-2025T10:01:32 - [MESSAGE][PASSED] - Object: 'Object Repository/Master Tagihan/Admin Sekolah/Pembayaran Siswa/Homepage/Sub Menu Tagihan Persiswa/Filter/Filter By Total Tagihan' is clicked on

06-01-2025T10:01:32 - [TEST_STEP][PASSED] - click(findTestObject("Master Tagihan/Admin Sekolah/Pembayaran Siswa/Homepage/Sub Menu Tagihan Persiswa/Filter/Filter By Total Tagihan")): Object: 'Object Repository/Master Tagihan/Admin Sekolah/Pembayaran Siswa/Homepage/Sub Menu Tagihan Persiswa/Filter/Filter By Total Tagihan' is clicked on

06-01-2025T10:01:33 - [MESSAGE][PASSED] - Object: 'Object Repository/Master Tagihan/Admin Sekolah/Pembayaran Siswa/Homepage/Sub Menu Tagihan Persiswa/Filter/Filter By Total Tagihan' is clicked on

06-01-2025T10:01:33 - [TEST_STEP][PASSED] - closeBrowser(): Browser is closed

06-01-2025T10:01:34 - [MESSAGE][PASSED] - Browser is closed

06-01-2025T10:01:34 - [MESSAGE][PASSED] - Call Test Case 'Test Cases/Master Tagihan/Admin Sekolah/Master Tagihan Pembayaran Per Siswa/Sorting Table Tagihan Persiswa' successfully

06-01-2025T10:01:34 - [TEST_STEP][PASSED] - callTestCase(findTestCase("Test Cases/Master Tagihan/Admin Sekolah/Master Tagihan Pembayaran Per Siswa/Filter Dan Search Tagihan Persiswa"), [:], CONTINUE_ON_FAILURE): Call Test Case 'Test Cases/Master Tagihan/Admin Sekolah/Master Tagihan Pembayaran Per Siswa/Filter Dan Search Tagihan Persiswa' successfully

06-01-2025T10:01:34 - [TEST_CASE][PASSED] - Test Cases/Master Tagihan/Admin Sekolah/Master Tagihan Pembayaran Per Siswa/Filter Dan Search Tagihan Persiswa: Test Cases/Master Tagihan/Admin Sekolah/Master Tagihan Pembayaran Per Siswa/Filter Dan Search Tagihan Persiswa

06-01-2025T10:01:34 - [TEST_STEP][PASSED] - openBrowser(""): Browser is opened with url: ''

06-01-2025T10:01:34 - [MESSAGE][INFO] - Starting 'Chrome' driver

06-01-2025T10:01:34 - [MESSAGE][INFO] - Action delay is set to 0 milliseconds

06-01-2025T10:01:35 - [MESSAGE][PASSED] - Browser is opened with url: ''

06-01-2025T10:01:35 - [TEST_STEP][PASSED] - navigateToUrl("https://sit.siprusedu.com/login"): Navigate to 'https://sit.siprusedu.com/login' successfully

06-01-2025T10:01:36 - [MESSAGE][PASSED] - Navigate to 'https://sit.siprusedu.com/login' successfully

06-01-2025T10:01:36 - [TEST_STEP][PASSED] - click(findTestObject("Master Data/Admin Sekolah/Login/Field Email")): Object: 'Object Repository/Master Data/Admin Sekolah/Login/Field Email' is clicked on

06-01-2025T10:01:37 - [MESSAGE][PASSED] - Object: 'Object Repository/Master Data/Admin Sekolah/Login/Field Email' is clicked on

06-01-2025T10:01:37 - [TEST_STEP][PASSED] - setText(findTestObject("Master Data/Admin Sekolah/Login/Field Email"), "admin.gudangsolusi@digiform.co.id"): Text 'admin.gudangsolusi@digiform.co.id' is set on object 'Object Repository/Master Data/Admin Sekolah/Login/Field Email'

06-01-2025T10:01:38 - [MESSAGE][PASSED] - Text 'admin.gudangsolusi@digiform.co.id' is set on object 'Object Repository/Master Data/Admin Sekolah/Login/Field Email'

06-01-2025T10:01:38 - [TEST_STEP][PASSED] - delay(1): Delayed 1 second(s)

06-01-2025T10:01:39 - [MESSAGE][PASSED] - Delayed 1 second(s)

06-01-2025T10:01:39 - [TEST_STEP][PASSED] - click(findTestObject("Master Data/Admin Sekolah/Login/Input Password")): Object: 'Object Repository/Master Data/Admin Sekolah/Login/Input Password' is clicked on

06-01-2025T10:01:39 - [MESSAGE][PASSED] - Object: 'Object Repository/Master Data/Admin Sekolah/Login/Input Password' is clicked on

06-01-2025T10:01:39 - [TEST_STEP][PASSED] - setText(findTestObject("Master Data/Admin Sekolah/Login/Input Password"), "Test1234"): Text 'Test1234' is set on object 'Object Repository/Master Data/Admin Sekolah/Login/Input Password'

06-01-2025T10:01:40 - [MESSAGE][PASSED] - Text 'Test1234' is set on object 'Object Repository/Master Data/Admin Sekolah/Login/Input Password'

06-01-2025T10:01:40 - [TEST_STEP][PASSED] - delay(1): Delayed 1 second(s)

06-01-2025T10:01:41 - [MESSAGE][PASSED] - Delayed 1 second(s)

06-01-2025T10:01:41 - [TEST_STEP][PASSED] - click(findTestObject("Master Data/Admin Sekolah/Login/Button Submit")): Object: 'Object Repository/Master Data/Admin Sekolah/Login/Button Submit' is clicked on

06-01-2025T10:01:41 - [MESSAGE][PASSED] - Object: 'Object Repository/Master Data/Admin Sekolah/Login/Button Submit' is clicked on

06-01-2025T10:01:41 - [TEST_STEP][PASSED] - delay(1): Delayed 1 second(s)

06-01-2025T10:01:42 - [MESSAGE][PASSED] - Delayed 1 second(s)

06-01-2025T10:01:42 - [TEST_STEP][PASSED] - click(findTestObject("Master Tagihan/Admin Sekolah/Pembayaran Siswa/Homepage/Menu Tagihan")): Object: 'Object Repository/Master Tagihan/Admin Sekolah/Pembayaran Siswa/Homepage/Menu Tagihan' is clicked on

06-01-2025T10:01:42 - [MESSAGE][PASSED] - Object: 'Object Repository/Master Tagihan/Admin Sekolah/Pembayaran Siswa/Homepage/Menu Tagihan' is clicked on

06-01-2025T10:01:42 - [TEST_STEP][PASSED] - delay(1): Delayed 1 second(s)

06-01-2025T10:01:43 - [MESSAGE][PASSED] - Delayed 1 second(s)

06-01-2025T10:01:43 - [TEST_STEP][PASSED] - click(findTestObject("Master Tagihan/Admin Sekolah/Pembayaran Siswa/Homepage/Sub-Menu Tagihan Persiswa")): Object: 'Object Repository/Master Tagihan/Admin Sekolah/Pembayaran Siswa/Homepage/Sub-Menu Tagihan Persiswa' is clicked on

06-01-2025T10:01:44 - [MESSAGE][PASSED] - Object: 'Object Repository/Master Tagihan/Admin Sekolah/Pembayaran Siswa/Homepage/Sub-Menu Tagihan Persiswa' is clicked on

06-01-2025T10:01:44 - [TEST_STEP][PASSED] - delay(1): Delayed 1 second(s)

06-01-2025T10:01:45 - [MESSAGE][PASSED] - Delayed 1 second(s)

06-01-2025T10:01:45 - [TEST_STEP][PASSED] - click(findTestObject("Master Tagihan/Admin Sekolah/Pembayaran Siswa/Homepage/Sub Menu Tagihan Persiswa/Dropdown Unit/Klik Dropdown")): Object: 'Object Repository/Master Tagihan/Admin Sekolah/Pembayaran Siswa/Homepage/Sub Menu Tagihan Persiswa/Dropdown Unit/Klik Dropdown' is clicked on

06-01-2025T10:01:45 - [MESSAGE][PASSED] - Object: 'Object Repository/Master Tagihan/Admin Sekolah/Pembayaran Siswa/Homepage/Sub Menu Tagihan Persiswa/Dropdown Unit/Klik Dropdown' is clicked on

06-01-2025T10:01:45 - [TEST_STEP][PASSED] - delay(1): Delayed 1 second(s)

06-01-2025T10:01:46 - [MESSAGE][PASSED] - Delayed 1 second(s)

06-01-2025T10:01:46 - [TEST_STEP][PASSED] - click(findTestObject("Master Tagihan/Admin Sekolah/Pembayaran Siswa/Homepage/Sub Menu Tagihan Persiswa/Dropdown Unit/Pilih Value Unit")): Object: 'Object Repository/Master Tagihan/Admin Sekolah/Pembayaran Siswa/Homepage/Sub Menu Tagihan Persiswa/Dropdown Unit/Pilih Value Unit' is clicked on

06-01-2025T10:01:47 - [MESSAGE][PASSED] - Object: 'Object Repository/Master Tagihan/Admin Sekolah/Pembayaran Siswa/Homepage/Sub Menu Tagihan Persiswa/Dropdown Unit/Pilih Value Unit' is clicked on

06-01-2025T10:01:47 - [TEST_STEP][PASSED] - delay(1): Delayed 1 second(s)

06-01-2025T10:01:48 - [MESSAGE][PASSED] - Delayed 1 second(s)

06-01-2025T10:01:48 - [TEST_STEP][PASSED] - click(findTestObject("Master Tagihan/Admin Sekolah/Pembayaran Siswa/Homepage/Sub Menu Tagihan Persiswa/Dropdown Kelas/Klik Dropdown Kelas")): Object: 'Object Repository/Master Tagihan/Admin Sekolah/Pembayaran Siswa/Homepage/Sub Menu Tagihan Persiswa/Dropdown Kelas/Klik Dropdown Kelas' is clicked on

06-01-2025T10:01:48 - [MESSAGE][PASSED] - Object: 'Object Repository/Master Tagihan/Admin Sekolah/Pembayaran Siswa/Homepage/Sub Menu Tagihan Persiswa/Dropdown Kelas/Klik Dropdown Kelas' is clicked on

06-01-2025T10:01:48 - [TEST_STEP][PASSED] - delay(1): Delayed 1 second(s)

06-01-2025T10:01:49 - [MESSAGE][PASSED] - Delayed 1 second(s)

06-01-2025T10:01:49 - [TEST_STEP][PASSED] - click(findTestObject("Master Tagihan/Admin Sekolah/Pembayaran Siswa/Homepage/Sub Menu Tagihan Persiswa/Dropdown Kelas/Klik Field Cari Kelas")): Object: 'Object Repository/Master Tagihan/Admin Sekolah/Pembayaran Siswa/Homepage/Sub Menu Tagihan Persiswa/Dropdown Kelas/Klik Field Cari Kelas' is clicked on

06-01-2025T10:01:49 - [MESSAGE][PASSED] - Object: 'Object Repository/Master Tagihan/Admin Sekolah/Pembayaran Siswa/Homepage/Sub Menu Tagihan Persiswa/Dropdown Kelas/Klik Field Cari Kelas' is clicked on

06-01-2025T10:01:49 - [TEST_STEP][PASSED] - delay(1): Delayed 1 second(s)

06-01-2025T10:01:50 - [MESSAGE][PASSED] - Delayed 1 second(s)

06-01-2025T10:01:50 - [TEST_STEP][PASSED] - setText(findTestObject("Master Tagihan/Admin Sekolah/Pembayaran Siswa/Homepage/Sub Menu Tagihan Persiswa/Dropdown Kelas/Klik Field Cari Kelas"), "Kelas - XI IPA Biologi 2"): Text 'Kelas - XI IPA Biologi 2' is set on object 'Object Repository/Master Tagihan/Admin Sekolah/Pembayaran Siswa/Homepage/Sub Menu Tagihan Persiswa/Dropdown Kelas/Klik Field Cari Kelas'

06-01-2025T10:01:51 - [MESSAGE][PASSED] - Text 'Kelas - XI IPA Biologi 2' is set on object 'Object Repository/Master Tagihan/Admin Sekolah/Pembayaran Siswa/Homepage/Sub Menu Tagihan Persiswa/Dropdown Kelas/Klik Field Cari Kelas'

06-01-2025T10:01:51 - [TEST_STEP][PASSED] - click(findTestObject("Master Tagihan/Admin Sekolah/Pembayaran Siswa/Homepage/Sub Menu Tagihan Persiswa/Dropdown Kelas/Pilih Kelas")): Object: 'Object Repository/Master Tagihan/Admin Sekolah/Pembayaran Siswa/Homepage/Sub Menu Tagihan Persiswa/Dropdown Kelas/Pilih Kelas' is clicked on

06-01-2025T10:01:51 - [MESSAGE][PASSED] - Object: 'Object Repository/Master Tagihan/Admin Sekolah/Pembayaran Siswa/Homepage/Sub Menu Tagihan Persiswa/Dropdown Kelas/Pilih Kelas' is clicked on

06-01-2025T10:01:51 - [TEST_STEP][PASSED] - setText(findTestObject("Master Tagihan/Admin Sekolah/Pembayaran Siswa/Homepage/Sub Menu Tagihan Persiswa/Field Nama/Klik Field Nama"), "Dilan"): Text 'Dilan' is set on object 'Object Repository/Master Tagihan/Admin Sekolah/Pembayaran Siswa/Homepage/Sub Menu Tagihan Persiswa/Field Nama/Klik Field Nama'

06-01-2025T10:01:52 - [MESSAGE][PASSED] - Text 'Dilan' is set on object 'Object Repository/Master Tagihan/Admin Sekolah/Pembayaran Siswa/Homepage/Sub Menu Tagihan Persiswa/Field Nama/Klik Field Nama'

06-01-2025T10:01:52 - [TEST_STEP][PASSED] - click(findTestObject("Master Tagihan/Admin Sekolah/Pembayaran Siswa/Homepage/Sub Menu Tagihan Persiswa/Field Nama/Klik Hasil Cari Siswa")): Object: 'Object Repository/Master Tagihan/Admin Sekolah/Pembayaran Siswa/Homepage/Sub Menu Tagihan Persiswa/Field Nama/Klik Hasil Cari Siswa' is clicked on

06-01-2025T10:01:53 - [MESSAGE][PASSED] - Object: 'Object Repository/Master Tagihan/Admin Sekolah/Pembayaran Siswa/Homepage/Sub Menu Tagihan Persiswa/Field Nama/Klik Hasil Cari Siswa' is clicked on

06-01-2025T10:01:53 - [TEST_STEP][PASSED] - click(findTestObject("Master Tagihan/Admin Sekolah/Pembayaran Siswa/Homepage/Sub Menu Tagihan Persiswa/Tombol Terapkan/Klik Tombol Terapkan")): Object: 'Object Repository/Master Tagihan/Admin Sekolah/Pembayaran Siswa/Homepage/Sub Menu Tagihan Persiswa/Tombol Terapkan/Klik Tombol Terapkan' is clicked on

06-01-2025T10:01:54 - [MESSAGE][PASSED] - Object: 'Object Repository/Master Tagihan/Admin Sekolah/Pembayaran Siswa/Homepage/Sub Menu Tagihan Persiswa/Tombol Terapkan/Klik Tombol Terapkan' is clicked on

06-01-2025T10:01:54 - [TEST_STEP][PASSED] - delay(1): Delayed 1 second(s)

06-01-2025T10:01:55 - [MESSAGE][PASSED] - Delayed 1 second(s)

06-01-2025T10:01:55 - [TEST_STEP][PASSED] - click(findTestObject("Master Tagihan/Admin Sekolah/Pembayaran Siswa/Homepage/Sub Menu Tagihan Persiswa/Filter/Filter By NIS/Klik Dropdown Nama")): Object: 'Object Repository/Master Tagihan/Admin Sekolah/Pembayaran Siswa/Homepage/Sub Menu Tagihan Persiswa/Filter/Filter By NIS/Klik Dropdown Nama' is clicked on

06-01-2025T10:01:55 - [MESSAGE][PASSED] - Object: 'Object Repository/Master Tagihan/Admin Sekolah/Pembayaran Siswa/Homepage/Sub Menu Tagihan Persiswa/Filter/Filter By NIS/Klik Dropdown Nama' is clicked on

06-01-2025T10:01:55 - [TEST_STEP][PASSED] - click(findTestObject("Master Tagihan/Admin Sekolah/Pembayaran Siswa/Homepage/Sub Menu Tagihan Persiswa/Filter/Filter By NIS/Klik NIS")): Object: 'Object Repository/Master Tagihan/Admin Sekolah/Pembayaran Siswa/Homepage/Sub Menu Tagihan Persiswa/Filter/Filter By NIS/Klik NIS' is clicked on

06-01-2025T10:01:56 - [MESSAGE][PASSED] - Object: 'Object Repository/Master Tagihan/Admin Sekolah/Pembayaran Siswa/Homepage/Sub Menu Tagihan Persiswa/Filter/Filter By NIS/Klik NIS' is clicked on

06-01-2025T10:01:56 - [TEST_STEP][PASSED] - click(findTestObject("Master Tagihan/Admin Sekolah/Pembayaran Siswa/Homepage/Sub Menu Tagihan Persiswa/Field Nama/Klik Field Nama")): Object: 'Object Repository/Master Tagihan/Admin Sekolah/Pembayaran Siswa/Homepage/Sub Menu Tagihan Persiswa/Field Nama/Klik Field Nama' is clicked on

06-01-2025T10:01:56 - [MESSAGE][PASSED] - Object: 'Object Repository/Master Tagihan/Admin Sekolah/Pembayaran Siswa/Homepage/Sub Menu Tagihan Persiswa/Field Nama/Klik Field Nama' is clicked on

06-01-2025T10:01:56 - [TEST_STEP][PASSED] - delay(1): Delayed 1 second(s)

06-01-2025T10:01:57 - [MESSAGE][PASSED] - Delayed 1 second(s)

06-01-2025T10:01:57 - [TEST_STEP][PASSED] - click(findTestObject("Master Tagihan/Admin Sekolah/Pembayaran Siswa/Homepage/Sub Menu Tagihan Persiswa/Tombol Terapkan/Klik Tombol Terapkan")): Object: 'Object Repository/Master Tagihan/Admin Sekolah/Pembayaran Siswa/Homepage/Sub Menu Tagihan Persiswa/Tombol Terapkan/Klik Tombol Terapkan' is clicked on

06-01-2025T10:01:57 - [MESSAGE][PASSED] - Object: 'Object Repository/Master Tagihan/Admin Sekolah/Pembayaran Siswa/Homepage/Sub Menu Tagihan Persiswa/Tombol Terapkan/Klik Tombol Terapkan' is clicked on

06-01-2025T10:01:57 - [TEST_STEP][PASSED] - delay(3): Delayed 3 second(s)

06-01-2025T10:02:00 - [MESSAGE][PASSED] - Delayed 3 second(s)

06-01-2025T10:02:00 - [TEST_STEP][PASSED] - closeBrowser(): Browser is closed

06-01-2025T10:02:01 - [MESSAGE][PASSED] - Browser is closed

06-01-2025T10:02:01 - [MESSAGE][PASSED] - Call Test Case 'Test Cases/Master Tagihan/Admin Sekolah/Master Tagihan Pembayaran Per Siswa/Filter Dan Search Tagihan Persiswa' successfully

06-01-2025T10:02:01 - [TEST_STEP][PASSED] - callTestCase(findTestCase("Test Cases/Master Tagihan/Admin Sekolah/Master Tagihan Pembayaran Per Siswa/Edit Tagihan Persiswa"), [:], CONTINUE_ON_FAILURE): Call Test Case 'Test Cases/Master Tagihan/Admin Sekolah/Master Tagihan Pembayaran Per Siswa/Edit Tagihan Persiswa' successfully

06-01-2025T10:02:01 - [TEST_CASE][PASSED] - Test Cases/Master Tagihan/Admin Sekolah/Master Tagihan Pembayaran Per Siswa/Edit Tagihan Persiswa: Test Cases/Master Tagihan/Admin Sekolah/Master Tagihan Pembayaran Per Siswa/Edit Tagihan Persiswa

06-01-2025T10:02:01 - [TEST_STEP][PASSED] - min = 1000000: null

06-01-2025T10:02:01 - [TEST_STEP][PASSED] - max = 15000000: null

06-01-2025T10:02:01 - [TEST_STEP][PASSED] - randomNumber = generateRandomNumber(min, max): null

06-01-2025T10:02:01 - [TEST_STEP][PASSED] - return ((java.lang.Math.random() * ((max - min) + 1)) as int + min): null

06-01-2025T10:02:01 - [TEST_STEP][PASSED] - openBrowser(""): Browser is opened with url: ''

06-01-2025T10:02:01 - [MESSAGE][INFO] - Starting 'Chrome' driver

06-01-2025T10:02:01 - [MESSAGE][INFO] - Action delay is set to 0 milliseconds

06-01-2025T10:02:02 - [MESSAGE][PASSED] - Browser is opened with url: ''

06-01-2025T10:02:02 - [TEST_STEP][PASSED] - navigateToUrl("https://sit.siprusedu.com/login"): Navigate to 'https://sit.siprusedu.com/login' successfully

06-01-2025T10:02:02 - [MESSAGE][PASSED] - Navigate to 'https://sit.siprusedu.com/login' successfully

06-01-2025T10:02:02 - [TEST_STEP][PASSED] - setText(findTestObject("Master Data/Admin Sekolah/Login/Field Email"), "admin.sekolah@gmail.com"): Text 'admin.sekolah@gmail.com' is set on object 'Object Repository/Master Data/Admin Sekolah/Login/Field Email'

06-01-2025T10:02:04 - [MESSAGE][PASSED] - Text 'admin.sekolah@gmail.com' is set on object 'Object Repository/Master Data/Admin Sekolah/Login/Field Email'

06-01-2025T10:02:04 - [TEST_STEP][PASSED] - setText(findTestObject("Master Data/Admin Sekolah/Login/Input Password"), "Test1234"): Text 'Test1234' is set on object 'Object Repository/Master Data/Admin Sekolah/Login/Input Password'

06-01-2025T10:02:05 - [MESSAGE][PASSED] - Text 'Test1234' is set on object 'Object Repository/Master Data/Admin Sekolah/Login/Input Password'

06-01-2025T10:02:05 - [TEST_STEP][PASSED] - click(findTestObject("Master Data/Admin Sekolah/Login/Button Submit")): Object: 'Object Repository/Master Data/Admin Sekolah/Login/Button Submit' is clicked on

06-01-2025T10:02:05 - [MESSAGE][PASSED] - Object: 'Object Repository/Master Data/Admin Sekolah/Login/Button Submit' is clicked on

06-01-2025T10:02:05 - [TEST_STEP][PASSED] - delay(1): Delayed 1 second(s)

06-01-2025T10:02:06 - [MESSAGE][PASSED] - Delayed 1 second(s)

06-01-2025T10:02:06 - [TEST_STEP][PASSED] - click(findTestObject("Master Tagihan/Admin Sekolah/Pembayaran Siswa/Homepage/Menu Tagihan")): Object: 'Object Repository/Master Tagihan/Admin Sekolah/Pembayaran Siswa/Homepage/Menu Tagihan' is clicked on

06-01-2025T10:02:07 - [MESSAGE][PASSED] - Object: 'Object Repository/Master Tagihan/Admin Sekolah/Pembayaran Siswa/Homepage/Menu Tagihan' is clicked on

06-01-2025T10:02:07 - [TEST_STEP][PASSED] - click(findTestObject("Master Tagihan/Admin Sekolah/Pembayaran Siswa/Homepage/Sub-Menu Tagihan Persiswa")): Object: 'Object Repository/Master Tagihan/Admin Sekolah/Pembayaran Siswa/Homepage/Sub-Menu Tagihan Persiswa' is clicked on

06-01-2025T10:02:08 - [MESSAGE][PASSED] - Object: 'Object Repository/Master Tagihan/Admin Sekolah/Pembayaran Siswa/Homepage/Sub-Menu Tagihan Persiswa' is clicked on

06-01-2025T10:02:08 - [TEST_STEP][PASSED] - click(findTestObject("Master Tagihan/Admin Sekolah/Pembayaran Siswa/Homepage/Sub Menu Tagihan Persiswa/Dropdown Unit/Klik Dropdown")): Object: 'Object Repository/Master Tagihan/Admin Sekolah/Pembayaran Siswa/Homepage/Sub Menu Tagihan Persiswa/Dropdown Unit/Klik Dropdown' is clicked on

06-01-2025T10:02:08 - [MESSAGE][PASSED] - Object: 'Object Repository/Master Tagihan/Admin Sekolah/Pembayaran Siswa/Homepage/Sub Menu Tagihan Persiswa/Dropdown Unit/Klik Dropdown' is clicked on

06-01-2025T10:02:08 - [TEST_STEP][PASSED] - click(findTestObject("Master Tagihan/Admin Sekolah/Pembayaran Siswa/Homepage/Sub Menu Tagihan Persiswa/Dropdown Unit/Pilih Value Unit")): Object: 'Object Repository/Master Tagihan/Admin Sekolah/Pembayaran Siswa/Homepage/Sub Menu Tagihan Persiswa/Dropdown Unit/Pilih Value Unit' is clicked on

06-01-2025T10:02:09 - [MESSAGE][PASSED] - Object: 'Object Repository/Master Tagihan/Admin Sekolah/Pembayaran Siswa/Homepage/Sub Menu Tagihan Persiswa/Dropdown Unit/Pilih Value Unit' is clicked on

06-01-2025T10:02:09 - [TEST_STEP][PASSED] - click(findTestObject("Master Tagihan/Admin Sekolah/Pembayaran Siswa/Homepage/Sub Menu Tagihan Persiswa/Dropdown Kelas/Klik Dropdown Kelas")): Object: 'Object Repository/Master Tagihan/Admin Sekolah/Pembayaran Siswa/Homepage/Sub Menu Tagihan Persiswa/Dropdown Kelas/Klik Dropdown Kelas' is clicked on

06-01-2025T10:02:09 - [MESSAGE][PASSED] - Object: 'Object Repository/Master Tagihan/Admin Sekolah/Pembayaran Siswa/Homepage/Sub Menu Tagihan Persiswa/Dropdown Kelas/Klik Dropdown Kelas' is clicked on

06-01-2025T10:02:09 - [TEST_STEP][PASSED] - setText(findTestObject("Master Tagihan/Admin Sekolah/Pembayaran Siswa/Homepage/Sub Menu Tagihan Persiswa/Dropdown Kelas/Klik Field Cari Kelas"), "XI IPA"): Text 'XI IPA' is set on object 'Object Repository/Master Tagihan/Admin Sekolah/Pembayaran Siswa/Homepage/Sub Menu Tagihan Persiswa/Dropdown Kelas/Klik Field Cari Kelas'

06-01-2025T10:02:10 - [MESSAGE][PASSED] - Text 'XI IPA' is set on object 'Object Repository/Master Tagihan/Admin Sekolah/Pembayaran Siswa/Homepage/Sub Menu Tagihan Persiswa/Dropdown Kelas/Klik Field Cari Kelas'

06-01-2025T10:02:10 - [TEST_STEP][PASSED] - click(findTestObject("Master Tagihan/Admin Sekolah/Pembayaran Siswa/Homepage/Sub Menu Tagihan Persiswa/Dropdown Kelas/Pilih Kelas")): Object: 'Object Repository/Master Tagihan/Admin Sekolah/Pembayaran Siswa/Homepage/Sub Menu Tagihan Persiswa/Dropdown Kelas/Pilih Kelas' is clicked on

06-01-2025T10:02:10 - [MESSAGE][PASSED] - Object: 'Object Repository/Master Tagihan/Admin Sekolah/Pembayaran Siswa/Homepage/Sub Menu Tagihan Persiswa/Dropdown Kelas/Pilih Kelas' is clicked on

06-01-2025T10:02:10 - [TEST_STEP][PASSED] - click(findTestObject("Master Tagihan/Admin Sekolah/Pembayaran Siswa/Homepage/Sub Menu Tagihan Persiswa/Filter/Filter By NIS/Klik Dropdown Nama")): Object: 'Object Repository/Master Tagihan/Admin Sekolah/Pembayaran Siswa/Homepage/Sub Menu Tagihan Persiswa/Filter/Filter By NIS/Klik Dropdown Nama' is clicked on

06-01-2025T10:02:11 - [MESSAGE][PASSED] - Object: 'Object Repository/Master Tagihan/Admin Sekolah/Pembayaran Siswa/Homepage/Sub Menu Tagihan Persiswa/Filter/Filter By NIS/Klik Dropdown Nama' is clicked on

06-01-2025T10:02:11 - [TEST_STEP][PASSED] - click(findTestObject("Master Tagihan/Admin Sekolah/Pembayaran Siswa/Homepage/Sub Menu Tagihan Persiswa/Filter/Filter By NIS/Klik NIS")): Object: 'Object Repository/Master Tagihan/Admin Sekolah/Pembayaran Siswa/Homepage/Sub Menu Tagihan Persiswa/Filter/Filter By NIS/Klik NIS' is clicked on

06-01-2025T10:02:11 - [MESSAGE][PASSED] - Object: 'Object Repository/Master Tagihan/Admin Sekolah/Pembayaran Siswa/Homepage/Sub Menu Tagihan Persiswa/Filter/Filter By NIS/Klik NIS' is clicked on

06-01-2025T10:02:11 - [TEST_STEP][PASSED] - setText(findTestObject("Master Tagihan/Admin Sekolah/Pembayaran Siswa/Homepage/Sub Menu Tagihan Persiswa/Field Nama/Klik Field Nama"), "2024"): Text '2024' is set on object 'Object Repository/Master Tagihan/Admin Sekolah/Pembayaran Siswa/Homepage/Sub Menu Tagihan Persiswa/Field Nama/Klik Field Nama'

06-01-2025T10:02:12 - [MESSAGE][PASSED] - Text '2024' is set on object 'Object Repository/Master Tagihan/Admin Sekolah/Pembayaran Siswa/Homepage/Sub Menu Tagihan Persiswa/Field Nama/Klik Field Nama'

06-01-2025T10:02:12 - [TEST_STEP][PASSED] - click(findTestObject("Master Tagihan/Admin Sekolah/Pembayaran Siswa/Homepage/Sub Menu Tagihan Persiswa/Field Nama/Edit Tagihannya")): Object: 'Object Repository/Master Tagihan/Admin Sekolah/Pembayaran Siswa/Homepage/Sub Menu Tagihan Persiswa/Field Nama/Edit Tagihannya' is clicked on

06-01-2025T10:02:13 - [MESSAGE][PASSED] - Object: 'Object Repository/Master Tagihan/Admin Sekolah/Pembayaran Siswa/Homepage/Sub Menu Tagihan Persiswa/Field Nama/Edit Tagihannya' is clicked on

06-01-2025T10:02:13 - [TEST_STEP][PASSED] - click(findTestObject("Master Tagihan/Admin Sekolah/Pembayaran Siswa/Homepage/Sub Menu Tagihan Persiswa/Tombol Terapkan/Klik Tombol Terapkan")): Object: 'Object Repository/Master Tagihan/Admin Sekolah/Pembayaran Siswa/Homepage/Sub Menu Tagihan Persiswa/Tombol Terapkan/Klik Tombol Terapkan' is clicked on

06-01-2025T10:02:14 - [MESSAGE][PASSED] - Object: 'Object Repository/Master Tagihan/Admin Sekolah/Pembayaran Siswa/Homepage/Sub Menu Tagihan Persiswa/Tombol Terapkan/Klik Tombol Terapkan' is clicked on

06-01-2025T10:02:14 - [TEST_STEP][PASSED] - delay(2): Delayed 2 second(s)

06-01-2025T10:02:16 - [MESSAGE][PASSED] - Delayed 2 second(s)

06-01-2025T10:02:16 - [TEST_STEP][PASSED] - click(findTestObject("Master Tagihan/Admin Sekolah/Pembayaran Siswa/Homepage/Sub Menu Tagihan Persiswa/Tri Dots Icon/Klik Tri Dots Icon")): Object: 'Object Repository/Master Tagihan/Admin Sekolah/Pembayaran Siswa/Homepage/Sub Menu Tagihan Persiswa/Tri Dots Icon/Klik Tri Dots Icon' is clicked on

06-01-2025T10:02:16 - [MESSAGE][PASSED] - Object: 'Object Repository/Master Tagihan/Admin Sekolah/Pembayaran Siswa/Homepage/Sub Menu Tagihan Persiswa/Tri Dots Icon/Klik Tri Dots Icon' is clicked on

06-01-2025T10:02:16 - [TEST_STEP][PASSED] - click(findTestObject("Master Tagihan/Admin Sekolah/Pembayaran Siswa/Homepage/Sub Menu Tagihan Persiswa/Tri Dots Icon/Edit Tagihan Persiswa/Klik Edit")): Object: 'Object Repository/Master Tagihan/Admin Sekolah/Pembayaran Siswa/Homepage/Sub Menu Tagihan Persiswa/Tri Dots Icon/Edit Tagihan Persiswa/Klik Edit' is clicked on

06-01-2025T10:02:16 - [MESSAGE][PASSED] - Object: 'Object Repository/Master Tagihan/Admin Sekolah/Pembayaran Siswa/Homepage/Sub Menu Tagihan Persiswa/Tri Dots Icon/Edit Tagihan Persiswa/Klik Edit' is clicked on

06-01-2025T10:02:16 - [TEST_STEP][PASSED] - sendKeys(findTestObject("Master Tagihan/Admin Sekolah/Pembayaran Siswa/Homepage/Sub Menu Tagihan Persiswa/Tri Dots Icon/Edit Tagihan Persiswa/Edit Nama Tagihan"), Keys.chord(CONTROL, "a")): Keys 'CONTROL + a' sent to object: 'Object Repository/Master Tagihan/Admin Sekolah/Pembayaran Siswa/Homepage/Sub Menu Tagihan Persiswa/Tri Dots Icon/Edit Tagihan Persiswa/Edit Nama Tagihan'

06-01-2025T10:02:17 - [MESSAGE][PASSED] - Keys 'CONTROL + a' sent to object: 'Object Repository/Master Tagihan/Admin Sekolah/Pembayaran Siswa/Homepage/Sub Menu Tagihan Persiswa/Tri Dots Icon/Edit Tagihan Persiswa/Edit Nama Tagihan'

06-01-2025T10:02:17 - [TEST_STEP][PASSED] - sendKeys(findTestObject("Master Tagihan/Admin Sekolah/Pembayaran Siswa/Homepage/Sub Menu Tagihan Persiswa/Tri Dots Icon/Edit Tagihan Persiswa/Edit Nama Tagihan"), Keys.chord(BACK_SPACE)): Keys 'BACK_SPACE + ' sent to object: 'Object Repository/Master Tagihan/Admin Sekolah/Pembayaran Siswa/Homepage/Sub Menu Tagihan Persiswa/Tri Dots Icon/Edit Tagihan Persiswa/Edit Nama Tagihan'

06-01-2025T10:02:17 - [MESSAGE][PASSED] - Keys 'BACK_SPACE + ' sent to object: 'Object Repository/Master Tagihan/Admin Sekolah/Pembayaran Siswa/Homepage/Sub Menu Tagihan Persiswa/Tri Dots Icon/Edit Tagihan Persiswa/Edit Nama Tagihan'

06-01-2025T10:02:17 - [TEST_STEP][PASSED] - setText(findTestObject("Master Tagihan/Admin Sekolah/Pembayaran Siswa/Homepage/Sub Menu Tagihan Persiswa/Tri Dots Icon/Edit Tagihan Persiswa/Edit Nama Tagihan"), "tagihan pempek goreng"): Text 'tagihan pempek goreng' is set on object 'Object Repository/Master Tagihan/Admin Sekolah/Pembayaran Siswa/Homepage/Sub Menu Tagihan Persiswa/Tri Dots Icon/Edit Tagihan Persiswa/Edit Nama Tagihan'

06-01-2025T10:02:18 - [MESSAGE][PASSED] - Text 'tagihan pempek goreng' is set on object 'Object Repository/Master Tagihan/Admin Sekolah/Pembayaran Siswa/Homepage/Sub Menu Tagihan Persiswa/Tri Dots Icon/Edit Tagihan Persiswa/Edit Nama Tagihan'

06-01-2025T10:02:18 - [TEST_STEP][PASSED] - click(findTestObject("Master Tagihan/Admin Sekolah/Pembayaran Siswa/Homepage/Sub Menu Tagihan Persiswa/Tri Dots Icon/Edit Tagihan Persiswa/Edit Total Tagihan")): Object: 'Object Repository/Master Tagihan/Admin Sekolah/Pembayaran Siswa/Homepage/Sub Menu Tagihan Persiswa/Tri Dots Icon/Edit Tagihan Persiswa/Edit Total Tagihan' is clicked on

06-01-2025T10:02:18 - [MESSAGE][PASSED] - Object: 'Object Repository/Master Tagihan/Admin Sekolah/Pembayaran Siswa/Homepage/Sub Menu Tagihan Persiswa/Tri Dots Icon/Edit Tagihan Persiswa/Edit Total Tagihan' is clicked on

06-01-2025T10:02:18 - [TEST_STEP][PASSED] - sendKeys(findTestObject("Master Tagihan/Admin Sekolah/Pembayaran Siswa/Homepage/Sub Menu Tagihan Persiswa/Tri Dots Icon/Edit Tagihan Persiswa/Edit Total Tagihan"), Keys.chord(CONTROL, "a")): Keys 'CONTROL + a' sent to object: 'Object Repository/Master Tagihan/Admin Sekolah/Pembayaran Siswa/Homepage/Sub Menu Tagihan Persiswa/Tri Dots Icon/Edit Tagihan Persiswa/Edit Total Tagihan'

06-01-2025T10:02:19 - [MESSAGE][PASSED] - Keys 'CONTROL + a' sent to object: 'Object Repository/Master Tagihan/Admin Sekolah/Pembayaran Siswa/Homepage/Sub Menu Tagihan Persiswa/Tri Dots Icon/Edit Tagihan Persiswa/Edit Total Tagihan'

06-01-2025T10:02:19 - [TEST_STEP][PASSED] - sendKeys(findTestObject("Master Tagihan/Admin Sekolah/Pembayaran Siswa/Homepage/Sub Menu Tagihan Persiswa/Tri Dots Icon/Edit Tagihan Persiswa/Edit Total Tagihan"), Keys.chord(BACK_SPACE)): Keys 'BACK_SPACE + ' sent to object: 'Object Repository/Master Tagihan/Admin Sekolah/Pembayaran Siswa/Homepage/Sub Menu Tagihan Persiswa/Tri Dots Icon/Edit Tagihan Persiswa/Edit Total Tagihan'

06-01-2025T10:02:19 - [MESSAGE][PASSED] - Keys 'BACK_SPACE + ' sent to object: 'Object Repository/Master Tagihan/Admin Sekolah/Pembayaran Siswa/Homepage/Sub Menu Tagihan Persiswa/Tri Dots Icon/Edit Tagihan Persiswa/Edit Total Tagihan'

06-01-2025T10:02:19 - [TEST_STEP][PASSED] - setText(findTestObject("Master Tagihan/Admin Sekolah/Pembayaran Siswa/Homepage/Sub Menu Tagihan Persiswa/Tri Dots Icon/Edit Tagihan Persiswa/Edit Total Tagihan"), randomNumber.toString()): Text '2576153' is set on object 'Object Repository/Master Tagihan/Admin Sekolah/Pembayaran Siswa/Homepage/Sub Menu Tagihan Persiswa/Tri Dots Icon/Edit Tagihan Persiswa/Edit Total Tagihan'

06-01-2025T10:02:19 - [MESSAGE][PASSED] - Text '2576153' is set on object 'Object Repository/Master Tagihan/Admin Sekolah/Pembayaran Siswa/Homepage/Sub Menu Tagihan Persiswa/Tri Dots Icon/Edit Tagihan Persiswa/Edit Total Tagihan'

06-01-2025T10:02:19 - [TEST_STEP][PASSED] - click(findTestObject("Master Tagihan/Admin Sekolah/Pembayaran Siswa/Homepage/Sub Menu Tagihan Persiswa/Tri Dots Icon/Edit Tagihan Persiswa/Tombol Simpan Tagihan/Tombol Simpan")): Object: 'Object Repository/Master Tagihan/Admin Sekolah/Pembayaran Siswa/Homepage/Sub Menu Tagihan Persiswa/Tri Dots Icon/Edit Tagihan Persiswa/Tombol Simpan Tagihan/Tombol Simpan' is clicked on

06-01-2025T10:02:20 - [MESSAGE][PASSED] - Object: 'Object Repository/Master Tagihan/Admin Sekolah/Pembayaran Siswa/Homepage/Sub Menu Tagihan Persiswa/Tri Dots Icon/Edit Tagihan Persiswa/Tombol Simpan Tagihan/Tombol Simpan' is clicked on

06-01-2025T10:02:20 - [TEST_STEP][PASSED] - closeBrowser(): Browser is closed

06-01-2025T10:02:20 - [MESSAGE][PASSED] - Browser is closed

06-01-2025T10:02:20 - [MESSAGE][PASSED] - Call Test Case 'Test Cases/Master Tagihan/Admin Sekolah/Master Tagihan Pembayaran Per Siswa/Edit Tagihan Persiswa' successfully

06-01-2025T10:02:20 - [TEST_STEP][PASSED] - callTestCase(findTestCase("Test Cases/Master Tagihan/Admin Sekolah/Master Tagihan Pembayaran Per Siswa/Delete Tagihan Persiswa"), [:], CONTINUE_ON_FAILURE): Call Test Case 'Test Cases/Master Tagihan/Admin Sekolah/Master Tagihan Pembayaran Per Siswa/Delete Tagihan Persiswa' successfully

06-01-2025T10:02:20 - [TEST_CASE][PASSED] - Test Cases/Master Tagihan/Admin Sekolah/Master Tagihan Pembayaran Per Siswa/Delete Tagihan Persiswa: Test Cases/Master Tagihan/Admin Sekolah/Master Tagihan Pembayaran Per Siswa/Delete Tagihan Persiswa

06-01-2025T10:02:20 - [TEST_STEP][PASSED] - openBrowser(""): Browser is opened with url: ''

06-01-2025T10:02:20 - [MESSAGE][INFO] - Starting 'Chrome' driver

06-01-2025T10:02:20 - [MESSAGE][INFO] - Action delay is set to 0 milliseconds

06-01-2025T10:02:21 - [MESSAGE][PASSED] - Browser is opened with url: ''

06-01-2025T10:02:21 - [TEST_STEP][PASSED] - navigateToUrl("https://sit.siprusedu.com/login"): Navigate to 'https://sit.siprusedu.com/login' successfully

06-01-2025T10:02:21 - [MESSAGE][PASSED] - Navigate to 'https://sit.siprusedu.com/login' successfully

06-01-2025T10:02:21 - [TEST_STEP][PASSED] - click(findTestObject("Master Data/Admin Sekolah/Login/Field Email")): Object: 'Object Repository/Master Data/Admin Sekolah/Login/Field Email' is clicked on

06-01-2025T10:02:23 - [MESSAGE][PASSED] - Object: 'Object Repository/Master Data/Admin Sekolah/Login/Field Email' is clicked on

06-01-2025T10:02:23 - [TEST_STEP][PASSED] - setText(findTestObject("Master Data/Admin Sekolah/Login/Field Email"), "admin.sekolah@gmail.com"): Text 'admin.sekolah@gmail.com' is set on object 'Object Repository/Master Data/Admin Sekolah/Login/Field Email'

06-01-2025T10:02:23 - [MESSAGE][PASSED] - Text 'admin.sekolah@gmail.com' is set on object 'Object Repository/Master Data/Admin Sekolah/Login/Field Email'

06-01-2025T10:02:23 - [TEST_STEP][PASSED] - delay(1): Delayed 1 second(s)

06-01-2025T10:02:24 - [MESSAGE][PASSED] - Delayed 1 second(s)

06-01-2025T10:02:24 - [TEST_STEP][PASSED] - click(findTestObject("Master Data/Admin Sekolah/Login/Input Password")): Object: 'Object Repository/Master Data/Admin Sekolah/Login/Input Password' is clicked on

06-01-2025T10:02:25 - [MESSAGE][PASSED] - Object: 'Object Repository/Master Data/Admin Sekolah/Login/Input Password' is clicked on

06-01-2025T10:02:25 - [TEST_STEP][PASSED] - setText(findTestObject("Master Data/Admin Sekolah/Login/Input Password"), "Test1234"): Text 'Test1234' is set on object 'Object Repository/Master Data/Admin Sekolah/Login/Input Password'

06-01-2025T10:02:25 - [MESSAGE][PASSED] - Text 'Test1234' is set on object 'Object Repository/Master Data/Admin Sekolah/Login/Input Password'

06-01-2025T10:02:25 - [TEST_STEP][PASSED] - delay(1): Delayed 1 second(s)

06-01-2025T10:02:26 - [MESSAGE][PASSED] - Delayed 1 second(s)

06-01-2025T10:02:26 - [TEST_STEP][PASSED] - click(findTestObject("Master Data/Admin Sekolah/Login/Button Submit")): Object: 'Object Repository/Master Data/Admin Sekolah/Login/Button Submit' is clicked on

06-01-2025T10:02:27 - [MESSAGE][PASSED] - Object: 'Object Repository/Master Data/Admin Sekolah/Login/Button Submit' is clicked on

06-01-2025T10:02:27 - [TEST_STEP][PASSED] - delay(1): Delayed 1 second(s)

06-01-2025T10:02:28 - [MESSAGE][PASSED] - Delayed 1 second(s)

06-01-2025T10:02:28 - [TEST_STEP][PASSED] - click(findTestObject("Master Tagihan/Admin Sekolah/Pembayaran Siswa/Homepage/Menu Tagihan")): Object: 'Object Repository/Master Tagihan/Admin Sekolah/Pembayaran Siswa/Homepage/Menu Tagihan' is clicked on

06-01-2025T10:02:29 - [MESSAGE][PASSED] - Object: 'Object Repository/Master Tagihan/Admin Sekolah/Pembayaran Siswa/Homepage/Menu Tagihan' is clicked on

06-01-2025T10:02:29 - [TEST_STEP][PASSED] - delay(1): Delayed 1 second(s)

06-01-2025T10:02:30 - [MESSAGE][PASSED] - Delayed 1 second(s)

06-01-2025T10:02:30 - [TEST_STEP][PASSED] - click(findTestObject("Master Tagihan/Admin Sekolah/Pembayaran Siswa/Homepage/Sub-Menu Tagihan Persiswa")): Object: 'Object Repository/Master Tagihan/Admin Sekolah/Pembayaran Siswa/Homepage/Sub-Menu Tagihan Persiswa' is clicked on

06-01-2025T10:02:30 - [MESSAGE][PASSED] - Object: 'Object Repository/Master Tagihan/Admin Sekolah/Pembayaran Siswa/Homepage/Sub-Menu Tagihan Persiswa' is clicked on

06-01-2025T10:02:30 - [TEST_STEP][PASSED] - delay(1): Delayed 1 second(s)

06-01-2025T10:02:31 - [MESSAGE][PASSED] - Delayed 1 second(s)

06-01-2025T10:02:31 - [TEST_STEP][PASSED] - click(findTestObject("Master Tagihan/Admin Sekolah/Pembayaran Siswa/Homepage/Sub Menu Tagihan Persiswa/Dropdown Unit/Klik Dropdown")): Object: 'Object Repository/Master Tagihan/Admin Sekolah/Pembayaran Siswa/Homepage/Sub Menu Tagihan Persiswa/Dropdown Unit/Klik Dropdown' is clicked on

06-01-2025T10:02:31 - [MESSAGE][PASSED] - Object: 'Object Repository/Master Tagihan/Admin Sekolah/Pembayaran Siswa/Homepage/Sub Menu Tagihan Persiswa/Dropdown Unit/Klik Dropdown' is clicked on

06-01-2025T10:02:31 - [TEST_STEP][PASSED] - delay(1): Delayed 1 second(s)

06-01-2025T10:02:32 - [MESSAGE][PASSED] - Delayed 1 second(s)

06-01-2025T10:02:32 - [TEST_STEP][PASSED] - click(findTestObject("Master Tagihan/Admin Sekolah/Pembayaran Siswa/Homepage/Sub Menu Tagihan Persiswa/Dropdown Unit/Pilih Value Unit")): Object: 'Object Repository/Master Tagihan/Admin Sekolah/Pembayaran Siswa/Homepage/Sub Menu Tagihan Persiswa/Dropdown Unit/Pilih Value Unit' is clicked on

06-01-2025T10:02:33 - [MESSAGE][PASSED] - Object: 'Object Repository/Master Tagihan/Admin Sekolah/Pembayaran Siswa/Homepage/Sub Menu Tagihan Persiswa/Dropdown Unit/Pilih Value Unit' is clicked on

06-01-2025T10:02:33 - [TEST_STEP][PASSED] - delay(1): Delayed 1 second(s)

06-01-2025T10:02:34 - [MESSAGE][PASSED] - Delayed 1 second(s)

06-01-2025T10:02:34 - [TEST_STEP][PASSED] - click(findTestObject("Master Tagihan/Admin Sekolah/Pembayaran Siswa/Homepage/Sub Menu Tagihan Persiswa/Dropdown Kelas/Klik Dropdown Kelas")): Object: 'Object Repository/Master Tagihan/Admin Sekolah/Pembayaran Siswa/Homepage/Sub Menu Tagihan Persiswa/Dropdown Kelas/Klik Dropdown Kelas' is clicked on

06-01-2025T10:02:34 - [MESSAGE][PASSED] - Object: 'Object Repository/Master Tagihan/Admin Sekolah/Pembayaran Siswa/Homepage/Sub Menu Tagihan Persiswa/Dropdown Kelas/Klik Dropdown Kelas' is clicked on

06-01-2025T10:02:34 - [TEST_STEP][PASSED] - delay(1): Delayed 1 second(s)

06-01-2025T10:02:35 - [MESSAGE][PASSED] - Delayed 1 second(s)

06-01-2025T10:02:35 - [TEST_STEP][PASSED] - click(findTestObject("Master Tagihan/Admin Sekolah/Pembayaran Siswa/Homepage/Sub Menu Tagihan Persiswa/Dropdown Kelas/Klik Field Cari Kelas")): Object: 'Object Repository/Master Tagihan/Admin Sekolah/Pembayaran Siswa/Homepage/Sub Menu Tagihan Persiswa/Dropdown Kelas/Klik Field Cari Kelas' is clicked on

06-01-2025T10:02:35 - [MESSAGE][PASSED] - Object: 'Object Repository/Master Tagihan/Admin Sekolah/Pembayaran Siswa/Homepage/Sub Menu Tagihan Persiswa/Dropdown Kelas/Klik Field Cari Kelas' is clicked on

06-01-2025T10:02:35 - [TEST_STEP][PASSED] - delay(1): Delayed 1 second(s)

06-01-2025T10:02:36 - [MESSAGE][PASSED] - Delayed 1 second(s)

06-01-2025T10:02:36 - [TEST_STEP][PASSED] - setText(findTestObject("Master Tagihan/Admin Sekolah/Pembayaran Siswa/Homepage/Sub Menu Tagihan Persiswa/Dropdown Kelas/Klik Field Cari Kelas"), "XI IPA"): Text 'XI IPA' is set on object 'Object Repository/Master Tagihan/Admin Sekolah/Pembayaran Siswa/Homepage/Sub Menu Tagihan Persiswa/Dropdown Kelas/Klik Field Cari Kelas'

06-01-2025T10:02:37 - [MESSAGE][PASSED] - Text 'XI IPA' is set on object 'Object Repository/Master Tagihan/Admin Sekolah/Pembayaran Siswa/Homepage/Sub Menu Tagihan Persiswa/Dropdown Kelas/Klik Field Cari Kelas'

06-01-2025T10:02:37 - [TEST_STEP][PASSED] - click(findTestObject("Master Tagihan/Admin Sekolah/Pembayaran Siswa/Homepage/Sub Menu Tagihan Persiswa/Dropdown Kelas/Pilih Kelas")): Object: 'Object Repository/Master Tagihan/Admin Sekolah/Pembayaran Siswa/Homepage/Sub Menu Tagihan Persiswa/Dropdown Kelas/Pilih Kelas' is clicked on

06-01-2025T10:02:37 - [MESSAGE][PASSED] - Object: 'Object Repository/Master Tagihan/Admin Sekolah/Pembayaran Siswa/Homepage/Sub Menu Tagihan Persiswa/Dropdown Kelas/Pilih Kelas' is clicked on

06-01-2025T10:02:37 - [TEST_STEP][PASSED] - delay(1): Delayed 1 second(s)

06-01-2025T10:02:38 - [MESSAGE][PASSED] - Delayed 1 second(s)

06-01-2025T10:02:38 - [TEST_STEP][PASSED] - click(findTestObject("Master Tagihan/Admin Sekolah/Pembayaran Siswa/Homepage/Sub Menu Tagihan Persiswa/Filter/Filter By NIS/Klik Dropdown Nama")): Object: 'Object Repository/Master Tagihan/Admin Sekolah/Pembayaran Siswa/Homepage/Sub Menu Tagihan Persiswa/Filter/Filter By NIS/Klik Dropdown Nama' is clicked on

06-01-2025T10:02:38 - [MESSAGE][PASSED] - Object: 'Object Repository/Master Tagihan/Admin Sekolah/Pembayaran Siswa/Homepage/Sub Menu Tagihan Persiswa/Filter/Filter By NIS/Klik Dropdown Nama' is clicked on

06-01-2025T10:02:38 - [TEST_STEP][PASSED] - click(findTestObject("Master Tagihan/Admin Sekolah/Pembayaran Siswa/Homepage/Sub Menu Tagihan Persiswa/Filter/Filter By NIS/Klik NIS")): Object: 'Object Repository/Master Tagihan/Admin Sekolah/Pembayaran Siswa/Homepage/Sub Menu Tagihan Persiswa/Filter/Filter By NIS/Klik NIS' is clicked on

06-01-2025T10:02:39 - [MESSAGE][PASSED] - Object: 'Object Repository/Master Tagihan/Admin Sekolah/Pembayaran Siswa/Homepage/Sub Menu Tagihan Persiswa/Filter/Filter By NIS/Klik NIS' is clicked on

06-01-2025T10:02:39 - [TEST_STEP][PASSED] - delay(1): Delayed 1 second(s)

06-01-2025T10:02:40 - [MESSAGE][PASSED] - Delayed 1 second(s)

06-01-2025T10:02:40 - [TEST_STEP][PASSED] - click(findTestObject("Master Tagihan/Admin Sekolah/Pembayaran Siswa/Homepage/Sub Menu Tagihan Persiswa/Field Nama/Klik Field Nama")): Object: 'Object Repository/Master Tagihan/Admin Sekolah/Pembayaran Siswa/Homepage/Sub Menu Tagihan Persiswa/Field Nama/Klik Field Nama' is clicked on

06-01-2025T10:02:40 - [MESSAGE][PASSED] - Object: 'Object Repository/Master Tagihan/Admin Sekolah/Pembayaran Siswa/Homepage/Sub Menu Tagihan Persiswa/Field Nama/Klik Field Nama' is clicked on

06-01-2025T10:02:40 - [TEST_STEP][PASSED] - setText(findTestObject("Master Tagihan/Admin Sekolah/Pembayaran Siswa/Homepage/Sub Menu Tagihan Persiswa/Field Nama/Klik Field Nama"), "2024"): Text '2024' is set on object 'Object Repository/Master Tagihan/Admin Sekolah/Pembayaran Siswa/Homepage/Sub Menu Tagihan Persiswa/Field Nama/Klik Field Nama'

06-01-2025T10:02:41 - [MESSAGE][PASSED] - Text '2024' is set on object 'Object Repository/Master Tagihan/Admin Sekolah/Pembayaran Siswa/Homepage/Sub Menu Tagihan Persiswa/Field Nama/Klik Field Nama'

06-01-2025T10:02:41 - [TEST_STEP][PASSED] - click(findTestObject("Master Tagihan/Admin Sekolah/Pembayaran Siswa/Homepage/Sub Menu Tagihan Persiswa/Filter/Filter By NIS/Pilih Value NIS")): Object: 'Object Repository/Master Tagihan/Admin Sekolah/Pembayaran Siswa/Homepage/Sub Menu Tagihan Persiswa/Filter/Filter By NIS/Pilih Value NIS' is clicked on

06-01-2025T10:02:42 - [MESSAGE][PASSED] - Object: 'Object Repository/Master Tagihan/Admin Sekolah/Pembayaran Siswa/Homepage/Sub Menu Tagihan Persiswa/Filter/Filter By NIS/Pilih Value NIS' is clicked on

06-01-2025T10:02:42 - [TEST_STEP][PASSED] - delay(1): Delayed 1 second(s)

06-01-2025T10:02:43 - [MESSAGE][PASSED] - Delayed 1 second(s)

06-01-2025T10:02:43 - [TEST_STEP][PASSED] - click(findTestObject("Master Tagihan/Admin Sekolah/Pembayaran Siswa/Homepage/Sub Menu Tagihan Persiswa/Tombol Terapkan/Klik Tombol Terapkan")): Object: 'Object Repository/Master Tagihan/Admin Sekolah/Pembayaran Siswa/Homepage/Sub Menu Tagihan Persiswa/Tombol Terapkan/Klik Tombol Terapkan' is clicked on

06-01-2025T10:02:44 - [MESSAGE][PASSED] - Object: 'Object Repository/Master Tagihan/Admin Sekolah/Pembayaran Siswa/Homepage/Sub Menu Tagihan Persiswa/Tombol Terapkan/Klik Tombol Terapkan' is clicked on

06-01-2025T10:02:44 - [TEST_STEP][PASSED] - delay(1): Delayed 1 second(s)

06-01-2025T10:02:45 - [MESSAGE][PASSED] - Delayed 1 second(s)

06-01-2025T10:02:45 - [TEST_STEP][PASSED] - click(findTestObject("Master Tagihan/Admin Sekolah/Pembayaran Siswa/Homepage/Sub Menu Tagihan Persiswa/Tri Dots Icon/Hapus Tagihan PerSiswa/Tridots Untuk Hapus")): Object: 'Object Repository/Master Tagihan/Admin Sekolah/Pembayaran Siswa/Homepage/Sub Menu Tagihan Persiswa/Tri Dots Icon/Hapus Tagihan PerSiswa/Tridots Untuk Hapus' is clicked on

06-01-2025T10:02:45 - [MESSAGE][PASSED] - Object: 'Object Repository/Master Tagihan/Admin Sekolah/Pembayaran Siswa/Homepage/Sub Menu Tagihan Persiswa/Tri Dots Icon/Hapus Tagihan PerSiswa/Tridots Untuk Hapus' is clicked on

06-01-2025T10:02:45 - [TEST_STEP][PASSED] - click(findTestObject("Master Tagihan/Admin Sekolah/Pembayaran Siswa/Homepage/Sub Menu Tagihan Persiswa/Tri Dots Icon/Hapus Tagihan PerSiswa/Option Hapus")): Object: 'Object Repository/Master Tagihan/Admin Sekolah/Pembayaran Siswa/Homepage/Sub Menu Tagihan Persiswa/Tri Dots Icon/Hapus Tagihan PerSiswa/Option Hapus' is clicked on

06-01-2025T10:02:46 - [MESSAGE][PASSED] - Object: 'Object Repository/Master Tagihan/Admin Sekolah/Pembayaran Siswa/Homepage/Sub Menu Tagihan Persiswa/Tri Dots Icon/Hapus Tagihan PerSiswa/Option Hapus' is clicked on

06-01-2025T10:02:46 - [TEST_STEP][PASSED] - click(findTestObject("Master Tagihan/Admin Sekolah/Pembayaran Siswa/Homepage/Sub Menu Tagihan Persiswa/Tri Dots Icon/Hapus Tagihan PerSiswa/Hapus Data")): Object: 'Object Repository/Master Tagihan/Admin Sekolah/Pembayaran Siswa/Homepage/Sub Menu Tagihan Persiswa/Tri Dots Icon/Hapus Tagihan PerSiswa/Hapus Data' is clicked on

06-01-2025T10:02:46 - [MESSAGE][PASSED] - Object: 'Object Repository/Master Tagihan/Admin Sekolah/Pembayaran Siswa/Homepage/Sub Menu Tagihan Persiswa/Tri Dots Icon/Hapus Tagihan PerSiswa/Hapus Data' is clicked on

06-01-2025T10:02:46 - [TEST_STEP][PASSED] - closeBrowser(): Browser is closed

06-01-2025T10:02:46 - [MESSAGE][PASSED] - Browser is closed

06-01-2025T10:02:46 - [MESSAGE][PASSED] - Call Test Case 'Test Cases/Master Tagihan/Admin Sekolah/Master Tagihan Pembayaran Per Siswa/Delete Tagihan Persiswa' successfully

06-01-2025T10:02:46 - [TEST_STEP][PASSED] - println("============================= Loop Again ==============================="): null

06-01-2025T10:02:46 - [TEST_STEP][PASSED] - callTestCase(findTestCase("Test Cases/Master Tagihan/Admin Sekolah/Master Tagihan Pembayaran Per Siswa/Sorting Table Tagihan Persiswa"), [:], CONTINUE_ON_FAILURE): Call Test Case 'Test Cases/Master Tagihan/Admin Sekolah/Master Tagihan Pembayaran Per Siswa/Sorting Table Tagihan Persiswa' successfully

06-01-2025T10:02:46 - [TEST_CASE][PASSED] - Test Cases/Master Tagihan/Admin Sekolah/Master Tagihan Pembayaran Per Siswa/Sorting Table Tagihan Persiswa: Test Cases/Master Tagihan/Admin Sekolah/Master Tagihan Pembayaran Per Siswa/Sorting Table Tagihan Persiswa

06-01-2025T10:02:46 - [TEST_STEP][PASSED] - openBrowser(""): Browser is opened with url: ''

06-01-2025T10:02:46 - [MESSAGE][INFO] - Starting 'Chrome' driver

06-01-2025T10:02:46 - [MESSAGE][INFO] - Action delay is set to 0 milliseconds

06-01-2025T10:02:47 - [MESSAGE][PASSED] - Browser is opened with url: ''

06-01-2025T10:02:47 - [TEST_STEP][PASSED] - navigateToUrl("https://sit.siprusedu.com/login"): Navigate to 'https://sit.siprusedu.com/login' successfully

06-01-2025T10:02:48 - [MESSAGE][PASSED] - Navigate to 'https://sit.siprusedu.com/login' successfully

06-01-2025T10:02:48 - [TEST_STEP][PASSED] - click(findTestObject("Master Data/Admin Sekolah/Login/Field Email")): Object: 'Object Repository/Master Data/Admin Sekolah/Login/Field Email' is clicked on

06-01-2025T10:02:49 - [MESSAGE][PASSED] - Object: 'Object Repository/Master Data/Admin Sekolah/Login/Field Email' is clicked on

06-01-2025T10:02:49 - [TEST_STEP][PASSED] - setText(findTestObject("Master Data/Admin Sekolah/Login/Field Email"), "admin.gudangsolusi@digiform.co.id"): Text 'admin.gudangsolusi@digiform.co.id' is set on object 'Object Repository/Master Data/Admin Sekolah/Login/Field Email'

06-01-2025T10:02:50 - [MESSAGE][PASSED] - Text 'admin.gudangsolusi@digiform.co.id' is set on object 'Object Repository/Master Data/Admin Sekolah/Login/Field Email'

06-01-2025T10:02:50 - [TEST_STEP][PASSED] - delay(1): Delayed 1 second(s)

06-01-2025T10:02:51 - [MESSAGE][PASSED] - Delayed 1 second(s)

06-01-2025T10:02:51 - [TEST_STEP][PASSED] - click(findTestObject("Master Data/Admin Sekolah/Login/Input Password")): Object: 'Object Repository/Master Data/Admin Sekolah/Login/Input Password' is clicked on

06-01-2025T10:02:51 - [MESSAGE][PASSED] - Object: 'Object Repository/Master Data/Admin Sekolah/Login/Input Password' is clicked on

06-01-2025T10:02:51 - [TEST_STEP][PASSED] - setText(findTestObject("Master Data/Admin Sekolah/Login/Input Password"), "Test1234"): Text 'Test1234' is set on object 'Object Repository/Master Data/Admin Sekolah/Login/Input Password'

06-01-2025T10:02:52 - [MESSAGE][PASSED] - Text 'Test1234' is set on object 'Object Repository/Master Data/Admin Sekolah/Login/Input Password'

06-01-2025T10:02:52 - [TEST_STEP][PASSED] - delay(1): Delayed 1 second(s)

06-01-2025T10:02:53 - [MESSAGE][PASSED] - Delayed 1 second(s)

06-01-2025T10:02:53 - [TEST_STEP][PASSED] - click(findTestObject("Master Data/Admin Sekolah/Login/Button Submit")): Object: 'Object Repository/Master Data/Admin Sekolah/Login/Button Submit' is clicked on

06-01-2025T10:02:53 - [MESSAGE][PASSED] - Object: 'Object Repository/Master Data/Admin Sekolah/Login/Button Submit' is clicked on

06-01-2025T10:02:53 - [TEST_STEP][PASSED] - delay(1): Delayed 1 second(s)

06-01-2025T10:02:54 - [MESSAGE][PASSED] - Delayed 1 second(s)

06-01-2025T10:02:54 - [TEST_STEP][PASSED] - click(findTestObject("Master Tagihan/Admin Sekolah/Pembayaran Siswa/Homepage/Menu Tagihan")): Object: 'Object Repository/Master Tagihan/Admin Sekolah/Pembayaran Siswa/Homepage/Menu Tagihan' is clicked on

06-01-2025T10:02:55 - [MESSAGE][PASSED] - Object: 'Object Repository/Master Tagihan/Admin Sekolah/Pembayaran Siswa/Homepage/Menu Tagihan' is clicked on

06-01-2025T10:02:55 - [TEST_STEP][PASSED] - delay(1): Delayed 1 second(s)

06-01-2025T10:02:56 - [MESSAGE][PASSED] - Delayed 1 second(s)

06-01-2025T10:02:56 - [TEST_STEP][PASSED] - click(findTestObject("Master Tagihan/Admin Sekolah/Pembayaran Siswa/Homepage/Sub-Menu Tagihan Persiswa")): Object: 'Object Repository/Master Tagihan/Admin Sekolah/Pembayaran Siswa/Homepage/Sub-Menu Tagihan Persiswa' is clicked on

06-01-2025T10:02:56 - [MESSAGE][PASSED] - Object: 'Object Repository/Master Tagihan/Admin Sekolah/Pembayaran Siswa/Homepage/Sub-Menu Tagihan Persiswa' is clicked on

06-01-2025T10:02:56 - [TEST_STEP][PASSED] - delay(1): Delayed 1 second(s)

06-01-2025T10:02:57 - [MESSAGE][PASSED] - Delayed 1 second(s)

06-01-2025T10:02:57 - [TEST_STEP][PASSED] - click(findTestObject("Master Tagihan/Admin Sekolah/Pembayaran Siswa/Homepage/Sub Menu Tagihan Persiswa/Dropdown Unit/Klik Dropdown")): Object: 'Object Repository/Master Tagihan/Admin Sekolah/Pembayaran Siswa/Homepage/Sub Menu Tagihan Persiswa/Dropdown Unit/Klik Dropdown' is clicked on

06-01-2025T10:02:57 - [MESSAGE][PASSED] - Object: 'Object Repository/Master Tagihan/Admin Sekolah/Pembayaran Siswa/Homepage/Sub Menu Tagihan Persiswa/Dropdown Unit/Klik Dropdown' is clicked on

06-01-2025T10:02:57 - [TEST_STEP][PASSED] - delay(1): Delayed 1 second(s)

06-01-2025T10:02:58 - [MESSAGE][PASSED] - Delayed 1 second(s)

06-01-2025T10:02:58 - [TEST_STEP][PASSED] - click(findTestObject("Master Tagihan/Admin Sekolah/Pembayaran Siswa/Homepage/Sub Menu Tagihan Persiswa/Dropdown Unit/Pilih Value Unit")): Object: 'Object Repository/Master Tagihan/Admin Sekolah/Pembayaran Siswa/Homepage/Sub Menu Tagihan Persiswa/Dropdown Unit/Pilih Value Unit' is clicked on

06-01-2025T10:02:59 - [MESSAGE][PASSED] - Object: 'Object Repository/Master Tagihan/Admin Sekolah/Pembayaran Siswa/Homepage/Sub Menu Tagihan Persiswa/Dropdown Unit/Pilih Value Unit' is clicked on

06-01-2025T10:02:59 - [TEST_STEP][PASSED] - delay(1): Delayed 1 second(s)

06-01-2025T10:03:00 - [MESSAGE][PASSED] - Delayed 1 second(s)

06-01-2025T10:03:00 - [TEST_STEP][PASSED] - click(findTestObject("Master Tagihan/Admin Sekolah/Pembayaran Siswa/Homepage/Sub Menu Tagihan Persiswa/Dropdown Kelas/Klik Dropdown Kelas")): Object: 'Object Repository/Master Tagihan/Admin Sekolah/Pembayaran Siswa/Homepage/Sub Menu Tagihan Persiswa/Dropdown Kelas/Klik Dropdown Kelas' is clicked on

06-01-2025T10:03:00 - [MESSAGE][PASSED] - Object: 'Object Repository/Master Tagihan/Admin Sekolah/Pembayaran Siswa/Homepage/Sub Menu Tagihan Persiswa/Dropdown Kelas/Klik Dropdown Kelas' is clicked on

06-01-2025T10:03:00 - [TEST_STEP][PASSED] - delay(1): Delayed 1 second(s)

06-01-2025T10:03:01 - [MESSAGE][PASSED] - Delayed 1 second(s)

06-01-2025T10:03:01 - [TEST_STEP][PASSED] - click(findTestObject("Master Tagihan/Admin Sekolah/Pembayaran Siswa/Homepage/Sub Menu Tagihan Persiswa/Dropdown Kelas/Klik Field Cari Kelas")): Object: 'Object Repository/Master Tagihan/Admin Sekolah/Pembayaran Siswa/Homepage/Sub Menu Tagihan Persiswa/Dropdown Kelas/Klik Field Cari Kelas' is clicked on

06-01-2025T10:03:01 - [MESSAGE][PASSED] - Object: 'Object Repository/Master Tagihan/Admin Sekolah/Pembayaran Siswa/Homepage/Sub Menu Tagihan Persiswa/Dropdown Kelas/Klik Field Cari Kelas' is clicked on

06-01-2025T10:03:01 - [TEST_STEP][PASSED] - delay(1): Delayed 1 second(s)

06-01-2025T10:03:02 - [MESSAGE][PASSED] - Delayed 1 second(s)

06-01-2025T10:03:02 - [TEST_STEP][PASSED] - setText(findTestObject("Master Tagihan/Admin Sekolah/Pembayaran Siswa/Homepage/Sub Menu Tagihan Persiswa/Dropdown Kelas/Klik Field Cari Kelas"), "XI IPA Biologi 2"): Text 'XI IPA Biologi 2' is set on object 'Object Repository/Master Tagihan/Admin Sekolah/Pembayaran Siswa/Homepage/Sub Menu Tagihan Persiswa/Dropdown Kelas/Klik Field Cari Kelas'

06-01-2025T10:03:03 - [MESSAGE][PASSED] - Text 'XI IPA Biologi 2' is set on object 'Object Repository/Master Tagihan/Admin Sekolah/Pembayaran Siswa/Homepage/Sub Menu Tagihan Persiswa/Dropdown Kelas/Klik Field Cari Kelas'

06-01-2025T10:03:03 - [TEST_STEP][PASSED] - click(findTestObject("Master Tagihan/Admin Sekolah/Pembayaran Siswa/Homepage/Sub Menu Tagihan Persiswa/Dropdown Kelas/Pilih Kelas")): Object: 'Object Repository/Master Tagihan/Admin Sekolah/Pembayaran Siswa/Homepage/Sub Menu Tagihan Persiswa/Dropdown Kelas/Pilih Kelas' is clicked on

06-01-2025T10:03:03 - [MESSAGE][PASSED] - Object: 'Object Repository/Master Tagihan/Admin Sekolah/Pembayaran Siswa/Homepage/Sub Menu Tagihan Persiswa/Dropdown Kelas/Pilih Kelas' is clicked on

06-01-2025T10:03:03 - [TEST_STEP][PASSED] - setText(findTestObject("Master Tagihan/Admin Sekolah/Pembayaran Siswa/Homepage/Sub Menu Tagihan Persiswa/Field Nama/Klik Field Nama"), "Dilan"): Text 'Dilan' is set on object 'Object Repository/Master Tagihan/Admin Sekolah/Pembayaran Siswa/Homepage/Sub Menu Tagihan Persiswa/Field Nama/Klik Field Nama'

06-01-2025T10:03:04 - [MESSAGE][PASSED] - Text 'Dilan' is set on object 'Object Repository/Master Tagihan/Admin Sekolah/Pembayaran Siswa/Homepage/Sub Menu Tagihan Persiswa/Field Nama/Klik Field Nama'

06-01-2025T10:03:04 - [TEST_STEP][PASSED] - click(findTestObject("Master Tagihan/Admin Sekolah/Pembayaran Siswa/Homepage/Sub Menu Tagihan Persiswa/Field Nama/Klik Hasil Cari Siswa")): Object: 'Object Repository/Master Tagihan/Admin Sekolah/Pembayaran Siswa/Homepage/Sub Menu Tagihan Persiswa/Field Nama/Klik Hasil Cari Siswa' is clicked on

06-01-2025T10:03:05 - [MESSAGE][PASSED] - Object: 'Object Repository/Master Tagihan/Admin Sekolah/Pembayaran Siswa/Homepage/Sub Menu Tagihan Persiswa/Field Nama/Klik Hasil Cari Siswa' is clicked on

06-01-2025T10:03:05 - [TEST_STEP][PASSED] - click(findTestObject("Master Tagihan/Admin Sekolah/Pembayaran Siswa/Homepage/Sub Menu Tagihan Persiswa/Tombol Terapkan/Klik Tombol Terapkan")): Object: 'Object Repository/Master Tagihan/Admin Sekolah/Pembayaran Siswa/Homepage/Sub Menu Tagihan Persiswa/Tombol Terapkan/Klik Tombol Terapkan' is clicked on

06-01-2025T10:03:06 - [MESSAGE][PASSED] - Object: 'Object Repository/Master Tagihan/Admin Sekolah/Pembayaran Siswa/Homepage/Sub Menu Tagihan Persiswa/Tombol Terapkan/Klik Tombol Terapkan' is clicked on

06-01-2025T10:03:06 - [TEST_STEP][PASSED] - delay(1): Delayed 1 second(s)

06-01-2025T10:03:07 - [MESSAGE][PASSED] - Delayed 1 second(s)

06-01-2025T10:03:07 - [TEST_STEP][PASSED] - click(findTestObject("Master Tagihan/Admin Sekolah/Pembayaran Siswa/Homepage/Sub Menu Tagihan Persiswa/Filter/Filter By Nama tagihan")): Object: 'Object Repository/Master Tagihan/Admin Sekolah/Pembayaran Siswa/Homepage/Sub Menu Tagihan Persiswa/Filter/Filter By Nama tagihan' is clicked on

06-01-2025T10:03:07 - [MESSAGE][PASSED] - Object: 'Object Repository/Master Tagihan/Admin Sekolah/Pembayaran Siswa/Homepage/Sub Menu Tagihan Persiswa/Filter/Filter By Nama tagihan' is clicked on

06-01-2025T10:03:07 - [TEST_STEP][PASSED] - click(findTestObject("Master Tagihan/Admin Sekolah/Pembayaran Siswa/Homepage/Sub Menu Tagihan Persiswa/Filter/Filter By Nama tagihan")): Object: 'Object Repository/Master Tagihan/Admin Sekolah/Pembayaran Siswa/Homepage/Sub Menu Tagihan Persiswa/Filter/Filter By Nama tagihan' is clicked on

06-01-2025T10:03:08 - [MESSAGE][PASSED] - Object: 'Object Repository/Master Tagihan/Admin Sekolah/Pembayaran Siswa/Homepage/Sub Menu Tagihan Persiswa/Filter/Filter By Nama tagihan' is clicked on

06-01-2025T10:03:08 - [TEST_STEP][PASSED] - delay(1): Delayed 1 second(s)

06-01-2025T10:03:09 - [MESSAGE][PASSED] - Delayed 1 second(s)

06-01-2025T10:03:09 - [TEST_STEP][PASSED] - click(findTestObject("Master Tagihan/Admin Sekolah/Pembayaran Siswa/Homepage/Sub Menu Tagihan Persiswa/Filter/Filter By Tipe Tagihan")): Object: 'Object Repository/Master Tagihan/Admin Sekolah/Pembayaran Siswa/Homepage/Sub Menu Tagihan Persiswa/Filter/Filter By Tipe Tagihan' is clicked on

06-01-2025T10:03:09 - [MESSAGE][PASSED] - Object: 'Object Repository/Master Tagihan/Admin Sekolah/Pembayaran Siswa/Homepage/Sub Menu Tagihan Persiswa/Filter/Filter By Tipe Tagihan' is clicked on

06-01-2025T10:03:09 - [TEST_STEP][PASSED] - click(findTestObject("Master Tagihan/Admin Sekolah/Pembayaran Siswa/Homepage/Sub Menu Tagihan Persiswa/Filter/Filter By Tipe Tagihan")): Object: 'Object Repository/Master Tagihan/Admin Sekolah/Pembayaran Siswa/Homepage/Sub Menu Tagihan Persiswa/Filter/Filter By Tipe Tagihan' is clicked on

06-01-2025T10:03:10 - [MESSAGE][PASSED] - Object: 'Object Repository/Master Tagihan/Admin Sekolah/Pembayaran Siswa/Homepage/Sub Menu Tagihan Persiswa/Filter/Filter By Tipe Tagihan' is clicked on

06-01-2025T10:03:10 - [TEST_STEP][PASSED] - delay(1): Delayed 1 second(s)

06-01-2025T10:03:11 - [MESSAGE][PASSED] - Delayed 1 second(s)

06-01-2025T10:03:11 - [TEST_STEP][PASSED] - click(findTestObject("Master Tagihan/Admin Sekolah/Pembayaran Siswa/Homepage/Sub Menu Tagihan Persiswa/Filter/Filter By Total Tagihan")): Object: 'Object Repository/Master Tagihan/Admin Sekolah/Pembayaran Siswa/Homepage/Sub Menu Tagihan Persiswa/Filter/Filter By Total Tagihan' is clicked on

06-01-2025T10:03:12 - [MESSAGE][PASSED] - Object: 'Object Repository/Master Tagihan/Admin Sekolah/Pembayaran Siswa/Homepage/Sub Menu Tagihan Persiswa/Filter/Filter By Total Tagihan' is clicked on

06-01-2025T10:03:12 - [TEST_STEP][PASSED] - click(findTestObject("Master Tagihan/Admin Sekolah/Pembayaran Siswa/Homepage/Sub Menu Tagihan Persiswa/Filter/Filter By Total Tagihan")): Object: 'Object Repository/Master Tagihan/Admin Sekolah/Pembayaran Siswa/Homepage/Sub Menu Tagihan Persiswa/Filter/Filter By Total Tagihan' is clicked on

06-01-2025T10:03:12 - [MESSAGE][PASSED] - Object: 'Object Repository/Master Tagihan/Admin Sekolah/Pembayaran Siswa/Homepage/Sub Menu Tagihan Persiswa/Filter/Filter By Total Tagihan' is clicked on

06-01-2025T10:03:12 - [TEST_STEP][PASSED] - closeBrowser(): Browser is closed

06-01-2025T10:03:13 - [MESSAGE][PASSED] - Browser is closed

06-01-2025T10:03:13 - [MESSAGE][PASSED] - Call Test Case 'Test Cases/Master Tagihan/Admin Sekolah/Master Tagihan Pembayaran Per Siswa/Sorting Table Tagihan Persiswa' successfully

06-01-2025T10:03:13 - [TEST_STEP][PASSED] - callTestCase(findTestCase("Test Cases/Master Tagihan/Admin Sekolah/Master Tagihan Pembayaran Per Siswa/Filter Dan Search Tagihan Persiswa"), [:], CONTINUE_ON_FAILURE): Call Test Case 'Test Cases/Master Tagihan/Admin Sekolah/Master Tagihan Pembayaran Per Siswa/Filter Dan Search Tagihan Persiswa' successfully

06-01-2025T10:03:13 - [TEST_CASE][PASSED] - Test Cases/Master Tagihan/Admin Sekolah/Master Tagihan Pembayaran Per Siswa/Filter Dan Search Tagihan Persiswa: Test Cases/Master Tagihan/Admin Sekolah/Master Tagihan Pembayaran Per Siswa/Filter Dan Search Tagihan Persiswa

06-01-2025T10:03:13 - [TEST_STEP][PASSED] - openBrowser(""): Browser is opened with url: ''

06-01-2025T10:03:13 - [MESSAGE][INFO] - Starting 'Chrome' driver

06-01-2025T10:03:13 - [MESSAGE][INFO] - Action delay is set to 0 milliseconds

06-01-2025T10:03:14 - [MESSAGE][PASSED] - Browser is opened with url: ''

06-01-2025T10:03:14 - [TEST_STEP][PASSED] - navigateToUrl("https://sit.siprusedu.com/login"): Navigate to 'https://sit.siprusedu.com/login' successfully

06-01-2025T10:03:14 - [MESSAGE][PASSED] - Navigate to 'https://sit.siprusedu.com/login' successfully

06-01-2025T10:03:14 - [TEST_STEP][PASSED] - click(findTestObject("Master Data/Admin Sekolah/Login/Field Email")): Object: 'Object Repository/Master Data/Admin Sekolah/Login/Field Email' is clicked on

06-01-2025T10:03:16 - [MESSAGE][PASSED] - Object: 'Object Repository/Master Data/Admin Sekolah/Login/Field Email' is clicked on

06-01-2025T10:03:16 - [TEST_STEP][PASSED] - setText(findTestObject("Master Data/Admin Sekolah/Login/Field Email"), "admin.gudangsolusi@digiform.co.id"): Text 'admin.gudangsolusi@digiform.co.id' is set on object 'Object Repository/Master Data/Admin Sekolah/Login/Field Email'

06-01-2025T10:03:16 - [MESSAGE][PASSED] - Text 'admin.gudangsolusi@digiform.co.id' is set on object 'Object Repository/Master Data/Admin Sekolah/Login/Field Email'

06-01-2025T10:03:16 - [TEST_STEP][PASSED] - delay(1): Delayed 1 second(s)

06-01-2025T10:03:17 - [MESSAGE][PASSED] - Delayed 1 second(s)

06-01-2025T10:03:17 - [TEST_STEP][PASSED] - click(findTestObject("Master Data/Admin Sekolah/Login/Input Password")): Object: 'Object Repository/Master Data/Admin Sekolah/Login/Input Password' is clicked on

06-01-2025T10:03:18 - [MESSAGE][PASSED] - Object: 'Object Repository/Master Data/Admin Sekolah/Login/Input Password' is clicked on

06-01-2025T10:03:18 - [TEST_STEP][PASSED] - setText(findTestObject("Master Data/Admin Sekolah/Login/Input Password"), "Test1234"): Text 'Test1234' is set on object 'Object Repository/Master Data/Admin Sekolah/Login/Input Password'

06-01-2025T10:03:18 - [MESSAGE][PASSED] - Text 'Test1234' is set on object 'Object Repository/Master Data/Admin Sekolah/Login/Input Password'

06-01-2025T10:03:18 - [TEST_STEP][PASSED] - delay(1): Delayed 1 second(s)

06-01-2025T10:03:19 - [MESSAGE][PASSED] - Delayed 1 second(s)

06-01-2025T10:03:19 - [TEST_STEP][PASSED] - click(findTestObject("Master Data/Admin Sekolah/Login/Button Submit")): Object: 'Object Repository/Master Data/Admin Sekolah/Login/Button Submit' is clicked on

06-01-2025T10:03:19 - [MESSAGE][PASSED] - Object: 'Object Repository/Master Data/Admin Sekolah/Login/Button Submit' is clicked on

06-01-2025T10:03:19 - [TEST_STEP][PASSED] - delay(1): Delayed 1 second(s)

06-01-2025T10:03:20 - [MESSAGE][PASSED] - Delayed 1 second(s)

06-01-2025T10:03:20 - [TEST_STEP][PASSED] - click(findTestObject("Master Tagihan/Admin Sekolah/Pembayaran Siswa/Homepage/Menu Tagihan")): Object: 'Object Repository/Master Tagihan/Admin Sekolah/Pembayaran Siswa/Homepage/Menu Tagihan' is clicked on

06-01-2025T10:03:40 - [MESSAGE][PASSED] - Object: 'Object Repository/Master Tagihan/Admin Sekolah/Pembayaran Siswa/Homepage/Menu Tagihan' is clicked on

06-01-2025T10:03:40 - [TEST_STEP][PASSED] - delay(1): Delayed 1 second(s)

06-01-2025T10:03:42 - [MESSAGE][PASSED] - Delayed 1 second(s)

06-01-2025T10:03:42 - [TEST_STEP][PASSED] - click(findTestObject("Master Tagihan/Admin Sekolah/Pembayaran Siswa/Homepage/Sub-Menu Tagihan Persiswa")): Object: 'Object Repository/Master Tagihan/Admin Sekolah/Pembayaran Siswa/Homepage/Sub-Menu Tagihan Persiswa' is clicked on

06-01-2025T10:03:42 - [MESSAGE][PASSED] - Object: 'Object Repository/Master Tagihan/Admin Sekolah/Pembayaran Siswa/Homepage/Sub-Menu Tagihan Persiswa' is clicked on

06-01-2025T10:03:42 - [TEST_STEP][PASSED] - delay(1): Delayed 1 second(s)

06-01-2025T10:03:43 - [MESSAGE][PASSED] - Delayed 1 second(s)

06-01-2025T10:03:43 - [TEST_STEP][PASSED] - click(findTestObject("Master Tagihan/Admin Sekolah/Pembayaran Siswa/Homepage/Sub Menu Tagihan Persiswa/Dropdown Unit/Klik Dropdown")): Object: 'Object Repository/Master Tagihan/Admin Sekolah/Pembayaran Siswa/Homepage/Sub Menu Tagihan Persiswa/Dropdown Unit/Klik Dropdown' is clicked on

06-01-2025T10:03:43 - [MESSAGE][PASSED] - Object: 'Object Repository/Master Tagihan/Admin Sekolah/Pembayaran Siswa/Homepage/Sub Menu Tagihan Persiswa/Dropdown Unit/Klik Dropdown' is clicked on

06-01-2025T10:03:43 - [TEST_STEP][PASSED] - delay(1): Delayed 1 second(s)

06-01-2025T10:03:44 - [MESSAGE][PASSED] - Delayed 1 second(s)

06-01-2025T10:03:44 - [TEST_STEP][PASSED] - click(findTestObject("Master Tagihan/Admin Sekolah/Pembayaran Siswa/Homepage/Sub Menu Tagihan Persiswa/Dropdown Unit/Pilih Value Unit")): Object: 'Object Repository/Master Tagihan/Admin Sekolah/Pembayaran Siswa/Homepage/Sub Menu Tagihan Persiswa/Dropdown Unit/Pilih Value Unit' is clicked on

06-01-2025T10:03:44 - [MESSAGE][PASSED] - Object: 'Object Repository/Master Tagihan/Admin Sekolah/Pembayaran Siswa/Homepage/Sub Menu Tagihan Persiswa/Dropdown Unit/Pilih Value Unit' is clicked on

06-01-2025T10:03:44 - [TEST_STEP][PASSED] - delay(1): Delayed 1 second(s)

06-01-2025T10:03:45 - [MESSAGE][PASSED] - Delayed 1 second(s)

06-01-2025T10:03:45 - [TEST_STEP][PASSED] - click(findTestObject("Master Tagihan/Admin Sekolah/Pembayaran Siswa/Homepage/Sub Menu Tagihan Persiswa/Dropdown Kelas/Klik Dropdown Kelas")): Object: 'Object Repository/Master Tagihan/Admin Sekolah/Pembayaran Siswa/Homepage/Sub Menu Tagihan Persiswa/Dropdown Kelas/Klik Dropdown Kelas' is clicked on

06-01-2025T10:03:46 - [MESSAGE][PASSED] - Object: 'Object Repository/Master Tagihan/Admin Sekolah/Pembayaran Siswa/Homepage/Sub Menu Tagihan Persiswa/Dropdown Kelas/Klik Dropdown Kelas' is clicked on

06-01-2025T10:03:46 - [TEST_STEP][PASSED] - delay(1): Delayed 1 second(s)

06-01-2025T10:03:47 - [MESSAGE][PASSED] - Delayed 1 second(s)

06-01-2025T10:03:47 - [TEST_STEP][PASSED] - click(findTestObject("Master Tagihan/Admin Sekolah/Pembayaran Siswa/Homepage/Sub Menu Tagihan Persiswa/Dropdown Kelas/Klik Field Cari Kelas")): Object: 'Object Repository/Master Tagihan/Admin Sekolah/Pembayaran Siswa/Homepage/Sub Menu Tagihan Persiswa/Dropdown Kelas/Klik Field Cari Kelas' is clicked on

06-01-2025T10:03:47 - [MESSAGE][PASSED] - Object: 'Object Repository/Master Tagihan/Admin Sekolah/Pembayaran Siswa/Homepage/Sub Menu Tagihan Persiswa/Dropdown Kelas/Klik Field Cari Kelas' is clicked on

06-01-2025T10:03:47 - [TEST_STEP][PASSED] - delay(1): Delayed 1 second(s)

06-01-2025T10:03:48 - [MESSAGE][PASSED] - Delayed 1 second(s)

06-01-2025T10:03:48 - [TEST_STEP][PASSED] - setText(findTestObject("Master Tagihan/Admin Sekolah/Pembayaran Siswa/Homepage/Sub Menu Tagihan Persiswa/Dropdown Kelas/Klik Field Cari Kelas"), "Kelas - XI IPA Biologi 2"): Text 'Kelas - XI IPA Biologi 2' is set on object 'Object Repository/Master Tagihan/Admin Sekolah/Pembayaran Siswa/Homepage/Sub Menu Tagihan Persiswa/Dropdown Kelas/Klik Field Cari Kelas'

06-01-2025T10:03:49 - [MESSAGE][PASSED] - Text 'Kelas - XI IPA Biologi 2' is set on object 'Object Repository/Master Tagihan/Admin Sekolah/Pembayaran Siswa/Homepage/Sub Menu Tagihan Persiswa/Dropdown Kelas/Klik Field Cari Kelas'

06-01-2025T10:03:49 - [TEST_STEP][PASSED] - click(findTestObject("Master Tagihan/Admin Sekolah/Pembayaran Siswa/Homepage/Sub Menu Tagihan Persiswa/Dropdown Kelas/Pilih Kelas")): Object: 'Object Repository/Master Tagihan/Admin Sekolah/Pembayaran Siswa/Homepage/Sub Menu Tagihan Persiswa/Dropdown Kelas/Pilih Kelas' is clicked on

06-01-2025T10:03:49 - [MESSAGE][PASSED] - Object: 'Object Repository/Master Tagihan/Admin Sekolah/Pembayaran Siswa/Homepage/Sub Menu Tagihan Persiswa/Dropdown Kelas/Pilih Kelas' is clicked on

06-01-2025T10:03:49 - [TEST_STEP][PASSED] - setText(findTestObject("Master Tagihan/Admin Sekolah/Pembayaran Siswa/Homepage/Sub Menu Tagihan Persiswa/Field Nama/Klik Field Nama"), "Dilan"): Text 'Dilan' is set on object 'Object Repository/Master Tagihan/Admin Sekolah/Pembayaran Siswa/Homepage/Sub Menu Tagihan Persiswa/Field Nama/Klik Field Nama'

06-01-2025T10:03:49 - [MESSAGE][PASSED] - Text 'Dilan' is set on object 'Object Repository/Master Tagihan/Admin Sekolah/Pembayaran Siswa/Homepage/Sub Menu Tagihan Persiswa/Field Nama/Klik Field Nama'

06-01-2025T10:03:49 - [TEST_STEP][PASSED] - click(findTestObject("Master Tagihan/Admin Sekolah/Pembayaran Siswa/Homepage/Sub Menu Tagihan Persiswa/Field Nama/Klik Hasil Cari Siswa")): Object: 'Object Repository/Master Tagihan/Admin Sekolah/Pembayaran Siswa/Homepage/Sub Menu Tagihan Persiswa/Field Nama/Klik Hasil Cari Siswa' is clicked on

06-01-2025T10:03:52 - [MESSAGE][PASSED] - Object: 'Object Repository/Master Tagihan/Admin Sekolah/Pembayaran Siswa/Homepage/Sub Menu Tagihan Persiswa/Field Nama/Klik Hasil Cari Siswa' is clicked on

06-01-2025T10:03:52 - [TEST_STEP][PASSED] - click(findTestObject("Master Tagihan/Admin Sekolah/Pembayaran Siswa/Homepage/Sub Menu Tagihan Persiswa/Tombol Terapkan/Klik Tombol Terapkan")): Object: 'Object Repository/Master Tagihan/Admin Sekolah/Pembayaran Siswa/Homepage/Sub Menu Tagihan Persiswa/Tombol Terapkan/Klik Tombol Terapkan' is clicked on

06-01-2025T10:03:52 - [MESSAGE][PASSED] - Object: 'Object Repository/Master Tagihan/Admin Sekolah/Pembayaran Siswa/Homepage/Sub Menu Tagihan Persiswa/Tombol Terapkan/Klik Tombol Terapkan' is clicked on

06-01-2025T10:03:52 - [TEST_STEP][PASSED] - delay(1): Delayed 1 second(s)

06-01-2025T10:03:53 - [MESSAGE][PASSED] - Delayed 1 second(s)

06-01-2025T10:03:53 - [TEST_STEP][PASSED] - click(findTestObject("Master Tagihan/Admin Sekolah/Pembayaran Siswa/Homepage/Sub Menu Tagihan Persiswa/Filter/Filter By NIS/Klik Dropdown Nama")): Object: 'Object Repository/Master Tagihan/Admin Sekolah/Pembayaran Siswa/Homepage/Sub Menu Tagihan Persiswa/Filter/Filter By NIS/Klik Dropdown Nama' is clicked on

06-01-2025T10:03:55 - [MESSAGE][PASSED] - Object: 'Object Repository/Master Tagihan/Admin Sekolah/Pembayaran Siswa/Homepage/Sub Menu Tagihan Persiswa/Filter/Filter By NIS/Klik Dropdown Nama' is clicked on

06-01-2025T10:03:55 - [TEST_STEP][PASSED] - click(findTestObject("Master Tagihan/Admin Sekolah/Pembayaran Siswa/Homepage/Sub Menu Tagihan Persiswa/Filter/Filter By NIS/Klik NIS")): Object: 'Object Repository/Master Tagihan/Admin Sekolah/Pembayaran Siswa/Homepage/Sub Menu Tagihan Persiswa/Filter/Filter By NIS/Klik NIS' is clicked on

06-01-2025T10:03:56 - [MESSAGE][PASSED] - Object: 'Object Repository/Master Tagihan/Admin Sekolah/Pembayaran Siswa/Homepage/Sub Menu Tagihan Persiswa/Filter/Filter By NIS/Klik NIS' is clicked on

06-01-2025T10:03:56 - [TEST_STEP][PASSED] - click(findTestObject("Master Tagihan/Admin Sekolah/Pembayaran Siswa/Homepage/Sub Menu Tagihan Persiswa/Field Nama/Klik Field Nama")): Object: 'Object Repository/Master Tagihan/Admin Sekolah/Pembayaran Siswa/Homepage/Sub Menu Tagihan Persiswa/Field Nama/Klik Field Nama' is clicked on

06-01-2025T10:03:56 - [MESSAGE][PASSED] - Object: 'Object Repository/Master Tagihan/Admin Sekolah/Pembayaran Siswa/Homepage/Sub Menu Tagihan Persiswa/Field Nama/Klik Field Nama' is clicked on

06-01-2025T10:03:56 - [TEST_STEP][PASSED] - delay(1): Delayed 1 second(s)

06-01-2025T10:03:57 - [MESSAGE][PASSED] - Delayed 1 second(s)

06-01-2025T10:03:57 - [TEST_STEP][PASSED] - click(findTestObject("Master Tagihan/Admin Sekolah/Pembayaran Siswa/Homepage/Sub Menu Tagihan Persiswa/Tombol Terapkan/Klik Tombol Terapkan")): Object: 'Object Repository/Master Tagihan/Admin Sekolah/Pembayaran Siswa/Homepage/Sub Menu Tagihan Persiswa/Tombol Terapkan/Klik Tombol Terapkan' is clicked on

06-01-2025T10:03:58 - [MESSAGE][PASSED] - Object: 'Object Repository/Master Tagihan/Admin Sekolah/Pembayaran Siswa/Homepage/Sub Menu Tagihan Persiswa/Tombol Terapkan/Klik Tombol Terapkan' is clicked on

06-01-2025T10:03:58 - [TEST_STEP][PASSED] - delay(3): Delayed 3 second(s)

06-01-2025T10:04:01 - [MESSAGE][PASSED] - Delayed 3 second(s)

06-01-2025T10:04:01 - [TEST_STEP][PASSED] - closeBrowser(): Browser is closed

06-01-2025T10:04:01 - [MESSAGE][PASSED] - Browser is closed

06-01-2025T10:04:01 - [MESSAGE][PASSED] - Call Test Case 'Test Cases/Master Tagihan/Admin Sekolah/Master Tagihan Pembayaran Per Siswa/Filter Dan Search Tagihan Persiswa' successfully

06-01-2025T10:04:01 - [TEST_STEP][PASSED] - callTestCase(findTestCase("Test Cases/Master Tagihan/Admin Sekolah/Master Tagihan Pembayaran Per Siswa/Edit Tagihan Persiswa"), [:], CONTINUE_ON_FAILURE): Call Test Case 'Test Cases/Master Tagihan/Admin Sekolah/Master Tagihan Pembayaran Per Siswa/Edit Tagihan Persiswa' successfully

06-01-2025T10:04:01 - [TEST_CASE][PASSED] - Test Cases/Master Tagihan/Admin Sekolah/Master Tagihan Pembayaran Per Siswa/Edit Tagihan Persiswa: Test Cases/Master Tagihan/Admin Sekolah/Master Tagihan Pembayaran Per Siswa/Edit Tagihan Persiswa

06-01-2025T10:04:01 - [TEST_STEP][PASSED] - min = 1000000: null

06-01-2025T10:04:01 - [TEST_STEP][PASSED] - max = 15000000: null

06-01-2025T10:04:01 - [TEST_STEP][PASSED] - randomNumber = generateRandomNumber(min, max): null

06-01-2025T10:04:01 - [TEST_STEP][PASSED] - return ((java.lang.Math.random() * ((max - min) + 1)) as int + min): null

06-01-2025T10:04:01 - [TEST_STEP][PASSED] - openBrowser(""): Browser is opened with url: ''

06-01-2025T10:04:01 - [MESSAGE][INFO] - Starting 'Chrome' driver

06-01-2025T10:04:01 - [MESSAGE][INFO] - Action delay is set to 0 milliseconds

06-01-2025T10:04:02 - [MESSAGE][PASSED] - Browser is opened with url: ''

06-01-2025T10:04:02 - [TEST_STEP][PASSED] - navigateToUrl("https://sit.siprusedu.com/login"): Navigate to 'https://sit.siprusedu.com/login' successfully

06-01-2025T10:04:03 - [MESSAGE][PASSED] - Navigate to 'https://sit.siprusedu.com/login' successfully

06-01-2025T10:04:03 - [TEST_STEP][PASSED] - setText(findTestObject("Master Data/Admin Sekolah/Login/Field Email"), "admin.sekolah@gmail.com"): Text 'admin.sekolah@gmail.com' is set on object 'Object Repository/Master Data/Admin Sekolah/Login/Field Email'

06-01-2025T10:04:05 - [MESSAGE][PASSED] - Text 'admin.sekolah@gmail.com' is set on object 'Object Repository/Master Data/Admin Sekolah/Login/Field Email'

06-01-2025T10:04:05 - [TEST_STEP][PASSED] - setText(findTestObject("Master Data/Admin Sekolah/Login/Input Password"), "Test1234"): Text 'Test1234' is set on object 'Object Repository/Master Data/Admin Sekolah/Login/Input Password'

06-01-2025T10:04:05 - [MESSAGE][PASSED] - Text 'Test1234' is set on object 'Object Repository/Master Data/Admin Sekolah/Login/Input Password'

06-01-2025T10:04:05 - [TEST_STEP][PASSED] - click(findTestObject("Master Data/Admin Sekolah/Login/Button Submit")): Object: 'Object Repository/Master Data/Admin Sekolah/Login/Button Submit' is clicked on

06-01-2025T10:04:06 - [MESSAGE][PASSED] - Object: 'Object Repository/Master Data/Admin Sekolah/Login/Button Submit' is clicked on

06-01-2025T10:04:06 - [TEST_STEP][PASSED] - delay(1): Delayed 1 second(s)

06-01-2025T10:04:07 - [MESSAGE][PASSED] - Delayed 1 second(s)

06-01-2025T10:04:07 - [TEST_STEP][PASSED] - click(findTestObject("Master Tagihan/Admin Sekolah/Pembayaran Siswa/Homepage/Menu Tagihan")): Object: 'Object Repository/Master Tagihan/Admin Sekolah/Pembayaran Siswa/Homepage/Menu Tagihan' is clicked on

06-01-2025T10:04:07 - [MESSAGE][PASSED] - Object: 'Object Repository/Master Tagihan/Admin Sekolah/Pembayaran Siswa/Homepage/Menu Tagihan' is clicked on

06-01-2025T10:04:07 - [TEST_STEP][PASSED] - click(findTestObject("Master Tagihan/Admin Sekolah/Pembayaran Siswa/Homepage/Sub-Menu Tagihan Persiswa")): Object: 'Object Repository/Master Tagihan/Admin Sekolah/Pembayaran Siswa/Homepage/Sub-Menu Tagihan Persiswa' is clicked on

06-01-2025T10:04:08 - [MESSAGE][PASSED] - Object: 'Object Repository/Master Tagihan/Admin Sekolah/Pembayaran Siswa/Homepage/Sub-Menu Tagihan Persiswa' is clicked on

06-01-2025T10:04:08 - [TEST_STEP][PASSED] - click(findTestObject("Master Tagihan/Admin Sekolah/Pembayaran Siswa/Homepage/Sub Menu Tagihan Persiswa/Dropdown Unit/Klik Dropdown")): Object: 'Object Repository/Master Tagihan/Admin Sekolah/Pembayaran Siswa/Homepage/Sub Menu Tagihan Persiswa/Dropdown Unit/Klik Dropdown' is clicked on

06-01-2025T10:04:09 - [MESSAGE][PASSED] - Object: 'Object Repository/Master Tagihan/Admin Sekolah/Pembayaran Siswa/Homepage/Sub Menu Tagihan Persiswa/Dropdown Unit/Klik Dropdown' is clicked on

06-01-2025T10:04:09 - [TEST_STEP][PASSED] - click(findTestObject("Master Tagihan/Admin Sekolah/Pembayaran Siswa/Homepage/Sub Menu Tagihan Persiswa/Dropdown Unit/Pilih Value Unit")): Object: 'Object Repository/Master Tagihan/Admin Sekolah/Pembayaran Siswa/Homepage/Sub Menu Tagihan Persiswa/Dropdown Unit/Pilih Value Unit' is clicked on

06-01-2025T10:04:09 - [MESSAGE][PASSED] - Object: 'Object Repository/Master Tagihan/Admin Sekolah/Pembayaran Siswa/Homepage/Sub Menu Tagihan Persiswa/Dropdown Unit/Pilih Value Unit' is clicked on

06-01-2025T10:04:09 - [TEST_STEP][PASSED] - click(findTestObject("Master Tagihan/Admin Sekolah/Pembayaran Siswa/Homepage/Sub Menu Tagihan Persiswa/Dropdown Kelas/Klik Dropdown Kelas")): Object: 'Object Repository/Master Tagihan/Admin Sekolah/Pembayaran Siswa/Homepage/Sub Menu Tagihan Persiswa/Dropdown Kelas/Klik Dropdown Kelas' is clicked on

06-01-2025T10:04:10 - [MESSAGE][PASSED] - Object: 'Object Repository/Master Tagihan/Admin Sekolah/Pembayaran Siswa/Homepage/Sub Menu Tagihan Persiswa/Dropdown Kelas/Klik Dropdown Kelas' is clicked on

06-01-2025T10:04:10 - [TEST_STEP][PASSED] - setText(findTestObject("Master Tagihan/Admin Sekolah/Pembayaran Siswa/Homepage/Sub Menu Tagihan Persiswa/Dropdown Kelas/Klik Field Cari Kelas"), "XI IPA"): Text 'XI IPA' is set on object 'Object Repository/Master Tagihan/Admin Sekolah/Pembayaran Siswa/Homepage/Sub Menu Tagihan Persiswa/Dropdown Kelas/Klik Field Cari Kelas'

06-01-2025T10:04:10 - [MESSAGE][PASSED] - Text 'XI IPA' is set on object 'Object Repository/Master Tagihan/Admin Sekolah/Pembayaran Siswa/Homepage/Sub Menu Tagihan Persiswa/Dropdown Kelas/Klik Field Cari Kelas'

06-01-2025T10:04:10 - [TEST_STEP][PASSED] - click(findTestObject("Master Tagihan/Admin Sekolah/Pembayaran Siswa/Homepage/Sub Menu Tagihan Persiswa/Dropdown Kelas/Pilih Kelas")): Object: 'Object Repository/Master Tagihan/Admin Sekolah/Pembayaran Siswa/Homepage/Sub Menu Tagihan Persiswa/Dropdown Kelas/Pilih Kelas' is clicked on

06-01-2025T10:04:11 - [MESSAGE][PASSED] - Object: 'Object Repository/Master Tagihan/Admin Sekolah/Pembayaran Siswa/Homepage/Sub Menu Tagihan Persiswa/Dropdown Kelas/Pilih Kelas' is clicked on

06-01-2025T10:04:11 - [TEST_STEP][PASSED] - click(findTestObject("Master Tagihan/Admin Sekolah/Pembayaran Siswa/Homepage/Sub Menu Tagihan Persiswa/Filter/Filter By NIS/Klik Dropdown Nama")): Object: 'Object Repository/Master Tagihan/Admin Sekolah/Pembayaran Siswa/Homepage/Sub Menu Tagihan Persiswa/Filter/Filter By NIS/Klik Dropdown Nama' is clicked on

06-01-2025T10:04:11 - [MESSAGE][PASSED] - Object: 'Object Repository/Master Tagihan/Admin Sekolah/Pembayaran Siswa/Homepage/Sub Menu Tagihan Persiswa/Filter/Filter By NIS/Klik Dropdown Nama' is clicked on

06-01-2025T10:04:11 - [TEST_STEP][PASSED] - click(findTestObject("Master Tagihan/Admin Sekolah/Pembayaran Siswa/Homepage/Sub Menu Tagihan Persiswa/Filter/Filter By NIS/Klik NIS")): Object: 'Object Repository/Master Tagihan/Admin Sekolah/Pembayaran Siswa/Homepage/Sub Menu Tagihan Persiswa/Filter/Filter By NIS/Klik NIS' is clicked on

06-01-2025T10:04:11 - [MESSAGE][PASSED] - Object: 'Object Repository/Master Tagihan/Admin Sekolah/Pembayaran Siswa/Homepage/Sub Menu Tagihan Persiswa/Filter/Filter By NIS/Klik NIS' is clicked on

06-01-2025T10:04:11 - [TEST_STEP][PASSED] - setText(findTestObject("Master Tagihan/Admin Sekolah/Pembayaran Siswa/Homepage/Sub Menu Tagihan Persiswa/Field Nama/Klik Field Nama"), "2024"): Text '2024' is set on object 'Object Repository/Master Tagihan/Admin Sekolah/Pembayaran Siswa/Homepage/Sub Menu Tagihan Persiswa/Field Nama/Klik Field Nama'

06-01-2025T10:04:12 - [MESSAGE][PASSED] - Text '2024' is set on object 'Object Repository/Master Tagihan/Admin Sekolah/Pembayaran Siswa/Homepage/Sub Menu Tagihan Persiswa/Field Nama/Klik Field Nama'

06-01-2025T10:04:12 - [TEST_STEP][PASSED] - click(findTestObject("Master Tagihan/Admin Sekolah/Pembayaran Siswa/Homepage/Sub Menu Tagihan Persiswa/Field Nama/Edit Tagihannya")): Object: 'Object Repository/Master Tagihan/Admin Sekolah/Pembayaran Siswa/Homepage/Sub Menu Tagihan Persiswa/Field Nama/Edit Tagihannya' is clicked on

06-01-2025T10:04:14 - [MESSAGE][PASSED] - Object: 'Object Repository/Master Tagihan/Admin Sekolah/Pembayaran Siswa/Homepage/Sub Menu Tagihan Persiswa/Field Nama/Edit Tagihannya' is clicked on

06-01-2025T10:04:14 - [TEST_STEP][PASSED] - click(findTestObject("Master Tagihan/Admin Sekolah/Pembayaran Siswa/Homepage/Sub Menu Tagihan Persiswa/Tombol Terapkan/Klik Tombol Terapkan")): Object: 'Object Repository/Master Tagihan/Admin Sekolah/Pembayaran Siswa/Homepage/Sub Menu Tagihan Persiswa/Tombol Terapkan/Klik Tombol Terapkan' is clicked on

06-01-2025T10:04:14 - [MESSAGE][PASSED] - Object: 'Object Repository/Master Tagihan/Admin Sekolah/Pembayaran Siswa/Homepage/Sub Menu Tagihan Persiswa/Tombol Terapkan/Klik Tombol Terapkan' is clicked on

06-01-2025T10:04:14 - [TEST_STEP][PASSED] - delay(2): Delayed 2 second(s)

06-01-2025T10:04:16 - [MESSAGE][PASSED] - Delayed 2 second(s)

06-01-2025T10:04:16 - [TEST_STEP][PASSED] - click(findTestObject("Master Tagihan/Admin Sekolah/Pembayaran Siswa/Homepage/Sub Menu Tagihan Persiswa/Tri Dots Icon/Klik Tri Dots Icon")): Object: 'Object Repository/Master Tagihan/Admin Sekolah/Pembayaran Siswa/Homepage/Sub Menu Tagihan Persiswa/Tri Dots Icon/Klik Tri Dots Icon' is clicked on

06-01-2025T10:04:16 - [MESSAGE][PASSED] - Object: 'Object Repository/Master Tagihan/Admin Sekolah/Pembayaran Siswa/Homepage/Sub Menu Tagihan Persiswa/Tri Dots Icon/Klik Tri Dots Icon' is clicked on

06-01-2025T10:04:16 - [TEST_STEP][PASSED] - click(findTestObject("Master Tagihan/Admin Sekolah/Pembayaran Siswa/Homepage/Sub Menu Tagihan Persiswa/Tri Dots Icon/Edit Tagihan Persiswa/Klik Edit")): Object: 'Object Repository/Master Tagihan/Admin Sekolah/Pembayaran Siswa/Homepage/Sub Menu Tagihan Persiswa/Tri Dots Icon/Edit Tagihan Persiswa/Klik Edit' is clicked on

06-01-2025T10:04:17 - [MESSAGE][PASSED] - Object: 'Object Repository/Master Tagihan/Admin Sekolah/Pembayaran Siswa/Homepage/Sub Menu Tagihan Persiswa/Tri Dots Icon/Edit Tagihan Persiswa/Klik Edit' is clicked on

06-01-2025T10:04:17 - [TEST_STEP][PASSED] - sendKeys(findTestObject("Master Tagihan/Admin Sekolah/Pembayaran Siswa/Homepage/Sub Menu Tagihan Persiswa/Tri Dots Icon/Edit Tagihan Persiswa/Edit Nama Tagihan"), Keys.chord(CONTROL, "a")): Keys 'CONTROL + a' sent to object: 'Object Repository/Master Tagihan/Admin Sekolah/Pembayaran Siswa/Homepage/Sub Menu Tagihan Persiswa/Tri Dots Icon/Edit Tagihan Persiswa/Edit Nama Tagihan'

06-01-2025T10:04:17 - [MESSAGE][PASSED] - Keys 'CONTROL + a' sent to object: 'Object Repository/Master Tagihan/Admin Sekolah/Pembayaran Siswa/Homepage/Sub Menu Tagihan Persiswa/Tri Dots Icon/Edit Tagihan Persiswa/Edit Nama Tagihan'

06-01-2025T10:04:17 - [TEST_STEP][PASSED] - sendKeys(findTestObject("Master Tagihan/Admin Sekolah/Pembayaran Siswa/Homepage/Sub Menu Tagihan Persiswa/Tri Dots Icon/Edit Tagihan Persiswa/Edit Nama Tagihan"), Keys.chord(BACK_SPACE)): Keys 'BACK_SPACE + ' sent to object: 'Object Repository/Master Tagihan/Admin Sekolah/Pembayaran Siswa/Homepage/Sub Menu Tagihan Persiswa/Tri Dots Icon/Edit Tagihan Persiswa/Edit Nama Tagihan'

06-01-2025T10:04:18 - [MESSAGE][PASSED] - Keys 'BACK_SPACE + ' sent to object: 'Object Repository/Master Tagihan/Admin Sekolah/Pembayaran Siswa/Homepage/Sub Menu Tagihan Persiswa/Tri Dots Icon/Edit Tagihan Persiswa/Edit Nama Tagihan'

06-01-2025T10:04:18 - [TEST_STEP][PASSED] - setText(findTestObject("Master Tagihan/Admin Sekolah/Pembayaran Siswa/Homepage/Sub Menu Tagihan Persiswa/Tri Dots Icon/Edit Tagihan Persiswa/Edit Nama Tagihan"), "tagihan pempek goreng"): Text 'tagihan pempek goreng' is set on object 'Object Repository/Master Tagihan/Admin Sekolah/Pembayaran Siswa/Homepage/Sub Menu Tagihan Persiswa/Tri Dots Icon/Edit Tagihan Persiswa/Edit Nama Tagihan'

06-01-2025T10:04:18 - [MESSAGE][PASSED] - Text 'tagihan pempek goreng' is set on object 'Object Repository/Master Tagihan/Admin Sekolah/Pembayaran Siswa/Homepage/Sub Menu Tagihan Persiswa/Tri Dots Icon/Edit Tagihan Persiswa/Edit Nama Tagihan'

06-01-2025T10:04:18 - [TEST_STEP][PASSED] - click(findTestObject("Master Tagihan/Admin Sekolah/Pembayaran Siswa/Homepage/Sub Menu Tagihan Persiswa/Tri Dots Icon/Edit Tagihan Persiswa/Edit Total Tagihan")): Object: 'Object Repository/Master Tagihan/Admin Sekolah/Pembayaran Siswa/Homepage/Sub Menu Tagihan Persiswa/Tri Dots Icon/Edit Tagihan Persiswa/Edit Total Tagihan' is clicked on

06-01-2025T10:04:19 - [MESSAGE][PASSED] - Object: 'Object Repository/Master Tagihan/Admin Sekolah/Pembayaran Siswa/Homepage/Sub Menu Tagihan Persiswa/Tri Dots Icon/Edit Tagihan Persiswa/Edit Total Tagihan' is clicked on

06-01-2025T10:04:19 - [TEST_STEP][PASSED] - sendKeys(findTestObject("Master Tagihan/Admin Sekolah/Pembayaran Siswa/Homepage/Sub Menu Tagihan Persiswa/Tri Dots Icon/Edit Tagihan Persiswa/Edit Total Tagihan"), Keys.chord(CONTROL, "a")): Keys 'CONTROL + a' sent to object: 'Object Repository/Master Tagihan/Admin Sekolah/Pembayaran Siswa/Homepage/Sub Menu Tagihan Persiswa/Tri Dots Icon/Edit Tagihan Persiswa/Edit Total Tagihan'

06-01-2025T10:04:19 - [MESSAGE][PASSED] - Keys 'CONTROL + a' sent to object: 'Object Repository/Master Tagihan/Admin Sekolah/Pembayaran Siswa/Homepage/Sub Menu Tagihan Persiswa/Tri Dots Icon/Edit Tagihan Persiswa/Edit Total Tagihan'

06-01-2025T10:04:19 - [TEST_STEP][PASSED] - sendKeys(findTestObject("Master Tagihan/Admin Sekolah/Pembayaran Siswa/Homepage/Sub Menu Tagihan Persiswa/Tri Dots Icon/Edit Tagihan Persiswa/Edit Total Tagihan"), Keys.chord(BACK_SPACE)): Keys 'BACK_SPACE + ' sent to object: 'Object Repository/Master Tagihan/Admin Sekolah/Pembayaran Siswa/Homepage/Sub Menu Tagihan Persiswa/Tri Dots Icon/Edit Tagihan Persiswa/Edit Total Tagihan'

06-01-2025T10:04:19 - [MESSAGE][PASSED] - Keys 'BACK_SPACE + ' sent to object: 'Object Repository/Master Tagihan/Admin Sekolah/Pembayaran Siswa/Homepage/Sub Menu Tagihan Persiswa/Tri Dots Icon/Edit Tagihan Persiswa/Edit Total Tagihan'

06-01-2025T10:04:19 - [TEST_STEP][PASSED] - setText(findTestObject("Master Tagihan/Admin Sekolah/Pembayaran Siswa/Homepage/Sub Menu Tagihan Persiswa/Tri Dots Icon/Edit Tagihan Persiswa/Edit Total Tagihan"), randomNumber.toString()): Text '2618337' is set on object 'Object Repository/Master Tagihan/Admin Sekolah/Pembayaran Siswa/Homepage/Sub Menu Tagihan Persiswa/Tri Dots Icon/Edit Tagihan Persiswa/Edit Total Tagihan'

06-01-2025T10:04:20 - [MESSAGE][PASSED] - Text '2618337' is set on object 'Object Repository/Master Tagihan/Admin Sekolah/Pembayaran Siswa/Homepage/Sub Menu Tagihan Persiswa/Tri Dots Icon/Edit Tagihan Persiswa/Edit Total Tagihan'

06-01-2025T10:04:20 - [TEST_STEP][PASSED] - click(findTestObject("Master Tagihan/Admin Sekolah/Pembayaran Siswa/Homepage/Sub Menu Tagihan Persiswa/Tri Dots Icon/Edit Tagihan Persiswa/Tombol Simpan Tagihan/Tombol Simpan")): Object: 'Object Repository/Master Tagihan/Admin Sekolah/Pembayaran Siswa/Homepage/Sub Menu Tagihan Persiswa/Tri Dots Icon/Edit Tagihan Persiswa/Tombol Simpan Tagihan/Tombol Simpan' is clicked on

06-01-2025T10:04:20 - [MESSAGE][PASSED] - Object: 'Object Repository/Master Tagihan/Admin Sekolah/Pembayaran Siswa/Homepage/Sub Menu Tagihan Persiswa/Tri Dots Icon/Edit Tagihan Persiswa/Tombol Simpan Tagihan/Tombol Simpan' is clicked on

06-01-2025T10:04:20 - [TEST_STEP][PASSED] - closeBrowser(): Browser is closed

06-01-2025T10:04:20 - [MESSAGE][PASSED] - Browser is closed

06-01-2025T10:04:20 - [MESSAGE][PASSED] - Call Test Case 'Test Cases/Master Tagihan/Admin Sekolah/Master Tagihan Pembayaran Per Siswa/Edit Tagihan Persiswa' successfully

06-01-2025T10:04:20 - [TEST_STEP][PASSED] - callTestCase(findTestCase("Test Cases/Master Tagihan/Admin Sekolah/Master Tagihan Pembayaran Per Siswa/Delete Tagihan Persiswa"), [:], CONTINUE_ON_FAILURE): Call Test Case 'Test Cases/Master Tagihan/Admin Sekolah/Master Tagihan Pembayaran Per Siswa/Delete Tagihan Persiswa' successfully

06-01-2025T10:04:20 - [TEST_CASE][PASSED] - Test Cases/Master Tagihan/Admin Sekolah/Master Tagihan Pembayaran Per Siswa/Delete Tagihan Persiswa: Test Cases/Master Tagihan/Admin Sekolah/Master Tagihan Pembayaran Per Siswa/Delete Tagihan Persiswa

06-01-2025T10:04:20 - [TEST_STEP][PASSED] - openBrowser(""): Browser is opened with url: ''

06-01-2025T10:04:20 - [MESSAGE][INFO] - Starting 'Chrome' driver

06-01-2025T10:04:20 - [MESSAGE][INFO] - Action delay is set to 0 milliseconds

06-01-2025T10:04:21 - [MESSAGE][PASSED] - Browser is opened with url: ''

06-01-2025T10:04:21 - [TEST_STEP][PASSED] - navigateToUrl("https://sit.siprusedu.com/login"): Navigate to 'https://sit.siprusedu.com/login' successfully

06-01-2025T10:04:22 - [MESSAGE][PASSED] - Navigate to 'https://sit.siprusedu.com/login' successfully

06-01-2025T10:04:22 - [TEST_STEP][PASSED] - click(findTestObject("Master Data/Admin Sekolah/Login/Field Email")): Object: 'Object Repository/Master Data/Admin Sekolah/Login/Field Email' is clicked on

06-01-2025T10:04:23 - [MESSAGE][PASSED] - Object: 'Object Repository/Master Data/Admin Sekolah/Login/Field Email' is clicked on

06-01-2025T10:04:23 - [TEST_STEP][PASSED] - setText(findTestObject("Master Data/Admin Sekolah/Login/Field Email"), "admin.sekolah@gmail.com"): Text 'admin.sekolah@gmail.com' is set on object 'Object Repository/Master Data/Admin Sekolah/Login/Field Email'

06-01-2025T10:04:24 - [MESSAGE][PASSED] - Text 'admin.sekolah@gmail.com' is set on object 'Object Repository/Master Data/Admin Sekolah/Login/Field Email'

06-01-2025T10:04:24 - [TEST_STEP][PASSED] - delay(1): Delayed 1 second(s)

06-01-2025T10:04:25 - [MESSAGE][PASSED] - Delayed 1 second(s)

06-01-2025T10:04:25 - [TEST_STEP][PASSED] - click(findTestObject("Master Data/Admin Sekolah/Login/Input Password")): Object: 'Object Repository/Master Data/Admin Sekolah/Login/Input Password' is clicked on

06-01-2025T10:04:25 - [MESSAGE][PASSED] - Object: 'Object Repository/Master Data/Admin Sekolah/Login/Input Password' is clicked on

06-01-2025T10:04:25 - [TEST_STEP][PASSED] - setText(findTestObject("Master Data/Admin Sekolah/Login/Input Password"), "Test1234"): Text 'Test1234' is set on object 'Object Repository/Master Data/Admin Sekolah/Login/Input Password'

06-01-2025T10:04:26 - [MESSAGE][PASSED] - Text 'Test1234' is set on object 'Object Repository/Master Data/Admin Sekolah/Login/Input Password'

06-01-2025T10:04:26 - [TEST_STEP][PASSED] - delay(1): Delayed 1 second(s)

06-01-2025T10:04:27 - [MESSAGE][PASSED] - Delayed 1 second(s)

06-01-2025T10:04:27 - [TEST_STEP][PASSED] - click(findTestObject("Master Data/Admin Sekolah/Login/Button Submit")): Object: 'Object Repository/Master Data/Admin Sekolah/Login/Button Submit' is clicked on

06-01-2025T10:04:27 - [MESSAGE][PASSED] - Object: 'Object Repository/Master Data/Admin Sekolah/Login/Button Submit' is clicked on

06-01-2025T10:04:27 - [TEST_STEP][PASSED] - delay(1): Delayed 1 second(s)

06-01-2025T10:04:28 - [MESSAGE][PASSED] - Delayed 1 second(s)

06-01-2025T10:04:28 - [TEST_STEP][PASSED] - click(findTestObject("Master Tagihan/Admin Sekolah/Pembayaran Siswa/Homepage/Menu Tagihan")): Object: 'Object Repository/Master Tagihan/Admin Sekolah/Pembayaran Siswa/Homepage/Menu Tagihan' is clicked on

06-01-2025T10:04:29 - [MESSAGE][PASSED] - Object: 'Object Repository/Master Tagihan/Admin Sekolah/Pembayaran Siswa/Homepage/Menu Tagihan' is clicked on

06-01-2025T10:04:29 - [TEST_STEP][PASSED] - delay(1): Delayed 1 second(s)

06-01-2025T10:04:30 - [MESSAGE][PASSED] - Delayed 1 second(s)

06-01-2025T10:04:30 - [TEST_STEP][PASSED] - click(findTestObject("Master Tagihan/Admin Sekolah/Pembayaran Siswa/Homepage/Sub-Menu Tagihan Persiswa")): Object: 'Object Repository/Master Tagihan/Admin Sekolah/Pembayaran Siswa/Homepage/Sub-Menu Tagihan Persiswa' is clicked on

06-01-2025T10:04:30 - [MESSAGE][PASSED] - Object: 'Object Repository/Master Tagihan/Admin Sekolah/Pembayaran Siswa/Homepage/Sub-Menu Tagihan Persiswa' is clicked on

06-01-2025T10:04:30 - [TEST_STEP][PASSED] - delay(1): Delayed 1 second(s)

06-01-2025T10:04:31 - [MESSAGE][PASSED] - Delayed 1 second(s)

06-01-2025T10:04:31 - [TEST_STEP][PASSED] - click(findTestObject("Master Tagihan/Admin Sekolah/Pembayaran Siswa/Homepage/Sub Menu Tagihan Persiswa/Dropdown Unit/Klik Dropdown")): Object: 'Object Repository/Master Tagihan/Admin Sekolah/Pembayaran Siswa/Homepage/Sub Menu Tagihan Persiswa/Dropdown Unit/Klik Dropdown' is clicked on

06-01-2025T10:04:31 - [MESSAGE][PASSED] - Object: 'Object Repository/Master Tagihan/Admin Sekolah/Pembayaran Siswa/Homepage/Sub Menu Tagihan Persiswa/Dropdown Unit/Klik Dropdown' is clicked on

06-01-2025T10:04:31 - [TEST_STEP][PASSED] - delay(1): Delayed 1 second(s)

06-01-2025T10:04:32 - [MESSAGE][PASSED] - Delayed 1 second(s)

06-01-2025T10:04:32 - [TEST_STEP][PASSED] - click(findTestObject("Master Tagihan/Admin Sekolah/Pembayaran Siswa/Homepage/Sub Menu Tagihan Persiswa/Dropdown Unit/Pilih Value Unit")): Object: 'Object Repository/Master Tagihan/Admin Sekolah/Pembayaran Siswa/Homepage/Sub Menu Tagihan Persiswa/Dropdown Unit/Pilih Value Unit' is clicked on

06-01-2025T10:04:33 - [MESSAGE][PASSED] - Object: 'Object Repository/Master Tagihan/Admin Sekolah/Pembayaran Siswa/Homepage/Sub Menu Tagihan Persiswa/Dropdown Unit/Pilih Value Unit' is clicked on

06-01-2025T10:04:33 - [TEST_STEP][PASSED] - delay(1): Delayed 1 second(s)

06-01-2025T10:04:34 - [MESSAGE][PASSED] - Delayed 1 second(s)

06-01-2025T10:04:34 - [TEST_STEP][PASSED] - click(findTestObject("Master Tagihan/Admin Sekolah/Pembayaran Siswa/Homepage/Sub Menu Tagihan Persiswa/Dropdown Kelas/Klik Dropdown Kelas")): Object: 'Object Repository/Master Tagihan/Admin Sekolah/Pembayaran Siswa/Homepage/Sub Menu Tagihan Persiswa/Dropdown Kelas/Klik Dropdown Kelas' is clicked on

06-01-2025T10:04:34 - [MESSAGE][PASSED] - Object: 'Object Repository/Master Tagihan/Admin Sekolah/Pembayaran Siswa/Homepage/Sub Menu Tagihan Persiswa/Dropdown Kelas/Klik Dropdown Kelas' is clicked on

06-01-2025T10:04:34 - [TEST_STEP][PASSED] - delay(1): Delayed 1 second(s)

06-01-2025T10:04:35 - [MESSAGE][PASSED] - Delayed 1 second(s)

06-01-2025T10:04:35 - [TEST_STEP][PASSED] - click(findTestObject("Master Tagihan/Admin Sekolah/Pembayaran Siswa/Homepage/Sub Menu Tagihan Persiswa/Dropdown Kelas/Klik Field Cari Kelas")): Object: 'Object Repository/Master Tagihan/Admin Sekolah/Pembayaran Siswa/Homepage/Sub Menu Tagihan Persiswa/Dropdown Kelas/Klik Field Cari Kelas' is clicked on

06-01-2025T10:04:35 - [MESSAGE][PASSED] - Object: 'Object Repository/Master Tagihan/Admin Sekolah/Pembayaran Siswa/Homepage/Sub Menu Tagihan Persiswa/Dropdown Kelas/Klik Field Cari Kelas' is clicked on

06-01-2025T10:04:35 - [TEST_STEP][PASSED] - delay(1): Delayed 1 second(s)

06-01-2025T10:04:36 - [MESSAGE][PASSED] - Delayed 1 second(s)

06-01-2025T10:04:36 - [TEST_STEP][PASSED] - setText(findTestObject("Master Tagihan/Admin Sekolah/Pembayaran Siswa/Homepage/Sub Menu Tagihan Persiswa/Dropdown Kelas/Klik Field Cari Kelas"), "XI IPA"): Text 'XI IPA' is set on object 'Object Repository/Master Tagihan/Admin Sekolah/Pembayaran Siswa/Homepage/Sub Menu Tagihan Persiswa/Dropdown Kelas/Klik Field Cari Kelas'

06-01-2025T10:04:37 - [MESSAGE][PASSED] - Text 'XI IPA' is set on object 'Object Repository/Master Tagihan/Admin Sekolah/Pembayaran Siswa/Homepage/Sub Menu Tagihan Persiswa/Dropdown Kelas/Klik Field Cari Kelas'

06-01-2025T10:04:37 - [TEST_STEP][PASSED] - click(findTestObject("Master Tagihan/Admin Sekolah/Pembayaran Siswa/Homepage/Sub Menu Tagihan Persiswa/Dropdown Kelas/Pilih Kelas")): Object: 'Object Repository/Master Tagihan/Admin Sekolah/Pembayaran Siswa/Homepage/Sub Menu Tagihan Persiswa/Dropdown Kelas/Pilih Kelas' is clicked on

06-01-2025T10:04:37 - [MESSAGE][PASSED] - Object: 'Object Repository/Master Tagihan/Admin Sekolah/Pembayaran Siswa/Homepage/Sub Menu Tagihan Persiswa/Dropdown Kelas/Pilih Kelas' is clicked on

06-01-2025T10:04:37 - [TEST_STEP][PASSED] - delay(1): Delayed 1 second(s)

06-01-2025T10:04:38 - [MESSAGE][PASSED] - Delayed 1 second(s)

06-01-2025T10:04:38 - [TEST_STEP][PASSED] - click(findTestObject("Master Tagihan/Admin Sekolah/Pembayaran Siswa/Homepage/Sub Menu Tagihan Persiswa/Filter/Filter By NIS/Klik Dropdown Nama")): Object: 'Object Repository/Master Tagihan/Admin Sekolah/Pembayaran Siswa/Homepage/Sub Menu Tagihan Persiswa/Filter/Filter By NIS/Klik Dropdown Nama' is clicked on

06-01-2025T10:04:38 - [MESSAGE][PASSED] - Object: 'Object Repository/Master Tagihan/Admin Sekolah/Pembayaran Siswa/Homepage/Sub Menu Tagihan Persiswa/Filter/Filter By NIS/Klik Dropdown Nama' is clicked on

06-01-2025T10:04:38 - [TEST_STEP][PASSED] - click(findTestObject("Master Tagihan/Admin Sekolah/Pembayaran Siswa/Homepage/Sub Menu Tagihan Persiswa/Filter/Filter By NIS/Klik NIS")): Object: 'Object Repository/Master Tagihan/Admin Sekolah/Pembayaran Siswa/Homepage/Sub Menu Tagihan Persiswa/Filter/Filter By NIS/Klik NIS' is clicked on

06-01-2025T10:04:39 - [MESSAGE][PASSED] - Object: 'Object Repository/Master Tagihan/Admin Sekolah/Pembayaran Siswa/Homepage/Sub Menu Tagihan Persiswa/Filter/Filter By NIS/Klik NIS' is clicked on

06-01-2025T10:04:39 - [TEST_STEP][PASSED] - delay(1): Delayed 1 second(s)

06-01-2025T10:04:40 - [MESSAGE][PASSED] - Delayed 1 second(s)

06-01-2025T10:04:40 - [TEST_STEP][PASSED] - click(findTestObject("Master Tagihan/Admin Sekolah/Pembayaran Siswa/Homepage/Sub Menu Tagihan Persiswa/Field Nama/Klik Field Nama")): Object: 'Object Repository/Master Tagihan/Admin Sekolah/Pembayaran Siswa/Homepage/Sub Menu Tagihan Persiswa/Field Nama/Klik Field Nama' is clicked on

06-01-2025T10:04:40 - [MESSAGE][PASSED] - Object: 'Object Repository/Master Tagihan/Admin Sekolah/Pembayaran Siswa/Homepage/Sub Menu Tagihan Persiswa/Field Nama/Klik Field Nama' is clicked on

06-01-2025T10:04:40 - [TEST_STEP][PASSED] - setText(findTestObject("Master Tagihan/Admin Sekolah/Pembayaran Siswa/Homepage/Sub Menu Tagihan Persiswa/Field Nama/Klik Field Nama"), "2024"): Text '2024' is set on object 'Object Repository/Master Tagihan/Admin Sekolah/Pembayaran Siswa/Homepage/Sub Menu Tagihan Persiswa/Field Nama/Klik Field Nama'

06-01-2025T10:04:41 - [MESSAGE][PASSED] - Text '2024' is set on object 'Object Repository/Master Tagihan/Admin Sekolah/Pembayaran Siswa/Homepage/Sub Menu Tagihan Persiswa/Field Nama/Klik Field Nama'

06-01-2025T10:04:41 - [TEST_STEP][PASSED] - click(findTestObject("Master Tagihan/Admin Sekolah/Pembayaran Siswa/Homepage/Sub Menu Tagihan Persiswa/Filter/Filter By NIS/Pilih Value NIS")): Object: 'Object Repository/Master Tagihan/Admin Sekolah/Pembayaran Siswa/Homepage/Sub Menu Tagihan Persiswa/Filter/Filter By NIS/Pilih Value NIS' is clicked on

06-01-2025T10:04:42 - [MESSAGE][PASSED] - Object: 'Object Repository/Master Tagihan/Admin Sekolah/Pembayaran Siswa/Homepage/Sub Menu Tagihan Persiswa/Filter/Filter By NIS/Pilih Value NIS' is clicked on

06-01-2025T10:04:42 - [TEST_STEP][PASSED] - delay(1): Delayed 1 second(s)

06-01-2025T10:04:43 - [MESSAGE][PASSED] - Delayed 1 second(s)

06-01-2025T10:04:43 - [TEST_STEP][PASSED] - click(findTestObject("Master Tagihan/Admin Sekolah/Pembayaran Siswa/Homepage/Sub Menu Tagihan Persiswa/Tombol Terapkan/Klik Tombol Terapkan")): Object: 'Object Repository/Master Tagihan/Admin Sekolah/Pembayaran Siswa/Homepage/Sub Menu Tagihan Persiswa/Tombol Terapkan/Klik Tombol Terapkan' is clicked on

06-01-2025T10:04:44 - [MESSAGE][PASSED] - Object: 'Object Repository/Master Tagihan/Admin Sekolah/Pembayaran Siswa/Homepage/Sub Menu Tagihan Persiswa/Tombol Terapkan/Klik Tombol Terapkan' is clicked on

06-01-2025T10:04:44 - [TEST_STEP][PASSED] - delay(1): Delayed 1 second(s)

06-01-2025T10:04:45 - [MESSAGE][PASSED] - Delayed 1 second(s)

06-01-2025T10:04:45 - [TEST_STEP][PASSED] - click(findTestObject("Master Tagihan/Admin Sekolah/Pembayaran Siswa/Homepage/Sub Menu Tagihan Persiswa/Tri Dots Icon/Hapus Tagihan PerSiswa/Tridots Untuk Hapus")): Object: 'Object Repository/Master Tagihan/Admin Sekolah/Pembayaran Siswa/Homepage/Sub Menu Tagihan Persiswa/Tri Dots Icon/Hapus Tagihan PerSiswa/Tridots Untuk Hapus' is clicked on

06-01-2025T10:04:45 - [MESSAGE][PASSED] - Object: 'Object Repository/Master Tagihan/Admin Sekolah/Pembayaran Siswa/Homepage/Sub Menu Tagihan Persiswa/Tri Dots Icon/Hapus Tagihan PerSiswa/Tridots Untuk Hapus' is clicked on

06-01-2025T10:04:45 - [TEST_STEP][PASSED] - click(findTestObject("Master Tagihan/Admin Sekolah/Pembayaran Siswa/Homepage/Sub Menu Tagihan Persiswa/Tri Dots Icon/Hapus Tagihan PerSiswa/Option Hapus")): Object: 'Object Repository/Master Tagihan/Admin Sekolah/Pembayaran Siswa/Homepage/Sub Menu Tagihan Persiswa/Tri Dots Icon/Hapus Tagihan PerSiswa/Option Hapus' is clicked on

06-01-2025T10:04:46 - [MESSAGE][PASSED] - Object: 'Object Repository/Master Tagihan/Admin Sekolah/Pembayaran Siswa/Homepage/Sub Menu Tagihan Persiswa/Tri Dots Icon/Hapus Tagihan PerSiswa/Option Hapus' is clicked on

06-01-2025T10:04:46 - [TEST_STEP][PASSED] - click(findTestObject("Master Tagihan/Admin Sekolah/Pembayaran Siswa/Homepage/Sub Menu Tagihan Persiswa/Tri Dots Icon/Hapus Tagihan PerSiswa/Hapus Data")): Object: 'Object Repository/Master Tagihan/Admin Sekolah/Pembayaran Siswa/Homepage/Sub Menu Tagihan Persiswa/Tri Dots Icon/Hapus Tagihan PerSiswa/Hapus Data' is clicked on

06-01-2025T10:04:46 - [MESSAGE][PASSED] - Object: 'Object Repository/Master Tagihan/Admin Sekolah/Pembayaran Siswa/Homepage/Sub Menu Tagihan Persiswa/Tri Dots Icon/Hapus Tagihan PerSiswa/Hapus Data' is clicked on

06-01-2025T10:04:46 - [TEST_STEP][PASSED] - closeBrowser(): Browser is closed

06-01-2025T10:04:46 - [MESSAGE][PASSED] - Browser is closed

06-01-2025T10:04:46 - [MESSAGE][PASSED] - Call Test Case 'Test Cases/Master Tagihan/Admin Sekolah/Master Tagihan Pembayaran Per Siswa/Delete Tagihan Persiswa' successfully

06-01-2025T10:04:46 - [TEST_STEP][PASSED] - println("============================= Loop Again ==============================="): null]]></system-out>
         <system-err><![CDATA[]]></system-err>
      </testcase>
      <testcase name="Test Cases/Regresi Feature/Sprint 2/Regresi Tagihan" time="195.335" classname="Test Cases/Regresi Feature/Sprint 2/Regresi Tagihan" status="PASSED">
         <system-out><![CDATA[06-01-2025T10:04:46 - [TEST_CASE][PASSED] - Test Cases/Regresi Feature/Sprint 2/Regresi Tagihan: Test Cases/Regresi Feature/Sprint 2/Regresi Tagihan

06-01-2025T10:04:47 - [TEST_STEP][PASSED] - for ([i = 1, i <= maxLoop, (i++)]): null

06-01-2025T10:04:47 - [TEST_STEP][PASSED] - callTestCase(findTestCase("Test Cases/Master Data/Admin Sekolah/Master Data Tagihan/Filter Tagihan"), [:], CONTINUE_ON_FAILURE): Call Test Case 'Test Cases/Master Data/Admin Sekolah/Master Data Tagihan/Filter Tagihan' successfully

06-01-2025T10:04:47 - [TEST_CASE][PASSED] - Test Cases/Master Data/Admin Sekolah/Master Data Tagihan/Filter Tagihan: Test Cases/Master Data/Admin Sekolah/Master Data Tagihan/Filter Tagihan

06-01-2025T10:04:47 - [TEST_STEP][PASSED] - openBrowser("", CONTINUE_ON_FAILURE): Browser is opened with url: ''

06-01-2025T10:04:47 - [MESSAGE][INFO] - Starting 'Chrome' driver

06-01-2025T10:04:47 - [MESSAGE][INFO] - Action delay is set to 0 milliseconds

06-01-2025T10:04:48 - [MESSAGE][PASSED] - Browser is opened with url: ''

06-01-2025T10:04:48 - [TEST_STEP][PASSED] - navigateToUrl("https://sit.siprusedu.com/login", CONTINUE_ON_FAILURE): Navigate to 'https://sit.siprusedu.com/login' successfully

06-01-2025T10:04:48 - [MESSAGE][PASSED] - Navigate to 'https://sit.siprusedu.com/login' successfully

06-01-2025T10:04:48 - [TEST_STEP][PASSED] - click(findTestObject("Master Data/Admin Sekolah/Login/Field Email"), CONTINUE_ON_FAILURE): Object: 'Object Repository/Master Data/Admin Sekolah/Login/Field Email' is clicked on

06-01-2025T10:04:49 - [MESSAGE][PASSED] - Object: 'Object Repository/Master Data/Admin Sekolah/Login/Field Email' is clicked on

06-01-2025T10:04:49 - [TEST_STEP][PASSED] - setText(findTestObject("Master Data/Admin Sekolah/Login/Field Email"), "admin.gudangsolusi@digiform.co.id", CONTINUE_ON_FAILURE): Text 'admin.gudangsolusi@digiform.co.id' is set on object 'Object Repository/Master Data/Admin Sekolah/Login/Field Email'

06-01-2025T10:04:50 - [MESSAGE][PASSED] - Text 'admin.gudangsolusi@digiform.co.id' is set on object 'Object Repository/Master Data/Admin Sekolah/Login/Field Email'

06-01-2025T10:04:50 - [TEST_STEP][PASSED] - delay(1, CONTINUE_ON_FAILURE): Delayed 1 second(s)

06-01-2025T10:04:51 - [MESSAGE][PASSED] - Delayed 1 second(s)

06-01-2025T10:04:51 - [TEST_STEP][PASSED] - click(findTestObject("Master Data/Admin Sekolah/Login/Input Password"), CONTINUE_ON_FAILURE): Object: 'Object Repository/Master Data/Admin Sekolah/Login/Input Password' is clicked on

06-01-2025T10:04:51 - [MESSAGE][PASSED] - Object: 'Object Repository/Master Data/Admin Sekolah/Login/Input Password' is clicked on

06-01-2025T10:04:51 - [TEST_STEP][PASSED] - setText(findTestObject("Master Data/Admin Sekolah/Login/Input Password"), "Test1234", CONTINUE_ON_FAILURE): Text 'Test1234' is set on object 'Object Repository/Master Data/Admin Sekolah/Login/Input Password'

06-01-2025T10:04:52 - [MESSAGE][PASSED] - Text 'Test1234' is set on object 'Object Repository/Master Data/Admin Sekolah/Login/Input Password'

06-01-2025T10:04:52 - [TEST_STEP][PASSED] - delay(1, CONTINUE_ON_FAILURE): Delayed 1 second(s)

06-01-2025T10:04:53 - [MESSAGE][PASSED] - Delayed 1 second(s)

06-01-2025T10:04:53 - [TEST_STEP][PASSED] - click(findTestObject("Master Data/Admin Sekolah/Login/Button Submit"), CONTINUE_ON_FAILURE): Object: 'Object Repository/Master Data/Admin Sekolah/Login/Button Submit' is clicked on

06-01-2025T10:04:53 - [MESSAGE][PASSED] - Object: 'Object Repository/Master Data/Admin Sekolah/Login/Button Submit' is clicked on

06-01-2025T10:04:53 - [TEST_STEP][PASSED] - click(findTestObject("Master Data/Admin Sekolah/Lihat Tagihan/Menu Master Data"), CONTINUE_ON_FAILURE): Object: 'Object Repository/Master Data/Admin Sekolah/Lihat Tagihan/Menu Master Data' is clicked on

06-01-2025T10:04:55 - [MESSAGE][PASSED] - Object: 'Object Repository/Master Data/Admin Sekolah/Lihat Tagihan/Menu Master Data' is clicked on

06-01-2025T10:04:55 - [TEST_STEP][PASSED] - delay(1, CONTINUE_ON_FAILURE): Delayed 1 second(s)

06-01-2025T10:04:56 - [MESSAGE][PASSED] - Delayed 1 second(s)

06-01-2025T10:04:56 - [TEST_STEP][PASSED] - click(findTestObject("Master Data/Admin Sekolah/Lihat Tagihan/Menu Tagihan"), CONTINUE_ON_FAILURE): Object: 'Object Repository/Master Data/Admin Sekolah/Lihat Tagihan/Menu Tagihan' is clicked on

06-01-2025T10:04:56 - [MESSAGE][PASSED] - Object: 'Object Repository/Master Data/Admin Sekolah/Lihat Tagihan/Menu Tagihan' is clicked on

06-01-2025T10:04:56 - [TEST_STEP][PASSED] - delay(1, CONTINUE_ON_FAILURE): Delayed 1 second(s)

06-01-2025T10:04:57 - [MESSAGE][PASSED] - Delayed 1 second(s)

06-01-2025T10:04:57 - [TEST_STEP][PASSED] - click(findTestObject("Master Data/Admin Sekolah/Filter Tagihan/Button Filter"), CONTINUE_ON_FAILURE): Object: 'Object Repository/Master Data/Admin Sekolah/Filter Tagihan/Button Filter' is clicked on

06-01-2025T10:04:58 - [MESSAGE][PASSED] - Object: 'Object Repository/Master Data/Admin Sekolah/Filter Tagihan/Button Filter' is clicked on

06-01-2025T10:04:58 - [TEST_STEP][PASSED] - delay(1, CONTINUE_ON_FAILURE): Delayed 1 second(s)

06-01-2025T10:04:59 - [MESSAGE][PASSED] - Delayed 1 second(s)

06-01-2025T10:04:59 - [TEST_STEP][PASSED] - click(findTestObject("Master Data/Admin Sekolah/Filter Tagihan/Select Tipe Tagihan"), CONTINUE_ON_FAILURE): Object: 'Object Repository/Master Data/Admin Sekolah/Filter Tagihan/Select Tipe Tagihan' is clicked on

06-01-2025T10:04:59 - [MESSAGE][PASSED] - Object: 'Object Repository/Master Data/Admin Sekolah/Filter Tagihan/Select Tipe Tagihan' is clicked on

06-01-2025T10:04:59 - [TEST_STEP][PASSED] - delay(1, CONTINUE_ON_FAILURE): Delayed 1 second(s)

06-01-2025T10:05:00 - [MESSAGE][PASSED] - Delayed 1 second(s)

06-01-2025T10:05:00 - [TEST_STEP][PASSED] - click(findTestObject("Master Data/Admin Sekolah/Filter Tagihan/Tagihan Reguler"), CONTINUE_ON_FAILURE): Object: 'Object Repository/Master Data/Admin Sekolah/Filter Tagihan/Tagihan Reguler' is clicked on

06-01-2025T10:05:00 - [MESSAGE][PASSED] - Object: 'Object Repository/Master Data/Admin Sekolah/Filter Tagihan/Tagihan Reguler' is clicked on

06-01-2025T10:05:00 - [TEST_STEP][PASSED] - delay(1, CONTINUE_ON_FAILURE): Delayed 1 second(s)

06-01-2025T10:05:01 - [MESSAGE][PASSED] - Delayed 1 second(s)

06-01-2025T10:05:01 - [TEST_STEP][PASSED] - click(findTestObject("Master Data/Admin Sekolah/Filter Tagihan/Select Rekening Bank"), CONTINUE_ON_FAILURE): Object: 'Object Repository/Master Data/Admin Sekolah/Filter Tagihan/Select Rekening Bank' is clicked on

06-01-2025T10:05:02 - [MESSAGE][PASSED] - Object: 'Object Repository/Master Data/Admin Sekolah/Filter Tagihan/Select Rekening Bank' is clicked on

06-01-2025T10:05:02 - [TEST_STEP][PASSED] - delay(1, CONTINUE_ON_FAILURE): Delayed 1 second(s)

06-01-2025T10:05:03 - [MESSAGE][PASSED] - Delayed 1 second(s)

06-01-2025T10:05:03 - [TEST_STEP][PASSED] - click(findTestObject("Master Data/Admin Sekolah/Filter Tagihan/CIMB"), CONTINUE_ON_FAILURE): Object: 'Object Repository/Master Data/Admin Sekolah/Filter Tagihan/CIMB' is clicked on

06-01-2025T10:05:03 - [MESSAGE][PASSED] - Object: 'Object Repository/Master Data/Admin Sekolah/Filter Tagihan/CIMB' is clicked on

06-01-2025T10:05:03 - [TEST_STEP][PASSED] - delay(1, CONTINUE_ON_FAILURE): Delayed 1 second(s)

06-01-2025T10:05:04 - [MESSAGE][PASSED] - Delayed 1 second(s)

06-01-2025T10:05:04 - [TEST_STEP][PASSED] - click(findTestObject("Master Data/Admin Sekolah/Filter Tagihan/Button Terapkan"), CONTINUE_ON_FAILURE): Object: 'Object Repository/Master Data/Admin Sekolah/Filter Tagihan/Button Terapkan' is clicked on

06-01-2025T10:05:04 - [MESSAGE][PASSED] - Object: 'Object Repository/Master Data/Admin Sekolah/Filter Tagihan/Button Terapkan' is clicked on

06-01-2025T10:05:04 - [MESSAGE][PASSED] - Call Test Case 'Test Cases/Master Data/Admin Sekolah/Master Data Tagihan/Filter Tagihan' successfully

06-01-2025T10:05:04 - [TEST_STEP][PASSED] - callTestCase(findTestCase("Test Cases/Master Data/Admin Sekolah/Master Data Tagihan/Lihat Tagihan"), [:], CONTINUE_ON_FAILURE): Call Test Case 'Test Cases/Master Data/Admin Sekolah/Master Data Tagihan/Lihat Tagihan' successfully

06-01-2025T10:05:04 - [TEST_CASE][PASSED] - Test Cases/Master Data/Admin Sekolah/Master Data Tagihan/Lihat Tagihan: Test Cases/Master Data/Admin Sekolah/Master Data Tagihan/Lihat Tagihan

06-01-2025T10:05:04 - [TEST_STEP][PASSED] - openBrowser("", CONTINUE_ON_FAILURE): Browser is opened with url: ''

06-01-2025T10:05:04 - [MESSAGE][WARNING] - A browser is already opened. Closing browser and opening a new one

06-01-2025T10:05:04 - [MESSAGE][INFO] - Starting 'Chrome' driver

06-01-2025T10:05:04 - [MESSAGE][INFO] - Action delay is set to 0 milliseconds

06-01-2025T10:05:05 - [MESSAGE][PASSED] - Browser is opened with url: ''

06-01-2025T10:05:05 - [TEST_STEP][PASSED] - navigateToUrl("https://sit.siprusedu.com/login", CONTINUE_ON_FAILURE): Navigate to 'https://sit.siprusedu.com/login' successfully

06-01-2025T10:05:06 - [MESSAGE][PASSED] - Navigate to 'https://sit.siprusedu.com/login' successfully

06-01-2025T10:05:06 - [TEST_STEP][PASSED] - click(findTestObject("Master Data/Admin Sekolah/Login/Field Email"), CONTINUE_ON_FAILURE): Object: 'Object Repository/Master Data/Admin Sekolah/Login/Field Email' is clicked on

06-01-2025T10:05:07 - [MESSAGE][PASSED] - Object: 'Object Repository/Master Data/Admin Sekolah/Login/Field Email' is clicked on

06-01-2025T10:05:07 - [TEST_STEP][PASSED] - setText(findTestObject("Master Data/Admin Sekolah/Login/Field Email"), "admin.gudangsolusi@digiform.co.id", CONTINUE_ON_FAILURE): Text 'admin.gudangsolusi@digiform.co.id' is set on object 'Object Repository/Master Data/Admin Sekolah/Login/Field Email'

06-01-2025T10:05:08 - [MESSAGE][PASSED] - Text 'admin.gudangsolusi@digiform.co.id' is set on object 'Object Repository/Master Data/Admin Sekolah/Login/Field Email'

06-01-2025T10:05:08 - [TEST_STEP][PASSED] - click(findTestObject("Master Data/Admin Sekolah/Login/Input Password"), CONTINUE_ON_FAILURE): Object: 'Object Repository/Master Data/Admin Sekolah/Login/Input Password' is clicked on

06-01-2025T10:05:08 - [MESSAGE][PASSED] - Object: 'Object Repository/Master Data/Admin Sekolah/Login/Input Password' is clicked on

06-01-2025T10:05:08 - [TEST_STEP][PASSED] - setText(findTestObject("Master Data/Admin Sekolah/Login/Input Password"), "Test1234", CONTINUE_ON_FAILURE): Text 'Test1234' is set on object 'Object Repository/Master Data/Admin Sekolah/Login/Input Password'

06-01-2025T10:05:09 - [MESSAGE][PASSED] - Text 'Test1234' is set on object 'Object Repository/Master Data/Admin Sekolah/Login/Input Password'

06-01-2025T10:05:09 - [TEST_STEP][PASSED] - click(findTestObject("Master Data/Admin Sekolah/Login/Button Submit"), CONTINUE_ON_FAILURE): Object: 'Object Repository/Master Data/Admin Sekolah/Login/Button Submit' is clicked on

06-01-2025T10:05:09 - [MESSAGE][PASSED] - Object: 'Object Repository/Master Data/Admin Sekolah/Login/Button Submit' is clicked on

06-01-2025T10:05:09 - [TEST_STEP][PASSED] - click(findTestObject("Master Data/Admin Sekolah/Lihat Tagihan/Menu Master Data"), CONTINUE_ON_FAILURE): Object: 'Object Repository/Master Data/Admin Sekolah/Lihat Tagihan/Menu Master Data' is clicked on

06-01-2025T10:05:11 - [MESSAGE][PASSED] - Object: 'Object Repository/Master Data/Admin Sekolah/Lihat Tagihan/Menu Master Data' is clicked on

06-01-2025T10:05:11 - [TEST_STEP][PASSED] - click(findTestObject("Master Data/Admin Sekolah/Lihat Tagihan/Menu Tagihan"), CONTINUE_ON_FAILURE): Object: 'Object Repository/Master Data/Admin Sekolah/Lihat Tagihan/Menu Tagihan' is clicked on

06-01-2025T10:05:11 - [MESSAGE][PASSED] - Object: 'Object Repository/Master Data/Admin Sekolah/Lihat Tagihan/Menu Tagihan' is clicked on

06-01-2025T10:05:11 - [TEST_STEP][PASSED] - delay(1, CONTINUE_ON_FAILURE): Delayed 1 second(s)

06-01-2025T10:05:12 - [MESSAGE][PASSED] - Delayed 1 second(s)

06-01-2025T10:05:12 - [TEST_STEP][PASSED] - click(findTestObject("Master Data/Admin Sekolah/Lihat Tagihan/Button View"), CONTINUE_ON_FAILURE): Object: 'Object Repository/Master Data/Admin Sekolah/Lihat Tagihan/Button View' is clicked on

06-01-2025T10:05:13 - [MESSAGE][PASSED] - Object: 'Object Repository/Master Data/Admin Sekolah/Lihat Tagihan/Button View' is clicked on

06-01-2025T10:05:13 - [MESSAGE][PASSED] - Call Test Case 'Test Cases/Master Data/Admin Sekolah/Master Data Tagihan/Lihat Tagihan' successfully

06-01-2025T10:05:13 - [TEST_STEP][PASSED] - callTestCase(findTestCase("Test Cases/Master Data/Admin Sekolah/Master Data Tagihan/Tambah Tagihan"), [:], CONTINUE_ON_FAILURE): Call Test Case 'Test Cases/Master Data/Admin Sekolah/Master Data Tagihan/Tambah Tagihan' successfully

06-01-2025T10:05:13 - [TEST_CASE][PASSED] - Test Cases/Master Data/Admin Sekolah/Master Data Tagihan/Tambah Tagihan: Test Cases/Master Data/Admin Sekolah/Master Data Tagihan/Tambah Tagihan

06-01-2025T10:05:13 - [TEST_STEP][PASSED] - openBrowser("", CONTINUE_ON_FAILURE): Browser is opened with url: ''

06-01-2025T10:05:13 - [MESSAGE][WARNING] - A browser is already opened. Closing browser and opening a new one

06-01-2025T10:05:13 - [MESSAGE][INFO] - Starting 'Chrome' driver

06-01-2025T10:05:13 - [MESSAGE][INFO] - Action delay is set to 0 milliseconds

06-01-2025T10:05:14 - [MESSAGE][PASSED] - Browser is opened with url: ''

06-01-2025T10:05:14 - [TEST_STEP][PASSED] - navigateToUrl("https://sit.siprusedu.com/login", CONTINUE_ON_FAILURE): Navigate to 'https://sit.siprusedu.com/login' successfully

06-01-2025T10:05:15 - [MESSAGE][PASSED] - Navigate to 'https://sit.siprusedu.com/login' successfully

06-01-2025T10:05:15 - [TEST_STEP][PASSED] - setText(findTestObject("Master Data/Admin Sekolah/Login/Field Email"), "admin.gudangsolusi@digiform.co.id", CONTINUE_ON_FAILURE): Text 'admin.gudangsolusi@digiform.co.id' is set on object 'Object Repository/Master Data/Admin Sekolah/Login/Field Email'

06-01-2025T10:05:17 - [MESSAGE][PASSED] - Text 'admin.gudangsolusi@digiform.co.id' is set on object 'Object Repository/Master Data/Admin Sekolah/Login/Field Email'

06-01-2025T10:05:17 - [TEST_STEP][PASSED] - setText(findTestObject("Master Data/Admin Sekolah/Login/Input Password"), "Test1234", CONTINUE_ON_FAILURE): Text 'Test1234' is set on object 'Object Repository/Master Data/Admin Sekolah/Login/Input Password'

06-01-2025T10:05:18 - [MESSAGE][PASSED] - Text 'Test1234' is set on object 'Object Repository/Master Data/Admin Sekolah/Login/Input Password'

06-01-2025T10:05:18 - [TEST_STEP][PASSED] - click(findTestObject("Master Data/Admin Sekolah/Login/Button Submit"), CONTINUE_ON_FAILURE): Object: 'Object Repository/Master Data/Admin Sekolah/Login/Button Submit' is clicked on

06-01-2025T10:05:18 - [MESSAGE][PASSED] - Object: 'Object Repository/Master Data/Admin Sekolah/Login/Button Submit' is clicked on

06-01-2025T10:05:18 - [TEST_STEP][PASSED] - click(findTestObject("Master Data/Admin Sekolah/Tambah Tagihan/Menu Master Data"), CONTINUE_ON_FAILURE): Object: 'Object Repository/Master Data/Admin Sekolah/Tambah Tagihan/Menu Master Data' is clicked on

06-01-2025T10:05:20 - [MESSAGE][PASSED] - Object: 'Object Repository/Master Data/Admin Sekolah/Tambah Tagihan/Menu Master Data' is clicked on

06-01-2025T10:05:20 - [TEST_STEP][PASSED] - click(findTestObject("Master Data/Admin Sekolah/Tambah Tagihan/Menu Tagihan"), CONTINUE_ON_FAILURE): Object: 'Object Repository/Master Data/Admin Sekolah/Tambah Tagihan/Menu Tagihan' is clicked on

06-01-2025T10:05:20 - [MESSAGE][PASSED] - Object: 'Object Repository/Master Data/Admin Sekolah/Tambah Tagihan/Menu Tagihan' is clicked on

06-01-2025T10:05:20 - [TEST_STEP][PASSED] - click(findTestObject("Master Data/Admin Sekolah/Tambah Tagihan/Button Tambah"), CONTINUE_ON_FAILURE): Object: 'Object Repository/Master Data/Admin Sekolah/Tambah Tagihan/Button Tambah' is clicked on

06-01-2025T10:05:23 - [MESSAGE][PASSED] - Object: 'Object Repository/Master Data/Admin Sekolah/Tambah Tagihan/Button Tambah' is clicked on

06-01-2025T10:05:23 - [TEST_STEP][PASSED] - setText(findTestObject("Master Data/Admin Sekolah/Tambah Tagihan/Input Nama Tagihan"), "KATALONZ", CONTINUE_ON_FAILURE): Text 'KATALONZ' is set on object 'Object Repository/Master Data/Admin Sekolah/Tambah Tagihan/Input Nama Tagihan'

06-01-2025T10:05:24 - [MESSAGE][PASSED] - Text 'KATALONZ' is set on object 'Object Repository/Master Data/Admin Sekolah/Tambah Tagihan/Input Nama Tagihan'

06-01-2025T10:05:24 - [TEST_STEP][PASSED] - click(findTestObject("Master Data/Admin Sekolah/Tambah Tagihan/Select Tipe Tagihan"), CONTINUE_ON_FAILURE): Object: 'Object Repository/Master Data/Admin Sekolah/Tambah Tagihan/Select Tipe Tagihan' is clicked on

06-01-2025T10:05:25 - [MESSAGE][PASSED] - Object: 'Object Repository/Master Data/Admin Sekolah/Tambah Tagihan/Select Tipe Tagihan' is clicked on

06-01-2025T10:05:25 - [TEST_STEP][PASSED] - click(findTestObject("Master Data/Admin Sekolah/Tambah Tagihan/Tagihan Regular"), CONTINUE_ON_FAILURE): Object: 'Object Repository/Master Data/Admin Sekolah/Tambah Tagihan/Tagihan Regular' is clicked on

06-01-2025T10:05:25 - [MESSAGE][PASSED] - Object: 'Object Repository/Master Data/Admin Sekolah/Tambah Tagihan/Tagihan Regular' is clicked on

06-01-2025T10:05:25 - [TEST_STEP][PASSED] - click(findTestObject("Master Data/Admin Sekolah/Tambah Tagihan/Klik Tahun Ajaran")): Object: 'Object Repository/Master Data/Admin Sekolah/Tambah Tagihan/Klik Tahun Ajaran' is clicked on

06-01-2025T10:05:25 - [MESSAGE][PASSED] - Object: 'Object Repository/Master Data/Admin Sekolah/Tambah Tagihan/Klik Tahun Ajaran' is clicked on

06-01-2025T10:05:25 - [TEST_STEP][PASSED] - click(findTestObject("Master Data/Admin Sekolah/Tambah Tagihan/2023-2024")): Object: 'Object Repository/Master Data/Admin Sekolah/Tambah Tagihan/2023-2024' is clicked on

06-01-2025T10:05:26 - [MESSAGE][PASSED] - Object: 'Object Repository/Master Data/Admin Sekolah/Tambah Tagihan/2023-2024' is clicked on

06-01-2025T10:05:26 - [TEST_STEP][PASSED] - click(findTestObject("Master Data/Admin Sekolah/Tambah Tagihan/Select Kelas"), CONTINUE_ON_FAILURE): Object: 'Object Repository/Master Data/Admin Sekolah/Tambah Tagihan/Select Kelas' is clicked on

06-01-2025T10:05:26 - [MESSAGE][PASSED] - Object: 'Object Repository/Master Data/Admin Sekolah/Tambah Tagihan/Select Kelas' is clicked on

06-01-2025T10:05:26 - [TEST_STEP][PASSED] - click(findTestObject("Master Data/Admin Sekolah/Tambah Tagihan/Semua Kelas"), CONTINUE_ON_FAILURE): Object: 'Object Repository/Master Data/Admin Sekolah/Tambah Tagihan/Semua Kelas' is clicked on

06-01-2025T10:05:27 - [MESSAGE][PASSED] - Object: 'Object Repository/Master Data/Admin Sekolah/Tambah Tagihan/Semua Kelas' is clicked on

06-01-2025T10:05:27 - [TEST_STEP][PASSED] - click(findTestObject("Master Data/Admin Sekolah/Tambah Tagihan/Tutup Kelas")): Object: 'Object Repository/Master Data/Admin Sekolah/Tambah Tagihan/Tutup Kelas' is clicked on

06-01-2025T10:05:27 - [MESSAGE][PASSED] - Object: 'Object Repository/Master Data/Admin Sekolah/Tambah Tagihan/Tutup Kelas' is clicked on

06-01-2025T10:05:27 - [TEST_STEP][PASSED] - setText(findTestObject("Master Data/Admin Sekolah/Tambah Tagihan/Input Kode Tagihan"), "HKU", CONTINUE_ON_FAILURE): Text 'HKU' is set on object 'Object Repository/Master Data/Admin Sekolah/Tambah Tagihan/Input Kode Tagihan'

06-01-2025T10:05:28 - [MESSAGE][PASSED] - Text 'HKU' is set on object 'Object Repository/Master Data/Admin Sekolah/Tambah Tagihan/Input Kode Tagihan'

06-01-2025T10:05:28 - [TEST_STEP][PASSED] - setText(findTestObject("Master Data/Admin Sekolah/Tambah Tagihan/Input Jumlah Tagihan"), "750000", CONTINUE_ON_FAILURE): Text '750000' is set on object 'Object Repository/Master Data/Admin Sekolah/Tambah Tagihan/Input Jumlah Tagihan'

06-01-2025T10:05:28 - [MESSAGE][PASSED] - Text '750000' is set on object 'Object Repository/Master Data/Admin Sekolah/Tambah Tagihan/Input Jumlah Tagihan'

06-01-2025T10:05:28 - [TEST_STEP][PASSED] - click(findTestObject("Master Data/Admin Sekolah/Tambah Tagihan/Select Rekening Bank"), CONTINUE_ON_FAILURE): Object: 'Object Repository/Master Data/Admin Sekolah/Tambah Tagihan/Select Rekening Bank' is clicked on

06-01-2025T10:05:29 - [MESSAGE][PASSED] - Object: 'Object Repository/Master Data/Admin Sekolah/Tambah Tagihan/Select Rekening Bank' is clicked on

06-01-2025T10:05:29 - [TEST_STEP][PASSED] - click(findTestObject("Master Data/Admin Sekolah/Tambah Tagihan/CIMB"), CONTINUE_ON_FAILURE): Object: 'Object Repository/Master Data/Admin Sekolah/Tambah Tagihan/CIMB' is clicked on

06-01-2025T10:05:29 - [MESSAGE][PASSED] - Object: 'Object Repository/Master Data/Admin Sekolah/Tambah Tagihan/CIMB' is clicked on

06-01-2025T10:05:29 - [TEST_STEP][PASSED] - setText(findTestObject("Master Data/Admin Sekolah/Tambah Tagihan/Input Keterangan"), "Ini keterangan katalon", CONTINUE_ON_FAILURE): Text 'Ini keterangan katalon' is set on object 'Object Repository/Master Data/Admin Sekolah/Tambah Tagihan/Input Keterangan'

06-01-2025T10:05:30 - [MESSAGE][PASSED] - Text 'Ini keterangan katalon' is set on object 'Object Repository/Master Data/Admin Sekolah/Tambah Tagihan/Input Keterangan'

06-01-2025T10:05:30 - [TEST_STEP][PASSED] - click(findTestObject("Master Data/Admin Sekolah/Tambah Tagihan/Button Generate"), CONTINUE_ON_FAILURE): Object: 'Object Repository/Master Data/Admin Sekolah/Tambah Tagihan/Button Generate' is clicked on

06-01-2025T10:05:31 - [MESSAGE][PASSED] - Object: 'Object Repository/Master Data/Admin Sekolah/Tambah Tagihan/Button Generate' is clicked on

06-01-2025T10:05:31 - [TEST_STEP][PASSED] - click(findTestObject("Master Data/Admin Sekolah/Tambah Tagihan/Button Tambahkan"), CONTINUE_ON_FAILURE): Object: 'Object Repository/Master Data/Admin Sekolah/Tambah Tagihan/Button Tambahkan' is clicked on

06-01-2025T10:05:31 - [MESSAGE][PASSED] - Object: 'Object Repository/Master Data/Admin Sekolah/Tambah Tagihan/Button Tambahkan' is clicked on

06-01-2025T10:05:31 - [TEST_STEP][PASSED] - click(findTestObject("Master Data/Admin Sekolah/Tambah Tagihan/Button YA"), CONTINUE_ON_FAILURE): Object: 'Object Repository/Master Data/Admin Sekolah/Tambah Tagihan/Button YA' is clicked on

06-01-2025T10:05:32 - [MESSAGE][PASSED] - Object: 'Object Repository/Master Data/Admin Sekolah/Tambah Tagihan/Button YA' is clicked on

06-01-2025T10:05:32 - [TEST_STEP][PASSED] - delay(3, CONTINUE_ON_FAILURE): Delayed 3 second(s)

06-01-2025T10:05:35 - [MESSAGE][PASSED] - Delayed 3 second(s)

06-01-2025T10:05:35 - [TEST_STEP][PASSED] - verifyTextPresent("Billing code sudah di gunakan", false, CONTINUE_ON_FAILURE): Text 'Billing code sudah di gunakan' is present on page 

06-01-2025T10:05:35 - [MESSAGE][PASSED] - Text 'Billing code sudah di gunakan' is present on page 

06-01-2025T10:05:35 - [TEST_STEP][PASSED] - delay(2, CONTINUE_ON_FAILURE): Delayed 2 second(s)

06-01-2025T10:05:37 - [MESSAGE][PASSED] - Delayed 2 second(s)

06-01-2025T10:05:37 - [TEST_STEP][PASSED] - minDigits = 2: null

06-01-2025T10:05:37 - [TEST_STEP][PASSED] - maxDigits = 5: null

06-01-2025T10:05:37 - [TEST_STEP][PASSED] - randomLength = Math.random() * maxDigits - minDigits + 1 + minDigits: null

06-01-2025T10:05:37 - [TEST_STEP][PASSED] - randomNumber = String.format("%0" + randomLength + "d", Math.random() * Math.pow(10, randomLength)): null

06-01-2025T10:05:37 - [TEST_STEP][PASSED] - click(findTestObject("Master Data/Admin Sekolah/Tambah Tagihan/Input Kode Tagihan"), CONTINUE_ON_FAILURE): Object: 'Object Repository/Master Data/Admin Sekolah/Tambah Tagihan/Input Kode Tagihan' is clicked on

06-01-2025T10:05:37 - [MESSAGE][PASSED] - Object: 'Object Repository/Master Data/Admin Sekolah/Tambah Tagihan/Input Kode Tagihan' is clicked on

06-01-2025T10:05:37 - [TEST_STEP][PASSED] - sendKeys(findTestObject("Master Data/Admin Sekolah/Tambah Tagihan/Input Kode Tagihan"), Keys.chord(CONTROL, "a", BACK_SPACE), CONTINUE_ON_FAILURE): Keys 'CONTROL + BACK_SPACE + a' sent to object: 'Object Repository/Master Data/Admin Sekolah/Tambah Tagihan/Input Kode Tagihan'

06-01-2025T10:05:38 - [MESSAGE][PASSED] - Keys 'CONTROL + BACK_SPACE + a' sent to object: 'Object Repository/Master Data/Admin Sekolah/Tambah Tagihan/Input Kode Tagihan'

06-01-2025T10:05:38 - [TEST_STEP][PASSED] - click(findTestObject("Master Data/Admin Sekolah/Tambah Tagihan/Input Kode Tagihan"), CONTINUE_ON_FAILURE): Object: 'Object Repository/Master Data/Admin Sekolah/Tambah Tagihan/Input Kode Tagihan' is clicked on

06-01-2025T10:05:38 - [MESSAGE][PASSED] - Object: 'Object Repository/Master Data/Admin Sekolah/Tambah Tagihan/Input Kode Tagihan' is clicked on

06-01-2025T10:05:38 - [TEST_STEP][PASSED] - setText(findTestObject("Master Data/Admin Sekolah/Tambah Tagihan/Input Kode Tagihan"), randomNumber, CONTINUE_ON_FAILURE): Text '67' is set on object 'Object Repository/Master Data/Admin Sekolah/Tambah Tagihan/Input Kode Tagihan'

06-01-2025T10:05:39 - [MESSAGE][PASSED] - Text '67' is set on object 'Object Repository/Master Data/Admin Sekolah/Tambah Tagihan/Input Kode Tagihan'

06-01-2025T10:05:39 - [TEST_STEP][PASSED] - delay(1, CONTINUE_ON_FAILURE): Delayed 1 second(s)

06-01-2025T10:05:40 - [MESSAGE][PASSED] - Delayed 1 second(s)

06-01-2025T10:05:40 - [TEST_STEP][PASSED] - if (getAttribute(findTestObject("Master Data/Admin Sekolah/Tambah Tagihan/Input Kode Tagihan"), "value") == ""): Attribute 'value' of object 'Object Repository/Master Data/Admin Sekolah/Tambah Tagihan/Input Kode Tagihan' is: '67'

06-01-2025T10:05:40 - [MESSAGE][PASSED] - Attribute 'value' of object 'Object Repository/Master Data/Admin Sekolah/Tambah Tagihan/Input Kode Tagihan' is: '67'

06-01-2025T10:05:40 - [TEST_STEP][PASSED] - else: null

06-01-2025T10:05:40 - [TEST_STEP][PASSED] - println("Field tidak kosong setelah clearText dan JavaScript. Cek ulang penghapusan."): null

06-01-2025T10:05:40 - [TEST_STEP][PASSED] - click(findTestObject("Master Data/Admin Sekolah/Tambah Tagihan/Button Tambahkan"), CONTINUE_ON_FAILURE): Object: 'Object Repository/Master Data/Admin Sekolah/Tambah Tagihan/Button Tambahkan' is clicked on

06-01-2025T10:05:40 - [MESSAGE][PASSED] - Object: 'Object Repository/Master Data/Admin Sekolah/Tambah Tagihan/Button Tambahkan' is clicked on

06-01-2025T10:05:40 - [TEST_STEP][PASSED] - click(findTestObject("Master Data/Admin Sekolah/Tambah Tagihan/Button YA"), CONTINUE_ON_FAILURE): Object: 'Object Repository/Master Data/Admin Sekolah/Tambah Tagihan/Button YA' is clicked on

06-01-2025T10:05:41 - [MESSAGE][PASSED] - Object: 'Object Repository/Master Data/Admin Sekolah/Tambah Tagihan/Button YA' is clicked on

06-01-2025T10:05:41 - [MESSAGE][PASSED] - Call Test Case 'Test Cases/Master Data/Admin Sekolah/Master Data Tagihan/Tambah Tagihan' successfully

06-01-2025T10:05:41 - [TEST_STEP][PASSED] - println("============================= Loop Again ==============================="): null

06-01-2025T10:05:41 - [TEST_STEP][PASSED] - callTestCase(findTestCase("Test Cases/Master Data/Admin Sekolah/Master Data Tagihan/Filter Tagihan"), [:], CONTINUE_ON_FAILURE): Call Test Case 'Test Cases/Master Data/Admin Sekolah/Master Data Tagihan/Filter Tagihan' successfully

06-01-2025T10:05:41 - [TEST_CASE][PASSED] - Test Cases/Master Data/Admin Sekolah/Master Data Tagihan/Filter Tagihan: Test Cases/Master Data/Admin Sekolah/Master Data Tagihan/Filter Tagihan

06-01-2025T10:05:41 - [TEST_STEP][PASSED] - openBrowser("", CONTINUE_ON_FAILURE): Browser is opened with url: ''

06-01-2025T10:05:41 - [MESSAGE][WARNING] - A browser is already opened. Closing browser and opening a new one

06-01-2025T10:05:41 - [MESSAGE][INFO] - Starting 'Chrome' driver

06-01-2025T10:05:41 - [MESSAGE][INFO] - Action delay is set to 0 milliseconds

06-01-2025T10:05:42 - [MESSAGE][PASSED] - Browser is opened with url: ''

06-01-2025T10:05:42 - [TEST_STEP][PASSED] - navigateToUrl("https://sit.siprusedu.com/login", CONTINUE_ON_FAILURE): Navigate to 'https://sit.siprusedu.com/login' successfully

06-01-2025T10:05:43 - [MESSAGE][PASSED] - Navigate to 'https://sit.siprusedu.com/login' successfully

06-01-2025T10:05:43 - [TEST_STEP][PASSED] - click(findTestObject("Master Data/Admin Sekolah/Login/Field Email"), CONTINUE_ON_FAILURE): Object: 'Object Repository/Master Data/Admin Sekolah/Login/Field Email' is clicked on

06-01-2025T10:05:44 - [MESSAGE][PASSED] - Object: 'Object Repository/Master Data/Admin Sekolah/Login/Field Email' is clicked on

06-01-2025T10:05:44 - [TEST_STEP][PASSED] - setText(findTestObject("Master Data/Admin Sekolah/Login/Field Email"), "admin.gudangsolusi@digiform.co.id", CONTINUE_ON_FAILURE): Text 'admin.gudangsolusi@digiform.co.id' is set on object 'Object Repository/Master Data/Admin Sekolah/Login/Field Email'

06-01-2025T10:05:45 - [MESSAGE][PASSED] - Text 'admin.gudangsolusi@digiform.co.id' is set on object 'Object Repository/Master Data/Admin Sekolah/Login/Field Email'

06-01-2025T10:05:45 - [TEST_STEP][PASSED] - delay(1, CONTINUE_ON_FAILURE): Delayed 1 second(s)

06-01-2025T10:05:46 - [MESSAGE][PASSED] - Delayed 1 second(s)

06-01-2025T10:05:46 - [TEST_STEP][PASSED] - click(findTestObject("Master Data/Admin Sekolah/Login/Input Password"), CONTINUE_ON_FAILURE): Object: 'Object Repository/Master Data/Admin Sekolah/Login/Input Password' is clicked on

06-01-2025T10:05:46 - [MESSAGE][PASSED] - Object: 'Object Repository/Master Data/Admin Sekolah/Login/Input Password' is clicked on

06-01-2025T10:05:46 - [TEST_STEP][PASSED] - setText(findTestObject("Master Data/Admin Sekolah/Login/Input Password"), "Test1234", CONTINUE_ON_FAILURE): Text 'Test1234' is set on object 'Object Repository/Master Data/Admin Sekolah/Login/Input Password'

06-01-2025T10:05:47 - [MESSAGE][PASSED] - Text 'Test1234' is set on object 'Object Repository/Master Data/Admin Sekolah/Login/Input Password'

06-01-2025T10:05:47 - [TEST_STEP][PASSED] - delay(1, CONTINUE_ON_FAILURE): Delayed 1 second(s)

06-01-2025T10:05:48 - [MESSAGE][PASSED] - Delayed 1 second(s)

06-01-2025T10:05:48 - [TEST_STEP][PASSED] - click(findTestObject("Master Data/Admin Sekolah/Login/Button Submit"), CONTINUE_ON_FAILURE): Object: 'Object Repository/Master Data/Admin Sekolah/Login/Button Submit' is clicked on

06-01-2025T10:05:48 - [MESSAGE][PASSED] - Object: 'Object Repository/Master Data/Admin Sekolah/Login/Button Submit' is clicked on

06-01-2025T10:05:48 - [TEST_STEP][PASSED] - click(findTestObject("Master Data/Admin Sekolah/Lihat Tagihan/Menu Master Data"), CONTINUE_ON_FAILURE): Object: 'Object Repository/Master Data/Admin Sekolah/Lihat Tagihan/Menu Master Data' is clicked on

06-01-2025T10:05:50 - [MESSAGE][PASSED] - Object: 'Object Repository/Master Data/Admin Sekolah/Lihat Tagihan/Menu Master Data' is clicked on

06-01-2025T10:05:50 - [TEST_STEP][PASSED] - delay(1, CONTINUE_ON_FAILURE): Delayed 1 second(s)

06-01-2025T10:05:51 - [MESSAGE][PASSED] - Delayed 1 second(s)

06-01-2025T10:05:51 - [TEST_STEP][PASSED] - click(findTestObject("Master Data/Admin Sekolah/Lihat Tagihan/Menu Tagihan"), CONTINUE_ON_FAILURE): Object: 'Object Repository/Master Data/Admin Sekolah/Lihat Tagihan/Menu Tagihan' is clicked on

06-01-2025T10:05:51 - [MESSAGE][PASSED] - Object: 'Object Repository/Master Data/Admin Sekolah/Lihat Tagihan/Menu Tagihan' is clicked on

06-01-2025T10:05:51 - [TEST_STEP][PASSED] - delay(1, CONTINUE_ON_FAILURE): Delayed 1 second(s)

06-01-2025T10:05:52 - [MESSAGE][PASSED] - Delayed 1 second(s)

06-01-2025T10:05:52 - [TEST_STEP][PASSED] - click(findTestObject("Master Data/Admin Sekolah/Filter Tagihan/Button Filter"), CONTINUE_ON_FAILURE): Object: 'Object Repository/Master Data/Admin Sekolah/Filter Tagihan/Button Filter' is clicked on

06-01-2025T10:05:53 - [MESSAGE][PASSED] - Object: 'Object Repository/Master Data/Admin Sekolah/Filter Tagihan/Button Filter' is clicked on

06-01-2025T10:05:53 - [TEST_STEP][PASSED] - delay(1, CONTINUE_ON_FAILURE): Delayed 1 second(s)

06-01-2025T10:05:54 - [MESSAGE][PASSED] - Delayed 1 second(s)

06-01-2025T10:05:54 - [TEST_STEP][PASSED] - click(findTestObject("Master Data/Admin Sekolah/Filter Tagihan/Select Tipe Tagihan"), CONTINUE_ON_FAILURE): Object: 'Object Repository/Master Data/Admin Sekolah/Filter Tagihan/Select Tipe Tagihan' is clicked on

06-01-2025T10:05:54 - [MESSAGE][PASSED] - Object: 'Object Repository/Master Data/Admin Sekolah/Filter Tagihan/Select Tipe Tagihan' is clicked on

06-01-2025T10:05:54 - [TEST_STEP][PASSED] - delay(1, CONTINUE_ON_FAILURE): Delayed 1 second(s)

06-01-2025T10:05:55 - [MESSAGE][PASSED] - Delayed 1 second(s)

06-01-2025T10:05:55 - [TEST_STEP][PASSED] - click(findTestObject("Master Data/Admin Sekolah/Filter Tagihan/Tagihan Reguler"), CONTINUE_ON_FAILURE): Object: 'Object Repository/Master Data/Admin Sekolah/Filter Tagihan/Tagihan Reguler' is clicked on

06-01-2025T10:05:55 - [MESSAGE][PASSED] - Object: 'Object Repository/Master Data/Admin Sekolah/Filter Tagihan/Tagihan Reguler' is clicked on

06-01-2025T10:05:55 - [TEST_STEP][PASSED] - delay(1, CONTINUE_ON_FAILURE): Delayed 1 second(s)

06-01-2025T10:05:56 - [MESSAGE][PASSED] - Delayed 1 second(s)

06-01-2025T10:05:56 - [TEST_STEP][PASSED] - click(findTestObject("Master Data/Admin Sekolah/Filter Tagihan/Select Rekening Bank"), CONTINUE_ON_FAILURE): Object: 'Object Repository/Master Data/Admin Sekolah/Filter Tagihan/Select Rekening Bank' is clicked on

06-01-2025T10:05:57 - [MESSAGE][PASSED] - Object: 'Object Repository/Master Data/Admin Sekolah/Filter Tagihan/Select Rekening Bank' is clicked on

06-01-2025T10:05:57 - [TEST_STEP][PASSED] - delay(1, CONTINUE_ON_FAILURE): Delayed 1 second(s)

06-01-2025T10:05:58 - [MESSAGE][PASSED] - Delayed 1 second(s)

06-01-2025T10:05:58 - [TEST_STEP][PASSED] - click(findTestObject("Master Data/Admin Sekolah/Filter Tagihan/CIMB"), CONTINUE_ON_FAILURE): Object: 'Object Repository/Master Data/Admin Sekolah/Filter Tagihan/CIMB' is clicked on

06-01-2025T10:05:58 - [MESSAGE][PASSED] - Object: 'Object Repository/Master Data/Admin Sekolah/Filter Tagihan/CIMB' is clicked on

06-01-2025T10:05:58 - [TEST_STEP][PASSED] - delay(1, CONTINUE_ON_FAILURE): Delayed 1 second(s)

06-01-2025T10:05:59 - [MESSAGE][PASSED] - Delayed 1 second(s)

06-01-2025T10:05:59 - [TEST_STEP][PASSED] - click(findTestObject("Master Data/Admin Sekolah/Filter Tagihan/Button Terapkan"), CONTINUE_ON_FAILURE): Object: 'Object Repository/Master Data/Admin Sekolah/Filter Tagihan/Button Terapkan' is clicked on

06-01-2025T10:05:59 - [MESSAGE][PASSED] - Object: 'Object Repository/Master Data/Admin Sekolah/Filter Tagihan/Button Terapkan' is clicked on

06-01-2025T10:05:59 - [MESSAGE][PASSED] - Call Test Case 'Test Cases/Master Data/Admin Sekolah/Master Data Tagihan/Filter Tagihan' successfully

06-01-2025T10:05:59 - [TEST_STEP][PASSED] - callTestCase(findTestCase("Test Cases/Master Data/Admin Sekolah/Master Data Tagihan/Lihat Tagihan"), [:], CONTINUE_ON_FAILURE): Call Test Case 'Test Cases/Master Data/Admin Sekolah/Master Data Tagihan/Lihat Tagihan' successfully

06-01-2025T10:05:59 - [TEST_CASE][PASSED] - Test Cases/Master Data/Admin Sekolah/Master Data Tagihan/Lihat Tagihan: Test Cases/Master Data/Admin Sekolah/Master Data Tagihan/Lihat Tagihan

06-01-2025T10:05:59 - [TEST_STEP][PASSED] - openBrowser("", CONTINUE_ON_FAILURE): Browser is opened with url: ''

06-01-2025T10:05:59 - [MESSAGE][WARNING] - A browser is already opened. Closing browser and opening a new one

06-01-2025T10:05:59 - [MESSAGE][INFO] - Starting 'Chrome' driver

06-01-2025T10:05:59 - [MESSAGE][INFO] - Action delay is set to 0 milliseconds

06-01-2025T10:06:00 - [MESSAGE][PASSED] - Browser is opened with url: ''

06-01-2025T10:06:00 - [TEST_STEP][PASSED] - navigateToUrl("https://sit.siprusedu.com/login", CONTINUE_ON_FAILURE): Navigate to 'https://sit.siprusedu.com/login' successfully

06-01-2025T10:06:01 - [MESSAGE][PASSED] - Navigate to 'https://sit.siprusedu.com/login' successfully

06-01-2025T10:06:01 - [TEST_STEP][PASSED] - click(findTestObject("Master Data/Admin Sekolah/Login/Field Email"), CONTINUE_ON_FAILURE): Object: 'Object Repository/Master Data/Admin Sekolah/Login/Field Email' is clicked on

06-01-2025T10:06:02 - [MESSAGE][PASSED] - Object: 'Object Repository/Master Data/Admin Sekolah/Login/Field Email' is clicked on

06-01-2025T10:06:02 - [TEST_STEP][PASSED] - setText(findTestObject("Master Data/Admin Sekolah/Login/Field Email"), "admin.gudangsolusi@digiform.co.id", CONTINUE_ON_FAILURE): Text 'admin.gudangsolusi@digiform.co.id' is set on object 'Object Repository/Master Data/Admin Sekolah/Login/Field Email'

06-01-2025T10:06:03 - [MESSAGE][PASSED] - Text 'admin.gudangsolusi@digiform.co.id' is set on object 'Object Repository/Master Data/Admin Sekolah/Login/Field Email'

06-01-2025T10:06:03 - [TEST_STEP][PASSED] - click(findTestObject("Master Data/Admin Sekolah/Login/Input Password"), CONTINUE_ON_FAILURE): Object: 'Object Repository/Master Data/Admin Sekolah/Login/Input Password' is clicked on

06-01-2025T10:06:03 - [MESSAGE][PASSED] - Object: 'Object Repository/Master Data/Admin Sekolah/Login/Input Password' is clicked on

06-01-2025T10:06:03 - [TEST_STEP][PASSED] - setText(findTestObject("Master Data/Admin Sekolah/Login/Input Password"), "Test1234", CONTINUE_ON_FAILURE): Text 'Test1234' is set on object 'Object Repository/Master Data/Admin Sekolah/Login/Input Password'

06-01-2025T10:06:04 - [MESSAGE][PASSED] - Text 'Test1234' is set on object 'Object Repository/Master Data/Admin Sekolah/Login/Input Password'

06-01-2025T10:06:04 - [TEST_STEP][PASSED] - click(findTestObject("Master Data/Admin Sekolah/Login/Button Submit"), CONTINUE_ON_FAILURE): Object: 'Object Repository/Master Data/Admin Sekolah/Login/Button Submit' is clicked on

06-01-2025T10:06:04 - [MESSAGE][PASSED] - Object: 'Object Repository/Master Data/Admin Sekolah/Login/Button Submit' is clicked on

06-01-2025T10:06:04 - [TEST_STEP][PASSED] - click(findTestObject("Master Data/Admin Sekolah/Lihat Tagihan/Menu Master Data"), CONTINUE_ON_FAILURE): Object: 'Object Repository/Master Data/Admin Sekolah/Lihat Tagihan/Menu Master Data' is clicked on

06-01-2025T10:06:06 - [MESSAGE][PASSED] - Object: 'Object Repository/Master Data/Admin Sekolah/Lihat Tagihan/Menu Master Data' is clicked on

06-01-2025T10:06:06 - [TEST_STEP][PASSED] - click(findTestObject("Master Data/Admin Sekolah/Lihat Tagihan/Menu Tagihan"), CONTINUE_ON_FAILURE): Object: 'Object Repository/Master Data/Admin Sekolah/Lihat Tagihan/Menu Tagihan' is clicked on

06-01-2025T10:06:06 - [MESSAGE][PASSED] - Object: 'Object Repository/Master Data/Admin Sekolah/Lihat Tagihan/Menu Tagihan' is clicked on

06-01-2025T10:06:06 - [TEST_STEP][PASSED] - delay(1, CONTINUE_ON_FAILURE): Delayed 1 second(s)

06-01-2025T10:06:07 - [MESSAGE][PASSED] - Delayed 1 second(s)

06-01-2025T10:06:07 - [TEST_STEP][PASSED] - click(findTestObject("Master Data/Admin Sekolah/Lihat Tagihan/Button View"), CONTINUE_ON_FAILURE): Object: 'Object Repository/Master Data/Admin Sekolah/Lihat Tagihan/Button View' is clicked on

06-01-2025T10:06:08 - [MESSAGE][PASSED] - Object: 'Object Repository/Master Data/Admin Sekolah/Lihat Tagihan/Button View' is clicked on

06-01-2025T10:06:08 - [MESSAGE][PASSED] - Call Test Case 'Test Cases/Master Data/Admin Sekolah/Master Data Tagihan/Lihat Tagihan' successfully

06-01-2025T10:06:08 - [TEST_STEP][PASSED] - callTestCase(findTestCase("Test Cases/Master Data/Admin Sekolah/Master Data Tagihan/Tambah Tagihan"), [:], CONTINUE_ON_FAILURE): Call Test Case 'Test Cases/Master Data/Admin Sekolah/Master Data Tagihan/Tambah Tagihan' successfully

06-01-2025T10:06:08 - [TEST_CASE][PASSED] - Test Cases/Master Data/Admin Sekolah/Master Data Tagihan/Tambah Tagihan: Test Cases/Master Data/Admin Sekolah/Master Data Tagihan/Tambah Tagihan

06-01-2025T10:06:08 - [TEST_STEP][PASSED] - openBrowser("", CONTINUE_ON_FAILURE): Browser is opened with url: ''

06-01-2025T10:06:08 - [MESSAGE][WARNING] - A browser is already opened. Closing browser and opening a new one

06-01-2025T10:06:08 - [MESSAGE][INFO] - Starting 'Chrome' driver

06-01-2025T10:06:08 - [MESSAGE][INFO] - Action delay is set to 0 milliseconds

06-01-2025T10:06:09 - [MESSAGE][PASSED] - Browser is opened with url: ''

06-01-2025T10:06:09 - [TEST_STEP][PASSED] - navigateToUrl("https://sit.siprusedu.com/login", CONTINUE_ON_FAILURE): Navigate to 'https://sit.siprusedu.com/login' successfully

06-01-2025T10:06:10 - [MESSAGE][PASSED] - Navigate to 'https://sit.siprusedu.com/login' successfully

06-01-2025T10:06:10 - [TEST_STEP][PASSED] - setText(findTestObject("Master Data/Admin Sekolah/Login/Field Email"), "admin.gudangsolusi@digiform.co.id", CONTINUE_ON_FAILURE): Text 'admin.gudangsolusi@digiform.co.id' is set on object 'Object Repository/Master Data/Admin Sekolah/Login/Field Email'

06-01-2025T10:06:11 - [MESSAGE][PASSED] - Text 'admin.gudangsolusi@digiform.co.id' is set on object 'Object Repository/Master Data/Admin Sekolah/Login/Field Email'

06-01-2025T10:06:11 - [TEST_STEP][PASSED] - setText(findTestObject("Master Data/Admin Sekolah/Login/Input Password"), "Test1234", CONTINUE_ON_FAILURE): Text 'Test1234' is set on object 'Object Repository/Master Data/Admin Sekolah/Login/Input Password'

06-01-2025T10:06:12 - [MESSAGE][PASSED] - Text 'Test1234' is set on object 'Object Repository/Master Data/Admin Sekolah/Login/Input Password'

06-01-2025T10:06:12 - [TEST_STEP][PASSED] - click(findTestObject("Master Data/Admin Sekolah/Login/Button Submit"), CONTINUE_ON_FAILURE): Object: 'Object Repository/Master Data/Admin Sekolah/Login/Button Submit' is clicked on

06-01-2025T10:06:12 - [MESSAGE][PASSED] - Object: 'Object Repository/Master Data/Admin Sekolah/Login/Button Submit' is clicked on

06-01-2025T10:06:12 - [TEST_STEP][PASSED] - click(findTestObject("Master Data/Admin Sekolah/Tambah Tagihan/Menu Master Data"), CONTINUE_ON_FAILURE): Object: 'Object Repository/Master Data/Admin Sekolah/Tambah Tagihan/Menu Master Data' is clicked on

06-01-2025T10:06:14 - [MESSAGE][PASSED] - Object: 'Object Repository/Master Data/Admin Sekolah/Tambah Tagihan/Menu Master Data' is clicked on

06-01-2025T10:06:14 - [TEST_STEP][PASSED] - click(findTestObject("Master Data/Admin Sekolah/Tambah Tagihan/Menu Tagihan"), CONTINUE_ON_FAILURE): Object: 'Object Repository/Master Data/Admin Sekolah/Tambah Tagihan/Menu Tagihan' is clicked on

06-01-2025T10:06:34 - [MESSAGE][PASSED] - Object: 'Object Repository/Master Data/Admin Sekolah/Tambah Tagihan/Menu Tagihan' is clicked on

06-01-2025T10:06:34 - [TEST_STEP][PASSED] - click(findTestObject("Master Data/Admin Sekolah/Tambah Tagihan/Button Tambah"), CONTINUE_ON_FAILURE): Object: 'Object Repository/Master Data/Admin Sekolah/Tambah Tagihan/Button Tambah' is clicked on

06-01-2025T10:06:34 - [MESSAGE][PASSED] - Object: 'Object Repository/Master Data/Admin Sekolah/Tambah Tagihan/Button Tambah' is clicked on

06-01-2025T10:06:34 - [TEST_STEP][PASSED] - setText(findTestObject("Master Data/Admin Sekolah/Tambah Tagihan/Input Nama Tagihan"), "KATALONZ", CONTINUE_ON_FAILURE): Text 'KATALONZ' is set on object 'Object Repository/Master Data/Admin Sekolah/Tambah Tagihan/Input Nama Tagihan'

06-01-2025T10:06:35 - [MESSAGE][PASSED] - Text 'KATALONZ' is set on object 'Object Repository/Master Data/Admin Sekolah/Tambah Tagihan/Input Nama Tagihan'

06-01-2025T10:06:35 - [TEST_STEP][PASSED] - click(findTestObject("Master Data/Admin Sekolah/Tambah Tagihan/Select Tipe Tagihan"), CONTINUE_ON_FAILURE): Object: 'Object Repository/Master Data/Admin Sekolah/Tambah Tagihan/Select Tipe Tagihan' is clicked on

06-01-2025T10:06:35 - [MESSAGE][PASSED] - Object: 'Object Repository/Master Data/Admin Sekolah/Tambah Tagihan/Select Tipe Tagihan' is clicked on

06-01-2025T10:06:35 - [TEST_STEP][PASSED] - click(findTestObject("Master Data/Admin Sekolah/Tambah Tagihan/Tagihan Regular"), CONTINUE_ON_FAILURE): Object: 'Object Repository/Master Data/Admin Sekolah/Tambah Tagihan/Tagihan Regular' is clicked on

06-01-2025T10:06:36 - [MESSAGE][PASSED] - Object: 'Object Repository/Master Data/Admin Sekolah/Tambah Tagihan/Tagihan Regular' is clicked on

06-01-2025T10:06:36 - [TEST_STEP][PASSED] - click(findTestObject("Master Data/Admin Sekolah/Tambah Tagihan/Klik Tahun Ajaran")): Object: 'Object Repository/Master Data/Admin Sekolah/Tambah Tagihan/Klik Tahun Ajaran' is clicked on

06-01-2025T10:06:36 - [MESSAGE][PASSED] - Object: 'Object Repository/Master Data/Admin Sekolah/Tambah Tagihan/Klik Tahun Ajaran' is clicked on

06-01-2025T10:06:36 - [TEST_STEP][PASSED] - click(findTestObject("Master Data/Admin Sekolah/Tambah Tagihan/2023-2024")): Object: 'Object Repository/Master Data/Admin Sekolah/Tambah Tagihan/2023-2024' is clicked on

06-01-2025T10:06:37 - [MESSAGE][PASSED] - Object: 'Object Repository/Master Data/Admin Sekolah/Tambah Tagihan/2023-2024' is clicked on

06-01-2025T10:06:37 - [TEST_STEP][PASSED] - click(findTestObject("Master Data/Admin Sekolah/Tambah Tagihan/Select Kelas"), CONTINUE_ON_FAILURE): Object: 'Object Repository/Master Data/Admin Sekolah/Tambah Tagihan/Select Kelas' is clicked on

06-01-2025T10:06:37 - [MESSAGE][PASSED] - Object: 'Object Repository/Master Data/Admin Sekolah/Tambah Tagihan/Select Kelas' is clicked on

06-01-2025T10:06:37 - [TEST_STEP][PASSED] - click(findTestObject("Master Data/Admin Sekolah/Tambah Tagihan/Semua Kelas"), CONTINUE_ON_FAILURE): Object: 'Object Repository/Master Data/Admin Sekolah/Tambah Tagihan/Semua Kelas' is clicked on

06-01-2025T10:06:38 - [MESSAGE][PASSED] - Object: 'Object Repository/Master Data/Admin Sekolah/Tambah Tagihan/Semua Kelas' is clicked on

06-01-2025T10:06:38 - [TEST_STEP][PASSED] - click(findTestObject("Master Data/Admin Sekolah/Tambah Tagihan/Tutup Kelas")): Object: 'Object Repository/Master Data/Admin Sekolah/Tambah Tagihan/Tutup Kelas' is clicked on

06-01-2025T10:06:38 - [MESSAGE][PASSED] - Object: 'Object Repository/Master Data/Admin Sekolah/Tambah Tagihan/Tutup Kelas' is clicked on

06-01-2025T10:06:38 - [TEST_STEP][PASSED] - setText(findTestObject("Master Data/Admin Sekolah/Tambah Tagihan/Input Kode Tagihan"), "HKU", CONTINUE_ON_FAILURE): Text 'HKU' is set on object 'Object Repository/Master Data/Admin Sekolah/Tambah Tagihan/Input Kode Tagihan'

06-01-2025T10:06:39 - [MESSAGE][PASSED] - Text 'HKU' is set on object 'Object Repository/Master Data/Admin Sekolah/Tambah Tagihan/Input Kode Tagihan'

06-01-2025T10:06:39 - [TEST_STEP][PASSED] - setText(findTestObject("Master Data/Admin Sekolah/Tambah Tagihan/Input Jumlah Tagihan"), "750000", CONTINUE_ON_FAILURE): Text '750000' is set on object 'Object Repository/Master Data/Admin Sekolah/Tambah Tagihan/Input Jumlah Tagihan'

06-01-2025T10:06:39 - [MESSAGE][PASSED] - Text '750000' is set on object 'Object Repository/Master Data/Admin Sekolah/Tambah Tagihan/Input Jumlah Tagihan'

06-01-2025T10:06:39 - [TEST_STEP][PASSED] - click(findTestObject("Master Data/Admin Sekolah/Tambah Tagihan/Select Rekening Bank"), CONTINUE_ON_FAILURE): Object: 'Object Repository/Master Data/Admin Sekolah/Tambah Tagihan/Select Rekening Bank' is clicked on

06-01-2025T10:06:40 - [MESSAGE][PASSED] - Object: 'Object Repository/Master Data/Admin Sekolah/Tambah Tagihan/Select Rekening Bank' is clicked on

06-01-2025T10:06:40 - [TEST_STEP][PASSED] - click(findTestObject("Master Data/Admin Sekolah/Tambah Tagihan/CIMB"), CONTINUE_ON_FAILURE): Object: 'Object Repository/Master Data/Admin Sekolah/Tambah Tagihan/CIMB' is clicked on

06-01-2025T10:06:40 - [MESSAGE][PASSED] - Object: 'Object Repository/Master Data/Admin Sekolah/Tambah Tagihan/CIMB' is clicked on

06-01-2025T10:06:40 - [TEST_STEP][PASSED] - setText(findTestObject("Master Data/Admin Sekolah/Tambah Tagihan/Input Keterangan"), "Ini keterangan katalon", CONTINUE_ON_FAILURE): Text 'Ini keterangan katalon' is set on object 'Object Repository/Master Data/Admin Sekolah/Tambah Tagihan/Input Keterangan'

06-01-2025T10:06:41 - [MESSAGE][PASSED] - Text 'Ini keterangan katalon' is set on object 'Object Repository/Master Data/Admin Sekolah/Tambah Tagihan/Input Keterangan'

06-01-2025T10:06:41 - [TEST_STEP][PASSED] - click(findTestObject("Master Data/Admin Sekolah/Tambah Tagihan/Button Generate"), CONTINUE_ON_FAILURE): Object: 'Object Repository/Master Data/Admin Sekolah/Tambah Tagihan/Button Generate' is clicked on

06-01-2025T10:06:41 - [MESSAGE][PASSED] - Object: 'Object Repository/Master Data/Admin Sekolah/Tambah Tagihan/Button Generate' is clicked on

06-01-2025T10:06:41 - [TEST_STEP][PASSED] - click(findTestObject("Master Data/Admin Sekolah/Tambah Tagihan/Button Tambahkan"), CONTINUE_ON_FAILURE): Object: 'Object Repository/Master Data/Admin Sekolah/Tambah Tagihan/Button Tambahkan' is clicked on

06-01-2025T10:06:42 - [MESSAGE][PASSED] - Object: 'Object Repository/Master Data/Admin Sekolah/Tambah Tagihan/Button Tambahkan' is clicked on

06-01-2025T10:06:42 - [TEST_STEP][PASSED] - click(findTestObject("Master Data/Admin Sekolah/Tambah Tagihan/Button YA"), CONTINUE_ON_FAILURE): Object: 'Object Repository/Master Data/Admin Sekolah/Tambah Tagihan/Button YA' is clicked on

06-01-2025T10:06:42 - [MESSAGE][PASSED] - Object: 'Object Repository/Master Data/Admin Sekolah/Tambah Tagihan/Button YA' is clicked on

06-01-2025T10:06:42 - [TEST_STEP][PASSED] - delay(3, CONTINUE_ON_FAILURE): Delayed 3 second(s)

06-01-2025T10:06:45 - [MESSAGE][PASSED] - Delayed 3 second(s)

06-01-2025T10:06:45 - [TEST_STEP][PASSED] - verifyTextPresent("Billing code sudah di gunakan", false, CONTINUE_ON_FAILURE): Text 'Billing code sudah di gunakan' is present on page 

06-01-2025T10:06:46 - [MESSAGE][PASSED] - Text 'Billing code sudah di gunakan' is present on page 

06-01-2025T10:06:46 - [TEST_STEP][PASSED] - delay(2, CONTINUE_ON_FAILURE): Delayed 2 second(s)

06-01-2025T10:06:48 - [MESSAGE][PASSED] - Delayed 2 second(s)

06-01-2025T10:06:48 - [TEST_STEP][PASSED] - minDigits = 2: null

06-01-2025T10:06:48 - [TEST_STEP][PASSED] - maxDigits = 5: null

06-01-2025T10:06:48 - [TEST_STEP][PASSED] - randomLength = Math.random() * maxDigits - minDigits + 1 + minDigits: null

06-01-2025T10:06:48 - [TEST_STEP][PASSED] - randomNumber = String.format("%0" + randomLength + "d", Math.random() * Math.pow(10, randomLength)): null

06-01-2025T10:06:48 - [TEST_STEP][PASSED] - click(findTestObject("Master Data/Admin Sekolah/Tambah Tagihan/Input Kode Tagihan"), CONTINUE_ON_FAILURE): Object: 'Object Repository/Master Data/Admin Sekolah/Tambah Tagihan/Input Kode Tagihan' is clicked on

06-01-2025T10:06:48 - [MESSAGE][PASSED] - Object: 'Object Repository/Master Data/Admin Sekolah/Tambah Tagihan/Input Kode Tagihan' is clicked on

06-01-2025T10:06:48 - [TEST_STEP][PASSED] - sendKeys(findTestObject("Master Data/Admin Sekolah/Tambah Tagihan/Input Kode Tagihan"), Keys.chord(CONTROL, "a", BACK_SPACE), CONTINUE_ON_FAILURE): Keys 'CONTROL + BACK_SPACE + a' sent to object: 'Object Repository/Master Data/Admin Sekolah/Tambah Tagihan/Input Kode Tagihan'

06-01-2025T10:06:48 - [MESSAGE][PASSED] - Keys 'CONTROL + BACK_SPACE + a' sent to object: 'Object Repository/Master Data/Admin Sekolah/Tambah Tagihan/Input Kode Tagihan'

06-01-2025T10:06:48 - [TEST_STEP][PASSED] - click(findTestObject("Master Data/Admin Sekolah/Tambah Tagihan/Input Kode Tagihan"), CONTINUE_ON_FAILURE): Object: 'Object Repository/Master Data/Admin Sekolah/Tambah Tagihan/Input Kode Tagihan' is clicked on

06-01-2025T10:06:49 - [MESSAGE][PASSED] - Object: 'Object Repository/Master Data/Admin Sekolah/Tambah Tagihan/Input Kode Tagihan' is clicked on

06-01-2025T10:06:49 - [TEST_STEP][PASSED] - setText(findTestObject("Master Data/Admin Sekolah/Tambah Tagihan/Input Kode Tagihan"), randomNumber, CONTINUE_ON_FAILURE): Text '77' is set on object 'Object Repository/Master Data/Admin Sekolah/Tambah Tagihan/Input Kode Tagihan'

06-01-2025T10:06:49 - [MESSAGE][PASSED] - Text '77' is set on object 'Object Repository/Master Data/Admin Sekolah/Tambah Tagihan/Input Kode Tagihan'

06-01-2025T10:06:49 - [TEST_STEP][PASSED] - delay(1, CONTINUE_ON_FAILURE): Delayed 1 second(s)

06-01-2025T10:06:50 - [MESSAGE][PASSED] - Delayed 1 second(s)

06-01-2025T10:06:50 - [TEST_STEP][PASSED] - if (getAttribute(findTestObject("Master Data/Admin Sekolah/Tambah Tagihan/Input Kode Tagihan"), "value") == ""): Attribute 'value' of object 'Object Repository/Master Data/Admin Sekolah/Tambah Tagihan/Input Kode Tagihan' is: '77'

06-01-2025T10:06:51 - [MESSAGE][PASSED] - Attribute 'value' of object 'Object Repository/Master Data/Admin Sekolah/Tambah Tagihan/Input Kode Tagihan' is: '77'

06-01-2025T10:06:51 - [TEST_STEP][PASSED] - else: null

06-01-2025T10:06:51 - [TEST_STEP][PASSED] - println("Field tidak kosong setelah clearText dan JavaScript. Cek ulang penghapusan."): null

06-01-2025T10:06:51 - [TEST_STEP][PASSED] - click(findTestObject("Master Data/Admin Sekolah/Tambah Tagihan/Button Tambahkan"), CONTINUE_ON_FAILURE): Object: 'Object Repository/Master Data/Admin Sekolah/Tambah Tagihan/Button Tambahkan' is clicked on

06-01-2025T10:06:51 - [MESSAGE][PASSED] - Object: 'Object Repository/Master Data/Admin Sekolah/Tambah Tagihan/Button Tambahkan' is clicked on

06-01-2025T10:06:51 - [TEST_STEP][PASSED] - click(findTestObject("Master Data/Admin Sekolah/Tambah Tagihan/Button YA"), CONTINUE_ON_FAILURE): Object: 'Object Repository/Master Data/Admin Sekolah/Tambah Tagihan/Button YA' is clicked on

06-01-2025T10:06:51 - [MESSAGE][PASSED] - Object: 'Object Repository/Master Data/Admin Sekolah/Tambah Tagihan/Button YA' is clicked on

06-01-2025T10:06:51 - [MESSAGE][PASSED] - Call Test Case 'Test Cases/Master Data/Admin Sekolah/Master Data Tagihan/Tambah Tagihan' successfully

06-01-2025T10:06:51 - [TEST_STEP][PASSED] - println("============================= Loop Again ==============================="): null

06-01-2025T10:06:51 - [TEST_STEP][PASSED] - callTestCase(findTestCase("Test Cases/Master Data/Admin Sekolah/Master Data Tagihan/Filter Tagihan"), [:], CONTINUE_ON_FAILURE): Call Test Case 'Test Cases/Master Data/Admin Sekolah/Master Data Tagihan/Filter Tagihan' successfully

06-01-2025T10:06:52 - [TEST_CASE][PASSED] - Test Cases/Master Data/Admin Sekolah/Master Data Tagihan/Filter Tagihan: Test Cases/Master Data/Admin Sekolah/Master Data Tagihan/Filter Tagihan

06-01-2025T10:06:52 - [TEST_STEP][PASSED] - openBrowser("", CONTINUE_ON_FAILURE): Browser is opened with url: ''

06-01-2025T10:06:52 - [MESSAGE][WARNING] - A browser is already opened. Closing browser and opening a new one

06-01-2025T10:06:52 - [MESSAGE][INFO] - Starting 'Chrome' driver

06-01-2025T10:06:52 - [MESSAGE][INFO] - Action delay is set to 0 milliseconds

06-01-2025T10:06:53 - [MESSAGE][PASSED] - Browser is opened with url: ''

06-01-2025T10:06:53 - [TEST_STEP][PASSED] - navigateToUrl("https://sit.siprusedu.com/login", CONTINUE_ON_FAILURE): Navigate to 'https://sit.siprusedu.com/login' successfully

06-01-2025T10:06:53 - [MESSAGE][PASSED] - Navigate to 'https://sit.siprusedu.com/login' successfully

06-01-2025T10:06:53 - [TEST_STEP][PASSED] - click(findTestObject("Master Data/Admin Sekolah/Login/Field Email"), CONTINUE_ON_FAILURE): Object: 'Object Repository/Master Data/Admin Sekolah/Login/Field Email' is clicked on

06-01-2025T10:06:55 - [MESSAGE][PASSED] - Object: 'Object Repository/Master Data/Admin Sekolah/Login/Field Email' is clicked on

06-01-2025T10:06:55 - [TEST_STEP][PASSED] - setText(findTestObject("Master Data/Admin Sekolah/Login/Field Email"), "admin.gudangsolusi@digiform.co.id", CONTINUE_ON_FAILURE): Text 'admin.gudangsolusi@digiform.co.id' is set on object 'Object Repository/Master Data/Admin Sekolah/Login/Field Email'

06-01-2025T10:06:55 - [MESSAGE][PASSED] - Text 'admin.gudangsolusi@digiform.co.id' is set on object 'Object Repository/Master Data/Admin Sekolah/Login/Field Email'

06-01-2025T10:06:55 - [TEST_STEP][PASSED] - delay(1, CONTINUE_ON_FAILURE): Delayed 1 second(s)

06-01-2025T10:06:56 - [MESSAGE][PASSED] - Delayed 1 second(s)

06-01-2025T10:06:56 - [TEST_STEP][PASSED] - click(findTestObject("Master Data/Admin Sekolah/Login/Input Password"), CONTINUE_ON_FAILURE): Object: 'Object Repository/Master Data/Admin Sekolah/Login/Input Password' is clicked on

06-01-2025T10:06:57 - [MESSAGE][PASSED] - Object: 'Object Repository/Master Data/Admin Sekolah/Login/Input Password' is clicked on

06-01-2025T10:06:57 - [TEST_STEP][PASSED] - setText(findTestObject("Master Data/Admin Sekolah/Login/Input Password"), "Test1234", CONTINUE_ON_FAILURE): Text 'Test1234' is set on object 'Object Repository/Master Data/Admin Sekolah/Login/Input Password'

06-01-2025T10:06:57 - [MESSAGE][PASSED] - Text 'Test1234' is set on object 'Object Repository/Master Data/Admin Sekolah/Login/Input Password'

06-01-2025T10:06:57 - [TEST_STEP][PASSED] - delay(1, CONTINUE_ON_FAILURE): Delayed 1 second(s)

06-01-2025T10:06:58 - [MESSAGE][PASSED] - Delayed 1 second(s)

06-01-2025T10:06:58 - [TEST_STEP][PASSED] - click(findTestObject("Master Data/Admin Sekolah/Login/Button Submit"), CONTINUE_ON_FAILURE): Object: 'Object Repository/Master Data/Admin Sekolah/Login/Button Submit' is clicked on

06-01-2025T10:06:58 - [MESSAGE][PASSED] - Object: 'Object Repository/Master Data/Admin Sekolah/Login/Button Submit' is clicked on

06-01-2025T10:06:58 - [TEST_STEP][PASSED] - click(findTestObject("Master Data/Admin Sekolah/Lihat Tagihan/Menu Master Data"), CONTINUE_ON_FAILURE): Object: 'Object Repository/Master Data/Admin Sekolah/Lihat Tagihan/Menu Master Data' is clicked on

06-01-2025T10:07:00 - [MESSAGE][PASSED] - Object: 'Object Repository/Master Data/Admin Sekolah/Lihat Tagihan/Menu Master Data' is clicked on

06-01-2025T10:07:00 - [TEST_STEP][PASSED] - delay(1, CONTINUE_ON_FAILURE): Delayed 1 second(s)

06-01-2025T10:07:01 - [MESSAGE][PASSED] - Delayed 1 second(s)

06-01-2025T10:07:01 - [TEST_STEP][PASSED] - click(findTestObject("Master Data/Admin Sekolah/Lihat Tagihan/Menu Tagihan"), CONTINUE_ON_FAILURE): Object: 'Object Repository/Master Data/Admin Sekolah/Lihat Tagihan/Menu Tagihan' is clicked on

06-01-2025T10:07:20 - [MESSAGE][PASSED] - Object: 'Object Repository/Master Data/Admin Sekolah/Lihat Tagihan/Menu Tagihan' is clicked on

06-01-2025T10:07:20 - [TEST_STEP][PASSED] - delay(1, CONTINUE_ON_FAILURE): Delayed 1 second(s)

06-01-2025T10:07:21 - [MESSAGE][PASSED] - Delayed 1 second(s)

06-01-2025T10:07:21 - [TEST_STEP][PASSED] - click(findTestObject("Master Data/Admin Sekolah/Filter Tagihan/Button Filter"), CONTINUE_ON_FAILURE): Object: 'Object Repository/Master Data/Admin Sekolah/Filter Tagihan/Button Filter' is clicked on

06-01-2025T10:07:21 - [MESSAGE][PASSED] - Object: 'Object Repository/Master Data/Admin Sekolah/Filter Tagihan/Button Filter' is clicked on

06-01-2025T10:07:21 - [TEST_STEP][PASSED] - delay(1, CONTINUE_ON_FAILURE): Delayed 1 second(s)

06-01-2025T10:07:22 - [MESSAGE][PASSED] - Delayed 1 second(s)

06-01-2025T10:07:22 - [TEST_STEP][PASSED] - click(findTestObject("Master Data/Admin Sekolah/Filter Tagihan/Select Tipe Tagihan"), CONTINUE_ON_FAILURE): Object: 'Object Repository/Master Data/Admin Sekolah/Filter Tagihan/Select Tipe Tagihan' is clicked on

06-01-2025T10:07:22 - [MESSAGE][PASSED] - Object: 'Object Repository/Master Data/Admin Sekolah/Filter Tagihan/Select Tipe Tagihan' is clicked on

06-01-2025T10:07:22 - [TEST_STEP][PASSED] - delay(1, CONTINUE_ON_FAILURE): Delayed 1 second(s)

06-01-2025T10:07:23 - [MESSAGE][PASSED] - Delayed 1 second(s)

06-01-2025T10:07:23 - [TEST_STEP][PASSED] - click(findTestObject("Master Data/Admin Sekolah/Filter Tagihan/Tagihan Reguler"), CONTINUE_ON_FAILURE): Object: 'Object Repository/Master Data/Admin Sekolah/Filter Tagihan/Tagihan Reguler' is clicked on

06-01-2025T10:07:24 - [MESSAGE][PASSED] - Object: 'Object Repository/Master Data/Admin Sekolah/Filter Tagihan/Tagihan Reguler' is clicked on

06-01-2025T10:07:24 - [TEST_STEP][PASSED] - delay(1, CONTINUE_ON_FAILURE): Delayed 1 second(s)

06-01-2025T10:07:25 - [MESSAGE][PASSED] - Delayed 1 second(s)

06-01-2025T10:07:25 - [TEST_STEP][PASSED] - click(findTestObject("Master Data/Admin Sekolah/Filter Tagihan/Select Rekening Bank"), CONTINUE_ON_FAILURE): Object: 'Object Repository/Master Data/Admin Sekolah/Filter Tagihan/Select Rekening Bank' is clicked on

06-01-2025T10:07:25 - [MESSAGE][PASSED] - Object: 'Object Repository/Master Data/Admin Sekolah/Filter Tagihan/Select Rekening Bank' is clicked on

06-01-2025T10:07:25 - [TEST_STEP][PASSED] - delay(1, CONTINUE_ON_FAILURE): Delayed 1 second(s)

06-01-2025T10:07:26 - [MESSAGE][PASSED] - Delayed 1 second(s)

06-01-2025T10:07:26 - [TEST_STEP][PASSED] - click(findTestObject("Master Data/Admin Sekolah/Filter Tagihan/CIMB"), CONTINUE_ON_FAILURE): Object: 'Object Repository/Master Data/Admin Sekolah/Filter Tagihan/CIMB' is clicked on

06-01-2025T10:07:26 - [MESSAGE][PASSED] - Object: 'Object Repository/Master Data/Admin Sekolah/Filter Tagihan/CIMB' is clicked on

06-01-2025T10:07:26 - [TEST_STEP][PASSED] - delay(1, CONTINUE_ON_FAILURE): Delayed 1 second(s)

06-01-2025T10:07:27 - [MESSAGE][PASSED] - Delayed 1 second(s)

06-01-2025T10:07:27 - [TEST_STEP][PASSED] - click(findTestObject("Master Data/Admin Sekolah/Filter Tagihan/Button Terapkan"), CONTINUE_ON_FAILURE): Object: 'Object Repository/Master Data/Admin Sekolah/Filter Tagihan/Button Terapkan' is clicked on

06-01-2025T10:07:27 - [MESSAGE][PASSED] - Object: 'Object Repository/Master Data/Admin Sekolah/Filter Tagihan/Button Terapkan' is clicked on

06-01-2025T10:07:27 - [MESSAGE][PASSED] - Call Test Case 'Test Cases/Master Data/Admin Sekolah/Master Data Tagihan/Filter Tagihan' successfully

06-01-2025T10:07:27 - [TEST_STEP][PASSED] - callTestCase(findTestCase("Test Cases/Master Data/Admin Sekolah/Master Data Tagihan/Lihat Tagihan"), [:], CONTINUE_ON_FAILURE): Call Test Case 'Test Cases/Master Data/Admin Sekolah/Master Data Tagihan/Lihat Tagihan' successfully

06-01-2025T10:07:27 - [TEST_CASE][PASSED] - Test Cases/Master Data/Admin Sekolah/Master Data Tagihan/Lihat Tagihan: Test Cases/Master Data/Admin Sekolah/Master Data Tagihan/Lihat Tagihan

06-01-2025T10:07:27 - [TEST_STEP][PASSED] - openBrowser("", CONTINUE_ON_FAILURE): Browser is opened with url: ''

06-01-2025T10:07:27 - [MESSAGE][WARNING] - A browser is already opened. Closing browser and opening a new one

06-01-2025T10:07:28 - [MESSAGE][INFO] - Starting 'Chrome' driver

06-01-2025T10:07:28 - [MESSAGE][INFO] - Action delay is set to 0 milliseconds

06-01-2025T10:07:28 - [MESSAGE][PASSED] - Browser is opened with url: ''

06-01-2025T10:07:28 - [TEST_STEP][PASSED] - navigateToUrl("https://sit.siprusedu.com/login", CONTINUE_ON_FAILURE): Navigate to 'https://sit.siprusedu.com/login' successfully

06-01-2025T10:07:30 - [MESSAGE][PASSED] - Navigate to 'https://sit.siprusedu.com/login' successfully

06-01-2025T10:07:30 - [TEST_STEP][PASSED] - click(findTestObject("Master Data/Admin Sekolah/Login/Field Email"), CONTINUE_ON_FAILURE): Object: 'Object Repository/Master Data/Admin Sekolah/Login/Field Email' is clicked on

06-01-2025T10:07:31 - [MESSAGE][PASSED] - Object: 'Object Repository/Master Data/Admin Sekolah/Login/Field Email' is clicked on

06-01-2025T10:07:31 - [TEST_STEP][PASSED] - setText(findTestObject("Master Data/Admin Sekolah/Login/Field Email"), "admin.gudangsolusi@digiform.co.id", CONTINUE_ON_FAILURE): Text 'admin.gudangsolusi@digiform.co.id' is set on object 'Object Repository/Master Data/Admin Sekolah/Login/Field Email'

06-01-2025T10:07:32 - [MESSAGE][PASSED] - Text 'admin.gudangsolusi@digiform.co.id' is set on object 'Object Repository/Master Data/Admin Sekolah/Login/Field Email'

06-01-2025T10:07:32 - [TEST_STEP][PASSED] - click(findTestObject("Master Data/Admin Sekolah/Login/Input Password"), CONTINUE_ON_FAILURE): Object: 'Object Repository/Master Data/Admin Sekolah/Login/Input Password' is clicked on

06-01-2025T10:07:32 - [MESSAGE][PASSED] - Object: 'Object Repository/Master Data/Admin Sekolah/Login/Input Password' is clicked on

06-01-2025T10:07:32 - [TEST_STEP][PASSED] - setText(findTestObject("Master Data/Admin Sekolah/Login/Input Password"), "Test1234", CONTINUE_ON_FAILURE): Text 'Test1234' is set on object 'Object Repository/Master Data/Admin Sekolah/Login/Input Password'

06-01-2025T10:07:33 - [MESSAGE][PASSED] - Text 'Test1234' is set on object 'Object Repository/Master Data/Admin Sekolah/Login/Input Password'

06-01-2025T10:07:33 - [TEST_STEP][PASSED] - click(findTestObject("Master Data/Admin Sekolah/Login/Button Submit"), CONTINUE_ON_FAILURE): Object: 'Object Repository/Master Data/Admin Sekolah/Login/Button Submit' is clicked on

06-01-2025T10:07:33 - [MESSAGE][PASSED] - Object: 'Object Repository/Master Data/Admin Sekolah/Login/Button Submit' is clicked on

06-01-2025T10:07:33 - [TEST_STEP][PASSED] - click(findTestObject("Master Data/Admin Sekolah/Lihat Tagihan/Menu Master Data"), CONTINUE_ON_FAILURE): Object: 'Object Repository/Master Data/Admin Sekolah/Lihat Tagihan/Menu Master Data' is clicked on

06-01-2025T10:07:35 - [MESSAGE][PASSED] - Object: 'Object Repository/Master Data/Admin Sekolah/Lihat Tagihan/Menu Master Data' is clicked on

06-01-2025T10:07:35 - [TEST_STEP][PASSED] - click(findTestObject("Master Data/Admin Sekolah/Lihat Tagihan/Menu Tagihan"), CONTINUE_ON_FAILURE): Object: 'Object Repository/Master Data/Admin Sekolah/Lihat Tagihan/Menu Tagihan' is clicked on

06-01-2025T10:07:35 - [MESSAGE][PASSED] - Object: 'Object Repository/Master Data/Admin Sekolah/Lihat Tagihan/Menu Tagihan' is clicked on

06-01-2025T10:07:35 - [TEST_STEP][PASSED] - delay(1, CONTINUE_ON_FAILURE): Delayed 1 second(s)

06-01-2025T10:07:36 - [MESSAGE][PASSED] - Delayed 1 second(s)

06-01-2025T10:07:36 - [TEST_STEP][PASSED] - click(findTestObject("Master Data/Admin Sekolah/Lihat Tagihan/Button View"), CONTINUE_ON_FAILURE): Object: 'Object Repository/Master Data/Admin Sekolah/Lihat Tagihan/Button View' is clicked on

06-01-2025T10:07:38 - [MESSAGE][PASSED] - Object: 'Object Repository/Master Data/Admin Sekolah/Lihat Tagihan/Button View' is clicked on

06-01-2025T10:07:38 - [MESSAGE][PASSED] - Call Test Case 'Test Cases/Master Data/Admin Sekolah/Master Data Tagihan/Lihat Tagihan' successfully

06-01-2025T10:07:38 - [TEST_STEP][PASSED] - callTestCase(findTestCase("Test Cases/Master Data/Admin Sekolah/Master Data Tagihan/Tambah Tagihan"), [:], CONTINUE_ON_FAILURE): Call Test Case 'Test Cases/Master Data/Admin Sekolah/Master Data Tagihan/Tambah Tagihan' successfully

06-01-2025T10:07:38 - [TEST_CASE][PASSED] - Test Cases/Master Data/Admin Sekolah/Master Data Tagihan/Tambah Tagihan: Test Cases/Master Data/Admin Sekolah/Master Data Tagihan/Tambah Tagihan

06-01-2025T10:07:38 - [TEST_STEP][PASSED] - openBrowser("", CONTINUE_ON_FAILURE): Browser is opened with url: ''

06-01-2025T10:07:38 - [MESSAGE][WARNING] - A browser is already opened. Closing browser and opening a new one

06-01-2025T10:07:38 - [MESSAGE][INFO] - Starting 'Chrome' driver

06-01-2025T10:07:38 - [MESSAGE][INFO] - Action delay is set to 0 milliseconds

06-01-2025T10:07:39 - [MESSAGE][PASSED] - Browser is opened with url: ''

06-01-2025T10:07:39 - [TEST_STEP][PASSED] - navigateToUrl("https://sit.siprusedu.com/login", CONTINUE_ON_FAILURE): Navigate to 'https://sit.siprusedu.com/login' successfully

06-01-2025T10:07:40 - [MESSAGE][PASSED] - Navigate to 'https://sit.siprusedu.com/login' successfully

06-01-2025T10:07:40 - [TEST_STEP][PASSED] - setText(findTestObject("Master Data/Admin Sekolah/Login/Field Email"), "admin.gudangsolusi@digiform.co.id", CONTINUE_ON_FAILURE): Text 'admin.gudangsolusi@digiform.co.id' is set on object 'Object Repository/Master Data/Admin Sekolah/Login/Field Email'

06-01-2025T10:07:41 - [MESSAGE][PASSED] - Text 'admin.gudangsolusi@digiform.co.id' is set on object 'Object Repository/Master Data/Admin Sekolah/Login/Field Email'

06-01-2025T10:07:41 - [TEST_STEP][PASSED] - setText(findTestObject("Master Data/Admin Sekolah/Login/Input Password"), "Test1234", CONTINUE_ON_FAILURE): Text 'Test1234' is set on object 'Object Repository/Master Data/Admin Sekolah/Login/Input Password'

06-01-2025T10:07:42 - [MESSAGE][PASSED] - Text 'Test1234' is set on object 'Object Repository/Master Data/Admin Sekolah/Login/Input Password'

06-01-2025T10:07:42 - [TEST_STEP][PASSED] - click(findTestObject("Master Data/Admin Sekolah/Login/Button Submit"), CONTINUE_ON_FAILURE): Object: 'Object Repository/Master Data/Admin Sekolah/Login/Button Submit' is clicked on

06-01-2025T10:07:42 - [MESSAGE][PASSED] - Object: 'Object Repository/Master Data/Admin Sekolah/Login/Button Submit' is clicked on

06-01-2025T10:07:42 - [TEST_STEP][PASSED] - click(findTestObject("Master Data/Admin Sekolah/Tambah Tagihan/Menu Master Data"), CONTINUE_ON_FAILURE): Object: 'Object Repository/Master Data/Admin Sekolah/Tambah Tagihan/Menu Master Data' is clicked on

06-01-2025T10:07:44 - [MESSAGE][PASSED] - Object: 'Object Repository/Master Data/Admin Sekolah/Tambah Tagihan/Menu Master Data' is clicked on

06-01-2025T10:07:44 - [TEST_STEP][PASSED] - click(findTestObject("Master Data/Admin Sekolah/Tambah Tagihan/Menu Tagihan"), CONTINUE_ON_FAILURE): Object: 'Object Repository/Master Data/Admin Sekolah/Tambah Tagihan/Menu Tagihan' is clicked on

06-01-2025T10:07:45 - [MESSAGE][PASSED] - Object: 'Object Repository/Master Data/Admin Sekolah/Tambah Tagihan/Menu Tagihan' is clicked on

06-01-2025T10:07:45 - [TEST_STEP][PASSED] - click(findTestObject("Master Data/Admin Sekolah/Tambah Tagihan/Button Tambah"), CONTINUE_ON_FAILURE): Object: 'Object Repository/Master Data/Admin Sekolah/Tambah Tagihan/Button Tambah' is clicked on

06-01-2025T10:07:45 - [MESSAGE][PASSED] - Object: 'Object Repository/Master Data/Admin Sekolah/Tambah Tagihan/Button Tambah' is clicked on

06-01-2025T10:07:45 - [TEST_STEP][PASSED] - setText(findTestObject("Master Data/Admin Sekolah/Tambah Tagihan/Input Nama Tagihan"), "KATALONZ", CONTINUE_ON_FAILURE): Text 'KATALONZ' is set on object 'Object Repository/Master Data/Admin Sekolah/Tambah Tagihan/Input Nama Tagihan'

06-01-2025T10:07:46 - [MESSAGE][PASSED] - Text 'KATALONZ' is set on object 'Object Repository/Master Data/Admin Sekolah/Tambah Tagihan/Input Nama Tagihan'

06-01-2025T10:07:46 - [TEST_STEP][PASSED] - click(findTestObject("Master Data/Admin Sekolah/Tambah Tagihan/Select Tipe Tagihan"), CONTINUE_ON_FAILURE): Object: 'Object Repository/Master Data/Admin Sekolah/Tambah Tagihan/Select Tipe Tagihan' is clicked on

06-01-2025T10:07:47 - [MESSAGE][PASSED] - Object: 'Object Repository/Master Data/Admin Sekolah/Tambah Tagihan/Select Tipe Tagihan' is clicked on

06-01-2025T10:07:47 - [TEST_STEP][PASSED] - click(findTestObject("Master Data/Admin Sekolah/Tambah Tagihan/Tagihan Regular"), CONTINUE_ON_FAILURE): Object: 'Object Repository/Master Data/Admin Sekolah/Tambah Tagihan/Tagihan Regular' is clicked on

06-01-2025T10:07:47 - [MESSAGE][PASSED] - Object: 'Object Repository/Master Data/Admin Sekolah/Tambah Tagihan/Tagihan Regular' is clicked on

06-01-2025T10:07:47 - [TEST_STEP][PASSED] - click(findTestObject("Master Data/Admin Sekolah/Tambah Tagihan/Klik Tahun Ajaran")): Object: 'Object Repository/Master Data/Admin Sekolah/Tambah Tagihan/Klik Tahun Ajaran' is clicked on

06-01-2025T10:07:47 - [MESSAGE][PASSED] - Object: 'Object Repository/Master Data/Admin Sekolah/Tambah Tagihan/Klik Tahun Ajaran' is clicked on

06-01-2025T10:07:47 - [TEST_STEP][PASSED] - click(findTestObject("Master Data/Admin Sekolah/Tambah Tagihan/2023-2024")): Object: 'Object Repository/Master Data/Admin Sekolah/Tambah Tagihan/2023-2024' is clicked on

06-01-2025T10:07:48 - [MESSAGE][PASSED] - Object: 'Object Repository/Master Data/Admin Sekolah/Tambah Tagihan/2023-2024' is clicked on

06-01-2025T10:07:48 - [TEST_STEP][PASSED] - click(findTestObject("Master Data/Admin Sekolah/Tambah Tagihan/Select Kelas"), CONTINUE_ON_FAILURE): Object: 'Object Repository/Master Data/Admin Sekolah/Tambah Tagihan/Select Kelas' is clicked on

06-01-2025T10:07:48 - [MESSAGE][PASSED] - Object: 'Object Repository/Master Data/Admin Sekolah/Tambah Tagihan/Select Kelas' is clicked on

06-01-2025T10:07:48 - [TEST_STEP][PASSED] - click(findTestObject("Master Data/Admin Sekolah/Tambah Tagihan/Semua Kelas"), CONTINUE_ON_FAILURE): Object: 'Object Repository/Master Data/Admin Sekolah/Tambah Tagihan/Semua Kelas' is clicked on

06-01-2025T10:07:49 - [MESSAGE][PASSED] - Object: 'Object Repository/Master Data/Admin Sekolah/Tambah Tagihan/Semua Kelas' is clicked on

06-01-2025T10:07:49 - [TEST_STEP][PASSED] - click(findTestObject("Master Data/Admin Sekolah/Tambah Tagihan/Tutup Kelas")): Object: 'Object Repository/Master Data/Admin Sekolah/Tambah Tagihan/Tutup Kelas' is clicked on

06-01-2025T10:07:49 - [MESSAGE][PASSED] - Object: 'Object Repository/Master Data/Admin Sekolah/Tambah Tagihan/Tutup Kelas' is clicked on

06-01-2025T10:07:49 - [TEST_STEP][PASSED] - setText(findTestObject("Master Data/Admin Sekolah/Tambah Tagihan/Input Kode Tagihan"), "HKU", CONTINUE_ON_FAILURE): Text 'HKU' is set on object 'Object Repository/Master Data/Admin Sekolah/Tambah Tagihan/Input Kode Tagihan'

06-01-2025T10:07:50 - [MESSAGE][PASSED] - Text 'HKU' is set on object 'Object Repository/Master Data/Admin Sekolah/Tambah Tagihan/Input Kode Tagihan'

06-01-2025T10:07:50 - [TEST_STEP][PASSED] - setText(findTestObject("Master Data/Admin Sekolah/Tambah Tagihan/Input Jumlah Tagihan"), "750000", CONTINUE_ON_FAILURE): Text '750000' is set on object 'Object Repository/Master Data/Admin Sekolah/Tambah Tagihan/Input Jumlah Tagihan'

06-01-2025T10:07:50 - [MESSAGE][PASSED] - Text '750000' is set on object 'Object Repository/Master Data/Admin Sekolah/Tambah Tagihan/Input Jumlah Tagihan'

06-01-2025T10:07:50 - [TEST_STEP][PASSED] - click(findTestObject("Master Data/Admin Sekolah/Tambah Tagihan/Select Rekening Bank"), CONTINUE_ON_FAILURE): Object: 'Object Repository/Master Data/Admin Sekolah/Tambah Tagihan/Select Rekening Bank' is clicked on

06-01-2025T10:07:50 - [MESSAGE][PASSED] - Object: 'Object Repository/Master Data/Admin Sekolah/Tambah Tagihan/Select Rekening Bank' is clicked on

06-01-2025T10:07:50 - [TEST_STEP][PASSED] - click(findTestObject("Master Data/Admin Sekolah/Tambah Tagihan/CIMB"), CONTINUE_ON_FAILURE): Object: 'Object Repository/Master Data/Admin Sekolah/Tambah Tagihan/CIMB' is clicked on

06-01-2025T10:07:51 - [MESSAGE][PASSED] - Object: 'Object Repository/Master Data/Admin Sekolah/Tambah Tagihan/CIMB' is clicked on

06-01-2025T10:07:51 - [TEST_STEP][PASSED] - setText(findTestObject("Master Data/Admin Sekolah/Tambah Tagihan/Input Keterangan"), "Ini keterangan katalon", CONTINUE_ON_FAILURE): Text 'Ini keterangan katalon' is set on object 'Object Repository/Master Data/Admin Sekolah/Tambah Tagihan/Input Keterangan'

06-01-2025T10:07:51 - [MESSAGE][PASSED] - Text 'Ini keterangan katalon' is set on object 'Object Repository/Master Data/Admin Sekolah/Tambah Tagihan/Input Keterangan'

06-01-2025T10:07:51 - [TEST_STEP][PASSED] - click(findTestObject("Master Data/Admin Sekolah/Tambah Tagihan/Button Generate"), CONTINUE_ON_FAILURE): Object: 'Object Repository/Master Data/Admin Sekolah/Tambah Tagihan/Button Generate' is clicked on

06-01-2025T10:07:52 - [MESSAGE][PASSED] - Object: 'Object Repository/Master Data/Admin Sekolah/Tambah Tagihan/Button Generate' is clicked on

06-01-2025T10:07:52 - [TEST_STEP][PASSED] - click(findTestObject("Master Data/Admin Sekolah/Tambah Tagihan/Button Tambahkan"), CONTINUE_ON_FAILURE): Object: 'Object Repository/Master Data/Admin Sekolah/Tambah Tagihan/Button Tambahkan' is clicked on

06-01-2025T10:07:52 - [MESSAGE][PASSED] - Object: 'Object Repository/Master Data/Admin Sekolah/Tambah Tagihan/Button Tambahkan' is clicked on

06-01-2025T10:07:52 - [TEST_STEP][PASSED] - click(findTestObject("Master Data/Admin Sekolah/Tambah Tagihan/Button YA"), CONTINUE_ON_FAILURE): Object: 'Object Repository/Master Data/Admin Sekolah/Tambah Tagihan/Button YA' is clicked on

06-01-2025T10:07:53 - [MESSAGE][PASSED] - Object: 'Object Repository/Master Data/Admin Sekolah/Tambah Tagihan/Button YA' is clicked on

06-01-2025T10:07:53 - [TEST_STEP][PASSED] - delay(3, CONTINUE_ON_FAILURE): Delayed 3 second(s)

06-01-2025T10:07:56 - [MESSAGE][PASSED] - Delayed 3 second(s)

06-01-2025T10:07:56 - [TEST_STEP][PASSED] - verifyTextPresent("Billing code sudah di gunakan", false, CONTINUE_ON_FAILURE): Text 'Billing code sudah di gunakan' is present on page 

06-01-2025T10:07:56 - [MESSAGE][PASSED] - Text 'Billing code sudah di gunakan' is present on page 

06-01-2025T10:07:56 - [TEST_STEP][PASSED] - delay(2, CONTINUE_ON_FAILURE): Delayed 2 second(s)

06-01-2025T10:07:58 - [MESSAGE][PASSED] - Delayed 2 second(s)

06-01-2025T10:07:58 - [TEST_STEP][PASSED] - minDigits = 2: null

06-01-2025T10:07:58 - [TEST_STEP][PASSED] - maxDigits = 5: null

06-01-2025T10:07:58 - [TEST_STEP][PASSED] - randomLength = Math.random() * maxDigits - minDigits + 1 + minDigits: null

06-01-2025T10:07:58 - [TEST_STEP][PASSED] - randomNumber = String.format("%0" + randomLength + "d", Math.random() * Math.pow(10, randomLength)): null

06-01-2025T10:07:58 - [TEST_STEP][PASSED] - click(findTestObject("Master Data/Admin Sekolah/Tambah Tagihan/Input Kode Tagihan"), CONTINUE_ON_FAILURE): Object: 'Object Repository/Master Data/Admin Sekolah/Tambah Tagihan/Input Kode Tagihan' is clicked on

06-01-2025T10:07:59 - [MESSAGE][PASSED] - Object: 'Object Repository/Master Data/Admin Sekolah/Tambah Tagihan/Input Kode Tagihan' is clicked on

06-01-2025T10:07:59 - [TEST_STEP][PASSED] - sendKeys(findTestObject("Master Data/Admin Sekolah/Tambah Tagihan/Input Kode Tagihan"), Keys.chord(CONTROL, "a", BACK_SPACE), CONTINUE_ON_FAILURE): Keys 'CONTROL + BACK_SPACE + a' sent to object: 'Object Repository/Master Data/Admin Sekolah/Tambah Tagihan/Input Kode Tagihan'

06-01-2025T10:07:59 - [MESSAGE][PASSED] - Keys 'CONTROL + BACK_SPACE + a' sent to object: 'Object Repository/Master Data/Admin Sekolah/Tambah Tagihan/Input Kode Tagihan'

06-01-2025T10:07:59 - [TEST_STEP][PASSED] - click(findTestObject("Master Data/Admin Sekolah/Tambah Tagihan/Input Kode Tagihan"), CONTINUE_ON_FAILURE): Object: 'Object Repository/Master Data/Admin Sekolah/Tambah Tagihan/Input Kode Tagihan' is clicked on

06-01-2025T10:07:59 - [MESSAGE][PASSED] - Object: 'Object Repository/Master Data/Admin Sekolah/Tambah Tagihan/Input Kode Tagihan' is clicked on

06-01-2025T10:07:59 - [TEST_STEP][PASSED] - setText(findTestObject("Master Data/Admin Sekolah/Tambah Tagihan/Input Kode Tagihan"), randomNumber, CONTINUE_ON_FAILURE): Text '61' is set on object 'Object Repository/Master Data/Admin Sekolah/Tambah Tagihan/Input Kode Tagihan'

06-01-2025T10:08:00 - [MESSAGE][PASSED] - Text '61' is set on object 'Object Repository/Master Data/Admin Sekolah/Tambah Tagihan/Input Kode Tagihan'

06-01-2025T10:08:00 - [TEST_STEP][PASSED] - delay(1, CONTINUE_ON_FAILURE): Delayed 1 second(s)

06-01-2025T10:08:01 - [MESSAGE][PASSED] - Delayed 1 second(s)

06-01-2025T10:08:01 - [TEST_STEP][PASSED] - if (getAttribute(findTestObject("Master Data/Admin Sekolah/Tambah Tagihan/Input Kode Tagihan"), "value") == ""): Attribute 'value' of object 'Object Repository/Master Data/Admin Sekolah/Tambah Tagihan/Input Kode Tagihan' is: '61'

06-01-2025T10:08:01 - [MESSAGE][PASSED] - Attribute 'value' of object 'Object Repository/Master Data/Admin Sekolah/Tambah Tagihan/Input Kode Tagihan' is: '61'

06-01-2025T10:08:01 - [TEST_STEP][PASSED] - else: null

06-01-2025T10:08:01 - [TEST_STEP][PASSED] - println("Field tidak kosong setelah clearText dan JavaScript. Cek ulang penghapusan."): null

06-01-2025T10:08:01 - [TEST_STEP][PASSED] - click(findTestObject("Master Data/Admin Sekolah/Tambah Tagihan/Button Tambahkan"), CONTINUE_ON_FAILURE): Object: 'Object Repository/Master Data/Admin Sekolah/Tambah Tagihan/Button Tambahkan' is clicked on

06-01-2025T10:08:01 - [MESSAGE][PASSED] - Object: 'Object Repository/Master Data/Admin Sekolah/Tambah Tagihan/Button Tambahkan' is clicked on

06-01-2025T10:08:01 - [TEST_STEP][PASSED] - click(findTestObject("Master Data/Admin Sekolah/Tambah Tagihan/Button YA"), CONTINUE_ON_FAILURE): Object: 'Object Repository/Master Data/Admin Sekolah/Tambah Tagihan/Button YA' is clicked on

06-01-2025T10:08:02 - [MESSAGE][PASSED] - Object: 'Object Repository/Master Data/Admin Sekolah/Tambah Tagihan/Button YA' is clicked on

06-01-2025T10:08:02 - [MESSAGE][PASSED] - Call Test Case 'Test Cases/Master Data/Admin Sekolah/Master Data Tagihan/Tambah Tagihan' successfully

06-01-2025T10:08:02 - [TEST_STEP][PASSED] - println("============================= Loop Again ==============================="): null]]></system-out>
         <system-err><![CDATA[]]></system-err>
      </testcase>
      <testcase name="Test Cases/Regresi Feature/Sprint 3/Regresi Beranda" time="53.771" classname="Test Cases/Regresi Feature/Sprint 3/Regresi Beranda" status="PASSED">
         <system-out><![CDATA[06-01-2025T10:08:02 - [TEST_CASE][PASSED] - Test Cases/Regresi Feature/Sprint 3/Regresi Beranda: Test Cases/Regresi Feature/Sprint 3/Regresi Beranda

06-01-2025T10:08:02 - [TEST_STEP][PASSED] - for ([i = 1, i <= maxLoop, (i++)]): null

06-01-2025T10:08:02 - [TEST_STEP][PASSED] - callTestCase(findTestCase("Test Cases/Beranda/Admin Sekolah/Beranda/Dashboard/Lihat selengkapnya pengumuman"), [:], CONTINUE_ON_FAILURE): Call Test Case 'Test Cases/Beranda/Admin Sekolah/Beranda/Dashboard/Lihat selengkapnya pengumuman' successfully

06-01-2025T10:08:02 - [TEST_CASE][PASSED] - Test Cases/Beranda/Admin Sekolah/Beranda/Dashboard/Lihat selengkapnya pengumuman: Test Cases/Beranda/Admin Sekolah/Beranda/Dashboard/Lihat selengkapnya pengumuman

06-01-2025T10:08:02 - [TEST_STEP][PASSED] - openBrowser(""): Browser is opened with url: ''

06-01-2025T10:08:02 - [MESSAGE][WARNING] - A browser is already opened. Closing browser and opening a new one

06-01-2025T10:08:02 - [MESSAGE][INFO] - Starting 'Chrome' driver

06-01-2025T10:08:02 - [MESSAGE][INFO] - Action delay is set to 0 milliseconds

06-01-2025T10:08:03 - [MESSAGE][PASSED] - Browser is opened with url: ''

06-01-2025T10:08:03 - [TEST_STEP][PASSED] - maximizeWindow(): Current window maximized

06-01-2025T10:08:03 - [MESSAGE][PASSED] - Current window maximized

06-01-2025T10:08:03 - [TEST_STEP][PASSED] - navigateToUrl("https://sit.siprusedu.com/login"): Navigate to 'https://sit.siprusedu.com/login' successfully

06-01-2025T10:08:04 - [MESSAGE][PASSED] - Navigate to 'https://sit.siprusedu.com/login' successfully

06-01-2025T10:08:04 - [TEST_STEP][PASSED] - setText(findTestObject("Object Repository/Master Data/Admin Sekolah/Login/Field Email"), "admin.sekolah@gmail.com"): Text 'admin.sekolah@gmail.com' is set on object 'Object Repository/Master Data/Admin Sekolah/Login/Field Email'

06-01-2025T10:08:06 - [MESSAGE][PASSED] - Text 'admin.sekolah@gmail.com' is set on object 'Object Repository/Master Data/Admin Sekolah/Login/Field Email'

06-01-2025T10:08:06 - [TEST_STEP][PASSED] - setText(findTestObject("Object Repository/Master Data/Admin Sekolah/Login/Input Password"), "Test1234"): Text 'Test1234' is set on object 'Object Repository/Master Data/Admin Sekolah/Login/Input Password'

06-01-2025T10:08:06 - [MESSAGE][PASSED] - Text 'Test1234' is set on object 'Object Repository/Master Data/Admin Sekolah/Login/Input Password'

06-01-2025T10:08:06 - [TEST_STEP][PASSED] - click(findTestObject("Object Repository/Master Data/Admin Sekolah/Login/Button Submit")): Object: 'Object Repository/Master Data/Admin Sekolah/Login/Button Submit' is clicked on

06-01-2025T10:08:07 - [MESSAGE][PASSED] - Object: 'Object Repository/Master Data/Admin Sekolah/Login/Button Submit' is clicked on

06-01-2025T10:08:07 - [TEST_STEP][PASSED] - waitForPageLoad(10): Wait for page load successfully

06-01-2025T10:08:07 - [MESSAGE][PASSED] - Wait for page load successfully

06-01-2025T10:08:07 - [TEST_STEP][PASSED] - waitForElementVisible(findTestObject("Beranda/Admin Sekolah/Beranda/Dashboard/Isi_Konten_Page/Lable_Pengumuman_section"), 2): Object 'Object Repository/Beranda/Admin Sekolah/Beranda/Dashboard/Isi_Konten_Page/Lable_Pengumuman_section' is visible

06-01-2025T10:08:08 - [MESSAGE][PASSED] - Object 'Object Repository/Beranda/Admin Sekolah/Beranda/Dashboard/Isi_Konten_Page/Lable_Pengumuman_section' is visible

06-01-2025T10:08:08 - [TEST_STEP][PASSED] - try: Tombol "Selengkapnya" berhasil diklik.

06-01-2025T10:08:08 - [TEST_STEP][PASSED] - click(findTestObject("Beranda/Admin Sekolah/Beranda/Dashboard/Button_Selengkapnya/button_Selengkapnya")): Object: 'Object Repository/Beranda/Admin Sekolah/Beranda/Dashboard/Button_Selengkapnya/button_Selengkapnya' is clicked on

06-01-2025T10:08:09 - [MESSAGE][PASSED] - Object: 'Object Repository/Beranda/Admin Sekolah/Beranda/Dashboard/Button_Selengkapnya/button_Selengkapnya' is clicked on

06-01-2025T10:08:09 - [TEST_STEP][PASSED] - comment("Tombol "Selengkapnya" berhasil diklik."): Tombol "Selengkapnya" berhasil diklik.

06-01-2025T10:08:09 - [MESSAGE][INFO] - Tombol "Selengkapnya" berhasil diklik.

06-01-2025T10:08:09 - [TEST_STEP][PASSED] - waitForElementVisible(findTestObject("Beranda/Admin Sekolah/Beranda/Dashboard/Table_list/Isi_table"), 2): Object 'Object Repository/Beranda/Admin Sekolah/Beranda/Dashboard/Table_list/Isi_table' is visible

06-01-2025T10:08:09 - [MESSAGE][PASSED] - Object 'Object Repository/Beranda/Admin Sekolah/Beranda/Dashboard/Table_list/Isi_table' is visible

06-01-2025T10:08:09 - [TEST_STEP][PASSED] - try: Elemen pengumuman berhasil di-scroll.

06-01-2025T10:08:09 - [TEST_STEP][PASSED] - scrollToElement(findTestObject("Beranda/Admin Sekolah/Beranda/Dashboard/Table_list/Isi_table"), 10): Scroll to object 'Object Repository/Beranda/Admin Sekolah/Beranda/Dashboard/Table_list/Isi_table' successfully

06-01-2025T10:08:09 - [MESSAGE][PASSED] - Scroll to object 'Object Repository/Beranda/Admin Sekolah/Beranda/Dashboard/Table_list/Isi_table' successfully

06-01-2025T10:08:09 - [TEST_STEP][PASSED] - comment("Elemen pengumuman berhasil di-scroll."): Elemen pengumuman berhasil di-scroll.

06-01-2025T10:08:09 - [MESSAGE][INFO] - Elemen pengumuman berhasil di-scroll.

06-01-2025T10:08:09 - [TEST_STEP][PASSED] - announcementText = getText(findTestObject("Beranda/Admin Sekolah/Beranda/Dashboard/Table_list/Isi_table")): Text of object 'Object Repository/Beranda/Admin Sekolah/Beranda/Dashboard/Table_list/Isi_table' is: 'test'

06-01-2025T10:08:10 - [MESSAGE][PASSED] - Text of object 'Object Repository/Beranda/Admin Sekolah/Beranda/Dashboard/Table_list/Isi_table' is: 'test'

06-01-2025T10:08:10 - [TEST_STEP][PASSED] - comment("Teks yang diambil dari elemen: " + announcementText): Teks yang diambil dari elemen: test

06-01-2025T10:08:10 - [MESSAGE][INFO] - Teks yang diambil dari elemen: test

06-01-2025T10:08:10 - [TEST_STEP][PASSED] - click(findTestObject("Beranda/Admin Sekolah/Beranda/Dashboard/Table_list/Isi_table")): Object: 'Object Repository/Beranda/Admin Sekolah/Beranda/Dashboard/Table_list/Isi_table' is clicked on

06-01-2025T10:08:10 - [MESSAGE][PASSED] - Object: 'Object Repository/Beranda/Admin Sekolah/Beranda/Dashboard/Table_list/Isi_table' is clicked on

06-01-2025T10:08:10 - [TEST_STEP][PASSED] - waitForElementVisible(findTestObject("Beranda/Admin Sekolah/Beranda/Dashboard/Page_Hasil_Click/Label_After_Click"), 3): Object 'Object Repository/Beranda/Admin Sekolah/Beranda/Dashboard/Page_Hasil_Click/Label_After_Click' is visible

06-01-2025T10:08:11 - [MESSAGE][PASSED] - Object 'Object Repository/Beranda/Admin Sekolah/Beranda/Dashboard/Page_Hasil_Click/Label_After_Click' is visible

06-01-2025T10:08:11 - [TEST_STEP][PASSED] - labelText = getText(findTestObject("Beranda/Admin Sekolah/Beranda/Dashboard/Page_Hasil_Click/Label_After_Click")): Text of object 'Object Repository/Beranda/Admin Sekolah/Beranda/Dashboard/Page_Hasil_Click/Label_After_Click' is: 'test'

06-01-2025T10:08:11 - [MESSAGE][PASSED] - Text of object 'Object Repository/Beranda/Admin Sekolah/Beranda/Dashboard/Page_Hasil_Click/Label_After_Click' is: 'test'

06-01-2025T10:08:11 - [TEST_STEP][PASSED] - comment("Teks yang diambil dari label setelah klik: " + labelText): Teks yang diambil dari label setelah klik: test

06-01-2025T10:08:11 - [MESSAGE][INFO] - Teks yang diambil dari label setelah klik: test

06-01-2025T10:08:11 - [TEST_STEP][PASSED] - if (announcementText == labelText): Teks dari elemen yang diklik sesuai dengan label yang muncul: test

06-01-2025T10:08:11 - [TEST_STEP][PASSED] - comment("Teks dari elemen yang diklik sesuai dengan label yang muncul: " + labelText): Teks dari elemen yang diklik sesuai dengan label yang muncul: test

06-01-2025T10:08:11 - [MESSAGE][INFO] - Teks dari elemen yang diklik sesuai dengan label yang muncul: test

06-01-2025T10:08:11 - [TEST_STEP][PASSED] - closeBrowser(): Browser is closed

06-01-2025T10:08:11 - [MESSAGE][PASSED] - Browser is closed

06-01-2025T10:08:11 - [MESSAGE][PASSED] - Call Test Case 'Test Cases/Beranda/Admin Sekolah/Beranda/Dashboard/Lihat selengkapnya pengumuman' successfully

06-01-2025T10:08:11 - [TEST_STEP][PASSED] - callTestCase(findTestCase("Test Cases/Beranda/Admin Sekolah/Beranda/Dashboard/Verify Element visible"), [:], CONTINUE_ON_FAILURE): Call Test Case 'Test Cases/Beranda/Admin Sekolah/Beranda/Dashboard/Verify Element visible' successfully

06-01-2025T10:08:11 - [TEST_CASE][PASSED] - Test Cases/Beranda/Admin Sekolah/Beranda/Dashboard/Verify Element visible: Test Cases/Beranda/Admin Sekolah/Beranda/Dashboard/Verify Element visible

06-01-2025T10:08:11 - [TEST_STEP][PASSED] - openBrowser(""): Browser is opened with url: ''

06-01-2025T10:08:11 - [MESSAGE][INFO] - Starting 'Chrome' driver

06-01-2025T10:08:11 - [MESSAGE][INFO] - Action delay is set to 0 milliseconds

06-01-2025T10:08:12 - [MESSAGE][PASSED] - Browser is opened with url: ''

06-01-2025T10:08:12 - [TEST_STEP][PASSED] - maximizeWindow(): Current window maximized

06-01-2025T10:08:12 - [MESSAGE][PASSED] - Current window maximized

06-01-2025T10:08:12 - [TEST_STEP][PASSED] - navigateToUrl("https://sit.siprusedu.com/login"): Navigate to 'https://sit.siprusedu.com/login' successfully

06-01-2025T10:08:13 - [MESSAGE][PASSED] - Navigate to 'https://sit.siprusedu.com/login' successfully

06-01-2025T10:08:13 - [TEST_STEP][PASSED] - setText(findTestObject("Object Repository/Master Data/Admin Sekolah/Login/Field Email"), "admin.sekolah@gmail.com"): Text 'admin.sekolah@gmail.com' is set on object 'Object Repository/Master Data/Admin Sekolah/Login/Field Email'

06-01-2025T10:08:15 - [MESSAGE][PASSED] - Text 'admin.sekolah@gmail.com' is set on object 'Object Repository/Master Data/Admin Sekolah/Login/Field Email'

06-01-2025T10:08:15 - [TEST_STEP][PASSED] - setText(findTestObject("Object Repository/Master Data/Admin Sekolah/Login/Input Password"), "Test1234"): Text 'Test1234' is set on object 'Object Repository/Master Data/Admin Sekolah/Login/Input Password'

06-01-2025T10:08:15 - [MESSAGE][PASSED] - Text 'Test1234' is set on object 'Object Repository/Master Data/Admin Sekolah/Login/Input Password'

06-01-2025T10:08:15 - [TEST_STEP][PASSED] - click(findTestObject("Object Repository/Master Data/Admin Sekolah/Login/Button Submit")): Object: 'Object Repository/Master Data/Admin Sekolah/Login/Button Submit' is clicked on

06-01-2025T10:08:16 - [MESSAGE][PASSED] - Object: 'Object Repository/Master Data/Admin Sekolah/Login/Button Submit' is clicked on

06-01-2025T10:08:16 - [TEST_STEP][PASSED] - waitForPageLoad(10): Wait for page load successfully

06-01-2025T10:08:16 - [MESSAGE][PASSED] - Wait for page load successfully

06-01-2025T10:08:16 - [TEST_STEP][PASSED] - isElement1Visible = verifyElementVisible(findTestObject("Beranda/Admin Sekolah/Beranda/Dashboard/Konten_Beranda/Informasi_Siswa_aktif")): Object 'Object Repository/Beranda/Admin Sekolah/Beranda/Dashboard/Konten_Beranda/Informasi_Siswa_aktif' is visible

06-01-2025T10:08:18 - [MESSAGE][PASSED] - Object 'Object Repository/Beranda/Admin Sekolah/Beranda/Dashboard/Konten_Beranda/Informasi_Siswa_aktif' is visible

06-01-2025T10:08:18 - [TEST_STEP][PASSED] - isElement2Visible = verifyElementVisible(findTestObject("Beranda/Admin Sekolah/Beranda/Dashboard/Konten_Beranda/Informasi_Transaksi_Pembayaran")): Object 'Object Repository/Beranda/Admin Sekolah/Beranda/Dashboard/Konten_Beranda/Informasi_Transaksi_Pembayaran' is visible

06-01-2025T10:08:18 - [MESSAGE][PASSED] - Object 'Object Repository/Beranda/Admin Sekolah/Beranda/Dashboard/Konten_Beranda/Informasi_Transaksi_Pembayaran' is visible

06-01-2025T10:08:18 - [TEST_STEP][PASSED] - isElement3Visible = verifyElementVisible(findTestObject("Beranda/Admin Sekolah/Beranda/Dashboard/Konten_Beranda/Informasi_Tagihan_Terbayar")): Object 'Object Repository/Beranda/Admin Sekolah/Beranda/Dashboard/Konten_Beranda/Informasi_Tagihan_Terbayar' is visible

06-01-2025T10:08:18 - [MESSAGE][PASSED] - Object 'Object Repository/Beranda/Admin Sekolah/Beranda/Dashboard/Konten_Beranda/Informasi_Tagihan_Terbayar' is visible

06-01-2025T10:08:18 - [TEST_STEP][PASSED] - if (isElement1Visible): Elemen 1 terlihat.

06-01-2025T10:08:18 - [TEST_STEP][PASSED] - comment("Elemen 1 terlihat."): Elemen 1 terlihat.

06-01-2025T10:08:18 - [MESSAGE][INFO] - Elemen 1 terlihat.

06-01-2025T10:08:18 - [TEST_STEP][PASSED] - if (isElement2Visible): Elemen 2 terlihat.

06-01-2025T10:08:18 - [TEST_STEP][PASSED] - comment("Elemen 2 terlihat."): Elemen 2 terlihat.

06-01-2025T10:08:18 - [MESSAGE][INFO] - Elemen 2 terlihat.

06-01-2025T10:08:18 - [TEST_STEP][PASSED] - if (isElement3Visible): Elemen 3 terlihat.

06-01-2025T10:08:18 - [TEST_STEP][PASSED] - comment("Elemen 3 terlihat."): Elemen 3 terlihat.

06-01-2025T10:08:18 - [MESSAGE][INFO] - Elemen 3 terlihat.

06-01-2025T10:08:18 - [TEST_STEP][PASSED] - closeBrowser(): Browser is closed

06-01-2025T10:08:18 - [MESSAGE][PASSED] - Browser is closed

06-01-2025T10:08:18 - [MESSAGE][PASSED] - Call Test Case 'Test Cases/Beranda/Admin Sekolah/Beranda/Dashboard/Verify Element visible' successfully

06-01-2025T10:08:18 - [TEST_STEP][PASSED] - println("============================= Loop Again ==============================="): null

06-01-2025T10:08:18 - [TEST_STEP][PASSED] - callTestCase(findTestCase("Test Cases/Beranda/Admin Sekolah/Beranda/Dashboard/Lihat selengkapnya pengumuman"), [:], CONTINUE_ON_FAILURE): Call Test Case 'Test Cases/Beranda/Admin Sekolah/Beranda/Dashboard/Lihat selengkapnya pengumuman' successfully

06-01-2025T10:08:18 - [TEST_CASE][PASSED] - Test Cases/Beranda/Admin Sekolah/Beranda/Dashboard/Lihat selengkapnya pengumuman: Test Cases/Beranda/Admin Sekolah/Beranda/Dashboard/Lihat selengkapnya pengumuman

06-01-2025T10:08:18 - [TEST_STEP][PASSED] - openBrowser(""): Browser is opened with url: ''

06-01-2025T10:08:18 - [MESSAGE][INFO] - Starting 'Chrome' driver

06-01-2025T10:08:18 - [MESSAGE][INFO] - Action delay is set to 0 milliseconds

06-01-2025T10:08:19 - [MESSAGE][PASSED] - Browser is opened with url: ''

06-01-2025T10:08:19 - [TEST_STEP][PASSED] - maximizeWindow(): Current window maximized

06-01-2025T10:08:19 - [MESSAGE][PASSED] - Current window maximized

06-01-2025T10:08:19 - [TEST_STEP][PASSED] - navigateToUrl("https://sit.siprusedu.com/login"): Navigate to 'https://sit.siprusedu.com/login' successfully

06-01-2025T10:08:20 - [MESSAGE][PASSED] - Navigate to 'https://sit.siprusedu.com/login' successfully

06-01-2025T10:08:20 - [TEST_STEP][PASSED] - setText(findTestObject("Object Repository/Master Data/Admin Sekolah/Login/Field Email"), "admin.sekolah@gmail.com"): Text 'admin.sekolah@gmail.com' is set on object 'Object Repository/Master Data/Admin Sekolah/Login/Field Email'

06-01-2025T10:08:21 - [MESSAGE][PASSED] - Text 'admin.sekolah@gmail.com' is set on object 'Object Repository/Master Data/Admin Sekolah/Login/Field Email'

06-01-2025T10:08:21 - [TEST_STEP][PASSED] - setText(findTestObject("Object Repository/Master Data/Admin Sekolah/Login/Input Password"), "Test1234"): Text 'Test1234' is set on object 'Object Repository/Master Data/Admin Sekolah/Login/Input Password'

06-01-2025T10:08:22 - [MESSAGE][PASSED] - Text 'Test1234' is set on object 'Object Repository/Master Data/Admin Sekolah/Login/Input Password'

06-01-2025T10:08:22 - [TEST_STEP][PASSED] - click(findTestObject("Object Repository/Master Data/Admin Sekolah/Login/Button Submit")): Object: 'Object Repository/Master Data/Admin Sekolah/Login/Button Submit' is clicked on

06-01-2025T10:08:22 - [MESSAGE][PASSED] - Object: 'Object Repository/Master Data/Admin Sekolah/Login/Button Submit' is clicked on

06-01-2025T10:08:22 - [TEST_STEP][PASSED] - waitForPageLoad(10): Wait for page load successfully

06-01-2025T10:08:22 - [MESSAGE][PASSED] - Wait for page load successfully

06-01-2025T10:08:22 - [TEST_STEP][PASSED] - waitForElementVisible(findTestObject("Beranda/Admin Sekolah/Beranda/Dashboard/Isi_Konten_Page/Lable_Pengumuman_section"), 2): Object 'Object Repository/Beranda/Admin Sekolah/Beranda/Dashboard/Isi_Konten_Page/Lable_Pengumuman_section' is visible

06-01-2025T10:08:24 - [MESSAGE][PASSED] - Object 'Object Repository/Beranda/Admin Sekolah/Beranda/Dashboard/Isi_Konten_Page/Lable_Pengumuman_section' is visible

06-01-2025T10:08:24 - [TEST_STEP][PASSED] - try: Tombol "Selengkapnya" berhasil diklik.

06-01-2025T10:08:24 - [TEST_STEP][PASSED] - click(findTestObject("Beranda/Admin Sekolah/Beranda/Dashboard/Button_Selengkapnya/button_Selengkapnya")): Object: 'Object Repository/Beranda/Admin Sekolah/Beranda/Dashboard/Button_Selengkapnya/button_Selengkapnya' is clicked on

06-01-2025T10:08:24 - [MESSAGE][PASSED] - Object: 'Object Repository/Beranda/Admin Sekolah/Beranda/Dashboard/Button_Selengkapnya/button_Selengkapnya' is clicked on

06-01-2025T10:08:24 - [TEST_STEP][PASSED] - comment("Tombol "Selengkapnya" berhasil diklik."): Tombol "Selengkapnya" berhasil diklik.

06-01-2025T10:08:24 - [MESSAGE][INFO] - Tombol "Selengkapnya" berhasil diklik.

06-01-2025T10:08:24 - [TEST_STEP][PASSED] - waitForElementVisible(findTestObject("Beranda/Admin Sekolah/Beranda/Dashboard/Table_list/Isi_table"), 2): Object 'Object Repository/Beranda/Admin Sekolah/Beranda/Dashboard/Table_list/Isi_table' is visible

06-01-2025T10:08:25 - [MESSAGE][PASSED] - Object 'Object Repository/Beranda/Admin Sekolah/Beranda/Dashboard/Table_list/Isi_table' is visible

06-01-2025T10:08:25 - [TEST_STEP][PASSED] - try: Elemen pengumuman berhasil di-scroll.

06-01-2025T10:08:25 - [TEST_STEP][PASSED] - scrollToElement(findTestObject("Beranda/Admin Sekolah/Beranda/Dashboard/Table_list/Isi_table"), 10): Scroll to object 'Object Repository/Beranda/Admin Sekolah/Beranda/Dashboard/Table_list/Isi_table' successfully

06-01-2025T10:08:25 - [MESSAGE][PASSED] - Scroll to object 'Object Repository/Beranda/Admin Sekolah/Beranda/Dashboard/Table_list/Isi_table' successfully

06-01-2025T10:08:25 - [TEST_STEP][PASSED] - comment("Elemen pengumuman berhasil di-scroll."): Elemen pengumuman berhasil di-scroll.

06-01-2025T10:08:25 - [MESSAGE][INFO] - Elemen pengumuman berhasil di-scroll.

06-01-2025T10:08:25 - [TEST_STEP][PASSED] - announcementText = getText(findTestObject("Beranda/Admin Sekolah/Beranda/Dashboard/Table_list/Isi_table")): Text of object 'Object Repository/Beranda/Admin Sekolah/Beranda/Dashboard/Table_list/Isi_table' is: 'test'

06-01-2025T10:08:26 - [MESSAGE][PASSED] - Text of object 'Object Repository/Beranda/Admin Sekolah/Beranda/Dashboard/Table_list/Isi_table' is: 'test'

06-01-2025T10:08:26 - [TEST_STEP][PASSED] - comment("Teks yang diambil dari elemen: " + announcementText): Teks yang diambil dari elemen: test

06-01-2025T10:08:26 - [MESSAGE][INFO] - Teks yang diambil dari elemen: test

06-01-2025T10:08:26 - [TEST_STEP][PASSED] - click(findTestObject("Beranda/Admin Sekolah/Beranda/Dashboard/Table_list/Isi_table")): Object: 'Object Repository/Beranda/Admin Sekolah/Beranda/Dashboard/Table_list/Isi_table' is clicked on

06-01-2025T10:08:26 - [MESSAGE][PASSED] - Object: 'Object Repository/Beranda/Admin Sekolah/Beranda/Dashboard/Table_list/Isi_table' is clicked on

06-01-2025T10:08:26 - [TEST_STEP][PASSED] - waitForElementVisible(findTestObject("Beranda/Admin Sekolah/Beranda/Dashboard/Page_Hasil_Click/Label_After_Click"), 3): Object 'Object Repository/Beranda/Admin Sekolah/Beranda/Dashboard/Page_Hasil_Click/Label_After_Click' is visible

06-01-2025T10:08:27 - [MESSAGE][PASSED] - Object 'Object Repository/Beranda/Admin Sekolah/Beranda/Dashboard/Page_Hasil_Click/Label_After_Click' is visible

06-01-2025T10:08:27 - [TEST_STEP][PASSED] - labelText = getText(findTestObject("Beranda/Admin Sekolah/Beranda/Dashboard/Page_Hasil_Click/Label_After_Click")): Text of object 'Object Repository/Beranda/Admin Sekolah/Beranda/Dashboard/Page_Hasil_Click/Label_After_Click' is: 'test'

06-01-2025T10:08:27 - [MESSAGE][PASSED] - Text of object 'Object Repository/Beranda/Admin Sekolah/Beranda/Dashboard/Page_Hasil_Click/Label_After_Click' is: 'test'

06-01-2025T10:08:27 - [TEST_STEP][PASSED] - comment("Teks yang diambil dari label setelah klik: " + labelText): Teks yang diambil dari label setelah klik: test

06-01-2025T10:08:27 - [MESSAGE][INFO] - Teks yang diambil dari label setelah klik: test

06-01-2025T10:08:27 - [TEST_STEP][PASSED] - if (announcementText == labelText): Teks dari elemen yang diklik sesuai dengan label yang muncul: test

06-01-2025T10:08:27 - [TEST_STEP][PASSED] - comment("Teks dari elemen yang diklik sesuai dengan label yang muncul: " + labelText): Teks dari elemen yang diklik sesuai dengan label yang muncul: test

06-01-2025T10:08:27 - [MESSAGE][INFO] - Teks dari elemen yang diklik sesuai dengan label yang muncul: test

06-01-2025T10:08:27 - [TEST_STEP][PASSED] - closeBrowser(): Browser is closed

06-01-2025T10:08:27 - [MESSAGE][PASSED] - Browser is closed

06-01-2025T10:08:27 - [MESSAGE][PASSED] - Call Test Case 'Test Cases/Beranda/Admin Sekolah/Beranda/Dashboard/Lihat selengkapnya pengumuman' successfully

06-01-2025T10:08:27 - [TEST_STEP][PASSED] - callTestCase(findTestCase("Test Cases/Beranda/Admin Sekolah/Beranda/Dashboard/Verify Element visible"), [:], CONTINUE_ON_FAILURE): Call Test Case 'Test Cases/Beranda/Admin Sekolah/Beranda/Dashboard/Verify Element visible' successfully

06-01-2025T10:08:27 - [TEST_CASE][PASSED] - Test Cases/Beranda/Admin Sekolah/Beranda/Dashboard/Verify Element visible: Test Cases/Beranda/Admin Sekolah/Beranda/Dashboard/Verify Element visible

06-01-2025T10:08:27 - [TEST_STEP][PASSED] - openBrowser(""): Browser is opened with url: ''

06-01-2025T10:08:27 - [MESSAGE][INFO] - Starting 'Chrome' driver

06-01-2025T10:08:27 - [MESSAGE][INFO] - Action delay is set to 0 milliseconds

06-01-2025T10:08:28 - [MESSAGE][PASSED] - Browser is opened with url: ''

06-01-2025T10:08:28 - [TEST_STEP][PASSED] - maximizeWindow(): Current window maximized

06-01-2025T10:08:28 - [MESSAGE][PASSED] - Current window maximized

06-01-2025T10:08:28 - [TEST_STEP][PASSED] - navigateToUrl("https://sit.siprusedu.com/login"): Navigate to 'https://sit.siprusedu.com/login' successfully

06-01-2025T10:08:28 - [MESSAGE][PASSED] - Navigate to 'https://sit.siprusedu.com/login' successfully

06-01-2025T10:08:28 - [TEST_STEP][PASSED] - setText(findTestObject("Object Repository/Master Data/Admin Sekolah/Login/Field Email"), "admin.sekolah@gmail.com"): Text 'admin.sekolah@gmail.com' is set on object 'Object Repository/Master Data/Admin Sekolah/Login/Field Email'

06-01-2025T10:08:30 - [MESSAGE][PASSED] - Text 'admin.sekolah@gmail.com' is set on object 'Object Repository/Master Data/Admin Sekolah/Login/Field Email'

06-01-2025T10:08:30 - [TEST_STEP][PASSED] - setText(findTestObject("Object Repository/Master Data/Admin Sekolah/Login/Input Password"), "Test1234"): Text 'Test1234' is set on object 'Object Repository/Master Data/Admin Sekolah/Login/Input Password'

06-01-2025T10:08:31 - [MESSAGE][PASSED] - Text 'Test1234' is set on object 'Object Repository/Master Data/Admin Sekolah/Login/Input Password'

06-01-2025T10:08:31 - [TEST_STEP][PASSED] - click(findTestObject("Object Repository/Master Data/Admin Sekolah/Login/Button Submit")): Object: 'Object Repository/Master Data/Admin Sekolah/Login/Button Submit' is clicked on

06-01-2025T10:08:31 - [MESSAGE][PASSED] - Object: 'Object Repository/Master Data/Admin Sekolah/Login/Button Submit' is clicked on

06-01-2025T10:08:31 - [TEST_STEP][PASSED] - waitForPageLoad(10): Wait for page load successfully

06-01-2025T10:08:31 - [MESSAGE][PASSED] - Wait for page load successfully

06-01-2025T10:08:31 - [TEST_STEP][PASSED] - isElement1Visible = verifyElementVisible(findTestObject("Beranda/Admin Sekolah/Beranda/Dashboard/Konten_Beranda/Informasi_Siswa_aktif")): Object 'Object Repository/Beranda/Admin Sekolah/Beranda/Dashboard/Konten_Beranda/Informasi_Siswa_aktif' is visible

06-01-2025T10:08:33 - [MESSAGE][PASSED] - Object 'Object Repository/Beranda/Admin Sekolah/Beranda/Dashboard/Konten_Beranda/Informasi_Siswa_aktif' is visible

06-01-2025T10:08:33 - [TEST_STEP][PASSED] - isElement2Visible = verifyElementVisible(findTestObject("Beranda/Admin Sekolah/Beranda/Dashboard/Konten_Beranda/Informasi_Transaksi_Pembayaran")): Object 'Object Repository/Beranda/Admin Sekolah/Beranda/Dashboard/Konten_Beranda/Informasi_Transaksi_Pembayaran' is visible

06-01-2025T10:08:33 - [MESSAGE][PASSED] - Object 'Object Repository/Beranda/Admin Sekolah/Beranda/Dashboard/Konten_Beranda/Informasi_Transaksi_Pembayaran' is visible

06-01-2025T10:08:33 - [TEST_STEP][PASSED] - isElement3Visible = verifyElementVisible(findTestObject("Beranda/Admin Sekolah/Beranda/Dashboard/Konten_Beranda/Informasi_Tagihan_Terbayar")): Object 'Object Repository/Beranda/Admin Sekolah/Beranda/Dashboard/Konten_Beranda/Informasi_Tagihan_Terbayar' is visible

06-01-2025T10:08:33 - [MESSAGE][PASSED] - Object 'Object Repository/Beranda/Admin Sekolah/Beranda/Dashboard/Konten_Beranda/Informasi_Tagihan_Terbayar' is visible

06-01-2025T10:08:33 - [TEST_STEP][PASSED] - if (isElement1Visible): Elemen 1 terlihat.

06-01-2025T10:08:33 - [TEST_STEP][PASSED] - comment("Elemen 1 terlihat."): Elemen 1 terlihat.

06-01-2025T10:08:33 - [MESSAGE][INFO] - Elemen 1 terlihat.

06-01-2025T10:08:33 - [TEST_STEP][PASSED] - if (isElement2Visible): Elemen 2 terlihat.

06-01-2025T10:08:33 - [TEST_STEP][PASSED] - comment("Elemen 2 terlihat."): Elemen 2 terlihat.

06-01-2025T10:08:33 - [MESSAGE][INFO] - Elemen 2 terlihat.

06-01-2025T10:08:33 - [TEST_STEP][PASSED] - if (isElement3Visible): Elemen 3 terlihat.

06-01-2025T10:08:33 - [TEST_STEP][PASSED] - comment("Elemen 3 terlihat."): Elemen 3 terlihat.

06-01-2025T10:08:33 - [MESSAGE][INFO] - Elemen 3 terlihat.

06-01-2025T10:08:33 - [TEST_STEP][PASSED] - closeBrowser(): Browser is closed

06-01-2025T10:08:33 - [MESSAGE][PASSED] - Browser is closed

06-01-2025T10:08:33 - [MESSAGE][PASSED] - Call Test Case 'Test Cases/Beranda/Admin Sekolah/Beranda/Dashboard/Verify Element visible' successfully

06-01-2025T10:08:33 - [TEST_STEP][PASSED] - println("============================= Loop Again ==============================="): null

06-01-2025T10:08:33 - [TEST_STEP][PASSED] - callTestCase(findTestCase("Test Cases/Beranda/Admin Sekolah/Beranda/Dashboard/Lihat selengkapnya pengumuman"), [:], CONTINUE_ON_FAILURE): Call Test Case 'Test Cases/Beranda/Admin Sekolah/Beranda/Dashboard/Lihat selengkapnya pengumuman' successfully

06-01-2025T10:08:33 - [TEST_CASE][PASSED] - Test Cases/Beranda/Admin Sekolah/Beranda/Dashboard/Lihat selengkapnya pengumuman: Test Cases/Beranda/Admin Sekolah/Beranda/Dashboard/Lihat selengkapnya pengumuman

06-01-2025T10:08:33 - [TEST_STEP][PASSED] - openBrowser(""): Browser is opened with url: ''

06-01-2025T10:08:33 - [MESSAGE][INFO] - Starting 'Chrome' driver

06-01-2025T10:08:33 - [MESSAGE][INFO] - Action delay is set to 0 milliseconds

06-01-2025T10:08:34 - [MESSAGE][PASSED] - Browser is opened with url: ''

06-01-2025T10:08:34 - [TEST_STEP][PASSED] - maximizeWindow(): Current window maximized

06-01-2025T10:08:34 - [MESSAGE][PASSED] - Current window maximized

06-01-2025T10:08:34 - [TEST_STEP][PASSED] - navigateToUrl("https://sit.siprusedu.com/login"): Navigate to 'https://sit.siprusedu.com/login' successfully

06-01-2025T10:08:41 - [MESSAGE][PASSED] - Navigate to 'https://sit.siprusedu.com/login' successfully

06-01-2025T10:08:41 - [TEST_STEP][PASSED] - setText(findTestObject("Object Repository/Master Data/Admin Sekolah/Login/Field Email"), "admin.sekolah@gmail.com"): Text 'admin.sekolah@gmail.com' is set on object 'Object Repository/Master Data/Admin Sekolah/Login/Field Email'

06-01-2025T10:08:43 - [MESSAGE][PASSED] - Text 'admin.sekolah@gmail.com' is set on object 'Object Repository/Master Data/Admin Sekolah/Login/Field Email'

06-01-2025T10:08:43 - [TEST_STEP][PASSED] - setText(findTestObject("Object Repository/Master Data/Admin Sekolah/Login/Input Password"), "Test1234"): Text 'Test1234' is set on object 'Object Repository/Master Data/Admin Sekolah/Login/Input Password'

06-01-2025T10:08:43 - [MESSAGE][PASSED] - Text 'Test1234' is set on object 'Object Repository/Master Data/Admin Sekolah/Login/Input Password'

06-01-2025T10:08:43 - [TEST_STEP][PASSED] - click(findTestObject("Object Repository/Master Data/Admin Sekolah/Login/Button Submit")): Object: 'Object Repository/Master Data/Admin Sekolah/Login/Button Submit' is clicked on

06-01-2025T10:08:44 - [MESSAGE][PASSED] - Object: 'Object Repository/Master Data/Admin Sekolah/Login/Button Submit' is clicked on

06-01-2025T10:08:44 - [TEST_STEP][PASSED] - waitForPageLoad(10): Wait for page load successfully

06-01-2025T10:08:44 - [MESSAGE][PASSED] - Wait for page load successfully

06-01-2025T10:08:44 - [TEST_STEP][PASSED] - waitForElementVisible(findTestObject("Beranda/Admin Sekolah/Beranda/Dashboard/Isi_Konten_Page/Lable_Pengumuman_section"), 2): Object 'Object Repository/Beranda/Admin Sekolah/Beranda/Dashboard/Isi_Konten_Page/Lable_Pengumuman_section' is visible

06-01-2025T10:08:45 - [MESSAGE][PASSED] - Object 'Object Repository/Beranda/Admin Sekolah/Beranda/Dashboard/Isi_Konten_Page/Lable_Pengumuman_section' is visible

06-01-2025T10:08:45 - [TEST_STEP][PASSED] - try: Tombol "Selengkapnya" berhasil diklik.

06-01-2025T10:08:45 - [TEST_STEP][PASSED] - click(findTestObject("Beranda/Admin Sekolah/Beranda/Dashboard/Button_Selengkapnya/button_Selengkapnya")): Object: 'Object Repository/Beranda/Admin Sekolah/Beranda/Dashboard/Button_Selengkapnya/button_Selengkapnya' is clicked on

06-01-2025T10:08:46 - [MESSAGE][PASSED] - Object: 'Object Repository/Beranda/Admin Sekolah/Beranda/Dashboard/Button_Selengkapnya/button_Selengkapnya' is clicked on

06-01-2025T10:08:46 - [TEST_STEP][PASSED] - comment("Tombol "Selengkapnya" berhasil diklik."): Tombol "Selengkapnya" berhasil diklik.

06-01-2025T10:08:46 - [MESSAGE][INFO] - Tombol "Selengkapnya" berhasil diklik.

06-01-2025T10:08:46 - [TEST_STEP][PASSED] - waitForElementVisible(findTestObject("Beranda/Admin Sekolah/Beranda/Dashboard/Table_list/Isi_table"), 2): Object 'Object Repository/Beranda/Admin Sekolah/Beranda/Dashboard/Table_list/Isi_table' is visible

06-01-2025T10:08:47 - [MESSAGE][PASSED] - Object 'Object Repository/Beranda/Admin Sekolah/Beranda/Dashboard/Table_list/Isi_table' is visible

06-01-2025T10:08:47 - [TEST_STEP][PASSED] - try: Elemen pengumuman berhasil di-scroll.

06-01-2025T10:08:47 - [TEST_STEP][PASSED] - scrollToElement(findTestObject("Beranda/Admin Sekolah/Beranda/Dashboard/Table_list/Isi_table"), 10): Scroll to object 'Object Repository/Beranda/Admin Sekolah/Beranda/Dashboard/Table_list/Isi_table' successfully

06-01-2025T10:08:47 - [MESSAGE][PASSED] - Scroll to object 'Object Repository/Beranda/Admin Sekolah/Beranda/Dashboard/Table_list/Isi_table' successfully

06-01-2025T10:08:47 - [TEST_STEP][PASSED] - comment("Elemen pengumuman berhasil di-scroll."): Elemen pengumuman berhasil di-scroll.

06-01-2025T10:08:47 - [MESSAGE][INFO] - Elemen pengumuman berhasil di-scroll.

06-01-2025T10:08:47 - [TEST_STEP][PASSED] - announcementText = getText(findTestObject("Beranda/Admin Sekolah/Beranda/Dashboard/Table_list/Isi_table")): Text of object 'Object Repository/Beranda/Admin Sekolah/Beranda/Dashboard/Table_list/Isi_table' is: 'test'

06-01-2025T10:08:47 - [MESSAGE][PASSED] - Text of object 'Object Repository/Beranda/Admin Sekolah/Beranda/Dashboard/Table_list/Isi_table' is: 'test'

06-01-2025T10:08:47 - [TEST_STEP][PASSED] - comment("Teks yang diambil dari elemen: " + announcementText): Teks yang diambil dari elemen: test

06-01-2025T10:08:47 - [MESSAGE][INFO] - Teks yang diambil dari elemen: test

06-01-2025T10:08:47 - [TEST_STEP][PASSED] - click(findTestObject("Beranda/Admin Sekolah/Beranda/Dashboard/Table_list/Isi_table")): Object: 'Object Repository/Beranda/Admin Sekolah/Beranda/Dashboard/Table_list/Isi_table' is clicked on

06-01-2025T10:08:48 - [MESSAGE][PASSED] - Object: 'Object Repository/Beranda/Admin Sekolah/Beranda/Dashboard/Table_list/Isi_table' is clicked on

06-01-2025T10:08:48 - [TEST_STEP][PASSED] - waitForElementVisible(findTestObject("Beranda/Admin Sekolah/Beranda/Dashboard/Page_Hasil_Click/Label_After_Click"), 3): Object 'Object Repository/Beranda/Admin Sekolah/Beranda/Dashboard/Page_Hasil_Click/Label_After_Click' is visible

06-01-2025T10:08:48 - [MESSAGE][PASSED] - Object 'Object Repository/Beranda/Admin Sekolah/Beranda/Dashboard/Page_Hasil_Click/Label_After_Click' is visible

06-01-2025T10:08:48 - [TEST_STEP][PASSED] - labelText = getText(findTestObject("Beranda/Admin Sekolah/Beranda/Dashboard/Page_Hasil_Click/Label_After_Click")): Text of object 'Object Repository/Beranda/Admin Sekolah/Beranda/Dashboard/Page_Hasil_Click/Label_After_Click' is: 'test'

06-01-2025T10:08:49 - [MESSAGE][PASSED] - Text of object 'Object Repository/Beranda/Admin Sekolah/Beranda/Dashboard/Page_Hasil_Click/Label_After_Click' is: 'test'

06-01-2025T10:08:49 - [TEST_STEP][PASSED] - comment("Teks yang diambil dari label setelah klik: " + labelText): Teks yang diambil dari label setelah klik: test

06-01-2025T10:08:49 - [MESSAGE][INFO] - Teks yang diambil dari label setelah klik: test

06-01-2025T10:08:49 - [TEST_STEP][PASSED] - if (announcementText == labelText): Teks dari elemen yang diklik sesuai dengan label yang muncul: test

06-01-2025T10:08:49 - [TEST_STEP][PASSED] - comment("Teks dari elemen yang diklik sesuai dengan label yang muncul: " + labelText): Teks dari elemen yang diklik sesuai dengan label yang muncul: test

06-01-2025T10:08:49 - [MESSAGE][INFO] - Teks dari elemen yang diklik sesuai dengan label yang muncul: test

06-01-2025T10:08:49 - [TEST_STEP][PASSED] - closeBrowser(): Browser is closed

06-01-2025T10:08:49 - [MESSAGE][PASSED] - Browser is closed

06-01-2025T10:08:49 - [MESSAGE][PASSED] - Call Test Case 'Test Cases/Beranda/Admin Sekolah/Beranda/Dashboard/Lihat selengkapnya pengumuman' successfully

06-01-2025T10:08:49 - [TEST_STEP][PASSED] - callTestCase(findTestCase("Test Cases/Beranda/Admin Sekolah/Beranda/Dashboard/Verify Element visible"), [:], CONTINUE_ON_FAILURE): Call Test Case 'Test Cases/Beranda/Admin Sekolah/Beranda/Dashboard/Verify Element visible' successfully

06-01-2025T10:08:49 - [TEST_CASE][PASSED] - Test Cases/Beranda/Admin Sekolah/Beranda/Dashboard/Verify Element visible: Test Cases/Beranda/Admin Sekolah/Beranda/Dashboard/Verify Element visible

06-01-2025T10:08:49 - [TEST_STEP][PASSED] - openBrowser(""): Browser is opened with url: ''

06-01-2025T10:08:49 - [MESSAGE][INFO] - Starting 'Chrome' driver

06-01-2025T10:08:49 - [MESSAGE][INFO] - Action delay is set to 0 milliseconds

06-01-2025T10:08:50 - [MESSAGE][PASSED] - Browser is opened with url: ''

06-01-2025T10:08:50 - [TEST_STEP][PASSED] - maximizeWindow(): Current window maximized

06-01-2025T10:08:50 - [MESSAGE][PASSED] - Current window maximized

06-01-2025T10:08:50 - [TEST_STEP][PASSED] - navigateToUrl("https://sit.siprusedu.com/login"): Navigate to 'https://sit.siprusedu.com/login' successfully

06-01-2025T10:08:50 - [MESSAGE][PASSED] - Navigate to 'https://sit.siprusedu.com/login' successfully

06-01-2025T10:08:50 - [TEST_STEP][PASSED] - setText(findTestObject("Object Repository/Master Data/Admin Sekolah/Login/Field Email"), "admin.sekolah@gmail.com"): Text 'admin.sekolah@gmail.com' is set on object 'Object Repository/Master Data/Admin Sekolah/Login/Field Email'

06-01-2025T10:08:52 - [MESSAGE][PASSED] - Text 'admin.sekolah@gmail.com' is set on object 'Object Repository/Master Data/Admin Sekolah/Login/Field Email'

06-01-2025T10:08:52 - [TEST_STEP][PASSED] - setText(findTestObject("Object Repository/Master Data/Admin Sekolah/Login/Input Password"), "Test1234"): Text 'Test1234' is set on object 'Object Repository/Master Data/Admin Sekolah/Login/Input Password'

06-01-2025T10:08:53 - [MESSAGE][PASSED] - Text 'Test1234' is set on object 'Object Repository/Master Data/Admin Sekolah/Login/Input Password'

06-01-2025T10:08:53 - [TEST_STEP][PASSED] - click(findTestObject("Object Repository/Master Data/Admin Sekolah/Login/Button Submit")): Object: 'Object Repository/Master Data/Admin Sekolah/Login/Button Submit' is clicked on

06-01-2025T10:08:53 - [MESSAGE][PASSED] - Object: 'Object Repository/Master Data/Admin Sekolah/Login/Button Submit' is clicked on

06-01-2025T10:08:53 - [TEST_STEP][PASSED] - waitForPageLoad(10): Wait for page load successfully

06-01-2025T10:08:53 - [MESSAGE][PASSED] - Wait for page load successfully

06-01-2025T10:08:53 - [TEST_STEP][PASSED] - isElement1Visible = verifyElementVisible(findTestObject("Beranda/Admin Sekolah/Beranda/Dashboard/Konten_Beranda/Informasi_Siswa_aktif")): Object 'Object Repository/Beranda/Admin Sekolah/Beranda/Dashboard/Konten_Beranda/Informasi_Siswa_aktif' is visible

06-01-2025T10:08:54 - [MESSAGE][PASSED] - Object 'Object Repository/Beranda/Admin Sekolah/Beranda/Dashboard/Konten_Beranda/Informasi_Siswa_aktif' is visible

06-01-2025T10:08:54 - [TEST_STEP][PASSED] - isElement2Visible = verifyElementVisible(findTestObject("Beranda/Admin Sekolah/Beranda/Dashboard/Konten_Beranda/Informasi_Transaksi_Pembayaran")): Object 'Object Repository/Beranda/Admin Sekolah/Beranda/Dashboard/Konten_Beranda/Informasi_Transaksi_Pembayaran' is visible

06-01-2025T10:08:55 - [MESSAGE][PASSED] - Object 'Object Repository/Beranda/Admin Sekolah/Beranda/Dashboard/Konten_Beranda/Informasi_Transaksi_Pembayaran' is visible

06-01-2025T10:08:55 - [TEST_STEP][PASSED] - isElement3Visible = verifyElementVisible(findTestObject("Beranda/Admin Sekolah/Beranda/Dashboard/Konten_Beranda/Informasi_Tagihan_Terbayar")): Object 'Object Repository/Beranda/Admin Sekolah/Beranda/Dashboard/Konten_Beranda/Informasi_Tagihan_Terbayar' is visible

06-01-2025T10:08:55 - [MESSAGE][PASSED] - Object 'Object Repository/Beranda/Admin Sekolah/Beranda/Dashboard/Konten_Beranda/Informasi_Tagihan_Terbayar' is visible

06-01-2025T10:08:55 - [TEST_STEP][PASSED] - if (isElement1Visible): Elemen 1 terlihat.

06-01-2025T10:08:55 - [TEST_STEP][PASSED] - comment("Elemen 1 terlihat."): Elemen 1 terlihat.

06-01-2025T10:08:55 - [MESSAGE][INFO] - Elemen 1 terlihat.

06-01-2025T10:08:55 - [TEST_STEP][PASSED] - if (isElement2Visible): Elemen 2 terlihat.

06-01-2025T10:08:55 - [TEST_STEP][PASSED] - comment("Elemen 2 terlihat."): Elemen 2 terlihat.

06-01-2025T10:08:55 - [MESSAGE][INFO] - Elemen 2 terlihat.

06-01-2025T10:08:55 - [TEST_STEP][PASSED] - if (isElement3Visible): Elemen 3 terlihat.

06-01-2025T10:08:55 - [TEST_STEP][PASSED] - comment("Elemen 3 terlihat."): Elemen 3 terlihat.

06-01-2025T10:08:55 - [MESSAGE][INFO] - Elemen 3 terlihat.

06-01-2025T10:08:55 - [TEST_STEP][PASSED] - closeBrowser(): Browser is closed

06-01-2025T10:08:56 - [MESSAGE][PASSED] - Browser is closed

06-01-2025T10:08:56 - [MESSAGE][PASSED] - Call Test Case 'Test Cases/Beranda/Admin Sekolah/Beranda/Dashboard/Verify Element visible' successfully

06-01-2025T10:08:56 - [TEST_STEP][PASSED] - println("============================= Loop Again ==============================="): null]]></system-out>
         <system-err><![CDATA[]]></system-err>
      </testcase>
      <testcase name="Test Cases/Regresi Feature/Sprint 3/Regresi Informasi" time="217.103" classname="Test Cases/Regresi Feature/Sprint 3/Regresi Informasi" status="PASSED">
         <system-out><![CDATA[06-01-2025T10:08:56 - [TEST_CASE][PASSED] - Test Cases/Regresi Feature/Sprint 3/Regresi Informasi: Test Cases/Regresi Feature/Sprint 3/Regresi Informasi

06-01-2025T10:08:56 - [TEST_STEP][PASSED] - for ([i = 1, i <= maxLoop, (i++)]): null

06-01-2025T10:08:56 - [TEST_STEP][PASSED] - callTestCase(findTestCase("Test Cases/Informasi/Tambah Pengumuman"), [:], CONTINUE_ON_FAILURE): Call Test Case 'Test Cases/Informasi/Tambah Pengumuman' successfully

06-01-2025T10:08:56 - [TEST_CASE][PASSED] - Test Cases/Informasi/Tambah Pengumuman: Test Cases/Informasi/Tambah Pengumuman

06-01-2025T10:08:56 - [TEST_STEP][PASSED] - openBrowser("", CONTINUE_ON_FAILURE): Browser is opened with url: ''

06-01-2025T10:08:56 - [MESSAGE][INFO] - Starting 'Chrome' driver

06-01-2025T10:08:56 - [MESSAGE][INFO] - Action delay is set to 0 milliseconds

06-01-2025T10:08:57 - [MESSAGE][PASSED] - Browser is opened with url: ''

06-01-2025T10:08:57 - [TEST_STEP][PASSED] - navigateToUrl("https://sit.siprusedu.com/login", CONTINUE_ON_FAILURE): Navigate to 'https://sit.siprusedu.com/login' successfully

06-01-2025T10:08:57 - [MESSAGE][PASSED] - Navigate to 'https://sit.siprusedu.com/login' successfully

06-01-2025T10:08:57 - [TEST_STEP][PASSED] - setText(findTestObject("Master Data/Admin Sekolah/Login/Field Email"), "admin.gudangsolusi@digiform.co.id", CONTINUE_ON_FAILURE): Text 'admin.gudangsolusi@digiform.co.id' is set on object 'Object Repository/Master Data/Admin Sekolah/Login/Field Email'

06-01-2025T10:08:59 - [MESSAGE][PASSED] - Text 'admin.gudangsolusi@digiform.co.id' is set on object 'Object Repository/Master Data/Admin Sekolah/Login/Field Email'

06-01-2025T10:08:59 - [TEST_STEP][PASSED] - setText(findTestObject("Master Data/Admin Sekolah/Login/Input Password"), "Test1234", CONTINUE_ON_FAILURE): Text 'Test1234' is set on object 'Object Repository/Master Data/Admin Sekolah/Login/Input Password'

06-01-2025T10:09:00 - [MESSAGE][PASSED] - Text 'Test1234' is set on object 'Object Repository/Master Data/Admin Sekolah/Login/Input Password'

06-01-2025T10:09:00 - [TEST_STEP][PASSED] - click(findTestObject("Master Data/Admin Sekolah/Login/Button Submit"), CONTINUE_ON_FAILURE): Object: 'Object Repository/Master Data/Admin Sekolah/Login/Button Submit' is clicked on

06-01-2025T10:09:00 - [MESSAGE][PASSED] - Object: 'Object Repository/Master Data/Admin Sekolah/Login/Button Submit' is clicked on

06-01-2025T10:09:00 - [TEST_STEP][PASSED] - click(findTestObject("Informasi/Tambah Pengumuman/Menu Informasi")): Object: 'Object Repository/Informasi/Tambah Pengumuman/Menu Informasi' is clicked on

06-01-2025T10:09:01 - [MESSAGE][PASSED] - Object: 'Object Repository/Informasi/Tambah Pengumuman/Menu Informasi' is clicked on

06-01-2025T10:09:01 - [TEST_STEP][PASSED] - click(findTestObject("Informasi/Tambah Pengumuman/Submenu Event")): Object: 'Object Repository/Informasi/Tambah Pengumuman/Submenu Event' is clicked on

06-01-2025T10:09:02 - [MESSAGE][PASSED] - Object: 'Object Repository/Informasi/Tambah Pengumuman/Submenu Event' is clicked on

06-01-2025T10:09:02 - [TEST_STEP][PASSED] - click(findTestObject("Informasi/Tambah Pengumuman/Button Tambah")): Object: 'Object Repository/Informasi/Tambah Pengumuman/Button Tambah' is clicked on

06-01-2025T10:09:05 - [MESSAGE][PASSED] - Object: 'Object Repository/Informasi/Tambah Pengumuman/Button Tambah' is clicked on

06-01-2025T10:09:05 - [TEST_STEP][PASSED] - click(findTestObject("Informasi/Tambah Pengumuman/Input Judul")): Object: 'Object Repository/Informasi/Tambah Pengumuman/Input Judul' is clicked on

06-01-2025T10:09:06 - [MESSAGE][PASSED] - Object: 'Object Repository/Informasi/Tambah Pengumuman/Input Judul' is clicked on

06-01-2025T10:09:06 - [TEST_STEP][PASSED] - setText(findTestObject("Informasi/Tambah Pengumuman/Input Judul"), "Katalons"): Text 'Katalons' is set on object 'Object Repository/Informasi/Tambah Pengumuman/Input Judul'

06-01-2025T10:09:07 - [MESSAGE][PASSED] - Text 'Katalons' is set on object 'Object Repository/Informasi/Tambah Pengumuman/Input Judul'

06-01-2025T10:09:07 - [TEST_STEP][PASSED] - click(findTestObject("Informasi/Tambah Pengumuman/Input Deskripsi")): Object: 'Object Repository/Informasi/Tambah Pengumuman/Input Deskripsi' is clicked on

06-01-2025T10:09:07 - [MESSAGE][PASSED] - Object: 'Object Repository/Informasi/Tambah Pengumuman/Input Deskripsi' is clicked on

06-01-2025T10:09:07 - [TEST_STEP][PASSED] - setText(findTestObject("Informasi/Tambah Pengumuman/Input Deskripsi"), "Jaldi"): Text 'Jaldi' is set on object 'Object Repository/Informasi/Tambah Pengumuman/Input Deskripsi'

06-01-2025T10:09:08 - [MESSAGE][PASSED] - Text 'Jaldi' is set on object 'Object Repository/Informasi/Tambah Pengumuman/Input Deskripsi'

06-01-2025T10:09:08 - [TEST_STEP][PASSED] - click(findTestObject("Informasi/Tambah Pengumuman/Button Simpan")): Object: 'Object Repository/Informasi/Tambah Pengumuman/Button Simpan' is clicked on

06-01-2025T10:09:08 - [MESSAGE][PASSED] - Object: 'Object Repository/Informasi/Tambah Pengumuman/Button Simpan' is clicked on

06-01-2025T10:09:08 - [TEST_STEP][PASSED] - click(findTestObject("Informasi/Tambah Pengumuman/Button Ya")): Object: 'Object Repository/Informasi/Tambah Pengumuman/Button Ya' is clicked on

06-01-2025T10:09:09 - [MESSAGE][PASSED] - Object: 'Object Repository/Informasi/Tambah Pengumuman/Button Ya' is clicked on

06-01-2025T10:09:09 - [MESSAGE][PASSED] - Call Test Case 'Test Cases/Informasi/Tambah Pengumuman' successfully

06-01-2025T10:09:09 - [TEST_STEP][PASSED] - callTestCase(findTestCase("Test Cases/Informasi/Edit Pengumuman"), [:], CONTINUE_ON_FAILURE): Call Test Case 'Test Cases/Informasi/Edit Pengumuman' successfully

06-01-2025T10:09:09 - [TEST_CASE][PASSED] - Test Cases/Informasi/Edit Pengumuman: Test Cases/Informasi/Edit Pengumuman

06-01-2025T10:09:09 - [TEST_STEP][PASSED] - openBrowser("", CONTINUE_ON_FAILURE): Browser is opened with url: ''

06-01-2025T10:09:09 - [MESSAGE][WARNING] - A browser is already opened. Closing browser and opening a new one

06-01-2025T10:09:09 - [MESSAGE][INFO] - Starting 'Chrome' driver

06-01-2025T10:09:09 - [MESSAGE][INFO] - Action delay is set to 0 milliseconds

06-01-2025T10:09:10 - [MESSAGE][PASSED] - Browser is opened with url: ''

06-01-2025T10:09:10 - [TEST_STEP][PASSED] - navigateToUrl("https://sit.siprusedu.com/login", CONTINUE_ON_FAILURE): Navigate to 'https://sit.siprusedu.com/login' successfully

06-01-2025T10:09:10 - [MESSAGE][PASSED] - Navigate to 'https://sit.siprusedu.com/login' successfully

06-01-2025T10:09:10 - [TEST_STEP][PASSED] - setText(findTestObject("Master Data/Admin Sekolah/Login/Field Email"), "admin.gudangsolusi@digiform.co.id", CONTINUE_ON_FAILURE): Text 'admin.gudangsolusi@digiform.co.id' is set on object 'Object Repository/Master Data/Admin Sekolah/Login/Field Email'

06-01-2025T10:09:12 - [MESSAGE][PASSED] - Text 'admin.gudangsolusi@digiform.co.id' is set on object 'Object Repository/Master Data/Admin Sekolah/Login/Field Email'

06-01-2025T10:09:12 - [TEST_STEP][PASSED] - setText(findTestObject("Master Data/Admin Sekolah/Login/Input Password"), "Test1234", CONTINUE_ON_FAILURE): Text 'Test1234' is set on object 'Object Repository/Master Data/Admin Sekolah/Login/Input Password'

06-01-2025T10:09:13 - [MESSAGE][PASSED] - Text 'Test1234' is set on object 'Object Repository/Master Data/Admin Sekolah/Login/Input Password'

06-01-2025T10:09:13 - [TEST_STEP][PASSED] - click(findTestObject("Master Data/Admin Sekolah/Login/Button Submit"), CONTINUE_ON_FAILURE): Object: 'Object Repository/Master Data/Admin Sekolah/Login/Button Submit' is clicked on

06-01-2025T10:09:13 - [MESSAGE][PASSED] - Object: 'Object Repository/Master Data/Admin Sekolah/Login/Button Submit' is clicked on

06-01-2025T10:09:13 - [TEST_STEP][PASSED] - click(findTestObject("Informasi/Tambah Pengumuman/Menu Informasi")): Object: 'Object Repository/Informasi/Tambah Pengumuman/Menu Informasi' is clicked on

06-01-2025T10:09:15 - [MESSAGE][PASSED] - Object: 'Object Repository/Informasi/Tambah Pengumuman/Menu Informasi' is clicked on

06-01-2025T10:09:15 - [TEST_STEP][PASSED] - click(findTestObject("Informasi/Tambah Pengumuman/Submenu Event")): Object: 'Object Repository/Informasi/Tambah Pengumuman/Submenu Event' is clicked on

06-01-2025T10:09:34 - [MESSAGE][PASSED] - Object: 'Object Repository/Informasi/Tambah Pengumuman/Submenu Event' is clicked on

06-01-2025T10:09:34 - [TEST_STEP][PASSED] - click(findTestObject("Informasi/Hapus Pengumuman/Tridots")): Object: 'Object Repository/Informasi/Hapus Pengumuman/Tridots' is clicked on

06-01-2025T10:09:35 - [MESSAGE][PASSED] - Object: 'Object Repository/Informasi/Hapus Pengumuman/Tridots' is clicked on

06-01-2025T10:09:35 - [TEST_STEP][PASSED] - click(findTestObject("Informasi/Edit Pengumuman/Edit")): Object: 'Object Repository/Informasi/Edit Pengumuman/Edit' is clicked on

06-01-2025T10:09:35 - [MESSAGE][PASSED] - Object: 'Object Repository/Informasi/Edit Pengumuman/Edit' is clicked on

06-01-2025T10:09:35 - [TEST_STEP][PASSED] - click(findTestObject("Informasi/Tambah Pengumuman/Input Judul")): Object: 'Object Repository/Informasi/Tambah Pengumuman/Input Judul' is clicked on

06-01-2025T10:09:36 - [MESSAGE][PASSED] - Object: 'Object Repository/Informasi/Tambah Pengumuman/Input Judul' is clicked on

06-01-2025T10:09:36 - [TEST_STEP][PASSED] - delay(3): Delayed 3 second(s)

06-01-2025T10:09:39 - [MESSAGE][PASSED] - Delayed 3 second(s)

06-01-2025T10:09:39 - [TEST_STEP][PASSED] - isTextCleared = false: null

06-01-2025T10:09:39 - [TEST_STEP][PASSED] - maxRetries = 5: null

06-01-2025T10:09:39 - [TEST_STEP][PASSED] - retryCount = 0: null

06-01-2025T10:09:39 - [TEST_STEP][PASSED] - while (!(isTextCleared) && retryCount < maxRetries): null

06-01-2025T10:09:39 - [TEST_STEP][PASSED] - try: null

06-01-2025T10:09:39 - [TEST_STEP][PASSED] - if (verifyElementPresent(findTestObject("Informasi/Tambah Pengumuman/Input Judul"), 5)): null

06-01-2025T10:09:39 - [MESSAGE][PASSED] - Object 'Object Repository/Informasi/Tambah Pengumuman/Input Judul' is present

06-01-2025T10:09:39 - [TEST_STEP][PASSED] - click(findTestObject("Informasi/Tambah Pengumuman/Input Judul")): Object: 'Object Repository/Informasi/Tambah Pengumuman/Input Judul' is clicked on

06-01-2025T10:09:39 - [MESSAGE][PASSED] - Object: 'Object Repository/Informasi/Tambah Pengumuman/Input Judul' is clicked on

06-01-2025T10:09:39 - [TEST_STEP][PASSED] - sendKeys(findTestObject("Informasi/Tambah Pengumuman/Input Judul"), Keys.chord(CONTROL, "a")): Keys 'CONTROL + a' sent to object: 'Object Repository/Informasi/Tambah Pengumuman/Input Judul'

06-01-2025T10:09:39 - [MESSAGE][PASSED] - Keys 'CONTROL + a' sent to object: 'Object Repository/Informasi/Tambah Pengumuman/Input Judul'

06-01-2025T10:09:39 - [TEST_STEP][PASSED] - sendKeys(findTestObject("Informasi/Tambah Pengumuman/Input Judul"), Keys.chord(DELETE)): Keys 'DELETE + ' sent to object: 'Object Repository/Informasi/Tambah Pengumuman/Input Judul'

06-01-2025T10:09:40 - [MESSAGE][PASSED] - Keys 'DELETE + ' sent to object: 'Object Repository/Informasi/Tambah Pengumuman/Input Judul'

06-01-2025T10:09:40 - [TEST_STEP][PASSED] - delay(1): Delayed 1 second(s)

06-01-2025T10:09:41 - [MESSAGE][PASSED] - Delayed 1 second(s)

06-01-2025T10:09:41 - [TEST_STEP][PASSED] - currentText = getAttribute(findTestObject("Informasi/Tambah Pengumuman/Input Judul"), "value"): Attribute 'value' of object 'Object Repository/Informasi/Tambah Pengumuman/Input Judul' is: ''

06-01-2025T10:09:41 - [MESSAGE][PASSED] - Attribute 'value' of object 'Object Repository/Informasi/Tambah Pengumuman/Input Judul' is: ''

06-01-2025T10:09:41 - [TEST_STEP][PASSED] - isTextCleared = currentText.isEmpty(): null

06-01-2025T10:09:41 - [TEST_STEP][PASSED] - if (!(isTextCleared)): null

06-01-2025T10:09:41 - [TEST_STEP][PASSED] - (retryCount++): null

06-01-2025T10:09:41 - [TEST_STEP][PASSED] - if (!(isTextCleared)): null

06-01-2025T10:09:41 - [TEST_STEP][PASSED] - else: Teks berhasil dihapus.

06-01-2025T10:09:41 - [TEST_STEP][PASSED] - comment("Teks berhasil dihapus."): Teks berhasil dihapus.

06-01-2025T10:09:41 - [MESSAGE][INFO] - Teks berhasil dihapus.

06-01-2025T10:09:41 - [TEST_STEP][PASSED] - randomUsername = generateRandomText("user", 8): null

06-01-2025T10:09:41 - [TEST_STEP][PASSED] - return ((prefix + _) + java.util.UUID.randomUUID().toString().replace(-, ).substring(0, length)): null

06-01-2025T10:09:41 - [TEST_STEP][PASSED] - setText(findTestObject("Informasi/Tambah Pengumuman/Input Judul"), randomUsername): Text 'user_6d874eea' is set on object 'Object Repository/Informasi/Tambah Pengumuman/Input Judul'

06-01-2025T10:09:42 - [MESSAGE][PASSED] - Text 'user_6d874eea' is set on object 'Object Repository/Informasi/Tambah Pengumuman/Input Judul'

06-01-2025T10:09:42 - [TEST_STEP][PASSED] - comment(Teks berhasil di-clear dan teks baru '$randomUsername' telah di-set.): Teks berhasil di-clear dan teks baru 'user_6d874eea' telah di-set.

06-01-2025T10:09:42 - [MESSAGE][INFO] - Teks berhasil di-clear dan teks baru 'user_6d874eea' telah di-set.

06-01-2025T10:09:42 - [TEST_STEP][PASSED] - randomTitle = generateRandomText("title", 10): null

06-01-2025T10:09:42 - [TEST_STEP][PASSED] - return ((prefix + _) + java.util.UUID.randomUUID().toString().replace(-, ).substring(0, length)): null

06-01-2025T10:09:42 - [TEST_STEP][PASSED] - comment(Judul acak: $randomTitle): Judul acak: title_89afc4c05e

06-01-2025T10:09:42 - [MESSAGE][INFO] - Judul acak: title_89afc4c05e

06-01-2025T10:09:42 - [TEST_STEP][PASSED] - randomCode = generateRandomText("code", 5): null

06-01-2025T10:09:42 - [TEST_STEP][PASSED] - return ((prefix + _) + java.util.UUID.randomUUID().toString().replace(-, ).substring(0, length)): null

06-01-2025T10:09:42 - [TEST_STEP][PASSED] - comment(Kode acak: $randomCode): Kode acak: code_45513

06-01-2025T10:09:42 - [MESSAGE][INFO] - Kode acak: code_45513

06-01-2025T10:09:42 - [TEST_STEP][PASSED] - delay(1): Delayed 1 second(s)

06-01-2025T10:09:43 - [MESSAGE][PASSED] - Delayed 1 second(s)

06-01-2025T10:09:43 - [TEST_STEP][PASSED] - click(findTestObject("Informasi/Edit Pengumuman/Button Simpan")): Object: 'Object Repository/Informasi/Edit Pengumuman/Button Simpan' is clicked on

06-01-2025T10:09:43 - [MESSAGE][PASSED] - Object: 'Object Repository/Informasi/Edit Pengumuman/Button Simpan' is clicked on

06-01-2025T10:09:43 - [TEST_STEP][PASSED] - click(findTestObject("Informasi/Edit Pengumuman/Button YA")): Object: 'Object Repository/Informasi/Edit Pengumuman/Button YA' is clicked on

06-01-2025T10:09:43 - [MESSAGE][PASSED] - Object: 'Object Repository/Informasi/Edit Pengumuman/Button YA' is clicked on

06-01-2025T10:09:43 - [MESSAGE][PASSED] - Call Test Case 'Test Cases/Informasi/Edit Pengumuman' successfully

06-01-2025T10:09:43 - [TEST_STEP][PASSED] - callTestCase(findTestCase("Test Cases/Informasi/Detail Pengumuman"), [:], CONTINUE_ON_FAILURE): Call Test Case 'Test Cases/Informasi/Detail Pengumuman' successfully

06-01-2025T10:09:43 - [TEST_CASE][PASSED] - Test Cases/Informasi/Detail Pengumuman: Test Cases/Informasi/Detail Pengumuman

06-01-2025T10:09:43 - [TEST_STEP][PASSED] - openBrowser("", CONTINUE_ON_FAILURE): Browser is opened with url: ''

06-01-2025T10:09:43 - [MESSAGE][WARNING] - A browser is already opened. Closing browser and opening a new one

06-01-2025T10:09:44 - [MESSAGE][INFO] - Starting 'Chrome' driver

06-01-2025T10:09:44 - [MESSAGE][INFO] - Action delay is set to 0 milliseconds

06-01-2025T10:09:44 - [MESSAGE][PASSED] - Browser is opened with url: ''

06-01-2025T10:09:44 - [TEST_STEP][PASSED] - navigateToUrl("https://sit.siprusedu.com/login", CONTINUE_ON_FAILURE): Navigate to 'https://sit.siprusedu.com/login' successfully

06-01-2025T10:09:45 - [MESSAGE][PASSED] - Navigate to 'https://sit.siprusedu.com/login' successfully

06-01-2025T10:09:45 - [TEST_STEP][PASSED] - setText(findTestObject("Master Data/Admin Sekolah/Login/Field Email"), "admin.gudangsolusi@digiform.co.id", CONTINUE_ON_FAILURE): Text 'admin.gudangsolusi@digiform.co.id' is set on object 'Object Repository/Master Data/Admin Sekolah/Login/Field Email'

06-01-2025T10:09:47 - [MESSAGE][PASSED] - Text 'admin.gudangsolusi@digiform.co.id' is set on object 'Object Repository/Master Data/Admin Sekolah/Login/Field Email'

06-01-2025T10:09:47 - [TEST_STEP][PASSED] - setText(findTestObject("Master Data/Admin Sekolah/Login/Input Password"), "Test1234", CONTINUE_ON_FAILURE): Text 'Test1234' is set on object 'Object Repository/Master Data/Admin Sekolah/Login/Input Password'

06-01-2025T10:09:47 - [MESSAGE][PASSED] - Text 'Test1234' is set on object 'Object Repository/Master Data/Admin Sekolah/Login/Input Password'

06-01-2025T10:09:47 - [TEST_STEP][PASSED] - click(findTestObject("Master Data/Admin Sekolah/Login/Button Submit"), CONTINUE_ON_FAILURE): Object: 'Object Repository/Master Data/Admin Sekolah/Login/Button Submit' is clicked on

06-01-2025T10:09:48 - [MESSAGE][PASSED] - Object: 'Object Repository/Master Data/Admin Sekolah/Login/Button Submit' is clicked on

06-01-2025T10:09:48 - [TEST_STEP][PASSED] - click(findTestObject("Informasi/Tambah Pengumuman/Menu Informasi")): Object: 'Object Repository/Informasi/Tambah Pengumuman/Menu Informasi' is clicked on

06-01-2025T10:09:49 - [MESSAGE][PASSED] - Object: 'Object Repository/Informasi/Tambah Pengumuman/Menu Informasi' is clicked on

06-01-2025T10:09:49 - [TEST_STEP][PASSED] - click(findTestObject("Informasi/Tambah Pengumuman/Submenu Event")): Object: 'Object Repository/Informasi/Tambah Pengumuman/Submenu Event' is clicked on

06-01-2025T10:10:09 - [MESSAGE][PASSED] - Object: 'Object Repository/Informasi/Tambah Pengumuman/Submenu Event' is clicked on

06-01-2025T10:10:09 - [TEST_STEP][PASSED] - click(findTestObject("Informasi/Hapus Pengumuman/Tridots")): Object: 'Object Repository/Informasi/Hapus Pengumuman/Tridots' is clicked on

06-01-2025T10:10:10 - [MESSAGE][PASSED] - Object: 'Object Repository/Informasi/Hapus Pengumuman/Tridots' is clicked on

06-01-2025T10:10:10 - [TEST_STEP][PASSED] - click(findTestObject("Informasi/Detail Pengumuman/Lihat")): Object: 'Object Repository/Informasi/Detail Pengumuman/Lihat' is clicked on

06-01-2025T10:10:10 - [MESSAGE][PASSED] - Object: 'Object Repository/Informasi/Detail Pengumuman/Lihat' is clicked on

06-01-2025T10:10:10 - [MESSAGE][PASSED] - Call Test Case 'Test Cases/Informasi/Detail Pengumuman' successfully

06-01-2025T10:10:10 - [TEST_STEP][PASSED] - callTestCase(findTestCase("Test Cases/Informasi/Hapus Pengumuman"), [:], CONTINUE_ON_FAILURE): Call Test Case 'Test Cases/Informasi/Hapus Pengumuman' successfully

06-01-2025T10:10:10 - [TEST_CASE][PASSED] - Test Cases/Informasi/Hapus Pengumuman: Test Cases/Informasi/Hapus Pengumuman

06-01-2025T10:10:10 - [TEST_STEP][PASSED] - openBrowser("", CONTINUE_ON_FAILURE): Browser is opened with url: ''

06-01-2025T10:10:10 - [MESSAGE][WARNING] - A browser is already opened. Closing browser and opening a new one

06-01-2025T10:10:10 - [MESSAGE][INFO] - Starting 'Chrome' driver

06-01-2025T10:10:10 - [MESSAGE][INFO] - Action delay is set to 0 milliseconds

06-01-2025T10:10:11 - [MESSAGE][PASSED] - Browser is opened with url: ''

06-01-2025T10:10:11 - [TEST_STEP][PASSED] - navigateToUrl("https://sit.siprusedu.com/login", CONTINUE_ON_FAILURE): Navigate to 'https://sit.siprusedu.com/login' successfully

06-01-2025T10:10:12 - [MESSAGE][PASSED] - Navigate to 'https://sit.siprusedu.com/login' successfully

06-01-2025T10:10:12 - [TEST_STEP][PASSED] - setText(findTestObject("Master Data/Admin Sekolah/Login/Field Email"), "admin.gudangsolusi@digiform.co.id", CONTINUE_ON_FAILURE): Text 'admin.gudangsolusi@digiform.co.id' is set on object 'Object Repository/Master Data/Admin Sekolah/Login/Field Email'

06-01-2025T10:10:14 - [MESSAGE][PASSED] - Text 'admin.gudangsolusi@digiform.co.id' is set on object 'Object Repository/Master Data/Admin Sekolah/Login/Field Email'

06-01-2025T10:10:14 - [TEST_STEP][PASSED] - setText(findTestObject("Master Data/Admin Sekolah/Login/Input Password"), "Test1234", CONTINUE_ON_FAILURE): Text 'Test1234' is set on object 'Object Repository/Master Data/Admin Sekolah/Login/Input Password'

06-01-2025T10:10:14 - [MESSAGE][PASSED] - Text 'Test1234' is set on object 'Object Repository/Master Data/Admin Sekolah/Login/Input Password'

06-01-2025T10:10:14 - [TEST_STEP][PASSED] - click(findTestObject("Master Data/Admin Sekolah/Login/Button Submit"), CONTINUE_ON_FAILURE): Object: 'Object Repository/Master Data/Admin Sekolah/Login/Button Submit' is clicked on

06-01-2025T10:10:14 - [MESSAGE][PASSED] - Object: 'Object Repository/Master Data/Admin Sekolah/Login/Button Submit' is clicked on

06-01-2025T10:10:14 - [TEST_STEP][PASSED] - click(findTestObject("Informasi/Tambah Pengumuman/Menu Informasi")): Object: 'Object Repository/Informasi/Tambah Pengumuman/Menu Informasi' is clicked on

06-01-2025T10:10:16 - [MESSAGE][PASSED] - Object: 'Object Repository/Informasi/Tambah Pengumuman/Menu Informasi' is clicked on

06-01-2025T10:10:16 - [TEST_STEP][PASSED] - click(findTestObject("Informasi/Tambah Pengumuman/Submenu Event")): Object: 'Object Repository/Informasi/Tambah Pengumuman/Submenu Event' is clicked on

06-01-2025T10:10:16 - [MESSAGE][PASSED] - Object: 'Object Repository/Informasi/Tambah Pengumuman/Submenu Event' is clicked on

06-01-2025T10:10:16 - [TEST_STEP][PASSED] - click(findTestObject("Informasi/Hapus Pengumuman/Tridots")): Object: 'Object Repository/Informasi/Hapus Pengumuman/Tridots' is clicked on

06-01-2025T10:10:17 - [MESSAGE][PASSED] - Object: 'Object Repository/Informasi/Hapus Pengumuman/Tridots' is clicked on

06-01-2025T10:10:17 - [TEST_STEP][PASSED] - click(findTestObject("Informasi/Hapus Pengumuman/Hapus")): Object: 'Object Repository/Informasi/Hapus Pengumuman/Hapus' is clicked on

06-01-2025T10:10:18 - [MESSAGE][PASSED] - Object: 'Object Repository/Informasi/Hapus Pengumuman/Hapus' is clicked on

06-01-2025T10:10:18 - [TEST_STEP][PASSED] - click(findTestObject("Informasi/Hapus Pengumuman/Button YA")): Object: 'Object Repository/Informasi/Hapus Pengumuman/Button YA' is clicked on

06-01-2025T10:10:18 - [MESSAGE][PASSED] - Object: 'Object Repository/Informasi/Hapus Pengumuman/Button YA' is clicked on

06-01-2025T10:10:18 - [MESSAGE][PASSED] - Call Test Case 'Test Cases/Informasi/Hapus Pengumuman' successfully

06-01-2025T10:10:18 - [TEST_STEP][PASSED] - println("============================= Loop Again ==============================="): null

06-01-2025T10:10:18 - [TEST_STEP][PASSED] - callTestCase(findTestCase("Test Cases/Informasi/Tambah Pengumuman"), [:], CONTINUE_ON_FAILURE): Call Test Case 'Test Cases/Informasi/Tambah Pengumuman' successfully

06-01-2025T10:10:18 - [TEST_CASE][PASSED] - Test Cases/Informasi/Tambah Pengumuman: Test Cases/Informasi/Tambah Pengumuman

06-01-2025T10:10:18 - [TEST_STEP][PASSED] - openBrowser("", CONTINUE_ON_FAILURE): Browser is opened with url: ''

06-01-2025T10:10:18 - [MESSAGE][WARNING] - A browser is already opened. Closing browser and opening a new one

06-01-2025T10:10:18 - [MESSAGE][INFO] - Starting 'Chrome' driver

06-01-2025T10:10:18 - [MESSAGE][INFO] - Action delay is set to 0 milliseconds

06-01-2025T10:10:19 - [MESSAGE][PASSED] - Browser is opened with url: ''

06-01-2025T10:10:19 - [TEST_STEP][PASSED] - navigateToUrl("https://sit.siprusedu.com/login", CONTINUE_ON_FAILURE): Navigate to 'https://sit.siprusedu.com/login' successfully

06-01-2025T10:10:20 - [MESSAGE][PASSED] - Navigate to 'https://sit.siprusedu.com/login' successfully

06-01-2025T10:10:20 - [TEST_STEP][PASSED] - setText(findTestObject("Master Data/Admin Sekolah/Login/Field Email"), "admin.gudangsolusi@digiform.co.id", CONTINUE_ON_FAILURE): Text 'admin.gudangsolusi@digiform.co.id' is set on object 'Object Repository/Master Data/Admin Sekolah/Login/Field Email'

06-01-2025T10:10:21 - [MESSAGE][PASSED] - Text 'admin.gudangsolusi@digiform.co.id' is set on object 'Object Repository/Master Data/Admin Sekolah/Login/Field Email'

06-01-2025T10:10:21 - [TEST_STEP][PASSED] - setText(findTestObject("Master Data/Admin Sekolah/Login/Input Password"), "Test1234", CONTINUE_ON_FAILURE): Text 'Test1234' is set on object 'Object Repository/Master Data/Admin Sekolah/Login/Input Password'

06-01-2025T10:10:22 - [MESSAGE][PASSED] - Text 'Test1234' is set on object 'Object Repository/Master Data/Admin Sekolah/Login/Input Password'

06-01-2025T10:10:22 - [TEST_STEP][PASSED] - click(findTestObject("Master Data/Admin Sekolah/Login/Button Submit"), CONTINUE_ON_FAILURE): Object: 'Object Repository/Master Data/Admin Sekolah/Login/Button Submit' is clicked on

06-01-2025T10:10:22 - [MESSAGE][PASSED] - Object: 'Object Repository/Master Data/Admin Sekolah/Login/Button Submit' is clicked on

06-01-2025T10:10:22 - [TEST_STEP][PASSED] - click(findTestObject("Informasi/Tambah Pengumuman/Menu Informasi")): Object: 'Object Repository/Informasi/Tambah Pengumuman/Menu Informasi' is clicked on

06-01-2025T10:10:24 - [MESSAGE][PASSED] - Object: 'Object Repository/Informasi/Tambah Pengumuman/Menu Informasi' is clicked on

06-01-2025T10:10:24 - [TEST_STEP][PASSED] - click(findTestObject("Informasi/Tambah Pengumuman/Submenu Event")): Object: 'Object Repository/Informasi/Tambah Pengumuman/Submenu Event' is clicked on

06-01-2025T10:10:24 - [MESSAGE][PASSED] - Object: 'Object Repository/Informasi/Tambah Pengumuman/Submenu Event' is clicked on

06-01-2025T10:10:24 - [TEST_STEP][PASSED] - click(findTestObject("Informasi/Tambah Pengumuman/Button Tambah")): Object: 'Object Repository/Informasi/Tambah Pengumuman/Button Tambah' is clicked on

06-01-2025T10:10:26 - [MESSAGE][PASSED] - Object: 'Object Repository/Informasi/Tambah Pengumuman/Button Tambah' is clicked on

06-01-2025T10:10:26 - [TEST_STEP][PASSED] - click(findTestObject("Informasi/Tambah Pengumuman/Input Judul")): Object: 'Object Repository/Informasi/Tambah Pengumuman/Input Judul' is clicked on

06-01-2025T10:10:27 - [MESSAGE][PASSED] - Object: 'Object Repository/Informasi/Tambah Pengumuman/Input Judul' is clicked on

06-01-2025T10:10:27 - [TEST_STEP][PASSED] - setText(findTestObject("Informasi/Tambah Pengumuman/Input Judul"), "Katalons"): Text 'Katalons' is set on object 'Object Repository/Informasi/Tambah Pengumuman/Input Judul'

06-01-2025T10:10:28 - [MESSAGE][PASSED] - Text 'Katalons' is set on object 'Object Repository/Informasi/Tambah Pengumuman/Input Judul'

06-01-2025T10:10:28 - [TEST_STEP][PASSED] - click(findTestObject("Informasi/Tambah Pengumuman/Input Deskripsi")): Object: 'Object Repository/Informasi/Tambah Pengumuman/Input Deskripsi' is clicked on

06-01-2025T10:10:28 - [MESSAGE][PASSED] - Object: 'Object Repository/Informasi/Tambah Pengumuman/Input Deskripsi' is clicked on

06-01-2025T10:10:28 - [TEST_STEP][PASSED] - setText(findTestObject("Informasi/Tambah Pengumuman/Input Deskripsi"), "Jaldi"): Text 'Jaldi' is set on object 'Object Repository/Informasi/Tambah Pengumuman/Input Deskripsi'

06-01-2025T10:10:29 - [MESSAGE][PASSED] - Text 'Jaldi' is set on object 'Object Repository/Informasi/Tambah Pengumuman/Input Deskripsi'

06-01-2025T10:10:29 - [TEST_STEP][PASSED] - click(findTestObject("Informasi/Tambah Pengumuman/Button Simpan")): Object: 'Object Repository/Informasi/Tambah Pengumuman/Button Simpan' is clicked on

06-01-2025T10:10:29 - [MESSAGE][PASSED] - Object: 'Object Repository/Informasi/Tambah Pengumuman/Button Simpan' is clicked on

06-01-2025T10:10:29 - [TEST_STEP][PASSED] - click(findTestObject("Informasi/Tambah Pengumuman/Button Ya")): Object: 'Object Repository/Informasi/Tambah Pengumuman/Button Ya' is clicked on

06-01-2025T10:10:30 - [MESSAGE][PASSED] - Object: 'Object Repository/Informasi/Tambah Pengumuman/Button Ya' is clicked on

06-01-2025T10:10:30 - [MESSAGE][PASSED] - Call Test Case 'Test Cases/Informasi/Tambah Pengumuman' successfully

06-01-2025T10:10:30 - [TEST_STEP][PASSED] - callTestCase(findTestCase("Test Cases/Informasi/Edit Pengumuman"), [:], CONTINUE_ON_FAILURE): Call Test Case 'Test Cases/Informasi/Edit Pengumuman' successfully

06-01-2025T10:10:30 - [TEST_CASE][PASSED] - Test Cases/Informasi/Edit Pengumuman: Test Cases/Informasi/Edit Pengumuman

06-01-2025T10:10:30 - [TEST_STEP][PASSED] - openBrowser("", CONTINUE_ON_FAILURE): Browser is opened with url: ''

06-01-2025T10:10:30 - [MESSAGE][WARNING] - A browser is already opened. Closing browser and opening a new one

06-01-2025T10:10:30 - [MESSAGE][INFO] - Starting 'Chrome' driver

06-01-2025T10:10:30 - [MESSAGE][INFO] - Action delay is set to 0 milliseconds

06-01-2025T10:10:31 - [MESSAGE][PASSED] - Browser is opened with url: ''

06-01-2025T10:10:31 - [TEST_STEP][PASSED] - navigateToUrl("https://sit.siprusedu.com/login", CONTINUE_ON_FAILURE): Navigate to 'https://sit.siprusedu.com/login' successfully

06-01-2025T10:10:31 - [MESSAGE][PASSED] - Navigate to 'https://sit.siprusedu.com/login' successfully

06-01-2025T10:10:31 - [TEST_STEP][PASSED] - setText(findTestObject("Master Data/Admin Sekolah/Login/Field Email"), "admin.gudangsolusi@digiform.co.id", CONTINUE_ON_FAILURE): Text 'admin.gudangsolusi@digiform.co.id' is set on object 'Object Repository/Master Data/Admin Sekolah/Login/Field Email'

06-01-2025T10:10:33 - [MESSAGE][PASSED] - Text 'admin.gudangsolusi@digiform.co.id' is set on object 'Object Repository/Master Data/Admin Sekolah/Login/Field Email'

06-01-2025T10:10:33 - [TEST_STEP][PASSED] - setText(findTestObject("Master Data/Admin Sekolah/Login/Input Password"), "Test1234", CONTINUE_ON_FAILURE): Text 'Test1234' is set on object 'Object Repository/Master Data/Admin Sekolah/Login/Input Password'

06-01-2025T10:10:34 - [MESSAGE][PASSED] - Text 'Test1234' is set on object 'Object Repository/Master Data/Admin Sekolah/Login/Input Password'

06-01-2025T10:10:34 - [TEST_STEP][PASSED] - click(findTestObject("Master Data/Admin Sekolah/Login/Button Submit"), CONTINUE_ON_FAILURE): Object: 'Object Repository/Master Data/Admin Sekolah/Login/Button Submit' is clicked on

06-01-2025T10:10:34 - [MESSAGE][PASSED] - Object: 'Object Repository/Master Data/Admin Sekolah/Login/Button Submit' is clicked on

06-01-2025T10:10:34 - [TEST_STEP][PASSED] - click(findTestObject("Informasi/Tambah Pengumuman/Menu Informasi")): Object: 'Object Repository/Informasi/Tambah Pengumuman/Menu Informasi' is clicked on

06-01-2025T10:10:36 - [MESSAGE][PASSED] - Object: 'Object Repository/Informasi/Tambah Pengumuman/Menu Informasi' is clicked on

06-01-2025T10:10:36 - [TEST_STEP][PASSED] - click(findTestObject("Informasi/Tambah Pengumuman/Submenu Event")): Object: 'Object Repository/Informasi/Tambah Pengumuman/Submenu Event' is clicked on

06-01-2025T10:10:36 - [MESSAGE][PASSED] - Object: 'Object Repository/Informasi/Tambah Pengumuman/Submenu Event' is clicked on

06-01-2025T10:10:36 - [TEST_STEP][PASSED] - click(findTestObject("Informasi/Hapus Pengumuman/Tridots")): Object: 'Object Repository/Informasi/Hapus Pengumuman/Tridots' is clicked on

06-01-2025T10:10:37 - [MESSAGE][PASSED] - Object: 'Object Repository/Informasi/Hapus Pengumuman/Tridots' is clicked on

06-01-2025T10:10:37 - [TEST_STEP][PASSED] - click(findTestObject("Informasi/Edit Pengumuman/Edit")): Object: 'Object Repository/Informasi/Edit Pengumuman/Edit' is clicked on

06-01-2025T10:10:38 - [MESSAGE][PASSED] - Object: 'Object Repository/Informasi/Edit Pengumuman/Edit' is clicked on

06-01-2025T10:10:38 - [TEST_STEP][PASSED] - click(findTestObject("Informasi/Tambah Pengumuman/Input Judul")): Object: 'Object Repository/Informasi/Tambah Pengumuman/Input Judul' is clicked on

06-01-2025T10:10:38 - [MESSAGE][PASSED] - Object: 'Object Repository/Informasi/Tambah Pengumuman/Input Judul' is clicked on

06-01-2025T10:10:38 - [TEST_STEP][PASSED] - delay(3): Delayed 3 second(s)

06-01-2025T10:10:41 - [MESSAGE][PASSED] - Delayed 3 second(s)

06-01-2025T10:10:41 - [TEST_STEP][PASSED] - isTextCleared = false: null

06-01-2025T10:10:41 - [TEST_STEP][PASSED] - maxRetries = 5: null

06-01-2025T10:10:41 - [TEST_STEP][PASSED] - retryCount = 0: null

06-01-2025T10:10:41 - [TEST_STEP][PASSED] - while (!(isTextCleared) && retryCount < maxRetries): null

06-01-2025T10:10:41 - [TEST_STEP][PASSED] - try: null

06-01-2025T10:10:41 - [TEST_STEP][PASSED] - if (verifyElementPresent(findTestObject("Informasi/Tambah Pengumuman/Input Judul"), 5)): null

06-01-2025T10:10:42 - [MESSAGE][PASSED] - Object 'Object Repository/Informasi/Tambah Pengumuman/Input Judul' is present

06-01-2025T10:10:42 - [TEST_STEP][PASSED] - click(findTestObject("Informasi/Tambah Pengumuman/Input Judul")): Object: 'Object Repository/Informasi/Tambah Pengumuman/Input Judul' is clicked on

06-01-2025T10:10:42 - [MESSAGE][PASSED] - Object: 'Object Repository/Informasi/Tambah Pengumuman/Input Judul' is clicked on

06-01-2025T10:10:42 - [TEST_STEP][PASSED] - sendKeys(findTestObject("Informasi/Tambah Pengumuman/Input Judul"), Keys.chord(CONTROL, "a")): Keys 'CONTROL + a' sent to object: 'Object Repository/Informasi/Tambah Pengumuman/Input Judul'

06-01-2025T10:10:42 - [MESSAGE][PASSED] - Keys 'CONTROL + a' sent to object: 'Object Repository/Informasi/Tambah Pengumuman/Input Judul'

06-01-2025T10:10:42 - [TEST_STEP][PASSED] - sendKeys(findTestObject("Informasi/Tambah Pengumuman/Input Judul"), Keys.chord(DELETE)): Keys 'DELETE + ' sent to object: 'Object Repository/Informasi/Tambah Pengumuman/Input Judul'

06-01-2025T10:10:42 - [MESSAGE][PASSED] - Keys 'DELETE + ' sent to object: 'Object Repository/Informasi/Tambah Pengumuman/Input Judul'

06-01-2025T10:10:42 - [TEST_STEP][PASSED] - delay(1): Delayed 1 second(s)

06-01-2025T10:10:43 - [MESSAGE][PASSED] - Delayed 1 second(s)

06-01-2025T10:10:43 - [TEST_STEP][PASSED] - currentText = getAttribute(findTestObject("Informasi/Tambah Pengumuman/Input Judul"), "value"): Attribute 'value' of object 'Object Repository/Informasi/Tambah Pengumuman/Input Judul' is: ''

06-01-2025T10:10:44 - [MESSAGE][PASSED] - Attribute 'value' of object 'Object Repository/Informasi/Tambah Pengumuman/Input Judul' is: ''

06-01-2025T10:10:44 - [TEST_STEP][PASSED] - isTextCleared = currentText.isEmpty(): null

06-01-2025T10:10:44 - [TEST_STEP][PASSED] - if (!(isTextCleared)): null

06-01-2025T10:10:44 - [TEST_STEP][PASSED] - (retryCount++): null

06-01-2025T10:10:44 - [TEST_STEP][PASSED] - if (!(isTextCleared)): null

06-01-2025T10:10:44 - [TEST_STEP][PASSED] - else: Teks berhasil dihapus.

06-01-2025T10:10:44 - [TEST_STEP][PASSED] - comment("Teks berhasil dihapus."): Teks berhasil dihapus.

06-01-2025T10:10:44 - [MESSAGE][INFO] - Teks berhasil dihapus.

06-01-2025T10:10:44 - [TEST_STEP][PASSED] - randomUsername = generateRandomText("user", 8): null

06-01-2025T10:10:44 - [TEST_STEP][PASSED] - return ((prefix + _) + java.util.UUID.randomUUID().toString().replace(-, ).substring(0, length)): null

06-01-2025T10:10:44 - [TEST_STEP][PASSED] - setText(findTestObject("Informasi/Tambah Pengumuman/Input Judul"), randomUsername): Text 'user_6d8dabba' is set on object 'Object Repository/Informasi/Tambah Pengumuman/Input Judul'

06-01-2025T10:10:44 - [MESSAGE][PASSED] - Text 'user_6d8dabba' is set on object 'Object Repository/Informasi/Tambah Pengumuman/Input Judul'

06-01-2025T10:10:44 - [TEST_STEP][PASSED] - comment(Teks berhasil di-clear dan teks baru '$randomUsername' telah di-set.): Teks berhasil di-clear dan teks baru 'user_6d8dabba' telah di-set.

06-01-2025T10:10:44 - [MESSAGE][INFO] - Teks berhasil di-clear dan teks baru 'user_6d8dabba' telah di-set.

06-01-2025T10:10:44 - [TEST_STEP][PASSED] - randomTitle = generateRandomText("title", 10): null

06-01-2025T10:10:44 - [TEST_STEP][PASSED] - return ((prefix + _) + java.util.UUID.randomUUID().toString().replace(-, ).substring(0, length)): null

06-01-2025T10:10:44 - [TEST_STEP][PASSED] - comment(Judul acak: $randomTitle): Judul acak: title_c70b04ce1f

06-01-2025T10:10:44 - [MESSAGE][INFO] - Judul acak: title_c70b04ce1f

06-01-2025T10:10:44 - [TEST_STEP][PASSED] - randomCode = generateRandomText("code", 5): null

06-01-2025T10:10:44 - [TEST_STEP][PASSED] - return ((prefix + _) + java.util.UUID.randomUUID().toString().replace(-, ).substring(0, length)): null

06-01-2025T10:10:44 - [TEST_STEP][PASSED] - comment(Kode acak: $randomCode): Kode acak: code_89e49

06-01-2025T10:10:44 - [MESSAGE][INFO] - Kode acak: code_89e49

06-01-2025T10:10:44 - [TEST_STEP][PASSED] - delay(1): Delayed 1 second(s)

06-01-2025T10:10:45 - [MESSAGE][PASSED] - Delayed 1 second(s)

06-01-2025T10:10:45 - [TEST_STEP][PASSED] - click(findTestObject("Informasi/Edit Pengumuman/Button Simpan")): Object: 'Object Repository/Informasi/Edit Pengumuman/Button Simpan' is clicked on

06-01-2025T10:10:45 - [MESSAGE][PASSED] - Object: 'Object Repository/Informasi/Edit Pengumuman/Button Simpan' is clicked on

06-01-2025T10:10:45 - [TEST_STEP][PASSED] - click(findTestObject("Informasi/Edit Pengumuman/Button YA")): Object: 'Object Repository/Informasi/Edit Pengumuman/Button YA' is clicked on

06-01-2025T10:10:46 - [MESSAGE][PASSED] - Object: 'Object Repository/Informasi/Edit Pengumuman/Button YA' is clicked on

06-01-2025T10:10:46 - [MESSAGE][PASSED] - Call Test Case 'Test Cases/Informasi/Edit Pengumuman' successfully

06-01-2025T10:10:46 - [TEST_STEP][PASSED] - callTestCase(findTestCase("Test Cases/Informasi/Detail Pengumuman"), [:], CONTINUE_ON_FAILURE): Call Test Case 'Test Cases/Informasi/Detail Pengumuman' successfully

06-01-2025T10:10:46 - [TEST_CASE][PASSED] - Test Cases/Informasi/Detail Pengumuman: Test Cases/Informasi/Detail Pengumuman

06-01-2025T10:10:46 - [TEST_STEP][PASSED] - openBrowser("", CONTINUE_ON_FAILURE): Browser is opened with url: ''

06-01-2025T10:10:46 - [MESSAGE][WARNING] - A browser is already opened. Closing browser and opening a new one

06-01-2025T10:10:46 - [MESSAGE][INFO] - Starting 'Chrome' driver

06-01-2025T10:10:46 - [MESSAGE][INFO] - Action delay is set to 0 milliseconds

06-01-2025T10:10:47 - [MESSAGE][PASSED] - Browser is opened with url: ''

06-01-2025T10:10:47 - [TEST_STEP][PASSED] - navigateToUrl("https://sit.siprusedu.com/login", CONTINUE_ON_FAILURE): Navigate to 'https://sit.siprusedu.com/login' successfully

06-01-2025T10:10:48 - [MESSAGE][PASSED] - Navigate to 'https://sit.siprusedu.com/login' successfully

06-01-2025T10:10:48 - [TEST_STEP][PASSED] - setText(findTestObject("Master Data/Admin Sekolah/Login/Field Email"), "admin.gudangsolusi@digiform.co.id", CONTINUE_ON_FAILURE): Text 'admin.gudangsolusi@digiform.co.id' is set on object 'Object Repository/Master Data/Admin Sekolah/Login/Field Email'

06-01-2025T10:10:49 - [MESSAGE][PASSED] - Text 'admin.gudangsolusi@digiform.co.id' is set on object 'Object Repository/Master Data/Admin Sekolah/Login/Field Email'

06-01-2025T10:10:49 - [TEST_STEP][PASSED] - setText(findTestObject("Master Data/Admin Sekolah/Login/Input Password"), "Test1234", CONTINUE_ON_FAILURE): Text 'Test1234' is set on object 'Object Repository/Master Data/Admin Sekolah/Login/Input Password'

06-01-2025T10:10:50 - [MESSAGE][PASSED] - Text 'Test1234' is set on object 'Object Repository/Master Data/Admin Sekolah/Login/Input Password'

06-01-2025T10:10:50 - [TEST_STEP][PASSED] - click(findTestObject("Master Data/Admin Sekolah/Login/Button Submit"), CONTINUE_ON_FAILURE): Object: 'Object Repository/Master Data/Admin Sekolah/Login/Button Submit' is clicked on

06-01-2025T10:10:50 - [MESSAGE][PASSED] - Object: 'Object Repository/Master Data/Admin Sekolah/Login/Button Submit' is clicked on

06-01-2025T10:10:50 - [TEST_STEP][PASSED] - click(findTestObject("Informasi/Tambah Pengumuman/Menu Informasi")): Object: 'Object Repository/Informasi/Tambah Pengumuman/Menu Informasi' is clicked on

06-01-2025T10:10:52 - [MESSAGE][PASSED] - Object: 'Object Repository/Informasi/Tambah Pengumuman/Menu Informasi' is clicked on

06-01-2025T10:10:52 - [TEST_STEP][PASSED] - click(findTestObject("Informasi/Tambah Pengumuman/Submenu Event")): Object: 'Object Repository/Informasi/Tambah Pengumuman/Submenu Event' is clicked on

06-01-2025T10:11:11 - [MESSAGE][PASSED] - Object: 'Object Repository/Informasi/Tambah Pengumuman/Submenu Event' is clicked on

06-01-2025T10:11:11 - [TEST_STEP][PASSED] - click(findTestObject("Informasi/Hapus Pengumuman/Tridots")): Object: 'Object Repository/Informasi/Hapus Pengumuman/Tridots' is clicked on

06-01-2025T10:11:12 - [MESSAGE][PASSED] - Object: 'Object Repository/Informasi/Hapus Pengumuman/Tridots' is clicked on

06-01-2025T10:11:12 - [TEST_STEP][PASSED] - click(findTestObject("Informasi/Detail Pengumuman/Lihat")): Object: 'Object Repository/Informasi/Detail Pengumuman/Lihat' is clicked on

06-01-2025T10:11:13 - [MESSAGE][PASSED] - Object: 'Object Repository/Informasi/Detail Pengumuman/Lihat' is clicked on

06-01-2025T10:11:13 - [MESSAGE][PASSED] - Call Test Case 'Test Cases/Informasi/Detail Pengumuman' successfully

06-01-2025T10:11:13 - [TEST_STEP][PASSED] - callTestCase(findTestCase("Test Cases/Informasi/Hapus Pengumuman"), [:], CONTINUE_ON_FAILURE): Call Test Case 'Test Cases/Informasi/Hapus Pengumuman' successfully

06-01-2025T10:11:13 - [TEST_CASE][PASSED] - Test Cases/Informasi/Hapus Pengumuman: Test Cases/Informasi/Hapus Pengumuman

06-01-2025T10:11:13 - [TEST_STEP][PASSED] - openBrowser("", CONTINUE_ON_FAILURE): Browser is opened with url: ''

06-01-2025T10:11:13 - [MESSAGE][WARNING] - A browser is already opened. Closing browser and opening a new one

06-01-2025T10:11:13 - [MESSAGE][INFO] - Starting 'Chrome' driver

06-01-2025T10:11:13 - [MESSAGE][INFO] - Action delay is set to 0 milliseconds

06-01-2025T10:11:14 - [MESSAGE][PASSED] - Browser is opened with url: ''

06-01-2025T10:11:14 - [TEST_STEP][PASSED] - navigateToUrl("https://sit.siprusedu.com/login", CONTINUE_ON_FAILURE): Navigate to 'https://sit.siprusedu.com/login' successfully

06-01-2025T10:11:34 - [MESSAGE][PASSED] - Navigate to 'https://sit.siprusedu.com/login' successfully

06-01-2025T10:11:34 - [TEST_STEP][PASSED] - setText(findTestObject("Master Data/Admin Sekolah/Login/Field Email"), "admin.gudangsolusi@digiform.co.id", CONTINUE_ON_FAILURE): Text 'admin.gudangsolusi@digiform.co.id' is set on object 'Object Repository/Master Data/Admin Sekolah/Login/Field Email'

06-01-2025T10:11:36 - [MESSAGE][PASSED] - Text 'admin.gudangsolusi@digiform.co.id' is set on object 'Object Repository/Master Data/Admin Sekolah/Login/Field Email'

06-01-2025T10:11:36 - [TEST_STEP][PASSED] - setText(findTestObject("Master Data/Admin Sekolah/Login/Input Password"), "Test1234", CONTINUE_ON_FAILURE): Text 'Test1234' is set on object 'Object Repository/Master Data/Admin Sekolah/Login/Input Password'

06-01-2025T10:11:37 - [MESSAGE][PASSED] - Text 'Test1234' is set on object 'Object Repository/Master Data/Admin Sekolah/Login/Input Password'

06-01-2025T10:11:37 - [TEST_STEP][PASSED] - click(findTestObject("Master Data/Admin Sekolah/Login/Button Submit"), CONTINUE_ON_FAILURE): Object: 'Object Repository/Master Data/Admin Sekolah/Login/Button Submit' is clicked on

06-01-2025T10:11:37 - [MESSAGE][PASSED] - Object: 'Object Repository/Master Data/Admin Sekolah/Login/Button Submit' is clicked on

06-01-2025T10:11:37 - [TEST_STEP][PASSED] - click(findTestObject("Informasi/Tambah Pengumuman/Menu Informasi")): Object: 'Object Repository/Informasi/Tambah Pengumuman/Menu Informasi' is clicked on

06-01-2025T10:11:40 - [MESSAGE][PASSED] - Object: 'Object Repository/Informasi/Tambah Pengumuman/Menu Informasi' is clicked on

06-01-2025T10:11:40 - [TEST_STEP][PASSED] - click(findTestObject("Informasi/Tambah Pengumuman/Submenu Event")): Object: 'Object Repository/Informasi/Tambah Pengumuman/Submenu Event' is clicked on

06-01-2025T10:11:41 - [MESSAGE][PASSED] - Object: 'Object Repository/Informasi/Tambah Pengumuman/Submenu Event' is clicked on

06-01-2025T10:11:41 - [TEST_STEP][PASSED] - click(findTestObject("Informasi/Hapus Pengumuman/Tridots")): Object: 'Object Repository/Informasi/Hapus Pengumuman/Tridots' is clicked on

06-01-2025T10:11:42 - [MESSAGE][PASSED] - Object: 'Object Repository/Informasi/Hapus Pengumuman/Tridots' is clicked on

06-01-2025T10:11:42 - [TEST_STEP][PASSED] - click(findTestObject("Informasi/Hapus Pengumuman/Hapus")): Object: 'Object Repository/Informasi/Hapus Pengumuman/Hapus' is clicked on

06-01-2025T10:11:42 - [MESSAGE][PASSED] - Object: 'Object Repository/Informasi/Hapus Pengumuman/Hapus' is clicked on

06-01-2025T10:11:42 - [TEST_STEP][PASSED] - click(findTestObject("Informasi/Hapus Pengumuman/Button YA")): Object: 'Object Repository/Informasi/Hapus Pengumuman/Button YA' is clicked on

06-01-2025T10:11:43 - [MESSAGE][PASSED] - Object: 'Object Repository/Informasi/Hapus Pengumuman/Button YA' is clicked on

06-01-2025T10:11:43 - [MESSAGE][PASSED] - Call Test Case 'Test Cases/Informasi/Hapus Pengumuman' successfully

06-01-2025T10:11:43 - [TEST_STEP][PASSED] - println("============================= Loop Again ==============================="): null

06-01-2025T10:11:43 - [TEST_STEP][PASSED] - callTestCase(findTestCase("Test Cases/Informasi/Tambah Pengumuman"), [:], CONTINUE_ON_FAILURE): Call Test Case 'Test Cases/Informasi/Tambah Pengumuman' successfully

06-01-2025T10:11:43 - [TEST_CASE][PASSED] - Test Cases/Informasi/Tambah Pengumuman: Test Cases/Informasi/Tambah Pengumuman

06-01-2025T10:11:43 - [TEST_STEP][PASSED] - openBrowser("", CONTINUE_ON_FAILURE): Browser is opened with url: ''

06-01-2025T10:11:43 - [MESSAGE][WARNING] - A browser is already opened. Closing browser and opening a new one

06-01-2025T10:11:43 - [MESSAGE][INFO] - Starting 'Chrome' driver

06-01-2025T10:11:43 - [MESSAGE][INFO] - Action delay is set to 0 milliseconds

06-01-2025T10:11:44 - [MESSAGE][PASSED] - Browser is opened with url: ''

06-01-2025T10:11:44 - [TEST_STEP][PASSED] - navigateToUrl("https://sit.siprusedu.com/login", CONTINUE_ON_FAILURE): Navigate to 'https://sit.siprusedu.com/login' successfully

06-01-2025T10:11:44 - [MESSAGE][PASSED] - Navigate to 'https://sit.siprusedu.com/login' successfully

06-01-2025T10:11:44 - [TEST_STEP][PASSED] - setText(findTestObject("Master Data/Admin Sekolah/Login/Field Email"), "admin.gudangsolusi@digiform.co.id", CONTINUE_ON_FAILURE): Text 'admin.gudangsolusi@digiform.co.id' is set on object 'Object Repository/Master Data/Admin Sekolah/Login/Field Email'

06-01-2025T10:11:46 - [MESSAGE][PASSED] - Text 'admin.gudangsolusi@digiform.co.id' is set on object 'Object Repository/Master Data/Admin Sekolah/Login/Field Email'

06-01-2025T10:11:46 - [TEST_STEP][PASSED] - setText(findTestObject("Master Data/Admin Sekolah/Login/Input Password"), "Test1234", CONTINUE_ON_FAILURE): Text 'Test1234' is set on object 'Object Repository/Master Data/Admin Sekolah/Login/Input Password'

06-01-2025T10:11:47 - [MESSAGE][PASSED] - Text 'Test1234' is set on object 'Object Repository/Master Data/Admin Sekolah/Login/Input Password'

06-01-2025T10:11:47 - [TEST_STEP][PASSED] - click(findTestObject("Master Data/Admin Sekolah/Login/Button Submit"), CONTINUE_ON_FAILURE): Object: 'Object Repository/Master Data/Admin Sekolah/Login/Button Submit' is clicked on

06-01-2025T10:11:47 - [MESSAGE][PASSED] - Object: 'Object Repository/Master Data/Admin Sekolah/Login/Button Submit' is clicked on

06-01-2025T10:11:47 - [TEST_STEP][PASSED] - click(findTestObject("Informasi/Tambah Pengumuman/Menu Informasi")): Object: 'Object Repository/Informasi/Tambah Pengumuman/Menu Informasi' is clicked on

06-01-2025T10:11:50 - [MESSAGE][PASSED] - Object: 'Object Repository/Informasi/Tambah Pengumuman/Menu Informasi' is clicked on

06-01-2025T10:11:50 - [TEST_STEP][PASSED] - click(findTestObject("Informasi/Tambah Pengumuman/Submenu Event")): Object: 'Object Repository/Informasi/Tambah Pengumuman/Submenu Event' is clicked on

06-01-2025T10:11:50 - [MESSAGE][PASSED] - Object: 'Object Repository/Informasi/Tambah Pengumuman/Submenu Event' is clicked on

06-01-2025T10:11:50 - [TEST_STEP][PASSED] - click(findTestObject("Informasi/Tambah Pengumuman/Button Tambah")): Object: 'Object Repository/Informasi/Tambah Pengumuman/Button Tambah' is clicked on

06-01-2025T10:11:58 - [MESSAGE][PASSED] - Object: 'Object Repository/Informasi/Tambah Pengumuman/Button Tambah' is clicked on

06-01-2025T10:11:58 - [TEST_STEP][PASSED] - click(findTestObject("Informasi/Tambah Pengumuman/Input Judul")): Object: 'Object Repository/Informasi/Tambah Pengumuman/Input Judul' is clicked on

06-01-2025T10:11:59 - [MESSAGE][PASSED] - Object: 'Object Repository/Informasi/Tambah Pengumuman/Input Judul' is clicked on

06-01-2025T10:11:59 - [TEST_STEP][PASSED] - setText(findTestObject("Informasi/Tambah Pengumuman/Input Judul"), "Katalons"): Text 'Katalons' is set on object 'Object Repository/Informasi/Tambah Pengumuman/Input Judul'

06-01-2025T10:11:59 - [MESSAGE][PASSED] - Text 'Katalons' is set on object 'Object Repository/Informasi/Tambah Pengumuman/Input Judul'

06-01-2025T10:11:59 - [TEST_STEP][PASSED] - click(findTestObject("Informasi/Tambah Pengumuman/Input Deskripsi")): Object: 'Object Repository/Informasi/Tambah Pengumuman/Input Deskripsi' is clicked on

06-01-2025T10:11:59 - [MESSAGE][PASSED] - Object: 'Object Repository/Informasi/Tambah Pengumuman/Input Deskripsi' is clicked on

06-01-2025T10:11:59 - [TEST_STEP][PASSED] - setText(findTestObject("Informasi/Tambah Pengumuman/Input Deskripsi"), "Jaldi"): Text 'Jaldi' is set on object 'Object Repository/Informasi/Tambah Pengumuman/Input Deskripsi'

06-01-2025T10:12:00 - [MESSAGE][PASSED] - Text 'Jaldi' is set on object 'Object Repository/Informasi/Tambah Pengumuman/Input Deskripsi'

06-01-2025T10:12:00 - [TEST_STEP][PASSED] - click(findTestObject("Informasi/Tambah Pengumuman/Button Simpan")): Object: 'Object Repository/Informasi/Tambah Pengumuman/Button Simpan' is clicked on

06-01-2025T10:12:01 - [MESSAGE][PASSED] - Object: 'Object Repository/Informasi/Tambah Pengumuman/Button Simpan' is clicked on

06-01-2025T10:12:01 - [TEST_STEP][PASSED] - click(findTestObject("Informasi/Tambah Pengumuman/Button Ya")): Object: 'Object Repository/Informasi/Tambah Pengumuman/Button Ya' is clicked on

06-01-2025T10:12:01 - [MESSAGE][PASSED] - Object: 'Object Repository/Informasi/Tambah Pengumuman/Button Ya' is clicked on

06-01-2025T10:12:01 - [MESSAGE][PASSED] - Call Test Case 'Test Cases/Informasi/Tambah Pengumuman' successfully

06-01-2025T10:12:01 - [TEST_STEP][PASSED] - callTestCase(findTestCase("Test Cases/Informasi/Edit Pengumuman"), [:], CONTINUE_ON_FAILURE): Call Test Case 'Test Cases/Informasi/Edit Pengumuman' successfully

06-01-2025T10:12:01 - [TEST_CASE][PASSED] - Test Cases/Informasi/Edit Pengumuman: Test Cases/Informasi/Edit Pengumuman

06-01-2025T10:12:01 - [TEST_STEP][PASSED] - openBrowser("", CONTINUE_ON_FAILURE): Browser is opened with url: ''

06-01-2025T10:12:01 - [MESSAGE][WARNING] - A browser is already opened. Closing browser and opening a new one

06-01-2025T10:12:01 - [MESSAGE][INFO] - Starting 'Chrome' driver

06-01-2025T10:12:01 - [MESSAGE][INFO] - Action delay is set to 0 milliseconds

06-01-2025T10:12:02 - [MESSAGE][PASSED] - Browser is opened with url: ''

06-01-2025T10:12:02 - [TEST_STEP][PASSED] - navigateToUrl("https://sit.siprusedu.com/login", CONTINUE_ON_FAILURE): Navigate to 'https://sit.siprusedu.com/login' successfully

06-01-2025T10:12:02 - [MESSAGE][PASSED] - Navigate to 'https://sit.siprusedu.com/login' successfully

06-01-2025T10:12:02 - [TEST_STEP][PASSED] - setText(findTestObject("Master Data/Admin Sekolah/Login/Field Email"), "admin.gudangsolusi@digiform.co.id", CONTINUE_ON_FAILURE): Text 'admin.gudangsolusi@digiform.co.id' is set on object 'Object Repository/Master Data/Admin Sekolah/Login/Field Email'

06-01-2025T10:12:04 - [MESSAGE][PASSED] - Text 'admin.gudangsolusi@digiform.co.id' is set on object 'Object Repository/Master Data/Admin Sekolah/Login/Field Email'

06-01-2025T10:12:04 - [TEST_STEP][PASSED] - setText(findTestObject("Master Data/Admin Sekolah/Login/Input Password"), "Test1234", CONTINUE_ON_FAILURE): Text 'Test1234' is set on object 'Object Repository/Master Data/Admin Sekolah/Login/Input Password'

06-01-2025T10:12:05 - [MESSAGE][PASSED] - Text 'Test1234' is set on object 'Object Repository/Master Data/Admin Sekolah/Login/Input Password'

06-01-2025T10:12:05 - [TEST_STEP][PASSED] - click(findTestObject("Master Data/Admin Sekolah/Login/Button Submit"), CONTINUE_ON_FAILURE): Object: 'Object Repository/Master Data/Admin Sekolah/Login/Button Submit' is clicked on

06-01-2025T10:12:05 - [MESSAGE][PASSED] - Object: 'Object Repository/Master Data/Admin Sekolah/Login/Button Submit' is clicked on

06-01-2025T10:12:05 - [TEST_STEP][PASSED] - click(findTestObject("Informasi/Tambah Pengumuman/Menu Informasi")): Object: 'Object Repository/Informasi/Tambah Pengumuman/Menu Informasi' is clicked on

06-01-2025T10:12:08 - [MESSAGE][PASSED] - Object: 'Object Repository/Informasi/Tambah Pengumuman/Menu Informasi' is clicked on

06-01-2025T10:12:08 - [TEST_STEP][PASSED] - click(findTestObject("Informasi/Tambah Pengumuman/Submenu Event")): Object: 'Object Repository/Informasi/Tambah Pengumuman/Submenu Event' is clicked on

06-01-2025T10:12:08 - [MESSAGE][PASSED] - Object: 'Object Repository/Informasi/Tambah Pengumuman/Submenu Event' is clicked on

06-01-2025T10:12:08 - [TEST_STEP][PASSED] - click(findTestObject("Informasi/Hapus Pengumuman/Tridots")): Object: 'Object Repository/Informasi/Hapus Pengumuman/Tridots' is clicked on

06-01-2025T10:12:09 - [MESSAGE][PASSED] - Object: 'Object Repository/Informasi/Hapus Pengumuman/Tridots' is clicked on

06-01-2025T10:12:09 - [TEST_STEP][PASSED] - click(findTestObject("Informasi/Edit Pengumuman/Edit")): Object: 'Object Repository/Informasi/Edit Pengumuman/Edit' is clicked on

06-01-2025T10:12:09 - [MESSAGE][PASSED] - Object: 'Object Repository/Informasi/Edit Pengumuman/Edit' is clicked on

06-01-2025T10:12:09 - [TEST_STEP][PASSED] - click(findTestObject("Informasi/Tambah Pengumuman/Input Judul")): Object: 'Object Repository/Informasi/Tambah Pengumuman/Input Judul' is clicked on

06-01-2025T10:12:10 - [MESSAGE][PASSED] - Object: 'Object Repository/Informasi/Tambah Pengumuman/Input Judul' is clicked on

06-01-2025T10:12:10 - [TEST_STEP][PASSED] - delay(3): Delayed 3 second(s)

06-01-2025T10:12:13 - [MESSAGE][PASSED] - Delayed 3 second(s)

06-01-2025T10:12:13 - [TEST_STEP][PASSED] - isTextCleared = false: null

06-01-2025T10:12:13 - [TEST_STEP][PASSED] - maxRetries = 5: null

06-01-2025T10:12:13 - [TEST_STEP][PASSED] - retryCount = 0: null

06-01-2025T10:12:13 - [TEST_STEP][PASSED] - while (!(isTextCleared) && retryCount < maxRetries): null

06-01-2025T10:12:13 - [TEST_STEP][PASSED] - try: null

06-01-2025T10:12:13 - [TEST_STEP][PASSED] - if (verifyElementPresent(findTestObject("Informasi/Tambah Pengumuman/Input Judul"), 5)): null

06-01-2025T10:12:13 - [MESSAGE][PASSED] - Object 'Object Repository/Informasi/Tambah Pengumuman/Input Judul' is present

06-01-2025T10:12:13 - [TEST_STEP][PASSED] - click(findTestObject("Informasi/Tambah Pengumuman/Input Judul")): Object: 'Object Repository/Informasi/Tambah Pengumuman/Input Judul' is clicked on

06-01-2025T10:12:13 - [MESSAGE][PASSED] - Object: 'Object Repository/Informasi/Tambah Pengumuman/Input Judul' is clicked on

06-01-2025T10:12:13 - [TEST_STEP][PASSED] - sendKeys(findTestObject("Informasi/Tambah Pengumuman/Input Judul"), Keys.chord(CONTROL, "a")): Keys 'CONTROL + a' sent to object: 'Object Repository/Informasi/Tambah Pengumuman/Input Judul'

06-01-2025T10:12:14 - [MESSAGE][PASSED] - Keys 'CONTROL + a' sent to object: 'Object Repository/Informasi/Tambah Pengumuman/Input Judul'

06-01-2025T10:12:14 - [TEST_STEP][PASSED] - sendKeys(findTestObject("Informasi/Tambah Pengumuman/Input Judul"), Keys.chord(DELETE)): Keys 'DELETE + ' sent to object: 'Object Repository/Informasi/Tambah Pengumuman/Input Judul'

06-01-2025T10:12:14 - [MESSAGE][PASSED] - Keys 'DELETE + ' sent to object: 'Object Repository/Informasi/Tambah Pengumuman/Input Judul'

06-01-2025T10:12:14 - [TEST_STEP][PASSED] - delay(1): Delayed 1 second(s)

06-01-2025T10:12:15 - [MESSAGE][PASSED] - Delayed 1 second(s)

06-01-2025T10:12:15 - [TEST_STEP][PASSED] - currentText = getAttribute(findTestObject("Informasi/Tambah Pengumuman/Input Judul"), "value"): Attribute 'value' of object 'Object Repository/Informasi/Tambah Pengumuman/Input Judul' is: ''

06-01-2025T10:12:15 - [MESSAGE][PASSED] - Attribute 'value' of object 'Object Repository/Informasi/Tambah Pengumuman/Input Judul' is: ''

06-01-2025T10:12:15 - [TEST_STEP][PASSED] - isTextCleared = currentText.isEmpty(): null

06-01-2025T10:12:15 - [TEST_STEP][PASSED] - if (!(isTextCleared)): null

06-01-2025T10:12:15 - [TEST_STEP][PASSED] - (retryCount++): null

06-01-2025T10:12:15 - [TEST_STEP][PASSED] - if (!(isTextCleared)): null

06-01-2025T10:12:15 - [TEST_STEP][PASSED] - else: Teks berhasil dihapus.

06-01-2025T10:12:15 - [TEST_STEP][PASSED] - comment("Teks berhasil dihapus."): Teks berhasil dihapus.

06-01-2025T10:12:15 - [MESSAGE][INFO] - Teks berhasil dihapus.

06-01-2025T10:12:15 - [TEST_STEP][PASSED] - randomUsername = generateRandomText("user", 8): null

06-01-2025T10:12:15 - [TEST_STEP][PASSED] - return ((prefix + _) + java.util.UUID.randomUUID().toString().replace(-, ).substring(0, length)): null

06-01-2025T10:12:15 - [TEST_STEP][PASSED] - setText(findTestObject("Informasi/Tambah Pengumuman/Input Judul"), randomUsername): Text 'user_a36879c0' is set on object 'Object Repository/Informasi/Tambah Pengumuman/Input Judul'

06-01-2025T10:12:16 - [MESSAGE][PASSED] - Text 'user_a36879c0' is set on object 'Object Repository/Informasi/Tambah Pengumuman/Input Judul'

06-01-2025T10:12:16 - [TEST_STEP][PASSED] - comment(Teks berhasil di-clear dan teks baru '$randomUsername' telah di-set.): Teks berhasil di-clear dan teks baru 'user_a36879c0' telah di-set.

06-01-2025T10:12:16 - [MESSAGE][INFO] - Teks berhasil di-clear dan teks baru 'user_a36879c0' telah di-set.

06-01-2025T10:12:16 - [TEST_STEP][PASSED] - randomTitle = generateRandomText("title", 10): null

06-01-2025T10:12:16 - [TEST_STEP][PASSED] - return ((prefix + _) + java.util.UUID.randomUUID().toString().replace(-, ).substring(0, length)): null

06-01-2025T10:12:16 - [TEST_STEP][PASSED] - comment(Judul acak: $randomTitle): Judul acak: title_26f2f72275

06-01-2025T10:12:16 - [MESSAGE][INFO] - Judul acak: title_26f2f72275

06-01-2025T10:12:16 - [TEST_STEP][PASSED] - randomCode = generateRandomText("code", 5): null

06-01-2025T10:12:16 - [TEST_STEP][PASSED] - return ((prefix + _) + java.util.UUID.randomUUID().toString().replace(-, ).substring(0, length)): null

06-01-2025T10:12:16 - [TEST_STEP][PASSED] - comment(Kode acak: $randomCode): Kode acak: code_a01cd

06-01-2025T10:12:16 - [MESSAGE][INFO] - Kode acak: code_a01cd

06-01-2025T10:12:16 - [TEST_STEP][PASSED] - delay(1): Delayed 1 second(s)

06-01-2025T10:12:17 - [MESSAGE][PASSED] - Delayed 1 second(s)

06-01-2025T10:12:17 - [TEST_STEP][PASSED] - click(findTestObject("Informasi/Edit Pengumuman/Button Simpan")): Object: 'Object Repository/Informasi/Edit Pengumuman/Button Simpan' is clicked on

06-01-2025T10:12:17 - [MESSAGE][PASSED] - Object: 'Object Repository/Informasi/Edit Pengumuman/Button Simpan' is clicked on

06-01-2025T10:12:17 - [TEST_STEP][PASSED] - click(findTestObject("Informasi/Edit Pengumuman/Button YA")): Object: 'Object Repository/Informasi/Edit Pengumuman/Button YA' is clicked on

06-01-2025T10:12:18 - [MESSAGE][PASSED] - Object: 'Object Repository/Informasi/Edit Pengumuman/Button YA' is clicked on

06-01-2025T10:12:18 - [MESSAGE][PASSED] - Call Test Case 'Test Cases/Informasi/Edit Pengumuman' successfully

06-01-2025T10:12:18 - [TEST_STEP][PASSED] - callTestCase(findTestCase("Test Cases/Informasi/Detail Pengumuman"), [:], CONTINUE_ON_FAILURE): Call Test Case 'Test Cases/Informasi/Detail Pengumuman' successfully

06-01-2025T10:12:18 - [TEST_CASE][PASSED] - Test Cases/Informasi/Detail Pengumuman: Test Cases/Informasi/Detail Pengumuman

06-01-2025T10:12:18 - [TEST_STEP][PASSED] - openBrowser("", CONTINUE_ON_FAILURE): Browser is opened with url: ''

06-01-2025T10:12:18 - [MESSAGE][WARNING] - A browser is already opened. Closing browser and opening a new one

06-01-2025T10:12:18 - [MESSAGE][INFO] - Starting 'Chrome' driver

06-01-2025T10:12:18 - [MESSAGE][INFO] - Action delay is set to 0 milliseconds

06-01-2025T10:12:19 - [MESSAGE][PASSED] - Browser is opened with url: ''

06-01-2025T10:12:19 - [TEST_STEP][PASSED] - navigateToUrl("https://sit.siprusedu.com/login", CONTINUE_ON_FAILURE): Navigate to 'https://sit.siprusedu.com/login' successfully

06-01-2025T10:12:19 - [MESSAGE][PASSED] - Navigate to 'https://sit.siprusedu.com/login' successfully

06-01-2025T10:12:19 - [TEST_STEP][PASSED] - setText(findTestObject("Master Data/Admin Sekolah/Login/Field Email"), "admin.gudangsolusi@digiform.co.id", CONTINUE_ON_FAILURE): Text 'admin.gudangsolusi@digiform.co.id' is set on object 'Object Repository/Master Data/Admin Sekolah/Login/Field Email'

06-01-2025T10:12:21 - [MESSAGE][PASSED] - Text 'admin.gudangsolusi@digiform.co.id' is set on object 'Object Repository/Master Data/Admin Sekolah/Login/Field Email'

06-01-2025T10:12:21 - [TEST_STEP][PASSED] - setText(findTestObject("Master Data/Admin Sekolah/Login/Input Password"), "Test1234", CONTINUE_ON_FAILURE): Text 'Test1234' is set on object 'Object Repository/Master Data/Admin Sekolah/Login/Input Password'

06-01-2025T10:12:21 - [MESSAGE][PASSED] - Text 'Test1234' is set on object 'Object Repository/Master Data/Admin Sekolah/Login/Input Password'

06-01-2025T10:12:21 - [TEST_STEP][PASSED] - click(findTestObject("Master Data/Admin Sekolah/Login/Button Submit"), CONTINUE_ON_FAILURE): Object: 'Object Repository/Master Data/Admin Sekolah/Login/Button Submit' is clicked on

06-01-2025T10:12:22 - [MESSAGE][PASSED] - Object: 'Object Repository/Master Data/Admin Sekolah/Login/Button Submit' is clicked on

06-01-2025T10:12:22 - [TEST_STEP][PASSED] - click(findTestObject("Informasi/Tambah Pengumuman/Menu Informasi")): Object: 'Object Repository/Informasi/Tambah Pengumuman/Menu Informasi' is clicked on

06-01-2025T10:12:23 - [MESSAGE][PASSED] - Object: 'Object Repository/Informasi/Tambah Pengumuman/Menu Informasi' is clicked on

06-01-2025T10:12:23 - [TEST_STEP][PASSED] - click(findTestObject("Informasi/Tambah Pengumuman/Submenu Event")): Object: 'Object Repository/Informasi/Tambah Pengumuman/Submenu Event' is clicked on

06-01-2025T10:12:24 - [MESSAGE][PASSED] - Object: 'Object Repository/Informasi/Tambah Pengumuman/Submenu Event' is clicked on

06-01-2025T10:12:24 - [TEST_STEP][PASSED] - click(findTestObject("Informasi/Hapus Pengumuman/Tridots")): Object: 'Object Repository/Informasi/Hapus Pengumuman/Tridots' is clicked on

06-01-2025T10:12:24 - [MESSAGE][PASSED] - Object: 'Object Repository/Informasi/Hapus Pengumuman/Tridots' is clicked on

06-01-2025T10:12:24 - [TEST_STEP][PASSED] - click(findTestObject("Informasi/Detail Pengumuman/Lihat")): Object: 'Object Repository/Informasi/Detail Pengumuman/Lihat' is clicked on

06-01-2025T10:12:25 - [MESSAGE][PASSED] - Object: 'Object Repository/Informasi/Detail Pengumuman/Lihat' is clicked on

06-01-2025T10:12:25 - [MESSAGE][PASSED] - Call Test Case 'Test Cases/Informasi/Detail Pengumuman' successfully

06-01-2025T10:12:25 - [TEST_STEP][PASSED] - callTestCase(findTestCase("Test Cases/Informasi/Hapus Pengumuman"), [:], CONTINUE_ON_FAILURE): Call Test Case 'Test Cases/Informasi/Hapus Pengumuman' successfully

06-01-2025T10:12:25 - [TEST_CASE][PASSED] - Test Cases/Informasi/Hapus Pengumuman: Test Cases/Informasi/Hapus Pengumuman

06-01-2025T10:12:25 - [TEST_STEP][PASSED] - openBrowser("", CONTINUE_ON_FAILURE): Browser is opened with url: ''

06-01-2025T10:12:25 - [MESSAGE][WARNING] - A browser is already opened. Closing browser and opening a new one

06-01-2025T10:12:25 - [MESSAGE][INFO] - Starting 'Chrome' driver

06-01-2025T10:12:25 - [MESSAGE][INFO] - Action delay is set to 0 milliseconds

06-01-2025T10:12:26 - [MESSAGE][PASSED] - Browser is opened with url: ''

06-01-2025T10:12:26 - [TEST_STEP][PASSED] - navigateToUrl("https://sit.siprusedu.com/login", CONTINUE_ON_FAILURE): Navigate to 'https://sit.siprusedu.com/login' successfully

06-01-2025T10:12:26 - [MESSAGE][PASSED] - Navigate to 'https://sit.siprusedu.com/login' successfully

06-01-2025T10:12:26 - [TEST_STEP][PASSED] - setText(findTestObject("Master Data/Admin Sekolah/Login/Field Email"), "admin.gudangsolusi@digiform.co.id", CONTINUE_ON_FAILURE): Text 'admin.gudangsolusi@digiform.co.id' is set on object 'Object Repository/Master Data/Admin Sekolah/Login/Field Email'

06-01-2025T10:12:28 - [MESSAGE][PASSED] - Text 'admin.gudangsolusi@digiform.co.id' is set on object 'Object Repository/Master Data/Admin Sekolah/Login/Field Email'

06-01-2025T10:12:28 - [TEST_STEP][PASSED] - setText(findTestObject("Master Data/Admin Sekolah/Login/Input Password"), "Test1234", CONTINUE_ON_FAILURE): Text 'Test1234' is set on object 'Object Repository/Master Data/Admin Sekolah/Login/Input Password'

06-01-2025T10:12:29 - [MESSAGE][PASSED] - Text 'Test1234' is set on object 'Object Repository/Master Data/Admin Sekolah/Login/Input Password'

06-01-2025T10:12:29 - [TEST_STEP][PASSED] - click(findTestObject("Master Data/Admin Sekolah/Login/Button Submit"), CONTINUE_ON_FAILURE): Object: 'Object Repository/Master Data/Admin Sekolah/Login/Button Submit' is clicked on

06-01-2025T10:12:29 - [MESSAGE][PASSED] - Object: 'Object Repository/Master Data/Admin Sekolah/Login/Button Submit' is clicked on

06-01-2025T10:12:29 - [TEST_STEP][PASSED] - click(findTestObject("Informasi/Tambah Pengumuman/Menu Informasi")): Object: 'Object Repository/Informasi/Tambah Pengumuman/Menu Informasi' is clicked on

06-01-2025T10:12:31 - [MESSAGE][PASSED] - Object: 'Object Repository/Informasi/Tambah Pengumuman/Menu Informasi' is clicked on

06-01-2025T10:12:31 - [TEST_STEP][PASSED] - click(findTestObject("Informasi/Tambah Pengumuman/Submenu Event")): Object: 'Object Repository/Informasi/Tambah Pengumuman/Submenu Event' is clicked on

06-01-2025T10:12:31 - [MESSAGE][PASSED] - Object: 'Object Repository/Informasi/Tambah Pengumuman/Submenu Event' is clicked on

06-01-2025T10:12:31 - [TEST_STEP][PASSED] - click(findTestObject("Informasi/Hapus Pengumuman/Tridots")): Object: 'Object Repository/Informasi/Hapus Pengumuman/Tridots' is clicked on

06-01-2025T10:12:32 - [MESSAGE][PASSED] - Object: 'Object Repository/Informasi/Hapus Pengumuman/Tridots' is clicked on

06-01-2025T10:12:32 - [TEST_STEP][PASSED] - click(findTestObject("Informasi/Hapus Pengumuman/Hapus")): Object: 'Object Repository/Informasi/Hapus Pengumuman/Hapus' is clicked on

06-01-2025T10:12:32 - [MESSAGE][PASSED] - Object: 'Object Repository/Informasi/Hapus Pengumuman/Hapus' is clicked on

06-01-2025T10:12:32 - [TEST_STEP][PASSED] - click(findTestObject("Informasi/Hapus Pengumuman/Button YA")): Object: 'Object Repository/Informasi/Hapus Pengumuman/Button YA' is clicked on

06-01-2025T10:12:33 - [MESSAGE][PASSED] - Object: 'Object Repository/Informasi/Hapus Pengumuman/Button YA' is clicked on

06-01-2025T10:12:33 - [MESSAGE][PASSED] - Call Test Case 'Test Cases/Informasi/Hapus Pengumuman' successfully

06-01-2025T10:12:33 - [TEST_STEP][PASSED] - println("============================= Loop Again ==============================="): null]]></system-out>
         <system-err><![CDATA[]]></system-err>
      </testcase>
      <testcase name="Test Cases/Regresi Feature/Sprint 3/Regresi Invoice" time="53.254" classname="Test Cases/Regresi Feature/Sprint 3/Regresi Invoice" status="PASSED">
         <system-out><![CDATA[06-01-2025T10:12:33 - [TEST_CASE][PASSED] - Test Cases/Regresi Feature/Sprint 3/Regresi Invoice: Test Cases/Regresi Feature/Sprint 3/Regresi Invoice

06-01-2025T10:12:33 - [TEST_STEP][PASSED] - for ([i = 1, i <= maxLoop, (i++)]): null

06-01-2025T10:12:33 - [TEST_STEP][PASSED] - callTestCase(findTestCase("Test Cases/Pengaturan Sistem/Pengaturan Invoice/Edit Invoice"), [:], CONTINUE_ON_FAILURE): Call Test Case 'Test Cases/Pengaturan Sistem/Pengaturan Invoice/Edit Invoice' successfully

06-01-2025T10:12:33 - [TEST_CASE][PASSED] - Test Cases/Pengaturan Sistem/Pengaturan Invoice/Edit Invoice: Test Cases/Pengaturan Sistem/Pengaturan Invoice/Edit Invoice

06-01-2025T10:12:33 - [TEST_STEP][PASSED] - openBrowser("", CONTINUE_ON_FAILURE): Browser is opened with url: ''

06-01-2025T10:12:33 - [MESSAGE][WARNING] - A browser is already opened. Closing browser and opening a new one

06-01-2025T10:12:33 - [MESSAGE][INFO] - Starting 'Chrome' driver

06-01-2025T10:12:33 - [MESSAGE][INFO] - Action delay is set to 0 milliseconds

06-01-2025T10:12:34 - [MESSAGE][PASSED] - Browser is opened with url: ''

06-01-2025T10:12:34 - [TEST_STEP][PASSED] - navigateToUrl("https://sit.siprusedu.com/login", CONTINUE_ON_FAILURE): Navigate to 'https://sit.siprusedu.com/login' successfully

06-01-2025T10:12:34 - [MESSAGE][PASSED] - Navigate to 'https://sit.siprusedu.com/login' successfully

06-01-2025T10:12:34 - [TEST_STEP][PASSED] - setText(findTestObject("Master Data/Admin Sekolah/Login/Field Email"), "admin.gudangsolusi@digiform.co.id", CONTINUE_ON_FAILURE): Text 'admin.gudangsolusi@digiform.co.id' is set on object 'Object Repository/Master Data/Admin Sekolah/Login/Field Email'

06-01-2025T10:12:36 - [MESSAGE][PASSED] - Text 'admin.gudangsolusi@digiform.co.id' is set on object 'Object Repository/Master Data/Admin Sekolah/Login/Field Email'

06-01-2025T10:12:36 - [TEST_STEP][PASSED] - setText(findTestObject("Master Data/Admin Sekolah/Login/Input Password"), "Test1234", CONTINUE_ON_FAILURE): Text 'Test1234' is set on object 'Object Repository/Master Data/Admin Sekolah/Login/Input Password'

06-01-2025T10:12:37 - [MESSAGE][PASSED] - Text 'Test1234' is set on object 'Object Repository/Master Data/Admin Sekolah/Login/Input Password'

06-01-2025T10:12:37 - [TEST_STEP][PASSED] - click(findTestObject("Master Data/Admin Sekolah/Login/Button Submit"), CONTINUE_ON_FAILURE): Object: 'Object Repository/Master Data/Admin Sekolah/Login/Button Submit' is clicked on

06-01-2025T10:12:37 - [MESSAGE][PASSED] - Object: 'Object Repository/Master Data/Admin Sekolah/Login/Button Submit' is clicked on

06-01-2025T10:12:37 - [TEST_STEP][PASSED] - click(findTestObject("Pengaturan Sistem/Edit Invoice/Menu Pengaturan")): Object: 'Object Repository/Pengaturan Sistem/Edit Invoice/Menu Pengaturan' is clicked on

06-01-2025T10:12:38 - [MESSAGE][PASSED] - Object: 'Object Repository/Pengaturan Sistem/Edit Invoice/Menu Pengaturan' is clicked on

06-01-2025T10:12:38 - [TEST_STEP][PASSED] - click(findTestObject("Pengaturan Sistem/Edit Invoice/Menu Invoice")): Object: 'Object Repository/Pengaturan Sistem/Edit Invoice/Menu Invoice' is clicked on

06-01-2025T10:12:39 - [MESSAGE][PASSED] - Object: 'Object Repository/Pengaturan Sistem/Edit Invoice/Menu Invoice' is clicked on

06-01-2025T10:12:39 - [TEST_STEP][PASSED] - click(findTestObject("Pengaturan Sistem/Edit Invoice/Prefix")): Object: 'Object Repository/Pengaturan Sistem/Edit Invoice/Prefix' is clicked on

06-01-2025T10:12:40 - [MESSAGE][PASSED] - Object: 'Object Repository/Pengaturan Sistem/Edit Invoice/Prefix' is clicked on

06-01-2025T10:12:40 - [TEST_STEP][PASSED] - delay(3): Delayed 3 second(s)

06-01-2025T10:12:43 - [MESSAGE][PASSED] - Delayed 3 second(s)

06-01-2025T10:12:43 - [TEST_STEP][PASSED] - randomUsername = "kln" + toString().substring(0, 8): null

06-01-2025T10:12:43 - [TEST_STEP][PASSED] - setText(findTestObject("Pengaturan Sistem/Edit Invoice/Prefix"), randomUsername): Text 'kln5b7f7f82' is set on object 'Object Repository/Pengaturan Sistem/Edit Invoice/Prefix'

06-01-2025T10:12:43 - [MESSAGE][PASSED] - Text 'kln5b7f7f82' is set on object 'Object Repository/Pengaturan Sistem/Edit Invoice/Prefix'

06-01-2025T10:12:43 - [TEST_STEP][PASSED] - comment(Teks berhasil di-clear dan teks baru '$randomUsername' telah di-set.): Teks berhasil di-clear dan teks baru 'kln5b7f7f82' telah di-set.

06-01-2025T10:12:43 - [MESSAGE][INFO] - Teks berhasil di-clear dan teks baru 'kln5b7f7f82' telah di-set.

06-01-2025T10:12:43 - [TEST_STEP][PASSED] - delay(1): Delayed 1 second(s)

06-01-2025T10:12:44 - [MESSAGE][PASSED] - Delayed 1 second(s)

06-01-2025T10:12:44 - [TEST_STEP][PASSED] - click(findTestObject("Pengaturan Sistem/Edit Invoice/Button Lanjutkan")): Object: 'Object Repository/Pengaturan Sistem/Edit Invoice/Button Lanjutkan' is clicked on

06-01-2025T10:12:45 - [MESSAGE][PASSED] - Object: 'Object Repository/Pengaturan Sistem/Edit Invoice/Button Lanjutkan' is clicked on

06-01-2025T10:12:45 - [MESSAGE][PASSED] - Call Test Case 'Test Cases/Pengaturan Sistem/Pengaturan Invoice/Edit Invoice' successfully

06-01-2025T10:12:45 - [TEST_STEP][PASSED] - println("============================= Loop Again ==============================="): null

06-01-2025T10:12:45 - [TEST_STEP][PASSED] - callTestCase(findTestCase("Test Cases/Pengaturan Sistem/Pengaturan Invoice/Edit Invoice"), [:], CONTINUE_ON_FAILURE): Call Test Case 'Test Cases/Pengaturan Sistem/Pengaturan Invoice/Edit Invoice' successfully

06-01-2025T10:12:45 - [TEST_CASE][PASSED] - Test Cases/Pengaturan Sistem/Pengaturan Invoice/Edit Invoice: Test Cases/Pengaturan Sistem/Pengaturan Invoice/Edit Invoice

06-01-2025T10:12:45 - [TEST_STEP][PASSED] - openBrowser("", CONTINUE_ON_FAILURE): Browser is opened with url: ''

06-01-2025T10:12:45 - [MESSAGE][WARNING] - A browser is already opened. Closing browser and opening a new one

06-01-2025T10:12:45 - [MESSAGE][INFO] - Starting 'Chrome' driver

06-01-2025T10:12:45 - [MESSAGE][INFO] - Action delay is set to 0 milliseconds

06-01-2025T10:12:46 - [MESSAGE][PASSED] - Browser is opened with url: ''

06-01-2025T10:12:46 - [TEST_STEP][PASSED] - navigateToUrl("https://sit.siprusedu.com/login", CONTINUE_ON_FAILURE): Navigate to 'https://sit.siprusedu.com/login' successfully

06-01-2025T10:12:46 - [MESSAGE][PASSED] - Navigate to 'https://sit.siprusedu.com/login' successfully

06-01-2025T10:12:46 - [TEST_STEP][PASSED] - setText(findTestObject("Master Data/Admin Sekolah/Login/Field Email"), "admin.gudangsolusi@digiform.co.id", CONTINUE_ON_FAILURE): Text 'admin.gudangsolusi@digiform.co.id' is set on object 'Object Repository/Master Data/Admin Sekolah/Login/Field Email'

06-01-2025T10:12:48 - [MESSAGE][PASSED] - Text 'admin.gudangsolusi@digiform.co.id' is set on object 'Object Repository/Master Data/Admin Sekolah/Login/Field Email'

06-01-2025T10:12:48 - [TEST_STEP][PASSED] - setText(findTestObject("Master Data/Admin Sekolah/Login/Input Password"), "Test1234", CONTINUE_ON_FAILURE): Text 'Test1234' is set on object 'Object Repository/Master Data/Admin Sekolah/Login/Input Password'

06-01-2025T10:12:49 - [MESSAGE][PASSED] - Text 'Test1234' is set on object 'Object Repository/Master Data/Admin Sekolah/Login/Input Password'

06-01-2025T10:12:49 - [TEST_STEP][PASSED] - click(findTestObject("Master Data/Admin Sekolah/Login/Button Submit"), CONTINUE_ON_FAILURE): Object: 'Object Repository/Master Data/Admin Sekolah/Login/Button Submit' is clicked on

06-01-2025T10:12:49 - [MESSAGE][PASSED] - Object: 'Object Repository/Master Data/Admin Sekolah/Login/Button Submit' is clicked on

06-01-2025T10:12:49 - [TEST_STEP][PASSED] - click(findTestObject("Pengaturan Sistem/Edit Invoice/Menu Pengaturan")): Object: 'Object Repository/Pengaturan Sistem/Edit Invoice/Menu Pengaturan' is clicked on

06-01-2025T10:12:50 - [MESSAGE][PASSED] - Object: 'Object Repository/Pengaturan Sistem/Edit Invoice/Menu Pengaturan' is clicked on

06-01-2025T10:12:50 - [TEST_STEP][PASSED] - click(findTestObject("Pengaturan Sistem/Edit Invoice/Menu Invoice")): Object: 'Object Repository/Pengaturan Sistem/Edit Invoice/Menu Invoice' is clicked on

06-01-2025T10:12:51 - [MESSAGE][PASSED] - Object: 'Object Repository/Pengaturan Sistem/Edit Invoice/Menu Invoice' is clicked on

06-01-2025T10:12:51 - [TEST_STEP][PASSED] - click(findTestObject("Pengaturan Sistem/Edit Invoice/Prefix")): Object: 'Object Repository/Pengaturan Sistem/Edit Invoice/Prefix' is clicked on

06-01-2025T10:12:52 - [MESSAGE][PASSED] - Object: 'Object Repository/Pengaturan Sistem/Edit Invoice/Prefix' is clicked on

06-01-2025T10:12:52 - [TEST_STEP][PASSED] - delay(3): Delayed 3 second(s)

06-01-2025T10:12:55 - [MESSAGE][PASSED] - Delayed 3 second(s)

06-01-2025T10:12:55 - [TEST_STEP][PASSED] - randomUsername = "kln" + toString().substring(0, 8): null

06-01-2025T10:12:55 - [TEST_STEP][PASSED] - setText(findTestObject("Pengaturan Sistem/Edit Invoice/Prefix"), randomUsername): Text 'klnc410a614' is set on object 'Object Repository/Pengaturan Sistem/Edit Invoice/Prefix'

06-01-2025T10:12:55 - [MESSAGE][PASSED] - Text 'klnc410a614' is set on object 'Object Repository/Pengaturan Sistem/Edit Invoice/Prefix'

06-01-2025T10:12:55 - [TEST_STEP][PASSED] - comment(Teks berhasil di-clear dan teks baru '$randomUsername' telah di-set.): Teks berhasil di-clear dan teks baru 'klnc410a614' telah di-set.

06-01-2025T10:12:55 - [MESSAGE][INFO] - Teks berhasil di-clear dan teks baru 'klnc410a614' telah di-set.

06-01-2025T10:12:55 - [TEST_STEP][PASSED] - delay(1): Delayed 1 second(s)

06-01-2025T10:12:56 - [MESSAGE][PASSED] - Delayed 1 second(s)

06-01-2025T10:12:56 - [TEST_STEP][PASSED] - click(findTestObject("Pengaturan Sistem/Edit Invoice/Button Lanjutkan")): Object: 'Object Repository/Pengaturan Sistem/Edit Invoice/Button Lanjutkan' is clicked on

06-01-2025T10:12:56 - [MESSAGE][PASSED] - Object: 'Object Repository/Pengaturan Sistem/Edit Invoice/Button Lanjutkan' is clicked on

06-01-2025T10:12:56 - [MESSAGE][PASSED] - Call Test Case 'Test Cases/Pengaturan Sistem/Pengaturan Invoice/Edit Invoice' successfully

06-01-2025T10:12:56 - [TEST_STEP][PASSED] - println("============================= Loop Again ==============================="): null

06-01-2025T10:12:56 - [TEST_STEP][PASSED] - callTestCase(findTestCase("Test Cases/Pengaturan Sistem/Pengaturan Invoice/Edit Invoice"), [:], CONTINUE_ON_FAILURE): Call Test Case 'Test Cases/Pengaturan Sistem/Pengaturan Invoice/Edit Invoice' successfully

06-01-2025T10:12:56 - [TEST_CASE][PASSED] - Test Cases/Pengaturan Sistem/Pengaturan Invoice/Edit Invoice: Test Cases/Pengaturan Sistem/Pengaturan Invoice/Edit Invoice

06-01-2025T10:12:56 - [TEST_STEP][PASSED] - openBrowser("", CONTINUE_ON_FAILURE): Browser is opened with url: ''

06-01-2025T10:12:56 - [MESSAGE][WARNING] - A browser is already opened. Closing browser and opening a new one

06-01-2025T10:12:57 - [MESSAGE][INFO] - Starting 'Chrome' driver

06-01-2025T10:12:57 - [MESSAGE][INFO] - Action delay is set to 0 milliseconds

06-01-2025T10:12:57 - [MESSAGE][PASSED] - Browser is opened with url: ''

06-01-2025T10:12:57 - [TEST_STEP][PASSED] - navigateToUrl("https://sit.siprusedu.com/login", CONTINUE_ON_FAILURE): Navigate to 'https://sit.siprusedu.com/login' successfully

06-01-2025T10:13:17 - [MESSAGE][PASSED] - Navigate to 'https://sit.siprusedu.com/login' successfully

06-01-2025T10:13:17 - [TEST_STEP][PASSED] - setText(findTestObject("Master Data/Admin Sekolah/Login/Field Email"), "admin.gudangsolusi@digiform.co.id", CONTINUE_ON_FAILURE): Text 'admin.gudangsolusi@digiform.co.id' is set on object 'Object Repository/Master Data/Admin Sekolah/Login/Field Email'

06-01-2025T10:13:18 - [MESSAGE][PASSED] - Text 'admin.gudangsolusi@digiform.co.id' is set on object 'Object Repository/Master Data/Admin Sekolah/Login/Field Email'

06-01-2025T10:13:18 - [TEST_STEP][PASSED] - setText(findTestObject("Master Data/Admin Sekolah/Login/Input Password"), "Test1234", CONTINUE_ON_FAILURE): Text 'Test1234' is set on object 'Object Repository/Master Data/Admin Sekolah/Login/Input Password'

06-01-2025T10:13:18 - [MESSAGE][PASSED] - Text 'Test1234' is set on object 'Object Repository/Master Data/Admin Sekolah/Login/Input Password'

06-01-2025T10:13:18 - [TEST_STEP][PASSED] - click(findTestObject("Master Data/Admin Sekolah/Login/Button Submit"), CONTINUE_ON_FAILURE): Object: 'Object Repository/Master Data/Admin Sekolah/Login/Button Submit' is clicked on

06-01-2025T10:13:18 - [MESSAGE][PASSED] - Object: 'Object Repository/Master Data/Admin Sekolah/Login/Button Submit' is clicked on

06-01-2025T10:13:18 - [TEST_STEP][PASSED] - click(findTestObject("Pengaturan Sistem/Edit Invoice/Menu Pengaturan")): Object: 'Object Repository/Pengaturan Sistem/Edit Invoice/Menu Pengaturan' is clicked on

06-01-2025T10:13:20 - [MESSAGE][PASSED] - Object: 'Object Repository/Pengaturan Sistem/Edit Invoice/Menu Pengaturan' is clicked on

06-01-2025T10:13:20 - [TEST_STEP][PASSED] - click(findTestObject("Pengaturan Sistem/Edit Invoice/Menu Invoice")): Object: 'Object Repository/Pengaturan Sistem/Edit Invoice/Menu Invoice' is clicked on

06-01-2025T10:13:21 - [MESSAGE][PASSED] - Object: 'Object Repository/Pengaturan Sistem/Edit Invoice/Menu Invoice' is clicked on

06-01-2025T10:13:21 - [TEST_STEP][PASSED] - click(findTestObject("Pengaturan Sistem/Edit Invoice/Prefix")): Object: 'Object Repository/Pengaturan Sistem/Edit Invoice/Prefix' is clicked on

06-01-2025T10:13:21 - [MESSAGE][PASSED] - Object: 'Object Repository/Pengaturan Sistem/Edit Invoice/Prefix' is clicked on

06-01-2025T10:13:21 - [TEST_STEP][PASSED] - delay(3): Delayed 3 second(s)

06-01-2025T10:13:24 - [MESSAGE][PASSED] - Delayed 3 second(s)

06-01-2025T10:13:24 - [TEST_STEP][PASSED] - randomUsername = "kln" + toString().substring(0, 8): null

06-01-2025T10:13:24 - [TEST_STEP][PASSED] - setText(findTestObject("Pengaturan Sistem/Edit Invoice/Prefix"), randomUsername): Text 'kln3cb5b7f6' is set on object 'Object Repository/Pengaturan Sistem/Edit Invoice/Prefix'

06-01-2025T10:13:25 - [MESSAGE][PASSED] - Text 'kln3cb5b7f6' is set on object 'Object Repository/Pengaturan Sistem/Edit Invoice/Prefix'

06-01-2025T10:13:25 - [TEST_STEP][PASSED] - comment(Teks berhasil di-clear dan teks baru '$randomUsername' telah di-set.): Teks berhasil di-clear dan teks baru 'kln3cb5b7f6' telah di-set.

06-01-2025T10:13:25 - [MESSAGE][INFO] - Teks berhasil di-clear dan teks baru 'kln3cb5b7f6' telah di-set.

06-01-2025T10:13:25 - [TEST_STEP][PASSED] - delay(1): Delayed 1 second(s)

06-01-2025T10:13:26 - [MESSAGE][PASSED] - Delayed 1 second(s)

06-01-2025T10:13:26 - [TEST_STEP][PASSED] - click(findTestObject("Pengaturan Sistem/Edit Invoice/Button Lanjutkan")): Object: 'Object Repository/Pengaturan Sistem/Edit Invoice/Button Lanjutkan' is clicked on

06-01-2025T10:13:26 - [MESSAGE][PASSED] - Object: 'Object Repository/Pengaturan Sistem/Edit Invoice/Button Lanjutkan' is clicked on

06-01-2025T10:13:26 - [MESSAGE][PASSED] - Call Test Case 'Test Cases/Pengaturan Sistem/Pengaturan Invoice/Edit Invoice' successfully

06-01-2025T10:13:26 - [TEST_STEP][PASSED] - println("============================= Loop Again ==============================="): null]]></system-out>
         <system-err><![CDATA[]]></system-err>
      </testcase>
      <testcase name="Test Cases/Regresi Feature/Sprint 3/Regresi Laporan" time="324.51" classname="Test Cases/Regresi Feature/Sprint 3/Regresi Laporan" status="PASSED">
         <system-out><![CDATA[06-01-2025T10:13:26 - [TEST_CASE][PASSED] - Test Cases/Regresi Feature/Sprint 3/Regresi Laporan: Test Cases/Regresi Feature/Sprint 3/Regresi Laporan

06-01-2025T10:13:26 - [TEST_STEP][PASSED] - for ([i = 1, i <= maxLoop, (i++)]): null

06-01-2025T10:13:26 - [TEST_STEP][PASSED] - callTestCase(findTestCase("Test Cases/Laporan/Admin Sekolah/Filter dan Search Laporan Tagihan"), [:], CONTINUE_ON_FAILURE): Call Test Case 'Test Cases/Laporan/Admin Sekolah/Filter dan Search Laporan Tagihan' successfully

06-01-2025T10:13:26 - [TEST_CASE][PASSED] - Test Cases/Laporan/Admin Sekolah/Filter dan Search Laporan Tagihan: Test Cases/Laporan/Admin Sekolah/Filter dan Search Laporan Tagihan

06-01-2025T10:13:26 - [TEST_STEP][PASSED] - openBrowser("", CONTINUE_ON_FAILURE): Browser is opened with url: ''

06-01-2025T10:13:26 - [MESSAGE][WARNING] - A browser is already opened. Closing browser and opening a new one

06-01-2025T10:13:26 - [MESSAGE][INFO] - Starting 'Chrome' driver

06-01-2025T10:13:26 - [MESSAGE][INFO] - Action delay is set to 0 milliseconds

06-01-2025T10:13:27 - [MESSAGE][PASSED] - Browser is opened with url: ''

06-01-2025T10:13:27 - [TEST_STEP][PASSED] - navigateToUrl("https://sit.siprusedu.com/login", CONTINUE_ON_FAILURE): Navigate to 'https://sit.siprusedu.com/login' successfully

06-01-2025T10:13:28 - [MESSAGE][PASSED] - Navigate to 'https://sit.siprusedu.com/login' successfully

06-01-2025T10:13:28 - [TEST_STEP][PASSED] - setText(findTestObject("Master Data/Admin Sekolah/Login/Field Email"), "admin.gudangsolusi@digiform.co.id", CONTINUE_ON_FAILURE): Text 'admin.gudangsolusi@digiform.co.id' is set on object 'Object Repository/Master Data/Admin Sekolah/Login/Field Email'

06-01-2025T10:13:30 - [MESSAGE][PASSED] - Text 'admin.gudangsolusi@digiform.co.id' is set on object 'Object Repository/Master Data/Admin Sekolah/Login/Field Email'

06-01-2025T10:13:30 - [TEST_STEP][PASSED] - setText(findTestObject("Master Data/Admin Sekolah/Login/Input Password"), "Test1234", CONTINUE_ON_FAILURE): Text 'Test1234' is set on object 'Object Repository/Master Data/Admin Sekolah/Login/Input Password'

06-01-2025T10:13:31 - [MESSAGE][PASSED] - Text 'Test1234' is set on object 'Object Repository/Master Data/Admin Sekolah/Login/Input Password'

06-01-2025T10:13:31 - [TEST_STEP][PASSED] - click(findTestObject("Master Data/Admin Sekolah/Login/Button Submit"), CONTINUE_ON_FAILURE): Object: 'Object Repository/Master Data/Admin Sekolah/Login/Button Submit' is clicked on

06-01-2025T10:13:31 - [MESSAGE][PASSED] - Object: 'Object Repository/Master Data/Admin Sekolah/Login/Button Submit' is clicked on

06-01-2025T10:13:31 - [TEST_STEP][PASSED] - click(findTestObject("Laporan/Filter dan Search Laporan Tagihan/Menu Laporan")): Object: 'Object Repository/Laporan/Filter dan Search Laporan Tagihan/Menu Laporan' is clicked on

06-01-2025T10:13:32 - [MESSAGE][PASSED] - Object: 'Object Repository/Laporan/Filter dan Search Laporan Tagihan/Menu Laporan' is clicked on

06-01-2025T10:13:32 - [TEST_STEP][PASSED] - click(findTestObject("Laporan/Filter dan Search Laporan Tagihan/Submenu Tagihan")): Object: 'Object Repository/Laporan/Filter dan Search Laporan Tagihan/Submenu Tagihan' is clicked on

06-01-2025T10:13:33 - [MESSAGE][PASSED] - Object: 'Object Repository/Laporan/Filter dan Search Laporan Tagihan/Submenu Tagihan' is clicked on

06-01-2025T10:13:33 - [TEST_STEP][PASSED] - click(findTestObject("Laporan/Filter dan Search Laporan Tagihan/Klik Filter Status")): Object: 'Object Repository/Laporan/Filter dan Search Laporan Tagihan/Klik Filter Status' is clicked on

06-01-2025T10:13:35 - [MESSAGE][PASSED] - Object: 'Object Repository/Laporan/Filter dan Search Laporan Tagihan/Klik Filter Status' is clicked on

06-01-2025T10:13:35 - [TEST_STEP][PASSED] - click(findTestObject("Laporan/Filter dan Search Laporan Tagihan/Status Lunas")): Object: 'Object Repository/Laporan/Filter dan Search Laporan Tagihan/Status Lunas' is clicked on

06-01-2025T10:13:35 - [MESSAGE][PASSED] - Object: 'Object Repository/Laporan/Filter dan Search Laporan Tagihan/Status Lunas' is clicked on

06-01-2025T10:13:35 - [TEST_STEP][PASSED] - click(findTestObject("Laporan/Filter dan Search Laporan Tagihan/Button Terapkan")): Object: 'Object Repository/Laporan/Filter dan Search Laporan Tagihan/Button Terapkan' is clicked on

06-01-2025T10:13:36 - [MESSAGE][PASSED] - Object: 'Object Repository/Laporan/Filter dan Search Laporan Tagihan/Button Terapkan' is clicked on

06-01-2025T10:13:36 - [TEST_STEP][PASSED] - delay(3): Delayed 3 second(s)

06-01-2025T10:13:39 - [MESSAGE][PASSED] - Delayed 3 second(s)

06-01-2025T10:13:39 - [TEST_STEP][PASSED] - click(findTestObject("Laporan/Filter dan Search Laporan Tagihan/Button Reset")): Object: 'Object Repository/Laporan/Filter dan Search Laporan Tagihan/Button Reset' is clicked on

06-01-2025T10:13:39 - [MESSAGE][PASSED] - Object: 'Object Repository/Laporan/Filter dan Search Laporan Tagihan/Button Reset' is clicked on

06-01-2025T10:13:39 - [TEST_STEP][PASSED] - click(findTestObject("Laporan/Filter dan Search Laporan Tagihan/Pencarian Siswa")): Object: 'Object Repository/Laporan/Filter dan Search Laporan Tagihan/Pencarian Siswa' is clicked on

06-01-2025T10:13:39 - [MESSAGE][PASSED] - Object: 'Object Repository/Laporan/Filter dan Search Laporan Tagihan/Pencarian Siswa' is clicked on

06-01-2025T10:13:39 - [TEST_STEP][PASSED] - setText(findTestObject("Laporan/Filter dan Search Laporan Tagihan/Pencarian Siswa"), "Dil"): Text 'Dil' is set on object 'Object Repository/Laporan/Filter dan Search Laporan Tagihan/Pencarian Siswa'

06-01-2025T10:13:40 - [MESSAGE][PASSED] - Text 'Dil' is set on object 'Object Repository/Laporan/Filter dan Search Laporan Tagihan/Pencarian Siswa'

06-01-2025T10:13:40 - [TEST_STEP][PASSED] - click(findTestObject("Laporan/Filter dan Search Laporan Tagihan/Siswa Rezaldy")): Object: 'Object Repository/Laporan/Filter dan Search Laporan Tagihan/Siswa Rezaldy' is clicked on

06-01-2025T10:13:42 - [MESSAGE][PASSED] - Object: 'Object Repository/Laporan/Filter dan Search Laporan Tagihan/Siswa Rezaldy' is clicked on

06-01-2025T10:13:42 - [TEST_STEP][PASSED] - click(findTestObject("Laporan/Filter dan Search Laporan Tagihan/Button Terapkan")): Object: 'Object Repository/Laporan/Filter dan Search Laporan Tagihan/Button Terapkan' is clicked on

06-01-2025T10:13:42 - [MESSAGE][PASSED] - Object: 'Object Repository/Laporan/Filter dan Search Laporan Tagihan/Button Terapkan' is clicked on

06-01-2025T10:13:42 - [MESSAGE][PASSED] - Call Test Case 'Test Cases/Laporan/Admin Sekolah/Filter dan Search Laporan Tagihan' successfully

06-01-2025T10:13:42 - [TEST_STEP][PASSED] - callTestCase(findTestCase("Test Cases/Laporan/Admin Sekolah/Unduh Excel"), [:], CONTINUE_ON_FAILURE): Call Test Case 'Test Cases/Laporan/Admin Sekolah/Unduh Excel' successfully

06-01-2025T10:13:42 - [TEST_CASE][PASSED] - Test Cases/Laporan/Admin Sekolah/Unduh Excel: Test Cases/Laporan/Admin Sekolah/Unduh Excel

06-01-2025T10:13:42 - [TEST_STEP][PASSED] - openBrowser("", CONTINUE_ON_FAILURE): Browser is opened with url: ''

06-01-2025T10:13:42 - [MESSAGE][WARNING] - A browser is already opened. Closing browser and opening a new one

06-01-2025T10:13:42 - [MESSAGE][INFO] - Starting 'Chrome' driver

06-01-2025T10:13:42 - [MESSAGE][INFO] - Action delay is set to 0 milliseconds

06-01-2025T10:13:43 - [MESSAGE][PASSED] - Browser is opened with url: ''

06-01-2025T10:13:43 - [TEST_STEP][PASSED] - navigateToUrl("https://sit.siprusedu.com/login", CONTINUE_ON_FAILURE): Navigate to 'https://sit.siprusedu.com/login' successfully

06-01-2025T10:13:43 - [MESSAGE][PASSED] - Navigate to 'https://sit.siprusedu.com/login' successfully

06-01-2025T10:13:43 - [TEST_STEP][PASSED] - setText(findTestObject("Master Data/Admin Sekolah/Login/Field Email"), "admin.gudangsolusi@digiform.co.id", CONTINUE_ON_FAILURE): Text 'admin.gudangsolusi@digiform.co.id' is set on object 'Object Repository/Master Data/Admin Sekolah/Login/Field Email'

06-01-2025T10:13:45 - [MESSAGE][PASSED] - Text 'admin.gudangsolusi@digiform.co.id' is set on object 'Object Repository/Master Data/Admin Sekolah/Login/Field Email'

06-01-2025T10:13:45 - [TEST_STEP][PASSED] - setText(findTestObject("Master Data/Admin Sekolah/Login/Input Password"), "Test1234", CONTINUE_ON_FAILURE): Text 'Test1234' is set on object 'Object Repository/Master Data/Admin Sekolah/Login/Input Password'

06-01-2025T10:13:46 - [MESSAGE][PASSED] - Text 'Test1234' is set on object 'Object Repository/Master Data/Admin Sekolah/Login/Input Password'

06-01-2025T10:13:46 - [TEST_STEP][PASSED] - click(findTestObject("Master Data/Admin Sekolah/Login/Button Submit"), CONTINUE_ON_FAILURE): Object: 'Object Repository/Master Data/Admin Sekolah/Login/Button Submit' is clicked on

06-01-2025T10:13:46 - [MESSAGE][PASSED] - Object: 'Object Repository/Master Data/Admin Sekolah/Login/Button Submit' is clicked on

06-01-2025T10:13:46 - [TEST_STEP][PASSED] - click(findTestObject("Laporan/Filter dan Search Laporan Tagihan/Menu Laporan")): Object: 'Object Repository/Laporan/Filter dan Search Laporan Tagihan/Menu Laporan' is clicked on

06-01-2025T10:13:48 - [MESSAGE][PASSED] - Object: 'Object Repository/Laporan/Filter dan Search Laporan Tagihan/Menu Laporan' is clicked on

06-01-2025T10:13:48 - [TEST_STEP][PASSED] - click(findTestObject("Laporan/Filter dan Search Laporan Tagihan/Submenu Tagihan")): Object: 'Object Repository/Laporan/Filter dan Search Laporan Tagihan/Submenu Tagihan' is clicked on

06-01-2025T10:13:49 - [MESSAGE][PASSED] - Object: 'Object Repository/Laporan/Filter dan Search Laporan Tagihan/Submenu Tagihan' is clicked on

06-01-2025T10:13:49 - [TEST_STEP][PASSED] - click(findTestObject("Laporan/Unduh Excel/Unduh Excel")): Object: 'Object Repository/Laporan/Unduh Excel/Unduh Excel' is clicked on

06-01-2025T10:13:50 - [MESSAGE][PASSED] - Object: 'Object Repository/Laporan/Unduh Excel/Unduh Excel' is clicked on

06-01-2025T10:13:50 - [MESSAGE][PASSED] - Call Test Case 'Test Cases/Laporan/Admin Sekolah/Unduh Excel' successfully

06-01-2025T10:13:50 - [TEST_STEP][PASSED] - callTestCase(findTestCase("Test Cases/Laporan/Laporan Pembayaran/Filter Search Laporan Pembayaran"), [:], CONTINUE_ON_FAILURE): Call Test Case 'Test Cases/Laporan/Laporan Pembayaran/Filter Search Laporan Pembayaran' successfully

06-01-2025T10:13:50 - [TEST_CASE][PASSED] - Test Cases/Laporan/Laporan Pembayaran/Filter Search Laporan Pembayaran: Test Cases/Laporan/Laporan Pembayaran/Filter Search Laporan Pembayaran

06-01-2025T10:13:50 - [TEST_STEP][PASSED] - openBrowser(""): Browser is opened with url: ''

06-01-2025T10:13:50 - [MESSAGE][WARNING] - A browser is already opened. Closing browser and opening a new one

06-01-2025T10:13:50 - [MESSAGE][INFO] - Starting 'Chrome' driver

06-01-2025T10:13:50 - [MESSAGE][INFO] - Action delay is set to 0 milliseconds

06-01-2025T10:13:51 - [MESSAGE][PASSED] - Browser is opened with url: ''

06-01-2025T10:13:51 - [TEST_STEP][PASSED] - navigateToUrl("https://sit.siprusedu.com/login"): Navigate to 'https://sit.siprusedu.com/login' successfully

06-01-2025T10:13:51 - [MESSAGE][PASSED] - Navigate to 'https://sit.siprusedu.com/login' successfully

06-01-2025T10:13:51 - [TEST_STEP][PASSED] - setText(findTestObject("Master Data/Admin Sekolah/Login/Field Email"), "admin.gudangsolusi@digiform.co.id"): Text 'admin.gudangsolusi@digiform.co.id' is set on object 'Object Repository/Master Data/Admin Sekolah/Login/Field Email'

06-01-2025T10:13:53 - [MESSAGE][PASSED] - Text 'admin.gudangsolusi@digiform.co.id' is set on object 'Object Repository/Master Data/Admin Sekolah/Login/Field Email'

06-01-2025T10:13:53 - [TEST_STEP][PASSED] - setText(findTestObject("Master Data/Admin Sekolah/Login/Input Password"), "Test1234"): Text 'Test1234' is set on object 'Object Repository/Master Data/Admin Sekolah/Login/Input Password'

06-01-2025T10:13:53 - [MESSAGE][PASSED] - Text 'Test1234' is set on object 'Object Repository/Master Data/Admin Sekolah/Login/Input Password'

06-01-2025T10:13:53 - [TEST_STEP][PASSED] - click(findTestObject("Master Data/Admin Sekolah/Login/Button Submit")): Object: 'Object Repository/Master Data/Admin Sekolah/Login/Button Submit' is clicked on

06-01-2025T10:13:54 - [MESSAGE][PASSED] - Object: 'Object Repository/Master Data/Admin Sekolah/Login/Button Submit' is clicked on

06-01-2025T10:13:54 - [TEST_STEP][PASSED] - click(findTestObject("Laporan/Laporan Pembayaran/Menu Laporan")): Object: 'Object Repository/Laporan/Laporan Pembayaran/Menu Laporan' is clicked on

06-01-2025T10:13:55 - [MESSAGE][PASSED] - Object: 'Object Repository/Laporan/Laporan Pembayaran/Menu Laporan' is clicked on

06-01-2025T10:13:55 - [TEST_STEP][PASSED] - click(findTestObject("Laporan/Laporan Pembayaran/Sub Menu Pembayaran")): Object: 'Object Repository/Laporan/Laporan Pembayaran/Sub Menu Pembayaran' is clicked on

06-01-2025T10:14:15 - [MESSAGE][PASSED] - Object: 'Object Repository/Laporan/Laporan Pembayaran/Sub Menu Pembayaran' is clicked on

06-01-2025T10:14:15 - [TEST_STEP][PASSED] - click(findTestObject("Laporan/Laporan Pembayaran/Filter Search Laporan Pembayaran/Dropdown Kelas")): Object: 'Object Repository/Laporan/Laporan Pembayaran/Filter Search Laporan Pembayaran/Dropdown Kelas' is clicked on

06-01-2025T10:14:16 - [MESSAGE][PASSED] - Object: 'Object Repository/Laporan/Laporan Pembayaran/Filter Search Laporan Pembayaran/Dropdown Kelas' is clicked on

06-01-2025T10:14:16 - [TEST_STEP][PASSED] - click(findTestObject("Laporan/Laporan Pembayaran/Filter Search Laporan Pembayaran/Field Pencarian Kelas")): Object: 'Object Repository/Laporan/Laporan Pembayaran/Filter Search Laporan Pembayaran/Field Pencarian Kelas' is clicked on

06-01-2025T10:14:16 - [MESSAGE][PASSED] - Object: 'Object Repository/Laporan/Laporan Pembayaran/Filter Search Laporan Pembayaran/Field Pencarian Kelas' is clicked on

06-01-2025T10:14:16 - [TEST_STEP][PASSED] - setText(findTestObject("Laporan/Laporan Pembayaran/Filter Search Laporan Pembayaran/Field Pencarian Kelas"), "XII IPS"): Text 'XII IPS' is set on object 'Object Repository/Laporan/Laporan Pembayaran/Filter Search Laporan Pembayaran/Field Pencarian Kelas'

06-01-2025T10:14:17 - [MESSAGE][PASSED] - Text 'XII IPS' is set on object 'Object Repository/Laporan/Laporan Pembayaran/Filter Search Laporan Pembayaran/Field Pencarian Kelas'

06-01-2025T10:14:17 - [TEST_STEP][PASSED] - verifyElementVisible(findTestObject("Laporan/Laporan Pembayaran/Filter Search Laporan Pembayaran/Value Dropdown Kelas XII IPS 2"), STOP_ON_FAILURE): Object 'Object Repository/Laporan/Laporan Pembayaran/Filter Search Laporan Pembayaran/Value Dropdown Kelas XII IPS 2' is visible

06-01-2025T10:14:17 - [MESSAGE][PASSED] - Object 'Object Repository/Laporan/Laporan Pembayaran/Filter Search Laporan Pembayaran/Value Dropdown Kelas XII IPS 2' is visible

06-01-2025T10:14:17 - [TEST_STEP][PASSED] - click(findTestObject("Laporan/Laporan Pembayaran/Filter Search Laporan Pembayaran/Value Dropdown Kelas XII IPS 2")): Object: 'Object Repository/Laporan/Laporan Pembayaran/Filter Search Laporan Pembayaran/Value Dropdown Kelas XII IPS 2' is clicked on

06-01-2025T10:14:17 - [MESSAGE][PASSED] - Object: 'Object Repository/Laporan/Laporan Pembayaran/Filter Search Laporan Pembayaran/Value Dropdown Kelas XII IPS 2' is clicked on

06-01-2025T10:14:17 - [TEST_STEP][PASSED] - click(findTestObject("Laporan/Laporan Pembayaran/Filter Search Laporan Pembayaran/Dropdown Metode Pembayaran")): Object: 'Object Repository/Laporan/Laporan Pembayaran/Filter Search Laporan Pembayaran/Dropdown Metode Pembayaran' is clicked on

06-01-2025T10:14:18 - [MESSAGE][PASSED] - Object: 'Object Repository/Laporan/Laporan Pembayaran/Filter Search Laporan Pembayaran/Dropdown Metode Pembayaran' is clicked on

06-01-2025T10:14:18 - [TEST_STEP][PASSED] - click(findTestObject("Laporan/Laporan Pembayaran/Filter Search Laporan Pembayaran/Value Metode Pembayaran Kasir")): Object: 'Object Repository/Laporan/Laporan Pembayaran/Filter Search Laporan Pembayaran/Value Metode Pembayaran Kasir' is clicked on

06-01-2025T10:14:18 - [MESSAGE][PASSED] - Object: 'Object Repository/Laporan/Laporan Pembayaran/Filter Search Laporan Pembayaran/Value Metode Pembayaran Kasir' is clicked on

06-01-2025T10:14:18 - [TEST_STEP][PASSED] - click(findTestObject("Laporan/Laporan Pembayaran/Filter Search Laporan Pembayaran/Dropdown Status")): Object: 'Object Repository/Laporan/Laporan Pembayaran/Filter Search Laporan Pembayaran/Dropdown Status' is clicked on

06-01-2025T10:14:19 - [MESSAGE][PASSED] - Object: 'Object Repository/Laporan/Laporan Pembayaran/Filter Search Laporan Pembayaran/Dropdown Status' is clicked on

06-01-2025T10:14:19 - [TEST_STEP][PASSED] - click(findTestObject("Laporan/Laporan Pembayaran/Filter Search Laporan Pembayaran/Value Status Lunas")): Object: 'Object Repository/Laporan/Laporan Pembayaran/Filter Search Laporan Pembayaran/Value Status Lunas' is clicked on

06-01-2025T10:14:19 - [MESSAGE][PASSED] - Object: 'Object Repository/Laporan/Laporan Pembayaran/Filter Search Laporan Pembayaran/Value Status Lunas' is clicked on

06-01-2025T10:14:19 - [TEST_STEP][PASSED] - delay(2): Delayed 2 second(s)

06-01-2025T10:14:21 - [MESSAGE][PASSED] - Delayed 2 second(s)

06-01-2025T10:14:21 - [TEST_STEP][PASSED] - click(findTestObject("Laporan/Laporan Pembayaran/Filter Search Laporan Pembayaran/Button Terapkan")): Object: 'Object Repository/Laporan/Laporan Pembayaran/Filter Search Laporan Pembayaran/Button Terapkan' is clicked on

06-01-2025T10:14:21 - [MESSAGE][PASSED] - Object: 'Object Repository/Laporan/Laporan Pembayaran/Filter Search Laporan Pembayaran/Button Terapkan' is clicked on

06-01-2025T10:14:21 - [TEST_STEP][PASSED] - delay(2): Delayed 2 second(s)

06-01-2025T10:14:23 - [MESSAGE][PASSED] - Delayed 2 second(s)

06-01-2025T10:14:23 - [TEST_STEP][PASSED] - click(findTestObject("Laporan/Laporan Pembayaran/Filter Search Laporan Pembayaran/Button Reset")): Object: 'Object Repository/Laporan/Laporan Pembayaran/Filter Search Laporan Pembayaran/Button Reset' is clicked on

06-01-2025T10:14:24 - [MESSAGE][PASSED] - Object: 'Object Repository/Laporan/Laporan Pembayaran/Filter Search Laporan Pembayaran/Button Reset' is clicked on

06-01-2025T10:14:24 - [TEST_STEP][PASSED] - click(findTestObject("Laporan/Laporan Pembayaran/Filter Search Laporan Pembayaran/Field Pencarian Siswa")): Object: 'Object Repository/Laporan/Laporan Pembayaran/Filter Search Laporan Pembayaran/Field Pencarian Siswa' is clicked on

06-01-2025T10:14:24 - [MESSAGE][PASSED] - Object: 'Object Repository/Laporan/Laporan Pembayaran/Filter Search Laporan Pembayaran/Field Pencarian Siswa' is clicked on

06-01-2025T10:14:24 - [TEST_STEP][PASSED] - setText(findTestObject("Laporan/Laporan Pembayaran/Filter Search Laporan Pembayaran/Field Pencarian Siswa"), "Naufal"): Text 'Naufal' is set on object 'Object Repository/Laporan/Laporan Pembayaran/Filter Search Laporan Pembayaran/Field Pencarian Siswa'

06-01-2025T10:14:24 - [MESSAGE][PASSED] - Text 'Naufal' is set on object 'Object Repository/Laporan/Laporan Pembayaran/Filter Search Laporan Pembayaran/Field Pencarian Siswa'

06-01-2025T10:14:24 - [TEST_STEP][PASSED] - click(findTestObject("Laporan/Laporan Pembayaran/Filter Search Laporan Pembayaran/Value Rekomendasi Pencarian Siswa")): Object: 'Object Repository/Laporan/Laporan Pembayaran/Filter Search Laporan Pembayaran/Value Rekomendasi Pencarian Siswa' is clicked on

06-01-2025T10:14:56 - [MESSAGE][INFO] - Unable to find the element located by 'By.xpath: //p[@class='text-sm cursor-pointer px-3 py-2 text-left font-normal text-[#323437]']'. Please recheck the objects properties to make sure the desired element is located. 

06-01-2025T10:14:56 - [MESSAGE][WARNING] - [SELF-HEALING] Failed to find element with id 'Object Repository/Laporan/Laporan Pembayaran/Filter Search Laporan Pembayaran/Value Rekomendasi Pencarian Siswa'. Try using Self-healing.

06-01-2025T10:14:56 - [MESSAGE][WARNING] - [SELF-HEALING] The current locator of test object 'Object Repository/Laporan/Laporan Pembayaran/Filter Search Laporan Pembayaran/Value Rekomendasi Pencarian Siswa' was broken. Propose an alternative one: '(.//*[normalize-space(text()) and normalize-space(.)='Laporan Pembayaran'])[2]/following::p[17]'.

06-01-2025T10:14:56 - [MESSAGE][PASSED] - Object: 'Object Repository/Laporan/Laporan Pembayaran/Filter Search Laporan Pembayaran/Value Rekomendasi Pencarian Siswa' is clicked on

06-01-2025T10:14:56 - [TEST_STEP][PASSED] - click(findTestObject("Laporan/Laporan Pembayaran/Filter Search Laporan Pembayaran/Button Terapkan")): Object: 'Object Repository/Laporan/Laporan Pembayaran/Filter Search Laporan Pembayaran/Button Terapkan' is clicked on

06-01-2025T10:14:56 - [MESSAGE][PASSED] - Object: 'Object Repository/Laporan/Laporan Pembayaran/Filter Search Laporan Pembayaran/Button Terapkan' is clicked on

06-01-2025T10:14:56 - [MESSAGE][INFO] - 

06-01-2025T10:14:56 - [MESSAGE][INFO] - ===================== Self-healing Report ====================

06-01-2025T10:14:56 - [MESSAGE][INFO] - One of the failed test object locators has been recovered by Self-healing. Please refer to the Self-healing Insights tab for more details.

06-01-2025T10:14:56 - [MESSAGE][INFO] - To learn more about Self-healing, please read https://docs.katalon.com/katalon-studio/docs/self-healing.html

06-01-2025T10:14:56 - [MESSAGE][INFO] - ==============================================================

06-01-2025T10:14:56 - [MESSAGE][PASSED] - Call Test Case 'Test Cases/Laporan/Laporan Pembayaran/Filter Search Laporan Pembayaran' successfully

06-01-2025T10:14:56 - [TEST_STEP][PASSED] - callTestCase(findTestCase("Test Cases/Laporan/Laporan Pembayaran/Lihat Detail Laporan Pembayaran"), [:], CONTINUE_ON_FAILURE): Call Test Case 'Test Cases/Laporan/Laporan Pembayaran/Lihat Detail Laporan Pembayaran' successfully

06-01-2025T10:14:56 - [TEST_CASE][PASSED] - Test Cases/Laporan/Laporan Pembayaran/Lihat Detail Laporan Pembayaran: Test Cases/Laporan/Laporan Pembayaran/Lihat Detail Laporan Pembayaran

06-01-2025T10:14:56 - [TEST_STEP][PASSED] - openBrowser(""): Browser is opened with url: ''

06-01-2025T10:14:56 - [MESSAGE][WARNING] - A browser is already opened. Closing browser and opening a new one

06-01-2025T10:14:56 - [MESSAGE][INFO] - Starting 'Chrome' driver

06-01-2025T10:14:56 - [MESSAGE][INFO] - Action delay is set to 0 milliseconds

06-01-2025T10:14:57 - [MESSAGE][PASSED] - Browser is opened with url: ''

06-01-2025T10:14:57 - [TEST_STEP][PASSED] - navigateToUrl("https://sit.siprusedu.com/login"): Navigate to 'https://sit.siprusedu.com/login' successfully

06-01-2025T10:15:01 - [MESSAGE][PASSED] - Navigate to 'https://sit.siprusedu.com/login' successfully

06-01-2025T10:15:01 - [TEST_STEP][PASSED] - setText(findTestObject("Master Data/Admin Sekolah/Login/Field Email"), "admin.gudangsolusi@digiform.co.id"): Text 'admin.gudangsolusi@digiform.co.id' is set on object 'Object Repository/Master Data/Admin Sekolah/Login/Field Email'

06-01-2025T10:15:03 - [MESSAGE][PASSED] - Text 'admin.gudangsolusi@digiform.co.id' is set on object 'Object Repository/Master Data/Admin Sekolah/Login/Field Email'

06-01-2025T10:15:03 - [TEST_STEP][PASSED] - setText(findTestObject("Master Data/Admin Sekolah/Login/Input Password"), "Test1234"): Text 'Test1234' is set on object 'Object Repository/Master Data/Admin Sekolah/Login/Input Password'

06-01-2025T10:15:04 - [MESSAGE][PASSED] - Text 'Test1234' is set on object 'Object Repository/Master Data/Admin Sekolah/Login/Input Password'

06-01-2025T10:15:04 - [TEST_STEP][PASSED] - click(findTestObject("Master Data/Admin Sekolah/Login/Button Submit")): Object: 'Object Repository/Master Data/Admin Sekolah/Login/Button Submit' is clicked on

06-01-2025T10:15:04 - [MESSAGE][PASSED] - Object: 'Object Repository/Master Data/Admin Sekolah/Login/Button Submit' is clicked on

06-01-2025T10:15:04 - [TEST_STEP][PASSED] - click(findTestObject("Laporan/Laporan Pembayaran/Menu Laporan")): Object: 'Object Repository/Laporan/Laporan Pembayaran/Menu Laporan' is clicked on

06-01-2025T10:15:06 - [MESSAGE][PASSED] - Object: 'Object Repository/Laporan/Laporan Pembayaran/Menu Laporan' is clicked on

06-01-2025T10:15:06 - [TEST_STEP][PASSED] - click(findTestObject("Laporan/Laporan Pembayaran/Sub Menu Pembayaran")): Object: 'Object Repository/Laporan/Laporan Pembayaran/Sub Menu Pembayaran' is clicked on

06-01-2025T10:15:06 - [MESSAGE][PASSED] - Object: 'Object Repository/Laporan/Laporan Pembayaran/Sub Menu Pembayaran' is clicked on

06-01-2025T10:15:06 - [TEST_STEP][PASSED] - click(findTestObject("Laporan/Laporan Pembayaran/Lihat Detail Laporan Pembayaran/Button Lihat Detail")): Object: 'Object Repository/Laporan/Laporan Pembayaran/Lihat Detail Laporan Pembayaran/Button Lihat Detail' is clicked on

06-01-2025T10:15:08 - [MESSAGE][PASSED] - Object: 'Object Repository/Laporan/Laporan Pembayaran/Lihat Detail Laporan Pembayaran/Button Lihat Detail' is clicked on

06-01-2025T10:15:08 - [TEST_STEP][PASSED] - verifyElementVisible(findTestObject("Laporan/Laporan Pembayaran/Lihat Detail Laporan Pembayaran/Button Cetak")): Object 'Object Repository/Laporan/Laporan Pembayaran/Lihat Detail Laporan Pembayaran/Button Cetak' is visible

06-01-2025T10:15:09 - [MESSAGE][PASSED] - Object 'Object Repository/Laporan/Laporan Pembayaran/Lihat Detail Laporan Pembayaran/Button Cetak' is visible

06-01-2025T10:15:09 - [TEST_STEP][PASSED] - click(findTestObject("Laporan/Laporan Pembayaran/Lihat Detail Laporan Pembayaran/Button Cetak")): Object: 'Object Repository/Laporan/Laporan Pembayaran/Lihat Detail Laporan Pembayaran/Button Cetak' is clicked on

06-01-2025T10:15:09 - [MESSAGE][PASSED] - Object: 'Object Repository/Laporan/Laporan Pembayaran/Lihat Detail Laporan Pembayaran/Button Cetak' is clicked on

06-01-2025T10:15:09 - [TEST_STEP][PASSED] - delay(2): Delayed 2 second(s)

06-01-2025T10:15:11 - [MESSAGE][PASSED] - Delayed 2 second(s)

06-01-2025T10:15:11 - [MESSAGE][INFO] - 

06-01-2025T10:15:11 - [MESSAGE][INFO] - ===================== Self-healing Report ====================

06-01-2025T10:15:11 - [MESSAGE][INFO] - One of the failed test object locators has been recovered by Self-healing. Please refer to the Self-healing Insights tab for more details.

06-01-2025T10:15:11 - [MESSAGE][INFO] - To learn more about Self-healing, please read https://docs.katalon.com/katalon-studio/docs/self-healing.html

06-01-2025T10:15:11 - [MESSAGE][INFO] - ==============================================================

06-01-2025T10:15:11 - [MESSAGE][PASSED] - Call Test Case 'Test Cases/Laporan/Laporan Pembayaran/Lihat Detail Laporan Pembayaran' successfully

06-01-2025T10:15:11 - [TEST_STEP][PASSED] - callTestCase(findTestCase("Test Cases/Laporan/Laporan Pembayaran/Unduh Excel"), [:], CONTINUE_ON_FAILURE): Call Test Case 'Test Cases/Laporan/Laporan Pembayaran/Unduh Excel' successfully

06-01-2025T10:15:11 - [TEST_CASE][PASSED] - Test Cases/Laporan/Laporan Pembayaran/Unduh Excel: Test Cases/Laporan/Laporan Pembayaran/Unduh Excel

06-01-2025T10:15:11 - [TEST_STEP][PASSED] - openBrowser(""): Browser is opened with url: ''

06-01-2025T10:15:11 - [MESSAGE][WARNING] - A browser is already opened. Closing browser and opening a new one

06-01-2025T10:15:11 - [MESSAGE][INFO] - Starting 'Chrome' driver

06-01-2025T10:15:11 - [MESSAGE][INFO] - Action delay is set to 0 milliseconds

06-01-2025T10:15:12 - [MESSAGE][PASSED] - Browser is opened with url: ''

06-01-2025T10:15:12 - [TEST_STEP][PASSED] - navigateToUrl("https://sit.siprusedu.com/login"): Navigate to 'https://sit.siprusedu.com/login' successfully

06-01-2025T10:15:13 - [MESSAGE][PASSED] - Navigate to 'https://sit.siprusedu.com/login' successfully

06-01-2025T10:15:13 - [TEST_STEP][PASSED] - setText(findTestObject("Master Data/Admin Sekolah/Login/Field Email"), "admin.gudangsolusi@digiform.co.id"): Text 'admin.gudangsolusi@digiform.co.id' is set on object 'Object Repository/Master Data/Admin Sekolah/Login/Field Email'

06-01-2025T10:15:14 - [MESSAGE][PASSED] - Text 'admin.gudangsolusi@digiform.co.id' is set on object 'Object Repository/Master Data/Admin Sekolah/Login/Field Email'

06-01-2025T10:15:14 - [TEST_STEP][PASSED] - setText(findTestObject("Master Data/Admin Sekolah/Login/Input Password"), "Test1234"): Text 'Test1234' is set on object 'Object Repository/Master Data/Admin Sekolah/Login/Input Password'

06-01-2025T10:15:15 - [MESSAGE][PASSED] - Text 'Test1234' is set on object 'Object Repository/Master Data/Admin Sekolah/Login/Input Password'

06-01-2025T10:15:15 - [TEST_STEP][PASSED] - click(findTestObject("Master Data/Admin Sekolah/Login/Button Submit")): Object: 'Object Repository/Master Data/Admin Sekolah/Login/Button Submit' is clicked on

06-01-2025T10:15:15 - [MESSAGE][PASSED] - Object: 'Object Repository/Master Data/Admin Sekolah/Login/Button Submit' is clicked on

06-01-2025T10:15:15 - [TEST_STEP][PASSED] - click(findTestObject("Laporan/Laporan Pembayaran/Menu Laporan")): Object: 'Object Repository/Laporan/Laporan Pembayaran/Menu Laporan' is clicked on

06-01-2025T10:15:17 - [MESSAGE][PASSED] - Object: 'Object Repository/Laporan/Laporan Pembayaran/Menu Laporan' is clicked on

06-01-2025T10:15:17 - [TEST_STEP][PASSED] - click(findTestObject("Laporan/Laporan Pembayaran/Sub Menu Pembayaran")): Object: 'Object Repository/Laporan/Laporan Pembayaran/Sub Menu Pembayaran' is clicked on

06-01-2025T10:15:18 - [MESSAGE][PASSED] - Object: 'Object Repository/Laporan/Laporan Pembayaran/Sub Menu Pembayaran' is clicked on

06-01-2025T10:15:18 - [TEST_STEP][PASSED] - click(findTestObject("Laporan/Laporan Pembayaran/Unduh Excel/Button Unduh Excel")): Object: 'Object Repository/Laporan/Laporan Pembayaran/Unduh Excel/Button Unduh Excel' is clicked on

06-01-2025T10:15:19 - [MESSAGE][PASSED] - Object: 'Object Repository/Laporan/Laporan Pembayaran/Unduh Excel/Button Unduh Excel' is clicked on

06-01-2025T10:15:19 - [TEST_STEP][PASSED] - delay(2): Delayed 2 second(s)

06-01-2025T10:15:21 - [MESSAGE][PASSED] - Delayed 2 second(s)

06-01-2025T10:15:21 - [MESSAGE][INFO] - 

06-01-2025T10:15:21 - [MESSAGE][INFO] - ===================== Self-healing Report ====================

06-01-2025T10:15:21 - [MESSAGE][INFO] - One of the failed test object locators has been recovered by Self-healing. Please refer to the Self-healing Insights tab for more details.

06-01-2025T10:15:21 - [MESSAGE][INFO] - To learn more about Self-healing, please read https://docs.katalon.com/katalon-studio/docs/self-healing.html

06-01-2025T10:15:21 - [MESSAGE][INFO] - ==============================================================

06-01-2025T10:15:21 - [MESSAGE][PASSED] - Call Test Case 'Test Cases/Laporan/Laporan Pembayaran/Unduh Excel' successfully

06-01-2025T10:15:21 - [TEST_STEP][PASSED] - println("============================= Loop Again ==============================="): null

06-01-2025T10:15:21 - [TEST_STEP][PASSED] - callTestCase(findTestCase("Test Cases/Laporan/Admin Sekolah/Filter dan Search Laporan Tagihan"), [:], CONTINUE_ON_FAILURE): Call Test Case 'Test Cases/Laporan/Admin Sekolah/Filter dan Search Laporan Tagihan' successfully

06-01-2025T10:15:21 - [TEST_CASE][PASSED] - Test Cases/Laporan/Admin Sekolah/Filter dan Search Laporan Tagihan: Test Cases/Laporan/Admin Sekolah/Filter dan Search Laporan Tagihan

06-01-2025T10:15:21 - [TEST_STEP][PASSED] - openBrowser("", CONTINUE_ON_FAILURE): Browser is opened with url: ''

06-01-2025T10:15:21 - [MESSAGE][WARNING] - A browser is already opened. Closing browser and opening a new one

06-01-2025T10:15:21 - [MESSAGE][INFO] - Starting 'Chrome' driver

06-01-2025T10:15:21 - [MESSAGE][INFO] - Action delay is set to 0 milliseconds

06-01-2025T10:15:22 - [MESSAGE][PASSED] - Browser is opened with url: ''

06-01-2025T10:15:22 - [TEST_STEP][PASSED] - navigateToUrl("https://sit.siprusedu.com/login", CONTINUE_ON_FAILURE): Navigate to 'https://sit.siprusedu.com/login' successfully

06-01-2025T10:15:22 - [MESSAGE][PASSED] - Navigate to 'https://sit.siprusedu.com/login' successfully

06-01-2025T10:15:22 - [TEST_STEP][PASSED] - setText(findTestObject("Master Data/Admin Sekolah/Login/Field Email"), "admin.gudangsolusi@digiform.co.id", CONTINUE_ON_FAILURE): Text 'admin.gudangsolusi@digiform.co.id' is set on object 'Object Repository/Master Data/Admin Sekolah/Login/Field Email'

06-01-2025T10:15:24 - [MESSAGE][PASSED] - Text 'admin.gudangsolusi@digiform.co.id' is set on object 'Object Repository/Master Data/Admin Sekolah/Login/Field Email'

06-01-2025T10:15:24 - [TEST_STEP][PASSED] - setText(findTestObject("Master Data/Admin Sekolah/Login/Input Password"), "Test1234", CONTINUE_ON_FAILURE): Text 'Test1234' is set on object 'Object Repository/Master Data/Admin Sekolah/Login/Input Password'

06-01-2025T10:15:25 - [MESSAGE][PASSED] - Text 'Test1234' is set on object 'Object Repository/Master Data/Admin Sekolah/Login/Input Password'

06-01-2025T10:15:25 - [TEST_STEP][PASSED] - click(findTestObject("Master Data/Admin Sekolah/Login/Button Submit"), CONTINUE_ON_FAILURE): Object: 'Object Repository/Master Data/Admin Sekolah/Login/Button Submit' is clicked on

06-01-2025T10:15:25 - [MESSAGE][PASSED] - Object: 'Object Repository/Master Data/Admin Sekolah/Login/Button Submit' is clicked on

06-01-2025T10:15:25 - [TEST_STEP][PASSED] - click(findTestObject("Laporan/Filter dan Search Laporan Tagihan/Menu Laporan")): Object: 'Object Repository/Laporan/Filter dan Search Laporan Tagihan/Menu Laporan' is clicked on

06-01-2025T10:15:27 - [MESSAGE][PASSED] - Object: 'Object Repository/Laporan/Filter dan Search Laporan Tagihan/Menu Laporan' is clicked on

06-01-2025T10:15:27 - [TEST_STEP][PASSED] - click(findTestObject("Laporan/Filter dan Search Laporan Tagihan/Submenu Tagihan")): Object: 'Object Repository/Laporan/Filter dan Search Laporan Tagihan/Submenu Tagihan' is clicked on

06-01-2025T10:15:27 - [MESSAGE][PASSED] - Object: 'Object Repository/Laporan/Filter dan Search Laporan Tagihan/Submenu Tagihan' is clicked on

06-01-2025T10:15:27 - [TEST_STEP][PASSED] - click(findTestObject("Laporan/Filter dan Search Laporan Tagihan/Klik Filter Status")): Object: 'Object Repository/Laporan/Filter dan Search Laporan Tagihan/Klik Filter Status' is clicked on

06-01-2025T10:15:29 - [MESSAGE][PASSED] - Object: 'Object Repository/Laporan/Filter dan Search Laporan Tagihan/Klik Filter Status' is clicked on

06-01-2025T10:15:29 - [TEST_STEP][PASSED] - click(findTestObject("Laporan/Filter dan Search Laporan Tagihan/Status Lunas")): Object: 'Object Repository/Laporan/Filter dan Search Laporan Tagihan/Status Lunas' is clicked on

06-01-2025T10:15:29 - [MESSAGE][PASSED] - Object: 'Object Repository/Laporan/Filter dan Search Laporan Tagihan/Status Lunas' is clicked on

06-01-2025T10:15:29 - [TEST_STEP][PASSED] - click(findTestObject("Laporan/Filter dan Search Laporan Tagihan/Button Terapkan")): Object: 'Object Repository/Laporan/Filter dan Search Laporan Tagihan/Button Terapkan' is clicked on

06-01-2025T10:15:30 - [MESSAGE][PASSED] - Object: 'Object Repository/Laporan/Filter dan Search Laporan Tagihan/Button Terapkan' is clicked on

06-01-2025T10:15:30 - [TEST_STEP][PASSED] - delay(3): Delayed 3 second(s)

06-01-2025T10:15:33 - [MESSAGE][PASSED] - Delayed 3 second(s)

06-01-2025T10:15:33 - [TEST_STEP][PASSED] - click(findTestObject("Laporan/Filter dan Search Laporan Tagihan/Button Reset")): Object: 'Object Repository/Laporan/Filter dan Search Laporan Tagihan/Button Reset' is clicked on

06-01-2025T10:15:33 - [MESSAGE][PASSED] - Object: 'Object Repository/Laporan/Filter dan Search Laporan Tagihan/Button Reset' is clicked on

06-01-2025T10:15:33 - [TEST_STEP][PASSED] - click(findTestObject("Laporan/Filter dan Search Laporan Tagihan/Pencarian Siswa")): Object: 'Object Repository/Laporan/Filter dan Search Laporan Tagihan/Pencarian Siswa' is clicked on

06-01-2025T10:15:34 - [MESSAGE][PASSED] - Object: 'Object Repository/Laporan/Filter dan Search Laporan Tagihan/Pencarian Siswa' is clicked on

06-01-2025T10:15:34 - [TEST_STEP][PASSED] - setText(findTestObject("Laporan/Filter dan Search Laporan Tagihan/Pencarian Siswa"), "Dil"): Text 'Dil' is set on object 'Object Repository/Laporan/Filter dan Search Laporan Tagihan/Pencarian Siswa'

06-01-2025T10:15:34 - [MESSAGE][PASSED] - Text 'Dil' is set on object 'Object Repository/Laporan/Filter dan Search Laporan Tagihan/Pencarian Siswa'

06-01-2025T10:15:34 - [TEST_STEP][PASSED] - click(findTestObject("Laporan/Filter dan Search Laporan Tagihan/Siswa Rezaldy")): Object: 'Object Repository/Laporan/Filter dan Search Laporan Tagihan/Siswa Rezaldy' is clicked on

06-01-2025T10:15:36 - [MESSAGE][PASSED] - Object: 'Object Repository/Laporan/Filter dan Search Laporan Tagihan/Siswa Rezaldy' is clicked on

06-01-2025T10:15:36 - [TEST_STEP][PASSED] - click(findTestObject("Laporan/Filter dan Search Laporan Tagihan/Button Terapkan")): Object: 'Object Repository/Laporan/Filter dan Search Laporan Tagihan/Button Terapkan' is clicked on

06-01-2025T10:15:36 - [MESSAGE][PASSED] - Object: 'Object Repository/Laporan/Filter dan Search Laporan Tagihan/Button Terapkan' is clicked on

06-01-2025T10:15:36 - [MESSAGE][INFO] - 

06-01-2025T10:15:36 - [MESSAGE][INFO] - ===================== Self-healing Report ====================

06-01-2025T10:15:36 - [MESSAGE][INFO] - One of the failed test object locators has been recovered by Self-healing. Please refer to the Self-healing Insights tab for more details.

06-01-2025T10:15:36 - [MESSAGE][INFO] - To learn more about Self-healing, please read https://docs.katalon.com/katalon-studio/docs/self-healing.html

06-01-2025T10:15:36 - [MESSAGE][INFO] - ==============================================================

06-01-2025T10:15:36 - [MESSAGE][PASSED] - Call Test Case 'Test Cases/Laporan/Admin Sekolah/Filter dan Search Laporan Tagihan' successfully

06-01-2025T10:15:36 - [TEST_STEP][PASSED] - callTestCase(findTestCase("Test Cases/Laporan/Admin Sekolah/Unduh Excel"), [:], CONTINUE_ON_FAILURE): Call Test Case 'Test Cases/Laporan/Admin Sekolah/Unduh Excel' successfully

06-01-2025T10:15:36 - [TEST_CASE][PASSED] - Test Cases/Laporan/Admin Sekolah/Unduh Excel: Test Cases/Laporan/Admin Sekolah/Unduh Excel

06-01-2025T10:15:36 - [TEST_STEP][PASSED] - openBrowser("", CONTINUE_ON_FAILURE): Browser is opened with url: ''

06-01-2025T10:15:36 - [MESSAGE][WARNING] - A browser is already opened. Closing browser and opening a new one

06-01-2025T10:15:37 - [MESSAGE][INFO] - Starting 'Chrome' driver

06-01-2025T10:15:37 - [MESSAGE][INFO] - Action delay is set to 0 milliseconds

06-01-2025T10:15:37 - [MESSAGE][PASSED] - Browser is opened with url: ''

06-01-2025T10:15:37 - [TEST_STEP][PASSED] - navigateToUrl("https://sit.siprusedu.com/login", CONTINUE_ON_FAILURE): Navigate to 'https://sit.siprusedu.com/login' successfully

06-01-2025T10:15:38 - [MESSAGE][PASSED] - Navigate to 'https://sit.siprusedu.com/login' successfully

06-01-2025T10:15:38 - [TEST_STEP][PASSED] - setText(findTestObject("Master Data/Admin Sekolah/Login/Field Email"), "admin.gudangsolusi@digiform.co.id", CONTINUE_ON_FAILURE): Text 'admin.gudangsolusi@digiform.co.id' is set on object 'Object Repository/Master Data/Admin Sekolah/Login/Field Email'

06-01-2025T10:15:40 - [MESSAGE][PASSED] - Text 'admin.gudangsolusi@digiform.co.id' is set on object 'Object Repository/Master Data/Admin Sekolah/Login/Field Email'

06-01-2025T10:15:40 - [TEST_STEP][PASSED] - setText(findTestObject("Master Data/Admin Sekolah/Login/Input Password"), "Test1234", CONTINUE_ON_FAILURE): Text 'Test1234' is set on object 'Object Repository/Master Data/Admin Sekolah/Login/Input Password'

06-01-2025T10:15:40 - [MESSAGE][PASSED] - Text 'Test1234' is set on object 'Object Repository/Master Data/Admin Sekolah/Login/Input Password'

06-01-2025T10:15:40 - [TEST_STEP][PASSED] - click(findTestObject("Master Data/Admin Sekolah/Login/Button Submit"), CONTINUE_ON_FAILURE): Object: 'Object Repository/Master Data/Admin Sekolah/Login/Button Submit' is clicked on

06-01-2025T10:15:40 - [MESSAGE][PASSED] - Object: 'Object Repository/Master Data/Admin Sekolah/Login/Button Submit' is clicked on

06-01-2025T10:15:40 - [TEST_STEP][PASSED] - click(findTestObject("Laporan/Filter dan Search Laporan Tagihan/Menu Laporan")): Object: 'Object Repository/Laporan/Filter dan Search Laporan Tagihan/Menu Laporan' is clicked on

06-01-2025T10:15:42 - [MESSAGE][PASSED] - Object: 'Object Repository/Laporan/Filter dan Search Laporan Tagihan/Menu Laporan' is clicked on

06-01-2025T10:15:42 - [TEST_STEP][PASSED] - click(findTestObject("Laporan/Filter dan Search Laporan Tagihan/Submenu Tagihan")): Object: 'Object Repository/Laporan/Filter dan Search Laporan Tagihan/Submenu Tagihan' is clicked on

06-01-2025T10:15:43 - [MESSAGE][PASSED] - Object: 'Object Repository/Laporan/Filter dan Search Laporan Tagihan/Submenu Tagihan' is clicked on

06-01-2025T10:15:43 - [TEST_STEP][PASSED] - click(findTestObject("Laporan/Unduh Excel/Unduh Excel")): Object: 'Object Repository/Laporan/Unduh Excel/Unduh Excel' is clicked on

06-01-2025T10:15:44 - [MESSAGE][PASSED] - Object: 'Object Repository/Laporan/Unduh Excel/Unduh Excel' is clicked on

06-01-2025T10:15:44 - [MESSAGE][INFO] - 

06-01-2025T10:15:44 - [MESSAGE][INFO] - ===================== Self-healing Report ====================

06-01-2025T10:15:44 - [MESSAGE][INFO] - One of the failed test object locators has been recovered by Self-healing. Please refer to the Self-healing Insights tab for more details.

06-01-2025T10:15:44 - [MESSAGE][INFO] - To learn more about Self-healing, please read https://docs.katalon.com/katalon-studio/docs/self-healing.html

06-01-2025T10:15:44 - [MESSAGE][INFO] - ==============================================================

06-01-2025T10:15:44 - [MESSAGE][PASSED] - Call Test Case 'Test Cases/Laporan/Admin Sekolah/Unduh Excel' successfully

06-01-2025T10:15:44 - [TEST_STEP][PASSED] - callTestCase(findTestCase("Test Cases/Laporan/Laporan Pembayaran/Filter Search Laporan Pembayaran"), [:], CONTINUE_ON_FAILURE): Call Test Case 'Test Cases/Laporan/Laporan Pembayaran/Filter Search Laporan Pembayaran' successfully

06-01-2025T10:15:44 - [TEST_CASE][PASSED] - Test Cases/Laporan/Laporan Pembayaran/Filter Search Laporan Pembayaran: Test Cases/Laporan/Laporan Pembayaran/Filter Search Laporan Pembayaran

06-01-2025T10:15:44 - [TEST_STEP][PASSED] - openBrowser(""): Browser is opened with url: ''

06-01-2025T10:15:44 - [MESSAGE][WARNING] - A browser is already opened. Closing browser and opening a new one

06-01-2025T10:15:44 - [MESSAGE][INFO] - Starting 'Chrome' driver

06-01-2025T10:15:44 - [MESSAGE][INFO] - Action delay is set to 0 milliseconds

06-01-2025T10:15:45 - [MESSAGE][PASSED] - Browser is opened with url: ''

06-01-2025T10:15:45 - [TEST_STEP][PASSED] - navigateToUrl("https://sit.siprusedu.com/login"): Navigate to 'https://sit.siprusedu.com/login' successfully

06-01-2025T10:15:48 - [MESSAGE][PASSED] - Navigate to 'https://sit.siprusedu.com/login' successfully

06-01-2025T10:15:48 - [TEST_STEP][PASSED] - setText(findTestObject("Master Data/Admin Sekolah/Login/Field Email"), "admin.gudangsolusi@digiform.co.id"): Text 'admin.gudangsolusi@digiform.co.id' is set on object 'Object Repository/Master Data/Admin Sekolah/Login/Field Email'

06-01-2025T10:15:50 - [MESSAGE][PASSED] - Text 'admin.gudangsolusi@digiform.co.id' is set on object 'Object Repository/Master Data/Admin Sekolah/Login/Field Email'

06-01-2025T10:15:50 - [TEST_STEP][PASSED] - setText(findTestObject("Master Data/Admin Sekolah/Login/Input Password"), "Test1234"): Text 'Test1234' is set on object 'Object Repository/Master Data/Admin Sekolah/Login/Input Password'

06-01-2025T10:15:50 - [MESSAGE][PASSED] - Text 'Test1234' is set on object 'Object Repository/Master Data/Admin Sekolah/Login/Input Password'

06-01-2025T10:15:50 - [TEST_STEP][PASSED] - click(findTestObject("Master Data/Admin Sekolah/Login/Button Submit")): Object: 'Object Repository/Master Data/Admin Sekolah/Login/Button Submit' is clicked on

06-01-2025T10:15:50 - [MESSAGE][PASSED] - Object: 'Object Repository/Master Data/Admin Sekolah/Login/Button Submit' is clicked on

06-01-2025T10:15:50 - [TEST_STEP][PASSED] - click(findTestObject("Laporan/Laporan Pembayaran/Menu Laporan")): Object: 'Object Repository/Laporan/Laporan Pembayaran/Menu Laporan' is clicked on

06-01-2025T10:15:52 - [MESSAGE][PASSED] - Object: 'Object Repository/Laporan/Laporan Pembayaran/Menu Laporan' is clicked on

06-01-2025T10:15:52 - [TEST_STEP][PASSED] - click(findTestObject("Laporan/Laporan Pembayaran/Sub Menu Pembayaran")): Object: 'Object Repository/Laporan/Laporan Pembayaran/Sub Menu Pembayaran' is clicked on

06-01-2025T10:15:53 - [MESSAGE][PASSED] - Object: 'Object Repository/Laporan/Laporan Pembayaran/Sub Menu Pembayaran' is clicked on

06-01-2025T10:15:53 - [TEST_STEP][PASSED] - click(findTestObject("Laporan/Laporan Pembayaran/Filter Search Laporan Pembayaran/Dropdown Kelas")): Object: 'Object Repository/Laporan/Laporan Pembayaran/Filter Search Laporan Pembayaran/Dropdown Kelas' is clicked on

06-01-2025T10:15:54 - [MESSAGE][PASSED] - Object: 'Object Repository/Laporan/Laporan Pembayaran/Filter Search Laporan Pembayaran/Dropdown Kelas' is clicked on

06-01-2025T10:15:54 - [TEST_STEP][PASSED] - click(findTestObject("Laporan/Laporan Pembayaran/Filter Search Laporan Pembayaran/Field Pencarian Kelas")): Object: 'Object Repository/Laporan/Laporan Pembayaran/Filter Search Laporan Pembayaran/Field Pencarian Kelas' is clicked on

06-01-2025T10:15:55 - [MESSAGE][PASSED] - Object: 'Object Repository/Laporan/Laporan Pembayaran/Filter Search Laporan Pembayaran/Field Pencarian Kelas' is clicked on

06-01-2025T10:15:55 - [TEST_STEP][PASSED] - setText(findTestObject("Laporan/Laporan Pembayaran/Filter Search Laporan Pembayaran/Field Pencarian Kelas"), "XII IPS"): Text 'XII IPS' is set on object 'Object Repository/Laporan/Laporan Pembayaran/Filter Search Laporan Pembayaran/Field Pencarian Kelas'

06-01-2025T10:15:55 - [MESSAGE][PASSED] - Text 'XII IPS' is set on object 'Object Repository/Laporan/Laporan Pembayaran/Filter Search Laporan Pembayaran/Field Pencarian Kelas'

06-01-2025T10:15:55 - [TEST_STEP][PASSED] - verifyElementVisible(findTestObject("Laporan/Laporan Pembayaran/Filter Search Laporan Pembayaran/Value Dropdown Kelas XII IPS 2"), STOP_ON_FAILURE): Object 'Object Repository/Laporan/Laporan Pembayaran/Filter Search Laporan Pembayaran/Value Dropdown Kelas XII IPS 2' is visible

06-01-2025T10:15:55 - [MESSAGE][PASSED] - Object 'Object Repository/Laporan/Laporan Pembayaran/Filter Search Laporan Pembayaran/Value Dropdown Kelas XII IPS 2' is visible

06-01-2025T10:15:55 - [TEST_STEP][PASSED] - click(findTestObject("Laporan/Laporan Pembayaran/Filter Search Laporan Pembayaran/Value Dropdown Kelas XII IPS 2")): Object: 'Object Repository/Laporan/Laporan Pembayaran/Filter Search Laporan Pembayaran/Value Dropdown Kelas XII IPS 2' is clicked on

06-01-2025T10:15:56 - [MESSAGE][PASSED] - Object: 'Object Repository/Laporan/Laporan Pembayaran/Filter Search Laporan Pembayaran/Value Dropdown Kelas XII IPS 2' is clicked on

06-01-2025T10:15:56 - [TEST_STEP][PASSED] - click(findTestObject("Laporan/Laporan Pembayaran/Filter Search Laporan Pembayaran/Dropdown Metode Pembayaran")): Object: 'Object Repository/Laporan/Laporan Pembayaran/Filter Search Laporan Pembayaran/Dropdown Metode Pembayaran' is clicked on

06-01-2025T10:15:56 - [MESSAGE][PASSED] - Object: 'Object Repository/Laporan/Laporan Pembayaran/Filter Search Laporan Pembayaran/Dropdown Metode Pembayaran' is clicked on

06-01-2025T10:15:56 - [TEST_STEP][PASSED] - click(findTestObject("Laporan/Laporan Pembayaran/Filter Search Laporan Pembayaran/Value Metode Pembayaran Kasir")): Object: 'Object Repository/Laporan/Laporan Pembayaran/Filter Search Laporan Pembayaran/Value Metode Pembayaran Kasir' is clicked on

06-01-2025T10:15:57 - [MESSAGE][PASSED] - Object: 'Object Repository/Laporan/Laporan Pembayaran/Filter Search Laporan Pembayaran/Value Metode Pembayaran Kasir' is clicked on

06-01-2025T10:15:57 - [TEST_STEP][PASSED] - click(findTestObject("Laporan/Laporan Pembayaran/Filter Search Laporan Pembayaran/Dropdown Status")): Object: 'Object Repository/Laporan/Laporan Pembayaran/Filter Search Laporan Pembayaran/Dropdown Status' is clicked on

06-01-2025T10:15:57 - [MESSAGE][PASSED] - Object: 'Object Repository/Laporan/Laporan Pembayaran/Filter Search Laporan Pembayaran/Dropdown Status' is clicked on

06-01-2025T10:15:57 - [TEST_STEP][PASSED] - click(findTestObject("Laporan/Laporan Pembayaran/Filter Search Laporan Pembayaran/Value Status Lunas")): Object: 'Object Repository/Laporan/Laporan Pembayaran/Filter Search Laporan Pembayaran/Value Status Lunas' is clicked on

06-01-2025T10:15:58 - [MESSAGE][PASSED] - Object: 'Object Repository/Laporan/Laporan Pembayaran/Filter Search Laporan Pembayaran/Value Status Lunas' is clicked on

06-01-2025T10:15:58 - [TEST_STEP][PASSED] - delay(2): Delayed 2 second(s)

06-01-2025T10:16:00 - [MESSAGE][PASSED] - Delayed 2 second(s)

06-01-2025T10:16:00 - [TEST_STEP][PASSED] - click(findTestObject("Laporan/Laporan Pembayaran/Filter Search Laporan Pembayaran/Button Terapkan")): Object: 'Object Repository/Laporan/Laporan Pembayaran/Filter Search Laporan Pembayaran/Button Terapkan' is clicked on

06-01-2025T10:16:00 - [MESSAGE][PASSED] - Object: 'Object Repository/Laporan/Laporan Pembayaran/Filter Search Laporan Pembayaran/Button Terapkan' is clicked on

06-01-2025T10:16:00 - [TEST_STEP][PASSED] - delay(2): Delayed 2 second(s)

06-01-2025T10:16:02 - [MESSAGE][PASSED] - Delayed 2 second(s)

06-01-2025T10:16:02 - [TEST_STEP][PASSED] - click(findTestObject("Laporan/Laporan Pembayaran/Filter Search Laporan Pembayaran/Button Reset")): Object: 'Object Repository/Laporan/Laporan Pembayaran/Filter Search Laporan Pembayaran/Button Reset' is clicked on

06-01-2025T10:16:02 - [MESSAGE][PASSED] - Object: 'Object Repository/Laporan/Laporan Pembayaran/Filter Search Laporan Pembayaran/Button Reset' is clicked on

06-01-2025T10:16:02 - [TEST_STEP][PASSED] - click(findTestObject("Laporan/Laporan Pembayaran/Filter Search Laporan Pembayaran/Field Pencarian Siswa")): Object: 'Object Repository/Laporan/Laporan Pembayaran/Filter Search Laporan Pembayaran/Field Pencarian Siswa' is clicked on

06-01-2025T10:16:03 - [MESSAGE][PASSED] - Object: 'Object Repository/Laporan/Laporan Pembayaran/Filter Search Laporan Pembayaran/Field Pencarian Siswa' is clicked on

06-01-2025T10:16:03 - [TEST_STEP][PASSED] - setText(findTestObject("Laporan/Laporan Pembayaran/Filter Search Laporan Pembayaran/Field Pencarian Siswa"), "Naufal"): Text 'Naufal' is set on object 'Object Repository/Laporan/Laporan Pembayaran/Filter Search Laporan Pembayaran/Field Pencarian Siswa'

06-01-2025T10:16:03 - [MESSAGE][PASSED] - Text 'Naufal' is set on object 'Object Repository/Laporan/Laporan Pembayaran/Filter Search Laporan Pembayaran/Field Pencarian Siswa'

06-01-2025T10:16:03 - [TEST_STEP][PASSED] - click(findTestObject("Laporan/Laporan Pembayaran/Filter Search Laporan Pembayaran/Value Rekomendasi Pencarian Siswa")): Object: 'Object Repository/Laporan/Laporan Pembayaran/Filter Search Laporan Pembayaran/Value Rekomendasi Pencarian Siswa' is clicked on

06-01-2025T10:16:34 - [MESSAGE][INFO] - Unable to find the element located by 'By.xpath: //p[@class='text-sm cursor-pointer px-3 py-2 text-left font-normal text-[#323437]']'. Please recheck the objects properties to make sure the desired element is located. 

06-01-2025T10:16:34 - [MESSAGE][WARNING] - [SELF-HEALING] Failed to find element with id 'Object Repository/Laporan/Laporan Pembayaran/Filter Search Laporan Pembayaran/Value Rekomendasi Pencarian Siswa'. Try using Self-healing.

06-01-2025T10:16:35 - [MESSAGE][WARNING] - [SELF-HEALING] The current locator of test object 'Object Repository/Laporan/Laporan Pembayaran/Filter Search Laporan Pembayaran/Value Rekomendasi Pencarian Siswa' was broken. Propose an alternative one: '(.//*[normalize-space(text()) and normalize-space(.)='Laporan Pembayaran'])[2]/following::p[17]'.

06-01-2025T10:16:35 - [MESSAGE][PASSED] - Object: 'Object Repository/Laporan/Laporan Pembayaran/Filter Search Laporan Pembayaran/Value Rekomendasi Pencarian Siswa' is clicked on

06-01-2025T10:16:35 - [TEST_STEP][PASSED] - click(findTestObject("Laporan/Laporan Pembayaran/Filter Search Laporan Pembayaran/Button Terapkan")): Object: 'Object Repository/Laporan/Laporan Pembayaran/Filter Search Laporan Pembayaran/Button Terapkan' is clicked on

06-01-2025T10:16:35 - [MESSAGE][PASSED] - Object: 'Object Repository/Laporan/Laporan Pembayaran/Filter Search Laporan Pembayaran/Button Terapkan' is clicked on

06-01-2025T10:16:35 - [MESSAGE][INFO] - 

06-01-2025T10:16:35 - [MESSAGE][INFO] - ===================== Self-healing Report ====================

06-01-2025T10:16:35 - [MESSAGE][INFO] - One of the failed test object locators has been recovered by Self-healing. Please refer to the Self-healing Insights tab for more details.

06-01-2025T10:16:35 - [MESSAGE][INFO] - To learn more about Self-healing, please read https://docs.katalon.com/katalon-studio/docs/self-healing.html

06-01-2025T10:16:35 - [MESSAGE][INFO] - ==============================================================

06-01-2025T10:16:35 - [MESSAGE][PASSED] - Call Test Case 'Test Cases/Laporan/Laporan Pembayaran/Filter Search Laporan Pembayaran' successfully

06-01-2025T10:16:35 - [TEST_STEP][PASSED] - callTestCase(findTestCase("Test Cases/Laporan/Laporan Pembayaran/Lihat Detail Laporan Pembayaran"), [:], CONTINUE_ON_FAILURE): Call Test Case 'Test Cases/Laporan/Laporan Pembayaran/Lihat Detail Laporan Pembayaran' successfully

06-01-2025T10:16:35 - [TEST_CASE][PASSED] - Test Cases/Laporan/Laporan Pembayaran/Lihat Detail Laporan Pembayaran: Test Cases/Laporan/Laporan Pembayaran/Lihat Detail Laporan Pembayaran

06-01-2025T10:16:35 - [TEST_STEP][PASSED] - openBrowser(""): Browser is opened with url: ''

06-01-2025T10:16:35 - [MESSAGE][WARNING] - A browser is already opened. Closing browser and opening a new one

06-01-2025T10:16:35 - [MESSAGE][INFO] - Starting 'Chrome' driver

06-01-2025T10:16:35 - [MESSAGE][INFO] - Action delay is set to 0 milliseconds

06-01-2025T10:16:36 - [MESSAGE][PASSED] - Browser is opened with url: ''

06-01-2025T10:16:36 - [TEST_STEP][PASSED] - navigateToUrl("https://sit.siprusedu.com/login"): Navigate to 'https://sit.siprusedu.com/login' successfully

06-01-2025T10:16:37 - [MESSAGE][PASSED] - Navigate to 'https://sit.siprusedu.com/login' successfully

06-01-2025T10:16:37 - [TEST_STEP][PASSED] - setText(findTestObject("Master Data/Admin Sekolah/Login/Field Email"), "admin.gudangsolusi@digiform.co.id"): Text 'admin.gudangsolusi@digiform.co.id' is set on object 'Object Repository/Master Data/Admin Sekolah/Login/Field Email'

06-01-2025T10:16:39 - [MESSAGE][PASSED] - Text 'admin.gudangsolusi@digiform.co.id' is set on object 'Object Repository/Master Data/Admin Sekolah/Login/Field Email'

06-01-2025T10:16:39 - [TEST_STEP][PASSED] - setText(findTestObject("Master Data/Admin Sekolah/Login/Input Password"), "Test1234"): Text 'Test1234' is set on object 'Object Repository/Master Data/Admin Sekolah/Login/Input Password'

06-01-2025T10:16:39 - [MESSAGE][PASSED] - Text 'Test1234' is set on object 'Object Repository/Master Data/Admin Sekolah/Login/Input Password'

06-01-2025T10:16:39 - [TEST_STEP][PASSED] - click(findTestObject("Master Data/Admin Sekolah/Login/Button Submit")): Object: 'Object Repository/Master Data/Admin Sekolah/Login/Button Submit' is clicked on

06-01-2025T10:16:39 - [MESSAGE][PASSED] - Object: 'Object Repository/Master Data/Admin Sekolah/Login/Button Submit' is clicked on

06-01-2025T10:16:39 - [TEST_STEP][PASSED] - click(findTestObject("Laporan/Laporan Pembayaran/Menu Laporan")): Object: 'Object Repository/Laporan/Laporan Pembayaran/Menu Laporan' is clicked on

06-01-2025T10:16:41 - [MESSAGE][PASSED] - Object: 'Object Repository/Laporan/Laporan Pembayaran/Menu Laporan' is clicked on

06-01-2025T10:16:41 - [TEST_STEP][PASSED] - click(findTestObject("Laporan/Laporan Pembayaran/Sub Menu Pembayaran")): Object: 'Object Repository/Laporan/Laporan Pembayaran/Sub Menu Pembayaran' is clicked on

06-01-2025T10:16:42 - [MESSAGE][PASSED] - Object: 'Object Repository/Laporan/Laporan Pembayaran/Sub Menu Pembayaran' is clicked on

06-01-2025T10:16:42 - [TEST_STEP][PASSED] - click(findTestObject("Laporan/Laporan Pembayaran/Lihat Detail Laporan Pembayaran/Button Lihat Detail")): Object: 'Object Repository/Laporan/Laporan Pembayaran/Lihat Detail Laporan Pembayaran/Button Lihat Detail' is clicked on

06-01-2025T10:16:46 - [MESSAGE][PASSED] - Object: 'Object Repository/Laporan/Laporan Pembayaran/Lihat Detail Laporan Pembayaran/Button Lihat Detail' is clicked on

06-01-2025T10:16:46 - [TEST_STEP][PASSED] - verifyElementVisible(findTestObject("Laporan/Laporan Pembayaran/Lihat Detail Laporan Pembayaran/Button Cetak")): Object 'Object Repository/Laporan/Laporan Pembayaran/Lihat Detail Laporan Pembayaran/Button Cetak' is visible

06-01-2025T10:16:47 - [MESSAGE][PASSED] - Object 'Object Repository/Laporan/Laporan Pembayaran/Lihat Detail Laporan Pembayaran/Button Cetak' is visible

06-01-2025T10:16:47 - [TEST_STEP][PASSED] - click(findTestObject("Laporan/Laporan Pembayaran/Lihat Detail Laporan Pembayaran/Button Cetak")): Object: 'Object Repository/Laporan/Laporan Pembayaran/Lihat Detail Laporan Pembayaran/Button Cetak' is clicked on

06-01-2025T10:16:47 - [MESSAGE][PASSED] - Object: 'Object Repository/Laporan/Laporan Pembayaran/Lihat Detail Laporan Pembayaran/Button Cetak' is clicked on

06-01-2025T10:16:47 - [TEST_STEP][PASSED] - delay(2): Delayed 2 second(s)

06-01-2025T10:16:49 - [MESSAGE][PASSED] - Delayed 2 second(s)

06-01-2025T10:16:49 - [MESSAGE][INFO] - 

06-01-2025T10:16:49 - [MESSAGE][INFO] - ===================== Self-healing Report ====================

06-01-2025T10:16:49 - [MESSAGE][INFO] - One of the failed test object locators has been recovered by Self-healing. Please refer to the Self-healing Insights tab for more details.

06-01-2025T10:16:49 - [MESSAGE][INFO] - To learn more about Self-healing, please read https://docs.katalon.com/katalon-studio/docs/self-healing.html

06-01-2025T10:16:49 - [MESSAGE][INFO] - ==============================================================

06-01-2025T10:16:49 - [MESSAGE][PASSED] - Call Test Case 'Test Cases/Laporan/Laporan Pembayaran/Lihat Detail Laporan Pembayaran' successfully

06-01-2025T10:16:49 - [TEST_STEP][PASSED] - callTestCase(findTestCase("Test Cases/Laporan/Laporan Pembayaran/Unduh Excel"), [:], CONTINUE_ON_FAILURE): Call Test Case 'Test Cases/Laporan/Laporan Pembayaran/Unduh Excel' successfully

06-01-2025T10:16:49 - [TEST_CASE][PASSED] - Test Cases/Laporan/Laporan Pembayaran/Unduh Excel: Test Cases/Laporan/Laporan Pembayaran/Unduh Excel

06-01-2025T10:16:49 - [TEST_STEP][PASSED] - openBrowser(""): Browser is opened with url: ''

06-01-2025T10:16:49 - [MESSAGE][WARNING] - A browser is already opened. Closing browser and opening a new one

06-01-2025T10:16:49 - [MESSAGE][INFO] - Starting 'Chrome' driver

06-01-2025T10:16:49 - [MESSAGE][INFO] - Action delay is set to 0 milliseconds

06-01-2025T10:16:50 - [MESSAGE][PASSED] - Browser is opened with url: ''

06-01-2025T10:16:50 - [TEST_STEP][PASSED] - navigateToUrl("https://sit.siprusedu.com/login"): Navigate to 'https://sit.siprusedu.com/login' successfully

06-01-2025T10:16:51 - [MESSAGE][PASSED] - Navigate to 'https://sit.siprusedu.com/login' successfully

06-01-2025T10:16:51 - [TEST_STEP][PASSED] - setText(findTestObject("Master Data/Admin Sekolah/Login/Field Email"), "admin.gudangsolusi@digiform.co.id"): Text 'admin.gudangsolusi@digiform.co.id' is set on object 'Object Repository/Master Data/Admin Sekolah/Login/Field Email'

06-01-2025T10:16:53 - [MESSAGE][PASSED] - Text 'admin.gudangsolusi@digiform.co.id' is set on object 'Object Repository/Master Data/Admin Sekolah/Login/Field Email'

06-01-2025T10:16:53 - [TEST_STEP][PASSED] - setText(findTestObject("Master Data/Admin Sekolah/Login/Input Password"), "Test1234"): Text 'Test1234' is set on object 'Object Repository/Master Data/Admin Sekolah/Login/Input Password'

06-01-2025T10:16:53 - [MESSAGE][PASSED] - Text 'Test1234' is set on object 'Object Repository/Master Data/Admin Sekolah/Login/Input Password'

06-01-2025T10:16:53 - [TEST_STEP][PASSED] - click(findTestObject("Master Data/Admin Sekolah/Login/Button Submit")): Object: 'Object Repository/Master Data/Admin Sekolah/Login/Button Submit' is clicked on

06-01-2025T10:16:54 - [MESSAGE][PASSED] - Object: 'Object Repository/Master Data/Admin Sekolah/Login/Button Submit' is clicked on

06-01-2025T10:16:54 - [TEST_STEP][PASSED] - click(findTestObject("Laporan/Laporan Pembayaran/Menu Laporan")): Object: 'Object Repository/Laporan/Laporan Pembayaran/Menu Laporan' is clicked on

06-01-2025T10:16:55 - [MESSAGE][PASSED] - Object: 'Object Repository/Laporan/Laporan Pembayaran/Menu Laporan' is clicked on

06-01-2025T10:16:55 - [TEST_STEP][PASSED] - click(findTestObject("Laporan/Laporan Pembayaran/Sub Menu Pembayaran")): Object: 'Object Repository/Laporan/Laporan Pembayaran/Sub Menu Pembayaran' is clicked on

06-01-2025T10:16:56 - [MESSAGE][PASSED] - Object: 'Object Repository/Laporan/Laporan Pembayaran/Sub Menu Pembayaran' is clicked on

06-01-2025T10:16:56 - [TEST_STEP][PASSED] - click(findTestObject("Laporan/Laporan Pembayaran/Unduh Excel/Button Unduh Excel")): Object: 'Object Repository/Laporan/Laporan Pembayaran/Unduh Excel/Button Unduh Excel' is clicked on

06-01-2025T10:16:58 - [MESSAGE][PASSED] - Object: 'Object Repository/Laporan/Laporan Pembayaran/Unduh Excel/Button Unduh Excel' is clicked on

06-01-2025T10:16:58 - [TEST_STEP][PASSED] - delay(2): Delayed 2 second(s)

06-01-2025T10:17:00 - [MESSAGE][PASSED] - Delayed 2 second(s)

06-01-2025T10:17:00 - [MESSAGE][INFO] - 

06-01-2025T10:17:00 - [MESSAGE][INFO] - ===================== Self-healing Report ====================

06-01-2025T10:17:00 - [MESSAGE][INFO] - One of the failed test object locators has been recovered by Self-healing. Please refer to the Self-healing Insights tab for more details.

06-01-2025T10:17:00 - [MESSAGE][INFO] - To learn more about Self-healing, please read https://docs.katalon.com/katalon-studio/docs/self-healing.html

06-01-2025T10:17:00 - [MESSAGE][INFO] - ==============================================================

06-01-2025T10:17:00 - [MESSAGE][PASSED] - Call Test Case 'Test Cases/Laporan/Laporan Pembayaran/Unduh Excel' successfully

06-01-2025T10:17:00 - [TEST_STEP][PASSED] - println("============================= Loop Again ==============================="): null

06-01-2025T10:17:00 - [TEST_STEP][PASSED] - callTestCase(findTestCase("Test Cases/Laporan/Admin Sekolah/Filter dan Search Laporan Tagihan"), [:], CONTINUE_ON_FAILURE): Call Test Case 'Test Cases/Laporan/Admin Sekolah/Filter dan Search Laporan Tagihan' successfully

06-01-2025T10:17:00 - [TEST_CASE][PASSED] - Test Cases/Laporan/Admin Sekolah/Filter dan Search Laporan Tagihan: Test Cases/Laporan/Admin Sekolah/Filter dan Search Laporan Tagihan

06-01-2025T10:17:00 - [TEST_STEP][PASSED] - openBrowser("", CONTINUE_ON_FAILURE): Browser is opened with url: ''

06-01-2025T10:17:00 - [MESSAGE][WARNING] - A browser is already opened. Closing browser and opening a new one

06-01-2025T10:17:00 - [MESSAGE][INFO] - Starting 'Chrome' driver

06-01-2025T10:17:00 - [MESSAGE][INFO] - Action delay is set to 0 milliseconds

06-01-2025T10:17:01 - [MESSAGE][PASSED] - Browser is opened with url: ''

06-01-2025T10:17:01 - [TEST_STEP][PASSED] - navigateToUrl("https://sit.siprusedu.com/login", CONTINUE_ON_FAILURE): Navigate to 'https://sit.siprusedu.com/login' successfully

06-01-2025T10:17:01 - [MESSAGE][PASSED] - Navigate to 'https://sit.siprusedu.com/login' successfully

06-01-2025T10:17:01 - [TEST_STEP][PASSED] - setText(findTestObject("Master Data/Admin Sekolah/Login/Field Email"), "admin.gudangsolusi@digiform.co.id", CONTINUE_ON_FAILURE): Text 'admin.gudangsolusi@digiform.co.id' is set on object 'Object Repository/Master Data/Admin Sekolah/Login/Field Email'

06-01-2025T10:17:03 - [MESSAGE][PASSED] - Text 'admin.gudangsolusi@digiform.co.id' is set on object 'Object Repository/Master Data/Admin Sekolah/Login/Field Email'

06-01-2025T10:17:03 - [TEST_STEP][PASSED] - setText(findTestObject("Master Data/Admin Sekolah/Login/Input Password"), "Test1234", CONTINUE_ON_FAILURE): Text 'Test1234' is set on object 'Object Repository/Master Data/Admin Sekolah/Login/Input Password'

06-01-2025T10:17:04 - [MESSAGE][PASSED] - Text 'Test1234' is set on object 'Object Repository/Master Data/Admin Sekolah/Login/Input Password'

06-01-2025T10:17:04 - [TEST_STEP][PASSED] - click(findTestObject("Master Data/Admin Sekolah/Login/Button Submit"), CONTINUE_ON_FAILURE): Object: 'Object Repository/Master Data/Admin Sekolah/Login/Button Submit' is clicked on

06-01-2025T10:17:04 - [MESSAGE][PASSED] - Object: 'Object Repository/Master Data/Admin Sekolah/Login/Button Submit' is clicked on

06-01-2025T10:17:04 - [TEST_STEP][PASSED] - click(findTestObject("Laporan/Filter dan Search Laporan Tagihan/Menu Laporan")): Object: 'Object Repository/Laporan/Filter dan Search Laporan Tagihan/Menu Laporan' is clicked on

06-01-2025T10:17:06 - [MESSAGE][PASSED] - Object: 'Object Repository/Laporan/Filter dan Search Laporan Tagihan/Menu Laporan' is clicked on

06-01-2025T10:17:06 - [TEST_STEP][PASSED] - click(findTestObject("Laporan/Filter dan Search Laporan Tagihan/Submenu Tagihan")): Object: 'Object Repository/Laporan/Filter dan Search Laporan Tagihan/Submenu Tagihan' is clicked on

06-01-2025T10:17:06 - [MESSAGE][PASSED] - Object: 'Object Repository/Laporan/Filter dan Search Laporan Tagihan/Submenu Tagihan' is clicked on

06-01-2025T10:17:06 - [TEST_STEP][PASSED] - click(findTestObject("Laporan/Filter dan Search Laporan Tagihan/Klik Filter Status")): Object: 'Object Repository/Laporan/Filter dan Search Laporan Tagihan/Klik Filter Status' is clicked on

06-01-2025T10:17:08 - [MESSAGE][PASSED] - Object: 'Object Repository/Laporan/Filter dan Search Laporan Tagihan/Klik Filter Status' is clicked on

06-01-2025T10:17:08 - [TEST_STEP][PASSED] - click(findTestObject("Laporan/Filter dan Search Laporan Tagihan/Status Lunas")): Object: 'Object Repository/Laporan/Filter dan Search Laporan Tagihan/Status Lunas' is clicked on

06-01-2025T10:17:08 - [MESSAGE][PASSED] - Object: 'Object Repository/Laporan/Filter dan Search Laporan Tagihan/Status Lunas' is clicked on

06-01-2025T10:17:08 - [TEST_STEP][PASSED] - click(findTestObject("Laporan/Filter dan Search Laporan Tagihan/Button Terapkan")): Object: 'Object Repository/Laporan/Filter dan Search Laporan Tagihan/Button Terapkan' is clicked on

06-01-2025T10:17:09 - [MESSAGE][PASSED] - Object: 'Object Repository/Laporan/Filter dan Search Laporan Tagihan/Button Terapkan' is clicked on

06-01-2025T10:17:09 - [TEST_STEP][PASSED] - delay(3): Delayed 3 second(s)

06-01-2025T10:17:12 - [MESSAGE][PASSED] - Delayed 3 second(s)

06-01-2025T10:17:12 - [TEST_STEP][PASSED] - click(findTestObject("Laporan/Filter dan Search Laporan Tagihan/Button Reset")): Object: 'Object Repository/Laporan/Filter dan Search Laporan Tagihan/Button Reset' is clicked on

06-01-2025T10:17:12 - [MESSAGE][PASSED] - Object: 'Object Repository/Laporan/Filter dan Search Laporan Tagihan/Button Reset' is clicked on

06-01-2025T10:17:12 - [TEST_STEP][PASSED] - click(findTestObject("Laporan/Filter dan Search Laporan Tagihan/Pencarian Siswa")): Object: 'Object Repository/Laporan/Filter dan Search Laporan Tagihan/Pencarian Siswa' is clicked on

06-01-2025T10:17:13 - [MESSAGE][PASSED] - Object: 'Object Repository/Laporan/Filter dan Search Laporan Tagihan/Pencarian Siswa' is clicked on

06-01-2025T10:17:13 - [TEST_STEP][PASSED] - setText(findTestObject("Laporan/Filter dan Search Laporan Tagihan/Pencarian Siswa"), "Dil"): Text 'Dil' is set on object 'Object Repository/Laporan/Filter dan Search Laporan Tagihan/Pencarian Siswa'

06-01-2025T10:17:13 - [MESSAGE][PASSED] - Text 'Dil' is set on object 'Object Repository/Laporan/Filter dan Search Laporan Tagihan/Pencarian Siswa'

06-01-2025T10:17:13 - [TEST_STEP][PASSED] - click(findTestObject("Laporan/Filter dan Search Laporan Tagihan/Siswa Rezaldy")): Object: 'Object Repository/Laporan/Filter dan Search Laporan Tagihan/Siswa Rezaldy' is clicked on

06-01-2025T10:17:15 - [MESSAGE][PASSED] - Object: 'Object Repository/Laporan/Filter dan Search Laporan Tagihan/Siswa Rezaldy' is clicked on

06-01-2025T10:17:15 - [TEST_STEP][PASSED] - click(findTestObject("Laporan/Filter dan Search Laporan Tagihan/Button Terapkan")): Object: 'Object Repository/Laporan/Filter dan Search Laporan Tagihan/Button Terapkan' is clicked on

06-01-2025T10:17:15 - [MESSAGE][PASSED] - Object: 'Object Repository/Laporan/Filter dan Search Laporan Tagihan/Button Terapkan' is clicked on

06-01-2025T10:17:15 - [MESSAGE][INFO] - 

06-01-2025T10:17:15 - [MESSAGE][INFO] - ===================== Self-healing Report ====================

06-01-2025T10:17:15 - [MESSAGE][INFO] - One of the failed test object locators has been recovered by Self-healing. Please refer to the Self-healing Insights tab for more details.

06-01-2025T10:17:15 - [MESSAGE][INFO] - To learn more about Self-healing, please read https://docs.katalon.com/katalon-studio/docs/self-healing.html

06-01-2025T10:17:15 - [MESSAGE][INFO] - ==============================================================

06-01-2025T10:17:15 - [MESSAGE][PASSED] - Call Test Case 'Test Cases/Laporan/Admin Sekolah/Filter dan Search Laporan Tagihan' successfully

06-01-2025T10:17:15 - [TEST_STEP][PASSED] - callTestCase(findTestCase("Test Cases/Laporan/Admin Sekolah/Unduh Excel"), [:], CONTINUE_ON_FAILURE): Call Test Case 'Test Cases/Laporan/Admin Sekolah/Unduh Excel' successfully

06-01-2025T10:17:15 - [TEST_CASE][PASSED] - Test Cases/Laporan/Admin Sekolah/Unduh Excel: Test Cases/Laporan/Admin Sekolah/Unduh Excel

06-01-2025T10:17:15 - [TEST_STEP][PASSED] - openBrowser("", CONTINUE_ON_FAILURE): Browser is opened with url: ''

06-01-2025T10:17:15 - [MESSAGE][WARNING] - A browser is already opened. Closing browser and opening a new one

06-01-2025T10:17:16 - [MESSAGE][INFO] - Starting 'Chrome' driver

06-01-2025T10:17:16 - [MESSAGE][INFO] - Action delay is set to 0 milliseconds

06-01-2025T10:17:16 - [MESSAGE][PASSED] - Browser is opened with url: ''

06-01-2025T10:17:16 - [TEST_STEP][PASSED] - navigateToUrl("https://sit.siprusedu.com/login", CONTINUE_ON_FAILURE): Navigate to 'https://sit.siprusedu.com/login' successfully

06-01-2025T10:17:17 - [MESSAGE][PASSED] - Navigate to 'https://sit.siprusedu.com/login' successfully

06-01-2025T10:17:17 - [TEST_STEP][PASSED] - setText(findTestObject("Master Data/Admin Sekolah/Login/Field Email"), "admin.gudangsolusi@digiform.co.id", CONTINUE_ON_FAILURE): Text 'admin.gudangsolusi@digiform.co.id' is set on object 'Object Repository/Master Data/Admin Sekolah/Login/Field Email'

06-01-2025T10:17:19 - [MESSAGE][PASSED] - Text 'admin.gudangsolusi@digiform.co.id' is set on object 'Object Repository/Master Data/Admin Sekolah/Login/Field Email'

06-01-2025T10:17:19 - [TEST_STEP][PASSED] - setText(findTestObject("Master Data/Admin Sekolah/Login/Input Password"), "Test1234", CONTINUE_ON_FAILURE): Text 'Test1234' is set on object 'Object Repository/Master Data/Admin Sekolah/Login/Input Password'

06-01-2025T10:17:19 - [MESSAGE][PASSED] - Text 'Test1234' is set on object 'Object Repository/Master Data/Admin Sekolah/Login/Input Password'

06-01-2025T10:17:19 - [TEST_STEP][PASSED] - click(findTestObject("Master Data/Admin Sekolah/Login/Button Submit"), CONTINUE_ON_FAILURE): Object: 'Object Repository/Master Data/Admin Sekolah/Login/Button Submit' is clicked on

06-01-2025T10:17:20 - [MESSAGE][PASSED] - Object: 'Object Repository/Master Data/Admin Sekolah/Login/Button Submit' is clicked on

06-01-2025T10:17:20 - [TEST_STEP][PASSED] - click(findTestObject("Laporan/Filter dan Search Laporan Tagihan/Menu Laporan")): Object: 'Object Repository/Laporan/Filter dan Search Laporan Tagihan/Menu Laporan' is clicked on

06-01-2025T10:17:22 - [MESSAGE][PASSED] - Object: 'Object Repository/Laporan/Filter dan Search Laporan Tagihan/Menu Laporan' is clicked on

06-01-2025T10:17:22 - [TEST_STEP][PASSED] - click(findTestObject("Laporan/Filter dan Search Laporan Tagihan/Submenu Tagihan")): Object: 'Object Repository/Laporan/Filter dan Search Laporan Tagihan/Submenu Tagihan' is clicked on

06-01-2025T10:17:22 - [MESSAGE][PASSED] - Object: 'Object Repository/Laporan/Filter dan Search Laporan Tagihan/Submenu Tagihan' is clicked on

06-01-2025T10:17:22 - [TEST_STEP][PASSED] - click(findTestObject("Laporan/Unduh Excel/Unduh Excel")): Object: 'Object Repository/Laporan/Unduh Excel/Unduh Excel' is clicked on

06-01-2025T10:17:23 - [MESSAGE][PASSED] - Object: 'Object Repository/Laporan/Unduh Excel/Unduh Excel' is clicked on

06-01-2025T10:17:23 - [MESSAGE][INFO] - 

06-01-2025T10:17:23 - [MESSAGE][INFO] - ===================== Self-healing Report ====================

06-01-2025T10:17:23 - [MESSAGE][INFO] - One of the failed test object locators has been recovered by Self-healing. Please refer to the Self-healing Insights tab for more details.

06-01-2025T10:17:23 - [MESSAGE][INFO] - To learn more about Self-healing, please read https://docs.katalon.com/katalon-studio/docs/self-healing.html

06-01-2025T10:17:23 - [MESSAGE][INFO] - ==============================================================

06-01-2025T10:17:23 - [MESSAGE][PASSED] - Call Test Case 'Test Cases/Laporan/Admin Sekolah/Unduh Excel' successfully

06-01-2025T10:17:23 - [TEST_STEP][PASSED] - callTestCase(findTestCase("Test Cases/Laporan/Laporan Pembayaran/Filter Search Laporan Pembayaran"), [:], CONTINUE_ON_FAILURE): Call Test Case 'Test Cases/Laporan/Laporan Pembayaran/Filter Search Laporan Pembayaran' successfully

06-01-2025T10:17:23 - [TEST_CASE][PASSED] - Test Cases/Laporan/Laporan Pembayaran/Filter Search Laporan Pembayaran: Test Cases/Laporan/Laporan Pembayaran/Filter Search Laporan Pembayaran

06-01-2025T10:17:23 - [TEST_STEP][PASSED] - openBrowser(""): Browser is opened with url: ''

06-01-2025T10:17:23 - [MESSAGE][WARNING] - A browser is already opened. Closing browser and opening a new one

06-01-2025T10:17:23 - [MESSAGE][INFO] - Starting 'Chrome' driver

06-01-2025T10:17:23 - [MESSAGE][INFO] - Action delay is set to 0 milliseconds

06-01-2025T10:17:24 - [MESSAGE][PASSED] - Browser is opened with url: ''

06-01-2025T10:17:24 - [TEST_STEP][PASSED] - navigateToUrl("https://sit.siprusedu.com/login"): Navigate to 'https://sit.siprusedu.com/login' successfully

06-01-2025T10:17:25 - [MESSAGE][PASSED] - Navigate to 'https://sit.siprusedu.com/login' successfully

06-01-2025T10:17:25 - [TEST_STEP][PASSED] - setText(findTestObject("Master Data/Admin Sekolah/Login/Field Email"), "admin.gudangsolusi@digiform.co.id"): Text 'admin.gudangsolusi@digiform.co.id' is set on object 'Object Repository/Master Data/Admin Sekolah/Login/Field Email'

06-01-2025T10:17:26 - [MESSAGE][PASSED] - Text 'admin.gudangsolusi@digiform.co.id' is set on object 'Object Repository/Master Data/Admin Sekolah/Login/Field Email'

06-01-2025T10:17:26 - [TEST_STEP][PASSED] - setText(findTestObject("Master Data/Admin Sekolah/Login/Input Password"), "Test1234"): Text 'Test1234' is set on object 'Object Repository/Master Data/Admin Sekolah/Login/Input Password'

06-01-2025T10:17:27 - [MESSAGE][PASSED] - Text 'Test1234' is set on object 'Object Repository/Master Data/Admin Sekolah/Login/Input Password'

06-01-2025T10:17:27 - [TEST_STEP][PASSED] - click(findTestObject("Master Data/Admin Sekolah/Login/Button Submit")): Object: 'Object Repository/Master Data/Admin Sekolah/Login/Button Submit' is clicked on

06-01-2025T10:17:27 - [MESSAGE][PASSED] - Object: 'Object Repository/Master Data/Admin Sekolah/Login/Button Submit' is clicked on

06-01-2025T10:17:27 - [TEST_STEP][PASSED] - click(findTestObject("Laporan/Laporan Pembayaran/Menu Laporan")): Object: 'Object Repository/Laporan/Laporan Pembayaran/Menu Laporan' is clicked on

06-01-2025T10:17:29 - [MESSAGE][PASSED] - Object: 'Object Repository/Laporan/Laporan Pembayaran/Menu Laporan' is clicked on

06-01-2025T10:17:29 - [TEST_STEP][PASSED] - click(findTestObject("Laporan/Laporan Pembayaran/Sub Menu Pembayaran")): Object: 'Object Repository/Laporan/Laporan Pembayaran/Sub Menu Pembayaran' is clicked on

06-01-2025T10:17:48 - [MESSAGE][PASSED] - Object: 'Object Repository/Laporan/Laporan Pembayaran/Sub Menu Pembayaran' is clicked on

06-01-2025T10:17:48 - [TEST_STEP][PASSED] - click(findTestObject("Laporan/Laporan Pembayaran/Filter Search Laporan Pembayaran/Dropdown Kelas")): Object: 'Object Repository/Laporan/Laporan Pembayaran/Filter Search Laporan Pembayaran/Dropdown Kelas' is clicked on

06-01-2025T10:17:49 - [MESSAGE][PASSED] - Object: 'Object Repository/Laporan/Laporan Pembayaran/Filter Search Laporan Pembayaran/Dropdown Kelas' is clicked on

06-01-2025T10:17:49 - [TEST_STEP][PASSED] - click(findTestObject("Laporan/Laporan Pembayaran/Filter Search Laporan Pembayaran/Field Pencarian Kelas")): Object: 'Object Repository/Laporan/Laporan Pembayaran/Filter Search Laporan Pembayaran/Field Pencarian Kelas' is clicked on

06-01-2025T10:17:50 - [MESSAGE][PASSED] - Object: 'Object Repository/Laporan/Laporan Pembayaran/Filter Search Laporan Pembayaran/Field Pencarian Kelas' is clicked on

06-01-2025T10:17:50 - [TEST_STEP][PASSED] - setText(findTestObject("Laporan/Laporan Pembayaran/Filter Search Laporan Pembayaran/Field Pencarian Kelas"), "XII IPS"): Text 'XII IPS' is set on object 'Object Repository/Laporan/Laporan Pembayaran/Filter Search Laporan Pembayaran/Field Pencarian Kelas'

06-01-2025T10:17:50 - [MESSAGE][PASSED] - Text 'XII IPS' is set on object 'Object Repository/Laporan/Laporan Pembayaran/Filter Search Laporan Pembayaran/Field Pencarian Kelas'

06-01-2025T10:17:50 - [TEST_STEP][PASSED] - verifyElementVisible(findTestObject("Laporan/Laporan Pembayaran/Filter Search Laporan Pembayaran/Value Dropdown Kelas XII IPS 2"), STOP_ON_FAILURE): Object 'Object Repository/Laporan/Laporan Pembayaran/Filter Search Laporan Pembayaran/Value Dropdown Kelas XII IPS 2' is visible

06-01-2025T10:17:50 - [MESSAGE][PASSED] - Object 'Object Repository/Laporan/Laporan Pembayaran/Filter Search Laporan Pembayaran/Value Dropdown Kelas XII IPS 2' is visible

06-01-2025T10:17:50 - [TEST_STEP][PASSED] - click(findTestObject("Laporan/Laporan Pembayaran/Filter Search Laporan Pembayaran/Value Dropdown Kelas XII IPS 2")): Object: 'Object Repository/Laporan/Laporan Pembayaran/Filter Search Laporan Pembayaran/Value Dropdown Kelas XII IPS 2' is clicked on

06-01-2025T10:17:51 - [MESSAGE][PASSED] - Object: 'Object Repository/Laporan/Laporan Pembayaran/Filter Search Laporan Pembayaran/Value Dropdown Kelas XII IPS 2' is clicked on

06-01-2025T10:17:51 - [TEST_STEP][PASSED] - click(findTestObject("Laporan/Laporan Pembayaran/Filter Search Laporan Pembayaran/Dropdown Metode Pembayaran")): Object: 'Object Repository/Laporan/Laporan Pembayaran/Filter Search Laporan Pembayaran/Dropdown Metode Pembayaran' is clicked on

06-01-2025T10:17:51 - [MESSAGE][PASSED] - Object: 'Object Repository/Laporan/Laporan Pembayaran/Filter Search Laporan Pembayaran/Dropdown Metode Pembayaran' is clicked on

06-01-2025T10:17:51 - [TEST_STEP][PASSED] - click(findTestObject("Laporan/Laporan Pembayaran/Filter Search Laporan Pembayaran/Value Metode Pembayaran Kasir")): Object: 'Object Repository/Laporan/Laporan Pembayaran/Filter Search Laporan Pembayaran/Value Metode Pembayaran Kasir' is clicked on

06-01-2025T10:17:52 - [MESSAGE][PASSED] - Object: 'Object Repository/Laporan/Laporan Pembayaran/Filter Search Laporan Pembayaran/Value Metode Pembayaran Kasir' is clicked on

06-01-2025T10:17:52 - [TEST_STEP][PASSED] - click(findTestObject("Laporan/Laporan Pembayaran/Filter Search Laporan Pembayaran/Dropdown Status")): Object: 'Object Repository/Laporan/Laporan Pembayaran/Filter Search Laporan Pembayaran/Dropdown Status' is clicked on

06-01-2025T10:17:52 - [MESSAGE][PASSED] - Object: 'Object Repository/Laporan/Laporan Pembayaran/Filter Search Laporan Pembayaran/Dropdown Status' is clicked on

06-01-2025T10:17:52 - [TEST_STEP][PASSED] - click(findTestObject("Laporan/Laporan Pembayaran/Filter Search Laporan Pembayaran/Value Status Lunas")): Object: 'Object Repository/Laporan/Laporan Pembayaran/Filter Search Laporan Pembayaran/Value Status Lunas' is clicked on

06-01-2025T10:17:53 - [MESSAGE][PASSED] - Object: 'Object Repository/Laporan/Laporan Pembayaran/Filter Search Laporan Pembayaran/Value Status Lunas' is clicked on

06-01-2025T10:17:53 - [TEST_STEP][PASSED] - delay(2): Delayed 2 second(s)

06-01-2025T10:17:55 - [MESSAGE][PASSED] - Delayed 2 second(s)

06-01-2025T10:17:55 - [TEST_STEP][PASSED] - click(findTestObject("Laporan/Laporan Pembayaran/Filter Search Laporan Pembayaran/Button Terapkan")): Object: 'Object Repository/Laporan/Laporan Pembayaran/Filter Search Laporan Pembayaran/Button Terapkan' is clicked on

06-01-2025T10:17:55 - [MESSAGE][PASSED] - Object: 'Object Repository/Laporan/Laporan Pembayaran/Filter Search Laporan Pembayaran/Button Terapkan' is clicked on

06-01-2025T10:17:55 - [TEST_STEP][PASSED] - delay(2): Delayed 2 second(s)

06-01-2025T10:17:57 - [MESSAGE][PASSED] - Delayed 2 second(s)

06-01-2025T10:17:57 - [TEST_STEP][PASSED] - click(findTestObject("Laporan/Laporan Pembayaran/Filter Search Laporan Pembayaran/Button Reset")): Object: 'Object Repository/Laporan/Laporan Pembayaran/Filter Search Laporan Pembayaran/Button Reset' is clicked on

06-01-2025T10:17:57 - [MESSAGE][PASSED] - Object: 'Object Repository/Laporan/Laporan Pembayaran/Filter Search Laporan Pembayaran/Button Reset' is clicked on

06-01-2025T10:17:57 - [TEST_STEP][PASSED] - click(findTestObject("Laporan/Laporan Pembayaran/Filter Search Laporan Pembayaran/Field Pencarian Siswa")): Object: 'Object Repository/Laporan/Laporan Pembayaran/Filter Search Laporan Pembayaran/Field Pencarian Siswa' is clicked on

06-01-2025T10:17:57 - [MESSAGE][PASSED] - Object: 'Object Repository/Laporan/Laporan Pembayaran/Filter Search Laporan Pembayaran/Field Pencarian Siswa' is clicked on

06-01-2025T10:17:57 - [TEST_STEP][PASSED] - setText(findTestObject("Laporan/Laporan Pembayaran/Filter Search Laporan Pembayaran/Field Pencarian Siswa"), "Naufal"): Text 'Naufal' is set on object 'Object Repository/Laporan/Laporan Pembayaran/Filter Search Laporan Pembayaran/Field Pencarian Siswa'

06-01-2025T10:17:58 - [MESSAGE][PASSED] - Text 'Naufal' is set on object 'Object Repository/Laporan/Laporan Pembayaran/Filter Search Laporan Pembayaran/Field Pencarian Siswa'

06-01-2025T10:17:58 - [TEST_STEP][PASSED] - click(findTestObject("Laporan/Laporan Pembayaran/Filter Search Laporan Pembayaran/Value Rekomendasi Pencarian Siswa")): Object: 'Object Repository/Laporan/Laporan Pembayaran/Filter Search Laporan Pembayaran/Value Rekomendasi Pencarian Siswa' is clicked on

06-01-2025T10:18:29 - [MESSAGE][INFO] - Unable to find the element located by 'By.xpath: //p[@class='text-sm cursor-pointer px-3 py-2 text-left font-normal text-[#323437]']'. Please recheck the objects properties to make sure the desired element is located. 

06-01-2025T10:18:29 - [MESSAGE][WARNING] - [SELF-HEALING] Failed to find element with id 'Object Repository/Laporan/Laporan Pembayaran/Filter Search Laporan Pembayaran/Value Rekomendasi Pencarian Siswa'. Try using Self-healing.

06-01-2025T10:18:29 - [MESSAGE][WARNING] - [SELF-HEALING] The current locator of test object 'Object Repository/Laporan/Laporan Pembayaran/Filter Search Laporan Pembayaran/Value Rekomendasi Pencarian Siswa' was broken. Propose an alternative one: '(.//*[normalize-space(text()) and normalize-space(.)='Laporan Pembayaran'])[2]/following::p[17]'.

06-01-2025T10:18:29 - [MESSAGE][PASSED] - Object: 'Object Repository/Laporan/Laporan Pembayaran/Filter Search Laporan Pembayaran/Value Rekomendasi Pencarian Siswa' is clicked on

06-01-2025T10:18:29 - [TEST_STEP][PASSED] - click(findTestObject("Laporan/Laporan Pembayaran/Filter Search Laporan Pembayaran/Button Terapkan")): Object: 'Object Repository/Laporan/Laporan Pembayaran/Filter Search Laporan Pembayaran/Button Terapkan' is clicked on

06-01-2025T10:18:30 - [MESSAGE][PASSED] - Object: 'Object Repository/Laporan/Laporan Pembayaran/Filter Search Laporan Pembayaran/Button Terapkan' is clicked on

06-01-2025T10:18:30 - [MESSAGE][INFO] - 

06-01-2025T10:18:30 - [MESSAGE][INFO] - ===================== Self-healing Report ====================

06-01-2025T10:18:30 - [MESSAGE][INFO] - One of the failed test object locators has been recovered by Self-healing. Please refer to the Self-healing Insights tab for more details.

06-01-2025T10:18:30 - [MESSAGE][INFO] - To learn more about Self-healing, please read https://docs.katalon.com/katalon-studio/docs/self-healing.html

06-01-2025T10:18:30 - [MESSAGE][INFO] - ==============================================================

06-01-2025T10:18:30 - [MESSAGE][PASSED] - Call Test Case 'Test Cases/Laporan/Laporan Pembayaran/Filter Search Laporan Pembayaran' successfully

06-01-2025T10:18:30 - [TEST_STEP][PASSED] - callTestCase(findTestCase("Test Cases/Laporan/Laporan Pembayaran/Lihat Detail Laporan Pembayaran"), [:], CONTINUE_ON_FAILURE): Call Test Case 'Test Cases/Laporan/Laporan Pembayaran/Lihat Detail Laporan Pembayaran' successfully

06-01-2025T10:18:30 - [TEST_CASE][PASSED] - Test Cases/Laporan/Laporan Pembayaran/Lihat Detail Laporan Pembayaran: Test Cases/Laporan/Laporan Pembayaran/Lihat Detail Laporan Pembayaran

06-01-2025T10:18:30 - [TEST_STEP][PASSED] - openBrowser(""): Browser is opened with url: ''

06-01-2025T10:18:30 - [MESSAGE][WARNING] - A browser is already opened. Closing browser and opening a new one

06-01-2025T10:18:30 - [MESSAGE][INFO] - Starting 'Chrome' driver

06-01-2025T10:18:30 - [MESSAGE][INFO] - Action delay is set to 0 milliseconds

06-01-2025T10:18:31 - [MESSAGE][PASSED] - Browser is opened with url: ''

06-01-2025T10:18:31 - [TEST_STEP][PASSED] - navigateToUrl("https://sit.siprusedu.com/login"): Navigate to 'https://sit.siprusedu.com/login' successfully

06-01-2025T10:18:31 - [MESSAGE][PASSED] - Navigate to 'https://sit.siprusedu.com/login' successfully

06-01-2025T10:18:31 - [TEST_STEP][PASSED] - setText(findTestObject("Master Data/Admin Sekolah/Login/Field Email"), "admin.gudangsolusi@digiform.co.id"): Text 'admin.gudangsolusi@digiform.co.id' is set on object 'Object Repository/Master Data/Admin Sekolah/Login/Field Email'

06-01-2025T10:18:34 - [MESSAGE][PASSED] - Text 'admin.gudangsolusi@digiform.co.id' is set on object 'Object Repository/Master Data/Admin Sekolah/Login/Field Email'

06-01-2025T10:18:34 - [TEST_STEP][PASSED] - setText(findTestObject("Master Data/Admin Sekolah/Login/Input Password"), "Test1234"): Text 'Test1234' is set on object 'Object Repository/Master Data/Admin Sekolah/Login/Input Password'

06-01-2025T10:18:34 - [MESSAGE][PASSED] - Text 'Test1234' is set on object 'Object Repository/Master Data/Admin Sekolah/Login/Input Password'

06-01-2025T10:18:34 - [TEST_STEP][PASSED] - click(findTestObject("Master Data/Admin Sekolah/Login/Button Submit")): Object: 'Object Repository/Master Data/Admin Sekolah/Login/Button Submit' is clicked on

06-01-2025T10:18:35 - [MESSAGE][PASSED] - Object: 'Object Repository/Master Data/Admin Sekolah/Login/Button Submit' is clicked on

06-01-2025T10:18:35 - [TEST_STEP][PASSED] - click(findTestObject("Laporan/Laporan Pembayaran/Menu Laporan")): Object: 'Object Repository/Laporan/Laporan Pembayaran/Menu Laporan' is clicked on

06-01-2025T10:18:36 - [MESSAGE][PASSED] - Object: 'Object Repository/Laporan/Laporan Pembayaran/Menu Laporan' is clicked on

06-01-2025T10:18:36 - [TEST_STEP][PASSED] - click(findTestObject("Laporan/Laporan Pembayaran/Sub Menu Pembayaran")): Object: 'Object Repository/Laporan/Laporan Pembayaran/Sub Menu Pembayaran' is clicked on

06-01-2025T10:18:37 - [MESSAGE][PASSED] - Object: 'Object Repository/Laporan/Laporan Pembayaran/Sub Menu Pembayaran' is clicked on

06-01-2025T10:18:37 - [TEST_STEP][PASSED] - click(findTestObject("Laporan/Laporan Pembayaran/Lihat Detail Laporan Pembayaran/Button Lihat Detail")): Object: 'Object Repository/Laporan/Laporan Pembayaran/Lihat Detail Laporan Pembayaran/Button Lihat Detail' is clicked on

06-01-2025T10:18:38 - [MESSAGE][PASSED] - Object: 'Object Repository/Laporan/Laporan Pembayaran/Lihat Detail Laporan Pembayaran/Button Lihat Detail' is clicked on

06-01-2025T10:18:38 - [TEST_STEP][PASSED] - verifyElementVisible(findTestObject("Laporan/Laporan Pembayaran/Lihat Detail Laporan Pembayaran/Button Cetak")): Object 'Object Repository/Laporan/Laporan Pembayaran/Lihat Detail Laporan Pembayaran/Button Cetak' is visible

06-01-2025T10:18:39 - [MESSAGE][PASSED] - Object 'Object Repository/Laporan/Laporan Pembayaran/Lihat Detail Laporan Pembayaran/Button Cetak' is visible

06-01-2025T10:18:39 - [TEST_STEP][PASSED] - click(findTestObject("Laporan/Laporan Pembayaran/Lihat Detail Laporan Pembayaran/Button Cetak")): Object: 'Object Repository/Laporan/Laporan Pembayaran/Lihat Detail Laporan Pembayaran/Button Cetak' is clicked on

06-01-2025T10:18:39 - [MESSAGE][PASSED] - Object: 'Object Repository/Laporan/Laporan Pembayaran/Lihat Detail Laporan Pembayaran/Button Cetak' is clicked on

06-01-2025T10:18:39 - [TEST_STEP][PASSED] - delay(2): Delayed 2 second(s)

06-01-2025T10:18:41 - [MESSAGE][PASSED] - Delayed 2 second(s)

06-01-2025T10:18:41 - [MESSAGE][INFO] - 

06-01-2025T10:18:41 - [MESSAGE][INFO] - ===================== Self-healing Report ====================

06-01-2025T10:18:41 - [MESSAGE][INFO] - One of the failed test object locators has been recovered by Self-healing. Please refer to the Self-healing Insights tab for more details.

06-01-2025T10:18:41 - [MESSAGE][INFO] - To learn more about Self-healing, please read https://docs.katalon.com/katalon-studio/docs/self-healing.html

06-01-2025T10:18:41 - [MESSAGE][INFO] - ==============================================================

06-01-2025T10:18:41 - [MESSAGE][PASSED] - Call Test Case 'Test Cases/Laporan/Laporan Pembayaran/Lihat Detail Laporan Pembayaran' successfully

06-01-2025T10:18:41 - [TEST_STEP][PASSED] - callTestCase(findTestCase("Test Cases/Laporan/Laporan Pembayaran/Unduh Excel"), [:], CONTINUE_ON_FAILURE): Call Test Case 'Test Cases/Laporan/Laporan Pembayaran/Unduh Excel' successfully

06-01-2025T10:18:41 - [TEST_CASE][PASSED] - Test Cases/Laporan/Laporan Pembayaran/Unduh Excel: Test Cases/Laporan/Laporan Pembayaran/Unduh Excel

06-01-2025T10:18:41 - [TEST_STEP][PASSED] - openBrowser(""): Browser is opened with url: ''

06-01-2025T10:18:41 - [MESSAGE][WARNING] - A browser is already opened. Closing browser and opening a new one

06-01-2025T10:18:41 - [MESSAGE][INFO] - Starting 'Chrome' driver

06-01-2025T10:18:41 - [MESSAGE][INFO] - Action delay is set to 0 milliseconds

06-01-2025T10:18:42 - [MESSAGE][PASSED] - Browser is opened with url: ''

06-01-2025T10:18:42 - [TEST_STEP][PASSED] - navigateToUrl("https://sit.siprusedu.com/login"): Navigate to 'https://sit.siprusedu.com/login' successfully

06-01-2025T10:18:43 - [MESSAGE][PASSED] - Navigate to 'https://sit.siprusedu.com/login' successfully

06-01-2025T10:18:43 - [TEST_STEP][PASSED] - setText(findTestObject("Master Data/Admin Sekolah/Login/Field Email"), "admin.gudangsolusi@digiform.co.id"): Text 'admin.gudangsolusi@digiform.co.id' is set on object 'Object Repository/Master Data/Admin Sekolah/Login/Field Email'

06-01-2025T10:18:45 - [MESSAGE][PASSED] - Text 'admin.gudangsolusi@digiform.co.id' is set on object 'Object Repository/Master Data/Admin Sekolah/Login/Field Email'

06-01-2025T10:18:45 - [TEST_STEP][PASSED] - setText(findTestObject("Master Data/Admin Sekolah/Login/Input Password"), "Test1234"): Text 'Test1234' is set on object 'Object Repository/Master Data/Admin Sekolah/Login/Input Password'

06-01-2025T10:18:45 - [MESSAGE][PASSED] - Text 'Test1234' is set on object 'Object Repository/Master Data/Admin Sekolah/Login/Input Password'

06-01-2025T10:18:45 - [TEST_STEP][PASSED] - click(findTestObject("Master Data/Admin Sekolah/Login/Button Submit")): Object: 'Object Repository/Master Data/Admin Sekolah/Login/Button Submit' is clicked on

06-01-2025T10:18:45 - [MESSAGE][PASSED] - Object: 'Object Repository/Master Data/Admin Sekolah/Login/Button Submit' is clicked on

06-01-2025T10:18:45 - [TEST_STEP][PASSED] - click(findTestObject("Laporan/Laporan Pembayaran/Menu Laporan")): Object: 'Object Repository/Laporan/Laporan Pembayaran/Menu Laporan' is clicked on

06-01-2025T10:18:47 - [MESSAGE][PASSED] - Object: 'Object Repository/Laporan/Laporan Pembayaran/Menu Laporan' is clicked on

06-01-2025T10:18:47 - [TEST_STEP][PASSED] - click(findTestObject("Laporan/Laporan Pembayaran/Sub Menu Pembayaran")): Object: 'Object Repository/Laporan/Laporan Pembayaran/Sub Menu Pembayaran' is clicked on

06-01-2025T10:18:48 - [MESSAGE][PASSED] - Object: 'Object Repository/Laporan/Laporan Pembayaran/Sub Menu Pembayaran' is clicked on

06-01-2025T10:18:48 - [TEST_STEP][PASSED] - click(findTestObject("Laporan/Laporan Pembayaran/Unduh Excel/Button Unduh Excel")): Object: 'Object Repository/Laporan/Laporan Pembayaran/Unduh Excel/Button Unduh Excel' is clicked on

06-01-2025T10:18:48 - [MESSAGE][PASSED] - Object: 'Object Repository/Laporan/Laporan Pembayaran/Unduh Excel/Button Unduh Excel' is clicked on

06-01-2025T10:18:48 - [TEST_STEP][PASSED] - delay(2): Delayed 2 second(s)

06-01-2025T10:18:50 - [MESSAGE][PASSED] - Delayed 2 second(s)

06-01-2025T10:18:50 - [MESSAGE][INFO] - 

06-01-2025T10:18:50 - [MESSAGE][INFO] - ===================== Self-healing Report ====================

06-01-2025T10:18:50 - [MESSAGE][INFO] - One of the failed test object locators has been recovered by Self-healing. Please refer to the Self-healing Insights tab for more details.

06-01-2025T10:18:50 - [MESSAGE][INFO] - To learn more about Self-healing, please read https://docs.katalon.com/katalon-studio/docs/self-healing.html

06-01-2025T10:18:50 - [MESSAGE][INFO] - ==============================================================

06-01-2025T10:18:50 - [MESSAGE][PASSED] - Call Test Case 'Test Cases/Laporan/Laporan Pembayaran/Unduh Excel' successfully

06-01-2025T10:18:50 - [TEST_STEP][PASSED] - println("============================= Loop Again ==============================="): null]]></system-out>
         <system-err><![CDATA[]]></system-err>
      </testcase>
      <testcase name="Test Cases/Regresi Feature/Sprint 3/Regresi Profile" time="147.627" classname="Test Cases/Regresi Feature/Sprint 3/Regresi Profile" status="PASSED">
         <system-out><![CDATA[06-01-2025T10:18:50 - [TEST_CASE][PASSED] - Test Cases/Regresi Feature/Sprint 3/Regresi Profile: Test Cases/Regresi Feature/Sprint 3/Regresi Profile

06-01-2025T10:18:51 - [TEST_STEP][PASSED] - for ([i = 1, i <= maxLoop, (i++)]): null

06-01-2025T10:18:51 - [TEST_STEP][PASSED] - callTestCase(findTestCase("Test Cases/Master Data/Admin Sekolah/Profile/Ubah Password/Ubah Password"), [:], CONTINUE_ON_FAILURE): Call Test Case 'Test Cases/Master Data/Admin Sekolah/Profile/Ubah Password/Ubah Password' successfully

06-01-2025T10:18:51 - [TEST_CASE][PASSED] - Test Cases/Master Data/Admin Sekolah/Profile/Ubah Password/Ubah Password: Test Cases/Master Data/Admin Sekolah/Profile/Ubah Password/Ubah Password

06-01-2025T10:18:51 - [TEST_STEP][PASSED] - openBrowser(""): Browser is opened with url: ''

06-01-2025T10:18:51 - [MESSAGE][WARNING] - A browser is already opened. Closing browser and opening a new one

06-01-2025T10:18:51 - [MESSAGE][INFO] - Starting 'Chrome' driver

06-01-2025T10:18:51 - [MESSAGE][INFO] - Action delay is set to 0 milliseconds

06-01-2025T10:18:52 - [MESSAGE][PASSED] - Browser is opened with url: ''

06-01-2025T10:18:52 - [TEST_STEP][PASSED] - navigateToUrl("https://sit.siprusedu.com/login"): Navigate to 'https://sit.siprusedu.com/login' successfully

06-01-2025T10:18:52 - [MESSAGE][PASSED] - Navigate to 'https://sit.siprusedu.com/login' successfully

06-01-2025T10:18:52 - [TEST_STEP][PASSED] - click(findTestObject("Master Data/Admin Sekolah/Login/Field Email")): Object: 'Object Repository/Master Data/Admin Sekolah/Login/Field Email' is clicked on

06-01-2025T10:18:54 - [MESSAGE][PASSED] - Object: 'Object Repository/Master Data/Admin Sekolah/Login/Field Email' is clicked on

06-01-2025T10:18:54 - [TEST_STEP][PASSED] - setText(findTestObject("Master Data/Admin Sekolah/Login/Field Email"), "admin.gudangsolusi@digiform.co.id"): Text 'admin.gudangsolusi@digiform.co.id' is set on object 'Object Repository/Master Data/Admin Sekolah/Login/Field Email'

06-01-2025T10:18:55 - [MESSAGE][PASSED] - Text 'admin.gudangsolusi@digiform.co.id' is set on object 'Object Repository/Master Data/Admin Sekolah/Login/Field Email'

06-01-2025T10:18:55 - [TEST_STEP][PASSED] - click(findTestObject("Master Data/Admin Sekolah/Login/Input Password")): Object: 'Object Repository/Master Data/Admin Sekolah/Login/Input Password' is clicked on

06-01-2025T10:18:55 - [MESSAGE][PASSED] - Object: 'Object Repository/Master Data/Admin Sekolah/Login/Input Password' is clicked on

06-01-2025T10:18:55 - [TEST_STEP][PASSED] - setText(findTestObject("Master Data/Admin Sekolah/Login/Input Password"), "Test1234"): Text 'Test1234' is set on object 'Object Repository/Master Data/Admin Sekolah/Login/Input Password'

06-01-2025T10:18:55 - [MESSAGE][PASSED] - Text 'Test1234' is set on object 'Object Repository/Master Data/Admin Sekolah/Login/Input Password'

06-01-2025T10:18:55 - [TEST_STEP][PASSED] - click(findTestObject("Master Data/Admin Sekolah/Login/Button Submit")): Object: 'Object Repository/Master Data/Admin Sekolah/Login/Button Submit' is clicked on

06-01-2025T10:18:56 - [MESSAGE][PASSED] - Object: 'Object Repository/Master Data/Admin Sekolah/Login/Button Submit' is clicked on

06-01-2025T10:18:56 - [TEST_STEP][PASSED] - delay(1): Delayed 1 second(s)

06-01-2025T10:18:57 - [MESSAGE][PASSED] - Delayed 1 second(s)

06-01-2025T10:18:57 - [TEST_STEP][PASSED] - delay(2): Delayed 2 second(s)

06-01-2025T10:18:59 - [MESSAGE][PASSED] - Delayed 2 second(s)

06-01-2025T10:18:59 - [TEST_STEP][PASSED] - click(findTestObject("Master Data/Admin Sekolah/Profile/Klik Profile")): Object: 'Object Repository/Master Data/Admin Sekolah/Profile/Klik Profile' is clicked on

06-01-2025T10:18:59 - [MESSAGE][PASSED] - Object: 'Object Repository/Master Data/Admin Sekolah/Profile/Klik Profile' is clicked on

06-01-2025T10:18:59 - [TEST_STEP][PASSED] - delay(1): Delayed 1 second(s)

06-01-2025T10:19:00 - [MESSAGE][PASSED] - Delayed 1 second(s)

06-01-2025T10:19:00 - [TEST_STEP][PASSED] - click(findTestObject("Master Data/Admin Sekolah/Profile/Ubah Password/Klik Ubah Password")): Object: 'Object Repository/Master Data/Admin Sekolah/Profile/Ubah Password/Klik Ubah Password' is clicked on

06-01-2025T10:19:00 - [MESSAGE][PASSED] - Object: 'Object Repository/Master Data/Admin Sekolah/Profile/Ubah Password/Klik Ubah Password' is clicked on

06-01-2025T10:19:00 - [TEST_STEP][PASSED] - delay(1): Delayed 1 second(s)

06-01-2025T10:19:01 - [MESSAGE][PASSED] - Delayed 1 second(s)

06-01-2025T10:19:01 - [TEST_STEP][PASSED] - click(findTestObject("Master Data/Admin Sekolah/Profile/Ubah Password/Klik Password Lama")): Object: 'Object Repository/Master Data/Admin Sekolah/Profile/Ubah Password/Klik Password Lama' is clicked on

06-01-2025T10:19:02 - [MESSAGE][PASSED] - Object: 'Object Repository/Master Data/Admin Sekolah/Profile/Ubah Password/Klik Password Lama' is clicked on

06-01-2025T10:19:02 - [TEST_STEP][PASSED] - delay(2): Delayed 2 second(s)

06-01-2025T10:19:04 - [MESSAGE][PASSED] - Delayed 2 second(s)

06-01-2025T10:19:04 - [TEST_STEP][PASSED] - setText(findTestObject("Master Data/Admin Sekolah/Profile/Ubah Password/Klik Password Lama"), "Test1234"): Text 'Test1234' is set on object 'Object Repository/Master Data/Admin Sekolah/Profile/Ubah Password/Klik Password Lama'

06-01-2025T10:19:04 - [MESSAGE][PASSED] - Text 'Test1234' is set on object 'Object Repository/Master Data/Admin Sekolah/Profile/Ubah Password/Klik Password Lama'

06-01-2025T10:19:04 - [TEST_STEP][PASSED] - delay(1): Delayed 1 second(s)

06-01-2025T10:19:05 - [MESSAGE][PASSED] - Delayed 1 second(s)

06-01-2025T10:19:05 - [TEST_STEP][PASSED] - click(findTestObject("Master Data/Admin Sekolah/Profile/Ubah Password/Klik Password Baru")): Object: 'Object Repository/Master Data/Admin Sekolah/Profile/Ubah Password/Klik Password Baru' is clicked on

06-01-2025T10:19:05 - [MESSAGE][PASSED] - Object: 'Object Repository/Master Data/Admin Sekolah/Profile/Ubah Password/Klik Password Baru' is clicked on

06-01-2025T10:19:05 - [TEST_STEP][PASSED] - setText(findTestObject("Master Data/Admin Sekolah/Profile/Ubah Password/Klik Password Baru"), "Test12345"): Text 'Test12345' is set on object 'Object Repository/Master Data/Admin Sekolah/Profile/Ubah Password/Klik Password Baru'

06-01-2025T10:19:06 - [MESSAGE][PASSED] - Text 'Test12345' is set on object 'Object Repository/Master Data/Admin Sekolah/Profile/Ubah Password/Klik Password Baru'

06-01-2025T10:19:06 - [TEST_STEP][PASSED] - delay(1): Delayed 1 second(s)

06-01-2025T10:19:07 - [MESSAGE][PASSED] - Delayed 1 second(s)

06-01-2025T10:19:07 - [TEST_STEP][PASSED] - click(findTestObject("Master Data/Admin Sekolah/Profile/Ubah Password/Ulangi Password Baru")): Object: 'Object Repository/Master Data/Admin Sekolah/Profile/Ubah Password/Ulangi Password Baru' is clicked on

06-01-2025T10:19:07 - [MESSAGE][PASSED] - Object: 'Object Repository/Master Data/Admin Sekolah/Profile/Ubah Password/Ulangi Password Baru' is clicked on

06-01-2025T10:19:07 - [TEST_STEP][PASSED] - setText(findTestObject("Master Data/Admin Sekolah/Profile/Ubah Password/Ulangi Password Baru"), "Test12345"): Text 'Test12345' is set on object 'Object Repository/Master Data/Admin Sekolah/Profile/Ubah Password/Ulangi Password Baru'

06-01-2025T10:19:08 - [MESSAGE][PASSED] - Text 'Test12345' is set on object 'Object Repository/Master Data/Admin Sekolah/Profile/Ubah Password/Ulangi Password Baru'

06-01-2025T10:19:08 - [TEST_STEP][PASSED] - delay(1): Delayed 1 second(s)

06-01-2025T10:19:09 - [MESSAGE][PASSED] - Delayed 1 second(s)

06-01-2025T10:19:09 - [TEST_STEP][PASSED] - click(findTestObject("Master Data/Admin Sekolah/Profile/Ubah Password/Tombol X")): Object: 'Object Repository/Master Data/Admin Sekolah/Profile/Ubah Password/Tombol X' is clicked on

06-01-2025T10:19:09 - [MESSAGE][PASSED] - Object: 'Object Repository/Master Data/Admin Sekolah/Profile/Ubah Password/Tombol X' is clicked on

06-01-2025T10:19:09 - [MESSAGE][PASSED] - Call Test Case 'Test Cases/Master Data/Admin Sekolah/Profile/Ubah Password/Ubah Password' successfully

06-01-2025T10:19:09 - [TEST_STEP][PASSED] - callTestCase(findTestCase("Test Cases/Master Data/Admin Sekolah/Profile/Upload Photo Profile/Ubah Foto"), [:], CONTINUE_ON_FAILURE): Call Test Case 'Test Cases/Master Data/Admin Sekolah/Profile/Upload Photo Profile/Ubah Foto' successfully

06-01-2025T10:19:09 - [TEST_CASE][PASSED] - Test Cases/Master Data/Admin Sekolah/Profile/Upload Photo Profile/Ubah Foto: Test Cases/Master Data/Admin Sekolah/Profile/Upload Photo Profile/Ubah Foto

06-01-2025T10:19:09 - [TEST_STEP][PASSED] - openBrowser("", OPTIONAL): Browser is opened with url: ''

06-01-2025T10:19:09 - [MESSAGE][WARNING] - A browser is already opened. Closing browser and opening a new one

06-01-2025T10:19:09 - [MESSAGE][INFO] - Starting 'Chrome' driver

06-01-2025T10:19:09 - [MESSAGE][INFO] - Action delay is set to 0 milliseconds

06-01-2025T10:19:10 - [MESSAGE][PASSED] - Browser is opened with url: ''

06-01-2025T10:19:10 - [TEST_STEP][PASSED] - navigateToUrl("https://sit.siprusedu.com/login", OPTIONAL): Navigate to 'https://sit.siprusedu.com/login' successfully

06-01-2025T10:19:11 - [MESSAGE][PASSED] - Navigate to 'https://sit.siprusedu.com/login' successfully

06-01-2025T10:19:11 - [TEST_STEP][PASSED] - click(findTestObject("Master Data/Admin Sekolah/Login/Field Email"), OPTIONAL): Object: 'Object Repository/Master Data/Admin Sekolah/Login/Field Email' is clicked on

06-01-2025T10:19:12 - [MESSAGE][PASSED] - Object: 'Object Repository/Master Data/Admin Sekolah/Login/Field Email' is clicked on

06-01-2025T10:19:12 - [TEST_STEP][PASSED] - setText(findTestObject("Master Data/Admin Sekolah/Login/Field Email"), "admin.gudangsolusi@digiform.co.id", OPTIONAL): Text 'admin.gudangsolusi@digiform.co.id' is set on object 'Object Repository/Master Data/Admin Sekolah/Login/Field Email'

06-01-2025T10:19:13 - [MESSAGE][PASSED] - Text 'admin.gudangsolusi@digiform.co.id' is set on object 'Object Repository/Master Data/Admin Sekolah/Login/Field Email'

06-01-2025T10:19:13 - [TEST_STEP][PASSED] - click(findTestObject("Master Data/Admin Sekolah/Login/Input Password"), OPTIONAL): Object: 'Object Repository/Master Data/Admin Sekolah/Login/Input Password' is clicked on

06-01-2025T10:19:13 - [MESSAGE][PASSED] - Object: 'Object Repository/Master Data/Admin Sekolah/Login/Input Password' is clicked on

06-01-2025T10:19:13 - [TEST_STEP][PASSED] - setText(findTestObject("Master Data/Admin Sekolah/Login/Input Password"), "Test1234", OPTIONAL): Text 'Test1234' is set on object 'Object Repository/Master Data/Admin Sekolah/Login/Input Password'

06-01-2025T10:19:14 - [MESSAGE][PASSED] - Text 'Test1234' is set on object 'Object Repository/Master Data/Admin Sekolah/Login/Input Password'

06-01-2025T10:19:14 - [TEST_STEP][PASSED] - click(findTestObject("Master Data/Admin Sekolah/Login/Button Submit"), OPTIONAL): Object: 'Object Repository/Master Data/Admin Sekolah/Login/Button Submit' is clicked on

06-01-2025T10:19:14 - [MESSAGE][PASSED] - Object: 'Object Repository/Master Data/Admin Sekolah/Login/Button Submit' is clicked on

06-01-2025T10:19:14 - [TEST_STEP][PASSED] - delay(1, OPTIONAL): Delayed 1 second(s)

06-01-2025T10:19:15 - [MESSAGE][PASSED] - Delayed 1 second(s)

06-01-2025T10:19:15 - [TEST_STEP][PASSED] - delay(2, OPTIONAL): Delayed 2 second(s)

06-01-2025T10:19:17 - [MESSAGE][PASSED] - Delayed 2 second(s)

06-01-2025T10:19:17 - [TEST_STEP][PASSED] - click(findTestObject("Master Data/Admin Sekolah/Profile/Klik Profile"), OPTIONAL): Object: 'Object Repository/Master Data/Admin Sekolah/Profile/Klik Profile' is clicked on

06-01-2025T10:19:35 - [MESSAGE][PASSED] - Object: 'Object Repository/Master Data/Admin Sekolah/Profile/Klik Profile' is clicked on

06-01-2025T10:19:35 - [TEST_STEP][PASSED] - delay(1, OPTIONAL): Delayed 1 second(s)

06-01-2025T10:19:36 - [MESSAGE][PASSED] - Delayed 1 second(s)

06-01-2025T10:19:36 - [TEST_STEP][PASSED] - click(findTestObject("Master Data/Admin Sekolah/Profile/Ubah Foto Profile/Klik Menu Ubah Foto Profile"), OPTIONAL): Object: 'Object Repository/Master Data/Admin Sekolah/Profile/Ubah Foto Profile/Klik Menu Ubah Foto Profile' is clicked on

06-01-2025T10:19:37 - [MESSAGE][PASSED] - Object: 'Object Repository/Master Data/Admin Sekolah/Profile/Ubah Foto Profile/Klik Menu Ubah Foto Profile' is clicked on

06-01-2025T10:19:37 - [TEST_STEP][PASSED] - delay(1, OPTIONAL): Delayed 1 second(s)

06-01-2025T10:19:38 - [MESSAGE][PASSED] - Delayed 1 second(s)

06-01-2025T10:19:38 - [TEST_STEP][PASSED] - fotoFilePath = "C:/Users/akmal/Downloads/admin.png": null

06-01-2025T10:19:38 - [TEST_STEP][PASSED] - click(findTestObject("Master Data/Admin Sekolah/Profile/Ubah Foto Profile/Klik Unggah File"), OPTIONAL): Object: 'Object Repository/Master Data/Admin Sekolah/Profile/Ubah Foto Profile/Klik Unggah File' is clicked on

06-01-2025T10:19:38 - [MESSAGE][PASSED] - Object: 'Object Repository/Master Data/Admin Sekolah/Profile/Ubah Foto Profile/Klik Unggah File' is clicked on

06-01-2025T10:19:38 - [TEST_STEP][PASSED] - delay(2, OPTIONAL): Delayed 2 second(s)

06-01-2025T10:19:40 - [MESSAGE][PASSED] - Delayed 2 second(s)

06-01-2025T10:19:40 - [TEST_STEP][PASSED] - uploadFile(findTestObject("Master Data/Admin Sekolah/Profile/Ubah Foto Profile/Unggah File"), fotoFilePath, OPTIONAL): Unable to upload file 'C:/Users/akmal/Downloads/admin.png' to object 'Object Repository/Master Data/Admin Sekolah/Profile/Ubah Foto Profile/Unggah File' (Root cause: com.kms.katalon.core.exception.StepFailedException: Unable to upload file 'C:/Users/akmal/Downloads/admin.png' to object 'Object Repository/Master Data/Admin Sekolah/Profile/Ubah Foto Profile/Unggah File'
	at com.kms.katalon.core.webui.keyword.internal.WebUIKeywordMain.stepFailed(WebUIKeywordMain.groovy:117)
	at com.kms.katalon.core.webui.keyword.internal.WebUIKeywordMain.runKeyword(WebUIKeywordMain.groovy:43)
	at com.kms.katalon.core.webui.keyword.builtin.UploadFileKeyword.uploadFile(UploadFileKeyword.groovy:87)
	at com.kms.katalon.core.webui.keyword.builtin.UploadFileKeyword.execute(UploadFileKeyword.groovy:68)
	at com.kms.katalon.core.keyword.internal.KeywordExecutor.executeKeywordForPlatform(KeywordExecutor.groovy:74)
	at com.kms.katalon.core.webui.keyword.WebUiBuiltInKeywords.uploadFile(WebUiBuiltInKeywords.groovy:4140)
	at Ubah Foto.run(Ubah Foto:55)
	at com.kms.katalon.core.main.ScriptEngine.run(ScriptEngine.java:194)
	at com.kms.katalon.core.main.ScriptEngine.runScriptAsRawText(ScriptEngine.java:119)
	at com.kms.katalon.core.main.TestCaseExecutor.runScript(TestCaseExecutor.java:448)
	at com.kms.katalon.core.main.TestCaseExecutor.doExecute(TestCaseExecutor.java:439)
	at com.kms.katalon.core.main.TestCaseExecutor.processExecutionPhase(TestCaseExecutor.java:418)
	at com.kms.katalon.core.main.TestCaseExecutor.accessMainPhase(TestCaseExecutor.java:410)
	at com.kms.katalon.core.main.TestCaseExecutor.execute(TestCaseExecutor.java:285)
	at com.kms.katalon.core.main.TestCaseMain.runTestCase(TestCaseMain.java:133)
	at com.kms.katalon.core.keyword.builtin.CallTestCaseKeyword$_callTestCase_closure1.doCall(CallTestCaseKeyword.groovy:59)
	at com.kms.katalon.core.keyword.builtin.CallTestCaseKeyword$_callTestCase_closure1.call(CallTestCaseKeyword.groovy)
	at com.kms.katalon.core.keyword.internal.KeywordMain.runKeyword(KeywordMain.groovy:75)
	at com.kms.katalon.core.keyword.builtin.CallTestCaseKeyword.callTestCase(CallTestCaseKeyword.groovy:81)
	at com.kms.katalon.core.keyword.builtin.CallTestCaseKeyword.execute(CallTestCaseKeyword.groovy:44)
	at com.kms.katalon.core.keyword.internal.KeywordExecutor.executeKeywordForPlatform(KeywordExecutor.groovy:74)
	at com.kms.katalon.core.keyword.BuiltinKeywords.callTestCase(BuiltinKeywords.groovy:310)
	at jdk.internal.reflect.GeneratedMethodAccessor47.invoke(Unknown Source)
	at java.base/jdk.internal.reflect.DelegatingMethodAccessorImpl.invoke(DelegatingMethodAccessorImpl.java:43)
	at Regresi Profile.run(Regresi Profile:25)
	at com.kms.katalon.core.main.ScriptEngine.run(ScriptEngine.java:194)
	at com.kms.katalon.core.main.ScriptEngine.runScriptAsRawText(ScriptEngine.java:119)
	at com.kms.katalon.core.main.TestCaseExecutor.runScript(TestCaseExecutor.java:448)
	at com.kms.katalon.core.main.TestCaseExecutor.doExecute(TestCaseExecutor.java:439)
	at com.kms.katalon.core.main.TestCaseExecutor.processExecutionPhase(TestCaseExecutor.java:418)
	at com.kms.katalon.core.main.TestCaseExecutor.accessMainPhase(TestCaseExecutor.java:410)
	at com.kms.katalon.core.main.TestCaseExecutor.execute(TestCaseExecutor.java:285)
	at com.kms.katalon.core.common.CommonExecutor.accessTestCaseMainPhase(CommonExecutor.java:65)
	at com.kms.katalon.core.main.TestSuiteExecutor.accessTestSuiteMainPhase(TestSuiteExecutor.java:161)
	at com.kms.katalon.core.main.TestSuiteExecutor.execute(TestSuiteExecutor.java:107)
	at com.kms.katalon.core.main.TestCaseMain.startTestSuite(TestCaseMain.java:176)
	at TempTestSuite1736130766400.run(TempTestSuite1736130766400.groovy:35)
	at java.base/jdk.internal.reflect.NativeMethodAccessorImpl.invoke0(Native Method)
	at java.base/jdk.internal.reflect.NativeMethodAccessorImpl.invoke(NativeMethodAccessorImpl.java:77)
	at java.base/jdk.internal.reflect.DelegatingMethodAccessorImpl.invoke(DelegatingMethodAccessorImpl.java:43)
Caused by: org.openqa.selenium.InvalidArgumentException: invalid argument: File not found : C:/Users/akmal/Downloads/admin.png
  (Session info: chrome=131.0.6778.205)
Build info: version: '4.22.0', revision: 'c5f3146703'
System info: os.name: 'Windows 11', os.arch: 'amd64', os.version: '10.0', java.version: '17.0.7'
Driver info: com.kms.katalon.selenium.driver.CChromeDriver
Command: [b1f1cdffe2a646d31ad267960067d652, sendKeysToElement {id=f.80F4D2D73935451A86824FC64D0B00D4.d.A410305DBCC7B5923D02F0C1BBCF71FC.e.38, value=[Ljava.lang.CharSequence;@61951ad1}]
Capabilities {acceptInsecureCerts: false, browserName: chrome, browserVersion: 131.0.6778.205, chrome: {chromedriverVersion: 130.0.6723.58 (3a50e012e4c9..., userDataDir: C:\Users\henri\AppData\Loca...}, fedcm:accounts: true, goog:chromeOptions: {debuggerAddress: localhost:52820}, networkConnectionEnabled: false, pageLoadStrategy: normal, platformName: windows, proxy: Proxy(), se:cdp: ws://localhost:52820/devtoo..., se:cdpVersion: 131.0.6778.205, setWindowRect: true, strictFileInteractability: false, timeouts: {implicit: 0, pageLoad: 300000, script: 30000}, unhandledPromptBehavior: ignore, webSocketUrl: ws://localhost:39220/sessio..., webauthn:extension:credBlob: true, webauthn:extension:largeBlob: true, webauthn:extension:minPinLength: true, webauthn:extension:prf: true, webauthn:virtualAuthenticators: true}
Element: [[CChromeDriver: chrome on windows (b1f1cdffe2a646d31ad267960067d652)] -> xpath: //input[@id='upload-upload-file-Foto Profil']
]
Session ID: b1f1cdffe2a646d31ad267960067d652
	at java.base/jdk.internal.reflect.NativeConstructorAccessorImpl.newInstance0(Native Method)
	at java.base/jdk.internal.reflect.NativeConstructorAccessorImpl.newInstance(NativeConstructorAccessorImpl.java:77)
	at java.base/jdk.internal.reflect.DelegatingConstructorAccessorImpl.newInstance(DelegatingConstructorAccessorImpl.java:45)
	at org.openqa.selenium.remote.ErrorCodec.decode(ErrorCodec.java:167)
	at org.openqa.selenium.remote.codec.w3c.W3CHttpResponseCodec.decode(W3CHttpResponseCodec.java:138)
	at org.openqa.selenium.remote.codec.w3c.W3CHttpResponseCodec.decode(W3CHttpResponseCodec.java:50)
	at org.openqa.selenium.remote.HttpCommandExecutor.execute(HttpCommandExecutor.java:190)
	at org.openqa.selenium.remote.service.DriverCommandExecutor.invokeExecute(DriverCommandExecutor.java:216)
	at org.openqa.selenium.remote.service.DriverCommandExecutor.execute(DriverCommandExecutor.java:174)
	at org.openqa.selenium.remote.RemoteWebDriver.execute(RemoteWebDriver.java:518)
	at org.openqa.selenium.remote.RemoteWebElement.execute(RemoteWebElement.java:223)
	at org.openqa.selenium.remote.RemoteWebElement.sendKeys(RemoteWebElement.java:110)
	at jdk.internal.reflect.GeneratedMethodAccessor27.invoke(Unknown Source)
	at java.base/jdk.internal.reflect.DelegatingMethodAccessorImpl.invoke(DelegatingMethodAccessorImpl.java:43)
	at org.openqa.selenium.support.decorators.WebDriverDecorator.call(WebDriverDecorator.java:249)
	at org.openqa.selenium.support.decorators.DefaultDecorated.call(DefaultDecorated.java:48)
	at org.openqa.selenium.support.decorators.WebDriverDecorator.lambda$createProxy$2(WebDriverDecorator.java:321)
	at net.bytebuddy.renamed.java.lang.Object$ByteBuddy$EDKbdotD.sendKeys(Unknown Source)
	at com.kms.katalon.core.webui.keyword.builtin.UploadFileKeyword$_uploadFile_closure1.doCall(UploadFileKeyword.groovy:80)
	at com.kms.katalon.core.webui.keyword.builtin.UploadFileKeyword$_uploadFile_closure1.call(UploadFileKeyword.groovy)
	at com.kms.katalon.core.webui.keyword.internal.WebUIKeywordMain.runKeyword(WebUIKeywordMain.groovy:35)
	at com.kms.katalon.core.webui.keyword.builtin.UploadFileKeyword.uploadFile(UploadFileKeyword.groovy:87)
	at com.kms.katalon.core.webui.keyword.builtin.UploadFileKeyword.execute(UploadFileKeyword.groovy:68)
	at com.kms.katalon.core.keyword.internal.KeywordExecutor.executeKeywordForPlatform(KeywordExecutor.groovy:74)
	at com.kms.katalon.core.webui.keyword.WebUiBuiltInKeywords.uploadFile(WebUiBuiltInKeywords.groovy:4140)
	at Script1734333226064.run(Script1734333226064.groovy:55)
	at com.kms.katalon.core.main.ScriptEngine.run(ScriptEngine.java:194)
	at com.kms.katalon.core.main.ScriptEngine.runScriptAsRawText(ScriptEngine.java:119)
	at com.kms.katalon.core.main.TestCaseExecutor.runScript(TestCaseExecutor.java:448)
	at com.kms.katalon.core.main.TestCaseExecutor.doExecute(TestCaseExecutor.java:439)
	at com.kms.katalon.core.main.TestCaseExecutor.processExecutionPhase(TestCaseExecutor.java:418)
	at com.kms.katalon.core.main.TestCaseExecutor.accessMainPhase(TestCaseExecutor.java:410)
	at com.kms.katalon.core.main.TestCaseExecutor.execute(TestCaseExecutor.java:285)
	at com.kms.katalon.core.main.TestCaseMain.runTestCase(TestCaseMain.java:133)
	at com.kms.katalon.core.keyword.builtin.CallTestCaseKeyword$_callTestCase_closure1.doCall(CallTestCaseKeyword.groovy:59)
	at com.kms.katalon.core.keyword.builtin.CallTestCaseKeyword$_callTestCase_closure1.call(CallTestCaseKeyword.groovy)
	at com.kms.katalon.core.keyword.internal.KeywordMain.runKeyword(KeywordMain.groovy:75)
	at com.kms.katalon.core.keyword.builtin.CallTestCaseKeyword.callTestCase(CallTestCaseKeyword.groovy:81)
	at com.kms.katalon.core.keyword.builtin.CallTestCaseKeyword.execute(CallTestCaseKeyword.groovy:44)
	at com.kms.katalon.core.keyword.internal.KeywordExecutor.executeKeywordForPlatform(KeywordExecutor.groovy:74)
	at com.kms.katalon.core.keyword.BuiltinKeywords.callTestCase(BuiltinKeywords.groovy:310)
	at jdk.internal.reflect.GeneratedMethodAccessor47.invoke(Unknown Source)
	at java.base/jdk.internal.reflect.DelegatingMethodAccessorImpl.invoke(DelegatingMethodAccessorImpl.java:43)
	at Script1735790912267.run(Script1735790912267.groovy:25)
	... 15 more
)

06-01-2025T10:19:40 - [MESSAGE][WARNING] - Unable to upload file 'C:/Users/akmal/Downloads/admin.png' to object 'Object Repository/Master Data/Admin Sekolah/Profile/Ubah Foto Profile/Unggah File' (Root cause: com.kms.katalon.core.exception.StepFailedException: Unable to upload file 'C:/Users/akmal/Downloads/admin.png' to object 'Object Repository/Master Data/Admin Sekolah/Profile/Ubah Foto Profile/Unggah File'
	at com.kms.katalon.core.webui.keyword.internal.WebUIKeywordMain.stepFailed(WebUIKeywordMain.groovy:117)
	at com.kms.katalon.core.webui.keyword.internal.WebUIKeywordMain.runKeyword(WebUIKeywordMain.groovy:43)
	at com.kms.katalon.core.webui.keyword.builtin.UploadFileKeyword.uploadFile(UploadFileKeyword.groovy:87)
	at com.kms.katalon.core.webui.keyword.builtin.UploadFileKeyword.execute(UploadFileKeyword.groovy:68)
	at com.kms.katalon.core.keyword.internal.KeywordExecutor.executeKeywordForPlatform(KeywordExecutor.groovy:74)
	at com.kms.katalon.core.webui.keyword.WebUiBuiltInKeywords.uploadFile(WebUiBuiltInKeywords.groovy:4140)
	at Ubah Foto.run(Ubah Foto:55)
	at com.kms.katalon.core.main.ScriptEngine.run(ScriptEngine.java:194)
	at com.kms.katalon.core.main.ScriptEngine.runScriptAsRawText(ScriptEngine.java:119)
	at com.kms.katalon.core.main.TestCaseExecutor.runScript(TestCaseExecutor.java:448)
	at com.kms.katalon.core.main.TestCaseExecutor.doExecute(TestCaseExecutor.java:439)
	at com.kms.katalon.core.main.TestCaseExecutor.processExecutionPhase(TestCaseExecutor.java:418)
	at com.kms.katalon.core.main.TestCaseExecutor.accessMainPhase(TestCaseExecutor.java:410)
	at com.kms.katalon.core.main.TestCaseExecutor.execute(TestCaseExecutor.java:285)
	at com.kms.katalon.core.main.TestCaseMain.runTestCase(TestCaseMain.java:133)
	at com.kms.katalon.core.keyword.builtin.CallTestCaseKeyword$_callTestCase_closure1.doCall(CallTestCaseKeyword.groovy:59)
	at com.kms.katalon.core.keyword.builtin.CallTestCaseKeyword$_callTestCase_closure1.call(CallTestCaseKeyword.groovy)
	at com.kms.katalon.core.keyword.internal.KeywordMain.runKeyword(KeywordMain.groovy:75)
	at com.kms.katalon.core.keyword.builtin.CallTestCaseKeyword.callTestCase(CallTestCaseKeyword.groovy:81)
	at com.kms.katalon.core.keyword.builtin.CallTestCaseKeyword.execute(CallTestCaseKeyword.groovy:44)
	at com.kms.katalon.core.keyword.internal.KeywordExecutor.executeKeywordForPlatform(KeywordExecutor.groovy:74)
	at com.kms.katalon.core.keyword.BuiltinKeywords.callTestCase(BuiltinKeywords.groovy:310)
	at jdk.internal.reflect.GeneratedMethodAccessor47.invoke(Unknown Source)
	at java.base/jdk.internal.reflect.DelegatingMethodAccessorImpl.invoke(DelegatingMethodAccessorImpl.java:43)
	at Regresi Profile.run(Regresi Profile:25)
	at com.kms.katalon.core.main.ScriptEngine.run(ScriptEngine.java:194)
	at com.kms.katalon.core.main.ScriptEngine.runScriptAsRawText(ScriptEngine.java:119)
	at com.kms.katalon.core.main.TestCaseExecutor.runScript(TestCaseExecutor.java:448)
	at com.kms.katalon.core.main.TestCaseExecutor.doExecute(TestCaseExecutor.java:439)
	at com.kms.katalon.core.main.TestCaseExecutor.processExecutionPhase(TestCaseExecutor.java:418)
	at com.kms.katalon.core.main.TestCaseExecutor.accessMainPhase(TestCaseExecutor.java:410)
	at com.kms.katalon.core.main.TestCaseExecutor.execute(TestCaseExecutor.java:285)
	at com.kms.katalon.core.common.CommonExecutor.accessTestCaseMainPhase(CommonExecutor.java:65)
	at com.kms.katalon.core.main.TestSuiteExecutor.accessTestSuiteMainPhase(TestSuiteExecutor.java:161)
	at com.kms.katalon.core.main.TestSuiteExecutor.execute(TestSuiteExecutor.java:107)
	at com.kms.katalon.core.main.TestCaseMain.startTestSuite(TestCaseMain.java:176)
	at TempTestSuite1736130766400.run(TempTestSuite1736130766400.groovy:35)
	at java.base/jdk.internal.reflect.NativeMethodAccessorImpl.invoke0(Native Method)
	at java.base/jdk.internal.reflect.NativeMethodAccessorImpl.invoke(NativeMethodAccessorImpl.java:77)
	at java.base/jdk.internal.reflect.DelegatingMethodAccessorImpl.invoke(DelegatingMethodAccessorImpl.java:43)
Caused by: org.openqa.selenium.InvalidArgumentException: invalid argument: File not found : C:/Users/akmal/Downloads/admin.png
  (Session info: chrome=131.0.6778.205)
Build info: version: '4.22.0', revision: 'c5f3146703'
System info: os.name: 'Windows 11', os.arch: 'amd64', os.version: '10.0', java.version: '17.0.7'
Driver info: com.kms.katalon.selenium.driver.CChromeDriver
Command: [b1f1cdffe2a646d31ad267960067d652, sendKeysToElement {id=f.80F4D2D73935451A86824FC64D0B00D4.d.A410305DBCC7B5923D02F0C1BBCF71FC.e.38, value=[Ljava.lang.CharSequence;@61951ad1}]
Capabilities {acceptInsecureCerts: false, browserName: chrome, browserVersion: 131.0.6778.205, chrome: {chromedriverVersion: 130.0.6723.58 (3a50e012e4c9..., userDataDir: C:\Users\henri\AppData\Loca...}, fedcm:accounts: true, goog:chromeOptions: {debuggerAddress: localhost:52820}, networkConnectionEnabled: false, pageLoadStrategy: normal, platformName: windows, proxy: Proxy(), se:cdp: ws://localhost:52820/devtoo..., se:cdpVersion: 131.0.6778.205, setWindowRect: true, strictFileInteractability: false, timeouts: {implicit: 0, pageLoad: 300000, script: 30000}, unhandledPromptBehavior: ignore, webSocketUrl: ws://localhost:39220/sessio..., webauthn:extension:credBlob: true, webauthn:extension:largeBlob: true, webauthn:extension:minPinLength: true, webauthn:extension:prf: true, webauthn:virtualAuthenticators: true}
Element: [[CChromeDriver: chrome on windows (b1f1cdffe2a646d31ad267960067d652)] -> xpath: //input[@id='upload-upload-file-Foto Profil']
]
Session ID: b1f1cdffe2a646d31ad267960067d652
	at java.base/jdk.internal.reflect.NativeConstructorAccessorImpl.newInstance0(Native Method)
	at java.base/jdk.internal.reflect.NativeConstructorAccessorImpl.newInstance(NativeConstructorAccessorImpl.java:77)
	at java.base/jdk.internal.reflect.DelegatingConstructorAccessorImpl.newInstance(DelegatingConstructorAccessorImpl.java:45)
	at org.openqa.selenium.remote.ErrorCodec.decode(ErrorCodec.java:167)
	at org.openqa.selenium.remote.codec.w3c.W3CHttpResponseCodec.decode(W3CHttpResponseCodec.java:138)
	at org.openqa.selenium.remote.codec.w3c.W3CHttpResponseCodec.decode(W3CHttpResponseCodec.java:50)
	at org.openqa.selenium.remote.HttpCommandExecutor.execute(HttpCommandExecutor.java:190)
	at org.openqa.selenium.remote.service.DriverCommandExecutor.invokeExecute(DriverCommandExecutor.java:216)
	at org.openqa.selenium.remote.service.DriverCommandExecutor.execute(DriverCommandExecutor.java:174)
	at org.openqa.selenium.remote.RemoteWebDriver.execute(RemoteWebDriver.java:518)
	at org.openqa.selenium.remote.RemoteWebElement.execute(RemoteWebElement.java:223)
	at org.openqa.selenium.remote.RemoteWebElement.sendKeys(RemoteWebElement.java:110)
	at jdk.internal.reflect.GeneratedMethodAccessor27.invoke(Unknown Source)
	at java.base/jdk.internal.reflect.DelegatingMethodAccessorImpl.invoke(DelegatingMethodAccessorImpl.java:43)
	at org.openqa.selenium.support.decorators.WebDriverDecorator.call(WebDriverDecorator.java:249)
	at org.openqa.selenium.support.decorators.DefaultDecorated.call(DefaultDecorated.java:48)
	at org.openqa.selenium.support.decorators.WebDriverDecorator.lambda$createProxy$2(WebDriverDecorator.java:321)
	at net.bytebuddy.renamed.java.lang.Object$ByteBuddy$EDKbdotD.sendKeys(Unknown Source)
	at com.kms.katalon.core.webui.keyword.builtin.UploadFileKeyword$_uploadFile_closure1.doCall(UploadFileKeyword.groovy:80)
	at com.kms.katalon.core.webui.keyword.builtin.UploadFileKeyword$_uploadFile_closure1.call(UploadFileKeyword.groovy)
	at com.kms.katalon.core.webui.keyword.internal.WebUIKeywordMain.runKeyword(WebUIKeywordMain.groovy:35)
	at com.kms.katalon.core.webui.keyword.builtin.UploadFileKeyword.uploadFile(UploadFileKeyword.groovy:87)
	at com.kms.katalon.core.webui.keyword.builtin.UploadFileKeyword.execute(UploadFileKeyword.groovy:68)
	at com.kms.katalon.core.keyword.internal.KeywordExecutor.executeKeywordForPlatform(KeywordExecutor.groovy:74)
	at com.kms.katalon.core.webui.keyword.WebUiBuiltInKeywords.uploadFile(WebUiBuiltInKeywords.groovy:4140)
	at Script1734333226064.run(Script1734333226064.groovy:55)
	at com.kms.katalon.core.main.ScriptEngine.run(ScriptEngine.java:194)
	at com.kms.katalon.core.main.ScriptEngine.runScriptAsRawText(ScriptEngine.java:119)
	at com.kms.katalon.core.main.TestCaseExecutor.runScript(TestCaseExecutor.java:448)
	at com.kms.katalon.core.main.TestCaseExecutor.doExecute(TestCaseExecutor.java:439)
	at com.kms.katalon.core.main.TestCaseExecutor.processExecutionPhase(TestCaseExecutor.java:418)
	at com.kms.katalon.core.main.TestCaseExecutor.accessMainPhase(TestCaseExecutor.java:410)
	at com.kms.katalon.core.main.TestCaseExecutor.execute(TestCaseExecutor.java:285)
	at com.kms.katalon.core.main.TestCaseMain.runTestCase(TestCaseMain.java:133)
	at com.kms.katalon.core.keyword.builtin.CallTestCaseKeyword$_callTestCase_closure1.doCall(CallTestCaseKeyword.groovy:59)
	at com.kms.katalon.core.keyword.builtin.CallTestCaseKeyword$_callTestCase_closure1.call(CallTestCaseKeyword.groovy)
	at com.kms.katalon.core.keyword.internal.KeywordMain.runKeyword(KeywordMain.groovy:75)
	at com.kms.katalon.core.keyword.builtin.CallTestCaseKeyword.callTestCase(CallTestCaseKeyword.groovy:81)
	at com.kms.katalon.core.keyword.builtin.CallTestCaseKeyword.execute(CallTestCaseKeyword.groovy:44)
	at com.kms.katalon.core.keyword.internal.KeywordExecutor.executeKeywordForPlatform(KeywordExecutor.groovy:74)
	at com.kms.katalon.core.keyword.BuiltinKeywords.callTestCase(BuiltinKeywords.groovy:310)
	at jdk.internal.reflect.GeneratedMethodAccessor47.invoke(Unknown Source)
	at java.base/jdk.internal.reflect.DelegatingMethodAccessorImpl.invoke(DelegatingMethodAccessorImpl.java:43)
	at Script1735790912267.run(Script1735790912267.groovy:25)
	... 15 more
)
[[ATTACHMENT|C:\\Users\\henri\\Videos\\school-payment-automation-testing\\Reports\\20250106_093246\\Regresi All Sprint\\20250106_093246\\1736133580802.png]]

06-01-2025T10:19:40 - [TEST_STEP][PASSED] - click(findTestObject("Master Data/Admin Sekolah/Profile/Ubah Foto Profile/Terapkan"), OPTIONAL): Object: 'Object Repository/Master Data/Admin Sekolah/Profile/Ubah Foto Profile/Terapkan' is clicked on

06-01-2025T10:19:41 - [MESSAGE][PASSED] - Object: 'Object Repository/Master Data/Admin Sekolah/Profile/Ubah Foto Profile/Terapkan' is clicked on

06-01-2025T10:19:41 - [TEST_STEP][PASSED] - delay(5, OPTIONAL): Delayed 5 second(s)

06-01-2025T10:19:46 - [MESSAGE][PASSED] - Delayed 5 second(s)

06-01-2025T10:19:46 - [TEST_STEP][PASSED] - closeBrowser(OPTIONAL): Browser is closed

06-01-2025T10:19:46 - [MESSAGE][PASSED] - Browser is closed

06-01-2025T10:19:46 - [MESSAGE][PASSED] - Call Test Case 'Test Cases/Master Data/Admin Sekolah/Profile/Upload Photo Profile/Ubah Foto' successfully

06-01-2025T10:19:46 - [TEST_STEP][PASSED] - println("============================= Loop Again ==============================="): null

06-01-2025T10:19:46 - [TEST_STEP][PASSED] - callTestCase(findTestCase("Test Cases/Master Data/Admin Sekolah/Profile/Ubah Password/Ubah Password"), [:], CONTINUE_ON_FAILURE): Call Test Case 'Test Cases/Master Data/Admin Sekolah/Profile/Ubah Password/Ubah Password' successfully

06-01-2025T10:19:46 - [TEST_CASE][PASSED] - Test Cases/Master Data/Admin Sekolah/Profile/Ubah Password/Ubah Password: Test Cases/Master Data/Admin Sekolah/Profile/Ubah Password/Ubah Password

06-01-2025T10:19:46 - [TEST_STEP][PASSED] - openBrowser(""): Browser is opened with url: ''

06-01-2025T10:19:46 - [MESSAGE][INFO] - Starting 'Chrome' driver

06-01-2025T10:19:46 - [MESSAGE][INFO] - Action delay is set to 0 milliseconds

06-01-2025T10:19:47 - [MESSAGE][PASSED] - Browser is opened with url: ''

06-01-2025T10:19:47 - [TEST_STEP][PASSED] - navigateToUrl("https://sit.siprusedu.com/login"): Navigate to 'https://sit.siprusedu.com/login' successfully

06-01-2025T10:19:49 - [MESSAGE][PASSED] - Navigate to 'https://sit.siprusedu.com/login' successfully

06-01-2025T10:19:49 - [TEST_STEP][PASSED] - click(findTestObject("Master Data/Admin Sekolah/Login/Field Email")): Object: 'Object Repository/Master Data/Admin Sekolah/Login/Field Email' is clicked on

06-01-2025T10:19:51 - [MESSAGE][PASSED] - Object: 'Object Repository/Master Data/Admin Sekolah/Login/Field Email' is clicked on

06-01-2025T10:19:51 - [TEST_STEP][PASSED] - setText(findTestObject("Master Data/Admin Sekolah/Login/Field Email"), "admin.gudangsolusi@digiform.co.id"): Text 'admin.gudangsolusi@digiform.co.id' is set on object 'Object Repository/Master Data/Admin Sekolah/Login/Field Email'

06-01-2025T10:19:51 - [MESSAGE][PASSED] - Text 'admin.gudangsolusi@digiform.co.id' is set on object 'Object Repository/Master Data/Admin Sekolah/Login/Field Email'

06-01-2025T10:19:51 - [TEST_STEP][PASSED] - click(findTestObject("Master Data/Admin Sekolah/Login/Input Password")): Object: 'Object Repository/Master Data/Admin Sekolah/Login/Input Password' is clicked on

06-01-2025T10:19:52 - [MESSAGE][PASSED] - Object: 'Object Repository/Master Data/Admin Sekolah/Login/Input Password' is clicked on

06-01-2025T10:19:52 - [TEST_STEP][PASSED] - setText(findTestObject("Master Data/Admin Sekolah/Login/Input Password"), "Test1234"): Text 'Test1234' is set on object 'Object Repository/Master Data/Admin Sekolah/Login/Input Password'

06-01-2025T10:19:52 - [MESSAGE][PASSED] - Text 'Test1234' is set on object 'Object Repository/Master Data/Admin Sekolah/Login/Input Password'

06-01-2025T10:19:52 - [TEST_STEP][PASSED] - click(findTestObject("Master Data/Admin Sekolah/Login/Button Submit")): Object: 'Object Repository/Master Data/Admin Sekolah/Login/Button Submit' is clicked on

06-01-2025T10:19:52 - [MESSAGE][PASSED] - Object: 'Object Repository/Master Data/Admin Sekolah/Login/Button Submit' is clicked on

06-01-2025T10:19:52 - [TEST_STEP][PASSED] - delay(1): Delayed 1 second(s)

06-01-2025T10:19:53 - [MESSAGE][PASSED] - Delayed 1 second(s)

06-01-2025T10:19:53 - [TEST_STEP][PASSED] - delay(2): Delayed 2 second(s)

06-01-2025T10:19:55 - [MESSAGE][PASSED] - Delayed 2 second(s)

06-01-2025T10:19:55 - [TEST_STEP][PASSED] - click(findTestObject("Master Data/Admin Sekolah/Profile/Klik Profile")): Object: 'Object Repository/Master Data/Admin Sekolah/Profile/Klik Profile' is clicked on

06-01-2025T10:20:14 - [MESSAGE][PASSED] - Object: 'Object Repository/Master Data/Admin Sekolah/Profile/Klik Profile' is clicked on

06-01-2025T10:20:14 - [TEST_STEP][PASSED] - delay(1): Delayed 1 second(s)

06-01-2025T10:20:15 - [MESSAGE][PASSED] - Delayed 1 second(s)

06-01-2025T10:20:15 - [TEST_STEP][PASSED] - click(findTestObject("Master Data/Admin Sekolah/Profile/Ubah Password/Klik Ubah Password")): Object: 'Object Repository/Master Data/Admin Sekolah/Profile/Ubah Password/Klik Ubah Password' is clicked on

06-01-2025T10:20:15 - [MESSAGE][PASSED] - Object: 'Object Repository/Master Data/Admin Sekolah/Profile/Ubah Password/Klik Ubah Password' is clicked on

06-01-2025T10:20:15 - [TEST_STEP][PASSED] - delay(1): Delayed 1 second(s)

06-01-2025T10:20:16 - [MESSAGE][PASSED] - Delayed 1 second(s)

06-01-2025T10:20:16 - [TEST_STEP][PASSED] - click(findTestObject("Master Data/Admin Sekolah/Profile/Ubah Password/Klik Password Lama")): Object: 'Object Repository/Master Data/Admin Sekolah/Profile/Ubah Password/Klik Password Lama' is clicked on

06-01-2025T10:20:16 - [MESSAGE][PASSED] - Object: 'Object Repository/Master Data/Admin Sekolah/Profile/Ubah Password/Klik Password Lama' is clicked on

06-01-2025T10:20:16 - [TEST_STEP][PASSED] - delay(2): Delayed 2 second(s)

06-01-2025T10:20:18 - [MESSAGE][PASSED] - Delayed 2 second(s)

06-01-2025T10:20:18 - [TEST_STEP][PASSED] - setText(findTestObject("Master Data/Admin Sekolah/Profile/Ubah Password/Klik Password Lama"), "Test1234"): Text 'Test1234' is set on object 'Object Repository/Master Data/Admin Sekolah/Profile/Ubah Password/Klik Password Lama'

06-01-2025T10:20:19 - [MESSAGE][PASSED] - Text 'Test1234' is set on object 'Object Repository/Master Data/Admin Sekolah/Profile/Ubah Password/Klik Password Lama'

06-01-2025T10:20:19 - [TEST_STEP][PASSED] - delay(1): Delayed 1 second(s)

06-01-2025T10:20:20 - [MESSAGE][PASSED] - Delayed 1 second(s)

06-01-2025T10:20:20 - [TEST_STEP][PASSED] - click(findTestObject("Master Data/Admin Sekolah/Profile/Ubah Password/Klik Password Baru")): Object: 'Object Repository/Master Data/Admin Sekolah/Profile/Ubah Password/Klik Password Baru' is clicked on

06-01-2025T10:20:20 - [MESSAGE][PASSED] - Object: 'Object Repository/Master Data/Admin Sekolah/Profile/Ubah Password/Klik Password Baru' is clicked on

06-01-2025T10:20:20 - [TEST_STEP][PASSED] - setText(findTestObject("Master Data/Admin Sekolah/Profile/Ubah Password/Klik Password Baru"), "Test12345"): Text 'Test12345' is set on object 'Object Repository/Master Data/Admin Sekolah/Profile/Ubah Password/Klik Password Baru'

06-01-2025T10:20:20 - [MESSAGE][PASSED] - Text 'Test12345' is set on object 'Object Repository/Master Data/Admin Sekolah/Profile/Ubah Password/Klik Password Baru'

06-01-2025T10:20:20 - [TEST_STEP][PASSED] - delay(1): Delayed 1 second(s)

06-01-2025T10:20:21 - [MESSAGE][PASSED] - Delayed 1 second(s)

06-01-2025T10:20:21 - [TEST_STEP][PASSED] - click(findTestObject("Master Data/Admin Sekolah/Profile/Ubah Password/Ulangi Password Baru")): Object: 'Object Repository/Master Data/Admin Sekolah/Profile/Ubah Password/Ulangi Password Baru' is clicked on

06-01-2025T10:20:22 - [MESSAGE][PASSED] - Object: 'Object Repository/Master Data/Admin Sekolah/Profile/Ubah Password/Ulangi Password Baru' is clicked on

06-01-2025T10:20:22 - [TEST_STEP][PASSED] - setText(findTestObject("Master Data/Admin Sekolah/Profile/Ubah Password/Ulangi Password Baru"), "Test12345"): Text 'Test12345' is set on object 'Object Repository/Master Data/Admin Sekolah/Profile/Ubah Password/Ulangi Password Baru'

06-01-2025T10:20:22 - [MESSAGE][PASSED] - Text 'Test12345' is set on object 'Object Repository/Master Data/Admin Sekolah/Profile/Ubah Password/Ulangi Password Baru'

06-01-2025T10:20:22 - [TEST_STEP][PASSED] - delay(1): Delayed 1 second(s)

06-01-2025T10:20:23 - [MESSAGE][PASSED] - Delayed 1 second(s)

06-01-2025T10:20:23 - [TEST_STEP][PASSED] - click(findTestObject("Master Data/Admin Sekolah/Profile/Ubah Password/Tombol X")): Object: 'Object Repository/Master Data/Admin Sekolah/Profile/Ubah Password/Tombol X' is clicked on

06-01-2025T10:20:24 - [MESSAGE][PASSED] - Object: 'Object Repository/Master Data/Admin Sekolah/Profile/Ubah Password/Tombol X' is clicked on

06-01-2025T10:20:24 - [MESSAGE][PASSED] - Call Test Case 'Test Cases/Master Data/Admin Sekolah/Profile/Ubah Password/Ubah Password' successfully

06-01-2025T10:20:24 - [TEST_STEP][PASSED] - callTestCase(findTestCase("Test Cases/Master Data/Admin Sekolah/Profile/Upload Photo Profile/Ubah Foto"), [:], CONTINUE_ON_FAILURE): Call Test Case 'Test Cases/Master Data/Admin Sekolah/Profile/Upload Photo Profile/Ubah Foto' successfully

06-01-2025T10:20:24 - [TEST_CASE][PASSED] - Test Cases/Master Data/Admin Sekolah/Profile/Upload Photo Profile/Ubah Foto: Test Cases/Master Data/Admin Sekolah/Profile/Upload Photo Profile/Ubah Foto

06-01-2025T10:20:24 - [TEST_STEP][PASSED] - openBrowser("", OPTIONAL): Browser is opened with url: ''

06-01-2025T10:20:24 - [MESSAGE][WARNING] - A browser is already opened. Closing browser and opening a new one

06-01-2025T10:20:24 - [MESSAGE][INFO] - Starting 'Chrome' driver

06-01-2025T10:20:24 - [MESSAGE][INFO] - Action delay is set to 0 milliseconds

06-01-2025T10:20:25 - [MESSAGE][PASSED] - Browser is opened with url: ''

06-01-2025T10:20:25 - [TEST_STEP][PASSED] - navigateToUrl("https://sit.siprusedu.com/login", OPTIONAL): Navigate to 'https://sit.siprusedu.com/login' successfully

06-01-2025T10:20:25 - [MESSAGE][PASSED] - Navigate to 'https://sit.siprusedu.com/login' successfully

06-01-2025T10:20:25 - [TEST_STEP][PASSED] - click(findTestObject("Master Data/Admin Sekolah/Login/Field Email"), OPTIONAL): Object: 'Object Repository/Master Data/Admin Sekolah/Login/Field Email' is clicked on

06-01-2025T10:20:27 - [MESSAGE][PASSED] - Object: 'Object Repository/Master Data/Admin Sekolah/Login/Field Email' is clicked on

06-01-2025T10:20:27 - [TEST_STEP][PASSED] - setText(findTestObject("Master Data/Admin Sekolah/Login/Field Email"), "admin.gudangsolusi@digiform.co.id", OPTIONAL): Text 'admin.gudangsolusi@digiform.co.id' is set on object 'Object Repository/Master Data/Admin Sekolah/Login/Field Email'

06-01-2025T10:20:27 - [MESSAGE][PASSED] - Text 'admin.gudangsolusi@digiform.co.id' is set on object 'Object Repository/Master Data/Admin Sekolah/Login/Field Email'

06-01-2025T10:20:27 - [TEST_STEP][PASSED] - click(findTestObject("Master Data/Admin Sekolah/Login/Input Password"), OPTIONAL): Object: 'Object Repository/Master Data/Admin Sekolah/Login/Input Password' is clicked on

06-01-2025T10:20:27 - [MESSAGE][PASSED] - Object: 'Object Repository/Master Data/Admin Sekolah/Login/Input Password' is clicked on

06-01-2025T10:20:27 - [TEST_STEP][PASSED] - setText(findTestObject("Master Data/Admin Sekolah/Login/Input Password"), "Test1234", OPTIONAL): Text 'Test1234' is set on object 'Object Repository/Master Data/Admin Sekolah/Login/Input Password'

06-01-2025T10:20:28 - [MESSAGE][PASSED] - Text 'Test1234' is set on object 'Object Repository/Master Data/Admin Sekolah/Login/Input Password'

06-01-2025T10:20:28 - [TEST_STEP][PASSED] - click(findTestObject("Master Data/Admin Sekolah/Login/Button Submit"), OPTIONAL): Object: 'Object Repository/Master Data/Admin Sekolah/Login/Button Submit' is clicked on

06-01-2025T10:20:28 - [MESSAGE][PASSED] - Object: 'Object Repository/Master Data/Admin Sekolah/Login/Button Submit' is clicked on

06-01-2025T10:20:28 - [TEST_STEP][PASSED] - delay(1, OPTIONAL): Delayed 1 second(s)

06-01-2025T10:20:29 - [MESSAGE][PASSED] - Delayed 1 second(s)

06-01-2025T10:20:29 - [TEST_STEP][PASSED] - delay(2, OPTIONAL): Delayed 2 second(s)

06-01-2025T10:20:31 - [MESSAGE][PASSED] - Delayed 2 second(s)

06-01-2025T10:20:31 - [TEST_STEP][PASSED] - click(findTestObject("Master Data/Admin Sekolah/Profile/Klik Profile"), OPTIONAL): Object: 'Object Repository/Master Data/Admin Sekolah/Profile/Klik Profile' is clicked on

06-01-2025T10:20:31 - [MESSAGE][PASSED] - Object: 'Object Repository/Master Data/Admin Sekolah/Profile/Klik Profile' is clicked on

06-01-2025T10:20:31 - [TEST_STEP][PASSED] - delay(1, OPTIONAL): Delayed 1 second(s)

06-01-2025T10:20:32 - [MESSAGE][PASSED] - Delayed 1 second(s)

06-01-2025T10:20:32 - [TEST_STEP][PASSED] - click(findTestObject("Master Data/Admin Sekolah/Profile/Ubah Foto Profile/Klik Menu Ubah Foto Profile"), OPTIONAL): Object: 'Object Repository/Master Data/Admin Sekolah/Profile/Ubah Foto Profile/Klik Menu Ubah Foto Profile' is clicked on

06-01-2025T10:20:33 - [MESSAGE][PASSED] - Object: 'Object Repository/Master Data/Admin Sekolah/Profile/Ubah Foto Profile/Klik Menu Ubah Foto Profile' is clicked on

06-01-2025T10:20:33 - [TEST_STEP][PASSED] - delay(1, OPTIONAL): Delayed 1 second(s)

06-01-2025T10:20:34 - [MESSAGE][PASSED] - Delayed 1 second(s)

06-01-2025T10:20:34 - [TEST_STEP][PASSED] - fotoFilePath = "C:/Users/akmal/Downloads/admin.png": null

06-01-2025T10:20:34 - [TEST_STEP][PASSED] - click(findTestObject("Master Data/Admin Sekolah/Profile/Ubah Foto Profile/Klik Unggah File"), OPTIONAL): Object: 'Object Repository/Master Data/Admin Sekolah/Profile/Ubah Foto Profile/Klik Unggah File' is clicked on

06-01-2025T10:20:34 - [MESSAGE][PASSED] - Object: 'Object Repository/Master Data/Admin Sekolah/Profile/Ubah Foto Profile/Klik Unggah File' is clicked on

06-01-2025T10:20:34 - [TEST_STEP][PASSED] - delay(2, OPTIONAL): Delayed 2 second(s)

06-01-2025T10:20:36 - [MESSAGE][PASSED] - Delayed 2 second(s)

06-01-2025T10:20:36 - [TEST_STEP][PASSED] - uploadFile(findTestObject("Master Data/Admin Sekolah/Profile/Ubah Foto Profile/Unggah File"), fotoFilePath, OPTIONAL): Unable to upload file 'C:/Users/akmal/Downloads/admin.png' to object 'Object Repository/Master Data/Admin Sekolah/Profile/Ubah Foto Profile/Unggah File' (Root cause: com.kms.katalon.core.exception.StepFailedException: Unable to upload file 'C:/Users/akmal/Downloads/admin.png' to object 'Object Repository/Master Data/Admin Sekolah/Profile/Ubah Foto Profile/Unggah File'
	at com.kms.katalon.core.webui.keyword.internal.WebUIKeywordMain.stepFailed(WebUIKeywordMain.groovy:117)
	at com.kms.katalon.core.webui.keyword.internal.WebUIKeywordMain.runKeyword(WebUIKeywordMain.groovy:43)
	at com.kms.katalon.core.webui.keyword.builtin.UploadFileKeyword.uploadFile(UploadFileKeyword.groovy:87)
	at com.kms.katalon.core.webui.keyword.builtin.UploadFileKeyword.execute(UploadFileKeyword.groovy:68)
	at com.kms.katalon.core.keyword.internal.KeywordExecutor.executeKeywordForPlatform(KeywordExecutor.groovy:74)
	at com.kms.katalon.core.webui.keyword.WebUiBuiltInKeywords.uploadFile(WebUiBuiltInKeywords.groovy:4140)
	at Ubah Foto.run(Ubah Foto:55)
	at com.kms.katalon.core.main.ScriptEngine.run(ScriptEngine.java:194)
	at com.kms.katalon.core.main.ScriptEngine.runScriptAsRawText(ScriptEngine.java:119)
	at com.kms.katalon.core.main.TestCaseExecutor.runScript(TestCaseExecutor.java:448)
	at com.kms.katalon.core.main.TestCaseExecutor.doExecute(TestCaseExecutor.java:439)
	at com.kms.katalon.core.main.TestCaseExecutor.processExecutionPhase(TestCaseExecutor.java:418)
	at com.kms.katalon.core.main.TestCaseExecutor.accessMainPhase(TestCaseExecutor.java:410)
	at com.kms.katalon.core.main.TestCaseExecutor.execute(TestCaseExecutor.java:285)
	at com.kms.katalon.core.main.TestCaseMain.runTestCase(TestCaseMain.java:133)
	at com.kms.katalon.core.keyword.builtin.CallTestCaseKeyword$_callTestCase_closure1.doCall(CallTestCaseKeyword.groovy:59)
	at com.kms.katalon.core.keyword.builtin.CallTestCaseKeyword$_callTestCase_closure1.call(CallTestCaseKeyword.groovy)
	at com.kms.katalon.core.keyword.internal.KeywordMain.runKeyword(KeywordMain.groovy:75)
	at com.kms.katalon.core.keyword.builtin.CallTestCaseKeyword.callTestCase(CallTestCaseKeyword.groovy:81)
	at com.kms.katalon.core.keyword.builtin.CallTestCaseKeyword.execute(CallTestCaseKeyword.groovy:44)
	at com.kms.katalon.core.keyword.internal.KeywordExecutor.executeKeywordForPlatform(KeywordExecutor.groovy:74)
	at com.kms.katalon.core.keyword.BuiltinKeywords.callTestCase(BuiltinKeywords.groovy:310)
	at jdk.internal.reflect.GeneratedMethodAccessor47.invoke(Unknown Source)
	at java.base/jdk.internal.reflect.DelegatingMethodAccessorImpl.invoke(DelegatingMethodAccessorImpl.java:43)
	at Regresi Profile.run(Regresi Profile:25)
	at com.kms.katalon.core.main.ScriptEngine.run(ScriptEngine.java:194)
	at com.kms.katalon.core.main.ScriptEngine.runScriptAsRawText(ScriptEngine.java:119)
	at com.kms.katalon.core.main.TestCaseExecutor.runScript(TestCaseExecutor.java:448)
	at com.kms.katalon.core.main.TestCaseExecutor.doExecute(TestCaseExecutor.java:439)
	at com.kms.katalon.core.main.TestCaseExecutor.processExecutionPhase(TestCaseExecutor.java:418)
	at com.kms.katalon.core.main.TestCaseExecutor.accessMainPhase(TestCaseExecutor.java:410)
	at com.kms.katalon.core.main.TestCaseExecutor.execute(TestCaseExecutor.java:285)
	at com.kms.katalon.core.common.CommonExecutor.accessTestCaseMainPhase(CommonExecutor.java:65)
	at com.kms.katalon.core.main.TestSuiteExecutor.accessTestSuiteMainPhase(TestSuiteExecutor.java:161)
	at com.kms.katalon.core.main.TestSuiteExecutor.execute(TestSuiteExecutor.java:107)
	at com.kms.katalon.core.main.TestCaseMain.startTestSuite(TestCaseMain.java:176)
	at TempTestSuite1736130766400.run(TempTestSuite1736130766400.groovy:35)
	at java.base/jdk.internal.reflect.NativeMethodAccessorImpl.invoke0(Native Method)
	at java.base/jdk.internal.reflect.NativeMethodAccessorImpl.invoke(NativeMethodAccessorImpl.java:77)
	at java.base/jdk.internal.reflect.DelegatingMethodAccessorImpl.invoke(DelegatingMethodAccessorImpl.java:43)
Caused by: org.openqa.selenium.InvalidArgumentException: invalid argument: File not found : C:/Users/akmal/Downloads/admin.png
  (Session info: chrome=131.0.6778.205)
Build info: version: '4.22.0', revision: 'c5f3146703'
System info: os.name: 'Windows 11', os.arch: 'amd64', os.version: '10.0', java.version: '17.0.7'
Driver info: com.kms.katalon.selenium.driver.CChromeDriver
Command: [01dce80d82ea632ab7baa204cca224b5, sendKeysToElement {id=f.1869171FCA65E13FE4EC53FC9B7A41F3.d.5589D3662B0863CF8FD2398583E13492.e.36, value=[Ljava.lang.CharSequence;@730eb2d9}]
Capabilities {acceptInsecureCerts: false, browserName: chrome, browserVersion: 131.0.6778.205, chrome: {chromedriverVersion: 130.0.6723.58 (3a50e012e4c9..., userDataDir: C:\Users\henri\AppData\Loca...}, fedcm:accounts: true, goog:chromeOptions: {debuggerAddress: localhost:52909}, networkConnectionEnabled: false, pageLoadStrategy: normal, platformName: windows, proxy: Proxy(), se:cdp: ws://localhost:52909/devtoo..., se:cdpVersion: 131.0.6778.205, setWindowRect: true, strictFileInteractability: false, timeouts: {implicit: 0, pageLoad: 300000, script: 30000}, unhandledPromptBehavior: ignore, webSocketUrl: ws://localhost:38764/sessio..., webauthn:extension:credBlob: true, webauthn:extension:largeBlob: true, webauthn:extension:minPinLength: true, webauthn:extension:prf: true, webauthn:virtualAuthenticators: true}
Element: [[CChromeDriver: chrome on windows (01dce80d82ea632ab7baa204cca224b5)] -> xpath: //input[@id='upload-upload-file-Foto Profil']
]
Session ID: 01dce80d82ea632ab7baa204cca224b5
	at java.base/jdk.internal.reflect.NativeConstructorAccessorImpl.newInstance0(Native Method)
	at java.base/jdk.internal.reflect.NativeConstructorAccessorImpl.newInstance(NativeConstructorAccessorImpl.java:77)
	at java.base/jdk.internal.reflect.DelegatingConstructorAccessorImpl.newInstance(DelegatingConstructorAccessorImpl.java:45)
	at org.openqa.selenium.remote.ErrorCodec.decode(ErrorCodec.java:167)
	at org.openqa.selenium.remote.codec.w3c.W3CHttpResponseCodec.decode(W3CHttpResponseCodec.java:138)
	at org.openqa.selenium.remote.codec.w3c.W3CHttpResponseCodec.decode(W3CHttpResponseCodec.java:50)
	at org.openqa.selenium.remote.HttpCommandExecutor.execute(HttpCommandExecutor.java:190)
	at org.openqa.selenium.remote.service.DriverCommandExecutor.invokeExecute(DriverCommandExecutor.java:216)
	at org.openqa.selenium.remote.service.DriverCommandExecutor.execute(DriverCommandExecutor.java:174)
	at org.openqa.selenium.remote.RemoteWebDriver.execute(RemoteWebDriver.java:518)
	at org.openqa.selenium.remote.RemoteWebElement.execute(RemoteWebElement.java:223)
	at org.openqa.selenium.remote.RemoteWebElement.sendKeys(RemoteWebElement.java:110)
	at jdk.internal.reflect.GeneratedMethodAccessor27.invoke(Unknown Source)
	at java.base/jdk.internal.reflect.DelegatingMethodAccessorImpl.invoke(DelegatingMethodAccessorImpl.java:43)
	at org.openqa.selenium.support.decorators.WebDriverDecorator.call(WebDriverDecorator.java:249)
	at org.openqa.selenium.support.decorators.DefaultDecorated.call(DefaultDecorated.java:48)
	at org.openqa.selenium.support.decorators.WebDriverDecorator.lambda$createProxy$2(WebDriverDecorator.java:321)
	at net.bytebuddy.renamed.java.lang.Object$ByteBuddy$3kHfLYT0.sendKeys(Unknown Source)
	at com.kms.katalon.core.webui.keyword.builtin.UploadFileKeyword$_uploadFile_closure1.doCall(UploadFileKeyword.groovy:80)
	at com.kms.katalon.core.webui.keyword.builtin.UploadFileKeyword$_uploadFile_closure1.call(UploadFileKeyword.groovy)
	at com.kms.katalon.core.webui.keyword.internal.WebUIKeywordMain.runKeyword(WebUIKeywordMain.groovy:35)
	at com.kms.katalon.core.webui.keyword.builtin.UploadFileKeyword.uploadFile(UploadFileKeyword.groovy:87)
	at com.kms.katalon.core.webui.keyword.builtin.UploadFileKeyword.execute(UploadFileKeyword.groovy:68)
	at com.kms.katalon.core.keyword.internal.KeywordExecutor.executeKeywordForPlatform(KeywordExecutor.groovy:74)
	at com.kms.katalon.core.webui.keyword.WebUiBuiltInKeywords.uploadFile(WebUiBuiltInKeywords.groovy:4140)
	at Script1734333226064.run(Script1734333226064.groovy:55)
	at com.kms.katalon.core.main.ScriptEngine.run(ScriptEngine.java:194)
	at com.kms.katalon.core.main.ScriptEngine.runScriptAsRawText(ScriptEngine.java:119)
	at com.kms.katalon.core.main.TestCaseExecutor.runScript(TestCaseExecutor.java:448)
	at com.kms.katalon.core.main.TestCaseExecutor.doExecute(TestCaseExecutor.java:439)
	at com.kms.katalon.core.main.TestCaseExecutor.processExecutionPhase(TestCaseExecutor.java:418)
	at com.kms.katalon.core.main.TestCaseExecutor.accessMainPhase(TestCaseExecutor.java:410)
	at com.kms.katalon.core.main.TestCaseExecutor.execute(TestCaseExecutor.java:285)
	at com.kms.katalon.core.main.TestCaseMain.runTestCase(TestCaseMain.java:133)
	at com.kms.katalon.core.keyword.builtin.CallTestCaseKeyword$_callTestCase_closure1.doCall(CallTestCaseKeyword.groovy:59)
	at com.kms.katalon.core.keyword.builtin.CallTestCaseKeyword$_callTestCase_closure1.call(CallTestCaseKeyword.groovy)
	at com.kms.katalon.core.keyword.internal.KeywordMain.runKeyword(KeywordMain.groovy:75)
	at com.kms.katalon.core.keyword.builtin.CallTestCaseKeyword.callTestCase(CallTestCaseKeyword.groovy:81)
	at com.kms.katalon.core.keyword.builtin.CallTestCaseKeyword.execute(CallTestCaseKeyword.groovy:44)
	at com.kms.katalon.core.keyword.internal.KeywordExecutor.executeKeywordForPlatform(KeywordExecutor.groovy:74)
	at com.kms.katalon.core.keyword.BuiltinKeywords.callTestCase(BuiltinKeywords.groovy:310)
	at jdk.internal.reflect.GeneratedMethodAccessor47.invoke(Unknown Source)
	at java.base/jdk.internal.reflect.DelegatingMethodAccessorImpl.invoke(DelegatingMethodAccessorImpl.java:43)
	at Script1735790912267.run(Script1735790912267.groovy:25)
	... 15 more
)

06-01-2025T10:20:36 - [MESSAGE][WARNING] - Unable to upload file 'C:/Users/akmal/Downloads/admin.png' to object 'Object Repository/Master Data/Admin Sekolah/Profile/Ubah Foto Profile/Unggah File' (Root cause: com.kms.katalon.core.exception.StepFailedException: Unable to upload file 'C:/Users/akmal/Downloads/admin.png' to object 'Object Repository/Master Data/Admin Sekolah/Profile/Ubah Foto Profile/Unggah File'
	at com.kms.katalon.core.webui.keyword.internal.WebUIKeywordMain.stepFailed(WebUIKeywordMain.groovy:117)
	at com.kms.katalon.core.webui.keyword.internal.WebUIKeywordMain.runKeyword(WebUIKeywordMain.groovy:43)
	at com.kms.katalon.core.webui.keyword.builtin.UploadFileKeyword.uploadFile(UploadFileKeyword.groovy:87)
	at com.kms.katalon.core.webui.keyword.builtin.UploadFileKeyword.execute(UploadFileKeyword.groovy:68)
	at com.kms.katalon.core.keyword.internal.KeywordExecutor.executeKeywordForPlatform(KeywordExecutor.groovy:74)
	at com.kms.katalon.core.webui.keyword.WebUiBuiltInKeywords.uploadFile(WebUiBuiltInKeywords.groovy:4140)
	at Ubah Foto.run(Ubah Foto:55)
	at com.kms.katalon.core.main.ScriptEngine.run(ScriptEngine.java:194)
	at com.kms.katalon.core.main.ScriptEngine.runScriptAsRawText(ScriptEngine.java:119)
	at com.kms.katalon.core.main.TestCaseExecutor.runScript(TestCaseExecutor.java:448)
	at com.kms.katalon.core.main.TestCaseExecutor.doExecute(TestCaseExecutor.java:439)
	at com.kms.katalon.core.main.TestCaseExecutor.processExecutionPhase(TestCaseExecutor.java:418)
	at com.kms.katalon.core.main.TestCaseExecutor.accessMainPhase(TestCaseExecutor.java:410)
	at com.kms.katalon.core.main.TestCaseExecutor.execute(TestCaseExecutor.java:285)
	at com.kms.katalon.core.main.TestCaseMain.runTestCase(TestCaseMain.java:133)
	at com.kms.katalon.core.keyword.builtin.CallTestCaseKeyword$_callTestCase_closure1.doCall(CallTestCaseKeyword.groovy:59)
	at com.kms.katalon.core.keyword.builtin.CallTestCaseKeyword$_callTestCase_closure1.call(CallTestCaseKeyword.groovy)
	at com.kms.katalon.core.keyword.internal.KeywordMain.runKeyword(KeywordMain.groovy:75)
	at com.kms.katalon.core.keyword.builtin.CallTestCaseKeyword.callTestCase(CallTestCaseKeyword.groovy:81)
	at com.kms.katalon.core.keyword.builtin.CallTestCaseKeyword.execute(CallTestCaseKeyword.groovy:44)
	at com.kms.katalon.core.keyword.internal.KeywordExecutor.executeKeywordForPlatform(KeywordExecutor.groovy:74)
	at com.kms.katalon.core.keyword.BuiltinKeywords.callTestCase(BuiltinKeywords.groovy:310)
	at jdk.internal.reflect.GeneratedMethodAccessor47.invoke(Unknown Source)
	at java.base/jdk.internal.reflect.DelegatingMethodAccessorImpl.invoke(DelegatingMethodAccessorImpl.java:43)
	at Regresi Profile.run(Regresi Profile:25)
	at com.kms.katalon.core.main.ScriptEngine.run(ScriptEngine.java:194)
	at com.kms.katalon.core.main.ScriptEngine.runScriptAsRawText(ScriptEngine.java:119)
	at com.kms.katalon.core.main.TestCaseExecutor.runScript(TestCaseExecutor.java:448)
	at com.kms.katalon.core.main.TestCaseExecutor.doExecute(TestCaseExecutor.java:439)
	at com.kms.katalon.core.main.TestCaseExecutor.processExecutionPhase(TestCaseExecutor.java:418)
	at com.kms.katalon.core.main.TestCaseExecutor.accessMainPhase(TestCaseExecutor.java:410)
	at com.kms.katalon.core.main.TestCaseExecutor.execute(TestCaseExecutor.java:285)
	at com.kms.katalon.core.common.CommonExecutor.accessTestCaseMainPhase(CommonExecutor.java:65)
	at com.kms.katalon.core.main.TestSuiteExecutor.accessTestSuiteMainPhase(TestSuiteExecutor.java:161)
	at com.kms.katalon.core.main.TestSuiteExecutor.execute(TestSuiteExecutor.java:107)
	at com.kms.katalon.core.main.TestCaseMain.startTestSuite(TestCaseMain.java:176)
	at TempTestSuite1736130766400.run(TempTestSuite1736130766400.groovy:35)
	at java.base/jdk.internal.reflect.NativeMethodAccessorImpl.invoke0(Native Method)
	at java.base/jdk.internal.reflect.NativeMethodAccessorImpl.invoke(NativeMethodAccessorImpl.java:77)
	at java.base/jdk.internal.reflect.DelegatingMethodAccessorImpl.invoke(DelegatingMethodAccessorImpl.java:43)
Caused by: org.openqa.selenium.InvalidArgumentException: invalid argument: File not found : C:/Users/akmal/Downloads/admin.png
  (Session info: chrome=131.0.6778.205)
Build info: version: '4.22.0', revision: 'c5f3146703'
System info: os.name: 'Windows 11', os.arch: 'amd64', os.version: '10.0', java.version: '17.0.7'
Driver info: com.kms.katalon.selenium.driver.CChromeDriver
Command: [01dce80d82ea632ab7baa204cca224b5, sendKeysToElement {id=f.1869171FCA65E13FE4EC53FC9B7A41F3.d.5589D3662B0863CF8FD2398583E13492.e.36, value=[Ljava.lang.CharSequence;@730eb2d9}]
Capabilities {acceptInsecureCerts: false, browserName: chrome, browserVersion: 131.0.6778.205, chrome: {chromedriverVersion: 130.0.6723.58 (3a50e012e4c9..., userDataDir: C:\Users\henri\AppData\Loca...}, fedcm:accounts: true, goog:chromeOptions: {debuggerAddress: localhost:52909}, networkConnectionEnabled: false, pageLoadStrategy: normal, platformName: windows, proxy: Proxy(), se:cdp: ws://localhost:52909/devtoo..., se:cdpVersion: 131.0.6778.205, setWindowRect: true, strictFileInteractability: false, timeouts: {implicit: 0, pageLoad: 300000, script: 30000}, unhandledPromptBehavior: ignore, webSocketUrl: ws://localhost:38764/sessio..., webauthn:extension:credBlob: true, webauthn:extension:largeBlob: true, webauthn:extension:minPinLength: true, webauthn:extension:prf: true, webauthn:virtualAuthenticators: true}
Element: [[CChromeDriver: chrome on windows (01dce80d82ea632ab7baa204cca224b5)] -> xpath: //input[@id='upload-upload-file-Foto Profil']
]
Session ID: 01dce80d82ea632ab7baa204cca224b5
	at java.base/jdk.internal.reflect.NativeConstructorAccessorImpl.newInstance0(Native Method)
	at java.base/jdk.internal.reflect.NativeConstructorAccessorImpl.newInstance(NativeConstructorAccessorImpl.java:77)
	at java.base/jdk.internal.reflect.DelegatingConstructorAccessorImpl.newInstance(DelegatingConstructorAccessorImpl.java:45)
	at org.openqa.selenium.remote.ErrorCodec.decode(ErrorCodec.java:167)
	at org.openqa.selenium.remote.codec.w3c.W3CHttpResponseCodec.decode(W3CHttpResponseCodec.java:138)
	at org.openqa.selenium.remote.codec.w3c.W3CHttpResponseCodec.decode(W3CHttpResponseCodec.java:50)
	at org.openqa.selenium.remote.HttpCommandExecutor.execute(HttpCommandExecutor.java:190)
	at org.openqa.selenium.remote.service.DriverCommandExecutor.invokeExecute(DriverCommandExecutor.java:216)
	at org.openqa.selenium.remote.service.DriverCommandExecutor.execute(DriverCommandExecutor.java:174)
	at org.openqa.selenium.remote.RemoteWebDriver.execute(RemoteWebDriver.java:518)
	at org.openqa.selenium.remote.RemoteWebElement.execute(RemoteWebElement.java:223)
	at org.openqa.selenium.remote.RemoteWebElement.sendKeys(RemoteWebElement.java:110)
	at jdk.internal.reflect.GeneratedMethodAccessor27.invoke(Unknown Source)
	at java.base/jdk.internal.reflect.DelegatingMethodAccessorImpl.invoke(DelegatingMethodAccessorImpl.java:43)
	at org.openqa.selenium.support.decorators.WebDriverDecorator.call(WebDriverDecorator.java:249)
	at org.openqa.selenium.support.decorators.DefaultDecorated.call(DefaultDecorated.java:48)
	at org.openqa.selenium.support.decorators.WebDriverDecorator.lambda$createProxy$2(WebDriverDecorator.java:321)
	at net.bytebuddy.renamed.java.lang.Object$ByteBuddy$3kHfLYT0.sendKeys(Unknown Source)
	at com.kms.katalon.core.webui.keyword.builtin.UploadFileKeyword$_uploadFile_closure1.doCall(UploadFileKeyword.groovy:80)
	at com.kms.katalon.core.webui.keyword.builtin.UploadFileKeyword$_uploadFile_closure1.call(UploadFileKeyword.groovy)
	at com.kms.katalon.core.webui.keyword.internal.WebUIKeywordMain.runKeyword(WebUIKeywordMain.groovy:35)
	at com.kms.katalon.core.webui.keyword.builtin.UploadFileKeyword.uploadFile(UploadFileKeyword.groovy:87)
	at com.kms.katalon.core.webui.keyword.builtin.UploadFileKeyword.execute(UploadFileKeyword.groovy:68)
	at com.kms.katalon.core.keyword.internal.KeywordExecutor.executeKeywordForPlatform(KeywordExecutor.groovy:74)
	at com.kms.katalon.core.webui.keyword.WebUiBuiltInKeywords.uploadFile(WebUiBuiltInKeywords.groovy:4140)
	at Script1734333226064.run(Script1734333226064.groovy:55)
	at com.kms.katalon.core.main.ScriptEngine.run(ScriptEngine.java:194)
	at com.kms.katalon.core.main.ScriptEngine.runScriptAsRawText(ScriptEngine.java:119)
	at com.kms.katalon.core.main.TestCaseExecutor.runScript(TestCaseExecutor.java:448)
	at com.kms.katalon.core.main.TestCaseExecutor.doExecute(TestCaseExecutor.java:439)
	at com.kms.katalon.core.main.TestCaseExecutor.processExecutionPhase(TestCaseExecutor.java:418)
	at com.kms.katalon.core.main.TestCaseExecutor.accessMainPhase(TestCaseExecutor.java:410)
	at com.kms.katalon.core.main.TestCaseExecutor.execute(TestCaseExecutor.java:285)
	at com.kms.katalon.core.main.TestCaseMain.runTestCase(TestCaseMain.java:133)
	at com.kms.katalon.core.keyword.builtin.CallTestCaseKeyword$_callTestCase_closure1.doCall(CallTestCaseKeyword.groovy:59)
	at com.kms.katalon.core.keyword.builtin.CallTestCaseKeyword$_callTestCase_closure1.call(CallTestCaseKeyword.groovy)
	at com.kms.katalon.core.keyword.internal.KeywordMain.runKeyword(KeywordMain.groovy:75)
	at com.kms.katalon.core.keyword.builtin.CallTestCaseKeyword.callTestCase(CallTestCaseKeyword.groovy:81)
	at com.kms.katalon.core.keyword.builtin.CallTestCaseKeyword.execute(CallTestCaseKeyword.groovy:44)
	at com.kms.katalon.core.keyword.internal.KeywordExecutor.executeKeywordForPlatform(KeywordExecutor.groovy:74)
	at com.kms.katalon.core.keyword.BuiltinKeywords.callTestCase(BuiltinKeywords.groovy:310)
	at jdk.internal.reflect.GeneratedMethodAccessor47.invoke(Unknown Source)
	at java.base/jdk.internal.reflect.DelegatingMethodAccessorImpl.invoke(DelegatingMethodAccessorImpl.java:43)
	at Script1735790912267.run(Script1735790912267.groovy:25)
	... 15 more
)
[[ATTACHMENT|C:\\Users\\henri\\Videos\\school-payment-automation-testing\\Reports\\20250106_093246\\Regresi All Sprint\\20250106_093246\\1736133636718.png]]

06-01-2025T10:20:36 - [TEST_STEP][PASSED] - click(findTestObject("Master Data/Admin Sekolah/Profile/Ubah Foto Profile/Terapkan"), OPTIONAL): Object: 'Object Repository/Master Data/Admin Sekolah/Profile/Ubah Foto Profile/Terapkan' is clicked on

06-01-2025T10:20:37 - [MESSAGE][PASSED] - Object: 'Object Repository/Master Data/Admin Sekolah/Profile/Ubah Foto Profile/Terapkan' is clicked on

06-01-2025T10:20:37 - [TEST_STEP][PASSED] - delay(5, OPTIONAL): Delayed 5 second(s)

06-01-2025T10:20:42 - [MESSAGE][PASSED] - Delayed 5 second(s)

06-01-2025T10:20:42 - [TEST_STEP][PASSED] - closeBrowser(OPTIONAL): Browser is closed

06-01-2025T10:20:42 - [MESSAGE][PASSED] - Browser is closed

06-01-2025T10:20:42 - [MESSAGE][PASSED] - Call Test Case 'Test Cases/Master Data/Admin Sekolah/Profile/Upload Photo Profile/Ubah Foto' successfully

06-01-2025T10:20:42 - [TEST_STEP][PASSED] - println("============================= Loop Again ==============================="): null

06-01-2025T10:20:42 - [TEST_STEP][PASSED] - callTestCase(findTestCase("Test Cases/Master Data/Admin Sekolah/Profile/Ubah Password/Ubah Password"), [:], CONTINUE_ON_FAILURE): Call Test Case 'Test Cases/Master Data/Admin Sekolah/Profile/Ubah Password/Ubah Password' successfully

06-01-2025T10:20:42 - [TEST_CASE][PASSED] - Test Cases/Master Data/Admin Sekolah/Profile/Ubah Password/Ubah Password: Test Cases/Master Data/Admin Sekolah/Profile/Ubah Password/Ubah Password

06-01-2025T10:20:42 - [TEST_STEP][PASSED] - openBrowser(""): Browser is opened with url: ''

06-01-2025T10:20:42 - [MESSAGE][INFO] - Starting 'Chrome' driver

06-01-2025T10:20:42 - [MESSAGE][INFO] - Action delay is set to 0 milliseconds

06-01-2025T10:20:43 - [MESSAGE][PASSED] - Browser is opened with url: ''

06-01-2025T10:20:43 - [TEST_STEP][PASSED] - navigateToUrl("https://sit.siprusedu.com/login"): Navigate to 'https://sit.siprusedu.com/login' successfully

06-01-2025T10:20:43 - [MESSAGE][PASSED] - Navigate to 'https://sit.siprusedu.com/login' successfully

06-01-2025T10:20:43 - [TEST_STEP][PASSED] - click(findTestObject("Master Data/Admin Sekolah/Login/Field Email")): Object: 'Object Repository/Master Data/Admin Sekolah/Login/Field Email' is clicked on

06-01-2025T10:20:45 - [MESSAGE][PASSED] - Object: 'Object Repository/Master Data/Admin Sekolah/Login/Field Email' is clicked on

06-01-2025T10:20:45 - [TEST_STEP][PASSED] - setText(findTestObject("Master Data/Admin Sekolah/Login/Field Email"), "admin.gudangsolusi@digiform.co.id"): Text 'admin.gudangsolusi@digiform.co.id' is set on object 'Object Repository/Master Data/Admin Sekolah/Login/Field Email'

06-01-2025T10:20:45 - [MESSAGE][PASSED] - Text 'admin.gudangsolusi@digiform.co.id' is set on object 'Object Repository/Master Data/Admin Sekolah/Login/Field Email'

06-01-2025T10:20:45 - [TEST_STEP][PASSED] - click(findTestObject("Master Data/Admin Sekolah/Login/Input Password")): Object: 'Object Repository/Master Data/Admin Sekolah/Login/Input Password' is clicked on

06-01-2025T10:20:46 - [MESSAGE][PASSED] - Object: 'Object Repository/Master Data/Admin Sekolah/Login/Input Password' is clicked on

06-01-2025T10:20:46 - [TEST_STEP][PASSED] - setText(findTestObject("Master Data/Admin Sekolah/Login/Input Password"), "Test1234"): Text 'Test1234' is set on object 'Object Repository/Master Data/Admin Sekolah/Login/Input Password'

06-01-2025T10:20:46 - [MESSAGE][PASSED] - Text 'Test1234' is set on object 'Object Repository/Master Data/Admin Sekolah/Login/Input Password'

06-01-2025T10:20:46 - [TEST_STEP][PASSED] - click(findTestObject("Master Data/Admin Sekolah/Login/Button Submit")): Object: 'Object Repository/Master Data/Admin Sekolah/Login/Button Submit' is clicked on

06-01-2025T10:20:46 - [MESSAGE][PASSED] - Object: 'Object Repository/Master Data/Admin Sekolah/Login/Button Submit' is clicked on

06-01-2025T10:20:46 - [TEST_STEP][PASSED] - delay(1): Delayed 1 second(s)

06-01-2025T10:20:47 - [MESSAGE][PASSED] - Delayed 1 second(s)

06-01-2025T10:20:47 - [TEST_STEP][PASSED] - delay(2): Delayed 2 second(s)

06-01-2025T10:20:49 - [MESSAGE][PASSED] - Delayed 2 second(s)

06-01-2025T10:20:49 - [TEST_STEP][PASSED] - click(findTestObject("Master Data/Admin Sekolah/Profile/Klik Profile")): Object: 'Object Repository/Master Data/Admin Sekolah/Profile/Klik Profile' is clicked on

06-01-2025T10:20:50 - [MESSAGE][PASSED] - Object: 'Object Repository/Master Data/Admin Sekolah/Profile/Klik Profile' is clicked on

06-01-2025T10:20:50 - [TEST_STEP][PASSED] - delay(1): Delayed 1 second(s)

06-01-2025T10:20:51 - [MESSAGE][PASSED] - Delayed 1 second(s)

06-01-2025T10:20:51 - [TEST_STEP][PASSED] - click(findTestObject("Master Data/Admin Sekolah/Profile/Ubah Password/Klik Ubah Password")): Object: 'Object Repository/Master Data/Admin Sekolah/Profile/Ubah Password/Klik Ubah Password' is clicked on

06-01-2025T10:20:51 - [MESSAGE][PASSED] - Object: 'Object Repository/Master Data/Admin Sekolah/Profile/Ubah Password/Klik Ubah Password' is clicked on

06-01-2025T10:20:51 - [TEST_STEP][PASSED] - delay(1): Delayed 1 second(s)

06-01-2025T10:20:52 - [MESSAGE][PASSED] - Delayed 1 second(s)

06-01-2025T10:20:52 - [TEST_STEP][PASSED] - click(findTestObject("Master Data/Admin Sekolah/Profile/Ubah Password/Klik Password Lama")): Object: 'Object Repository/Master Data/Admin Sekolah/Profile/Ubah Password/Klik Password Lama' is clicked on

06-01-2025T10:20:52 - [MESSAGE][PASSED] - Object: 'Object Repository/Master Data/Admin Sekolah/Profile/Ubah Password/Klik Password Lama' is clicked on

06-01-2025T10:20:52 - [TEST_STEP][PASSED] - delay(2): Delayed 2 second(s)

06-01-2025T10:20:54 - [MESSAGE][PASSED] - Delayed 2 second(s)

06-01-2025T10:20:54 - [TEST_STEP][PASSED] - setText(findTestObject("Master Data/Admin Sekolah/Profile/Ubah Password/Klik Password Lama"), "Test1234"): Text 'Test1234' is set on object 'Object Repository/Master Data/Admin Sekolah/Profile/Ubah Password/Klik Password Lama'

06-01-2025T10:20:55 - [MESSAGE][PASSED] - Text 'Test1234' is set on object 'Object Repository/Master Data/Admin Sekolah/Profile/Ubah Password/Klik Password Lama'

06-01-2025T10:20:55 - [TEST_STEP][PASSED] - delay(1): Delayed 1 second(s)

06-01-2025T10:20:56 - [MESSAGE][PASSED] - Delayed 1 second(s)

06-01-2025T10:20:56 - [TEST_STEP][PASSED] - click(findTestObject("Master Data/Admin Sekolah/Profile/Ubah Password/Klik Password Baru")): Object: 'Object Repository/Master Data/Admin Sekolah/Profile/Ubah Password/Klik Password Baru' is clicked on

06-01-2025T10:20:56 - [MESSAGE][PASSED] - Object: 'Object Repository/Master Data/Admin Sekolah/Profile/Ubah Password/Klik Password Baru' is clicked on

06-01-2025T10:20:56 - [TEST_STEP][PASSED] - setText(findTestObject("Master Data/Admin Sekolah/Profile/Ubah Password/Klik Password Baru"), "Test12345"): Text 'Test12345' is set on object 'Object Repository/Master Data/Admin Sekolah/Profile/Ubah Password/Klik Password Baru'

06-01-2025T10:20:57 - [MESSAGE][PASSED] - Text 'Test12345' is set on object 'Object Repository/Master Data/Admin Sekolah/Profile/Ubah Password/Klik Password Baru'

06-01-2025T10:20:57 - [TEST_STEP][PASSED] - delay(1): Delayed 1 second(s)

06-01-2025T10:20:58 - [MESSAGE][PASSED] - Delayed 1 second(s)

06-01-2025T10:20:58 - [TEST_STEP][PASSED] - click(findTestObject("Master Data/Admin Sekolah/Profile/Ubah Password/Ulangi Password Baru")): Object: 'Object Repository/Master Data/Admin Sekolah/Profile/Ubah Password/Ulangi Password Baru' is clicked on

06-01-2025T10:20:58 - [MESSAGE][PASSED] - Object: 'Object Repository/Master Data/Admin Sekolah/Profile/Ubah Password/Ulangi Password Baru' is clicked on

06-01-2025T10:20:58 - [TEST_STEP][PASSED] - setText(findTestObject("Master Data/Admin Sekolah/Profile/Ubah Password/Ulangi Password Baru"), "Test12345"): Text 'Test12345' is set on object 'Object Repository/Master Data/Admin Sekolah/Profile/Ubah Password/Ulangi Password Baru'

06-01-2025T10:20:58 - [MESSAGE][PASSED] - Text 'Test12345' is set on object 'Object Repository/Master Data/Admin Sekolah/Profile/Ubah Password/Ulangi Password Baru'

06-01-2025T10:20:58 - [TEST_STEP][PASSED] - delay(1): Delayed 1 second(s)

06-01-2025T10:20:59 - [MESSAGE][PASSED] - Delayed 1 second(s)

06-01-2025T10:20:59 - [TEST_STEP][PASSED] - click(findTestObject("Master Data/Admin Sekolah/Profile/Ubah Password/Tombol X")): Object: 'Object Repository/Master Data/Admin Sekolah/Profile/Ubah Password/Tombol X' is clicked on

06-01-2025T10:21:00 - [MESSAGE][PASSED] - Object: 'Object Repository/Master Data/Admin Sekolah/Profile/Ubah Password/Tombol X' is clicked on

06-01-2025T10:21:00 - [MESSAGE][PASSED] - Call Test Case 'Test Cases/Master Data/Admin Sekolah/Profile/Ubah Password/Ubah Password' successfully

06-01-2025T10:21:00 - [TEST_STEP][PASSED] - callTestCase(findTestCase("Test Cases/Master Data/Admin Sekolah/Profile/Upload Photo Profile/Ubah Foto"), [:], CONTINUE_ON_FAILURE): Call Test Case 'Test Cases/Master Data/Admin Sekolah/Profile/Upload Photo Profile/Ubah Foto' successfully

06-01-2025T10:21:00 - [TEST_CASE][PASSED] - Test Cases/Master Data/Admin Sekolah/Profile/Upload Photo Profile/Ubah Foto: Test Cases/Master Data/Admin Sekolah/Profile/Upload Photo Profile/Ubah Foto

06-01-2025T10:21:00 - [TEST_STEP][PASSED] - openBrowser("", OPTIONAL): Browser is opened with url: ''

06-01-2025T10:21:00 - [MESSAGE][WARNING] - A browser is already opened. Closing browser and opening a new one

06-01-2025T10:21:00 - [MESSAGE][INFO] - Starting 'Chrome' driver

06-01-2025T10:21:00 - [MESSAGE][INFO] - Action delay is set to 0 milliseconds

06-01-2025T10:21:01 - [MESSAGE][PASSED] - Browser is opened with url: ''

06-01-2025T10:21:01 - [TEST_STEP][PASSED] - navigateToUrl("https://sit.siprusedu.com/login", OPTIONAL): Navigate to 'https://sit.siprusedu.com/login' successfully

06-01-2025T10:21:01 - [MESSAGE][PASSED] - Navigate to 'https://sit.siprusedu.com/login' successfully

06-01-2025T10:21:01 - [TEST_STEP][PASSED] - click(findTestObject("Master Data/Admin Sekolah/Login/Field Email"), OPTIONAL): Object: 'Object Repository/Master Data/Admin Sekolah/Login/Field Email' is clicked on

06-01-2025T10:21:03 - [MESSAGE][PASSED] - Object: 'Object Repository/Master Data/Admin Sekolah/Login/Field Email' is clicked on

06-01-2025T10:21:03 - [TEST_STEP][PASSED] - setText(findTestObject("Master Data/Admin Sekolah/Login/Field Email"), "admin.gudangsolusi@digiform.co.id", OPTIONAL): Text 'admin.gudangsolusi@digiform.co.id' is set on object 'Object Repository/Master Data/Admin Sekolah/Login/Field Email'

06-01-2025T10:21:03 - [MESSAGE][PASSED] - Text 'admin.gudangsolusi@digiform.co.id' is set on object 'Object Repository/Master Data/Admin Sekolah/Login/Field Email'

06-01-2025T10:21:03 - [TEST_STEP][PASSED] - click(findTestObject("Master Data/Admin Sekolah/Login/Input Password"), OPTIONAL): Object: 'Object Repository/Master Data/Admin Sekolah/Login/Input Password' is clicked on

06-01-2025T10:21:04 - [MESSAGE][PASSED] - Object: 'Object Repository/Master Data/Admin Sekolah/Login/Input Password' is clicked on

06-01-2025T10:21:04 - [TEST_STEP][PASSED] - setText(findTestObject("Master Data/Admin Sekolah/Login/Input Password"), "Test1234", OPTIONAL): Text 'Test1234' is set on object 'Object Repository/Master Data/Admin Sekolah/Login/Input Password'

06-01-2025T10:21:04 - [MESSAGE][PASSED] - Text 'Test1234' is set on object 'Object Repository/Master Data/Admin Sekolah/Login/Input Password'

06-01-2025T10:21:04 - [TEST_STEP][PASSED] - click(findTestObject("Master Data/Admin Sekolah/Login/Button Submit"), OPTIONAL): Object: 'Object Repository/Master Data/Admin Sekolah/Login/Button Submit' is clicked on

06-01-2025T10:21:04 - [MESSAGE][PASSED] - Object: 'Object Repository/Master Data/Admin Sekolah/Login/Button Submit' is clicked on

06-01-2025T10:21:04 - [TEST_STEP][PASSED] - delay(1, OPTIONAL): Delayed 1 second(s)

06-01-2025T10:21:05 - [MESSAGE][PASSED] - Delayed 1 second(s)

06-01-2025T10:21:05 - [TEST_STEP][PASSED] - delay(2, OPTIONAL): Delayed 2 second(s)

06-01-2025T10:21:07 - [MESSAGE][PASSED] - Delayed 2 second(s)

06-01-2025T10:21:07 - [TEST_STEP][PASSED] - click(findTestObject("Master Data/Admin Sekolah/Profile/Klik Profile"), OPTIONAL): Object: 'Object Repository/Master Data/Admin Sekolah/Profile/Klik Profile' is clicked on

06-01-2025T10:21:08 - [MESSAGE][PASSED] - Object: 'Object Repository/Master Data/Admin Sekolah/Profile/Klik Profile' is clicked on

06-01-2025T10:21:08 - [TEST_STEP][PASSED] - delay(1, OPTIONAL): Delayed 1 second(s)

06-01-2025T10:21:09 - [MESSAGE][PASSED] - Delayed 1 second(s)

06-01-2025T10:21:09 - [TEST_STEP][PASSED] - click(findTestObject("Master Data/Admin Sekolah/Profile/Ubah Foto Profile/Klik Menu Ubah Foto Profile"), OPTIONAL): Object: 'Object Repository/Master Data/Admin Sekolah/Profile/Ubah Foto Profile/Klik Menu Ubah Foto Profile' is clicked on

06-01-2025T10:21:09 - [MESSAGE][PASSED] - Object: 'Object Repository/Master Data/Admin Sekolah/Profile/Ubah Foto Profile/Klik Menu Ubah Foto Profile' is clicked on

06-01-2025T10:21:09 - [TEST_STEP][PASSED] - delay(1, OPTIONAL): Delayed 1 second(s)

06-01-2025T10:21:10 - [MESSAGE][PASSED] - Delayed 1 second(s)

06-01-2025T10:21:10 - [TEST_STEP][PASSED] - fotoFilePath = "C:/Users/akmal/Downloads/admin.png": null

06-01-2025T10:21:10 - [TEST_STEP][PASSED] - click(findTestObject("Master Data/Admin Sekolah/Profile/Ubah Foto Profile/Klik Unggah File"), OPTIONAL): Object: 'Object Repository/Master Data/Admin Sekolah/Profile/Ubah Foto Profile/Klik Unggah File' is clicked on

06-01-2025T10:21:10 - [MESSAGE][PASSED] - Object: 'Object Repository/Master Data/Admin Sekolah/Profile/Ubah Foto Profile/Klik Unggah File' is clicked on

06-01-2025T10:21:10 - [TEST_STEP][PASSED] - delay(2, OPTIONAL): Delayed 2 second(s)

06-01-2025T10:21:12 - [MESSAGE][PASSED] - Delayed 2 second(s)

06-01-2025T10:21:12 - [TEST_STEP][PASSED] - uploadFile(findTestObject("Master Data/Admin Sekolah/Profile/Ubah Foto Profile/Unggah File"), fotoFilePath, OPTIONAL): Unable to upload file 'C:/Users/akmal/Downloads/admin.png' to object 'Object Repository/Master Data/Admin Sekolah/Profile/Ubah Foto Profile/Unggah File' (Root cause: com.kms.katalon.core.exception.StepFailedException: Unable to upload file 'C:/Users/akmal/Downloads/admin.png' to object 'Object Repository/Master Data/Admin Sekolah/Profile/Ubah Foto Profile/Unggah File'
	at com.kms.katalon.core.webui.keyword.internal.WebUIKeywordMain.stepFailed(WebUIKeywordMain.groovy:117)
	at com.kms.katalon.core.webui.keyword.internal.WebUIKeywordMain.runKeyword(WebUIKeywordMain.groovy:43)
	at com.kms.katalon.core.webui.keyword.builtin.UploadFileKeyword.uploadFile(UploadFileKeyword.groovy:87)
	at com.kms.katalon.core.webui.keyword.builtin.UploadFileKeyword.execute(UploadFileKeyword.groovy:68)
	at com.kms.katalon.core.keyword.internal.KeywordExecutor.executeKeywordForPlatform(KeywordExecutor.groovy:74)
	at com.kms.katalon.core.webui.keyword.WebUiBuiltInKeywords.uploadFile(WebUiBuiltInKeywords.groovy:4140)
	at Ubah Foto.run(Ubah Foto:55)
	at com.kms.katalon.core.main.ScriptEngine.run(ScriptEngine.java:194)
	at com.kms.katalon.core.main.ScriptEngine.runScriptAsRawText(ScriptEngine.java:119)
	at com.kms.katalon.core.main.TestCaseExecutor.runScript(TestCaseExecutor.java:448)
	at com.kms.katalon.core.main.TestCaseExecutor.doExecute(TestCaseExecutor.java:439)
	at com.kms.katalon.core.main.TestCaseExecutor.processExecutionPhase(TestCaseExecutor.java:418)
	at com.kms.katalon.core.main.TestCaseExecutor.accessMainPhase(TestCaseExecutor.java:410)
	at com.kms.katalon.core.main.TestCaseExecutor.execute(TestCaseExecutor.java:285)
	at com.kms.katalon.core.main.TestCaseMain.runTestCase(TestCaseMain.java:133)
	at com.kms.katalon.core.keyword.builtin.CallTestCaseKeyword$_callTestCase_closure1.doCall(CallTestCaseKeyword.groovy:59)
	at com.kms.katalon.core.keyword.builtin.CallTestCaseKeyword$_callTestCase_closure1.call(CallTestCaseKeyword.groovy)
	at com.kms.katalon.core.keyword.internal.KeywordMain.runKeyword(KeywordMain.groovy:75)
	at com.kms.katalon.core.keyword.builtin.CallTestCaseKeyword.callTestCase(CallTestCaseKeyword.groovy:81)
	at com.kms.katalon.core.keyword.builtin.CallTestCaseKeyword.execute(CallTestCaseKeyword.groovy:44)
	at com.kms.katalon.core.keyword.internal.KeywordExecutor.executeKeywordForPlatform(KeywordExecutor.groovy:74)
	at com.kms.katalon.core.keyword.BuiltinKeywords.callTestCase(BuiltinKeywords.groovy:310)
	at jdk.internal.reflect.GeneratedMethodAccessor47.invoke(Unknown Source)
	at java.base/jdk.internal.reflect.DelegatingMethodAccessorImpl.invoke(DelegatingMethodAccessorImpl.java:43)
	at Regresi Profile.run(Regresi Profile:25)
	at com.kms.katalon.core.main.ScriptEngine.run(ScriptEngine.java:194)
	at com.kms.katalon.core.main.ScriptEngine.runScriptAsRawText(ScriptEngine.java:119)
	at com.kms.katalon.core.main.TestCaseExecutor.runScript(TestCaseExecutor.java:448)
	at com.kms.katalon.core.main.TestCaseExecutor.doExecute(TestCaseExecutor.java:439)
	at com.kms.katalon.core.main.TestCaseExecutor.processExecutionPhase(TestCaseExecutor.java:418)
	at com.kms.katalon.core.main.TestCaseExecutor.accessMainPhase(TestCaseExecutor.java:410)
	at com.kms.katalon.core.main.TestCaseExecutor.execute(TestCaseExecutor.java:285)
	at com.kms.katalon.core.common.CommonExecutor.accessTestCaseMainPhase(CommonExecutor.java:65)
	at com.kms.katalon.core.main.TestSuiteExecutor.accessTestSuiteMainPhase(TestSuiteExecutor.java:161)
	at com.kms.katalon.core.main.TestSuiteExecutor.execute(TestSuiteExecutor.java:107)
	at com.kms.katalon.core.main.TestCaseMain.startTestSuite(TestCaseMain.java:176)
	at TempTestSuite1736130766400.run(TempTestSuite1736130766400.groovy:35)
	at java.base/jdk.internal.reflect.NativeMethodAccessorImpl.invoke0(Native Method)
	at java.base/jdk.internal.reflect.NativeMethodAccessorImpl.invoke(NativeMethodAccessorImpl.java:77)
	at java.base/jdk.internal.reflect.DelegatingMethodAccessorImpl.invoke(DelegatingMethodAccessorImpl.java:43)
Caused by: org.openqa.selenium.InvalidArgumentException: invalid argument: File not found : C:/Users/akmal/Downloads/admin.png
  (Session info: chrome=131.0.6778.205)
Build info: version: '4.22.0', revision: 'c5f3146703'
System info: os.name: 'Windows 11', os.arch: 'amd64', os.version: '10.0', java.version: '17.0.7'
Driver info: com.kms.katalon.selenium.driver.CChromeDriver
Command: [4ef6ff604ddc88e5825c702805206294, sendKeysToElement {id=f.E74370036BF42EE5664FC00F8F98ADCA.d.38AAE9DB3AEC18A0424C19527915B931.e.36, value=[Ljava.lang.CharSequence;@6aa3093}]
Capabilities {acceptInsecureCerts: false, browserName: chrome, browserVersion: 131.0.6778.205, chrome: {chromedriverVersion: 130.0.6723.58 (3a50e012e4c9..., userDataDir: C:\Users\henri\AppData\Loca...}, fedcm:accounts: true, goog:chromeOptions: {debuggerAddress: localhost:52985}, networkConnectionEnabled: false, pageLoadStrategy: normal, platformName: windows, proxy: Proxy(), se:cdp: ws://localhost:52985/devtoo..., se:cdpVersion: 131.0.6778.205, setWindowRect: true, strictFileInteractability: false, timeouts: {implicit: 0, pageLoad: 300000, script: 30000}, unhandledPromptBehavior: ignore, webSocketUrl: ws://localhost:5645/session..., webauthn:extension:credBlob: true, webauthn:extension:largeBlob: true, webauthn:extension:minPinLength: true, webauthn:extension:prf: true, webauthn:virtualAuthenticators: true}
Element: [[CChromeDriver: chrome on windows (4ef6ff604ddc88e5825c702805206294)] -> xpath: //input[@id='upload-upload-file-Foto Profil']
]
Session ID: 4ef6ff604ddc88e5825c702805206294
	at java.base/jdk.internal.reflect.NativeConstructorAccessorImpl.newInstance0(Native Method)
	at java.base/jdk.internal.reflect.NativeConstructorAccessorImpl.newInstance(NativeConstructorAccessorImpl.java:77)
	at java.base/jdk.internal.reflect.DelegatingConstructorAccessorImpl.newInstance(DelegatingConstructorAccessorImpl.java:45)
	at org.openqa.selenium.remote.ErrorCodec.decode(ErrorCodec.java:167)
	at org.openqa.selenium.remote.codec.w3c.W3CHttpResponseCodec.decode(W3CHttpResponseCodec.java:138)
	at org.openqa.selenium.remote.codec.w3c.W3CHttpResponseCodec.decode(W3CHttpResponseCodec.java:50)
	at org.openqa.selenium.remote.HttpCommandExecutor.execute(HttpCommandExecutor.java:190)
	at org.openqa.selenium.remote.service.DriverCommandExecutor.invokeExecute(DriverCommandExecutor.java:216)
	at org.openqa.selenium.remote.service.DriverCommandExecutor.execute(DriverCommandExecutor.java:174)
	at org.openqa.selenium.remote.RemoteWebDriver.execute(RemoteWebDriver.java:518)
	at org.openqa.selenium.remote.RemoteWebElement.execute(RemoteWebElement.java:223)
	at org.openqa.selenium.remote.RemoteWebElement.sendKeys(RemoteWebElement.java:110)
	at jdk.internal.reflect.GeneratedMethodAccessor27.invoke(Unknown Source)
	at java.base/jdk.internal.reflect.DelegatingMethodAccessorImpl.invoke(DelegatingMethodAccessorImpl.java:43)
	at org.openqa.selenium.support.decorators.WebDriverDecorator.call(WebDriverDecorator.java:249)
	at org.openqa.selenium.support.decorators.DefaultDecorated.call(DefaultDecorated.java:48)
	at org.openqa.selenium.support.decorators.WebDriverDecorator.lambda$createProxy$2(WebDriverDecorator.java:321)
	at net.bytebuddy.renamed.java.lang.Object$ByteBuddy$01yeuA7o.sendKeys(Unknown Source)
	at com.kms.katalon.core.webui.keyword.builtin.UploadFileKeyword$_uploadFile_closure1.doCall(UploadFileKeyword.groovy:80)
	at com.kms.katalon.core.webui.keyword.builtin.UploadFileKeyword$_uploadFile_closure1.call(UploadFileKeyword.groovy)
	at com.kms.katalon.core.webui.keyword.internal.WebUIKeywordMain.runKeyword(WebUIKeywordMain.groovy:35)
	at com.kms.katalon.core.webui.keyword.builtin.UploadFileKeyword.uploadFile(UploadFileKeyword.groovy:87)
	at com.kms.katalon.core.webui.keyword.builtin.UploadFileKeyword.execute(UploadFileKeyword.groovy:68)
	at com.kms.katalon.core.keyword.internal.KeywordExecutor.executeKeywordForPlatform(KeywordExecutor.groovy:74)
	at com.kms.katalon.core.webui.keyword.WebUiBuiltInKeywords.uploadFile(WebUiBuiltInKeywords.groovy:4140)
	at Script1734333226064.run(Script1734333226064.groovy:55)
	at com.kms.katalon.core.main.ScriptEngine.run(ScriptEngine.java:194)
	at com.kms.katalon.core.main.ScriptEngine.runScriptAsRawText(ScriptEngine.java:119)
	at com.kms.katalon.core.main.TestCaseExecutor.runScript(TestCaseExecutor.java:448)
	at com.kms.katalon.core.main.TestCaseExecutor.doExecute(TestCaseExecutor.java:439)
	at com.kms.katalon.core.main.TestCaseExecutor.processExecutionPhase(TestCaseExecutor.java:418)
	at com.kms.katalon.core.main.TestCaseExecutor.accessMainPhase(TestCaseExecutor.java:410)
	at com.kms.katalon.core.main.TestCaseExecutor.execute(TestCaseExecutor.java:285)
	at com.kms.katalon.core.main.TestCaseMain.runTestCase(TestCaseMain.java:133)
	at com.kms.katalon.core.keyword.builtin.CallTestCaseKeyword$_callTestCase_closure1.doCall(CallTestCaseKeyword.groovy:59)
	at com.kms.katalon.core.keyword.builtin.CallTestCaseKeyword$_callTestCase_closure1.call(CallTestCaseKeyword.groovy)
	at com.kms.katalon.core.keyword.internal.KeywordMain.runKeyword(KeywordMain.groovy:75)
	at com.kms.katalon.core.keyword.builtin.CallTestCaseKeyword.callTestCase(CallTestCaseKeyword.groovy:81)
	at com.kms.katalon.core.keyword.builtin.CallTestCaseKeyword.execute(CallTestCaseKeyword.groovy:44)
	at com.kms.katalon.core.keyword.internal.KeywordExecutor.executeKeywordForPlatform(KeywordExecutor.groovy:74)
	at com.kms.katalon.core.keyword.BuiltinKeywords.callTestCase(BuiltinKeywords.groovy:310)
	at jdk.internal.reflect.GeneratedMethodAccessor47.invoke(Unknown Source)
	at java.base/jdk.internal.reflect.DelegatingMethodAccessorImpl.invoke(DelegatingMethodAccessorImpl.java:43)
	at Script1735790912267.run(Script1735790912267.groovy:25)
	... 15 more
)

06-01-2025T10:21:13 - [MESSAGE][WARNING] - Unable to upload file 'C:/Users/akmal/Downloads/admin.png' to object 'Object Repository/Master Data/Admin Sekolah/Profile/Ubah Foto Profile/Unggah File' (Root cause: com.kms.katalon.core.exception.StepFailedException: Unable to upload file 'C:/Users/akmal/Downloads/admin.png' to object 'Object Repository/Master Data/Admin Sekolah/Profile/Ubah Foto Profile/Unggah File'
	at com.kms.katalon.core.webui.keyword.internal.WebUIKeywordMain.stepFailed(WebUIKeywordMain.groovy:117)
	at com.kms.katalon.core.webui.keyword.internal.WebUIKeywordMain.runKeyword(WebUIKeywordMain.groovy:43)
	at com.kms.katalon.core.webui.keyword.builtin.UploadFileKeyword.uploadFile(UploadFileKeyword.groovy:87)
	at com.kms.katalon.core.webui.keyword.builtin.UploadFileKeyword.execute(UploadFileKeyword.groovy:68)
	at com.kms.katalon.core.keyword.internal.KeywordExecutor.executeKeywordForPlatform(KeywordExecutor.groovy:74)
	at com.kms.katalon.core.webui.keyword.WebUiBuiltInKeywords.uploadFile(WebUiBuiltInKeywords.groovy:4140)
	at Ubah Foto.run(Ubah Foto:55)
	at com.kms.katalon.core.main.ScriptEngine.run(ScriptEngine.java:194)
	at com.kms.katalon.core.main.ScriptEngine.runScriptAsRawText(ScriptEngine.java:119)
	at com.kms.katalon.core.main.TestCaseExecutor.runScript(TestCaseExecutor.java:448)
	at com.kms.katalon.core.main.TestCaseExecutor.doExecute(TestCaseExecutor.java:439)
	at com.kms.katalon.core.main.TestCaseExecutor.processExecutionPhase(TestCaseExecutor.java:418)
	at com.kms.katalon.core.main.TestCaseExecutor.accessMainPhase(TestCaseExecutor.java:410)
	at com.kms.katalon.core.main.TestCaseExecutor.execute(TestCaseExecutor.java:285)
	at com.kms.katalon.core.main.TestCaseMain.runTestCase(TestCaseMain.java:133)
	at com.kms.katalon.core.keyword.builtin.CallTestCaseKeyword$_callTestCase_closure1.doCall(CallTestCaseKeyword.groovy:59)
	at com.kms.katalon.core.keyword.builtin.CallTestCaseKeyword$_callTestCase_closure1.call(CallTestCaseKeyword.groovy)
	at com.kms.katalon.core.keyword.internal.KeywordMain.runKeyword(KeywordMain.groovy:75)
	at com.kms.katalon.core.keyword.builtin.CallTestCaseKeyword.callTestCase(CallTestCaseKeyword.groovy:81)
	at com.kms.katalon.core.keyword.builtin.CallTestCaseKeyword.execute(CallTestCaseKeyword.groovy:44)
	at com.kms.katalon.core.keyword.internal.KeywordExecutor.executeKeywordForPlatform(KeywordExecutor.groovy:74)
	at com.kms.katalon.core.keyword.BuiltinKeywords.callTestCase(BuiltinKeywords.groovy:310)
	at jdk.internal.reflect.GeneratedMethodAccessor47.invoke(Unknown Source)
	at java.base/jdk.internal.reflect.DelegatingMethodAccessorImpl.invoke(DelegatingMethodAccessorImpl.java:43)
	at Regresi Profile.run(Regresi Profile:25)
	at com.kms.katalon.core.main.ScriptEngine.run(ScriptEngine.java:194)
	at com.kms.katalon.core.main.ScriptEngine.runScriptAsRawText(ScriptEngine.java:119)
	at com.kms.katalon.core.main.TestCaseExecutor.runScript(TestCaseExecutor.java:448)
	at com.kms.katalon.core.main.TestCaseExecutor.doExecute(TestCaseExecutor.java:439)
	at com.kms.katalon.core.main.TestCaseExecutor.processExecutionPhase(TestCaseExecutor.java:418)
	at com.kms.katalon.core.main.TestCaseExecutor.accessMainPhase(TestCaseExecutor.java:410)
	at com.kms.katalon.core.main.TestCaseExecutor.execute(TestCaseExecutor.java:285)
	at com.kms.katalon.core.common.CommonExecutor.accessTestCaseMainPhase(CommonExecutor.java:65)
	at com.kms.katalon.core.main.TestSuiteExecutor.accessTestSuiteMainPhase(TestSuiteExecutor.java:161)
	at com.kms.katalon.core.main.TestSuiteExecutor.execute(TestSuiteExecutor.java:107)
	at com.kms.katalon.core.main.TestCaseMain.startTestSuite(TestCaseMain.java:176)
	at TempTestSuite1736130766400.run(TempTestSuite1736130766400.groovy:35)
	at java.base/jdk.internal.reflect.NativeMethodAccessorImpl.invoke0(Native Method)
	at java.base/jdk.internal.reflect.NativeMethodAccessorImpl.invoke(NativeMethodAccessorImpl.java:77)
	at java.base/jdk.internal.reflect.DelegatingMethodAccessorImpl.invoke(DelegatingMethodAccessorImpl.java:43)
Caused by: org.openqa.selenium.InvalidArgumentException: invalid argument: File not found : C:/Users/akmal/Downloads/admin.png
  (Session info: chrome=131.0.6778.205)
Build info: version: '4.22.0', revision: 'c5f3146703'
System info: os.name: 'Windows 11', os.arch: 'amd64', os.version: '10.0', java.version: '17.0.7'
Driver info: com.kms.katalon.selenium.driver.CChromeDriver
Command: [4ef6ff604ddc88e5825c702805206294, sendKeysToElement {id=f.E74370036BF42EE5664FC00F8F98ADCA.d.38AAE9DB3AEC18A0424C19527915B931.e.36, value=[Ljava.lang.CharSequence;@6aa3093}]
Capabilities {acceptInsecureCerts: false, browserName: chrome, browserVersion: 131.0.6778.205, chrome: {chromedriverVersion: 130.0.6723.58 (3a50e012e4c9..., userDataDir: C:\Users\henri\AppData\Loca...}, fedcm:accounts: true, goog:chromeOptions: {debuggerAddress: localhost:52985}, networkConnectionEnabled: false, pageLoadStrategy: normal, platformName: windows, proxy: Proxy(), se:cdp: ws://localhost:52985/devtoo..., se:cdpVersion: 131.0.6778.205, setWindowRect: true, strictFileInteractability: false, timeouts: {implicit: 0, pageLoad: 300000, script: 30000}, unhandledPromptBehavior: ignore, webSocketUrl: ws://localhost:5645/session..., webauthn:extension:credBlob: true, webauthn:extension:largeBlob: true, webauthn:extension:minPinLength: true, webauthn:extension:prf: true, webauthn:virtualAuthenticators: true}
Element: [[CChromeDriver: chrome on windows (4ef6ff604ddc88e5825c702805206294)] -> xpath: //input[@id='upload-upload-file-Foto Profil']
]
Session ID: 4ef6ff604ddc88e5825c702805206294
	at java.base/jdk.internal.reflect.NativeConstructorAccessorImpl.newInstance0(Native Method)
	at java.base/jdk.internal.reflect.NativeConstructorAccessorImpl.newInstance(NativeConstructorAccessorImpl.java:77)
	at java.base/jdk.internal.reflect.DelegatingConstructorAccessorImpl.newInstance(DelegatingConstructorAccessorImpl.java:45)
	at org.openqa.selenium.remote.ErrorCodec.decode(ErrorCodec.java:167)
	at org.openqa.selenium.remote.codec.w3c.W3CHttpResponseCodec.decode(W3CHttpResponseCodec.java:138)
	at org.openqa.selenium.remote.codec.w3c.W3CHttpResponseCodec.decode(W3CHttpResponseCodec.java:50)
	at org.openqa.selenium.remote.HttpCommandExecutor.execute(HttpCommandExecutor.java:190)
	at org.openqa.selenium.remote.service.DriverCommandExecutor.invokeExecute(DriverCommandExecutor.java:216)
	at org.openqa.selenium.remote.service.DriverCommandExecutor.execute(DriverCommandExecutor.java:174)
	at org.openqa.selenium.remote.RemoteWebDriver.execute(RemoteWebDriver.java:518)
	at org.openqa.selenium.remote.RemoteWebElement.execute(RemoteWebElement.java:223)
	at org.openqa.selenium.remote.RemoteWebElement.sendKeys(RemoteWebElement.java:110)
	at jdk.internal.reflect.GeneratedMethodAccessor27.invoke(Unknown Source)
	at java.base/jdk.internal.reflect.DelegatingMethodAccessorImpl.invoke(DelegatingMethodAccessorImpl.java:43)
	at org.openqa.selenium.support.decorators.WebDriverDecorator.call(WebDriverDecorator.java:249)
	at org.openqa.selenium.support.decorators.DefaultDecorated.call(DefaultDecorated.java:48)
	at org.openqa.selenium.support.decorators.WebDriverDecorator.lambda$createProxy$2(WebDriverDecorator.java:321)
	at net.bytebuddy.renamed.java.lang.Object$ByteBuddy$01yeuA7o.sendKeys(Unknown Source)
	at com.kms.katalon.core.webui.keyword.builtin.UploadFileKeyword$_uploadFile_closure1.doCall(UploadFileKeyword.groovy:80)
	at com.kms.katalon.core.webui.keyword.builtin.UploadFileKeyword$_uploadFile_closure1.call(UploadFileKeyword.groovy)
	at com.kms.katalon.core.webui.keyword.internal.WebUIKeywordMain.runKeyword(WebUIKeywordMain.groovy:35)
	at com.kms.katalon.core.webui.keyword.builtin.UploadFileKeyword.uploadFile(UploadFileKeyword.groovy:87)
	at com.kms.katalon.core.webui.keyword.builtin.UploadFileKeyword.execute(UploadFileKeyword.groovy:68)
	at com.kms.katalon.core.keyword.internal.KeywordExecutor.executeKeywordForPlatform(KeywordExecutor.groovy:74)
	at com.kms.katalon.core.webui.keyword.WebUiBuiltInKeywords.uploadFile(WebUiBuiltInKeywords.groovy:4140)
	at Script1734333226064.run(Script1734333226064.groovy:55)
	at com.kms.katalon.core.main.ScriptEngine.run(ScriptEngine.java:194)
	at com.kms.katalon.core.main.ScriptEngine.runScriptAsRawText(ScriptEngine.java:119)
	at com.kms.katalon.core.main.TestCaseExecutor.runScript(TestCaseExecutor.java:448)
	at com.kms.katalon.core.main.TestCaseExecutor.doExecute(TestCaseExecutor.java:439)
	at com.kms.katalon.core.main.TestCaseExecutor.processExecutionPhase(TestCaseExecutor.java:418)
	at com.kms.katalon.core.main.TestCaseExecutor.accessMainPhase(TestCaseExecutor.java:410)
	at com.kms.katalon.core.main.TestCaseExecutor.execute(TestCaseExecutor.java:285)
	at com.kms.katalon.core.main.TestCaseMain.runTestCase(TestCaseMain.java:133)
	at com.kms.katalon.core.keyword.builtin.CallTestCaseKeyword$_callTestCase_closure1.doCall(CallTestCaseKeyword.groovy:59)
	at com.kms.katalon.core.keyword.builtin.CallTestCaseKeyword$_callTestCase_closure1.call(CallTestCaseKeyword.groovy)
	at com.kms.katalon.core.keyword.internal.KeywordMain.runKeyword(KeywordMain.groovy:75)
	at com.kms.katalon.core.keyword.builtin.CallTestCaseKeyword.callTestCase(CallTestCaseKeyword.groovy:81)
	at com.kms.katalon.core.keyword.builtin.CallTestCaseKeyword.execute(CallTestCaseKeyword.groovy:44)
	at com.kms.katalon.core.keyword.internal.KeywordExecutor.executeKeywordForPlatform(KeywordExecutor.groovy:74)
	at com.kms.katalon.core.keyword.BuiltinKeywords.callTestCase(BuiltinKeywords.groovy:310)
	at jdk.internal.reflect.GeneratedMethodAccessor47.invoke(Unknown Source)
	at java.base/jdk.internal.reflect.DelegatingMethodAccessorImpl.invoke(DelegatingMethodAccessorImpl.java:43)
	at Script1735790912267.run(Script1735790912267.groovy:25)
	... 15 more
)
[[ATTACHMENT|C:\\Users\\henri\\Videos\\school-payment-automation-testing\\Reports\\20250106_093246\\Regresi All Sprint\\20250106_093246\\1736133672979.png]]

06-01-2025T10:21:13 - [TEST_STEP][PASSED] - click(findTestObject("Master Data/Admin Sekolah/Profile/Ubah Foto Profile/Terapkan"), OPTIONAL): Object: 'Object Repository/Master Data/Admin Sekolah/Profile/Ubah Foto Profile/Terapkan' is clicked on

06-01-2025T10:21:13 - [MESSAGE][PASSED] - Object: 'Object Repository/Master Data/Admin Sekolah/Profile/Ubah Foto Profile/Terapkan' is clicked on

06-01-2025T10:21:13 - [TEST_STEP][PASSED] - delay(5, OPTIONAL): Delayed 5 second(s)

06-01-2025T10:21:18 - [MESSAGE][PASSED] - Delayed 5 second(s)

06-01-2025T10:21:18 - [TEST_STEP][PASSED] - closeBrowser(OPTIONAL): Browser is closed

06-01-2025T10:21:18 - [MESSAGE][PASSED] - Browser is closed

06-01-2025T10:21:18 - [MESSAGE][PASSED] - Call Test Case 'Test Cases/Master Data/Admin Sekolah/Profile/Upload Photo Profile/Ubah Foto' successfully

06-01-2025T10:21:18 - [TEST_STEP][PASSED] - println("============================= Loop Again ==============================="): null]]></system-out>
         <system-err><![CDATA[]]></system-err>
      </testcase>
      <testcase name="Test Cases/Regresi Feature/Sprint 3/Regresi Siswa" time="402.159" classname="Test Cases/Regresi Feature/Sprint 3/Regresi Siswa" status="PASSED">
         <system-out><![CDATA[06-01-2025T10:21:18 - [TEST_CASE][PASSED] - Test Cases/Regresi Feature/Sprint 3/Regresi Siswa: Test Cases/Regresi Feature/Sprint 3/Regresi Siswa

06-01-2025T10:21:18 - [TEST_STEP][PASSED] - for ([i = 1, i <= maxLoop, (i++)]): null

06-01-2025T10:21:18 - [TEST_STEP][PASSED] - callTestCase(findTestCase("Test Cases/Master Data/Admin Sekolah/Master Siswa/Tambah Siswa"), [:], CONTINUE_ON_FAILURE): Call Test Case 'Test Cases/Master Data/Admin Sekolah/Master Siswa/Tambah Siswa' successfully

06-01-2025T10:21:18 - [TEST_CASE][PASSED] - Test Cases/Master Data/Admin Sekolah/Master Siswa/Tambah Siswa: Test Cases/Master Data/Admin Sekolah/Master Siswa/Tambah Siswa

06-01-2025T10:21:18 - [TEST_STEP][PASSED] - openBrowser(""): Browser is opened with url: ''

06-01-2025T10:21:18 - [MESSAGE][INFO] - Starting 'Chrome' driver

06-01-2025T10:21:18 - [MESSAGE][INFO] - Action delay is set to 0 milliseconds

06-01-2025T10:21:19 - [MESSAGE][PASSED] - Browser is opened with url: ''

06-01-2025T10:21:19 - [TEST_STEP][PASSED] - maximizeWindow(): Current window maximized

06-01-2025T10:21:19 - [MESSAGE][PASSED] - Current window maximized

06-01-2025T10:21:19 - [TEST_STEP][PASSED] - navigateToUrl("https://sit.siprusedu.com/login"): Navigate to 'https://sit.siprusedu.com/login' successfully

06-01-2025T10:21:20 - [MESSAGE][PASSED] - Navigate to 'https://sit.siprusedu.com/login' successfully

06-01-2025T10:21:20 - [TEST_STEP][PASSED] - setText(findTestObject("Master Data/Admin Sekolah/Login/Field Email"), "admin.gudangsolusi@digiform.co.id"): Text 'admin.gudangsolusi@digiform.co.id' is set on object 'Object Repository/Master Data/Admin Sekolah/Login/Field Email'

06-01-2025T10:21:22 - [MESSAGE][PASSED] - Text 'admin.gudangsolusi@digiform.co.id' is set on object 'Object Repository/Master Data/Admin Sekolah/Login/Field Email'

06-01-2025T10:21:22 - [TEST_STEP][PASSED] - setText(findTestObject("Master Data/Admin Sekolah/Login/Input Password"), "Test1234"): Text 'Test1234' is set on object 'Object Repository/Master Data/Admin Sekolah/Login/Input Password'

06-01-2025T10:21:22 - [MESSAGE][PASSED] - Text 'Test1234' is set on object 'Object Repository/Master Data/Admin Sekolah/Login/Input Password'

06-01-2025T10:21:22 - [TEST_STEP][PASSED] - click(findTestObject("Master Data/Admin Sekolah/Login/Button Submit")): Object: 'Object Repository/Master Data/Admin Sekolah/Login/Button Submit' is clicked on

06-01-2025T10:21:22 - [MESSAGE][PASSED] - Object: 'Object Repository/Master Data/Admin Sekolah/Login/Button Submit' is clicked on

06-01-2025T10:21:22 - [TEST_STEP][PASSED] - click(findTestObject("Master Data/Admin Sekolah/Master Data Menu")): Object: 'Object Repository/Master Data/Admin Sekolah/Master Data Menu' is clicked on

06-01-2025T10:21:24 - [MESSAGE][PASSED] - Object: 'Object Repository/Master Data/Admin Sekolah/Master Data Menu' is clicked on

06-01-2025T10:21:24 - [TEST_STEP][PASSED] - click(findTestObject("Master Data/Admin Sekolah/Master Siswa/Filter Dan Search Siswa/Page_Beranda/Sub Menu Kelola Siswa")): Object: 'Object Repository/Master Data/Admin Sekolah/Master Siswa/Filter Dan Search Siswa/Page_Beranda/Sub Menu Kelola Siswa' is clicked on

06-01-2025T10:21:25 - [MESSAGE][PASSED] - Object: 'Object Repository/Master Data/Admin Sekolah/Master Siswa/Filter Dan Search Siswa/Page_Beranda/Sub Menu Kelola Siswa' is clicked on

06-01-2025T10:21:25 - [TEST_STEP][PASSED] - click(findTestObject("Master Data/Admin Sekolah/Master Siswa/Tambah Siswa/Page_Master Data Kelola Siswa/Button Tambah Siswa")): Object: 'Object Repository/Master Data/Admin Sekolah/Master Siswa/Tambah Siswa/Page_Master Data Kelola Siswa/Button Tambah Siswa' is clicked on

06-01-2025T10:21:26 - [MESSAGE][PASSED] - Object: 'Object Repository/Master Data/Admin Sekolah/Master Siswa/Tambah Siswa/Page_Master Data Kelola Siswa/Button Tambah Siswa' is clicked on

06-01-2025T10:21:26 - [TEST_STEP][PASSED] - randomName = generateRandomName(): null

06-01-2025T10:21:26 - [TEST_STEP][PASSED] - firstNames = ["Kristo", "John", "Michael", "Sarah", "Anna", "David", "Maria", "James", "Sophia", "Liam"]: null

06-01-2025T10:21:26 - [TEST_STEP][PASSED] - lastNames = ["Immanuel", "Doe", "Smith", "Johnson", "Williams", "Brown", "Jones", "Davis", "Miller", "Wilson"]: null

06-01-2025T10:21:26 - [TEST_STEP][PASSED] - random = new java.util.Random(): null

06-01-2025T10:21:26 - [TEST_STEP][PASSED] - return ((firstNames[random.nextInt(firstNames.size())] +  ) + lastNames[random.nextInt(lastNames.size())]): null

06-01-2025T10:21:26 - [TEST_STEP][PASSED] - setText(findTestObject("Master Data/Admin Sekolah/Master Siswa/Tambah Siswa/Field Nama Siswa"), randomName): Text 'Michael Johnson' is set on object 'Object Repository/Master Data/Admin Sekolah/Master Siswa/Tambah Siswa/Field Nama Siswa'

06-01-2025T10:21:27 - [MESSAGE][PASSED] - Text 'Michael Johnson' is set on object 'Object Repository/Master Data/Admin Sekolah/Master Siswa/Tambah Siswa/Field Nama Siswa'

06-01-2025T10:21:27 - [TEST_STEP][PASSED] - selectDropdownOption("Master Data/Admin Sekolah/Master Siswa/Tambah Siswa/Dropdown Status", "Master Data/Admin Sekolah/Master Siswa/Tambah Siswa/Value Dropdown Status"): null

06-01-2025T10:21:27 - [TEST_STEP][PASSED] - click(findTestObject(dropdownPath)): Object: 'Object Repository/Master Data/Admin Sekolah/Master Siswa/Tambah Siswa/Dropdown Status' is clicked on

06-01-2025T10:21:27 - [MESSAGE][PASSED] - Object: 'Object Repository/Master Data/Admin Sekolah/Master Siswa/Tambah Siswa/Dropdown Status' is clicked on

06-01-2025T10:21:27 - [TEST_STEP][PASSED] - waitForElementVisible(findTestObject(valuePath), 10, STOP_ON_FAILURE): Object 'Object Repository/Master Data/Admin Sekolah/Master Siswa/Tambah Siswa/Value Dropdown Status' is visible

06-01-2025T10:21:28 - [MESSAGE][PASSED] - Object 'Object Repository/Master Data/Admin Sekolah/Master Siswa/Tambah Siswa/Value Dropdown Status' is visible

06-01-2025T10:21:28 - [TEST_STEP][PASSED] - click(findTestObject(valuePath)): Object: 'Object Repository/Master Data/Admin Sekolah/Master Siswa/Tambah Siswa/Value Dropdown Status' is clicked on

06-01-2025T10:21:28 - [MESSAGE][PASSED] - Object: 'Object Repository/Master Data/Admin Sekolah/Master Siswa/Tambah Siswa/Value Dropdown Status' is clicked on

06-01-2025T10:21:28 - [TEST_STEP][PASSED] - selectDropdownOption("Master Data/Admin Sekolah/Master Siswa/Tambah Siswa/Dropdown Tahun Ajaran", "Master Data/Admin Sekolah/Master Siswa/Tambah Siswa/Value Dropdown Tahun Ajaran"): null

06-01-2025T10:21:28 - [TEST_STEP][PASSED] - click(findTestObject(dropdownPath)): Object: 'Object Repository/Master Data/Admin Sekolah/Master Siswa/Tambah Siswa/Dropdown Tahun Ajaran' is clicked on

06-01-2025T10:21:28 - [MESSAGE][PASSED] - Object: 'Object Repository/Master Data/Admin Sekolah/Master Siswa/Tambah Siswa/Dropdown Tahun Ajaran' is clicked on

06-01-2025T10:21:28 - [TEST_STEP][PASSED] - waitForElementVisible(findTestObject(valuePath), 10, STOP_ON_FAILURE): Object 'Object Repository/Master Data/Admin Sekolah/Master Siswa/Tambah Siswa/Value Dropdown Tahun Ajaran' is visible

06-01-2025T10:21:29 - [MESSAGE][PASSED] - Object 'Object Repository/Master Data/Admin Sekolah/Master Siswa/Tambah Siswa/Value Dropdown Tahun Ajaran' is visible

06-01-2025T10:21:29 - [TEST_STEP][PASSED] - click(findTestObject(valuePath)): Object: 'Object Repository/Master Data/Admin Sekolah/Master Siswa/Tambah Siswa/Value Dropdown Tahun Ajaran' is clicked on

06-01-2025T10:21:29 - [MESSAGE][PASSED] - Object: 'Object Repository/Master Data/Admin Sekolah/Master Siswa/Tambah Siswa/Value Dropdown Tahun Ajaran' is clicked on

06-01-2025T10:21:29 - [TEST_STEP][PASSED] - randomPlaceOfBirth = generateRandomPlaceOfBirth(): null

06-01-2025T10:21:29 - [TEST_STEP][PASSED] - places = ["JAKARTA", "BANDUNG", "SURABAYA", "YOGYAKARTA", "MEDAN", "SEMARANG", "PALEMBANG", "MAKASSAR", "DENPASAR", "MANADO"]: null

06-01-2025T10:21:29 - [TEST_STEP][PASSED] - return places[new java.util.Random().nextInt(places.size())]: null

06-01-2025T10:21:29 - [TEST_STEP][PASSED] - setText(findTestObject("Master Data/Admin Sekolah/Master Siswa/Tambah Siswa/Field Tempat Lahir"), randomPlaceOfBirth): Text 'SURABAYA' is set on object 'Object Repository/Master Data/Admin Sekolah/Master Siswa/Tambah Siswa/Field Tempat Lahir'

06-01-2025T10:21:30 - [MESSAGE][PASSED] - Text 'SURABAYA' is set on object 'Object Repository/Master Data/Admin Sekolah/Master Siswa/Tambah Siswa/Field Tempat Lahir'

06-01-2025T10:21:30 - [TEST_STEP][PASSED] - click(findTestObject("Master Data/Admin Sekolah/Master Siswa/Tambah Siswa/Field Tanggal Lahir")): Object: 'Object Repository/Master Data/Admin Sekolah/Master Siswa/Tambah Siswa/Field Tanggal Lahir' is clicked on

06-01-2025T10:21:30 - [MESSAGE][PASSED] - Object: 'Object Repository/Master Data/Admin Sekolah/Master Siswa/Tambah Siswa/Field Tanggal Lahir' is clicked on

06-01-2025T10:21:30 - [TEST_STEP][PASSED] - click(findTestObject("Master Data/Admin Sekolah/Master Siswa/Tambah Siswa/Dropdown Bulan")): Object: 'Object Repository/Master Data/Admin Sekolah/Master Siswa/Tambah Siswa/Dropdown Bulan' is clicked on

06-01-2025T10:21:30 - [MESSAGE][PASSED] - Object: 'Object Repository/Master Data/Admin Sekolah/Master Siswa/Tambah Siswa/Dropdown Bulan' is clicked on

06-01-2025T10:21:30 - [TEST_STEP][PASSED] - click(findTestObject("Master Data/Admin Sekolah/Master Siswa/Tambah Siswa/Value Dropdown Bulan")): Object: 'Object Repository/Master Data/Admin Sekolah/Master Siswa/Tambah Siswa/Value Dropdown Bulan' is clicked on

06-01-2025T10:21:31 - [MESSAGE][PASSED] - Object: 'Object Repository/Master Data/Admin Sekolah/Master Siswa/Tambah Siswa/Value Dropdown Bulan' is clicked on

06-01-2025T10:21:31 - [TEST_STEP][PASSED] - click(findTestObject("Master Data/Admin Sekolah/Master Siswa/Tambah Siswa/Dropdown Tahun")): Object: 'Object Repository/Master Data/Admin Sekolah/Master Siswa/Tambah Siswa/Dropdown Tahun' is clicked on

06-01-2025T10:21:31 - [MESSAGE][PASSED] - Object: 'Object Repository/Master Data/Admin Sekolah/Master Siswa/Tambah Siswa/Dropdown Tahun' is clicked on

06-01-2025T10:21:31 - [TEST_STEP][PASSED] - click(findTestObject("Master Data/Admin Sekolah/Master Siswa/Tambah Siswa/Value Dropdown Tahun")): Object: 'Object Repository/Master Data/Admin Sekolah/Master Siswa/Tambah Siswa/Value Dropdown Tahun' is clicked on

06-01-2025T10:21:32 - [MESSAGE][PASSED] - Object: 'Object Repository/Master Data/Admin Sekolah/Master Siswa/Tambah Siswa/Value Dropdown Tahun' is clicked on

06-01-2025T10:21:32 - [TEST_STEP][PASSED] - pilihTanggal("15"): null

06-01-2025T10:21:32 - [TEST_STEP][PASSED] - tanggalElement = new com.kms.katalon.core.testobject.TestObject(): null

06-01-2025T10:21:32 - [TEST_STEP][PASSED] - tanggalElement.addProperty("xpath", EQUALS, //p[text()='$tanggal' and contains(@class, 'cursor-pointer')]): null

06-01-2025T10:21:32 - [TEST_STEP][PASSED] - click(tanggalElement): Object: '' is clicked on

06-01-2025T10:21:32 - [MESSAGE][PASSED] - Object: '' is clicked on

06-01-2025T10:21:32 - [TEST_STEP][PASSED] - click(findTestObject("Master Data/Admin Sekolah/Master Siswa/Tambah Siswa/Dropdown Unit")): Object: 'Object Repository/Master Data/Admin Sekolah/Master Siswa/Tambah Siswa/Dropdown Unit' is clicked on

06-01-2025T10:21:32 - [MESSAGE][PASSED] - Object: 'Object Repository/Master Data/Admin Sekolah/Master Siswa/Tambah Siswa/Dropdown Unit' is clicked on

06-01-2025T10:21:32 - [TEST_STEP][PASSED] - click(findTestObject("Master Data/Admin Sekolah/Master Siswa/Tambah Siswa/Value Dropdown Unit")): Object: 'Object Repository/Master Data/Admin Sekolah/Master Siswa/Tambah Siswa/Value Dropdown Unit' is clicked on

06-01-2025T10:21:33 - [MESSAGE][PASSED] - Object: 'Object Repository/Master Data/Admin Sekolah/Master Siswa/Tambah Siswa/Value Dropdown Unit' is clicked on

06-01-2025T10:21:33 - [TEST_STEP][PASSED] - click(findTestObject("Master Data/Admin Sekolah/Master Siswa/Tambah Siswa/Dropdown Pilih Kelas")): Object: 'Object Repository/Master Data/Admin Sekolah/Master Siswa/Tambah Siswa/Dropdown Pilih Kelas' is clicked on

06-01-2025T10:21:33 - [MESSAGE][PASSED] - Object: 'Object Repository/Master Data/Admin Sekolah/Master Siswa/Tambah Siswa/Dropdown Pilih Kelas' is clicked on

06-01-2025T10:21:33 - [TEST_STEP][PASSED] - click(findTestObject("Master Data/Admin Sekolah/Master Siswa/Tambah Siswa/Value Dropdown Kelas")): Object: 'Object Repository/Master Data/Admin Sekolah/Master Siswa/Tambah Siswa/Value Dropdown Kelas' is clicked on

06-01-2025T10:21:34 - [MESSAGE][PASSED] - Object: 'Object Repository/Master Data/Admin Sekolah/Master Siswa/Tambah Siswa/Value Dropdown Kelas' is clicked on

06-01-2025T10:21:34 - [TEST_STEP][PASSED] - randomPhoneNumber = generateRandomPhoneNumber(): null

06-01-2025T10:21:34 - [TEST_STEP][PASSED] - return (08 + (1000000000 + new java.util.Random().nextInt(900000000))): null

06-01-2025T10:21:34 - [TEST_STEP][PASSED] - setText(findTestObject("Master Data/Admin Sekolah/Master Siswa/Tambah Siswa/Field Nomor Handphone"), randomPhoneNumber): Text '081544928961' is set on object 'Object Repository/Master Data/Admin Sekolah/Master Siswa/Tambah Siswa/Field Nomor Handphone'

06-01-2025T10:21:34 - [MESSAGE][PASSED] - Text '081544928961' is set on object 'Object Repository/Master Data/Admin Sekolah/Master Siswa/Tambah Siswa/Field Nomor Handphone'

06-01-2025T10:21:34 - [TEST_STEP][PASSED] - setText(findTestObject("Master Data/Admin Sekolah/Master Siswa/Tambah Siswa/Field Email Orang Tua"), "ortu.user@gmail.com"): Text 'ortu.user@gmail.com' is set on object 'Object Repository/Master Data/Admin Sekolah/Master Siswa/Tambah Siswa/Field Email Orang Tua'

06-01-2025T10:21:35 - [MESSAGE][PASSED] - Text 'ortu.user@gmail.com' is set on object 'Object Repository/Master Data/Admin Sekolah/Master Siswa/Tambah Siswa/Field Email Orang Tua'

06-01-2025T10:21:35 - [TEST_STEP][PASSED] - selectDropdownOption("Master Data/Admin Sekolah/Master Siswa/Tambah Siswa/Dropdown Agama", "Master Data/Admin Sekolah/Master Siswa/Tambah Siswa/Value Dropdown Agama"): null

06-01-2025T10:21:35 - [TEST_STEP][PASSED] - click(findTestObject(dropdownPath)): Object: 'Object Repository/Master Data/Admin Sekolah/Master Siswa/Tambah Siswa/Dropdown Agama' is clicked on

06-01-2025T10:21:35 - [MESSAGE][PASSED] - Object: 'Object Repository/Master Data/Admin Sekolah/Master Siswa/Tambah Siswa/Dropdown Agama' is clicked on

06-01-2025T10:21:35 - [TEST_STEP][PASSED] - waitForElementVisible(findTestObject(valuePath), 10, STOP_ON_FAILURE): Object 'Object Repository/Master Data/Admin Sekolah/Master Siswa/Tambah Siswa/Value Dropdown Agama' is visible

06-01-2025T10:21:36 - [MESSAGE][PASSED] - Object 'Object Repository/Master Data/Admin Sekolah/Master Siswa/Tambah Siswa/Value Dropdown Agama' is visible

06-01-2025T10:21:36 - [TEST_STEP][PASSED] - click(findTestObject(valuePath)): Object: 'Object Repository/Master Data/Admin Sekolah/Master Siswa/Tambah Siswa/Value Dropdown Agama' is clicked on

06-01-2025T10:21:36 - [MESSAGE][PASSED] - Object: 'Object Repository/Master Data/Admin Sekolah/Master Siswa/Tambah Siswa/Value Dropdown Agama' is clicked on

06-01-2025T10:21:36 - [TEST_STEP][PASSED] - randomAddress = generateRandomAddress(): null

06-01-2025T10:21:36 - [TEST_STEP][PASSED] - streets = ["Jalan Merdeka", "Jalan Raya", "Jalan Sudirman", "Jalan Pahlawan"]: null

06-01-2025T10:21:36 - [TEST_STEP][PASSED] - cities = ["DKI JAKARTA", "BANDUNG", "SURABAYA", "YOGYAKARTA"]: null

06-01-2025T10:21:36 - [TEST_STEP][PASSED] - postalCodes = ["10110", "40221", "60211", "55222"]: null

06-01-2025T10:21:36 - [TEST_STEP][PASSED] - random = new java.util.Random(): null

06-01-2025T10:21:36 - [TEST_STEP][PASSED] - return $streets[random.nextInt(streets.size())], $cities[random.nextInt(cities.size())], $postalCodes[random.nextInt(postalCodes.size())]: null

06-01-2025T10:21:36 - [TEST_STEP][PASSED] - setText(findTestObject("Master Data/Admin Sekolah/Master Siswa/Tambah Siswa/Field Alamat"), randomAddress): Text '[Jalan Merdeka, Jalan Raya, Jalan Sudirman, Jalan Pahlawan][random.nextInt(streets.size())], [DKI JAKARTA, BANDUNG, SURABAYA, YOGYAKARTA][random.nextInt(cities.size())], [10110, 40221, 60211, 55222][random.nextInt(postalCodes.size())]' is set on object 'Object Repository/Master Data/Admin Sekolah/Master Siswa/Tambah Siswa/Field Alamat'

06-01-2025T10:21:37 - [MESSAGE][PASSED] - Text '[Jalan Merdeka, Jalan Raya, Jalan Sudirman, Jalan Pahlawan][random.nextInt(streets.size())], [DKI JAKARTA, BANDUNG, SURABAYA, YOGYAKARTA][random.nextInt(cities.size())], [10110, 40221, 60211, 55222][random.nextInt(postalCodes.size())]' is set on object 'Object Repository/Master Data/Admin Sekolah/Master Siswa/Tambah Siswa/Field Alamat'

06-01-2025T10:21:37 - [TEST_STEP][PASSED] - randomNIS = generateRandomNIS(10): null

06-01-2025T10:21:37 - [TEST_STEP][PASSED] - nis = new java.lang.StringBuilder(): null

06-01-2025T10:21:37 - [TEST_STEP][PASSED] - random = new java.util.Random(): null

06-01-2025T10:21:37 - [TEST_STEP][PASSED] - for ([i = 0, i < length, (i++)]): null

06-01-2025T10:21:37 - [TEST_STEP][PASSED] - nis.append(random.nextInt(10)): null

06-01-2025T10:21:37 - [TEST_STEP][PASSED] - nis.append(random.nextInt(10)): null

06-01-2025T10:21:37 - [TEST_STEP][PASSED] - nis.append(random.nextInt(10)): null

06-01-2025T10:21:37 - [TEST_STEP][PASSED] - nis.append(random.nextInt(10)): null

06-01-2025T10:21:37 - [TEST_STEP][PASSED] - nis.append(random.nextInt(10)): null

06-01-2025T10:21:37 - [TEST_STEP][PASSED] - nis.append(random.nextInt(10)): null

06-01-2025T10:21:37 - [TEST_STEP][PASSED] - nis.append(random.nextInt(10)): null

06-01-2025T10:21:37 - [TEST_STEP][PASSED] - nis.append(random.nextInt(10)): null

06-01-2025T10:21:37 - [TEST_STEP][PASSED] - nis.append(random.nextInt(10)): null

06-01-2025T10:21:37 - [TEST_STEP][PASSED] - nis.append(random.nextInt(10)): null

06-01-2025T10:21:37 - [TEST_STEP][PASSED] - return nis.toString(): null

06-01-2025T10:21:37 - [TEST_STEP][PASSED] - setText(findTestObject("Object Repository/Master Data/Admin Sekolah/Master Siswa/Tambah Siswa/Field NIS"), randomNIS): Text '8593223150' is set on object 'Object Repository/Master Data/Admin Sekolah/Master Siswa/Tambah Siswa/Field NIS'

06-01-2025T10:21:38 - [MESSAGE][PASSED] - Text '8593223150' is set on object 'Object Repository/Master Data/Admin Sekolah/Master Siswa/Tambah Siswa/Field NIS'

06-01-2025T10:21:38 - [TEST_STEP][PASSED] - click(findTestObject("Master Data/Admin Sekolah/Master Siswa/Tambah Siswa/Button Simpan")): Object: 'Object Repository/Master Data/Admin Sekolah/Master Siswa/Tambah Siswa/Button Simpan' is clicked on

06-01-2025T10:21:38 - [MESSAGE][PASSED] - Object: 'Object Repository/Master Data/Admin Sekolah/Master Siswa/Tambah Siswa/Button Simpan' is clicked on

06-01-2025T10:21:38 - [TEST_STEP][PASSED] - click(findTestObject("Master Data/Admin Sekolah/Master Siswa/Tambah Siswa/Button Ya")): Object: 'Object Repository/Master Data/Admin Sekolah/Master Siswa/Tambah Siswa/Button Ya' is clicked on

06-01-2025T10:21:39 - [MESSAGE][PASSED] - Object: 'Object Repository/Master Data/Admin Sekolah/Master Siswa/Tambah Siswa/Button Ya' is clicked on

06-01-2025T10:21:39 - [MESSAGE][PASSED] - Call Test Case 'Test Cases/Master Data/Admin Sekolah/Master Siswa/Tambah Siswa' successfully

06-01-2025T10:21:39 - [TEST_STEP][PASSED] - callTestCase(findTestCase("Test Cases/Master Data/Admin Sekolah/Master Siswa/Edit Siswa"), [:], CONTINUE_ON_FAILURE): Call Test Case 'Test Cases/Master Data/Admin Sekolah/Master Siswa/Edit Siswa' successfully

06-01-2025T10:21:39 - [TEST_CASE][PASSED] - Test Cases/Master Data/Admin Sekolah/Master Siswa/Edit Siswa: Test Cases/Master Data/Admin Sekolah/Master Siswa/Edit Siswa

06-01-2025T10:21:39 - [TEST_STEP][PASSED] - openBrowser(""): Browser is opened with url: ''

06-01-2025T10:21:39 - [MESSAGE][WARNING] - A browser is already opened. Closing browser and opening a new one

06-01-2025T10:21:39 - [MESSAGE][INFO] - Starting 'Chrome' driver

06-01-2025T10:21:39 - [MESSAGE][INFO] - Action delay is set to 0 milliseconds

06-01-2025T10:21:40 - [MESSAGE][PASSED] - Browser is opened with url: ''

06-01-2025T10:21:40 - [TEST_STEP][PASSED] - maximizeWindow(): Current window maximized

06-01-2025T10:21:40 - [MESSAGE][PASSED] - Current window maximized

06-01-2025T10:21:40 - [TEST_STEP][PASSED] - navigateToUrl("https://sit.siprusedu.com/login"): Navigate to 'https://sit.siprusedu.com/login' successfully

06-01-2025T10:21:40 - [MESSAGE][PASSED] - Navigate to 'https://sit.siprusedu.com/login' successfully

06-01-2025T10:21:40 - [TEST_STEP][PASSED] - setText(findTestObject("Master Data/Admin Sekolah/Login/Field Email"), "admin.gudangsolusi@digiform.co.id"): Text 'admin.gudangsolusi@digiform.co.id' is set on object 'Object Repository/Master Data/Admin Sekolah/Login/Field Email'

06-01-2025T10:21:42 - [MESSAGE][PASSED] - Text 'admin.gudangsolusi@digiform.co.id' is set on object 'Object Repository/Master Data/Admin Sekolah/Login/Field Email'

06-01-2025T10:21:42 - [TEST_STEP][PASSED] - setText(findTestObject("Master Data/Admin Sekolah/Login/Input Password"), "Test1234"): Text 'Test1234' is set on object 'Object Repository/Master Data/Admin Sekolah/Login/Input Password'

06-01-2025T10:21:43 - [MESSAGE][PASSED] - Text 'Test1234' is set on object 'Object Repository/Master Data/Admin Sekolah/Login/Input Password'

06-01-2025T10:21:43 - [TEST_STEP][PASSED] - click(findTestObject("Master Data/Admin Sekolah/Login/Button Submit")): Object: 'Object Repository/Master Data/Admin Sekolah/Login/Button Submit' is clicked on

06-01-2025T10:21:43 - [MESSAGE][PASSED] - Object: 'Object Repository/Master Data/Admin Sekolah/Login/Button Submit' is clicked on

06-01-2025T10:21:43 - [TEST_STEP][PASSED] - click(findTestObject("Master Data/Admin Sekolah/Master Data Menu")): Object: 'Object Repository/Master Data/Admin Sekolah/Master Data Menu' is clicked on

06-01-2025T10:21:45 - [MESSAGE][PASSED] - Object: 'Object Repository/Master Data/Admin Sekolah/Master Data Menu' is clicked on

06-01-2025T10:21:45 - [TEST_STEP][PASSED] - click(findTestObject("Master Data/Admin Sekolah/Master Siswa/Filter Dan Search Siswa/Page_Beranda/Sub Menu Kelola Siswa")): Object: 'Object Repository/Master Data/Admin Sekolah/Master Siswa/Filter Dan Search Siswa/Page_Beranda/Sub Menu Kelola Siswa' is clicked on

06-01-2025T10:21:45 - [MESSAGE][PASSED] - Object: 'Object Repository/Master Data/Admin Sekolah/Master Siswa/Filter Dan Search Siswa/Page_Beranda/Sub Menu Kelola Siswa' is clicked on

06-01-2025T10:21:45 - [TEST_STEP][PASSED] - click(findTestObject("Master Data/Admin Sekolah/Master Siswa/Edit Siswa/Button Action")): Object: 'Object Repository/Master Data/Admin Sekolah/Master Siswa/Edit Siswa/Button Action' is clicked on

06-01-2025T10:21:46 - [MESSAGE][PASSED] - Object: 'Object Repository/Master Data/Admin Sekolah/Master Siswa/Edit Siswa/Button Action' is clicked on

06-01-2025T10:21:46 - [TEST_STEP][PASSED] - click(findTestObject("Master Data/Admin Sekolah/Master Siswa/Edit Siswa/Button Edit")): Object: 'Object Repository/Master Data/Admin Sekolah/Master Siswa/Edit Siswa/Button Edit' is clicked on

06-01-2025T10:21:47 - [MESSAGE][PASSED] - Object: 'Object Repository/Master Data/Admin Sekolah/Master Siswa/Edit Siswa/Button Edit' is clicked on

06-01-2025T10:21:47 - [TEST_STEP][PASSED] - spinnerXpath = "//div[@data-testid='loading-spinner']": null

06-01-2025T10:21:47 - [TEST_STEP][PASSED] - waitForSpinnerToDisappear(spinnerXpath, 30): null

06-01-2025T10:21:47 - [TEST_STEP][PASSED] - spinner = new com.kms.katalon.core.testobject.TestObject(): null

06-01-2025T10:21:47 - [TEST_STEP][PASSED] - spinner.addProperty("xpath", EQUALS, spinnerXpath): null

06-01-2025T10:21:47 - [TEST_STEP][PASSED] - elapsedTime = 0: null

06-01-2025T10:21:47 - [TEST_STEP][PASSED] - interval = 1: null

06-01-2025T10:21:47 - [TEST_STEP][PASSED] - while (verifyElementPresent(spinner, 1, OPTIONAL)): com.kms.katalon.core.webui.exception.WebElementNotFoundException: Web element with id: '' located by '//div[@data-testid='loading-spinner']' not found (Root cause: com.kms.katalon.core.exception.StepFailedException: com.kms.katalon.core.webui.exception.WebElementNotFoundException: Web element with id: '' located by '//div[@data-testid='loading-spinner']' not found
	at com.kms.katalon.core.webui.keyword.internal.WebUIKeywordMain.stepFailed(WebUIKeywordMain.groovy:117)
	at com.kms.katalon.core.webui.keyword.builtin.VerifyElementPresentKeyword$_verifyElementPresent_closure1.doCall(VerifyElementPresentKeyword.groovy:85)
	at com.kms.katalon.core.webui.keyword.builtin.VerifyElementPresentKeyword$_verifyElementPresent_closure1.call(VerifyElementPresentKeyword.groovy)
	at com.kms.katalon.core.webui.keyword.internal.WebUIKeywordMain.runKeyword(WebUIKeywordMain.groovy:35)
	at com.kms.katalon.core.webui.keyword.builtin.VerifyElementPresentKeyword.verifyElementPresent(VerifyElementPresentKeyword.groovy:92)
	at com.kms.katalon.core.webui.keyword.builtin.VerifyElementPresentKeyword.execute(VerifyElementPresentKeyword.groovy:68)
	at com.kms.katalon.core.keyword.internal.KeywordExecutor.executeKeywordForPlatform(KeywordExecutor.groovy:74)
	at com.kms.katalon.core.webui.keyword.WebUiBuiltInKeywords.verifyElementPresent(WebUiBuiltInKeywords.groovy:1524)
	at Edit Siswa.waitForSpinnerToDisappear(Edit Siswa:31)
	at Edit Siswa.run(Edit Siswa:110)
	at com.kms.katalon.core.main.ScriptEngine.run(ScriptEngine.java:194)
	at com.kms.katalon.core.main.ScriptEngine.runScriptAsRawText(ScriptEngine.java:119)
	at com.kms.katalon.core.main.TestCaseExecutor.runScript(TestCaseExecutor.java:448)
	at com.kms.katalon.core.main.TestCaseExecutor.doExecute(TestCaseExecutor.java:439)
	at com.kms.katalon.core.main.TestCaseExecutor.processExecutionPhase(TestCaseExecutor.java:418)
	at com.kms.katalon.core.main.TestCaseExecutor.accessMainPhase(TestCaseExecutor.java:410)
	at com.kms.katalon.core.main.TestCaseExecutor.execute(TestCaseExecutor.java:285)
	at com.kms.katalon.core.main.TestCaseMain.runTestCase(TestCaseMain.java:133)
	at com.kms.katalon.core.keyword.builtin.CallTestCaseKeyword$_callTestCase_closure1.doCall(CallTestCaseKeyword.groovy:59)
	at com.kms.katalon.core.keyword.builtin.CallTestCaseKeyword$_callTestCase_closure1.call(CallTestCaseKeyword.groovy)
	at com.kms.katalon.core.keyword.internal.KeywordMain.runKeyword(KeywordMain.groovy:75)
	at com.kms.katalon.core.keyword.builtin.CallTestCaseKeyword.callTestCase(CallTestCaseKeyword.groovy:81)
	at com.kms.katalon.core.keyword.builtin.CallTestCaseKeyword.execute(CallTestCaseKeyword.groovy:44)
	at com.kms.katalon.core.keyword.internal.KeywordExecutor.executeKeywordForPlatform(KeywordExecutor.groovy:74)
	at com.kms.katalon.core.keyword.BuiltinKeywords.callTestCase(BuiltinKeywords.groovy:310)
	at jdk.internal.reflect.GeneratedMethodAccessor47.invoke(Unknown Source)
	at java.base/jdk.internal.reflect.DelegatingMethodAccessorImpl.invoke(DelegatingMethodAccessorImpl.java:43)
	at Regresi Siswa.run(Regresi Siswa:44)
	at com.kms.katalon.core.main.ScriptEngine.run(ScriptEngine.java:194)
	at com.kms.katalon.core.main.ScriptEngine.runScriptAsRawText(ScriptEngine.java:119)
	at com.kms.katalon.core.main.TestCaseExecutor.runScript(TestCaseExecutor.java:448)
	at com.kms.katalon.core.main.TestCaseExecutor.doExecute(TestCaseExecutor.java:439)
	at com.kms.katalon.core.main.TestCaseExecutor.processExecutionPhase(TestCaseExecutor.java:418)
	at com.kms.katalon.core.main.TestCaseExecutor.accessMainPhase(TestCaseExecutor.java:410)
	at com.kms.katalon.core.main.TestCaseExecutor.execute(TestCaseExecutor.java:285)
	at com.kms.katalon.core.common.CommonExecutor.accessTestCaseMainPhase(CommonExecutor.java:65)
	at com.kms.katalon.core.main.TestSuiteExecutor.accessTestSuiteMainPhase(TestSuiteExecutor.java:161)
	at com.kms.katalon.core.main.TestSuiteExecutor.execute(TestSuiteExecutor.java:107)
	at com.kms.katalon.core.main.TestCaseMain.startTestSuite(TestCaseMain.java:176)
	at TempTestSuite1736130766400.run(TempTestSuite1736130766400.groovy:35)
	at java.base/jdk.internal.reflect.NativeMethodAccessorImpl.invoke0(Native Method)
	at java.base/jdk.internal.reflect.NativeMethodAccessorImpl.invoke(NativeMethodAccessorImpl.java:77)
	at java.base/jdk.internal.reflect.DelegatingMethodAccessorImpl.invoke(DelegatingMethodAccessorImpl.java:43)
)

06-01-2025T10:21:49 - [MESSAGE][INFO] - Unable to find the element located by 'By.xpath: //div[@data-testid='loading-spinner']'. Please recheck the objects properties to make sure the desired element is located. 

06-01-2025T10:21:49 - [MESSAGE][WARNING] - com.kms.katalon.core.webui.exception.WebElementNotFoundException: Web element with id: '' located by '//div[@data-testid='loading-spinner']' not found (Root cause: com.kms.katalon.core.exception.StepFailedException: com.kms.katalon.core.webui.exception.WebElementNotFoundException: Web element with id: '' located by '//div[@data-testid='loading-spinner']' not found
	at com.kms.katalon.core.webui.keyword.internal.WebUIKeywordMain.stepFailed(WebUIKeywordMain.groovy:117)
	at com.kms.katalon.core.webui.keyword.builtin.VerifyElementPresentKeyword$_verifyElementPresent_closure1.doCall(VerifyElementPresentKeyword.groovy:85)
	at com.kms.katalon.core.webui.keyword.builtin.VerifyElementPresentKeyword$_verifyElementPresent_closure1.call(VerifyElementPresentKeyword.groovy)
	at com.kms.katalon.core.webui.keyword.internal.WebUIKeywordMain.runKeyword(WebUIKeywordMain.groovy:35)
	at com.kms.katalon.core.webui.keyword.builtin.VerifyElementPresentKeyword.verifyElementPresent(VerifyElementPresentKeyword.groovy:92)
	at com.kms.katalon.core.webui.keyword.builtin.VerifyElementPresentKeyword.execute(VerifyElementPresentKeyword.groovy:68)
	at com.kms.katalon.core.keyword.internal.KeywordExecutor.executeKeywordForPlatform(KeywordExecutor.groovy:74)
	at com.kms.katalon.core.webui.keyword.WebUiBuiltInKeywords.verifyElementPresent(WebUiBuiltInKeywords.groovy:1524)
	at Edit Siswa.waitForSpinnerToDisappear(Edit Siswa:31)
	at Edit Siswa.run(Edit Siswa:110)
	at com.kms.katalon.core.main.ScriptEngine.run(ScriptEngine.java:194)
	at com.kms.katalon.core.main.ScriptEngine.runScriptAsRawText(ScriptEngine.java:119)
	at com.kms.katalon.core.main.TestCaseExecutor.runScript(TestCaseExecutor.java:448)
	at com.kms.katalon.core.main.TestCaseExecutor.doExecute(TestCaseExecutor.java:439)
	at com.kms.katalon.core.main.TestCaseExecutor.processExecutionPhase(TestCaseExecutor.java:418)
	at com.kms.katalon.core.main.TestCaseExecutor.accessMainPhase(TestCaseExecutor.java:410)
	at com.kms.katalon.core.main.TestCaseExecutor.execute(TestCaseExecutor.java:285)
	at com.kms.katalon.core.main.TestCaseMain.runTestCase(TestCaseMain.java:133)
	at com.kms.katalon.core.keyword.builtin.CallTestCaseKeyword$_callTestCase_closure1.doCall(CallTestCaseKeyword.groovy:59)
	at com.kms.katalon.core.keyword.builtin.CallTestCaseKeyword$_callTestCase_closure1.call(CallTestCaseKeyword.groovy)
	at com.kms.katalon.core.keyword.internal.KeywordMain.runKeyword(KeywordMain.groovy:75)
	at com.kms.katalon.core.keyword.builtin.CallTestCaseKeyword.callTestCase(CallTestCaseKeyword.groovy:81)
	at com.kms.katalon.core.keyword.builtin.CallTestCaseKeyword.execute(CallTestCaseKeyword.groovy:44)
	at com.kms.katalon.core.keyword.internal.KeywordExecutor.executeKeywordForPlatform(KeywordExecutor.groovy:74)
	at com.kms.katalon.core.keyword.BuiltinKeywords.callTestCase(BuiltinKeywords.groovy:310)
	at jdk.internal.reflect.GeneratedMethodAccessor47.invoke(Unknown Source)
	at java.base/jdk.internal.reflect.DelegatingMethodAccessorImpl.invoke(DelegatingMethodAccessorImpl.java:43)
	at Regresi Siswa.run(Regresi Siswa:44)
	at com.kms.katalon.core.main.ScriptEngine.run(ScriptEngine.java:194)
	at com.kms.katalon.core.main.ScriptEngine.runScriptAsRawText(ScriptEngine.java:119)
	at com.kms.katalon.core.main.TestCaseExecutor.runScript(TestCaseExecutor.java:448)
	at com.kms.katalon.core.main.TestCaseExecutor.doExecute(TestCaseExecutor.java:439)
	at com.kms.katalon.core.main.TestCaseExecutor.processExecutionPhase(TestCaseExecutor.java:418)
	at com.kms.katalon.core.main.TestCaseExecutor.accessMainPhase(TestCaseExecutor.java:410)
	at com.kms.katalon.core.main.TestCaseExecutor.execute(TestCaseExecutor.java:285)
	at com.kms.katalon.core.common.CommonExecutor.accessTestCaseMainPhase(CommonExecutor.java:65)
	at com.kms.katalon.core.main.TestSuiteExecutor.accessTestSuiteMainPhase(TestSuiteExecutor.java:161)
	at com.kms.katalon.core.main.TestSuiteExecutor.execute(TestSuiteExecutor.java:107)
	at com.kms.katalon.core.main.TestCaseMain.startTestSuite(TestCaseMain.java:176)
	at TempTestSuite1736130766400.run(TempTestSuite1736130766400.groovy:35)
	at java.base/jdk.internal.reflect.NativeMethodAccessorImpl.invoke0(Native Method)
	at java.base/jdk.internal.reflect.NativeMethodAccessorImpl.invoke(NativeMethodAccessorImpl.java:77)
	at java.base/jdk.internal.reflect.DelegatingMethodAccessorImpl.invoke(DelegatingMethodAccessorImpl.java:43)
)
[[ATTACHMENT|C:\\Users\\henri\\Videos\\school-payment-automation-testing\\Reports\\20250106_093246\\Regresi All Sprint\\20250106_093246\\1736133709499.png]]

06-01-2025T10:21:49 - [TEST_STEP][PASSED] - comment("Spinner telah hilang."): Spinner telah hilang.

06-01-2025T10:21:49 - [MESSAGE][INFO] - Spinner telah hilang.

06-01-2025T10:21:49 - [TEST_STEP][PASSED] - clearAndInput(findTestObject("Master Data/Admin Sekolah/Master Siswa/Edit Siswa/Field Nama Siswa"), generateRandomName()): null

06-01-2025T10:21:49 - [TEST_STEP][PASSED] - firstNames = ["Ahmad", "Budi", "Siti", "Dian", "Rina", "Agus", "Maya", "Joko"]: null

06-01-2025T10:21:49 - [TEST_STEP][PASSED] - lastNames = ["Pratama", "Putra", "Sari", "Wibisana", "Gunawan", "Santoso", "Amir", "Kusuma"]: null

06-01-2025T10:21:49 - [TEST_STEP][PASSED] - random = new java.util.Random(): null

06-01-2025T10:21:49 - [TEST_STEP][PASSED] - return ((firstNames[random.nextInt(firstNames.size())] +  ) + lastNames[random.nextInt(lastNames.size())]): null

06-01-2025T10:21:49 - [TEST_STEP][PASSED] - clearFieldUsingJavaScript(testObject): null

06-01-2025T10:21:49 - [TEST_STEP][PASSED] - fieldElement = findWebElement(testObject): Found web element by test object Object Repository/Master Data/Admin Sekolah/Master Siswa/Edit Siswa/Field Nama Siswa

06-01-2025T10:21:49 - [MESSAGE][PASSED] - Found web element by test object Object Repository/Master Data/Admin Sekolah/Master Siswa/Edit Siswa/Field Nama Siswa

06-01-2025T10:21:49 - [TEST_STEP][PASSED] - executeJavaScript("arguments[0].value = "";", Arrays.asList(fieldElement)): Execute JavaScript 'arguments[0].value = "";' successfully

06-01-2025T10:21:49 - [MESSAGE][PASSED] - Execute JavaScript 'arguments[0].value = "";' successfully

06-01-2025T10:21:49 - [TEST_STEP][PASSED] - setText(testObject, newValue): Text 'Siti Pratama' is set on object 'Object Repository/Master Data/Admin Sekolah/Master Siswa/Edit Siswa/Field Nama Siswa'

06-01-2025T10:21:50 - [MESSAGE][PASSED] - Text 'Siti Pratama' is set on object 'Object Repository/Master Data/Admin Sekolah/Master Siswa/Edit Siswa/Field Nama Siswa'

06-01-2025T10:21:50 - [TEST_STEP][PASSED] - clearAndInput(findTestObject("Master Data/Admin Sekolah/Master Siswa/Edit Siswa/Field NIS"), generateRandomNIS()): null

06-01-2025T10:21:50 - [TEST_STEP][PASSED] - return (1000000000 + new java.util.Random().nextInt(900000000)) as java.lang.String: null

06-01-2025T10:21:50 - [TEST_STEP][PASSED] - clearFieldUsingJavaScript(testObject): null

06-01-2025T10:21:50 - [TEST_STEP][PASSED] - fieldElement = findWebElement(testObject): Found web element by test object Object Repository/Master Data/Admin Sekolah/Master Siswa/Edit Siswa/Field NIS

06-01-2025T10:21:50 - [MESSAGE][PASSED] - Found web element by test object Object Repository/Master Data/Admin Sekolah/Master Siswa/Edit Siswa/Field NIS

06-01-2025T10:21:50 - [TEST_STEP][PASSED] - executeJavaScript("arguments[0].value = "";", Arrays.asList(fieldElement)): Execute JavaScript 'arguments[0].value = "";' successfully

06-01-2025T10:21:50 - [MESSAGE][PASSED] - Execute JavaScript 'arguments[0].value = "";' successfully

06-01-2025T10:21:50 - [TEST_STEP][PASSED] - setText(testObject, newValue): Text '1261095355' is set on object 'Object Repository/Master Data/Admin Sekolah/Master Siswa/Edit Siswa/Field NIS'

06-01-2025T10:21:51 - [MESSAGE][PASSED] - Text '1261095355' is set on object 'Object Repository/Master Data/Admin Sekolah/Master Siswa/Edit Siswa/Field NIS'

06-01-2025T10:21:51 - [TEST_STEP][PASSED] - clearAndInput(findTestObject("Master Data/Admin Sekolah/Master Siswa/Edit Siswa/Field Tempat Lahir"), generateRandomPlaceOfBirth()): null

06-01-2025T10:21:51 - [TEST_STEP][PASSED] - cities = ["Jakarta", "Bandung", "Surabaya", "Medan", "Yogyakarta"]: null

06-01-2025T10:21:51 - [TEST_STEP][PASSED] - random = new java.util.Random(): null

06-01-2025T10:21:51 - [TEST_STEP][PASSED] - return cities[random.nextInt(cities.size())]: null

06-01-2025T10:21:51 - [TEST_STEP][PASSED] - clearFieldUsingJavaScript(testObject): null

06-01-2025T10:21:51 - [TEST_STEP][PASSED] - fieldElement = findWebElement(testObject): Found web element by test object Object Repository/Master Data/Admin Sekolah/Master Siswa/Edit Siswa/Field Tempat Lahir

06-01-2025T10:21:51 - [MESSAGE][PASSED] - Found web element by test object Object Repository/Master Data/Admin Sekolah/Master Siswa/Edit Siswa/Field Tempat Lahir

06-01-2025T10:21:51 - [TEST_STEP][PASSED] - executeJavaScript("arguments[0].value = "";", Arrays.asList(fieldElement)): Execute JavaScript 'arguments[0].value = "";' successfully

06-01-2025T10:21:51 - [MESSAGE][PASSED] - Execute JavaScript 'arguments[0].value = "";' successfully

06-01-2025T10:21:51 - [TEST_STEP][PASSED] - setText(testObject, newValue): Text 'Bandung' is set on object 'Object Repository/Master Data/Admin Sekolah/Master Siswa/Edit Siswa/Field Tempat Lahir'

06-01-2025T10:21:52 - [MESSAGE][PASSED] - Text 'Bandung' is set on object 'Object Repository/Master Data/Admin Sekolah/Master Siswa/Edit Siswa/Field Tempat Lahir'

06-01-2025T10:21:52 - [TEST_STEP][PASSED] - clearAndInput(findTestObject("Master Data/Admin Sekolah/Master Siswa/Edit Siswa/Field Nomor Handphone"), generateRandomPhoneNumber()): null

06-01-2025T10:21:52 - [TEST_STEP][PASSED] - return (08 + (100000000 + new java.util.Random().nextInt(900000000))): null

06-01-2025T10:21:52 - [TEST_STEP][PASSED] - clearFieldUsingJavaScript(testObject): null

06-01-2025T10:21:52 - [TEST_STEP][PASSED] - fieldElement = findWebElement(testObject): Found web element by test object Object Repository/Master Data/Admin Sekolah/Master Siswa/Edit Siswa/Field Nomor Handphone

06-01-2025T10:21:52 - [MESSAGE][PASSED] - Found web element by test object Object Repository/Master Data/Admin Sekolah/Master Siswa/Edit Siswa/Field Nomor Handphone

06-01-2025T10:21:52 - [TEST_STEP][PASSED] - executeJavaScript("arguments[0].value = "";", Arrays.asList(fieldElement)): Execute JavaScript 'arguments[0].value = "";' successfully

06-01-2025T10:21:52 - [MESSAGE][PASSED] - Execute JavaScript 'arguments[0].value = "";' successfully

06-01-2025T10:21:52 - [TEST_STEP][PASSED] - setText(testObject, newValue): Text '08777480500' is set on object 'Object Repository/Master Data/Admin Sekolah/Master Siswa/Edit Siswa/Field Nomor Handphone'

06-01-2025T10:21:53 - [MESSAGE][PASSED] - Text '08777480500' is set on object 'Object Repository/Master Data/Admin Sekolah/Master Siswa/Edit Siswa/Field Nomor Handphone'

06-01-2025T10:21:53 - [TEST_STEP][PASSED] - clearAndInput(findTestObject("Master Data/Admin Sekolah/Master Siswa/Edit Siswa/Field Alamat"), generateRandomAddress()): null

06-01-2025T10:21:53 - [TEST_STEP][PASSED] - streets = ["Jl. Raya", "Jl. Merdeka", "Jl. Pahlawan", "Jl. Kemerdekaan", "Jl. Sudirman"]: null

06-01-2025T10:21:53 - [TEST_STEP][PASSED] - cities = ["Jakarta", "Bandung", "Surabaya", "Medan", "Yogyakarta"]: null

06-01-2025T10:21:53 - [TEST_STEP][PASSED] - random = new java.util.Random(): null

06-01-2025T10:21:53 - [TEST_STEP][PASSED] - return (((streets[random.nextInt(streets.size())] + , ) + cities[random.nextInt(cities.size())]) + , Indonesia): null

06-01-2025T10:21:53 - [TEST_STEP][PASSED] - clearFieldUsingJavaScript(testObject): null

06-01-2025T10:21:53 - [TEST_STEP][PASSED] - fieldElement = findWebElement(testObject): Found web element by test object Object Repository/Master Data/Admin Sekolah/Master Siswa/Edit Siswa/Field Alamat

06-01-2025T10:21:53 - [MESSAGE][PASSED] - Found web element by test object Object Repository/Master Data/Admin Sekolah/Master Siswa/Edit Siswa/Field Alamat

06-01-2025T10:21:53 - [TEST_STEP][PASSED] - executeJavaScript("arguments[0].value = "";", Arrays.asList(fieldElement)): Execute JavaScript 'arguments[0].value = "";' successfully

06-01-2025T10:21:53 - [MESSAGE][PASSED] - Execute JavaScript 'arguments[0].value = "";' successfully

06-01-2025T10:21:53 - [TEST_STEP][PASSED] - setText(testObject, newValue): Text 'Jl. Merdeka, Yogyakarta, Indonesia' is set on object 'Object Repository/Master Data/Admin Sekolah/Master Siswa/Edit Siswa/Field Alamat'

06-01-2025T10:21:54 - [MESSAGE][PASSED] - Text 'Jl. Merdeka, Yogyakarta, Indonesia' is set on object 'Object Repository/Master Data/Admin Sekolah/Master Siswa/Edit Siswa/Field Alamat'

06-01-2025T10:21:54 - [TEST_STEP][PASSED] - isConfirmationHandled = false: null

06-01-2025T10:21:54 - [TEST_STEP][PASSED] - for ([i = 0, i < 3, (i++)]): null

06-01-2025T10:21:54 - [TEST_STEP][PASSED] - click(findTestObject("Master Data/Admin Sekolah/Master Siswa/Edit Siswa/Button Simpan")): Object: 'Object Repository/Master Data/Admin Sekolah/Master Siswa/Edit Siswa/Button Simpan' is clicked on

06-01-2025T10:21:54 - [MESSAGE][PASSED] - Object: 'Object Repository/Master Data/Admin Sekolah/Master Siswa/Edit Siswa/Button Simpan' is clicked on

06-01-2025T10:21:54 - [TEST_STEP][PASSED] - if (waitForElementVisible(findTestObject("Master Data/Admin Sekolah/Master Siswa/Edit Siswa/Modal Konfirmasi"), 5)): null

06-01-2025T10:21:54 - [MESSAGE][PASSED] - Object 'Object Repository/Master Data/Admin Sekolah/Master Siswa/Edit Siswa/Modal Konfirmasi' is visible

06-01-2025T10:21:54 - [TEST_STEP][PASSED] - comment("Modal konfirmasi muncul, melanjutkan ke langkah berikutnya."): Modal konfirmasi muncul, melanjutkan ke langkah berikutnya.

06-01-2025T10:21:54 - [MESSAGE][INFO] - Modal konfirmasi muncul, melanjutkan ke langkah berikutnya.

06-01-2025T10:21:54 - [TEST_STEP][PASSED] - click(findTestObject("Master Data/Admin Sekolah/Master Siswa/Edit Siswa/Button Ya")): Object: 'Object Repository/Master Data/Admin Sekolah/Master Siswa/Edit Siswa/Button Ya' is clicked on

06-01-2025T10:21:55 - [MESSAGE][PASSED] - Object: 'Object Repository/Master Data/Admin Sekolah/Master Siswa/Edit Siswa/Button Ya' is clicked on

06-01-2025T10:21:55 - [TEST_STEP][PASSED] - isConfirmationHandled = true: null

06-01-2025T10:21:55 - [TEST_STEP][PASSED] - break: null

06-01-2025T10:21:55 - [TEST_STEP][PASSED] - if (!(isConfirmationHandled)): null

06-01-2025T10:21:55 - [TEST_STEP][PASSED] - closeBrowser(): Browser is closed

06-01-2025T10:21:55 - [MESSAGE][PASSED] - Browser is closed

06-01-2025T10:21:55 - [MESSAGE][PASSED] - Call Test Case 'Test Cases/Master Data/Admin Sekolah/Master Siswa/Edit Siswa' successfully

06-01-2025T10:21:55 - [TEST_STEP][PASSED] - callTestCase(findTestCase("Test Cases/Master Data/Admin Sekolah/Master Siswa/Filter dan Search Siswa"), [:], CONTINUE_ON_FAILURE): Call Test Case 'Test Cases/Master Data/Admin Sekolah/Master Siswa/Filter dan Search Siswa' successfully

06-01-2025T10:21:55 - [TEST_CASE][PASSED] - Test Cases/Master Data/Admin Sekolah/Master Siswa/Filter dan Search Siswa: Test Cases/Master Data/Admin Sekolah/Master Siswa/Filter dan Search Siswa

06-01-2025T10:21:55 - [TEST_STEP][PASSED] - openBrowser("", CONTINUE_ON_FAILURE): Browser is opened with url: ''

06-01-2025T10:21:55 - [MESSAGE][INFO] - Starting 'Chrome' driver

06-01-2025T10:21:55 - [MESSAGE][INFO] - Action delay is set to 0 milliseconds

06-01-2025T10:21:56 - [MESSAGE][PASSED] - Browser is opened with url: ''

06-01-2025T10:21:56 - [TEST_STEP][PASSED] - navigateToUrl("https://sit.siprusedu.com/login", CONTINUE_ON_FAILURE): Navigate to 'https://sit.siprusedu.com/login' successfully

06-01-2025T10:21:56 - [MESSAGE][PASSED] - Navigate to 'https://sit.siprusedu.com/login' successfully

06-01-2025T10:21:56 - [TEST_STEP][PASSED] - click(findTestObject("Master Data/Admin Sekolah/Login/Field Email"), CONTINUE_ON_FAILURE): Object: 'Object Repository/Master Data/Admin Sekolah/Login/Field Email' is clicked on

06-01-2025T10:21:58 - [MESSAGE][PASSED] - Object: 'Object Repository/Master Data/Admin Sekolah/Login/Field Email' is clicked on

06-01-2025T10:21:58 - [TEST_STEP][PASSED] - setText(findTestObject("Master Data/Admin Sekolah/Login/Field Email"), "admin.gudangsolusi@digiform.co.id", CONTINUE_ON_FAILURE): Text 'admin.gudangsolusi@digiform.co.id' is set on object 'Object Repository/Master Data/Admin Sekolah/Login/Field Email'

06-01-2025T10:21:59 - [MESSAGE][PASSED] - Text 'admin.gudangsolusi@digiform.co.id' is set on object 'Object Repository/Master Data/Admin Sekolah/Login/Field Email'

06-01-2025T10:21:59 - [TEST_STEP][PASSED] - click(findTestObject("Master Data/Admin Sekolah/Login/Input Password"), CONTINUE_ON_FAILURE): Object: 'Object Repository/Master Data/Admin Sekolah/Login/Input Password' is clicked on

06-01-2025T10:21:59 - [MESSAGE][PASSED] - Object: 'Object Repository/Master Data/Admin Sekolah/Login/Input Password' is clicked on

06-01-2025T10:21:59 - [TEST_STEP][PASSED] - setText(findTestObject("Master Data/Admin Sekolah/Login/Input Password"), "Test1234", CONTINUE_ON_FAILURE): Text 'Test1234' is set on object 'Object Repository/Master Data/Admin Sekolah/Login/Input Password'

06-01-2025T10:21:59 - [MESSAGE][PASSED] - Text 'Test1234' is set on object 'Object Repository/Master Data/Admin Sekolah/Login/Input Password'

06-01-2025T10:21:59 - [TEST_STEP][PASSED] - click(findTestObject("Master Data/Admin Sekolah/Login/Button Submit"), CONTINUE_ON_FAILURE): Object: 'Object Repository/Master Data/Admin Sekolah/Login/Button Submit' is clicked on

06-01-2025T10:22:00 - [MESSAGE][PASSED] - Object: 'Object Repository/Master Data/Admin Sekolah/Login/Button Submit' is clicked on

06-01-2025T10:22:00 - [TEST_STEP][PASSED] - click(findTestObject("Master Data/Admin Sekolah/Master Data Menu"), CONTINUE_ON_FAILURE): Object: 'Object Repository/Master Data/Admin Sekolah/Master Data Menu' is clicked on

06-01-2025T10:22:02 - [MESSAGE][PASSED] - Object: 'Object Repository/Master Data/Admin Sekolah/Master Data Menu' is clicked on

06-01-2025T10:22:02 - [TEST_STEP][PASSED] - click(findTestObject("Master Data/Admin Sekolah/Master Siswa/Filter Dan Search Siswa/Page_Beranda/Sub Menu Kelola Siswa")): Object: 'Object Repository/Master Data/Admin Sekolah/Master Siswa/Filter Dan Search Siswa/Page_Beranda/Sub Menu Kelola Siswa' is clicked on

06-01-2025T10:22:21 - [MESSAGE][PASSED] - Object: 'Object Repository/Master Data/Admin Sekolah/Master Siswa/Filter Dan Search Siswa/Page_Beranda/Sub Menu Kelola Siswa' is clicked on

06-01-2025T10:22:21 - [TEST_STEP][PASSED] - click(findTestObject("Master Data/Admin Sekolah/Master Siswa/Filter Dan Search Siswa/Dropdown Kelas")): Object: 'Object Repository/Master Data/Admin Sekolah/Master Siswa/Filter Dan Search Siswa/Dropdown Kelas' is clicked on

06-01-2025T10:22:22 - [MESSAGE][PASSED] - Object: 'Object Repository/Master Data/Admin Sekolah/Master Siswa/Filter Dan Search Siswa/Dropdown Kelas' is clicked on

06-01-2025T10:22:22 - [TEST_STEP][PASSED] - click(findTestObject("Master Data/Admin Sekolah/Master Siswa/Filter Dan Search Siswa/Value Kelas XI IPA 11")): Object: 'Object Repository/Master Data/Admin Sekolah/Master Siswa/Filter Dan Search Siswa/Value Kelas XI IPA 11' is clicked on

06-01-2025T10:22:23 - [MESSAGE][PASSED] - Object: 'Object Repository/Master Data/Admin Sekolah/Master Siswa/Filter Dan Search Siswa/Value Kelas XI IPA 11' is clicked on

06-01-2025T10:22:23 - [TEST_STEP][PASSED] - click(findTestObject("Master Data/Admin Sekolah/Master Siswa/Filter Dan Search Siswa/Dropdown Status")): Object: 'Object Repository/Master Data/Admin Sekolah/Master Siswa/Filter Dan Search Siswa/Dropdown Status' is clicked on

06-01-2025T10:22:23 - [MESSAGE][PASSED] - Object: 'Object Repository/Master Data/Admin Sekolah/Master Siswa/Filter Dan Search Siswa/Dropdown Status' is clicked on

06-01-2025T10:22:23 - [TEST_STEP][PASSED] - click(findTestObject("Master Data/Admin Sekolah/Master Siswa/Filter Dan Search Siswa/Value Status Aktif")): Object: 'Object Repository/Master Data/Admin Sekolah/Master Siswa/Filter Dan Search Siswa/Value Status Aktif' is clicked on

06-01-2025T10:22:24 - [MESSAGE][PASSED] - Object: 'Object Repository/Master Data/Admin Sekolah/Master Siswa/Filter Dan Search Siswa/Value Status Aktif' is clicked on

06-01-2025T10:22:24 - [TEST_STEP][PASSED] - click(findTestObject("Master Data/Admin Sekolah/Master Siswa/Filter Dan Search Siswa/Dropdown Tahun Ajaran")): Object: 'Object Repository/Master Data/Admin Sekolah/Master Siswa/Filter Dan Search Siswa/Dropdown Tahun Ajaran' is clicked on

06-01-2025T10:22:24 - [MESSAGE][PASSED] - Object: 'Object Repository/Master Data/Admin Sekolah/Master Siswa/Filter Dan Search Siswa/Dropdown Tahun Ajaran' is clicked on

06-01-2025T10:22:24 - [TEST_STEP][PASSED] - click(findTestObject("Master Data/Admin Sekolah/Master Siswa/Filter Dan Search Siswa/Value Dropdown Tahun Ajaran")): Object: 'Object Repository/Master Data/Admin Sekolah/Master Siswa/Filter Dan Search Siswa/Value Dropdown Tahun Ajaran' is clicked on

06-01-2025T10:22:55 - [MESSAGE][INFO] - Unable to find the element located by 'By.xpath: //div[@value='39']'. Please recheck the objects properties to make sure the desired element is located. 

06-01-2025T10:22:55 - [MESSAGE][WARNING] - [SELF-HEALING] Failed to find element with id 'Object Repository/Master Data/Admin Sekolah/Master Siswa/Filter Dan Search Siswa/Value Dropdown Tahun Ajaran'. Try using Self-healing.

06-01-2025T10:22:55 - [MESSAGE][WARNING] - [SELF-HEALING] The current locator of test object 'Object Repository/Master Data/Admin Sekolah/Master Siswa/Filter Dan Search Siswa/Value Dropdown Tahun Ajaran' was broken. Propose an alternative one: '//div[2]/div[2]/div[7]'.

06-01-2025T10:22:55 - [MESSAGE][PASSED] - Object: 'Object Repository/Master Data/Admin Sekolah/Master Siswa/Filter Dan Search Siswa/Value Dropdown Tahun Ajaran' is clicked on

06-01-2025T10:22:55 - [TEST_STEP][PASSED] - click(findTestObject("Master Data/Admin Sekolah/Master Siswa/Filter Dan Search Siswa/Field Search Bar")): Object: 'Object Repository/Master Data/Admin Sekolah/Master Siswa/Filter Dan Search Siswa/Field Search Bar' is clicked on

06-01-2025T10:22:56 - [MESSAGE][PASSED] - Object: 'Object Repository/Master Data/Admin Sekolah/Master Siswa/Filter Dan Search Siswa/Field Search Bar' is clicked on

06-01-2025T10:22:56 - [TEST_STEP][PASSED] - setText(findTestObject("Master Data/Admin Sekolah/Master Siswa/Filter Dan Search Siswa/Field Search Bar"), "Adam"): Text 'Adam' is set on object 'Object Repository/Master Data/Admin Sekolah/Master Siswa/Filter Dan Search Siswa/Field Search Bar'

06-01-2025T10:22:56 - [MESSAGE][PASSED] - Text 'Adam' is set on object 'Object Repository/Master Data/Admin Sekolah/Master Siswa/Filter Dan Search Siswa/Field Search Bar'

06-01-2025T10:22:56 - [TEST_STEP][PASSED] - verifyElementVisible(findTestObject("Master Data/Admin Sekolah/Master Siswa/Filter Dan Search Siswa/Rekomendasi Siswa")): Object 'Object Repository/Master Data/Admin Sekolah/Master Siswa/Filter Dan Search Siswa/Rekomendasi Siswa' is visible

06-01-2025T10:22:58 - [MESSAGE][PASSED] - Object 'Object Repository/Master Data/Admin Sekolah/Master Siswa/Filter Dan Search Siswa/Rekomendasi Siswa' is visible

06-01-2025T10:22:58 - [TEST_STEP][PASSED] - click(findTestObject("Master Data/Admin Sekolah/Master Siswa/Filter Dan Search Siswa/Rekomendasi Siswa")): Object: 'Object Repository/Master Data/Admin Sekolah/Master Siswa/Filter Dan Search Siswa/Rekomendasi Siswa' is clicked on

06-01-2025T10:22:58 - [MESSAGE][PASSED] - Object: 'Object Repository/Master Data/Admin Sekolah/Master Siswa/Filter Dan Search Siswa/Rekomendasi Siswa' is clicked on

06-01-2025T10:22:58 - [TEST_STEP][PASSED] - verifyElementVisible(findTestObject("Master Data/Admin Sekolah/Master Siswa/Filter Dan Search Siswa/Button Terapkan")): Object 'Object Repository/Master Data/Admin Sekolah/Master Siswa/Filter Dan Search Siswa/Button Terapkan' is visible

06-01-2025T10:22:59 - [MESSAGE][PASSED] - Object 'Object Repository/Master Data/Admin Sekolah/Master Siswa/Filter Dan Search Siswa/Button Terapkan' is visible

06-01-2025T10:22:59 - [TEST_STEP][PASSED] - click(findTestObject("Master Data/Admin Sekolah/Master Siswa/Filter Dan Search Siswa/Button Terapkan")): Object: 'Object Repository/Master Data/Admin Sekolah/Master Siswa/Filter Dan Search Siswa/Button Terapkan' is clicked on

06-01-2025T10:22:59 - [MESSAGE][PASSED] - Object: 'Object Repository/Master Data/Admin Sekolah/Master Siswa/Filter Dan Search Siswa/Button Terapkan' is clicked on

06-01-2025T10:22:59 - [MESSAGE][INFO] - 

06-01-2025T10:22:59 - [MESSAGE][INFO] - ===================== Self-healing Report ====================

06-01-2025T10:22:59 - [MESSAGE][INFO] - One of the failed test object locators has been recovered by Self-healing. Please refer to the Self-healing Insights tab for more details.

06-01-2025T10:22:59 - [MESSAGE][INFO] - To learn more about Self-healing, please read https://docs.katalon.com/katalon-studio/docs/self-healing.html

06-01-2025T10:22:59 - [MESSAGE][INFO] - ==============================================================

06-01-2025T10:22:59 - [MESSAGE][PASSED] - Call Test Case 'Test Cases/Master Data/Admin Sekolah/Master Siswa/Filter dan Search Siswa' successfully

06-01-2025T10:22:59 - [TEST_STEP][PASSED] - callTestCase(findTestCase("Test Cases/Master Data/Admin Sekolah/Master Siswa/Unduh dan Upload Siswa"), [:], CONTINUE_ON_FAILURE): Call Test Case 'Test Cases/Master Data/Admin Sekolah/Master Siswa/Unduh dan Upload Siswa' successfully

06-01-2025T10:22:59 - [TEST_CASE][PASSED] - Test Cases/Master Data/Admin Sekolah/Master Siswa/Unduh dan Upload Siswa: Test Cases/Master Data/Admin Sekolah/Master Siswa/Unduh dan Upload Siswa

06-01-2025T10:22:59 - [TEST_STEP][PASSED] - openBrowser(""): Browser is opened with url: ''

06-01-2025T10:22:59 - [MESSAGE][WARNING] - A browser is already opened. Closing browser and opening a new one

06-01-2025T10:22:59 - [MESSAGE][INFO] - Starting 'Chrome' driver

06-01-2025T10:22:59 - [MESSAGE][INFO] - Action delay is set to 0 milliseconds

06-01-2025T10:23:00 - [MESSAGE][PASSED] - Browser is opened with url: ''

06-01-2025T10:23:00 - [TEST_STEP][PASSED] - maximizeWindow(): Current window maximized

06-01-2025T10:23:00 - [MESSAGE][PASSED] - Current window maximized

06-01-2025T10:23:00 - [TEST_STEP][PASSED] - navigateToUrl("https://sit.siprusedu.com/login"): Navigate to 'https://sit.siprusedu.com/login' successfully

06-01-2025T10:23:20 - [MESSAGE][PASSED] - Navigate to 'https://sit.siprusedu.com/login' successfully

06-01-2025T10:23:20 - [TEST_STEP][PASSED] - setText(findTestObject("Master Data/Admin Sekolah/Login/Field Email"), "admin.gudangsolusi@digiform.co.id"): Text 'admin.gudangsolusi@digiform.co.id' is set on object 'Object Repository/Master Data/Admin Sekolah/Login/Field Email'

06-01-2025T10:23:20 - [MESSAGE][PASSED] - Text 'admin.gudangsolusi@digiform.co.id' is set on object 'Object Repository/Master Data/Admin Sekolah/Login/Field Email'

06-01-2025T10:23:20 - [TEST_STEP][PASSED] - setText(findTestObject("Master Data/Admin Sekolah/Login/Input Password"), "Test1234"): Text 'Test1234' is set on object 'Object Repository/Master Data/Admin Sekolah/Login/Input Password'

06-01-2025T10:23:21 - [MESSAGE][PASSED] - Text 'Test1234' is set on object 'Object Repository/Master Data/Admin Sekolah/Login/Input Password'

06-01-2025T10:23:21 - [TEST_STEP][PASSED] - click(findTestObject("Master Data/Admin Sekolah/Login/Button Submit")): Object: 'Object Repository/Master Data/Admin Sekolah/Login/Button Submit' is clicked on

06-01-2025T10:23:21 - [MESSAGE][PASSED] - Object: 'Object Repository/Master Data/Admin Sekolah/Login/Button Submit' is clicked on

06-01-2025T10:23:21 - [TEST_STEP][PASSED] - click(findTestObject("Master Data/Admin Sekolah/Master Data Menu")): Object: 'Object Repository/Master Data/Admin Sekolah/Master Data Menu' is clicked on

06-01-2025T10:23:23 - [MESSAGE][PASSED] - Object: 'Object Repository/Master Data/Admin Sekolah/Master Data Menu' is clicked on

06-01-2025T10:23:23 - [TEST_STEP][PASSED] - click(findTestObject("Master Data/Admin Sekolah/Master Siswa/Filter Dan Search Siswa/Page_Beranda/Sub Menu Kelola Siswa")): Object: 'Object Repository/Master Data/Admin Sekolah/Master Siswa/Filter Dan Search Siswa/Page_Beranda/Sub Menu Kelola Siswa' is clicked on

06-01-2025T10:23:24 - [MESSAGE][PASSED] - Object: 'Object Repository/Master Data/Admin Sekolah/Master Siswa/Filter Dan Search Siswa/Page_Beranda/Sub Menu Kelola Siswa' is clicked on

06-01-2025T10:23:24 - [TEST_STEP][PASSED] - click(findTestObject("Master Data/Admin Sekolah/Master Siswa/Unduh dan Upload Siswa/Button Unduh")): Object: 'Object Repository/Master Data/Admin Sekolah/Master Siswa/Unduh dan Upload Siswa/Button Unduh' is clicked on

06-01-2025T10:23:25 - [MESSAGE][PASSED] - Object: 'Object Repository/Master Data/Admin Sekolah/Master Siswa/Unduh dan Upload Siswa/Button Unduh' is clicked on

06-01-2025T10:23:25 - [TEST_STEP][PASSED] - click(findTestObject("Master Data/Admin Sekolah/Master Siswa/Unduh dan Upload Siswa/Unduh Data Siswa")): Object: 'Object Repository/Master Data/Admin Sekolah/Master Siswa/Unduh dan Upload Siswa/Unduh Data Siswa' is clicked on

06-01-2025T10:23:26 - [MESSAGE][PASSED] - Object: 'Object Repository/Master Data/Admin Sekolah/Master Siswa/Unduh dan Upload Siswa/Unduh Data Siswa' is clicked on

06-01-2025T10:23:26 - [TEST_STEP][PASSED] - click(findTestObject("Master Data/Admin Sekolah/Master Siswa/Unduh dan Upload Siswa/Button Unduh")): Object: 'Object Repository/Master Data/Admin Sekolah/Master Siswa/Unduh dan Upload Siswa/Button Unduh' is clicked on

06-01-2025T10:23:26 - [MESSAGE][PASSED] - Object: 'Object Repository/Master Data/Admin Sekolah/Master Siswa/Unduh dan Upload Siswa/Button Unduh' is clicked on

06-01-2025T10:23:26 - [TEST_STEP][PASSED] - click(findTestObject("Master Data/Admin Sekolah/Master Siswa/Unduh dan Upload Siswa/Unduh Format File")): Object: 'Object Repository/Master Data/Admin Sekolah/Master Siswa/Unduh dan Upload Siswa/Unduh Format File' is clicked on

06-01-2025T10:23:27 - [MESSAGE][PASSED] - Object: 'Object Repository/Master Data/Admin Sekolah/Master Siswa/Unduh dan Upload Siswa/Unduh Format File' is clicked on

06-01-2025T10:23:27 - [TEST_STEP][PASSED] - click(findTestObject("Master Data/Admin Sekolah/Master Siswa/Unduh dan Upload Siswa/Button Upload")): Object: 'Object Repository/Master Data/Admin Sekolah/Master Siswa/Unduh dan Upload Siswa/Button Upload' is clicked on

06-01-2025T10:23:27 - [MESSAGE][PASSED] - Object: 'Object Repository/Master Data/Admin Sekolah/Master Siswa/Unduh dan Upload Siswa/Button Upload' is clicked on

06-01-2025T10:23:27 - [TEST_STEP][PASSED] - filePath = "C:\Users\henri\Downloads\Upload Siswa 5.xlsx": null

06-01-2025T10:23:27 - [TEST_STEP][PASSED] - click(findTestObject("Master Data/Admin Sekolah/Master Siswa/Unduh dan Upload Siswa/Button Upload File")): Object: 'Object Repository/Master Data/Admin Sekolah/Master Siswa/Unduh dan Upload Siswa/Button Upload File' is clicked on

06-01-2025T10:23:28 - [MESSAGE][PASSED] - Object: 'Object Repository/Master Data/Admin Sekolah/Master Siswa/Unduh dan Upload Siswa/Button Upload File' is clicked on

06-01-2025T10:23:28 - [TEST_STEP][PASSED] - uploadInputField = findTestObject("Master Data/Admin Sekolah/Master Siswa/Upload File Input"): Test object with id 'Object Repository/Master Data/Admin Sekolah/Master Siswa/Upload File Input' does not exist

06-01-2025T10:23:28 - [MESSAGE][WARNING] - Test object with id 'Object Repository/Master Data/Admin Sekolah/Master Siswa/Upload File Input' does not exist

06-01-2025T10:23:28 - [TEST_STEP][PASSED] - if (uploadInputField != null): null

06-01-2025T10:23:28 - [TEST_STEP][PASSED] - else: null

06-01-2025T10:23:28 - [TEST_STEP][PASSED] - println("Upload file input field not found!"): null

06-01-2025T10:23:28 - [TEST_STEP][PASSED] - click(findTestObject("Master Data/Admin Sekolah/Master Siswa/Unduh dan Upload Siswa/Button Kirim")): Object: 'Object Repository/Master Data/Admin Sekolah/Master Siswa/Unduh dan Upload Siswa/Button Kirim' is clicked on

06-01-2025T10:23:28 - [MESSAGE][PASSED] - Object: 'Object Repository/Master Data/Admin Sekolah/Master Siswa/Unduh dan Upload Siswa/Button Kirim' is clicked on

06-01-2025T10:23:28 - [TEST_STEP][PASSED] - delay(5): Delayed 5 second(s)

06-01-2025T10:23:33 - [MESSAGE][PASSED] - Delayed 5 second(s)

06-01-2025T10:23:33 - [MESSAGE][INFO] - 

06-01-2025T10:23:33 - [MESSAGE][INFO] - ===================== Self-healing Report ====================

06-01-2025T10:23:33 - [MESSAGE][INFO] - One of the failed test object locators has been recovered by Self-healing. Please refer to the Self-healing Insights tab for more details.

06-01-2025T10:23:33 - [MESSAGE][INFO] - To learn more about Self-healing, please read https://docs.katalon.com/katalon-studio/docs/self-healing.html

06-01-2025T10:23:33 - [MESSAGE][INFO] - ==============================================================

06-01-2025T10:23:33 - [MESSAGE][PASSED] - Call Test Case 'Test Cases/Master Data/Admin Sekolah/Master Siswa/Unduh dan Upload Siswa' successfully

06-01-2025T10:23:33 - [TEST_STEP][PASSED] - println("============================= Loop Again ==============================="): null

06-01-2025T10:23:33 - [TEST_STEP][PASSED] - callTestCase(findTestCase("Test Cases/Master Data/Admin Sekolah/Master Siswa/Tambah Siswa"), [:], CONTINUE_ON_FAILURE): Call Test Case 'Test Cases/Master Data/Admin Sekolah/Master Siswa/Tambah Siswa' successfully

06-01-2025T10:23:33 - [TEST_CASE][PASSED] - Test Cases/Master Data/Admin Sekolah/Master Siswa/Tambah Siswa: Test Cases/Master Data/Admin Sekolah/Master Siswa/Tambah Siswa

06-01-2025T10:23:33 - [TEST_STEP][PASSED] - openBrowser(""): Browser is opened with url: ''

06-01-2025T10:23:33 - [MESSAGE][WARNING] - A browser is already opened. Closing browser and opening a new one

06-01-2025T10:23:33 - [MESSAGE][INFO] - Starting 'Chrome' driver

06-01-2025T10:23:33 - [MESSAGE][INFO] - Action delay is set to 0 milliseconds

06-01-2025T10:23:34 - [MESSAGE][PASSED] - Browser is opened with url: ''

06-01-2025T10:23:34 - [TEST_STEP][PASSED] - maximizeWindow(): Current window maximized

06-01-2025T10:23:34 - [MESSAGE][PASSED] - Current window maximized

06-01-2025T10:23:34 - [TEST_STEP][PASSED] - navigateToUrl("https://sit.siprusedu.com/login"): Navigate to 'https://sit.siprusedu.com/login' successfully

06-01-2025T10:23:35 - [MESSAGE][PASSED] - Navigate to 'https://sit.siprusedu.com/login' successfully

06-01-2025T10:23:35 - [TEST_STEP][PASSED] - setText(findTestObject("Master Data/Admin Sekolah/Login/Field Email"), "admin.gudangsolusi@digiform.co.id"): Text 'admin.gudangsolusi@digiform.co.id' is set on object 'Object Repository/Master Data/Admin Sekolah/Login/Field Email'

06-01-2025T10:23:37 - [MESSAGE][PASSED] - Text 'admin.gudangsolusi@digiform.co.id' is set on object 'Object Repository/Master Data/Admin Sekolah/Login/Field Email'

06-01-2025T10:23:37 - [TEST_STEP][PASSED] - setText(findTestObject("Master Data/Admin Sekolah/Login/Input Password"), "Test1234"): Text 'Test1234' is set on object 'Object Repository/Master Data/Admin Sekolah/Login/Input Password'

06-01-2025T10:23:38 - [MESSAGE][PASSED] - Text 'Test1234' is set on object 'Object Repository/Master Data/Admin Sekolah/Login/Input Password'

06-01-2025T10:23:38 - [TEST_STEP][PASSED] - click(findTestObject("Master Data/Admin Sekolah/Login/Button Submit")): Object: 'Object Repository/Master Data/Admin Sekolah/Login/Button Submit' is clicked on

06-01-2025T10:23:38 - [MESSAGE][PASSED] - Object: 'Object Repository/Master Data/Admin Sekolah/Login/Button Submit' is clicked on

06-01-2025T10:23:38 - [TEST_STEP][PASSED] - click(findTestObject("Master Data/Admin Sekolah/Master Data Menu")): Object: 'Object Repository/Master Data/Admin Sekolah/Master Data Menu' is clicked on

06-01-2025T10:23:40 - [MESSAGE][PASSED] - Object: 'Object Repository/Master Data/Admin Sekolah/Master Data Menu' is clicked on

06-01-2025T10:23:40 - [TEST_STEP][PASSED] - click(findTestObject("Master Data/Admin Sekolah/Master Siswa/Filter Dan Search Siswa/Page_Beranda/Sub Menu Kelola Siswa")): Object: 'Object Repository/Master Data/Admin Sekolah/Master Siswa/Filter Dan Search Siswa/Page_Beranda/Sub Menu Kelola Siswa' is clicked on

06-01-2025T10:23:59 - [MESSAGE][PASSED] - Object: 'Object Repository/Master Data/Admin Sekolah/Master Siswa/Filter Dan Search Siswa/Page_Beranda/Sub Menu Kelola Siswa' is clicked on

06-01-2025T10:23:59 - [TEST_STEP][PASSED] - click(findTestObject("Master Data/Admin Sekolah/Master Siswa/Tambah Siswa/Page_Master Data Kelola Siswa/Button Tambah Siswa")): Object: 'Object Repository/Master Data/Admin Sekolah/Master Siswa/Tambah Siswa/Page_Master Data Kelola Siswa/Button Tambah Siswa' is clicked on

06-01-2025T10:24:00 - [MESSAGE][PASSED] - Object: 'Object Repository/Master Data/Admin Sekolah/Master Siswa/Tambah Siswa/Page_Master Data Kelola Siswa/Button Tambah Siswa' is clicked on

06-01-2025T10:24:00 - [TEST_STEP][PASSED] - randomName = generateRandomName(): null

06-01-2025T10:24:00 - [TEST_STEP][PASSED] - firstNames = ["Kristo", "John", "Michael", "Sarah", "Anna", "David", "Maria", "James", "Sophia", "Liam"]: null

06-01-2025T10:24:00 - [TEST_STEP][PASSED] - lastNames = ["Immanuel", "Doe", "Smith", "Johnson", "Williams", "Brown", "Jones", "Davis", "Miller", "Wilson"]: null

06-01-2025T10:24:00 - [TEST_STEP][PASSED] - random = new java.util.Random(): null

06-01-2025T10:24:00 - [TEST_STEP][PASSED] - return ((firstNames[random.nextInt(firstNames.size())] +  ) + lastNames[random.nextInt(lastNames.size())]): null

06-01-2025T10:24:00 - [TEST_STEP][PASSED] - setText(findTestObject("Master Data/Admin Sekolah/Master Siswa/Tambah Siswa/Field Nama Siswa"), randomName): Text 'Sophia Immanuel' is set on object 'Object Repository/Master Data/Admin Sekolah/Master Siswa/Tambah Siswa/Field Nama Siswa'

06-01-2025T10:24:01 - [MESSAGE][PASSED] - Text 'Sophia Immanuel' is set on object 'Object Repository/Master Data/Admin Sekolah/Master Siswa/Tambah Siswa/Field Nama Siswa'

06-01-2025T10:24:01 - [TEST_STEP][PASSED] - selectDropdownOption("Master Data/Admin Sekolah/Master Siswa/Tambah Siswa/Dropdown Status", "Master Data/Admin Sekolah/Master Siswa/Tambah Siswa/Value Dropdown Status"): null

06-01-2025T10:24:01 - [TEST_STEP][PASSED] - click(findTestObject(dropdownPath)): Object: 'Object Repository/Master Data/Admin Sekolah/Master Siswa/Tambah Siswa/Dropdown Status' is clicked on

06-01-2025T10:24:01 - [MESSAGE][PASSED] - Object: 'Object Repository/Master Data/Admin Sekolah/Master Siswa/Tambah Siswa/Dropdown Status' is clicked on

06-01-2025T10:24:01 - [TEST_STEP][PASSED] - waitForElementVisible(findTestObject(valuePath), 10, STOP_ON_FAILURE): Object 'Object Repository/Master Data/Admin Sekolah/Master Siswa/Tambah Siswa/Value Dropdown Status' is visible

06-01-2025T10:24:02 - [MESSAGE][PASSED] - Object 'Object Repository/Master Data/Admin Sekolah/Master Siswa/Tambah Siswa/Value Dropdown Status' is visible

06-01-2025T10:24:02 - [TEST_STEP][PASSED] - click(findTestObject(valuePath)): Object: 'Object Repository/Master Data/Admin Sekolah/Master Siswa/Tambah Siswa/Value Dropdown Status' is clicked on

06-01-2025T10:24:02 - [MESSAGE][PASSED] - Object: 'Object Repository/Master Data/Admin Sekolah/Master Siswa/Tambah Siswa/Value Dropdown Status' is clicked on

06-01-2025T10:24:02 - [TEST_STEP][PASSED] - selectDropdownOption("Master Data/Admin Sekolah/Master Siswa/Tambah Siswa/Dropdown Tahun Ajaran", "Master Data/Admin Sekolah/Master Siswa/Tambah Siswa/Value Dropdown Tahun Ajaran"): null

06-01-2025T10:24:02 - [TEST_STEP][PASSED] - click(findTestObject(dropdownPath)): Object: 'Object Repository/Master Data/Admin Sekolah/Master Siswa/Tambah Siswa/Dropdown Tahun Ajaran' is clicked on

06-01-2025T10:24:02 - [MESSAGE][PASSED] - Object: 'Object Repository/Master Data/Admin Sekolah/Master Siswa/Tambah Siswa/Dropdown Tahun Ajaran' is clicked on

06-01-2025T10:24:02 - [TEST_STEP][PASSED] - waitForElementVisible(findTestObject(valuePath), 10, STOP_ON_FAILURE): Object 'Object Repository/Master Data/Admin Sekolah/Master Siswa/Tambah Siswa/Value Dropdown Tahun Ajaran' is visible

06-01-2025T10:24:03 - [MESSAGE][PASSED] - Object 'Object Repository/Master Data/Admin Sekolah/Master Siswa/Tambah Siswa/Value Dropdown Tahun Ajaran' is visible

06-01-2025T10:24:03 - [TEST_STEP][PASSED] - click(findTestObject(valuePath)): Object: 'Object Repository/Master Data/Admin Sekolah/Master Siswa/Tambah Siswa/Value Dropdown Tahun Ajaran' is clicked on

06-01-2025T10:24:03 - [MESSAGE][PASSED] - Object: 'Object Repository/Master Data/Admin Sekolah/Master Siswa/Tambah Siswa/Value Dropdown Tahun Ajaran' is clicked on

06-01-2025T10:24:03 - [TEST_STEP][PASSED] - randomPlaceOfBirth = generateRandomPlaceOfBirth(): null

06-01-2025T10:24:03 - [TEST_STEP][PASSED] - places = ["JAKARTA", "BANDUNG", "SURABAYA", "YOGYAKARTA", "MEDAN", "SEMARANG", "PALEMBANG", "MAKASSAR", "DENPASAR", "MANADO"]: null

06-01-2025T10:24:03 - [TEST_STEP][PASSED] - return places[new java.util.Random().nextInt(places.size())]: null

06-01-2025T10:24:03 - [TEST_STEP][PASSED] - setText(findTestObject("Master Data/Admin Sekolah/Master Siswa/Tambah Siswa/Field Tempat Lahir"), randomPlaceOfBirth): Text 'MEDAN' is set on object 'Object Repository/Master Data/Admin Sekolah/Master Siswa/Tambah Siswa/Field Tempat Lahir'

06-01-2025T10:24:03 - [MESSAGE][PASSED] - Text 'MEDAN' is set on object 'Object Repository/Master Data/Admin Sekolah/Master Siswa/Tambah Siswa/Field Tempat Lahir'

06-01-2025T10:24:03 - [TEST_STEP][PASSED] - click(findTestObject("Master Data/Admin Sekolah/Master Siswa/Tambah Siswa/Field Tanggal Lahir")): Object: 'Object Repository/Master Data/Admin Sekolah/Master Siswa/Tambah Siswa/Field Tanggal Lahir' is clicked on

06-01-2025T10:24:04 - [MESSAGE][PASSED] - Object: 'Object Repository/Master Data/Admin Sekolah/Master Siswa/Tambah Siswa/Field Tanggal Lahir' is clicked on

06-01-2025T10:24:04 - [TEST_STEP][PASSED] - click(findTestObject("Master Data/Admin Sekolah/Master Siswa/Tambah Siswa/Dropdown Bulan")): Object: 'Object Repository/Master Data/Admin Sekolah/Master Siswa/Tambah Siswa/Dropdown Bulan' is clicked on

06-01-2025T10:24:04 - [MESSAGE][PASSED] - Object: 'Object Repository/Master Data/Admin Sekolah/Master Siswa/Tambah Siswa/Dropdown Bulan' is clicked on

06-01-2025T10:24:04 - [TEST_STEP][PASSED] - click(findTestObject("Master Data/Admin Sekolah/Master Siswa/Tambah Siswa/Value Dropdown Bulan")): Object: 'Object Repository/Master Data/Admin Sekolah/Master Siswa/Tambah Siswa/Value Dropdown Bulan' is clicked on

06-01-2025T10:24:05 - [MESSAGE][PASSED] - Object: 'Object Repository/Master Data/Admin Sekolah/Master Siswa/Tambah Siswa/Value Dropdown Bulan' is clicked on

06-01-2025T10:24:05 - [TEST_STEP][PASSED] - click(findTestObject("Master Data/Admin Sekolah/Master Siswa/Tambah Siswa/Dropdown Tahun")): Object: 'Object Repository/Master Data/Admin Sekolah/Master Siswa/Tambah Siswa/Dropdown Tahun' is clicked on

06-01-2025T10:24:05 - [MESSAGE][PASSED] - Object: 'Object Repository/Master Data/Admin Sekolah/Master Siswa/Tambah Siswa/Dropdown Tahun' is clicked on

06-01-2025T10:24:05 - [TEST_STEP][PASSED] - click(findTestObject("Master Data/Admin Sekolah/Master Siswa/Tambah Siswa/Value Dropdown Tahun")): Object: 'Object Repository/Master Data/Admin Sekolah/Master Siswa/Tambah Siswa/Value Dropdown Tahun' is clicked on

06-01-2025T10:24:05 - [MESSAGE][PASSED] - Object: 'Object Repository/Master Data/Admin Sekolah/Master Siswa/Tambah Siswa/Value Dropdown Tahun' is clicked on

06-01-2025T10:24:05 - [TEST_STEP][PASSED] - pilihTanggal("15"): null

06-01-2025T10:24:05 - [TEST_STEP][PASSED] - tanggalElement = new com.kms.katalon.core.testobject.TestObject(): null

06-01-2025T10:24:05 - [TEST_STEP][PASSED] - tanggalElement.addProperty("xpath", EQUALS, //p[text()='$tanggal' and contains(@class, 'cursor-pointer')]): null

06-01-2025T10:24:05 - [TEST_STEP][PASSED] - click(tanggalElement): Object: '' is clicked on

06-01-2025T10:24:06 - [MESSAGE][PASSED] - Object: '' is clicked on

06-01-2025T10:24:06 - [TEST_STEP][PASSED] - click(findTestObject("Master Data/Admin Sekolah/Master Siswa/Tambah Siswa/Dropdown Unit")): Object: 'Object Repository/Master Data/Admin Sekolah/Master Siswa/Tambah Siswa/Dropdown Unit' is clicked on

06-01-2025T10:24:06 - [MESSAGE][PASSED] - Object: 'Object Repository/Master Data/Admin Sekolah/Master Siswa/Tambah Siswa/Dropdown Unit' is clicked on

06-01-2025T10:24:06 - [TEST_STEP][PASSED] - click(findTestObject("Master Data/Admin Sekolah/Master Siswa/Tambah Siswa/Value Dropdown Unit")): Object: 'Object Repository/Master Data/Admin Sekolah/Master Siswa/Tambah Siswa/Value Dropdown Unit' is clicked on

06-01-2025T10:24:07 - [MESSAGE][PASSED] - Object: 'Object Repository/Master Data/Admin Sekolah/Master Siswa/Tambah Siswa/Value Dropdown Unit' is clicked on

06-01-2025T10:24:07 - [TEST_STEP][PASSED] - click(findTestObject("Master Data/Admin Sekolah/Master Siswa/Tambah Siswa/Dropdown Pilih Kelas")): Object: 'Object Repository/Master Data/Admin Sekolah/Master Siswa/Tambah Siswa/Dropdown Pilih Kelas' is clicked on

06-01-2025T10:24:07 - [MESSAGE][PASSED] - Object: 'Object Repository/Master Data/Admin Sekolah/Master Siswa/Tambah Siswa/Dropdown Pilih Kelas' is clicked on

06-01-2025T10:24:07 - [TEST_STEP][PASSED] - click(findTestObject("Master Data/Admin Sekolah/Master Siswa/Tambah Siswa/Value Dropdown Kelas")): Object: 'Object Repository/Master Data/Admin Sekolah/Master Siswa/Tambah Siswa/Value Dropdown Kelas' is clicked on

06-01-2025T10:24:07 - [MESSAGE][PASSED] - Object: 'Object Repository/Master Data/Admin Sekolah/Master Siswa/Tambah Siswa/Value Dropdown Kelas' is clicked on

06-01-2025T10:24:07 - [TEST_STEP][PASSED] - randomPhoneNumber = generateRandomPhoneNumber(): null

06-01-2025T10:24:07 - [TEST_STEP][PASSED] - return (08 + (1000000000 + new java.util.Random().nextInt(900000000))): null

06-01-2025T10:24:07 - [TEST_STEP][PASSED] - setText(findTestObject("Master Data/Admin Sekolah/Master Siswa/Tambah Siswa/Field Nomor Handphone"), randomPhoneNumber): Text '081432349032' is set on object 'Object Repository/Master Data/Admin Sekolah/Master Siswa/Tambah Siswa/Field Nomor Handphone'

06-01-2025T10:24:08 - [MESSAGE][PASSED] - Text '081432349032' is set on object 'Object Repository/Master Data/Admin Sekolah/Master Siswa/Tambah Siswa/Field Nomor Handphone'

06-01-2025T10:24:08 - [TEST_STEP][PASSED] - setText(findTestObject("Master Data/Admin Sekolah/Master Siswa/Tambah Siswa/Field Email Orang Tua"), "ortu.user@gmail.com"): Text 'ortu.user@gmail.com' is set on object 'Object Repository/Master Data/Admin Sekolah/Master Siswa/Tambah Siswa/Field Email Orang Tua'

06-01-2025T10:24:08 - [MESSAGE][PASSED] - Text 'ortu.user@gmail.com' is set on object 'Object Repository/Master Data/Admin Sekolah/Master Siswa/Tambah Siswa/Field Email Orang Tua'

06-01-2025T10:24:08 - [TEST_STEP][PASSED] - selectDropdownOption("Master Data/Admin Sekolah/Master Siswa/Tambah Siswa/Dropdown Agama", "Master Data/Admin Sekolah/Master Siswa/Tambah Siswa/Value Dropdown Agama"): null

06-01-2025T10:24:08 - [TEST_STEP][PASSED] - click(findTestObject(dropdownPath)): Object: 'Object Repository/Master Data/Admin Sekolah/Master Siswa/Tambah Siswa/Dropdown Agama' is clicked on

06-01-2025T10:24:09 - [MESSAGE][PASSED] - Object: 'Object Repository/Master Data/Admin Sekolah/Master Siswa/Tambah Siswa/Dropdown Agama' is clicked on

06-01-2025T10:24:09 - [TEST_STEP][PASSED] - waitForElementVisible(findTestObject(valuePath), 10, STOP_ON_FAILURE): Object 'Object Repository/Master Data/Admin Sekolah/Master Siswa/Tambah Siswa/Value Dropdown Agama' is visible

06-01-2025T10:24:09 - [MESSAGE][PASSED] - Object 'Object Repository/Master Data/Admin Sekolah/Master Siswa/Tambah Siswa/Value Dropdown Agama' is visible

06-01-2025T10:24:09 - [TEST_STEP][PASSED] - click(findTestObject(valuePath)): Object: 'Object Repository/Master Data/Admin Sekolah/Master Siswa/Tambah Siswa/Value Dropdown Agama' is clicked on

06-01-2025T10:24:09 - [MESSAGE][PASSED] - Object: 'Object Repository/Master Data/Admin Sekolah/Master Siswa/Tambah Siswa/Value Dropdown Agama' is clicked on

06-01-2025T10:24:09 - [TEST_STEP][PASSED] - randomAddress = generateRandomAddress(): null

06-01-2025T10:24:09 - [TEST_STEP][PASSED] - streets = ["Jalan Merdeka", "Jalan Raya", "Jalan Sudirman", "Jalan Pahlawan"]: null

06-01-2025T10:24:09 - [TEST_STEP][PASSED] - cities = ["DKI JAKARTA", "BANDUNG", "SURABAYA", "YOGYAKARTA"]: null

06-01-2025T10:24:09 - [TEST_STEP][PASSED] - postalCodes = ["10110", "40221", "60211", "55222"]: null

06-01-2025T10:24:09 - [TEST_STEP][PASSED] - random = new java.util.Random(): null

06-01-2025T10:24:09 - [TEST_STEP][PASSED] - return $streets[random.nextInt(streets.size())], $cities[random.nextInt(cities.size())], $postalCodes[random.nextInt(postalCodes.size())]: null

06-01-2025T10:24:09 - [TEST_STEP][PASSED] - setText(findTestObject("Master Data/Admin Sekolah/Master Siswa/Tambah Siswa/Field Alamat"), randomAddress): Text '[Jalan Merdeka, Jalan Raya, Jalan Sudirman, Jalan Pahlawan][random.nextInt(streets.size())], [DKI JAKARTA, BANDUNG, SURABAYA, YOGYAKARTA][random.nextInt(cities.size())], [10110, 40221, 60211, 55222][random.nextInt(postalCodes.size())]' is set on object 'Object Repository/Master Data/Admin Sekolah/Master Siswa/Tambah Siswa/Field Alamat'

06-01-2025T10:24:11 - [MESSAGE][PASSED] - Text '[Jalan Merdeka, Jalan Raya, Jalan Sudirman, Jalan Pahlawan][random.nextInt(streets.size())], [DKI JAKARTA, BANDUNG, SURABAYA, YOGYAKARTA][random.nextInt(cities.size())], [10110, 40221, 60211, 55222][random.nextInt(postalCodes.size())]' is set on object 'Object Repository/Master Data/Admin Sekolah/Master Siswa/Tambah Siswa/Field Alamat'

06-01-2025T10:24:11 - [TEST_STEP][PASSED] - randomNIS = generateRandomNIS(10): null

06-01-2025T10:24:11 - [TEST_STEP][PASSED] - nis = new java.lang.StringBuilder(): null

06-01-2025T10:24:11 - [TEST_STEP][PASSED] - random = new java.util.Random(): null

06-01-2025T10:24:11 - [TEST_STEP][PASSED] - for ([i = 0, i < length, (i++)]): null

06-01-2025T10:24:11 - [TEST_STEP][PASSED] - nis.append(random.nextInt(10)): null

06-01-2025T10:24:11 - [TEST_STEP][PASSED] - nis.append(random.nextInt(10)): null

06-01-2025T10:24:11 - [TEST_STEP][PASSED] - nis.append(random.nextInt(10)): null

06-01-2025T10:24:11 - [TEST_STEP][PASSED] - nis.append(random.nextInt(10)): null

06-01-2025T10:24:11 - [TEST_STEP][PASSED] - nis.append(random.nextInt(10)): null

06-01-2025T10:24:11 - [TEST_STEP][PASSED] - nis.append(random.nextInt(10)): null

06-01-2025T10:24:11 - [TEST_STEP][PASSED] - nis.append(random.nextInt(10)): null

06-01-2025T10:24:11 - [TEST_STEP][PASSED] - nis.append(random.nextInt(10)): null

06-01-2025T10:24:11 - [TEST_STEP][PASSED] - nis.append(random.nextInt(10)): null

06-01-2025T10:24:11 - [TEST_STEP][PASSED] - nis.append(random.nextInt(10)): null

06-01-2025T10:24:11 - [TEST_STEP][PASSED] - return nis.toString(): null

06-01-2025T10:24:11 - [TEST_STEP][PASSED] - setText(findTestObject("Object Repository/Master Data/Admin Sekolah/Master Siswa/Tambah Siswa/Field NIS"), randomNIS): Text '1000690043' is set on object 'Object Repository/Master Data/Admin Sekolah/Master Siswa/Tambah Siswa/Field NIS'

06-01-2025T10:24:12 - [MESSAGE][PASSED] - Text '1000690043' is set on object 'Object Repository/Master Data/Admin Sekolah/Master Siswa/Tambah Siswa/Field NIS'

06-01-2025T10:24:12 - [TEST_STEP][PASSED] - click(findTestObject("Master Data/Admin Sekolah/Master Siswa/Tambah Siswa/Button Simpan")): Object: 'Object Repository/Master Data/Admin Sekolah/Master Siswa/Tambah Siswa/Button Simpan' is clicked on

06-01-2025T10:24:12 - [MESSAGE][PASSED] - Object: 'Object Repository/Master Data/Admin Sekolah/Master Siswa/Tambah Siswa/Button Simpan' is clicked on

06-01-2025T10:24:12 - [TEST_STEP][PASSED] - click(findTestObject("Master Data/Admin Sekolah/Master Siswa/Tambah Siswa/Button Ya")): Object: 'Object Repository/Master Data/Admin Sekolah/Master Siswa/Tambah Siswa/Button Ya' is clicked on

06-01-2025T10:24:13 - [MESSAGE][PASSED] - Object: 'Object Repository/Master Data/Admin Sekolah/Master Siswa/Tambah Siswa/Button Ya' is clicked on

06-01-2025T10:24:13 - [MESSAGE][INFO] - 

06-01-2025T10:24:13 - [MESSAGE][INFO] - ===================== Self-healing Report ====================

06-01-2025T10:24:13 - [MESSAGE][INFO] - One of the failed test object locators has been recovered by Self-healing. Please refer to the Self-healing Insights tab for more details.

06-01-2025T10:24:13 - [MESSAGE][INFO] - To learn more about Self-healing, please read https://docs.katalon.com/katalon-studio/docs/self-healing.html

06-01-2025T10:24:13 - [MESSAGE][INFO] - ==============================================================

06-01-2025T10:24:13 - [MESSAGE][PASSED] - Call Test Case 'Test Cases/Master Data/Admin Sekolah/Master Siswa/Tambah Siswa' successfully

06-01-2025T10:24:13 - [TEST_STEP][PASSED] - callTestCase(findTestCase("Test Cases/Master Data/Admin Sekolah/Master Siswa/Edit Siswa"), [:], CONTINUE_ON_FAILURE): Call Test Case 'Test Cases/Master Data/Admin Sekolah/Master Siswa/Edit Siswa' successfully

06-01-2025T10:24:13 - [TEST_CASE][PASSED] - Test Cases/Master Data/Admin Sekolah/Master Siswa/Edit Siswa: Test Cases/Master Data/Admin Sekolah/Master Siswa/Edit Siswa

06-01-2025T10:24:13 - [TEST_STEP][PASSED] - openBrowser(""): Browser is opened with url: ''

06-01-2025T10:24:13 - [MESSAGE][WARNING] - A browser is already opened. Closing browser and opening a new one

06-01-2025T10:24:13 - [MESSAGE][INFO] - Starting 'Chrome' driver

06-01-2025T10:24:13 - [MESSAGE][INFO] - Action delay is set to 0 milliseconds

06-01-2025T10:24:14 - [MESSAGE][PASSED] - Browser is opened with url: ''

06-01-2025T10:24:14 - [TEST_STEP][PASSED] - maximizeWindow(): Current window maximized

06-01-2025T10:24:14 - [MESSAGE][PASSED] - Current window maximized

06-01-2025T10:24:14 - [TEST_STEP][PASSED] - navigateToUrl("https://sit.siprusedu.com/login"): Navigate to 'https://sit.siprusedu.com/login' successfully

06-01-2025T10:24:14 - [MESSAGE][PASSED] - Navigate to 'https://sit.siprusedu.com/login' successfully

06-01-2025T10:24:14 - [TEST_STEP][PASSED] - setText(findTestObject("Master Data/Admin Sekolah/Login/Field Email"), "admin.gudangsolusi@digiform.co.id"): Text 'admin.gudangsolusi@digiform.co.id' is set on object 'Object Repository/Master Data/Admin Sekolah/Login/Field Email'

06-01-2025T10:24:16 - [MESSAGE][PASSED] - Text 'admin.gudangsolusi@digiform.co.id' is set on object 'Object Repository/Master Data/Admin Sekolah/Login/Field Email'

06-01-2025T10:24:16 - [TEST_STEP][PASSED] - setText(findTestObject("Master Data/Admin Sekolah/Login/Input Password"), "Test1234"): Text 'Test1234' is set on object 'Object Repository/Master Data/Admin Sekolah/Login/Input Password'

06-01-2025T10:24:17 - [MESSAGE][PASSED] - Text 'Test1234' is set on object 'Object Repository/Master Data/Admin Sekolah/Login/Input Password'

06-01-2025T10:24:17 - [TEST_STEP][PASSED] - click(findTestObject("Master Data/Admin Sekolah/Login/Button Submit")): Object: 'Object Repository/Master Data/Admin Sekolah/Login/Button Submit' is clicked on

06-01-2025T10:24:17 - [MESSAGE][PASSED] - Object: 'Object Repository/Master Data/Admin Sekolah/Login/Button Submit' is clicked on

06-01-2025T10:24:17 - [TEST_STEP][PASSED] - click(findTestObject("Master Data/Admin Sekolah/Master Data Menu")): Object: 'Object Repository/Master Data/Admin Sekolah/Master Data Menu' is clicked on

06-01-2025T10:24:19 - [MESSAGE][PASSED] - Object: 'Object Repository/Master Data/Admin Sekolah/Master Data Menu' is clicked on

06-01-2025T10:24:19 - [TEST_STEP][PASSED] - click(findTestObject("Master Data/Admin Sekolah/Master Siswa/Filter Dan Search Siswa/Page_Beranda/Sub Menu Kelola Siswa")): Object: 'Object Repository/Master Data/Admin Sekolah/Master Siswa/Filter Dan Search Siswa/Page_Beranda/Sub Menu Kelola Siswa' is clicked on

06-01-2025T10:24:19 - [MESSAGE][PASSED] - Object: 'Object Repository/Master Data/Admin Sekolah/Master Siswa/Filter Dan Search Siswa/Page_Beranda/Sub Menu Kelola Siswa' is clicked on

06-01-2025T10:24:19 - [TEST_STEP][PASSED] - click(findTestObject("Master Data/Admin Sekolah/Master Siswa/Edit Siswa/Button Action")): Object: 'Object Repository/Master Data/Admin Sekolah/Master Siswa/Edit Siswa/Button Action' is clicked on

06-01-2025T10:24:20 - [MESSAGE][PASSED] - Object: 'Object Repository/Master Data/Admin Sekolah/Master Siswa/Edit Siswa/Button Action' is clicked on

06-01-2025T10:24:20 - [TEST_STEP][PASSED] - click(findTestObject("Master Data/Admin Sekolah/Master Siswa/Edit Siswa/Button Edit")): Object: 'Object Repository/Master Data/Admin Sekolah/Master Siswa/Edit Siswa/Button Edit' is clicked on

06-01-2025T10:24:21 - [MESSAGE][PASSED] - Object: 'Object Repository/Master Data/Admin Sekolah/Master Siswa/Edit Siswa/Button Edit' is clicked on

06-01-2025T10:24:21 - [TEST_STEP][PASSED] - spinnerXpath = "//div[@data-testid='loading-spinner']": null

06-01-2025T10:24:21 - [TEST_STEP][PASSED] - waitForSpinnerToDisappear(spinnerXpath, 30): null

06-01-2025T10:24:21 - [TEST_STEP][PASSED] - spinner = new com.kms.katalon.core.testobject.TestObject(): null

06-01-2025T10:24:21 - [TEST_STEP][PASSED] - spinner.addProperty("xpath", EQUALS, spinnerXpath): null

06-01-2025T10:24:21 - [TEST_STEP][PASSED] - elapsedTime = 0: null

06-01-2025T10:24:21 - [TEST_STEP][PASSED] - interval = 1: null

06-01-2025T10:24:21 - [TEST_STEP][PASSED] - while (verifyElementPresent(spinner, 1, OPTIONAL)): com.kms.katalon.core.webui.exception.WebElementNotFoundException: Web element with id: '' located by '//div[@data-testid='loading-spinner']' not found (Root cause: com.kms.katalon.core.exception.StepFailedException: com.kms.katalon.core.webui.exception.WebElementNotFoundException: Web element with id: '' located by '//div[@data-testid='loading-spinner']' not found
	at com.kms.katalon.core.webui.keyword.internal.WebUIKeywordMain.stepFailed(WebUIKeywordMain.groovy:117)
	at com.kms.katalon.core.webui.keyword.builtin.VerifyElementPresentKeyword$_verifyElementPresent_closure1.doCall(VerifyElementPresentKeyword.groovy:85)
	at com.kms.katalon.core.webui.keyword.builtin.VerifyElementPresentKeyword$_verifyElementPresent_closure1.call(VerifyElementPresentKeyword.groovy)
	at com.kms.katalon.core.webui.keyword.internal.WebUIKeywordMain.runKeyword(WebUIKeywordMain.groovy:35)
	at com.kms.katalon.core.webui.keyword.builtin.VerifyElementPresentKeyword.verifyElementPresent(VerifyElementPresentKeyword.groovy:92)
	at com.kms.katalon.core.webui.keyword.builtin.VerifyElementPresentKeyword.execute(VerifyElementPresentKeyword.groovy:68)
	at com.kms.katalon.core.keyword.internal.KeywordExecutor.executeKeywordForPlatform(KeywordExecutor.groovy:74)
	at com.kms.katalon.core.webui.keyword.WebUiBuiltInKeywords.verifyElementPresent(WebUiBuiltInKeywords.groovy:1524)
	at Edit Siswa.waitForSpinnerToDisappear(Edit Siswa:31)
	at Edit Siswa.run(Edit Siswa:110)
	at com.kms.katalon.core.main.ScriptEngine.run(ScriptEngine.java:194)
	at com.kms.katalon.core.main.ScriptEngine.runScriptAsRawText(ScriptEngine.java:119)
	at com.kms.katalon.core.main.TestCaseExecutor.runScript(TestCaseExecutor.java:448)
	at com.kms.katalon.core.main.TestCaseExecutor.doExecute(TestCaseExecutor.java:439)
	at com.kms.katalon.core.main.TestCaseExecutor.processExecutionPhase(TestCaseExecutor.java:418)
	at com.kms.katalon.core.main.TestCaseExecutor.accessMainPhase(TestCaseExecutor.java:410)
	at com.kms.katalon.core.main.TestCaseExecutor.execute(TestCaseExecutor.java:285)
	at com.kms.katalon.core.main.TestCaseMain.runTestCase(TestCaseMain.java:133)
	at com.kms.katalon.core.keyword.builtin.CallTestCaseKeyword$_callTestCase_closure1.doCall(CallTestCaseKeyword.groovy:59)
	at com.kms.katalon.core.keyword.builtin.CallTestCaseKeyword$_callTestCase_closure1.call(CallTestCaseKeyword.groovy)
	at com.kms.katalon.core.keyword.internal.KeywordMain.runKeyword(KeywordMain.groovy:75)
	at com.kms.katalon.core.keyword.builtin.CallTestCaseKeyword.callTestCase(CallTestCaseKeyword.groovy:81)
	at com.kms.katalon.core.keyword.builtin.CallTestCaseKeyword.execute(CallTestCaseKeyword.groovy:44)
	at com.kms.katalon.core.keyword.internal.KeywordExecutor.executeKeywordForPlatform(KeywordExecutor.groovy:74)
	at com.kms.katalon.core.keyword.BuiltinKeywords.callTestCase(BuiltinKeywords.groovy:310)
	at jdk.internal.reflect.GeneratedMethodAccessor47.invoke(Unknown Source)
	at java.base/jdk.internal.reflect.DelegatingMethodAccessorImpl.invoke(DelegatingMethodAccessorImpl.java:43)
	at Regresi Siswa.run(Regresi Siswa:44)
	at com.kms.katalon.core.main.ScriptEngine.run(ScriptEngine.java:194)
	at com.kms.katalon.core.main.ScriptEngine.runScriptAsRawText(ScriptEngine.java:119)
	at com.kms.katalon.core.main.TestCaseExecutor.runScript(TestCaseExecutor.java:448)
	at com.kms.katalon.core.main.TestCaseExecutor.doExecute(TestCaseExecutor.java:439)
	at com.kms.katalon.core.main.TestCaseExecutor.processExecutionPhase(TestCaseExecutor.java:418)
	at com.kms.katalon.core.main.TestCaseExecutor.accessMainPhase(TestCaseExecutor.java:410)
	at com.kms.katalon.core.main.TestCaseExecutor.execute(TestCaseExecutor.java:285)
	at com.kms.katalon.core.common.CommonExecutor.accessTestCaseMainPhase(CommonExecutor.java:65)
	at com.kms.katalon.core.main.TestSuiteExecutor.accessTestSuiteMainPhase(TestSuiteExecutor.java:161)
	at com.kms.katalon.core.main.TestSuiteExecutor.execute(TestSuiteExecutor.java:107)
	at com.kms.katalon.core.main.TestCaseMain.startTestSuite(TestCaseMain.java:176)
	at TempTestSuite1736130766400.run(TempTestSuite1736130766400.groovy:35)
	at java.base/jdk.internal.reflect.NativeMethodAccessorImpl.invoke0(Native Method)
	at java.base/jdk.internal.reflect.NativeMethodAccessorImpl.invoke(NativeMethodAccessorImpl.java:77)
	at java.base/jdk.internal.reflect.DelegatingMethodAccessorImpl.invoke(DelegatingMethodAccessorImpl.java:43)
)

06-01-2025T10:24:23 - [MESSAGE][INFO] - Unable to find the element located by 'By.xpath: //div[@data-testid='loading-spinner']'. Please recheck the objects properties to make sure the desired element is located. 

06-01-2025T10:24:23 - [MESSAGE][WARNING] - com.kms.katalon.core.webui.exception.WebElementNotFoundException: Web element with id: '' located by '//div[@data-testid='loading-spinner']' not found (Root cause: com.kms.katalon.core.exception.StepFailedException: com.kms.katalon.core.webui.exception.WebElementNotFoundException: Web element with id: '' located by '//div[@data-testid='loading-spinner']' not found
	at com.kms.katalon.core.webui.keyword.internal.WebUIKeywordMain.stepFailed(WebUIKeywordMain.groovy:117)
	at com.kms.katalon.core.webui.keyword.builtin.VerifyElementPresentKeyword$_verifyElementPresent_closure1.doCall(VerifyElementPresentKeyword.groovy:85)
	at com.kms.katalon.core.webui.keyword.builtin.VerifyElementPresentKeyword$_verifyElementPresent_closure1.call(VerifyElementPresentKeyword.groovy)
	at com.kms.katalon.core.webui.keyword.internal.WebUIKeywordMain.runKeyword(WebUIKeywordMain.groovy:35)
	at com.kms.katalon.core.webui.keyword.builtin.VerifyElementPresentKeyword.verifyElementPresent(VerifyElementPresentKeyword.groovy:92)
	at com.kms.katalon.core.webui.keyword.builtin.VerifyElementPresentKeyword.execute(VerifyElementPresentKeyword.groovy:68)
	at com.kms.katalon.core.keyword.internal.KeywordExecutor.executeKeywordForPlatform(KeywordExecutor.groovy:74)
	at com.kms.katalon.core.webui.keyword.WebUiBuiltInKeywords.verifyElementPresent(WebUiBuiltInKeywords.groovy:1524)
	at Edit Siswa.waitForSpinnerToDisappear(Edit Siswa:31)
	at Edit Siswa.run(Edit Siswa:110)
	at com.kms.katalon.core.main.ScriptEngine.run(ScriptEngine.java:194)
	at com.kms.katalon.core.main.ScriptEngine.runScriptAsRawText(ScriptEngine.java:119)
	at com.kms.katalon.core.main.TestCaseExecutor.runScript(TestCaseExecutor.java:448)
	at com.kms.katalon.core.main.TestCaseExecutor.doExecute(TestCaseExecutor.java:439)
	at com.kms.katalon.core.main.TestCaseExecutor.processExecutionPhase(TestCaseExecutor.java:418)
	at com.kms.katalon.core.main.TestCaseExecutor.accessMainPhase(TestCaseExecutor.java:410)
	at com.kms.katalon.core.main.TestCaseExecutor.execute(TestCaseExecutor.java:285)
	at com.kms.katalon.core.main.TestCaseMain.runTestCase(TestCaseMain.java:133)
	at com.kms.katalon.core.keyword.builtin.CallTestCaseKeyword$_callTestCase_closure1.doCall(CallTestCaseKeyword.groovy:59)
	at com.kms.katalon.core.keyword.builtin.CallTestCaseKeyword$_callTestCase_closure1.call(CallTestCaseKeyword.groovy)
	at com.kms.katalon.core.keyword.internal.KeywordMain.runKeyword(KeywordMain.groovy:75)
	at com.kms.katalon.core.keyword.builtin.CallTestCaseKeyword.callTestCase(CallTestCaseKeyword.groovy:81)
	at com.kms.katalon.core.keyword.builtin.CallTestCaseKeyword.execute(CallTestCaseKeyword.groovy:44)
	at com.kms.katalon.core.keyword.internal.KeywordExecutor.executeKeywordForPlatform(KeywordExecutor.groovy:74)
	at com.kms.katalon.core.keyword.BuiltinKeywords.callTestCase(BuiltinKeywords.groovy:310)
	at jdk.internal.reflect.GeneratedMethodAccessor47.invoke(Unknown Source)
	at java.base/jdk.internal.reflect.DelegatingMethodAccessorImpl.invoke(DelegatingMethodAccessorImpl.java:43)
	at Regresi Siswa.run(Regresi Siswa:44)
	at com.kms.katalon.core.main.ScriptEngine.run(ScriptEngine.java:194)
	at com.kms.katalon.core.main.ScriptEngine.runScriptAsRawText(ScriptEngine.java:119)
	at com.kms.katalon.core.main.TestCaseExecutor.runScript(TestCaseExecutor.java:448)
	at com.kms.katalon.core.main.TestCaseExecutor.doExecute(TestCaseExecutor.java:439)
	at com.kms.katalon.core.main.TestCaseExecutor.processExecutionPhase(TestCaseExecutor.java:418)
	at com.kms.katalon.core.main.TestCaseExecutor.accessMainPhase(TestCaseExecutor.java:410)
	at com.kms.katalon.core.main.TestCaseExecutor.execute(TestCaseExecutor.java:285)
	at com.kms.katalon.core.common.CommonExecutor.accessTestCaseMainPhase(CommonExecutor.java:65)
	at com.kms.katalon.core.main.TestSuiteExecutor.accessTestSuiteMainPhase(TestSuiteExecutor.java:161)
	at com.kms.katalon.core.main.TestSuiteExecutor.execute(TestSuiteExecutor.java:107)
	at com.kms.katalon.core.main.TestCaseMain.startTestSuite(TestCaseMain.java:176)
	at TempTestSuite1736130766400.run(TempTestSuite1736130766400.groovy:35)
	at java.base/jdk.internal.reflect.NativeMethodAccessorImpl.invoke0(Native Method)
	at java.base/jdk.internal.reflect.NativeMethodAccessorImpl.invoke(NativeMethodAccessorImpl.java:77)
	at java.base/jdk.internal.reflect.DelegatingMethodAccessorImpl.invoke(DelegatingMethodAccessorImpl.java:43)
)
[[ATTACHMENT|C:\\Users\\henri\\Videos\\school-payment-automation-testing\\Reports\\20250106_093246\\Regresi All Sprint\\20250106_093246\\1736133863456.png]]

06-01-2025T10:24:23 - [TEST_STEP][PASSED] - comment("Spinner telah hilang."): Spinner telah hilang.

06-01-2025T10:24:23 - [MESSAGE][INFO] - Spinner telah hilang.

06-01-2025T10:24:23 - [TEST_STEP][PASSED] - clearAndInput(findTestObject("Master Data/Admin Sekolah/Master Siswa/Edit Siswa/Field Nama Siswa"), generateRandomName()): null

06-01-2025T10:24:23 - [TEST_STEP][PASSED] - firstNames = ["Ahmad", "Budi", "Siti", "Dian", "Rina", "Agus", "Maya", "Joko"]: null

06-01-2025T10:24:23 - [TEST_STEP][PASSED] - lastNames = ["Pratama", "Putra", "Sari", "Wibisana", "Gunawan", "Santoso", "Amir", "Kusuma"]: null

06-01-2025T10:24:23 - [TEST_STEP][PASSED] - random = new java.util.Random(): null

06-01-2025T10:24:23 - [TEST_STEP][PASSED] - return ((firstNames[random.nextInt(firstNames.size())] +  ) + lastNames[random.nextInt(lastNames.size())]): null

06-01-2025T10:24:23 - [TEST_STEP][PASSED] - clearFieldUsingJavaScript(testObject): null

06-01-2025T10:24:23 - [TEST_STEP][PASSED] - fieldElement = findWebElement(testObject): Found web element by test object Object Repository/Master Data/Admin Sekolah/Master Siswa/Edit Siswa/Field Nama Siswa

06-01-2025T10:24:42 - [MESSAGE][PASSED] - Found web element by test object Object Repository/Master Data/Admin Sekolah/Master Siswa/Edit Siswa/Field Nama Siswa

06-01-2025T10:24:42 - [TEST_STEP][PASSED] - executeJavaScript("arguments[0].value = "";", Arrays.asList(fieldElement)): Execute JavaScript 'arguments[0].value = "";' successfully

06-01-2025T10:24:42 - [MESSAGE][PASSED] - Execute JavaScript 'arguments[0].value = "";' successfully

06-01-2025T10:24:42 - [TEST_STEP][PASSED] - setText(testObject, newValue): Text 'Budi Kusuma' is set on object 'Object Repository/Master Data/Admin Sekolah/Master Siswa/Edit Siswa/Field Nama Siswa'

06-01-2025T10:24:43 - [MESSAGE][PASSED] - Text 'Budi Kusuma' is set on object 'Object Repository/Master Data/Admin Sekolah/Master Siswa/Edit Siswa/Field Nama Siswa'

06-01-2025T10:24:43 - [TEST_STEP][PASSED] - clearAndInput(findTestObject("Master Data/Admin Sekolah/Master Siswa/Edit Siswa/Field NIS"), generateRandomNIS()): null

06-01-2025T10:24:43 - [TEST_STEP][PASSED] - return (1000000000 + new java.util.Random().nextInt(900000000)) as java.lang.String: null

06-01-2025T10:24:43 - [TEST_STEP][PASSED] - clearFieldUsingJavaScript(testObject): null

06-01-2025T10:24:43 - [TEST_STEP][PASSED] - fieldElement = findWebElement(testObject): Found web element by test object Object Repository/Master Data/Admin Sekolah/Master Siswa/Edit Siswa/Field NIS

06-01-2025T10:24:43 - [MESSAGE][PASSED] - Found web element by test object Object Repository/Master Data/Admin Sekolah/Master Siswa/Edit Siswa/Field NIS

06-01-2025T10:24:43 - [TEST_STEP][PASSED] - executeJavaScript("arguments[0].value = "";", Arrays.asList(fieldElement)): Execute JavaScript 'arguments[0].value = "";' successfully

06-01-2025T10:24:43 - [MESSAGE][PASSED] - Execute JavaScript 'arguments[0].value = "";' successfully

06-01-2025T10:24:43 - [TEST_STEP][PASSED] - setText(testObject, newValue): Text '1466859214' is set on object 'Object Repository/Master Data/Admin Sekolah/Master Siswa/Edit Siswa/Field NIS'

06-01-2025T10:24:44 - [MESSAGE][PASSED] - Text '1466859214' is set on object 'Object Repository/Master Data/Admin Sekolah/Master Siswa/Edit Siswa/Field NIS'

06-01-2025T10:24:44 - [TEST_STEP][PASSED] - clearAndInput(findTestObject("Master Data/Admin Sekolah/Master Siswa/Edit Siswa/Field Tempat Lahir"), generateRandomPlaceOfBirth()): null

06-01-2025T10:24:44 - [TEST_STEP][PASSED] - cities = ["Jakarta", "Bandung", "Surabaya", "Medan", "Yogyakarta"]: null

06-01-2025T10:24:44 - [TEST_STEP][PASSED] - random = new java.util.Random(): null

06-01-2025T10:24:44 - [TEST_STEP][PASSED] - return cities[random.nextInt(cities.size())]: null

06-01-2025T10:24:44 - [TEST_STEP][PASSED] - clearFieldUsingJavaScript(testObject): null

06-01-2025T10:24:44 - [TEST_STEP][PASSED] - fieldElement = findWebElement(testObject): Found web element by test object Object Repository/Master Data/Admin Sekolah/Master Siswa/Edit Siswa/Field Tempat Lahir

06-01-2025T10:24:44 - [MESSAGE][PASSED] - Found web element by test object Object Repository/Master Data/Admin Sekolah/Master Siswa/Edit Siswa/Field Tempat Lahir

06-01-2025T10:24:44 - [TEST_STEP][PASSED] - executeJavaScript("arguments[0].value = "";", Arrays.asList(fieldElement)): Execute JavaScript 'arguments[0].value = "";' successfully

06-01-2025T10:24:44 - [MESSAGE][PASSED] - Execute JavaScript 'arguments[0].value = "";' successfully

06-01-2025T10:24:44 - [TEST_STEP][PASSED] - setText(testObject, newValue): Text 'Medan' is set on object 'Object Repository/Master Data/Admin Sekolah/Master Siswa/Edit Siswa/Field Tempat Lahir'

06-01-2025T10:24:44 - [MESSAGE][PASSED] - Text 'Medan' is set on object 'Object Repository/Master Data/Admin Sekolah/Master Siswa/Edit Siswa/Field Tempat Lahir'

06-01-2025T10:24:44 - [TEST_STEP][PASSED] - clearAndInput(findTestObject("Master Data/Admin Sekolah/Master Siswa/Edit Siswa/Field Nomor Handphone"), generateRandomPhoneNumber()): null

06-01-2025T10:24:44 - [TEST_STEP][PASSED] - return (08 + (100000000 + new java.util.Random().nextInt(900000000))): null

06-01-2025T10:24:44 - [TEST_STEP][PASSED] - clearFieldUsingJavaScript(testObject): null

06-01-2025T10:24:44 - [TEST_STEP][PASSED] - fieldElement = findWebElement(testObject): Found web element by test object Object Repository/Master Data/Admin Sekolah/Master Siswa/Edit Siswa/Field Nomor Handphone

06-01-2025T10:24:45 - [MESSAGE][PASSED] - Found web element by test object Object Repository/Master Data/Admin Sekolah/Master Siswa/Edit Siswa/Field Nomor Handphone

06-01-2025T10:24:45 - [TEST_STEP][PASSED] - executeJavaScript("arguments[0].value = "";", Arrays.asList(fieldElement)): Execute JavaScript 'arguments[0].value = "";' successfully

06-01-2025T10:24:45 - [MESSAGE][PASSED] - Execute JavaScript 'arguments[0].value = "";' successfully

06-01-2025T10:24:45 - [TEST_STEP][PASSED] - setText(testObject, newValue): Text '08309818571' is set on object 'Object Repository/Master Data/Admin Sekolah/Master Siswa/Edit Siswa/Field Nomor Handphone'

06-01-2025T10:24:45 - [MESSAGE][PASSED] - Text '08309818571' is set on object 'Object Repository/Master Data/Admin Sekolah/Master Siswa/Edit Siswa/Field Nomor Handphone'

06-01-2025T10:24:45 - [TEST_STEP][PASSED] - clearAndInput(findTestObject("Master Data/Admin Sekolah/Master Siswa/Edit Siswa/Field Alamat"), generateRandomAddress()): null

06-01-2025T10:24:45 - [TEST_STEP][PASSED] - streets = ["Jl. Raya", "Jl. Merdeka", "Jl. Pahlawan", "Jl. Kemerdekaan", "Jl. Sudirman"]: null

06-01-2025T10:24:45 - [TEST_STEP][PASSED] - cities = ["Jakarta", "Bandung", "Surabaya", "Medan", "Yogyakarta"]: null

06-01-2025T10:24:45 - [TEST_STEP][PASSED] - random = new java.util.Random(): null

06-01-2025T10:24:45 - [TEST_STEP][PASSED] - return (((streets[random.nextInt(streets.size())] + , ) + cities[random.nextInt(cities.size())]) + , Indonesia): null

06-01-2025T10:24:45 - [TEST_STEP][PASSED] - clearFieldUsingJavaScript(testObject): null

06-01-2025T10:24:45 - [TEST_STEP][PASSED] - fieldElement = findWebElement(testObject): Found web element by test object Object Repository/Master Data/Admin Sekolah/Master Siswa/Edit Siswa/Field Alamat

06-01-2025T10:24:45 - [MESSAGE][PASSED] - Found web element by test object Object Repository/Master Data/Admin Sekolah/Master Siswa/Edit Siswa/Field Alamat

06-01-2025T10:24:45 - [TEST_STEP][PASSED] - executeJavaScript("arguments[0].value = "";", Arrays.asList(fieldElement)): Execute JavaScript 'arguments[0].value = "";' successfully

06-01-2025T10:24:45 - [MESSAGE][PASSED] - Execute JavaScript 'arguments[0].value = "";' successfully

06-01-2025T10:24:45 - [TEST_STEP][PASSED] - setText(testObject, newValue): Text 'Jl. Pahlawan, Bandung, Indonesia' is set on object 'Object Repository/Master Data/Admin Sekolah/Master Siswa/Edit Siswa/Field Alamat'

06-01-2025T10:24:46 - [MESSAGE][PASSED] - Text 'Jl. Pahlawan, Bandung, Indonesia' is set on object 'Object Repository/Master Data/Admin Sekolah/Master Siswa/Edit Siswa/Field Alamat'

06-01-2025T10:24:46 - [TEST_STEP][PASSED] - isConfirmationHandled = false: null

06-01-2025T10:24:46 - [TEST_STEP][PASSED] - for ([i = 0, i < 3, (i++)]): null

06-01-2025T10:24:46 - [TEST_STEP][PASSED] - click(findTestObject("Master Data/Admin Sekolah/Master Siswa/Edit Siswa/Button Simpan")): Object: 'Object Repository/Master Data/Admin Sekolah/Master Siswa/Edit Siswa/Button Simpan' is clicked on

06-01-2025T10:24:46 - [MESSAGE][PASSED] - Object: 'Object Repository/Master Data/Admin Sekolah/Master Siswa/Edit Siswa/Button Simpan' is clicked on

06-01-2025T10:24:46 - [TEST_STEP][PASSED] - if (waitForElementVisible(findTestObject("Master Data/Admin Sekolah/Master Siswa/Edit Siswa/Modal Konfirmasi"), 5)): null

06-01-2025T10:24:47 - [MESSAGE][PASSED] - Object 'Object Repository/Master Data/Admin Sekolah/Master Siswa/Edit Siswa/Modal Konfirmasi' is visible

06-01-2025T10:24:47 - [TEST_STEP][PASSED] - comment("Modal konfirmasi muncul, melanjutkan ke langkah berikutnya."): Modal konfirmasi muncul, melanjutkan ke langkah berikutnya.

06-01-2025T10:24:47 - [MESSAGE][INFO] - Modal konfirmasi muncul, melanjutkan ke langkah berikutnya.

06-01-2025T10:24:47 - [TEST_STEP][PASSED] - click(findTestObject("Master Data/Admin Sekolah/Master Siswa/Edit Siswa/Button Ya")): Object: 'Object Repository/Master Data/Admin Sekolah/Master Siswa/Edit Siswa/Button Ya' is clicked on

06-01-2025T10:24:47 - [MESSAGE][PASSED] - Object: 'Object Repository/Master Data/Admin Sekolah/Master Siswa/Edit Siswa/Button Ya' is clicked on

06-01-2025T10:24:47 - [TEST_STEP][PASSED] - isConfirmationHandled = true: null

06-01-2025T10:24:47 - [TEST_STEP][PASSED] - break: null

06-01-2025T10:24:47 - [TEST_STEP][PASSED] - if (!(isConfirmationHandled)): null

06-01-2025T10:24:47 - [TEST_STEP][PASSED] - closeBrowser(): Browser is closed

06-01-2025T10:24:47 - [MESSAGE][PASSED] - Browser is closed

06-01-2025T10:24:47 - [MESSAGE][INFO] - 

06-01-2025T10:24:47 - [MESSAGE][INFO] - ===================== Self-healing Report ====================

06-01-2025T10:24:47 - [MESSAGE][INFO] - One of the failed test object locators has been recovered by Self-healing. Please refer to the Self-healing Insights tab for more details.

06-01-2025T10:24:47 - [MESSAGE][INFO] - To learn more about Self-healing, please read https://docs.katalon.com/katalon-studio/docs/self-healing.html

06-01-2025T10:24:47 - [MESSAGE][INFO] - ==============================================================

06-01-2025T10:24:47 - [MESSAGE][PASSED] - Call Test Case 'Test Cases/Master Data/Admin Sekolah/Master Siswa/Edit Siswa' successfully

06-01-2025T10:24:47 - [TEST_STEP][PASSED] - callTestCase(findTestCase("Test Cases/Master Data/Admin Sekolah/Master Siswa/Filter dan Search Siswa"), [:], CONTINUE_ON_FAILURE): Call Test Case 'Test Cases/Master Data/Admin Sekolah/Master Siswa/Filter dan Search Siswa' successfully

06-01-2025T10:24:47 - [TEST_CASE][PASSED] - Test Cases/Master Data/Admin Sekolah/Master Siswa/Filter dan Search Siswa: Test Cases/Master Data/Admin Sekolah/Master Siswa/Filter dan Search Siswa

06-01-2025T10:24:47 - [TEST_STEP][PASSED] - openBrowser("", CONTINUE_ON_FAILURE): Browser is opened with url: ''

06-01-2025T10:24:47 - [MESSAGE][INFO] - Starting 'Chrome' driver

06-01-2025T10:24:47 - [MESSAGE][INFO] - Action delay is set to 0 milliseconds

06-01-2025T10:24:48 - [MESSAGE][PASSED] - Browser is opened with url: ''

06-01-2025T10:24:48 - [TEST_STEP][PASSED] - navigateToUrl("https://sit.siprusedu.com/login", CONTINUE_ON_FAILURE): Navigate to 'https://sit.siprusedu.com/login' successfully

06-01-2025T10:24:49 - [MESSAGE][PASSED] - Navigate to 'https://sit.siprusedu.com/login' successfully

06-01-2025T10:24:49 - [TEST_STEP][PASSED] - click(findTestObject("Master Data/Admin Sekolah/Login/Field Email"), CONTINUE_ON_FAILURE): Object: 'Object Repository/Master Data/Admin Sekolah/Login/Field Email' is clicked on

06-01-2025T10:24:50 - [MESSAGE][PASSED] - Object: 'Object Repository/Master Data/Admin Sekolah/Login/Field Email' is clicked on

06-01-2025T10:24:50 - [TEST_STEP][PASSED] - setText(findTestObject("Master Data/Admin Sekolah/Login/Field Email"), "admin.gudangsolusi@digiform.co.id", CONTINUE_ON_FAILURE): Text 'admin.gudangsolusi@digiform.co.id' is set on object 'Object Repository/Master Data/Admin Sekolah/Login/Field Email'

06-01-2025T10:24:51 - [MESSAGE][PASSED] - Text 'admin.gudangsolusi@digiform.co.id' is set on object 'Object Repository/Master Data/Admin Sekolah/Login/Field Email'

06-01-2025T10:24:51 - [TEST_STEP][PASSED] - click(findTestObject("Master Data/Admin Sekolah/Login/Input Password"), CONTINUE_ON_FAILURE): Object: 'Object Repository/Master Data/Admin Sekolah/Login/Input Password' is clicked on

06-01-2025T10:24:51 - [MESSAGE][PASSED] - Object: 'Object Repository/Master Data/Admin Sekolah/Login/Input Password' is clicked on

06-01-2025T10:24:51 - [TEST_STEP][PASSED] - setText(findTestObject("Master Data/Admin Sekolah/Login/Input Password"), "Test1234", CONTINUE_ON_FAILURE): Text 'Test1234' is set on object 'Object Repository/Master Data/Admin Sekolah/Login/Input Password'

06-01-2025T10:24:51 - [MESSAGE][PASSED] - Text 'Test1234' is set on object 'Object Repository/Master Data/Admin Sekolah/Login/Input Password'

06-01-2025T10:24:51 - [TEST_STEP][PASSED] - click(findTestObject("Master Data/Admin Sekolah/Login/Button Submit"), CONTINUE_ON_FAILURE): Object: 'Object Repository/Master Data/Admin Sekolah/Login/Button Submit' is clicked on

06-01-2025T10:24:52 - [MESSAGE][PASSED] - Object: 'Object Repository/Master Data/Admin Sekolah/Login/Button Submit' is clicked on

06-01-2025T10:24:52 - [TEST_STEP][PASSED] - click(findTestObject("Master Data/Admin Sekolah/Master Data Menu"), CONTINUE_ON_FAILURE): Object: 'Object Repository/Master Data/Admin Sekolah/Master Data Menu' is clicked on

06-01-2025T10:24:53 - [MESSAGE][PASSED] - Object: 'Object Repository/Master Data/Admin Sekolah/Master Data Menu' is clicked on

06-01-2025T10:24:53 - [TEST_STEP][PASSED] - click(findTestObject("Master Data/Admin Sekolah/Master Siswa/Filter Dan Search Siswa/Page_Beranda/Sub Menu Kelola Siswa")): Object: 'Object Repository/Master Data/Admin Sekolah/Master Siswa/Filter Dan Search Siswa/Page_Beranda/Sub Menu Kelola Siswa' is clicked on

06-01-2025T10:24:54 - [MESSAGE][PASSED] - Object: 'Object Repository/Master Data/Admin Sekolah/Master Siswa/Filter Dan Search Siswa/Page_Beranda/Sub Menu Kelola Siswa' is clicked on

06-01-2025T10:24:54 - [TEST_STEP][PASSED] - click(findTestObject("Master Data/Admin Sekolah/Master Siswa/Filter Dan Search Siswa/Dropdown Kelas")): Object: 'Object Repository/Master Data/Admin Sekolah/Master Siswa/Filter Dan Search Siswa/Dropdown Kelas' is clicked on

06-01-2025T10:24:55 - [MESSAGE][PASSED] - Object: 'Object Repository/Master Data/Admin Sekolah/Master Siswa/Filter Dan Search Siswa/Dropdown Kelas' is clicked on

06-01-2025T10:24:55 - [TEST_STEP][PASSED] - click(findTestObject("Master Data/Admin Sekolah/Master Siswa/Filter Dan Search Siswa/Value Kelas XI IPA 11")): Object: 'Object Repository/Master Data/Admin Sekolah/Master Siswa/Filter Dan Search Siswa/Value Kelas XI IPA 11' is clicked on

06-01-2025T10:24:55 - [MESSAGE][PASSED] - Object: 'Object Repository/Master Data/Admin Sekolah/Master Siswa/Filter Dan Search Siswa/Value Kelas XI IPA 11' is clicked on

06-01-2025T10:24:55 - [TEST_STEP][PASSED] - click(findTestObject("Master Data/Admin Sekolah/Master Siswa/Filter Dan Search Siswa/Dropdown Status")): Object: 'Object Repository/Master Data/Admin Sekolah/Master Siswa/Filter Dan Search Siswa/Dropdown Status' is clicked on

06-01-2025T10:24:56 - [MESSAGE][PASSED] - Object: 'Object Repository/Master Data/Admin Sekolah/Master Siswa/Filter Dan Search Siswa/Dropdown Status' is clicked on

06-01-2025T10:24:56 - [TEST_STEP][PASSED] - click(findTestObject("Master Data/Admin Sekolah/Master Siswa/Filter Dan Search Siswa/Value Status Aktif")): Object: 'Object Repository/Master Data/Admin Sekolah/Master Siswa/Filter Dan Search Siswa/Value Status Aktif' is clicked on

06-01-2025T10:24:56 - [MESSAGE][PASSED] - Object: 'Object Repository/Master Data/Admin Sekolah/Master Siswa/Filter Dan Search Siswa/Value Status Aktif' is clicked on

06-01-2025T10:24:56 - [TEST_STEP][PASSED] - click(findTestObject("Master Data/Admin Sekolah/Master Siswa/Filter Dan Search Siswa/Dropdown Tahun Ajaran")): Object: 'Object Repository/Master Data/Admin Sekolah/Master Siswa/Filter Dan Search Siswa/Dropdown Tahun Ajaran' is clicked on

06-01-2025T10:24:57 - [MESSAGE][PASSED] - Object: 'Object Repository/Master Data/Admin Sekolah/Master Siswa/Filter Dan Search Siswa/Dropdown Tahun Ajaran' is clicked on

06-01-2025T10:24:57 - [TEST_STEP][PASSED] - click(findTestObject("Master Data/Admin Sekolah/Master Siswa/Filter Dan Search Siswa/Value Dropdown Tahun Ajaran")): Object: 'Object Repository/Master Data/Admin Sekolah/Master Siswa/Filter Dan Search Siswa/Value Dropdown Tahun Ajaran' is clicked on

06-01-2025T10:25:28 - [MESSAGE][INFO] - Unable to find the element located by 'By.xpath: //div[@value='39']'. Please recheck the objects properties to make sure the desired element is located. 

06-01-2025T10:25:28 - [MESSAGE][WARNING] - [SELF-HEALING] Failed to find element with id 'Object Repository/Master Data/Admin Sekolah/Master Siswa/Filter Dan Search Siswa/Value Dropdown Tahun Ajaran'. Try using Self-healing.

06-01-2025T10:25:28 - [MESSAGE][WARNING] - [SELF-HEALING] The current locator of test object 'Object Repository/Master Data/Admin Sekolah/Master Siswa/Filter Dan Search Siswa/Value Dropdown Tahun Ajaran' was broken. Propose an alternative one: '//div[2]/div[2]/div[7]'.

06-01-2025T10:25:28 - [MESSAGE][PASSED] - Object: 'Object Repository/Master Data/Admin Sekolah/Master Siswa/Filter Dan Search Siswa/Value Dropdown Tahun Ajaran' is clicked on

06-01-2025T10:25:28 - [TEST_STEP][PASSED] - click(findTestObject("Master Data/Admin Sekolah/Master Siswa/Filter Dan Search Siswa/Field Search Bar")): Object: 'Object Repository/Master Data/Admin Sekolah/Master Siswa/Filter Dan Search Siswa/Field Search Bar' is clicked on

06-01-2025T10:25:29 - [MESSAGE][PASSED] - Object: 'Object Repository/Master Data/Admin Sekolah/Master Siswa/Filter Dan Search Siswa/Field Search Bar' is clicked on

06-01-2025T10:25:29 - [TEST_STEP][PASSED] - setText(findTestObject("Master Data/Admin Sekolah/Master Siswa/Filter Dan Search Siswa/Field Search Bar"), "Adam"): Text 'Adam' is set on object 'Object Repository/Master Data/Admin Sekolah/Master Siswa/Filter Dan Search Siswa/Field Search Bar'

06-01-2025T10:25:29 - [MESSAGE][PASSED] - Text 'Adam' is set on object 'Object Repository/Master Data/Admin Sekolah/Master Siswa/Filter Dan Search Siswa/Field Search Bar'

06-01-2025T10:25:29 - [TEST_STEP][PASSED] - verifyElementVisible(findTestObject("Master Data/Admin Sekolah/Master Siswa/Filter Dan Search Siswa/Rekomendasi Siswa")): Object 'Object Repository/Master Data/Admin Sekolah/Master Siswa/Filter Dan Search Siswa/Rekomendasi Siswa' is visible

06-01-2025T10:25:31 - [MESSAGE][PASSED] - Object 'Object Repository/Master Data/Admin Sekolah/Master Siswa/Filter Dan Search Siswa/Rekomendasi Siswa' is visible

06-01-2025T10:25:31 - [TEST_STEP][PASSED] - click(findTestObject("Master Data/Admin Sekolah/Master Siswa/Filter Dan Search Siswa/Rekomendasi Siswa")): Object: 'Object Repository/Master Data/Admin Sekolah/Master Siswa/Filter Dan Search Siswa/Rekomendasi Siswa' is clicked on

06-01-2025T10:25:31 - [MESSAGE][PASSED] - Object: 'Object Repository/Master Data/Admin Sekolah/Master Siswa/Filter Dan Search Siswa/Rekomendasi Siswa' is clicked on

06-01-2025T10:25:31 - [TEST_STEP][PASSED] - verifyElementVisible(findTestObject("Master Data/Admin Sekolah/Master Siswa/Filter Dan Search Siswa/Button Terapkan")): Object 'Object Repository/Master Data/Admin Sekolah/Master Siswa/Filter Dan Search Siswa/Button Terapkan' is visible

06-01-2025T10:25:32 - [MESSAGE][PASSED] - Object 'Object Repository/Master Data/Admin Sekolah/Master Siswa/Filter Dan Search Siswa/Button Terapkan' is visible

06-01-2025T10:25:32 - [TEST_STEP][PASSED] - click(findTestObject("Master Data/Admin Sekolah/Master Siswa/Filter Dan Search Siswa/Button Terapkan")): Object: 'Object Repository/Master Data/Admin Sekolah/Master Siswa/Filter Dan Search Siswa/Button Terapkan' is clicked on

06-01-2025T10:25:32 - [MESSAGE][PASSED] - Object: 'Object Repository/Master Data/Admin Sekolah/Master Siswa/Filter Dan Search Siswa/Button Terapkan' is clicked on

06-01-2025T10:25:32 - [MESSAGE][INFO] - 

06-01-2025T10:25:32 - [MESSAGE][INFO] - ===================== Self-healing Report ====================

06-01-2025T10:25:32 - [MESSAGE][INFO] - One of the failed test object locators has been recovered by Self-healing. Please refer to the Self-healing Insights tab for more details.

06-01-2025T10:25:32 - [MESSAGE][INFO] - To learn more about Self-healing, please read https://docs.katalon.com/katalon-studio/docs/self-healing.html

06-01-2025T10:25:32 - [MESSAGE][INFO] - ==============================================================

06-01-2025T10:25:32 - [MESSAGE][PASSED] - Call Test Case 'Test Cases/Master Data/Admin Sekolah/Master Siswa/Filter dan Search Siswa' successfully

06-01-2025T10:25:32 - [TEST_STEP][PASSED] - callTestCase(findTestCase("Test Cases/Master Data/Admin Sekolah/Master Siswa/Unduh dan Upload Siswa"), [:], CONTINUE_ON_FAILURE): Call Test Case 'Test Cases/Master Data/Admin Sekolah/Master Siswa/Unduh dan Upload Siswa' successfully

06-01-2025T10:25:32 - [TEST_CASE][PASSED] - Test Cases/Master Data/Admin Sekolah/Master Siswa/Unduh dan Upload Siswa: Test Cases/Master Data/Admin Sekolah/Master Siswa/Unduh dan Upload Siswa

06-01-2025T10:25:32 - [TEST_STEP][PASSED] - openBrowser(""): Browser is opened with url: ''

06-01-2025T10:25:32 - [MESSAGE][WARNING] - A browser is already opened. Closing browser and opening a new one

06-01-2025T10:25:32 - [MESSAGE][INFO] - Starting 'Chrome' driver

06-01-2025T10:25:32 - [MESSAGE][INFO] - Action delay is set to 0 milliseconds

06-01-2025T10:25:33 - [MESSAGE][PASSED] - Browser is opened with url: ''

06-01-2025T10:25:33 - [TEST_STEP][PASSED] - maximizeWindow(): Current window maximized

06-01-2025T10:25:33 - [MESSAGE][PASSED] - Current window maximized

06-01-2025T10:25:33 - [TEST_STEP][PASSED] - navigateToUrl("https://sit.siprusedu.com/login"): Navigate to 'https://sit.siprusedu.com/login' successfully

06-01-2025T10:25:33 - [MESSAGE][PASSED] - Navigate to 'https://sit.siprusedu.com/login' successfully

06-01-2025T10:25:33 - [TEST_STEP][PASSED] - setText(findTestObject("Master Data/Admin Sekolah/Login/Field Email"), "admin.gudangsolusi@digiform.co.id"): Text 'admin.gudangsolusi@digiform.co.id' is set on object 'Object Repository/Master Data/Admin Sekolah/Login/Field Email'

06-01-2025T10:25:35 - [MESSAGE][PASSED] - Text 'admin.gudangsolusi@digiform.co.id' is set on object 'Object Repository/Master Data/Admin Sekolah/Login/Field Email'

06-01-2025T10:25:35 - [TEST_STEP][PASSED] - setText(findTestObject("Master Data/Admin Sekolah/Login/Input Password"), "Test1234"): Text 'Test1234' is set on object 'Object Repository/Master Data/Admin Sekolah/Login/Input Password'

06-01-2025T10:25:36 - [MESSAGE][PASSED] - Text 'Test1234' is set on object 'Object Repository/Master Data/Admin Sekolah/Login/Input Password'

06-01-2025T10:25:36 - [TEST_STEP][PASSED] - click(findTestObject("Master Data/Admin Sekolah/Login/Button Submit")): Object: 'Object Repository/Master Data/Admin Sekolah/Login/Button Submit' is clicked on

06-01-2025T10:25:36 - [MESSAGE][PASSED] - Object: 'Object Repository/Master Data/Admin Sekolah/Login/Button Submit' is clicked on

06-01-2025T10:25:36 - [TEST_STEP][PASSED] - click(findTestObject("Master Data/Admin Sekolah/Master Data Menu")): Object: 'Object Repository/Master Data/Admin Sekolah/Master Data Menu' is clicked on

06-01-2025T10:25:38 - [MESSAGE][PASSED] - Object: 'Object Repository/Master Data/Admin Sekolah/Master Data Menu' is clicked on

06-01-2025T10:25:38 - [TEST_STEP][PASSED] - click(findTestObject("Master Data/Admin Sekolah/Master Siswa/Filter Dan Search Siswa/Page_Beranda/Sub Menu Kelola Siswa")): Object: 'Object Repository/Master Data/Admin Sekolah/Master Siswa/Filter Dan Search Siswa/Page_Beranda/Sub Menu Kelola Siswa' is clicked on

06-01-2025T10:25:38 - [MESSAGE][PASSED] - Object: 'Object Repository/Master Data/Admin Sekolah/Master Siswa/Filter Dan Search Siswa/Page_Beranda/Sub Menu Kelola Siswa' is clicked on

06-01-2025T10:25:38 - [TEST_STEP][PASSED] - click(findTestObject("Master Data/Admin Sekolah/Master Siswa/Unduh dan Upload Siswa/Button Unduh")): Object: 'Object Repository/Master Data/Admin Sekolah/Master Siswa/Unduh dan Upload Siswa/Button Unduh' is clicked on

06-01-2025T10:25:40 - [MESSAGE][PASSED] - Object: 'Object Repository/Master Data/Admin Sekolah/Master Siswa/Unduh dan Upload Siswa/Button Unduh' is clicked on

06-01-2025T10:25:40 - [TEST_STEP][PASSED] - click(findTestObject("Master Data/Admin Sekolah/Master Siswa/Unduh dan Upload Siswa/Unduh Data Siswa")): Object: 'Object Repository/Master Data/Admin Sekolah/Master Siswa/Unduh dan Upload Siswa/Unduh Data Siswa' is clicked on

06-01-2025T10:25:40 - [MESSAGE][PASSED] - Object: 'Object Repository/Master Data/Admin Sekolah/Master Siswa/Unduh dan Upload Siswa/Unduh Data Siswa' is clicked on

06-01-2025T10:25:40 - [TEST_STEP][PASSED] - click(findTestObject("Master Data/Admin Sekolah/Master Siswa/Unduh dan Upload Siswa/Button Unduh")): Object: 'Object Repository/Master Data/Admin Sekolah/Master Siswa/Unduh dan Upload Siswa/Button Unduh' is clicked on

06-01-2025T10:25:41 - [MESSAGE][PASSED] - Object: 'Object Repository/Master Data/Admin Sekolah/Master Siswa/Unduh dan Upload Siswa/Button Unduh' is clicked on

06-01-2025T10:25:41 - [TEST_STEP][PASSED] - click(findTestObject("Master Data/Admin Sekolah/Master Siswa/Unduh dan Upload Siswa/Unduh Format File")): Object: 'Object Repository/Master Data/Admin Sekolah/Master Siswa/Unduh dan Upload Siswa/Unduh Format File' is clicked on

06-01-2025T10:25:41 - [MESSAGE][PASSED] - Object: 'Object Repository/Master Data/Admin Sekolah/Master Siswa/Unduh dan Upload Siswa/Unduh Format File' is clicked on

06-01-2025T10:25:41 - [TEST_STEP][PASSED] - click(findTestObject("Master Data/Admin Sekolah/Master Siswa/Unduh dan Upload Siswa/Button Upload")): Object: 'Object Repository/Master Data/Admin Sekolah/Master Siswa/Unduh dan Upload Siswa/Button Upload' is clicked on

06-01-2025T10:25:42 - [MESSAGE][PASSED] - Object: 'Object Repository/Master Data/Admin Sekolah/Master Siswa/Unduh dan Upload Siswa/Button Upload' is clicked on

06-01-2025T10:25:42 - [TEST_STEP][PASSED] - filePath = "C:\Users\henri\Downloads\Upload Siswa 5.xlsx": null

06-01-2025T10:25:42 - [TEST_STEP][PASSED] - click(findTestObject("Master Data/Admin Sekolah/Master Siswa/Unduh dan Upload Siswa/Button Upload File")): Object: 'Object Repository/Master Data/Admin Sekolah/Master Siswa/Unduh dan Upload Siswa/Button Upload File' is clicked on

06-01-2025T10:25:42 - [MESSAGE][PASSED] - Object: 'Object Repository/Master Data/Admin Sekolah/Master Siswa/Unduh dan Upload Siswa/Button Upload File' is clicked on

06-01-2025T10:25:42 - [TEST_STEP][PASSED] - uploadInputField = findTestObject("Master Data/Admin Sekolah/Master Siswa/Upload File Input"): Test object with id 'Object Repository/Master Data/Admin Sekolah/Master Siswa/Upload File Input' does not exist

06-01-2025T10:25:42 - [MESSAGE][WARNING] - Test object with id 'Object Repository/Master Data/Admin Sekolah/Master Siswa/Upload File Input' does not exist

06-01-2025T10:25:42 - [TEST_STEP][PASSED] - if (uploadInputField != null): null

06-01-2025T10:25:42 - [TEST_STEP][PASSED] - else: null

06-01-2025T10:25:42 - [TEST_STEP][PASSED] - println("Upload file input field not found!"): null

06-01-2025T10:25:42 - [TEST_STEP][PASSED] - click(findTestObject("Master Data/Admin Sekolah/Master Siswa/Unduh dan Upload Siswa/Button Kirim")): Object: 'Object Repository/Master Data/Admin Sekolah/Master Siswa/Unduh dan Upload Siswa/Button Kirim' is clicked on

06-01-2025T10:25:42 - [MESSAGE][PASSED] - Object: 'Object Repository/Master Data/Admin Sekolah/Master Siswa/Unduh dan Upload Siswa/Button Kirim' is clicked on

06-01-2025T10:25:42 - [TEST_STEP][PASSED] - delay(5): Delayed 5 second(s)

06-01-2025T10:25:47 - [MESSAGE][PASSED] - Delayed 5 second(s)

06-01-2025T10:25:47 - [MESSAGE][INFO] - 

06-01-2025T10:25:47 - [MESSAGE][INFO] - ===================== Self-healing Report ====================

06-01-2025T10:25:47 - [MESSAGE][INFO] - One of the failed test object locators has been recovered by Self-healing. Please refer to the Self-healing Insights tab for more details.

06-01-2025T10:25:47 - [MESSAGE][INFO] - To learn more about Self-healing, please read https://docs.katalon.com/katalon-studio/docs/self-healing.html

06-01-2025T10:25:47 - [MESSAGE][INFO] - ==============================================================

06-01-2025T10:25:47 - [MESSAGE][PASSED] - Call Test Case 'Test Cases/Master Data/Admin Sekolah/Master Siswa/Unduh dan Upload Siswa' successfully

06-01-2025T10:25:47 - [TEST_STEP][PASSED] - println("============================= Loop Again ==============================="): null

06-01-2025T10:25:47 - [TEST_STEP][PASSED] - callTestCase(findTestCase("Test Cases/Master Data/Admin Sekolah/Master Siswa/Tambah Siswa"), [:], CONTINUE_ON_FAILURE): Call Test Case 'Test Cases/Master Data/Admin Sekolah/Master Siswa/Tambah Siswa' successfully

06-01-2025T10:25:48 - [TEST_CASE][PASSED] - Test Cases/Master Data/Admin Sekolah/Master Siswa/Tambah Siswa: Test Cases/Master Data/Admin Sekolah/Master Siswa/Tambah Siswa

06-01-2025T10:25:48 - [TEST_STEP][PASSED] - openBrowser(""): Browser is opened with url: ''

06-01-2025T10:25:48 - [MESSAGE][WARNING] - A browser is already opened. Closing browser and opening a new one

06-01-2025T10:25:48 - [MESSAGE][INFO] - Starting 'Chrome' driver

06-01-2025T10:25:48 - [MESSAGE][INFO] - Action delay is set to 0 milliseconds

06-01-2025T10:25:49 - [MESSAGE][PASSED] - Browser is opened with url: ''

06-01-2025T10:25:49 - [TEST_STEP][PASSED] - maximizeWindow(): Current window maximized

06-01-2025T10:25:49 - [MESSAGE][PASSED] - Current window maximized

06-01-2025T10:25:49 - [TEST_STEP][PASSED] - navigateToUrl("https://sit.siprusedu.com/login"): Navigate to 'https://sit.siprusedu.com/login' successfully

06-01-2025T10:25:49 - [MESSAGE][PASSED] - Navigate to 'https://sit.siprusedu.com/login' successfully

06-01-2025T10:25:49 - [TEST_STEP][PASSED] - setText(findTestObject("Master Data/Admin Sekolah/Login/Field Email"), "admin.gudangsolusi@digiform.co.id"): Text 'admin.gudangsolusi@digiform.co.id' is set on object 'Object Repository/Master Data/Admin Sekolah/Login/Field Email'

06-01-2025T10:25:51 - [MESSAGE][PASSED] - Text 'admin.gudangsolusi@digiform.co.id' is set on object 'Object Repository/Master Data/Admin Sekolah/Login/Field Email'

06-01-2025T10:25:51 - [TEST_STEP][PASSED] - setText(findTestObject("Master Data/Admin Sekolah/Login/Input Password"), "Test1234"): Text 'Test1234' is set on object 'Object Repository/Master Data/Admin Sekolah/Login/Input Password'

06-01-2025T10:25:51 - [MESSAGE][PASSED] - Text 'Test1234' is set on object 'Object Repository/Master Data/Admin Sekolah/Login/Input Password'

06-01-2025T10:25:51 - [TEST_STEP][PASSED] - click(findTestObject("Master Data/Admin Sekolah/Login/Button Submit")): Object: 'Object Repository/Master Data/Admin Sekolah/Login/Button Submit' is clicked on

06-01-2025T10:25:52 - [MESSAGE][PASSED] - Object: 'Object Repository/Master Data/Admin Sekolah/Login/Button Submit' is clicked on

06-01-2025T10:25:52 - [TEST_STEP][PASSED] - click(findTestObject("Master Data/Admin Sekolah/Master Data Menu")): Object: 'Object Repository/Master Data/Admin Sekolah/Master Data Menu' is clicked on

06-01-2025T10:25:53 - [MESSAGE][PASSED] - Object: 'Object Repository/Master Data/Admin Sekolah/Master Data Menu' is clicked on

06-01-2025T10:25:53 - [TEST_STEP][PASSED] - click(findTestObject("Master Data/Admin Sekolah/Master Siswa/Filter Dan Search Siswa/Page_Beranda/Sub Menu Kelola Siswa")): Object: 'Object Repository/Master Data/Admin Sekolah/Master Siswa/Filter Dan Search Siswa/Page_Beranda/Sub Menu Kelola Siswa' is clicked on

06-01-2025T10:25:54 - [MESSAGE][PASSED] - Object: 'Object Repository/Master Data/Admin Sekolah/Master Siswa/Filter Dan Search Siswa/Page_Beranda/Sub Menu Kelola Siswa' is clicked on

06-01-2025T10:25:54 - [TEST_STEP][PASSED] - click(findTestObject("Master Data/Admin Sekolah/Master Siswa/Tambah Siswa/Page_Master Data Kelola Siswa/Button Tambah Siswa")): Object: 'Object Repository/Master Data/Admin Sekolah/Master Siswa/Tambah Siswa/Page_Master Data Kelola Siswa/Button Tambah Siswa' is clicked on

06-01-2025T10:25:55 - [MESSAGE][PASSED] - Object: 'Object Repository/Master Data/Admin Sekolah/Master Siswa/Tambah Siswa/Page_Master Data Kelola Siswa/Button Tambah Siswa' is clicked on

06-01-2025T10:25:55 - [TEST_STEP][PASSED] - randomName = generateRandomName(): null

06-01-2025T10:25:55 - [TEST_STEP][PASSED] - firstNames = ["Kristo", "John", "Michael", "Sarah", "Anna", "David", "Maria", "James", "Sophia", "Liam"]: null

06-01-2025T10:25:55 - [TEST_STEP][PASSED] - lastNames = ["Immanuel", "Doe", "Smith", "Johnson", "Williams", "Brown", "Jones", "Davis", "Miller", "Wilson"]: null

06-01-2025T10:25:55 - [TEST_STEP][PASSED] - random = new java.util.Random(): null

06-01-2025T10:25:55 - [TEST_STEP][PASSED] - return ((firstNames[random.nextInt(firstNames.size())] +  ) + lastNames[random.nextInt(lastNames.size())]): null

06-01-2025T10:25:55 - [TEST_STEP][PASSED] - setText(findTestObject("Master Data/Admin Sekolah/Master Siswa/Tambah Siswa/Field Nama Siswa"), randomName): Text 'Anna Immanuel' is set on object 'Object Repository/Master Data/Admin Sekolah/Master Siswa/Tambah Siswa/Field Nama Siswa'

06-01-2025T10:25:56 - [MESSAGE][PASSED] - Text 'Anna Immanuel' is set on object 'Object Repository/Master Data/Admin Sekolah/Master Siswa/Tambah Siswa/Field Nama Siswa'

06-01-2025T10:25:56 - [TEST_STEP][PASSED] - selectDropdownOption("Master Data/Admin Sekolah/Master Siswa/Tambah Siswa/Dropdown Status", "Master Data/Admin Sekolah/Master Siswa/Tambah Siswa/Value Dropdown Status"): null

06-01-2025T10:25:56 - [TEST_STEP][PASSED] - click(findTestObject(dropdownPath)): Object: 'Object Repository/Master Data/Admin Sekolah/Master Siswa/Tambah Siswa/Dropdown Status' is clicked on

06-01-2025T10:25:56 - [MESSAGE][PASSED] - Object: 'Object Repository/Master Data/Admin Sekolah/Master Siswa/Tambah Siswa/Dropdown Status' is clicked on

06-01-2025T10:25:56 - [TEST_STEP][PASSED] - waitForElementVisible(findTestObject(valuePath), 10, STOP_ON_FAILURE): Object 'Object Repository/Master Data/Admin Sekolah/Master Siswa/Tambah Siswa/Value Dropdown Status' is visible

06-01-2025T10:25:57 - [MESSAGE][PASSED] - Object 'Object Repository/Master Data/Admin Sekolah/Master Siswa/Tambah Siswa/Value Dropdown Status' is visible

06-01-2025T10:25:57 - [TEST_STEP][PASSED] - click(findTestObject(valuePath)): Object: 'Object Repository/Master Data/Admin Sekolah/Master Siswa/Tambah Siswa/Value Dropdown Status' is clicked on

06-01-2025T10:25:57 - [MESSAGE][PASSED] - Object: 'Object Repository/Master Data/Admin Sekolah/Master Siswa/Tambah Siswa/Value Dropdown Status' is clicked on

06-01-2025T10:25:57 - [TEST_STEP][PASSED] - selectDropdownOption("Master Data/Admin Sekolah/Master Siswa/Tambah Siswa/Dropdown Tahun Ajaran", "Master Data/Admin Sekolah/Master Siswa/Tambah Siswa/Value Dropdown Tahun Ajaran"): null

06-01-2025T10:25:57 - [TEST_STEP][PASSED] - click(findTestObject(dropdownPath)): Object: 'Object Repository/Master Data/Admin Sekolah/Master Siswa/Tambah Siswa/Dropdown Tahun Ajaran' is clicked on

06-01-2025T10:25:57 - [MESSAGE][PASSED] - Object: 'Object Repository/Master Data/Admin Sekolah/Master Siswa/Tambah Siswa/Dropdown Tahun Ajaran' is clicked on

06-01-2025T10:25:57 - [TEST_STEP][PASSED] - waitForElementVisible(findTestObject(valuePath), 10, STOP_ON_FAILURE): Object 'Object Repository/Master Data/Admin Sekolah/Master Siswa/Tambah Siswa/Value Dropdown Tahun Ajaran' is visible

06-01-2025T10:25:57 - [MESSAGE][PASSED] - Object 'Object Repository/Master Data/Admin Sekolah/Master Siswa/Tambah Siswa/Value Dropdown Tahun Ajaran' is visible

06-01-2025T10:25:57 - [TEST_STEP][PASSED] - click(findTestObject(valuePath)): Object: 'Object Repository/Master Data/Admin Sekolah/Master Siswa/Tambah Siswa/Value Dropdown Tahun Ajaran' is clicked on

06-01-2025T10:25:58 - [MESSAGE][PASSED] - Object: 'Object Repository/Master Data/Admin Sekolah/Master Siswa/Tambah Siswa/Value Dropdown Tahun Ajaran' is clicked on

06-01-2025T10:25:58 - [TEST_STEP][PASSED] - randomPlaceOfBirth = generateRandomPlaceOfBirth(): null

06-01-2025T10:25:58 - [TEST_STEP][PASSED] - places = ["JAKARTA", "BANDUNG", "SURABAYA", "YOGYAKARTA", "MEDAN", "SEMARANG", "PALEMBANG", "MAKASSAR", "DENPASAR", "MANADO"]: null

06-01-2025T10:25:58 - [TEST_STEP][PASSED] - return places[new java.util.Random().nextInt(places.size())]: null

06-01-2025T10:25:58 - [TEST_STEP][PASSED] - setText(findTestObject("Master Data/Admin Sekolah/Master Siswa/Tambah Siswa/Field Tempat Lahir"), randomPlaceOfBirth): Text 'BANDUNG' is set on object 'Object Repository/Master Data/Admin Sekolah/Master Siswa/Tambah Siswa/Field Tempat Lahir'

06-01-2025T10:25:58 - [MESSAGE][PASSED] - Text 'BANDUNG' is set on object 'Object Repository/Master Data/Admin Sekolah/Master Siswa/Tambah Siswa/Field Tempat Lahir'

06-01-2025T10:25:58 - [TEST_STEP][PASSED] - click(findTestObject("Master Data/Admin Sekolah/Master Siswa/Tambah Siswa/Field Tanggal Lahir")): Object: 'Object Repository/Master Data/Admin Sekolah/Master Siswa/Tambah Siswa/Field Tanggal Lahir' is clicked on

06-01-2025T10:25:59 - [MESSAGE][PASSED] - Object: 'Object Repository/Master Data/Admin Sekolah/Master Siswa/Tambah Siswa/Field Tanggal Lahir' is clicked on

06-01-2025T10:25:59 - [TEST_STEP][PASSED] - click(findTestObject("Master Data/Admin Sekolah/Master Siswa/Tambah Siswa/Dropdown Bulan")): Object: 'Object Repository/Master Data/Admin Sekolah/Master Siswa/Tambah Siswa/Dropdown Bulan' is clicked on

06-01-2025T10:25:59 - [MESSAGE][PASSED] - Object: 'Object Repository/Master Data/Admin Sekolah/Master Siswa/Tambah Siswa/Dropdown Bulan' is clicked on

06-01-2025T10:25:59 - [TEST_STEP][PASSED] - click(findTestObject("Master Data/Admin Sekolah/Master Siswa/Tambah Siswa/Value Dropdown Bulan")): Object: 'Object Repository/Master Data/Admin Sekolah/Master Siswa/Tambah Siswa/Value Dropdown Bulan' is clicked on

06-01-2025T10:26:00 - [MESSAGE][PASSED] - Object: 'Object Repository/Master Data/Admin Sekolah/Master Siswa/Tambah Siswa/Value Dropdown Bulan' is clicked on

06-01-2025T10:26:00 - [TEST_STEP][PASSED] - click(findTestObject("Master Data/Admin Sekolah/Master Siswa/Tambah Siswa/Dropdown Tahun")): Object: 'Object Repository/Master Data/Admin Sekolah/Master Siswa/Tambah Siswa/Dropdown Tahun' is clicked on

06-01-2025T10:26:00 - [MESSAGE][PASSED] - Object: 'Object Repository/Master Data/Admin Sekolah/Master Siswa/Tambah Siswa/Dropdown Tahun' is clicked on

06-01-2025T10:26:00 - [TEST_STEP][PASSED] - click(findTestObject("Master Data/Admin Sekolah/Master Siswa/Tambah Siswa/Value Dropdown Tahun")): Object: 'Object Repository/Master Data/Admin Sekolah/Master Siswa/Tambah Siswa/Value Dropdown Tahun' is clicked on

06-01-2025T10:26:00 - [MESSAGE][PASSED] - Object: 'Object Repository/Master Data/Admin Sekolah/Master Siswa/Tambah Siswa/Value Dropdown Tahun' is clicked on

06-01-2025T10:26:00 - [TEST_STEP][PASSED] - pilihTanggal("15"): null

06-01-2025T10:26:00 - [TEST_STEP][PASSED] - tanggalElement = new com.kms.katalon.core.testobject.TestObject(): null

06-01-2025T10:26:00 - [TEST_STEP][PASSED] - tanggalElement.addProperty("xpath", EQUALS, //p[text()='$tanggal' and contains(@class, 'cursor-pointer')]): null

06-01-2025T10:26:00 - [TEST_STEP][PASSED] - click(tanggalElement): Object: '' is clicked on

06-01-2025T10:26:01 - [MESSAGE][PASSED] - Object: '' is clicked on

06-01-2025T10:26:01 - [TEST_STEP][PASSED] - click(findTestObject("Master Data/Admin Sekolah/Master Siswa/Tambah Siswa/Dropdown Unit")): Object: 'Object Repository/Master Data/Admin Sekolah/Master Siswa/Tambah Siswa/Dropdown Unit' is clicked on

06-01-2025T10:26:01 - [MESSAGE][PASSED] - Object: 'Object Repository/Master Data/Admin Sekolah/Master Siswa/Tambah Siswa/Dropdown Unit' is clicked on

06-01-2025T10:26:01 - [TEST_STEP][PASSED] - click(findTestObject("Master Data/Admin Sekolah/Master Siswa/Tambah Siswa/Value Dropdown Unit")): Object: 'Object Repository/Master Data/Admin Sekolah/Master Siswa/Tambah Siswa/Value Dropdown Unit' is clicked on

06-01-2025T10:26:01 - [MESSAGE][PASSED] - Object: 'Object Repository/Master Data/Admin Sekolah/Master Siswa/Tambah Siswa/Value Dropdown Unit' is clicked on

06-01-2025T10:26:01 - [TEST_STEP][PASSED] - click(findTestObject("Master Data/Admin Sekolah/Master Siswa/Tambah Siswa/Dropdown Pilih Kelas")): Object: 'Object Repository/Master Data/Admin Sekolah/Master Siswa/Tambah Siswa/Dropdown Pilih Kelas' is clicked on

06-01-2025T10:26:02 - [MESSAGE][PASSED] - Object: 'Object Repository/Master Data/Admin Sekolah/Master Siswa/Tambah Siswa/Dropdown Pilih Kelas' is clicked on

06-01-2025T10:26:02 - [TEST_STEP][PASSED] - click(findTestObject("Master Data/Admin Sekolah/Master Siswa/Tambah Siswa/Value Dropdown Kelas")): Object: 'Object Repository/Master Data/Admin Sekolah/Master Siswa/Tambah Siswa/Value Dropdown Kelas' is clicked on

06-01-2025T10:26:02 - [MESSAGE][PASSED] - Object: 'Object Repository/Master Data/Admin Sekolah/Master Siswa/Tambah Siswa/Value Dropdown Kelas' is clicked on

06-01-2025T10:26:02 - [TEST_STEP][PASSED] - randomPhoneNumber = generateRandomPhoneNumber(): null

06-01-2025T10:26:02 - [TEST_STEP][PASSED] - return (08 + (1000000000 + new java.util.Random().nextInt(900000000))): null

06-01-2025T10:26:02 - [TEST_STEP][PASSED] - setText(findTestObject("Master Data/Admin Sekolah/Master Siswa/Tambah Siswa/Field Nomor Handphone"), randomPhoneNumber): Text '081679521730' is set on object 'Object Repository/Master Data/Admin Sekolah/Master Siswa/Tambah Siswa/Field Nomor Handphone'

06-01-2025T10:26:03 - [MESSAGE][PASSED] - Text '081679521730' is set on object 'Object Repository/Master Data/Admin Sekolah/Master Siswa/Tambah Siswa/Field Nomor Handphone'

06-01-2025T10:26:03 - [TEST_STEP][PASSED] - setText(findTestObject("Master Data/Admin Sekolah/Master Siswa/Tambah Siswa/Field Email Orang Tua"), "ortu.user@gmail.com"): Text 'ortu.user@gmail.com' is set on object 'Object Repository/Master Data/Admin Sekolah/Master Siswa/Tambah Siswa/Field Email Orang Tua'

06-01-2025T10:26:03 - [MESSAGE][PASSED] - Text 'ortu.user@gmail.com' is set on object 'Object Repository/Master Data/Admin Sekolah/Master Siswa/Tambah Siswa/Field Email Orang Tua'

06-01-2025T10:26:03 - [TEST_STEP][PASSED] - selectDropdownOption("Master Data/Admin Sekolah/Master Siswa/Tambah Siswa/Dropdown Agama", "Master Data/Admin Sekolah/Master Siswa/Tambah Siswa/Value Dropdown Agama"): null

06-01-2025T10:26:03 - [TEST_STEP][PASSED] - click(findTestObject(dropdownPath)): Object: 'Object Repository/Master Data/Admin Sekolah/Master Siswa/Tambah Siswa/Dropdown Agama' is clicked on

06-01-2025T10:26:04 - [MESSAGE][PASSED] - Object: 'Object Repository/Master Data/Admin Sekolah/Master Siswa/Tambah Siswa/Dropdown Agama' is clicked on

06-01-2025T10:26:04 - [TEST_STEP][PASSED] - waitForElementVisible(findTestObject(valuePath), 10, STOP_ON_FAILURE): Object 'Object Repository/Master Data/Admin Sekolah/Master Siswa/Tambah Siswa/Value Dropdown Agama' is visible

06-01-2025T10:26:04 - [MESSAGE][PASSED] - Object 'Object Repository/Master Data/Admin Sekolah/Master Siswa/Tambah Siswa/Value Dropdown Agama' is visible

06-01-2025T10:26:04 - [TEST_STEP][PASSED] - click(findTestObject(valuePath)): Object: 'Object Repository/Master Data/Admin Sekolah/Master Siswa/Tambah Siswa/Value Dropdown Agama' is clicked on

06-01-2025T10:26:04 - [MESSAGE][PASSED] - Object: 'Object Repository/Master Data/Admin Sekolah/Master Siswa/Tambah Siswa/Value Dropdown Agama' is clicked on

06-01-2025T10:26:04 - [TEST_STEP][PASSED] - randomAddress = generateRandomAddress(): null

06-01-2025T10:26:04 - [TEST_STEP][PASSED] - streets = ["Jalan Merdeka", "Jalan Raya", "Jalan Sudirman", "Jalan Pahlawan"]: null

06-01-2025T10:26:04 - [TEST_STEP][PASSED] - cities = ["DKI JAKARTA", "BANDUNG", "SURABAYA", "YOGYAKARTA"]: null

06-01-2025T10:26:04 - [TEST_STEP][PASSED] - postalCodes = ["10110", "40221", "60211", "55222"]: null

06-01-2025T10:26:04 - [TEST_STEP][PASSED] - random = new java.util.Random(): null

06-01-2025T10:26:04 - [TEST_STEP][PASSED] - return $streets[random.nextInt(streets.size())], $cities[random.nextInt(cities.size())], $postalCodes[random.nextInt(postalCodes.size())]: null

06-01-2025T10:26:04 - [TEST_STEP][PASSED] - setText(findTestObject("Master Data/Admin Sekolah/Master Siswa/Tambah Siswa/Field Alamat"), randomAddress): Text '[Jalan Merdeka, Jalan Raya, Jalan Sudirman, Jalan Pahlawan][random.nextInt(streets.size())], [DKI JAKARTA, BANDUNG, SURABAYA, YOGYAKARTA][random.nextInt(cities.size())], [10110, 40221, 60211, 55222][random.nextInt(postalCodes.size())]' is set on object 'Object Repository/Master Data/Admin Sekolah/Master Siswa/Tambah Siswa/Field Alamat'

06-01-2025T10:26:06 - [MESSAGE][PASSED] - Text '[Jalan Merdeka, Jalan Raya, Jalan Sudirman, Jalan Pahlawan][random.nextInt(streets.size())], [DKI JAKARTA, BANDUNG, SURABAYA, YOGYAKARTA][random.nextInt(cities.size())], [10110, 40221, 60211, 55222][random.nextInt(postalCodes.size())]' is set on object 'Object Repository/Master Data/Admin Sekolah/Master Siswa/Tambah Siswa/Field Alamat'

06-01-2025T10:26:06 - [TEST_STEP][PASSED] - randomNIS = generateRandomNIS(10): null

06-01-2025T10:26:06 - [TEST_STEP][PASSED] - nis = new java.lang.StringBuilder(): null

06-01-2025T10:26:06 - [TEST_STEP][PASSED] - random = new java.util.Random(): null

06-01-2025T10:26:06 - [TEST_STEP][PASSED] - for ([i = 0, i < length, (i++)]): null

06-01-2025T10:26:06 - [TEST_STEP][PASSED] - nis.append(random.nextInt(10)): null

06-01-2025T10:26:06 - [TEST_STEP][PASSED] - nis.append(random.nextInt(10)): null

06-01-2025T10:26:06 - [TEST_STEP][PASSED] - nis.append(random.nextInt(10)): null

06-01-2025T10:26:06 - [TEST_STEP][PASSED] - nis.append(random.nextInt(10)): null

06-01-2025T10:26:06 - [TEST_STEP][PASSED] - nis.append(random.nextInt(10)): null

06-01-2025T10:26:06 - [TEST_STEP][PASSED] - nis.append(random.nextInt(10)): null

06-01-2025T10:26:06 - [TEST_STEP][PASSED] - nis.append(random.nextInt(10)): null

06-01-2025T10:26:06 - [TEST_STEP][PASSED] - nis.append(random.nextInt(10)): null

06-01-2025T10:26:06 - [TEST_STEP][PASSED] - nis.append(random.nextInt(10)): null

06-01-2025T10:26:06 - [TEST_STEP][PASSED] - nis.append(random.nextInt(10)): null

06-01-2025T10:26:06 - [TEST_STEP][PASSED] - return nis.toString(): null

06-01-2025T10:26:06 - [TEST_STEP][PASSED] - setText(findTestObject("Object Repository/Master Data/Admin Sekolah/Master Siswa/Tambah Siswa/Field NIS"), randomNIS): Text '1378820262' is set on object 'Object Repository/Master Data/Admin Sekolah/Master Siswa/Tambah Siswa/Field NIS'

06-01-2025T10:26:06 - [MESSAGE][PASSED] - Text '1378820262' is set on object 'Object Repository/Master Data/Admin Sekolah/Master Siswa/Tambah Siswa/Field NIS'

06-01-2025T10:26:06 - [TEST_STEP][PASSED] - click(findTestObject("Master Data/Admin Sekolah/Master Siswa/Tambah Siswa/Button Simpan")): Object: 'Object Repository/Master Data/Admin Sekolah/Master Siswa/Tambah Siswa/Button Simpan' is clicked on

06-01-2025T10:26:07 - [MESSAGE][PASSED] - Object: 'Object Repository/Master Data/Admin Sekolah/Master Siswa/Tambah Siswa/Button Simpan' is clicked on

06-01-2025T10:26:07 - [TEST_STEP][PASSED] - click(findTestObject("Master Data/Admin Sekolah/Master Siswa/Tambah Siswa/Button Ya")): Object: 'Object Repository/Master Data/Admin Sekolah/Master Siswa/Tambah Siswa/Button Ya' is clicked on

06-01-2025T10:26:07 - [MESSAGE][PASSED] - Object: 'Object Repository/Master Data/Admin Sekolah/Master Siswa/Tambah Siswa/Button Ya' is clicked on

06-01-2025T10:26:07 - [MESSAGE][INFO] - 

06-01-2025T10:26:07 - [MESSAGE][INFO] - ===================== Self-healing Report ====================

06-01-2025T10:26:07 - [MESSAGE][INFO] - One of the failed test object locators has been recovered by Self-healing. Please refer to the Self-healing Insights tab for more details.

06-01-2025T10:26:07 - [MESSAGE][INFO] - To learn more about Self-healing, please read https://docs.katalon.com/katalon-studio/docs/self-healing.html

06-01-2025T10:26:07 - [MESSAGE][INFO] - ==============================================================

06-01-2025T10:26:07 - [MESSAGE][PASSED] - Call Test Case 'Test Cases/Master Data/Admin Sekolah/Master Siswa/Tambah Siswa' successfully

06-01-2025T10:26:07 - [TEST_STEP][PASSED] - callTestCase(findTestCase("Test Cases/Master Data/Admin Sekolah/Master Siswa/Edit Siswa"), [:], CONTINUE_ON_FAILURE): Call Test Case 'Test Cases/Master Data/Admin Sekolah/Master Siswa/Edit Siswa' successfully

06-01-2025T10:26:07 - [TEST_CASE][PASSED] - Test Cases/Master Data/Admin Sekolah/Master Siswa/Edit Siswa: Test Cases/Master Data/Admin Sekolah/Master Siswa/Edit Siswa

06-01-2025T10:26:07 - [TEST_STEP][PASSED] - openBrowser(""): Browser is opened with url: ''

06-01-2025T10:26:07 - [MESSAGE][WARNING] - A browser is already opened. Closing browser and opening a new one

06-01-2025T10:26:07 - [MESSAGE][INFO] - Starting 'Chrome' driver

06-01-2025T10:26:07 - [MESSAGE][INFO] - Action delay is set to 0 milliseconds

06-01-2025T10:26:08 - [MESSAGE][PASSED] - Browser is opened with url: ''

06-01-2025T10:26:08 - [TEST_STEP][PASSED] - maximizeWindow(): Current window maximized

06-01-2025T10:26:08 - [MESSAGE][PASSED] - Current window maximized

06-01-2025T10:26:08 - [TEST_STEP][PASSED] - navigateToUrl("https://sit.siprusedu.com/login"): Navigate to 'https://sit.siprusedu.com/login' successfully

06-01-2025T10:26:09 - [MESSAGE][PASSED] - Navigate to 'https://sit.siprusedu.com/login' successfully

06-01-2025T10:26:09 - [TEST_STEP][PASSED] - setText(findTestObject("Master Data/Admin Sekolah/Login/Field Email"), "admin.gudangsolusi@digiform.co.id"): Text 'admin.gudangsolusi@digiform.co.id' is set on object 'Object Repository/Master Data/Admin Sekolah/Login/Field Email'

06-01-2025T10:26:11 - [MESSAGE][PASSED] - Text 'admin.gudangsolusi@digiform.co.id' is set on object 'Object Repository/Master Data/Admin Sekolah/Login/Field Email'

06-01-2025T10:26:11 - [TEST_STEP][PASSED] - setText(findTestObject("Master Data/Admin Sekolah/Login/Input Password"), "Test1234"): Text 'Test1234' is set on object 'Object Repository/Master Data/Admin Sekolah/Login/Input Password'

06-01-2025T10:26:11 - [MESSAGE][PASSED] - Text 'Test1234' is set on object 'Object Repository/Master Data/Admin Sekolah/Login/Input Password'

06-01-2025T10:26:11 - [TEST_STEP][PASSED] - click(findTestObject("Master Data/Admin Sekolah/Login/Button Submit")): Object: 'Object Repository/Master Data/Admin Sekolah/Login/Button Submit' is clicked on

06-01-2025T10:26:12 - [MESSAGE][PASSED] - Object: 'Object Repository/Master Data/Admin Sekolah/Login/Button Submit' is clicked on

06-01-2025T10:26:12 - [TEST_STEP][PASSED] - click(findTestObject("Master Data/Admin Sekolah/Master Data Menu")): Object: 'Object Repository/Master Data/Admin Sekolah/Master Data Menu' is clicked on

06-01-2025T10:26:13 - [MESSAGE][PASSED] - Object: 'Object Repository/Master Data/Admin Sekolah/Master Data Menu' is clicked on

06-01-2025T10:26:13 - [TEST_STEP][PASSED] - click(findTestObject("Master Data/Admin Sekolah/Master Siswa/Filter Dan Search Siswa/Page_Beranda/Sub Menu Kelola Siswa")): Object: 'Object Repository/Master Data/Admin Sekolah/Master Siswa/Filter Dan Search Siswa/Page_Beranda/Sub Menu Kelola Siswa' is clicked on

06-01-2025T10:26:33 - [MESSAGE][PASSED] - Object: 'Object Repository/Master Data/Admin Sekolah/Master Siswa/Filter Dan Search Siswa/Page_Beranda/Sub Menu Kelola Siswa' is clicked on

06-01-2025T10:26:33 - [TEST_STEP][PASSED] - click(findTestObject("Master Data/Admin Sekolah/Master Siswa/Edit Siswa/Button Action")): Object: 'Object Repository/Master Data/Admin Sekolah/Master Siswa/Edit Siswa/Button Action' is clicked on

06-01-2025T10:26:34 - [MESSAGE][PASSED] - Object: 'Object Repository/Master Data/Admin Sekolah/Master Siswa/Edit Siswa/Button Action' is clicked on

06-01-2025T10:26:34 - [TEST_STEP][PASSED] - click(findTestObject("Master Data/Admin Sekolah/Master Siswa/Edit Siswa/Button Edit")): Object: 'Object Repository/Master Data/Admin Sekolah/Master Siswa/Edit Siswa/Button Edit' is clicked on

06-01-2025T10:26:34 - [MESSAGE][PASSED] - Object: 'Object Repository/Master Data/Admin Sekolah/Master Siswa/Edit Siswa/Button Edit' is clicked on

06-01-2025T10:26:34 - [TEST_STEP][PASSED] - spinnerXpath = "//div[@data-testid='loading-spinner']": null

06-01-2025T10:26:34 - [TEST_STEP][PASSED] - waitForSpinnerToDisappear(spinnerXpath, 30): null

06-01-2025T10:26:34 - [TEST_STEP][PASSED] - spinner = new com.kms.katalon.core.testobject.TestObject(): null

06-01-2025T10:26:34 - [TEST_STEP][PASSED] - spinner.addProperty("xpath", EQUALS, spinnerXpath): null

06-01-2025T10:26:34 - [TEST_STEP][PASSED] - elapsedTime = 0: null

06-01-2025T10:26:34 - [TEST_STEP][PASSED] - interval = 1: null

06-01-2025T10:26:34 - [TEST_STEP][PASSED] - while (verifyElementPresent(spinner, 1, OPTIONAL)): com.kms.katalon.core.webui.exception.WebElementNotFoundException: Web element with id: '' located by '//div[@data-testid='loading-spinner']' not found (Root cause: com.kms.katalon.core.exception.StepFailedException: com.kms.katalon.core.webui.exception.WebElementNotFoundException: Web element with id: '' located by '//div[@data-testid='loading-spinner']' not found
	at com.kms.katalon.core.webui.keyword.internal.WebUIKeywordMain.stepFailed(WebUIKeywordMain.groovy:117)
	at com.kms.katalon.core.webui.keyword.builtin.VerifyElementPresentKeyword$_verifyElementPresent_closure1.doCall(VerifyElementPresentKeyword.groovy:85)
	at com.kms.katalon.core.webui.keyword.builtin.VerifyElementPresentKeyword$_verifyElementPresent_closure1.call(VerifyElementPresentKeyword.groovy)
	at com.kms.katalon.core.webui.keyword.internal.WebUIKeywordMain.runKeyword(WebUIKeywordMain.groovy:35)
	at com.kms.katalon.core.webui.keyword.builtin.VerifyElementPresentKeyword.verifyElementPresent(VerifyElementPresentKeyword.groovy:92)
	at com.kms.katalon.core.webui.keyword.builtin.VerifyElementPresentKeyword.execute(VerifyElementPresentKeyword.groovy:68)
	at com.kms.katalon.core.keyword.internal.KeywordExecutor.executeKeywordForPlatform(KeywordExecutor.groovy:74)
	at com.kms.katalon.core.webui.keyword.WebUiBuiltInKeywords.verifyElementPresent(WebUiBuiltInKeywords.groovy:1524)
	at Edit Siswa.waitForSpinnerToDisappear(Edit Siswa:31)
	at Edit Siswa.run(Edit Siswa:110)
	at com.kms.katalon.core.main.ScriptEngine.run(ScriptEngine.java:194)
	at com.kms.katalon.core.main.ScriptEngine.runScriptAsRawText(ScriptEngine.java:119)
	at com.kms.katalon.core.main.TestCaseExecutor.runScript(TestCaseExecutor.java:448)
	at com.kms.katalon.core.main.TestCaseExecutor.doExecute(TestCaseExecutor.java:439)
	at com.kms.katalon.core.main.TestCaseExecutor.processExecutionPhase(TestCaseExecutor.java:418)
	at com.kms.katalon.core.main.TestCaseExecutor.accessMainPhase(TestCaseExecutor.java:410)
	at com.kms.katalon.core.main.TestCaseExecutor.execute(TestCaseExecutor.java:285)
	at com.kms.katalon.core.main.TestCaseMain.runTestCase(TestCaseMain.java:133)
	at com.kms.katalon.core.keyword.builtin.CallTestCaseKeyword$_callTestCase_closure1.doCall(CallTestCaseKeyword.groovy:59)
	at com.kms.katalon.core.keyword.builtin.CallTestCaseKeyword$_callTestCase_closure1.call(CallTestCaseKeyword.groovy)
	at com.kms.katalon.core.keyword.internal.KeywordMain.runKeyword(KeywordMain.groovy:75)
	at com.kms.katalon.core.keyword.builtin.CallTestCaseKeyword.callTestCase(CallTestCaseKeyword.groovy:81)
	at com.kms.katalon.core.keyword.builtin.CallTestCaseKeyword.execute(CallTestCaseKeyword.groovy:44)
	at com.kms.katalon.core.keyword.internal.KeywordExecutor.executeKeywordForPlatform(KeywordExecutor.groovy:74)
	at com.kms.katalon.core.keyword.BuiltinKeywords.callTestCase(BuiltinKeywords.groovy:310)
	at jdk.internal.reflect.GeneratedMethodAccessor47.invoke(Unknown Source)
	at java.base/jdk.internal.reflect.DelegatingMethodAccessorImpl.invoke(DelegatingMethodAccessorImpl.java:43)
	at Regresi Siswa.run(Regresi Siswa:44)
	at com.kms.katalon.core.main.ScriptEngine.run(ScriptEngine.java:194)
	at com.kms.katalon.core.main.ScriptEngine.runScriptAsRawText(ScriptEngine.java:119)
	at com.kms.katalon.core.main.TestCaseExecutor.runScript(TestCaseExecutor.java:448)
	at com.kms.katalon.core.main.TestCaseExecutor.doExecute(TestCaseExecutor.java:439)
	at com.kms.katalon.core.main.TestCaseExecutor.processExecutionPhase(TestCaseExecutor.java:418)
	at com.kms.katalon.core.main.TestCaseExecutor.accessMainPhase(TestCaseExecutor.java:410)
	at com.kms.katalon.core.main.TestCaseExecutor.execute(TestCaseExecutor.java:285)
	at com.kms.katalon.core.common.CommonExecutor.accessTestCaseMainPhase(CommonExecutor.java:65)
	at com.kms.katalon.core.main.TestSuiteExecutor.accessTestSuiteMainPhase(TestSuiteExecutor.java:161)
	at com.kms.katalon.core.main.TestSuiteExecutor.execute(TestSuiteExecutor.java:107)
	at com.kms.katalon.core.main.TestCaseMain.startTestSuite(TestCaseMain.java:176)
	at TempTestSuite1736130766400.run(TempTestSuite1736130766400.groovy:35)
	at java.base/jdk.internal.reflect.NativeMethodAccessorImpl.invoke0(Native Method)
	at java.base/jdk.internal.reflect.NativeMethodAccessorImpl.invoke(NativeMethodAccessorImpl.java:77)
	at java.base/jdk.internal.reflect.DelegatingMethodAccessorImpl.invoke(DelegatingMethodAccessorImpl.java:43)
)

06-01-2025T10:26:36 - [MESSAGE][INFO] - Unable to find the element located by 'By.xpath: //div[@data-testid='loading-spinner']'. Please recheck the objects properties to make sure the desired element is located. 

06-01-2025T10:26:36 - [MESSAGE][WARNING] - com.kms.katalon.core.webui.exception.WebElementNotFoundException: Web element with id: '' located by '//div[@data-testid='loading-spinner']' not found (Root cause: com.kms.katalon.core.exception.StepFailedException: com.kms.katalon.core.webui.exception.WebElementNotFoundException: Web element with id: '' located by '//div[@data-testid='loading-spinner']' not found
	at com.kms.katalon.core.webui.keyword.internal.WebUIKeywordMain.stepFailed(WebUIKeywordMain.groovy:117)
	at com.kms.katalon.core.webui.keyword.builtin.VerifyElementPresentKeyword$_verifyElementPresent_closure1.doCall(VerifyElementPresentKeyword.groovy:85)
	at com.kms.katalon.core.webui.keyword.builtin.VerifyElementPresentKeyword$_verifyElementPresent_closure1.call(VerifyElementPresentKeyword.groovy)
	at com.kms.katalon.core.webui.keyword.internal.WebUIKeywordMain.runKeyword(WebUIKeywordMain.groovy:35)
	at com.kms.katalon.core.webui.keyword.builtin.VerifyElementPresentKeyword.verifyElementPresent(VerifyElementPresentKeyword.groovy:92)
	at com.kms.katalon.core.webui.keyword.builtin.VerifyElementPresentKeyword.execute(VerifyElementPresentKeyword.groovy:68)
	at com.kms.katalon.core.keyword.internal.KeywordExecutor.executeKeywordForPlatform(KeywordExecutor.groovy:74)
	at com.kms.katalon.core.webui.keyword.WebUiBuiltInKeywords.verifyElementPresent(WebUiBuiltInKeywords.groovy:1524)
	at Edit Siswa.waitForSpinnerToDisappear(Edit Siswa:31)
	at Edit Siswa.run(Edit Siswa:110)
	at com.kms.katalon.core.main.ScriptEngine.run(ScriptEngine.java:194)
	at com.kms.katalon.core.main.ScriptEngine.runScriptAsRawText(ScriptEngine.java:119)
	at com.kms.katalon.core.main.TestCaseExecutor.runScript(TestCaseExecutor.java:448)
	at com.kms.katalon.core.main.TestCaseExecutor.doExecute(TestCaseExecutor.java:439)
	at com.kms.katalon.core.main.TestCaseExecutor.processExecutionPhase(TestCaseExecutor.java:418)
	at com.kms.katalon.core.main.TestCaseExecutor.accessMainPhase(TestCaseExecutor.java:410)
	at com.kms.katalon.core.main.TestCaseExecutor.execute(TestCaseExecutor.java:285)
	at com.kms.katalon.core.main.TestCaseMain.runTestCase(TestCaseMain.java:133)
	at com.kms.katalon.core.keyword.builtin.CallTestCaseKeyword$_callTestCase_closure1.doCall(CallTestCaseKeyword.groovy:59)
	at com.kms.katalon.core.keyword.builtin.CallTestCaseKeyword$_callTestCase_closure1.call(CallTestCaseKeyword.groovy)
	at com.kms.katalon.core.keyword.internal.KeywordMain.runKeyword(KeywordMain.groovy:75)
	at com.kms.katalon.core.keyword.builtin.CallTestCaseKeyword.callTestCase(CallTestCaseKeyword.groovy:81)
	at com.kms.katalon.core.keyword.builtin.CallTestCaseKeyword.execute(CallTestCaseKeyword.groovy:44)
	at com.kms.katalon.core.keyword.internal.KeywordExecutor.executeKeywordForPlatform(KeywordExecutor.groovy:74)
	at com.kms.katalon.core.keyword.BuiltinKeywords.callTestCase(BuiltinKeywords.groovy:310)
	at jdk.internal.reflect.GeneratedMethodAccessor47.invoke(Unknown Source)
	at java.base/jdk.internal.reflect.DelegatingMethodAccessorImpl.invoke(DelegatingMethodAccessorImpl.java:43)
	at Regresi Siswa.run(Regresi Siswa:44)
	at com.kms.katalon.core.main.ScriptEngine.run(ScriptEngine.java:194)
	at com.kms.katalon.core.main.ScriptEngine.runScriptAsRawText(ScriptEngine.java:119)
	at com.kms.katalon.core.main.TestCaseExecutor.runScript(TestCaseExecutor.java:448)
	at com.kms.katalon.core.main.TestCaseExecutor.doExecute(TestCaseExecutor.java:439)
	at com.kms.katalon.core.main.TestCaseExecutor.processExecutionPhase(TestCaseExecutor.java:418)
	at com.kms.katalon.core.main.TestCaseExecutor.accessMainPhase(TestCaseExecutor.java:410)
	at com.kms.katalon.core.main.TestCaseExecutor.execute(TestCaseExecutor.java:285)
	at com.kms.katalon.core.common.CommonExecutor.accessTestCaseMainPhase(CommonExecutor.java:65)
	at com.kms.katalon.core.main.TestSuiteExecutor.accessTestSuiteMainPhase(TestSuiteExecutor.java:161)
	at com.kms.katalon.core.main.TestSuiteExecutor.execute(TestSuiteExecutor.java:107)
	at com.kms.katalon.core.main.TestCaseMain.startTestSuite(TestCaseMain.java:176)
	at TempTestSuite1736130766400.run(TempTestSuite1736130766400.groovy:35)
	at java.base/jdk.internal.reflect.NativeMethodAccessorImpl.invoke0(Native Method)
	at java.base/jdk.internal.reflect.NativeMethodAccessorImpl.invoke(NativeMethodAccessorImpl.java:77)
	at java.base/jdk.internal.reflect.DelegatingMethodAccessorImpl.invoke(DelegatingMethodAccessorImpl.java:43)
)
[[ATTACHMENT|C:\\Users\\henri\\Videos\\school-payment-automation-testing\\Reports\\20250106_093246\\Regresi All Sprint\\20250106_093246\\1736133996859.png]]

06-01-2025T10:26:36 - [TEST_STEP][PASSED] - comment("Spinner telah hilang."): Spinner telah hilang.

06-01-2025T10:26:36 - [MESSAGE][INFO] - Spinner telah hilang.

06-01-2025T10:26:36 - [TEST_STEP][PASSED] - clearAndInput(findTestObject("Master Data/Admin Sekolah/Master Siswa/Edit Siswa/Field Nama Siswa"), generateRandomName()): null

06-01-2025T10:26:36 - [TEST_STEP][PASSED] - firstNames = ["Ahmad", "Budi", "Siti", "Dian", "Rina", "Agus", "Maya", "Joko"]: null

06-01-2025T10:26:36 - [TEST_STEP][PASSED] - lastNames = ["Pratama", "Putra", "Sari", "Wibisana", "Gunawan", "Santoso", "Amir", "Kusuma"]: null

06-01-2025T10:26:36 - [TEST_STEP][PASSED] - random = new java.util.Random(): null

06-01-2025T10:26:36 - [TEST_STEP][PASSED] - return ((firstNames[random.nextInt(firstNames.size())] +  ) + lastNames[random.nextInt(lastNames.size())]): null

06-01-2025T10:26:36 - [TEST_STEP][PASSED] - clearFieldUsingJavaScript(testObject): null

06-01-2025T10:26:36 - [TEST_STEP][PASSED] - fieldElement = findWebElement(testObject): Found web element by test object Object Repository/Master Data/Admin Sekolah/Master Siswa/Edit Siswa/Field Nama Siswa

06-01-2025T10:26:37 - [MESSAGE][PASSED] - Found web element by test object Object Repository/Master Data/Admin Sekolah/Master Siswa/Edit Siswa/Field Nama Siswa

06-01-2025T10:26:37 - [TEST_STEP][PASSED] - executeJavaScript("arguments[0].value = "";", Arrays.asList(fieldElement)): Execute JavaScript 'arguments[0].value = "";' successfully

06-01-2025T10:26:37 - [MESSAGE][PASSED] - Execute JavaScript 'arguments[0].value = "";' successfully

06-01-2025T10:26:37 - [TEST_STEP][PASSED] - setText(testObject, newValue): Text 'Joko Gunawan' is set on object 'Object Repository/Master Data/Admin Sekolah/Master Siswa/Edit Siswa/Field Nama Siswa'

06-01-2025T10:26:37 - [MESSAGE][PASSED] - Text 'Joko Gunawan' is set on object 'Object Repository/Master Data/Admin Sekolah/Master Siswa/Edit Siswa/Field Nama Siswa'

06-01-2025T10:26:37 - [TEST_STEP][PASSED] - clearAndInput(findTestObject("Master Data/Admin Sekolah/Master Siswa/Edit Siswa/Field NIS"), generateRandomNIS()): null

06-01-2025T10:26:37 - [TEST_STEP][PASSED] - return (1000000000 + new java.util.Random().nextInt(900000000)) as java.lang.String: null

06-01-2025T10:26:37 - [TEST_STEP][PASSED] - clearFieldUsingJavaScript(testObject): null

06-01-2025T10:26:37 - [TEST_STEP][PASSED] - fieldElement = findWebElement(testObject): Found web element by test object Object Repository/Master Data/Admin Sekolah/Master Siswa/Edit Siswa/Field NIS

06-01-2025T10:26:38 - [MESSAGE][PASSED] - Found web element by test object Object Repository/Master Data/Admin Sekolah/Master Siswa/Edit Siswa/Field NIS

06-01-2025T10:26:38 - [TEST_STEP][PASSED] - executeJavaScript("arguments[0].value = "";", Arrays.asList(fieldElement)): Execute JavaScript 'arguments[0].value = "";' successfully

06-01-2025T10:26:38 - [MESSAGE][PASSED] - Execute JavaScript 'arguments[0].value = "";' successfully

06-01-2025T10:26:38 - [TEST_STEP][PASSED] - setText(testObject, newValue): Text '1532211096' is set on object 'Object Repository/Master Data/Admin Sekolah/Master Siswa/Edit Siswa/Field NIS'

06-01-2025T10:26:38 - [MESSAGE][PASSED] - Text '1532211096' is set on object 'Object Repository/Master Data/Admin Sekolah/Master Siswa/Edit Siswa/Field NIS'

06-01-2025T10:26:38 - [TEST_STEP][PASSED] - clearAndInput(findTestObject("Master Data/Admin Sekolah/Master Siswa/Edit Siswa/Field Tempat Lahir"), generateRandomPlaceOfBirth()): null

06-01-2025T10:26:38 - [TEST_STEP][PASSED] - cities = ["Jakarta", "Bandung", "Surabaya", "Medan", "Yogyakarta"]: null

06-01-2025T10:26:38 - [TEST_STEP][PASSED] - random = new java.util.Random(): null

06-01-2025T10:26:38 - [TEST_STEP][PASSED] - return cities[random.nextInt(cities.size())]: null

06-01-2025T10:26:38 - [TEST_STEP][PASSED] - clearFieldUsingJavaScript(testObject): null

06-01-2025T10:26:38 - [TEST_STEP][PASSED] - fieldElement = findWebElement(testObject): Found web element by test object Object Repository/Master Data/Admin Sekolah/Master Siswa/Edit Siswa/Field Tempat Lahir

06-01-2025T10:26:38 - [MESSAGE][PASSED] - Found web element by test object Object Repository/Master Data/Admin Sekolah/Master Siswa/Edit Siswa/Field Tempat Lahir

06-01-2025T10:26:38 - [TEST_STEP][PASSED] - executeJavaScript("arguments[0].value = "";", Arrays.asList(fieldElement)): Execute JavaScript 'arguments[0].value = "";' successfully

06-01-2025T10:26:38 - [MESSAGE][PASSED] - Execute JavaScript 'arguments[0].value = "";' successfully

06-01-2025T10:26:38 - [TEST_STEP][PASSED] - setText(testObject, newValue): Text 'Jakarta' is set on object 'Object Repository/Master Data/Admin Sekolah/Master Siswa/Edit Siswa/Field Tempat Lahir'

06-01-2025T10:26:39 - [MESSAGE][PASSED] - Text 'Jakarta' is set on object 'Object Repository/Master Data/Admin Sekolah/Master Siswa/Edit Siswa/Field Tempat Lahir'

06-01-2025T10:26:39 - [TEST_STEP][PASSED] - clearAndInput(findTestObject("Master Data/Admin Sekolah/Master Siswa/Edit Siswa/Field Nomor Handphone"), generateRandomPhoneNumber()): null

06-01-2025T10:26:39 - [TEST_STEP][PASSED] - return (08 + (100000000 + new java.util.Random().nextInt(900000000))): null

06-01-2025T10:26:39 - [TEST_STEP][PASSED] - clearFieldUsingJavaScript(testObject): null

06-01-2025T10:26:39 - [TEST_STEP][PASSED] - fieldElement = findWebElement(testObject): Found web element by test object Object Repository/Master Data/Admin Sekolah/Master Siswa/Edit Siswa/Field Nomor Handphone

06-01-2025T10:26:39 - [MESSAGE][PASSED] - Found web element by test object Object Repository/Master Data/Admin Sekolah/Master Siswa/Edit Siswa/Field Nomor Handphone

06-01-2025T10:26:39 - [TEST_STEP][PASSED] - executeJavaScript("arguments[0].value = "";", Arrays.asList(fieldElement)): Execute JavaScript 'arguments[0].value = "";' successfully

06-01-2025T10:26:39 - [MESSAGE][PASSED] - Execute JavaScript 'arguments[0].value = "";' successfully

06-01-2025T10:26:39 - [TEST_STEP][PASSED] - setText(testObject, newValue): Text '08529604619' is set on object 'Object Repository/Master Data/Admin Sekolah/Master Siswa/Edit Siswa/Field Nomor Handphone'

06-01-2025T10:26:40 - [MESSAGE][PASSED] - Text '08529604619' is set on object 'Object Repository/Master Data/Admin Sekolah/Master Siswa/Edit Siswa/Field Nomor Handphone'

06-01-2025T10:26:40 - [TEST_STEP][PASSED] - clearAndInput(findTestObject("Master Data/Admin Sekolah/Master Siswa/Edit Siswa/Field Alamat"), generateRandomAddress()): null

06-01-2025T10:26:40 - [TEST_STEP][PASSED] - streets = ["Jl. Raya", "Jl. Merdeka", "Jl. Pahlawan", "Jl. Kemerdekaan", "Jl. Sudirman"]: null

06-01-2025T10:26:40 - [TEST_STEP][PASSED] - cities = ["Jakarta", "Bandung", "Surabaya", "Medan", "Yogyakarta"]: null

06-01-2025T10:26:40 - [TEST_STEP][PASSED] - random = new java.util.Random(): null

06-01-2025T10:26:40 - [TEST_STEP][PASSED] - return (((streets[random.nextInt(streets.size())] + , ) + cities[random.nextInt(cities.size())]) + , Indonesia): null

06-01-2025T10:26:40 - [TEST_STEP][PASSED] - clearFieldUsingJavaScript(testObject): null

06-01-2025T10:26:40 - [TEST_STEP][PASSED] - fieldElement = findWebElement(testObject): Found web element by test object Object Repository/Master Data/Admin Sekolah/Master Siswa/Edit Siswa/Field Alamat

06-01-2025T10:26:40 - [MESSAGE][PASSED] - Found web element by test object Object Repository/Master Data/Admin Sekolah/Master Siswa/Edit Siswa/Field Alamat

06-01-2025T10:26:40 - [TEST_STEP][PASSED] - executeJavaScript("arguments[0].value = "";", Arrays.asList(fieldElement)): Execute JavaScript 'arguments[0].value = "";' successfully

06-01-2025T10:26:40 - [MESSAGE][PASSED] - Execute JavaScript 'arguments[0].value = "";' successfully

06-01-2025T10:26:40 - [TEST_STEP][PASSED] - setText(testObject, newValue): Text 'Jl. Pahlawan, Bandung, Indonesia' is set on object 'Object Repository/Master Data/Admin Sekolah/Master Siswa/Edit Siswa/Field Alamat'

06-01-2025T10:26:40 - [MESSAGE][PASSED] - Text 'Jl. Pahlawan, Bandung, Indonesia' is set on object 'Object Repository/Master Data/Admin Sekolah/Master Siswa/Edit Siswa/Field Alamat'

06-01-2025T10:26:40 - [TEST_STEP][PASSED] - isConfirmationHandled = false: null

06-01-2025T10:26:40 - [TEST_STEP][PASSED] - for ([i = 0, i < 3, (i++)]): null

06-01-2025T10:26:40 - [TEST_STEP][PASSED] - click(findTestObject("Master Data/Admin Sekolah/Master Siswa/Edit Siswa/Button Simpan")): Object: 'Object Repository/Master Data/Admin Sekolah/Master Siswa/Edit Siswa/Button Simpan' is clicked on

06-01-2025T10:26:41 - [MESSAGE][PASSED] - Object: 'Object Repository/Master Data/Admin Sekolah/Master Siswa/Edit Siswa/Button Simpan' is clicked on

06-01-2025T10:26:41 - [TEST_STEP][PASSED] - if (waitForElementVisible(findTestObject("Master Data/Admin Sekolah/Master Siswa/Edit Siswa/Modal Konfirmasi"), 5)): null

06-01-2025T10:26:41 - [MESSAGE][PASSED] - Object 'Object Repository/Master Data/Admin Sekolah/Master Siswa/Edit Siswa/Modal Konfirmasi' is visible

06-01-2025T10:26:41 - [TEST_STEP][PASSED] - comment("Modal konfirmasi muncul, melanjutkan ke langkah berikutnya."): Modal konfirmasi muncul, melanjutkan ke langkah berikutnya.

06-01-2025T10:26:41 - [MESSAGE][INFO] - Modal konfirmasi muncul, melanjutkan ke langkah berikutnya.

06-01-2025T10:26:41 - [TEST_STEP][PASSED] - click(findTestObject("Master Data/Admin Sekolah/Master Siswa/Edit Siswa/Button Ya")): Object: 'Object Repository/Master Data/Admin Sekolah/Master Siswa/Edit Siswa/Button Ya' is clicked on

06-01-2025T10:26:41 - [MESSAGE][PASSED] - Object: 'Object Repository/Master Data/Admin Sekolah/Master Siswa/Edit Siswa/Button Ya' is clicked on

06-01-2025T10:26:41 - [TEST_STEP][PASSED] - isConfirmationHandled = true: null

06-01-2025T10:26:41 - [TEST_STEP][PASSED] - break: null

06-01-2025T10:26:41 - [TEST_STEP][PASSED] - if (!(isConfirmationHandled)): null

06-01-2025T10:26:41 - [TEST_STEP][PASSED] - closeBrowser(): Browser is closed

06-01-2025T10:26:42 - [MESSAGE][PASSED] - Browser is closed

06-01-2025T10:26:42 - [MESSAGE][INFO] - 

06-01-2025T10:26:42 - [MESSAGE][INFO] - ===================== Self-healing Report ====================

06-01-2025T10:26:42 - [MESSAGE][INFO] - One of the failed test object locators has been recovered by Self-healing. Please refer to the Self-healing Insights tab for more details.

06-01-2025T10:26:42 - [MESSAGE][INFO] - To learn more about Self-healing, please read https://docs.katalon.com/katalon-studio/docs/self-healing.html

06-01-2025T10:26:42 - [MESSAGE][INFO] - ==============================================================

06-01-2025T10:26:42 - [MESSAGE][PASSED] - Call Test Case 'Test Cases/Master Data/Admin Sekolah/Master Siswa/Edit Siswa' successfully

06-01-2025T10:26:42 - [TEST_STEP][PASSED] - callTestCase(findTestCase("Test Cases/Master Data/Admin Sekolah/Master Siswa/Filter dan Search Siswa"), [:], CONTINUE_ON_FAILURE): Call Test Case 'Test Cases/Master Data/Admin Sekolah/Master Siswa/Filter dan Search Siswa' successfully

06-01-2025T10:26:42 - [TEST_CASE][PASSED] - Test Cases/Master Data/Admin Sekolah/Master Siswa/Filter dan Search Siswa: Test Cases/Master Data/Admin Sekolah/Master Siswa/Filter dan Search Siswa

06-01-2025T10:26:42 - [TEST_STEP][PASSED] - openBrowser("", CONTINUE_ON_FAILURE): Browser is opened with url: ''

06-01-2025T10:26:42 - [MESSAGE][INFO] - Starting 'Chrome' driver

06-01-2025T10:26:42 - [MESSAGE][INFO] - Action delay is set to 0 milliseconds

06-01-2025T10:26:42 - [MESSAGE][PASSED] - Browser is opened with url: ''

06-01-2025T10:26:42 - [TEST_STEP][PASSED] - navigateToUrl("https://sit.siprusedu.com/login", CONTINUE_ON_FAILURE): Navigate to 'https://sit.siprusedu.com/login' successfully

06-01-2025T10:26:43 - [MESSAGE][PASSED] - Navigate to 'https://sit.siprusedu.com/login' successfully

06-01-2025T10:26:43 - [TEST_STEP][PASSED] - click(findTestObject("Master Data/Admin Sekolah/Login/Field Email"), CONTINUE_ON_FAILURE): Object: 'Object Repository/Master Data/Admin Sekolah/Login/Field Email' is clicked on

06-01-2025T10:26:45 - [MESSAGE][PASSED] - Object: 'Object Repository/Master Data/Admin Sekolah/Login/Field Email' is clicked on

06-01-2025T10:26:45 - [TEST_STEP][PASSED] - setText(findTestObject("Master Data/Admin Sekolah/Login/Field Email"), "admin.gudangsolusi@digiform.co.id", CONTINUE_ON_FAILURE): Text 'admin.gudangsolusi@digiform.co.id' is set on object 'Object Repository/Master Data/Admin Sekolah/Login/Field Email'

06-01-2025T10:26:45 - [MESSAGE][PASSED] - Text 'admin.gudangsolusi@digiform.co.id' is set on object 'Object Repository/Master Data/Admin Sekolah/Login/Field Email'

06-01-2025T10:26:45 - [TEST_STEP][PASSED] - click(findTestObject("Master Data/Admin Sekolah/Login/Input Password"), CONTINUE_ON_FAILURE): Object: 'Object Repository/Master Data/Admin Sekolah/Login/Input Password' is clicked on

06-01-2025T10:26:45 - [MESSAGE][PASSED] - Object: 'Object Repository/Master Data/Admin Sekolah/Login/Input Password' is clicked on

06-01-2025T10:26:45 - [TEST_STEP][PASSED] - setText(findTestObject("Master Data/Admin Sekolah/Login/Input Password"), "Test1234", CONTINUE_ON_FAILURE): Text 'Test1234' is set on object 'Object Repository/Master Data/Admin Sekolah/Login/Input Password'

06-01-2025T10:26:46 - [MESSAGE][PASSED] - Text 'Test1234' is set on object 'Object Repository/Master Data/Admin Sekolah/Login/Input Password'

06-01-2025T10:26:46 - [TEST_STEP][PASSED] - click(findTestObject("Master Data/Admin Sekolah/Login/Button Submit"), CONTINUE_ON_FAILURE): Object: 'Object Repository/Master Data/Admin Sekolah/Login/Button Submit' is clicked on

06-01-2025T10:26:46 - [MESSAGE][PASSED] - Object: 'Object Repository/Master Data/Admin Sekolah/Login/Button Submit' is clicked on

06-01-2025T10:26:46 - [TEST_STEP][PASSED] - click(findTestObject("Master Data/Admin Sekolah/Master Data Menu"), CONTINUE_ON_FAILURE): Object: 'Object Repository/Master Data/Admin Sekolah/Master Data Menu' is clicked on

06-01-2025T10:26:48 - [MESSAGE][PASSED] - Object: 'Object Repository/Master Data/Admin Sekolah/Master Data Menu' is clicked on

06-01-2025T10:26:48 - [TEST_STEP][PASSED] - click(findTestObject("Master Data/Admin Sekolah/Master Siswa/Filter Dan Search Siswa/Page_Beranda/Sub Menu Kelola Siswa")): Object: 'Object Repository/Master Data/Admin Sekolah/Master Siswa/Filter Dan Search Siswa/Page_Beranda/Sub Menu Kelola Siswa' is clicked on

06-01-2025T10:26:48 - [MESSAGE][PASSED] - Object: 'Object Repository/Master Data/Admin Sekolah/Master Siswa/Filter Dan Search Siswa/Page_Beranda/Sub Menu Kelola Siswa' is clicked on

06-01-2025T10:26:48 - [TEST_STEP][PASSED] - click(findTestObject("Master Data/Admin Sekolah/Master Siswa/Filter Dan Search Siswa/Dropdown Kelas")): Object: 'Object Repository/Master Data/Admin Sekolah/Master Siswa/Filter Dan Search Siswa/Dropdown Kelas' is clicked on

06-01-2025T10:26:50 - [MESSAGE][PASSED] - Object: 'Object Repository/Master Data/Admin Sekolah/Master Siswa/Filter Dan Search Siswa/Dropdown Kelas' is clicked on

06-01-2025T10:26:50 - [TEST_STEP][PASSED] - click(findTestObject("Master Data/Admin Sekolah/Master Siswa/Filter Dan Search Siswa/Value Kelas XI IPA 11")): Object: 'Object Repository/Master Data/Admin Sekolah/Master Siswa/Filter Dan Search Siswa/Value Kelas XI IPA 11' is clicked on

06-01-2025T10:26:50 - [MESSAGE][PASSED] - Object: 'Object Repository/Master Data/Admin Sekolah/Master Siswa/Filter Dan Search Siswa/Value Kelas XI IPA 11' is clicked on

06-01-2025T10:26:50 - [TEST_STEP][PASSED] - click(findTestObject("Master Data/Admin Sekolah/Master Siswa/Filter Dan Search Siswa/Dropdown Status")): Object: 'Object Repository/Master Data/Admin Sekolah/Master Siswa/Filter Dan Search Siswa/Dropdown Status' is clicked on

06-01-2025T10:26:51 - [MESSAGE][PASSED] - Object: 'Object Repository/Master Data/Admin Sekolah/Master Siswa/Filter Dan Search Siswa/Dropdown Status' is clicked on

06-01-2025T10:26:51 - [TEST_STEP][PASSED] - click(findTestObject("Master Data/Admin Sekolah/Master Siswa/Filter Dan Search Siswa/Value Status Aktif")): Object: 'Object Repository/Master Data/Admin Sekolah/Master Siswa/Filter Dan Search Siswa/Value Status Aktif' is clicked on

06-01-2025T10:26:51 - [MESSAGE][PASSED] - Object: 'Object Repository/Master Data/Admin Sekolah/Master Siswa/Filter Dan Search Siswa/Value Status Aktif' is clicked on

06-01-2025T10:26:51 - [TEST_STEP][PASSED] - click(findTestObject("Master Data/Admin Sekolah/Master Siswa/Filter Dan Search Siswa/Dropdown Tahun Ajaran")): Object: 'Object Repository/Master Data/Admin Sekolah/Master Siswa/Filter Dan Search Siswa/Dropdown Tahun Ajaran' is clicked on

06-01-2025T10:26:52 - [MESSAGE][PASSED] - Object: 'Object Repository/Master Data/Admin Sekolah/Master Siswa/Filter Dan Search Siswa/Dropdown Tahun Ajaran' is clicked on

06-01-2025T10:26:52 - [TEST_STEP][PASSED] - click(findTestObject("Master Data/Admin Sekolah/Master Siswa/Filter Dan Search Siswa/Value Dropdown Tahun Ajaran")): Object: 'Object Repository/Master Data/Admin Sekolah/Master Siswa/Filter Dan Search Siswa/Value Dropdown Tahun Ajaran' is clicked on

06-01-2025T10:27:23 - [MESSAGE][INFO] - Unable to find the element located by 'By.xpath: //div[@value='39']'. Please recheck the objects properties to make sure the desired element is located. 

06-01-2025T10:27:23 - [MESSAGE][WARNING] - [SELF-HEALING] Failed to find element with id 'Object Repository/Master Data/Admin Sekolah/Master Siswa/Filter Dan Search Siswa/Value Dropdown Tahun Ajaran'. Try using Self-healing.

06-01-2025T10:27:23 - [MESSAGE][WARNING] - [SELF-HEALING] The current locator of test object 'Object Repository/Master Data/Admin Sekolah/Master Siswa/Filter Dan Search Siswa/Value Dropdown Tahun Ajaran' was broken. Propose an alternative one: '//div[2]/div[2]/div[7]'.

06-01-2025T10:27:23 - [MESSAGE][PASSED] - Object: 'Object Repository/Master Data/Admin Sekolah/Master Siswa/Filter Dan Search Siswa/Value Dropdown Tahun Ajaran' is clicked on

06-01-2025T10:27:23 - [TEST_STEP][PASSED] - click(findTestObject("Master Data/Admin Sekolah/Master Siswa/Filter Dan Search Siswa/Field Search Bar")): Object: 'Object Repository/Master Data/Admin Sekolah/Master Siswa/Filter Dan Search Siswa/Field Search Bar' is clicked on

06-01-2025T10:27:24 - [MESSAGE][PASSED] - Object: 'Object Repository/Master Data/Admin Sekolah/Master Siswa/Filter Dan Search Siswa/Field Search Bar' is clicked on

06-01-2025T10:27:24 - [TEST_STEP][PASSED] - setText(findTestObject("Master Data/Admin Sekolah/Master Siswa/Filter Dan Search Siswa/Field Search Bar"), "Adam"): Text 'Adam' is set on object 'Object Repository/Master Data/Admin Sekolah/Master Siswa/Filter Dan Search Siswa/Field Search Bar'

06-01-2025T10:27:24 - [MESSAGE][PASSED] - Text 'Adam' is set on object 'Object Repository/Master Data/Admin Sekolah/Master Siswa/Filter Dan Search Siswa/Field Search Bar'

06-01-2025T10:27:24 - [TEST_STEP][PASSED] - verifyElementVisible(findTestObject("Master Data/Admin Sekolah/Master Siswa/Filter Dan Search Siswa/Rekomendasi Siswa")): Object 'Object Repository/Master Data/Admin Sekolah/Master Siswa/Filter Dan Search Siswa/Rekomendasi Siswa' is visible

06-01-2025T10:27:26 - [MESSAGE][PASSED] - Object 'Object Repository/Master Data/Admin Sekolah/Master Siswa/Filter Dan Search Siswa/Rekomendasi Siswa' is visible

06-01-2025T10:27:26 - [TEST_STEP][PASSED] - click(findTestObject("Master Data/Admin Sekolah/Master Siswa/Filter Dan Search Siswa/Rekomendasi Siswa")): Object: 'Object Repository/Master Data/Admin Sekolah/Master Siswa/Filter Dan Search Siswa/Rekomendasi Siswa' is clicked on

06-01-2025T10:27:26 - [MESSAGE][PASSED] - Object: 'Object Repository/Master Data/Admin Sekolah/Master Siswa/Filter Dan Search Siswa/Rekomendasi Siswa' is clicked on

06-01-2025T10:27:26 - [TEST_STEP][PASSED] - verifyElementVisible(findTestObject("Master Data/Admin Sekolah/Master Siswa/Filter Dan Search Siswa/Button Terapkan")): Object 'Object Repository/Master Data/Admin Sekolah/Master Siswa/Filter Dan Search Siswa/Button Terapkan' is visible

06-01-2025T10:27:26 - [MESSAGE][PASSED] - Object 'Object Repository/Master Data/Admin Sekolah/Master Siswa/Filter Dan Search Siswa/Button Terapkan' is visible

06-01-2025T10:27:26 - [TEST_STEP][PASSED] - click(findTestObject("Master Data/Admin Sekolah/Master Siswa/Filter Dan Search Siswa/Button Terapkan")): Object: 'Object Repository/Master Data/Admin Sekolah/Master Siswa/Filter Dan Search Siswa/Button Terapkan' is clicked on

06-01-2025T10:27:27 - [MESSAGE][PASSED] - Object: 'Object Repository/Master Data/Admin Sekolah/Master Siswa/Filter Dan Search Siswa/Button Terapkan' is clicked on

06-01-2025T10:27:27 - [MESSAGE][INFO] - 

06-01-2025T10:27:27 - [MESSAGE][INFO] - ===================== Self-healing Report ====================

06-01-2025T10:27:27 - [MESSAGE][INFO] - One of the failed test object locators has been recovered by Self-healing. Please refer to the Self-healing Insights tab for more details.

06-01-2025T10:27:27 - [MESSAGE][INFO] - To learn more about Self-healing, please read https://docs.katalon.com/katalon-studio/docs/self-healing.html

06-01-2025T10:27:27 - [MESSAGE][INFO] - ==============================================================

06-01-2025T10:27:27 - [MESSAGE][PASSED] - Call Test Case 'Test Cases/Master Data/Admin Sekolah/Master Siswa/Filter dan Search Siswa' successfully

06-01-2025T10:27:27 - [TEST_STEP][PASSED] - callTestCase(findTestCase("Test Cases/Master Data/Admin Sekolah/Master Siswa/Unduh dan Upload Siswa"), [:], CONTINUE_ON_FAILURE): Call Test Case 'Test Cases/Master Data/Admin Sekolah/Master Siswa/Unduh dan Upload Siswa' successfully

06-01-2025T10:27:27 - [TEST_CASE][PASSED] - Test Cases/Master Data/Admin Sekolah/Master Siswa/Unduh dan Upload Siswa: Test Cases/Master Data/Admin Sekolah/Master Siswa/Unduh dan Upload Siswa

06-01-2025T10:27:27 - [TEST_STEP][PASSED] - openBrowser(""): Browser is opened with url: ''

06-01-2025T10:27:27 - [MESSAGE][WARNING] - A browser is already opened. Closing browser and opening a new one

06-01-2025T10:27:27 - [MESSAGE][INFO] - Starting 'Chrome' driver

06-01-2025T10:27:27 - [MESSAGE][INFO] - Action delay is set to 0 milliseconds

06-01-2025T10:27:28 - [MESSAGE][PASSED] - Browser is opened with url: ''

06-01-2025T10:27:28 - [TEST_STEP][PASSED] - maximizeWindow(): Current window maximized

06-01-2025T10:27:28 - [MESSAGE][PASSED] - Current window maximized

06-01-2025T10:27:28 - [TEST_STEP][PASSED] - navigateToUrl("https://sit.siprusedu.com/login"): Navigate to 'https://sit.siprusedu.com/login' successfully

06-01-2025T10:27:32 - [MESSAGE][PASSED] - Navigate to 'https://sit.siprusedu.com/login' successfully

06-01-2025T10:27:32 - [TEST_STEP][PASSED] - setText(findTestObject("Master Data/Admin Sekolah/Login/Field Email"), "admin.gudangsolusi@digiform.co.id"): Text 'admin.gudangsolusi@digiform.co.id' is set on object 'Object Repository/Master Data/Admin Sekolah/Login/Field Email'

06-01-2025T10:27:34 - [MESSAGE][PASSED] - Text 'admin.gudangsolusi@digiform.co.id' is set on object 'Object Repository/Master Data/Admin Sekolah/Login/Field Email'

06-01-2025T10:27:34 - [TEST_STEP][PASSED] - setText(findTestObject("Master Data/Admin Sekolah/Login/Input Password"), "Test1234"): Text 'Test1234' is set on object 'Object Repository/Master Data/Admin Sekolah/Login/Input Password'

06-01-2025T10:27:34 - [MESSAGE][PASSED] - Text 'Test1234' is set on object 'Object Repository/Master Data/Admin Sekolah/Login/Input Password'

06-01-2025T10:27:34 - [TEST_STEP][PASSED] - click(findTestObject("Master Data/Admin Sekolah/Login/Button Submit")): Object: 'Object Repository/Master Data/Admin Sekolah/Login/Button Submit' is clicked on

06-01-2025T10:27:35 - [MESSAGE][PASSED] - Object: 'Object Repository/Master Data/Admin Sekolah/Login/Button Submit' is clicked on

06-01-2025T10:27:35 - [TEST_STEP][PASSED] - click(findTestObject("Master Data/Admin Sekolah/Master Data Menu")): Object: 'Object Repository/Master Data/Admin Sekolah/Master Data Menu' is clicked on

06-01-2025T10:27:40 - [MESSAGE][PASSED] - Object: 'Object Repository/Master Data/Admin Sekolah/Master Data Menu' is clicked on

06-01-2025T10:27:40 - [TEST_STEP][PASSED] - click(findTestObject("Master Data/Admin Sekolah/Master Siswa/Filter Dan Search Siswa/Page_Beranda/Sub Menu Kelola Siswa")): Object: 'Object Repository/Master Data/Admin Sekolah/Master Siswa/Filter Dan Search Siswa/Page_Beranda/Sub Menu Kelola Siswa' is clicked on

06-01-2025T10:27:43 - [MESSAGE][PASSED] - Object: 'Object Repository/Master Data/Admin Sekolah/Master Siswa/Filter Dan Search Siswa/Page_Beranda/Sub Menu Kelola Siswa' is clicked on

06-01-2025T10:27:43 - [TEST_STEP][PASSED] - click(findTestObject("Master Data/Admin Sekolah/Master Siswa/Unduh dan Upload Siswa/Button Unduh")): Object: 'Object Repository/Master Data/Admin Sekolah/Master Siswa/Unduh dan Upload Siswa/Button Unduh' is clicked on

06-01-2025T10:27:51 - [MESSAGE][PASSED] - Object: 'Object Repository/Master Data/Admin Sekolah/Master Siswa/Unduh dan Upload Siswa/Button Unduh' is clicked on

06-01-2025T10:27:51 - [TEST_STEP][PASSED] - click(findTestObject("Master Data/Admin Sekolah/Master Siswa/Unduh dan Upload Siswa/Unduh Data Siswa")): Object: 'Object Repository/Master Data/Admin Sekolah/Master Siswa/Unduh dan Upload Siswa/Unduh Data Siswa' is clicked on

06-01-2025T10:27:53 - [MESSAGE][PASSED] - Object: 'Object Repository/Master Data/Admin Sekolah/Master Siswa/Unduh dan Upload Siswa/Unduh Data Siswa' is clicked on

06-01-2025T10:27:53 - [TEST_STEP][PASSED] - click(findTestObject("Master Data/Admin Sekolah/Master Siswa/Unduh dan Upload Siswa/Button Unduh")): Object: 'Object Repository/Master Data/Admin Sekolah/Master Siswa/Unduh dan Upload Siswa/Button Unduh' is clicked on

06-01-2025T10:27:53 - [MESSAGE][PASSED] - Object: 'Object Repository/Master Data/Admin Sekolah/Master Siswa/Unduh dan Upload Siswa/Button Unduh' is clicked on

06-01-2025T10:27:53 - [TEST_STEP][PASSED] - click(findTestObject("Master Data/Admin Sekolah/Master Siswa/Unduh dan Upload Siswa/Unduh Format File")): Object: 'Object Repository/Master Data/Admin Sekolah/Master Siswa/Unduh dan Upload Siswa/Unduh Format File' is clicked on

06-01-2025T10:27:54 - [MESSAGE][PASSED] - Object: 'Object Repository/Master Data/Admin Sekolah/Master Siswa/Unduh dan Upload Siswa/Unduh Format File' is clicked on

06-01-2025T10:27:54 - [TEST_STEP][PASSED] - click(findTestObject("Master Data/Admin Sekolah/Master Siswa/Unduh dan Upload Siswa/Button Upload")): Object: 'Object Repository/Master Data/Admin Sekolah/Master Siswa/Unduh dan Upload Siswa/Button Upload' is clicked on

06-01-2025T10:27:55 - [MESSAGE][PASSED] - Object: 'Object Repository/Master Data/Admin Sekolah/Master Siswa/Unduh dan Upload Siswa/Button Upload' is clicked on

06-01-2025T10:27:55 - [TEST_STEP][PASSED] - filePath = "C:\Users\henri\Downloads\Upload Siswa 5.xlsx": null

06-01-2025T10:27:55 - [TEST_STEP][PASSED] - click(findTestObject("Master Data/Admin Sekolah/Master Siswa/Unduh dan Upload Siswa/Button Upload File")): Object: 'Object Repository/Master Data/Admin Sekolah/Master Siswa/Unduh dan Upload Siswa/Button Upload File' is clicked on

06-01-2025T10:27:55 - [MESSAGE][PASSED] - Object: 'Object Repository/Master Data/Admin Sekolah/Master Siswa/Unduh dan Upload Siswa/Button Upload File' is clicked on

06-01-2025T10:27:55 - [TEST_STEP][PASSED] - uploadInputField = findTestObject("Master Data/Admin Sekolah/Master Siswa/Upload File Input"): Test object with id 'Object Repository/Master Data/Admin Sekolah/Master Siswa/Upload File Input' does not exist

06-01-2025T10:27:55 - [MESSAGE][WARNING] - Test object with id 'Object Repository/Master Data/Admin Sekolah/Master Siswa/Upload File Input' does not exist

06-01-2025T10:27:55 - [TEST_STEP][PASSED] - if (uploadInputField != null): null

06-01-2025T10:27:55 - [TEST_STEP][PASSED] - else: null

06-01-2025T10:27:55 - [TEST_STEP][PASSED] - println("Upload file input field not found!"): null

06-01-2025T10:27:55 - [TEST_STEP][PASSED] - click(findTestObject("Master Data/Admin Sekolah/Master Siswa/Unduh dan Upload Siswa/Button Kirim")): Object: 'Object Repository/Master Data/Admin Sekolah/Master Siswa/Unduh dan Upload Siswa/Button Kirim' is clicked on

06-01-2025T10:27:55 - [MESSAGE][PASSED] - Object: 'Object Repository/Master Data/Admin Sekolah/Master Siswa/Unduh dan Upload Siswa/Button Kirim' is clicked on

06-01-2025T10:27:55 - [TEST_STEP][PASSED] - delay(5): Delayed 5 second(s)

06-01-2025T10:28:00 - [MESSAGE][PASSED] - Delayed 5 second(s)

06-01-2025T10:28:00 - [MESSAGE][INFO] - 

06-01-2025T10:28:00 - [MESSAGE][INFO] - ===================== Self-healing Report ====================

06-01-2025T10:28:00 - [MESSAGE][INFO] - One of the failed test object locators has been recovered by Self-healing. Please refer to the Self-healing Insights tab for more details.

06-01-2025T10:28:00 - [MESSAGE][INFO] - To learn more about Self-healing, please read https://docs.katalon.com/katalon-studio/docs/self-healing.html

06-01-2025T10:28:00 - [MESSAGE][INFO] - ==============================================================

06-01-2025T10:28:00 - [MESSAGE][PASSED] - Call Test Case 'Test Cases/Master Data/Admin Sekolah/Master Siswa/Unduh dan Upload Siswa' successfully

06-01-2025T10:28:00 - [TEST_STEP][PASSED] - println("============================= Loop Again ==============================="): null]]></system-out>
         <system-err><![CDATA[]]></system-err>
      </testcase>
      <testcase name="Test Cases/Regresi Feature/Sprint 3/Regresi Sumbangan" time="122.437" classname="Test Cases/Regresi Feature/Sprint 3/Regresi Sumbangan" status="PASSED">
         <system-out><![CDATA[06-01-2025T10:28:00 - [TEST_CASE][PASSED] - Test Cases/Regresi Feature/Sprint 3/Regresi Sumbangan: Test Cases/Regresi Feature/Sprint 3/Regresi Sumbangan

06-01-2025T10:28:00 - [TEST_STEP][PASSED] - for ([i = 1, i <= maxLoop, (i++)]): null

06-01-2025T10:28:00 - [TEST_STEP][PASSED] - callTestCase(findTestCase("Test Cases/Master Data/Admin Sekolah/Master Data Sumbangan/Tambah Sumbangan"), [:], CONTINUE_ON_FAILURE): Call Test Case 'Test Cases/Master Data/Admin Sekolah/Master Data Sumbangan/Tambah Sumbangan' successfully

06-01-2025T10:28:00 - [TEST_CASE][PASSED] - Test Cases/Master Data/Admin Sekolah/Master Data Sumbangan/Tambah Sumbangan: Test Cases/Master Data/Admin Sekolah/Master Data Sumbangan/Tambah Sumbangan

06-01-2025T10:28:01 - [TEST_STEP][PASSED] - openBrowser(""): Browser is opened with url: ''

06-01-2025T10:28:01 - [MESSAGE][WARNING] - A browser is already opened. Closing browser and opening a new one

06-01-2025T10:28:01 - [MESSAGE][INFO] - Starting 'Chrome' driver

06-01-2025T10:28:01 - [MESSAGE][INFO] - Action delay is set to 0 milliseconds

06-01-2025T10:28:01 - [MESSAGE][PASSED] - Browser is opened with url: ''

06-01-2025T10:28:01 - [TEST_STEP][PASSED] - navigateToUrl("https://sit.siprusedu.com/login"): Navigate to 'https://sit.siprusedu.com/login' successfully

06-01-2025T10:28:06 - [MESSAGE][PASSED] - Navigate to 'https://sit.siprusedu.com/login' successfully

06-01-2025T10:28:06 - [TEST_STEP][PASSED] - click(findTestObject("Master Data/Admin Sekolah/Login/Field Email")): Object: 'Object Repository/Master Data/Admin Sekolah/Login/Field Email' is clicked on

06-01-2025T10:28:07 - [MESSAGE][PASSED] - Object: 'Object Repository/Master Data/Admin Sekolah/Login/Field Email' is clicked on

06-01-2025T10:28:07 - [TEST_STEP][PASSED] - setText(findTestObject("Master Data/Admin Sekolah/Login/Field Email"), "admin.gudangsolusi@digiform.co.id"): Text 'admin.gudangsolusi@digiform.co.id' is set on object 'Object Repository/Master Data/Admin Sekolah/Login/Field Email'

06-01-2025T10:28:08 - [MESSAGE][PASSED] - Text 'admin.gudangsolusi@digiform.co.id' is set on object 'Object Repository/Master Data/Admin Sekolah/Login/Field Email'

06-01-2025T10:28:08 - [TEST_STEP][PASSED] - click(findTestObject("Master Data/Admin Sekolah/Login/Input Password")): Object: 'Object Repository/Master Data/Admin Sekolah/Login/Input Password' is clicked on

06-01-2025T10:28:08 - [MESSAGE][PASSED] - Object: 'Object Repository/Master Data/Admin Sekolah/Login/Input Password' is clicked on

06-01-2025T10:28:08 - [TEST_STEP][PASSED] - setText(findTestObject("Master Data/Admin Sekolah/Login/Input Password"), "Test1234"): Text 'Test1234' is set on object 'Object Repository/Master Data/Admin Sekolah/Login/Input Password'

06-01-2025T10:28:09 - [MESSAGE][PASSED] - Text 'Test1234' is set on object 'Object Repository/Master Data/Admin Sekolah/Login/Input Password'

06-01-2025T10:28:09 - [TEST_STEP][PASSED] - click(findTestObject("Master Data/Admin Sekolah/Login/Button Submit")): Object: 'Object Repository/Master Data/Admin Sekolah/Login/Button Submit' is clicked on

06-01-2025T10:28:09 - [MESSAGE][PASSED] - Object: 'Object Repository/Master Data/Admin Sekolah/Login/Button Submit' is clicked on

06-01-2025T10:28:09 - [TEST_STEP][PASSED] - delay(1): Delayed 1 second(s)

06-01-2025T10:28:10 - [MESSAGE][PASSED] - Delayed 1 second(s)

06-01-2025T10:28:10 - [TEST_STEP][PASSED] - click(findTestObject("Master Data/Admin Sekolah/Master Data Menu")): Object: 'Object Repository/Master Data/Admin Sekolah/Master Data Menu' is clicked on

06-01-2025T10:28:14 - [MESSAGE][PASSED] - Object: 'Object Repository/Master Data/Admin Sekolah/Master Data Menu' is clicked on

06-01-2025T10:28:14 - [TEST_STEP][PASSED] - delay(1): Delayed 1 second(s)

06-01-2025T10:28:15 - [MESSAGE][PASSED] - Delayed 1 second(s)

06-01-2025T10:28:15 - [TEST_STEP][PASSED] - click(findTestObject("Master Data/Admin Sekolah/Sumbangan/Klik Submenu Sumbangan")): Object: 'Object Repository/Master Data/Admin Sekolah/Sumbangan/Klik Submenu Sumbangan' is clicked on

06-01-2025T10:28:16 - [MESSAGE][PASSED] - Object: 'Object Repository/Master Data/Admin Sekolah/Sumbangan/Klik Submenu Sumbangan' is clicked on

06-01-2025T10:28:16 - [TEST_STEP][PASSED] - delay(1): Delayed 1 second(s)

06-01-2025T10:28:17 - [MESSAGE][PASSED] - Delayed 1 second(s)

06-01-2025T10:28:17 - [TEST_STEP][PASSED] - click(findTestObject("Master Data/Admin Sekolah/Sumbangan/Tambah Sumbangan/Klik Tombol Tambah")): Object: 'Object Repository/Master Data/Admin Sekolah/Sumbangan/Tambah Sumbangan/Klik Tombol Tambah' is clicked on

06-01-2025T10:28:23 - [MESSAGE][PASSED] - Object: 'Object Repository/Master Data/Admin Sekolah/Sumbangan/Tambah Sumbangan/Klik Tombol Tambah' is clicked on

06-01-2025T10:28:23 - [TEST_STEP][PASSED] - delay(1): Delayed 1 second(s)

06-01-2025T10:28:24 - [MESSAGE][PASSED] - Delayed 1 second(s)

06-01-2025T10:28:24 - [TEST_STEP][PASSED] - click(findTestObject("Master Data/Admin Sekolah/Sumbangan/Tambah Sumbangan/Field Nama Sumbangan")): Object: 'Object Repository/Master Data/Admin Sekolah/Sumbangan/Tambah Sumbangan/Field Nama Sumbangan' is clicked on

06-01-2025T10:28:24 - [MESSAGE][PASSED] - Object: 'Object Repository/Master Data/Admin Sekolah/Sumbangan/Tambah Sumbangan/Field Nama Sumbangan' is clicked on

06-01-2025T10:28:24 - [TEST_STEP][PASSED] - namaSumbangan = ["Sumbangan Paralympics", "Sumbangan Mata Sharingan Untuk Agus", "Sumbangan Orang Meninggal", "Sumbangan Guru"]: null

06-01-2025T10:28:24 - [TEST_STEP][PASSED] - randomSumbangan = namaSumbangan[Random().nextInt(length)]: null

06-01-2025T10:28:24 - [TEST_STEP][PASSED] - setText(findTestObject("Master Data/Admin Sekolah/Sumbangan/Tambah Sumbangan/Field Nama Sumbangan"), randomSumbangan): Text 'Sumbangan Guru' is set on object 'Object Repository/Master Data/Admin Sekolah/Sumbangan/Tambah Sumbangan/Field Nama Sumbangan'

06-01-2025T10:28:25 - [MESSAGE][PASSED] - Text 'Sumbangan Guru' is set on object 'Object Repository/Master Data/Admin Sekolah/Sumbangan/Tambah Sumbangan/Field Nama Sumbangan'

06-01-2025T10:28:25 - [TEST_STEP][PASSED] - click(findTestObject("Master Data/Admin Sekolah/Sumbangan/Tambah Sumbangan/Field Rekening/Dropdown Rekening")): Object: 'Object Repository/Master Data/Admin Sekolah/Sumbangan/Tambah Sumbangan/Field Rekening/Dropdown Rekening' is clicked on

06-01-2025T10:28:25 - [MESSAGE][PASSED] - Object: 'Object Repository/Master Data/Admin Sekolah/Sumbangan/Tambah Sumbangan/Field Rekening/Dropdown Rekening' is clicked on

06-01-2025T10:28:25 - [TEST_STEP][PASSED] - delay(1): Delayed 1 second(s)

06-01-2025T10:28:26 - [MESSAGE][PASSED] - Delayed 1 second(s)

06-01-2025T10:28:26 - [TEST_STEP][PASSED] - click(findTestObject("Master Data/Admin Sekolah/Sumbangan/Tambah Sumbangan/Field Rekening/Field Cari Rekening")): Object: 'Object Repository/Master Data/Admin Sekolah/Sumbangan/Tambah Sumbangan/Field Rekening/Field Cari Rekening' is clicked on

06-01-2025T10:28:26 - [MESSAGE][PASSED] - Object: 'Object Repository/Master Data/Admin Sekolah/Sumbangan/Tambah Sumbangan/Field Rekening/Field Cari Rekening' is clicked on

06-01-2025T10:28:26 - [TEST_STEP][PASSED] - setText(findTestObject("Master Data/Admin Sekolah/Sumbangan/Tambah Sumbangan/Field Rekening/Field Cari Rekening"), "BNI"): Text 'BNI' is set on object 'Object Repository/Master Data/Admin Sekolah/Sumbangan/Tambah Sumbangan/Field Rekening/Field Cari Rekening'

06-01-2025T10:28:27 - [MESSAGE][PASSED] - Text 'BNI' is set on object 'Object Repository/Master Data/Admin Sekolah/Sumbangan/Tambah Sumbangan/Field Rekening/Field Cari Rekening'

06-01-2025T10:28:27 - [TEST_STEP][PASSED] - delay(1): Delayed 1 second(s)

06-01-2025T10:28:28 - [MESSAGE][PASSED] - Delayed 1 second(s)

06-01-2025T10:28:28 - [TEST_STEP][PASSED] - click(findTestObject("Master Data/Admin Sekolah/Sumbangan/Tambah Sumbangan/Field Rekening/Cari Rekening Sumbangan")): Object: 'Object Repository/Master Data/Admin Sekolah/Sumbangan/Tambah Sumbangan/Field Rekening/Cari Rekening Sumbangan' is clicked on

06-01-2025T10:28:28 - [MESSAGE][PASSED] - Object: 'Object Repository/Master Data/Admin Sekolah/Sumbangan/Tambah Sumbangan/Field Rekening/Cari Rekening Sumbangan' is clicked on

06-01-2025T10:28:28 - [TEST_STEP][PASSED] - delay(1): Delayed 1 second(s)

06-01-2025T10:28:29 - [MESSAGE][PASSED] - Delayed 1 second(s)

06-01-2025T10:28:29 - [TEST_STEP][PASSED] - click(findTestObject("Master Data/Admin Sekolah/Sumbangan/Tambah Sumbangan/Dropdown Unit")): Object: 'Object Repository/Master Data/Admin Sekolah/Sumbangan/Tambah Sumbangan/Dropdown Unit' is clicked on

06-01-2025T10:28:29 - [MESSAGE][PASSED] - Object: 'Object Repository/Master Data/Admin Sekolah/Sumbangan/Tambah Sumbangan/Dropdown Unit' is clicked on

06-01-2025T10:28:29 - [TEST_STEP][PASSED] - delay(1): Delayed 1 second(s)

06-01-2025T10:28:30 - [MESSAGE][PASSED] - Delayed 1 second(s)

06-01-2025T10:28:30 - [TEST_STEP][PASSED] - click(findTestObject("Master Data/Admin Sekolah/Sumbangan/Tambah Sumbangan/Pilih Unit")): Object: 'Object Repository/Master Data/Admin Sekolah/Sumbangan/Tambah Sumbangan/Pilih Unit' is clicked on

06-01-2025T10:28:31 - [MESSAGE][PASSED] - Object: 'Object Repository/Master Data/Admin Sekolah/Sumbangan/Tambah Sumbangan/Pilih Unit' is clicked on

06-01-2025T10:28:31 - [TEST_STEP][PASSED] - delay(1): Delayed 1 second(s)

06-01-2025T10:28:32 - [MESSAGE][PASSED] - Delayed 1 second(s)

06-01-2025T10:28:32 - [TEST_STEP][PASSED] - click(findTestObject("Master Data/Admin Sekolah/Sumbangan/Tambah Sumbangan/Tombol Tambahkan")): Object: 'Object Repository/Master Data/Admin Sekolah/Sumbangan/Tambah Sumbangan/Tombol Tambahkan' is clicked on

06-01-2025T10:28:32 - [MESSAGE][PASSED] - Object: 'Object Repository/Master Data/Admin Sekolah/Sumbangan/Tambah Sumbangan/Tombol Tambahkan' is clicked on

06-01-2025T10:28:32 - [TEST_STEP][PASSED] - closeBrowser(): Browser is closed

06-01-2025T10:28:32 - [MESSAGE][PASSED] - Browser is closed

06-01-2025T10:28:32 - [MESSAGE][PASSED] - Call Test Case 'Test Cases/Master Data/Admin Sekolah/Master Data Sumbangan/Tambah Sumbangan' successfully

06-01-2025T10:28:32 - [TEST_STEP][PASSED] - callTestCase(findTestCase("Test Cases/Master Data/Admin Sekolah/Master Data Sumbangan/Delete Sumbangan"), [:], CONTINUE_ON_FAILURE): Call Test Case 'Test Cases/Master Data/Admin Sekolah/Master Data Sumbangan/Delete Sumbangan' successfully

06-01-2025T10:28:32 - [TEST_CASE][PASSED] - Test Cases/Master Data/Admin Sekolah/Master Data Sumbangan/Delete Sumbangan: Test Cases/Master Data/Admin Sekolah/Master Data Sumbangan/Delete Sumbangan

06-01-2025T10:28:32 - [TEST_STEP][PASSED] - openBrowser(""): Browser is opened with url: ''

06-01-2025T10:28:32 - [MESSAGE][INFO] - Starting 'Chrome' driver

06-01-2025T10:28:32 - [MESSAGE][INFO] - Action delay is set to 0 milliseconds

06-01-2025T10:28:33 - [MESSAGE][PASSED] - Browser is opened with url: ''

06-01-2025T10:28:33 - [TEST_STEP][PASSED] - navigateToUrl("https://sit.siprusedu.com/login"): Navigate to 'https://sit.siprusedu.com/login' successfully

06-01-2025T10:28:37 - [MESSAGE][PASSED] - Navigate to 'https://sit.siprusedu.com/login' successfully

06-01-2025T10:28:37 - [TEST_STEP][PASSED] - click(findTestObject("Master Data/Admin Sekolah/Login/Field Email")): Object: 'Object Repository/Master Data/Admin Sekolah/Login/Field Email' is clicked on

06-01-2025T10:28:39 - [MESSAGE][PASSED] - Object: 'Object Repository/Master Data/Admin Sekolah/Login/Field Email' is clicked on

06-01-2025T10:28:39 - [TEST_STEP][PASSED] - setText(findTestObject("Master Data/Admin Sekolah/Login/Field Email"), "admin.gudangsolusi@digiform.co.id"): Text 'admin.gudangsolusi@digiform.co.id' is set on object 'Object Repository/Master Data/Admin Sekolah/Login/Field Email'

06-01-2025T10:28:39 - [MESSAGE][PASSED] - Text 'admin.gudangsolusi@digiform.co.id' is set on object 'Object Repository/Master Data/Admin Sekolah/Login/Field Email'

06-01-2025T10:28:39 - [TEST_STEP][PASSED] - click(findTestObject("Master Data/Admin Sekolah/Login/Input Password")): Object: 'Object Repository/Master Data/Admin Sekolah/Login/Input Password' is clicked on

06-01-2025T10:28:40 - [MESSAGE][PASSED] - Object: 'Object Repository/Master Data/Admin Sekolah/Login/Input Password' is clicked on

06-01-2025T10:28:40 - [TEST_STEP][PASSED] - setText(findTestObject("Master Data/Admin Sekolah/Login/Input Password"), "Test1234"): Text 'Test1234' is set on object 'Object Repository/Master Data/Admin Sekolah/Login/Input Password'

06-01-2025T10:28:40 - [MESSAGE][PASSED] - Text 'Test1234' is set on object 'Object Repository/Master Data/Admin Sekolah/Login/Input Password'

06-01-2025T10:28:40 - [TEST_STEP][PASSED] - click(findTestObject("Master Data/Admin Sekolah/Login/Button Submit")): Object: 'Object Repository/Master Data/Admin Sekolah/Login/Button Submit' is clicked on

06-01-2025T10:28:40 - [MESSAGE][PASSED] - Object: 'Object Repository/Master Data/Admin Sekolah/Login/Button Submit' is clicked on

06-01-2025T10:28:40 - [TEST_STEP][PASSED] - delay(1): Delayed 1 second(s)

06-01-2025T10:28:41 - [MESSAGE][PASSED] - Delayed 1 second(s)

06-01-2025T10:28:41 - [TEST_STEP][PASSED] - click(findTestObject("Master Data/Admin Sekolah/Master Data Menu")): Object: 'Object Repository/Master Data/Admin Sekolah/Master Data Menu' is clicked on

06-01-2025T10:28:42 - [MESSAGE][PASSED] - Object: 'Object Repository/Master Data/Admin Sekolah/Master Data Menu' is clicked on

06-01-2025T10:28:42 - [TEST_STEP][PASSED] - delay(1): Delayed 1 second(s)

06-01-2025T10:28:43 - [MESSAGE][PASSED] - Delayed 1 second(s)

06-01-2025T10:28:43 - [TEST_STEP][PASSED] - click(findTestObject("Master Data/Admin Sekolah/Sumbangan/Klik Submenu Sumbangan")): Object: 'Object Repository/Master Data/Admin Sekolah/Sumbangan/Klik Submenu Sumbangan' is clicked on

06-01-2025T10:28:43 - [MESSAGE][PASSED] - Object: 'Object Repository/Master Data/Admin Sekolah/Sumbangan/Klik Submenu Sumbangan' is clicked on

06-01-2025T10:28:43 - [TEST_STEP][PASSED] - delay(1): Delayed 1 second(s)

06-01-2025T10:28:44 - [MESSAGE][PASSED] - Delayed 1 second(s)

06-01-2025T10:28:44 - [TEST_STEP][PASSED] - click(findTestObject("Master Data/Admin Sekolah/Sumbangan/Delete Sumbangan/Delete")): Object: 'Object Repository/Master Data/Admin Sekolah/Sumbangan/Delete Sumbangan/Delete' is clicked on

06-01-2025T10:28:46 - [MESSAGE][PASSED] - Object: 'Object Repository/Master Data/Admin Sekolah/Sumbangan/Delete Sumbangan/Delete' is clicked on

06-01-2025T10:28:46 - [TEST_STEP][PASSED] - delay(1): Delayed 1 second(s)

06-01-2025T10:28:47 - [MESSAGE][PASSED] - Delayed 1 second(s)

06-01-2025T10:28:47 - [TEST_STEP][PASSED] - click(findTestObject("Master Data/Admin Sekolah/Sumbangan/Delete Sumbangan/Pop Up Message")): Object: 'Object Repository/Master Data/Admin Sekolah/Sumbangan/Delete Sumbangan/Pop Up Message' is clicked on

06-01-2025T10:28:48 - [MESSAGE][PASSED] - Object: 'Object Repository/Master Data/Admin Sekolah/Sumbangan/Delete Sumbangan/Pop Up Message' is clicked on

06-01-2025T10:28:48 - [TEST_STEP][PASSED] - closeBrowser(): Browser is closed

06-01-2025T10:28:48 - [MESSAGE][PASSED] - Browser is closed

06-01-2025T10:28:48 - [MESSAGE][PASSED] - Call Test Case 'Test Cases/Master Data/Admin Sekolah/Master Data Sumbangan/Delete Sumbangan' successfully

06-01-2025T10:28:48 - [TEST_STEP][PASSED] - println("============================= Loop Again ==============================="): null

06-01-2025T10:28:48 - [TEST_STEP][PASSED] - callTestCase(findTestCase("Test Cases/Master Data/Admin Sekolah/Master Data Sumbangan/Tambah Sumbangan"), [:], CONTINUE_ON_FAILURE): Call Test Case 'Test Cases/Master Data/Admin Sekolah/Master Data Sumbangan/Tambah Sumbangan' successfully

06-01-2025T10:28:48 - [TEST_CASE][PASSED] - Test Cases/Master Data/Admin Sekolah/Master Data Sumbangan/Tambah Sumbangan: Test Cases/Master Data/Admin Sekolah/Master Data Sumbangan/Tambah Sumbangan

06-01-2025T10:28:48 - [TEST_STEP][PASSED] - openBrowser(""): Browser is opened with url: ''

06-01-2025T10:28:48 - [MESSAGE][INFO] - Starting 'Chrome' driver

06-01-2025T10:28:48 - [MESSAGE][INFO] - Action delay is set to 0 milliseconds

06-01-2025T10:28:49 - [MESSAGE][PASSED] - Browser is opened with url: ''

06-01-2025T10:28:49 - [TEST_STEP][PASSED] - navigateToUrl("https://sit.siprusedu.com/login"): Navigate to 'https://sit.siprusedu.com/login' successfully

06-01-2025T10:28:52 - [MESSAGE][PASSED] - Navigate to 'https://sit.siprusedu.com/login' successfully

06-01-2025T10:28:52 - [TEST_STEP][PASSED] - click(findTestObject("Master Data/Admin Sekolah/Login/Field Email")): Object: 'Object Repository/Master Data/Admin Sekolah/Login/Field Email' is clicked on

06-01-2025T10:28:53 - [MESSAGE][PASSED] - Object: 'Object Repository/Master Data/Admin Sekolah/Login/Field Email' is clicked on

06-01-2025T10:28:53 - [TEST_STEP][PASSED] - setText(findTestObject("Master Data/Admin Sekolah/Login/Field Email"), "admin.gudangsolusi@digiform.co.id"): Text 'admin.gudangsolusi@digiform.co.id' is set on object 'Object Repository/Master Data/Admin Sekolah/Login/Field Email'

06-01-2025T10:28:54 - [MESSAGE][PASSED] - Text 'admin.gudangsolusi@digiform.co.id' is set on object 'Object Repository/Master Data/Admin Sekolah/Login/Field Email'

06-01-2025T10:28:54 - [TEST_STEP][PASSED] - click(findTestObject("Master Data/Admin Sekolah/Login/Input Password")): Object: 'Object Repository/Master Data/Admin Sekolah/Login/Input Password' is clicked on

06-01-2025T10:28:54 - [MESSAGE][PASSED] - Object: 'Object Repository/Master Data/Admin Sekolah/Login/Input Password' is clicked on

06-01-2025T10:28:54 - [TEST_STEP][PASSED] - setText(findTestObject("Master Data/Admin Sekolah/Login/Input Password"), "Test1234"): Text 'Test1234' is set on object 'Object Repository/Master Data/Admin Sekolah/Login/Input Password'

06-01-2025T10:28:55 - [MESSAGE][PASSED] - Text 'Test1234' is set on object 'Object Repository/Master Data/Admin Sekolah/Login/Input Password'

06-01-2025T10:28:55 - [TEST_STEP][PASSED] - click(findTestObject("Master Data/Admin Sekolah/Login/Button Submit")): Object: 'Object Repository/Master Data/Admin Sekolah/Login/Button Submit' is clicked on

06-01-2025T10:28:55 - [MESSAGE][PASSED] - Object: 'Object Repository/Master Data/Admin Sekolah/Login/Button Submit' is clicked on

06-01-2025T10:28:55 - [TEST_STEP][PASSED] - delay(1): Delayed 1 second(s)

06-01-2025T10:28:56 - [MESSAGE][PASSED] - Delayed 1 second(s)

06-01-2025T10:28:56 - [TEST_STEP][PASSED] - click(findTestObject("Master Data/Admin Sekolah/Master Data Menu")): Object: 'Object Repository/Master Data/Admin Sekolah/Master Data Menu' is clicked on

06-01-2025T10:29:02 - [MESSAGE][PASSED] - Object: 'Object Repository/Master Data/Admin Sekolah/Master Data Menu' is clicked on

06-01-2025T10:29:02 - [TEST_STEP][PASSED] - delay(1): Delayed 1 second(s)

06-01-2025T10:29:03 - [MESSAGE][PASSED] - Delayed 1 second(s)

06-01-2025T10:29:03 - [TEST_STEP][PASSED] - click(findTestObject("Master Data/Admin Sekolah/Sumbangan/Klik Submenu Sumbangan")): Object: 'Object Repository/Master Data/Admin Sekolah/Sumbangan/Klik Submenu Sumbangan' is clicked on

06-01-2025T10:29:04 - [MESSAGE][PASSED] - Object: 'Object Repository/Master Data/Admin Sekolah/Sumbangan/Klik Submenu Sumbangan' is clicked on

06-01-2025T10:29:04 - [TEST_STEP][PASSED] - delay(1): Delayed 1 second(s)

06-01-2025T10:29:05 - [MESSAGE][PASSED] - Delayed 1 second(s)

06-01-2025T10:29:05 - [TEST_STEP][PASSED] - click(findTestObject("Master Data/Admin Sekolah/Sumbangan/Tambah Sumbangan/Klik Tombol Tambah")): Object: 'Object Repository/Master Data/Admin Sekolah/Sumbangan/Tambah Sumbangan/Klik Tombol Tambah' is clicked on

06-01-2025T10:29:06 - [MESSAGE][PASSED] - Object: 'Object Repository/Master Data/Admin Sekolah/Sumbangan/Tambah Sumbangan/Klik Tombol Tambah' is clicked on

06-01-2025T10:29:06 - [TEST_STEP][PASSED] - delay(1): Delayed 1 second(s)

06-01-2025T10:29:07 - [MESSAGE][PASSED] - Delayed 1 second(s)

06-01-2025T10:29:07 - [TEST_STEP][PASSED] - click(findTestObject("Master Data/Admin Sekolah/Sumbangan/Tambah Sumbangan/Field Nama Sumbangan")): Object: 'Object Repository/Master Data/Admin Sekolah/Sumbangan/Tambah Sumbangan/Field Nama Sumbangan' is clicked on

06-01-2025T10:29:07 - [MESSAGE][PASSED] - Object: 'Object Repository/Master Data/Admin Sekolah/Sumbangan/Tambah Sumbangan/Field Nama Sumbangan' is clicked on

06-01-2025T10:29:07 - [TEST_STEP][PASSED] - namaSumbangan = ["Sumbangan Paralympics", "Sumbangan Mata Sharingan Untuk Agus", "Sumbangan Orang Meninggal", "Sumbangan Guru"]: null

06-01-2025T10:29:07 - [TEST_STEP][PASSED] - randomSumbangan = namaSumbangan[Random().nextInt(length)]: null

06-01-2025T10:29:07 - [TEST_STEP][PASSED] - setText(findTestObject("Master Data/Admin Sekolah/Sumbangan/Tambah Sumbangan/Field Nama Sumbangan"), randomSumbangan): Text 'Sumbangan Paralympics' is set on object 'Object Repository/Master Data/Admin Sekolah/Sumbangan/Tambah Sumbangan/Field Nama Sumbangan'

06-01-2025T10:29:07 - [MESSAGE][PASSED] - Text 'Sumbangan Paralympics' is set on object 'Object Repository/Master Data/Admin Sekolah/Sumbangan/Tambah Sumbangan/Field Nama Sumbangan'

06-01-2025T10:29:07 - [TEST_STEP][PASSED] - click(findTestObject("Master Data/Admin Sekolah/Sumbangan/Tambah Sumbangan/Field Rekening/Dropdown Rekening")): Object: 'Object Repository/Master Data/Admin Sekolah/Sumbangan/Tambah Sumbangan/Field Rekening/Dropdown Rekening' is clicked on

06-01-2025T10:29:08 - [MESSAGE][PASSED] - Object: 'Object Repository/Master Data/Admin Sekolah/Sumbangan/Tambah Sumbangan/Field Rekening/Dropdown Rekening' is clicked on

06-01-2025T10:29:08 - [TEST_STEP][PASSED] - delay(1): Delayed 1 second(s)

06-01-2025T10:29:09 - [MESSAGE][PASSED] - Delayed 1 second(s)

06-01-2025T10:29:09 - [TEST_STEP][PASSED] - click(findTestObject("Master Data/Admin Sekolah/Sumbangan/Tambah Sumbangan/Field Rekening/Field Cari Rekening")): Object: 'Object Repository/Master Data/Admin Sekolah/Sumbangan/Tambah Sumbangan/Field Rekening/Field Cari Rekening' is clicked on

06-01-2025T10:29:09 - [MESSAGE][PASSED] - Object: 'Object Repository/Master Data/Admin Sekolah/Sumbangan/Tambah Sumbangan/Field Rekening/Field Cari Rekening' is clicked on

06-01-2025T10:29:09 - [TEST_STEP][PASSED] - setText(findTestObject("Master Data/Admin Sekolah/Sumbangan/Tambah Sumbangan/Field Rekening/Field Cari Rekening"), "BNI"): Text 'BNI' is set on object 'Object Repository/Master Data/Admin Sekolah/Sumbangan/Tambah Sumbangan/Field Rekening/Field Cari Rekening'

06-01-2025T10:29:10 - [MESSAGE][PASSED] - Text 'BNI' is set on object 'Object Repository/Master Data/Admin Sekolah/Sumbangan/Tambah Sumbangan/Field Rekening/Field Cari Rekening'

06-01-2025T10:29:10 - [TEST_STEP][PASSED] - delay(1): Delayed 1 second(s)

06-01-2025T10:29:11 - [MESSAGE][PASSED] - Delayed 1 second(s)

06-01-2025T10:29:11 - [TEST_STEP][PASSED] - click(findTestObject("Master Data/Admin Sekolah/Sumbangan/Tambah Sumbangan/Field Rekening/Cari Rekening Sumbangan")): Object: 'Object Repository/Master Data/Admin Sekolah/Sumbangan/Tambah Sumbangan/Field Rekening/Cari Rekening Sumbangan' is clicked on

06-01-2025T10:29:11 - [MESSAGE][PASSED] - Object: 'Object Repository/Master Data/Admin Sekolah/Sumbangan/Tambah Sumbangan/Field Rekening/Cari Rekening Sumbangan' is clicked on

06-01-2025T10:29:11 - [TEST_STEP][PASSED] - delay(1): Delayed 1 second(s)

06-01-2025T10:29:12 - [MESSAGE][PASSED] - Delayed 1 second(s)

06-01-2025T10:29:12 - [TEST_STEP][PASSED] - click(findTestObject("Master Data/Admin Sekolah/Sumbangan/Tambah Sumbangan/Dropdown Unit")): Object: 'Object Repository/Master Data/Admin Sekolah/Sumbangan/Tambah Sumbangan/Dropdown Unit' is clicked on

06-01-2025T10:29:12 - [MESSAGE][PASSED] - Object: 'Object Repository/Master Data/Admin Sekolah/Sumbangan/Tambah Sumbangan/Dropdown Unit' is clicked on

06-01-2025T10:29:12 - [TEST_STEP][PASSED] - delay(1): Delayed 1 second(s)

06-01-2025T10:29:13 - [MESSAGE][PASSED] - Delayed 1 second(s)

06-01-2025T10:29:13 - [TEST_STEP][PASSED] - click(findTestObject("Master Data/Admin Sekolah/Sumbangan/Tambah Sumbangan/Pilih Unit")): Object: 'Object Repository/Master Data/Admin Sekolah/Sumbangan/Tambah Sumbangan/Pilih Unit' is clicked on

06-01-2025T10:29:13 - [MESSAGE][PASSED] - Object: 'Object Repository/Master Data/Admin Sekolah/Sumbangan/Tambah Sumbangan/Pilih Unit' is clicked on

06-01-2025T10:29:13 - [TEST_STEP][PASSED] - delay(1): Delayed 1 second(s)

06-01-2025T10:29:14 - [MESSAGE][PASSED] - Delayed 1 second(s)

06-01-2025T10:29:14 - [TEST_STEP][PASSED] - click(findTestObject("Master Data/Admin Sekolah/Sumbangan/Tambah Sumbangan/Tombol Tambahkan")): Object: 'Object Repository/Master Data/Admin Sekolah/Sumbangan/Tambah Sumbangan/Tombol Tambahkan' is clicked on

06-01-2025T10:29:15 - [MESSAGE][PASSED] - Object: 'Object Repository/Master Data/Admin Sekolah/Sumbangan/Tambah Sumbangan/Tombol Tambahkan' is clicked on

06-01-2025T10:29:15 - [TEST_STEP][PASSED] - closeBrowser(): Browser is closed

06-01-2025T10:29:15 - [MESSAGE][PASSED] - Browser is closed

06-01-2025T10:29:15 - [MESSAGE][PASSED] - Call Test Case 'Test Cases/Master Data/Admin Sekolah/Master Data Sumbangan/Tambah Sumbangan' successfully

06-01-2025T10:29:15 - [TEST_STEP][PASSED] - callTestCase(findTestCase("Test Cases/Master Data/Admin Sekolah/Master Data Sumbangan/Delete Sumbangan"), [:], CONTINUE_ON_FAILURE): Call Test Case 'Test Cases/Master Data/Admin Sekolah/Master Data Sumbangan/Delete Sumbangan' successfully

06-01-2025T10:29:15 - [TEST_CASE][PASSED] - Test Cases/Master Data/Admin Sekolah/Master Data Sumbangan/Delete Sumbangan: Test Cases/Master Data/Admin Sekolah/Master Data Sumbangan/Delete Sumbangan

06-01-2025T10:29:15 - [TEST_STEP][PASSED] - openBrowser(""): Browser is opened with url: ''

06-01-2025T10:29:15 - [MESSAGE][INFO] - Starting 'Chrome' driver

06-01-2025T10:29:15 - [MESSAGE][INFO] - Action delay is set to 0 milliseconds

06-01-2025T10:29:16 - [MESSAGE][PASSED] - Browser is opened with url: ''

06-01-2025T10:29:16 - [TEST_STEP][PASSED] - navigateToUrl("https://sit.siprusedu.com/login"): Navigate to 'https://sit.siprusedu.com/login' successfully

06-01-2025T10:29:16 - [MESSAGE][PASSED] - Navigate to 'https://sit.siprusedu.com/login' successfully

06-01-2025T10:29:16 - [TEST_STEP][PASSED] - click(findTestObject("Master Data/Admin Sekolah/Login/Field Email")): Object: 'Object Repository/Master Data/Admin Sekolah/Login/Field Email' is clicked on

06-01-2025T10:29:18 - [MESSAGE][PASSED] - Object: 'Object Repository/Master Data/Admin Sekolah/Login/Field Email' is clicked on

06-01-2025T10:29:18 - [TEST_STEP][PASSED] - setText(findTestObject("Master Data/Admin Sekolah/Login/Field Email"), "admin.gudangsolusi@digiform.co.id"): Text 'admin.gudangsolusi@digiform.co.id' is set on object 'Object Repository/Master Data/Admin Sekolah/Login/Field Email'

06-01-2025T10:29:18 - [MESSAGE][PASSED] - Text 'admin.gudangsolusi@digiform.co.id' is set on object 'Object Repository/Master Data/Admin Sekolah/Login/Field Email'

06-01-2025T10:29:18 - [TEST_STEP][PASSED] - click(findTestObject("Master Data/Admin Sekolah/Login/Input Password")): Object: 'Object Repository/Master Data/Admin Sekolah/Login/Input Password' is clicked on

06-01-2025T10:29:19 - [MESSAGE][PASSED] - Object: 'Object Repository/Master Data/Admin Sekolah/Login/Input Password' is clicked on

06-01-2025T10:29:19 - [TEST_STEP][PASSED] - setText(findTestObject("Master Data/Admin Sekolah/Login/Input Password"), "Test1234"): Text 'Test1234' is set on object 'Object Repository/Master Data/Admin Sekolah/Login/Input Password'

06-01-2025T10:29:19 - [MESSAGE][PASSED] - Text 'Test1234' is set on object 'Object Repository/Master Data/Admin Sekolah/Login/Input Password'

06-01-2025T10:29:19 - [TEST_STEP][PASSED] - click(findTestObject("Master Data/Admin Sekolah/Login/Button Submit")): Object: 'Object Repository/Master Data/Admin Sekolah/Login/Button Submit' is clicked on

06-01-2025T10:29:20 - [MESSAGE][PASSED] - Object: 'Object Repository/Master Data/Admin Sekolah/Login/Button Submit' is clicked on

06-01-2025T10:29:20 - [TEST_STEP][PASSED] - delay(1): Delayed 1 second(s)

06-01-2025T10:29:21 - [MESSAGE][PASSED] - Delayed 1 second(s)

06-01-2025T10:29:21 - [TEST_STEP][PASSED] - click(findTestObject("Master Data/Admin Sekolah/Master Data Menu")): Object: 'Object Repository/Master Data/Admin Sekolah/Master Data Menu' is clicked on

06-01-2025T10:29:26 - [MESSAGE][PASSED] - Object: 'Object Repository/Master Data/Admin Sekolah/Master Data Menu' is clicked on

06-01-2025T10:29:26 - [TEST_STEP][PASSED] - delay(1): Delayed 1 second(s)

06-01-2025T10:29:27 - [MESSAGE][PASSED] - Delayed 1 second(s)

06-01-2025T10:29:27 - [TEST_STEP][PASSED] - click(findTestObject("Master Data/Admin Sekolah/Sumbangan/Klik Submenu Sumbangan")): Object: 'Object Repository/Master Data/Admin Sekolah/Sumbangan/Klik Submenu Sumbangan' is clicked on

06-01-2025T10:29:29 - [MESSAGE][PASSED] - Object: 'Object Repository/Master Data/Admin Sekolah/Sumbangan/Klik Submenu Sumbangan' is clicked on

06-01-2025T10:29:29 - [TEST_STEP][PASSED] - delay(1): Delayed 1 second(s)

06-01-2025T10:29:30 - [MESSAGE][PASSED] - Delayed 1 second(s)

06-01-2025T10:29:30 - [TEST_STEP][PASSED] - click(findTestObject("Master Data/Admin Sekolah/Sumbangan/Delete Sumbangan/Delete")): Object: 'Object Repository/Master Data/Admin Sekolah/Sumbangan/Delete Sumbangan/Delete' is clicked on

06-01-2025T10:29:31 - [MESSAGE][PASSED] - Object: 'Object Repository/Master Data/Admin Sekolah/Sumbangan/Delete Sumbangan/Delete' is clicked on

06-01-2025T10:29:31 - [TEST_STEP][PASSED] - delay(1): Delayed 1 second(s)

06-01-2025T10:29:32 - [MESSAGE][PASSED] - Delayed 1 second(s)

06-01-2025T10:29:32 - [TEST_STEP][PASSED] - click(findTestObject("Master Data/Admin Sekolah/Sumbangan/Delete Sumbangan/Pop Up Message")): Object: 'Object Repository/Master Data/Admin Sekolah/Sumbangan/Delete Sumbangan/Pop Up Message' is clicked on

06-01-2025T10:29:33 - [MESSAGE][PASSED] - Object: 'Object Repository/Master Data/Admin Sekolah/Sumbangan/Delete Sumbangan/Pop Up Message' is clicked on

06-01-2025T10:29:33 - [TEST_STEP][PASSED] - closeBrowser(): Browser is closed

06-01-2025T10:29:33 - [MESSAGE][PASSED] - Browser is closed

06-01-2025T10:29:33 - [MESSAGE][PASSED] - Call Test Case 'Test Cases/Master Data/Admin Sekolah/Master Data Sumbangan/Delete Sumbangan' successfully

06-01-2025T10:29:33 - [TEST_STEP][PASSED] - println("============================= Loop Again ==============================="): null

06-01-2025T10:29:33 - [TEST_STEP][PASSED] - callTestCase(findTestCase("Test Cases/Master Data/Admin Sekolah/Master Data Sumbangan/Tambah Sumbangan"), [:], CONTINUE_ON_FAILURE): Call Test Case 'Test Cases/Master Data/Admin Sekolah/Master Data Sumbangan/Tambah Sumbangan' successfully

06-01-2025T10:29:33 - [TEST_CASE][PASSED] - Test Cases/Master Data/Admin Sekolah/Master Data Sumbangan/Tambah Sumbangan: Test Cases/Master Data/Admin Sekolah/Master Data Sumbangan/Tambah Sumbangan

06-01-2025T10:29:33 - [TEST_STEP][PASSED] - openBrowser(""): Browser is opened with url: ''

06-01-2025T10:29:33 - [MESSAGE][INFO] - Starting 'Chrome' driver

06-01-2025T10:29:33 - [MESSAGE][INFO] - Action delay is set to 0 milliseconds

06-01-2025T10:29:34 - [MESSAGE][PASSED] - Browser is opened with url: ''

06-01-2025T10:29:34 - [TEST_STEP][PASSED] - navigateToUrl("https://sit.siprusedu.com/login"): Navigate to 'https://sit.siprusedu.com/login' successfully

06-01-2025T10:29:34 - [MESSAGE][PASSED] - Navigate to 'https://sit.siprusedu.com/login' successfully

06-01-2025T10:29:34 - [TEST_STEP][PASSED] - click(findTestObject("Master Data/Admin Sekolah/Login/Field Email")): Object: 'Object Repository/Master Data/Admin Sekolah/Login/Field Email' is clicked on

06-01-2025T10:29:35 - [MESSAGE][PASSED] - Object: 'Object Repository/Master Data/Admin Sekolah/Login/Field Email' is clicked on

06-01-2025T10:29:35 - [TEST_STEP][PASSED] - setText(findTestObject("Master Data/Admin Sekolah/Login/Field Email"), "admin.gudangsolusi@digiform.co.id"): Text 'admin.gudangsolusi@digiform.co.id' is set on object 'Object Repository/Master Data/Admin Sekolah/Login/Field Email'

06-01-2025T10:29:36 - [MESSAGE][PASSED] - Text 'admin.gudangsolusi@digiform.co.id' is set on object 'Object Repository/Master Data/Admin Sekolah/Login/Field Email'

06-01-2025T10:29:36 - [TEST_STEP][PASSED] - click(findTestObject("Master Data/Admin Sekolah/Login/Input Password")): Object: 'Object Repository/Master Data/Admin Sekolah/Login/Input Password' is clicked on

06-01-2025T10:29:36 - [MESSAGE][PASSED] - Object: 'Object Repository/Master Data/Admin Sekolah/Login/Input Password' is clicked on

06-01-2025T10:29:36 - [TEST_STEP][PASSED] - setText(findTestObject("Master Data/Admin Sekolah/Login/Input Password"), "Test1234"): Text 'Test1234' is set on object 'Object Repository/Master Data/Admin Sekolah/Login/Input Password'

06-01-2025T10:29:37 - [MESSAGE][PASSED] - Text 'Test1234' is set on object 'Object Repository/Master Data/Admin Sekolah/Login/Input Password'

06-01-2025T10:29:37 - [TEST_STEP][PASSED] - click(findTestObject("Master Data/Admin Sekolah/Login/Button Submit")): Object: 'Object Repository/Master Data/Admin Sekolah/Login/Button Submit' is clicked on

06-01-2025T10:29:37 - [MESSAGE][PASSED] - Object: 'Object Repository/Master Data/Admin Sekolah/Login/Button Submit' is clicked on

06-01-2025T10:29:37 - [TEST_STEP][PASSED] - delay(1): Delayed 1 second(s)

06-01-2025T10:29:38 - [MESSAGE][PASSED] - Delayed 1 second(s)

06-01-2025T10:29:38 - [TEST_STEP][PASSED] - click(findTestObject("Master Data/Admin Sekolah/Master Data Menu")): Object: 'Object Repository/Master Data/Admin Sekolah/Master Data Menu' is clicked on

06-01-2025T10:29:38 - [MESSAGE][PASSED] - Object: 'Object Repository/Master Data/Admin Sekolah/Master Data Menu' is clicked on

06-01-2025T10:29:38 - [TEST_STEP][PASSED] - delay(1): Delayed 1 second(s)

06-01-2025T10:29:40 - [MESSAGE][PASSED] - Delayed 1 second(s)

06-01-2025T10:29:40 - [TEST_STEP][PASSED] - click(findTestObject("Master Data/Admin Sekolah/Sumbangan/Klik Submenu Sumbangan")): Object: 'Object Repository/Master Data/Admin Sekolah/Sumbangan/Klik Submenu Sumbangan' is clicked on

06-01-2025T10:29:40 - [MESSAGE][PASSED] - Object: 'Object Repository/Master Data/Admin Sekolah/Sumbangan/Klik Submenu Sumbangan' is clicked on

06-01-2025T10:29:40 - [TEST_STEP][PASSED] - delay(1): Delayed 1 second(s)

06-01-2025T10:29:41 - [MESSAGE][PASSED] - Delayed 1 second(s)

06-01-2025T10:29:41 - [TEST_STEP][PASSED] - click(findTestObject("Master Data/Admin Sekolah/Sumbangan/Tambah Sumbangan/Klik Tombol Tambah")): Object: 'Object Repository/Master Data/Admin Sekolah/Sumbangan/Tambah Sumbangan/Klik Tombol Tambah' is clicked on

06-01-2025T10:29:41 - [MESSAGE][PASSED] - Object: 'Object Repository/Master Data/Admin Sekolah/Sumbangan/Tambah Sumbangan/Klik Tombol Tambah' is clicked on

06-01-2025T10:29:41 - [TEST_STEP][PASSED] - delay(1): Delayed 1 second(s)

06-01-2025T10:29:42 - [MESSAGE][PASSED] - Delayed 1 second(s)

06-01-2025T10:29:42 - [TEST_STEP][PASSED] - click(findTestObject("Master Data/Admin Sekolah/Sumbangan/Tambah Sumbangan/Field Nama Sumbangan")): Object: 'Object Repository/Master Data/Admin Sekolah/Sumbangan/Tambah Sumbangan/Field Nama Sumbangan' is clicked on

06-01-2025T10:29:42 - [MESSAGE][PASSED] - Object: 'Object Repository/Master Data/Admin Sekolah/Sumbangan/Tambah Sumbangan/Field Nama Sumbangan' is clicked on

06-01-2025T10:29:42 - [TEST_STEP][PASSED] - namaSumbangan = ["Sumbangan Paralympics", "Sumbangan Mata Sharingan Untuk Agus", "Sumbangan Orang Meninggal", "Sumbangan Guru"]: null

06-01-2025T10:29:42 - [TEST_STEP][PASSED] - randomSumbangan = namaSumbangan[Random().nextInt(length)]: null

06-01-2025T10:29:42 - [TEST_STEP][PASSED] - setText(findTestObject("Master Data/Admin Sekolah/Sumbangan/Tambah Sumbangan/Field Nama Sumbangan"), randomSumbangan): Text 'Sumbangan Orang Meninggal' is set on object 'Object Repository/Master Data/Admin Sekolah/Sumbangan/Tambah Sumbangan/Field Nama Sumbangan'

06-01-2025T10:29:43 - [MESSAGE][PASSED] - Text 'Sumbangan Orang Meninggal' is set on object 'Object Repository/Master Data/Admin Sekolah/Sumbangan/Tambah Sumbangan/Field Nama Sumbangan'

06-01-2025T10:29:43 - [TEST_STEP][PASSED] - click(findTestObject("Master Data/Admin Sekolah/Sumbangan/Tambah Sumbangan/Field Rekening/Dropdown Rekening")): Object: 'Object Repository/Master Data/Admin Sekolah/Sumbangan/Tambah Sumbangan/Field Rekening/Dropdown Rekening' is clicked on

06-01-2025T10:29:43 - [MESSAGE][PASSED] - Object: 'Object Repository/Master Data/Admin Sekolah/Sumbangan/Tambah Sumbangan/Field Rekening/Dropdown Rekening' is clicked on

06-01-2025T10:29:43 - [TEST_STEP][PASSED] - delay(1): Delayed 1 second(s)

06-01-2025T10:29:44 - [MESSAGE][PASSED] - Delayed 1 second(s)

06-01-2025T10:29:44 - [TEST_STEP][PASSED] - click(findTestObject("Master Data/Admin Sekolah/Sumbangan/Tambah Sumbangan/Field Rekening/Field Cari Rekening")): Object: 'Object Repository/Master Data/Admin Sekolah/Sumbangan/Tambah Sumbangan/Field Rekening/Field Cari Rekening' is clicked on

06-01-2025T10:29:44 - [MESSAGE][PASSED] - Object: 'Object Repository/Master Data/Admin Sekolah/Sumbangan/Tambah Sumbangan/Field Rekening/Field Cari Rekening' is clicked on

06-01-2025T10:29:44 - [TEST_STEP][PASSED] - setText(findTestObject("Master Data/Admin Sekolah/Sumbangan/Tambah Sumbangan/Field Rekening/Field Cari Rekening"), "BNI"): Text 'BNI' is set on object 'Object Repository/Master Data/Admin Sekolah/Sumbangan/Tambah Sumbangan/Field Rekening/Field Cari Rekening'

06-01-2025T10:29:45 - [MESSAGE][PASSED] - Text 'BNI' is set on object 'Object Repository/Master Data/Admin Sekolah/Sumbangan/Tambah Sumbangan/Field Rekening/Field Cari Rekening'

06-01-2025T10:29:45 - [TEST_STEP][PASSED] - delay(1): Delayed 1 second(s)

06-01-2025T10:29:46 - [MESSAGE][PASSED] - Delayed 1 second(s)

06-01-2025T10:29:46 - [TEST_STEP][PASSED] - click(findTestObject("Master Data/Admin Sekolah/Sumbangan/Tambah Sumbangan/Field Rekening/Cari Rekening Sumbangan")): Object: 'Object Repository/Master Data/Admin Sekolah/Sumbangan/Tambah Sumbangan/Field Rekening/Cari Rekening Sumbangan' is clicked on

06-01-2025T10:29:46 - [MESSAGE][PASSED] - Object: 'Object Repository/Master Data/Admin Sekolah/Sumbangan/Tambah Sumbangan/Field Rekening/Cari Rekening Sumbangan' is clicked on

06-01-2025T10:29:46 - [TEST_STEP][PASSED] - delay(1): Delayed 1 second(s)

06-01-2025T10:29:47 - [MESSAGE][PASSED] - Delayed 1 second(s)

06-01-2025T10:29:47 - [TEST_STEP][PASSED] - click(findTestObject("Master Data/Admin Sekolah/Sumbangan/Tambah Sumbangan/Dropdown Unit")): Object: 'Object Repository/Master Data/Admin Sekolah/Sumbangan/Tambah Sumbangan/Dropdown Unit' is clicked on

06-01-2025T10:29:48 - [MESSAGE][PASSED] - Object: 'Object Repository/Master Data/Admin Sekolah/Sumbangan/Tambah Sumbangan/Dropdown Unit' is clicked on

06-01-2025T10:29:48 - [TEST_STEP][PASSED] - delay(1): Delayed 1 second(s)

06-01-2025T10:29:49 - [MESSAGE][PASSED] - Delayed 1 second(s)

06-01-2025T10:29:49 - [TEST_STEP][PASSED] - click(findTestObject("Master Data/Admin Sekolah/Sumbangan/Tambah Sumbangan/Pilih Unit")): Object: 'Object Repository/Master Data/Admin Sekolah/Sumbangan/Tambah Sumbangan/Pilih Unit' is clicked on

06-01-2025T10:29:49 - [MESSAGE][PASSED] - Object: 'Object Repository/Master Data/Admin Sekolah/Sumbangan/Tambah Sumbangan/Pilih Unit' is clicked on

06-01-2025T10:29:49 - [TEST_STEP][PASSED] - delay(1): Delayed 1 second(s)

06-01-2025T10:29:50 - [MESSAGE][PASSED] - Delayed 1 second(s)

06-01-2025T10:29:50 - [TEST_STEP][PASSED] - click(findTestObject("Master Data/Admin Sekolah/Sumbangan/Tambah Sumbangan/Tombol Tambahkan")): Object: 'Object Repository/Master Data/Admin Sekolah/Sumbangan/Tambah Sumbangan/Tombol Tambahkan' is clicked on

06-01-2025T10:29:50 - [MESSAGE][PASSED] - Object: 'Object Repository/Master Data/Admin Sekolah/Sumbangan/Tambah Sumbangan/Tombol Tambahkan' is clicked on

06-01-2025T10:29:50 - [TEST_STEP][PASSED] - closeBrowser(): Browser is closed

06-01-2025T10:29:50 - [MESSAGE][PASSED] - Browser is closed

06-01-2025T10:29:50 - [MESSAGE][PASSED] - Call Test Case 'Test Cases/Master Data/Admin Sekolah/Master Data Sumbangan/Tambah Sumbangan' successfully

06-01-2025T10:29:50 - [TEST_STEP][PASSED] - callTestCase(findTestCase("Test Cases/Master Data/Admin Sekolah/Master Data Sumbangan/Delete Sumbangan"), [:], CONTINUE_ON_FAILURE): Call Test Case 'Test Cases/Master Data/Admin Sekolah/Master Data Sumbangan/Delete Sumbangan' successfully

06-01-2025T10:29:50 - [TEST_CASE][PASSED] - Test Cases/Master Data/Admin Sekolah/Master Data Sumbangan/Delete Sumbangan: Test Cases/Master Data/Admin Sekolah/Master Data Sumbangan/Delete Sumbangan

06-01-2025T10:29:50 - [TEST_STEP][PASSED] - openBrowser(""): Browser is opened with url: ''

06-01-2025T10:29:50 - [MESSAGE][INFO] - Starting 'Chrome' driver

06-01-2025T10:29:50 - [MESSAGE][INFO] - Action delay is set to 0 milliseconds

06-01-2025T10:29:51 - [MESSAGE][PASSED] - Browser is opened with url: ''

06-01-2025T10:29:51 - [TEST_STEP][PASSED] - navigateToUrl("https://sit.siprusedu.com/login"): Navigate to 'https://sit.siprusedu.com/login' successfully

06-01-2025T10:29:52 - [MESSAGE][PASSED] - Navigate to 'https://sit.siprusedu.com/login' successfully

06-01-2025T10:29:52 - [TEST_STEP][PASSED] - click(findTestObject("Master Data/Admin Sekolah/Login/Field Email")): Object: 'Object Repository/Master Data/Admin Sekolah/Login/Field Email' is clicked on

06-01-2025T10:29:54 - [MESSAGE][PASSED] - Object: 'Object Repository/Master Data/Admin Sekolah/Login/Field Email' is clicked on

06-01-2025T10:29:54 - [TEST_STEP][PASSED] - setText(findTestObject("Master Data/Admin Sekolah/Login/Field Email"), "admin.gudangsolusi@digiform.co.id"): Text 'admin.gudangsolusi@digiform.co.id' is set on object 'Object Repository/Master Data/Admin Sekolah/Login/Field Email'

06-01-2025T10:29:54 - [MESSAGE][PASSED] - Text 'admin.gudangsolusi@digiform.co.id' is set on object 'Object Repository/Master Data/Admin Sekolah/Login/Field Email'

06-01-2025T10:29:54 - [TEST_STEP][PASSED] - click(findTestObject("Master Data/Admin Sekolah/Login/Input Password")): Object: 'Object Repository/Master Data/Admin Sekolah/Login/Input Password' is clicked on

06-01-2025T10:29:54 - [MESSAGE][PASSED] - Object: 'Object Repository/Master Data/Admin Sekolah/Login/Input Password' is clicked on

06-01-2025T10:29:54 - [TEST_STEP][PASSED] - setText(findTestObject("Master Data/Admin Sekolah/Login/Input Password"), "Test1234"): Text 'Test1234' is set on object 'Object Repository/Master Data/Admin Sekolah/Login/Input Password'

06-01-2025T10:29:55 - [MESSAGE][PASSED] - Text 'Test1234' is set on object 'Object Repository/Master Data/Admin Sekolah/Login/Input Password'

06-01-2025T10:29:55 - [TEST_STEP][PASSED] - click(findTestObject("Master Data/Admin Sekolah/Login/Button Submit")): Object: 'Object Repository/Master Data/Admin Sekolah/Login/Button Submit' is clicked on

06-01-2025T10:29:55 - [MESSAGE][PASSED] - Object: 'Object Repository/Master Data/Admin Sekolah/Login/Button Submit' is clicked on

06-01-2025T10:29:55 - [TEST_STEP][PASSED] - delay(1): Delayed 1 second(s)

06-01-2025T10:29:56 - [MESSAGE][PASSED] - Delayed 1 second(s)

06-01-2025T10:29:56 - [TEST_STEP][PASSED] - click(findTestObject("Master Data/Admin Sekolah/Master Data Menu")): Object: 'Object Repository/Master Data/Admin Sekolah/Master Data Menu' is clicked on

06-01-2025T10:29:57 - [MESSAGE][PASSED] - Object: 'Object Repository/Master Data/Admin Sekolah/Master Data Menu' is clicked on

06-01-2025T10:29:57 - [TEST_STEP][PASSED] - delay(1): Delayed 1 second(s)

06-01-2025T10:29:58 - [MESSAGE][PASSED] - Delayed 1 second(s)

06-01-2025T10:29:58 - [TEST_STEP][PASSED] - click(findTestObject("Master Data/Admin Sekolah/Sumbangan/Klik Submenu Sumbangan")): Object: 'Object Repository/Master Data/Admin Sekolah/Sumbangan/Klik Submenu Sumbangan' is clicked on

06-01-2025T10:29:58 - [MESSAGE][PASSED] - Object: 'Object Repository/Master Data/Admin Sekolah/Sumbangan/Klik Submenu Sumbangan' is clicked on

06-01-2025T10:29:58 - [TEST_STEP][PASSED] - delay(1): Delayed 1 second(s)

06-01-2025T10:29:59 - [MESSAGE][PASSED] - Delayed 1 second(s)

06-01-2025T10:29:59 - [TEST_STEP][PASSED] - click(findTestObject("Master Data/Admin Sekolah/Sumbangan/Delete Sumbangan/Delete")): Object: 'Object Repository/Master Data/Admin Sekolah/Sumbangan/Delete Sumbangan/Delete' is clicked on

06-01-2025T10:30:01 - [MESSAGE][PASSED] - Object: 'Object Repository/Master Data/Admin Sekolah/Sumbangan/Delete Sumbangan/Delete' is clicked on

06-01-2025T10:30:01 - [TEST_STEP][PASSED] - delay(1): Delayed 1 second(s)

06-01-2025T10:30:02 - [MESSAGE][PASSED] - Delayed 1 second(s)

06-01-2025T10:30:02 - [TEST_STEP][PASSED] - click(findTestObject("Master Data/Admin Sekolah/Sumbangan/Delete Sumbangan/Pop Up Message")): Object: 'Object Repository/Master Data/Admin Sekolah/Sumbangan/Delete Sumbangan/Pop Up Message' is clicked on

06-01-2025T10:30:03 - [MESSAGE][PASSED] - Object: 'Object Repository/Master Data/Admin Sekolah/Sumbangan/Delete Sumbangan/Pop Up Message' is clicked on

06-01-2025T10:30:03 - [TEST_STEP][PASSED] - closeBrowser(): Browser is closed

06-01-2025T10:30:03 - [MESSAGE][PASSED] - Browser is closed

06-01-2025T10:30:03 - [MESSAGE][PASSED] - Call Test Case 'Test Cases/Master Data/Admin Sekolah/Master Data Sumbangan/Delete Sumbangan' successfully

06-01-2025T10:30:03 - [TEST_STEP][PASSED] - println("============================= Loop Again ==============================="): null]]></system-out>
         <system-err><![CDATA[]]></system-err>
      </testcase>
      <testcase name="Test Cases/Regresi Feature/Sprint 3/Regresi User Management" time="300.354" classname="Test Cases/Regresi Feature/Sprint 3/Regresi User Management" status="PASSED">
         <system-out><![CDATA[06-01-2025T10:30:03 - [TEST_CASE][PASSED] - Test Cases/Regresi Feature/Sprint 3/Regresi User Management: Test Cases/Regresi Feature/Sprint 3/Regresi User Management

06-01-2025T10:30:03 - [TEST_STEP][PASSED] - for ([i = 1, i <= maxLoop, (i++)]): null

06-01-2025T10:30:03 - [TEST_STEP][PASSED] - callTestCase(findTestCase("Test Cases/Pengaturan Sistem/User Management/Tambah User Management"), [:], CONTINUE_ON_FAILURE): Call Test Case 'Test Cases/Pengaturan Sistem/User Management/Tambah User Management' successfully

06-01-2025T10:30:03 - [TEST_CASE][PASSED] - Test Cases/Pengaturan Sistem/User Management/Tambah User Management: Test Cases/Pengaturan Sistem/User Management/Tambah User Management

06-01-2025T10:30:03 - [TEST_STEP][PASSED] - openBrowser("", CONTINUE_ON_FAILURE): Browser is opened with url: ''

06-01-2025T10:30:03 - [MESSAGE][INFO] - Starting 'Chrome' driver

06-01-2025T10:30:03 - [MESSAGE][INFO] - Action delay is set to 0 milliseconds

06-01-2025T10:30:04 - [MESSAGE][PASSED] - Browser is opened with url: ''

06-01-2025T10:30:04 - [TEST_STEP][PASSED] - navigateToUrl("https://sit.siprusedu.com/login", CONTINUE_ON_FAILURE): Navigate to 'https://sit.siprusedu.com/login' successfully

06-01-2025T10:30:04 - [MESSAGE][PASSED] - Navigate to 'https://sit.siprusedu.com/login' successfully

06-01-2025T10:30:04 - [TEST_STEP][PASSED] - setText(findTestObject("Master Data/Admin Sekolah/Login/Field Email"), "admin.gudangsolusi@digiform.co.id", CONTINUE_ON_FAILURE): Text 'admin.gudangsolusi@digiform.co.id' is set on object 'Object Repository/Master Data/Admin Sekolah/Login/Field Email'

06-01-2025T10:30:06 - [MESSAGE][PASSED] - Text 'admin.gudangsolusi@digiform.co.id' is set on object 'Object Repository/Master Data/Admin Sekolah/Login/Field Email'

06-01-2025T10:30:06 - [TEST_STEP][PASSED] - setText(findTestObject("Master Data/Admin Sekolah/Login/Input Password"), "Test1234", CONTINUE_ON_FAILURE): Text 'Test1234' is set on object 'Object Repository/Master Data/Admin Sekolah/Login/Input Password'

06-01-2025T10:30:07 - [MESSAGE][PASSED] - Text 'Test1234' is set on object 'Object Repository/Master Data/Admin Sekolah/Login/Input Password'

06-01-2025T10:30:07 - [TEST_STEP][PASSED] - click(findTestObject("Master Data/Admin Sekolah/Login/Button Submit"), CONTINUE_ON_FAILURE): Object: 'Object Repository/Master Data/Admin Sekolah/Login/Button Submit' is clicked on

06-01-2025T10:30:07 - [MESSAGE][PASSED] - Object: 'Object Repository/Master Data/Admin Sekolah/Login/Button Submit' is clicked on

06-01-2025T10:30:07 - [TEST_STEP][PASSED] - click(findTestObject("Pengaturan Sistem/User Managemet/Tambah User Management/Menu User Management"), CONTINUE_ON_FAILURE): Object: 'Object Repository/Pengaturan Sistem/User Managemet/Tambah User Management/Menu User Management' is clicked on

06-01-2025T10:30:09 - [MESSAGE][PASSED] - Object: 'Object Repository/Pengaturan Sistem/User Managemet/Tambah User Management/Menu User Management' is clicked on

06-01-2025T10:30:09 - [TEST_STEP][PASSED] - click(findTestObject("Pengaturan Sistem/User Managemet/Tambah User Management/Button Tambah")): Object: 'Object Repository/Pengaturan Sistem/User Managemet/Tambah User Management/Button Tambah' is clicked on

06-01-2025T10:30:11 - [MESSAGE][PASSED] - Object: 'Object Repository/Pengaturan Sistem/User Managemet/Tambah User Management/Button Tambah' is clicked on

06-01-2025T10:30:11 - [TEST_STEP][PASSED] - click(findTestObject("Pengaturan Sistem/User Managemet/Tambah User Management/Dropdown Role")): Object: 'Object Repository/Pengaturan Sistem/User Managemet/Tambah User Management/Dropdown Role' is clicked on

06-01-2025T10:30:11 - [MESSAGE][PASSED] - Object: 'Object Repository/Pengaturan Sistem/User Managemet/Tambah User Management/Dropdown Role' is clicked on

06-01-2025T10:30:11 - [TEST_STEP][PASSED] - click(findTestObject("Pengaturan Sistem/User Managemet/Tambah User Management/Orang Tua atau Siswa")): Object: 'Object Repository/Pengaturan Sistem/User Managemet/Tambah User Management/Orang Tua atau Siswa' is clicked on

06-01-2025T10:30:12 - [MESSAGE][PASSED] - Object: 'Object Repository/Pengaturan Sistem/User Managemet/Tambah User Management/Orang Tua atau Siswa' is clicked on

06-01-2025T10:30:12 - [TEST_STEP][PASSED] - minDigits = 5: null

06-01-2025T10:30:12 - [TEST_STEP][PASSED] - maxDigits = 5: null

06-01-2025T10:30:12 - [TEST_STEP][PASSED] - randomLength = Math.random() * maxDigits - minDigits + 1 + minDigits: null

06-01-2025T10:30:12 - [TEST_STEP][PASSED] - randomNumber = String.format("%0" + randomLength + "d", Math.random() * Math.pow(10, randomLength)): null

06-01-2025T10:30:12 - [TEST_STEP][PASSED] - click(findTestObject("Pengaturan Sistem/User Managemet/Tambah User Management/Username")): Object: 'Object Repository/Pengaturan Sistem/User Managemet/Tambah User Management/Username' is clicked on

06-01-2025T10:30:12 - [MESSAGE][PASSED] - Object: 'Object Repository/Pengaturan Sistem/User Managemet/Tambah User Management/Username' is clicked on

06-01-2025T10:30:12 - [TEST_STEP][PASSED] - setText(findTestObject("Pengaturan Sistem/User Managemet/Tambah User Management/Username"), randomNumber): Text '21015' is set on object 'Object Repository/Pengaturan Sistem/User Managemet/Tambah User Management/Username'

06-01-2025T10:30:12 - [MESSAGE][PASSED] - Text '21015' is set on object 'Object Repository/Pengaturan Sistem/User Managemet/Tambah User Management/Username'

06-01-2025T10:30:12 - [TEST_STEP][PASSED] - min = 1000000: null

06-01-2025T10:30:12 - [TEST_STEP][PASSED] - max = 15000000: null

06-01-2025T10:30:12 - [TEST_STEP][PASSED] - randomNumber1 = Math.random() * max - min + min: null

06-01-2025T10:30:12 - [TEST_STEP][PASSED] - emailPrefix = "user" + randomNumber1: null

06-01-2025T10:30:12 - [TEST_STEP][PASSED] - emailDomain = "@testmail.com": null

06-01-2025T10:30:12 - [TEST_STEP][PASSED] - randomEmail = emailPrefix + emailDomain: null

06-01-2025T10:30:12 - [TEST_STEP][PASSED] - click(findTestObject("Pengaturan Sistem/User Managemet/Tambah User Management/Email")): Object: 'Object Repository/Pengaturan Sistem/User Managemet/Tambah User Management/Email' is clicked on

06-01-2025T10:30:13 - [MESSAGE][PASSED] - Object: 'Object Repository/Pengaturan Sistem/User Managemet/Tambah User Management/Email' is clicked on

06-01-2025T10:30:13 - [TEST_STEP][PASSED] - setText(findTestObject("Pengaturan Sistem/User Managemet/Tambah User Management/Email"), randomEmail): Text 'user2760105@testmail.com' is set on object 'Object Repository/Pengaturan Sistem/User Managemet/Tambah User Management/Email'

06-01-2025T10:30:13 - [MESSAGE][PASSED] - Text 'user2760105@testmail.com' is set on object 'Object Repository/Pengaturan Sistem/User Managemet/Tambah User Management/Email'

06-01-2025T10:30:13 - [TEST_STEP][PASSED] - click(findTestObject("Pengaturan Sistem/User Managemet/Tambah User Management/Button Simpan")): Object: 'Object Repository/Pengaturan Sistem/User Managemet/Tambah User Management/Button Simpan' is clicked on

06-01-2025T10:30:14 - [MESSAGE][PASSED] - Object: 'Object Repository/Pengaturan Sistem/User Managemet/Tambah User Management/Button Simpan' is clicked on

06-01-2025T10:30:14 - [MESSAGE][PASSED] - Call Test Case 'Test Cases/Pengaturan Sistem/User Management/Tambah User Management' successfully

06-01-2025T10:30:14 - [TEST_STEP][PASSED] - callTestCase(findTestCase("Test Cases/Pengaturan Sistem/User Management/Edit User Management"), [:], OPTIONAL): Unable to call Test Case 'Test Cases/Pengaturan Sistem/User Management/Edit User Management' (Root cause: com.kms.katalon.core.exception.StepFailedException: Call Test Case 'Test Cases/Pengaturan Sistem/User Management/Edit User Management' failed
	at com.kms.katalon.core.keyword.builtin.CallTestCaseKeyword$_callTestCase_closure1.doCall(CallTestCaseKeyword.groovy:63)
	at com.kms.katalon.core.keyword.builtin.CallTestCaseKeyword$_callTestCase_closure1.call(CallTestCaseKeyword.groovy)
	at com.kms.katalon.core.keyword.internal.KeywordMain.runKeyword(KeywordMain.groovy:75)
	at com.kms.katalon.core.keyword.builtin.CallTestCaseKeyword.callTestCase(CallTestCaseKeyword.groovy:81)
	at com.kms.katalon.core.keyword.builtin.CallTestCaseKeyword.execute(CallTestCaseKeyword.groovy:44)
	at com.kms.katalon.core.keyword.internal.KeywordExecutor.executeKeywordForPlatform(KeywordExecutor.groovy:74)
	at com.kms.katalon.core.keyword.BuiltinKeywords.callTestCase(BuiltinKeywords.groovy:310)
	at jdk.internal.reflect.GeneratedMethodAccessor47.invoke(Unknown Source)
	at java.base/jdk.internal.reflect.DelegatingMethodAccessorImpl.invoke(DelegatingMethodAccessorImpl.java:43)
	at Regresi User Management.run(Regresi User Management:24)
	at com.kms.katalon.core.main.ScriptEngine.run(ScriptEngine.java:194)
	at com.kms.katalon.core.main.ScriptEngine.runScriptAsRawText(ScriptEngine.java:119)
	at com.kms.katalon.core.main.TestCaseExecutor.runScript(TestCaseExecutor.java:448)
	at com.kms.katalon.core.main.TestCaseExecutor.doExecute(TestCaseExecutor.java:439)
	at com.kms.katalon.core.main.TestCaseExecutor.processExecutionPhase(TestCaseExecutor.java:418)
	at com.kms.katalon.core.main.TestCaseExecutor.accessMainPhase(TestCaseExecutor.java:410)
	at com.kms.katalon.core.main.TestCaseExecutor.execute(TestCaseExecutor.java:285)
	at com.kms.katalon.core.common.CommonExecutor.accessTestCaseMainPhase(CommonExecutor.java:65)
	at com.kms.katalon.core.main.TestSuiteExecutor.accessTestSuiteMainPhase(TestSuiteExecutor.java:161)
	at com.kms.katalon.core.main.TestSuiteExecutor.execute(TestSuiteExecutor.java:107)
	at com.kms.katalon.core.main.TestCaseMain.startTestSuite(TestCaseMain.java:176)
	at TempTestSuite1736130766400.run(TempTestSuite1736130766400.groovy:35)
	at java.base/jdk.internal.reflect.NativeMethodAccessorImpl.invoke0(Native Method)
	at java.base/jdk.internal.reflect.NativeMethodAccessorImpl.invoke(NativeMethodAccessorImpl.java:77)
	at java.base/jdk.internal.reflect.DelegatingMethodAccessorImpl.invoke(DelegatingMethodAccessorImpl.java:43)
Caused by: com.kms.katalon.core.exception.StepFailedException: Unable to click on object 'Object Repository/Pengaturan Sistem/User Managemet/Tambah User Management/Username'
	at com.kms.katalon.core.webui.keyword.internal.WebUIKeywordMain.stepFailed(WebUIKeywordMain.groovy:117)
	at com.kms.katalon.core.webui.keyword.internal.WebUIKeywordMain.runKeyword(WebUIKeywordMain.groovy:43)
	at com.kms.katalon.core.webui.keyword.builtin.ClickKeyword.click(ClickKeyword.groovy:75)
	at com.kms.katalon.core.webui.keyword.builtin.ClickKeyword.execute(ClickKeyword.groovy:40)
	at com.kms.katalon.core.keyword.internal.KeywordExecutor.executeKeywordForPlatform(KeywordExecutor.groovy:74)
	at com.kms.katalon.core.webui.keyword.WebUiBuiltInKeywords.click(WebUiBuiltInKeywords.groovy:696)
	at Edit User Management.run(Edit User Management:38)
	at com.kms.katalon.core.main.ScriptEngine.run(ScriptEngine.java:194)
	at com.kms.katalon.core.main.ScriptEngine.runScriptAsRawText(ScriptEngine.java:119)
	at com.kms.katalon.core.main.TestCaseExecutor.runScript(TestCaseExecutor.java:448)
	at com.kms.katalon.core.main.TestCaseExecutor.doExecute(TestCaseExecutor.java:439)
	at com.kms.katalon.core.main.TestCaseExecutor.processExecutionPhase(TestCaseExecutor.java:418)
	at com.kms.katalon.core.main.TestCaseExecutor.accessMainPhase(TestCaseExecutor.java:410)
	at com.kms.katalon.core.main.TestCaseExecutor.execute(TestCaseExecutor.java:285)
	at com.kms.katalon.core.main.TestCaseMain.runTestCase(TestCaseMain.java:133)
	at com.kms.katalon.core.keyword.builtin.CallTestCaseKeyword$_callTestCase_closure1.doCall(CallTestCaseKeyword.groovy:59)
	... 24 more
Caused by: com.kms.katalon.core.webui.exception.WebElementNotFoundException: Web element with id: 'Object Repository/Pengaturan Sistem/User Managemet/Tambah User Management/Username' located by '//input[@placeholder='Masukkan username']' not found
	at com.kms.katalon.core.webui.common.WebUiCommonHelper.findWebElement(WebUiCommonHelper.java:1426)
	at com.kms.katalon.core.webui.keyword.internal.WebUIAbstractKeyword.findWebElement(WebUIAbstractKeyword.groovy:27)
	at com.kms.katalon.core.webui.keyword.builtin.ClickKeyword$_click_closure1.doCall(ClickKeyword.groovy:66)
	at com.kms.katalon.core.webui.keyword.builtin.ClickKeyword$_click_closure1.call(ClickKeyword.groovy)
	at com.kms.katalon.core.webui.keyword.internal.WebUIKeywordMain.runKeyword(WebUIKeywordMain.groovy:35)
	... 38 more
)

06-01-2025T10:30:14 - [TEST_CASE][FAILED] - Test Cases/Pengaturan Sistem/User Management/Edit User Management: Test Cases/Pengaturan Sistem/User Management/Edit User Management FAILED.
Reason:
com.kms.katalon.core.exception.StepFailedException: Unable to click on object 'Object Repository/Pengaturan Sistem/User Managemet/Tambah User Management/Username'
	at com.kms.katalon.core.webui.keyword.internal.WebUIKeywordMain.stepFailed(WebUIKeywordMain.groovy:117)
	at com.kms.katalon.core.webui.keyword.internal.WebUIKeywordMain.runKeyword(WebUIKeywordMain.groovy:43)
	at com.kms.katalon.core.webui.keyword.builtin.ClickKeyword.click(ClickKeyword.groovy:75)
	at com.kms.katalon.core.webui.keyword.builtin.ClickKeyword.execute(ClickKeyword.groovy:40)
	at com.kms.katalon.core.keyword.internal.KeywordExecutor.executeKeywordForPlatform(KeywordExecutor.groovy:74)
	at com.kms.katalon.core.webui.keyword.WebUiBuiltInKeywords.click(WebUiBuiltInKeywords.groovy:696)
	at Edit User Management.run(Edit User Management:38)
	at com.kms.katalon.core.main.ScriptEngine.run(ScriptEngine.java:194)
	at com.kms.katalon.core.main.ScriptEngine.runScriptAsRawText(ScriptEngine.java:119)
	at com.kms.katalon.core.main.TestCaseExecutor.runScript(TestCaseExecutor.java:448)
	at com.kms.katalon.core.main.TestCaseExecutor.doExecute(TestCaseExecutor.java:439)
	at com.kms.katalon.core.main.TestCaseExecutor.processExecutionPhase(TestCaseExecutor.java:418)
	at com.kms.katalon.core.main.TestCaseExecutor.accessMainPhase(TestCaseExecutor.java:410)
	at com.kms.katalon.core.main.TestCaseExecutor.execute(TestCaseExecutor.java:285)
	at com.kms.katalon.core.main.TestCaseMain.runTestCase(TestCaseMain.java:133)
	at com.kms.katalon.core.keyword.builtin.CallTestCaseKeyword$_callTestCase_closure1.doCall(CallTestCaseKeyword.groovy:59)
	at com.kms.katalon.core.keyword.builtin.CallTestCaseKeyword$_callTestCase_closure1.call(CallTestCaseKeyword.groovy)
	at com.kms.katalon.core.keyword.internal.KeywordMain.runKeyword(KeywordMain.groovy:75)
	at com.kms.katalon.core.keyword.builtin.CallTestCaseKeyword.callTestCase(CallTestCaseKeyword.groovy:81)
	at com.kms.katalon.core.keyword.builtin.CallTestCaseKeyword.execute(CallTestCaseKeyword.groovy:44)
	at com.kms.katalon.core.keyword.internal.KeywordExecutor.executeKeywordForPlatform(KeywordExecutor.groovy:74)
	at com.kms.katalon.core.keyword.BuiltinKeywords.callTestCase(BuiltinKeywords.groovy:310)
	at jdk.internal.reflect.GeneratedMethodAccessor47.invoke(Unknown Source)
	at java.base/jdk.internal.reflect.DelegatingMethodAccessorImpl.invoke(DelegatingMethodAccessorImpl.java:43)
	at Regresi User Management.run(Regresi User Management:24)
	at com.kms.katalon.core.main.ScriptEngine.run(ScriptEngine.java:194)
	at com.kms.katalon.core.main.ScriptEngine.runScriptAsRawText(ScriptEngine.java:119)
	at com.kms.katalon.core.main.TestCaseExecutor.runScript(TestCaseExecutor.java:448)
	at com.kms.katalon.core.main.TestCaseExecutor.doExecute(TestCaseExecutor.java:439)
	at com.kms.katalon.core.main.TestCaseExecutor.processExecutionPhase(TestCaseExecutor.java:418)
	at com.kms.katalon.core.main.TestCaseExecutor.accessMainPhase(TestCaseExecutor.java:410)
	at com.kms.katalon.core.main.TestCaseExecutor.execute(TestCaseExecutor.java:285)
	at com.kms.katalon.core.common.CommonExecutor.accessTestCaseMainPhase(CommonExecutor.java:65)
	at com.kms.katalon.core.main.TestSuiteExecutor.accessTestSuiteMainPhase(TestSuiteExecutor.java:161)
	at com.kms.katalon.core.main.TestSuiteExecutor.execute(TestSuiteExecutor.java:107)
	at com.kms.katalon.core.main.TestCaseMain.startTestSuite(TestCaseMain.java:176)
	at TempTestSuite1736130766400.run(TempTestSuite1736130766400.groovy:35)
	at java.base/jdk.internal.reflect.NativeMethodAccessorImpl.invoke0(Native Method)
	at java.base/jdk.internal.reflect.NativeMethodAccessorImpl.invoke(NativeMethodAccessorImpl.java:77)
	at java.base/jdk.internal.reflect.DelegatingMethodAccessorImpl.invoke(DelegatingMethodAccessorImpl.java:43)
Caused by: com.kms.katalon.core.webui.exception.WebElementNotFoundException: Web element with id: 'Object Repository/Pengaturan Sistem/User Managemet/Tambah User Management/Username' located by '//input[@placeholder='Masukkan username']' not found
	at com.kms.katalon.core.webui.common.WebUiCommonHelper.findWebElement(WebUiCommonHelper.java:1426)
	at com.kms.katalon.core.webui.keyword.internal.WebUIAbstractKeyword.findWebElement(WebUIAbstractKeyword.groovy:27)
	at com.kms.katalon.core.webui.keyword.builtin.ClickKeyword$_click_closure1.doCall(ClickKeyword.groovy:66)
	at com.kms.katalon.core.webui.keyword.builtin.ClickKeyword$_click_closure1.call(ClickKeyword.groovy)
	at com.kms.katalon.core.webui.keyword.internal.WebUIKeywordMain.runKeyword(WebUIKeywordMain.groovy:35)
	... 38 more


06-01-2025T10:30:14 - [TEST_STEP][PASSED] - openBrowser("", CONTINUE_ON_FAILURE): Browser is opened with url: ''

06-01-2025T10:30:14 - [MESSAGE][WARNING] - A browser is already opened. Closing browser and opening a new one

06-01-2025T10:30:14 - [MESSAGE][INFO] - Starting 'Chrome' driver

06-01-2025T10:30:14 - [MESSAGE][INFO] - Action delay is set to 0 milliseconds

06-01-2025T10:30:15 - [MESSAGE][PASSED] - Browser is opened with url: ''

06-01-2025T10:30:15 - [TEST_STEP][PASSED] - navigateToUrl("https://sit.siprusedu.com/login", CONTINUE_ON_FAILURE): Navigate to 'https://sit.siprusedu.com/login' successfully

06-01-2025T10:30:16 - [MESSAGE][PASSED] - Navigate to 'https://sit.siprusedu.com/login' successfully

06-01-2025T10:30:16 - [TEST_STEP][PASSED] - setText(findTestObject("Master Data/Admin Sekolah/Login/Field Email"), "admin.gudangsolusi@digiform.co.id", CONTINUE_ON_FAILURE): Text 'admin.gudangsolusi@digiform.co.id' is set on object 'Object Repository/Master Data/Admin Sekolah/Login/Field Email'

06-01-2025T10:30:17 - [MESSAGE][PASSED] - Text 'admin.gudangsolusi@digiform.co.id' is set on object 'Object Repository/Master Data/Admin Sekolah/Login/Field Email'

06-01-2025T10:30:17 - [TEST_STEP][PASSED] - setText(findTestObject("Master Data/Admin Sekolah/Login/Input Password"), "Test1234", CONTINUE_ON_FAILURE): Text 'Test1234' is set on object 'Object Repository/Master Data/Admin Sekolah/Login/Input Password'

06-01-2025T10:30:18 - [MESSAGE][PASSED] - Text 'Test1234' is set on object 'Object Repository/Master Data/Admin Sekolah/Login/Input Password'

06-01-2025T10:30:18 - [TEST_STEP][PASSED] - click(findTestObject("Master Data/Admin Sekolah/Login/Button Submit"), CONTINUE_ON_FAILURE): Object: 'Object Repository/Master Data/Admin Sekolah/Login/Button Submit' is clicked on

06-01-2025T10:30:18 - [MESSAGE][PASSED] - Object: 'Object Repository/Master Data/Admin Sekolah/Login/Button Submit' is clicked on

06-01-2025T10:30:18 - [TEST_STEP][PASSED] - click(findTestObject("Pengaturan Sistem/User Managemet/Tambah User Management/Menu User Management"), CONTINUE_ON_FAILURE): Object: 'Object Repository/Pengaturan Sistem/User Managemet/Tambah User Management/Menu User Management' is clicked on

06-01-2025T10:30:20 - [MESSAGE][PASSED] - Object: 'Object Repository/Pengaturan Sistem/User Managemet/Tambah User Management/Menu User Management' is clicked on

06-01-2025T10:30:20 - [TEST_STEP][PASSED] - click(findTestObject("Pengaturan Sistem/User Managemet/Delete User Management/Tridot Action")): Object: 'Object Repository/Pengaturan Sistem/User Managemet/Delete User Management/Tridot Action' is clicked on

06-01-2025T10:30:21 - [MESSAGE][PASSED] - Object: 'Object Repository/Pengaturan Sistem/User Managemet/Delete User Management/Tridot Action' is clicked on

06-01-2025T10:30:21 - [TEST_STEP][PASSED] - click(findTestObject("Pengaturan Sistem/User Managemet/Edit User Management/Edit")): Object: 'Object Repository/Pengaturan Sistem/User Managemet/Edit User Management/Edit' is clicked on

06-01-2025T10:30:22 - [MESSAGE][PASSED] - Object: 'Object Repository/Pengaturan Sistem/User Managemet/Edit User Management/Edit' is clicked on

06-01-2025T10:30:22 - [TEST_STEP][FAILED] - click(findTestObject("Pengaturan Sistem/User Managemet/Tambah User Management/Username")): Unable to click on object 'Object Repository/Pengaturan Sistem/User Managemet/Tambah User Management/Username' (Root cause: com.kms.katalon.core.exception.StepFailedException: Unable to click on object 'Object Repository/Pengaturan Sistem/User Managemet/Tambah User Management/Username'
	at com.kms.katalon.core.webui.keyword.internal.WebUIKeywordMain.stepFailed(WebUIKeywordMain.groovy:117)
	at com.kms.katalon.core.webui.keyword.internal.WebUIKeywordMain.runKeyword(WebUIKeywordMain.groovy:43)
	at com.kms.katalon.core.webui.keyword.builtin.ClickKeyword.click(ClickKeyword.groovy:75)
	at com.kms.katalon.core.webui.keyword.builtin.ClickKeyword.execute(ClickKeyword.groovy:40)
	at com.kms.katalon.core.keyword.internal.KeywordExecutor.executeKeywordForPlatform(KeywordExecutor.groovy:74)
	at com.kms.katalon.core.webui.keyword.WebUiBuiltInKeywords.click(WebUiBuiltInKeywords.groovy:696)
	at Edit User Management.run(Edit User Management:38)
	at com.kms.katalon.core.main.ScriptEngine.run(ScriptEngine.java:194)
	at com.kms.katalon.core.main.ScriptEngine.runScriptAsRawText(ScriptEngine.java:119)
	at com.kms.katalon.core.main.TestCaseExecutor.runScript(TestCaseExecutor.java:448)
	at com.kms.katalon.core.main.TestCaseExecutor.doExecute(TestCaseExecutor.java:439)
	at com.kms.katalon.core.main.TestCaseExecutor.processExecutionPhase(TestCaseExecutor.java:418)
	at com.kms.katalon.core.main.TestCaseExecutor.accessMainPhase(TestCaseExecutor.java:410)
	at com.kms.katalon.core.main.TestCaseExecutor.execute(TestCaseExecutor.java:285)
	at com.kms.katalon.core.main.TestCaseMain.runTestCase(TestCaseMain.java:133)
	at com.kms.katalon.core.keyword.builtin.CallTestCaseKeyword$_callTestCase_closure1.doCall(CallTestCaseKeyword.groovy:59)
	at com.kms.katalon.core.keyword.builtin.CallTestCaseKeyword$_callTestCase_closure1.call(CallTestCaseKeyword.groovy)
	at com.kms.katalon.core.keyword.internal.KeywordMain.runKeyword(KeywordMain.groovy:75)
	at com.kms.katalon.core.keyword.builtin.CallTestCaseKeyword.callTestCase(CallTestCaseKeyword.groovy:81)
	at com.kms.katalon.core.keyword.builtin.CallTestCaseKeyword.execute(CallTestCaseKeyword.groovy:44)
	at com.kms.katalon.core.keyword.internal.KeywordExecutor.executeKeywordForPlatform(KeywordExecutor.groovy:74)
	at com.kms.katalon.core.keyword.BuiltinKeywords.callTestCase(BuiltinKeywords.groovy:310)
	at jdk.internal.reflect.GeneratedMethodAccessor47.invoke(Unknown Source)
	at java.base/jdk.internal.reflect.DelegatingMethodAccessorImpl.invoke(DelegatingMethodAccessorImpl.java:43)
	at Regresi User Management.run(Regresi User Management:24)
	at com.kms.katalon.core.main.ScriptEngine.run(ScriptEngine.java:194)
	at com.kms.katalon.core.main.ScriptEngine.runScriptAsRawText(ScriptEngine.java:119)
	at com.kms.katalon.core.main.TestCaseExecutor.runScript(TestCaseExecutor.java:448)
	at com.kms.katalon.core.main.TestCaseExecutor.doExecute(TestCaseExecutor.java:439)
	at com.kms.katalon.core.main.TestCaseExecutor.processExecutionPhase(TestCaseExecutor.java:418)
	at com.kms.katalon.core.main.TestCaseExecutor.accessMainPhase(TestCaseExecutor.java:410)
	at com.kms.katalon.core.main.TestCaseExecutor.execute(TestCaseExecutor.java:285)
	at com.kms.katalon.core.common.CommonExecutor.accessTestCaseMainPhase(CommonExecutor.java:65)
	at com.kms.katalon.core.main.TestSuiteExecutor.accessTestSuiteMainPhase(TestSuiteExecutor.java:161)
	at com.kms.katalon.core.main.TestSuiteExecutor.execute(TestSuiteExecutor.java:107)
	at com.kms.katalon.core.main.TestCaseMain.startTestSuite(TestCaseMain.java:176)
	at TempTestSuite1736130766400.run(TempTestSuite1736130766400.groovy:35)
	at java.base/jdk.internal.reflect.NativeMethodAccessorImpl.invoke0(Native Method)
	at java.base/jdk.internal.reflect.NativeMethodAccessorImpl.invoke(NativeMethodAccessorImpl.java:77)
	at java.base/jdk.internal.reflect.DelegatingMethodAccessorImpl.invoke(DelegatingMethodAccessorImpl.java:43)
Caused by: com.kms.katalon.core.webui.exception.WebElementNotFoundException: Web element with id: 'Object Repository/Pengaturan Sistem/User Managemet/Tambah User Management/Username' located by '//input[@placeholder='Masukkan username']' not found
	at com.kms.katalon.core.webui.common.WebUiCommonHelper.findWebElement(WebUiCommonHelper.java:1426)
	at com.kms.katalon.core.webui.keyword.internal.WebUIAbstractKeyword.findWebElement(WebUIAbstractKeyword.groovy:27)
	at com.kms.katalon.core.webui.keyword.builtin.ClickKeyword$_click_closure1.doCall(ClickKeyword.groovy:66)
	at com.kms.katalon.core.webui.keyword.builtin.ClickKeyword$_click_closure1.call(ClickKeyword.groovy)
	at com.kms.katalon.core.webui.keyword.internal.WebUIKeywordMain.runKeyword(WebUIKeywordMain.groovy:35)
	at com.kms.katalon.core.webui.keyword.builtin.ClickKeyword.click(ClickKeyword.groovy:75)
	at com.kms.katalon.core.webui.keyword.builtin.ClickKeyword.execute(ClickKeyword.groovy:40)
	at com.kms.katalon.core.keyword.internal.KeywordExecutor.executeKeywordForPlatform(KeywordExecutor.groovy:74)
	at com.kms.katalon.core.webui.keyword.WebUiBuiltInKeywords.click(WebUiBuiltInKeywords.groovy:696)
	at Script1733906395505.run(Script1733906395505.groovy:38)
	at com.kms.katalon.core.main.ScriptEngine.run(ScriptEngine.java:194)
	at com.kms.katalon.core.main.ScriptEngine.runScriptAsRawText(ScriptEngine.java:119)
	at com.kms.katalon.core.main.TestCaseExecutor.runScript(TestCaseExecutor.java:448)
	at com.kms.katalon.core.main.TestCaseExecutor.doExecute(TestCaseExecutor.java:439)
	at com.kms.katalon.core.main.TestCaseExecutor.processExecutionPhase(TestCaseExecutor.java:418)
	at com.kms.katalon.core.main.TestCaseExecutor.accessMainPhase(TestCaseExecutor.java:410)
	at com.kms.katalon.core.main.TestCaseExecutor.execute(TestCaseExecutor.java:285)
	at com.kms.katalon.core.main.TestCaseMain.runTestCase(TestCaseMain.java:133)
	at com.kms.katalon.core.keyword.builtin.CallTestCaseKeyword$_callTestCase_closure1.doCall(CallTestCaseKeyword.groovy:59)
	at com.kms.katalon.core.keyword.builtin.CallTestCaseKeyword$_callTestCase_closure1.call(CallTestCaseKeyword.groovy)
	at com.kms.katalon.core.keyword.internal.KeywordMain.runKeyword(KeywordMain.groovy:75)
	at com.kms.katalon.core.keyword.builtin.CallTestCaseKeyword.callTestCase(CallTestCaseKeyword.groovy:81)
	at com.kms.katalon.core.keyword.builtin.CallTestCaseKeyword.execute(CallTestCaseKeyword.groovy:44)
	at com.kms.katalon.core.keyword.internal.KeywordExecutor.executeKeywordForPlatform(KeywordExecutor.groovy:74)
	at com.kms.katalon.core.keyword.BuiltinKeywords.callTestCase(BuiltinKeywords.groovy:310)
	at jdk.internal.reflect.GeneratedMethodAccessor47.invoke(Unknown Source)
	at java.base/jdk.internal.reflect.DelegatingMethodAccessorImpl.invoke(DelegatingMethodAccessorImpl.java:43)
	at Script1735790813174.run(Script1735790813174.groovy:24)
	... 15 more
)

06-01-2025T10:30:53 - [MESSAGE][INFO] - Unable to find the element located by 'By.xpath: //input[@placeholder='Masukkan username']'. Please recheck the objects properties to make sure the desired element is located. 

06-01-2025T10:30:53 - [MESSAGE][WARNING] - [SELF-HEALING] Failed to find element with id 'Object Repository/Pengaturan Sistem/User Managemet/Tambah User Management/Username'. Try using Self-healing.

06-01-2025T10:30:54 - [MESSAGE][INFO] - [SELF-HEALING] No working XPath is found.

06-01-2025T10:30:55 - [MESSAGE][WARNING] - [SELF-HEALING] invalid selector
from javascript error: {"status":32,"value":"Unable to locate an element with the xpath expression  because of the following error:\nSyntaxError: Failed to execute 'evaluate' on 'Document': The string '' is not a valid XPath expression."}
  (Session info: chrome=131.0.6778.205)
For documentation on this error, please visit: https://www.selenium.dev/documentation/webdriver/troubleshooting/errors#invalid-selector-exception
Build info: version: '4.22.0', revision: 'c5f3146703'
System info: os.name: 'Windows 11', os.arch: 'amd64', os.version: '10.0', java.version: '17.0.7'
Driver info: com.kms.katalon.selenium.driver.CChromeDriver
Command: [8cbf05c53716ef52d999280f7e102b68, findElements {using=xpath, value=}]
Capabilities {acceptInsecureCerts: false, browserName: chrome, browserVersion: 131.0.6778.205, chrome: {chromedriverVersion: 130.0.6723.58 (3a50e012e4c9..., userDataDir: C:\Users\henri\AppData\Loca...}, fedcm:accounts: true, goog:chromeOptions: {debuggerAddress: localhost:53861}, networkConnectionEnabled: false, pageLoadStrategy: normal, platformName: windows, proxy: Proxy(), se:cdp: ws://localhost:53861/devtoo..., se:cdpVersion: 131.0.6778.205, setWindowRect: true, strictFileInteractability: false, timeouts: {implicit: 0, pageLoad: 300000, script: 30000}, unhandledPromptBehavior: ignore, webSocketUrl: ws://localhost:17791/sessio..., webauthn:extension:credBlob: true, webauthn:extension:largeBlob: true, webauthn:extension:minPinLength: true, webauthn:extension:prf: true, webauthn:virtualAuthenticators: true}
Session ID: 8cbf05c53716ef52d999280f7e102b68

06-01-2025T10:30:55 - [MESSAGE][WARNING] - [SELF-HEALING] Cannot find elements when the selector is null

06-01-2025T10:30:55 - [MESSAGE][FAILED] - Unable to click on object 'Object Repository/Pengaturan Sistem/User Managemet/Tambah User Management/Username' (Root cause: com.kms.katalon.core.exception.StepFailedException: Unable to click on object 'Object Repository/Pengaturan Sistem/User Managemet/Tambah User Management/Username'
	at com.kms.katalon.core.webui.keyword.internal.WebUIKeywordMain.stepFailed(WebUIKeywordMain.groovy:117)
	at com.kms.katalon.core.webui.keyword.internal.WebUIKeywordMain.runKeyword(WebUIKeywordMain.groovy:43)
	at com.kms.katalon.core.webui.keyword.builtin.ClickKeyword.click(ClickKeyword.groovy:75)
	at com.kms.katalon.core.webui.keyword.builtin.ClickKeyword.execute(ClickKeyword.groovy:40)
	at com.kms.katalon.core.keyword.internal.KeywordExecutor.executeKeywordForPlatform(KeywordExecutor.groovy:74)
	at com.kms.katalon.core.webui.keyword.WebUiBuiltInKeywords.click(WebUiBuiltInKeywords.groovy:696)
	at Edit User Management.run(Edit User Management:38)
	at com.kms.katalon.core.main.ScriptEngine.run(ScriptEngine.java:194)
	at com.kms.katalon.core.main.ScriptEngine.runScriptAsRawText(ScriptEngine.java:119)
	at com.kms.katalon.core.main.TestCaseExecutor.runScript(TestCaseExecutor.java:448)
	at com.kms.katalon.core.main.TestCaseExecutor.doExecute(TestCaseExecutor.java:439)
	at com.kms.katalon.core.main.TestCaseExecutor.processExecutionPhase(TestCaseExecutor.java:418)
	at com.kms.katalon.core.main.TestCaseExecutor.accessMainPhase(TestCaseExecutor.java:410)
	at com.kms.katalon.core.main.TestCaseExecutor.execute(TestCaseExecutor.java:285)
	at com.kms.katalon.core.main.TestCaseMain.runTestCase(TestCaseMain.java:133)
	at com.kms.katalon.core.keyword.builtin.CallTestCaseKeyword$_callTestCase_closure1.doCall(CallTestCaseKeyword.groovy:59)
	at com.kms.katalon.core.keyword.builtin.CallTestCaseKeyword$_callTestCase_closure1.call(CallTestCaseKeyword.groovy)
	at com.kms.katalon.core.keyword.internal.KeywordMain.runKeyword(KeywordMain.groovy:75)
	at com.kms.katalon.core.keyword.builtin.CallTestCaseKeyword.callTestCase(CallTestCaseKeyword.groovy:81)
	at com.kms.katalon.core.keyword.builtin.CallTestCaseKeyword.execute(CallTestCaseKeyword.groovy:44)
	at com.kms.katalon.core.keyword.internal.KeywordExecutor.executeKeywordForPlatform(KeywordExecutor.groovy:74)
	at com.kms.katalon.core.keyword.BuiltinKeywords.callTestCase(BuiltinKeywords.groovy:310)
	at jdk.internal.reflect.GeneratedMethodAccessor47.invoke(Unknown Source)
	at java.base/jdk.internal.reflect.DelegatingMethodAccessorImpl.invoke(DelegatingMethodAccessorImpl.java:43)
	at Regresi User Management.run(Regresi User Management:24)
	at com.kms.katalon.core.main.ScriptEngine.run(ScriptEngine.java:194)
	at com.kms.katalon.core.main.ScriptEngine.runScriptAsRawText(ScriptEngine.java:119)
	at com.kms.katalon.core.main.TestCaseExecutor.runScript(TestCaseExecutor.java:448)
	at com.kms.katalon.core.main.TestCaseExecutor.doExecute(TestCaseExecutor.java:439)
	at com.kms.katalon.core.main.TestCaseExecutor.processExecutionPhase(TestCaseExecutor.java:418)
	at com.kms.katalon.core.main.TestCaseExecutor.accessMainPhase(TestCaseExecutor.java:410)
	at com.kms.katalon.core.main.TestCaseExecutor.execute(TestCaseExecutor.java:285)
	at com.kms.katalon.core.common.CommonExecutor.accessTestCaseMainPhase(CommonExecutor.java:65)
	at com.kms.katalon.core.main.TestSuiteExecutor.accessTestSuiteMainPhase(TestSuiteExecutor.java:161)
	at com.kms.katalon.core.main.TestSuiteExecutor.execute(TestSuiteExecutor.java:107)
	at com.kms.katalon.core.main.TestCaseMain.startTestSuite(TestCaseMain.java:176)
	at TempTestSuite1736130766400.run(TempTestSuite1736130766400.groovy:35)
	at java.base/jdk.internal.reflect.NativeMethodAccessorImpl.invoke0(Native Method)
	at java.base/jdk.internal.reflect.NativeMethodAccessorImpl.invoke(NativeMethodAccessorImpl.java:77)
	at java.base/jdk.internal.reflect.DelegatingMethodAccessorImpl.invoke(DelegatingMethodAccessorImpl.java:43)
Caused by: com.kms.katalon.core.webui.exception.WebElementNotFoundException: Web element with id: 'Object Repository/Pengaturan Sistem/User Managemet/Tambah User Management/Username' located by '//input[@placeholder='Masukkan username']' not found
	at com.kms.katalon.core.webui.common.WebUiCommonHelper.findWebElement(WebUiCommonHelper.java:1426)
	at com.kms.katalon.core.webui.keyword.internal.WebUIAbstractKeyword.findWebElement(WebUIAbstractKeyword.groovy:27)
	at com.kms.katalon.core.webui.keyword.builtin.ClickKeyword$_click_closure1.doCall(ClickKeyword.groovy:66)
	at com.kms.katalon.core.webui.keyword.builtin.ClickKeyword$_click_closure1.call(ClickKeyword.groovy)
	at com.kms.katalon.core.webui.keyword.internal.WebUIKeywordMain.runKeyword(WebUIKeywordMain.groovy:35)
	at com.kms.katalon.core.webui.keyword.builtin.ClickKeyword.click(ClickKeyword.groovy:75)
	at com.kms.katalon.core.webui.keyword.builtin.ClickKeyword.execute(ClickKeyword.groovy:40)
	at com.kms.katalon.core.keyword.internal.KeywordExecutor.executeKeywordForPlatform(KeywordExecutor.groovy:74)
	at com.kms.katalon.core.webui.keyword.WebUiBuiltInKeywords.click(WebUiBuiltInKeywords.groovy:696)
	at Script1733906395505.run(Script1733906395505.groovy:38)
	at com.kms.katalon.core.main.ScriptEngine.run(ScriptEngine.java:194)
	at com.kms.katalon.core.main.ScriptEngine.runScriptAsRawText(ScriptEngine.java:119)
	at com.kms.katalon.core.main.TestCaseExecutor.runScript(TestCaseExecutor.java:448)
	at com.kms.katalon.core.main.TestCaseExecutor.doExecute(TestCaseExecutor.java:439)
	at com.kms.katalon.core.main.TestCaseExecutor.processExecutionPhase(TestCaseExecutor.java:418)
	at com.kms.katalon.core.main.TestCaseExecutor.accessMainPhase(TestCaseExecutor.java:410)
	at com.kms.katalon.core.main.TestCaseExecutor.execute(TestCaseExecutor.java:285)
	at com.kms.katalon.core.main.TestCaseMain.runTestCase(TestCaseMain.java:133)
	at com.kms.katalon.core.keyword.builtin.CallTestCaseKeyword$_callTestCase_closure1.doCall(CallTestCaseKeyword.groovy:59)
	at com.kms.katalon.core.keyword.builtin.CallTestCaseKeyword$_callTestCase_closure1.call(CallTestCaseKeyword.groovy)
	at com.kms.katalon.core.keyword.internal.KeywordMain.runKeyword(KeywordMain.groovy:75)
	at com.kms.katalon.core.keyword.builtin.CallTestCaseKeyword.callTestCase(CallTestCaseKeyword.groovy:81)
	at com.kms.katalon.core.keyword.builtin.CallTestCaseKeyword.execute(CallTestCaseKeyword.groovy:44)
	at com.kms.katalon.core.keyword.internal.KeywordExecutor.executeKeywordForPlatform(KeywordExecutor.groovy:74)
	at com.kms.katalon.core.keyword.BuiltinKeywords.callTestCase(BuiltinKeywords.groovy:310)
	at jdk.internal.reflect.GeneratedMethodAccessor47.invoke(Unknown Source)
	at java.base/jdk.internal.reflect.DelegatingMethodAccessorImpl.invoke(DelegatingMethodAccessorImpl.java:43)
	at Script1735790813174.run(Script1735790813174.groovy:24)
	... 15 more
)
[[ATTACHMENT|C:\\Users\\henri\\Videos\\school-payment-automation-testing\\Reports\\20250106_093246\\Regresi All Sprint\\20250106_093246\\1736134255518.png]]

06-01-2025T10:30:55 - [MESSAGE][WARNING] - Unable to call Test Case 'Test Cases/Pengaturan Sistem/User Management/Edit User Management' (Root cause: com.kms.katalon.core.exception.StepFailedException: Call Test Case 'Test Cases/Pengaturan Sistem/User Management/Edit User Management' failed
	at com.kms.katalon.core.keyword.builtin.CallTestCaseKeyword$_callTestCase_closure1.doCall(CallTestCaseKeyword.groovy:63)
	at com.kms.katalon.core.keyword.builtin.CallTestCaseKeyword$_callTestCase_closure1.call(CallTestCaseKeyword.groovy)
	at com.kms.katalon.core.keyword.internal.KeywordMain.runKeyword(KeywordMain.groovy:75)
	at com.kms.katalon.core.keyword.builtin.CallTestCaseKeyword.callTestCase(CallTestCaseKeyword.groovy:81)
	at com.kms.katalon.core.keyword.builtin.CallTestCaseKeyword.execute(CallTestCaseKeyword.groovy:44)
	at com.kms.katalon.core.keyword.internal.KeywordExecutor.executeKeywordForPlatform(KeywordExecutor.groovy:74)
	at com.kms.katalon.core.keyword.BuiltinKeywords.callTestCase(BuiltinKeywords.groovy:310)
	at jdk.internal.reflect.GeneratedMethodAccessor47.invoke(Unknown Source)
	at java.base/jdk.internal.reflect.DelegatingMethodAccessorImpl.invoke(DelegatingMethodAccessorImpl.java:43)
	at Regresi User Management.run(Regresi User Management:24)
	at com.kms.katalon.core.main.ScriptEngine.run(ScriptEngine.java:194)
	at com.kms.katalon.core.main.ScriptEngine.runScriptAsRawText(ScriptEngine.java:119)
	at com.kms.katalon.core.main.TestCaseExecutor.runScript(TestCaseExecutor.java:448)
	at com.kms.katalon.core.main.TestCaseExecutor.doExecute(TestCaseExecutor.java:439)
	at com.kms.katalon.core.main.TestCaseExecutor.processExecutionPhase(TestCaseExecutor.java:418)
	at com.kms.katalon.core.main.TestCaseExecutor.accessMainPhase(TestCaseExecutor.java:410)
	at com.kms.katalon.core.main.TestCaseExecutor.execute(TestCaseExecutor.java:285)
	at com.kms.katalon.core.common.CommonExecutor.accessTestCaseMainPhase(CommonExecutor.java:65)
	at com.kms.katalon.core.main.TestSuiteExecutor.accessTestSuiteMainPhase(TestSuiteExecutor.java:161)
	at com.kms.katalon.core.main.TestSuiteExecutor.execute(TestSuiteExecutor.java:107)
	at com.kms.katalon.core.main.TestCaseMain.startTestSuite(TestCaseMain.java:176)
	at TempTestSuite1736130766400.run(TempTestSuite1736130766400.groovy:35)
	at java.base/jdk.internal.reflect.NativeMethodAccessorImpl.invoke0(Native Method)
	at java.base/jdk.internal.reflect.NativeMethodAccessorImpl.invoke(NativeMethodAccessorImpl.java:77)
	at java.base/jdk.internal.reflect.DelegatingMethodAccessorImpl.invoke(DelegatingMethodAccessorImpl.java:43)
Caused by: com.kms.katalon.core.exception.StepFailedException: Unable to click on object 'Object Repository/Pengaturan Sistem/User Managemet/Tambah User Management/Username'
	at com.kms.katalon.core.webui.keyword.internal.WebUIKeywordMain.stepFailed(WebUIKeywordMain.groovy:117)
	at com.kms.katalon.core.webui.keyword.internal.WebUIKeywordMain.runKeyword(WebUIKeywordMain.groovy:43)
	at com.kms.katalon.core.webui.keyword.builtin.ClickKeyword.click(ClickKeyword.groovy:75)
	at com.kms.katalon.core.webui.keyword.builtin.ClickKeyword.execute(ClickKeyword.groovy:40)
	at com.kms.katalon.core.keyword.internal.KeywordExecutor.executeKeywordForPlatform(KeywordExecutor.groovy:74)
	at com.kms.katalon.core.webui.keyword.WebUiBuiltInKeywords.click(WebUiBuiltInKeywords.groovy:696)
	at Edit User Management.run(Edit User Management:38)
	at com.kms.katalon.core.main.ScriptEngine.run(ScriptEngine.java:194)
	at com.kms.katalon.core.main.ScriptEngine.runScriptAsRawText(ScriptEngine.java:119)
	at com.kms.katalon.core.main.TestCaseExecutor.runScript(TestCaseExecutor.java:448)
	at com.kms.katalon.core.main.TestCaseExecutor.doExecute(TestCaseExecutor.java:439)
	at com.kms.katalon.core.main.TestCaseExecutor.processExecutionPhase(TestCaseExecutor.java:418)
	at com.kms.katalon.core.main.TestCaseExecutor.accessMainPhase(TestCaseExecutor.java:410)
	at com.kms.katalon.core.main.TestCaseExecutor.execute(TestCaseExecutor.java:285)
	at com.kms.katalon.core.main.TestCaseMain.runTestCase(TestCaseMain.java:133)
	at com.kms.katalon.core.keyword.builtin.CallTestCaseKeyword$_callTestCase_closure1.doCall(CallTestCaseKeyword.groovy:59)
	... 24 more
Caused by: com.kms.katalon.core.webui.exception.WebElementNotFoundException: Web element with id: 'Object Repository/Pengaturan Sistem/User Managemet/Tambah User Management/Username' located by '//input[@placeholder='Masukkan username']' not found
	at com.kms.katalon.core.webui.common.WebUiCommonHelper.findWebElement(WebUiCommonHelper.java:1426)
	at com.kms.katalon.core.webui.keyword.internal.WebUIAbstractKeyword.findWebElement(WebUIAbstractKeyword.groovy:27)
	at com.kms.katalon.core.webui.keyword.builtin.ClickKeyword$_click_closure1.doCall(ClickKeyword.groovy:66)
	at com.kms.katalon.core.webui.keyword.builtin.ClickKeyword$_click_closure1.call(ClickKeyword.groovy)
	at com.kms.katalon.core.webui.keyword.internal.WebUIKeywordMain.runKeyword(WebUIKeywordMain.groovy:35)
	... 38 more
)

06-01-2025T10:30:55 - [TEST_STEP][PASSED] - callTestCase(findTestCase("Test Cases/Pengaturan Sistem/User Management/Delete User Management"), [:], CONTINUE_ON_FAILURE): Call Test Case 'Test Cases/Pengaturan Sistem/User Management/Delete User Management' successfully

06-01-2025T10:30:55 - [TEST_CASE][PASSED] - Test Cases/Pengaturan Sistem/User Management/Delete User Management: Test Cases/Pengaturan Sistem/User Management/Delete User Management

06-01-2025T10:30:55 - [TEST_STEP][PASSED] - openBrowser("", CONTINUE_ON_FAILURE): Browser is opened with url: ''

06-01-2025T10:30:55 - [MESSAGE][WARNING] - A browser is already opened. Closing browser and opening a new one

06-01-2025T10:30:55 - [MESSAGE][INFO] - Starting 'Chrome' driver

06-01-2025T10:30:55 - [MESSAGE][INFO] - Action delay is set to 0 milliseconds

06-01-2025T10:30:56 - [MESSAGE][PASSED] - Browser is opened with url: ''

06-01-2025T10:30:56 - [TEST_STEP][PASSED] - navigateToUrl("https://sit.siprusedu.com/login", CONTINUE_ON_FAILURE): Navigate to 'https://sit.siprusedu.com/login' successfully

06-01-2025T10:31:10 - [MESSAGE][PASSED] - Navigate to 'https://sit.siprusedu.com/login' successfully

06-01-2025T10:31:10 - [TEST_STEP][PASSED] - setText(findTestObject("Master Data/Admin Sekolah/Login/Field Email"), "admin.gudangsolusi@digiform.co.id", CONTINUE_ON_FAILURE): Text 'admin.gudangsolusi@digiform.co.id' is set on object 'Object Repository/Master Data/Admin Sekolah/Login/Field Email'

06-01-2025T10:31:12 - [MESSAGE][PASSED] - Text 'admin.gudangsolusi@digiform.co.id' is set on object 'Object Repository/Master Data/Admin Sekolah/Login/Field Email'

06-01-2025T10:31:12 - [TEST_STEP][PASSED] - setText(findTestObject("Master Data/Admin Sekolah/Login/Input Password"), "Test1234", CONTINUE_ON_FAILURE): Text 'Test1234' is set on object 'Object Repository/Master Data/Admin Sekolah/Login/Input Password'

06-01-2025T10:31:13 - [MESSAGE][PASSED] - Text 'Test1234' is set on object 'Object Repository/Master Data/Admin Sekolah/Login/Input Password'

06-01-2025T10:31:13 - [TEST_STEP][PASSED] - click(findTestObject("Master Data/Admin Sekolah/Login/Button Submit"), CONTINUE_ON_FAILURE): Object: 'Object Repository/Master Data/Admin Sekolah/Login/Button Submit' is clicked on

06-01-2025T10:31:13 - [MESSAGE][PASSED] - Object: 'Object Repository/Master Data/Admin Sekolah/Login/Button Submit' is clicked on

06-01-2025T10:31:13 - [TEST_STEP][PASSED] - click(findTestObject("Pengaturan Sistem/User Managemet/Tambah User Management/Menu User Management"), CONTINUE_ON_FAILURE): Object: 'Object Repository/Pengaturan Sistem/User Managemet/Tambah User Management/Menu User Management' is clicked on

06-01-2025T10:31:15 - [MESSAGE][PASSED] - Object: 'Object Repository/Pengaturan Sistem/User Managemet/Tambah User Management/Menu User Management' is clicked on

06-01-2025T10:31:15 - [TEST_STEP][PASSED] - click(findTestObject("Pengaturan Sistem/User Managemet/Delete User Management/Tridot Action")): Object: 'Object Repository/Pengaturan Sistem/User Managemet/Delete User Management/Tridot Action' is clicked on

06-01-2025T10:31:16 - [MESSAGE][PASSED] - Object: 'Object Repository/Pengaturan Sistem/User Managemet/Delete User Management/Tridot Action' is clicked on

06-01-2025T10:31:16 - [TEST_STEP][PASSED] - click(findTestObject("Pengaturan Sistem/User Managemet/Delete User Management/Hapus")): Object: 'Object Repository/Pengaturan Sistem/User Managemet/Delete User Management/Hapus' is clicked on

06-01-2025T10:31:16 - [MESSAGE][PASSED] - Object: 'Object Repository/Pengaturan Sistem/User Managemet/Delete User Management/Hapus' is clicked on

06-01-2025T10:31:16 - [TEST_STEP][PASSED] - click(findTestObject("Pengaturan Sistem/User Managemet/Delete User Management/Button YA popup")): Object: 'Object Repository/Pengaturan Sistem/User Managemet/Delete User Management/Button YA popup' is clicked on

06-01-2025T10:31:17 - [MESSAGE][PASSED] - Object: 'Object Repository/Pengaturan Sistem/User Managemet/Delete User Management/Button YA popup' is clicked on

06-01-2025T10:31:17 - [MESSAGE][PASSED] - Call Test Case 'Test Cases/Pengaturan Sistem/User Management/Delete User Management' successfully

06-01-2025T10:31:17 - [TEST_STEP][PASSED] - callTestCase(findTestCase("Test Cases/Pengaturan Sistem/User Management/Filter User Management"), [:], CONTINUE_ON_FAILURE): Call Test Case 'Test Cases/Pengaturan Sistem/User Management/Filter User Management' successfully

06-01-2025T10:31:17 - [TEST_CASE][PASSED] - Test Cases/Pengaturan Sistem/User Management/Filter User Management: Test Cases/Pengaturan Sistem/User Management/Filter User Management

06-01-2025T10:31:17 - [TEST_STEP][PASSED] - openBrowser("", CONTINUE_ON_FAILURE): Browser is opened with url: ''

06-01-2025T10:31:17 - [MESSAGE][WARNING] - A browser is already opened. Closing browser and opening a new one

06-01-2025T10:31:17 - [MESSAGE][INFO] - Starting 'Chrome' driver

06-01-2025T10:31:17 - [MESSAGE][INFO] - Action delay is set to 0 milliseconds

06-01-2025T10:31:18 - [MESSAGE][PASSED] - Browser is opened with url: ''

06-01-2025T10:31:18 - [TEST_STEP][PASSED] - navigateToUrl("https://sit.siprusedu.com/login", CONTINUE_ON_FAILURE): Navigate to 'https://sit.siprusedu.com/login' successfully

06-01-2025T10:31:19 - [MESSAGE][PASSED] - Navigate to 'https://sit.siprusedu.com/login' successfully

06-01-2025T10:31:19 - [TEST_STEP][PASSED] - setText(findTestObject("Master Data/Admin Sekolah/Login/Field Email"), "admin.gudangsolusi@digiform.co.id", CONTINUE_ON_FAILURE): Text 'admin.gudangsolusi@digiform.co.id' is set on object 'Object Repository/Master Data/Admin Sekolah/Login/Field Email'

06-01-2025T10:31:21 - [MESSAGE][PASSED] - Text 'admin.gudangsolusi@digiform.co.id' is set on object 'Object Repository/Master Data/Admin Sekolah/Login/Field Email'

06-01-2025T10:31:21 - [TEST_STEP][PASSED] - setText(findTestObject("Master Data/Admin Sekolah/Login/Input Password"), "Test1234", CONTINUE_ON_FAILURE): Text 'Test1234' is set on object 'Object Repository/Master Data/Admin Sekolah/Login/Input Password'

06-01-2025T10:31:21 - [MESSAGE][PASSED] - Text 'Test1234' is set on object 'Object Repository/Master Data/Admin Sekolah/Login/Input Password'

06-01-2025T10:31:21 - [TEST_STEP][PASSED] - click(findTestObject("Master Data/Admin Sekolah/Login/Button Submit"), CONTINUE_ON_FAILURE): Object: 'Object Repository/Master Data/Admin Sekolah/Login/Button Submit' is clicked on

06-01-2025T10:31:22 - [MESSAGE][PASSED] - Object: 'Object Repository/Master Data/Admin Sekolah/Login/Button Submit' is clicked on

06-01-2025T10:31:22 - [TEST_STEP][PASSED] - click(findTestObject("Pengaturan Sistem/User Managemet/Tambah User Management/Menu User Management"), CONTINUE_ON_FAILURE): Object: 'Object Repository/Pengaturan Sistem/User Managemet/Tambah User Management/Menu User Management' is clicked on

06-01-2025T10:31:23 - [MESSAGE][PASSED] - Object: 'Object Repository/Pengaturan Sistem/User Managemet/Tambah User Management/Menu User Management' is clicked on

06-01-2025T10:31:23 - [TEST_STEP][PASSED] - click(findTestObject("Pengaturan Sistem/User Managemet/Filter User Management/Dropdown Status")): Object: 'Object Repository/Pengaturan Sistem/User Managemet/Filter User Management/Dropdown Status' is clicked on

06-01-2025T10:31:26 - [MESSAGE][PASSED] - Object: 'Object Repository/Pengaturan Sistem/User Managemet/Filter User Management/Dropdown Status' is clicked on

06-01-2025T10:31:26 - [TEST_STEP][PASSED] - click(findTestObject("Pengaturan Sistem/User Managemet/Filter User Management/Status Aktif")): Object: 'Object Repository/Pengaturan Sistem/User Managemet/Filter User Management/Status Aktif' is clicked on

06-01-2025T10:31:26 - [MESSAGE][PASSED] - Object: 'Object Repository/Pengaturan Sistem/User Managemet/Filter User Management/Status Aktif' is clicked on

06-01-2025T10:31:26 - [MESSAGE][PASSED] - Call Test Case 'Test Cases/Pengaturan Sistem/User Management/Filter User Management' successfully

06-01-2025T10:31:26 - [TEST_STEP][PASSED] - callTestCase(findTestCase("Test Cases/Pengaturan Sistem/User Management/Unduh dan Upload User Management"), [:], CONTINUE_ON_FAILURE): Call Test Case 'Test Cases/Pengaturan Sistem/User Management/Unduh dan Upload User Management' successfully

06-01-2025T10:31:26 - [TEST_CASE][PASSED] - Test Cases/Pengaturan Sistem/User Management/Unduh dan Upload User Management: Test Cases/Pengaturan Sistem/User Management/Unduh dan Upload User Management

06-01-2025T10:31:26 - [TEST_STEP][PASSED] - openBrowser(""): Browser is opened with url: ''

06-01-2025T10:31:26 - [MESSAGE][WARNING] - A browser is already opened. Closing browser and opening a new one

06-01-2025T10:31:26 - [MESSAGE][INFO] - Starting 'Chrome' driver

06-01-2025T10:31:26 - [MESSAGE][INFO] - Action delay is set to 0 milliseconds

06-01-2025T10:31:27 - [MESSAGE][PASSED] - Browser is opened with url: ''

06-01-2025T10:31:27 - [TEST_STEP][PASSED] - navigateToUrl("https://sit.siprusedu.com/login"): Navigate to 'https://sit.siprusedu.com/login' successfully

06-01-2025T10:31:29 - [MESSAGE][PASSED] - Navigate to 'https://sit.siprusedu.com/login' successfully

06-01-2025T10:31:29 - [TEST_STEP][PASSED] - setText(findTestObject("Master Data/Admin Sekolah/Login/Field Email"), "admin.gudangsolusi@digiform.co.id"): Text 'admin.gudangsolusi@digiform.co.id' is set on object 'Object Repository/Master Data/Admin Sekolah/Login/Field Email'

06-01-2025T10:31:30 - [MESSAGE][PASSED] - Text 'admin.gudangsolusi@digiform.co.id' is set on object 'Object Repository/Master Data/Admin Sekolah/Login/Field Email'

06-01-2025T10:31:30 - [TEST_STEP][PASSED] - setText(findTestObject("Master Data/Admin Sekolah/Login/Input Password"), "Test1234"): Text 'Test1234' is set on object 'Object Repository/Master Data/Admin Sekolah/Login/Input Password'

06-01-2025T10:31:31 - [MESSAGE][PASSED] - Text 'Test1234' is set on object 'Object Repository/Master Data/Admin Sekolah/Login/Input Password'

06-01-2025T10:31:31 - [TEST_STEP][PASSED] - click(findTestObject("Master Data/Admin Sekolah/Login/Button Submit")): Object: 'Object Repository/Master Data/Admin Sekolah/Login/Button Submit' is clicked on

06-01-2025T10:31:31 - [MESSAGE][PASSED] - Object: 'Object Repository/Master Data/Admin Sekolah/Login/Button Submit' is clicked on

06-01-2025T10:31:31 - [TEST_STEP][PASSED] - click(findTestObject("Pengaturan Sistem/User Managemet/Tambah User Management/Menu User Management")): Object: 'Object Repository/Pengaturan Sistem/User Managemet/Tambah User Management/Menu User Management' is clicked on

06-01-2025T10:31:33 - [MESSAGE][PASSED] - Object: 'Object Repository/Pengaturan Sistem/User Managemet/Tambah User Management/Menu User Management' is clicked on

06-01-2025T10:31:33 - [TEST_STEP][PASSED] - click(findTestObject("Pengaturan Sistem/User Managemet/Unduh dan Upload User Management/Button Unduh")): Object: 'Object Repository/Pengaturan Sistem/User Managemet/Unduh dan Upload User Management/Button Unduh' is clicked on

06-01-2025T10:31:52 - [MESSAGE][PASSED] - Object: 'Object Repository/Pengaturan Sistem/User Managemet/Unduh dan Upload User Management/Button Unduh' is clicked on

06-01-2025T10:31:52 - [TEST_STEP][PASSED] - click(findTestObject("Pengaturan Sistem/User Managemet/Unduh dan Upload User Management/Button Upload")): Object: 'Object Repository/Pengaturan Sistem/User Managemet/Unduh dan Upload User Management/Button Upload' is clicked on

06-01-2025T10:31:54 - [MESSAGE][PASSED] - Object: 'Object Repository/Pengaturan Sistem/User Managemet/Unduh dan Upload User Management/Button Upload' is clicked on

06-01-2025T10:31:54 - [TEST_STEP][PASSED] - click(findTestObject("Pengaturan Sistem/User Managemet/Unduh dan Upload User Management/Unggah File")): Object: 'Object Repository/Pengaturan Sistem/User Managemet/Unduh dan Upload User Management/Unggah File' is clicked on

06-01-2025T10:31:55 - [MESSAGE][PASSED] - Object: 'Object Repository/Pengaturan Sistem/User Managemet/Unduh dan Upload User Management/Unggah File' is clicked on

06-01-2025T10:31:55 - [TEST_STEP][PASSED] - excelUserManagement = "C:\\Users\\user\\Bulk.xlsx": null

06-01-2025T10:31:55 - [TEST_STEP][PASSED] - println("File path: " + excelUserManagement): null

06-01-2025T10:31:55 - [TEST_STEP][PASSED] - if (File(excelUserManagement).exists()): null

06-01-2025T10:31:55 - [TEST_STEP][PASSED] - else: null

06-01-2025T10:31:55 - [TEST_STEP][PASSED] - println("File tidak ditemukan di path: " + excelUserManagement): null

06-01-2025T10:31:55 - [TEST_STEP][PASSED] - closeBrowser(): Browser is closed

06-01-2025T10:31:56 - [MESSAGE][PASSED] - Browser is closed

06-01-2025T10:31:56 - [MESSAGE][PASSED] - Call Test Case 'Test Cases/Pengaturan Sistem/User Management/Unduh dan Upload User Management' successfully

06-01-2025T10:31:56 - [TEST_STEP][PASSED] - println("============================= Loop Again ==============================="): null

06-01-2025T10:31:56 - [TEST_STEP][PASSED] - callTestCase(findTestCase("Test Cases/Pengaturan Sistem/User Management/Tambah User Management"), [:], CONTINUE_ON_FAILURE): Call Test Case 'Test Cases/Pengaturan Sistem/User Management/Tambah User Management' successfully

06-01-2025T10:31:56 - [TEST_CASE][PASSED] - Test Cases/Pengaturan Sistem/User Management/Tambah User Management: Test Cases/Pengaturan Sistem/User Management/Tambah User Management

06-01-2025T10:31:56 - [TEST_STEP][PASSED] - openBrowser("", CONTINUE_ON_FAILURE): Browser is opened with url: ''

06-01-2025T10:31:56 - [MESSAGE][INFO] - Starting 'Chrome' driver

06-01-2025T10:31:56 - [MESSAGE][INFO] - Action delay is set to 0 milliseconds

06-01-2025T10:31:57 - [MESSAGE][PASSED] - Browser is opened with url: ''

06-01-2025T10:31:57 - [TEST_STEP][PASSED] - navigateToUrl("https://sit.siprusedu.com/login", CONTINUE_ON_FAILURE): Navigate to 'https://sit.siprusedu.com/login' successfully

06-01-2025T10:32:08 - [MESSAGE][PASSED] - Navigate to 'https://sit.siprusedu.com/login' successfully

06-01-2025T10:32:08 - [TEST_STEP][PASSED] - setText(findTestObject("Master Data/Admin Sekolah/Login/Field Email"), "admin.gudangsolusi@digiform.co.id", CONTINUE_ON_FAILURE): Text 'admin.gudangsolusi@digiform.co.id' is set on object 'Object Repository/Master Data/Admin Sekolah/Login/Field Email'

06-01-2025T10:32:09 - [MESSAGE][PASSED] - Text 'admin.gudangsolusi@digiform.co.id' is set on object 'Object Repository/Master Data/Admin Sekolah/Login/Field Email'

06-01-2025T10:32:09 - [TEST_STEP][PASSED] - setText(findTestObject("Master Data/Admin Sekolah/Login/Input Password"), "Test1234", CONTINUE_ON_FAILURE): Text 'Test1234' is set on object 'Object Repository/Master Data/Admin Sekolah/Login/Input Password'

06-01-2025T10:32:10 - [MESSAGE][PASSED] - Text 'Test1234' is set on object 'Object Repository/Master Data/Admin Sekolah/Login/Input Password'

06-01-2025T10:32:10 - [TEST_STEP][PASSED] - click(findTestObject("Master Data/Admin Sekolah/Login/Button Submit"), CONTINUE_ON_FAILURE): Object: 'Object Repository/Master Data/Admin Sekolah/Login/Button Submit' is clicked on

06-01-2025T10:32:10 - [MESSAGE][PASSED] - Object: 'Object Repository/Master Data/Admin Sekolah/Login/Button Submit' is clicked on

06-01-2025T10:32:10 - [TEST_STEP][PASSED] - click(findTestObject("Pengaturan Sistem/User Managemet/Tambah User Management/Menu User Management"), CONTINUE_ON_FAILURE): Object: 'Object Repository/Pengaturan Sistem/User Managemet/Tambah User Management/Menu User Management' is clicked on

06-01-2025T10:32:12 - [MESSAGE][PASSED] - Object: 'Object Repository/Pengaturan Sistem/User Managemet/Tambah User Management/Menu User Management' is clicked on

06-01-2025T10:32:12 - [TEST_STEP][PASSED] - click(findTestObject("Pengaturan Sistem/User Managemet/Tambah User Management/Button Tambah")): Object: 'Object Repository/Pengaturan Sistem/User Managemet/Tambah User Management/Button Tambah' is clicked on

06-01-2025T10:32:14 - [MESSAGE][PASSED] - Object: 'Object Repository/Pengaturan Sistem/User Managemet/Tambah User Management/Button Tambah' is clicked on

06-01-2025T10:32:14 - [TEST_STEP][PASSED] - click(findTestObject("Pengaturan Sistem/User Managemet/Tambah User Management/Dropdown Role")): Object: 'Object Repository/Pengaturan Sistem/User Managemet/Tambah User Management/Dropdown Role' is clicked on

06-01-2025T10:32:15 - [MESSAGE][PASSED] - Object: 'Object Repository/Pengaturan Sistem/User Managemet/Tambah User Management/Dropdown Role' is clicked on

06-01-2025T10:32:15 - [TEST_STEP][PASSED] - click(findTestObject("Pengaturan Sistem/User Managemet/Tambah User Management/Orang Tua atau Siswa")): Object: 'Object Repository/Pengaturan Sistem/User Managemet/Tambah User Management/Orang Tua atau Siswa' is clicked on

06-01-2025T10:32:15 - [MESSAGE][PASSED] - Object: 'Object Repository/Pengaturan Sistem/User Managemet/Tambah User Management/Orang Tua atau Siswa' is clicked on

06-01-2025T10:32:15 - [TEST_STEP][PASSED] - minDigits = 5: null

06-01-2025T10:32:15 - [TEST_STEP][PASSED] - maxDigits = 5: null

06-01-2025T10:32:15 - [TEST_STEP][PASSED] - randomLength = Math.random() * maxDigits - minDigits + 1 + minDigits: null

06-01-2025T10:32:15 - [TEST_STEP][PASSED] - randomNumber = String.format("%0" + randomLength + "d", Math.random() * Math.pow(10, randomLength)): null

06-01-2025T10:32:15 - [TEST_STEP][PASSED] - click(findTestObject("Pengaturan Sistem/User Managemet/Tambah User Management/Username")): Object: 'Object Repository/Pengaturan Sistem/User Managemet/Tambah User Management/Username' is clicked on

06-01-2025T10:32:16 - [MESSAGE][PASSED] - Object: 'Object Repository/Pengaturan Sistem/User Managemet/Tambah User Management/Username' is clicked on

06-01-2025T10:32:16 - [TEST_STEP][PASSED] - setText(findTestObject("Pengaturan Sistem/User Managemet/Tambah User Management/Username"), randomNumber): Text '08733' is set on object 'Object Repository/Pengaturan Sistem/User Managemet/Tambah User Management/Username'

06-01-2025T10:32:16 - [MESSAGE][PASSED] - Text '08733' is set on object 'Object Repository/Pengaturan Sistem/User Managemet/Tambah User Management/Username'

06-01-2025T10:32:16 - [TEST_STEP][PASSED] - min = 1000000: null

06-01-2025T10:32:16 - [TEST_STEP][PASSED] - max = 15000000: null

06-01-2025T10:32:16 - [TEST_STEP][PASSED] - randomNumber1 = Math.random() * max - min + min: null

06-01-2025T10:32:16 - [TEST_STEP][PASSED] - emailPrefix = "user" + randomNumber1: null

06-01-2025T10:32:16 - [TEST_STEP][PASSED] - emailDomain = "@testmail.com": null

06-01-2025T10:32:16 - [TEST_STEP][PASSED] - randomEmail = emailPrefix + emailDomain: null

06-01-2025T10:32:16 - [TEST_STEP][PASSED] - click(findTestObject("Pengaturan Sistem/User Managemet/Tambah User Management/Email")): Object: 'Object Repository/Pengaturan Sistem/User Managemet/Tambah User Management/Email' is clicked on

06-01-2025T10:32:16 - [MESSAGE][PASSED] - Object: 'Object Repository/Pengaturan Sistem/User Managemet/Tambah User Management/Email' is clicked on

06-01-2025T10:32:16 - [TEST_STEP][PASSED] - setText(findTestObject("Pengaturan Sistem/User Managemet/Tambah User Management/Email"), randomEmail): Text 'user11630308@testmail.com' is set on object 'Object Repository/Pengaturan Sistem/User Managemet/Tambah User Management/Email'

06-01-2025T10:32:17 - [MESSAGE][PASSED] - Text 'user11630308@testmail.com' is set on object 'Object Repository/Pengaturan Sistem/User Managemet/Tambah User Management/Email'

06-01-2025T10:32:17 - [TEST_STEP][PASSED] - click(findTestObject("Pengaturan Sistem/User Managemet/Tambah User Management/Button Simpan")): Object: 'Object Repository/Pengaturan Sistem/User Managemet/Tambah User Management/Button Simpan' is clicked on

06-01-2025T10:32:17 - [MESSAGE][PASSED] - Object: 'Object Repository/Pengaturan Sistem/User Managemet/Tambah User Management/Button Simpan' is clicked on

06-01-2025T10:32:17 - [MESSAGE][PASSED] - Call Test Case 'Test Cases/Pengaturan Sistem/User Management/Tambah User Management' successfully

06-01-2025T10:32:17 - [TEST_STEP][PASSED] - callTestCase(findTestCase("Test Cases/Pengaturan Sistem/User Management/Edit User Management"), [:], OPTIONAL): Call Test Case 'Test Cases/Pengaturan Sistem/User Management/Edit User Management' successfully

06-01-2025T10:32:17 - [TEST_CASE][PASSED] - Test Cases/Pengaturan Sistem/User Management/Edit User Management: Test Cases/Pengaturan Sistem/User Management/Edit User Management

06-01-2025T10:32:17 - [TEST_STEP][PASSED] - openBrowser("", CONTINUE_ON_FAILURE): Browser is opened with url: ''

06-01-2025T10:32:17 - [MESSAGE][WARNING] - A browser is already opened. Closing browser and opening a new one

06-01-2025T10:32:18 - [MESSAGE][INFO] - Starting 'Chrome' driver

06-01-2025T10:32:18 - [MESSAGE][INFO] - Action delay is set to 0 milliseconds

06-01-2025T10:32:18 - [MESSAGE][PASSED] - Browser is opened with url: ''

06-01-2025T10:32:18 - [TEST_STEP][PASSED] - navigateToUrl("https://sit.siprusedu.com/login", CONTINUE_ON_FAILURE): Navigate to 'https://sit.siprusedu.com/login' successfully

06-01-2025T10:32:19 - [MESSAGE][PASSED] - Navigate to 'https://sit.siprusedu.com/login' successfully

06-01-2025T10:32:19 - [TEST_STEP][PASSED] - setText(findTestObject("Master Data/Admin Sekolah/Login/Field Email"), "admin.gudangsolusi@digiform.co.id", CONTINUE_ON_FAILURE): Text 'admin.gudangsolusi@digiform.co.id' is set on object 'Object Repository/Master Data/Admin Sekolah/Login/Field Email'

06-01-2025T10:32:21 - [MESSAGE][PASSED] - Text 'admin.gudangsolusi@digiform.co.id' is set on object 'Object Repository/Master Data/Admin Sekolah/Login/Field Email'

06-01-2025T10:32:21 - [TEST_STEP][PASSED] - setText(findTestObject("Master Data/Admin Sekolah/Login/Input Password"), "Test1234", CONTINUE_ON_FAILURE): Text 'Test1234' is set on object 'Object Repository/Master Data/Admin Sekolah/Login/Input Password'

06-01-2025T10:32:22 - [MESSAGE][PASSED] - Text 'Test1234' is set on object 'Object Repository/Master Data/Admin Sekolah/Login/Input Password'

06-01-2025T10:32:22 - [TEST_STEP][PASSED] - click(findTestObject("Master Data/Admin Sekolah/Login/Button Submit"), CONTINUE_ON_FAILURE): Object: 'Object Repository/Master Data/Admin Sekolah/Login/Button Submit' is clicked on

06-01-2025T10:32:22 - [MESSAGE][PASSED] - Object: 'Object Repository/Master Data/Admin Sekolah/Login/Button Submit' is clicked on

06-01-2025T10:32:22 - [TEST_STEP][PASSED] - click(findTestObject("Pengaturan Sistem/User Managemet/Tambah User Management/Menu User Management"), CONTINUE_ON_FAILURE): Object: 'Object Repository/Pengaturan Sistem/User Managemet/Tambah User Management/Menu User Management' is clicked on

06-01-2025T10:32:24 - [MESSAGE][PASSED] - Object: 'Object Repository/Pengaturan Sistem/User Managemet/Tambah User Management/Menu User Management' is clicked on

06-01-2025T10:32:24 - [TEST_STEP][PASSED] - click(findTestObject("Pengaturan Sistem/User Managemet/Delete User Management/Tridot Action")): Object: 'Object Repository/Pengaturan Sistem/User Managemet/Delete User Management/Tridot Action' is clicked on

06-01-2025T10:32:26 - [MESSAGE][PASSED] - Object: 'Object Repository/Pengaturan Sistem/User Managemet/Delete User Management/Tridot Action' is clicked on

06-01-2025T10:32:26 - [TEST_STEP][PASSED] - click(findTestObject("Pengaturan Sistem/User Managemet/Edit User Management/Edit")): Object: 'Object Repository/Pengaturan Sistem/User Managemet/Edit User Management/Edit' is clicked on

06-01-2025T10:32:26 - [MESSAGE][PASSED] - Object: 'Object Repository/Pengaturan Sistem/User Managemet/Edit User Management/Edit' is clicked on

06-01-2025T10:32:26 - [TEST_STEP][PASSED] - click(findTestObject("Pengaturan Sistem/User Managemet/Tambah User Management/Username")): Object: 'Object Repository/Pengaturan Sistem/User Managemet/Tambah User Management/Username' is clicked on

06-01-2025T10:32:36 - [MESSAGE][PASSED] - Object: 'Object Repository/Pengaturan Sistem/User Managemet/Tambah User Management/Username' is clicked on

06-01-2025T10:32:36 - [TEST_STEP][PASSED] - delay(3): Delayed 3 second(s)

06-01-2025T10:32:39 - [MESSAGE][PASSED] - Delayed 3 second(s)

06-01-2025T10:32:39 - [TEST_STEP][PASSED] - isTextCleared = false: null

06-01-2025T10:32:39 - [TEST_STEP][PASSED] - while (!(isTextCleared)): null

06-01-2025T10:32:39 - [TEST_STEP][PASSED] - clearText(findTestObject("Pengaturan Sistem/User Managemet/Tambah User Management/Username")): Text of object 'Object Repository/Pengaturan Sistem/User Managemet/Tambah User Management/Username' is cleared

06-01-2025T10:32:39 - [MESSAGE][PASSED] - Text of object 'Object Repository/Pengaturan Sistem/User Managemet/Tambah User Management/Username' is cleared

06-01-2025T10:32:39 - [TEST_STEP][PASSED] - delay(1): Delayed 1 second(s)

06-01-2025T10:32:40 - [MESSAGE][PASSED] - Delayed 1 second(s)

06-01-2025T10:32:40 - [TEST_STEP][PASSED] - currentText = getAttribute(findTestObject("Pengaturan Sistem/User Managemet/Tambah User Management/Username"), "value"): Attribute 'value' of object 'Object Repository/Pengaturan Sistem/User Managemet/Tambah User Management/Username' is: ''

06-01-2025T10:32:40 - [MESSAGE][PASSED] - Attribute 'value' of object 'Object Repository/Pengaturan Sistem/User Managemet/Tambah User Management/Username' is: ''

06-01-2025T10:32:40 - [TEST_STEP][PASSED] - isTextCleared = currentText.isEmpty(): null

06-01-2025T10:32:40 - [TEST_STEP][PASSED] - if (!(isTextCleared)): null

06-01-2025T10:32:40 - [TEST_STEP][PASSED] - randomUsername = "user_" + toString().substring(0, 8): null

06-01-2025T10:32:40 - [TEST_STEP][PASSED] - setText(findTestObject("Pengaturan Sistem/User Managemet/Tambah User Management/Username"), randomUsername): Text 'user_c99e096d' is set on object 'Object Repository/Pengaturan Sistem/User Managemet/Tambah User Management/Username'

06-01-2025T10:32:41 - [MESSAGE][PASSED] - Text 'user_c99e096d' is set on object 'Object Repository/Pengaturan Sistem/User Managemet/Tambah User Management/Username'

06-01-2025T10:32:41 - [TEST_STEP][PASSED] - comment(Teks berhasil di-clear dan teks baru '$randomUsername' telah di-set.): Teks berhasil di-clear dan teks baru 'user_c99e096d' telah di-set.

06-01-2025T10:32:41 - [MESSAGE][INFO] - Teks berhasil di-clear dan teks baru 'user_c99e096d' telah di-set.

06-01-2025T10:32:41 - [TEST_STEP][PASSED] - delay(1): Delayed 1 second(s)

06-01-2025T10:32:42 - [MESSAGE][PASSED] - Delayed 1 second(s)

06-01-2025T10:32:42 - [TEST_STEP][PASSED] - click(findTestObject("Pengaturan Sistem/User Managemet/Edit User Management/Button Simpan")): Object: 'Object Repository/Pengaturan Sistem/User Managemet/Edit User Management/Button Simpan' is clicked on

06-01-2025T10:32:42 - [MESSAGE][PASSED] - Object: 'Object Repository/Pengaturan Sistem/User Managemet/Edit User Management/Button Simpan' is clicked on

06-01-2025T10:32:42 - [TEST_STEP][PASSED] - click(findTestObject("Pengaturan Sistem/User Managemet/Edit User Management/Button YA popup")): Object: 'Object Repository/Pengaturan Sistem/User Managemet/Edit User Management/Button YA popup' is clicked on

06-01-2025T10:32:43 - [MESSAGE][PASSED] - Object: 'Object Repository/Pengaturan Sistem/User Managemet/Edit User Management/Button YA popup' is clicked on

06-01-2025T10:32:43 - [MESSAGE][PASSED] - Call Test Case 'Test Cases/Pengaturan Sistem/User Management/Edit User Management' successfully

06-01-2025T10:32:43 - [TEST_STEP][PASSED] - callTestCase(findTestCase("Test Cases/Pengaturan Sistem/User Management/Delete User Management"), [:], CONTINUE_ON_FAILURE): Call Test Case 'Test Cases/Pengaturan Sistem/User Management/Delete User Management' successfully

06-01-2025T10:32:43 - [TEST_CASE][PASSED] - Test Cases/Pengaturan Sistem/User Management/Delete User Management: Test Cases/Pengaturan Sistem/User Management/Delete User Management

06-01-2025T10:32:43 - [TEST_STEP][PASSED] - openBrowser("", CONTINUE_ON_FAILURE): Browser is opened with url: ''

06-01-2025T10:32:43 - [MESSAGE][WARNING] - A browser is already opened. Closing browser and opening a new one

06-01-2025T10:32:43 - [MESSAGE][INFO] - Starting 'Chrome' driver

06-01-2025T10:32:43 - [MESSAGE][INFO] - Action delay is set to 0 milliseconds

06-01-2025T10:32:44 - [MESSAGE][PASSED] - Browser is opened with url: ''

06-01-2025T10:32:44 - [TEST_STEP][PASSED] - navigateToUrl("https://sit.siprusedu.com/login", CONTINUE_ON_FAILURE): Navigate to 'https://sit.siprusedu.com/login' successfully

06-01-2025T10:32:44 - [MESSAGE][PASSED] - Navigate to 'https://sit.siprusedu.com/login' successfully

06-01-2025T10:32:44 - [TEST_STEP][PASSED] - setText(findTestObject("Master Data/Admin Sekolah/Login/Field Email"), "admin.gudangsolusi@digiform.co.id", CONTINUE_ON_FAILURE): Text 'admin.gudangsolusi@digiform.co.id' is set on object 'Object Repository/Master Data/Admin Sekolah/Login/Field Email'

06-01-2025T10:32:46 - [MESSAGE][PASSED] - Text 'admin.gudangsolusi@digiform.co.id' is set on object 'Object Repository/Master Data/Admin Sekolah/Login/Field Email'

06-01-2025T10:32:46 - [TEST_STEP][PASSED] - setText(findTestObject("Master Data/Admin Sekolah/Login/Input Password"), "Test1234", CONTINUE_ON_FAILURE): Text 'Test1234' is set on object 'Object Repository/Master Data/Admin Sekolah/Login/Input Password'

06-01-2025T10:32:47 - [MESSAGE][PASSED] - Text 'Test1234' is set on object 'Object Repository/Master Data/Admin Sekolah/Login/Input Password'

06-01-2025T10:32:47 - [TEST_STEP][PASSED] - click(findTestObject("Master Data/Admin Sekolah/Login/Button Submit"), CONTINUE_ON_FAILURE): Object: 'Object Repository/Master Data/Admin Sekolah/Login/Button Submit' is clicked on

06-01-2025T10:32:47 - [MESSAGE][PASSED] - Object: 'Object Repository/Master Data/Admin Sekolah/Login/Button Submit' is clicked on

06-01-2025T10:32:47 - [TEST_STEP][PASSED] - click(findTestObject("Pengaturan Sistem/User Managemet/Tambah User Management/Menu User Management"), CONTINUE_ON_FAILURE): Object: 'Object Repository/Pengaturan Sistem/User Managemet/Tambah User Management/Menu User Management' is clicked on

06-01-2025T10:32:49 - [MESSAGE][PASSED] - Object: 'Object Repository/Pengaturan Sistem/User Managemet/Tambah User Management/Menu User Management' is clicked on

06-01-2025T10:32:49 - [TEST_STEP][PASSED] - click(findTestObject("Pengaturan Sistem/User Managemet/Delete User Management/Tridot Action")): Object: 'Object Repository/Pengaturan Sistem/User Managemet/Delete User Management/Tridot Action' is clicked on

06-01-2025T10:33:08 - [MESSAGE][PASSED] - Object: 'Object Repository/Pengaturan Sistem/User Managemet/Delete User Management/Tridot Action' is clicked on

06-01-2025T10:33:08 - [TEST_STEP][PASSED] - click(findTestObject("Pengaturan Sistem/User Managemet/Delete User Management/Hapus")): Object: 'Object Repository/Pengaturan Sistem/User Managemet/Delete User Management/Hapus' is clicked on

06-01-2025T10:33:08 - [MESSAGE][PASSED] - Object: 'Object Repository/Pengaturan Sistem/User Managemet/Delete User Management/Hapus' is clicked on

06-01-2025T10:33:08 - [TEST_STEP][PASSED] - click(findTestObject("Pengaturan Sistem/User Managemet/Delete User Management/Button YA popup")): Object: 'Object Repository/Pengaturan Sistem/User Managemet/Delete User Management/Button YA popup' is clicked on

06-01-2025T10:33:09 - [MESSAGE][PASSED] - Object: 'Object Repository/Pengaturan Sistem/User Managemet/Delete User Management/Button YA popup' is clicked on

06-01-2025T10:33:09 - [MESSAGE][PASSED] - Call Test Case 'Test Cases/Pengaturan Sistem/User Management/Delete User Management' successfully

06-01-2025T10:33:09 - [TEST_STEP][PASSED] - callTestCase(findTestCase("Test Cases/Pengaturan Sistem/User Management/Filter User Management"), [:], CONTINUE_ON_FAILURE): Call Test Case 'Test Cases/Pengaturan Sistem/User Management/Filter User Management' successfully

06-01-2025T10:33:09 - [TEST_CASE][PASSED] - Test Cases/Pengaturan Sistem/User Management/Filter User Management: Test Cases/Pengaturan Sistem/User Management/Filter User Management

06-01-2025T10:33:09 - [TEST_STEP][PASSED] - openBrowser("", CONTINUE_ON_FAILURE): Browser is opened with url: ''

06-01-2025T10:33:09 - [MESSAGE][WARNING] - A browser is already opened. Closing browser and opening a new one

06-01-2025T10:33:09 - [MESSAGE][INFO] - Starting 'Chrome' driver

06-01-2025T10:33:09 - [MESSAGE][INFO] - Action delay is set to 0 milliseconds

06-01-2025T10:33:10 - [MESSAGE][PASSED] - Browser is opened with url: ''

06-01-2025T10:33:10 - [TEST_STEP][PASSED] - navigateToUrl("https://sit.siprusedu.com/login", CONTINUE_ON_FAILURE): Navigate to 'https://sit.siprusedu.com/login' successfully

06-01-2025T10:33:11 - [MESSAGE][PASSED] - Navigate to 'https://sit.siprusedu.com/login' successfully

06-01-2025T10:33:11 - [TEST_STEP][PASSED] - setText(findTestObject("Master Data/Admin Sekolah/Login/Field Email"), "admin.gudangsolusi@digiform.co.id", CONTINUE_ON_FAILURE): Text 'admin.gudangsolusi@digiform.co.id' is set on object 'Object Repository/Master Data/Admin Sekolah/Login/Field Email'

06-01-2025T10:33:12 - [MESSAGE][PASSED] - Text 'admin.gudangsolusi@digiform.co.id' is set on object 'Object Repository/Master Data/Admin Sekolah/Login/Field Email'

06-01-2025T10:33:12 - [TEST_STEP][PASSED] - setText(findTestObject("Master Data/Admin Sekolah/Login/Input Password"), "Test1234", CONTINUE_ON_FAILURE): Text 'Test1234' is set on object 'Object Repository/Master Data/Admin Sekolah/Login/Input Password'

06-01-2025T10:33:13 - [MESSAGE][PASSED] - Text 'Test1234' is set on object 'Object Repository/Master Data/Admin Sekolah/Login/Input Password'

06-01-2025T10:33:13 - [TEST_STEP][PASSED] - click(findTestObject("Master Data/Admin Sekolah/Login/Button Submit"), CONTINUE_ON_FAILURE): Object: 'Object Repository/Master Data/Admin Sekolah/Login/Button Submit' is clicked on

06-01-2025T10:33:13 - [MESSAGE][PASSED] - Object: 'Object Repository/Master Data/Admin Sekolah/Login/Button Submit' is clicked on

06-01-2025T10:33:13 - [TEST_STEP][PASSED] - click(findTestObject("Pengaturan Sistem/User Managemet/Tambah User Management/Menu User Management"), CONTINUE_ON_FAILURE): Object: 'Object Repository/Pengaturan Sistem/User Managemet/Tambah User Management/Menu User Management' is clicked on

06-01-2025T10:33:26 - [MESSAGE][PASSED] - Object: 'Object Repository/Pengaturan Sistem/User Managemet/Tambah User Management/Menu User Management' is clicked on

06-01-2025T10:33:26 - [TEST_STEP][PASSED] - click(findTestObject("Pengaturan Sistem/User Managemet/Filter User Management/Dropdown Status")): Object: 'Object Repository/Pengaturan Sistem/User Managemet/Filter User Management/Dropdown Status' is clicked on

06-01-2025T10:33:40 - [MESSAGE][PASSED] - Object: 'Object Repository/Pengaturan Sistem/User Managemet/Filter User Management/Dropdown Status' is clicked on

06-01-2025T10:33:40 - [TEST_STEP][PASSED] - click(findTestObject("Pengaturan Sistem/User Managemet/Filter User Management/Status Aktif")): Object: 'Object Repository/Pengaturan Sistem/User Managemet/Filter User Management/Status Aktif' is clicked on

06-01-2025T10:33:41 - [MESSAGE][PASSED] - Object: 'Object Repository/Pengaturan Sistem/User Managemet/Filter User Management/Status Aktif' is clicked on

06-01-2025T10:33:41 - [MESSAGE][PASSED] - Call Test Case 'Test Cases/Pengaturan Sistem/User Management/Filter User Management' successfully

06-01-2025T10:33:41 - [TEST_STEP][PASSED] - callTestCase(findTestCase("Test Cases/Pengaturan Sistem/User Management/Unduh dan Upload User Management"), [:], CONTINUE_ON_FAILURE): Call Test Case 'Test Cases/Pengaturan Sistem/User Management/Unduh dan Upload User Management' successfully

06-01-2025T10:33:41 - [TEST_CASE][PASSED] - Test Cases/Pengaturan Sistem/User Management/Unduh dan Upload User Management: Test Cases/Pengaturan Sistem/User Management/Unduh dan Upload User Management

06-01-2025T10:33:41 - [TEST_STEP][PASSED] - openBrowser(""): Browser is opened with url: ''

06-01-2025T10:33:41 - [MESSAGE][WARNING] - A browser is already opened. Closing browser and opening a new one

06-01-2025T10:33:41 - [MESSAGE][INFO] - Starting 'Chrome' driver

06-01-2025T10:33:41 - [MESSAGE][INFO] - Action delay is set to 0 milliseconds

06-01-2025T10:33:41 - [MESSAGE][PASSED] - Browser is opened with url: ''

06-01-2025T10:33:41 - [TEST_STEP][PASSED] - navigateToUrl("https://sit.siprusedu.com/login"): Navigate to 'https://sit.siprusedu.com/login' successfully

06-01-2025T10:33:43 - [MESSAGE][PASSED] - Navigate to 'https://sit.siprusedu.com/login' successfully

06-01-2025T10:33:43 - [TEST_STEP][PASSED] - setText(findTestObject("Master Data/Admin Sekolah/Login/Field Email"), "admin.gudangsolusi@digiform.co.id"): Text 'admin.gudangsolusi@digiform.co.id' is set on object 'Object Repository/Master Data/Admin Sekolah/Login/Field Email'

06-01-2025T10:33:45 - [MESSAGE][PASSED] - Text 'admin.gudangsolusi@digiform.co.id' is set on object 'Object Repository/Master Data/Admin Sekolah/Login/Field Email'

06-01-2025T10:33:45 - [TEST_STEP][PASSED] - setText(findTestObject("Master Data/Admin Sekolah/Login/Input Password"), "Test1234"): Text 'Test1234' is set on object 'Object Repository/Master Data/Admin Sekolah/Login/Input Password'

06-01-2025T10:33:45 - [MESSAGE][PASSED] - Text 'Test1234' is set on object 'Object Repository/Master Data/Admin Sekolah/Login/Input Password'

06-01-2025T10:33:45 - [TEST_STEP][PASSED] - click(findTestObject("Master Data/Admin Sekolah/Login/Button Submit")): Object: 'Object Repository/Master Data/Admin Sekolah/Login/Button Submit' is clicked on

06-01-2025T10:33:46 - [MESSAGE][PASSED] - Object: 'Object Repository/Master Data/Admin Sekolah/Login/Button Submit' is clicked on

06-01-2025T10:33:46 - [TEST_STEP][PASSED] - click(findTestObject("Pengaturan Sistem/User Managemet/Tambah User Management/Menu User Management")): Object: 'Object Repository/Pengaturan Sistem/User Managemet/Tambah User Management/Menu User Management' is clicked on

06-01-2025T10:33:47 - [MESSAGE][PASSED] - Object: 'Object Repository/Pengaturan Sistem/User Managemet/Tambah User Management/Menu User Management' is clicked on

06-01-2025T10:33:47 - [TEST_STEP][PASSED] - click(findTestObject("Pengaturan Sistem/User Managemet/Unduh dan Upload User Management/Button Unduh")): Object: 'Object Repository/Pengaturan Sistem/User Managemet/Unduh dan Upload User Management/Button Unduh' is clicked on

06-01-2025T10:33:49 - [MESSAGE][PASSED] - Object: 'Object Repository/Pengaturan Sistem/User Managemet/Unduh dan Upload User Management/Button Unduh' is clicked on

06-01-2025T10:33:49 - [TEST_STEP][PASSED] - click(findTestObject("Pengaturan Sistem/User Managemet/Unduh dan Upload User Management/Button Upload")): Object: 'Object Repository/Pengaturan Sistem/User Managemet/Unduh dan Upload User Management/Button Upload' is clicked on

06-01-2025T10:33:50 - [MESSAGE][PASSED] - Object: 'Object Repository/Pengaturan Sistem/User Managemet/Unduh dan Upload User Management/Button Upload' is clicked on

06-01-2025T10:33:50 - [TEST_STEP][PASSED] - click(findTestObject("Pengaturan Sistem/User Managemet/Unduh dan Upload User Management/Unggah File")): Object: 'Object Repository/Pengaturan Sistem/User Managemet/Unduh dan Upload User Management/Unggah File' is clicked on

06-01-2025T10:33:50 - [MESSAGE][PASSED] - Object: 'Object Repository/Pengaturan Sistem/User Managemet/Unduh dan Upload User Management/Unggah File' is clicked on

06-01-2025T10:33:50 - [TEST_STEP][PASSED] - excelUserManagement = "C:\\Users\\user\\Bulk.xlsx": null

06-01-2025T10:33:50 - [TEST_STEP][PASSED] - println("File path: " + excelUserManagement): null

06-01-2025T10:33:50 - [TEST_STEP][PASSED] - if (File(excelUserManagement).exists()): null

06-01-2025T10:33:50 - [TEST_STEP][PASSED] - else: null

06-01-2025T10:33:50 - [TEST_STEP][PASSED] - println("File tidak ditemukan di path: " + excelUserManagement): null

06-01-2025T10:33:50 - [TEST_STEP][PASSED] - closeBrowser(): Browser is closed

06-01-2025T10:33:52 - [MESSAGE][PASSED] - Browser is closed

06-01-2025T10:33:52 - [MESSAGE][PASSED] - Call Test Case 'Test Cases/Pengaturan Sistem/User Management/Unduh dan Upload User Management' successfully

06-01-2025T10:33:52 - [TEST_STEP][PASSED] - println("============================= Loop Again ==============================="): null

06-01-2025T10:33:52 - [TEST_STEP][PASSED] - callTestCase(findTestCase("Test Cases/Pengaturan Sistem/User Management/Tambah User Management"), [:], CONTINUE_ON_FAILURE): Call Test Case 'Test Cases/Pengaturan Sistem/User Management/Tambah User Management' successfully

06-01-2025T10:33:52 - [TEST_CASE][PASSED] - Test Cases/Pengaturan Sistem/User Management/Tambah User Management: Test Cases/Pengaturan Sistem/User Management/Tambah User Management

06-01-2025T10:33:52 - [TEST_STEP][PASSED] - openBrowser("", CONTINUE_ON_FAILURE): Browser is opened with url: ''

06-01-2025T10:33:52 - [MESSAGE][INFO] - Starting 'Chrome' driver

06-01-2025T10:33:52 - [MESSAGE][INFO] - Action delay is set to 0 milliseconds

06-01-2025T10:33:53 - [MESSAGE][PASSED] - Browser is opened with url: ''

06-01-2025T10:33:53 - [TEST_STEP][PASSED] - navigateToUrl("https://sit.siprusedu.com/login", CONTINUE_ON_FAILURE): Navigate to 'https://sit.siprusedu.com/login' successfully

06-01-2025T10:33:53 - [MESSAGE][PASSED] - Navigate to 'https://sit.siprusedu.com/login' successfully

06-01-2025T10:33:53 - [TEST_STEP][PASSED] - setText(findTestObject("Master Data/Admin Sekolah/Login/Field Email"), "admin.gudangsolusi@digiform.co.id", CONTINUE_ON_FAILURE): Text 'admin.gudangsolusi@digiform.co.id' is set on object 'Object Repository/Master Data/Admin Sekolah/Login/Field Email'

06-01-2025T10:33:55 - [MESSAGE][PASSED] - Text 'admin.gudangsolusi@digiform.co.id' is set on object 'Object Repository/Master Data/Admin Sekolah/Login/Field Email'

06-01-2025T10:33:55 - [TEST_STEP][PASSED] - setText(findTestObject("Master Data/Admin Sekolah/Login/Input Password"), "Test1234", CONTINUE_ON_FAILURE): Text 'Test1234' is set on object 'Object Repository/Master Data/Admin Sekolah/Login/Input Password'

06-01-2025T10:33:56 - [MESSAGE][PASSED] - Text 'Test1234' is set on object 'Object Repository/Master Data/Admin Sekolah/Login/Input Password'

06-01-2025T10:33:56 - [TEST_STEP][PASSED] - click(findTestObject("Master Data/Admin Sekolah/Login/Button Submit"), CONTINUE_ON_FAILURE): Object: 'Object Repository/Master Data/Admin Sekolah/Login/Button Submit' is clicked on

06-01-2025T10:33:56 - [MESSAGE][PASSED] - Object: 'Object Repository/Master Data/Admin Sekolah/Login/Button Submit' is clicked on

06-01-2025T10:33:56 - [TEST_STEP][PASSED] - click(findTestObject("Pengaturan Sistem/User Managemet/Tambah User Management/Menu User Management"), CONTINUE_ON_FAILURE): Object: 'Object Repository/Pengaturan Sistem/User Managemet/Tambah User Management/Menu User Management' is clicked on

06-01-2025T10:33:58 - [MESSAGE][PASSED] - Object: 'Object Repository/Pengaturan Sistem/User Managemet/Tambah User Management/Menu User Management' is clicked on

06-01-2025T10:33:58 - [TEST_STEP][PASSED] - click(findTestObject("Pengaturan Sistem/User Managemet/Tambah User Management/Button Tambah")): Object: 'Object Repository/Pengaturan Sistem/User Managemet/Tambah User Management/Button Tambah' is clicked on

06-01-2025T10:33:59 - [MESSAGE][PASSED] - Object: 'Object Repository/Pengaturan Sistem/User Managemet/Tambah User Management/Button Tambah' is clicked on

06-01-2025T10:33:59 - [TEST_STEP][PASSED] - click(findTestObject("Pengaturan Sistem/User Managemet/Tambah User Management/Dropdown Role")): Object: 'Object Repository/Pengaturan Sistem/User Managemet/Tambah User Management/Dropdown Role' is clicked on

06-01-2025T10:34:00 - [MESSAGE][PASSED] - Object: 'Object Repository/Pengaturan Sistem/User Managemet/Tambah User Management/Dropdown Role' is clicked on

06-01-2025T10:34:00 - [TEST_STEP][PASSED] - click(findTestObject("Pengaturan Sistem/User Managemet/Tambah User Management/Orang Tua atau Siswa")): Object: 'Object Repository/Pengaturan Sistem/User Managemet/Tambah User Management/Orang Tua atau Siswa' is clicked on

06-01-2025T10:34:00 - [MESSAGE][PASSED] - Object: 'Object Repository/Pengaturan Sistem/User Managemet/Tambah User Management/Orang Tua atau Siswa' is clicked on

06-01-2025T10:34:00 - [TEST_STEP][PASSED] - minDigits = 5: null

06-01-2025T10:34:00 - [TEST_STEP][PASSED] - maxDigits = 5: null

06-01-2025T10:34:00 - [TEST_STEP][PASSED] - randomLength = Math.random() * maxDigits - minDigits + 1 + minDigits: null

06-01-2025T10:34:00 - [TEST_STEP][PASSED] - randomNumber = String.format("%0" + randomLength + "d", Math.random() * Math.pow(10, randomLength)): null

06-01-2025T10:34:00 - [TEST_STEP][PASSED] - click(findTestObject("Pengaturan Sistem/User Managemet/Tambah User Management/Username")): Object: 'Object Repository/Pengaturan Sistem/User Managemet/Tambah User Management/Username' is clicked on

06-01-2025T10:34:00 - [MESSAGE][PASSED] - Object: 'Object Repository/Pengaturan Sistem/User Managemet/Tambah User Management/Username' is clicked on

06-01-2025T10:34:00 - [TEST_STEP][PASSED] - setText(findTestObject("Pengaturan Sistem/User Managemet/Tambah User Management/Username"), randomNumber): Text '95854' is set on object 'Object Repository/Pengaturan Sistem/User Managemet/Tambah User Management/Username'

06-01-2025T10:34:01 - [MESSAGE][PASSED] - Text '95854' is set on object 'Object Repository/Pengaturan Sistem/User Managemet/Tambah User Management/Username'

06-01-2025T10:34:01 - [TEST_STEP][PASSED] - min = 1000000: null

06-01-2025T10:34:01 - [TEST_STEP][PASSED] - max = 15000000: null

06-01-2025T10:34:01 - [TEST_STEP][PASSED] - randomNumber1 = Math.random() * max - min + min: null

06-01-2025T10:34:01 - [TEST_STEP][PASSED] - emailPrefix = "user" + randomNumber1: null

06-01-2025T10:34:01 - [TEST_STEP][PASSED] - emailDomain = "@testmail.com": null

06-01-2025T10:34:01 - [TEST_STEP][PASSED] - randomEmail = emailPrefix + emailDomain: null

06-01-2025T10:34:01 - [TEST_STEP][PASSED] - click(findTestObject("Pengaturan Sistem/User Managemet/Tambah User Management/Email")): Object: 'Object Repository/Pengaturan Sistem/User Managemet/Tambah User Management/Email' is clicked on

06-01-2025T10:34:01 - [MESSAGE][PASSED] - Object: 'Object Repository/Pengaturan Sistem/User Managemet/Tambah User Management/Email' is clicked on

06-01-2025T10:34:01 - [TEST_STEP][PASSED] - setText(findTestObject("Pengaturan Sistem/User Managemet/Tambah User Management/Email"), randomEmail): Text 'user11034171@testmail.com' is set on object 'Object Repository/Pengaturan Sistem/User Managemet/Tambah User Management/Email'

06-01-2025T10:34:02 - [MESSAGE][PASSED] - Text 'user11034171@testmail.com' is set on object 'Object Repository/Pengaturan Sistem/User Managemet/Tambah User Management/Email'

06-01-2025T10:34:02 - [TEST_STEP][PASSED] - click(findTestObject("Pengaturan Sistem/User Managemet/Tambah User Management/Button Simpan")): Object: 'Object Repository/Pengaturan Sistem/User Managemet/Tambah User Management/Button Simpan' is clicked on

06-01-2025T10:34:02 - [MESSAGE][PASSED] - Object: 'Object Repository/Pengaturan Sistem/User Managemet/Tambah User Management/Button Simpan' is clicked on

06-01-2025T10:34:02 - [MESSAGE][PASSED] - Call Test Case 'Test Cases/Pengaturan Sistem/User Management/Tambah User Management' successfully

06-01-2025T10:34:02 - [TEST_STEP][PASSED] - callTestCase(findTestCase("Test Cases/Pengaturan Sistem/User Management/Edit User Management"), [:], OPTIONAL): Call Test Case 'Test Cases/Pengaturan Sistem/User Management/Edit User Management' successfully

06-01-2025T10:34:02 - [TEST_CASE][PASSED] - Test Cases/Pengaturan Sistem/User Management/Edit User Management: Test Cases/Pengaturan Sistem/User Management/Edit User Management

06-01-2025T10:34:02 - [TEST_STEP][PASSED] - openBrowser("", CONTINUE_ON_FAILURE): Browser is opened with url: ''

06-01-2025T10:34:02 - [MESSAGE][WARNING] - A browser is already opened. Closing browser and opening a new one

06-01-2025T10:34:02 - [MESSAGE][INFO] - Starting 'Chrome' driver

06-01-2025T10:34:02 - [MESSAGE][INFO] - Action delay is set to 0 milliseconds

06-01-2025T10:34:03 - [MESSAGE][PASSED] - Browser is opened with url: ''

06-01-2025T10:34:03 - [TEST_STEP][PASSED] - navigateToUrl("https://sit.siprusedu.com/login", CONTINUE_ON_FAILURE): Navigate to 'https://sit.siprusedu.com/login' successfully

06-01-2025T10:34:04 - [MESSAGE][PASSED] - Navigate to 'https://sit.siprusedu.com/login' successfully

06-01-2025T10:34:04 - [TEST_STEP][PASSED] - setText(findTestObject("Master Data/Admin Sekolah/Login/Field Email"), "admin.gudangsolusi@digiform.co.id", CONTINUE_ON_FAILURE): Text 'admin.gudangsolusi@digiform.co.id' is set on object 'Object Repository/Master Data/Admin Sekolah/Login/Field Email'

06-01-2025T10:34:06 - [MESSAGE][PASSED] - Text 'admin.gudangsolusi@digiform.co.id' is set on object 'Object Repository/Master Data/Admin Sekolah/Login/Field Email'

06-01-2025T10:34:06 - [TEST_STEP][PASSED] - setText(findTestObject("Master Data/Admin Sekolah/Login/Input Password"), "Test1234", CONTINUE_ON_FAILURE): Text 'Test1234' is set on object 'Object Repository/Master Data/Admin Sekolah/Login/Input Password'

06-01-2025T10:34:07 - [MESSAGE][PASSED] - Text 'Test1234' is set on object 'Object Repository/Master Data/Admin Sekolah/Login/Input Password'

06-01-2025T10:34:07 - [TEST_STEP][PASSED] - click(findTestObject("Master Data/Admin Sekolah/Login/Button Submit"), CONTINUE_ON_FAILURE): Object: 'Object Repository/Master Data/Admin Sekolah/Login/Button Submit' is clicked on

06-01-2025T10:34:07 - [MESSAGE][PASSED] - Object: 'Object Repository/Master Data/Admin Sekolah/Login/Button Submit' is clicked on

06-01-2025T10:34:07 - [TEST_STEP][PASSED] - click(findTestObject("Pengaturan Sistem/User Managemet/Tambah User Management/Menu User Management"), CONTINUE_ON_FAILURE): Object: 'Object Repository/Pengaturan Sistem/User Managemet/Tambah User Management/Menu User Management' is clicked on

06-01-2025T10:34:08 - [MESSAGE][PASSED] - Object: 'Object Repository/Pengaturan Sistem/User Managemet/Tambah User Management/Menu User Management' is clicked on

06-01-2025T10:34:08 - [TEST_STEP][PASSED] - click(findTestObject("Pengaturan Sistem/User Managemet/Delete User Management/Tridot Action")): Object: 'Object Repository/Pengaturan Sistem/User Managemet/Delete User Management/Tridot Action' is clicked on

06-01-2025T10:34:10 - [MESSAGE][PASSED] - Object: 'Object Repository/Pengaturan Sistem/User Managemet/Delete User Management/Tridot Action' is clicked on

06-01-2025T10:34:10 - [TEST_STEP][PASSED] - click(findTestObject("Pengaturan Sistem/User Managemet/Edit User Management/Edit")): Object: 'Object Repository/Pengaturan Sistem/User Managemet/Edit User Management/Edit' is clicked on

06-01-2025T10:34:11 - [MESSAGE][PASSED] - Object: 'Object Repository/Pengaturan Sistem/User Managemet/Edit User Management/Edit' is clicked on

06-01-2025T10:34:11 - [TEST_STEP][PASSED] - click(findTestObject("Pengaturan Sistem/User Managemet/Tambah User Management/Username")): Object: 'Object Repository/Pengaturan Sistem/User Managemet/Tambah User Management/Username' is clicked on

06-01-2025T10:34:28 - [MESSAGE][PASSED] - Object: 'Object Repository/Pengaturan Sistem/User Managemet/Tambah User Management/Username' is clicked on

06-01-2025T10:34:28 - [TEST_STEP][PASSED] - delay(3): Delayed 3 second(s)

06-01-2025T10:34:31 - [MESSAGE][PASSED] - Delayed 3 second(s)

06-01-2025T10:34:31 - [TEST_STEP][PASSED] - isTextCleared = false: null

06-01-2025T10:34:31 - [TEST_STEP][PASSED] - while (!(isTextCleared)): null

06-01-2025T10:34:31 - [TEST_STEP][PASSED] - clearText(findTestObject("Pengaturan Sistem/User Managemet/Tambah User Management/Username")): Text of object 'Object Repository/Pengaturan Sistem/User Managemet/Tambah User Management/Username' is cleared

06-01-2025T10:34:31 - [MESSAGE][PASSED] - Text of object 'Object Repository/Pengaturan Sistem/User Managemet/Tambah User Management/Username' is cleared

06-01-2025T10:34:31 - [TEST_STEP][PASSED] - delay(1): Delayed 1 second(s)

06-01-2025T10:34:32 - [MESSAGE][PASSED] - Delayed 1 second(s)

06-01-2025T10:34:32 - [TEST_STEP][PASSED] - currentText = getAttribute(findTestObject("Pengaturan Sistem/User Managemet/Tambah User Management/Username"), "value"): Attribute 'value' of object 'Object Repository/Pengaturan Sistem/User Managemet/Tambah User Management/Username' is: ''

06-01-2025T10:34:33 - [MESSAGE][PASSED] - Attribute 'value' of object 'Object Repository/Pengaturan Sistem/User Managemet/Tambah User Management/Username' is: ''

06-01-2025T10:34:33 - [TEST_STEP][PASSED] - isTextCleared = currentText.isEmpty(): null

06-01-2025T10:34:33 - [TEST_STEP][PASSED] - if (!(isTextCleared)): null

06-01-2025T10:34:33 - [TEST_STEP][PASSED] - randomUsername = "user_" + toString().substring(0, 8): null

06-01-2025T10:34:33 - [TEST_STEP][PASSED] - setText(findTestObject("Pengaturan Sistem/User Managemet/Tambah User Management/Username"), randomUsername): Text 'user_a935886c' is set on object 'Object Repository/Pengaturan Sistem/User Managemet/Tambah User Management/Username'

06-01-2025T10:34:33 - [MESSAGE][PASSED] - Text 'user_a935886c' is set on object 'Object Repository/Pengaturan Sistem/User Managemet/Tambah User Management/Username'

06-01-2025T10:34:33 - [TEST_STEP][PASSED] - comment(Teks berhasil di-clear dan teks baru '$randomUsername' telah di-set.): Teks berhasil di-clear dan teks baru 'user_a935886c' telah di-set.

06-01-2025T10:34:33 - [MESSAGE][INFO] - Teks berhasil di-clear dan teks baru 'user_a935886c' telah di-set.

06-01-2025T10:34:33 - [TEST_STEP][PASSED] - delay(1): Delayed 1 second(s)

06-01-2025T10:34:34 - [MESSAGE][PASSED] - Delayed 1 second(s)

06-01-2025T10:34:34 - [TEST_STEP][PASSED] - click(findTestObject("Pengaturan Sistem/User Managemet/Edit User Management/Button Simpan")): Object: 'Object Repository/Pengaturan Sistem/User Managemet/Edit User Management/Button Simpan' is clicked on

06-01-2025T10:34:34 - [MESSAGE][PASSED] - Object: 'Object Repository/Pengaturan Sistem/User Managemet/Edit User Management/Button Simpan' is clicked on

06-01-2025T10:34:34 - [TEST_STEP][PASSED] - click(findTestObject("Pengaturan Sistem/User Managemet/Edit User Management/Button YA popup")): Object: 'Object Repository/Pengaturan Sistem/User Managemet/Edit User Management/Button YA popup' is clicked on

06-01-2025T10:34:35 - [MESSAGE][PASSED] - Object: 'Object Repository/Pengaturan Sistem/User Managemet/Edit User Management/Button YA popup' is clicked on

06-01-2025T10:34:35 - [MESSAGE][PASSED] - Call Test Case 'Test Cases/Pengaturan Sistem/User Management/Edit User Management' successfully

06-01-2025T10:34:35 - [TEST_STEP][PASSED] - callTestCase(findTestCase("Test Cases/Pengaturan Sistem/User Management/Delete User Management"), [:], CONTINUE_ON_FAILURE): Call Test Case 'Test Cases/Pengaturan Sistem/User Management/Delete User Management' successfully

06-01-2025T10:34:35 - [TEST_CASE][PASSED] - Test Cases/Pengaturan Sistem/User Management/Delete User Management: Test Cases/Pengaturan Sistem/User Management/Delete User Management

06-01-2025T10:34:35 - [TEST_STEP][PASSED] - openBrowser("", CONTINUE_ON_FAILURE): Browser is opened with url: ''

06-01-2025T10:34:35 - [MESSAGE][WARNING] - A browser is already opened. Closing browser and opening a new one

06-01-2025T10:34:35 - [MESSAGE][INFO] - Starting 'Chrome' driver

06-01-2025T10:34:35 - [MESSAGE][INFO] - Action delay is set to 0 milliseconds

06-01-2025T10:34:36 - [MESSAGE][PASSED] - Browser is opened with url: ''

06-01-2025T10:34:36 - [TEST_STEP][PASSED] - navigateToUrl("https://sit.siprusedu.com/login", CONTINUE_ON_FAILURE): Navigate to 'https://sit.siprusedu.com/login' successfully

06-01-2025T10:34:37 - [MESSAGE][PASSED] - Navigate to 'https://sit.siprusedu.com/login' successfully

06-01-2025T10:34:37 - [TEST_STEP][PASSED] - setText(findTestObject("Master Data/Admin Sekolah/Login/Field Email"), "admin.gudangsolusi@digiform.co.id", CONTINUE_ON_FAILURE): Text 'admin.gudangsolusi@digiform.co.id' is set on object 'Object Repository/Master Data/Admin Sekolah/Login/Field Email'

06-01-2025T10:34:38 - [MESSAGE][PASSED] - Text 'admin.gudangsolusi@digiform.co.id' is set on object 'Object Repository/Master Data/Admin Sekolah/Login/Field Email'

06-01-2025T10:34:38 - [TEST_STEP][PASSED] - setText(findTestObject("Master Data/Admin Sekolah/Login/Input Password"), "Test1234", CONTINUE_ON_FAILURE): Text 'Test1234' is set on object 'Object Repository/Master Data/Admin Sekolah/Login/Input Password'

06-01-2025T10:34:39 - [MESSAGE][PASSED] - Text 'Test1234' is set on object 'Object Repository/Master Data/Admin Sekolah/Login/Input Password'

06-01-2025T10:34:39 - [TEST_STEP][PASSED] - click(findTestObject("Master Data/Admin Sekolah/Login/Button Submit"), CONTINUE_ON_FAILURE): Object: 'Object Repository/Master Data/Admin Sekolah/Login/Button Submit' is clicked on

06-01-2025T10:34:39 - [MESSAGE][PASSED] - Object: 'Object Repository/Master Data/Admin Sekolah/Login/Button Submit' is clicked on

06-01-2025T10:34:39 - [TEST_STEP][PASSED] - click(findTestObject("Pengaturan Sistem/User Managemet/Tambah User Management/Menu User Management"), CONTINUE_ON_FAILURE): Object: 'Object Repository/Pengaturan Sistem/User Managemet/Tambah User Management/Menu User Management' is clicked on

06-01-2025T10:34:41 - [MESSAGE][PASSED] - Object: 'Object Repository/Pengaturan Sistem/User Managemet/Tambah User Management/Menu User Management' is clicked on

06-01-2025T10:34:41 - [TEST_STEP][PASSED] - click(findTestObject("Pengaturan Sistem/User Managemet/Delete User Management/Tridot Action")): Object: 'Object Repository/Pengaturan Sistem/User Managemet/Delete User Management/Tridot Action' is clicked on

06-01-2025T10:34:44 - [MESSAGE][PASSED] - Object: 'Object Repository/Pengaturan Sistem/User Managemet/Delete User Management/Tridot Action' is clicked on

06-01-2025T10:34:44 - [TEST_STEP][PASSED] - click(findTestObject("Pengaturan Sistem/User Managemet/Delete User Management/Hapus")): Object: 'Object Repository/Pengaturan Sistem/User Managemet/Delete User Management/Hapus' is clicked on

06-01-2025T10:34:44 - [MESSAGE][PASSED] - Object: 'Object Repository/Pengaturan Sistem/User Managemet/Delete User Management/Hapus' is clicked on

06-01-2025T10:34:44 - [TEST_STEP][PASSED] - click(findTestObject("Pengaturan Sistem/User Managemet/Delete User Management/Button YA popup")): Object: 'Object Repository/Pengaturan Sistem/User Managemet/Delete User Management/Button YA popup' is clicked on

06-01-2025T10:34:45 - [MESSAGE][PASSED] - Object: 'Object Repository/Pengaturan Sistem/User Managemet/Delete User Management/Button YA popup' is clicked on

06-01-2025T10:34:45 - [MESSAGE][PASSED] - Call Test Case 'Test Cases/Pengaturan Sistem/User Management/Delete User Management' successfully

06-01-2025T10:34:45 - [TEST_STEP][PASSED] - callTestCase(findTestCase("Test Cases/Pengaturan Sistem/User Management/Filter User Management"), [:], CONTINUE_ON_FAILURE): Call Test Case 'Test Cases/Pengaturan Sistem/User Management/Filter User Management' successfully

06-01-2025T10:34:45 - [TEST_CASE][PASSED] - Test Cases/Pengaturan Sistem/User Management/Filter User Management: Test Cases/Pengaturan Sistem/User Management/Filter User Management

06-01-2025T10:34:45 - [TEST_STEP][PASSED] - openBrowser("", CONTINUE_ON_FAILURE): Browser is opened with url: ''

06-01-2025T10:34:45 - [MESSAGE][WARNING] - A browser is already opened. Closing browser and opening a new one

06-01-2025T10:34:45 - [MESSAGE][INFO] - Starting 'Chrome' driver

06-01-2025T10:34:45 - [MESSAGE][INFO] - Action delay is set to 0 milliseconds

06-01-2025T10:34:46 - [MESSAGE][PASSED] - Browser is opened with url: ''

06-01-2025T10:34:46 - [TEST_STEP][PASSED] - navigateToUrl("https://sit.siprusedu.com/login", CONTINUE_ON_FAILURE): Navigate to 'https://sit.siprusedu.com/login' successfully

06-01-2025T10:34:47 - [MESSAGE][PASSED] - Navigate to 'https://sit.siprusedu.com/login' successfully

06-01-2025T10:34:47 - [TEST_STEP][PASSED] - setText(findTestObject("Master Data/Admin Sekolah/Login/Field Email"), "admin.gudangsolusi@digiform.co.id", CONTINUE_ON_FAILURE): Text 'admin.gudangsolusi@digiform.co.id' is set on object 'Object Repository/Master Data/Admin Sekolah/Login/Field Email'

06-01-2025T10:34:49 - [MESSAGE][PASSED] - Text 'admin.gudangsolusi@digiform.co.id' is set on object 'Object Repository/Master Data/Admin Sekolah/Login/Field Email'

06-01-2025T10:34:49 - [TEST_STEP][PASSED] - setText(findTestObject("Master Data/Admin Sekolah/Login/Input Password"), "Test1234", CONTINUE_ON_FAILURE): Text 'Test1234' is set on object 'Object Repository/Master Data/Admin Sekolah/Login/Input Password'

06-01-2025T10:34:49 - [MESSAGE][PASSED] - Text 'Test1234' is set on object 'Object Repository/Master Data/Admin Sekolah/Login/Input Password'

06-01-2025T10:34:49 - [TEST_STEP][PASSED] - click(findTestObject("Master Data/Admin Sekolah/Login/Button Submit"), CONTINUE_ON_FAILURE): Object: 'Object Repository/Master Data/Admin Sekolah/Login/Button Submit' is clicked on

06-01-2025T10:34:49 - [MESSAGE][PASSED] - Object: 'Object Repository/Master Data/Admin Sekolah/Login/Button Submit' is clicked on

06-01-2025T10:34:49 - [TEST_STEP][PASSED] - click(findTestObject("Pengaturan Sistem/User Managemet/Tambah User Management/Menu User Management"), CONTINUE_ON_FAILURE): Object: 'Object Repository/Pengaturan Sistem/User Managemet/Tambah User Management/Menu User Management' is clicked on

06-01-2025T10:34:51 - [MESSAGE][PASSED] - Object: 'Object Repository/Pengaturan Sistem/User Managemet/Tambah User Management/Menu User Management' is clicked on

06-01-2025T10:34:51 - [TEST_STEP][PASSED] - click(findTestObject("Pengaturan Sistem/User Managemet/Filter User Management/Dropdown Status")): Object: 'Object Repository/Pengaturan Sistem/User Managemet/Filter User Management/Dropdown Status' is clicked on

06-01-2025T10:34:52 - [MESSAGE][PASSED] - Object: 'Object Repository/Pengaturan Sistem/User Managemet/Filter User Management/Dropdown Status' is clicked on

06-01-2025T10:34:52 - [TEST_STEP][PASSED] - click(findTestObject("Pengaturan Sistem/User Managemet/Filter User Management/Status Aktif")): Object: 'Object Repository/Pengaturan Sistem/User Managemet/Filter User Management/Status Aktif' is clicked on

06-01-2025T10:34:52 - [MESSAGE][PASSED] - Object: 'Object Repository/Pengaturan Sistem/User Managemet/Filter User Management/Status Aktif' is clicked on

06-01-2025T10:34:52 - [MESSAGE][PASSED] - Call Test Case 'Test Cases/Pengaturan Sistem/User Management/Filter User Management' successfully

06-01-2025T10:34:52 - [TEST_STEP][PASSED] - callTestCase(findTestCase("Test Cases/Pengaturan Sistem/User Management/Unduh dan Upload User Management"), [:], CONTINUE_ON_FAILURE): Call Test Case 'Test Cases/Pengaturan Sistem/User Management/Unduh dan Upload User Management' successfully

06-01-2025T10:34:52 - [TEST_CASE][PASSED] - Test Cases/Pengaturan Sistem/User Management/Unduh dan Upload User Management: Test Cases/Pengaturan Sistem/User Management/Unduh dan Upload User Management

06-01-2025T10:34:52 - [TEST_STEP][PASSED] - openBrowser(""): Browser is opened with url: ''

06-01-2025T10:34:52 - [MESSAGE][WARNING] - A browser is already opened. Closing browser and opening a new one

06-01-2025T10:34:52 - [MESSAGE][INFO] - Starting 'Chrome' driver

06-01-2025T10:34:52 - [MESSAGE][INFO] - Action delay is set to 0 milliseconds

06-01-2025T10:34:53 - [MESSAGE][PASSED] - Browser is opened with url: ''

06-01-2025T10:34:53 - [TEST_STEP][PASSED] - navigateToUrl("https://sit.siprusedu.com/login"): Navigate to 'https://sit.siprusedu.com/login' successfully

06-01-2025T10:34:54 - [MESSAGE][PASSED] - Navigate to 'https://sit.siprusedu.com/login' successfully

06-01-2025T10:34:54 - [TEST_STEP][PASSED] - setText(findTestObject("Master Data/Admin Sekolah/Login/Field Email"), "admin.gudangsolusi@digiform.co.id"): Text 'admin.gudangsolusi@digiform.co.id' is set on object 'Object Repository/Master Data/Admin Sekolah/Login/Field Email'

06-01-2025T10:34:56 - [MESSAGE][PASSED] - Text 'admin.gudangsolusi@digiform.co.id' is set on object 'Object Repository/Master Data/Admin Sekolah/Login/Field Email'

06-01-2025T10:34:56 - [TEST_STEP][PASSED] - setText(findTestObject("Master Data/Admin Sekolah/Login/Input Password"), "Test1234"): Text 'Test1234' is set on object 'Object Repository/Master Data/Admin Sekolah/Login/Input Password'

06-01-2025T10:34:56 - [MESSAGE][PASSED] - Text 'Test1234' is set on object 'Object Repository/Master Data/Admin Sekolah/Login/Input Password'

06-01-2025T10:34:56 - [TEST_STEP][PASSED] - click(findTestObject("Master Data/Admin Sekolah/Login/Button Submit")): Object: 'Object Repository/Master Data/Admin Sekolah/Login/Button Submit' is clicked on

06-01-2025T10:34:57 - [MESSAGE][PASSED] - Object: 'Object Repository/Master Data/Admin Sekolah/Login/Button Submit' is clicked on

06-01-2025T10:34:57 - [TEST_STEP][PASSED] - click(findTestObject("Pengaturan Sistem/User Managemet/Tambah User Management/Menu User Management")): Object: 'Object Repository/Pengaturan Sistem/User Managemet/Tambah User Management/Menu User Management' is clicked on

06-01-2025T10:34:59 - [MESSAGE][PASSED] - Object: 'Object Repository/Pengaturan Sistem/User Managemet/Tambah User Management/Menu User Management' is clicked on

06-01-2025T10:34:59 - [TEST_STEP][PASSED] - click(findTestObject("Pengaturan Sistem/User Managemet/Unduh dan Upload User Management/Button Unduh")): Object: 'Object Repository/Pengaturan Sistem/User Managemet/Unduh dan Upload User Management/Button Unduh' is clicked on

06-01-2025T10:35:00 - [MESSAGE][PASSED] - Object: 'Object Repository/Pengaturan Sistem/User Managemet/Unduh dan Upload User Management/Button Unduh' is clicked on

06-01-2025T10:35:00 - [TEST_STEP][PASSED] - click(findTestObject("Pengaturan Sistem/User Managemet/Unduh dan Upload User Management/Button Upload")): Object: 'Object Repository/Pengaturan Sistem/User Managemet/Unduh dan Upload User Management/Button Upload' is clicked on

06-01-2025T10:35:01 - [MESSAGE][PASSED] - Object: 'Object Repository/Pengaturan Sistem/User Managemet/Unduh dan Upload User Management/Button Upload' is clicked on

06-01-2025T10:35:01 - [TEST_STEP][PASSED] - click(findTestObject("Pengaturan Sistem/User Managemet/Unduh dan Upload User Management/Unggah File")): Object: 'Object Repository/Pengaturan Sistem/User Managemet/Unduh dan Upload User Management/Unggah File' is clicked on

06-01-2025T10:35:01 - [MESSAGE][PASSED] - Object: 'Object Repository/Pengaturan Sistem/User Managemet/Unduh dan Upload User Management/Unggah File' is clicked on

06-01-2025T10:35:01 - [TEST_STEP][PASSED] - excelUserManagement = "C:\\Users\\user\\Bulk.xlsx": null

06-01-2025T10:35:01 - [TEST_STEP][PASSED] - println("File path: " + excelUserManagement): null

06-01-2025T10:35:01 - [TEST_STEP][PASSED] - if (File(excelUserManagement).exists()): null

06-01-2025T10:35:01 - [TEST_STEP][PASSED] - else: null

06-01-2025T10:35:01 - [TEST_STEP][PASSED] - println("File tidak ditemukan di path: " + excelUserManagement): null

06-01-2025T10:35:01 - [TEST_STEP][PASSED] - closeBrowser(): Browser is closed

06-01-2025T10:35:03 - [MESSAGE][PASSED] - Browser is closed

06-01-2025T10:35:03 - [MESSAGE][PASSED] - Call Test Case 'Test Cases/Pengaturan Sistem/User Management/Unduh dan Upload User Management' successfully

06-01-2025T10:35:03 - [TEST_STEP][PASSED] - println("============================= Loop Again ==============================="): null]]></system-out>
         <system-err><![CDATA[]]></system-err>
      </testcase>
      <system-out><![CDATA[06-01-2025T09:32:59 - [TEST_SUITE][PASSED] - Regresi All Sprint: Test Cases/Regresi Feature/Sprint 3/Regresi User Management]]></system-out>
      <system-err><![CDATA[]]></system-err>
   </testsuite>
</testsuites>
