<?xml version="1.0" encoding="UTF-8"?>
<testsuites name="SPRINT 1" time="1070.17" tests="5" failures="3" errors="0">
   <testsuite name="SPRINT 1" tests="5" failures="3" errors="0" time="1070.17" skipped="0" timestamp="02-01-2025T15:12:51" hostname="henri - Henri" id="Test Suites/SPRINT 1">
      <properties>
         <property name="deviceName" value=""/>
         <property name="devicePlatform"/>
         <property name="logFolder" value="C:\\Users\\henri\\Videos\\school-payment-automation-testing\\Reports\\20250102_151240\\SPRINT 1\\20250102_151241"/>
         <property name="logFiles" value="C:\\Users\\henri\\Videos\\school-payment-automation-testing\\Reports\\20250102_151240\\SPRINT 1\\20250102_151241\\execution0.log"/>
         <property name="attachments" value="C:\\Users\\henri\\Videos\\school-payment-automation-testing\\Reports\\20250102_151240\\SPRINT 1\\20250102_151241\\1735805617888.png, C:\\Users\\henri\\Videos\\school-payment-automation-testing\\Reports\\20250102_151240\\SPRINT 1\\20250102_151241\\1735805649341.png, C:\\Users\\henri\\Videos\\school-payment-automation-testing\\Reports\\20250102_151240\\SPRINT 1\\20250102_151241\\1735805649464.png, C:\\Users\\henri\\Videos\\school-payment-automation-testing\\Reports\\20250102_151240\\SPRINT 1\\20250102_151241\\1735805673392.png, C:\\Users\\henri\\Videos\\school-payment-automation-testing\\Reports\\20250102_151240\\SPRINT 1\\20250102_151241\\1735805705025.png, C:\\Users\\henri\\Videos\\school-payment-automation-testing\\Reports\\20250102_151240\\SPRINT 1\\20250102_151241\\1735805705143.png, C:\\Users\\henri\\Videos\\school-payment-automation-testing\\Reports\\20250102_151240\\SPRINT 1\\20250102_151241\\1735805729686.png, C:\\Users\\henri\\Videos\\school-payment-automation-testing\\Reports\\20250102_151240\\SPRINT 1\\20250102_151241\\1735805761297.png, C:\\Users\\henri\\Videos\\school-payment-automation-testing\\Reports\\20250102_151240\\SPRINT 1\\20250102_151241\\1735805761413.png, C:\\Users\\henri\\Videos\\school-payment-automation-testing\\Reports\\20250102_151240\\SPRINT 1\\20250102_151241\\1735805833965.png, C:\\Users\\henri\\Videos\\school-payment-automation-testing\\Reports\\20250102_151240\\SPRINT 1\\20250102_151241\\1735805867060.png, C:\\Users\\henri\\Videos\\school-payment-automation-testing\\Reports\\20250102_151240\\SPRINT 1\\20250102_151241\\1735805938576.png, C:\\Users\\henri\\Videos\\school-payment-automation-testing\\Reports\\20250102_151240\\SPRINT 1\\20250102_151241\\1735805971517.png, C:\\Users\\henri\\Videos\\school-payment-automation-testing\\Reports\\20250102_151240\\SPRINT 1\\20250102_151241\\1735806024277.png, C:\\Users\\henri\\Videos\\school-payment-automation-testing\\Reports\\20250102_151240\\SPRINT 1\\20250102_151241\\1735806057444.png, C:\\Users\\henri\\Videos\\school-payment-automation-testing\\Reports\\20250102_151240\\SPRINT 1\\20250102_151241\\1735806278273.png, C:\\Users\\henri\\Videos\\school-payment-automation-testing\\Reports\\20250102_151240\\SPRINT 1\\20250102_151241\\1735806361198.png, C:\\Users\\henri\\Videos\\school-payment-automation-testing\\Reports\\20250102_151240\\SPRINT 1\\20250102_151241\\1735806443997.png, C:\\Users\\henri\\Videos\\school-payment-automation-testing\\Reports\\20250102_151240\\SPRINT 1\\20250102_151241\\1735806613452.png"/>
         <property name="hostName" value="henri - Henri"/>
         <property name="os" value="Windows 11 64bit"/>
         <property name="katalonVersion" value="10.0.0.223"/>
         <property name="browser" value="Chrome 131.0.0.0"/>
         <property name="hostAddress" value="192.168.1.12"/>
         <property name="sessionId" value="71546290cc2e7e3f7df2491e1d07cbe2"/>
         <property name="seleniumVersion" value="4.22.0"/>
         <property name="proxyInformation" value="ProxyInformation { proxyOption=NO_PROXY, proxyServerType=HTTP, username=, password=********, proxyServerAddress=, proxyServerPort=0, executionList=&quot;&quot;, isApplyToDesiredCapabilities=true }"/>
         <property name="platform" value="Windows 11"/>
      </properties>
      <testcase name="Test Cases/Regresi Feature/Sprint 1/Regresi Akun Bank" time="190.266" classname="Test Cases/Regresi Feature/Sprint 1/Regresi Akun Bank" status="FAILED">
         <failure type="FAILED" message="Test Cases/Regresi Feature/Sprint 1/Regresi Akun Bank FAILED.&#xa;Reason:&#xa;com.kms.katalon.core.exception.StepFailedException: Unable to call Test Case 'Test Cases/Master Data/Admin Sekolah/Master Data Akun Bank/Edit Akun Bank' (Root cause: com.kms.katalon.core.exception.StepFailedException: Call Test Case 'Test Cases/Master Data/Admin Sekolah/Master Data Akun Bank/Edit Akun Bank' failed&#xa;	at com.kms.katalon.core.keyword.builtin.CallTestCaseKeyword$_callTestCase_closure1.doCall(CallTestCaseKeyword.groovy:63)&#xa;	at com.kms.katalon.core.keyword.builtin.CallTestCaseKeyword$_callTestCase_closure1.call(CallTestCaseKeyword.groovy)&#xa;	at com.kms.katalon.core.keyword.internal.KeywordMain.runKeyword(KeywordMain.groovy:75)&#xa;	at com.kms.katalon.core.keyword.builtin.CallTestCaseKeyword.callTestCase(CallTestCaseKeyword.groovy:81)&#xa;	at com.kms.katalon.core.keyword.builtin.CallTestCaseKeyword.execute(CallTestCaseKeyword.groovy:44)&#xa;	at com.kms.katalon.core.keyword.internal.KeywordExecutor.executeKeywordForPlatform(KeywordExecutor.groovy:74)&#xa;	at com.kms.katalon.core.keyword.BuiltinKeywords.callTestCase(BuiltinKeywords.groovy:310)&#xa;	at java.base/jdk.internal.reflect.NativeMethodAccessorImpl.invoke0(Native Method)&#xa;	at java.base/jdk.internal.reflect.NativeMethodAccessorImpl.invoke(NativeMethodAccessorImpl.java:77)&#xa;	at java.base/jdk.internal.reflect.DelegatingMethodAccessorImpl.invoke(DelegatingMethodAccessorImpl.java:43)&#xa;	at Regresi Akun Bank.run(Regresi Akun Bank:26)&#xa;	at com.kms.katalon.core.main.ScriptEngine.run(ScriptEngine.java:194)&#xa;	at com.kms.katalon.core.main.ScriptEngine.runScriptAsRawText(ScriptEngine.java:119)&#xa;	at com.kms.katalon.core.main.TestCaseExecutor.runScript(TestCaseExecutor.java:448)&#xa;	at com.kms.katalon.core.main.TestCaseExecutor.doExecute(TestCaseExecutor.java:439)&#xa;	at com.kms.katalon.core.main.TestCaseExecutor.processExecutionPhase(TestCaseExecutor.java:418)&#xa;	at com.kms.katalon.core.main.TestCaseExecutor.accessMainPhase(TestCaseExecutor.java:410)&#xa;	at com.kms.katalon.core.main.TestCaseExecutor.execute(TestCaseExecutor.java:285)&#xa;	at com.kms.katalon.core.common.CommonExecutor.accessTestCaseMainPhase(CommonExecutor.java:65)&#xa;	at com.kms.katalon.core.main.TestSuiteExecutor.accessTestSuiteMainPhase(TestSuiteExecutor.java:161)&#xa;	at com.kms.katalon.core.main.TestSuiteExecutor.execute(TestSuiteExecutor.java:107)&#xa;	at com.kms.katalon.core.main.TestCaseMain.startTestSuite(TestCaseMain.java:176)&#xa;	at TempTestSuite1735805561810.run(TempTestSuite1735805561810.groovy:35)&#xa;	at java.base/jdk.internal.reflect.NativeMethodAccessorImpl.invoke0(Native Method)&#xa;	at java.base/jdk.internal.reflect.NativeMethodAccessorImpl.invoke(NativeMethodAccessorImpl.java:77)&#xa;	at java.base/jdk.internal.reflect.DelegatingMethodAccessorImpl.invoke(DelegatingMethodAccessorImpl.java:43)&#xa;Caused by: com.kms.katalon.core.exception.StepFailedException: Unable to verify object 'Object Repository/Master Data/Admin Sekolah/Akun Bank/Edit Akun Bank/Toast Notification Data Berhasil Diubah' is visible&#xa;	at com.kms.katalon.core.webui.keyword.internal.WebUIKeywordMain.stepFailed(WebUIKeywordMain.groovy:117)&#xa;	at com.kms.katalon.core.webui.keyword.internal.WebUIKeywordMain.runKeyword(WebUIKeywordMain.groovy:43)&#xa;	at com.kms.katalon.core.webui.keyword.builtin.VerifyElementVisibleKeyword.verifyElementVisible(VerifyElementVisibleKeyword.groovy:97)&#xa;	at com.kms.katalon.core.webui.keyword.builtin.VerifyElementVisibleKeyword.execute(VerifyElementVisibleKeyword.groovy:67)&#xa;	at com.kms.katalon.core.keyword.internal.KeywordExecutor.executeKeywordForPlatform(KeywordExecutor.groovy:74)&#xa;	at com.kms.katalon.core.webui.keyword.WebUiBuiltInKeywords.verifyElementVisible(WebUiBuiltInKeywords.groovy:438)&#xa;	at Edit Akun Bank.run(Edit Akun Bank:90)&#xa;	at com.kms.katalon.core.main.ScriptEngine.run(ScriptEngine.java:194)&#xa;	at com.kms.katalon.core.main.ScriptEngine.runScriptAsRawText(ScriptEngine.java:119)&#xa;	at com.kms.katalon.core.main.TestCaseExecutor.runScript(TestCaseExecutor.java:448)&#xa;	at com.kms.katalon.core.main.TestCaseExecutor.doExecute(TestCaseExecutor.java:439)&#xa;	at com.kms.katalon.core.main.TestCaseExecutor.processExecutionPhase(TestCaseExecutor.java:418)&#xa;	at com.kms.katalon.core.main.TestCaseExecutor.accessMainPhase(TestCaseExecutor.java:410)&#xa;	at com.kms.katalon.core.main.TestCaseExecutor.execute(TestCaseExecutor.java:285)&#xa;	at com.kms.katalon.core.main.TestCaseMain.runTestCase(TestCaseMain.java:133)&#xa;	at com.kms.katalon.core.keyword.builtin.CallTestCaseKeyword$_callTestCase_closure1.doCall(CallTestCaseKeyword.groovy:59)&#xa;	... 25 more&#xa;Caused by: com.kms.katalon.core.exception.StepFailedException: Object 'Object Repository/Master Data/Admin Sekolah/Akun Bank/Edit Akun Bank/Toast Notification Data Berhasil Diubah' is NOT visible&#xa;	at com.kms.katalon.core.webui.keyword.internal.WebUIKeywordMain.stepFailed(WebUIKeywordMain.groovy:117)&#xa;	at com.kms.katalon.core.webui.keyword.builtin.VerifyElementVisibleKeyword$_verifyElementVisible_closure1.doCall(VerifyElementVisibleKeyword.groovy:83)&#xa;	at com.kms.katalon.core.webui.keyword.builtin.VerifyElementVisibleKeyword$_verifyElementVisible_closure1.call(VerifyElementVisibleKeyword.groovy)&#xa;	at com.kms.katalon.core.webui.keyword.internal.WebUIKeywordMain.runKeyword(WebUIKeywordMain.groovy:35)&#xa;	... 39 more&#xa;)&#xa;	at com.kms.katalon.core.keyword.internal.KeywordMain.stepFailed(KeywordMain.groovy:39)&#xa;	at com.kms.katalon.core.keyword.internal.KeywordMain.stepFailed(KeywordMain.groovy)&#xa;	at com.kms.katalon.core.keyword.internal.KeywordMain.runKeyword(KeywordMain.groovy:77)&#xa;	at com.kms.katalon.core.keyword.builtin.CallTestCaseKeyword.callTestCase(CallTestCaseKeyword.groovy:81)&#xa;	at com.kms.katalon.core.keyword.builtin.CallTestCaseKeyword.execute(CallTestCaseKeyword.groovy:44)&#xa;	at com.kms.katalon.core.keyword.internal.KeywordExecutor.executeKeywordForPlatform(KeywordExecutor.groovy:74)&#xa;	at com.kms.katalon.core.keyword.BuiltinKeywords.callTestCase(BuiltinKeywords.groovy:310)&#xa;	at java.base/jdk.internal.reflect.NativeMethodAccessorImpl.invoke0(Native Method)&#xa;	at java.base/jdk.internal.reflect.NativeMethodAccessorImpl.invoke(NativeMethodAccessorImpl.java:77)&#xa;	at java.base/jdk.internal.reflect.DelegatingMethodAccessorImpl.invoke(DelegatingMethodAccessorImpl.java:43)&#xa;	at Regresi Akun Bank.run(Regresi Akun Bank:26)&#xa;	at com.kms.katalon.core.main.ScriptEngine.run(ScriptEngine.java:194)&#xa;	at com.kms.katalon.core.main.ScriptEngine.runScriptAsRawText(ScriptEngine.java:119)&#xa;	at com.kms.katalon.core.main.TestCaseExecutor.runScript(TestCaseExecutor.java:448)&#xa;	at com.kms.katalon.core.main.TestCaseExecutor.doExecute(TestCaseExecutor.java:439)&#xa;	at com.kms.katalon.core.main.TestCaseExecutor.processExecutionPhase(TestCaseExecutor.java:418)&#xa;	at com.kms.katalon.core.main.TestCaseExecutor.accessMainPhase(TestCaseExecutor.java:410)&#xa;	at com.kms.katalon.core.main.TestCaseExecutor.execute(TestCaseExecutor.java:285)&#xa;	at com.kms.katalon.core.common.CommonExecutor.accessTestCaseMainPhase(CommonExecutor.java:65)&#xa;	at com.kms.katalon.core.main.TestSuiteExecutor.accessTestSuiteMainPhase(TestSuiteExecutor.java:161)&#xa;	at com.kms.katalon.core.main.TestSuiteExecutor.execute(TestSuiteExecutor.java:107)&#xa;	at com.kms.katalon.core.main.TestCaseMain.startTestSuite(TestCaseMain.java:176)&#xa;	at TempTestSuite1735805561810.run(TempTestSuite1735805561810.groovy:35)&#xa;	at java.base/jdk.internal.reflect.NativeMethodAccessorImpl.invoke0(Native Method)&#xa;	at java.base/jdk.internal.reflect.NativeMethodAccessorImpl.invoke(NativeMethodAccessorImpl.java:77)&#xa;	at java.base/jdk.internal.reflect.DelegatingMethodAccessorImpl.invoke(DelegatingMethodAccessorImpl.java:43)&#xa;Caused by: com.kms.katalon.core.exception.StepFailedException: Call Test Case 'Test Cases/Master Data/Admin Sekolah/Master Data Akun Bank/Edit Akun Bank' failed&#xa;	at com.kms.katalon.core.keyword.builtin.CallTestCaseKeyword$_callTestCase_closure1.doCall(CallTestCaseKeyword.groovy:63)&#xa;	at com.kms.katalon.core.keyword.builtin.CallTestCaseKeyword$_callTestCase_closure1.call(CallTestCaseKeyword.groovy)&#xa;	at com.kms.katalon.core.keyword.internal.KeywordMain.runKeyword(KeywordMain.groovy:75)&#xa;	... 23 more&#xa;Caused by: com.kms.katalon.core.exception.StepFailedException: Unable to verify object 'Object Repository/Master Data/Admin Sekolah/Akun Bank/Edit Akun Bank/Toast Notification Data Berhasil Diubah' is visible&#xa;	at com.kms.katalon.core.webui.keyword.internal.WebUIKeywordMain.stepFailed(WebUIKeywordMain.groovy:117)&#xa;	at com.kms.katalon.core.webui.keyword.internal.WebUIKeywordMain.runKeyword(WebUIKeywordMain.groovy:43)&#xa;	at com.kms.katalon.core.webui.keyword.builtin.VerifyElementVisibleKeyword.verifyElementVisible(VerifyElementVisibleKeyword.groovy:97)&#xa;	at com.kms.katalon.core.webui.keyword.builtin.VerifyElementVisibleKeyword.execute(VerifyElementVisibleKeyword.groovy:67)&#xa;	at com.kms.katalon.core.keyword.internal.KeywordExecutor.executeKeywordForPlatform(KeywordExecutor.groovy:74)&#xa;	at com.kms.katalon.core.webui.keyword.WebUiBuiltInKeywords.verifyElementVisible(WebUiBuiltInKeywords.groovy:438)&#xa;	at Edit Akun Bank.run(Edit Akun Bank:90)&#xa;	at com.kms.katalon.core.main.ScriptEngine.run(ScriptEngine.java:194)&#xa;	at com.kms.katalon.core.main.ScriptEngine.runScriptAsRawText(ScriptEngine.java:119)&#xa;	at com.kms.katalon.core.main.TestCaseExecutor.runScript(TestCaseExecutor.java:448)&#xa;	at com.kms.katalon.core.main.TestCaseExecutor.doExecute(TestCaseExecutor.java:439)&#xa;	at com.kms.katalon.core.main.TestCaseExecutor.processExecutionPhase(TestCaseExecutor.java:418)&#xa;	at com.kms.katalon.core.main.TestCaseExecutor.accessMainPhase(TestCaseExecutor.java:410)&#xa;	at com.kms.katalon.core.main.TestCaseExecutor.execute(TestCaseExecutor.java:285)&#xa;	at com.kms.katalon.core.main.TestCaseMain.runTestCase(TestCaseMain.java:133)&#xa;	at com.kms.katalon.core.keyword.builtin.CallTestCaseKeyword$_callTestCase_closure1.doCall(CallTestCaseKeyword.groovy:59)&#xa;	... 25 more&#xa;Caused by: com.kms.katalon.core.exception.StepFailedException: Object 'Object Repository/Master Data/Admin Sekolah/Akun Bank/Edit Akun Bank/Toast Notification Data Berhasil Diubah' is NOT visible&#xa;	at com.kms.katalon.core.webui.keyword.internal.WebUIKeywordMain.stepFailed(WebUIKeywordMain.groovy:117)&#xa;	at com.kms.katalon.core.webui.keyword.builtin.VerifyElementVisibleKeyword$_verifyElementVisible_closure1.doCall(VerifyElementVisibleKeyword.groovy:83)&#xa;	at com.kms.katalon.core.webui.keyword.builtin.VerifyElementVisibleKeyword$_verifyElementVisible_closure1.call(VerifyElementVisibleKeyword.groovy)&#xa;	at com.kms.katalon.core.webui.keyword.internal.WebUIKeywordMain.runKeyword(WebUIKeywordMain.groovy:35)&#xa;	... 39 more&#xa;"/>
         <system-out><![CDATA[02-01-2025T15:12:51 - [TEST_CASE][FAILED] - Test Cases/Regresi Feature/Sprint 1/Regresi Akun Bank: Test Cases/Regresi Feature/Sprint 1/Regresi Akun Bank FAILED.
Reason:
com.kms.katalon.core.exception.StepFailedException: Unable to call Test Case 'Test Cases/Master Data/Admin Sekolah/Master Data Akun Bank/Edit Akun Bank' (Root cause: com.kms.katalon.core.exception.StepFailedException: Call Test Case 'Test Cases/Master Data/Admin Sekolah/Master Data Akun Bank/Edit Akun Bank' failed
	at com.kms.katalon.core.keyword.builtin.CallTestCaseKeyword$_callTestCase_closure1.doCall(CallTestCaseKeyword.groovy:63)
	at com.kms.katalon.core.keyword.builtin.CallTestCaseKeyword$_callTestCase_closure1.call(CallTestCaseKeyword.groovy)
	at com.kms.katalon.core.keyword.internal.KeywordMain.runKeyword(KeywordMain.groovy:75)
	at com.kms.katalon.core.keyword.builtin.CallTestCaseKeyword.callTestCase(CallTestCaseKeyword.groovy:81)
	at com.kms.katalon.core.keyword.builtin.CallTestCaseKeyword.execute(CallTestCaseKeyword.groovy:44)
	at com.kms.katalon.core.keyword.internal.KeywordExecutor.executeKeywordForPlatform(KeywordExecutor.groovy:74)
	at com.kms.katalon.core.keyword.BuiltinKeywords.callTestCase(BuiltinKeywords.groovy:310)
	at java.base/jdk.internal.reflect.NativeMethodAccessorImpl.invoke0(Native Method)
	at java.base/jdk.internal.reflect.NativeMethodAccessorImpl.invoke(NativeMethodAccessorImpl.java:77)
	at java.base/jdk.internal.reflect.DelegatingMethodAccessorImpl.invoke(DelegatingMethodAccessorImpl.java:43)
	at Regresi Akun Bank.run(Regresi Akun Bank:26)
	at com.kms.katalon.core.main.ScriptEngine.run(ScriptEngine.java:194)
	at com.kms.katalon.core.main.ScriptEngine.runScriptAsRawText(ScriptEngine.java:119)
	at com.kms.katalon.core.main.TestCaseExecutor.runScript(TestCaseExecutor.java:448)
	at com.kms.katalon.core.main.TestCaseExecutor.doExecute(TestCaseExecutor.java:439)
	at com.kms.katalon.core.main.TestCaseExecutor.processExecutionPhase(TestCaseExecutor.java:418)
	at com.kms.katalon.core.main.TestCaseExecutor.accessMainPhase(TestCaseExecutor.java:410)
	at com.kms.katalon.core.main.TestCaseExecutor.execute(TestCaseExecutor.java:285)
	at com.kms.katalon.core.common.CommonExecutor.accessTestCaseMainPhase(CommonExecutor.java:65)
	at com.kms.katalon.core.main.TestSuiteExecutor.accessTestSuiteMainPhase(TestSuiteExecutor.java:161)
	at com.kms.katalon.core.main.TestSuiteExecutor.execute(TestSuiteExecutor.java:107)
	at com.kms.katalon.core.main.TestCaseMain.startTestSuite(TestCaseMain.java:176)
	at TempTestSuite1735805561810.run(TempTestSuite1735805561810.groovy:35)
	at java.base/jdk.internal.reflect.NativeMethodAccessorImpl.invoke0(Native Method)
	at java.base/jdk.internal.reflect.NativeMethodAccessorImpl.invoke(NativeMethodAccessorImpl.java:77)
	at java.base/jdk.internal.reflect.DelegatingMethodAccessorImpl.invoke(DelegatingMethodAccessorImpl.java:43)
Caused by: com.kms.katalon.core.exception.StepFailedException: Unable to verify object 'Object Repository/Master Data/Admin Sekolah/Akun Bank/Edit Akun Bank/Toast Notification Data Berhasil Diubah' is visible
	at com.kms.katalon.core.webui.keyword.internal.WebUIKeywordMain.stepFailed(WebUIKeywordMain.groovy:117)
	at com.kms.katalon.core.webui.keyword.internal.WebUIKeywordMain.runKeyword(WebUIKeywordMain.groovy:43)
	at com.kms.katalon.core.webui.keyword.builtin.VerifyElementVisibleKeyword.verifyElementVisible(VerifyElementVisibleKeyword.groovy:97)
	at com.kms.katalon.core.webui.keyword.builtin.VerifyElementVisibleKeyword.execute(VerifyElementVisibleKeyword.groovy:67)
	at com.kms.katalon.core.keyword.internal.KeywordExecutor.executeKeywordForPlatform(KeywordExecutor.groovy:74)
	at com.kms.katalon.core.webui.keyword.WebUiBuiltInKeywords.verifyElementVisible(WebUiBuiltInKeywords.groovy:438)
	at Edit Akun Bank.run(Edit Akun Bank:90)
	at com.kms.katalon.core.main.ScriptEngine.run(ScriptEngine.java:194)
	at com.kms.katalon.core.main.ScriptEngine.runScriptAsRawText(ScriptEngine.java:119)
	at com.kms.katalon.core.main.TestCaseExecutor.runScript(TestCaseExecutor.java:448)
	at com.kms.katalon.core.main.TestCaseExecutor.doExecute(TestCaseExecutor.java:439)
	at com.kms.katalon.core.main.TestCaseExecutor.processExecutionPhase(TestCaseExecutor.java:418)
	at com.kms.katalon.core.main.TestCaseExecutor.accessMainPhase(TestCaseExecutor.java:410)
	at com.kms.katalon.core.main.TestCaseExecutor.execute(TestCaseExecutor.java:285)
	at com.kms.katalon.core.main.TestCaseMain.runTestCase(TestCaseMain.java:133)
	at com.kms.katalon.core.keyword.builtin.CallTestCaseKeyword$_callTestCase_closure1.doCall(CallTestCaseKeyword.groovy:59)
	... 25 more
Caused by: com.kms.katalon.core.exception.StepFailedException: Object 'Object Repository/Master Data/Admin Sekolah/Akun Bank/Edit Akun Bank/Toast Notification Data Berhasil Diubah' is NOT visible
	at com.kms.katalon.core.webui.keyword.internal.WebUIKeywordMain.stepFailed(WebUIKeywordMain.groovy:117)
	at com.kms.katalon.core.webui.keyword.builtin.VerifyElementVisibleKeyword$_verifyElementVisible_closure1.doCall(VerifyElementVisibleKeyword.groovy:83)
	at com.kms.katalon.core.webui.keyword.builtin.VerifyElementVisibleKeyword$_verifyElementVisible_closure1.call(VerifyElementVisibleKeyword.groovy)
	at com.kms.katalon.core.webui.keyword.internal.WebUIKeywordMain.runKeyword(WebUIKeywordMain.groovy:35)
	... 39 more
)
	at com.kms.katalon.core.keyword.internal.KeywordMain.stepFailed(KeywordMain.groovy:39)
	at com.kms.katalon.core.keyword.internal.KeywordMain.stepFailed(KeywordMain.groovy)
	at com.kms.katalon.core.keyword.internal.KeywordMain.runKeyword(KeywordMain.groovy:77)
	at com.kms.katalon.core.keyword.builtin.CallTestCaseKeyword.callTestCase(CallTestCaseKeyword.groovy:81)
	at com.kms.katalon.core.keyword.builtin.CallTestCaseKeyword.execute(CallTestCaseKeyword.groovy:44)
	at com.kms.katalon.core.keyword.internal.KeywordExecutor.executeKeywordForPlatform(KeywordExecutor.groovy:74)
	at com.kms.katalon.core.keyword.BuiltinKeywords.callTestCase(BuiltinKeywords.groovy:310)
	at java.base/jdk.internal.reflect.NativeMethodAccessorImpl.invoke0(Native Method)
	at java.base/jdk.internal.reflect.NativeMethodAccessorImpl.invoke(NativeMethodAccessorImpl.java:77)
	at java.base/jdk.internal.reflect.DelegatingMethodAccessorImpl.invoke(DelegatingMethodAccessorImpl.java:43)
	at Regresi Akun Bank.run(Regresi Akun Bank:26)
	at com.kms.katalon.core.main.ScriptEngine.run(ScriptEngine.java:194)
	at com.kms.katalon.core.main.ScriptEngine.runScriptAsRawText(ScriptEngine.java:119)
	at com.kms.katalon.core.main.TestCaseExecutor.runScript(TestCaseExecutor.java:448)
	at com.kms.katalon.core.main.TestCaseExecutor.doExecute(TestCaseExecutor.java:439)
	at com.kms.katalon.core.main.TestCaseExecutor.processExecutionPhase(TestCaseExecutor.java:418)
	at com.kms.katalon.core.main.TestCaseExecutor.accessMainPhase(TestCaseExecutor.java:410)
	at com.kms.katalon.core.main.TestCaseExecutor.execute(TestCaseExecutor.java:285)
	at com.kms.katalon.core.common.CommonExecutor.accessTestCaseMainPhase(CommonExecutor.java:65)
	at com.kms.katalon.core.main.TestSuiteExecutor.accessTestSuiteMainPhase(TestSuiteExecutor.java:161)
	at com.kms.katalon.core.main.TestSuiteExecutor.execute(TestSuiteExecutor.java:107)
	at com.kms.katalon.core.main.TestCaseMain.startTestSuite(TestCaseMain.java:176)
	at TempTestSuite1735805561810.run(TempTestSuite1735805561810.groovy:35)
	at java.base/jdk.internal.reflect.NativeMethodAccessorImpl.invoke0(Native Method)
	at java.base/jdk.internal.reflect.NativeMethodAccessorImpl.invoke(NativeMethodAccessorImpl.java:77)
	at java.base/jdk.internal.reflect.DelegatingMethodAccessorImpl.invoke(DelegatingMethodAccessorImpl.java:43)
Caused by: com.kms.katalon.core.exception.StepFailedException: Call Test Case 'Test Cases/Master Data/Admin Sekolah/Master Data Akun Bank/Edit Akun Bank' failed
	at com.kms.katalon.core.keyword.builtin.CallTestCaseKeyword$_callTestCase_closure1.doCall(CallTestCaseKeyword.groovy:63)
	at com.kms.katalon.core.keyword.builtin.CallTestCaseKeyword$_callTestCase_closure1.call(CallTestCaseKeyword.groovy)
	at com.kms.katalon.core.keyword.internal.KeywordMain.runKeyword(KeywordMain.groovy:75)
	... 23 more
Caused by: com.kms.katalon.core.exception.StepFailedException: Unable to verify object 'Object Repository/Master Data/Admin Sekolah/Akun Bank/Edit Akun Bank/Toast Notification Data Berhasil Diubah' is visible
	at com.kms.katalon.core.webui.keyword.internal.WebUIKeywordMain.stepFailed(WebUIKeywordMain.groovy:117)
	at com.kms.katalon.core.webui.keyword.internal.WebUIKeywordMain.runKeyword(WebUIKeywordMain.groovy:43)
	at com.kms.katalon.core.webui.keyword.builtin.VerifyElementVisibleKeyword.verifyElementVisible(VerifyElementVisibleKeyword.groovy:97)
	at com.kms.katalon.core.webui.keyword.builtin.VerifyElementVisibleKeyword.execute(VerifyElementVisibleKeyword.groovy:67)
	at com.kms.katalon.core.keyword.internal.KeywordExecutor.executeKeywordForPlatform(KeywordExecutor.groovy:74)
	at com.kms.katalon.core.webui.keyword.WebUiBuiltInKeywords.verifyElementVisible(WebUiBuiltInKeywords.groovy:438)
	at Edit Akun Bank.run(Edit Akun Bank:90)
	at com.kms.katalon.core.main.ScriptEngine.run(ScriptEngine.java:194)
	at com.kms.katalon.core.main.ScriptEngine.runScriptAsRawText(ScriptEngine.java:119)
	at com.kms.katalon.core.main.TestCaseExecutor.runScript(TestCaseExecutor.java:448)
	at com.kms.katalon.core.main.TestCaseExecutor.doExecute(TestCaseExecutor.java:439)
	at com.kms.katalon.core.main.TestCaseExecutor.processExecutionPhase(TestCaseExecutor.java:418)
	at com.kms.katalon.core.main.TestCaseExecutor.accessMainPhase(TestCaseExecutor.java:410)
	at com.kms.katalon.core.main.TestCaseExecutor.execute(TestCaseExecutor.java:285)
	at com.kms.katalon.core.main.TestCaseMain.runTestCase(TestCaseMain.java:133)
	at com.kms.katalon.core.keyword.builtin.CallTestCaseKeyword$_callTestCase_closure1.doCall(CallTestCaseKeyword.groovy:59)
	... 25 more
Caused by: com.kms.katalon.core.exception.StepFailedException: Object 'Object Repository/Master Data/Admin Sekolah/Akun Bank/Edit Akun Bank/Toast Notification Data Berhasil Diubah' is NOT visible
	at com.kms.katalon.core.webui.keyword.internal.WebUIKeywordMain.stepFailed(WebUIKeywordMain.groovy:117)
	at com.kms.katalon.core.webui.keyword.builtin.VerifyElementVisibleKeyword$_verifyElementVisible_closure1.doCall(VerifyElementVisibleKeyword.groovy:83)
	at com.kms.katalon.core.webui.keyword.builtin.VerifyElementVisibleKeyword$_verifyElementVisible_closure1.call(VerifyElementVisibleKeyword.groovy)
	at com.kms.katalon.core.webui.keyword.internal.WebUIKeywordMain.runKeyword(WebUIKeywordMain.groovy:35)
	... 39 more


02-01-2025T15:12:51 - [TEST_STEP][FAILED] - for ([i = 1, i <= maxLoop, (i++)]): null

02-01-2025T15:12:51 - [TEST_STEP][PASSED] - callTestCase(findTestCase("Master Data/Admin Sekolah/Master Data Akun Bank/Tambah Akun Bank"), [:], CONTINUE_ON_FAILURE): Call Test Case 'Test Cases/Master Data/Admin Sekolah/Master Data Akun Bank/Tambah Akun Bank' successfully

02-01-2025T15:12:51 - [TEST_CASE][PASSED] - Test Cases/Master Data/Admin Sekolah/Master Data Akun Bank/Tambah Akun Bank: Test Cases/Master Data/Admin Sekolah/Master Data Akun Bank/Tambah Akun Bank

02-01-2025T15:12:52 - [TEST_STEP][PASSED] - openBrowser("", CONTINUE_ON_FAILURE): Browser is opened with url: ''

02-01-2025T15:12:52 - [MESSAGE][INFO] - Starting 'Chrome' driver

02-01-2025T15:12:52 - [MESSAGE][INFO] - Action delay is set to 0 milliseconds

02-01-2025T15:12:54 - [MESSAGE][PASSED] - Browser is opened with url: ''

02-01-2025T15:12:54 - [TEST_STEP][PASSED] - maximizeWindow(): Current window maximized

02-01-2025T15:12:54 - [MESSAGE][PASSED] - Current window maximized

02-01-2025T15:12:54 - [TEST_STEP][PASSED] - navigateToUrl("https://school-payment.digiform.co.id/login", CONTINUE_ON_FAILURE): Navigate to 'https://school-payment.digiform.co.id/login' successfully

02-01-2025T15:13:14 - [MESSAGE][PASSED] - Navigate to 'https://school-payment.digiform.co.id/login' successfully

02-01-2025T15:13:14 - [TEST_STEP][PASSED] - click(findTestObject("Master Data/Admin Sekolah/Login/Field Email"), CONTINUE_ON_FAILURE): Object: 'Object Repository/Master Data/Admin Sekolah/Login/Field Email' is clicked on

02-01-2025T15:13:15 - [MESSAGE][PASSED] - Object: 'Object Repository/Master Data/Admin Sekolah/Login/Field Email' is clicked on

02-01-2025T15:13:15 - [TEST_STEP][PASSED] - setText(findTestObject("Master Data/Admin Sekolah/Login/Field Email"), "admin.gudangsolusi@digiform.co.id", CONTINUE_ON_FAILURE): Text 'admin.gudangsolusi@digiform.co.id' is set on object 'Object Repository/Master Data/Admin Sekolah/Login/Field Email'

02-01-2025T15:13:16 - [MESSAGE][PASSED] - Text 'admin.gudangsolusi@digiform.co.id' is set on object 'Object Repository/Master Data/Admin Sekolah/Login/Field Email'

02-01-2025T15:13:16 - [TEST_STEP][PASSED] - click(findTestObject("Master Data/Admin Sekolah/Login/Input Password"), CONTINUE_ON_FAILURE): Object: 'Object Repository/Master Data/Admin Sekolah/Login/Input Password' is clicked on

02-01-2025T15:13:16 - [MESSAGE][PASSED] - Object: 'Object Repository/Master Data/Admin Sekolah/Login/Input Password' is clicked on

02-01-2025T15:13:16 - [TEST_STEP][PASSED] - setText(findTestObject("Master Data/Admin Sekolah/Login/Input Password"), "Test1234", CONTINUE_ON_FAILURE): Text 'Test1234' is set on object 'Object Repository/Master Data/Admin Sekolah/Login/Input Password'

02-01-2025T15:13:17 - [MESSAGE][PASSED] - Text 'Test1234' is set on object 'Object Repository/Master Data/Admin Sekolah/Login/Input Password'

02-01-2025T15:13:17 - [TEST_STEP][PASSED] - click(findTestObject("Master Data/Admin Sekolah/Login/Button Submit"), CONTINUE_ON_FAILURE): Object: 'Object Repository/Master Data/Admin Sekolah/Login/Button Submit' is clicked on

02-01-2025T15:13:17 - [MESSAGE][PASSED] - Object: 'Object Repository/Master Data/Admin Sekolah/Login/Button Submit' is clicked on

02-01-2025T15:13:17 - [TEST_STEP][PASSED] - click(findTestObject("Master Data/Admin Sekolah/Tagihan/Master Data Menu"), CONTINUE_ON_FAILURE): Object: 'Object Repository/Master Data/Admin Sekolah/Tagihan/Master Data Menu' is clicked on

02-01-2025T15:13:19 - [MESSAGE][PASSED] - Object: 'Object Repository/Master Data/Admin Sekolah/Tagihan/Master Data Menu' is clicked on

02-01-2025T15:13:19 - [TEST_STEP][PASSED] - click(findTestObject("Master Data/Admin Sekolah/Akun Bank/Menu Akun Bank"), CONTINUE_ON_FAILURE): Object: 'Object Repository/Master Data/Admin Sekolah/Akun Bank/Menu Akun Bank' is clicked on

02-01-2025T15:13:20 - [MESSAGE][PASSED] - Object: 'Object Repository/Master Data/Admin Sekolah/Akun Bank/Menu Akun Bank' is clicked on

02-01-2025T15:13:20 - [TEST_STEP][PASSED] - click(findTestObject("Master Data/Admin Sekolah/Akun Bank/Button Tambah Akun Bank"), CONTINUE_ON_FAILURE): Object: 'Object Repository/Master Data/Admin Sekolah/Akun Bank/Button Tambah Akun Bank' is clicked on

02-01-2025T15:13:20 - [MESSAGE][PASSED] - Object: 'Object Repository/Master Data/Admin Sekolah/Akun Bank/Button Tambah Akun Bank' is clicked on

02-01-2025T15:13:20 - [TEST_STEP][PASSED] - click(findTestObject("Master Data/Admin Sekolah/Akun Bank/Tambah Akun Bank/Dropdown Pilih Nama Bank"), CONTINUE_ON_FAILURE): Object: 'Object Repository/Master Data/Admin Sekolah/Akun Bank/Tambah Akun Bank/Dropdown Pilih Nama Bank' is clicked on

02-01-2025T15:13:21 - [MESSAGE][PASSED] - Object: 'Object Repository/Master Data/Admin Sekolah/Akun Bank/Tambah Akun Bank/Dropdown Pilih Nama Bank' is clicked on

02-01-2025T15:13:21 - [TEST_STEP][PASSED] - click(findTestObject("Master Data/Admin Sekolah/Akun Bank/Tambah Akun Bank/Pilih Dropdown Nama Bank"), CONTINUE_ON_FAILURE): Object: 'Object Repository/Master Data/Admin Sekolah/Akun Bank/Tambah Akun Bank/Pilih Dropdown Nama Bank' is clicked on

02-01-2025T15:13:21 - [MESSAGE][PASSED] - Object: 'Object Repository/Master Data/Admin Sekolah/Akun Bank/Tambah Akun Bank/Pilih Dropdown Nama Bank' is clicked on

02-01-2025T15:13:21 - [TEST_STEP][PASSED] - randomName = generateRandomName(): null

02-01-2025T15:13:21 - [TEST_STEP][PASSED] - firstNames = ["John", "Jane", "Michael", "Sarah", "David", "Emily", "Rafael", "Sophia"]: null

02-01-2025T15:13:21 - [TEST_STEP][PASSED] - lastNames = ["Doe", "Smith", "Johnson", "Williams", "Brown", "Davis", "Taylor", "Wilson"]: null

02-01-2025T15:13:21 - [TEST_STEP][PASSED] - random = new java.util.Random(): null

02-01-2025T15:13:21 - [TEST_STEP][PASSED] - firstName = firstNames[random.nextInt(firstNames.size())]: null

02-01-2025T15:13:21 - [TEST_STEP][PASSED] - lastName = lastNames[random.nextInt(lastNames.size())]: null

02-01-2025T15:13:21 - [TEST_STEP][PASSED] - return ((firstName +  ) + lastName): null

02-01-2025T15:13:21 - [TEST_STEP][PASSED] - println("Generated random name: " + randomName): null

02-01-2025T15:13:21 - [TEST_STEP][PASSED] - setText(findTestObject("Master Data/Admin Sekolah/Akun Bank/Tambah Akun Bank/Set Text Nama Rekening"), randomName, CONTINUE_ON_FAILURE): Text 'David Johnson' is set on object 'Object Repository/Master Data/Admin Sekolah/Akun Bank/Tambah Akun Bank/Set Text Nama Rekening'

02-01-2025T15:13:22 - [MESSAGE][PASSED] - Text 'David Johnson' is set on object 'Object Repository/Master Data/Admin Sekolah/Akun Bank/Tambah Akun Bank/Set Text Nama Rekening'

02-01-2025T15:13:22 - [TEST_STEP][PASSED] - nomorRekeningList = []: null

02-01-2025T15:13:22 - [TEST_STEP][PASSED] - for ([i = 0, i < 5, (i++)]): null

02-01-2025T15:13:22 - [TEST_STEP][PASSED] - nomorRekeningList.add(generateRandomAccountNumber(10)): null

02-01-2025T15:13:22 - [TEST_STEP][PASSED] - random = new java.util.Random(): null

02-01-2025T15:13:22 - [TEST_STEP][PASSED] - accountNumber = new java.lang.StringBuilder(): null

02-01-2025T15:13:22 - [TEST_STEP][PASSED] - for ([i = 0, i < length, (i++)]): null

02-01-2025T15:13:22 - [TEST_STEP][PASSED] - accountNumber.append(random.nextInt(10)): null

02-01-2025T15:13:22 - [TEST_STEP][PASSED] - accountNumber.append(random.nextInt(10)): null

02-01-2025T15:13:22 - [TEST_STEP][PASSED] - accountNumber.append(random.nextInt(10)): null

02-01-2025T15:13:22 - [TEST_STEP][PASSED] - accountNumber.append(random.nextInt(10)): null

02-01-2025T15:13:22 - [TEST_STEP][PASSED] - accountNumber.append(random.nextInt(10)): null

02-01-2025T15:13:22 - [TEST_STEP][PASSED] - accountNumber.append(random.nextInt(10)): null

02-01-2025T15:13:22 - [TEST_STEP][PASSED] - accountNumber.append(random.nextInt(10)): null

02-01-2025T15:13:22 - [TEST_STEP][PASSED] - accountNumber.append(random.nextInt(10)): null

02-01-2025T15:13:22 - [TEST_STEP][PASSED] - accountNumber.append(random.nextInt(10)): null

02-01-2025T15:13:22 - [TEST_STEP][PASSED] - accountNumber.append(random.nextInt(10)): null

02-01-2025T15:13:22 - [TEST_STEP][PASSED] - return accountNumber.toString(): null

02-01-2025T15:13:22 - [TEST_STEP][PASSED] - nomorRekeningList.add(generateRandomAccountNumber(10)): null

02-01-2025T15:13:22 - [TEST_STEP][PASSED] - random = new java.util.Random(): null

02-01-2025T15:13:22 - [TEST_STEP][PASSED] - accountNumber = new java.lang.StringBuilder(): null

02-01-2025T15:13:22 - [TEST_STEP][PASSED] - for ([i = 0, i < length, (i++)]): null

02-01-2025T15:13:22 - [TEST_STEP][PASSED] - accountNumber.append(random.nextInt(10)): null

02-01-2025T15:13:22 - [TEST_STEP][PASSED] - accountNumber.append(random.nextInt(10)): null

02-01-2025T15:13:22 - [TEST_STEP][PASSED] - accountNumber.append(random.nextInt(10)): null

02-01-2025T15:13:22 - [TEST_STEP][PASSED] - accountNumber.append(random.nextInt(10)): null

02-01-2025T15:13:22 - [TEST_STEP][PASSED] - accountNumber.append(random.nextInt(10)): null

02-01-2025T15:13:22 - [TEST_STEP][PASSED] - accountNumber.append(random.nextInt(10)): null

02-01-2025T15:13:22 - [TEST_STEP][PASSED] - accountNumber.append(random.nextInt(10)): null

02-01-2025T15:13:22 - [TEST_STEP][PASSED] - accountNumber.append(random.nextInt(10)): null

02-01-2025T15:13:22 - [TEST_STEP][PASSED] - accountNumber.append(random.nextInt(10)): null

02-01-2025T15:13:22 - [TEST_STEP][PASSED] - accountNumber.append(random.nextInt(10)): null

02-01-2025T15:13:22 - [TEST_STEP][PASSED] - return accountNumber.toString(): null

02-01-2025T15:13:22 - [TEST_STEP][PASSED] - nomorRekeningList.add(generateRandomAccountNumber(10)): null

02-01-2025T15:13:22 - [TEST_STEP][PASSED] - random = new java.util.Random(): null

02-01-2025T15:13:22 - [TEST_STEP][PASSED] - accountNumber = new java.lang.StringBuilder(): null

02-01-2025T15:13:22 - [TEST_STEP][PASSED] - for ([i = 0, i < length, (i++)]): null

02-01-2025T15:13:22 - [TEST_STEP][PASSED] - accountNumber.append(random.nextInt(10)): null

02-01-2025T15:13:22 - [TEST_STEP][PASSED] - accountNumber.append(random.nextInt(10)): null

02-01-2025T15:13:22 - [TEST_STEP][PASSED] - accountNumber.append(random.nextInt(10)): null

02-01-2025T15:13:22 - [TEST_STEP][PASSED] - accountNumber.append(random.nextInt(10)): null

02-01-2025T15:13:22 - [TEST_STEP][PASSED] - accountNumber.append(random.nextInt(10)): null

02-01-2025T15:13:22 - [TEST_STEP][PASSED] - accountNumber.append(random.nextInt(10)): null

02-01-2025T15:13:22 - [TEST_STEP][PASSED] - accountNumber.append(random.nextInt(10)): null

02-01-2025T15:13:22 - [TEST_STEP][PASSED] - accountNumber.append(random.nextInt(10)): null

02-01-2025T15:13:22 - [TEST_STEP][PASSED] - accountNumber.append(random.nextInt(10)): null

02-01-2025T15:13:22 - [TEST_STEP][PASSED] - accountNumber.append(random.nextInt(10)): null

02-01-2025T15:13:22 - [TEST_STEP][PASSED] - return accountNumber.toString(): null

02-01-2025T15:13:22 - [TEST_STEP][PASSED] - nomorRekeningList.add(generateRandomAccountNumber(10)): null

02-01-2025T15:13:22 - [TEST_STEP][PASSED] - random = new java.util.Random(): null

02-01-2025T15:13:22 - [TEST_STEP][PASSED] - accountNumber = new java.lang.StringBuilder(): null

02-01-2025T15:13:22 - [TEST_STEP][PASSED] - for ([i = 0, i < length, (i++)]): null

02-01-2025T15:13:22 - [TEST_STEP][PASSED] - accountNumber.append(random.nextInt(10)): null

02-01-2025T15:13:22 - [TEST_STEP][PASSED] - accountNumber.append(random.nextInt(10)): null

02-01-2025T15:13:22 - [TEST_STEP][PASSED] - accountNumber.append(random.nextInt(10)): null

02-01-2025T15:13:22 - [TEST_STEP][PASSED] - accountNumber.append(random.nextInt(10)): null

02-01-2025T15:13:22 - [TEST_STEP][PASSED] - accountNumber.append(random.nextInt(10)): null

02-01-2025T15:13:22 - [TEST_STEP][PASSED] - accountNumber.append(random.nextInt(10)): null

02-01-2025T15:13:22 - [TEST_STEP][PASSED] - accountNumber.append(random.nextInt(10)): null

02-01-2025T15:13:22 - [TEST_STEP][PASSED] - accountNumber.append(random.nextInt(10)): null

02-01-2025T15:13:22 - [TEST_STEP][PASSED] - accountNumber.append(random.nextInt(10)): null

02-01-2025T15:13:22 - [TEST_STEP][PASSED] - accountNumber.append(random.nextInt(10)): null

02-01-2025T15:13:22 - [TEST_STEP][PASSED] - return accountNumber.toString(): null

02-01-2025T15:13:22 - [TEST_STEP][PASSED] - nomorRekeningList.add(generateRandomAccountNumber(10)): null

02-01-2025T15:13:22 - [TEST_STEP][PASSED] - random = new java.util.Random(): null

02-01-2025T15:13:22 - [TEST_STEP][PASSED] - accountNumber = new java.lang.StringBuilder(): null

02-01-2025T15:13:22 - [TEST_STEP][PASSED] - for ([i = 0, i < length, (i++)]): null

02-01-2025T15:13:22 - [TEST_STEP][PASSED] - accountNumber.append(random.nextInt(10)): null

02-01-2025T15:13:22 - [TEST_STEP][PASSED] - accountNumber.append(random.nextInt(10)): null

02-01-2025T15:13:22 - [TEST_STEP][PASSED] - accountNumber.append(random.nextInt(10)): null

02-01-2025T15:13:22 - [TEST_STEP][PASSED] - accountNumber.append(random.nextInt(10)): null

02-01-2025T15:13:22 - [TEST_STEP][PASSED] - accountNumber.append(random.nextInt(10)): null

02-01-2025T15:13:22 - [TEST_STEP][PASSED] - accountNumber.append(random.nextInt(10)): null

02-01-2025T15:13:22 - [TEST_STEP][PASSED] - accountNumber.append(random.nextInt(10)): null

02-01-2025T15:13:22 - [TEST_STEP][PASSED] - accountNumber.append(random.nextInt(10)): null

02-01-2025T15:13:22 - [TEST_STEP][PASSED] - accountNumber.append(random.nextInt(10)): null

02-01-2025T15:13:22 - [TEST_STEP][PASSED] - accountNumber.append(random.nextInt(10)): null

02-01-2025T15:13:22 - [TEST_STEP][PASSED] - return accountNumber.toString(): null

02-01-2025T15:13:22 - [TEST_STEP][PASSED] - isErrorPresent = true: null

02-01-2025T15:13:22 - [TEST_STEP][PASSED] - for (String nomorRekening : nomorRekeningList): null

02-01-2025T15:13:22 - [TEST_STEP][PASSED] - inputNomorRekening(nomorRekening): null

02-01-2025T15:13:22 - [TEST_STEP][PASSED] - fieldNomorRekening = findTestObject("Master Data/Admin Sekolah/Akun Bank/Tambah Akun Bank/Set Text Nomor Rekening"): null

02-01-2025T15:13:22 - [TEST_STEP][PASSED] - clearTextUntilEmpty(fieldNomorRekening): null

02-01-2025T15:13:22 - [TEST_STEP][PASSED] - attempt = 0: null

02-01-2025T15:13:22 - [TEST_STEP][PASSED] - while (attempt < maxAttempts): null

02-01-2025T15:13:22 - [TEST_STEP][PASSED] - clearText(field, CONTINUE_ON_FAILURE): Text of object 'Object Repository/Master Data/Admin Sekolah/Akun Bank/Tambah Akun Bank/Set Text Nomor Rekening' is cleared

02-01-2025T15:13:22 - [MESSAGE][PASSED] - Text of object 'Object Repository/Master Data/Admin Sekolah/Akun Bank/Tambah Akun Bank/Set Text Nomor Rekening' is cleared

02-01-2025T15:13:22 - [TEST_STEP][PASSED] - delay(0.5): Delayed 0.5 second(s)

02-01-2025T15:13:23 - [MESSAGE][PASSED] - Delayed 0.5 second(s)

02-01-2025T15:13:23 - [TEST_STEP][PASSED] - currentText = getAttribute(field, "value", CONTINUE_ON_FAILURE): Attribute 'value' of object 'Object Repository/Master Data/Admin Sekolah/Akun Bank/Tambah Akun Bank/Set Text Nomor Rekening' is: ''

02-01-2025T15:13:23 - [MESSAGE][PASSED] - Attribute 'value' of object 'Object Repository/Master Data/Admin Sekolah/Akun Bank/Tambah Akun Bank/Set Text Nomor Rekening' is: ''

02-01-2025T15:13:23 - [TEST_STEP][PASSED] - if (currentText.isEmpty()): null

02-01-2025T15:13:23 - [TEST_STEP][PASSED] - comment("Field berhasil dikosongkan setelah " + attempt + 1 + " percobaan."): Field berhasil dikosongkan setelah 1 percobaan.

02-01-2025T15:13:23 - [MESSAGE][INFO] - Field berhasil dikosongkan setelah 1 percobaan.

02-01-2025T15:13:23 - [TEST_STEP][PASSED] - break: null

02-01-2025T15:13:23 - [TEST_STEP][PASSED] - setText(fieldNomorRekening, nomorRekening): null

02-01-2025T15:13:24 - [MESSAGE][PASSED] - Text '9840152590' is set on object 'Object Repository/Master Data/Admin Sekolah/Akun Bank/Tambah Akun Bank/Set Text Nomor Rekening'

02-01-2025T15:13:24 - [TEST_STEP][PASSED] - pilihKepemilikanDropdown(): null

02-01-2025T15:13:24 - [TEST_STEP][PASSED] - click(findTestObject("Master Data/Admin Sekolah/Akun Bank/Tambah Akun Bank/Dropdown Kepemilikan"), CONTINUE_ON_FAILURE): Object: 'Object Repository/Master Data/Admin Sekolah/Akun Bank/Tambah Akun Bank/Dropdown Kepemilikan' is clicked on

02-01-2025T15:13:24 - [MESSAGE][PASSED] - Object: 'Object Repository/Master Data/Admin Sekolah/Akun Bank/Tambah Akun Bank/Dropdown Kepemilikan' is clicked on

02-01-2025T15:13:24 - [TEST_STEP][PASSED] - click(findTestObject("Master Data/Admin Sekolah/Akun Bank/Tambah Akun Bank/Pilih Dropdown Kepemilikan"), CONTINUE_ON_FAILURE): null

02-01-2025T15:13:24 - [MESSAGE][PASSED] - Object: 'Object Repository/Master Data/Admin Sekolah/Akun Bank/Tambah Akun Bank/Pilih Dropdown Kepemilikan' is clicked on

02-01-2025T15:13:24 - [TEST_STEP][PASSED] - click(findTestObject("Master Data/Admin Sekolah/Akun Bank/Tambah Akun Bank/Button Submit"), CONTINUE_ON_FAILURE): Object: 'Object Repository/Master Data/Admin Sekolah/Akun Bank/Tambah Akun Bank/Button Submit' is clicked on

02-01-2025T15:13:25 - [MESSAGE][PASSED] - Object: 'Object Repository/Master Data/Admin Sekolah/Akun Bank/Tambah Akun Bank/Button Submit' is clicked on

02-01-2025T15:13:25 - [TEST_STEP][PASSED] - isErrorPresent = verifyTextPresent("Nomor rekening sudah terdaftar", false, OPTIONAL): Text 'Nomor rekening sudah terdaftar' is not present on page  (Root cause: com.kms.katalon.core.exception.StepFailedException: Text 'Nomor rekening sudah terdaftar' is not present on page 
	at com.kms.katalon.core.webui.keyword.internal.WebUIKeywordMain.stepFailed(WebUIKeywordMain.groovy:117)
	at com.kms.katalon.core.webui.keyword.builtin.VerifyTextPresentKeyword$_verifyTextPresent_closure1.doCall(VerifyTextPresentKeyword.groovy:79)
	at com.kms.katalon.core.webui.keyword.builtin.VerifyTextPresentKeyword$_verifyTextPresent_closure1.call(VerifyTextPresentKeyword.groovy)
	at com.kms.katalon.core.webui.keyword.internal.WebUIKeywordMain.runKeyword(WebUIKeywordMain.groovy:35)
	at com.kms.katalon.core.webui.keyword.builtin.VerifyTextPresentKeyword.verifyTextPresent(VerifyTextPresentKeyword.groovy:83)
	at com.kms.katalon.core.webui.keyword.builtin.VerifyTextPresentKeyword.execute(VerifyTextPresentKeyword.groovy:68)
	at com.kms.katalon.core.keyword.internal.KeywordExecutor.executeKeywordForPlatform(KeywordExecutor.groovy:74)
	at com.kms.katalon.core.webui.keyword.WebUiBuiltInKeywords.verifyTextPresent(WebUiBuiltInKeywords.groovy:1783)
	at Tambah Akun Bank.run(Tambah Akun Bank:84)
	at com.kms.katalon.core.main.ScriptEngine.run(ScriptEngine.java:194)
	at com.kms.katalon.core.main.ScriptEngine.runScriptAsRawText(ScriptEngine.java:119)
	at com.kms.katalon.core.main.TestCaseExecutor.runScript(TestCaseExecutor.java:448)
	at com.kms.katalon.core.main.TestCaseExecutor.doExecute(TestCaseExecutor.java:439)
	at com.kms.katalon.core.main.TestCaseExecutor.processExecutionPhase(TestCaseExecutor.java:418)
	at com.kms.katalon.core.main.TestCaseExecutor.accessMainPhase(TestCaseExecutor.java:410)
	at com.kms.katalon.core.main.TestCaseExecutor.execute(TestCaseExecutor.java:285)
	at com.kms.katalon.core.main.TestCaseMain.runTestCase(TestCaseMain.java:133)
	at com.kms.katalon.core.keyword.builtin.CallTestCaseKeyword$_callTestCase_closure1.doCall(CallTestCaseKeyword.groovy:59)
	at com.kms.katalon.core.keyword.builtin.CallTestCaseKeyword$_callTestCase_closure1.call(CallTestCaseKeyword.groovy)
	at com.kms.katalon.core.keyword.internal.KeywordMain.runKeyword(KeywordMain.groovy:75)
	at com.kms.katalon.core.keyword.builtin.CallTestCaseKeyword.callTestCase(CallTestCaseKeyword.groovy:81)
	at com.kms.katalon.core.keyword.builtin.CallTestCaseKeyword.execute(CallTestCaseKeyword.groovy:44)
	at com.kms.katalon.core.keyword.internal.KeywordExecutor.executeKeywordForPlatform(KeywordExecutor.groovy:74)
	at com.kms.katalon.core.keyword.BuiltinKeywords.callTestCase(BuiltinKeywords.groovy:310)
	at java.base/jdk.internal.reflect.NativeMethodAccessorImpl.invoke0(Native Method)
	at java.base/jdk.internal.reflect.NativeMethodAccessorImpl.invoke(NativeMethodAccessorImpl.java:77)
	at java.base/jdk.internal.reflect.DelegatingMethodAccessorImpl.invoke(DelegatingMethodAccessorImpl.java:43)
	at Regresi Akun Bank.run(Regresi Akun Bank:22)
	at com.kms.katalon.core.main.ScriptEngine.run(ScriptEngine.java:194)
	at com.kms.katalon.core.main.ScriptEngine.runScriptAsRawText(ScriptEngine.java:119)
	at com.kms.katalon.core.main.TestCaseExecutor.runScript(TestCaseExecutor.java:448)
	at com.kms.katalon.core.main.TestCaseExecutor.doExecute(TestCaseExecutor.java:439)
	at com.kms.katalon.core.main.TestCaseExecutor.processExecutionPhase(TestCaseExecutor.java:418)
	at com.kms.katalon.core.main.TestCaseExecutor.accessMainPhase(TestCaseExecutor.java:410)
	at com.kms.katalon.core.main.TestCaseExecutor.execute(TestCaseExecutor.java:285)
	at com.kms.katalon.core.common.CommonExecutor.accessTestCaseMainPhase(CommonExecutor.java:65)
	at com.kms.katalon.core.main.TestSuiteExecutor.accessTestSuiteMainPhase(TestSuiteExecutor.java:161)
	at com.kms.katalon.core.main.TestSuiteExecutor.execute(TestSuiteExecutor.java:107)
	at com.kms.katalon.core.main.TestCaseMain.startTestSuite(TestCaseMain.java:176)
	at TempTestSuite1735805561810.run(TempTestSuite1735805561810.groovy:35)
	at java.base/jdk.internal.reflect.NativeMethodAccessorImpl.invoke0(Native Method)
	at java.base/jdk.internal.reflect.NativeMethodAccessorImpl.invoke(NativeMethodAccessorImpl.java:77)
	at java.base/jdk.internal.reflect.DelegatingMethodAccessorImpl.invoke(DelegatingMethodAccessorImpl.java:43)
)

02-01-2025T15:13:25 - [MESSAGE][WARNING] - Text 'Nomor rekening sudah terdaftar' is not present on page  (Root cause: com.kms.katalon.core.exception.StepFailedException: Text 'Nomor rekening sudah terdaftar' is not present on page 
	at com.kms.katalon.core.webui.keyword.internal.WebUIKeywordMain.stepFailed(WebUIKeywordMain.groovy:117)
	at com.kms.katalon.core.webui.keyword.builtin.VerifyTextPresentKeyword$_verifyTextPresent_closure1.doCall(VerifyTextPresentKeyword.groovy:79)
	at com.kms.katalon.core.webui.keyword.builtin.VerifyTextPresentKeyword$_verifyTextPresent_closure1.call(VerifyTextPresentKeyword.groovy)
	at com.kms.katalon.core.webui.keyword.internal.WebUIKeywordMain.runKeyword(WebUIKeywordMain.groovy:35)
	at com.kms.katalon.core.webui.keyword.builtin.VerifyTextPresentKeyword.verifyTextPresent(VerifyTextPresentKeyword.groovy:83)
	at com.kms.katalon.core.webui.keyword.builtin.VerifyTextPresentKeyword.execute(VerifyTextPresentKeyword.groovy:68)
	at com.kms.katalon.core.keyword.internal.KeywordExecutor.executeKeywordForPlatform(KeywordExecutor.groovy:74)
	at com.kms.katalon.core.webui.keyword.WebUiBuiltInKeywords.verifyTextPresent(WebUiBuiltInKeywords.groovy:1783)
	at Tambah Akun Bank.run(Tambah Akun Bank:84)
	at com.kms.katalon.core.main.ScriptEngine.run(ScriptEngine.java:194)
	at com.kms.katalon.core.main.ScriptEngine.runScriptAsRawText(ScriptEngine.java:119)
	at com.kms.katalon.core.main.TestCaseExecutor.runScript(TestCaseExecutor.java:448)
	at com.kms.katalon.core.main.TestCaseExecutor.doExecute(TestCaseExecutor.java:439)
	at com.kms.katalon.core.main.TestCaseExecutor.processExecutionPhase(TestCaseExecutor.java:418)
	at com.kms.katalon.core.main.TestCaseExecutor.accessMainPhase(TestCaseExecutor.java:410)
	at com.kms.katalon.core.main.TestCaseExecutor.execute(TestCaseExecutor.java:285)
	at com.kms.katalon.core.main.TestCaseMain.runTestCase(TestCaseMain.java:133)
	at com.kms.katalon.core.keyword.builtin.CallTestCaseKeyword$_callTestCase_closure1.doCall(CallTestCaseKeyword.groovy:59)
	at com.kms.katalon.core.keyword.builtin.CallTestCaseKeyword$_callTestCase_closure1.call(CallTestCaseKeyword.groovy)
	at com.kms.katalon.core.keyword.internal.KeywordMain.runKeyword(KeywordMain.groovy:75)
	at com.kms.katalon.core.keyword.builtin.CallTestCaseKeyword.callTestCase(CallTestCaseKeyword.groovy:81)
	at com.kms.katalon.core.keyword.builtin.CallTestCaseKeyword.execute(CallTestCaseKeyword.groovy:44)
	at com.kms.katalon.core.keyword.internal.KeywordExecutor.executeKeywordForPlatform(KeywordExecutor.groovy:74)
	at com.kms.katalon.core.keyword.BuiltinKeywords.callTestCase(BuiltinKeywords.groovy:310)
	at java.base/jdk.internal.reflect.NativeMethodAccessorImpl.invoke0(Native Method)
	at java.base/jdk.internal.reflect.NativeMethodAccessorImpl.invoke(NativeMethodAccessorImpl.java:77)
	at java.base/jdk.internal.reflect.DelegatingMethodAccessorImpl.invoke(DelegatingMethodAccessorImpl.java:43)
	at Regresi Akun Bank.run(Regresi Akun Bank:22)
	at com.kms.katalon.core.main.ScriptEngine.run(ScriptEngine.java:194)
	at com.kms.katalon.core.main.ScriptEngine.runScriptAsRawText(ScriptEngine.java:119)
	at com.kms.katalon.core.main.TestCaseExecutor.runScript(TestCaseExecutor.java:448)
	at com.kms.katalon.core.main.TestCaseExecutor.doExecute(TestCaseExecutor.java:439)
	at com.kms.katalon.core.main.TestCaseExecutor.processExecutionPhase(TestCaseExecutor.java:418)
	at com.kms.katalon.core.main.TestCaseExecutor.accessMainPhase(TestCaseExecutor.java:410)
	at com.kms.katalon.core.main.TestCaseExecutor.execute(TestCaseExecutor.java:285)
	at com.kms.katalon.core.common.CommonExecutor.accessTestCaseMainPhase(CommonExecutor.java:65)
	at com.kms.katalon.core.main.TestSuiteExecutor.accessTestSuiteMainPhase(TestSuiteExecutor.java:161)
	at com.kms.katalon.core.main.TestSuiteExecutor.execute(TestSuiteExecutor.java:107)
	at com.kms.katalon.core.main.TestCaseMain.startTestSuite(TestCaseMain.java:176)
	at TempTestSuite1735805561810.run(TempTestSuite1735805561810.groovy:35)
	at java.base/jdk.internal.reflect.NativeMethodAccessorImpl.invoke0(Native Method)
	at java.base/jdk.internal.reflect.NativeMethodAccessorImpl.invoke(NativeMethodAccessorImpl.java:77)
	at java.base/jdk.internal.reflect.DelegatingMethodAccessorImpl.invoke(DelegatingMethodAccessorImpl.java:43)
)

02-01-2025T15:13:25 - [TEST_STEP][PASSED] - if (!(isErrorPresent)): null

02-01-2025T15:13:25 - [TEST_STEP][PASSED] - verifyElementVisible(findTestObject("Master Data/Admin Sekolah/Akun Bank/Akun Bank Dashboard"), CONTINUE_ON_FAILURE): Object 'Object Repository/Master Data/Admin Sekolah/Akun Bank/Akun Bank Dashboard' is visible

02-01-2025T15:13:26 - [MESSAGE][PASSED] - Object 'Object Repository/Master Data/Admin Sekolah/Akun Bank/Akun Bank Dashboard' is visible

02-01-2025T15:13:26 - [TEST_STEP][PASSED] - break: null

02-01-2025T15:13:26 - [TEST_STEP][PASSED] - if (isErrorPresent): null

02-01-2025T15:13:26 - [TEST_STEP][PASSED] - else: Nomor rekening berhasil didaftarkan.

02-01-2025T15:13:26 - [TEST_STEP][PASSED] - comment("Nomor rekening berhasil didaftarkan."): Nomor rekening berhasil didaftarkan.

02-01-2025T15:13:26 - [MESSAGE][INFO] - Nomor rekening berhasil didaftarkan.

02-01-2025T15:13:26 - [MESSAGE][PASSED] - Call Test Case 'Test Cases/Master Data/Admin Sekolah/Master Data Akun Bank/Tambah Akun Bank' successfully

02-01-2025T15:13:26 - [TEST_STEP][FAILED] - callTestCase(findTestCase("Test Cases/Master Data/Admin Sekolah/Master Data Akun Bank/Edit Akun Bank"), [:], CONTINUE_ON_FAILURE): Unable to call Test Case 'Test Cases/Master Data/Admin Sekolah/Master Data Akun Bank/Edit Akun Bank' (Root cause: com.kms.katalon.core.exception.StepFailedException: Call Test Case 'Test Cases/Master Data/Admin Sekolah/Master Data Akun Bank/Edit Akun Bank' failed
	at com.kms.katalon.core.keyword.builtin.CallTestCaseKeyword$_callTestCase_closure1.doCall(CallTestCaseKeyword.groovy:63)
	at com.kms.katalon.core.keyword.builtin.CallTestCaseKeyword$_callTestCase_closure1.call(CallTestCaseKeyword.groovy)
	at com.kms.katalon.core.keyword.internal.KeywordMain.runKeyword(KeywordMain.groovy:75)
	at com.kms.katalon.core.keyword.builtin.CallTestCaseKeyword.callTestCase(CallTestCaseKeyword.groovy:81)
	at com.kms.katalon.core.keyword.builtin.CallTestCaseKeyword.execute(CallTestCaseKeyword.groovy:44)
	at com.kms.katalon.core.keyword.internal.KeywordExecutor.executeKeywordForPlatform(KeywordExecutor.groovy:74)
	at com.kms.katalon.core.keyword.BuiltinKeywords.callTestCase(BuiltinKeywords.groovy:310)
	at java.base/jdk.internal.reflect.NativeMethodAccessorImpl.invoke0(Native Method)
	at java.base/jdk.internal.reflect.NativeMethodAccessorImpl.invoke(NativeMethodAccessorImpl.java:77)
	at java.base/jdk.internal.reflect.DelegatingMethodAccessorImpl.invoke(DelegatingMethodAccessorImpl.java:43)
	at Regresi Akun Bank.run(Regresi Akun Bank:26)
	at com.kms.katalon.core.main.ScriptEngine.run(ScriptEngine.java:194)
	at com.kms.katalon.core.main.ScriptEngine.runScriptAsRawText(ScriptEngine.java:119)
	at com.kms.katalon.core.main.TestCaseExecutor.runScript(TestCaseExecutor.java:448)
	at com.kms.katalon.core.main.TestCaseExecutor.doExecute(TestCaseExecutor.java:439)
	at com.kms.katalon.core.main.TestCaseExecutor.processExecutionPhase(TestCaseExecutor.java:418)
	at com.kms.katalon.core.main.TestCaseExecutor.accessMainPhase(TestCaseExecutor.java:410)
	at com.kms.katalon.core.main.TestCaseExecutor.execute(TestCaseExecutor.java:285)
	at com.kms.katalon.core.common.CommonExecutor.accessTestCaseMainPhase(CommonExecutor.java:65)
	at com.kms.katalon.core.main.TestSuiteExecutor.accessTestSuiteMainPhase(TestSuiteExecutor.java:161)
	at com.kms.katalon.core.main.TestSuiteExecutor.execute(TestSuiteExecutor.java:107)
	at com.kms.katalon.core.main.TestCaseMain.startTestSuite(TestCaseMain.java:176)
	at TempTestSuite1735805561810.run(TempTestSuite1735805561810.groovy:35)
	at java.base/jdk.internal.reflect.NativeMethodAccessorImpl.invoke0(Native Method)
	at java.base/jdk.internal.reflect.NativeMethodAccessorImpl.invoke(NativeMethodAccessorImpl.java:77)
	at java.base/jdk.internal.reflect.DelegatingMethodAccessorImpl.invoke(DelegatingMethodAccessorImpl.java:43)
Caused by: com.kms.katalon.core.exception.StepFailedException: Unable to verify object 'Object Repository/Master Data/Admin Sekolah/Akun Bank/Edit Akun Bank/Toast Notification Data Berhasil Diubah' is visible
	at com.kms.katalon.core.webui.keyword.internal.WebUIKeywordMain.stepFailed(WebUIKeywordMain.groovy:117)
	at com.kms.katalon.core.webui.keyword.internal.WebUIKeywordMain.runKeyword(WebUIKeywordMain.groovy:43)
	at com.kms.katalon.core.webui.keyword.builtin.VerifyElementVisibleKeyword.verifyElementVisible(VerifyElementVisibleKeyword.groovy:97)
	at com.kms.katalon.core.webui.keyword.builtin.VerifyElementVisibleKeyword.execute(VerifyElementVisibleKeyword.groovy:67)
	at com.kms.katalon.core.keyword.internal.KeywordExecutor.executeKeywordForPlatform(KeywordExecutor.groovy:74)
	at com.kms.katalon.core.webui.keyword.WebUiBuiltInKeywords.verifyElementVisible(WebUiBuiltInKeywords.groovy:438)
	at Edit Akun Bank.run(Edit Akun Bank:90)
	at com.kms.katalon.core.main.ScriptEngine.run(ScriptEngine.java:194)
	at com.kms.katalon.core.main.ScriptEngine.runScriptAsRawText(ScriptEngine.java:119)
	at com.kms.katalon.core.main.TestCaseExecutor.runScript(TestCaseExecutor.java:448)
	at com.kms.katalon.core.main.TestCaseExecutor.doExecute(TestCaseExecutor.java:439)
	at com.kms.katalon.core.main.TestCaseExecutor.processExecutionPhase(TestCaseExecutor.java:418)
	at com.kms.katalon.core.main.TestCaseExecutor.accessMainPhase(TestCaseExecutor.java:410)
	at com.kms.katalon.core.main.TestCaseExecutor.execute(TestCaseExecutor.java:285)
	at com.kms.katalon.core.main.TestCaseMain.runTestCase(TestCaseMain.java:133)
	at com.kms.katalon.core.keyword.builtin.CallTestCaseKeyword$_callTestCase_closure1.doCall(CallTestCaseKeyword.groovy:59)
	... 25 more
Caused by: com.kms.katalon.core.exception.StepFailedException: Object 'Object Repository/Master Data/Admin Sekolah/Akun Bank/Edit Akun Bank/Toast Notification Data Berhasil Diubah' is NOT visible
	at com.kms.katalon.core.webui.keyword.internal.WebUIKeywordMain.stepFailed(WebUIKeywordMain.groovy:117)
	at com.kms.katalon.core.webui.keyword.builtin.VerifyElementVisibleKeyword$_verifyElementVisible_closure1.doCall(VerifyElementVisibleKeyword.groovy:83)
	at com.kms.katalon.core.webui.keyword.builtin.VerifyElementVisibleKeyword$_verifyElementVisible_closure1.call(VerifyElementVisibleKeyword.groovy)
	at com.kms.katalon.core.webui.keyword.internal.WebUIKeywordMain.runKeyword(WebUIKeywordMain.groovy:35)
	... 39 more
)

02-01-2025T15:13:26 - [TEST_CASE][FAILED] - Test Cases/Master Data/Admin Sekolah/Master Data Akun Bank/Edit Akun Bank: Test Cases/Master Data/Admin Sekolah/Master Data Akun Bank/Edit Akun Bank FAILED.
Reason:
com.kms.katalon.core.exception.StepFailedException: Unable to verify object 'Object Repository/Master Data/Admin Sekolah/Akun Bank/Edit Akun Bank/Toast Notification Data Berhasil Diubah' is visible
	at com.kms.katalon.core.webui.keyword.internal.WebUIKeywordMain.stepFailed(WebUIKeywordMain.groovy:117)
	at com.kms.katalon.core.webui.keyword.internal.WebUIKeywordMain.runKeyword(WebUIKeywordMain.groovy:43)
	at com.kms.katalon.core.webui.keyword.builtin.VerifyElementVisibleKeyword.verifyElementVisible(VerifyElementVisibleKeyword.groovy:97)
	at com.kms.katalon.core.webui.keyword.builtin.VerifyElementVisibleKeyword.execute(VerifyElementVisibleKeyword.groovy:67)
	at com.kms.katalon.core.keyword.internal.KeywordExecutor.executeKeywordForPlatform(KeywordExecutor.groovy:74)
	at com.kms.katalon.core.webui.keyword.WebUiBuiltInKeywords.verifyElementVisible(WebUiBuiltInKeywords.groovy:438)
	at Edit Akun Bank.run(Edit Akun Bank:90)
	at com.kms.katalon.core.main.ScriptEngine.run(ScriptEngine.java:194)
	at com.kms.katalon.core.main.ScriptEngine.runScriptAsRawText(ScriptEngine.java:119)
	at com.kms.katalon.core.main.TestCaseExecutor.runScript(TestCaseExecutor.java:448)
	at com.kms.katalon.core.main.TestCaseExecutor.doExecute(TestCaseExecutor.java:439)
	at com.kms.katalon.core.main.TestCaseExecutor.processExecutionPhase(TestCaseExecutor.java:418)
	at com.kms.katalon.core.main.TestCaseExecutor.accessMainPhase(TestCaseExecutor.java:410)
	at com.kms.katalon.core.main.TestCaseExecutor.execute(TestCaseExecutor.java:285)
	at com.kms.katalon.core.main.TestCaseMain.runTestCase(TestCaseMain.java:133)
	at com.kms.katalon.core.keyword.builtin.CallTestCaseKeyword$_callTestCase_closure1.doCall(CallTestCaseKeyword.groovy:59)
	at com.kms.katalon.core.keyword.builtin.CallTestCaseKeyword$_callTestCase_closure1.call(CallTestCaseKeyword.groovy)
	at com.kms.katalon.core.keyword.internal.KeywordMain.runKeyword(KeywordMain.groovy:75)
	at com.kms.katalon.core.keyword.builtin.CallTestCaseKeyword.callTestCase(CallTestCaseKeyword.groovy:81)
	at com.kms.katalon.core.keyword.builtin.CallTestCaseKeyword.execute(CallTestCaseKeyword.groovy:44)
	at com.kms.katalon.core.keyword.internal.KeywordExecutor.executeKeywordForPlatform(KeywordExecutor.groovy:74)
	at com.kms.katalon.core.keyword.BuiltinKeywords.callTestCase(BuiltinKeywords.groovy:310)
	at java.base/jdk.internal.reflect.NativeMethodAccessorImpl.invoke0(Native Method)
	at java.base/jdk.internal.reflect.NativeMethodAccessorImpl.invoke(NativeMethodAccessorImpl.java:77)
	at java.base/jdk.internal.reflect.DelegatingMethodAccessorImpl.invoke(DelegatingMethodAccessorImpl.java:43)
	at Regresi Akun Bank.run(Regresi Akun Bank:26)
	at com.kms.katalon.core.main.ScriptEngine.run(ScriptEngine.java:194)
	at com.kms.katalon.core.main.ScriptEngine.runScriptAsRawText(ScriptEngine.java:119)
	at com.kms.katalon.core.main.TestCaseExecutor.runScript(TestCaseExecutor.java:448)
	at com.kms.katalon.core.main.TestCaseExecutor.doExecute(TestCaseExecutor.java:439)
	at com.kms.katalon.core.main.TestCaseExecutor.processExecutionPhase(TestCaseExecutor.java:418)
	at com.kms.katalon.core.main.TestCaseExecutor.accessMainPhase(TestCaseExecutor.java:410)
	at com.kms.katalon.core.main.TestCaseExecutor.execute(TestCaseExecutor.java:285)
	at com.kms.katalon.core.common.CommonExecutor.accessTestCaseMainPhase(CommonExecutor.java:65)
	at com.kms.katalon.core.main.TestSuiteExecutor.accessTestSuiteMainPhase(TestSuiteExecutor.java:161)
	at com.kms.katalon.core.main.TestSuiteExecutor.execute(TestSuiteExecutor.java:107)
	at com.kms.katalon.core.main.TestCaseMain.startTestSuite(TestCaseMain.java:176)
	at TempTestSuite1735805561810.run(TempTestSuite1735805561810.groovy:35)
	at java.base/jdk.internal.reflect.NativeMethodAccessorImpl.invoke0(Native Method)
	at java.base/jdk.internal.reflect.NativeMethodAccessorImpl.invoke(NativeMethodAccessorImpl.java:77)
	at java.base/jdk.internal.reflect.DelegatingMethodAccessorImpl.invoke(DelegatingMethodAccessorImpl.java:43)
Caused by: com.kms.katalon.core.exception.StepFailedException: Object 'Object Repository/Master Data/Admin Sekolah/Akun Bank/Edit Akun Bank/Toast Notification Data Berhasil Diubah' is NOT visible
	at com.kms.katalon.core.webui.keyword.internal.WebUIKeywordMain.stepFailed(WebUIKeywordMain.groovy:117)
	at com.kms.katalon.core.webui.keyword.builtin.VerifyElementVisibleKeyword$_verifyElementVisible_closure1.doCall(VerifyElementVisibleKeyword.groovy:83)
	at com.kms.katalon.core.webui.keyword.builtin.VerifyElementVisibleKeyword$_verifyElementVisible_closure1.call(VerifyElementVisibleKeyword.groovy)
	at com.kms.katalon.core.webui.keyword.internal.WebUIKeywordMain.runKeyword(WebUIKeywordMain.groovy:35)
	... 39 more


02-01-2025T15:13:26 - [TEST_STEP][PASSED] - openBrowser(""): Browser is opened with url: ''

02-01-2025T15:13:26 - [MESSAGE][WARNING] - A browser is already opened. Closing browser and opening a new one

02-01-2025T15:13:26 - [MESSAGE][INFO] - Starting 'Chrome' driver

02-01-2025T15:13:26 - [MESSAGE][INFO] - Action delay is set to 0 milliseconds

02-01-2025T15:13:27 - [MESSAGE][PASSED] - Browser is opened with url: ''

02-01-2025T15:13:27 - [TEST_STEP][PASSED] - maximizeWindow(): Current window maximized

02-01-2025T15:13:27 - [MESSAGE][PASSED] - Current window maximized

02-01-2025T15:13:27 - [TEST_STEP][PASSED] - navigateToUrl("https://school-payment.digiform.co.id/login"): Navigate to 'https://school-payment.digiform.co.id/login' successfully

02-01-2025T15:13:27 - [MESSAGE][PASSED] - Navigate to 'https://school-payment.digiform.co.id/login' successfully

02-01-2025T15:13:27 - [TEST_STEP][PASSED] - setText(findTestObject("Master Data/Admin Sekolah/Login/Field Email"), "admin.gudangsolusi@digiform.co.id"): Text 'admin.gudangsolusi@digiform.co.id' is set on object 'Object Repository/Master Data/Admin Sekolah/Login/Field Email'

02-01-2025T15:13:29 - [MESSAGE][PASSED] - Text 'admin.gudangsolusi@digiform.co.id' is set on object 'Object Repository/Master Data/Admin Sekolah/Login/Field Email'

02-01-2025T15:13:29 - [TEST_STEP][PASSED] - setText(findTestObject("Master Data/Admin Sekolah/Login/Input Password"), "Test1234"): Text 'Test1234' is set on object 'Object Repository/Master Data/Admin Sekolah/Login/Input Password'

02-01-2025T15:13:30 - [MESSAGE][PASSED] - Text 'Test1234' is set on object 'Object Repository/Master Data/Admin Sekolah/Login/Input Password'

02-01-2025T15:13:30 - [TEST_STEP][PASSED] - click(findTestObject("Master Data/Admin Sekolah/Login/Button Submit")): Object: 'Object Repository/Master Data/Admin Sekolah/Login/Button Submit' is clicked on

02-01-2025T15:13:30 - [MESSAGE][PASSED] - Object: 'Object Repository/Master Data/Admin Sekolah/Login/Button Submit' is clicked on

02-01-2025T15:13:30 - [TEST_STEP][PASSED] - click(findTestObject("Master Data/Admin Sekolah/Tagihan/Master Data Menu")): Object: 'Object Repository/Master Data/Admin Sekolah/Tagihan/Master Data Menu' is clicked on

02-01-2025T15:13:32 - [MESSAGE][PASSED] - Object: 'Object Repository/Master Data/Admin Sekolah/Tagihan/Master Data Menu' is clicked on

02-01-2025T15:13:32 - [TEST_STEP][PASSED] - click(findTestObject("Master Data/Admin Sekolah/Akun Bank/Menu Akun Bank")): Object: 'Object Repository/Master Data/Admin Sekolah/Akun Bank/Menu Akun Bank' is clicked on

02-01-2025T15:13:32 - [MESSAGE][PASSED] - Object: 'Object Repository/Master Data/Admin Sekolah/Akun Bank/Menu Akun Bank' is clicked on

02-01-2025T15:13:32 - [TEST_STEP][PASSED] - click(findTestObject("Master Data/Admin Sekolah/Akun Bank/Edit Akun Bank/Button Action")): Object: 'Object Repository/Master Data/Admin Sekolah/Akun Bank/Edit Akun Bank/Button Action' is clicked on

02-01-2025T15:13:33 - [MESSAGE][PASSED] - Object: 'Object Repository/Master Data/Admin Sekolah/Akun Bank/Edit Akun Bank/Button Action' is clicked on

02-01-2025T15:13:33 - [TEST_STEP][PASSED] - click(findTestObject("Master Data/Admin Sekolah/Akun Bank/Edit Akun Bank/Button Edit")): Object: 'Object Repository/Master Data/Admin Sekolah/Akun Bank/Edit Akun Bank/Button Edit' is clicked on

02-01-2025T15:13:33 - [MESSAGE][PASSED] - Object: 'Object Repository/Master Data/Admin Sekolah/Akun Bank/Edit Akun Bank/Button Edit' is clicked on

02-01-2025T15:13:33 - [TEST_STEP][PASSED] - click(findTestObject("Master Data/Admin Sekolah/Akun Bank/Edit Akun Bank/Dropdown Akun Bank")): Object: 'Object Repository/Master Data/Admin Sekolah/Akun Bank/Edit Akun Bank/Dropdown Akun Bank' is clicked on

02-01-2025T15:13:34 - [MESSAGE][PASSED] - Object: 'Object Repository/Master Data/Admin Sekolah/Akun Bank/Edit Akun Bank/Dropdown Akun Bank' is clicked on

02-01-2025T15:13:34 - [TEST_STEP][PASSED] - click(findTestObject("Master Data/Admin Sekolah/Akun Bank/Edit Akun Bank/Value Dropdown Akun Bank")): Object: 'Object Repository/Master Data/Admin Sekolah/Akun Bank/Edit Akun Bank/Value Dropdown Akun Bank' is clicked on

02-01-2025T15:13:34 - [MESSAGE][PASSED] - Object: 'Object Repository/Master Data/Admin Sekolah/Akun Bank/Edit Akun Bank/Value Dropdown Akun Bank' is clicked on

02-01-2025T15:13:34 - [TEST_STEP][PASSED] - clearAndSetText(findTestObject("Master Data/Admin Sekolah/Akun Bank/Edit Akun Bank/Field Nama Akun Bank"), generateRandomBankAccountName()): null

02-01-2025T15:13:34 - [TEST_STEP][PASSED] - firstNames = ["Pandu", "Budi", "Siti", "Andi", "Joko", "Rina", "Ari", "Maya"]: null

02-01-2025T15:13:34 - [TEST_STEP][PASSED] - lastNames = ["Wibisana", "Sari", "Pratama", "Santoso", "Putra", "Gunawan", "Sudarmaji", "Amir"]: null

02-01-2025T15:13:34 - [TEST_STEP][PASSED] - random = new java.util.Random(): null

02-01-2025T15:13:34 - [TEST_STEP][PASSED] - firstName = firstNames[random.nextInt(firstNames.size())]: null

02-01-2025T15:13:34 - [TEST_STEP][PASSED] - lastName = lastNames[random.nextInt(lastNames.size())]: null

02-01-2025T15:13:34 - [TEST_STEP][PASSED] - return ((firstName +  ) + lastName): null

02-01-2025T15:13:34 - [TEST_STEP][PASSED] - sendKeys(testObject, Keys.chord(CONTROL, "a")): Keys 'CONTROL + a' sent to object: 'Object Repository/Master Data/Admin Sekolah/Akun Bank/Edit Akun Bank/Field Nama Akun Bank'

02-01-2025T15:13:35 - [MESSAGE][PASSED] - Keys 'CONTROL + a' sent to object: 'Object Repository/Master Data/Admin Sekolah/Akun Bank/Edit Akun Bank/Field Nama Akun Bank'

02-01-2025T15:13:35 - [TEST_STEP][PASSED] - sendKeys(testObject, Keys.chord(BACK_SPACE)): Keys 'BACK_SPACE + ' sent to object: 'Object Repository/Master Data/Admin Sekolah/Akun Bank/Edit Akun Bank/Field Nama Akun Bank'

02-01-2025T15:13:35 - [MESSAGE][PASSED] - Keys 'BACK_SPACE + ' sent to object: 'Object Repository/Master Data/Admin Sekolah/Akun Bank/Edit Akun Bank/Field Nama Akun Bank'

02-01-2025T15:13:35 - [TEST_STEP][PASSED] - setText(testObject, newText): Text 'Joko Wibisana' is set on object 'Object Repository/Master Data/Admin Sekolah/Akun Bank/Edit Akun Bank/Field Nama Akun Bank'

02-01-2025T15:13:36 - [MESSAGE][PASSED] - Text 'Joko Wibisana' is set on object 'Object Repository/Master Data/Admin Sekolah/Akun Bank/Edit Akun Bank/Field Nama Akun Bank'

02-01-2025T15:13:36 - [TEST_STEP][PASSED] - initialAccountNumber = generateRandomData("64", 10): null

02-01-2025T15:13:36 - [TEST_STEP][PASSED] - random = new java.util.Random(): null

02-01-2025T15:13:36 - [TEST_STEP][PASSED] - result = prefix: null

02-01-2025T15:13:36 - [TEST_STEP][PASSED] - for ([i = 0, i < length, (i++)]): null

02-01-2025T15:13:36 - [TEST_STEP][PASSED] - result += random.nextInt(10): null

02-01-2025T15:13:36 - [TEST_STEP][PASSED] - result += random.nextInt(10): null

02-01-2025T15:13:36 - [TEST_STEP][PASSED] - result += random.nextInt(10): null

02-01-2025T15:13:36 - [TEST_STEP][PASSED] - result += random.nextInt(10): null

02-01-2025T15:13:36 - [TEST_STEP][PASSED] - result += random.nextInt(10): null

02-01-2025T15:13:36 - [TEST_STEP][PASSED] - result += random.nextInt(10): null

02-01-2025T15:13:36 - [TEST_STEP][PASSED] - result += random.nextInt(10): null

02-01-2025T15:13:36 - [TEST_STEP][PASSED] - result += random.nextInt(10): null

02-01-2025T15:13:36 - [TEST_STEP][PASSED] - result += random.nextInt(10): null

02-01-2025T15:13:36 - [TEST_STEP][PASSED] - result += random.nextInt(10): null

02-01-2025T15:13:36 - [TEST_STEP][PASSED] - return result: null

02-01-2025T15:13:36 - [TEST_STEP][PASSED] - attempt = 0: null

02-01-2025T15:13:36 - [TEST_STEP][PASSED] - isSaved = false: null

02-01-2025T15:13:36 - [TEST_STEP][PASSED] - maxAttempts = 5: null

02-01-2025T15:13:36 - [TEST_STEP][PASSED] - while (!(isSaved) && attempt < maxAttempts): null

02-01-2025T15:13:36 - [TEST_STEP][PASSED] - (attempt++): null

02-01-2025T15:13:36 - [TEST_STEP][PASSED] - println(Percobaan ke-$attempt): null

02-01-2025T15:13:36 - [TEST_STEP][PASSED] - clearAndSetText(findTestObject("Master Data/Admin Sekolah/Akun Bank/Edit Akun Bank/Field Nomor Rekening Bank"), initialAccountNumber): null

02-01-2025T15:13:36 - [TEST_STEP][PASSED] - sendKeys(testObject, Keys.chord(CONTROL, "a")): Keys 'CONTROL + a' sent to object: 'Object Repository/Master Data/Admin Sekolah/Akun Bank/Edit Akun Bank/Field Nomor Rekening Bank'

02-01-2025T15:13:36 - [MESSAGE][PASSED] - Keys 'CONTROL + a' sent to object: 'Object Repository/Master Data/Admin Sekolah/Akun Bank/Edit Akun Bank/Field Nomor Rekening Bank'

02-01-2025T15:13:36 - [TEST_STEP][PASSED] - sendKeys(testObject, Keys.chord(BACK_SPACE)): Keys 'BACK_SPACE + ' sent to object: 'Object Repository/Master Data/Admin Sekolah/Akun Bank/Edit Akun Bank/Field Nomor Rekening Bank'

02-01-2025T15:13:36 - [MESSAGE][PASSED] - Keys 'BACK_SPACE + ' sent to object: 'Object Repository/Master Data/Admin Sekolah/Akun Bank/Edit Akun Bank/Field Nomor Rekening Bank'

02-01-2025T15:13:36 - [TEST_STEP][PASSED] - setText(testObject, newText): null

02-01-2025T15:13:37 - [MESSAGE][PASSED] - Text '644516351892' is set on object 'Object Repository/Master Data/Admin Sekolah/Akun Bank/Edit Akun Bank/Field Nomor Rekening Bank'

02-01-2025T15:13:37 - [TEST_STEP][PASSED] - click(findTestObject("Master Data/Admin Sekolah/Akun Bank/Edit Akun Bank/Button Simpan")): Object: 'Object Repository/Master Data/Admin Sekolah/Akun Bank/Edit Akun Bank/Button Simpan' is clicked on

02-01-2025T15:13:37 - [MESSAGE][PASSED] - Object: 'Object Repository/Master Data/Admin Sekolah/Akun Bank/Edit Akun Bank/Button Simpan' is clicked on

02-01-2025T15:13:37 - [TEST_STEP][PASSED] - if (verifyElementVisible(findTestObject("Master Data/Admin Sekolah/Akun Bank/Edit Akun Bank/Toast Notification Error Nomor Rekening Sudah Terdaftar"), OPTIONAL)): Unable to verify object is visible (Root cause: com.kms.katalon.core.exception.StepFailedException: Unable to verify object is visible
	at com.kms.katalon.core.webui.keyword.internal.WebUIKeywordMain.stepFailed(WebUIKeywordMain.groovy:117)
	at com.kms.katalon.core.webui.keyword.internal.WebUIKeywordMain.runKeyword(WebUIKeywordMain.groovy:43)
	at com.kms.katalon.core.webui.keyword.builtin.VerifyElementVisibleKeyword.verifyElementVisible(VerifyElementVisibleKeyword.groovy:97)
	at com.kms.katalon.core.webui.keyword.builtin.VerifyElementVisibleKeyword.execute(VerifyElementVisibleKeyword.groovy:67)
	at com.kms.katalon.core.keyword.internal.KeywordExecutor.executeKeywordForPlatform(KeywordExecutor.groovy:74)
	at com.kms.katalon.core.webui.keyword.WebUiBuiltInKeywords.verifyElementVisible(WebUiBuiltInKeywords.groovy:438)
	at Edit Akun Bank.run(Edit Akun Bank:76)
	at com.kms.katalon.core.main.ScriptEngine.run(ScriptEngine.java:194)
	at com.kms.katalon.core.main.ScriptEngine.runScriptAsRawText(ScriptEngine.java:119)
	at com.kms.katalon.core.main.TestCaseExecutor.runScript(TestCaseExecutor.java:448)
	at com.kms.katalon.core.main.TestCaseExecutor.doExecute(TestCaseExecutor.java:439)
	at com.kms.katalon.core.main.TestCaseExecutor.processExecutionPhase(TestCaseExecutor.java:418)
	at com.kms.katalon.core.main.TestCaseExecutor.accessMainPhase(TestCaseExecutor.java:410)
	at com.kms.katalon.core.main.TestCaseExecutor.execute(TestCaseExecutor.java:285)
	at com.kms.katalon.core.main.TestCaseMain.runTestCase(TestCaseMain.java:133)
	at com.kms.katalon.core.keyword.builtin.CallTestCaseKeyword$_callTestCase_closure1.doCall(CallTestCaseKeyword.groovy:59)
	at com.kms.katalon.core.keyword.builtin.CallTestCaseKeyword$_callTestCase_closure1.call(CallTestCaseKeyword.groovy)
	at com.kms.katalon.core.keyword.internal.KeywordMain.runKeyword(KeywordMain.groovy:75)
	at com.kms.katalon.core.keyword.builtin.CallTestCaseKeyword.callTestCase(CallTestCaseKeyword.groovy:81)
	at com.kms.katalon.core.keyword.builtin.CallTestCaseKeyword.execute(CallTestCaseKeyword.groovy:44)
	at com.kms.katalon.core.keyword.internal.KeywordExecutor.executeKeywordForPlatform(KeywordExecutor.groovy:74)
	at com.kms.katalon.core.keyword.BuiltinKeywords.callTestCase(BuiltinKeywords.groovy:310)
	at java.base/jdk.internal.reflect.NativeMethodAccessorImpl.invoke0(Native Method)
	at java.base/jdk.internal.reflect.NativeMethodAccessorImpl.invoke(NativeMethodAccessorImpl.java:77)
	at java.base/jdk.internal.reflect.DelegatingMethodAccessorImpl.invoke(DelegatingMethodAccessorImpl.java:43)
	at Regresi Akun Bank.run(Regresi Akun Bank:26)
	at com.kms.katalon.core.main.ScriptEngine.run(ScriptEngine.java:194)
	at com.kms.katalon.core.main.ScriptEngine.runScriptAsRawText(ScriptEngine.java:119)
	at com.kms.katalon.core.main.TestCaseExecutor.runScript(TestCaseExecutor.java:448)
	at com.kms.katalon.core.main.TestCaseExecutor.doExecute(TestCaseExecutor.java:439)
	at com.kms.katalon.core.main.TestCaseExecutor.processExecutionPhase(TestCaseExecutor.java:418)
	at com.kms.katalon.core.main.TestCaseExecutor.accessMainPhase(TestCaseExecutor.java:410)
	at com.kms.katalon.core.main.TestCaseExecutor.execute(TestCaseExecutor.java:285)
	at com.kms.katalon.core.common.CommonExecutor.accessTestCaseMainPhase(CommonExecutor.java:65)
	at com.kms.katalon.core.main.TestSuiteExecutor.accessTestSuiteMainPhase(TestSuiteExecutor.java:161)
	at com.kms.katalon.core.main.TestSuiteExecutor.execute(TestSuiteExecutor.java:107)
	at com.kms.katalon.core.main.TestCaseMain.startTestSuite(TestCaseMain.java:176)
	at TempTestSuite1735805561810.run(TempTestSuite1735805561810.groovy:35)
	at java.base/jdk.internal.reflect.NativeMethodAccessorImpl.invoke0(Native Method)
	at java.base/jdk.internal.reflect.NativeMethodAccessorImpl.invoke(NativeMethodAccessorImpl.java:77)
	at java.base/jdk.internal.reflect.DelegatingMethodAccessorImpl.invoke(DelegatingMethodAccessorImpl.java:43)
Caused by: java.lang.IllegalArgumentException: Object is null
	at com.kms.katalon.core.helper.KeywordHelper.checkTestObjectParameter(KeywordHelper.java:33)
	at com.kms.katalon.core.webui.keyword.builtin.VerifyElementVisibleKeyword$_verifyElementVisible_closure1.doCall(VerifyElementVisibleKeyword.groovy:75)
	at com.kms.katalon.core.webui.keyword.builtin.VerifyElementVisibleKeyword$_verifyElementVisible_closure1.call(VerifyElementVisibleKeyword.groovy)
	at com.kms.katalon.core.webui.keyword.internal.WebUIKeywordMain.runKeyword(WebUIKeywordMain.groovy:35)
	at com.kms.katalon.core.webui.keyword.builtin.VerifyElementVisibleKeyword.verifyElementVisible(VerifyElementVisibleKeyword.groovy:97)
	at com.kms.katalon.core.webui.keyword.builtin.VerifyElementVisibleKeyword.execute(VerifyElementVisibleKeyword.groovy:67)
	at com.kms.katalon.core.keyword.internal.KeywordExecutor.executeKeywordForPlatform(KeywordExecutor.groovy:74)
	at com.kms.katalon.core.webui.keyword.WebUiBuiltInKeywords.verifyElementVisible(WebUiBuiltInKeywords.groovy:438)
	at Script1733198752835.run(Script1733198752835.groovy:76)
	at com.kms.katalon.core.main.ScriptEngine.run(ScriptEngine.java:194)
	at com.kms.katalon.core.main.ScriptEngine.runScriptAsRawText(ScriptEngine.java:119)
	at com.kms.katalon.core.main.TestCaseExecutor.runScript(TestCaseExecutor.java:448)
	at com.kms.katalon.core.main.TestCaseExecutor.doExecute(TestCaseExecutor.java:439)
	at com.kms.katalon.core.main.TestCaseExecutor.processExecutionPhase(TestCaseExecutor.java:418)
	at com.kms.katalon.core.main.TestCaseExecutor.accessMainPhase(TestCaseExecutor.java:410)
	at com.kms.katalon.core.main.TestCaseExecutor.execute(TestCaseExecutor.java:285)
	at com.kms.katalon.core.main.TestCaseMain.runTestCase(TestCaseMain.java:133)
	at com.kms.katalon.core.keyword.builtin.CallTestCaseKeyword$_callTestCase_closure1.doCall(CallTestCaseKeyword.groovy:59)
	at com.kms.katalon.core.keyword.builtin.CallTestCaseKeyword$_callTestCase_closure1.call(CallTestCaseKeyword.groovy)
	at com.kms.katalon.core.keyword.internal.KeywordMain.runKeyword(KeywordMain.groovy:75)
	at com.kms.katalon.core.keyword.builtin.CallTestCaseKeyword.callTestCase(CallTestCaseKeyword.groovy:81)
	at com.kms.katalon.core.keyword.builtin.CallTestCaseKeyword.execute(CallTestCaseKeyword.groovy:44)
	at com.kms.katalon.core.keyword.internal.KeywordExecutor.executeKeywordForPlatform(KeywordExecutor.groovy:74)
	at com.kms.katalon.core.keyword.BuiltinKeywords.callTestCase(BuiltinKeywords.groovy:310)
	at java.base/jdk.internal.reflect.NativeMethodAccessorImpl.invoke0(Native Method)
	at java.base/jdk.internal.reflect.NativeMethodAccessorImpl.invoke(NativeMethodAccessorImpl.java:77)
	at java.base/jdk.internal.reflect.DelegatingMethodAccessorImpl.invoke(DelegatingMethodAccessorImpl.java:43)
	at Script1735746249821.run(Script1735746249821.groovy:26)
	... 15 more
)

02-01-2025T15:13:37 - [MESSAGE][WARNING] - Test object with id 'Object Repository/Master Data/Admin Sekolah/Akun Bank/Edit Akun Bank/Toast Notification Error Nomor Rekening Sudah Terdaftar' does not exist

02-01-2025T15:13:37 - [MESSAGE][WARNING] - Test object with id 'Object Repository/' does not exist

02-01-2025T15:13:38 - [MESSAGE][WARNING] - Unable to verify object is visible (Root cause: com.kms.katalon.core.exception.StepFailedException: Unable to verify object is visible
	at com.kms.katalon.core.webui.keyword.internal.WebUIKeywordMain.stepFailed(WebUIKeywordMain.groovy:117)
	at com.kms.katalon.core.webui.keyword.internal.WebUIKeywordMain.runKeyword(WebUIKeywordMain.groovy:43)
	at com.kms.katalon.core.webui.keyword.builtin.VerifyElementVisibleKeyword.verifyElementVisible(VerifyElementVisibleKeyword.groovy:97)
	at com.kms.katalon.core.webui.keyword.builtin.VerifyElementVisibleKeyword.execute(VerifyElementVisibleKeyword.groovy:67)
	at com.kms.katalon.core.keyword.internal.KeywordExecutor.executeKeywordForPlatform(KeywordExecutor.groovy:74)
	at com.kms.katalon.core.webui.keyword.WebUiBuiltInKeywords.verifyElementVisible(WebUiBuiltInKeywords.groovy:438)
	at Edit Akun Bank.run(Edit Akun Bank:76)
	at com.kms.katalon.core.main.ScriptEngine.run(ScriptEngine.java:194)
	at com.kms.katalon.core.main.ScriptEngine.runScriptAsRawText(ScriptEngine.java:119)
	at com.kms.katalon.core.main.TestCaseExecutor.runScript(TestCaseExecutor.java:448)
	at com.kms.katalon.core.main.TestCaseExecutor.doExecute(TestCaseExecutor.java:439)
	at com.kms.katalon.core.main.TestCaseExecutor.processExecutionPhase(TestCaseExecutor.java:418)
	at com.kms.katalon.core.main.TestCaseExecutor.accessMainPhase(TestCaseExecutor.java:410)
	at com.kms.katalon.core.main.TestCaseExecutor.execute(TestCaseExecutor.java:285)
	at com.kms.katalon.core.main.TestCaseMain.runTestCase(TestCaseMain.java:133)
	at com.kms.katalon.core.keyword.builtin.CallTestCaseKeyword$_callTestCase_closure1.doCall(CallTestCaseKeyword.groovy:59)
	at com.kms.katalon.core.keyword.builtin.CallTestCaseKeyword$_callTestCase_closure1.call(CallTestCaseKeyword.groovy)
	at com.kms.katalon.core.keyword.internal.KeywordMain.runKeyword(KeywordMain.groovy:75)
	at com.kms.katalon.core.keyword.builtin.CallTestCaseKeyword.callTestCase(CallTestCaseKeyword.groovy:81)
	at com.kms.katalon.core.keyword.builtin.CallTestCaseKeyword.execute(CallTestCaseKeyword.groovy:44)
	at com.kms.katalon.core.keyword.internal.KeywordExecutor.executeKeywordForPlatform(KeywordExecutor.groovy:74)
	at com.kms.katalon.core.keyword.BuiltinKeywords.callTestCase(BuiltinKeywords.groovy:310)
	at java.base/jdk.internal.reflect.NativeMethodAccessorImpl.invoke0(Native Method)
	at java.base/jdk.internal.reflect.NativeMethodAccessorImpl.invoke(NativeMethodAccessorImpl.java:77)
	at java.base/jdk.internal.reflect.DelegatingMethodAccessorImpl.invoke(DelegatingMethodAccessorImpl.java:43)
	at Regresi Akun Bank.run(Regresi Akun Bank:26)
	at com.kms.katalon.core.main.ScriptEngine.run(ScriptEngine.java:194)
	at com.kms.katalon.core.main.ScriptEngine.runScriptAsRawText(ScriptEngine.java:119)
	at com.kms.katalon.core.main.TestCaseExecutor.runScript(TestCaseExecutor.java:448)
	at com.kms.katalon.core.main.TestCaseExecutor.doExecute(TestCaseExecutor.java:439)
	at com.kms.katalon.core.main.TestCaseExecutor.processExecutionPhase(TestCaseExecutor.java:418)
	at com.kms.katalon.core.main.TestCaseExecutor.accessMainPhase(TestCaseExecutor.java:410)
	at com.kms.katalon.core.main.TestCaseExecutor.execute(TestCaseExecutor.java:285)
	at com.kms.katalon.core.common.CommonExecutor.accessTestCaseMainPhase(CommonExecutor.java:65)
	at com.kms.katalon.core.main.TestSuiteExecutor.accessTestSuiteMainPhase(TestSuiteExecutor.java:161)
	at com.kms.katalon.core.main.TestSuiteExecutor.execute(TestSuiteExecutor.java:107)
	at com.kms.katalon.core.main.TestCaseMain.startTestSuite(TestCaseMain.java:176)
	at TempTestSuite1735805561810.run(TempTestSuite1735805561810.groovy:35)
	at java.base/jdk.internal.reflect.NativeMethodAccessorImpl.invoke0(Native Method)
	at java.base/jdk.internal.reflect.NativeMethodAccessorImpl.invoke(NativeMethodAccessorImpl.java:77)
	at java.base/jdk.internal.reflect.DelegatingMethodAccessorImpl.invoke(DelegatingMethodAccessorImpl.java:43)
Caused by: java.lang.IllegalArgumentException: Object is null
	at com.kms.katalon.core.helper.KeywordHelper.checkTestObjectParameter(KeywordHelper.java:33)
	at com.kms.katalon.core.webui.keyword.builtin.VerifyElementVisibleKeyword$_verifyElementVisible_closure1.doCall(VerifyElementVisibleKeyword.groovy:75)
	at com.kms.katalon.core.webui.keyword.builtin.VerifyElementVisibleKeyword$_verifyElementVisible_closure1.call(VerifyElementVisibleKeyword.groovy)
	at com.kms.katalon.core.webui.keyword.internal.WebUIKeywordMain.runKeyword(WebUIKeywordMain.groovy:35)
	at com.kms.katalon.core.webui.keyword.builtin.VerifyElementVisibleKeyword.verifyElementVisible(VerifyElementVisibleKeyword.groovy:97)
	at com.kms.katalon.core.webui.keyword.builtin.VerifyElementVisibleKeyword.execute(VerifyElementVisibleKeyword.groovy:67)
	at com.kms.katalon.core.keyword.internal.KeywordExecutor.executeKeywordForPlatform(KeywordExecutor.groovy:74)
	at com.kms.katalon.core.webui.keyword.WebUiBuiltInKeywords.verifyElementVisible(WebUiBuiltInKeywords.groovy:438)
	at Script1733198752835.run(Script1733198752835.groovy:76)
	at com.kms.katalon.core.main.ScriptEngine.run(ScriptEngine.java:194)
	at com.kms.katalon.core.main.ScriptEngine.runScriptAsRawText(ScriptEngine.java:119)
	at com.kms.katalon.core.main.TestCaseExecutor.runScript(TestCaseExecutor.java:448)
	at com.kms.katalon.core.main.TestCaseExecutor.doExecute(TestCaseExecutor.java:439)
	at com.kms.katalon.core.main.TestCaseExecutor.processExecutionPhase(TestCaseExecutor.java:418)
	at com.kms.katalon.core.main.TestCaseExecutor.accessMainPhase(TestCaseExecutor.java:410)
	at com.kms.katalon.core.main.TestCaseExecutor.execute(TestCaseExecutor.java:285)
	at com.kms.katalon.core.main.TestCaseMain.runTestCase(TestCaseMain.java:133)
	at com.kms.katalon.core.keyword.builtin.CallTestCaseKeyword$_callTestCase_closure1.doCall(CallTestCaseKeyword.groovy:59)
	at com.kms.katalon.core.keyword.builtin.CallTestCaseKeyword$_callTestCase_closure1.call(CallTestCaseKeyword.groovy)
	at com.kms.katalon.core.keyword.internal.KeywordMain.runKeyword(KeywordMain.groovy:75)
	at com.kms.katalon.core.keyword.builtin.CallTestCaseKeyword.callTestCase(CallTestCaseKeyword.groovy:81)
	at com.kms.katalon.core.keyword.builtin.CallTestCaseKeyword.execute(CallTestCaseKeyword.groovy:44)
	at com.kms.katalon.core.keyword.internal.KeywordExecutor.executeKeywordForPlatform(KeywordExecutor.groovy:74)
	at com.kms.katalon.core.keyword.BuiltinKeywords.callTestCase(BuiltinKeywords.groovy:310)
	at java.base/jdk.internal.reflect.NativeMethodAccessorImpl.invoke0(Native Method)
	at java.base/jdk.internal.reflect.NativeMethodAccessorImpl.invoke(NativeMethodAccessorImpl.java:77)
	at java.base/jdk.internal.reflect.DelegatingMethodAccessorImpl.invoke(DelegatingMethodAccessorImpl.java:43)
	at Script1735746249821.run(Script1735746249821.groovy:26)
	... 15 more
)
[[ATTACHMENT|C:\\Users\\henri\\Videos\\school-payment-automation-testing\\Reports\\20250102_151240\\SPRINT 1\\20250102_151241\\1735805617888.png]]

02-01-2025T15:13:38 - [TEST_STEP][PASSED] - else: null

02-01-2025T15:13:38 - [TEST_STEP][PASSED] - isSaved = true: null

02-01-2025T15:13:38 - [TEST_STEP][PASSED] - println("Data berhasil disimpan."): null

02-01-2025T15:13:38 - [TEST_STEP][FAILED] - if (isSaved): Unable to verify object 'Object Repository/Master Data/Admin Sekolah/Akun Bank/Edit Akun Bank/Toast Notification Data Berhasil Diubah' is visible (Root cause: com.kms.katalon.core.exception.StepFailedException: Unable to verify object 'Object Repository/Master Data/Admin Sekolah/Akun Bank/Edit Akun Bank/Toast Notification Data Berhasil Diubah' is visible
	at com.kms.katalon.core.webui.keyword.internal.WebUIKeywordMain.stepFailed(WebUIKeywordMain.groovy:117)
	at com.kms.katalon.core.webui.keyword.internal.WebUIKeywordMain.runKeyword(WebUIKeywordMain.groovy:43)
	at com.kms.katalon.core.webui.keyword.builtin.VerifyElementVisibleKeyword.verifyElementVisible(VerifyElementVisibleKeyword.groovy:97)
	at com.kms.katalon.core.webui.keyword.builtin.VerifyElementVisibleKeyword.execute(VerifyElementVisibleKeyword.groovy:67)
	at com.kms.katalon.core.keyword.internal.KeywordExecutor.executeKeywordForPlatform(KeywordExecutor.groovy:74)
	at com.kms.katalon.core.webui.keyword.WebUiBuiltInKeywords.verifyElementVisible(WebUiBuiltInKeywords.groovy:438)
	at Edit Akun Bank.run(Edit Akun Bank:90)
	at com.kms.katalon.core.main.ScriptEngine.run(ScriptEngine.java:194)
	at com.kms.katalon.core.main.ScriptEngine.runScriptAsRawText(ScriptEngine.java:119)
	at com.kms.katalon.core.main.TestCaseExecutor.runScript(TestCaseExecutor.java:448)
	at com.kms.katalon.core.main.TestCaseExecutor.doExecute(TestCaseExecutor.java:439)
	at com.kms.katalon.core.main.TestCaseExecutor.processExecutionPhase(TestCaseExecutor.java:418)
	at com.kms.katalon.core.main.TestCaseExecutor.accessMainPhase(TestCaseExecutor.java:410)
	at com.kms.katalon.core.main.TestCaseExecutor.execute(TestCaseExecutor.java:285)
	at com.kms.katalon.core.main.TestCaseMain.runTestCase(TestCaseMain.java:133)
	at com.kms.katalon.core.keyword.builtin.CallTestCaseKeyword$_callTestCase_closure1.doCall(CallTestCaseKeyword.groovy:59)
	at com.kms.katalon.core.keyword.builtin.CallTestCaseKeyword$_callTestCase_closure1.call(CallTestCaseKeyword.groovy)
	at com.kms.katalon.core.keyword.internal.KeywordMain.runKeyword(KeywordMain.groovy:75)
	at com.kms.katalon.core.keyword.builtin.CallTestCaseKeyword.callTestCase(CallTestCaseKeyword.groovy:81)
	at com.kms.katalon.core.keyword.builtin.CallTestCaseKeyword.execute(CallTestCaseKeyword.groovy:44)
	at com.kms.katalon.core.keyword.internal.KeywordExecutor.executeKeywordForPlatform(KeywordExecutor.groovy:74)
	at com.kms.katalon.core.keyword.BuiltinKeywords.callTestCase(BuiltinKeywords.groovy:310)
	at java.base/jdk.internal.reflect.NativeMethodAccessorImpl.invoke0(Native Method)
	at java.base/jdk.internal.reflect.NativeMethodAccessorImpl.invoke(NativeMethodAccessorImpl.java:77)
	at java.base/jdk.internal.reflect.DelegatingMethodAccessorImpl.invoke(DelegatingMethodAccessorImpl.java:43)
	at Regresi Akun Bank.run(Regresi Akun Bank:26)
	at com.kms.katalon.core.main.ScriptEngine.run(ScriptEngine.java:194)
	at com.kms.katalon.core.main.ScriptEngine.runScriptAsRawText(ScriptEngine.java:119)
	at com.kms.katalon.core.main.TestCaseExecutor.runScript(TestCaseExecutor.java:448)
	at com.kms.katalon.core.main.TestCaseExecutor.doExecute(TestCaseExecutor.java:439)
	at com.kms.katalon.core.main.TestCaseExecutor.processExecutionPhase(TestCaseExecutor.java:418)
	at com.kms.katalon.core.main.TestCaseExecutor.accessMainPhase(TestCaseExecutor.java:410)
	at com.kms.katalon.core.main.TestCaseExecutor.execute(TestCaseExecutor.java:285)
	at com.kms.katalon.core.common.CommonExecutor.accessTestCaseMainPhase(CommonExecutor.java:65)
	at com.kms.katalon.core.main.TestSuiteExecutor.accessTestSuiteMainPhase(TestSuiteExecutor.java:161)
	at com.kms.katalon.core.main.TestSuiteExecutor.execute(TestSuiteExecutor.java:107)
	at com.kms.katalon.core.main.TestCaseMain.startTestSuite(TestCaseMain.java:176)
	at TempTestSuite1735805561810.run(TempTestSuite1735805561810.groovy:35)
	at java.base/jdk.internal.reflect.NativeMethodAccessorImpl.invoke0(Native Method)
	at java.base/jdk.internal.reflect.NativeMethodAccessorImpl.invoke(NativeMethodAccessorImpl.java:77)
	at java.base/jdk.internal.reflect.DelegatingMethodAccessorImpl.invoke(DelegatingMethodAccessorImpl.java:43)
Caused by: com.kms.katalon.core.exception.StepFailedException: Object 'Object Repository/Master Data/Admin Sekolah/Akun Bank/Edit Akun Bank/Toast Notification Data Berhasil Diubah' is NOT visible
	at com.kms.katalon.core.webui.keyword.internal.WebUIKeywordMain.stepFailed(WebUIKeywordMain.groovy:117)
	at com.kms.katalon.core.webui.keyword.builtin.VerifyElementVisibleKeyword$_verifyElementVisible_closure1.doCall(VerifyElementVisibleKeyword.groovy:83)
	at com.kms.katalon.core.webui.keyword.builtin.VerifyElementVisibleKeyword$_verifyElementVisible_closure1.call(VerifyElementVisibleKeyword.groovy)
	at com.kms.katalon.core.webui.keyword.internal.WebUIKeywordMain.runKeyword(WebUIKeywordMain.groovy:35)
	... 39 more
)

02-01-2025T15:13:38 - [TEST_STEP][FAILED] - verifyElementVisible(findTestObject("Master Data/Admin Sekolah/Akun Bank/Edit Akun Bank/Toast Notification Data Berhasil Diubah"), STOP_ON_FAILURE): Unable to verify object 'Object Repository/Master Data/Admin Sekolah/Akun Bank/Edit Akun Bank/Toast Notification Data Berhasil Diubah' is visible (Root cause: com.kms.katalon.core.exception.StepFailedException: Unable to verify object 'Object Repository/Master Data/Admin Sekolah/Akun Bank/Edit Akun Bank/Toast Notification Data Berhasil Diubah' is visible
	at com.kms.katalon.core.webui.keyword.internal.WebUIKeywordMain.stepFailed(WebUIKeywordMain.groovy:117)
	at com.kms.katalon.core.webui.keyword.internal.WebUIKeywordMain.runKeyword(WebUIKeywordMain.groovy:43)
	at com.kms.katalon.core.webui.keyword.builtin.VerifyElementVisibleKeyword.verifyElementVisible(VerifyElementVisibleKeyword.groovy:97)
	at com.kms.katalon.core.webui.keyword.builtin.VerifyElementVisibleKeyword.execute(VerifyElementVisibleKeyword.groovy:67)
	at com.kms.katalon.core.keyword.internal.KeywordExecutor.executeKeywordForPlatform(KeywordExecutor.groovy:74)
	at com.kms.katalon.core.webui.keyword.WebUiBuiltInKeywords.verifyElementVisible(WebUiBuiltInKeywords.groovy:438)
	at Edit Akun Bank.run(Edit Akun Bank:90)
	at com.kms.katalon.core.main.ScriptEngine.run(ScriptEngine.java:194)
	at com.kms.katalon.core.main.ScriptEngine.runScriptAsRawText(ScriptEngine.java:119)
	at com.kms.katalon.core.main.TestCaseExecutor.runScript(TestCaseExecutor.java:448)
	at com.kms.katalon.core.main.TestCaseExecutor.doExecute(TestCaseExecutor.java:439)
	at com.kms.katalon.core.main.TestCaseExecutor.processExecutionPhase(TestCaseExecutor.java:418)
	at com.kms.katalon.core.main.TestCaseExecutor.accessMainPhase(TestCaseExecutor.java:410)
	at com.kms.katalon.core.main.TestCaseExecutor.execute(TestCaseExecutor.java:285)
	at com.kms.katalon.core.main.TestCaseMain.runTestCase(TestCaseMain.java:133)
	at com.kms.katalon.core.keyword.builtin.CallTestCaseKeyword$_callTestCase_closure1.doCall(CallTestCaseKeyword.groovy:59)
	at com.kms.katalon.core.keyword.builtin.CallTestCaseKeyword$_callTestCase_closure1.call(CallTestCaseKeyword.groovy)
	at com.kms.katalon.core.keyword.internal.KeywordMain.runKeyword(KeywordMain.groovy:75)
	at com.kms.katalon.core.keyword.builtin.CallTestCaseKeyword.callTestCase(CallTestCaseKeyword.groovy:81)
	at com.kms.katalon.core.keyword.builtin.CallTestCaseKeyword.execute(CallTestCaseKeyword.groovy:44)
	at com.kms.katalon.core.keyword.internal.KeywordExecutor.executeKeywordForPlatform(KeywordExecutor.groovy:74)
	at com.kms.katalon.core.keyword.BuiltinKeywords.callTestCase(BuiltinKeywords.groovy:310)
	at java.base/jdk.internal.reflect.NativeMethodAccessorImpl.invoke0(Native Method)
	at java.base/jdk.internal.reflect.NativeMethodAccessorImpl.invoke(NativeMethodAccessorImpl.java:77)
	at java.base/jdk.internal.reflect.DelegatingMethodAccessorImpl.invoke(DelegatingMethodAccessorImpl.java:43)
	at Regresi Akun Bank.run(Regresi Akun Bank:26)
	at com.kms.katalon.core.main.ScriptEngine.run(ScriptEngine.java:194)
	at com.kms.katalon.core.main.ScriptEngine.runScriptAsRawText(ScriptEngine.java:119)
	at com.kms.katalon.core.main.TestCaseExecutor.runScript(TestCaseExecutor.java:448)
	at com.kms.katalon.core.main.TestCaseExecutor.doExecute(TestCaseExecutor.java:439)
	at com.kms.katalon.core.main.TestCaseExecutor.processExecutionPhase(TestCaseExecutor.java:418)
	at com.kms.katalon.core.main.TestCaseExecutor.accessMainPhase(TestCaseExecutor.java:410)
	at com.kms.katalon.core.main.TestCaseExecutor.execute(TestCaseExecutor.java:285)
	at com.kms.katalon.core.common.CommonExecutor.accessTestCaseMainPhase(CommonExecutor.java:65)
	at com.kms.katalon.core.main.TestSuiteExecutor.accessTestSuiteMainPhase(TestSuiteExecutor.java:161)
	at com.kms.katalon.core.main.TestSuiteExecutor.execute(TestSuiteExecutor.java:107)
	at com.kms.katalon.core.main.TestCaseMain.startTestSuite(TestCaseMain.java:176)
	at TempTestSuite1735805561810.run(TempTestSuite1735805561810.groovy:35)
	at java.base/jdk.internal.reflect.NativeMethodAccessorImpl.invoke0(Native Method)
	at java.base/jdk.internal.reflect.NativeMethodAccessorImpl.invoke(NativeMethodAccessorImpl.java:77)
	at java.base/jdk.internal.reflect.DelegatingMethodAccessorImpl.invoke(DelegatingMethodAccessorImpl.java:43)
Caused by: com.kms.katalon.core.exception.StepFailedException: Object 'Object Repository/Master Data/Admin Sekolah/Akun Bank/Edit Akun Bank/Toast Notification Data Berhasil Diubah' is NOT visible
	at com.kms.katalon.core.webui.keyword.internal.WebUIKeywordMain.stepFailed(WebUIKeywordMain.groovy:117)
	at com.kms.katalon.core.webui.keyword.builtin.VerifyElementVisibleKeyword$_verifyElementVisible_closure1.doCall(VerifyElementVisibleKeyword.groovy:83)
	at com.kms.katalon.core.webui.keyword.builtin.VerifyElementVisibleKeyword$_verifyElementVisible_closure1.call(VerifyElementVisibleKeyword.groovy)
	at com.kms.katalon.core.webui.keyword.internal.WebUIKeywordMain.runKeyword(WebUIKeywordMain.groovy:35)
	... 39 more
)

02-01-2025T15:14:09 - [MESSAGE][INFO] - Unable to find the element located by 'By.xpath: (//div[@id='success-edit-data-bank-account'])[2]'. Please recheck the objects properties to make sure the desired element is located. 

02-01-2025T15:14:09 - [MESSAGE][WARNING] - [SELF-HEALING] Failed to find element with id 'Object Repository/Master Data/Admin Sekolah/Akun Bank/Edit Akun Bank/Toast Notification Data Berhasil Diubah'. Try using Self-healing.

02-01-2025T15:14:09 - [MESSAGE][WARNING] - [SELF-HEALING] The current locator of test object 'Object Repository/Master Data/Admin Sekolah/Akun Bank/Edit Akun Bank/Toast Notification Data Berhasil Diubah' was broken. Propose an alternative one: '(.//*[normalize-space(text()) and normalize-space(.)='of'])[2]/following::div[14]'.

02-01-2025T15:14:09 - [MESSAGE][FAILED] - Object 'Object Repository/Master Data/Admin Sekolah/Akun Bank/Edit Akun Bank/Toast Notification Data Berhasil Diubah' is NOT visible (Root cause: com.kms.katalon.core.exception.StepFailedException: Object 'Object Repository/Master Data/Admin Sekolah/Akun Bank/Edit Akun Bank/Toast Notification Data Berhasil Diubah' is NOT visible
	at com.kms.katalon.core.webui.keyword.internal.WebUIKeywordMain.stepFailed(WebUIKeywordMain.groovy:117)
	at com.kms.katalon.core.webui.keyword.builtin.VerifyElementVisibleKeyword$_verifyElementVisible_closure1.doCall(VerifyElementVisibleKeyword.groovy:83)
	at com.kms.katalon.core.webui.keyword.builtin.VerifyElementVisibleKeyword$_verifyElementVisible_closure1.call(VerifyElementVisibleKeyword.groovy)
	at com.kms.katalon.core.webui.keyword.internal.WebUIKeywordMain.runKeyword(WebUIKeywordMain.groovy:35)
	at com.kms.katalon.core.webui.keyword.builtin.VerifyElementVisibleKeyword.verifyElementVisible(VerifyElementVisibleKeyword.groovy:97)
	at com.kms.katalon.core.webui.keyword.builtin.VerifyElementVisibleKeyword.execute(VerifyElementVisibleKeyword.groovy:67)
	at com.kms.katalon.core.keyword.internal.KeywordExecutor.executeKeywordForPlatform(KeywordExecutor.groovy:74)
	at com.kms.katalon.core.webui.keyword.WebUiBuiltInKeywords.verifyElementVisible(WebUiBuiltInKeywords.groovy:438)
	at Edit Akun Bank.run(Edit Akun Bank:90)
	at com.kms.katalon.core.main.ScriptEngine.run(ScriptEngine.java:194)
	at com.kms.katalon.core.main.ScriptEngine.runScriptAsRawText(ScriptEngine.java:119)
	at com.kms.katalon.core.main.TestCaseExecutor.runScript(TestCaseExecutor.java:448)
	at com.kms.katalon.core.main.TestCaseExecutor.doExecute(TestCaseExecutor.java:439)
	at com.kms.katalon.core.main.TestCaseExecutor.processExecutionPhase(TestCaseExecutor.java:418)
	at com.kms.katalon.core.main.TestCaseExecutor.accessMainPhase(TestCaseExecutor.java:410)
	at com.kms.katalon.core.main.TestCaseExecutor.execute(TestCaseExecutor.java:285)
	at com.kms.katalon.core.main.TestCaseMain.runTestCase(TestCaseMain.java:133)
	at com.kms.katalon.core.keyword.builtin.CallTestCaseKeyword$_callTestCase_closure1.doCall(CallTestCaseKeyword.groovy:59)
	at com.kms.katalon.core.keyword.builtin.CallTestCaseKeyword$_callTestCase_closure1.call(CallTestCaseKeyword.groovy)
	at com.kms.katalon.core.keyword.internal.KeywordMain.runKeyword(KeywordMain.groovy:75)
	at com.kms.katalon.core.keyword.builtin.CallTestCaseKeyword.callTestCase(CallTestCaseKeyword.groovy:81)
	at com.kms.katalon.core.keyword.builtin.CallTestCaseKeyword.execute(CallTestCaseKeyword.groovy:44)
	at com.kms.katalon.core.keyword.internal.KeywordExecutor.executeKeywordForPlatform(KeywordExecutor.groovy:74)
	at com.kms.katalon.core.keyword.BuiltinKeywords.callTestCase(BuiltinKeywords.groovy:310)
	at java.base/jdk.internal.reflect.NativeMethodAccessorImpl.invoke0(Native Method)
	at java.base/jdk.internal.reflect.NativeMethodAccessorImpl.invoke(NativeMethodAccessorImpl.java:77)
	at java.base/jdk.internal.reflect.DelegatingMethodAccessorImpl.invoke(DelegatingMethodAccessorImpl.java:43)
	at Regresi Akun Bank.run(Regresi Akun Bank:26)
	at com.kms.katalon.core.main.ScriptEngine.run(ScriptEngine.java:194)
	at com.kms.katalon.core.main.ScriptEngine.runScriptAsRawText(ScriptEngine.java:119)
	at com.kms.katalon.core.main.TestCaseExecutor.runScript(TestCaseExecutor.java:448)
	at com.kms.katalon.core.main.TestCaseExecutor.doExecute(TestCaseExecutor.java:439)
	at com.kms.katalon.core.main.TestCaseExecutor.processExecutionPhase(TestCaseExecutor.java:418)
	at com.kms.katalon.core.main.TestCaseExecutor.accessMainPhase(TestCaseExecutor.java:410)
	at com.kms.katalon.core.main.TestCaseExecutor.execute(TestCaseExecutor.java:285)
	at com.kms.katalon.core.common.CommonExecutor.accessTestCaseMainPhase(CommonExecutor.java:65)
	at com.kms.katalon.core.main.TestSuiteExecutor.accessTestSuiteMainPhase(TestSuiteExecutor.java:161)
	at com.kms.katalon.core.main.TestSuiteExecutor.execute(TestSuiteExecutor.java:107)
	at com.kms.katalon.core.main.TestCaseMain.startTestSuite(TestCaseMain.java:176)
	at TempTestSuite1735805561810.run(TempTestSuite1735805561810.groovy:35)
	at java.base/jdk.internal.reflect.NativeMethodAccessorImpl.invoke0(Native Method)
	at java.base/jdk.internal.reflect.NativeMethodAccessorImpl.invoke(NativeMethodAccessorImpl.java:77)
	at java.base/jdk.internal.reflect.DelegatingMethodAccessorImpl.invoke(DelegatingMethodAccessorImpl.java:43)
)
[[ATTACHMENT|C:\\Users\\henri\\Videos\\school-payment-automation-testing\\Reports\\20250102_151240\\SPRINT 1\\20250102_151241\\1735805649341.png]]

02-01-2025T15:14:09 - [MESSAGE][FAILED] - Unable to verify object 'Object Repository/Master Data/Admin Sekolah/Akun Bank/Edit Akun Bank/Toast Notification Data Berhasil Diubah' is visible (Root cause: com.kms.katalon.core.exception.StepFailedException: Unable to verify object 'Object Repository/Master Data/Admin Sekolah/Akun Bank/Edit Akun Bank/Toast Notification Data Berhasil Diubah' is visible
	at com.kms.katalon.core.webui.keyword.internal.WebUIKeywordMain.stepFailed(WebUIKeywordMain.groovy:117)
	at com.kms.katalon.core.webui.keyword.internal.WebUIKeywordMain.runKeyword(WebUIKeywordMain.groovy:43)
	at com.kms.katalon.core.webui.keyword.builtin.VerifyElementVisibleKeyword.verifyElementVisible(VerifyElementVisibleKeyword.groovy:97)
	at com.kms.katalon.core.webui.keyword.builtin.VerifyElementVisibleKeyword.execute(VerifyElementVisibleKeyword.groovy:67)
	at com.kms.katalon.core.keyword.internal.KeywordExecutor.executeKeywordForPlatform(KeywordExecutor.groovy:74)
	at com.kms.katalon.core.webui.keyword.WebUiBuiltInKeywords.verifyElementVisible(WebUiBuiltInKeywords.groovy:438)
	at Edit Akun Bank.run(Edit Akun Bank:90)
	at com.kms.katalon.core.main.ScriptEngine.run(ScriptEngine.java:194)
	at com.kms.katalon.core.main.ScriptEngine.runScriptAsRawText(ScriptEngine.java:119)
	at com.kms.katalon.core.main.TestCaseExecutor.runScript(TestCaseExecutor.java:448)
	at com.kms.katalon.core.main.TestCaseExecutor.doExecute(TestCaseExecutor.java:439)
	at com.kms.katalon.core.main.TestCaseExecutor.processExecutionPhase(TestCaseExecutor.java:418)
	at com.kms.katalon.core.main.TestCaseExecutor.accessMainPhase(TestCaseExecutor.java:410)
	at com.kms.katalon.core.main.TestCaseExecutor.execute(TestCaseExecutor.java:285)
	at com.kms.katalon.core.main.TestCaseMain.runTestCase(TestCaseMain.java:133)
	at com.kms.katalon.core.keyword.builtin.CallTestCaseKeyword$_callTestCase_closure1.doCall(CallTestCaseKeyword.groovy:59)
	at com.kms.katalon.core.keyword.builtin.CallTestCaseKeyword$_callTestCase_closure1.call(CallTestCaseKeyword.groovy)
	at com.kms.katalon.core.keyword.internal.KeywordMain.runKeyword(KeywordMain.groovy:75)
	at com.kms.katalon.core.keyword.builtin.CallTestCaseKeyword.callTestCase(CallTestCaseKeyword.groovy:81)
	at com.kms.katalon.core.keyword.builtin.CallTestCaseKeyword.execute(CallTestCaseKeyword.groovy:44)
	at com.kms.katalon.core.keyword.internal.KeywordExecutor.executeKeywordForPlatform(KeywordExecutor.groovy:74)
	at com.kms.katalon.core.keyword.BuiltinKeywords.callTestCase(BuiltinKeywords.groovy:310)
	at java.base/jdk.internal.reflect.NativeMethodAccessorImpl.invoke0(Native Method)
	at java.base/jdk.internal.reflect.NativeMethodAccessorImpl.invoke(NativeMethodAccessorImpl.java:77)
	at java.base/jdk.internal.reflect.DelegatingMethodAccessorImpl.invoke(DelegatingMethodAccessorImpl.java:43)
	at Regresi Akun Bank.run(Regresi Akun Bank:26)
	at com.kms.katalon.core.main.ScriptEngine.run(ScriptEngine.java:194)
	at com.kms.katalon.core.main.ScriptEngine.runScriptAsRawText(ScriptEngine.java:119)
	at com.kms.katalon.core.main.TestCaseExecutor.runScript(TestCaseExecutor.java:448)
	at com.kms.katalon.core.main.TestCaseExecutor.doExecute(TestCaseExecutor.java:439)
	at com.kms.katalon.core.main.TestCaseExecutor.processExecutionPhase(TestCaseExecutor.java:418)
	at com.kms.katalon.core.main.TestCaseExecutor.accessMainPhase(TestCaseExecutor.java:410)
	at com.kms.katalon.core.main.TestCaseExecutor.execute(TestCaseExecutor.java:285)
	at com.kms.katalon.core.common.CommonExecutor.accessTestCaseMainPhase(CommonExecutor.java:65)
	at com.kms.katalon.core.main.TestSuiteExecutor.accessTestSuiteMainPhase(TestSuiteExecutor.java:161)
	at com.kms.katalon.core.main.TestSuiteExecutor.execute(TestSuiteExecutor.java:107)
	at com.kms.katalon.core.main.TestCaseMain.startTestSuite(TestCaseMain.java:176)
	at TempTestSuite1735805561810.run(TempTestSuite1735805561810.groovy:35)
	at java.base/jdk.internal.reflect.NativeMethodAccessorImpl.invoke0(Native Method)
	at java.base/jdk.internal.reflect.NativeMethodAccessorImpl.invoke(NativeMethodAccessorImpl.java:77)
	at java.base/jdk.internal.reflect.DelegatingMethodAccessorImpl.invoke(DelegatingMethodAccessorImpl.java:43)
Caused by: com.kms.katalon.core.exception.StepFailedException: Object 'Object Repository/Master Data/Admin Sekolah/Akun Bank/Edit Akun Bank/Toast Notification Data Berhasil Diubah' is NOT visible
	at com.kms.katalon.core.webui.keyword.internal.WebUIKeywordMain.stepFailed(WebUIKeywordMain.groovy:117)
	at com.kms.katalon.core.webui.keyword.builtin.VerifyElementVisibleKeyword$_verifyElementVisible_closure1.doCall(VerifyElementVisibleKeyword.groovy:83)
	at com.kms.katalon.core.webui.keyword.builtin.VerifyElementVisibleKeyword$_verifyElementVisible_closure1.call(VerifyElementVisibleKeyword.groovy)
	at com.kms.katalon.core.webui.keyword.internal.WebUIKeywordMain.runKeyword(WebUIKeywordMain.groovy:35)
	... 39 more
)
[[ATTACHMENT|C:\\Users\\henri\\Videos\\school-payment-automation-testing\\Reports\\20250102_151240\\SPRINT 1\\20250102_151241\\1735805649464.png]]

02-01-2025T15:14:09 - [MESSAGE][INFO] - 

02-01-2025T15:14:09 - [MESSAGE][INFO] - ===================== Self-healing Report ====================

02-01-2025T15:14:09 - [MESSAGE][INFO] - One of the failed test object locators has been recovered by Self-healing. Please refer to the Self-healing Insights tab for more details.

02-01-2025T15:14:09 - [MESSAGE][INFO] - To learn more about Self-healing, please read https://docs.katalon.com/katalon-studio/docs/self-healing.html

02-01-2025T15:14:09 - [MESSAGE][INFO] - ==============================================================

02-01-2025T15:14:09 - [MESSAGE][FAILED] - Unable to call Test Case 'Test Cases/Master Data/Admin Sekolah/Master Data Akun Bank/Edit Akun Bank' (Root cause: com.kms.katalon.core.exception.StepFailedException: Call Test Case 'Test Cases/Master Data/Admin Sekolah/Master Data Akun Bank/Edit Akun Bank' failed
	at com.kms.katalon.core.keyword.builtin.CallTestCaseKeyword$_callTestCase_closure1.doCall(CallTestCaseKeyword.groovy:63)
	at com.kms.katalon.core.keyword.builtin.CallTestCaseKeyword$_callTestCase_closure1.call(CallTestCaseKeyword.groovy)
	at com.kms.katalon.core.keyword.internal.KeywordMain.runKeyword(KeywordMain.groovy:75)
	at com.kms.katalon.core.keyword.builtin.CallTestCaseKeyword.callTestCase(CallTestCaseKeyword.groovy:81)
	at com.kms.katalon.core.keyword.builtin.CallTestCaseKeyword.execute(CallTestCaseKeyword.groovy:44)
	at com.kms.katalon.core.keyword.internal.KeywordExecutor.executeKeywordForPlatform(KeywordExecutor.groovy:74)
	at com.kms.katalon.core.keyword.BuiltinKeywords.callTestCase(BuiltinKeywords.groovy:310)
	at java.base/jdk.internal.reflect.NativeMethodAccessorImpl.invoke0(Native Method)
	at java.base/jdk.internal.reflect.NativeMethodAccessorImpl.invoke(NativeMethodAccessorImpl.java:77)
	at java.base/jdk.internal.reflect.DelegatingMethodAccessorImpl.invoke(DelegatingMethodAccessorImpl.java:43)
	at Regresi Akun Bank.run(Regresi Akun Bank:26)
	at com.kms.katalon.core.main.ScriptEngine.run(ScriptEngine.java:194)
	at com.kms.katalon.core.main.ScriptEngine.runScriptAsRawText(ScriptEngine.java:119)
	at com.kms.katalon.core.main.TestCaseExecutor.runScript(TestCaseExecutor.java:448)
	at com.kms.katalon.core.main.TestCaseExecutor.doExecute(TestCaseExecutor.java:439)
	at com.kms.katalon.core.main.TestCaseExecutor.processExecutionPhase(TestCaseExecutor.java:418)
	at com.kms.katalon.core.main.TestCaseExecutor.accessMainPhase(TestCaseExecutor.java:410)
	at com.kms.katalon.core.main.TestCaseExecutor.execute(TestCaseExecutor.java:285)
	at com.kms.katalon.core.common.CommonExecutor.accessTestCaseMainPhase(CommonExecutor.java:65)
	at com.kms.katalon.core.main.TestSuiteExecutor.accessTestSuiteMainPhase(TestSuiteExecutor.java:161)
	at com.kms.katalon.core.main.TestSuiteExecutor.execute(TestSuiteExecutor.java:107)
	at com.kms.katalon.core.main.TestCaseMain.startTestSuite(TestCaseMain.java:176)
	at TempTestSuite1735805561810.run(TempTestSuite1735805561810.groovy:35)
	at java.base/jdk.internal.reflect.NativeMethodAccessorImpl.invoke0(Native Method)
	at java.base/jdk.internal.reflect.NativeMethodAccessorImpl.invoke(NativeMethodAccessorImpl.java:77)
	at java.base/jdk.internal.reflect.DelegatingMethodAccessorImpl.invoke(DelegatingMethodAccessorImpl.java:43)
Caused by: com.kms.katalon.core.exception.StepFailedException: Unable to verify object 'Object Repository/Master Data/Admin Sekolah/Akun Bank/Edit Akun Bank/Toast Notification Data Berhasil Diubah' is visible
	at com.kms.katalon.core.webui.keyword.internal.WebUIKeywordMain.stepFailed(WebUIKeywordMain.groovy:117)
	at com.kms.katalon.core.webui.keyword.internal.WebUIKeywordMain.runKeyword(WebUIKeywordMain.groovy:43)
	at com.kms.katalon.core.webui.keyword.builtin.VerifyElementVisibleKeyword.verifyElementVisible(VerifyElementVisibleKeyword.groovy:97)
	at com.kms.katalon.core.webui.keyword.builtin.VerifyElementVisibleKeyword.execute(VerifyElementVisibleKeyword.groovy:67)
	at com.kms.katalon.core.keyword.internal.KeywordExecutor.executeKeywordForPlatform(KeywordExecutor.groovy:74)
	at com.kms.katalon.core.webui.keyword.WebUiBuiltInKeywords.verifyElementVisible(WebUiBuiltInKeywords.groovy:438)
	at Edit Akun Bank.run(Edit Akun Bank:90)
	at com.kms.katalon.core.main.ScriptEngine.run(ScriptEngine.java:194)
	at com.kms.katalon.core.main.ScriptEngine.runScriptAsRawText(ScriptEngine.java:119)
	at com.kms.katalon.core.main.TestCaseExecutor.runScript(TestCaseExecutor.java:448)
	at com.kms.katalon.core.main.TestCaseExecutor.doExecute(TestCaseExecutor.java:439)
	at com.kms.katalon.core.main.TestCaseExecutor.processExecutionPhase(TestCaseExecutor.java:418)
	at com.kms.katalon.core.main.TestCaseExecutor.accessMainPhase(TestCaseExecutor.java:410)
	at com.kms.katalon.core.main.TestCaseExecutor.execute(TestCaseExecutor.java:285)
	at com.kms.katalon.core.main.TestCaseMain.runTestCase(TestCaseMain.java:133)
	at com.kms.katalon.core.keyword.builtin.CallTestCaseKeyword$_callTestCase_closure1.doCall(CallTestCaseKeyword.groovy:59)
	... 25 more
Caused by: com.kms.katalon.core.exception.StepFailedException: Object 'Object Repository/Master Data/Admin Sekolah/Akun Bank/Edit Akun Bank/Toast Notification Data Berhasil Diubah' is NOT visible
	at com.kms.katalon.core.webui.keyword.internal.WebUIKeywordMain.stepFailed(WebUIKeywordMain.groovy:117)
	at com.kms.katalon.core.webui.keyword.builtin.VerifyElementVisibleKeyword$_verifyElementVisible_closure1.doCall(VerifyElementVisibleKeyword.groovy:83)
	at com.kms.katalon.core.webui.keyword.builtin.VerifyElementVisibleKeyword$_verifyElementVisible_closure1.call(VerifyElementVisibleKeyword.groovy)
	at com.kms.katalon.core.webui.keyword.internal.WebUIKeywordMain.runKeyword(WebUIKeywordMain.groovy:35)
	... 39 more
)

02-01-2025T15:14:09 - [TEST_STEP][PASSED] - println("============================= Loop Again ==============================="): null

02-01-2025T15:14:09 - [TEST_STEP][PASSED] - callTestCase(findTestCase("Master Data/Admin Sekolah/Master Data Akun Bank/Tambah Akun Bank"), [:], CONTINUE_ON_FAILURE): Call Test Case 'Test Cases/Master Data/Admin Sekolah/Master Data Akun Bank/Tambah Akun Bank' successfully

02-01-2025T15:14:09 - [TEST_CASE][PASSED] - Test Cases/Master Data/Admin Sekolah/Master Data Akun Bank/Tambah Akun Bank: Test Cases/Master Data/Admin Sekolah/Master Data Akun Bank/Tambah Akun Bank

02-01-2025T15:14:09 - [TEST_STEP][PASSED] - openBrowser("", CONTINUE_ON_FAILURE): Browser is opened with url: ''

02-01-2025T15:14:09 - [MESSAGE][WARNING] - A browser is already opened. Closing browser and opening a new one

02-01-2025T15:14:09 - [MESSAGE][INFO] - Starting 'Chrome' driver

02-01-2025T15:14:09 - [MESSAGE][INFO] - Action delay is set to 0 milliseconds

02-01-2025T15:14:10 - [MESSAGE][PASSED] - Browser is opened with url: ''

02-01-2025T15:14:10 - [TEST_STEP][PASSED] - maximizeWindow(): Current window maximized

02-01-2025T15:14:10 - [MESSAGE][PASSED] - Current window maximized

02-01-2025T15:14:10 - [TEST_STEP][PASSED] - navigateToUrl("https://school-payment.digiform.co.id/login", CONTINUE_ON_FAILURE): Navigate to 'https://school-payment.digiform.co.id/login' successfully

02-01-2025T15:14:10 - [MESSAGE][PASSED] - Navigate to 'https://school-payment.digiform.co.id/login' successfully

02-01-2025T15:14:10 - [TEST_STEP][PASSED] - click(findTestObject("Master Data/Admin Sekolah/Login/Field Email"), CONTINUE_ON_FAILURE): Object: 'Object Repository/Master Data/Admin Sekolah/Login/Field Email' is clicked on

02-01-2025T15:14:12 - [MESSAGE][PASSED] - Object: 'Object Repository/Master Data/Admin Sekolah/Login/Field Email' is clicked on

02-01-2025T15:14:12 - [TEST_STEP][PASSED] - setText(findTestObject("Master Data/Admin Sekolah/Login/Field Email"), "admin.gudangsolusi@digiform.co.id", CONTINUE_ON_FAILURE): Text 'admin.gudangsolusi@digiform.co.id' is set on object 'Object Repository/Master Data/Admin Sekolah/Login/Field Email'

02-01-2025T15:14:13 - [MESSAGE][PASSED] - Text 'admin.gudangsolusi@digiform.co.id' is set on object 'Object Repository/Master Data/Admin Sekolah/Login/Field Email'

02-01-2025T15:14:13 - [TEST_STEP][PASSED] - click(findTestObject("Master Data/Admin Sekolah/Login/Input Password"), CONTINUE_ON_FAILURE): Object: 'Object Repository/Master Data/Admin Sekolah/Login/Input Password' is clicked on

02-01-2025T15:14:13 - [MESSAGE][PASSED] - Object: 'Object Repository/Master Data/Admin Sekolah/Login/Input Password' is clicked on

02-01-2025T15:14:13 - [TEST_STEP][PASSED] - setText(findTestObject("Master Data/Admin Sekolah/Login/Input Password"), "Test1234", CONTINUE_ON_FAILURE): Text 'Test1234' is set on object 'Object Repository/Master Data/Admin Sekolah/Login/Input Password'

02-01-2025T15:14:13 - [MESSAGE][PASSED] - Text 'Test1234' is set on object 'Object Repository/Master Data/Admin Sekolah/Login/Input Password'

02-01-2025T15:14:13 - [TEST_STEP][PASSED] - click(findTestObject("Master Data/Admin Sekolah/Login/Button Submit"), CONTINUE_ON_FAILURE): Object: 'Object Repository/Master Data/Admin Sekolah/Login/Button Submit' is clicked on

02-01-2025T15:14:14 - [MESSAGE][PASSED] - Object: 'Object Repository/Master Data/Admin Sekolah/Login/Button Submit' is clicked on

02-01-2025T15:14:14 - [TEST_STEP][PASSED] - click(findTestObject("Master Data/Admin Sekolah/Tagihan/Master Data Menu"), CONTINUE_ON_FAILURE): Object: 'Object Repository/Master Data/Admin Sekolah/Tagihan/Master Data Menu' is clicked on

02-01-2025T15:14:15 - [MESSAGE][PASSED] - Object: 'Object Repository/Master Data/Admin Sekolah/Tagihan/Master Data Menu' is clicked on

02-01-2025T15:14:15 - [TEST_STEP][PASSED] - click(findTestObject("Master Data/Admin Sekolah/Akun Bank/Menu Akun Bank"), CONTINUE_ON_FAILURE): Object: 'Object Repository/Master Data/Admin Sekolah/Akun Bank/Menu Akun Bank' is clicked on

02-01-2025T15:14:16 - [MESSAGE][PASSED] - Object: 'Object Repository/Master Data/Admin Sekolah/Akun Bank/Menu Akun Bank' is clicked on

02-01-2025T15:14:16 - [TEST_STEP][PASSED] - click(findTestObject("Master Data/Admin Sekolah/Akun Bank/Button Tambah Akun Bank"), CONTINUE_ON_FAILURE): Object: 'Object Repository/Master Data/Admin Sekolah/Akun Bank/Button Tambah Akun Bank' is clicked on

02-01-2025T15:14:17 - [MESSAGE][PASSED] - Object: 'Object Repository/Master Data/Admin Sekolah/Akun Bank/Button Tambah Akun Bank' is clicked on

02-01-2025T15:14:17 - [TEST_STEP][PASSED] - click(findTestObject("Master Data/Admin Sekolah/Akun Bank/Tambah Akun Bank/Dropdown Pilih Nama Bank"), CONTINUE_ON_FAILURE): Object: 'Object Repository/Master Data/Admin Sekolah/Akun Bank/Tambah Akun Bank/Dropdown Pilih Nama Bank' is clicked on

02-01-2025T15:14:17 - [MESSAGE][PASSED] - Object: 'Object Repository/Master Data/Admin Sekolah/Akun Bank/Tambah Akun Bank/Dropdown Pilih Nama Bank' is clicked on

02-01-2025T15:14:17 - [TEST_STEP][PASSED] - click(findTestObject("Master Data/Admin Sekolah/Akun Bank/Tambah Akun Bank/Pilih Dropdown Nama Bank"), CONTINUE_ON_FAILURE): Object: 'Object Repository/Master Data/Admin Sekolah/Akun Bank/Tambah Akun Bank/Pilih Dropdown Nama Bank' is clicked on

02-01-2025T15:14:18 - [MESSAGE][PASSED] - Object: 'Object Repository/Master Data/Admin Sekolah/Akun Bank/Tambah Akun Bank/Pilih Dropdown Nama Bank' is clicked on

02-01-2025T15:14:18 - [TEST_STEP][PASSED] - randomName = generateRandomName(): null

02-01-2025T15:14:18 - [TEST_STEP][PASSED] - firstNames = ["John", "Jane", "Michael", "Sarah", "David", "Emily", "Rafael", "Sophia"]: null

02-01-2025T15:14:18 - [TEST_STEP][PASSED] - lastNames = ["Doe", "Smith", "Johnson", "Williams", "Brown", "Davis", "Taylor", "Wilson"]: null

02-01-2025T15:14:18 - [TEST_STEP][PASSED] - random = new java.util.Random(): null

02-01-2025T15:14:18 - [TEST_STEP][PASSED] - firstName = firstNames[random.nextInt(firstNames.size())]: null

02-01-2025T15:14:18 - [TEST_STEP][PASSED] - lastName = lastNames[random.nextInt(lastNames.size())]: null

02-01-2025T15:14:18 - [TEST_STEP][PASSED] - return ((firstName +  ) + lastName): null

02-01-2025T15:14:18 - [TEST_STEP][PASSED] - println("Generated random name: " + randomName): null

02-01-2025T15:14:18 - [TEST_STEP][PASSED] - setText(findTestObject("Master Data/Admin Sekolah/Akun Bank/Tambah Akun Bank/Set Text Nama Rekening"), randomName, CONTINUE_ON_FAILURE): Text 'Rafael Taylor' is set on object 'Object Repository/Master Data/Admin Sekolah/Akun Bank/Tambah Akun Bank/Set Text Nama Rekening'

02-01-2025T15:14:18 - [MESSAGE][PASSED] - Text 'Rafael Taylor' is set on object 'Object Repository/Master Data/Admin Sekolah/Akun Bank/Tambah Akun Bank/Set Text Nama Rekening'

02-01-2025T15:14:18 - [TEST_STEP][PASSED] - nomorRekeningList = []: null

02-01-2025T15:14:18 - [TEST_STEP][PASSED] - for ([i = 0, i < 5, (i++)]): null

02-01-2025T15:14:18 - [TEST_STEP][PASSED] - nomorRekeningList.add(generateRandomAccountNumber(10)): null

02-01-2025T15:14:18 - [TEST_STEP][PASSED] - random = new java.util.Random(): null

02-01-2025T15:14:18 - [TEST_STEP][PASSED] - accountNumber = new java.lang.StringBuilder(): null

02-01-2025T15:14:18 - [TEST_STEP][PASSED] - for ([i = 0, i < length, (i++)]): null

02-01-2025T15:14:18 - [TEST_STEP][PASSED] - accountNumber.append(random.nextInt(10)): null

02-01-2025T15:14:18 - [TEST_STEP][PASSED] - accountNumber.append(random.nextInt(10)): null

02-01-2025T15:14:18 - [TEST_STEP][PASSED] - accountNumber.append(random.nextInt(10)): null

02-01-2025T15:14:18 - [TEST_STEP][PASSED] - accountNumber.append(random.nextInt(10)): null

02-01-2025T15:14:18 - [TEST_STEP][PASSED] - accountNumber.append(random.nextInt(10)): null

02-01-2025T15:14:18 - [TEST_STEP][PASSED] - accountNumber.append(random.nextInt(10)): null

02-01-2025T15:14:18 - [TEST_STEP][PASSED] - accountNumber.append(random.nextInt(10)): null

02-01-2025T15:14:18 - [TEST_STEP][PASSED] - accountNumber.append(random.nextInt(10)): null

02-01-2025T15:14:18 - [TEST_STEP][PASSED] - accountNumber.append(random.nextInt(10)): null

02-01-2025T15:14:18 - [TEST_STEP][PASSED] - accountNumber.append(random.nextInt(10)): null

02-01-2025T15:14:18 - [TEST_STEP][PASSED] - return accountNumber.toString(): null

02-01-2025T15:14:18 - [TEST_STEP][PASSED] - nomorRekeningList.add(generateRandomAccountNumber(10)): null

02-01-2025T15:14:18 - [TEST_STEP][PASSED] - random = new java.util.Random(): null

02-01-2025T15:14:18 - [TEST_STEP][PASSED] - accountNumber = new java.lang.StringBuilder(): null

02-01-2025T15:14:18 - [TEST_STEP][PASSED] - for ([i = 0, i < length, (i++)]): null

02-01-2025T15:14:18 - [TEST_STEP][PASSED] - accountNumber.append(random.nextInt(10)): null

02-01-2025T15:14:18 - [TEST_STEP][PASSED] - accountNumber.append(random.nextInt(10)): null

02-01-2025T15:14:18 - [TEST_STEP][PASSED] - accountNumber.append(random.nextInt(10)): null

02-01-2025T15:14:18 - [TEST_STEP][PASSED] - accountNumber.append(random.nextInt(10)): null

02-01-2025T15:14:18 - [TEST_STEP][PASSED] - accountNumber.append(random.nextInt(10)): null

02-01-2025T15:14:18 - [TEST_STEP][PASSED] - accountNumber.append(random.nextInt(10)): null

02-01-2025T15:14:18 - [TEST_STEP][PASSED] - accountNumber.append(random.nextInt(10)): null

02-01-2025T15:14:18 - [TEST_STEP][PASSED] - accountNumber.append(random.nextInt(10)): null

02-01-2025T15:14:18 - [TEST_STEP][PASSED] - accountNumber.append(random.nextInt(10)): null

02-01-2025T15:14:18 - [TEST_STEP][PASSED] - accountNumber.append(random.nextInt(10)): null

02-01-2025T15:14:18 - [TEST_STEP][PASSED] - return accountNumber.toString(): null

02-01-2025T15:14:18 - [TEST_STEP][PASSED] - nomorRekeningList.add(generateRandomAccountNumber(10)): null

02-01-2025T15:14:18 - [TEST_STEP][PASSED] - random = new java.util.Random(): null

02-01-2025T15:14:18 - [TEST_STEP][PASSED] - accountNumber = new java.lang.StringBuilder(): null

02-01-2025T15:14:18 - [TEST_STEP][PASSED] - for ([i = 0, i < length, (i++)]): null

02-01-2025T15:14:18 - [TEST_STEP][PASSED] - accountNumber.append(random.nextInt(10)): null

02-01-2025T15:14:18 - [TEST_STEP][PASSED] - accountNumber.append(random.nextInt(10)): null

02-01-2025T15:14:18 - [TEST_STEP][PASSED] - accountNumber.append(random.nextInt(10)): null

02-01-2025T15:14:18 - [TEST_STEP][PASSED] - accountNumber.append(random.nextInt(10)): null

02-01-2025T15:14:18 - [TEST_STEP][PASSED] - accountNumber.append(random.nextInt(10)): null

02-01-2025T15:14:18 - [TEST_STEP][PASSED] - accountNumber.append(random.nextInt(10)): null

02-01-2025T15:14:18 - [TEST_STEP][PASSED] - accountNumber.append(random.nextInt(10)): null

02-01-2025T15:14:18 - [TEST_STEP][PASSED] - accountNumber.append(random.nextInt(10)): null

02-01-2025T15:14:18 - [TEST_STEP][PASSED] - accountNumber.append(random.nextInt(10)): null

02-01-2025T15:14:18 - [TEST_STEP][PASSED] - accountNumber.append(random.nextInt(10)): null

02-01-2025T15:14:18 - [TEST_STEP][PASSED] - return accountNumber.toString(): null

02-01-2025T15:14:18 - [TEST_STEP][PASSED] - nomorRekeningList.add(generateRandomAccountNumber(10)): null

02-01-2025T15:14:18 - [TEST_STEP][PASSED] - random = new java.util.Random(): null

02-01-2025T15:14:18 - [TEST_STEP][PASSED] - accountNumber = new java.lang.StringBuilder(): null

02-01-2025T15:14:18 - [TEST_STEP][PASSED] - for ([i = 0, i < length, (i++)]): null

02-01-2025T15:14:18 - [TEST_STEP][PASSED] - accountNumber.append(random.nextInt(10)): null

02-01-2025T15:14:18 - [TEST_STEP][PASSED] - accountNumber.append(random.nextInt(10)): null

02-01-2025T15:14:18 - [TEST_STEP][PASSED] - accountNumber.append(random.nextInt(10)): null

02-01-2025T15:14:18 - [TEST_STEP][PASSED] - accountNumber.append(random.nextInt(10)): null

02-01-2025T15:14:18 - [TEST_STEP][PASSED] - accountNumber.append(random.nextInt(10)): null

02-01-2025T15:14:18 - [TEST_STEP][PASSED] - accountNumber.append(random.nextInt(10)): null

02-01-2025T15:14:18 - [TEST_STEP][PASSED] - accountNumber.append(random.nextInt(10)): null

02-01-2025T15:14:18 - [TEST_STEP][PASSED] - accountNumber.append(random.nextInt(10)): null

02-01-2025T15:14:18 - [TEST_STEP][PASSED] - accountNumber.append(random.nextInt(10)): null

02-01-2025T15:14:18 - [TEST_STEP][PASSED] - accountNumber.append(random.nextInt(10)): null

02-01-2025T15:14:18 - [TEST_STEP][PASSED] - return accountNumber.toString(): null

02-01-2025T15:14:18 - [TEST_STEP][PASSED] - nomorRekeningList.add(generateRandomAccountNumber(10)): null

02-01-2025T15:14:18 - [TEST_STEP][PASSED] - random = new java.util.Random(): null

02-01-2025T15:14:18 - [TEST_STEP][PASSED] - accountNumber = new java.lang.StringBuilder(): null

02-01-2025T15:14:18 - [TEST_STEP][PASSED] - for ([i = 0, i < length, (i++)]): null

02-01-2025T15:14:18 - [TEST_STEP][PASSED] - accountNumber.append(random.nextInt(10)): null

02-01-2025T15:14:18 - [TEST_STEP][PASSED] - accountNumber.append(random.nextInt(10)): null

02-01-2025T15:14:18 - [TEST_STEP][PASSED] - accountNumber.append(random.nextInt(10)): null

02-01-2025T15:14:18 - [TEST_STEP][PASSED] - accountNumber.append(random.nextInt(10)): null

02-01-2025T15:14:18 - [TEST_STEP][PASSED] - accountNumber.append(random.nextInt(10)): null

02-01-2025T15:14:18 - [TEST_STEP][PASSED] - accountNumber.append(random.nextInt(10)): null

02-01-2025T15:14:18 - [TEST_STEP][PASSED] - accountNumber.append(random.nextInt(10)): null

02-01-2025T15:14:18 - [TEST_STEP][PASSED] - accountNumber.append(random.nextInt(10)): null

02-01-2025T15:14:18 - [TEST_STEP][PASSED] - accountNumber.append(random.nextInt(10)): null

02-01-2025T15:14:18 - [TEST_STEP][PASSED] - accountNumber.append(random.nextInt(10)): null

02-01-2025T15:14:18 - [TEST_STEP][PASSED] - return accountNumber.toString(): null

02-01-2025T15:14:18 - [TEST_STEP][PASSED] - isErrorPresent = true: null

02-01-2025T15:14:18 - [TEST_STEP][PASSED] - for (String nomorRekening : nomorRekeningList): null

02-01-2025T15:14:18 - [TEST_STEP][PASSED] - inputNomorRekening(nomorRekening): null

02-01-2025T15:14:18 - [TEST_STEP][PASSED] - fieldNomorRekening = findTestObject("Master Data/Admin Sekolah/Akun Bank/Tambah Akun Bank/Set Text Nomor Rekening"): null

02-01-2025T15:14:18 - [TEST_STEP][PASSED] - clearTextUntilEmpty(fieldNomorRekening): null

02-01-2025T15:14:18 - [TEST_STEP][PASSED] - attempt = 0: null

02-01-2025T15:14:18 - [TEST_STEP][PASSED] - while (attempt < maxAttempts): null

02-01-2025T15:14:18 - [TEST_STEP][PASSED] - clearText(field, CONTINUE_ON_FAILURE): Text of object 'Object Repository/Master Data/Admin Sekolah/Akun Bank/Tambah Akun Bank/Set Text Nomor Rekening' is cleared

02-01-2025T15:14:18 - [MESSAGE][PASSED] - Text of object 'Object Repository/Master Data/Admin Sekolah/Akun Bank/Tambah Akun Bank/Set Text Nomor Rekening' is cleared

02-01-2025T15:14:18 - [TEST_STEP][PASSED] - delay(0.5): Delayed 0.5 second(s)

02-01-2025T15:14:19 - [MESSAGE][PASSED] - Delayed 0.5 second(s)

02-01-2025T15:14:19 - [TEST_STEP][PASSED] - currentText = getAttribute(field, "value", CONTINUE_ON_FAILURE): Attribute 'value' of object 'Object Repository/Master Data/Admin Sekolah/Akun Bank/Tambah Akun Bank/Set Text Nomor Rekening' is: ''

02-01-2025T15:14:19 - [MESSAGE][PASSED] - Attribute 'value' of object 'Object Repository/Master Data/Admin Sekolah/Akun Bank/Tambah Akun Bank/Set Text Nomor Rekening' is: ''

02-01-2025T15:14:19 - [TEST_STEP][PASSED] - if (currentText.isEmpty()): null

02-01-2025T15:14:19 - [TEST_STEP][PASSED] - comment("Field berhasil dikosongkan setelah " + attempt + 1 + " percobaan."): Field berhasil dikosongkan setelah 1 percobaan.

02-01-2025T15:14:19 - [MESSAGE][INFO] - Field berhasil dikosongkan setelah 1 percobaan.

02-01-2025T15:14:19 - [TEST_STEP][PASSED] - break: null

02-01-2025T15:14:19 - [TEST_STEP][PASSED] - setText(fieldNomorRekening, nomorRekening): null

02-01-2025T15:14:20 - [MESSAGE][PASSED] - Text '2703648404' is set on object 'Object Repository/Master Data/Admin Sekolah/Akun Bank/Tambah Akun Bank/Set Text Nomor Rekening'

02-01-2025T15:14:20 - [TEST_STEP][PASSED] - pilihKepemilikanDropdown(): null

02-01-2025T15:14:20 - [TEST_STEP][PASSED] - click(findTestObject("Master Data/Admin Sekolah/Akun Bank/Tambah Akun Bank/Dropdown Kepemilikan"), CONTINUE_ON_FAILURE): Object: 'Object Repository/Master Data/Admin Sekolah/Akun Bank/Tambah Akun Bank/Dropdown Kepemilikan' is clicked on

02-01-2025T15:14:20 - [MESSAGE][PASSED] - Object: 'Object Repository/Master Data/Admin Sekolah/Akun Bank/Tambah Akun Bank/Dropdown Kepemilikan' is clicked on

02-01-2025T15:14:20 - [TEST_STEP][PASSED] - click(findTestObject("Master Data/Admin Sekolah/Akun Bank/Tambah Akun Bank/Pilih Dropdown Kepemilikan"), CONTINUE_ON_FAILURE): null

02-01-2025T15:14:21 - [MESSAGE][PASSED] - Object: 'Object Repository/Master Data/Admin Sekolah/Akun Bank/Tambah Akun Bank/Pilih Dropdown Kepemilikan' is clicked on

02-01-2025T15:14:21 - [TEST_STEP][PASSED] - click(findTestObject("Master Data/Admin Sekolah/Akun Bank/Tambah Akun Bank/Button Submit"), CONTINUE_ON_FAILURE): Object: 'Object Repository/Master Data/Admin Sekolah/Akun Bank/Tambah Akun Bank/Button Submit' is clicked on

02-01-2025T15:14:21 - [MESSAGE][PASSED] - Object: 'Object Repository/Master Data/Admin Sekolah/Akun Bank/Tambah Akun Bank/Button Submit' is clicked on

02-01-2025T15:14:21 - [TEST_STEP][PASSED] - isErrorPresent = verifyTextPresent("Nomor rekening sudah terdaftar", false, OPTIONAL): Text 'Nomor rekening sudah terdaftar' is not present on page  (Root cause: com.kms.katalon.core.exception.StepFailedException: Text 'Nomor rekening sudah terdaftar' is not present on page 
	at com.kms.katalon.core.webui.keyword.internal.WebUIKeywordMain.stepFailed(WebUIKeywordMain.groovy:117)
	at com.kms.katalon.core.webui.keyword.builtin.VerifyTextPresentKeyword$_verifyTextPresent_closure1.doCall(VerifyTextPresentKeyword.groovy:79)
	at com.kms.katalon.core.webui.keyword.builtin.VerifyTextPresentKeyword$_verifyTextPresent_closure1.call(VerifyTextPresentKeyword.groovy)
	at com.kms.katalon.core.webui.keyword.internal.WebUIKeywordMain.runKeyword(WebUIKeywordMain.groovy:35)
	at com.kms.katalon.core.webui.keyword.builtin.VerifyTextPresentKeyword.verifyTextPresent(VerifyTextPresentKeyword.groovy:83)
	at com.kms.katalon.core.webui.keyword.builtin.VerifyTextPresentKeyword.execute(VerifyTextPresentKeyword.groovy:68)
	at com.kms.katalon.core.keyword.internal.KeywordExecutor.executeKeywordForPlatform(KeywordExecutor.groovy:74)
	at com.kms.katalon.core.webui.keyword.WebUiBuiltInKeywords.verifyTextPresent(WebUiBuiltInKeywords.groovy:1783)
	at Tambah Akun Bank.run(Tambah Akun Bank:84)
	at com.kms.katalon.core.main.ScriptEngine.run(ScriptEngine.java:194)
	at com.kms.katalon.core.main.ScriptEngine.runScriptAsRawText(ScriptEngine.java:119)
	at com.kms.katalon.core.main.TestCaseExecutor.runScript(TestCaseExecutor.java:448)
	at com.kms.katalon.core.main.TestCaseExecutor.doExecute(TestCaseExecutor.java:439)
	at com.kms.katalon.core.main.TestCaseExecutor.processExecutionPhase(TestCaseExecutor.java:418)
	at com.kms.katalon.core.main.TestCaseExecutor.accessMainPhase(TestCaseExecutor.java:410)
	at com.kms.katalon.core.main.TestCaseExecutor.execute(TestCaseExecutor.java:285)
	at com.kms.katalon.core.main.TestCaseMain.runTestCase(TestCaseMain.java:133)
	at com.kms.katalon.core.keyword.builtin.CallTestCaseKeyword$_callTestCase_closure1.doCall(CallTestCaseKeyword.groovy:59)
	at com.kms.katalon.core.keyword.builtin.CallTestCaseKeyword$_callTestCase_closure1.call(CallTestCaseKeyword.groovy)
	at com.kms.katalon.core.keyword.internal.KeywordMain.runKeyword(KeywordMain.groovy:75)
	at com.kms.katalon.core.keyword.builtin.CallTestCaseKeyword.callTestCase(CallTestCaseKeyword.groovy:81)
	at com.kms.katalon.core.keyword.builtin.CallTestCaseKeyword.execute(CallTestCaseKeyword.groovy:44)
	at com.kms.katalon.core.keyword.internal.KeywordExecutor.executeKeywordForPlatform(KeywordExecutor.groovy:74)
	at com.kms.katalon.core.keyword.BuiltinKeywords.callTestCase(BuiltinKeywords.groovy:310)
	at java.base/jdk.internal.reflect.NativeMethodAccessorImpl.invoke0(Native Method)
	at java.base/jdk.internal.reflect.NativeMethodAccessorImpl.invoke(NativeMethodAccessorImpl.java:77)
	at java.base/jdk.internal.reflect.DelegatingMethodAccessorImpl.invoke(DelegatingMethodAccessorImpl.java:43)
	at Regresi Akun Bank.run(Regresi Akun Bank:22)
	at com.kms.katalon.core.main.ScriptEngine.run(ScriptEngine.java:194)
	at com.kms.katalon.core.main.ScriptEngine.runScriptAsRawText(ScriptEngine.java:119)
	at com.kms.katalon.core.main.TestCaseExecutor.runScript(TestCaseExecutor.java:448)
	at com.kms.katalon.core.main.TestCaseExecutor.doExecute(TestCaseExecutor.java:439)
	at com.kms.katalon.core.main.TestCaseExecutor.processExecutionPhase(TestCaseExecutor.java:418)
	at com.kms.katalon.core.main.TestCaseExecutor.accessMainPhase(TestCaseExecutor.java:410)
	at com.kms.katalon.core.main.TestCaseExecutor.execute(TestCaseExecutor.java:285)
	at com.kms.katalon.core.common.CommonExecutor.accessTestCaseMainPhase(CommonExecutor.java:65)
	at com.kms.katalon.core.main.TestSuiteExecutor.accessTestSuiteMainPhase(TestSuiteExecutor.java:161)
	at com.kms.katalon.core.main.TestSuiteExecutor.execute(TestSuiteExecutor.java:107)
	at com.kms.katalon.core.main.TestCaseMain.startTestSuite(TestCaseMain.java:176)
	at TempTestSuite1735805561810.run(TempTestSuite1735805561810.groovy:35)
	at java.base/jdk.internal.reflect.NativeMethodAccessorImpl.invoke0(Native Method)
	at java.base/jdk.internal.reflect.NativeMethodAccessorImpl.invoke(NativeMethodAccessorImpl.java:77)
	at java.base/jdk.internal.reflect.DelegatingMethodAccessorImpl.invoke(DelegatingMethodAccessorImpl.java:43)
)

02-01-2025T15:14:21 - [MESSAGE][WARNING] - Text 'Nomor rekening sudah terdaftar' is not present on page  (Root cause: com.kms.katalon.core.exception.StepFailedException: Text 'Nomor rekening sudah terdaftar' is not present on page 
	at com.kms.katalon.core.webui.keyword.internal.WebUIKeywordMain.stepFailed(WebUIKeywordMain.groovy:117)
	at com.kms.katalon.core.webui.keyword.builtin.VerifyTextPresentKeyword$_verifyTextPresent_closure1.doCall(VerifyTextPresentKeyword.groovy:79)
	at com.kms.katalon.core.webui.keyword.builtin.VerifyTextPresentKeyword$_verifyTextPresent_closure1.call(VerifyTextPresentKeyword.groovy)
	at com.kms.katalon.core.webui.keyword.internal.WebUIKeywordMain.runKeyword(WebUIKeywordMain.groovy:35)
	at com.kms.katalon.core.webui.keyword.builtin.VerifyTextPresentKeyword.verifyTextPresent(VerifyTextPresentKeyword.groovy:83)
	at com.kms.katalon.core.webui.keyword.builtin.VerifyTextPresentKeyword.execute(VerifyTextPresentKeyword.groovy:68)
	at com.kms.katalon.core.keyword.internal.KeywordExecutor.executeKeywordForPlatform(KeywordExecutor.groovy:74)
	at com.kms.katalon.core.webui.keyword.WebUiBuiltInKeywords.verifyTextPresent(WebUiBuiltInKeywords.groovy:1783)
	at Tambah Akun Bank.run(Tambah Akun Bank:84)
	at com.kms.katalon.core.main.ScriptEngine.run(ScriptEngine.java:194)
	at com.kms.katalon.core.main.ScriptEngine.runScriptAsRawText(ScriptEngine.java:119)
	at com.kms.katalon.core.main.TestCaseExecutor.runScript(TestCaseExecutor.java:448)
	at com.kms.katalon.core.main.TestCaseExecutor.doExecute(TestCaseExecutor.java:439)
	at com.kms.katalon.core.main.TestCaseExecutor.processExecutionPhase(TestCaseExecutor.java:418)
	at com.kms.katalon.core.main.TestCaseExecutor.accessMainPhase(TestCaseExecutor.java:410)
	at com.kms.katalon.core.main.TestCaseExecutor.execute(TestCaseExecutor.java:285)
	at com.kms.katalon.core.main.TestCaseMain.runTestCase(TestCaseMain.java:133)
	at com.kms.katalon.core.keyword.builtin.CallTestCaseKeyword$_callTestCase_closure1.doCall(CallTestCaseKeyword.groovy:59)
	at com.kms.katalon.core.keyword.builtin.CallTestCaseKeyword$_callTestCase_closure1.call(CallTestCaseKeyword.groovy)
	at com.kms.katalon.core.keyword.internal.KeywordMain.runKeyword(KeywordMain.groovy:75)
	at com.kms.katalon.core.keyword.builtin.CallTestCaseKeyword.callTestCase(CallTestCaseKeyword.groovy:81)
	at com.kms.katalon.core.keyword.builtin.CallTestCaseKeyword.execute(CallTestCaseKeyword.groovy:44)
	at com.kms.katalon.core.keyword.internal.KeywordExecutor.executeKeywordForPlatform(KeywordExecutor.groovy:74)
	at com.kms.katalon.core.keyword.BuiltinKeywords.callTestCase(BuiltinKeywords.groovy:310)
	at java.base/jdk.internal.reflect.NativeMethodAccessorImpl.invoke0(Native Method)
	at java.base/jdk.internal.reflect.NativeMethodAccessorImpl.invoke(NativeMethodAccessorImpl.java:77)
	at java.base/jdk.internal.reflect.DelegatingMethodAccessorImpl.invoke(DelegatingMethodAccessorImpl.java:43)
	at Regresi Akun Bank.run(Regresi Akun Bank:22)
	at com.kms.katalon.core.main.ScriptEngine.run(ScriptEngine.java:194)
	at com.kms.katalon.core.main.ScriptEngine.runScriptAsRawText(ScriptEngine.java:119)
	at com.kms.katalon.core.main.TestCaseExecutor.runScript(TestCaseExecutor.java:448)
	at com.kms.katalon.core.main.TestCaseExecutor.doExecute(TestCaseExecutor.java:439)
	at com.kms.katalon.core.main.TestCaseExecutor.processExecutionPhase(TestCaseExecutor.java:418)
	at com.kms.katalon.core.main.TestCaseExecutor.accessMainPhase(TestCaseExecutor.java:410)
	at com.kms.katalon.core.main.TestCaseExecutor.execute(TestCaseExecutor.java:285)
	at com.kms.katalon.core.common.CommonExecutor.accessTestCaseMainPhase(CommonExecutor.java:65)
	at com.kms.katalon.core.main.TestSuiteExecutor.accessTestSuiteMainPhase(TestSuiteExecutor.java:161)
	at com.kms.katalon.core.main.TestSuiteExecutor.execute(TestSuiteExecutor.java:107)
	at com.kms.katalon.core.main.TestCaseMain.startTestSuite(TestCaseMain.java:176)
	at TempTestSuite1735805561810.run(TempTestSuite1735805561810.groovy:35)
	at java.base/jdk.internal.reflect.NativeMethodAccessorImpl.invoke0(Native Method)
	at java.base/jdk.internal.reflect.NativeMethodAccessorImpl.invoke(NativeMethodAccessorImpl.java:77)
	at java.base/jdk.internal.reflect.DelegatingMethodAccessorImpl.invoke(DelegatingMethodAccessorImpl.java:43)
)

02-01-2025T15:14:22 - [TEST_STEP][PASSED] - if (!(isErrorPresent)): null

02-01-2025T15:14:22 - [TEST_STEP][PASSED] - verifyElementVisible(findTestObject("Master Data/Admin Sekolah/Akun Bank/Akun Bank Dashboard"), CONTINUE_ON_FAILURE): Object 'Object Repository/Master Data/Admin Sekolah/Akun Bank/Akun Bank Dashboard' is visible

02-01-2025T15:14:22 - [MESSAGE][PASSED] - Object 'Object Repository/Master Data/Admin Sekolah/Akun Bank/Akun Bank Dashboard' is visible

02-01-2025T15:14:22 - [TEST_STEP][PASSED] - break: null

02-01-2025T15:14:22 - [TEST_STEP][PASSED] - if (isErrorPresent): null

02-01-2025T15:14:22 - [TEST_STEP][PASSED] - else: Nomor rekening berhasil didaftarkan.

02-01-2025T15:14:22 - [TEST_STEP][PASSED] - comment("Nomor rekening berhasil didaftarkan."): Nomor rekening berhasil didaftarkan.

02-01-2025T15:14:22 - [MESSAGE][INFO] - Nomor rekening berhasil didaftarkan.

02-01-2025T15:14:22 - [MESSAGE][INFO] - 

02-01-2025T15:14:22 - [MESSAGE][INFO] - ===================== Self-healing Report ====================

02-01-2025T15:14:22 - [MESSAGE][INFO] - One of the failed test object locators has been recovered by Self-healing. Please refer to the Self-healing Insights tab for more details.

02-01-2025T15:14:22 - [MESSAGE][INFO] - To learn more about Self-healing, please read https://docs.katalon.com/katalon-studio/docs/self-healing.html

02-01-2025T15:14:22 - [MESSAGE][INFO] - ==============================================================

02-01-2025T15:14:22 - [MESSAGE][PASSED] - Call Test Case 'Test Cases/Master Data/Admin Sekolah/Master Data Akun Bank/Tambah Akun Bank' successfully

02-01-2025T15:14:22 - [TEST_STEP][FAILED] - callTestCase(findTestCase("Test Cases/Master Data/Admin Sekolah/Master Data Akun Bank/Edit Akun Bank"), [:], CONTINUE_ON_FAILURE): Unable to call Test Case 'Test Cases/Master Data/Admin Sekolah/Master Data Akun Bank/Edit Akun Bank' (Root cause: com.kms.katalon.core.exception.StepFailedException: Call Test Case 'Test Cases/Master Data/Admin Sekolah/Master Data Akun Bank/Edit Akun Bank' failed
	at com.kms.katalon.core.keyword.builtin.CallTestCaseKeyword$_callTestCase_closure1.doCall(CallTestCaseKeyword.groovy:63)
	at com.kms.katalon.core.keyword.builtin.CallTestCaseKeyword$_callTestCase_closure1.call(CallTestCaseKeyword.groovy)
	at com.kms.katalon.core.keyword.internal.KeywordMain.runKeyword(KeywordMain.groovy:75)
	at com.kms.katalon.core.keyword.builtin.CallTestCaseKeyword.callTestCase(CallTestCaseKeyword.groovy:81)
	at com.kms.katalon.core.keyword.builtin.CallTestCaseKeyword.execute(CallTestCaseKeyword.groovy:44)
	at com.kms.katalon.core.keyword.internal.KeywordExecutor.executeKeywordForPlatform(KeywordExecutor.groovy:74)
	at com.kms.katalon.core.keyword.BuiltinKeywords.callTestCase(BuiltinKeywords.groovy:310)
	at java.base/jdk.internal.reflect.NativeMethodAccessorImpl.invoke0(Native Method)
	at java.base/jdk.internal.reflect.NativeMethodAccessorImpl.invoke(NativeMethodAccessorImpl.java:77)
	at java.base/jdk.internal.reflect.DelegatingMethodAccessorImpl.invoke(DelegatingMethodAccessorImpl.java:43)
	at Regresi Akun Bank.run(Regresi Akun Bank:26)
	at com.kms.katalon.core.main.ScriptEngine.run(ScriptEngine.java:194)
	at com.kms.katalon.core.main.ScriptEngine.runScriptAsRawText(ScriptEngine.java:119)
	at com.kms.katalon.core.main.TestCaseExecutor.runScript(TestCaseExecutor.java:448)
	at com.kms.katalon.core.main.TestCaseExecutor.doExecute(TestCaseExecutor.java:439)
	at com.kms.katalon.core.main.TestCaseExecutor.processExecutionPhase(TestCaseExecutor.java:418)
	at com.kms.katalon.core.main.TestCaseExecutor.accessMainPhase(TestCaseExecutor.java:410)
	at com.kms.katalon.core.main.TestCaseExecutor.execute(TestCaseExecutor.java:285)
	at com.kms.katalon.core.common.CommonExecutor.accessTestCaseMainPhase(CommonExecutor.java:65)
	at com.kms.katalon.core.main.TestSuiteExecutor.accessTestSuiteMainPhase(TestSuiteExecutor.java:161)
	at com.kms.katalon.core.main.TestSuiteExecutor.execute(TestSuiteExecutor.java:107)
	at com.kms.katalon.core.main.TestCaseMain.startTestSuite(TestCaseMain.java:176)
	at TempTestSuite1735805561810.run(TempTestSuite1735805561810.groovy:35)
	at java.base/jdk.internal.reflect.NativeMethodAccessorImpl.invoke0(Native Method)
	at java.base/jdk.internal.reflect.NativeMethodAccessorImpl.invoke(NativeMethodAccessorImpl.java:77)
	at java.base/jdk.internal.reflect.DelegatingMethodAccessorImpl.invoke(DelegatingMethodAccessorImpl.java:43)
Caused by: com.kms.katalon.core.exception.StepFailedException: Unable to verify object 'Object Repository/Master Data/Admin Sekolah/Akun Bank/Edit Akun Bank/Toast Notification Data Berhasil Diubah' is visible
	at com.kms.katalon.core.webui.keyword.internal.WebUIKeywordMain.stepFailed(WebUIKeywordMain.groovy:117)
	at com.kms.katalon.core.webui.keyword.internal.WebUIKeywordMain.runKeyword(WebUIKeywordMain.groovy:43)
	at com.kms.katalon.core.webui.keyword.builtin.VerifyElementVisibleKeyword.verifyElementVisible(VerifyElementVisibleKeyword.groovy:97)
	at com.kms.katalon.core.webui.keyword.builtin.VerifyElementVisibleKeyword.execute(VerifyElementVisibleKeyword.groovy:67)
	at com.kms.katalon.core.keyword.internal.KeywordExecutor.executeKeywordForPlatform(KeywordExecutor.groovy:74)
	at com.kms.katalon.core.webui.keyword.WebUiBuiltInKeywords.verifyElementVisible(WebUiBuiltInKeywords.groovy:438)
	at Edit Akun Bank.run(Edit Akun Bank:90)
	at com.kms.katalon.core.main.ScriptEngine.run(ScriptEngine.java:194)
	at com.kms.katalon.core.main.ScriptEngine.runScriptAsRawText(ScriptEngine.java:119)
	at com.kms.katalon.core.main.TestCaseExecutor.runScript(TestCaseExecutor.java:448)
	at com.kms.katalon.core.main.TestCaseExecutor.doExecute(TestCaseExecutor.java:439)
	at com.kms.katalon.core.main.TestCaseExecutor.processExecutionPhase(TestCaseExecutor.java:418)
	at com.kms.katalon.core.main.TestCaseExecutor.accessMainPhase(TestCaseExecutor.java:410)
	at com.kms.katalon.core.main.TestCaseExecutor.execute(TestCaseExecutor.java:285)
	at com.kms.katalon.core.main.TestCaseMain.runTestCase(TestCaseMain.java:133)
	at com.kms.katalon.core.keyword.builtin.CallTestCaseKeyword$_callTestCase_closure1.doCall(CallTestCaseKeyword.groovy:59)
	... 25 more
Caused by: com.kms.katalon.core.exception.StepFailedException: Object 'Object Repository/Master Data/Admin Sekolah/Akun Bank/Edit Akun Bank/Toast Notification Data Berhasil Diubah' is NOT visible
	at com.kms.katalon.core.webui.keyword.internal.WebUIKeywordMain.stepFailed(WebUIKeywordMain.groovy:117)
	at com.kms.katalon.core.webui.keyword.builtin.VerifyElementVisibleKeyword$_verifyElementVisible_closure1.doCall(VerifyElementVisibleKeyword.groovy:83)
	at com.kms.katalon.core.webui.keyword.builtin.VerifyElementVisibleKeyword$_verifyElementVisible_closure1.call(VerifyElementVisibleKeyword.groovy)
	at com.kms.katalon.core.webui.keyword.internal.WebUIKeywordMain.runKeyword(WebUIKeywordMain.groovy:35)
	... 39 more
)

02-01-2025T15:14:22 - [TEST_CASE][FAILED] - Test Cases/Master Data/Admin Sekolah/Master Data Akun Bank/Edit Akun Bank: Test Cases/Master Data/Admin Sekolah/Master Data Akun Bank/Edit Akun Bank FAILED.
Reason:
com.kms.katalon.core.exception.StepFailedException: Unable to verify object 'Object Repository/Master Data/Admin Sekolah/Akun Bank/Edit Akun Bank/Toast Notification Data Berhasil Diubah' is visible
	at com.kms.katalon.core.webui.keyword.internal.WebUIKeywordMain.stepFailed(WebUIKeywordMain.groovy:117)
	at com.kms.katalon.core.webui.keyword.internal.WebUIKeywordMain.runKeyword(WebUIKeywordMain.groovy:43)
	at com.kms.katalon.core.webui.keyword.builtin.VerifyElementVisibleKeyword.verifyElementVisible(VerifyElementVisibleKeyword.groovy:97)
	at com.kms.katalon.core.webui.keyword.builtin.VerifyElementVisibleKeyword.execute(VerifyElementVisibleKeyword.groovy:67)
	at com.kms.katalon.core.keyword.internal.KeywordExecutor.executeKeywordForPlatform(KeywordExecutor.groovy:74)
	at com.kms.katalon.core.webui.keyword.WebUiBuiltInKeywords.verifyElementVisible(WebUiBuiltInKeywords.groovy:438)
	at Edit Akun Bank.run(Edit Akun Bank:90)
	at com.kms.katalon.core.main.ScriptEngine.run(ScriptEngine.java:194)
	at com.kms.katalon.core.main.ScriptEngine.runScriptAsRawText(ScriptEngine.java:119)
	at com.kms.katalon.core.main.TestCaseExecutor.runScript(TestCaseExecutor.java:448)
	at com.kms.katalon.core.main.TestCaseExecutor.doExecute(TestCaseExecutor.java:439)
	at com.kms.katalon.core.main.TestCaseExecutor.processExecutionPhase(TestCaseExecutor.java:418)
	at com.kms.katalon.core.main.TestCaseExecutor.accessMainPhase(TestCaseExecutor.java:410)
	at com.kms.katalon.core.main.TestCaseExecutor.execute(TestCaseExecutor.java:285)
	at com.kms.katalon.core.main.TestCaseMain.runTestCase(TestCaseMain.java:133)
	at com.kms.katalon.core.keyword.builtin.CallTestCaseKeyword$_callTestCase_closure1.doCall(CallTestCaseKeyword.groovy:59)
	at com.kms.katalon.core.keyword.builtin.CallTestCaseKeyword$_callTestCase_closure1.call(CallTestCaseKeyword.groovy)
	at com.kms.katalon.core.keyword.internal.KeywordMain.runKeyword(KeywordMain.groovy:75)
	at com.kms.katalon.core.keyword.builtin.CallTestCaseKeyword.callTestCase(CallTestCaseKeyword.groovy:81)
	at com.kms.katalon.core.keyword.builtin.CallTestCaseKeyword.execute(CallTestCaseKeyword.groovy:44)
	at com.kms.katalon.core.keyword.internal.KeywordExecutor.executeKeywordForPlatform(KeywordExecutor.groovy:74)
	at com.kms.katalon.core.keyword.BuiltinKeywords.callTestCase(BuiltinKeywords.groovy:310)
	at java.base/jdk.internal.reflect.NativeMethodAccessorImpl.invoke0(Native Method)
	at java.base/jdk.internal.reflect.NativeMethodAccessorImpl.invoke(NativeMethodAccessorImpl.java:77)
	at java.base/jdk.internal.reflect.DelegatingMethodAccessorImpl.invoke(DelegatingMethodAccessorImpl.java:43)
	at Regresi Akun Bank.run(Regresi Akun Bank:26)
	at com.kms.katalon.core.main.ScriptEngine.run(ScriptEngine.java:194)
	at com.kms.katalon.core.main.ScriptEngine.runScriptAsRawText(ScriptEngine.java:119)
	at com.kms.katalon.core.main.TestCaseExecutor.runScript(TestCaseExecutor.java:448)
	at com.kms.katalon.core.main.TestCaseExecutor.doExecute(TestCaseExecutor.java:439)
	at com.kms.katalon.core.main.TestCaseExecutor.processExecutionPhase(TestCaseExecutor.java:418)
	at com.kms.katalon.core.main.TestCaseExecutor.accessMainPhase(TestCaseExecutor.java:410)
	at com.kms.katalon.core.main.TestCaseExecutor.execute(TestCaseExecutor.java:285)
	at com.kms.katalon.core.common.CommonExecutor.accessTestCaseMainPhase(CommonExecutor.java:65)
	at com.kms.katalon.core.main.TestSuiteExecutor.accessTestSuiteMainPhase(TestSuiteExecutor.java:161)
	at com.kms.katalon.core.main.TestSuiteExecutor.execute(TestSuiteExecutor.java:107)
	at com.kms.katalon.core.main.TestCaseMain.startTestSuite(TestCaseMain.java:176)
	at TempTestSuite1735805561810.run(TempTestSuite1735805561810.groovy:35)
	at java.base/jdk.internal.reflect.NativeMethodAccessorImpl.invoke0(Native Method)
	at java.base/jdk.internal.reflect.NativeMethodAccessorImpl.invoke(NativeMethodAccessorImpl.java:77)
	at java.base/jdk.internal.reflect.DelegatingMethodAccessorImpl.invoke(DelegatingMethodAccessorImpl.java:43)
Caused by: com.kms.katalon.core.exception.StepFailedException: Object 'Object Repository/Master Data/Admin Sekolah/Akun Bank/Edit Akun Bank/Toast Notification Data Berhasil Diubah' is NOT visible
	at com.kms.katalon.core.webui.keyword.internal.WebUIKeywordMain.stepFailed(WebUIKeywordMain.groovy:117)
	at com.kms.katalon.core.webui.keyword.builtin.VerifyElementVisibleKeyword$_verifyElementVisible_closure1.doCall(VerifyElementVisibleKeyword.groovy:83)
	at com.kms.katalon.core.webui.keyword.builtin.VerifyElementVisibleKeyword$_verifyElementVisible_closure1.call(VerifyElementVisibleKeyword.groovy)
	at com.kms.katalon.core.webui.keyword.internal.WebUIKeywordMain.runKeyword(WebUIKeywordMain.groovy:35)
	... 39 more


02-01-2025T15:14:22 - [TEST_STEP][PASSED] - openBrowser(""): Browser is opened with url: ''

02-01-2025T15:14:22 - [MESSAGE][WARNING] - A browser is already opened. Closing browser and opening a new one

02-01-2025T15:14:22 - [MESSAGE][INFO] - Starting 'Chrome' driver

02-01-2025T15:14:22 - [MESSAGE][INFO] - Action delay is set to 0 milliseconds

02-01-2025T15:14:23 - [MESSAGE][PASSED] - Browser is opened with url: ''

02-01-2025T15:14:23 - [TEST_STEP][PASSED] - maximizeWindow(): Current window maximized

02-01-2025T15:14:23 - [MESSAGE][PASSED] - Current window maximized

02-01-2025T15:14:23 - [TEST_STEP][PASSED] - navigateToUrl("https://school-payment.digiform.co.id/login"): Navigate to 'https://school-payment.digiform.co.id/login' successfully

02-01-2025T15:14:23 - [MESSAGE][PASSED] - Navigate to 'https://school-payment.digiform.co.id/login' successfully

02-01-2025T15:14:23 - [TEST_STEP][PASSED] - setText(findTestObject("Master Data/Admin Sekolah/Login/Field Email"), "admin.gudangsolusi@digiform.co.id"): Text 'admin.gudangsolusi@digiform.co.id' is set on object 'Object Repository/Master Data/Admin Sekolah/Login/Field Email'

02-01-2025T15:14:25 - [MESSAGE][PASSED] - Text 'admin.gudangsolusi@digiform.co.id' is set on object 'Object Repository/Master Data/Admin Sekolah/Login/Field Email'

02-01-2025T15:14:25 - [TEST_STEP][PASSED] - setText(findTestObject("Master Data/Admin Sekolah/Login/Input Password"), "Test1234"): Text 'Test1234' is set on object 'Object Repository/Master Data/Admin Sekolah/Login/Input Password'

02-01-2025T15:14:25 - [MESSAGE][PASSED] - Text 'Test1234' is set on object 'Object Repository/Master Data/Admin Sekolah/Login/Input Password'

02-01-2025T15:14:25 - [TEST_STEP][PASSED] - click(findTestObject("Master Data/Admin Sekolah/Login/Button Submit")): Object: 'Object Repository/Master Data/Admin Sekolah/Login/Button Submit' is clicked on

02-01-2025T15:14:26 - [MESSAGE][PASSED] - Object: 'Object Repository/Master Data/Admin Sekolah/Login/Button Submit' is clicked on

02-01-2025T15:14:26 - [TEST_STEP][PASSED] - click(findTestObject("Master Data/Admin Sekolah/Tagihan/Master Data Menu")): Object: 'Object Repository/Master Data/Admin Sekolah/Tagihan/Master Data Menu' is clicked on

02-01-2025T15:14:27 - [MESSAGE][PASSED] - Object: 'Object Repository/Master Data/Admin Sekolah/Tagihan/Master Data Menu' is clicked on

02-01-2025T15:14:27 - [TEST_STEP][PASSED] - click(findTestObject("Master Data/Admin Sekolah/Akun Bank/Menu Akun Bank")): Object: 'Object Repository/Master Data/Admin Sekolah/Akun Bank/Menu Akun Bank' is clicked on

02-01-2025T15:14:28 - [MESSAGE][PASSED] - Object: 'Object Repository/Master Data/Admin Sekolah/Akun Bank/Menu Akun Bank' is clicked on

02-01-2025T15:14:28 - [TEST_STEP][PASSED] - click(findTestObject("Master Data/Admin Sekolah/Akun Bank/Edit Akun Bank/Button Action")): Object: 'Object Repository/Master Data/Admin Sekolah/Akun Bank/Edit Akun Bank/Button Action' is clicked on

02-01-2025T15:14:29 - [MESSAGE][PASSED] - Object: 'Object Repository/Master Data/Admin Sekolah/Akun Bank/Edit Akun Bank/Button Action' is clicked on

02-01-2025T15:14:29 - [TEST_STEP][PASSED] - click(findTestObject("Master Data/Admin Sekolah/Akun Bank/Edit Akun Bank/Button Edit")): Object: 'Object Repository/Master Data/Admin Sekolah/Akun Bank/Edit Akun Bank/Button Edit' is clicked on

02-01-2025T15:14:29 - [MESSAGE][PASSED] - Object: 'Object Repository/Master Data/Admin Sekolah/Akun Bank/Edit Akun Bank/Button Edit' is clicked on

02-01-2025T15:14:29 - [TEST_STEP][PASSED] - click(findTestObject("Master Data/Admin Sekolah/Akun Bank/Edit Akun Bank/Dropdown Akun Bank")): Object: 'Object Repository/Master Data/Admin Sekolah/Akun Bank/Edit Akun Bank/Dropdown Akun Bank' is clicked on

02-01-2025T15:14:30 - [MESSAGE][PASSED] - Object: 'Object Repository/Master Data/Admin Sekolah/Akun Bank/Edit Akun Bank/Dropdown Akun Bank' is clicked on

02-01-2025T15:14:30 - [TEST_STEP][PASSED] - click(findTestObject("Master Data/Admin Sekolah/Akun Bank/Edit Akun Bank/Value Dropdown Akun Bank")): Object: 'Object Repository/Master Data/Admin Sekolah/Akun Bank/Edit Akun Bank/Value Dropdown Akun Bank' is clicked on

02-01-2025T15:14:30 - [MESSAGE][PASSED] - Object: 'Object Repository/Master Data/Admin Sekolah/Akun Bank/Edit Akun Bank/Value Dropdown Akun Bank' is clicked on

02-01-2025T15:14:30 - [TEST_STEP][PASSED] - clearAndSetText(findTestObject("Master Data/Admin Sekolah/Akun Bank/Edit Akun Bank/Field Nama Akun Bank"), generateRandomBankAccountName()): null

02-01-2025T15:14:30 - [TEST_STEP][PASSED] - firstNames = ["Pandu", "Budi", "Siti", "Andi", "Joko", "Rina", "Ari", "Maya"]: null

02-01-2025T15:14:30 - [TEST_STEP][PASSED] - lastNames = ["Wibisana", "Sari", "Pratama", "Santoso", "Putra", "Gunawan", "Sudarmaji", "Amir"]: null

02-01-2025T15:14:30 - [TEST_STEP][PASSED] - random = new java.util.Random(): null

02-01-2025T15:14:30 - [TEST_STEP][PASSED] - firstName = firstNames[random.nextInt(firstNames.size())]: null

02-01-2025T15:14:30 - [TEST_STEP][PASSED] - lastName = lastNames[random.nextInt(lastNames.size())]: null

02-01-2025T15:14:30 - [TEST_STEP][PASSED] - return ((firstName +  ) + lastName): null

02-01-2025T15:14:30 - [TEST_STEP][PASSED] - sendKeys(testObject, Keys.chord(CONTROL, "a")): Keys 'CONTROL + a' sent to object: 'Object Repository/Master Data/Admin Sekolah/Akun Bank/Edit Akun Bank/Field Nama Akun Bank'

02-01-2025T15:14:31 - [MESSAGE][PASSED] - Keys 'CONTROL + a' sent to object: 'Object Repository/Master Data/Admin Sekolah/Akun Bank/Edit Akun Bank/Field Nama Akun Bank'

02-01-2025T15:14:31 - [TEST_STEP][PASSED] - sendKeys(testObject, Keys.chord(BACK_SPACE)): Keys 'BACK_SPACE + ' sent to object: 'Object Repository/Master Data/Admin Sekolah/Akun Bank/Edit Akun Bank/Field Nama Akun Bank'

02-01-2025T15:14:31 - [MESSAGE][PASSED] - Keys 'BACK_SPACE + ' sent to object: 'Object Repository/Master Data/Admin Sekolah/Akun Bank/Edit Akun Bank/Field Nama Akun Bank'

02-01-2025T15:14:31 - [TEST_STEP][PASSED] - setText(testObject, newText): Text 'Joko Amir' is set on object 'Object Repository/Master Data/Admin Sekolah/Akun Bank/Edit Akun Bank/Field Nama Akun Bank'

02-01-2025T15:14:32 - [MESSAGE][PASSED] - Text 'Joko Amir' is set on object 'Object Repository/Master Data/Admin Sekolah/Akun Bank/Edit Akun Bank/Field Nama Akun Bank'

02-01-2025T15:14:32 - [TEST_STEP][PASSED] - initialAccountNumber = generateRandomData("64", 10): null

02-01-2025T15:14:32 - [TEST_STEP][PASSED] - random = new java.util.Random(): null

02-01-2025T15:14:32 - [TEST_STEP][PASSED] - result = prefix: null

02-01-2025T15:14:32 - [TEST_STEP][PASSED] - for ([i = 0, i < length, (i++)]): null

02-01-2025T15:14:32 - [TEST_STEP][PASSED] - result += random.nextInt(10): null

02-01-2025T15:14:32 - [TEST_STEP][PASSED] - result += random.nextInt(10): null

02-01-2025T15:14:32 - [TEST_STEP][PASSED] - result += random.nextInt(10): null

02-01-2025T15:14:32 - [TEST_STEP][PASSED] - result += random.nextInt(10): null

02-01-2025T15:14:32 - [TEST_STEP][PASSED] - result += random.nextInt(10): null

02-01-2025T15:14:32 - [TEST_STEP][PASSED] - result += random.nextInt(10): null

02-01-2025T15:14:32 - [TEST_STEP][PASSED] - result += random.nextInt(10): null

02-01-2025T15:14:32 - [TEST_STEP][PASSED] - result += random.nextInt(10): null

02-01-2025T15:14:32 - [TEST_STEP][PASSED] - result += random.nextInt(10): null

02-01-2025T15:14:32 - [TEST_STEP][PASSED] - result += random.nextInt(10): null

02-01-2025T15:14:32 - [TEST_STEP][PASSED] - return result: null

02-01-2025T15:14:32 - [TEST_STEP][PASSED] - attempt = 0: null

02-01-2025T15:14:32 - [TEST_STEP][PASSED] - isSaved = false: null

02-01-2025T15:14:32 - [TEST_STEP][PASSED] - maxAttempts = 5: null

02-01-2025T15:14:32 - [TEST_STEP][PASSED] - while (!(isSaved) && attempt < maxAttempts): null

02-01-2025T15:14:32 - [TEST_STEP][PASSED] - (attempt++): null

02-01-2025T15:14:32 - [TEST_STEP][PASSED] - println(Percobaan ke-$attempt): null

02-01-2025T15:14:32 - [TEST_STEP][PASSED] - clearAndSetText(findTestObject("Master Data/Admin Sekolah/Akun Bank/Edit Akun Bank/Field Nomor Rekening Bank"), initialAccountNumber): null

02-01-2025T15:14:32 - [TEST_STEP][PASSED] - sendKeys(testObject, Keys.chord(CONTROL, "a")): Keys 'CONTROL + a' sent to object: 'Object Repository/Master Data/Admin Sekolah/Akun Bank/Edit Akun Bank/Field Nomor Rekening Bank'

02-01-2025T15:14:32 - [MESSAGE][PASSED] - Keys 'CONTROL + a' sent to object: 'Object Repository/Master Data/Admin Sekolah/Akun Bank/Edit Akun Bank/Field Nomor Rekening Bank'

02-01-2025T15:14:32 - [TEST_STEP][PASSED] - sendKeys(testObject, Keys.chord(BACK_SPACE)): Keys 'BACK_SPACE + ' sent to object: 'Object Repository/Master Data/Admin Sekolah/Akun Bank/Edit Akun Bank/Field Nomor Rekening Bank'

02-01-2025T15:14:32 - [MESSAGE][PASSED] - Keys 'BACK_SPACE + ' sent to object: 'Object Repository/Master Data/Admin Sekolah/Akun Bank/Edit Akun Bank/Field Nomor Rekening Bank'

02-01-2025T15:14:32 - [TEST_STEP][PASSED] - setText(testObject, newText): null

02-01-2025T15:14:33 - [MESSAGE][PASSED] - Text '644176700180' is set on object 'Object Repository/Master Data/Admin Sekolah/Akun Bank/Edit Akun Bank/Field Nomor Rekening Bank'

02-01-2025T15:14:33 - [TEST_STEP][PASSED] - click(findTestObject("Master Data/Admin Sekolah/Akun Bank/Edit Akun Bank/Button Simpan")): Object: 'Object Repository/Master Data/Admin Sekolah/Akun Bank/Edit Akun Bank/Button Simpan' is clicked on

02-01-2025T15:14:33 - [MESSAGE][PASSED] - Object: 'Object Repository/Master Data/Admin Sekolah/Akun Bank/Edit Akun Bank/Button Simpan' is clicked on

02-01-2025T15:14:33 - [TEST_STEP][PASSED] - if (verifyElementVisible(findTestObject("Master Data/Admin Sekolah/Akun Bank/Edit Akun Bank/Toast Notification Error Nomor Rekening Sudah Terdaftar"), OPTIONAL)): Unable to verify object is visible (Root cause: com.kms.katalon.core.exception.StepFailedException: Unable to verify object is visible
	at com.kms.katalon.core.webui.keyword.internal.WebUIKeywordMain.stepFailed(WebUIKeywordMain.groovy:117)
	at com.kms.katalon.core.webui.keyword.internal.WebUIKeywordMain.runKeyword(WebUIKeywordMain.groovy:43)
	at com.kms.katalon.core.webui.keyword.builtin.VerifyElementVisibleKeyword.verifyElementVisible(VerifyElementVisibleKeyword.groovy:97)
	at com.kms.katalon.core.webui.keyword.builtin.VerifyElementVisibleKeyword.execute(VerifyElementVisibleKeyword.groovy:67)
	at com.kms.katalon.core.keyword.internal.KeywordExecutor.executeKeywordForPlatform(KeywordExecutor.groovy:74)
	at com.kms.katalon.core.webui.keyword.WebUiBuiltInKeywords.verifyElementVisible(WebUiBuiltInKeywords.groovy:438)
	at Edit Akun Bank.run(Edit Akun Bank:76)
	at com.kms.katalon.core.main.ScriptEngine.run(ScriptEngine.java:194)
	at com.kms.katalon.core.main.ScriptEngine.runScriptAsRawText(ScriptEngine.java:119)
	at com.kms.katalon.core.main.TestCaseExecutor.runScript(TestCaseExecutor.java:448)
	at com.kms.katalon.core.main.TestCaseExecutor.doExecute(TestCaseExecutor.java:439)
	at com.kms.katalon.core.main.TestCaseExecutor.processExecutionPhase(TestCaseExecutor.java:418)
	at com.kms.katalon.core.main.TestCaseExecutor.accessMainPhase(TestCaseExecutor.java:410)
	at com.kms.katalon.core.main.TestCaseExecutor.execute(TestCaseExecutor.java:285)
	at com.kms.katalon.core.main.TestCaseMain.runTestCase(TestCaseMain.java:133)
	at com.kms.katalon.core.keyword.builtin.CallTestCaseKeyword$_callTestCase_closure1.doCall(CallTestCaseKeyword.groovy:59)
	at com.kms.katalon.core.keyword.builtin.CallTestCaseKeyword$_callTestCase_closure1.call(CallTestCaseKeyword.groovy)
	at com.kms.katalon.core.keyword.internal.KeywordMain.runKeyword(KeywordMain.groovy:75)
	at com.kms.katalon.core.keyword.builtin.CallTestCaseKeyword.callTestCase(CallTestCaseKeyword.groovy:81)
	at com.kms.katalon.core.keyword.builtin.CallTestCaseKeyword.execute(CallTestCaseKeyword.groovy:44)
	at com.kms.katalon.core.keyword.internal.KeywordExecutor.executeKeywordForPlatform(KeywordExecutor.groovy:74)
	at com.kms.katalon.core.keyword.BuiltinKeywords.callTestCase(BuiltinKeywords.groovy:310)
	at java.base/jdk.internal.reflect.NativeMethodAccessorImpl.invoke0(Native Method)
	at java.base/jdk.internal.reflect.NativeMethodAccessorImpl.invoke(NativeMethodAccessorImpl.java:77)
	at java.base/jdk.internal.reflect.DelegatingMethodAccessorImpl.invoke(DelegatingMethodAccessorImpl.java:43)
	at Regresi Akun Bank.run(Regresi Akun Bank:26)
	at com.kms.katalon.core.main.ScriptEngine.run(ScriptEngine.java:194)
	at com.kms.katalon.core.main.ScriptEngine.runScriptAsRawText(ScriptEngine.java:119)
	at com.kms.katalon.core.main.TestCaseExecutor.runScript(TestCaseExecutor.java:448)
	at com.kms.katalon.core.main.TestCaseExecutor.doExecute(TestCaseExecutor.java:439)
	at com.kms.katalon.core.main.TestCaseExecutor.processExecutionPhase(TestCaseExecutor.java:418)
	at com.kms.katalon.core.main.TestCaseExecutor.accessMainPhase(TestCaseExecutor.java:410)
	at com.kms.katalon.core.main.TestCaseExecutor.execute(TestCaseExecutor.java:285)
	at com.kms.katalon.core.common.CommonExecutor.accessTestCaseMainPhase(CommonExecutor.java:65)
	at com.kms.katalon.core.main.TestSuiteExecutor.accessTestSuiteMainPhase(TestSuiteExecutor.java:161)
	at com.kms.katalon.core.main.TestSuiteExecutor.execute(TestSuiteExecutor.java:107)
	at com.kms.katalon.core.main.TestCaseMain.startTestSuite(TestCaseMain.java:176)
	at TempTestSuite1735805561810.run(TempTestSuite1735805561810.groovy:35)
	at java.base/jdk.internal.reflect.NativeMethodAccessorImpl.invoke0(Native Method)
	at java.base/jdk.internal.reflect.NativeMethodAccessorImpl.invoke(NativeMethodAccessorImpl.java:77)
	at java.base/jdk.internal.reflect.DelegatingMethodAccessorImpl.invoke(DelegatingMethodAccessorImpl.java:43)
Caused by: java.lang.IllegalArgumentException: Object is null
	at com.kms.katalon.core.helper.KeywordHelper.checkTestObjectParameter(KeywordHelper.java:33)
	at com.kms.katalon.core.webui.keyword.builtin.VerifyElementVisibleKeyword$_verifyElementVisible_closure1.doCall(VerifyElementVisibleKeyword.groovy:75)
	at com.kms.katalon.core.webui.keyword.builtin.VerifyElementVisibleKeyword$_verifyElementVisible_closure1.call(VerifyElementVisibleKeyword.groovy)
	at com.kms.katalon.core.webui.keyword.internal.WebUIKeywordMain.runKeyword(WebUIKeywordMain.groovy:35)
	at com.kms.katalon.core.webui.keyword.builtin.VerifyElementVisibleKeyword.verifyElementVisible(VerifyElementVisibleKeyword.groovy:97)
	at com.kms.katalon.core.webui.keyword.builtin.VerifyElementVisibleKeyword.execute(VerifyElementVisibleKeyword.groovy:67)
	at com.kms.katalon.core.keyword.internal.KeywordExecutor.executeKeywordForPlatform(KeywordExecutor.groovy:74)
	at com.kms.katalon.core.webui.keyword.WebUiBuiltInKeywords.verifyElementVisible(WebUiBuiltInKeywords.groovy:438)
	at Script1733198752835.run(Script1733198752835.groovy:76)
	at com.kms.katalon.core.main.ScriptEngine.run(ScriptEngine.java:194)
	at com.kms.katalon.core.main.ScriptEngine.runScriptAsRawText(ScriptEngine.java:119)
	at com.kms.katalon.core.main.TestCaseExecutor.runScript(TestCaseExecutor.java:448)
	at com.kms.katalon.core.main.TestCaseExecutor.doExecute(TestCaseExecutor.java:439)
	at com.kms.katalon.core.main.TestCaseExecutor.processExecutionPhase(TestCaseExecutor.java:418)
	at com.kms.katalon.core.main.TestCaseExecutor.accessMainPhase(TestCaseExecutor.java:410)
	at com.kms.katalon.core.main.TestCaseExecutor.execute(TestCaseExecutor.java:285)
	at com.kms.katalon.core.main.TestCaseMain.runTestCase(TestCaseMain.java:133)
	at com.kms.katalon.core.keyword.builtin.CallTestCaseKeyword$_callTestCase_closure1.doCall(CallTestCaseKeyword.groovy:59)
	at com.kms.katalon.core.keyword.builtin.CallTestCaseKeyword$_callTestCase_closure1.call(CallTestCaseKeyword.groovy)
	at com.kms.katalon.core.keyword.internal.KeywordMain.runKeyword(KeywordMain.groovy:75)
	at com.kms.katalon.core.keyword.builtin.CallTestCaseKeyword.callTestCase(CallTestCaseKeyword.groovy:81)
	at com.kms.katalon.core.keyword.builtin.CallTestCaseKeyword.execute(CallTestCaseKeyword.groovy:44)
	at com.kms.katalon.core.keyword.internal.KeywordExecutor.executeKeywordForPlatform(KeywordExecutor.groovy:74)
	at com.kms.katalon.core.keyword.BuiltinKeywords.callTestCase(BuiltinKeywords.groovy:310)
	at java.base/jdk.internal.reflect.NativeMethodAccessorImpl.invoke0(Native Method)
	at java.base/jdk.internal.reflect.NativeMethodAccessorImpl.invoke(NativeMethodAccessorImpl.java:77)
	at java.base/jdk.internal.reflect.DelegatingMethodAccessorImpl.invoke(DelegatingMethodAccessorImpl.java:43)
	at Script1735746249821.run(Script1735746249821.groovy:26)
	... 15 more
)

02-01-2025T15:14:33 - [MESSAGE][WARNING] - Test object with id 'Object Repository/Master Data/Admin Sekolah/Akun Bank/Edit Akun Bank/Toast Notification Error Nomor Rekening Sudah Terdaftar' does not exist

02-01-2025T15:14:33 - [MESSAGE][WARNING] - Test object with id 'Object Repository/' does not exist

02-01-2025T15:14:33 - [MESSAGE][WARNING] - Unable to verify object is visible (Root cause: com.kms.katalon.core.exception.StepFailedException: Unable to verify object is visible
	at com.kms.katalon.core.webui.keyword.internal.WebUIKeywordMain.stepFailed(WebUIKeywordMain.groovy:117)
	at com.kms.katalon.core.webui.keyword.internal.WebUIKeywordMain.runKeyword(WebUIKeywordMain.groovy:43)
	at com.kms.katalon.core.webui.keyword.builtin.VerifyElementVisibleKeyword.verifyElementVisible(VerifyElementVisibleKeyword.groovy:97)
	at com.kms.katalon.core.webui.keyword.builtin.VerifyElementVisibleKeyword.execute(VerifyElementVisibleKeyword.groovy:67)
	at com.kms.katalon.core.keyword.internal.KeywordExecutor.executeKeywordForPlatform(KeywordExecutor.groovy:74)
	at com.kms.katalon.core.webui.keyword.WebUiBuiltInKeywords.verifyElementVisible(WebUiBuiltInKeywords.groovy:438)
	at Edit Akun Bank.run(Edit Akun Bank:76)
	at com.kms.katalon.core.main.ScriptEngine.run(ScriptEngine.java:194)
	at com.kms.katalon.core.main.ScriptEngine.runScriptAsRawText(ScriptEngine.java:119)
	at com.kms.katalon.core.main.TestCaseExecutor.runScript(TestCaseExecutor.java:448)
	at com.kms.katalon.core.main.TestCaseExecutor.doExecute(TestCaseExecutor.java:439)
	at com.kms.katalon.core.main.TestCaseExecutor.processExecutionPhase(TestCaseExecutor.java:418)
	at com.kms.katalon.core.main.TestCaseExecutor.accessMainPhase(TestCaseExecutor.java:410)
	at com.kms.katalon.core.main.TestCaseExecutor.execute(TestCaseExecutor.java:285)
	at com.kms.katalon.core.main.TestCaseMain.runTestCase(TestCaseMain.java:133)
	at com.kms.katalon.core.keyword.builtin.CallTestCaseKeyword$_callTestCase_closure1.doCall(CallTestCaseKeyword.groovy:59)
	at com.kms.katalon.core.keyword.builtin.CallTestCaseKeyword$_callTestCase_closure1.call(CallTestCaseKeyword.groovy)
	at com.kms.katalon.core.keyword.internal.KeywordMain.runKeyword(KeywordMain.groovy:75)
	at com.kms.katalon.core.keyword.builtin.CallTestCaseKeyword.callTestCase(CallTestCaseKeyword.groovy:81)
	at com.kms.katalon.core.keyword.builtin.CallTestCaseKeyword.execute(CallTestCaseKeyword.groovy:44)
	at com.kms.katalon.core.keyword.internal.KeywordExecutor.executeKeywordForPlatform(KeywordExecutor.groovy:74)
	at com.kms.katalon.core.keyword.BuiltinKeywords.callTestCase(BuiltinKeywords.groovy:310)
	at java.base/jdk.internal.reflect.NativeMethodAccessorImpl.invoke0(Native Method)
	at java.base/jdk.internal.reflect.NativeMethodAccessorImpl.invoke(NativeMethodAccessorImpl.java:77)
	at java.base/jdk.internal.reflect.DelegatingMethodAccessorImpl.invoke(DelegatingMethodAccessorImpl.java:43)
	at Regresi Akun Bank.run(Regresi Akun Bank:26)
	at com.kms.katalon.core.main.ScriptEngine.run(ScriptEngine.java:194)
	at com.kms.katalon.core.main.ScriptEngine.runScriptAsRawText(ScriptEngine.java:119)
	at com.kms.katalon.core.main.TestCaseExecutor.runScript(TestCaseExecutor.java:448)
	at com.kms.katalon.core.main.TestCaseExecutor.doExecute(TestCaseExecutor.java:439)
	at com.kms.katalon.core.main.TestCaseExecutor.processExecutionPhase(TestCaseExecutor.java:418)
	at com.kms.katalon.core.main.TestCaseExecutor.accessMainPhase(TestCaseExecutor.java:410)
	at com.kms.katalon.core.main.TestCaseExecutor.execute(TestCaseExecutor.java:285)
	at com.kms.katalon.core.common.CommonExecutor.accessTestCaseMainPhase(CommonExecutor.java:65)
	at com.kms.katalon.core.main.TestSuiteExecutor.accessTestSuiteMainPhase(TestSuiteExecutor.java:161)
	at com.kms.katalon.core.main.TestSuiteExecutor.execute(TestSuiteExecutor.java:107)
	at com.kms.katalon.core.main.TestCaseMain.startTestSuite(TestCaseMain.java:176)
	at TempTestSuite1735805561810.run(TempTestSuite1735805561810.groovy:35)
	at java.base/jdk.internal.reflect.NativeMethodAccessorImpl.invoke0(Native Method)
	at java.base/jdk.internal.reflect.NativeMethodAccessorImpl.invoke(NativeMethodAccessorImpl.java:77)
	at java.base/jdk.internal.reflect.DelegatingMethodAccessorImpl.invoke(DelegatingMethodAccessorImpl.java:43)
Caused by: java.lang.IllegalArgumentException: Object is null
	at com.kms.katalon.core.helper.KeywordHelper.checkTestObjectParameter(KeywordHelper.java:33)
	at com.kms.katalon.core.webui.keyword.builtin.VerifyElementVisibleKeyword$_verifyElementVisible_closure1.doCall(VerifyElementVisibleKeyword.groovy:75)
	at com.kms.katalon.core.webui.keyword.builtin.VerifyElementVisibleKeyword$_verifyElementVisible_closure1.call(VerifyElementVisibleKeyword.groovy)
	at com.kms.katalon.core.webui.keyword.internal.WebUIKeywordMain.runKeyword(WebUIKeywordMain.groovy:35)
	at com.kms.katalon.core.webui.keyword.builtin.VerifyElementVisibleKeyword.verifyElementVisible(VerifyElementVisibleKeyword.groovy:97)
	at com.kms.katalon.core.webui.keyword.builtin.VerifyElementVisibleKeyword.execute(VerifyElementVisibleKeyword.groovy:67)
	at com.kms.katalon.core.keyword.internal.KeywordExecutor.executeKeywordForPlatform(KeywordExecutor.groovy:74)
	at com.kms.katalon.core.webui.keyword.WebUiBuiltInKeywords.verifyElementVisible(WebUiBuiltInKeywords.groovy:438)
	at Script1733198752835.run(Script1733198752835.groovy:76)
	at com.kms.katalon.core.main.ScriptEngine.run(ScriptEngine.java:194)
	at com.kms.katalon.core.main.ScriptEngine.runScriptAsRawText(ScriptEngine.java:119)
	at com.kms.katalon.core.main.TestCaseExecutor.runScript(TestCaseExecutor.java:448)
	at com.kms.katalon.core.main.TestCaseExecutor.doExecute(TestCaseExecutor.java:439)
	at com.kms.katalon.core.main.TestCaseExecutor.processExecutionPhase(TestCaseExecutor.java:418)
	at com.kms.katalon.core.main.TestCaseExecutor.accessMainPhase(TestCaseExecutor.java:410)
	at com.kms.katalon.core.main.TestCaseExecutor.execute(TestCaseExecutor.java:285)
	at com.kms.katalon.core.main.TestCaseMain.runTestCase(TestCaseMain.java:133)
	at com.kms.katalon.core.keyword.builtin.CallTestCaseKeyword$_callTestCase_closure1.doCall(CallTestCaseKeyword.groovy:59)
	at com.kms.katalon.core.keyword.builtin.CallTestCaseKeyword$_callTestCase_closure1.call(CallTestCaseKeyword.groovy)
	at com.kms.katalon.core.keyword.internal.KeywordMain.runKeyword(KeywordMain.groovy:75)
	at com.kms.katalon.core.keyword.builtin.CallTestCaseKeyword.callTestCase(CallTestCaseKeyword.groovy:81)
	at com.kms.katalon.core.keyword.builtin.CallTestCaseKeyword.execute(CallTestCaseKeyword.groovy:44)
	at com.kms.katalon.core.keyword.internal.KeywordExecutor.executeKeywordForPlatform(KeywordExecutor.groovy:74)
	at com.kms.katalon.core.keyword.BuiltinKeywords.callTestCase(BuiltinKeywords.groovy:310)
	at java.base/jdk.internal.reflect.NativeMethodAccessorImpl.invoke0(Native Method)
	at java.base/jdk.internal.reflect.NativeMethodAccessorImpl.invoke(NativeMethodAccessorImpl.java:77)
	at java.base/jdk.internal.reflect.DelegatingMethodAccessorImpl.invoke(DelegatingMethodAccessorImpl.java:43)
	at Script1735746249821.run(Script1735746249821.groovy:26)
	... 15 more
)
[[ATTACHMENT|C:\\Users\\henri\\Videos\\school-payment-automation-testing\\Reports\\20250102_151240\\SPRINT 1\\20250102_151241\\1735805673392.png]]

02-01-2025T15:14:33 - [TEST_STEP][PASSED] - else: null

02-01-2025T15:14:33 - [TEST_STEP][PASSED] - isSaved = true: null

02-01-2025T15:14:33 - [TEST_STEP][PASSED] - println("Data berhasil disimpan."): null

02-01-2025T15:14:33 - [TEST_STEP][FAILED] - if (isSaved): Unable to verify object 'Object Repository/Master Data/Admin Sekolah/Akun Bank/Edit Akun Bank/Toast Notification Data Berhasil Diubah' is visible (Root cause: com.kms.katalon.core.exception.StepFailedException: Unable to verify object 'Object Repository/Master Data/Admin Sekolah/Akun Bank/Edit Akun Bank/Toast Notification Data Berhasil Diubah' is visible
	at com.kms.katalon.core.webui.keyword.internal.WebUIKeywordMain.stepFailed(WebUIKeywordMain.groovy:117)
	at com.kms.katalon.core.webui.keyword.internal.WebUIKeywordMain.runKeyword(WebUIKeywordMain.groovy:43)
	at com.kms.katalon.core.webui.keyword.builtin.VerifyElementVisibleKeyword.verifyElementVisible(VerifyElementVisibleKeyword.groovy:97)
	at com.kms.katalon.core.webui.keyword.builtin.VerifyElementVisibleKeyword.execute(VerifyElementVisibleKeyword.groovy:67)
	at com.kms.katalon.core.keyword.internal.KeywordExecutor.executeKeywordForPlatform(KeywordExecutor.groovy:74)
	at com.kms.katalon.core.webui.keyword.WebUiBuiltInKeywords.verifyElementVisible(WebUiBuiltInKeywords.groovy:438)
	at Edit Akun Bank.run(Edit Akun Bank:90)
	at com.kms.katalon.core.main.ScriptEngine.run(ScriptEngine.java:194)
	at com.kms.katalon.core.main.ScriptEngine.runScriptAsRawText(ScriptEngine.java:119)
	at com.kms.katalon.core.main.TestCaseExecutor.runScript(TestCaseExecutor.java:448)
	at com.kms.katalon.core.main.TestCaseExecutor.doExecute(TestCaseExecutor.java:439)
	at com.kms.katalon.core.main.TestCaseExecutor.processExecutionPhase(TestCaseExecutor.java:418)
	at com.kms.katalon.core.main.TestCaseExecutor.accessMainPhase(TestCaseExecutor.java:410)
	at com.kms.katalon.core.main.TestCaseExecutor.execute(TestCaseExecutor.java:285)
	at com.kms.katalon.core.main.TestCaseMain.runTestCase(TestCaseMain.java:133)
	at com.kms.katalon.core.keyword.builtin.CallTestCaseKeyword$_callTestCase_closure1.doCall(CallTestCaseKeyword.groovy:59)
	at com.kms.katalon.core.keyword.builtin.CallTestCaseKeyword$_callTestCase_closure1.call(CallTestCaseKeyword.groovy)
	at com.kms.katalon.core.keyword.internal.KeywordMain.runKeyword(KeywordMain.groovy:75)
	at com.kms.katalon.core.keyword.builtin.CallTestCaseKeyword.callTestCase(CallTestCaseKeyword.groovy:81)
	at com.kms.katalon.core.keyword.builtin.CallTestCaseKeyword.execute(CallTestCaseKeyword.groovy:44)
	at com.kms.katalon.core.keyword.internal.KeywordExecutor.executeKeywordForPlatform(KeywordExecutor.groovy:74)
	at com.kms.katalon.core.keyword.BuiltinKeywords.callTestCase(BuiltinKeywords.groovy:310)
	at java.base/jdk.internal.reflect.NativeMethodAccessorImpl.invoke0(Native Method)
	at java.base/jdk.internal.reflect.NativeMethodAccessorImpl.invoke(NativeMethodAccessorImpl.java:77)
	at java.base/jdk.internal.reflect.DelegatingMethodAccessorImpl.invoke(DelegatingMethodAccessorImpl.java:43)
	at Regresi Akun Bank.run(Regresi Akun Bank:26)
	at com.kms.katalon.core.main.ScriptEngine.run(ScriptEngine.java:194)
	at com.kms.katalon.core.main.ScriptEngine.runScriptAsRawText(ScriptEngine.java:119)
	at com.kms.katalon.core.main.TestCaseExecutor.runScript(TestCaseExecutor.java:448)
	at com.kms.katalon.core.main.TestCaseExecutor.doExecute(TestCaseExecutor.java:439)
	at com.kms.katalon.core.main.TestCaseExecutor.processExecutionPhase(TestCaseExecutor.java:418)
	at com.kms.katalon.core.main.TestCaseExecutor.accessMainPhase(TestCaseExecutor.java:410)
	at com.kms.katalon.core.main.TestCaseExecutor.execute(TestCaseExecutor.java:285)
	at com.kms.katalon.core.common.CommonExecutor.accessTestCaseMainPhase(CommonExecutor.java:65)
	at com.kms.katalon.core.main.TestSuiteExecutor.accessTestSuiteMainPhase(TestSuiteExecutor.java:161)
	at com.kms.katalon.core.main.TestSuiteExecutor.execute(TestSuiteExecutor.java:107)
	at com.kms.katalon.core.main.TestCaseMain.startTestSuite(TestCaseMain.java:176)
	at TempTestSuite1735805561810.run(TempTestSuite1735805561810.groovy:35)
	at java.base/jdk.internal.reflect.NativeMethodAccessorImpl.invoke0(Native Method)
	at java.base/jdk.internal.reflect.NativeMethodAccessorImpl.invoke(NativeMethodAccessorImpl.java:77)
	at java.base/jdk.internal.reflect.DelegatingMethodAccessorImpl.invoke(DelegatingMethodAccessorImpl.java:43)
Caused by: com.kms.katalon.core.exception.StepFailedException: Object 'Object Repository/Master Data/Admin Sekolah/Akun Bank/Edit Akun Bank/Toast Notification Data Berhasil Diubah' is NOT visible
	at com.kms.katalon.core.webui.keyword.internal.WebUIKeywordMain.stepFailed(WebUIKeywordMain.groovy:117)
	at com.kms.katalon.core.webui.keyword.builtin.VerifyElementVisibleKeyword$_verifyElementVisible_closure1.doCall(VerifyElementVisibleKeyword.groovy:83)
	at com.kms.katalon.core.webui.keyword.builtin.VerifyElementVisibleKeyword$_verifyElementVisible_closure1.call(VerifyElementVisibleKeyword.groovy)
	at com.kms.katalon.core.webui.keyword.internal.WebUIKeywordMain.runKeyword(WebUIKeywordMain.groovy:35)
	... 39 more
)

02-01-2025T15:14:33 - [TEST_STEP][FAILED] - verifyElementVisible(findTestObject("Master Data/Admin Sekolah/Akun Bank/Edit Akun Bank/Toast Notification Data Berhasil Diubah"), STOP_ON_FAILURE): Unable to verify object 'Object Repository/Master Data/Admin Sekolah/Akun Bank/Edit Akun Bank/Toast Notification Data Berhasil Diubah' is visible (Root cause: com.kms.katalon.core.exception.StepFailedException: Unable to verify object 'Object Repository/Master Data/Admin Sekolah/Akun Bank/Edit Akun Bank/Toast Notification Data Berhasil Diubah' is visible
	at com.kms.katalon.core.webui.keyword.internal.WebUIKeywordMain.stepFailed(WebUIKeywordMain.groovy:117)
	at com.kms.katalon.core.webui.keyword.internal.WebUIKeywordMain.runKeyword(WebUIKeywordMain.groovy:43)
	at com.kms.katalon.core.webui.keyword.builtin.VerifyElementVisibleKeyword.verifyElementVisible(VerifyElementVisibleKeyword.groovy:97)
	at com.kms.katalon.core.webui.keyword.builtin.VerifyElementVisibleKeyword.execute(VerifyElementVisibleKeyword.groovy:67)
	at com.kms.katalon.core.keyword.internal.KeywordExecutor.executeKeywordForPlatform(KeywordExecutor.groovy:74)
	at com.kms.katalon.core.webui.keyword.WebUiBuiltInKeywords.verifyElementVisible(WebUiBuiltInKeywords.groovy:438)
	at Edit Akun Bank.run(Edit Akun Bank:90)
	at com.kms.katalon.core.main.ScriptEngine.run(ScriptEngine.java:194)
	at com.kms.katalon.core.main.ScriptEngine.runScriptAsRawText(ScriptEngine.java:119)
	at com.kms.katalon.core.main.TestCaseExecutor.runScript(TestCaseExecutor.java:448)
	at com.kms.katalon.core.main.TestCaseExecutor.doExecute(TestCaseExecutor.java:439)
	at com.kms.katalon.core.main.TestCaseExecutor.processExecutionPhase(TestCaseExecutor.java:418)
	at com.kms.katalon.core.main.TestCaseExecutor.accessMainPhase(TestCaseExecutor.java:410)
	at com.kms.katalon.core.main.TestCaseExecutor.execute(TestCaseExecutor.java:285)
	at com.kms.katalon.core.main.TestCaseMain.runTestCase(TestCaseMain.java:133)
	at com.kms.katalon.core.keyword.builtin.CallTestCaseKeyword$_callTestCase_closure1.doCall(CallTestCaseKeyword.groovy:59)
	at com.kms.katalon.core.keyword.builtin.CallTestCaseKeyword$_callTestCase_closure1.call(CallTestCaseKeyword.groovy)
	at com.kms.katalon.core.keyword.internal.KeywordMain.runKeyword(KeywordMain.groovy:75)
	at com.kms.katalon.core.keyword.builtin.CallTestCaseKeyword.callTestCase(CallTestCaseKeyword.groovy:81)
	at com.kms.katalon.core.keyword.builtin.CallTestCaseKeyword.execute(CallTestCaseKeyword.groovy:44)
	at com.kms.katalon.core.keyword.internal.KeywordExecutor.executeKeywordForPlatform(KeywordExecutor.groovy:74)
	at com.kms.katalon.core.keyword.BuiltinKeywords.callTestCase(BuiltinKeywords.groovy:310)
	at java.base/jdk.internal.reflect.NativeMethodAccessorImpl.invoke0(Native Method)
	at java.base/jdk.internal.reflect.NativeMethodAccessorImpl.invoke(NativeMethodAccessorImpl.java:77)
	at java.base/jdk.internal.reflect.DelegatingMethodAccessorImpl.invoke(DelegatingMethodAccessorImpl.java:43)
	at Regresi Akun Bank.run(Regresi Akun Bank:26)
	at com.kms.katalon.core.main.ScriptEngine.run(ScriptEngine.java:194)
	at com.kms.katalon.core.main.ScriptEngine.runScriptAsRawText(ScriptEngine.java:119)
	at com.kms.katalon.core.main.TestCaseExecutor.runScript(TestCaseExecutor.java:448)
	at com.kms.katalon.core.main.TestCaseExecutor.doExecute(TestCaseExecutor.java:439)
	at com.kms.katalon.core.main.TestCaseExecutor.processExecutionPhase(TestCaseExecutor.java:418)
	at com.kms.katalon.core.main.TestCaseExecutor.accessMainPhase(TestCaseExecutor.java:410)
	at com.kms.katalon.core.main.TestCaseExecutor.execute(TestCaseExecutor.java:285)
	at com.kms.katalon.core.common.CommonExecutor.accessTestCaseMainPhase(CommonExecutor.java:65)
	at com.kms.katalon.core.main.TestSuiteExecutor.accessTestSuiteMainPhase(TestSuiteExecutor.java:161)
	at com.kms.katalon.core.main.TestSuiteExecutor.execute(TestSuiteExecutor.java:107)
	at com.kms.katalon.core.main.TestCaseMain.startTestSuite(TestCaseMain.java:176)
	at TempTestSuite1735805561810.run(TempTestSuite1735805561810.groovy:35)
	at java.base/jdk.internal.reflect.NativeMethodAccessorImpl.invoke0(Native Method)
	at java.base/jdk.internal.reflect.NativeMethodAccessorImpl.invoke(NativeMethodAccessorImpl.java:77)
	at java.base/jdk.internal.reflect.DelegatingMethodAccessorImpl.invoke(DelegatingMethodAccessorImpl.java:43)
Caused by: com.kms.katalon.core.exception.StepFailedException: Object 'Object Repository/Master Data/Admin Sekolah/Akun Bank/Edit Akun Bank/Toast Notification Data Berhasil Diubah' is NOT visible
	at com.kms.katalon.core.webui.keyword.internal.WebUIKeywordMain.stepFailed(WebUIKeywordMain.groovy:117)
	at com.kms.katalon.core.webui.keyword.builtin.VerifyElementVisibleKeyword$_verifyElementVisible_closure1.doCall(VerifyElementVisibleKeyword.groovy:83)
	at com.kms.katalon.core.webui.keyword.builtin.VerifyElementVisibleKeyword$_verifyElementVisible_closure1.call(VerifyElementVisibleKeyword.groovy)
	at com.kms.katalon.core.webui.keyword.internal.WebUIKeywordMain.runKeyword(WebUIKeywordMain.groovy:35)
	... 39 more
)

02-01-2025T15:15:04 - [MESSAGE][INFO] - Unable to find the element located by 'By.xpath: (//div[@id='success-edit-data-bank-account'])[2]'. Please recheck the objects properties to make sure the desired element is located. 

02-01-2025T15:15:04 - [MESSAGE][WARNING] - [SELF-HEALING] Failed to find element with id 'Object Repository/Master Data/Admin Sekolah/Akun Bank/Edit Akun Bank/Toast Notification Data Berhasil Diubah'. Try using Self-healing.

02-01-2025T15:15:05 - [MESSAGE][WARNING] - [SELF-HEALING] The current locator of test object 'Object Repository/Master Data/Admin Sekolah/Akun Bank/Edit Akun Bank/Toast Notification Data Berhasil Diubah' was broken. Propose an alternative one: '(.//*[normalize-space(text()) and normalize-space(.)='of'])[2]/following::div[14]'.

02-01-2025T15:15:05 - [MESSAGE][FAILED] - Object 'Object Repository/Master Data/Admin Sekolah/Akun Bank/Edit Akun Bank/Toast Notification Data Berhasil Diubah' is NOT visible (Root cause: com.kms.katalon.core.exception.StepFailedException: Object 'Object Repository/Master Data/Admin Sekolah/Akun Bank/Edit Akun Bank/Toast Notification Data Berhasil Diubah' is NOT visible
	at com.kms.katalon.core.webui.keyword.internal.WebUIKeywordMain.stepFailed(WebUIKeywordMain.groovy:117)
	at com.kms.katalon.core.webui.keyword.builtin.VerifyElementVisibleKeyword$_verifyElementVisible_closure1.doCall(VerifyElementVisibleKeyword.groovy:83)
	at com.kms.katalon.core.webui.keyword.builtin.VerifyElementVisibleKeyword$_verifyElementVisible_closure1.call(VerifyElementVisibleKeyword.groovy)
	at com.kms.katalon.core.webui.keyword.internal.WebUIKeywordMain.runKeyword(WebUIKeywordMain.groovy:35)
	at com.kms.katalon.core.webui.keyword.builtin.VerifyElementVisibleKeyword.verifyElementVisible(VerifyElementVisibleKeyword.groovy:97)
	at com.kms.katalon.core.webui.keyword.builtin.VerifyElementVisibleKeyword.execute(VerifyElementVisibleKeyword.groovy:67)
	at com.kms.katalon.core.keyword.internal.KeywordExecutor.executeKeywordForPlatform(KeywordExecutor.groovy:74)
	at com.kms.katalon.core.webui.keyword.WebUiBuiltInKeywords.verifyElementVisible(WebUiBuiltInKeywords.groovy:438)
	at Edit Akun Bank.run(Edit Akun Bank:90)
	at com.kms.katalon.core.main.ScriptEngine.run(ScriptEngine.java:194)
	at com.kms.katalon.core.main.ScriptEngine.runScriptAsRawText(ScriptEngine.java:119)
	at com.kms.katalon.core.main.TestCaseExecutor.runScript(TestCaseExecutor.java:448)
	at com.kms.katalon.core.main.TestCaseExecutor.doExecute(TestCaseExecutor.java:439)
	at com.kms.katalon.core.main.TestCaseExecutor.processExecutionPhase(TestCaseExecutor.java:418)
	at com.kms.katalon.core.main.TestCaseExecutor.accessMainPhase(TestCaseExecutor.java:410)
	at com.kms.katalon.core.main.TestCaseExecutor.execute(TestCaseExecutor.java:285)
	at com.kms.katalon.core.main.TestCaseMain.runTestCase(TestCaseMain.java:133)
	at com.kms.katalon.core.keyword.builtin.CallTestCaseKeyword$_callTestCase_closure1.doCall(CallTestCaseKeyword.groovy:59)
	at com.kms.katalon.core.keyword.builtin.CallTestCaseKeyword$_callTestCase_closure1.call(CallTestCaseKeyword.groovy)
	at com.kms.katalon.core.keyword.internal.KeywordMain.runKeyword(KeywordMain.groovy:75)
	at com.kms.katalon.core.keyword.builtin.CallTestCaseKeyword.callTestCase(CallTestCaseKeyword.groovy:81)
	at com.kms.katalon.core.keyword.builtin.CallTestCaseKeyword.execute(CallTestCaseKeyword.groovy:44)
	at com.kms.katalon.core.keyword.internal.KeywordExecutor.executeKeywordForPlatform(KeywordExecutor.groovy:74)
	at com.kms.katalon.core.keyword.BuiltinKeywords.callTestCase(BuiltinKeywords.groovy:310)
	at java.base/jdk.internal.reflect.NativeMethodAccessorImpl.invoke0(Native Method)
	at java.base/jdk.internal.reflect.NativeMethodAccessorImpl.invoke(NativeMethodAccessorImpl.java:77)
	at java.base/jdk.internal.reflect.DelegatingMethodAccessorImpl.invoke(DelegatingMethodAccessorImpl.java:43)
	at Regresi Akun Bank.run(Regresi Akun Bank:26)
	at com.kms.katalon.core.main.ScriptEngine.run(ScriptEngine.java:194)
	at com.kms.katalon.core.main.ScriptEngine.runScriptAsRawText(ScriptEngine.java:119)
	at com.kms.katalon.core.main.TestCaseExecutor.runScript(TestCaseExecutor.java:448)
	at com.kms.katalon.core.main.TestCaseExecutor.doExecute(TestCaseExecutor.java:439)
	at com.kms.katalon.core.main.TestCaseExecutor.processExecutionPhase(TestCaseExecutor.java:418)
	at com.kms.katalon.core.main.TestCaseExecutor.accessMainPhase(TestCaseExecutor.java:410)
	at com.kms.katalon.core.main.TestCaseExecutor.execute(TestCaseExecutor.java:285)
	at com.kms.katalon.core.common.CommonExecutor.accessTestCaseMainPhase(CommonExecutor.java:65)
	at com.kms.katalon.core.main.TestSuiteExecutor.accessTestSuiteMainPhase(TestSuiteExecutor.java:161)
	at com.kms.katalon.core.main.TestSuiteExecutor.execute(TestSuiteExecutor.java:107)
	at com.kms.katalon.core.main.TestCaseMain.startTestSuite(TestCaseMain.java:176)
	at TempTestSuite1735805561810.run(TempTestSuite1735805561810.groovy:35)
	at java.base/jdk.internal.reflect.NativeMethodAccessorImpl.invoke0(Native Method)
	at java.base/jdk.internal.reflect.NativeMethodAccessorImpl.invoke(NativeMethodAccessorImpl.java:77)
	at java.base/jdk.internal.reflect.DelegatingMethodAccessorImpl.invoke(DelegatingMethodAccessorImpl.java:43)
)
[[ATTACHMENT|C:\\Users\\henri\\Videos\\school-payment-automation-testing\\Reports\\20250102_151240\\SPRINT 1\\20250102_151241\\1735805705025.png]]

02-01-2025T15:15:05 - [MESSAGE][FAILED] - Unable to verify object 'Object Repository/Master Data/Admin Sekolah/Akun Bank/Edit Akun Bank/Toast Notification Data Berhasil Diubah' is visible (Root cause: com.kms.katalon.core.exception.StepFailedException: Unable to verify object 'Object Repository/Master Data/Admin Sekolah/Akun Bank/Edit Akun Bank/Toast Notification Data Berhasil Diubah' is visible
	at com.kms.katalon.core.webui.keyword.internal.WebUIKeywordMain.stepFailed(WebUIKeywordMain.groovy:117)
	at com.kms.katalon.core.webui.keyword.internal.WebUIKeywordMain.runKeyword(WebUIKeywordMain.groovy:43)
	at com.kms.katalon.core.webui.keyword.builtin.VerifyElementVisibleKeyword.verifyElementVisible(VerifyElementVisibleKeyword.groovy:97)
	at com.kms.katalon.core.webui.keyword.builtin.VerifyElementVisibleKeyword.execute(VerifyElementVisibleKeyword.groovy:67)
	at com.kms.katalon.core.keyword.internal.KeywordExecutor.executeKeywordForPlatform(KeywordExecutor.groovy:74)
	at com.kms.katalon.core.webui.keyword.WebUiBuiltInKeywords.verifyElementVisible(WebUiBuiltInKeywords.groovy:438)
	at Edit Akun Bank.run(Edit Akun Bank:90)
	at com.kms.katalon.core.main.ScriptEngine.run(ScriptEngine.java:194)
	at com.kms.katalon.core.main.ScriptEngine.runScriptAsRawText(ScriptEngine.java:119)
	at com.kms.katalon.core.main.TestCaseExecutor.runScript(TestCaseExecutor.java:448)
	at com.kms.katalon.core.main.TestCaseExecutor.doExecute(TestCaseExecutor.java:439)
	at com.kms.katalon.core.main.TestCaseExecutor.processExecutionPhase(TestCaseExecutor.java:418)
	at com.kms.katalon.core.main.TestCaseExecutor.accessMainPhase(TestCaseExecutor.java:410)
	at com.kms.katalon.core.main.TestCaseExecutor.execute(TestCaseExecutor.java:285)
	at com.kms.katalon.core.main.TestCaseMain.runTestCase(TestCaseMain.java:133)
	at com.kms.katalon.core.keyword.builtin.CallTestCaseKeyword$_callTestCase_closure1.doCall(CallTestCaseKeyword.groovy:59)
	at com.kms.katalon.core.keyword.builtin.CallTestCaseKeyword$_callTestCase_closure1.call(CallTestCaseKeyword.groovy)
	at com.kms.katalon.core.keyword.internal.KeywordMain.runKeyword(KeywordMain.groovy:75)
	at com.kms.katalon.core.keyword.builtin.CallTestCaseKeyword.callTestCase(CallTestCaseKeyword.groovy:81)
	at com.kms.katalon.core.keyword.builtin.CallTestCaseKeyword.execute(CallTestCaseKeyword.groovy:44)
	at com.kms.katalon.core.keyword.internal.KeywordExecutor.executeKeywordForPlatform(KeywordExecutor.groovy:74)
	at com.kms.katalon.core.keyword.BuiltinKeywords.callTestCase(BuiltinKeywords.groovy:310)
	at java.base/jdk.internal.reflect.NativeMethodAccessorImpl.invoke0(Native Method)
	at java.base/jdk.internal.reflect.NativeMethodAccessorImpl.invoke(NativeMethodAccessorImpl.java:77)
	at java.base/jdk.internal.reflect.DelegatingMethodAccessorImpl.invoke(DelegatingMethodAccessorImpl.java:43)
	at Regresi Akun Bank.run(Regresi Akun Bank:26)
	at com.kms.katalon.core.main.ScriptEngine.run(ScriptEngine.java:194)
	at com.kms.katalon.core.main.ScriptEngine.runScriptAsRawText(ScriptEngine.java:119)
	at com.kms.katalon.core.main.TestCaseExecutor.runScript(TestCaseExecutor.java:448)
	at com.kms.katalon.core.main.TestCaseExecutor.doExecute(TestCaseExecutor.java:439)
	at com.kms.katalon.core.main.TestCaseExecutor.processExecutionPhase(TestCaseExecutor.java:418)
	at com.kms.katalon.core.main.TestCaseExecutor.accessMainPhase(TestCaseExecutor.java:410)
	at com.kms.katalon.core.main.TestCaseExecutor.execute(TestCaseExecutor.java:285)
	at com.kms.katalon.core.common.CommonExecutor.accessTestCaseMainPhase(CommonExecutor.java:65)
	at com.kms.katalon.core.main.TestSuiteExecutor.accessTestSuiteMainPhase(TestSuiteExecutor.java:161)
	at com.kms.katalon.core.main.TestSuiteExecutor.execute(TestSuiteExecutor.java:107)
	at com.kms.katalon.core.main.TestCaseMain.startTestSuite(TestCaseMain.java:176)
	at TempTestSuite1735805561810.run(TempTestSuite1735805561810.groovy:35)
	at java.base/jdk.internal.reflect.NativeMethodAccessorImpl.invoke0(Native Method)
	at java.base/jdk.internal.reflect.NativeMethodAccessorImpl.invoke(NativeMethodAccessorImpl.java:77)
	at java.base/jdk.internal.reflect.DelegatingMethodAccessorImpl.invoke(DelegatingMethodAccessorImpl.java:43)
Caused by: com.kms.katalon.core.exception.StepFailedException: Object 'Object Repository/Master Data/Admin Sekolah/Akun Bank/Edit Akun Bank/Toast Notification Data Berhasil Diubah' is NOT visible
	at com.kms.katalon.core.webui.keyword.internal.WebUIKeywordMain.stepFailed(WebUIKeywordMain.groovy:117)
	at com.kms.katalon.core.webui.keyword.builtin.VerifyElementVisibleKeyword$_verifyElementVisible_closure1.doCall(VerifyElementVisibleKeyword.groovy:83)
	at com.kms.katalon.core.webui.keyword.builtin.VerifyElementVisibleKeyword$_verifyElementVisible_closure1.call(VerifyElementVisibleKeyword.groovy)
	at com.kms.katalon.core.webui.keyword.internal.WebUIKeywordMain.runKeyword(WebUIKeywordMain.groovy:35)
	... 39 more
)
[[ATTACHMENT|C:\\Users\\henri\\Videos\\school-payment-automation-testing\\Reports\\20250102_151240\\SPRINT 1\\20250102_151241\\1735805705143.png]]

02-01-2025T15:15:05 - [MESSAGE][INFO] - 

02-01-2025T15:15:05 - [MESSAGE][INFO] - ===================== Self-healing Report ====================

02-01-2025T15:15:05 - [MESSAGE][INFO] - One of the failed test object locators has been recovered by Self-healing. Please refer to the Self-healing Insights tab for more details.

02-01-2025T15:15:05 - [MESSAGE][INFO] - To learn more about Self-healing, please read https://docs.katalon.com/katalon-studio/docs/self-healing.html

02-01-2025T15:15:05 - [MESSAGE][INFO] - ==============================================================

02-01-2025T15:15:05 - [MESSAGE][FAILED] - Unable to call Test Case 'Test Cases/Master Data/Admin Sekolah/Master Data Akun Bank/Edit Akun Bank' (Root cause: com.kms.katalon.core.exception.StepFailedException: Call Test Case 'Test Cases/Master Data/Admin Sekolah/Master Data Akun Bank/Edit Akun Bank' failed
	at com.kms.katalon.core.keyword.builtin.CallTestCaseKeyword$_callTestCase_closure1.doCall(CallTestCaseKeyword.groovy:63)
	at com.kms.katalon.core.keyword.builtin.CallTestCaseKeyword$_callTestCase_closure1.call(CallTestCaseKeyword.groovy)
	at com.kms.katalon.core.keyword.internal.KeywordMain.runKeyword(KeywordMain.groovy:75)
	at com.kms.katalon.core.keyword.builtin.CallTestCaseKeyword.callTestCase(CallTestCaseKeyword.groovy:81)
	at com.kms.katalon.core.keyword.builtin.CallTestCaseKeyword.execute(CallTestCaseKeyword.groovy:44)
	at com.kms.katalon.core.keyword.internal.KeywordExecutor.executeKeywordForPlatform(KeywordExecutor.groovy:74)
	at com.kms.katalon.core.keyword.BuiltinKeywords.callTestCase(BuiltinKeywords.groovy:310)
	at java.base/jdk.internal.reflect.NativeMethodAccessorImpl.invoke0(Native Method)
	at java.base/jdk.internal.reflect.NativeMethodAccessorImpl.invoke(NativeMethodAccessorImpl.java:77)
	at java.base/jdk.internal.reflect.DelegatingMethodAccessorImpl.invoke(DelegatingMethodAccessorImpl.java:43)
	at Regresi Akun Bank.run(Regresi Akun Bank:26)
	at com.kms.katalon.core.main.ScriptEngine.run(ScriptEngine.java:194)
	at com.kms.katalon.core.main.ScriptEngine.runScriptAsRawText(ScriptEngine.java:119)
	at com.kms.katalon.core.main.TestCaseExecutor.runScript(TestCaseExecutor.java:448)
	at com.kms.katalon.core.main.TestCaseExecutor.doExecute(TestCaseExecutor.java:439)
	at com.kms.katalon.core.main.TestCaseExecutor.processExecutionPhase(TestCaseExecutor.java:418)
	at com.kms.katalon.core.main.TestCaseExecutor.accessMainPhase(TestCaseExecutor.java:410)
	at com.kms.katalon.core.main.TestCaseExecutor.execute(TestCaseExecutor.java:285)
	at com.kms.katalon.core.common.CommonExecutor.accessTestCaseMainPhase(CommonExecutor.java:65)
	at com.kms.katalon.core.main.TestSuiteExecutor.accessTestSuiteMainPhase(TestSuiteExecutor.java:161)
	at com.kms.katalon.core.main.TestSuiteExecutor.execute(TestSuiteExecutor.java:107)
	at com.kms.katalon.core.main.TestCaseMain.startTestSuite(TestCaseMain.java:176)
	at TempTestSuite1735805561810.run(TempTestSuite1735805561810.groovy:35)
	at java.base/jdk.internal.reflect.NativeMethodAccessorImpl.invoke0(Native Method)
	at java.base/jdk.internal.reflect.NativeMethodAccessorImpl.invoke(NativeMethodAccessorImpl.java:77)
	at java.base/jdk.internal.reflect.DelegatingMethodAccessorImpl.invoke(DelegatingMethodAccessorImpl.java:43)
Caused by: com.kms.katalon.core.exception.StepFailedException: Unable to verify object 'Object Repository/Master Data/Admin Sekolah/Akun Bank/Edit Akun Bank/Toast Notification Data Berhasil Diubah' is visible
	at com.kms.katalon.core.webui.keyword.internal.WebUIKeywordMain.stepFailed(WebUIKeywordMain.groovy:117)
	at com.kms.katalon.core.webui.keyword.internal.WebUIKeywordMain.runKeyword(WebUIKeywordMain.groovy:43)
	at com.kms.katalon.core.webui.keyword.builtin.VerifyElementVisibleKeyword.verifyElementVisible(VerifyElementVisibleKeyword.groovy:97)
	at com.kms.katalon.core.webui.keyword.builtin.VerifyElementVisibleKeyword.execute(VerifyElementVisibleKeyword.groovy:67)
	at com.kms.katalon.core.keyword.internal.KeywordExecutor.executeKeywordForPlatform(KeywordExecutor.groovy:74)
	at com.kms.katalon.core.webui.keyword.WebUiBuiltInKeywords.verifyElementVisible(WebUiBuiltInKeywords.groovy:438)
	at Edit Akun Bank.run(Edit Akun Bank:90)
	at com.kms.katalon.core.main.ScriptEngine.run(ScriptEngine.java:194)
	at com.kms.katalon.core.main.ScriptEngine.runScriptAsRawText(ScriptEngine.java:119)
	at com.kms.katalon.core.main.TestCaseExecutor.runScript(TestCaseExecutor.java:448)
	at com.kms.katalon.core.main.TestCaseExecutor.doExecute(TestCaseExecutor.java:439)
	at com.kms.katalon.core.main.TestCaseExecutor.processExecutionPhase(TestCaseExecutor.java:418)
	at com.kms.katalon.core.main.TestCaseExecutor.accessMainPhase(TestCaseExecutor.java:410)
	at com.kms.katalon.core.main.TestCaseExecutor.execute(TestCaseExecutor.java:285)
	at com.kms.katalon.core.main.TestCaseMain.runTestCase(TestCaseMain.java:133)
	at com.kms.katalon.core.keyword.builtin.CallTestCaseKeyword$_callTestCase_closure1.doCall(CallTestCaseKeyword.groovy:59)
	... 25 more
Caused by: com.kms.katalon.core.exception.StepFailedException: Object 'Object Repository/Master Data/Admin Sekolah/Akun Bank/Edit Akun Bank/Toast Notification Data Berhasil Diubah' is NOT visible
	at com.kms.katalon.core.webui.keyword.internal.WebUIKeywordMain.stepFailed(WebUIKeywordMain.groovy:117)
	at com.kms.katalon.core.webui.keyword.builtin.VerifyElementVisibleKeyword$_verifyElementVisible_closure1.doCall(VerifyElementVisibleKeyword.groovy:83)
	at com.kms.katalon.core.webui.keyword.builtin.VerifyElementVisibleKeyword$_verifyElementVisible_closure1.call(VerifyElementVisibleKeyword.groovy)
	at com.kms.katalon.core.webui.keyword.internal.WebUIKeywordMain.runKeyword(WebUIKeywordMain.groovy:35)
	... 39 more
)

02-01-2025T15:15:05 - [TEST_STEP][PASSED] - println("============================= Loop Again ==============================="): null

02-01-2025T15:15:05 - [TEST_STEP][PASSED] - callTestCase(findTestCase("Master Data/Admin Sekolah/Master Data Akun Bank/Tambah Akun Bank"), [:], CONTINUE_ON_FAILURE): Call Test Case 'Test Cases/Master Data/Admin Sekolah/Master Data Akun Bank/Tambah Akun Bank' successfully

02-01-2025T15:15:05 - [TEST_CASE][PASSED] - Test Cases/Master Data/Admin Sekolah/Master Data Akun Bank/Tambah Akun Bank: Test Cases/Master Data/Admin Sekolah/Master Data Akun Bank/Tambah Akun Bank

02-01-2025T15:15:05 - [TEST_STEP][PASSED] - openBrowser("", CONTINUE_ON_FAILURE): Browser is opened with url: ''

02-01-2025T15:15:05 - [MESSAGE][WARNING] - A browser is already opened. Closing browser and opening a new one

02-01-2025T15:15:05 - [MESSAGE][INFO] - Starting 'Chrome' driver

02-01-2025T15:15:05 - [MESSAGE][INFO] - Action delay is set to 0 milliseconds

02-01-2025T15:15:06 - [MESSAGE][PASSED] - Browser is opened with url: ''

02-01-2025T15:15:06 - [TEST_STEP][PASSED] - maximizeWindow(): Current window maximized

02-01-2025T15:15:06 - [MESSAGE][PASSED] - Current window maximized

02-01-2025T15:15:06 - [TEST_STEP][PASSED] - navigateToUrl("https://school-payment.digiform.co.id/login", CONTINUE_ON_FAILURE): Navigate to 'https://school-payment.digiform.co.id/login' successfully

02-01-2025T15:15:06 - [MESSAGE][PASSED] - Navigate to 'https://school-payment.digiform.co.id/login' successfully

02-01-2025T15:15:06 - [TEST_STEP][PASSED] - click(findTestObject("Master Data/Admin Sekolah/Login/Field Email"), CONTINUE_ON_FAILURE): Object: 'Object Repository/Master Data/Admin Sekolah/Login/Field Email' is clicked on

02-01-2025T15:15:08 - [MESSAGE][PASSED] - Object: 'Object Repository/Master Data/Admin Sekolah/Login/Field Email' is clicked on

02-01-2025T15:15:08 - [TEST_STEP][PASSED] - setText(findTestObject("Master Data/Admin Sekolah/Login/Field Email"), "admin.gudangsolusi@digiform.co.id", CONTINUE_ON_FAILURE): Text 'admin.gudangsolusi@digiform.co.id' is set on object 'Object Repository/Master Data/Admin Sekolah/Login/Field Email'

02-01-2025T15:15:08 - [MESSAGE][PASSED] - Text 'admin.gudangsolusi@digiform.co.id' is set on object 'Object Repository/Master Data/Admin Sekolah/Login/Field Email'

02-01-2025T15:15:08 - [TEST_STEP][PASSED] - click(findTestObject("Master Data/Admin Sekolah/Login/Input Password"), CONTINUE_ON_FAILURE): Object: 'Object Repository/Master Data/Admin Sekolah/Login/Input Password' is clicked on

02-01-2025T15:15:09 - [MESSAGE][PASSED] - Object: 'Object Repository/Master Data/Admin Sekolah/Login/Input Password' is clicked on

02-01-2025T15:15:09 - [TEST_STEP][PASSED] - setText(findTestObject("Master Data/Admin Sekolah/Login/Input Password"), "Test1234", CONTINUE_ON_FAILURE): Text 'Test1234' is set on object 'Object Repository/Master Data/Admin Sekolah/Login/Input Password'

02-01-2025T15:15:09 - [MESSAGE][PASSED] - Text 'Test1234' is set on object 'Object Repository/Master Data/Admin Sekolah/Login/Input Password'

02-01-2025T15:15:09 - [TEST_STEP][PASSED] - click(findTestObject("Master Data/Admin Sekolah/Login/Button Submit"), CONTINUE_ON_FAILURE): Object: 'Object Repository/Master Data/Admin Sekolah/Login/Button Submit' is clicked on

02-01-2025T15:15:09 - [MESSAGE][PASSED] - Object: 'Object Repository/Master Data/Admin Sekolah/Login/Button Submit' is clicked on

02-01-2025T15:15:09 - [TEST_STEP][PASSED] - click(findTestObject("Master Data/Admin Sekolah/Tagihan/Master Data Menu"), CONTINUE_ON_FAILURE): Object: 'Object Repository/Master Data/Admin Sekolah/Tagihan/Master Data Menu' is clicked on

02-01-2025T15:15:11 - [MESSAGE][PASSED] - Object: 'Object Repository/Master Data/Admin Sekolah/Tagihan/Master Data Menu' is clicked on

02-01-2025T15:15:11 - [TEST_STEP][PASSED] - click(findTestObject("Master Data/Admin Sekolah/Akun Bank/Menu Akun Bank"), CONTINUE_ON_FAILURE): Object: 'Object Repository/Master Data/Admin Sekolah/Akun Bank/Menu Akun Bank' is clicked on

02-01-2025T15:15:12 - [MESSAGE][PASSED] - Object: 'Object Repository/Master Data/Admin Sekolah/Akun Bank/Menu Akun Bank' is clicked on

02-01-2025T15:15:12 - [TEST_STEP][PASSED] - click(findTestObject("Master Data/Admin Sekolah/Akun Bank/Button Tambah Akun Bank"), CONTINUE_ON_FAILURE): Object: 'Object Repository/Master Data/Admin Sekolah/Akun Bank/Button Tambah Akun Bank' is clicked on

02-01-2025T15:15:12 - [MESSAGE][PASSED] - Object: 'Object Repository/Master Data/Admin Sekolah/Akun Bank/Button Tambah Akun Bank' is clicked on

02-01-2025T15:15:12 - [TEST_STEP][PASSED] - click(findTestObject("Master Data/Admin Sekolah/Akun Bank/Tambah Akun Bank/Dropdown Pilih Nama Bank"), CONTINUE_ON_FAILURE): Object: 'Object Repository/Master Data/Admin Sekolah/Akun Bank/Tambah Akun Bank/Dropdown Pilih Nama Bank' is clicked on

02-01-2025T15:15:13 - [MESSAGE][PASSED] - Object: 'Object Repository/Master Data/Admin Sekolah/Akun Bank/Tambah Akun Bank/Dropdown Pilih Nama Bank' is clicked on

02-01-2025T15:15:13 - [TEST_STEP][PASSED] - click(findTestObject("Master Data/Admin Sekolah/Akun Bank/Tambah Akun Bank/Pilih Dropdown Nama Bank"), CONTINUE_ON_FAILURE): Object: 'Object Repository/Master Data/Admin Sekolah/Akun Bank/Tambah Akun Bank/Pilih Dropdown Nama Bank' is clicked on

02-01-2025T15:15:13 - [MESSAGE][PASSED] - Object: 'Object Repository/Master Data/Admin Sekolah/Akun Bank/Tambah Akun Bank/Pilih Dropdown Nama Bank' is clicked on

02-01-2025T15:15:13 - [TEST_STEP][PASSED] - randomName = generateRandomName(): null

02-01-2025T15:15:13 - [TEST_STEP][PASSED] - firstNames = ["John", "Jane", "Michael", "Sarah", "David", "Emily", "Rafael", "Sophia"]: null

02-01-2025T15:15:13 - [TEST_STEP][PASSED] - lastNames = ["Doe", "Smith", "Johnson", "Williams", "Brown", "Davis", "Taylor", "Wilson"]: null

02-01-2025T15:15:13 - [TEST_STEP][PASSED] - random = new java.util.Random(): null

02-01-2025T15:15:13 - [TEST_STEP][PASSED] - firstName = firstNames[random.nextInt(firstNames.size())]: null

02-01-2025T15:15:13 - [TEST_STEP][PASSED] - lastName = lastNames[random.nextInt(lastNames.size())]: null

02-01-2025T15:15:13 - [TEST_STEP][PASSED] - return ((firstName +  ) + lastName): null

02-01-2025T15:15:13 - [TEST_STEP][PASSED] - println("Generated random name: " + randomName): null

02-01-2025T15:15:13 - [TEST_STEP][PASSED] - setText(findTestObject("Master Data/Admin Sekolah/Akun Bank/Tambah Akun Bank/Set Text Nama Rekening"), randomName, CONTINUE_ON_FAILURE): Text 'Jane Johnson' is set on object 'Object Repository/Master Data/Admin Sekolah/Akun Bank/Tambah Akun Bank/Set Text Nama Rekening'

02-01-2025T15:15:14 - [MESSAGE][PASSED] - Text 'Jane Johnson' is set on object 'Object Repository/Master Data/Admin Sekolah/Akun Bank/Tambah Akun Bank/Set Text Nama Rekening'

02-01-2025T15:15:14 - [TEST_STEP][PASSED] - nomorRekeningList = []: null

02-01-2025T15:15:14 - [TEST_STEP][PASSED] - for ([i = 0, i < 5, (i++)]): null

02-01-2025T15:15:14 - [TEST_STEP][PASSED] - nomorRekeningList.add(generateRandomAccountNumber(10)): null

02-01-2025T15:15:14 - [TEST_STEP][PASSED] - random = new java.util.Random(): null

02-01-2025T15:15:14 - [TEST_STEP][PASSED] - accountNumber = new java.lang.StringBuilder(): null

02-01-2025T15:15:14 - [TEST_STEP][PASSED] - for ([i = 0, i < length, (i++)]): null

02-01-2025T15:15:14 - [TEST_STEP][PASSED] - accountNumber.append(random.nextInt(10)): null

02-01-2025T15:15:14 - [TEST_STEP][PASSED] - accountNumber.append(random.nextInt(10)): null

02-01-2025T15:15:14 - [TEST_STEP][PASSED] - accountNumber.append(random.nextInt(10)): null

02-01-2025T15:15:14 - [TEST_STEP][PASSED] - accountNumber.append(random.nextInt(10)): null

02-01-2025T15:15:14 - [TEST_STEP][PASSED] - accountNumber.append(random.nextInt(10)): null

02-01-2025T15:15:14 - [TEST_STEP][PASSED] - accountNumber.append(random.nextInt(10)): null

02-01-2025T15:15:14 - [TEST_STEP][PASSED] - accountNumber.append(random.nextInt(10)): null

02-01-2025T15:15:14 - [TEST_STEP][PASSED] - accountNumber.append(random.nextInt(10)): null

02-01-2025T15:15:14 - [TEST_STEP][PASSED] - accountNumber.append(random.nextInt(10)): null

02-01-2025T15:15:14 - [TEST_STEP][PASSED] - accountNumber.append(random.nextInt(10)): null

02-01-2025T15:15:14 - [TEST_STEP][PASSED] - return accountNumber.toString(): null

02-01-2025T15:15:14 - [TEST_STEP][PASSED] - nomorRekeningList.add(generateRandomAccountNumber(10)): null

02-01-2025T15:15:14 - [TEST_STEP][PASSED] - random = new java.util.Random(): null

02-01-2025T15:15:14 - [TEST_STEP][PASSED] - accountNumber = new java.lang.StringBuilder(): null

02-01-2025T15:15:14 - [TEST_STEP][PASSED] - for ([i = 0, i < length, (i++)]): null

02-01-2025T15:15:14 - [TEST_STEP][PASSED] - accountNumber.append(random.nextInt(10)): null

02-01-2025T15:15:14 - [TEST_STEP][PASSED] - accountNumber.append(random.nextInt(10)): null

02-01-2025T15:15:14 - [TEST_STEP][PASSED] - accountNumber.append(random.nextInt(10)): null

02-01-2025T15:15:14 - [TEST_STEP][PASSED] - accountNumber.append(random.nextInt(10)): null

02-01-2025T15:15:14 - [TEST_STEP][PASSED] - accountNumber.append(random.nextInt(10)): null

02-01-2025T15:15:14 - [TEST_STEP][PASSED] - accountNumber.append(random.nextInt(10)): null

02-01-2025T15:15:14 - [TEST_STEP][PASSED] - accountNumber.append(random.nextInt(10)): null

02-01-2025T15:15:14 - [TEST_STEP][PASSED] - accountNumber.append(random.nextInt(10)): null

02-01-2025T15:15:14 - [TEST_STEP][PASSED] - accountNumber.append(random.nextInt(10)): null

02-01-2025T15:15:14 - [TEST_STEP][PASSED] - accountNumber.append(random.nextInt(10)): null

02-01-2025T15:15:14 - [TEST_STEP][PASSED] - return accountNumber.toString(): null

02-01-2025T15:15:14 - [TEST_STEP][PASSED] - nomorRekeningList.add(generateRandomAccountNumber(10)): null

02-01-2025T15:15:14 - [TEST_STEP][PASSED] - random = new java.util.Random(): null

02-01-2025T15:15:14 - [TEST_STEP][PASSED] - accountNumber = new java.lang.StringBuilder(): null

02-01-2025T15:15:14 - [TEST_STEP][PASSED] - for ([i = 0, i < length, (i++)]): null

02-01-2025T15:15:14 - [TEST_STEP][PASSED] - accountNumber.append(random.nextInt(10)): null

02-01-2025T15:15:14 - [TEST_STEP][PASSED] - accountNumber.append(random.nextInt(10)): null

02-01-2025T15:15:14 - [TEST_STEP][PASSED] - accountNumber.append(random.nextInt(10)): null

02-01-2025T15:15:14 - [TEST_STEP][PASSED] - accountNumber.append(random.nextInt(10)): null

02-01-2025T15:15:14 - [TEST_STEP][PASSED] - accountNumber.append(random.nextInt(10)): null

02-01-2025T15:15:14 - [TEST_STEP][PASSED] - accountNumber.append(random.nextInt(10)): null

02-01-2025T15:15:14 - [TEST_STEP][PASSED] - accountNumber.append(random.nextInt(10)): null

02-01-2025T15:15:14 - [TEST_STEP][PASSED] - accountNumber.append(random.nextInt(10)): null

02-01-2025T15:15:14 - [TEST_STEP][PASSED] - accountNumber.append(random.nextInt(10)): null

02-01-2025T15:15:14 - [TEST_STEP][PASSED] - accountNumber.append(random.nextInt(10)): null

02-01-2025T15:15:14 - [TEST_STEP][PASSED] - return accountNumber.toString(): null

02-01-2025T15:15:14 - [TEST_STEP][PASSED] - nomorRekeningList.add(generateRandomAccountNumber(10)): null

02-01-2025T15:15:14 - [TEST_STEP][PASSED] - random = new java.util.Random(): null

02-01-2025T15:15:14 - [TEST_STEP][PASSED] - accountNumber = new java.lang.StringBuilder(): null

02-01-2025T15:15:14 - [TEST_STEP][PASSED] - for ([i = 0, i < length, (i++)]): null

02-01-2025T15:15:14 - [TEST_STEP][PASSED] - accountNumber.append(random.nextInt(10)): null

02-01-2025T15:15:14 - [TEST_STEP][PASSED] - accountNumber.append(random.nextInt(10)): null

02-01-2025T15:15:14 - [TEST_STEP][PASSED] - accountNumber.append(random.nextInt(10)): null

02-01-2025T15:15:14 - [TEST_STEP][PASSED] - accountNumber.append(random.nextInt(10)): null

02-01-2025T15:15:14 - [TEST_STEP][PASSED] - accountNumber.append(random.nextInt(10)): null

02-01-2025T15:15:14 - [TEST_STEP][PASSED] - accountNumber.append(random.nextInt(10)): null

02-01-2025T15:15:14 - [TEST_STEP][PASSED] - accountNumber.append(random.nextInt(10)): null

02-01-2025T15:15:14 - [TEST_STEP][PASSED] - accountNumber.append(random.nextInt(10)): null

02-01-2025T15:15:14 - [TEST_STEP][PASSED] - accountNumber.append(random.nextInt(10)): null

02-01-2025T15:15:14 - [TEST_STEP][PASSED] - accountNumber.append(random.nextInt(10)): null

02-01-2025T15:15:14 - [TEST_STEP][PASSED] - return accountNumber.toString(): null

02-01-2025T15:15:14 - [TEST_STEP][PASSED] - nomorRekeningList.add(generateRandomAccountNumber(10)): null

02-01-2025T15:15:14 - [TEST_STEP][PASSED] - random = new java.util.Random(): null

02-01-2025T15:15:14 - [TEST_STEP][PASSED] - accountNumber = new java.lang.StringBuilder(): null

02-01-2025T15:15:14 - [TEST_STEP][PASSED] - for ([i = 0, i < length, (i++)]): null

02-01-2025T15:15:14 - [TEST_STEP][PASSED] - accountNumber.append(random.nextInt(10)): null

02-01-2025T15:15:14 - [TEST_STEP][PASSED] - accountNumber.append(random.nextInt(10)): null

02-01-2025T15:15:14 - [TEST_STEP][PASSED] - accountNumber.append(random.nextInt(10)): null

02-01-2025T15:15:14 - [TEST_STEP][PASSED] - accountNumber.append(random.nextInt(10)): null

02-01-2025T15:15:14 - [TEST_STEP][PASSED] - accountNumber.append(random.nextInt(10)): null

02-01-2025T15:15:14 - [TEST_STEP][PASSED] - accountNumber.append(random.nextInt(10)): null

02-01-2025T15:15:14 - [TEST_STEP][PASSED] - accountNumber.append(random.nextInt(10)): null

02-01-2025T15:15:14 - [TEST_STEP][PASSED] - accountNumber.append(random.nextInt(10)): null

02-01-2025T15:15:14 - [TEST_STEP][PASSED] - accountNumber.append(random.nextInt(10)): null

02-01-2025T15:15:14 - [TEST_STEP][PASSED] - accountNumber.append(random.nextInt(10)): null

02-01-2025T15:15:14 - [TEST_STEP][PASSED] - return accountNumber.toString(): null

02-01-2025T15:15:14 - [TEST_STEP][PASSED] - isErrorPresent = true: null

02-01-2025T15:15:14 - [TEST_STEP][PASSED] - for (String nomorRekening : nomorRekeningList): null

02-01-2025T15:15:14 - [TEST_STEP][PASSED] - inputNomorRekening(nomorRekening): null

02-01-2025T15:15:14 - [TEST_STEP][PASSED] - fieldNomorRekening = findTestObject("Master Data/Admin Sekolah/Akun Bank/Tambah Akun Bank/Set Text Nomor Rekening"): null

02-01-2025T15:15:14 - [TEST_STEP][PASSED] - clearTextUntilEmpty(fieldNomorRekening): null

02-01-2025T15:15:14 - [TEST_STEP][PASSED] - attempt = 0: null

02-01-2025T15:15:14 - [TEST_STEP][PASSED] - while (attempt < maxAttempts): null

02-01-2025T15:15:14 - [TEST_STEP][PASSED] - clearText(field, CONTINUE_ON_FAILURE): Text of object 'Object Repository/Master Data/Admin Sekolah/Akun Bank/Tambah Akun Bank/Set Text Nomor Rekening' is cleared

02-01-2025T15:15:14 - [MESSAGE][PASSED] - Text of object 'Object Repository/Master Data/Admin Sekolah/Akun Bank/Tambah Akun Bank/Set Text Nomor Rekening' is cleared

02-01-2025T15:15:14 - [TEST_STEP][PASSED] - delay(0.5): Delayed 0.5 second(s)

02-01-2025T15:15:15 - [MESSAGE][PASSED] - Delayed 0.5 second(s)

02-01-2025T15:15:15 - [TEST_STEP][PASSED] - currentText = getAttribute(field, "value", CONTINUE_ON_FAILURE): Attribute 'value' of object 'Object Repository/Master Data/Admin Sekolah/Akun Bank/Tambah Akun Bank/Set Text Nomor Rekening' is: ''

02-01-2025T15:15:15 - [MESSAGE][PASSED] - Attribute 'value' of object 'Object Repository/Master Data/Admin Sekolah/Akun Bank/Tambah Akun Bank/Set Text Nomor Rekening' is: ''

02-01-2025T15:15:15 - [TEST_STEP][PASSED] - if (currentText.isEmpty()): null

02-01-2025T15:15:15 - [TEST_STEP][PASSED] - comment("Field berhasil dikosongkan setelah " + attempt + 1 + " percobaan."): Field berhasil dikosongkan setelah 1 percobaan.

02-01-2025T15:15:15 - [MESSAGE][INFO] - Field berhasil dikosongkan setelah 1 percobaan.

02-01-2025T15:15:15 - [TEST_STEP][PASSED] - break: null

02-01-2025T15:15:15 - [TEST_STEP][PASSED] - setText(fieldNomorRekening, nomorRekening): null

02-01-2025T15:15:16 - [MESSAGE][PASSED] - Text '0789763050' is set on object 'Object Repository/Master Data/Admin Sekolah/Akun Bank/Tambah Akun Bank/Set Text Nomor Rekening'

02-01-2025T15:15:16 - [TEST_STEP][PASSED] - pilihKepemilikanDropdown(): null

02-01-2025T15:15:16 - [TEST_STEP][PASSED] - click(findTestObject("Master Data/Admin Sekolah/Akun Bank/Tambah Akun Bank/Dropdown Kepemilikan"), CONTINUE_ON_FAILURE): Object: 'Object Repository/Master Data/Admin Sekolah/Akun Bank/Tambah Akun Bank/Dropdown Kepemilikan' is clicked on

02-01-2025T15:15:16 - [MESSAGE][PASSED] - Object: 'Object Repository/Master Data/Admin Sekolah/Akun Bank/Tambah Akun Bank/Dropdown Kepemilikan' is clicked on

02-01-2025T15:15:16 - [TEST_STEP][PASSED] - click(findTestObject("Master Data/Admin Sekolah/Akun Bank/Tambah Akun Bank/Pilih Dropdown Kepemilikan"), CONTINUE_ON_FAILURE): null

02-01-2025T15:15:16 - [MESSAGE][PASSED] - Object: 'Object Repository/Master Data/Admin Sekolah/Akun Bank/Tambah Akun Bank/Pilih Dropdown Kepemilikan' is clicked on

02-01-2025T15:15:16 - [TEST_STEP][PASSED] - click(findTestObject("Master Data/Admin Sekolah/Akun Bank/Tambah Akun Bank/Button Submit"), CONTINUE_ON_FAILURE): Object: 'Object Repository/Master Data/Admin Sekolah/Akun Bank/Tambah Akun Bank/Button Submit' is clicked on

02-01-2025T15:15:17 - [MESSAGE][PASSED] - Object: 'Object Repository/Master Data/Admin Sekolah/Akun Bank/Tambah Akun Bank/Button Submit' is clicked on

02-01-2025T15:15:17 - [TEST_STEP][PASSED] - isErrorPresent = verifyTextPresent("Nomor rekening sudah terdaftar", false, OPTIONAL): Text 'Nomor rekening sudah terdaftar' is not present on page  (Root cause: com.kms.katalon.core.exception.StepFailedException: Text 'Nomor rekening sudah terdaftar' is not present on page 
	at com.kms.katalon.core.webui.keyword.internal.WebUIKeywordMain.stepFailed(WebUIKeywordMain.groovy:117)
	at com.kms.katalon.core.webui.keyword.builtin.VerifyTextPresentKeyword$_verifyTextPresent_closure1.doCall(VerifyTextPresentKeyword.groovy:79)
	at com.kms.katalon.core.webui.keyword.builtin.VerifyTextPresentKeyword$_verifyTextPresent_closure1.call(VerifyTextPresentKeyword.groovy)
	at com.kms.katalon.core.webui.keyword.internal.WebUIKeywordMain.runKeyword(WebUIKeywordMain.groovy:35)
	at com.kms.katalon.core.webui.keyword.builtin.VerifyTextPresentKeyword.verifyTextPresent(VerifyTextPresentKeyword.groovy:83)
	at com.kms.katalon.core.webui.keyword.builtin.VerifyTextPresentKeyword.execute(VerifyTextPresentKeyword.groovy:68)
	at com.kms.katalon.core.keyword.internal.KeywordExecutor.executeKeywordForPlatform(KeywordExecutor.groovy:74)
	at com.kms.katalon.core.webui.keyword.WebUiBuiltInKeywords.verifyTextPresent(WebUiBuiltInKeywords.groovy:1783)
	at Tambah Akun Bank.run(Tambah Akun Bank:84)
	at com.kms.katalon.core.main.ScriptEngine.run(ScriptEngine.java:194)
	at com.kms.katalon.core.main.ScriptEngine.runScriptAsRawText(ScriptEngine.java:119)
	at com.kms.katalon.core.main.TestCaseExecutor.runScript(TestCaseExecutor.java:448)
	at com.kms.katalon.core.main.TestCaseExecutor.doExecute(TestCaseExecutor.java:439)
	at com.kms.katalon.core.main.TestCaseExecutor.processExecutionPhase(TestCaseExecutor.java:418)
	at com.kms.katalon.core.main.TestCaseExecutor.accessMainPhase(TestCaseExecutor.java:410)
	at com.kms.katalon.core.main.TestCaseExecutor.execute(TestCaseExecutor.java:285)
	at com.kms.katalon.core.main.TestCaseMain.runTestCase(TestCaseMain.java:133)
	at com.kms.katalon.core.keyword.builtin.CallTestCaseKeyword$_callTestCase_closure1.doCall(CallTestCaseKeyword.groovy:59)
	at com.kms.katalon.core.keyword.builtin.CallTestCaseKeyword$_callTestCase_closure1.call(CallTestCaseKeyword.groovy)
	at com.kms.katalon.core.keyword.internal.KeywordMain.runKeyword(KeywordMain.groovy:75)
	at com.kms.katalon.core.keyword.builtin.CallTestCaseKeyword.callTestCase(CallTestCaseKeyword.groovy:81)
	at com.kms.katalon.core.keyword.builtin.CallTestCaseKeyword.execute(CallTestCaseKeyword.groovy:44)
	at com.kms.katalon.core.keyword.internal.KeywordExecutor.executeKeywordForPlatform(KeywordExecutor.groovy:74)
	at com.kms.katalon.core.keyword.BuiltinKeywords.callTestCase(BuiltinKeywords.groovy:310)
	at java.base/jdk.internal.reflect.NativeMethodAccessorImpl.invoke0(Native Method)
	at java.base/jdk.internal.reflect.NativeMethodAccessorImpl.invoke(NativeMethodAccessorImpl.java:77)
	at java.base/jdk.internal.reflect.DelegatingMethodAccessorImpl.invoke(DelegatingMethodAccessorImpl.java:43)
	at Regresi Akun Bank.run(Regresi Akun Bank:22)
	at com.kms.katalon.core.main.ScriptEngine.run(ScriptEngine.java:194)
	at com.kms.katalon.core.main.ScriptEngine.runScriptAsRawText(ScriptEngine.java:119)
	at com.kms.katalon.core.main.TestCaseExecutor.runScript(TestCaseExecutor.java:448)
	at com.kms.katalon.core.main.TestCaseExecutor.doExecute(TestCaseExecutor.java:439)
	at com.kms.katalon.core.main.TestCaseExecutor.processExecutionPhase(TestCaseExecutor.java:418)
	at com.kms.katalon.core.main.TestCaseExecutor.accessMainPhase(TestCaseExecutor.java:410)
	at com.kms.katalon.core.main.TestCaseExecutor.execute(TestCaseExecutor.java:285)
	at com.kms.katalon.core.common.CommonExecutor.accessTestCaseMainPhase(CommonExecutor.java:65)
	at com.kms.katalon.core.main.TestSuiteExecutor.accessTestSuiteMainPhase(TestSuiteExecutor.java:161)
	at com.kms.katalon.core.main.TestSuiteExecutor.execute(TestSuiteExecutor.java:107)
	at com.kms.katalon.core.main.TestCaseMain.startTestSuite(TestCaseMain.java:176)
	at TempTestSuite1735805561810.run(TempTestSuite1735805561810.groovy:35)
	at java.base/jdk.internal.reflect.NativeMethodAccessorImpl.invoke0(Native Method)
	at java.base/jdk.internal.reflect.NativeMethodAccessorImpl.invoke(NativeMethodAccessorImpl.java:77)
	at java.base/jdk.internal.reflect.DelegatingMethodAccessorImpl.invoke(DelegatingMethodAccessorImpl.java:43)
)

02-01-2025T15:15:17 - [MESSAGE][WARNING] - Text 'Nomor rekening sudah terdaftar' is not present on page  (Root cause: com.kms.katalon.core.exception.StepFailedException: Text 'Nomor rekening sudah terdaftar' is not present on page 
	at com.kms.katalon.core.webui.keyword.internal.WebUIKeywordMain.stepFailed(WebUIKeywordMain.groovy:117)
	at com.kms.katalon.core.webui.keyword.builtin.VerifyTextPresentKeyword$_verifyTextPresent_closure1.doCall(VerifyTextPresentKeyword.groovy:79)
	at com.kms.katalon.core.webui.keyword.builtin.VerifyTextPresentKeyword$_verifyTextPresent_closure1.call(VerifyTextPresentKeyword.groovy)
	at com.kms.katalon.core.webui.keyword.internal.WebUIKeywordMain.runKeyword(WebUIKeywordMain.groovy:35)
	at com.kms.katalon.core.webui.keyword.builtin.VerifyTextPresentKeyword.verifyTextPresent(VerifyTextPresentKeyword.groovy:83)
	at com.kms.katalon.core.webui.keyword.builtin.VerifyTextPresentKeyword.execute(VerifyTextPresentKeyword.groovy:68)
	at com.kms.katalon.core.keyword.internal.KeywordExecutor.executeKeywordForPlatform(KeywordExecutor.groovy:74)
	at com.kms.katalon.core.webui.keyword.WebUiBuiltInKeywords.verifyTextPresent(WebUiBuiltInKeywords.groovy:1783)
	at Tambah Akun Bank.run(Tambah Akun Bank:84)
	at com.kms.katalon.core.main.ScriptEngine.run(ScriptEngine.java:194)
	at com.kms.katalon.core.main.ScriptEngine.runScriptAsRawText(ScriptEngine.java:119)
	at com.kms.katalon.core.main.TestCaseExecutor.runScript(TestCaseExecutor.java:448)
	at com.kms.katalon.core.main.TestCaseExecutor.doExecute(TestCaseExecutor.java:439)
	at com.kms.katalon.core.main.TestCaseExecutor.processExecutionPhase(TestCaseExecutor.java:418)
	at com.kms.katalon.core.main.TestCaseExecutor.accessMainPhase(TestCaseExecutor.java:410)
	at com.kms.katalon.core.main.TestCaseExecutor.execute(TestCaseExecutor.java:285)
	at com.kms.katalon.core.main.TestCaseMain.runTestCase(TestCaseMain.java:133)
	at com.kms.katalon.core.keyword.builtin.CallTestCaseKeyword$_callTestCase_closure1.doCall(CallTestCaseKeyword.groovy:59)
	at com.kms.katalon.core.keyword.builtin.CallTestCaseKeyword$_callTestCase_closure1.call(CallTestCaseKeyword.groovy)
	at com.kms.katalon.core.keyword.internal.KeywordMain.runKeyword(KeywordMain.groovy:75)
	at com.kms.katalon.core.keyword.builtin.CallTestCaseKeyword.callTestCase(CallTestCaseKeyword.groovy:81)
	at com.kms.katalon.core.keyword.builtin.CallTestCaseKeyword.execute(CallTestCaseKeyword.groovy:44)
	at com.kms.katalon.core.keyword.internal.KeywordExecutor.executeKeywordForPlatform(KeywordExecutor.groovy:74)
	at com.kms.katalon.core.keyword.BuiltinKeywords.callTestCase(BuiltinKeywords.groovy:310)
	at java.base/jdk.internal.reflect.NativeMethodAccessorImpl.invoke0(Native Method)
	at java.base/jdk.internal.reflect.NativeMethodAccessorImpl.invoke(NativeMethodAccessorImpl.java:77)
	at java.base/jdk.internal.reflect.DelegatingMethodAccessorImpl.invoke(DelegatingMethodAccessorImpl.java:43)
	at Regresi Akun Bank.run(Regresi Akun Bank:22)
	at com.kms.katalon.core.main.ScriptEngine.run(ScriptEngine.java:194)
	at com.kms.katalon.core.main.ScriptEngine.runScriptAsRawText(ScriptEngine.java:119)
	at com.kms.katalon.core.main.TestCaseExecutor.runScript(TestCaseExecutor.java:448)
	at com.kms.katalon.core.main.TestCaseExecutor.doExecute(TestCaseExecutor.java:439)
	at com.kms.katalon.core.main.TestCaseExecutor.processExecutionPhase(TestCaseExecutor.java:418)
	at com.kms.katalon.core.main.TestCaseExecutor.accessMainPhase(TestCaseExecutor.java:410)
	at com.kms.katalon.core.main.TestCaseExecutor.execute(TestCaseExecutor.java:285)
	at com.kms.katalon.core.common.CommonExecutor.accessTestCaseMainPhase(CommonExecutor.java:65)
	at com.kms.katalon.core.main.TestSuiteExecutor.accessTestSuiteMainPhase(TestSuiteExecutor.java:161)
	at com.kms.katalon.core.main.TestSuiteExecutor.execute(TestSuiteExecutor.java:107)
	at com.kms.katalon.core.main.TestCaseMain.startTestSuite(TestCaseMain.java:176)
	at TempTestSuite1735805561810.run(TempTestSuite1735805561810.groovy:35)
	at java.base/jdk.internal.reflect.NativeMethodAccessorImpl.invoke0(Native Method)
	at java.base/jdk.internal.reflect.NativeMethodAccessorImpl.invoke(NativeMethodAccessorImpl.java:77)
	at java.base/jdk.internal.reflect.DelegatingMethodAccessorImpl.invoke(DelegatingMethodAccessorImpl.java:43)
)

02-01-2025T15:15:17 - [TEST_STEP][PASSED] - if (!(isErrorPresent)): null

02-01-2025T15:15:17 - [TEST_STEP][PASSED] - verifyElementVisible(findTestObject("Master Data/Admin Sekolah/Akun Bank/Akun Bank Dashboard"), CONTINUE_ON_FAILURE): Object 'Object Repository/Master Data/Admin Sekolah/Akun Bank/Akun Bank Dashboard' is visible

02-01-2025T15:15:18 - [MESSAGE][PASSED] - Object 'Object Repository/Master Data/Admin Sekolah/Akun Bank/Akun Bank Dashboard' is visible

02-01-2025T15:15:18 - [TEST_STEP][PASSED] - break: null

02-01-2025T15:15:18 - [TEST_STEP][PASSED] - if (isErrorPresent): null

02-01-2025T15:15:18 - [TEST_STEP][PASSED] - else: Nomor rekening berhasil didaftarkan.

02-01-2025T15:15:18 - [TEST_STEP][PASSED] - comment("Nomor rekening berhasil didaftarkan."): Nomor rekening berhasil didaftarkan.

02-01-2025T15:15:18 - [MESSAGE][INFO] - Nomor rekening berhasil didaftarkan.

02-01-2025T15:15:18 - [MESSAGE][INFO] - 

02-01-2025T15:15:18 - [MESSAGE][INFO] - ===================== Self-healing Report ====================

02-01-2025T15:15:18 - [MESSAGE][INFO] - One of the failed test object locators has been recovered by Self-healing. Please refer to the Self-healing Insights tab for more details.

02-01-2025T15:15:18 - [MESSAGE][INFO] - To learn more about Self-healing, please read https://docs.katalon.com/katalon-studio/docs/self-healing.html

02-01-2025T15:15:18 - [MESSAGE][INFO] - ==============================================================

02-01-2025T15:15:18 - [MESSAGE][PASSED] - Call Test Case 'Test Cases/Master Data/Admin Sekolah/Master Data Akun Bank/Tambah Akun Bank' successfully

02-01-2025T15:15:18 - [TEST_STEP][FAILED] - callTestCase(findTestCase("Test Cases/Master Data/Admin Sekolah/Master Data Akun Bank/Edit Akun Bank"), [:], CONTINUE_ON_FAILURE): Unable to call Test Case 'Test Cases/Master Data/Admin Sekolah/Master Data Akun Bank/Edit Akun Bank' (Root cause: com.kms.katalon.core.exception.StepFailedException: Call Test Case 'Test Cases/Master Data/Admin Sekolah/Master Data Akun Bank/Edit Akun Bank' failed
	at com.kms.katalon.core.keyword.builtin.CallTestCaseKeyword$_callTestCase_closure1.doCall(CallTestCaseKeyword.groovy:63)
	at com.kms.katalon.core.keyword.builtin.CallTestCaseKeyword$_callTestCase_closure1.call(CallTestCaseKeyword.groovy)
	at com.kms.katalon.core.keyword.internal.KeywordMain.runKeyword(KeywordMain.groovy:75)
	at com.kms.katalon.core.keyword.builtin.CallTestCaseKeyword.callTestCase(CallTestCaseKeyword.groovy:81)
	at com.kms.katalon.core.keyword.builtin.CallTestCaseKeyword.execute(CallTestCaseKeyword.groovy:44)
	at com.kms.katalon.core.keyword.internal.KeywordExecutor.executeKeywordForPlatform(KeywordExecutor.groovy:74)
	at com.kms.katalon.core.keyword.BuiltinKeywords.callTestCase(BuiltinKeywords.groovy:310)
	at java.base/jdk.internal.reflect.NativeMethodAccessorImpl.invoke0(Native Method)
	at java.base/jdk.internal.reflect.NativeMethodAccessorImpl.invoke(NativeMethodAccessorImpl.java:77)
	at java.base/jdk.internal.reflect.DelegatingMethodAccessorImpl.invoke(DelegatingMethodAccessorImpl.java:43)
	at Regresi Akun Bank.run(Regresi Akun Bank:26)
	at com.kms.katalon.core.main.ScriptEngine.run(ScriptEngine.java:194)
	at com.kms.katalon.core.main.ScriptEngine.runScriptAsRawText(ScriptEngine.java:119)
	at com.kms.katalon.core.main.TestCaseExecutor.runScript(TestCaseExecutor.java:448)
	at com.kms.katalon.core.main.TestCaseExecutor.doExecute(TestCaseExecutor.java:439)
	at com.kms.katalon.core.main.TestCaseExecutor.processExecutionPhase(TestCaseExecutor.java:418)
	at com.kms.katalon.core.main.TestCaseExecutor.accessMainPhase(TestCaseExecutor.java:410)
	at com.kms.katalon.core.main.TestCaseExecutor.execute(TestCaseExecutor.java:285)
	at com.kms.katalon.core.common.CommonExecutor.accessTestCaseMainPhase(CommonExecutor.java:65)
	at com.kms.katalon.core.main.TestSuiteExecutor.accessTestSuiteMainPhase(TestSuiteExecutor.java:161)
	at com.kms.katalon.core.main.TestSuiteExecutor.execute(TestSuiteExecutor.java:107)
	at com.kms.katalon.core.main.TestCaseMain.startTestSuite(TestCaseMain.java:176)
	at TempTestSuite1735805561810.run(TempTestSuite1735805561810.groovy:35)
	at java.base/jdk.internal.reflect.NativeMethodAccessorImpl.invoke0(Native Method)
	at java.base/jdk.internal.reflect.NativeMethodAccessorImpl.invoke(NativeMethodAccessorImpl.java:77)
	at java.base/jdk.internal.reflect.DelegatingMethodAccessorImpl.invoke(DelegatingMethodAccessorImpl.java:43)
Caused by: com.kms.katalon.core.exception.StepFailedException: Unable to verify object 'Object Repository/Master Data/Admin Sekolah/Akun Bank/Edit Akun Bank/Toast Notification Data Berhasil Diubah' is visible
	at com.kms.katalon.core.webui.keyword.internal.WebUIKeywordMain.stepFailed(WebUIKeywordMain.groovy:117)
	at com.kms.katalon.core.webui.keyword.internal.WebUIKeywordMain.runKeyword(WebUIKeywordMain.groovy:43)
	at com.kms.katalon.core.webui.keyword.builtin.VerifyElementVisibleKeyword.verifyElementVisible(VerifyElementVisibleKeyword.groovy:97)
	at com.kms.katalon.core.webui.keyword.builtin.VerifyElementVisibleKeyword.execute(VerifyElementVisibleKeyword.groovy:67)
	at com.kms.katalon.core.keyword.internal.KeywordExecutor.executeKeywordForPlatform(KeywordExecutor.groovy:74)
	at com.kms.katalon.core.webui.keyword.WebUiBuiltInKeywords.verifyElementVisible(WebUiBuiltInKeywords.groovy:438)
	at Edit Akun Bank.run(Edit Akun Bank:90)
	at com.kms.katalon.core.main.ScriptEngine.run(ScriptEngine.java:194)
	at com.kms.katalon.core.main.ScriptEngine.runScriptAsRawText(ScriptEngine.java:119)
	at com.kms.katalon.core.main.TestCaseExecutor.runScript(TestCaseExecutor.java:448)
	at com.kms.katalon.core.main.TestCaseExecutor.doExecute(TestCaseExecutor.java:439)
	at com.kms.katalon.core.main.TestCaseExecutor.processExecutionPhase(TestCaseExecutor.java:418)
	at com.kms.katalon.core.main.TestCaseExecutor.accessMainPhase(TestCaseExecutor.java:410)
	at com.kms.katalon.core.main.TestCaseExecutor.execute(TestCaseExecutor.java:285)
	at com.kms.katalon.core.main.TestCaseMain.runTestCase(TestCaseMain.java:133)
	at com.kms.katalon.core.keyword.builtin.CallTestCaseKeyword$_callTestCase_closure1.doCall(CallTestCaseKeyword.groovy:59)
	... 25 more
Caused by: com.kms.katalon.core.exception.StepFailedException: Object 'Object Repository/Master Data/Admin Sekolah/Akun Bank/Edit Akun Bank/Toast Notification Data Berhasil Diubah' is NOT visible
	at com.kms.katalon.core.webui.keyword.internal.WebUIKeywordMain.stepFailed(WebUIKeywordMain.groovy:117)
	at com.kms.katalon.core.webui.keyword.builtin.VerifyElementVisibleKeyword$_verifyElementVisible_closure1.doCall(VerifyElementVisibleKeyword.groovy:83)
	at com.kms.katalon.core.webui.keyword.builtin.VerifyElementVisibleKeyword$_verifyElementVisible_closure1.call(VerifyElementVisibleKeyword.groovy)
	at com.kms.katalon.core.webui.keyword.internal.WebUIKeywordMain.runKeyword(WebUIKeywordMain.groovy:35)
	... 39 more
)

02-01-2025T15:15:18 - [TEST_CASE][FAILED] - Test Cases/Master Data/Admin Sekolah/Master Data Akun Bank/Edit Akun Bank: Test Cases/Master Data/Admin Sekolah/Master Data Akun Bank/Edit Akun Bank FAILED.
Reason:
com.kms.katalon.core.exception.StepFailedException: Unable to verify object 'Object Repository/Master Data/Admin Sekolah/Akun Bank/Edit Akun Bank/Toast Notification Data Berhasil Diubah' is visible
	at com.kms.katalon.core.webui.keyword.internal.WebUIKeywordMain.stepFailed(WebUIKeywordMain.groovy:117)
	at com.kms.katalon.core.webui.keyword.internal.WebUIKeywordMain.runKeyword(WebUIKeywordMain.groovy:43)
	at com.kms.katalon.core.webui.keyword.builtin.VerifyElementVisibleKeyword.verifyElementVisible(VerifyElementVisibleKeyword.groovy:97)
	at com.kms.katalon.core.webui.keyword.builtin.VerifyElementVisibleKeyword.execute(VerifyElementVisibleKeyword.groovy:67)
	at com.kms.katalon.core.keyword.internal.KeywordExecutor.executeKeywordForPlatform(KeywordExecutor.groovy:74)
	at com.kms.katalon.core.webui.keyword.WebUiBuiltInKeywords.verifyElementVisible(WebUiBuiltInKeywords.groovy:438)
	at Edit Akun Bank.run(Edit Akun Bank:90)
	at com.kms.katalon.core.main.ScriptEngine.run(ScriptEngine.java:194)
	at com.kms.katalon.core.main.ScriptEngine.runScriptAsRawText(ScriptEngine.java:119)
	at com.kms.katalon.core.main.TestCaseExecutor.runScript(TestCaseExecutor.java:448)
	at com.kms.katalon.core.main.TestCaseExecutor.doExecute(TestCaseExecutor.java:439)
	at com.kms.katalon.core.main.TestCaseExecutor.processExecutionPhase(TestCaseExecutor.java:418)
	at com.kms.katalon.core.main.TestCaseExecutor.accessMainPhase(TestCaseExecutor.java:410)
	at com.kms.katalon.core.main.TestCaseExecutor.execute(TestCaseExecutor.java:285)
	at com.kms.katalon.core.main.TestCaseMain.runTestCase(TestCaseMain.java:133)
	at com.kms.katalon.core.keyword.builtin.CallTestCaseKeyword$_callTestCase_closure1.doCall(CallTestCaseKeyword.groovy:59)
	at com.kms.katalon.core.keyword.builtin.CallTestCaseKeyword$_callTestCase_closure1.call(CallTestCaseKeyword.groovy)
	at com.kms.katalon.core.keyword.internal.KeywordMain.runKeyword(KeywordMain.groovy:75)
	at com.kms.katalon.core.keyword.builtin.CallTestCaseKeyword.callTestCase(CallTestCaseKeyword.groovy:81)
	at com.kms.katalon.core.keyword.builtin.CallTestCaseKeyword.execute(CallTestCaseKeyword.groovy:44)
	at com.kms.katalon.core.keyword.internal.KeywordExecutor.executeKeywordForPlatform(KeywordExecutor.groovy:74)
	at com.kms.katalon.core.keyword.BuiltinKeywords.callTestCase(BuiltinKeywords.groovy:310)
	at java.base/jdk.internal.reflect.NativeMethodAccessorImpl.invoke0(Native Method)
	at java.base/jdk.internal.reflect.NativeMethodAccessorImpl.invoke(NativeMethodAccessorImpl.java:77)
	at java.base/jdk.internal.reflect.DelegatingMethodAccessorImpl.invoke(DelegatingMethodAccessorImpl.java:43)
	at Regresi Akun Bank.run(Regresi Akun Bank:26)
	at com.kms.katalon.core.main.ScriptEngine.run(ScriptEngine.java:194)
	at com.kms.katalon.core.main.ScriptEngine.runScriptAsRawText(ScriptEngine.java:119)
	at com.kms.katalon.core.main.TestCaseExecutor.runScript(TestCaseExecutor.java:448)
	at com.kms.katalon.core.main.TestCaseExecutor.doExecute(TestCaseExecutor.java:439)
	at com.kms.katalon.core.main.TestCaseExecutor.processExecutionPhase(TestCaseExecutor.java:418)
	at com.kms.katalon.core.main.TestCaseExecutor.accessMainPhase(TestCaseExecutor.java:410)
	at com.kms.katalon.core.main.TestCaseExecutor.execute(TestCaseExecutor.java:285)
	at com.kms.katalon.core.common.CommonExecutor.accessTestCaseMainPhase(CommonExecutor.java:65)
	at com.kms.katalon.core.main.TestSuiteExecutor.accessTestSuiteMainPhase(TestSuiteExecutor.java:161)
	at com.kms.katalon.core.main.TestSuiteExecutor.execute(TestSuiteExecutor.java:107)
	at com.kms.katalon.core.main.TestCaseMain.startTestSuite(TestCaseMain.java:176)
	at TempTestSuite1735805561810.run(TempTestSuite1735805561810.groovy:35)
	at java.base/jdk.internal.reflect.NativeMethodAccessorImpl.invoke0(Native Method)
	at java.base/jdk.internal.reflect.NativeMethodAccessorImpl.invoke(NativeMethodAccessorImpl.java:77)
	at java.base/jdk.internal.reflect.DelegatingMethodAccessorImpl.invoke(DelegatingMethodAccessorImpl.java:43)
Caused by: com.kms.katalon.core.exception.StepFailedException: Object 'Object Repository/Master Data/Admin Sekolah/Akun Bank/Edit Akun Bank/Toast Notification Data Berhasil Diubah' is NOT visible
	at com.kms.katalon.core.webui.keyword.internal.WebUIKeywordMain.stepFailed(WebUIKeywordMain.groovy:117)
	at com.kms.katalon.core.webui.keyword.builtin.VerifyElementVisibleKeyword$_verifyElementVisible_closure1.doCall(VerifyElementVisibleKeyword.groovy:83)
	at com.kms.katalon.core.webui.keyword.builtin.VerifyElementVisibleKeyword$_verifyElementVisible_closure1.call(VerifyElementVisibleKeyword.groovy)
	at com.kms.katalon.core.webui.keyword.internal.WebUIKeywordMain.runKeyword(WebUIKeywordMain.groovy:35)
	... 39 more


02-01-2025T15:15:18 - [TEST_STEP][PASSED] - openBrowser(""): Browser is opened with url: ''

02-01-2025T15:15:18 - [MESSAGE][WARNING] - A browser is already opened. Closing browser and opening a new one

02-01-2025T15:15:18 - [MESSAGE][INFO] - Starting 'Chrome' driver

02-01-2025T15:15:18 - [MESSAGE][INFO] - Action delay is set to 0 milliseconds

02-01-2025T15:15:19 - [MESSAGE][PASSED] - Browser is opened with url: ''

02-01-2025T15:15:19 - [TEST_STEP][PASSED] - maximizeWindow(): Current window maximized

02-01-2025T15:15:19 - [MESSAGE][PASSED] - Current window maximized

02-01-2025T15:15:19 - [TEST_STEP][PASSED] - navigateToUrl("https://school-payment.digiform.co.id/login"): Navigate to 'https://school-payment.digiform.co.id/login' successfully

02-01-2025T15:15:19 - [MESSAGE][PASSED] - Navigate to 'https://school-payment.digiform.co.id/login' successfully

02-01-2025T15:15:19 - [TEST_STEP][PASSED] - setText(findTestObject("Master Data/Admin Sekolah/Login/Field Email"), "admin.gudangsolusi@digiform.co.id"): Text 'admin.gudangsolusi@digiform.co.id' is set on object 'Object Repository/Master Data/Admin Sekolah/Login/Field Email'

02-01-2025T15:15:21 - [MESSAGE][PASSED] - Text 'admin.gudangsolusi@digiform.co.id' is set on object 'Object Repository/Master Data/Admin Sekolah/Login/Field Email'

02-01-2025T15:15:21 - [TEST_STEP][PASSED] - setText(findTestObject("Master Data/Admin Sekolah/Login/Input Password"), "Test1234"): Text 'Test1234' is set on object 'Object Repository/Master Data/Admin Sekolah/Login/Input Password'

02-01-2025T15:15:21 - [MESSAGE][PASSED] - Text 'Test1234' is set on object 'Object Repository/Master Data/Admin Sekolah/Login/Input Password'

02-01-2025T15:15:21 - [TEST_STEP][PASSED] - click(findTestObject("Master Data/Admin Sekolah/Login/Button Submit")): Object: 'Object Repository/Master Data/Admin Sekolah/Login/Button Submit' is clicked on

02-01-2025T15:15:22 - [MESSAGE][PASSED] - Object: 'Object Repository/Master Data/Admin Sekolah/Login/Button Submit' is clicked on

02-01-2025T15:15:22 - [TEST_STEP][PASSED] - click(findTestObject("Master Data/Admin Sekolah/Tagihan/Master Data Menu")): Object: 'Object Repository/Master Data/Admin Sekolah/Tagihan/Master Data Menu' is clicked on

02-01-2025T15:15:23 - [MESSAGE][PASSED] - Object: 'Object Repository/Master Data/Admin Sekolah/Tagihan/Master Data Menu' is clicked on

02-01-2025T15:15:23 - [TEST_STEP][PASSED] - click(findTestObject("Master Data/Admin Sekolah/Akun Bank/Menu Akun Bank")): Object: 'Object Repository/Master Data/Admin Sekolah/Akun Bank/Menu Akun Bank' is clicked on

02-01-2025T15:15:24 - [MESSAGE][PASSED] - Object: 'Object Repository/Master Data/Admin Sekolah/Akun Bank/Menu Akun Bank' is clicked on

02-01-2025T15:15:24 - [TEST_STEP][PASSED] - click(findTestObject("Master Data/Admin Sekolah/Akun Bank/Edit Akun Bank/Button Action")): Object: 'Object Repository/Master Data/Admin Sekolah/Akun Bank/Edit Akun Bank/Button Action' is clicked on

02-01-2025T15:15:25 - [MESSAGE][PASSED] - Object: 'Object Repository/Master Data/Admin Sekolah/Akun Bank/Edit Akun Bank/Button Action' is clicked on

02-01-2025T15:15:25 - [TEST_STEP][PASSED] - click(findTestObject("Master Data/Admin Sekolah/Akun Bank/Edit Akun Bank/Button Edit")): Object: 'Object Repository/Master Data/Admin Sekolah/Akun Bank/Edit Akun Bank/Button Edit' is clicked on

02-01-2025T15:15:26 - [MESSAGE][PASSED] - Object: 'Object Repository/Master Data/Admin Sekolah/Akun Bank/Edit Akun Bank/Button Edit' is clicked on

02-01-2025T15:15:26 - [TEST_STEP][PASSED] - click(findTestObject("Master Data/Admin Sekolah/Akun Bank/Edit Akun Bank/Dropdown Akun Bank")): Object: 'Object Repository/Master Data/Admin Sekolah/Akun Bank/Edit Akun Bank/Dropdown Akun Bank' is clicked on

02-01-2025T15:15:26 - [MESSAGE][PASSED] - Object: 'Object Repository/Master Data/Admin Sekolah/Akun Bank/Edit Akun Bank/Dropdown Akun Bank' is clicked on

02-01-2025T15:15:26 - [TEST_STEP][PASSED] - click(findTestObject("Master Data/Admin Sekolah/Akun Bank/Edit Akun Bank/Value Dropdown Akun Bank")): Object: 'Object Repository/Master Data/Admin Sekolah/Akun Bank/Edit Akun Bank/Value Dropdown Akun Bank' is clicked on

02-01-2025T15:15:27 - [MESSAGE][PASSED] - Object: 'Object Repository/Master Data/Admin Sekolah/Akun Bank/Edit Akun Bank/Value Dropdown Akun Bank' is clicked on

02-01-2025T15:15:27 - [TEST_STEP][PASSED] - clearAndSetText(findTestObject("Master Data/Admin Sekolah/Akun Bank/Edit Akun Bank/Field Nama Akun Bank"), generateRandomBankAccountName()): null

02-01-2025T15:15:27 - [TEST_STEP][PASSED] - firstNames = ["Pandu", "Budi", "Siti", "Andi", "Joko", "Rina", "Ari", "Maya"]: null

02-01-2025T15:15:27 - [TEST_STEP][PASSED] - lastNames = ["Wibisana", "Sari", "Pratama", "Santoso", "Putra", "Gunawan", "Sudarmaji", "Amir"]: null

02-01-2025T15:15:27 - [TEST_STEP][PASSED] - random = new java.util.Random(): null

02-01-2025T15:15:27 - [TEST_STEP][PASSED] - firstName = firstNames[random.nextInt(firstNames.size())]: null

02-01-2025T15:15:27 - [TEST_STEP][PASSED] - lastName = lastNames[random.nextInt(lastNames.size())]: null

02-01-2025T15:15:27 - [TEST_STEP][PASSED] - return ((firstName +  ) + lastName): null

02-01-2025T15:15:27 - [TEST_STEP][PASSED] - sendKeys(testObject, Keys.chord(CONTROL, "a")): Keys 'CONTROL + a' sent to object: 'Object Repository/Master Data/Admin Sekolah/Akun Bank/Edit Akun Bank/Field Nama Akun Bank'

02-01-2025T15:15:27 - [MESSAGE][PASSED] - Keys 'CONTROL + a' sent to object: 'Object Repository/Master Data/Admin Sekolah/Akun Bank/Edit Akun Bank/Field Nama Akun Bank'

02-01-2025T15:15:27 - [TEST_STEP][PASSED] - sendKeys(testObject, Keys.chord(BACK_SPACE)): Keys 'BACK_SPACE + ' sent to object: 'Object Repository/Master Data/Admin Sekolah/Akun Bank/Edit Akun Bank/Field Nama Akun Bank'

02-01-2025T15:15:27 - [MESSAGE][PASSED] - Keys 'BACK_SPACE + ' sent to object: 'Object Repository/Master Data/Admin Sekolah/Akun Bank/Edit Akun Bank/Field Nama Akun Bank'

02-01-2025T15:15:27 - [TEST_STEP][PASSED] - setText(testObject, newText): Text 'Budi Pratama' is set on object 'Object Repository/Master Data/Admin Sekolah/Akun Bank/Edit Akun Bank/Field Nama Akun Bank'

02-01-2025T15:15:28 - [MESSAGE][PASSED] - Text 'Budi Pratama' is set on object 'Object Repository/Master Data/Admin Sekolah/Akun Bank/Edit Akun Bank/Field Nama Akun Bank'

02-01-2025T15:15:28 - [TEST_STEP][PASSED] - initialAccountNumber = generateRandomData("64", 10): null

02-01-2025T15:15:28 - [TEST_STEP][PASSED] - random = new java.util.Random(): null

02-01-2025T15:15:28 - [TEST_STEP][PASSED] - result = prefix: null

02-01-2025T15:15:28 - [TEST_STEP][PASSED] - for ([i = 0, i < length, (i++)]): null

02-01-2025T15:15:28 - [TEST_STEP][PASSED] - result += random.nextInt(10): null

02-01-2025T15:15:28 - [TEST_STEP][PASSED] - result += random.nextInt(10): null

02-01-2025T15:15:28 - [TEST_STEP][PASSED] - result += random.nextInt(10): null

02-01-2025T15:15:28 - [TEST_STEP][PASSED] - result += random.nextInt(10): null

02-01-2025T15:15:28 - [TEST_STEP][PASSED] - result += random.nextInt(10): null

02-01-2025T15:15:28 - [TEST_STEP][PASSED] - result += random.nextInt(10): null

02-01-2025T15:15:28 - [TEST_STEP][PASSED] - result += random.nextInt(10): null

02-01-2025T15:15:28 - [TEST_STEP][PASSED] - result += random.nextInt(10): null

02-01-2025T15:15:28 - [TEST_STEP][PASSED] - result += random.nextInt(10): null

02-01-2025T15:15:28 - [TEST_STEP][PASSED] - result += random.nextInt(10): null

02-01-2025T15:15:28 - [TEST_STEP][PASSED] - return result: null

02-01-2025T15:15:28 - [TEST_STEP][PASSED] - attempt = 0: null

02-01-2025T15:15:28 - [TEST_STEP][PASSED] - isSaved = false: null

02-01-2025T15:15:28 - [TEST_STEP][PASSED] - maxAttempts = 5: null

02-01-2025T15:15:28 - [TEST_STEP][PASSED] - while (!(isSaved) && attempt < maxAttempts): null

02-01-2025T15:15:28 - [TEST_STEP][PASSED] - (attempt++): null

02-01-2025T15:15:28 - [TEST_STEP][PASSED] - println(Percobaan ke-$attempt): null

02-01-2025T15:15:28 - [TEST_STEP][PASSED] - clearAndSetText(findTestObject("Master Data/Admin Sekolah/Akun Bank/Edit Akun Bank/Field Nomor Rekening Bank"), initialAccountNumber): null

02-01-2025T15:15:28 - [TEST_STEP][PASSED] - sendKeys(testObject, Keys.chord(CONTROL, "a")): Keys 'CONTROL + a' sent to object: 'Object Repository/Master Data/Admin Sekolah/Akun Bank/Edit Akun Bank/Field Nomor Rekening Bank'

02-01-2025T15:15:28 - [MESSAGE][PASSED] - Keys 'CONTROL + a' sent to object: 'Object Repository/Master Data/Admin Sekolah/Akun Bank/Edit Akun Bank/Field Nomor Rekening Bank'

02-01-2025T15:15:28 - [TEST_STEP][PASSED] - sendKeys(testObject, Keys.chord(BACK_SPACE)): Keys 'BACK_SPACE + ' sent to object: 'Object Repository/Master Data/Admin Sekolah/Akun Bank/Edit Akun Bank/Field Nomor Rekening Bank'

02-01-2025T15:15:28 - [MESSAGE][PASSED] - Keys 'BACK_SPACE + ' sent to object: 'Object Repository/Master Data/Admin Sekolah/Akun Bank/Edit Akun Bank/Field Nomor Rekening Bank'

02-01-2025T15:15:28 - [TEST_STEP][PASSED] - setText(testObject, newText): null

02-01-2025T15:15:29 - [MESSAGE][PASSED] - Text '647213821556' is set on object 'Object Repository/Master Data/Admin Sekolah/Akun Bank/Edit Akun Bank/Field Nomor Rekening Bank'

02-01-2025T15:15:29 - [TEST_STEP][PASSED] - click(findTestObject("Master Data/Admin Sekolah/Akun Bank/Edit Akun Bank/Button Simpan")): Object: 'Object Repository/Master Data/Admin Sekolah/Akun Bank/Edit Akun Bank/Button Simpan' is clicked on

02-01-2025T15:15:29 - [MESSAGE][PASSED] - Object: 'Object Repository/Master Data/Admin Sekolah/Akun Bank/Edit Akun Bank/Button Simpan' is clicked on

02-01-2025T15:15:29 - [TEST_STEP][PASSED] - if (verifyElementVisible(findTestObject("Master Data/Admin Sekolah/Akun Bank/Edit Akun Bank/Toast Notification Error Nomor Rekening Sudah Terdaftar"), OPTIONAL)): Unable to verify object is visible (Root cause: com.kms.katalon.core.exception.StepFailedException: Unable to verify object is visible
	at com.kms.katalon.core.webui.keyword.internal.WebUIKeywordMain.stepFailed(WebUIKeywordMain.groovy:117)
	at com.kms.katalon.core.webui.keyword.internal.WebUIKeywordMain.runKeyword(WebUIKeywordMain.groovy:43)
	at com.kms.katalon.core.webui.keyword.builtin.VerifyElementVisibleKeyword.verifyElementVisible(VerifyElementVisibleKeyword.groovy:97)
	at com.kms.katalon.core.webui.keyword.builtin.VerifyElementVisibleKeyword.execute(VerifyElementVisibleKeyword.groovy:67)
	at com.kms.katalon.core.keyword.internal.KeywordExecutor.executeKeywordForPlatform(KeywordExecutor.groovy:74)
	at com.kms.katalon.core.webui.keyword.WebUiBuiltInKeywords.verifyElementVisible(WebUiBuiltInKeywords.groovy:438)
	at Edit Akun Bank.run(Edit Akun Bank:76)
	at com.kms.katalon.core.main.ScriptEngine.run(ScriptEngine.java:194)
	at com.kms.katalon.core.main.ScriptEngine.runScriptAsRawText(ScriptEngine.java:119)
	at com.kms.katalon.core.main.TestCaseExecutor.runScript(TestCaseExecutor.java:448)
	at com.kms.katalon.core.main.TestCaseExecutor.doExecute(TestCaseExecutor.java:439)
	at com.kms.katalon.core.main.TestCaseExecutor.processExecutionPhase(TestCaseExecutor.java:418)
	at com.kms.katalon.core.main.TestCaseExecutor.accessMainPhase(TestCaseExecutor.java:410)
	at com.kms.katalon.core.main.TestCaseExecutor.execute(TestCaseExecutor.java:285)
	at com.kms.katalon.core.main.TestCaseMain.runTestCase(TestCaseMain.java:133)
	at com.kms.katalon.core.keyword.builtin.CallTestCaseKeyword$_callTestCase_closure1.doCall(CallTestCaseKeyword.groovy:59)
	at com.kms.katalon.core.keyword.builtin.CallTestCaseKeyword$_callTestCase_closure1.call(CallTestCaseKeyword.groovy)
	at com.kms.katalon.core.keyword.internal.KeywordMain.runKeyword(KeywordMain.groovy:75)
	at com.kms.katalon.core.keyword.builtin.CallTestCaseKeyword.callTestCase(CallTestCaseKeyword.groovy:81)
	at com.kms.katalon.core.keyword.builtin.CallTestCaseKeyword.execute(CallTestCaseKeyword.groovy:44)
	at com.kms.katalon.core.keyword.internal.KeywordExecutor.executeKeywordForPlatform(KeywordExecutor.groovy:74)
	at com.kms.katalon.core.keyword.BuiltinKeywords.callTestCase(BuiltinKeywords.groovy:310)
	at java.base/jdk.internal.reflect.NativeMethodAccessorImpl.invoke0(Native Method)
	at java.base/jdk.internal.reflect.NativeMethodAccessorImpl.invoke(NativeMethodAccessorImpl.java:77)
	at java.base/jdk.internal.reflect.DelegatingMethodAccessorImpl.invoke(DelegatingMethodAccessorImpl.java:43)
	at Regresi Akun Bank.run(Regresi Akun Bank:26)
	at com.kms.katalon.core.main.ScriptEngine.run(ScriptEngine.java:194)
	at com.kms.katalon.core.main.ScriptEngine.runScriptAsRawText(ScriptEngine.java:119)
	at com.kms.katalon.core.main.TestCaseExecutor.runScript(TestCaseExecutor.java:448)
	at com.kms.katalon.core.main.TestCaseExecutor.doExecute(TestCaseExecutor.java:439)
	at com.kms.katalon.core.main.TestCaseExecutor.processExecutionPhase(TestCaseExecutor.java:418)
	at com.kms.katalon.core.main.TestCaseExecutor.accessMainPhase(TestCaseExecutor.java:410)
	at com.kms.katalon.core.main.TestCaseExecutor.execute(TestCaseExecutor.java:285)
	at com.kms.katalon.core.common.CommonExecutor.accessTestCaseMainPhase(CommonExecutor.java:65)
	at com.kms.katalon.core.main.TestSuiteExecutor.accessTestSuiteMainPhase(TestSuiteExecutor.java:161)
	at com.kms.katalon.core.main.TestSuiteExecutor.execute(TestSuiteExecutor.java:107)
	at com.kms.katalon.core.main.TestCaseMain.startTestSuite(TestCaseMain.java:176)
	at TempTestSuite1735805561810.run(TempTestSuite1735805561810.groovy:35)
	at java.base/jdk.internal.reflect.NativeMethodAccessorImpl.invoke0(Native Method)
	at java.base/jdk.internal.reflect.NativeMethodAccessorImpl.invoke(NativeMethodAccessorImpl.java:77)
	at java.base/jdk.internal.reflect.DelegatingMethodAccessorImpl.invoke(DelegatingMethodAccessorImpl.java:43)
Caused by: java.lang.IllegalArgumentException: Object is null
	at com.kms.katalon.core.helper.KeywordHelper.checkTestObjectParameter(KeywordHelper.java:33)
	at com.kms.katalon.core.webui.keyword.builtin.VerifyElementVisibleKeyword$_verifyElementVisible_closure1.doCall(VerifyElementVisibleKeyword.groovy:75)
	at com.kms.katalon.core.webui.keyword.builtin.VerifyElementVisibleKeyword$_verifyElementVisible_closure1.call(VerifyElementVisibleKeyword.groovy)
	at com.kms.katalon.core.webui.keyword.internal.WebUIKeywordMain.runKeyword(WebUIKeywordMain.groovy:35)
	at com.kms.katalon.core.webui.keyword.builtin.VerifyElementVisibleKeyword.verifyElementVisible(VerifyElementVisibleKeyword.groovy:97)
	at com.kms.katalon.core.webui.keyword.builtin.VerifyElementVisibleKeyword.execute(VerifyElementVisibleKeyword.groovy:67)
	at com.kms.katalon.core.keyword.internal.KeywordExecutor.executeKeywordForPlatform(KeywordExecutor.groovy:74)
	at com.kms.katalon.core.webui.keyword.WebUiBuiltInKeywords.verifyElementVisible(WebUiBuiltInKeywords.groovy:438)
	at Script1733198752835.run(Script1733198752835.groovy:76)
	at com.kms.katalon.core.main.ScriptEngine.run(ScriptEngine.java:194)
	at com.kms.katalon.core.main.ScriptEngine.runScriptAsRawText(ScriptEngine.java:119)
	at com.kms.katalon.core.main.TestCaseExecutor.runScript(TestCaseExecutor.java:448)
	at com.kms.katalon.core.main.TestCaseExecutor.doExecute(TestCaseExecutor.java:439)
	at com.kms.katalon.core.main.TestCaseExecutor.processExecutionPhase(TestCaseExecutor.java:418)
	at com.kms.katalon.core.main.TestCaseExecutor.accessMainPhase(TestCaseExecutor.java:410)
	at com.kms.katalon.core.main.TestCaseExecutor.execute(TestCaseExecutor.java:285)
	at com.kms.katalon.core.main.TestCaseMain.runTestCase(TestCaseMain.java:133)
	at com.kms.katalon.core.keyword.builtin.CallTestCaseKeyword$_callTestCase_closure1.doCall(CallTestCaseKeyword.groovy:59)
	at com.kms.katalon.core.keyword.builtin.CallTestCaseKeyword$_callTestCase_closure1.call(CallTestCaseKeyword.groovy)
	at com.kms.katalon.core.keyword.internal.KeywordMain.runKeyword(KeywordMain.groovy:75)
	at com.kms.katalon.core.keyword.builtin.CallTestCaseKeyword.callTestCase(CallTestCaseKeyword.groovy:81)
	at com.kms.katalon.core.keyword.builtin.CallTestCaseKeyword.execute(CallTestCaseKeyword.groovy:44)
	at com.kms.katalon.core.keyword.internal.KeywordExecutor.executeKeywordForPlatform(KeywordExecutor.groovy:74)
	at com.kms.katalon.core.keyword.BuiltinKeywords.callTestCase(BuiltinKeywords.groovy:310)
	at java.base/jdk.internal.reflect.NativeMethodAccessorImpl.invoke0(Native Method)
	at java.base/jdk.internal.reflect.NativeMethodAccessorImpl.invoke(NativeMethodAccessorImpl.java:77)
	at java.base/jdk.internal.reflect.DelegatingMethodAccessorImpl.invoke(DelegatingMethodAccessorImpl.java:43)
	at Script1735746249821.run(Script1735746249821.groovy:26)
	... 15 more
)

02-01-2025T15:15:29 - [MESSAGE][WARNING] - Test object with id 'Object Repository/Master Data/Admin Sekolah/Akun Bank/Edit Akun Bank/Toast Notification Error Nomor Rekening Sudah Terdaftar' does not exist

02-01-2025T15:15:29 - [MESSAGE][WARNING] - Test object with id 'Object Repository/' does not exist

02-01-2025T15:15:29 - [MESSAGE][WARNING] - Unable to verify object is visible (Root cause: com.kms.katalon.core.exception.StepFailedException: Unable to verify object is visible
	at com.kms.katalon.core.webui.keyword.internal.WebUIKeywordMain.stepFailed(WebUIKeywordMain.groovy:117)
	at com.kms.katalon.core.webui.keyword.internal.WebUIKeywordMain.runKeyword(WebUIKeywordMain.groovy:43)
	at com.kms.katalon.core.webui.keyword.builtin.VerifyElementVisibleKeyword.verifyElementVisible(VerifyElementVisibleKeyword.groovy:97)
	at com.kms.katalon.core.webui.keyword.builtin.VerifyElementVisibleKeyword.execute(VerifyElementVisibleKeyword.groovy:67)
	at com.kms.katalon.core.keyword.internal.KeywordExecutor.executeKeywordForPlatform(KeywordExecutor.groovy:74)
	at com.kms.katalon.core.webui.keyword.WebUiBuiltInKeywords.verifyElementVisible(WebUiBuiltInKeywords.groovy:438)
	at Edit Akun Bank.run(Edit Akun Bank:76)
	at com.kms.katalon.core.main.ScriptEngine.run(ScriptEngine.java:194)
	at com.kms.katalon.core.main.ScriptEngine.runScriptAsRawText(ScriptEngine.java:119)
	at com.kms.katalon.core.main.TestCaseExecutor.runScript(TestCaseExecutor.java:448)
	at com.kms.katalon.core.main.TestCaseExecutor.doExecute(TestCaseExecutor.java:439)
	at com.kms.katalon.core.main.TestCaseExecutor.processExecutionPhase(TestCaseExecutor.java:418)
	at com.kms.katalon.core.main.TestCaseExecutor.accessMainPhase(TestCaseExecutor.java:410)
	at com.kms.katalon.core.main.TestCaseExecutor.execute(TestCaseExecutor.java:285)
	at com.kms.katalon.core.main.TestCaseMain.runTestCase(TestCaseMain.java:133)
	at com.kms.katalon.core.keyword.builtin.CallTestCaseKeyword$_callTestCase_closure1.doCall(CallTestCaseKeyword.groovy:59)
	at com.kms.katalon.core.keyword.builtin.CallTestCaseKeyword$_callTestCase_closure1.call(CallTestCaseKeyword.groovy)
	at com.kms.katalon.core.keyword.internal.KeywordMain.runKeyword(KeywordMain.groovy:75)
	at com.kms.katalon.core.keyword.builtin.CallTestCaseKeyword.callTestCase(CallTestCaseKeyword.groovy:81)
	at com.kms.katalon.core.keyword.builtin.CallTestCaseKeyword.execute(CallTestCaseKeyword.groovy:44)
	at com.kms.katalon.core.keyword.internal.KeywordExecutor.executeKeywordForPlatform(KeywordExecutor.groovy:74)
	at com.kms.katalon.core.keyword.BuiltinKeywords.callTestCase(BuiltinKeywords.groovy:310)
	at java.base/jdk.internal.reflect.NativeMethodAccessorImpl.invoke0(Native Method)
	at java.base/jdk.internal.reflect.NativeMethodAccessorImpl.invoke(NativeMethodAccessorImpl.java:77)
	at java.base/jdk.internal.reflect.DelegatingMethodAccessorImpl.invoke(DelegatingMethodAccessorImpl.java:43)
	at Regresi Akun Bank.run(Regresi Akun Bank:26)
	at com.kms.katalon.core.main.ScriptEngine.run(ScriptEngine.java:194)
	at com.kms.katalon.core.main.ScriptEngine.runScriptAsRawText(ScriptEngine.java:119)
	at com.kms.katalon.core.main.TestCaseExecutor.runScript(TestCaseExecutor.java:448)
	at com.kms.katalon.core.main.TestCaseExecutor.doExecute(TestCaseExecutor.java:439)
	at com.kms.katalon.core.main.TestCaseExecutor.processExecutionPhase(TestCaseExecutor.java:418)
	at com.kms.katalon.core.main.TestCaseExecutor.accessMainPhase(TestCaseExecutor.java:410)
	at com.kms.katalon.core.main.TestCaseExecutor.execute(TestCaseExecutor.java:285)
	at com.kms.katalon.core.common.CommonExecutor.accessTestCaseMainPhase(CommonExecutor.java:65)
	at com.kms.katalon.core.main.TestSuiteExecutor.accessTestSuiteMainPhase(TestSuiteExecutor.java:161)
	at com.kms.katalon.core.main.TestSuiteExecutor.execute(TestSuiteExecutor.java:107)
	at com.kms.katalon.core.main.TestCaseMain.startTestSuite(TestCaseMain.java:176)
	at TempTestSuite1735805561810.run(TempTestSuite1735805561810.groovy:35)
	at java.base/jdk.internal.reflect.NativeMethodAccessorImpl.invoke0(Native Method)
	at java.base/jdk.internal.reflect.NativeMethodAccessorImpl.invoke(NativeMethodAccessorImpl.java:77)
	at java.base/jdk.internal.reflect.DelegatingMethodAccessorImpl.invoke(DelegatingMethodAccessorImpl.java:43)
Caused by: java.lang.IllegalArgumentException: Object is null
	at com.kms.katalon.core.helper.KeywordHelper.checkTestObjectParameter(KeywordHelper.java:33)
	at com.kms.katalon.core.webui.keyword.builtin.VerifyElementVisibleKeyword$_verifyElementVisible_closure1.doCall(VerifyElementVisibleKeyword.groovy:75)
	at com.kms.katalon.core.webui.keyword.builtin.VerifyElementVisibleKeyword$_verifyElementVisible_closure1.call(VerifyElementVisibleKeyword.groovy)
	at com.kms.katalon.core.webui.keyword.internal.WebUIKeywordMain.runKeyword(WebUIKeywordMain.groovy:35)
	at com.kms.katalon.core.webui.keyword.builtin.VerifyElementVisibleKeyword.verifyElementVisible(VerifyElementVisibleKeyword.groovy:97)
	at com.kms.katalon.core.webui.keyword.builtin.VerifyElementVisibleKeyword.execute(VerifyElementVisibleKeyword.groovy:67)
	at com.kms.katalon.core.keyword.internal.KeywordExecutor.executeKeywordForPlatform(KeywordExecutor.groovy:74)
	at com.kms.katalon.core.webui.keyword.WebUiBuiltInKeywords.verifyElementVisible(WebUiBuiltInKeywords.groovy:438)
	at Script1733198752835.run(Script1733198752835.groovy:76)
	at com.kms.katalon.core.main.ScriptEngine.run(ScriptEngine.java:194)
	at com.kms.katalon.core.main.ScriptEngine.runScriptAsRawText(ScriptEngine.java:119)
	at com.kms.katalon.core.main.TestCaseExecutor.runScript(TestCaseExecutor.java:448)
	at com.kms.katalon.core.main.TestCaseExecutor.doExecute(TestCaseExecutor.java:439)
	at com.kms.katalon.core.main.TestCaseExecutor.processExecutionPhase(TestCaseExecutor.java:418)
	at com.kms.katalon.core.main.TestCaseExecutor.accessMainPhase(TestCaseExecutor.java:410)
	at com.kms.katalon.core.main.TestCaseExecutor.execute(TestCaseExecutor.java:285)
	at com.kms.katalon.core.main.TestCaseMain.runTestCase(TestCaseMain.java:133)
	at com.kms.katalon.core.keyword.builtin.CallTestCaseKeyword$_callTestCase_closure1.doCall(CallTestCaseKeyword.groovy:59)
	at com.kms.katalon.core.keyword.builtin.CallTestCaseKeyword$_callTestCase_closure1.call(CallTestCaseKeyword.groovy)
	at com.kms.katalon.core.keyword.internal.KeywordMain.runKeyword(KeywordMain.groovy:75)
	at com.kms.katalon.core.keyword.builtin.CallTestCaseKeyword.callTestCase(CallTestCaseKeyword.groovy:81)
	at com.kms.katalon.core.keyword.builtin.CallTestCaseKeyword.execute(CallTestCaseKeyword.groovy:44)
	at com.kms.katalon.core.keyword.internal.KeywordExecutor.executeKeywordForPlatform(KeywordExecutor.groovy:74)
	at com.kms.katalon.core.keyword.BuiltinKeywords.callTestCase(BuiltinKeywords.groovy:310)
	at java.base/jdk.internal.reflect.NativeMethodAccessorImpl.invoke0(Native Method)
	at java.base/jdk.internal.reflect.NativeMethodAccessorImpl.invoke(NativeMethodAccessorImpl.java:77)
	at java.base/jdk.internal.reflect.DelegatingMethodAccessorImpl.invoke(DelegatingMethodAccessorImpl.java:43)
	at Script1735746249821.run(Script1735746249821.groovy:26)
	... 15 more
)
[[ATTACHMENT|C:\\Users\\henri\\Videos\\school-payment-automation-testing\\Reports\\20250102_151240\\SPRINT 1\\20250102_151241\\1735805729686.png]]

02-01-2025T15:15:29 - [TEST_STEP][PASSED] - else: null

02-01-2025T15:15:29 - [TEST_STEP][PASSED] - isSaved = true: null

02-01-2025T15:15:29 - [TEST_STEP][PASSED] - println("Data berhasil disimpan."): null

02-01-2025T15:15:29 - [TEST_STEP][FAILED] - if (isSaved): Unable to verify object 'Object Repository/Master Data/Admin Sekolah/Akun Bank/Edit Akun Bank/Toast Notification Data Berhasil Diubah' is visible (Root cause: com.kms.katalon.core.exception.StepFailedException: Unable to verify object 'Object Repository/Master Data/Admin Sekolah/Akun Bank/Edit Akun Bank/Toast Notification Data Berhasil Diubah' is visible
	at com.kms.katalon.core.webui.keyword.internal.WebUIKeywordMain.stepFailed(WebUIKeywordMain.groovy:117)
	at com.kms.katalon.core.webui.keyword.internal.WebUIKeywordMain.runKeyword(WebUIKeywordMain.groovy:43)
	at com.kms.katalon.core.webui.keyword.builtin.VerifyElementVisibleKeyword.verifyElementVisible(VerifyElementVisibleKeyword.groovy:97)
	at com.kms.katalon.core.webui.keyword.builtin.VerifyElementVisibleKeyword.execute(VerifyElementVisibleKeyword.groovy:67)
	at com.kms.katalon.core.keyword.internal.KeywordExecutor.executeKeywordForPlatform(KeywordExecutor.groovy:74)
	at com.kms.katalon.core.webui.keyword.WebUiBuiltInKeywords.verifyElementVisible(WebUiBuiltInKeywords.groovy:438)
	at Edit Akun Bank.run(Edit Akun Bank:90)
	at com.kms.katalon.core.main.ScriptEngine.run(ScriptEngine.java:194)
	at com.kms.katalon.core.main.ScriptEngine.runScriptAsRawText(ScriptEngine.java:119)
	at com.kms.katalon.core.main.TestCaseExecutor.runScript(TestCaseExecutor.java:448)
	at com.kms.katalon.core.main.TestCaseExecutor.doExecute(TestCaseExecutor.java:439)
	at com.kms.katalon.core.main.TestCaseExecutor.processExecutionPhase(TestCaseExecutor.java:418)
	at com.kms.katalon.core.main.TestCaseExecutor.accessMainPhase(TestCaseExecutor.java:410)
	at com.kms.katalon.core.main.TestCaseExecutor.execute(TestCaseExecutor.java:285)
	at com.kms.katalon.core.main.TestCaseMain.runTestCase(TestCaseMain.java:133)
	at com.kms.katalon.core.keyword.builtin.CallTestCaseKeyword$_callTestCase_closure1.doCall(CallTestCaseKeyword.groovy:59)
	at com.kms.katalon.core.keyword.builtin.CallTestCaseKeyword$_callTestCase_closure1.call(CallTestCaseKeyword.groovy)
	at com.kms.katalon.core.keyword.internal.KeywordMain.runKeyword(KeywordMain.groovy:75)
	at com.kms.katalon.core.keyword.builtin.CallTestCaseKeyword.callTestCase(CallTestCaseKeyword.groovy:81)
	at com.kms.katalon.core.keyword.builtin.CallTestCaseKeyword.execute(CallTestCaseKeyword.groovy:44)
	at com.kms.katalon.core.keyword.internal.KeywordExecutor.executeKeywordForPlatform(KeywordExecutor.groovy:74)
	at com.kms.katalon.core.keyword.BuiltinKeywords.callTestCase(BuiltinKeywords.groovy:310)
	at java.base/jdk.internal.reflect.NativeMethodAccessorImpl.invoke0(Native Method)
	at java.base/jdk.internal.reflect.NativeMethodAccessorImpl.invoke(NativeMethodAccessorImpl.java:77)
	at java.base/jdk.internal.reflect.DelegatingMethodAccessorImpl.invoke(DelegatingMethodAccessorImpl.java:43)
	at Regresi Akun Bank.run(Regresi Akun Bank:26)
	at com.kms.katalon.core.main.ScriptEngine.run(ScriptEngine.java:194)
	at com.kms.katalon.core.main.ScriptEngine.runScriptAsRawText(ScriptEngine.java:119)
	at com.kms.katalon.core.main.TestCaseExecutor.runScript(TestCaseExecutor.java:448)
	at com.kms.katalon.core.main.TestCaseExecutor.doExecute(TestCaseExecutor.java:439)
	at com.kms.katalon.core.main.TestCaseExecutor.processExecutionPhase(TestCaseExecutor.java:418)
	at com.kms.katalon.core.main.TestCaseExecutor.accessMainPhase(TestCaseExecutor.java:410)
	at com.kms.katalon.core.main.TestCaseExecutor.execute(TestCaseExecutor.java:285)
	at com.kms.katalon.core.common.CommonExecutor.accessTestCaseMainPhase(CommonExecutor.java:65)
	at com.kms.katalon.core.main.TestSuiteExecutor.accessTestSuiteMainPhase(TestSuiteExecutor.java:161)
	at com.kms.katalon.core.main.TestSuiteExecutor.execute(TestSuiteExecutor.java:107)
	at com.kms.katalon.core.main.TestCaseMain.startTestSuite(TestCaseMain.java:176)
	at TempTestSuite1735805561810.run(TempTestSuite1735805561810.groovy:35)
	at java.base/jdk.internal.reflect.NativeMethodAccessorImpl.invoke0(Native Method)
	at java.base/jdk.internal.reflect.NativeMethodAccessorImpl.invoke(NativeMethodAccessorImpl.java:77)
	at java.base/jdk.internal.reflect.DelegatingMethodAccessorImpl.invoke(DelegatingMethodAccessorImpl.java:43)
Caused by: com.kms.katalon.core.exception.StepFailedException: Object 'Object Repository/Master Data/Admin Sekolah/Akun Bank/Edit Akun Bank/Toast Notification Data Berhasil Diubah' is NOT visible
	at com.kms.katalon.core.webui.keyword.internal.WebUIKeywordMain.stepFailed(WebUIKeywordMain.groovy:117)
	at com.kms.katalon.core.webui.keyword.builtin.VerifyElementVisibleKeyword$_verifyElementVisible_closure1.doCall(VerifyElementVisibleKeyword.groovy:83)
	at com.kms.katalon.core.webui.keyword.builtin.VerifyElementVisibleKeyword$_verifyElementVisible_closure1.call(VerifyElementVisibleKeyword.groovy)
	at com.kms.katalon.core.webui.keyword.internal.WebUIKeywordMain.runKeyword(WebUIKeywordMain.groovy:35)
	... 39 more
)

02-01-2025T15:15:29 - [TEST_STEP][FAILED] - verifyElementVisible(findTestObject("Master Data/Admin Sekolah/Akun Bank/Edit Akun Bank/Toast Notification Data Berhasil Diubah"), STOP_ON_FAILURE): Unable to verify object 'Object Repository/Master Data/Admin Sekolah/Akun Bank/Edit Akun Bank/Toast Notification Data Berhasil Diubah' is visible (Root cause: com.kms.katalon.core.exception.StepFailedException: Unable to verify object 'Object Repository/Master Data/Admin Sekolah/Akun Bank/Edit Akun Bank/Toast Notification Data Berhasil Diubah' is visible
	at com.kms.katalon.core.webui.keyword.internal.WebUIKeywordMain.stepFailed(WebUIKeywordMain.groovy:117)
	at com.kms.katalon.core.webui.keyword.internal.WebUIKeywordMain.runKeyword(WebUIKeywordMain.groovy:43)
	at com.kms.katalon.core.webui.keyword.builtin.VerifyElementVisibleKeyword.verifyElementVisible(VerifyElementVisibleKeyword.groovy:97)
	at com.kms.katalon.core.webui.keyword.builtin.VerifyElementVisibleKeyword.execute(VerifyElementVisibleKeyword.groovy:67)
	at com.kms.katalon.core.keyword.internal.KeywordExecutor.executeKeywordForPlatform(KeywordExecutor.groovy:74)
	at com.kms.katalon.core.webui.keyword.WebUiBuiltInKeywords.verifyElementVisible(WebUiBuiltInKeywords.groovy:438)
	at Edit Akun Bank.run(Edit Akun Bank:90)
	at com.kms.katalon.core.main.ScriptEngine.run(ScriptEngine.java:194)
	at com.kms.katalon.core.main.ScriptEngine.runScriptAsRawText(ScriptEngine.java:119)
	at com.kms.katalon.core.main.TestCaseExecutor.runScript(TestCaseExecutor.java:448)
	at com.kms.katalon.core.main.TestCaseExecutor.doExecute(TestCaseExecutor.java:439)
	at com.kms.katalon.core.main.TestCaseExecutor.processExecutionPhase(TestCaseExecutor.java:418)
	at com.kms.katalon.core.main.TestCaseExecutor.accessMainPhase(TestCaseExecutor.java:410)
	at com.kms.katalon.core.main.TestCaseExecutor.execute(TestCaseExecutor.java:285)
	at com.kms.katalon.core.main.TestCaseMain.runTestCase(TestCaseMain.java:133)
	at com.kms.katalon.core.keyword.builtin.CallTestCaseKeyword$_callTestCase_closure1.doCall(CallTestCaseKeyword.groovy:59)
	at com.kms.katalon.core.keyword.builtin.CallTestCaseKeyword$_callTestCase_closure1.call(CallTestCaseKeyword.groovy)
	at com.kms.katalon.core.keyword.internal.KeywordMain.runKeyword(KeywordMain.groovy:75)
	at com.kms.katalon.core.keyword.builtin.CallTestCaseKeyword.callTestCase(CallTestCaseKeyword.groovy:81)
	at com.kms.katalon.core.keyword.builtin.CallTestCaseKeyword.execute(CallTestCaseKeyword.groovy:44)
	at com.kms.katalon.core.keyword.internal.KeywordExecutor.executeKeywordForPlatform(KeywordExecutor.groovy:74)
	at com.kms.katalon.core.keyword.BuiltinKeywords.callTestCase(BuiltinKeywords.groovy:310)
	at java.base/jdk.internal.reflect.NativeMethodAccessorImpl.invoke0(Native Method)
	at java.base/jdk.internal.reflect.NativeMethodAccessorImpl.invoke(NativeMethodAccessorImpl.java:77)
	at java.base/jdk.internal.reflect.DelegatingMethodAccessorImpl.invoke(DelegatingMethodAccessorImpl.java:43)
	at Regresi Akun Bank.run(Regresi Akun Bank:26)
	at com.kms.katalon.core.main.ScriptEngine.run(ScriptEngine.java:194)
	at com.kms.katalon.core.main.ScriptEngine.runScriptAsRawText(ScriptEngine.java:119)
	at com.kms.katalon.core.main.TestCaseExecutor.runScript(TestCaseExecutor.java:448)
	at com.kms.katalon.core.main.TestCaseExecutor.doExecute(TestCaseExecutor.java:439)
	at com.kms.katalon.core.main.TestCaseExecutor.processExecutionPhase(TestCaseExecutor.java:418)
	at com.kms.katalon.core.main.TestCaseExecutor.accessMainPhase(TestCaseExecutor.java:410)
	at com.kms.katalon.core.main.TestCaseExecutor.execute(TestCaseExecutor.java:285)
	at com.kms.katalon.core.common.CommonExecutor.accessTestCaseMainPhase(CommonExecutor.java:65)
	at com.kms.katalon.core.main.TestSuiteExecutor.accessTestSuiteMainPhase(TestSuiteExecutor.java:161)
	at com.kms.katalon.core.main.TestSuiteExecutor.execute(TestSuiteExecutor.java:107)
	at com.kms.katalon.core.main.TestCaseMain.startTestSuite(TestCaseMain.java:176)
	at TempTestSuite1735805561810.run(TempTestSuite1735805561810.groovy:35)
	at java.base/jdk.internal.reflect.NativeMethodAccessorImpl.invoke0(Native Method)
	at java.base/jdk.internal.reflect.NativeMethodAccessorImpl.invoke(NativeMethodAccessorImpl.java:77)
	at java.base/jdk.internal.reflect.DelegatingMethodAccessorImpl.invoke(DelegatingMethodAccessorImpl.java:43)
Caused by: com.kms.katalon.core.exception.StepFailedException: Object 'Object Repository/Master Data/Admin Sekolah/Akun Bank/Edit Akun Bank/Toast Notification Data Berhasil Diubah' is NOT visible
	at com.kms.katalon.core.webui.keyword.internal.WebUIKeywordMain.stepFailed(WebUIKeywordMain.groovy:117)
	at com.kms.katalon.core.webui.keyword.builtin.VerifyElementVisibleKeyword$_verifyElementVisible_closure1.doCall(VerifyElementVisibleKeyword.groovy:83)
	at com.kms.katalon.core.webui.keyword.builtin.VerifyElementVisibleKeyword$_verifyElementVisible_closure1.call(VerifyElementVisibleKeyword.groovy)
	at com.kms.katalon.core.webui.keyword.internal.WebUIKeywordMain.runKeyword(WebUIKeywordMain.groovy:35)
	... 39 more
)

02-01-2025T15:16:01 - [MESSAGE][INFO] - Unable to find the element located by 'By.xpath: (//div[@id='success-edit-data-bank-account'])[2]'. Please recheck the objects properties to make sure the desired element is located. 

02-01-2025T15:16:01 - [MESSAGE][WARNING] - [SELF-HEALING] Failed to find element with id 'Object Repository/Master Data/Admin Sekolah/Akun Bank/Edit Akun Bank/Toast Notification Data Berhasil Diubah'. Try using Self-healing.

02-01-2025T15:16:01 - [MESSAGE][WARNING] - [SELF-HEALING] The current locator of test object 'Object Repository/Master Data/Admin Sekolah/Akun Bank/Edit Akun Bank/Toast Notification Data Berhasil Diubah' was broken. Propose an alternative one: '(.//*[normalize-space(text()) and normalize-space(.)='of'])[2]/following::div[14]'.

02-01-2025T15:16:01 - [MESSAGE][FAILED] - Object 'Object Repository/Master Data/Admin Sekolah/Akun Bank/Edit Akun Bank/Toast Notification Data Berhasil Diubah' is NOT visible (Root cause: com.kms.katalon.core.exception.StepFailedException: Object 'Object Repository/Master Data/Admin Sekolah/Akun Bank/Edit Akun Bank/Toast Notification Data Berhasil Diubah' is NOT visible
	at com.kms.katalon.core.webui.keyword.internal.WebUIKeywordMain.stepFailed(WebUIKeywordMain.groovy:117)
	at com.kms.katalon.core.webui.keyword.builtin.VerifyElementVisibleKeyword$_verifyElementVisible_closure1.doCall(VerifyElementVisibleKeyword.groovy:83)
	at com.kms.katalon.core.webui.keyword.builtin.VerifyElementVisibleKeyword$_verifyElementVisible_closure1.call(VerifyElementVisibleKeyword.groovy)
	at com.kms.katalon.core.webui.keyword.internal.WebUIKeywordMain.runKeyword(WebUIKeywordMain.groovy:35)
	at com.kms.katalon.core.webui.keyword.builtin.VerifyElementVisibleKeyword.verifyElementVisible(VerifyElementVisibleKeyword.groovy:97)
	at com.kms.katalon.core.webui.keyword.builtin.VerifyElementVisibleKeyword.execute(VerifyElementVisibleKeyword.groovy:67)
	at com.kms.katalon.core.keyword.internal.KeywordExecutor.executeKeywordForPlatform(KeywordExecutor.groovy:74)
	at com.kms.katalon.core.webui.keyword.WebUiBuiltInKeywords.verifyElementVisible(WebUiBuiltInKeywords.groovy:438)
	at Edit Akun Bank.run(Edit Akun Bank:90)
	at com.kms.katalon.core.main.ScriptEngine.run(ScriptEngine.java:194)
	at com.kms.katalon.core.main.ScriptEngine.runScriptAsRawText(ScriptEngine.java:119)
	at com.kms.katalon.core.main.TestCaseExecutor.runScript(TestCaseExecutor.java:448)
	at com.kms.katalon.core.main.TestCaseExecutor.doExecute(TestCaseExecutor.java:439)
	at com.kms.katalon.core.main.TestCaseExecutor.processExecutionPhase(TestCaseExecutor.java:418)
	at com.kms.katalon.core.main.TestCaseExecutor.accessMainPhase(TestCaseExecutor.java:410)
	at com.kms.katalon.core.main.TestCaseExecutor.execute(TestCaseExecutor.java:285)
	at com.kms.katalon.core.main.TestCaseMain.runTestCase(TestCaseMain.java:133)
	at com.kms.katalon.core.keyword.builtin.CallTestCaseKeyword$_callTestCase_closure1.doCall(CallTestCaseKeyword.groovy:59)
	at com.kms.katalon.core.keyword.builtin.CallTestCaseKeyword$_callTestCase_closure1.call(CallTestCaseKeyword.groovy)
	at com.kms.katalon.core.keyword.internal.KeywordMain.runKeyword(KeywordMain.groovy:75)
	at com.kms.katalon.core.keyword.builtin.CallTestCaseKeyword.callTestCase(CallTestCaseKeyword.groovy:81)
	at com.kms.katalon.core.keyword.builtin.CallTestCaseKeyword.execute(CallTestCaseKeyword.groovy:44)
	at com.kms.katalon.core.keyword.internal.KeywordExecutor.executeKeywordForPlatform(KeywordExecutor.groovy:74)
	at com.kms.katalon.core.keyword.BuiltinKeywords.callTestCase(BuiltinKeywords.groovy:310)
	at java.base/jdk.internal.reflect.NativeMethodAccessorImpl.invoke0(Native Method)
	at java.base/jdk.internal.reflect.NativeMethodAccessorImpl.invoke(NativeMethodAccessorImpl.java:77)
	at java.base/jdk.internal.reflect.DelegatingMethodAccessorImpl.invoke(DelegatingMethodAccessorImpl.java:43)
	at Regresi Akun Bank.run(Regresi Akun Bank:26)
	at com.kms.katalon.core.main.ScriptEngine.run(ScriptEngine.java:194)
	at com.kms.katalon.core.main.ScriptEngine.runScriptAsRawText(ScriptEngine.java:119)
	at com.kms.katalon.core.main.TestCaseExecutor.runScript(TestCaseExecutor.java:448)
	at com.kms.katalon.core.main.TestCaseExecutor.doExecute(TestCaseExecutor.java:439)
	at com.kms.katalon.core.main.TestCaseExecutor.processExecutionPhase(TestCaseExecutor.java:418)
	at com.kms.katalon.core.main.TestCaseExecutor.accessMainPhase(TestCaseExecutor.java:410)
	at com.kms.katalon.core.main.TestCaseExecutor.execute(TestCaseExecutor.java:285)
	at com.kms.katalon.core.common.CommonExecutor.accessTestCaseMainPhase(CommonExecutor.java:65)
	at com.kms.katalon.core.main.TestSuiteExecutor.accessTestSuiteMainPhase(TestSuiteExecutor.java:161)
	at com.kms.katalon.core.main.TestSuiteExecutor.execute(TestSuiteExecutor.java:107)
	at com.kms.katalon.core.main.TestCaseMain.startTestSuite(TestCaseMain.java:176)
	at TempTestSuite1735805561810.run(TempTestSuite1735805561810.groovy:35)
	at java.base/jdk.internal.reflect.NativeMethodAccessorImpl.invoke0(Native Method)
	at java.base/jdk.internal.reflect.NativeMethodAccessorImpl.invoke(NativeMethodAccessorImpl.java:77)
	at java.base/jdk.internal.reflect.DelegatingMethodAccessorImpl.invoke(DelegatingMethodAccessorImpl.java:43)
)
[[ATTACHMENT|C:\\Users\\henri\\Videos\\school-payment-automation-testing\\Reports\\20250102_151240\\SPRINT 1\\20250102_151241\\1735805761297.png]]

02-01-2025T15:16:01 - [MESSAGE][FAILED] - Unable to verify object 'Object Repository/Master Data/Admin Sekolah/Akun Bank/Edit Akun Bank/Toast Notification Data Berhasil Diubah' is visible (Root cause: com.kms.katalon.core.exception.StepFailedException: Unable to verify object 'Object Repository/Master Data/Admin Sekolah/Akun Bank/Edit Akun Bank/Toast Notification Data Berhasil Diubah' is visible
	at com.kms.katalon.core.webui.keyword.internal.WebUIKeywordMain.stepFailed(WebUIKeywordMain.groovy:117)
	at com.kms.katalon.core.webui.keyword.internal.WebUIKeywordMain.runKeyword(WebUIKeywordMain.groovy:43)
	at com.kms.katalon.core.webui.keyword.builtin.VerifyElementVisibleKeyword.verifyElementVisible(VerifyElementVisibleKeyword.groovy:97)
	at com.kms.katalon.core.webui.keyword.builtin.VerifyElementVisibleKeyword.execute(VerifyElementVisibleKeyword.groovy:67)
	at com.kms.katalon.core.keyword.internal.KeywordExecutor.executeKeywordForPlatform(KeywordExecutor.groovy:74)
	at com.kms.katalon.core.webui.keyword.WebUiBuiltInKeywords.verifyElementVisible(WebUiBuiltInKeywords.groovy:438)
	at Edit Akun Bank.run(Edit Akun Bank:90)
	at com.kms.katalon.core.main.ScriptEngine.run(ScriptEngine.java:194)
	at com.kms.katalon.core.main.ScriptEngine.runScriptAsRawText(ScriptEngine.java:119)
	at com.kms.katalon.core.main.TestCaseExecutor.runScript(TestCaseExecutor.java:448)
	at com.kms.katalon.core.main.TestCaseExecutor.doExecute(TestCaseExecutor.java:439)
	at com.kms.katalon.core.main.TestCaseExecutor.processExecutionPhase(TestCaseExecutor.java:418)
	at com.kms.katalon.core.main.TestCaseExecutor.accessMainPhase(TestCaseExecutor.java:410)
	at com.kms.katalon.core.main.TestCaseExecutor.execute(TestCaseExecutor.java:285)
	at com.kms.katalon.core.main.TestCaseMain.runTestCase(TestCaseMain.java:133)
	at com.kms.katalon.core.keyword.builtin.CallTestCaseKeyword$_callTestCase_closure1.doCall(CallTestCaseKeyword.groovy:59)
	at com.kms.katalon.core.keyword.builtin.CallTestCaseKeyword$_callTestCase_closure1.call(CallTestCaseKeyword.groovy)
	at com.kms.katalon.core.keyword.internal.KeywordMain.runKeyword(KeywordMain.groovy:75)
	at com.kms.katalon.core.keyword.builtin.CallTestCaseKeyword.callTestCase(CallTestCaseKeyword.groovy:81)
	at com.kms.katalon.core.keyword.builtin.CallTestCaseKeyword.execute(CallTestCaseKeyword.groovy:44)
	at com.kms.katalon.core.keyword.internal.KeywordExecutor.executeKeywordForPlatform(KeywordExecutor.groovy:74)
	at com.kms.katalon.core.keyword.BuiltinKeywords.callTestCase(BuiltinKeywords.groovy:310)
	at java.base/jdk.internal.reflect.NativeMethodAccessorImpl.invoke0(Native Method)
	at java.base/jdk.internal.reflect.NativeMethodAccessorImpl.invoke(NativeMethodAccessorImpl.java:77)
	at java.base/jdk.internal.reflect.DelegatingMethodAccessorImpl.invoke(DelegatingMethodAccessorImpl.java:43)
	at Regresi Akun Bank.run(Regresi Akun Bank:26)
	at com.kms.katalon.core.main.ScriptEngine.run(ScriptEngine.java:194)
	at com.kms.katalon.core.main.ScriptEngine.runScriptAsRawText(ScriptEngine.java:119)
	at com.kms.katalon.core.main.TestCaseExecutor.runScript(TestCaseExecutor.java:448)
	at com.kms.katalon.core.main.TestCaseExecutor.doExecute(TestCaseExecutor.java:439)
	at com.kms.katalon.core.main.TestCaseExecutor.processExecutionPhase(TestCaseExecutor.java:418)
	at com.kms.katalon.core.main.TestCaseExecutor.accessMainPhase(TestCaseExecutor.java:410)
	at com.kms.katalon.core.main.TestCaseExecutor.execute(TestCaseExecutor.java:285)
	at com.kms.katalon.core.common.CommonExecutor.accessTestCaseMainPhase(CommonExecutor.java:65)
	at com.kms.katalon.core.main.TestSuiteExecutor.accessTestSuiteMainPhase(TestSuiteExecutor.java:161)
	at com.kms.katalon.core.main.TestSuiteExecutor.execute(TestSuiteExecutor.java:107)
	at com.kms.katalon.core.main.TestCaseMain.startTestSuite(TestCaseMain.java:176)
	at TempTestSuite1735805561810.run(TempTestSuite1735805561810.groovy:35)
	at java.base/jdk.internal.reflect.NativeMethodAccessorImpl.invoke0(Native Method)
	at java.base/jdk.internal.reflect.NativeMethodAccessorImpl.invoke(NativeMethodAccessorImpl.java:77)
	at java.base/jdk.internal.reflect.DelegatingMethodAccessorImpl.invoke(DelegatingMethodAccessorImpl.java:43)
Caused by: com.kms.katalon.core.exception.StepFailedException: Object 'Object Repository/Master Data/Admin Sekolah/Akun Bank/Edit Akun Bank/Toast Notification Data Berhasil Diubah' is NOT visible
	at com.kms.katalon.core.webui.keyword.internal.WebUIKeywordMain.stepFailed(WebUIKeywordMain.groovy:117)
	at com.kms.katalon.core.webui.keyword.builtin.VerifyElementVisibleKeyword$_verifyElementVisible_closure1.doCall(VerifyElementVisibleKeyword.groovy:83)
	at com.kms.katalon.core.webui.keyword.builtin.VerifyElementVisibleKeyword$_verifyElementVisible_closure1.call(VerifyElementVisibleKeyword.groovy)
	at com.kms.katalon.core.webui.keyword.internal.WebUIKeywordMain.runKeyword(WebUIKeywordMain.groovy:35)
	... 39 more
)
[[ATTACHMENT|C:\\Users\\henri\\Videos\\school-payment-automation-testing\\Reports\\20250102_151240\\SPRINT 1\\20250102_151241\\1735805761413.png]]

02-01-2025T15:16:01 - [MESSAGE][INFO] - 

02-01-2025T15:16:01 - [MESSAGE][INFO] - ===================== Self-healing Report ====================

02-01-2025T15:16:01 - [MESSAGE][INFO] - One of the failed test object locators has been recovered by Self-healing. Please refer to the Self-healing Insights tab for more details.

02-01-2025T15:16:01 - [MESSAGE][INFO] - To learn more about Self-healing, please read https://docs.katalon.com/katalon-studio/docs/self-healing.html

02-01-2025T15:16:01 - [MESSAGE][INFO] - ==============================================================

02-01-2025T15:16:01 - [MESSAGE][FAILED] - Unable to call Test Case 'Test Cases/Master Data/Admin Sekolah/Master Data Akun Bank/Edit Akun Bank' (Root cause: com.kms.katalon.core.exception.StepFailedException: Call Test Case 'Test Cases/Master Data/Admin Sekolah/Master Data Akun Bank/Edit Akun Bank' failed
	at com.kms.katalon.core.keyword.builtin.CallTestCaseKeyword$_callTestCase_closure1.doCall(CallTestCaseKeyword.groovy:63)
	at com.kms.katalon.core.keyword.builtin.CallTestCaseKeyword$_callTestCase_closure1.call(CallTestCaseKeyword.groovy)
	at com.kms.katalon.core.keyword.internal.KeywordMain.runKeyword(KeywordMain.groovy:75)
	at com.kms.katalon.core.keyword.builtin.CallTestCaseKeyword.callTestCase(CallTestCaseKeyword.groovy:81)
	at com.kms.katalon.core.keyword.builtin.CallTestCaseKeyword.execute(CallTestCaseKeyword.groovy:44)
	at com.kms.katalon.core.keyword.internal.KeywordExecutor.executeKeywordForPlatform(KeywordExecutor.groovy:74)
	at com.kms.katalon.core.keyword.BuiltinKeywords.callTestCase(BuiltinKeywords.groovy:310)
	at java.base/jdk.internal.reflect.NativeMethodAccessorImpl.invoke0(Native Method)
	at java.base/jdk.internal.reflect.NativeMethodAccessorImpl.invoke(NativeMethodAccessorImpl.java:77)
	at java.base/jdk.internal.reflect.DelegatingMethodAccessorImpl.invoke(DelegatingMethodAccessorImpl.java:43)
	at Regresi Akun Bank.run(Regresi Akun Bank:26)
	at com.kms.katalon.core.main.ScriptEngine.run(ScriptEngine.java:194)
	at com.kms.katalon.core.main.ScriptEngine.runScriptAsRawText(ScriptEngine.java:119)
	at com.kms.katalon.core.main.TestCaseExecutor.runScript(TestCaseExecutor.java:448)
	at com.kms.katalon.core.main.TestCaseExecutor.doExecute(TestCaseExecutor.java:439)
	at com.kms.katalon.core.main.TestCaseExecutor.processExecutionPhase(TestCaseExecutor.java:418)
	at com.kms.katalon.core.main.TestCaseExecutor.accessMainPhase(TestCaseExecutor.java:410)
	at com.kms.katalon.core.main.TestCaseExecutor.execute(TestCaseExecutor.java:285)
	at com.kms.katalon.core.common.CommonExecutor.accessTestCaseMainPhase(CommonExecutor.java:65)
	at com.kms.katalon.core.main.TestSuiteExecutor.accessTestSuiteMainPhase(TestSuiteExecutor.java:161)
	at com.kms.katalon.core.main.TestSuiteExecutor.execute(TestSuiteExecutor.java:107)
	at com.kms.katalon.core.main.TestCaseMain.startTestSuite(TestCaseMain.java:176)
	at TempTestSuite1735805561810.run(TempTestSuite1735805561810.groovy:35)
	at java.base/jdk.internal.reflect.NativeMethodAccessorImpl.invoke0(Native Method)
	at java.base/jdk.internal.reflect.NativeMethodAccessorImpl.invoke(NativeMethodAccessorImpl.java:77)
	at java.base/jdk.internal.reflect.DelegatingMethodAccessorImpl.invoke(DelegatingMethodAccessorImpl.java:43)
Caused by: com.kms.katalon.core.exception.StepFailedException: Unable to verify object 'Object Repository/Master Data/Admin Sekolah/Akun Bank/Edit Akun Bank/Toast Notification Data Berhasil Diubah' is visible
	at com.kms.katalon.core.webui.keyword.internal.WebUIKeywordMain.stepFailed(WebUIKeywordMain.groovy:117)
	at com.kms.katalon.core.webui.keyword.internal.WebUIKeywordMain.runKeyword(WebUIKeywordMain.groovy:43)
	at com.kms.katalon.core.webui.keyword.builtin.VerifyElementVisibleKeyword.verifyElementVisible(VerifyElementVisibleKeyword.groovy:97)
	at com.kms.katalon.core.webui.keyword.builtin.VerifyElementVisibleKeyword.execute(VerifyElementVisibleKeyword.groovy:67)
	at com.kms.katalon.core.keyword.internal.KeywordExecutor.executeKeywordForPlatform(KeywordExecutor.groovy:74)
	at com.kms.katalon.core.webui.keyword.WebUiBuiltInKeywords.verifyElementVisible(WebUiBuiltInKeywords.groovy:438)
	at Edit Akun Bank.run(Edit Akun Bank:90)
	at com.kms.katalon.core.main.ScriptEngine.run(ScriptEngine.java:194)
	at com.kms.katalon.core.main.ScriptEngine.runScriptAsRawText(ScriptEngine.java:119)
	at com.kms.katalon.core.main.TestCaseExecutor.runScript(TestCaseExecutor.java:448)
	at com.kms.katalon.core.main.TestCaseExecutor.doExecute(TestCaseExecutor.java:439)
	at com.kms.katalon.core.main.TestCaseExecutor.processExecutionPhase(TestCaseExecutor.java:418)
	at com.kms.katalon.core.main.TestCaseExecutor.accessMainPhase(TestCaseExecutor.java:410)
	at com.kms.katalon.core.main.TestCaseExecutor.execute(TestCaseExecutor.java:285)
	at com.kms.katalon.core.main.TestCaseMain.runTestCase(TestCaseMain.java:133)
	at com.kms.katalon.core.keyword.builtin.CallTestCaseKeyword$_callTestCase_closure1.doCall(CallTestCaseKeyword.groovy:59)
	... 25 more
Caused by: com.kms.katalon.core.exception.StepFailedException: Object 'Object Repository/Master Data/Admin Sekolah/Akun Bank/Edit Akun Bank/Toast Notification Data Berhasil Diubah' is NOT visible
	at com.kms.katalon.core.webui.keyword.internal.WebUIKeywordMain.stepFailed(WebUIKeywordMain.groovy:117)
	at com.kms.katalon.core.webui.keyword.builtin.VerifyElementVisibleKeyword$_verifyElementVisible_closure1.doCall(VerifyElementVisibleKeyword.groovy:83)
	at com.kms.katalon.core.webui.keyword.builtin.VerifyElementVisibleKeyword$_verifyElementVisible_closure1.call(VerifyElementVisibleKeyword.groovy)
	at com.kms.katalon.core.webui.keyword.internal.WebUIKeywordMain.runKeyword(WebUIKeywordMain.groovy:35)
	... 39 more
)

02-01-2025T15:16:01 - [TEST_STEP][PASSED] - println("============================= Loop Again ==============================="): null]]></system-out>
         <system-err><![CDATA[02-01-2025T15:12:51 - [TEST_CASE][FAILED] - Test Cases/Regresi Feature/Sprint 1/Regresi Akun Bank: Test Cases/Regresi Feature/Sprint 1/Regresi Akun Bank FAILED.
Reason:
com.kms.katalon.core.exception.StepFailedException: Unable to call Test Case 'Test Cases/Master Data/Admin Sekolah/Master Data Akun Bank/Edit Akun Bank' (Root cause: com.kms.katalon.core.exception.StepFailedException: Call Test Case 'Test Cases/Master Data/Admin Sekolah/Master Data Akun Bank/Edit Akun Bank' failed
	at com.kms.katalon.core.keyword.builtin.CallTestCaseKeyword$_callTestCase_closure1.doCall(CallTestCaseKeyword.groovy:63)
	at com.kms.katalon.core.keyword.builtin.CallTestCaseKeyword$_callTestCase_closure1.call(CallTestCaseKeyword.groovy)
	at com.kms.katalon.core.keyword.internal.KeywordMain.runKeyword(KeywordMain.groovy:75)
	at com.kms.katalon.core.keyword.builtin.CallTestCaseKeyword.callTestCase(CallTestCaseKeyword.groovy:81)
	at com.kms.katalon.core.keyword.builtin.CallTestCaseKeyword.execute(CallTestCaseKeyword.groovy:44)
	at com.kms.katalon.core.keyword.internal.KeywordExecutor.executeKeywordForPlatform(KeywordExecutor.groovy:74)
	at com.kms.katalon.core.keyword.BuiltinKeywords.callTestCase(BuiltinKeywords.groovy:310)
	at java.base/jdk.internal.reflect.NativeMethodAccessorImpl.invoke0(Native Method)
	at java.base/jdk.internal.reflect.NativeMethodAccessorImpl.invoke(NativeMethodAccessorImpl.java:77)
	at java.base/jdk.internal.reflect.DelegatingMethodAccessorImpl.invoke(DelegatingMethodAccessorImpl.java:43)
	at Regresi Akun Bank.run(Regresi Akun Bank:26)
	at com.kms.katalon.core.main.ScriptEngine.run(ScriptEngine.java:194)
	at com.kms.katalon.core.main.ScriptEngine.runScriptAsRawText(ScriptEngine.java:119)
	at com.kms.katalon.core.main.TestCaseExecutor.runScript(TestCaseExecutor.java:448)
	at com.kms.katalon.core.main.TestCaseExecutor.doExecute(TestCaseExecutor.java:439)
	at com.kms.katalon.core.main.TestCaseExecutor.processExecutionPhase(TestCaseExecutor.java:418)
	at com.kms.katalon.core.main.TestCaseExecutor.accessMainPhase(TestCaseExecutor.java:410)
	at com.kms.katalon.core.main.TestCaseExecutor.execute(TestCaseExecutor.java:285)
	at com.kms.katalon.core.common.CommonExecutor.accessTestCaseMainPhase(CommonExecutor.java:65)
	at com.kms.katalon.core.main.TestSuiteExecutor.accessTestSuiteMainPhase(TestSuiteExecutor.java:161)
	at com.kms.katalon.core.main.TestSuiteExecutor.execute(TestSuiteExecutor.java:107)
	at com.kms.katalon.core.main.TestCaseMain.startTestSuite(TestCaseMain.java:176)
	at TempTestSuite1735805561810.run(TempTestSuite1735805561810.groovy:35)
	at java.base/jdk.internal.reflect.NativeMethodAccessorImpl.invoke0(Native Method)
	at java.base/jdk.internal.reflect.NativeMethodAccessorImpl.invoke(NativeMethodAccessorImpl.java:77)
	at java.base/jdk.internal.reflect.DelegatingMethodAccessorImpl.invoke(DelegatingMethodAccessorImpl.java:43)
Caused by: com.kms.katalon.core.exception.StepFailedException: Unable to verify object 'Object Repository/Master Data/Admin Sekolah/Akun Bank/Edit Akun Bank/Toast Notification Data Berhasil Diubah' is visible
	at com.kms.katalon.core.webui.keyword.internal.WebUIKeywordMain.stepFailed(WebUIKeywordMain.groovy:117)
	at com.kms.katalon.core.webui.keyword.internal.WebUIKeywordMain.runKeyword(WebUIKeywordMain.groovy:43)
	at com.kms.katalon.core.webui.keyword.builtin.VerifyElementVisibleKeyword.verifyElementVisible(VerifyElementVisibleKeyword.groovy:97)
	at com.kms.katalon.core.webui.keyword.builtin.VerifyElementVisibleKeyword.execute(VerifyElementVisibleKeyword.groovy:67)
	at com.kms.katalon.core.keyword.internal.KeywordExecutor.executeKeywordForPlatform(KeywordExecutor.groovy:74)
	at com.kms.katalon.core.webui.keyword.WebUiBuiltInKeywords.verifyElementVisible(WebUiBuiltInKeywords.groovy:438)
	at Edit Akun Bank.run(Edit Akun Bank:90)
	at com.kms.katalon.core.main.ScriptEngine.run(ScriptEngine.java:194)
	at com.kms.katalon.core.main.ScriptEngine.runScriptAsRawText(ScriptEngine.java:119)
	at com.kms.katalon.core.main.TestCaseExecutor.runScript(TestCaseExecutor.java:448)
	at com.kms.katalon.core.main.TestCaseExecutor.doExecute(TestCaseExecutor.java:439)
	at com.kms.katalon.core.main.TestCaseExecutor.processExecutionPhase(TestCaseExecutor.java:418)
	at com.kms.katalon.core.main.TestCaseExecutor.accessMainPhase(TestCaseExecutor.java:410)
	at com.kms.katalon.core.main.TestCaseExecutor.execute(TestCaseExecutor.java:285)
	at com.kms.katalon.core.main.TestCaseMain.runTestCase(TestCaseMain.java:133)
	at com.kms.katalon.core.keyword.builtin.CallTestCaseKeyword$_callTestCase_closure1.doCall(CallTestCaseKeyword.groovy:59)
	... 25 more
Caused by: com.kms.katalon.core.exception.StepFailedException: Object 'Object Repository/Master Data/Admin Sekolah/Akun Bank/Edit Akun Bank/Toast Notification Data Berhasil Diubah' is NOT visible
	at com.kms.katalon.core.webui.keyword.internal.WebUIKeywordMain.stepFailed(WebUIKeywordMain.groovy:117)
	at com.kms.katalon.core.webui.keyword.builtin.VerifyElementVisibleKeyword$_verifyElementVisible_closure1.doCall(VerifyElementVisibleKeyword.groovy:83)
	at com.kms.katalon.core.webui.keyword.builtin.VerifyElementVisibleKeyword$_verifyElementVisible_closure1.call(VerifyElementVisibleKeyword.groovy)
	at com.kms.katalon.core.webui.keyword.internal.WebUIKeywordMain.runKeyword(WebUIKeywordMain.groovy:35)
	... 39 more
)
	at com.kms.katalon.core.keyword.internal.KeywordMain.stepFailed(KeywordMain.groovy:39)
	at com.kms.katalon.core.keyword.internal.KeywordMain.stepFailed(KeywordMain.groovy)
	at com.kms.katalon.core.keyword.internal.KeywordMain.runKeyword(KeywordMain.groovy:77)
	at com.kms.katalon.core.keyword.builtin.CallTestCaseKeyword.callTestCase(CallTestCaseKeyword.groovy:81)
	at com.kms.katalon.core.keyword.builtin.CallTestCaseKeyword.execute(CallTestCaseKeyword.groovy:44)
	at com.kms.katalon.core.keyword.internal.KeywordExecutor.executeKeywordForPlatform(KeywordExecutor.groovy:74)
	at com.kms.katalon.core.keyword.BuiltinKeywords.callTestCase(BuiltinKeywords.groovy:310)
	at java.base/jdk.internal.reflect.NativeMethodAccessorImpl.invoke0(Native Method)
	at java.base/jdk.internal.reflect.NativeMethodAccessorImpl.invoke(NativeMethodAccessorImpl.java:77)
	at java.base/jdk.internal.reflect.DelegatingMethodAccessorImpl.invoke(DelegatingMethodAccessorImpl.java:43)
	at Regresi Akun Bank.run(Regresi Akun Bank:26)
	at com.kms.katalon.core.main.ScriptEngine.run(ScriptEngine.java:194)
	at com.kms.katalon.core.main.ScriptEngine.runScriptAsRawText(ScriptEngine.java:119)
	at com.kms.katalon.core.main.TestCaseExecutor.runScript(TestCaseExecutor.java:448)
	at com.kms.katalon.core.main.TestCaseExecutor.doExecute(TestCaseExecutor.java:439)
	at com.kms.katalon.core.main.TestCaseExecutor.processExecutionPhase(TestCaseExecutor.java:418)
	at com.kms.katalon.core.main.TestCaseExecutor.accessMainPhase(TestCaseExecutor.java:410)
	at com.kms.katalon.core.main.TestCaseExecutor.execute(TestCaseExecutor.java:285)
	at com.kms.katalon.core.common.CommonExecutor.accessTestCaseMainPhase(CommonExecutor.java:65)
	at com.kms.katalon.core.main.TestSuiteExecutor.accessTestSuiteMainPhase(TestSuiteExecutor.java:161)
	at com.kms.katalon.core.main.TestSuiteExecutor.execute(TestSuiteExecutor.java:107)
	at com.kms.katalon.core.main.TestCaseMain.startTestSuite(TestCaseMain.java:176)
	at TempTestSuite1735805561810.run(TempTestSuite1735805561810.groovy:35)
	at java.base/jdk.internal.reflect.NativeMethodAccessorImpl.invoke0(Native Method)
	at java.base/jdk.internal.reflect.NativeMethodAccessorImpl.invoke(NativeMethodAccessorImpl.java:77)
	at java.base/jdk.internal.reflect.DelegatingMethodAccessorImpl.invoke(DelegatingMethodAccessorImpl.java:43)
Caused by: com.kms.katalon.core.exception.StepFailedException: Call Test Case 'Test Cases/Master Data/Admin Sekolah/Master Data Akun Bank/Edit Akun Bank' failed
	at com.kms.katalon.core.keyword.builtin.CallTestCaseKeyword$_callTestCase_closure1.doCall(CallTestCaseKeyword.groovy:63)
	at com.kms.katalon.core.keyword.builtin.CallTestCaseKeyword$_callTestCase_closure1.call(CallTestCaseKeyword.groovy)
	at com.kms.katalon.core.keyword.internal.KeywordMain.runKeyword(KeywordMain.groovy:75)
	... 23 more
Caused by: com.kms.katalon.core.exception.StepFailedException: Unable to verify object 'Object Repository/Master Data/Admin Sekolah/Akun Bank/Edit Akun Bank/Toast Notification Data Berhasil Diubah' is visible
	at com.kms.katalon.core.webui.keyword.internal.WebUIKeywordMain.stepFailed(WebUIKeywordMain.groovy:117)
	at com.kms.katalon.core.webui.keyword.internal.WebUIKeywordMain.runKeyword(WebUIKeywordMain.groovy:43)
	at com.kms.katalon.core.webui.keyword.builtin.VerifyElementVisibleKeyword.verifyElementVisible(VerifyElementVisibleKeyword.groovy:97)
	at com.kms.katalon.core.webui.keyword.builtin.VerifyElementVisibleKeyword.execute(VerifyElementVisibleKeyword.groovy:67)
	at com.kms.katalon.core.keyword.internal.KeywordExecutor.executeKeywordForPlatform(KeywordExecutor.groovy:74)
	at com.kms.katalon.core.webui.keyword.WebUiBuiltInKeywords.verifyElementVisible(WebUiBuiltInKeywords.groovy:438)
	at Edit Akun Bank.run(Edit Akun Bank:90)
	at com.kms.katalon.core.main.ScriptEngine.run(ScriptEngine.java:194)
	at com.kms.katalon.core.main.ScriptEngine.runScriptAsRawText(ScriptEngine.java:119)
	at com.kms.katalon.core.main.TestCaseExecutor.runScript(TestCaseExecutor.java:448)
	at com.kms.katalon.core.main.TestCaseExecutor.doExecute(TestCaseExecutor.java:439)
	at com.kms.katalon.core.main.TestCaseExecutor.processExecutionPhase(TestCaseExecutor.java:418)
	at com.kms.katalon.core.main.TestCaseExecutor.accessMainPhase(TestCaseExecutor.java:410)
	at com.kms.katalon.core.main.TestCaseExecutor.execute(TestCaseExecutor.java:285)
	at com.kms.katalon.core.main.TestCaseMain.runTestCase(TestCaseMain.java:133)
	at com.kms.katalon.core.keyword.builtin.CallTestCaseKeyword$_callTestCase_closure1.doCall(CallTestCaseKeyword.groovy:59)
	... 25 more
Caused by: com.kms.katalon.core.exception.StepFailedException: Object 'Object Repository/Master Data/Admin Sekolah/Akun Bank/Edit Akun Bank/Toast Notification Data Berhasil Diubah' is NOT visible
	at com.kms.katalon.core.webui.keyword.internal.WebUIKeywordMain.stepFailed(WebUIKeywordMain.groovy:117)
	at com.kms.katalon.core.webui.keyword.builtin.VerifyElementVisibleKeyword$_verifyElementVisible_closure1.doCall(VerifyElementVisibleKeyword.groovy:83)
	at com.kms.katalon.core.webui.keyword.builtin.VerifyElementVisibleKeyword$_verifyElementVisible_closure1.call(VerifyElementVisibleKeyword.groovy)
	at com.kms.katalon.core.webui.keyword.internal.WebUIKeywordMain.runKeyword(WebUIKeywordMain.groovy:35)
	... 39 more]]></system-err>
      </testcase>
      <testcase name="Test Cases/Regresi Feature/Sprint 1/Regresi Kelas" time="296.428" classname="Test Cases/Regresi Feature/Sprint 1/Regresi Kelas" status="FAILED">
         <failure type="FAILED" message="Test Cases/Regresi Feature/Sprint 1/Regresi Kelas FAILED.&#xa;Reason:&#xa;com.kms.katalon.core.exception.StepFailedException: Unable to call Test Case 'Test Cases/Master Data/Admin Sekolah/Master Data Kelas/Tambah Kelas' (Root cause: com.kms.katalon.core.exception.StepFailedException: Call Test Case 'Test Cases/Master Data/Admin Sekolah/Master Data Kelas/Tambah Kelas' failed&#xa;	at com.kms.katalon.core.keyword.builtin.CallTestCaseKeyword$_callTestCase_closure1.doCall(CallTestCaseKeyword.groovy:63)&#xa;	at com.kms.katalon.core.keyword.builtin.CallTestCaseKeyword$_callTestCase_closure1.call(CallTestCaseKeyword.groovy)&#xa;	at com.kms.katalon.core.keyword.internal.KeywordMain.runKeyword(KeywordMain.groovy:75)&#xa;	at com.kms.katalon.core.keyword.builtin.CallTestCaseKeyword.callTestCase(CallTestCaseKeyword.groovy:81)&#xa;	at com.kms.katalon.core.keyword.builtin.CallTestCaseKeyword.execute(CallTestCaseKeyword.groovy:44)&#xa;	at com.kms.katalon.core.keyword.internal.KeywordExecutor.executeKeywordForPlatform(KeywordExecutor.groovy:74)&#xa;	at com.kms.katalon.core.keyword.BuiltinKeywords.callTestCase(BuiltinKeywords.groovy:310)&#xa;	at java.base/jdk.internal.reflect.NativeMethodAccessorImpl.invoke0(Native Method)&#xa;	at java.base/jdk.internal.reflect.NativeMethodAccessorImpl.invoke(NativeMethodAccessorImpl.java:77)&#xa;	at java.base/jdk.internal.reflect.DelegatingMethodAccessorImpl.invoke(DelegatingMethodAccessorImpl.java:43)&#xa;	at Regresi Kelas.run(Regresi Kelas:26)&#xa;	at com.kms.katalon.core.main.ScriptEngine.run(ScriptEngine.java:194)&#xa;	at com.kms.katalon.core.main.ScriptEngine.runScriptAsRawText(ScriptEngine.java:119)&#xa;	at com.kms.katalon.core.main.TestCaseExecutor.runScript(TestCaseExecutor.java:448)&#xa;	at com.kms.katalon.core.main.TestCaseExecutor.doExecute(TestCaseExecutor.java:439)&#xa;	at com.kms.katalon.core.main.TestCaseExecutor.processExecutionPhase(TestCaseExecutor.java:418)&#xa;	at com.kms.katalon.core.main.TestCaseExecutor.accessMainPhase(TestCaseExecutor.java:410)&#xa;	at com.kms.katalon.core.main.TestCaseExecutor.execute(TestCaseExecutor.java:285)&#xa;	at com.kms.katalon.core.common.CommonExecutor.accessTestCaseMainPhase(CommonExecutor.java:65)&#xa;	at com.kms.katalon.core.main.TestSuiteExecutor.accessTestSuiteMainPhase(TestSuiteExecutor.java:161)&#xa;	at com.kms.katalon.core.main.TestSuiteExecutor.execute(TestSuiteExecutor.java:107)&#xa;	at com.kms.katalon.core.main.TestCaseMain.startTestSuite(TestCaseMain.java:176)&#xa;	at TempTestSuite1735805561810.run(TempTestSuite1735805561810.groovy:35)&#xa;	at java.base/jdk.internal.reflect.NativeMethodAccessorImpl.invoke0(Native Method)&#xa;	at java.base/jdk.internal.reflect.NativeMethodAccessorImpl.invoke(NativeMethodAccessorImpl.java:77)&#xa;	at java.base/jdk.internal.reflect.DelegatingMethodAccessorImpl.invoke(DelegatingMethodAccessorImpl.java:43)&#xa;Caused by: com.kms.katalon.core.exception.StepFailedException: Unable to click on object 'Object Repository/Master Data/Admin Sekolah/Tambah Kelas/Modal Tambah/Prefix/Pilih Prefix' (Root cause: com.kms.katalon.core.exception.StepFailedException: Unable to click on object 'Object Repository/Master Data/Admin Sekolah/Tambah Kelas/Modal Tambah/Prefix/Pilih Prefix'&#xa;	at com.kms.katalon.core.webui.keyword.internal.WebUIKeywordMain.stepFailed(WebUIKeywordMain.groovy:117)&#xa;	at com.kms.katalon.core.webui.keyword.internal.WebUIKeywordMain.runKeyword(WebUIKeywordMain.groovy:43)&#xa;	at com.kms.katalon.core.webui.keyword.builtin.ClickKeyword.click(ClickKeyword.groovy:75)&#xa;	at com.kms.katalon.core.webui.keyword.builtin.ClickKeyword.execute(ClickKeyword.groovy:40)&#xa;	at com.kms.katalon.core.keyword.internal.KeywordExecutor.executeKeywordForPlatform(KeywordExecutor.groovy:74)&#xa;	at com.kms.katalon.core.webui.keyword.WebUiBuiltInKeywords.click(WebUiBuiltInKeywords.groovy:684)&#xa;	at Tambah Kelas.run(Tambah Kelas:46)&#xa;	at com.kms.katalon.core.main.ScriptEngine.run(ScriptEngine.java:194)&#xa;	at com.kms.katalon.core.main.ScriptEngine.runScriptAsRawText(ScriptEngine.java:119)&#xa;	at com.kms.katalon.core.main.TestCaseExecutor.runScript(TestCaseExecutor.java:448)&#xa;	at com.kms.katalon.core.main.TestCaseExecutor.doExecute(TestCaseExecutor.java:439)&#xa;	at com.kms.katalon.core.main.TestCaseExecutor.processExecutionPhase(TestCaseExecutor.java:418)&#xa;	at com.kms.katalon.core.main.TestCaseExecutor.accessMainPhase(TestCaseExecutor.java:410)&#xa;	at com.kms.katalon.core.main.TestCaseExecutor.execute(TestCaseExecutor.java:285)&#xa;	at com.kms.katalon.core.main.TestCaseMain.runTestCase(TestCaseMain.java:133)&#xa;	at com.kms.katalon.core.keyword.builtin.CallTestCaseKeyword$_callTestCase_closure1.doCall(CallTestCaseKeyword.groovy:59)&#xa;	at com.kms.katalon.core.keyword.builtin.CallTestCaseKeyword$_callTestCase_closure1.call(CallTestCaseKeyword.groovy)&#xa;	at com.kms.katalon.core.keyword.internal.KeywordMain.runKeyword(KeywordMain.groovy:75)&#xa;	at com.kms.katalon.core.keyword.builtin.CallTestCaseKeyword.callTestCase(CallTestCaseKeyword.groovy:81)&#xa;	at com.kms.katalon.core.keyword.builtin.CallTestCaseKeyword.execute(CallTestCaseKeyword.groovy:44)&#xa;	at com.kms.katalon.core.keyword.internal.KeywordExecutor.executeKeywordForPlatform(KeywordExecutor.groovy:74)&#xa;	at com.kms.katalon.core.keyword.BuiltinKeywords.callTestCase(BuiltinKeywords.groovy:310)&#xa;	at java.base/jdk.internal.reflect.NativeMethodAccessorImpl.invoke0(Native Method)&#xa;	at java.base/jdk.internal.reflect.NativeMethodAccessorImpl.invoke(NativeMethodAccessorImpl.java:77)&#xa;	at java.base/jdk.internal.reflect.DelegatingMethodAccessorImpl.invoke(DelegatingMethodAccessorImpl.java:43)&#xa;	at Regresi Kelas.run(Regresi Kelas:26)&#xa;	at com.kms.katalon.core.main.ScriptEngine.run(ScriptEngine.java:194)&#xa;	at com.kms.katalon.core.main.ScriptEngine.runScriptAsRawText(ScriptEngine.java:119)&#xa;	at com.kms.katalon.core.main.TestCaseExecutor.runScript(TestCaseExecutor.java:448)&#xa;	at com.kms.katalon.core.main.TestCaseExecutor.doExecute(TestCaseExecutor.java:439)&#xa;	at com.kms.katalon.core.main.TestCaseExecutor.processExecutionPhase(TestCaseExecutor.java:418)&#xa;	at com.kms.katalon.core.main.TestCaseExecutor.accessMainPhase(TestCaseExecutor.java:410)&#xa;	at com.kms.katalon.core.main.TestCaseExecutor.execute(TestCaseExecutor.java:285)&#xa;	at com.kms.katalon.core.common.CommonExecutor.accessTestCaseMainPhase(CommonExecutor.java:65)&#xa;	at com.kms.katalon.core.main.TestSuiteExecutor.accessTestSuiteMainPhase(TestSuiteExecutor.java:161)&#xa;	at com.kms.katalon.core.main.TestSuiteExecutor.execute(TestSuiteExecutor.java:107)&#xa;	at com.kms.katalon.core.main.TestCaseMain.startTestSuite(TestCaseMain.java:176)&#xa;	at TempTestSuite1735805561810.run(TempTestSuite1735805561810.groovy:35)&#xa;	at java.base/jdk.internal.reflect.NativeMethodAccessorImpl.invoke0(Native Method)&#xa;	at java.base/jdk.internal.reflect.NativeMethodAccessorImpl.invoke(NativeMethodAccessorImpl.java:77)&#xa;	at java.base/jdk.internal.reflect.DelegatingMethodAccessorImpl.invoke(DelegatingMethodAccessorImpl.java:43)&#xa;Caused by: com.kms.katalon.core.webui.exception.WebElementNotFoundException: Web element with id: 'Object Repository/Master Data/Admin Sekolah/Tambah Kelas/Modal Tambah/Prefix/Pilih Prefix' located by '//*[@data-testid = 'paragraph' and (text() = 'RETEST' or . = 'RETEST')]' not found&#xa;	at com.kms.katalon.core.webui.common.WebUiCommonHelper.findWebElement(WebUiCommonHelper.java:1426)&#xa;	at com.kms.katalon.core.webui.keyword.internal.WebUIAbstractKeyword.findWebElement(WebUIAbstractKeyword.groovy:27)&#xa;	at com.kms.katalon.core.webui.keyword.builtin.ClickKeyword$_click_closure1.doCall(ClickKeyword.groovy:66)&#xa;	at com.kms.katalon.core.webui.keyword.builtin.ClickKeyword$_click_closure1.call(ClickKeyword.groovy)&#xa;	at com.kms.katalon.core.webui.keyword.internal.WebUIKeywordMain.runKeyword(WebUIKeywordMain.groovy:35)&#xa;	at com.kms.katalon.core.webui.keyword.builtin.ClickKeyword.click(ClickKeyword.groovy:75)&#xa;	at com.kms.katalon.core.webui.keyword.builtin.ClickKeyword.execute(ClickKeyword.groovy:40)&#xa;	at com.kms.katalon.core.keyword.internal.KeywordExecutor.executeKeywordForPlatform(KeywordExecutor.groovy:74)&#xa;	at com.kms.katalon.core.webui.keyword.WebUiBuiltInKeywords.click(WebUiBuiltInKeywords.groovy:684)&#xa;	at Script1731464206565.run(Script1731464206565.groovy:46)&#xa;	at com.kms.katalon.core.main.ScriptEngine.run(ScriptEngine.java:194)&#xa;	at com.kms.katalon.core.main.ScriptEngine.runScriptAsRawText(ScriptEngine.java:119)&#xa;	at com.kms.katalon.core.main.TestCaseExecutor.runScript(TestCaseExecutor.java:448)&#xa;	at com.kms.katalon.core.main.TestCaseExecutor.doExecute(TestCaseExecutor.java:439)&#xa;	at com.kms.katalon.core.main.TestCaseExecutor.processExecutionPhase(TestCaseExecutor.java:418)&#xa;	at com.kms.katalon.core.main.TestCaseExecutor.accessMainPhase(TestCaseExecutor.java:410)&#xa;	at com.kms.katalon.core.main.TestCaseExecutor.execute(TestCaseExecutor.java:285)&#xa;	at com.kms.katalon.core.main.TestCaseMain.runTestCase(TestCaseMain.java:133)&#xa;	at com.kms.katalon.core.keyword.builtin.CallTestCaseKeyword$_callTestCase_closure1.doCall(CallTestCaseKeyword.groovy:59)&#xa;	at com.kms.katalon.core.keyword.builtin.CallTestCaseKeyword$_callTestCase_closure1.call(CallTestCaseKeyword.groovy)&#xa;	at com.kms.katalon.core.keyword.internal.KeywordMain.runKeyword(KeywordMain.groovy:75)&#xa;	at com.kms.katalon.core.keyword.builtin.CallTestCaseKeyword.callTestCase(CallTestCaseKeyword.groovy:81)&#xa;	at com.kms.katalon.core.keyword.builtin.CallTestCaseKeyword.execute(CallTestCaseKeyword.groovy:44)&#xa;	at com.kms.katalon.core.keyword.internal.KeywordExecutor.executeKeywordForPlatform(KeywordExecutor.groovy:74)&#xa;	at com.kms.katalon.core.keyword.BuiltinKeywords.callTestCase(BuiltinKeywords.groovy:310)&#xa;	at java.base/jdk.internal.reflect.NativeMethodAccessorImpl.invoke0(Native Method)&#xa;	at java.base/jdk.internal.reflect.NativeMethodAccessorImpl.invoke(NativeMethodAccessorImpl.java:77)&#xa;	at java.base/jdk.internal.reflect.DelegatingMethodAccessorImpl.invoke(DelegatingMethodAccessorImpl.java:43)&#xa;	at Script1735746406961.run(Script1735746406961.groovy:26)&#xa;	... 15 more&#xa;)&#xa;	at com.kms.katalon.core.keyword.internal.KeywordMain.stepFailed(KeywordMain.groovy:39)&#xa;	at com.kms.katalon.core.webui.keyword.internal.WebUIKeywordMain.stepFailed(WebUIKeywordMain.groovy:117)&#xa;	at com.kms.katalon.core.webui.keyword.internal.WebUIKeywordMain.runKeyword(WebUIKeywordMain.groovy:43)&#xa;	at com.kms.katalon.core.webui.keyword.builtin.ClickKeyword.click(ClickKeyword.groovy:75)&#xa;	at com.kms.katalon.core.webui.keyword.builtin.ClickKeyword.execute(ClickKeyword.groovy:40)&#xa;	at com.kms.katalon.core.keyword.internal.KeywordExecutor.executeKeywordForPlatform(KeywordExecutor.groovy:74)&#xa;	at com.kms.katalon.core.webui.keyword.WebUiBuiltInKeywords.click(WebUiBuiltInKeywords.groovy:684)&#xa;	at Tambah Kelas.run(Tambah Kelas:46)&#xa;	at com.kms.katalon.core.main.ScriptEngine.run(ScriptEngine.java:194)&#xa;	at com.kms.katalon.core.main.ScriptEngine.runScriptAsRawText(ScriptEngine.java:119)&#xa;	at com.kms.katalon.core.main.TestCaseExecutor.runScript(TestCaseExecutor.java:448)&#xa;	at com.kms.katalon.core.main.TestCaseExecutor.doExecute(TestCaseExecutor.java:439)&#xa;	at com.kms.katalon.core.main.TestCaseExecutor.processExecutionPhase(TestCaseExecutor.java:418)&#xa;	at com.kms.katalon.core.main.TestCaseExecutor.accessMainPhase(TestCaseExecutor.java:410)&#xa;	at com.kms.katalon.core.main.TestCaseExecutor.execute(TestCaseExecutor.java:285)&#xa;	at com.kms.katalon.core.main.TestCaseMain.runTestCase(TestCaseMain.java:133)&#xa;	at com.kms.katalon.core.keyword.builtin.CallTestCaseKeyword$_callTestCase_closure1.doCall(CallTestCaseKeyword.groovy:59)&#xa;	... 25 more&#xa;Caused by: com.kms.katalon.core.exception.StepFailedException: Unable to click on object 'Object Repository/Master Data/Admin Sekolah/Tambah Kelas/Modal Tambah/Prefix/Pilih Prefix'&#xa;	... 41 more&#xa;Caused by: com.kms.katalon.core.webui.exception.WebElementNotFoundException: Web element with id: 'Object Repository/Master Data/Admin Sekolah/Tambah Kelas/Modal Tambah/Prefix/Pilih Prefix' located by '//*[@data-testid = 'paragraph' and (text() = 'RETEST' or . = 'RETEST')]' not found&#xa;	at com.kms.katalon.core.webui.common.WebUiCommonHelper.findWebElement(WebUiCommonHelper.java:1426)&#xa;	at com.kms.katalon.core.webui.keyword.internal.WebUIAbstractKeyword.findWebElement(WebUIAbstractKeyword.groovy:27)&#xa;	at com.kms.katalon.core.webui.keyword.builtin.ClickKeyword$_click_closure1.doCall(ClickKeyword.groovy:66)&#xa;	at com.kms.katalon.core.webui.keyword.builtin.ClickKeyword$_click_closure1.call(ClickKeyword.groovy)&#xa;	at com.kms.katalon.core.webui.keyword.internal.WebUIKeywordMain.runKeyword(WebUIKeywordMain.groovy:35)&#xa;	... 39 more&#xa;)&#xa;	at com.kms.katalon.core.keyword.internal.KeywordMain.stepFailed(KeywordMain.groovy:39)&#xa;	at com.kms.katalon.core.keyword.internal.KeywordMain.stepFailed(KeywordMain.groovy)&#xa;	at com.kms.katalon.core.keyword.internal.KeywordMain.runKeyword(KeywordMain.groovy:77)&#xa;	at com.kms.katalon.core.keyword.builtin.CallTestCaseKeyword.callTestCase(CallTestCaseKeyword.groovy:81)&#xa;	at com.kms.katalon.core.keyword.builtin.CallTestCaseKeyword.execute(CallTestCaseKeyword.groovy:44)&#xa;	at com.kms.katalon.core.keyword.internal.KeywordExecutor.executeKeywordForPlatform(KeywordExecutor.groovy:74)&#xa;	at com.kms.katalon.core.keyword.BuiltinKeywords.callTestCase(BuiltinKeywords.groovy:310)&#xa;	at java.base/jdk.internal.reflect.NativeMethodAccessorImpl.invoke0(Native Method)&#xa;	at java.base/jdk.internal.reflect.NativeMethodAccessorImpl.invoke(NativeMethodAccessorImpl.java:77)&#xa;	at java.base/jdk.internal.reflect.DelegatingMethodAccessorImpl.invoke(DelegatingMethodAccessorImpl.java:43)&#xa;	at Regresi Kelas.run(Regresi Kelas:26)&#xa;	at com.kms.katalon.core.main.ScriptEngine.run(ScriptEngine.java:194)&#xa;	at com.kms.katalon.core.main.ScriptEngine.runScriptAsRawText(ScriptEngine.java:119)&#xa;	at com.kms.katalon.core.main.TestCaseExecutor.runScript(TestCaseExecutor.java:448)&#xa;	at com.kms.katalon.core.main.TestCaseExecutor.doExecute(TestCaseExecutor.java:439)&#xa;	at com.kms.katalon.core.main.TestCaseExecutor.processExecutionPhase(TestCaseExecutor.java:418)&#xa;	at com.kms.katalon.core.main.TestCaseExecutor.accessMainPhase(TestCaseExecutor.java:410)&#xa;	at com.kms.katalon.core.main.TestCaseExecutor.execute(TestCaseExecutor.java:285)&#xa;	at com.kms.katalon.core.common.CommonExecutor.accessTestCaseMainPhase(CommonExecutor.java:65)&#xa;	at com.kms.katalon.core.main.TestSuiteExecutor.accessTestSuiteMainPhase(TestSuiteExecutor.java:161)&#xa;	at com.kms.katalon.core.main.TestSuiteExecutor.execute(TestSuiteExecutor.java:107)&#xa;	at com.kms.katalon.core.main.TestCaseMain.startTestSuite(TestCaseMain.java:176)&#xa;	at TempTestSuite1735805561810.run(TempTestSuite1735805561810.groovy:35)&#xa;	at java.base/jdk.internal.reflect.NativeMethodAccessorImpl.invoke0(Native Method)&#xa;	at java.base/jdk.internal.reflect.NativeMethodAccessorImpl.invoke(NativeMethodAccessorImpl.java:77)&#xa;	at java.base/jdk.internal.reflect.DelegatingMethodAccessorImpl.invoke(DelegatingMethodAccessorImpl.java:43)&#xa;Caused by: com.kms.katalon.core.exception.StepFailedException: Call Test Case 'Test Cases/Master Data/Admin Sekolah/Master Data Kelas/Tambah Kelas' failed&#xa;	at com.kms.katalon.core.keyword.builtin.CallTestCaseKeyword$_callTestCase_closure1.doCall(CallTestCaseKeyword.groovy:63)&#xa;	at com.kms.katalon.core.keyword.builtin.CallTestCaseKeyword$_callTestCase_closure1.call(CallTestCaseKeyword.groovy)&#xa;	at com.kms.katalon.core.keyword.internal.KeywordMain.runKeyword(KeywordMain.groovy:75)&#xa;	... 23 more&#xa;Caused by: com.kms.katalon.core.exception.StepFailedException: Unable to click on object 'Object Repository/Master Data/Admin Sekolah/Tambah Kelas/Modal Tambah/Prefix/Pilih Prefix' (Root cause: com.kms.katalon.core.exception.StepFailedException: Unable to click on object 'Object Repository/Master Data/Admin Sekolah/Tambah Kelas/Modal Tambah/Prefix/Pilih Prefix'&#xa;	at com.kms.katalon.core.webui.keyword.internal.WebUIKeywordMain.stepFailed(WebUIKeywordMain.groovy:117)&#xa;	at com.kms.katalon.core.webui.keyword.internal.WebUIKeywordMain.runKeyword(WebUIKeywordMain.groovy:43)&#xa;	at com.kms.katalon.core.webui.keyword.builtin.ClickKeyword.click(ClickKeyword.groovy:75)&#xa;	at com.kms.katalon.core.webui.keyword.builtin.ClickKeyword.execute(ClickKeyword.groovy:40)&#xa;	at com.kms.katalon.core.keyword.internal.KeywordExecutor.executeKeywordForPlatform(KeywordExecutor.groovy:74)&#xa;	at com.kms.katalon.core.webui.keyword.WebUiBuiltInKeywords.click(WebUiBuiltInKeywords.groovy:684)&#xa;	at Tambah Kelas.run(Tambah Kelas:46)&#xa;	at com.kms.katalon.core.main.ScriptEngine.run(ScriptEngine.java:194)&#xa;	at com.kms.katalon.core.main.ScriptEngine.runScriptAsRawText(ScriptEngine.java:119)&#xa;	at com.kms.katalon.core.main.TestCaseExecutor.runScript(TestCaseExecutor.java:448)&#xa;	at com.kms.katalon.core.main.TestCaseExecutor.doExecute(TestCaseExecutor.java:439)&#xa;	at com.kms.katalon.core.main.TestCaseExecutor.processExecutionPhase(TestCaseExecutor.java:418)&#xa;	at com.kms.katalon.core.main.TestCaseExecutor.accessMainPhase(TestCaseExecutor.java:410)&#xa;	at com.kms.katalon.core.main.TestCaseExecutor.execute(TestCaseExecutor.java:285)&#xa;	at com.kms.katalon.core.main.TestCaseMain.runTestCase(TestCaseMain.java:133)&#xa;	at com.kms.katalon.core.keyword.builtin.CallTestCaseKeyword$_callTestCase_closure1.doCall(CallTestCaseKeyword.groovy:59)&#xa;	at com.kms.katalon.core.keyword.builtin.CallTestCaseKeyword$_callTestCase_closure1.call(CallTestCaseKeyword.groovy)&#xa;	at com.kms.katalon.core.keyword.internal.KeywordMain.runKeyword(KeywordMain.groovy:75)&#xa;	at com.kms.katalon.core.keyword.builtin.CallTestCaseKeyword.callTestCase(CallTestCaseKeyword.groovy:81)&#xa;	at com.kms.katalon.core.keyword.builtin.CallTestCaseKeyword.execute(CallTestCaseKeyword.groovy:44)&#xa;	at com.kms.katalon.core.keyword.internal.KeywordExecutor.executeKeywordForPlatform(KeywordExecutor.groovy:74)&#xa;	at com.kms.katalon.core.keyword.BuiltinKeywords.callTestCase(BuiltinKeywords.groovy:310)&#xa;	at java.base/jdk.internal.reflect.NativeMethodAccessorImpl.invoke0(Native Method)&#xa;	at java.base/jdk.internal.reflect.NativeMethodAccessorImpl.invoke(NativeMethodAccessorImpl.java:77)&#xa;	at java.base/jdk.internal.reflect.DelegatingMethodAccessorImpl.invoke(DelegatingMethodAccessorImpl.java:43)&#xa;	at Regresi Kelas.run(Regresi Kelas:26)&#xa;	at com.kms.katalon.core.main.ScriptEngine.run(ScriptEngine.java:194)&#xa;	at com.kms.katalon.core.main.ScriptEngine.runScriptAsRawText(ScriptEngine.java:119)&#xa;	at com.kms.katalon.core.main.TestCaseExecutor.runScript(TestCaseExecutor.java:448)&#xa;	at com.kms.katalon.core.main.TestCaseExecutor.doExecute(TestCaseExecutor.java:439)&#xa;	at com.kms.katalon.core.main.TestCaseExecutor.processExecutionPhase(TestCaseExecutor.java:418)&#xa;	at com.kms.katalon.core.main.TestCaseExecutor.accessMainPhase(TestCaseExecutor.java:410)&#xa;	at com.kms.katalon.core.main.TestCaseExecutor.execute(TestCaseExecutor.java:285)&#xa;	at com.kms.katalon.core.common.CommonExecutor.accessTestCaseMainPhase(CommonExecutor.java:65)&#xa;	at com.kms.katalon.core.main.TestSuiteExecutor.accessTestSuiteMainPhase(TestSuiteExecutor.java:161)&#xa;	at com.kms.katalon.core.main.TestSuiteExecutor.execute(TestSuiteExecutor.java:107)&#xa;	at com.kms.katalon.core.main.TestCaseMain.startTestSuite(TestCaseMain.java:176)&#xa;	at TempTestSuite1735805561810.run(TempTestSuite1735805561810.groovy:35)&#xa;	at java.base/jdk.internal.reflect.NativeMethodAccessorImpl.invoke0(Native Method)&#xa;	at java.base/jdk.internal.reflect.NativeMethodAccessorImpl.invoke(NativeMethodAccessorImpl.java:77)&#xa;	at java.base/jdk.internal.reflect.DelegatingMethodAccessorImpl.invoke(DelegatingMethodAccessorImpl.java:43)&#xa;Caused by: com.kms.katalon.core.webui.exception.WebElementNotFoundException: Web element with id: 'Object Repository/Master Data/Admin Sekolah/Tambah Kelas/Modal Tambah/Prefix/Pilih Prefix' located by '//*[@data-testid = 'paragraph' and (text() = 'RETEST' or . = 'RETEST')]' not found&#xa;	at com.kms.katalon.core.webui.common.WebUiCommonHelper.findWebElement(WebUiCommonHelper.java:1426)&#xa;	at com.kms.katalon.core.webui.keyword.internal.WebUIAbstractKeyword.findWebElement(WebUIAbstractKeyword.groovy:27)&#xa;	at com.kms.katalon.core.webui.keyword.builtin.ClickKeyword$_click_closure1.doCall(ClickKeyword.groovy:66)&#xa;	at com.kms.katalon.core.webui.keyword.builtin.ClickKeyword$_click_closure1.call(ClickKeyword.groovy)&#xa;	at com.kms.katalon.core.webui.keyword.internal.WebUIKeywordMain.runKeyword(WebUIKeywordMain.groovy:35)&#xa;	at com.kms.katalon.core.webui.keyword.builtin.ClickKeyword.click(ClickKeyword.groovy:75)&#xa;	at com.kms.katalon.core.webui.keyword.builtin.ClickKeyword.execute(ClickKeyword.groovy:40)&#xa;	at com.kms.katalon.core.keyword.internal.KeywordExecutor.executeKeywordForPlatform(KeywordExecutor.groovy:74)&#xa;	at com.kms.katalon.core.webui.keyword.WebUiBuiltInKeywords.click(WebUiBuiltInKeywords.groovy:684)&#xa;	at Script1731464206565.run(Script1731464206565.groovy:46)&#xa;	at com.kms.katalon.core.main.ScriptEngine.run(ScriptEngine.java:194)&#xa;	at com.kms.katalon.core.main.ScriptEngine.runScriptAsRawText(ScriptEngine.java:119)&#xa;	at com.kms.katalon.core.main.TestCaseExecutor.runScript(TestCaseExecutor.java:448)&#xa;	at com.kms.katalon.core.main.TestCaseExecutor.doExecute(TestCaseExecutor.java:439)&#xa;	at com.kms.katalon.core.main.TestCaseExecutor.processExecutionPhase(TestCaseExecutor.java:418)&#xa;	at com.kms.katalon.core.main.TestCaseExecutor.accessMainPhase(TestCaseExecutor.java:410)&#xa;	at com.kms.katalon.core.main.TestCaseExecutor.execute(TestCaseExecutor.java:285)&#xa;	at com.kms.katalon.core.main.TestCaseMain.runTestCase(TestCaseMain.java:133)&#xa;	at com.kms.katalon.core.keyword.builtin.CallTestCaseKeyword$_callTestCase_closure1.doCall(CallTestCaseKeyword.groovy:59)&#xa;	at com.kms.katalon.core.keyword.builtin.CallTestCaseKeyword$_callTestCase_closure1.call(CallTestCaseKeyword.groovy)&#xa;	at com.kms.katalon.core.keyword.internal.KeywordMain.runKeyword(KeywordMain.groovy:75)&#xa;	at com.kms.katalon.core.keyword.builtin.CallTestCaseKeyword.callTestCase(CallTestCaseKeyword.groovy:81)&#xa;	at com.kms.katalon.core.keyword.builtin.CallTestCaseKeyword.execute(CallTestCaseKeyword.groovy:44)&#xa;	at com.kms.katalon.core.keyword.internal.KeywordExecutor.executeKeywordForPlatform(KeywordExecutor.groovy:74)&#xa;	at com.kms.katalon.core.keyword.BuiltinKeywords.callTestCase(BuiltinKeywords.groovy:310)&#xa;	at java.base/jdk.internal.reflect.NativeMethodAccessorImpl.invoke0(Native Method)&#xa;	at java.base/jdk.internal.reflect.NativeMethodAccessorImpl.invoke(NativeMethodAccessorImpl.java:77)&#xa;	at java.base/jdk.internal.reflect.DelegatingMethodAccessorImpl.invoke(DelegatingMethodAccessorImpl.java:43)&#xa;	at Script1735746406961.run(Script1735746406961.groovy:26)&#xa;	... 15 more&#xa;)&#xa;	at com.kms.katalon.core.keyword.internal.KeywordMain.stepFailed(KeywordMain.groovy:39)&#xa;	at com.kms.katalon.core.webui.keyword.internal.WebUIKeywordMain.stepFailed(WebUIKeywordMain.groovy:117)&#xa;	at com.kms.katalon.core.webui.keyword.internal.WebUIKeywordMain.runKeyword(WebUIKeywordMain.groovy:43)&#xa;	at com.kms.katalon.core.webui.keyword.builtin.ClickKeyword.click(ClickKeyword.groovy:75)&#xa;	at com.kms.katalon.core.webui.keyword.builtin.ClickKeyword.execute(ClickKeyword.groovy:40)&#xa;	at com.kms.katalon.core.keyword.internal.KeywordExecutor.executeKeywordForPlatform(KeywordExecutor.groovy:74)&#xa;	at com.kms.katalon.core.webui.keyword.WebUiBuiltInKeywords.click(WebUiBuiltInKeywords.groovy:684)&#xa;	at Tambah Kelas.run(Tambah Kelas:46)&#xa;	at com.kms.katalon.core.main.ScriptEngine.run(ScriptEngine.java:194)&#xa;	at com.kms.katalon.core.main.ScriptEngine.runScriptAsRawText(ScriptEngine.java:119)&#xa;	at com.kms.katalon.core.main.TestCaseExecutor.runScript(TestCaseExecutor.java:448)&#xa;	at com.kms.katalon.core.main.TestCaseExecutor.doExecute(TestCaseExecutor.java:439)&#xa;	at com.kms.katalon.core.main.TestCaseExecutor.processExecutionPhase(TestCaseExecutor.java:418)&#xa;	at com.kms.katalon.core.main.TestCaseExecutor.accessMainPhase(TestCaseExecutor.java:410)&#xa;	at com.kms.katalon.core.main.TestCaseExecutor.execute(TestCaseExecutor.java:285)&#xa;	at com.kms.katalon.core.main.TestCaseMain.runTestCase(TestCaseMain.java:133)&#xa;	at com.kms.katalon.core.keyword.builtin.CallTestCaseKeyword$_callTestCase_closure1.doCall(CallTestCaseKeyword.groovy:59)&#xa;	... 25 more&#xa;Caused by: com.kms.katalon.core.exception.StepFailedException: Unable to click on object 'Object Repository/Master Data/Admin Sekolah/Tambah Kelas/Modal Tambah/Prefix/Pilih Prefix'&#xa;	... 41 more&#xa;Caused by: com.kms.katalon.core.webui.exception.WebElementNotFoundException: Web element with id: 'Object Repository/Master Data/Admin Sekolah/Tambah Kelas/Modal Tambah/Prefix/Pilih Prefix' located by '//*[@data-testid = 'paragraph' and (text() = 'RETEST' or . = 'RETEST')]' not found&#xa;	at com.kms.katalon.core.webui.common.WebUiCommonHelper.findWebElement(WebUiCommonHelper.java:1426)&#xa;	at com.kms.katalon.core.webui.keyword.internal.WebUIAbstractKeyword.findWebElement(WebUIAbstractKeyword.groovy:27)&#xa;	at com.kms.katalon.core.webui.keyword.builtin.ClickKeyword$_click_closure1.doCall(ClickKeyword.groovy:66)&#xa;	at com.kms.katalon.core.webui.keyword.builtin.ClickKeyword$_click_closure1.call(ClickKeyword.groovy)&#xa;	at com.kms.katalon.core.webui.keyword.internal.WebUIKeywordMain.runKeyword(WebUIKeywordMain.groovy:35)&#xa;	... 39 more&#xa;"/>
         <system-out><![CDATA[02-01-2025T15:16:01 - [TEST_CASE][FAILED] - Test Cases/Regresi Feature/Sprint 1/Regresi Kelas: Test Cases/Regresi Feature/Sprint 1/Regresi Kelas FAILED.
Reason:
com.kms.katalon.core.exception.StepFailedException: Unable to call Test Case 'Test Cases/Master Data/Admin Sekolah/Master Data Kelas/Tambah Kelas' (Root cause: com.kms.katalon.core.exception.StepFailedException: Call Test Case 'Test Cases/Master Data/Admin Sekolah/Master Data Kelas/Tambah Kelas' failed
	at com.kms.katalon.core.keyword.builtin.CallTestCaseKeyword$_callTestCase_closure1.doCall(CallTestCaseKeyword.groovy:63)
	at com.kms.katalon.core.keyword.builtin.CallTestCaseKeyword$_callTestCase_closure1.call(CallTestCaseKeyword.groovy)
	at com.kms.katalon.core.keyword.internal.KeywordMain.runKeyword(KeywordMain.groovy:75)
	at com.kms.katalon.core.keyword.builtin.CallTestCaseKeyword.callTestCase(CallTestCaseKeyword.groovy:81)
	at com.kms.katalon.core.keyword.builtin.CallTestCaseKeyword.execute(CallTestCaseKeyword.groovy:44)
	at com.kms.katalon.core.keyword.internal.KeywordExecutor.executeKeywordForPlatform(KeywordExecutor.groovy:74)
	at com.kms.katalon.core.keyword.BuiltinKeywords.callTestCase(BuiltinKeywords.groovy:310)
	at java.base/jdk.internal.reflect.NativeMethodAccessorImpl.invoke0(Native Method)
	at java.base/jdk.internal.reflect.NativeMethodAccessorImpl.invoke(NativeMethodAccessorImpl.java:77)
	at java.base/jdk.internal.reflect.DelegatingMethodAccessorImpl.invoke(DelegatingMethodAccessorImpl.java:43)
	at Regresi Kelas.run(Regresi Kelas:26)
	at com.kms.katalon.core.main.ScriptEngine.run(ScriptEngine.java:194)
	at com.kms.katalon.core.main.ScriptEngine.runScriptAsRawText(ScriptEngine.java:119)
	at com.kms.katalon.core.main.TestCaseExecutor.runScript(TestCaseExecutor.java:448)
	at com.kms.katalon.core.main.TestCaseExecutor.doExecute(TestCaseExecutor.java:439)
	at com.kms.katalon.core.main.TestCaseExecutor.processExecutionPhase(TestCaseExecutor.java:418)
	at com.kms.katalon.core.main.TestCaseExecutor.accessMainPhase(TestCaseExecutor.java:410)
	at com.kms.katalon.core.main.TestCaseExecutor.execute(TestCaseExecutor.java:285)
	at com.kms.katalon.core.common.CommonExecutor.accessTestCaseMainPhase(CommonExecutor.java:65)
	at com.kms.katalon.core.main.TestSuiteExecutor.accessTestSuiteMainPhase(TestSuiteExecutor.java:161)
	at com.kms.katalon.core.main.TestSuiteExecutor.execute(TestSuiteExecutor.java:107)
	at com.kms.katalon.core.main.TestCaseMain.startTestSuite(TestCaseMain.java:176)
	at TempTestSuite1735805561810.run(TempTestSuite1735805561810.groovy:35)
	at java.base/jdk.internal.reflect.NativeMethodAccessorImpl.invoke0(Native Method)
	at java.base/jdk.internal.reflect.NativeMethodAccessorImpl.invoke(NativeMethodAccessorImpl.java:77)
	at java.base/jdk.internal.reflect.DelegatingMethodAccessorImpl.invoke(DelegatingMethodAccessorImpl.java:43)
Caused by: com.kms.katalon.core.exception.StepFailedException: Unable to click on object 'Object Repository/Master Data/Admin Sekolah/Tambah Kelas/Modal Tambah/Prefix/Pilih Prefix' (Root cause: com.kms.katalon.core.exception.StepFailedException: Unable to click on object 'Object Repository/Master Data/Admin Sekolah/Tambah Kelas/Modal Tambah/Prefix/Pilih Prefix'
	at com.kms.katalon.core.webui.keyword.internal.WebUIKeywordMain.stepFailed(WebUIKeywordMain.groovy:117)
	at com.kms.katalon.core.webui.keyword.internal.WebUIKeywordMain.runKeyword(WebUIKeywordMain.groovy:43)
	at com.kms.katalon.core.webui.keyword.builtin.ClickKeyword.click(ClickKeyword.groovy:75)
	at com.kms.katalon.core.webui.keyword.builtin.ClickKeyword.execute(ClickKeyword.groovy:40)
	at com.kms.katalon.core.keyword.internal.KeywordExecutor.executeKeywordForPlatform(KeywordExecutor.groovy:74)
	at com.kms.katalon.core.webui.keyword.WebUiBuiltInKeywords.click(WebUiBuiltInKeywords.groovy:684)
	at Tambah Kelas.run(Tambah Kelas:46)
	at com.kms.katalon.core.main.ScriptEngine.run(ScriptEngine.java:194)
	at com.kms.katalon.core.main.ScriptEngine.runScriptAsRawText(ScriptEngine.java:119)
	at com.kms.katalon.core.main.TestCaseExecutor.runScript(TestCaseExecutor.java:448)
	at com.kms.katalon.core.main.TestCaseExecutor.doExecute(TestCaseExecutor.java:439)
	at com.kms.katalon.core.main.TestCaseExecutor.processExecutionPhase(TestCaseExecutor.java:418)
	at com.kms.katalon.core.main.TestCaseExecutor.accessMainPhase(TestCaseExecutor.java:410)
	at com.kms.katalon.core.main.TestCaseExecutor.execute(TestCaseExecutor.java:285)
	at com.kms.katalon.core.main.TestCaseMain.runTestCase(TestCaseMain.java:133)
	at com.kms.katalon.core.keyword.builtin.CallTestCaseKeyword$_callTestCase_closure1.doCall(CallTestCaseKeyword.groovy:59)
	at com.kms.katalon.core.keyword.builtin.CallTestCaseKeyword$_callTestCase_closure1.call(CallTestCaseKeyword.groovy)
	at com.kms.katalon.core.keyword.internal.KeywordMain.runKeyword(KeywordMain.groovy:75)
	at com.kms.katalon.core.keyword.builtin.CallTestCaseKeyword.callTestCase(CallTestCaseKeyword.groovy:81)
	at com.kms.katalon.core.keyword.builtin.CallTestCaseKeyword.execute(CallTestCaseKeyword.groovy:44)
	at com.kms.katalon.core.keyword.internal.KeywordExecutor.executeKeywordForPlatform(KeywordExecutor.groovy:74)
	at com.kms.katalon.core.keyword.BuiltinKeywords.callTestCase(BuiltinKeywords.groovy:310)
	at java.base/jdk.internal.reflect.NativeMethodAccessorImpl.invoke0(Native Method)
	at java.base/jdk.internal.reflect.NativeMethodAccessorImpl.invoke(NativeMethodAccessorImpl.java:77)
	at java.base/jdk.internal.reflect.DelegatingMethodAccessorImpl.invoke(DelegatingMethodAccessorImpl.java:43)
	at Regresi Kelas.run(Regresi Kelas:26)
	at com.kms.katalon.core.main.ScriptEngine.run(ScriptEngine.java:194)
	at com.kms.katalon.core.main.ScriptEngine.runScriptAsRawText(ScriptEngine.java:119)
	at com.kms.katalon.core.main.TestCaseExecutor.runScript(TestCaseExecutor.java:448)
	at com.kms.katalon.core.main.TestCaseExecutor.doExecute(TestCaseExecutor.java:439)
	at com.kms.katalon.core.main.TestCaseExecutor.processExecutionPhase(TestCaseExecutor.java:418)
	at com.kms.katalon.core.main.TestCaseExecutor.accessMainPhase(TestCaseExecutor.java:410)
	at com.kms.katalon.core.main.TestCaseExecutor.execute(TestCaseExecutor.java:285)
	at com.kms.katalon.core.common.CommonExecutor.accessTestCaseMainPhase(CommonExecutor.java:65)
	at com.kms.katalon.core.main.TestSuiteExecutor.accessTestSuiteMainPhase(TestSuiteExecutor.java:161)
	at com.kms.katalon.core.main.TestSuiteExecutor.execute(TestSuiteExecutor.java:107)
	at com.kms.katalon.core.main.TestCaseMain.startTestSuite(TestCaseMain.java:176)
	at TempTestSuite1735805561810.run(TempTestSuite1735805561810.groovy:35)
	at java.base/jdk.internal.reflect.NativeMethodAccessorImpl.invoke0(Native Method)
	at java.base/jdk.internal.reflect.NativeMethodAccessorImpl.invoke(NativeMethodAccessorImpl.java:77)
	at java.base/jdk.internal.reflect.DelegatingMethodAccessorImpl.invoke(DelegatingMethodAccessorImpl.java:43)
Caused by: com.kms.katalon.core.webui.exception.WebElementNotFoundException: Web element with id: 'Object Repository/Master Data/Admin Sekolah/Tambah Kelas/Modal Tambah/Prefix/Pilih Prefix' located by '//*[@data-testid = 'paragraph' and (text() = 'RETEST' or . = 'RETEST')]' not found
	at com.kms.katalon.core.webui.common.WebUiCommonHelper.findWebElement(WebUiCommonHelper.java:1426)
	at com.kms.katalon.core.webui.keyword.internal.WebUIAbstractKeyword.findWebElement(WebUIAbstractKeyword.groovy:27)
	at com.kms.katalon.core.webui.keyword.builtin.ClickKeyword$_click_closure1.doCall(ClickKeyword.groovy:66)
	at com.kms.katalon.core.webui.keyword.builtin.ClickKeyword$_click_closure1.call(ClickKeyword.groovy)
	at com.kms.katalon.core.webui.keyword.internal.WebUIKeywordMain.runKeyword(WebUIKeywordMain.groovy:35)
	at com.kms.katalon.core.webui.keyword.builtin.ClickKeyword.click(ClickKeyword.groovy:75)
	at com.kms.katalon.core.webui.keyword.builtin.ClickKeyword.execute(ClickKeyword.groovy:40)
	at com.kms.katalon.core.keyword.internal.KeywordExecutor.executeKeywordForPlatform(KeywordExecutor.groovy:74)
	at com.kms.katalon.core.webui.keyword.WebUiBuiltInKeywords.click(WebUiBuiltInKeywords.groovy:684)
	at Script1731464206565.run(Script1731464206565.groovy:46)
	at com.kms.katalon.core.main.ScriptEngine.run(ScriptEngine.java:194)
	at com.kms.katalon.core.main.ScriptEngine.runScriptAsRawText(ScriptEngine.java:119)
	at com.kms.katalon.core.main.TestCaseExecutor.runScript(TestCaseExecutor.java:448)
	at com.kms.katalon.core.main.TestCaseExecutor.doExecute(TestCaseExecutor.java:439)
	at com.kms.katalon.core.main.TestCaseExecutor.processExecutionPhase(TestCaseExecutor.java:418)
	at com.kms.katalon.core.main.TestCaseExecutor.accessMainPhase(TestCaseExecutor.java:410)
	at com.kms.katalon.core.main.TestCaseExecutor.execute(TestCaseExecutor.java:285)
	at com.kms.katalon.core.main.TestCaseMain.runTestCase(TestCaseMain.java:133)
	at com.kms.katalon.core.keyword.builtin.CallTestCaseKeyword$_callTestCase_closure1.doCall(CallTestCaseKeyword.groovy:59)
	at com.kms.katalon.core.keyword.builtin.CallTestCaseKeyword$_callTestCase_closure1.call(CallTestCaseKeyword.groovy)
	at com.kms.katalon.core.keyword.internal.KeywordMain.runKeyword(KeywordMain.groovy:75)
	at com.kms.katalon.core.keyword.builtin.CallTestCaseKeyword.callTestCase(CallTestCaseKeyword.groovy:81)
	at com.kms.katalon.core.keyword.builtin.CallTestCaseKeyword.execute(CallTestCaseKeyword.groovy:44)
	at com.kms.katalon.core.keyword.internal.KeywordExecutor.executeKeywordForPlatform(KeywordExecutor.groovy:74)
	at com.kms.katalon.core.keyword.BuiltinKeywords.callTestCase(BuiltinKeywords.groovy:310)
	at java.base/jdk.internal.reflect.NativeMethodAccessorImpl.invoke0(Native Method)
	at java.base/jdk.internal.reflect.NativeMethodAccessorImpl.invoke(NativeMethodAccessorImpl.java:77)
	at java.base/jdk.internal.reflect.DelegatingMethodAccessorImpl.invoke(DelegatingMethodAccessorImpl.java:43)
	at Script1735746406961.run(Script1735746406961.groovy:26)
	... 15 more
)
	at com.kms.katalon.core.keyword.internal.KeywordMain.stepFailed(KeywordMain.groovy:39)
	at com.kms.katalon.core.webui.keyword.internal.WebUIKeywordMain.stepFailed(WebUIKeywordMain.groovy:117)
	at com.kms.katalon.core.webui.keyword.internal.WebUIKeywordMain.runKeyword(WebUIKeywordMain.groovy:43)
	at com.kms.katalon.core.webui.keyword.builtin.ClickKeyword.click(ClickKeyword.groovy:75)
	at com.kms.katalon.core.webui.keyword.builtin.ClickKeyword.execute(ClickKeyword.groovy:40)
	at com.kms.katalon.core.keyword.internal.KeywordExecutor.executeKeywordForPlatform(KeywordExecutor.groovy:74)
	at com.kms.katalon.core.webui.keyword.WebUiBuiltInKeywords.click(WebUiBuiltInKeywords.groovy:684)
	at Tambah Kelas.run(Tambah Kelas:46)
	at com.kms.katalon.core.main.ScriptEngine.run(ScriptEngine.java:194)
	at com.kms.katalon.core.main.ScriptEngine.runScriptAsRawText(ScriptEngine.java:119)
	at com.kms.katalon.core.main.TestCaseExecutor.runScript(TestCaseExecutor.java:448)
	at com.kms.katalon.core.main.TestCaseExecutor.doExecute(TestCaseExecutor.java:439)
	at com.kms.katalon.core.main.TestCaseExecutor.processExecutionPhase(TestCaseExecutor.java:418)
	at com.kms.katalon.core.main.TestCaseExecutor.accessMainPhase(TestCaseExecutor.java:410)
	at com.kms.katalon.core.main.TestCaseExecutor.execute(TestCaseExecutor.java:285)
	at com.kms.katalon.core.main.TestCaseMain.runTestCase(TestCaseMain.java:133)
	at com.kms.katalon.core.keyword.builtin.CallTestCaseKeyword$_callTestCase_closure1.doCall(CallTestCaseKeyword.groovy:59)
	... 25 more
Caused by: com.kms.katalon.core.exception.StepFailedException: Unable to click on object 'Object Repository/Master Data/Admin Sekolah/Tambah Kelas/Modal Tambah/Prefix/Pilih Prefix'
	... 41 more
Caused by: com.kms.katalon.core.webui.exception.WebElementNotFoundException: Web element with id: 'Object Repository/Master Data/Admin Sekolah/Tambah Kelas/Modal Tambah/Prefix/Pilih Prefix' located by '//*[@data-testid = 'paragraph' and (text() = 'RETEST' or . = 'RETEST')]' not found
	at com.kms.katalon.core.webui.common.WebUiCommonHelper.findWebElement(WebUiCommonHelper.java:1426)
	at com.kms.katalon.core.webui.keyword.internal.WebUIAbstractKeyword.findWebElement(WebUIAbstractKeyword.groovy:27)
	at com.kms.katalon.core.webui.keyword.builtin.ClickKeyword$_click_closure1.doCall(ClickKeyword.groovy:66)
	at com.kms.katalon.core.webui.keyword.builtin.ClickKeyword$_click_closure1.call(ClickKeyword.groovy)
	at com.kms.katalon.core.webui.keyword.internal.WebUIKeywordMain.runKeyword(WebUIKeywordMain.groovy:35)
	... 39 more
)
	at com.kms.katalon.core.keyword.internal.KeywordMain.stepFailed(KeywordMain.groovy:39)
	at com.kms.katalon.core.keyword.internal.KeywordMain.stepFailed(KeywordMain.groovy)
	at com.kms.katalon.core.keyword.internal.KeywordMain.runKeyword(KeywordMain.groovy:77)
	at com.kms.katalon.core.keyword.builtin.CallTestCaseKeyword.callTestCase(CallTestCaseKeyword.groovy:81)
	at com.kms.katalon.core.keyword.builtin.CallTestCaseKeyword.execute(CallTestCaseKeyword.groovy:44)
	at com.kms.katalon.core.keyword.internal.KeywordExecutor.executeKeywordForPlatform(KeywordExecutor.groovy:74)
	at com.kms.katalon.core.keyword.BuiltinKeywords.callTestCase(BuiltinKeywords.groovy:310)
	at java.base/jdk.internal.reflect.NativeMethodAccessorImpl.invoke0(Native Method)
	at java.base/jdk.internal.reflect.NativeMethodAccessorImpl.invoke(NativeMethodAccessorImpl.java:77)
	at java.base/jdk.internal.reflect.DelegatingMethodAccessorImpl.invoke(DelegatingMethodAccessorImpl.java:43)
	at Regresi Kelas.run(Regresi Kelas:26)
	at com.kms.katalon.core.main.ScriptEngine.run(ScriptEngine.java:194)
	at com.kms.katalon.core.main.ScriptEngine.runScriptAsRawText(ScriptEngine.java:119)
	at com.kms.katalon.core.main.TestCaseExecutor.runScript(TestCaseExecutor.java:448)
	at com.kms.katalon.core.main.TestCaseExecutor.doExecute(TestCaseExecutor.java:439)
	at com.kms.katalon.core.main.TestCaseExecutor.processExecutionPhase(TestCaseExecutor.java:418)
	at com.kms.katalon.core.main.TestCaseExecutor.accessMainPhase(TestCaseExecutor.java:410)
	at com.kms.katalon.core.main.TestCaseExecutor.execute(TestCaseExecutor.java:285)
	at com.kms.katalon.core.common.CommonExecutor.accessTestCaseMainPhase(CommonExecutor.java:65)
	at com.kms.katalon.core.main.TestSuiteExecutor.accessTestSuiteMainPhase(TestSuiteExecutor.java:161)
	at com.kms.katalon.core.main.TestSuiteExecutor.execute(TestSuiteExecutor.java:107)
	at com.kms.katalon.core.main.TestCaseMain.startTestSuite(TestCaseMain.java:176)
	at TempTestSuite1735805561810.run(TempTestSuite1735805561810.groovy:35)
	at java.base/jdk.internal.reflect.NativeMethodAccessorImpl.invoke0(Native Method)
	at java.base/jdk.internal.reflect.NativeMethodAccessorImpl.invoke(NativeMethodAccessorImpl.java:77)
	at java.base/jdk.internal.reflect.DelegatingMethodAccessorImpl.invoke(DelegatingMethodAccessorImpl.java:43)
Caused by: com.kms.katalon.core.exception.StepFailedException: Call Test Case 'Test Cases/Master Data/Admin Sekolah/Master Data Kelas/Tambah Kelas' failed
	at com.kms.katalon.core.keyword.builtin.CallTestCaseKeyword$_callTestCase_closure1.doCall(CallTestCaseKeyword.groovy:63)
	at com.kms.katalon.core.keyword.builtin.CallTestCaseKeyword$_callTestCase_closure1.call(CallTestCaseKeyword.groovy)
	at com.kms.katalon.core.keyword.internal.KeywordMain.runKeyword(KeywordMain.groovy:75)
	... 23 more
Caused by: com.kms.katalon.core.exception.StepFailedException: Unable to click on object 'Object Repository/Master Data/Admin Sekolah/Tambah Kelas/Modal Tambah/Prefix/Pilih Prefix' (Root cause: com.kms.katalon.core.exception.StepFailedException: Unable to click on object 'Object Repository/Master Data/Admin Sekolah/Tambah Kelas/Modal Tambah/Prefix/Pilih Prefix'
	at com.kms.katalon.core.webui.keyword.internal.WebUIKeywordMain.stepFailed(WebUIKeywordMain.groovy:117)
	at com.kms.katalon.core.webui.keyword.internal.WebUIKeywordMain.runKeyword(WebUIKeywordMain.groovy:43)
	at com.kms.katalon.core.webui.keyword.builtin.ClickKeyword.click(ClickKeyword.groovy:75)
	at com.kms.katalon.core.webui.keyword.builtin.ClickKeyword.execute(ClickKeyword.groovy:40)
	at com.kms.katalon.core.keyword.internal.KeywordExecutor.executeKeywordForPlatform(KeywordExecutor.groovy:74)
	at com.kms.katalon.core.webui.keyword.WebUiBuiltInKeywords.click(WebUiBuiltInKeywords.groovy:684)
	at Tambah Kelas.run(Tambah Kelas:46)
	at com.kms.katalon.core.main.ScriptEngine.run(ScriptEngine.java:194)
	at com.kms.katalon.core.main.ScriptEngine.runScriptAsRawText(ScriptEngine.java:119)
	at com.kms.katalon.core.main.TestCaseExecutor.runScript(TestCaseExecutor.java:448)
	at com.kms.katalon.core.main.TestCaseExecutor.doExecute(TestCaseExecutor.java:439)
	at com.kms.katalon.core.main.TestCaseExecutor.processExecutionPhase(TestCaseExecutor.java:418)
	at com.kms.katalon.core.main.TestCaseExecutor.accessMainPhase(TestCaseExecutor.java:410)
	at com.kms.katalon.core.main.TestCaseExecutor.execute(TestCaseExecutor.java:285)
	at com.kms.katalon.core.main.TestCaseMain.runTestCase(TestCaseMain.java:133)
	at com.kms.katalon.core.keyword.builtin.CallTestCaseKeyword$_callTestCase_closure1.doCall(CallTestCaseKeyword.groovy:59)
	at com.kms.katalon.core.keyword.builtin.CallTestCaseKeyword$_callTestCase_closure1.call(CallTestCaseKeyword.groovy)
	at com.kms.katalon.core.keyword.internal.KeywordMain.runKeyword(KeywordMain.groovy:75)
	at com.kms.katalon.core.keyword.builtin.CallTestCaseKeyword.callTestCase(CallTestCaseKeyword.groovy:81)
	at com.kms.katalon.core.keyword.builtin.CallTestCaseKeyword.execute(CallTestCaseKeyword.groovy:44)
	at com.kms.katalon.core.keyword.internal.KeywordExecutor.executeKeywordForPlatform(KeywordExecutor.groovy:74)
	at com.kms.katalon.core.keyword.BuiltinKeywords.callTestCase(BuiltinKeywords.groovy:310)
	at java.base/jdk.internal.reflect.NativeMethodAccessorImpl.invoke0(Native Method)
	at java.base/jdk.internal.reflect.NativeMethodAccessorImpl.invoke(NativeMethodAccessorImpl.java:77)
	at java.base/jdk.internal.reflect.DelegatingMethodAccessorImpl.invoke(DelegatingMethodAccessorImpl.java:43)
	at Regresi Kelas.run(Regresi Kelas:26)
	at com.kms.katalon.core.main.ScriptEngine.run(ScriptEngine.java:194)
	at com.kms.katalon.core.main.ScriptEngine.runScriptAsRawText(ScriptEngine.java:119)
	at com.kms.katalon.core.main.TestCaseExecutor.runScript(TestCaseExecutor.java:448)
	at com.kms.katalon.core.main.TestCaseExecutor.doExecute(TestCaseExecutor.java:439)
	at com.kms.katalon.core.main.TestCaseExecutor.processExecutionPhase(TestCaseExecutor.java:418)
	at com.kms.katalon.core.main.TestCaseExecutor.accessMainPhase(TestCaseExecutor.java:410)
	at com.kms.katalon.core.main.TestCaseExecutor.execute(TestCaseExecutor.java:285)
	at com.kms.katalon.core.common.CommonExecutor.accessTestCaseMainPhase(CommonExecutor.java:65)
	at com.kms.katalon.core.main.TestSuiteExecutor.accessTestSuiteMainPhase(TestSuiteExecutor.java:161)
	at com.kms.katalon.core.main.TestSuiteExecutor.execute(TestSuiteExecutor.java:107)
	at com.kms.katalon.core.main.TestCaseMain.startTestSuite(TestCaseMain.java:176)
	at TempTestSuite1735805561810.run(TempTestSuite1735805561810.groovy:35)
	at java.base/jdk.internal.reflect.NativeMethodAccessorImpl.invoke0(Native Method)
	at java.base/jdk.internal.reflect.NativeMethodAccessorImpl.invoke(NativeMethodAccessorImpl.java:77)
	at java.base/jdk.internal.reflect.DelegatingMethodAccessorImpl.invoke(DelegatingMethodAccessorImpl.java:43)
Caused by: com.kms.katalon.core.webui.exception.WebElementNotFoundException: Web element with id: 'Object Repository/Master Data/Admin Sekolah/Tambah Kelas/Modal Tambah/Prefix/Pilih Prefix' located by '//*[@data-testid = 'paragraph' and (text() = 'RETEST' or . = 'RETEST')]' not found
	at com.kms.katalon.core.webui.common.WebUiCommonHelper.findWebElement(WebUiCommonHelper.java:1426)
	at com.kms.katalon.core.webui.keyword.internal.WebUIAbstractKeyword.findWebElement(WebUIAbstractKeyword.groovy:27)
	at com.kms.katalon.core.webui.keyword.builtin.ClickKeyword$_click_closure1.doCall(ClickKeyword.groovy:66)
	at com.kms.katalon.core.webui.keyword.builtin.ClickKeyword$_click_closure1.call(ClickKeyword.groovy)
	at com.kms.katalon.core.webui.keyword.internal.WebUIKeywordMain.runKeyword(WebUIKeywordMain.groovy:35)
	at com.kms.katalon.core.webui.keyword.builtin.ClickKeyword.click(ClickKeyword.groovy:75)
	at com.kms.katalon.core.webui.keyword.builtin.ClickKeyword.execute(ClickKeyword.groovy:40)
	at com.kms.katalon.core.keyword.internal.KeywordExecutor.executeKeywordForPlatform(KeywordExecutor.groovy:74)
	at com.kms.katalon.core.webui.keyword.WebUiBuiltInKeywords.click(WebUiBuiltInKeywords.groovy:684)
	at Script1731464206565.run(Script1731464206565.groovy:46)
	at com.kms.katalon.core.main.ScriptEngine.run(ScriptEngine.java:194)
	at com.kms.katalon.core.main.ScriptEngine.runScriptAsRawText(ScriptEngine.java:119)
	at com.kms.katalon.core.main.TestCaseExecutor.runScript(TestCaseExecutor.java:448)
	at com.kms.katalon.core.main.TestCaseExecutor.doExecute(TestCaseExecutor.java:439)
	at com.kms.katalon.core.main.TestCaseExecutor.processExecutionPhase(TestCaseExecutor.java:418)
	at com.kms.katalon.core.main.TestCaseExecutor.accessMainPhase(TestCaseExecutor.java:410)
	at com.kms.katalon.core.main.TestCaseExecutor.execute(TestCaseExecutor.java:285)
	at com.kms.katalon.core.main.TestCaseMain.runTestCase(TestCaseMain.java:133)
	at com.kms.katalon.core.keyword.builtin.CallTestCaseKeyword$_callTestCase_closure1.doCall(CallTestCaseKeyword.groovy:59)
	at com.kms.katalon.core.keyword.builtin.CallTestCaseKeyword$_callTestCase_closure1.call(CallTestCaseKeyword.groovy)
	at com.kms.katalon.core.keyword.internal.KeywordMain.runKeyword(KeywordMain.groovy:75)
	at com.kms.katalon.core.keyword.builtin.CallTestCaseKeyword.callTestCase(CallTestCaseKeyword.groovy:81)
	at com.kms.katalon.core.keyword.builtin.CallTestCaseKeyword.execute(CallTestCaseKeyword.groovy:44)
	at com.kms.katalon.core.keyword.internal.KeywordExecutor.executeKeywordForPlatform(KeywordExecutor.groovy:74)
	at com.kms.katalon.core.keyword.BuiltinKeywords.callTestCase(BuiltinKeywords.groovy:310)
	at java.base/jdk.internal.reflect.NativeMethodAccessorImpl.invoke0(Native Method)
	at java.base/jdk.internal.reflect.NativeMethodAccessorImpl.invoke(NativeMethodAccessorImpl.java:77)
	at java.base/jdk.internal.reflect.DelegatingMethodAccessorImpl.invoke(DelegatingMethodAccessorImpl.java:43)
	at Script1735746406961.run(Script1735746406961.groovy:26)
	... 15 more
)
	at com.kms.katalon.core.keyword.internal.KeywordMain.stepFailed(KeywordMain.groovy:39)
	at com.kms.katalon.core.webui.keyword.internal.WebUIKeywordMain.stepFailed(WebUIKeywordMain.groovy:117)
	at com.kms.katalon.core.webui.keyword.internal.WebUIKeywordMain.runKeyword(WebUIKeywordMain.groovy:43)
	at com.kms.katalon.core.webui.keyword.builtin.ClickKeyword.click(ClickKeyword.groovy:75)
	at com.kms.katalon.core.webui.keyword.builtin.ClickKeyword.execute(ClickKeyword.groovy:40)
	at com.kms.katalon.core.keyword.internal.KeywordExecutor.executeKeywordForPlatform(KeywordExecutor.groovy:74)
	at com.kms.katalon.core.webui.keyword.WebUiBuiltInKeywords.click(WebUiBuiltInKeywords.groovy:684)
	at Tambah Kelas.run(Tambah Kelas:46)
	at com.kms.katalon.core.main.ScriptEngine.run(ScriptEngine.java:194)
	at com.kms.katalon.core.main.ScriptEngine.runScriptAsRawText(ScriptEngine.java:119)
	at com.kms.katalon.core.main.TestCaseExecutor.runScript(TestCaseExecutor.java:448)
	at com.kms.katalon.core.main.TestCaseExecutor.doExecute(TestCaseExecutor.java:439)
	at com.kms.katalon.core.main.TestCaseExecutor.processExecutionPhase(TestCaseExecutor.java:418)
	at com.kms.katalon.core.main.TestCaseExecutor.accessMainPhase(TestCaseExecutor.java:410)
	at com.kms.katalon.core.main.TestCaseExecutor.execute(TestCaseExecutor.java:285)
	at com.kms.katalon.core.main.TestCaseMain.runTestCase(TestCaseMain.java:133)
	at com.kms.katalon.core.keyword.builtin.CallTestCaseKeyword$_callTestCase_closure1.doCall(CallTestCaseKeyword.groovy:59)
	... 25 more
Caused by: com.kms.katalon.core.exception.StepFailedException: Unable to click on object 'Object Repository/Master Data/Admin Sekolah/Tambah Kelas/Modal Tambah/Prefix/Pilih Prefix'
	... 41 more
Caused by: com.kms.katalon.core.webui.exception.WebElementNotFoundException: Web element with id: 'Object Repository/Master Data/Admin Sekolah/Tambah Kelas/Modal Tambah/Prefix/Pilih Prefix' located by '//*[@data-testid = 'paragraph' and (text() = 'RETEST' or . = 'RETEST')]' not found
	at com.kms.katalon.core.webui.common.WebUiCommonHelper.findWebElement(WebUiCommonHelper.java:1426)
	at com.kms.katalon.core.webui.keyword.internal.WebUIAbstractKeyword.findWebElement(WebUIAbstractKeyword.groovy:27)
	at com.kms.katalon.core.webui.keyword.builtin.ClickKeyword$_click_closure1.doCall(ClickKeyword.groovy:66)
	at com.kms.katalon.core.webui.keyword.builtin.ClickKeyword$_click_closure1.call(ClickKeyword.groovy)
	at com.kms.katalon.core.webui.keyword.internal.WebUIKeywordMain.runKeyword(WebUIKeywordMain.groovy:35)
	... 39 more


02-01-2025T15:16:01 - [TEST_STEP][FAILED] - for ([i = 1, i <= maxLoop, (i++)]): null

02-01-2025T15:16:01 - [TEST_STEP][PASSED] - callTestCase(findTestCase("Test Cases/Master Data/Admin Sekolah/Master Data Kelas/Edit Kelas"), [:], CONTINUE_ON_FAILURE): Call Test Case 'Test Cases/Master Data/Admin Sekolah/Master Data Kelas/Edit Kelas' successfully

02-01-2025T15:16:01 - [TEST_CASE][PASSED] - Test Cases/Master Data/Admin Sekolah/Master Data Kelas/Edit Kelas: Test Cases/Master Data/Admin Sekolah/Master Data Kelas/Edit Kelas

02-01-2025T15:16:01 - [TEST_STEP][PASSED] - openBrowser("", CONTINUE_ON_FAILURE): Browser is opened with url: ''

02-01-2025T15:16:01 - [MESSAGE][WARNING] - A browser is already opened. Closing browser and opening a new one

02-01-2025T15:16:01 - [MESSAGE][INFO] - Starting 'Chrome' driver

02-01-2025T15:16:01 - [MESSAGE][INFO] - Action delay is set to 0 milliseconds

02-01-2025T15:16:02 - [MESSAGE][PASSED] - Browser is opened with url: ''

02-01-2025T15:16:02 - [TEST_STEP][PASSED] - navigateToUrl("https://school-payment.digiform.co.id/login", CONTINUE_ON_FAILURE): Navigate to 'https://school-payment.digiform.co.id/login' successfully

02-01-2025T15:16:22 - [MESSAGE][PASSED] - Navigate to 'https://school-payment.digiform.co.id/login' successfully

02-01-2025T15:16:22 - [TEST_STEP][PASSED] - click(findTestObject("Master Data/Admin Sekolah/Login/Field Email"), CONTINUE_ON_FAILURE): Object: 'Object Repository/Master Data/Admin Sekolah/Login/Field Email' is clicked on

02-01-2025T15:16:23 - [MESSAGE][PASSED] - Object: 'Object Repository/Master Data/Admin Sekolah/Login/Field Email' is clicked on

02-01-2025T15:16:23 - [TEST_STEP][PASSED] - setText(findTestObject("Master Data/Admin Sekolah/Login/Field Email"), "admin.gudangsolusi@digiform.co.id", CONTINUE_ON_FAILURE): Text 'admin.gudangsolusi@digiform.co.id' is set on object 'Object Repository/Master Data/Admin Sekolah/Login/Field Email'

02-01-2025T15:16:24 - [MESSAGE][PASSED] - Text 'admin.gudangsolusi@digiform.co.id' is set on object 'Object Repository/Master Data/Admin Sekolah/Login/Field Email'

02-01-2025T15:16:24 - [TEST_STEP][PASSED] - click(findTestObject("Master Data/Admin Sekolah/Login/Input Password"), CONTINUE_ON_FAILURE): Object: 'Object Repository/Master Data/Admin Sekolah/Login/Input Password' is clicked on

02-01-2025T15:16:24 - [MESSAGE][PASSED] - Object: 'Object Repository/Master Data/Admin Sekolah/Login/Input Password' is clicked on

02-01-2025T15:16:24 - [TEST_STEP][PASSED] - setText(findTestObject("Master Data/Admin Sekolah/Login/Input Password"), "Test1234", CONTINUE_ON_FAILURE): Text 'Test1234' is set on object 'Object Repository/Master Data/Admin Sekolah/Login/Input Password'

02-01-2025T15:16:25 - [MESSAGE][PASSED] - Text 'Test1234' is set on object 'Object Repository/Master Data/Admin Sekolah/Login/Input Password'

02-01-2025T15:16:25 - [TEST_STEP][PASSED] - click(findTestObject("Master Data/Admin Sekolah/Login/Button Submit"), CONTINUE_ON_FAILURE): Object: 'Object Repository/Master Data/Admin Sekolah/Login/Button Submit' is clicked on

02-01-2025T15:16:25 - [MESSAGE][PASSED] - Object: 'Object Repository/Master Data/Admin Sekolah/Login/Button Submit' is clicked on

02-01-2025T15:16:25 - [TEST_STEP][PASSED] - click(findTestObject("Master Data/Admin Sekolah/HomePageMenu/Sidebar Menu"), CONTINUE_ON_FAILURE): Object: 'Object Repository/Master Data/Admin Sekolah/HomePageMenu/Sidebar Menu' is clicked on

02-01-2025T15:16:27 - [MESSAGE][PASSED] - Object: 'Object Repository/Master Data/Admin Sekolah/HomePageMenu/Sidebar Menu' is clicked on

02-01-2025T15:16:27 - [TEST_STEP][PASSED] - click(findTestObject("Master Data/Admin Sekolah/HomePageMenu/Sub Menu Kelas"), CONTINUE_ON_FAILURE): Object: 'Object Repository/Master Data/Admin Sekolah/HomePageMenu/Sub Menu Kelas' is clicked on

02-01-2025T15:16:27 - [MESSAGE][PASSED] - Object: 'Object Repository/Master Data/Admin Sekolah/HomePageMenu/Sub Menu Kelas' is clicked on

02-01-2025T15:16:27 - [TEST_STEP][PASSED] - click(findTestObject("Master Data/Admin Sekolah/Edit Kelas/Edit Kelas"), CONTINUE_ON_FAILURE): Object: 'Object Repository/Master Data/Admin Sekolah/Edit Kelas/Edit Kelas' is clicked on

02-01-2025T15:16:29 - [MESSAGE][PASSED] - Object: 'Object Repository/Master Data/Admin Sekolah/Edit Kelas/Edit Kelas' is clicked on

02-01-2025T15:16:29 - [TEST_STEP][PASSED] - click(findTestObject("Master Data/Admin Sekolah/Edit Kelas/Modal Edit/Unit/Pilih Unit"), CONTINUE_ON_FAILURE): Object: 'Object Repository/Master Data/Admin Sekolah/Edit Kelas/Modal Edit/Unit/Pilih Unit' is clicked on

02-01-2025T15:16:29 - [MESSAGE][PASSED] - Object: 'Object Repository/Master Data/Admin Sekolah/Edit Kelas/Modal Edit/Unit/Pilih Unit' is clicked on

02-01-2025T15:16:29 - [TEST_STEP][PASSED] - click(findTestObject("Master Data/Admin Sekolah/Edit Kelas/Modal Edit/Unit/Klik Unit"), CONTINUE_ON_FAILURE): Object: 'Object Repository/Master Data/Admin Sekolah/Edit Kelas/Modal Edit/Unit/Klik Unit' is clicked on

02-01-2025T15:16:30 - [MESSAGE][PASSED] - Object: 'Object Repository/Master Data/Admin Sekolah/Edit Kelas/Modal Edit/Unit/Klik Unit' is clicked on

02-01-2025T15:16:30 - [TEST_STEP][PASSED] - click(findTestObject("Master Data/Admin Sekolah/Edit Kelas/Modal Edit/Suffix/Edit Suffix")): Object: 'Object Repository/Master Data/Admin Sekolah/Edit Kelas/Modal Edit/Suffix/Edit Suffix' is clicked on

02-01-2025T15:16:30 - [MESSAGE][PASSED] - Object: 'Object Repository/Master Data/Admin Sekolah/Edit Kelas/Modal Edit/Suffix/Edit Suffix' is clicked on

02-01-2025T15:16:30 - [TEST_STEP][PASSED] - suffixArray = ["Laravel Beginner Course", "Laravel Advanced Guide", "PHP Crash Course", "Mastering Laravel with PHP", "Laravel for Beginners", "Full Stack PHP Development", "Backend Laravel Pro", "Laravel 4 With PHP", "PHP Framework Essentials", "Laravel API Development"]: null

02-01-2025T15:16:30 - [TEST_STEP][PASSED] - randomSuffix = suffixArray[Random().nextInt(length)]: null

02-01-2025T15:16:30 - [TEST_STEP][PASSED] - sendKeys(findTestObject("Master Data/Admin Sekolah/Edit Kelas/Modal Edit/Suffix/Edit Suffix"), Keys.chord(CONTROL, "a"), CONTINUE_ON_FAILURE): Keys 'CONTROL + a' sent to object: 'Object Repository/Master Data/Admin Sekolah/Edit Kelas/Modal Edit/Suffix/Edit Suffix'

02-01-2025T15:16:30 - [MESSAGE][PASSED] - Keys 'CONTROL + a' sent to object: 'Object Repository/Master Data/Admin Sekolah/Edit Kelas/Modal Edit/Suffix/Edit Suffix'

02-01-2025T15:16:30 - [TEST_STEP][PASSED] - sendKeys(findTestObject("Master Data/Admin Sekolah/Edit Kelas/Modal Edit/Suffix/Edit Suffix"), Keys.chord(BACK_SPACE), CONTINUE_ON_FAILURE): Keys 'BACK_SPACE + ' sent to object: 'Object Repository/Master Data/Admin Sekolah/Edit Kelas/Modal Edit/Suffix/Edit Suffix'

02-01-2025T15:16:30 - [MESSAGE][PASSED] - Keys 'BACK_SPACE + ' sent to object: 'Object Repository/Master Data/Admin Sekolah/Edit Kelas/Modal Edit/Suffix/Edit Suffix'

02-01-2025T15:16:30 - [TEST_STEP][PASSED] - delay(1): Delayed 1 second(s)

02-01-2025T15:16:31 - [MESSAGE][PASSED] - Delayed 1 second(s)

02-01-2025T15:16:31 - [TEST_STEP][PASSED] - setText(findTestObject("Master Data/Admin Sekolah/Edit Kelas/Modal Edit/Suffix/Edit Suffix"), randomSuffix, CONTINUE_ON_FAILURE): Text 'PHP Crash Course' is set on object 'Object Repository/Master Data/Admin Sekolah/Edit Kelas/Modal Edit/Suffix/Edit Suffix'

02-01-2025T15:16:32 - [MESSAGE][PASSED] - Text 'PHP Crash Course' is set on object 'Object Repository/Master Data/Admin Sekolah/Edit Kelas/Modal Edit/Suffix/Edit Suffix'

02-01-2025T15:16:32 - [TEST_STEP][PASSED] - click(findTestObject("Master Data/Admin Sekolah/Edit Kelas/Modal Edit/Simpan/Simpan Perubahan"), CONTINUE_ON_FAILURE): Object: 'Object Repository/Master Data/Admin Sekolah/Edit Kelas/Modal Edit/Simpan/Simpan Perubahan' is clicked on

02-01-2025T15:16:32 - [MESSAGE][PASSED] - Object: 'Object Repository/Master Data/Admin Sekolah/Edit Kelas/Modal Edit/Simpan/Simpan Perubahan' is clicked on

02-01-2025T15:16:32 - [TEST_STEP][PASSED] - closeBrowser(CONTINUE_ON_FAILURE): Browser is closed

02-01-2025T15:16:32 - [MESSAGE][PASSED] - Browser is closed

02-01-2025T15:16:32 - [MESSAGE][PASSED] - Call Test Case 'Test Cases/Master Data/Admin Sekolah/Master Data Kelas/Edit Kelas' successfully

02-01-2025T15:16:32 - [TEST_STEP][FAILED] - callTestCase(findTestCase("Test Cases/Master Data/Admin Sekolah/Master Data Kelas/Tambah Kelas"), [:], CONTINUE_ON_FAILURE): Unable to call Test Case 'Test Cases/Master Data/Admin Sekolah/Master Data Kelas/Tambah Kelas' (Root cause: com.kms.katalon.core.exception.StepFailedException: Call Test Case 'Test Cases/Master Data/Admin Sekolah/Master Data Kelas/Tambah Kelas' failed
	at com.kms.katalon.core.keyword.builtin.CallTestCaseKeyword$_callTestCase_closure1.doCall(CallTestCaseKeyword.groovy:63)
	at com.kms.katalon.core.keyword.builtin.CallTestCaseKeyword$_callTestCase_closure1.call(CallTestCaseKeyword.groovy)
	at com.kms.katalon.core.keyword.internal.KeywordMain.runKeyword(KeywordMain.groovy:75)
	at com.kms.katalon.core.keyword.builtin.CallTestCaseKeyword.callTestCase(CallTestCaseKeyword.groovy:81)
	at com.kms.katalon.core.keyword.builtin.CallTestCaseKeyword.execute(CallTestCaseKeyword.groovy:44)
	at com.kms.katalon.core.keyword.internal.KeywordExecutor.executeKeywordForPlatform(KeywordExecutor.groovy:74)
	at com.kms.katalon.core.keyword.BuiltinKeywords.callTestCase(BuiltinKeywords.groovy:310)
	at java.base/jdk.internal.reflect.NativeMethodAccessorImpl.invoke0(Native Method)
	at java.base/jdk.internal.reflect.NativeMethodAccessorImpl.invoke(NativeMethodAccessorImpl.java:77)
	at java.base/jdk.internal.reflect.DelegatingMethodAccessorImpl.invoke(DelegatingMethodAccessorImpl.java:43)
	at Regresi Kelas.run(Regresi Kelas:26)
	at com.kms.katalon.core.main.ScriptEngine.run(ScriptEngine.java:194)
	at com.kms.katalon.core.main.ScriptEngine.runScriptAsRawText(ScriptEngine.java:119)
	at com.kms.katalon.core.main.TestCaseExecutor.runScript(TestCaseExecutor.java:448)
	at com.kms.katalon.core.main.TestCaseExecutor.doExecute(TestCaseExecutor.java:439)
	at com.kms.katalon.core.main.TestCaseExecutor.processExecutionPhase(TestCaseExecutor.java:418)
	at com.kms.katalon.core.main.TestCaseExecutor.accessMainPhase(TestCaseExecutor.java:410)
	at com.kms.katalon.core.main.TestCaseExecutor.execute(TestCaseExecutor.java:285)
	at com.kms.katalon.core.common.CommonExecutor.accessTestCaseMainPhase(CommonExecutor.java:65)
	at com.kms.katalon.core.main.TestSuiteExecutor.accessTestSuiteMainPhase(TestSuiteExecutor.java:161)
	at com.kms.katalon.core.main.TestSuiteExecutor.execute(TestSuiteExecutor.java:107)
	at com.kms.katalon.core.main.TestCaseMain.startTestSuite(TestCaseMain.java:176)
	at TempTestSuite1735805561810.run(TempTestSuite1735805561810.groovy:35)
	at java.base/jdk.internal.reflect.NativeMethodAccessorImpl.invoke0(Native Method)
	at java.base/jdk.internal.reflect.NativeMethodAccessorImpl.invoke(NativeMethodAccessorImpl.java:77)
	at java.base/jdk.internal.reflect.DelegatingMethodAccessorImpl.invoke(DelegatingMethodAccessorImpl.java:43)
Caused by: com.kms.katalon.core.exception.StepFailedException: Unable to click on object 'Object Repository/Master Data/Admin Sekolah/Tambah Kelas/Modal Tambah/Prefix/Pilih Prefix' (Root cause: com.kms.katalon.core.exception.StepFailedException: Unable to click on object 'Object Repository/Master Data/Admin Sekolah/Tambah Kelas/Modal Tambah/Prefix/Pilih Prefix'
	at com.kms.katalon.core.webui.keyword.internal.WebUIKeywordMain.stepFailed(WebUIKeywordMain.groovy:117)
	at com.kms.katalon.core.webui.keyword.internal.WebUIKeywordMain.runKeyword(WebUIKeywordMain.groovy:43)
	at com.kms.katalon.core.webui.keyword.builtin.ClickKeyword.click(ClickKeyword.groovy:75)
	at com.kms.katalon.core.webui.keyword.builtin.ClickKeyword.execute(ClickKeyword.groovy:40)
	at com.kms.katalon.core.keyword.internal.KeywordExecutor.executeKeywordForPlatform(KeywordExecutor.groovy:74)
	at com.kms.katalon.core.webui.keyword.WebUiBuiltInKeywords.click(WebUiBuiltInKeywords.groovy:684)
	at Tambah Kelas.run(Tambah Kelas:46)
	at com.kms.katalon.core.main.ScriptEngine.run(ScriptEngine.java:194)
	at com.kms.katalon.core.main.ScriptEngine.runScriptAsRawText(ScriptEngine.java:119)
	at com.kms.katalon.core.main.TestCaseExecutor.runScript(TestCaseExecutor.java:448)
	at com.kms.katalon.core.main.TestCaseExecutor.doExecute(TestCaseExecutor.java:439)
	at com.kms.katalon.core.main.TestCaseExecutor.processExecutionPhase(TestCaseExecutor.java:418)
	at com.kms.katalon.core.main.TestCaseExecutor.accessMainPhase(TestCaseExecutor.java:410)
	at com.kms.katalon.core.main.TestCaseExecutor.execute(TestCaseExecutor.java:285)
	at com.kms.katalon.core.main.TestCaseMain.runTestCase(TestCaseMain.java:133)
	at com.kms.katalon.core.keyword.builtin.CallTestCaseKeyword$_callTestCase_closure1.doCall(CallTestCaseKeyword.groovy:59)
	at com.kms.katalon.core.keyword.builtin.CallTestCaseKeyword$_callTestCase_closure1.call(CallTestCaseKeyword.groovy)
	at com.kms.katalon.core.keyword.internal.KeywordMain.runKeyword(KeywordMain.groovy:75)
	at com.kms.katalon.core.keyword.builtin.CallTestCaseKeyword.callTestCase(CallTestCaseKeyword.groovy:81)
	at com.kms.katalon.core.keyword.builtin.CallTestCaseKeyword.execute(CallTestCaseKeyword.groovy:44)
	at com.kms.katalon.core.keyword.internal.KeywordExecutor.executeKeywordForPlatform(KeywordExecutor.groovy:74)
	at com.kms.katalon.core.keyword.BuiltinKeywords.callTestCase(BuiltinKeywords.groovy:310)
	at java.base/jdk.internal.reflect.NativeMethodAccessorImpl.invoke0(Native Method)
	at java.base/jdk.internal.reflect.NativeMethodAccessorImpl.invoke(NativeMethodAccessorImpl.java:77)
	at java.base/jdk.internal.reflect.DelegatingMethodAccessorImpl.invoke(DelegatingMethodAccessorImpl.java:43)
	at Regresi Kelas.run(Regresi Kelas:26)
	at com.kms.katalon.core.main.ScriptEngine.run(ScriptEngine.java:194)
	at com.kms.katalon.core.main.ScriptEngine.runScriptAsRawText(ScriptEngine.java:119)
	at com.kms.katalon.core.main.TestCaseExecutor.runScript(TestCaseExecutor.java:448)
	at com.kms.katalon.core.main.TestCaseExecutor.doExecute(TestCaseExecutor.java:439)
	at com.kms.katalon.core.main.TestCaseExecutor.processExecutionPhase(TestCaseExecutor.java:418)
	at com.kms.katalon.core.main.TestCaseExecutor.accessMainPhase(TestCaseExecutor.java:410)
	at com.kms.katalon.core.main.TestCaseExecutor.execute(TestCaseExecutor.java:285)
	at com.kms.katalon.core.common.CommonExecutor.accessTestCaseMainPhase(CommonExecutor.java:65)
	at com.kms.katalon.core.main.TestSuiteExecutor.accessTestSuiteMainPhase(TestSuiteExecutor.java:161)
	at com.kms.katalon.core.main.TestSuiteExecutor.execute(TestSuiteExecutor.java:107)
	at com.kms.katalon.core.main.TestCaseMain.startTestSuite(TestCaseMain.java:176)
	at TempTestSuite1735805561810.run(TempTestSuite1735805561810.groovy:35)
	at java.base/jdk.internal.reflect.NativeMethodAccessorImpl.invoke0(Native Method)
	at java.base/jdk.internal.reflect.NativeMethodAccessorImpl.invoke(NativeMethodAccessorImpl.java:77)
	at java.base/jdk.internal.reflect.DelegatingMethodAccessorImpl.invoke(DelegatingMethodAccessorImpl.java:43)
Caused by: com.kms.katalon.core.webui.exception.WebElementNotFoundException: Web element with id: 'Object Repository/Master Data/Admin Sekolah/Tambah Kelas/Modal Tambah/Prefix/Pilih Prefix' located by '//*[@data-testid = 'paragraph' and (text() = 'RETEST' or . = 'RETEST')]' not found
	at com.kms.katalon.core.webui.common.WebUiCommonHelper.findWebElement(WebUiCommonHelper.java:1426)
	at com.kms.katalon.core.webui.keyword.internal.WebUIAbstractKeyword.findWebElement(WebUIAbstractKeyword.groovy:27)
	at com.kms.katalon.core.webui.keyword.builtin.ClickKeyword$_click_closure1.doCall(ClickKeyword.groovy:66)
	at com.kms.katalon.core.webui.keyword.builtin.ClickKeyword$_click_closure1.call(ClickKeyword.groovy)
	at com.kms.katalon.core.webui.keyword.internal.WebUIKeywordMain.runKeyword(WebUIKeywordMain.groovy:35)
	at com.kms.katalon.core.webui.keyword.builtin.ClickKeyword.click(ClickKeyword.groovy:75)
	at com.kms.katalon.core.webui.keyword.builtin.ClickKeyword.execute(ClickKeyword.groovy:40)
	at com.kms.katalon.core.keyword.internal.KeywordExecutor.executeKeywordForPlatform(KeywordExecutor.groovy:74)
	at com.kms.katalon.core.webui.keyword.WebUiBuiltInKeywords.click(WebUiBuiltInKeywords.groovy:684)
	at Script1731464206565.run(Script1731464206565.groovy:46)
	at com.kms.katalon.core.main.ScriptEngine.run(ScriptEngine.java:194)
	at com.kms.katalon.core.main.ScriptEngine.runScriptAsRawText(ScriptEngine.java:119)
	at com.kms.katalon.core.main.TestCaseExecutor.runScript(TestCaseExecutor.java:448)
	at com.kms.katalon.core.main.TestCaseExecutor.doExecute(TestCaseExecutor.java:439)
	at com.kms.katalon.core.main.TestCaseExecutor.processExecutionPhase(TestCaseExecutor.java:418)
	at com.kms.katalon.core.main.TestCaseExecutor.accessMainPhase(TestCaseExecutor.java:410)
	at com.kms.katalon.core.main.TestCaseExecutor.execute(TestCaseExecutor.java:285)
	at com.kms.katalon.core.main.TestCaseMain.runTestCase(TestCaseMain.java:133)
	at com.kms.katalon.core.keyword.builtin.CallTestCaseKeyword$_callTestCase_closure1.doCall(CallTestCaseKeyword.groovy:59)
	at com.kms.katalon.core.keyword.builtin.CallTestCaseKeyword$_callTestCase_closure1.call(CallTestCaseKeyword.groovy)
	at com.kms.katalon.core.keyword.internal.KeywordMain.runKeyword(KeywordMain.groovy:75)
	at com.kms.katalon.core.keyword.builtin.CallTestCaseKeyword.callTestCase(CallTestCaseKeyword.groovy:81)
	at com.kms.katalon.core.keyword.builtin.CallTestCaseKeyword.execute(CallTestCaseKeyword.groovy:44)
	at com.kms.katalon.core.keyword.internal.KeywordExecutor.executeKeywordForPlatform(KeywordExecutor.groovy:74)
	at com.kms.katalon.core.keyword.BuiltinKeywords.callTestCase(BuiltinKeywords.groovy:310)
	at java.base/jdk.internal.reflect.NativeMethodAccessorImpl.invoke0(Native Method)
	at java.base/jdk.internal.reflect.NativeMethodAccessorImpl.invoke(NativeMethodAccessorImpl.java:77)
	at java.base/jdk.internal.reflect.DelegatingMethodAccessorImpl.invoke(DelegatingMethodAccessorImpl.java:43)
	at Script1735746406961.run(Script1735746406961.groovy:26)
	... 15 more
)
	at com.kms.katalon.core.keyword.internal.KeywordMain.stepFailed(KeywordMain.groovy:39)
	at com.kms.katalon.core.webui.keyword.internal.WebUIKeywordMain.stepFailed(WebUIKeywordMain.groovy:117)
	at com.kms.katalon.core.webui.keyword.internal.WebUIKeywordMain.runKeyword(WebUIKeywordMain.groovy:43)
	at com.kms.katalon.core.webui.keyword.builtin.ClickKeyword.click(ClickKeyword.groovy:75)
	at com.kms.katalon.core.webui.keyword.builtin.ClickKeyword.execute(ClickKeyword.groovy:40)
	at com.kms.katalon.core.keyword.internal.KeywordExecutor.executeKeywordForPlatform(KeywordExecutor.groovy:74)
	at com.kms.katalon.core.webui.keyword.WebUiBuiltInKeywords.click(WebUiBuiltInKeywords.groovy:684)
	at Tambah Kelas.run(Tambah Kelas:46)
	at com.kms.katalon.core.main.ScriptEngine.run(ScriptEngine.java:194)
	at com.kms.katalon.core.main.ScriptEngine.runScriptAsRawText(ScriptEngine.java:119)
	at com.kms.katalon.core.main.TestCaseExecutor.runScript(TestCaseExecutor.java:448)
	at com.kms.katalon.core.main.TestCaseExecutor.doExecute(TestCaseExecutor.java:439)
	at com.kms.katalon.core.main.TestCaseExecutor.processExecutionPhase(TestCaseExecutor.java:418)
	at com.kms.katalon.core.main.TestCaseExecutor.accessMainPhase(TestCaseExecutor.java:410)
	at com.kms.katalon.core.main.TestCaseExecutor.execute(TestCaseExecutor.java:285)
	at com.kms.katalon.core.main.TestCaseMain.runTestCase(TestCaseMain.java:133)
	at com.kms.katalon.core.keyword.builtin.CallTestCaseKeyword$_callTestCase_closure1.doCall(CallTestCaseKeyword.groovy:59)
	... 25 more
Caused by: com.kms.katalon.core.exception.StepFailedException: Unable to click on object 'Object Repository/Master Data/Admin Sekolah/Tambah Kelas/Modal Tambah/Prefix/Pilih Prefix'
	... 41 more
Caused by: com.kms.katalon.core.webui.exception.WebElementNotFoundException: Web element with id: 'Object Repository/Master Data/Admin Sekolah/Tambah Kelas/Modal Tambah/Prefix/Pilih Prefix' located by '//*[@data-testid = 'paragraph' and (text() = 'RETEST' or . = 'RETEST')]' not found
	at com.kms.katalon.core.webui.common.WebUiCommonHelper.findWebElement(WebUiCommonHelper.java:1426)
	at com.kms.katalon.core.webui.keyword.internal.WebUIAbstractKeyword.findWebElement(WebUIAbstractKeyword.groovy:27)
	at com.kms.katalon.core.webui.keyword.builtin.ClickKeyword$_click_closure1.doCall(ClickKeyword.groovy:66)
	at com.kms.katalon.core.webui.keyword.builtin.ClickKeyword$_click_closure1.call(ClickKeyword.groovy)
	at com.kms.katalon.core.webui.keyword.internal.WebUIKeywordMain.runKeyword(WebUIKeywordMain.groovy:35)
	... 39 more
)

02-01-2025T15:16:33 - [TEST_CASE][FAILED] - Test Cases/Master Data/Admin Sekolah/Master Data Kelas/Tambah Kelas: Test Cases/Master Data/Admin Sekolah/Master Data Kelas/Tambah Kelas FAILED.
Reason:
com.kms.katalon.core.exception.StepFailedException: Unable to click on object 'Object Repository/Master Data/Admin Sekolah/Tambah Kelas/Modal Tambah/Prefix/Pilih Prefix' (Root cause: com.kms.katalon.core.exception.StepFailedException: Unable to click on object 'Object Repository/Master Data/Admin Sekolah/Tambah Kelas/Modal Tambah/Prefix/Pilih Prefix'
	at com.kms.katalon.core.webui.keyword.internal.WebUIKeywordMain.stepFailed(WebUIKeywordMain.groovy:117)
	at com.kms.katalon.core.webui.keyword.internal.WebUIKeywordMain.runKeyword(WebUIKeywordMain.groovy:43)
	at com.kms.katalon.core.webui.keyword.builtin.ClickKeyword.click(ClickKeyword.groovy:75)
	at com.kms.katalon.core.webui.keyword.builtin.ClickKeyword.execute(ClickKeyword.groovy:40)
	at com.kms.katalon.core.keyword.internal.KeywordExecutor.executeKeywordForPlatform(KeywordExecutor.groovy:74)
	at com.kms.katalon.core.webui.keyword.WebUiBuiltInKeywords.click(WebUiBuiltInKeywords.groovy:684)
	at Tambah Kelas.run(Tambah Kelas:46)
	at com.kms.katalon.core.main.ScriptEngine.run(ScriptEngine.java:194)
	at com.kms.katalon.core.main.ScriptEngine.runScriptAsRawText(ScriptEngine.java:119)
	at com.kms.katalon.core.main.TestCaseExecutor.runScript(TestCaseExecutor.java:448)
	at com.kms.katalon.core.main.TestCaseExecutor.doExecute(TestCaseExecutor.java:439)
	at com.kms.katalon.core.main.TestCaseExecutor.processExecutionPhase(TestCaseExecutor.java:418)
	at com.kms.katalon.core.main.TestCaseExecutor.accessMainPhase(TestCaseExecutor.java:410)
	at com.kms.katalon.core.main.TestCaseExecutor.execute(TestCaseExecutor.java:285)
	at com.kms.katalon.core.main.TestCaseMain.runTestCase(TestCaseMain.java:133)
	at com.kms.katalon.core.keyword.builtin.CallTestCaseKeyword$_callTestCase_closure1.doCall(CallTestCaseKeyword.groovy:59)
	at com.kms.katalon.core.keyword.builtin.CallTestCaseKeyword$_callTestCase_closure1.call(CallTestCaseKeyword.groovy)
	at com.kms.katalon.core.keyword.internal.KeywordMain.runKeyword(KeywordMain.groovy:75)
	at com.kms.katalon.core.keyword.builtin.CallTestCaseKeyword.callTestCase(CallTestCaseKeyword.groovy:81)
	at com.kms.katalon.core.keyword.builtin.CallTestCaseKeyword.execute(CallTestCaseKeyword.groovy:44)
	at com.kms.katalon.core.keyword.internal.KeywordExecutor.executeKeywordForPlatform(KeywordExecutor.groovy:74)
	at com.kms.katalon.core.keyword.BuiltinKeywords.callTestCase(BuiltinKeywords.groovy:310)
	at java.base/jdk.internal.reflect.NativeMethodAccessorImpl.invoke0(Native Method)
	at java.base/jdk.internal.reflect.NativeMethodAccessorImpl.invoke(NativeMethodAccessorImpl.java:77)
	at java.base/jdk.internal.reflect.DelegatingMethodAccessorImpl.invoke(DelegatingMethodAccessorImpl.java:43)
	at Regresi Kelas.run(Regresi Kelas:26)
	at com.kms.katalon.core.main.ScriptEngine.run(ScriptEngine.java:194)
	at com.kms.katalon.core.main.ScriptEngine.runScriptAsRawText(ScriptEngine.java:119)
	at com.kms.katalon.core.main.TestCaseExecutor.runScript(TestCaseExecutor.java:448)
	at com.kms.katalon.core.main.TestCaseExecutor.doExecute(TestCaseExecutor.java:439)
	at com.kms.katalon.core.main.TestCaseExecutor.processExecutionPhase(TestCaseExecutor.java:418)
	at com.kms.katalon.core.main.TestCaseExecutor.accessMainPhase(TestCaseExecutor.java:410)
	at com.kms.katalon.core.main.TestCaseExecutor.execute(TestCaseExecutor.java:285)
	at com.kms.katalon.core.common.CommonExecutor.accessTestCaseMainPhase(CommonExecutor.java:65)
	at com.kms.katalon.core.main.TestSuiteExecutor.accessTestSuiteMainPhase(TestSuiteExecutor.java:161)
	at com.kms.katalon.core.main.TestSuiteExecutor.execute(TestSuiteExecutor.java:107)
	at com.kms.katalon.core.main.TestCaseMain.startTestSuite(TestCaseMain.java:176)
	at TempTestSuite1735805561810.run(TempTestSuite1735805561810.groovy:35)
	at java.base/jdk.internal.reflect.NativeMethodAccessorImpl.invoke0(Native Method)
	at java.base/jdk.internal.reflect.NativeMethodAccessorImpl.invoke(NativeMethodAccessorImpl.java:77)
	at java.base/jdk.internal.reflect.DelegatingMethodAccessorImpl.invoke(DelegatingMethodAccessorImpl.java:43)
Caused by: com.kms.katalon.core.webui.exception.WebElementNotFoundException: Web element with id: 'Object Repository/Master Data/Admin Sekolah/Tambah Kelas/Modal Tambah/Prefix/Pilih Prefix' located by '//*[@data-testid = 'paragraph' and (text() = 'RETEST' or . = 'RETEST')]' not found
	at com.kms.katalon.core.webui.common.WebUiCommonHelper.findWebElement(WebUiCommonHelper.java:1426)
	at com.kms.katalon.core.webui.keyword.internal.WebUIAbstractKeyword.findWebElement(WebUIAbstractKeyword.groovy:27)
	at com.kms.katalon.core.webui.keyword.builtin.ClickKeyword$_click_closure1.doCall(ClickKeyword.groovy:66)
	at com.kms.katalon.core.webui.keyword.builtin.ClickKeyword$_click_closure1.call(ClickKeyword.groovy)
	at com.kms.katalon.core.webui.keyword.internal.WebUIKeywordMain.runKeyword(WebUIKeywordMain.groovy:35)
	at com.kms.katalon.core.webui.keyword.builtin.ClickKeyword.click(ClickKeyword.groovy:75)
	at com.kms.katalon.core.webui.keyword.builtin.ClickKeyword.execute(ClickKeyword.groovy:40)
	at com.kms.katalon.core.keyword.internal.KeywordExecutor.executeKeywordForPlatform(KeywordExecutor.groovy:74)
	at com.kms.katalon.core.webui.keyword.WebUiBuiltInKeywords.click(WebUiBuiltInKeywords.groovy:684)
	at Script1731464206565.run(Script1731464206565.groovy:46)
	at com.kms.katalon.core.main.ScriptEngine.run(ScriptEngine.java:194)
	at com.kms.katalon.core.main.ScriptEngine.runScriptAsRawText(ScriptEngine.java:119)
	at com.kms.katalon.core.main.TestCaseExecutor.runScript(TestCaseExecutor.java:448)
	at com.kms.katalon.core.main.TestCaseExecutor.doExecute(TestCaseExecutor.java:439)
	at com.kms.katalon.core.main.TestCaseExecutor.processExecutionPhase(TestCaseExecutor.java:418)
	at com.kms.katalon.core.main.TestCaseExecutor.accessMainPhase(TestCaseExecutor.java:410)
	at com.kms.katalon.core.main.TestCaseExecutor.execute(TestCaseExecutor.java:285)
	at com.kms.katalon.core.main.TestCaseMain.runTestCase(TestCaseMain.java:133)
	at com.kms.katalon.core.keyword.builtin.CallTestCaseKeyword$_callTestCase_closure1.doCall(CallTestCaseKeyword.groovy:59)
	at com.kms.katalon.core.keyword.builtin.CallTestCaseKeyword$_callTestCase_closure1.call(CallTestCaseKeyword.groovy)
	at com.kms.katalon.core.keyword.internal.KeywordMain.runKeyword(KeywordMain.groovy:75)
	at com.kms.katalon.core.keyword.builtin.CallTestCaseKeyword.callTestCase(CallTestCaseKeyword.groovy:81)
	at com.kms.katalon.core.keyword.builtin.CallTestCaseKeyword.execute(CallTestCaseKeyword.groovy:44)
	at com.kms.katalon.core.keyword.internal.KeywordExecutor.executeKeywordForPlatform(KeywordExecutor.groovy:74)
	at com.kms.katalon.core.keyword.BuiltinKeywords.callTestCase(BuiltinKeywords.groovy:310)
	at java.base/jdk.internal.reflect.NativeMethodAccessorImpl.invoke0(Native Method)
	at java.base/jdk.internal.reflect.NativeMethodAccessorImpl.invoke(NativeMethodAccessorImpl.java:77)
	at java.base/jdk.internal.reflect.DelegatingMethodAccessorImpl.invoke(DelegatingMethodAccessorImpl.java:43)
	at Script1735746406961.run(Script1735746406961.groovy:26)
	... 15 more
)
	at com.kms.katalon.core.keyword.internal.KeywordMain.stepFailed(KeywordMain.groovy:39)
	at com.kms.katalon.core.webui.keyword.internal.WebUIKeywordMain.stepFailed(WebUIKeywordMain.groovy:117)
	at com.kms.katalon.core.webui.keyword.internal.WebUIKeywordMain.runKeyword(WebUIKeywordMain.groovy:43)
	at com.kms.katalon.core.webui.keyword.builtin.ClickKeyword.click(ClickKeyword.groovy:75)
	at com.kms.katalon.core.webui.keyword.builtin.ClickKeyword.execute(ClickKeyword.groovy:40)
	at com.kms.katalon.core.keyword.internal.KeywordExecutor.executeKeywordForPlatform(KeywordExecutor.groovy:74)
	at com.kms.katalon.core.webui.keyword.WebUiBuiltInKeywords.click(WebUiBuiltInKeywords.groovy:684)
	at Tambah Kelas.run(Tambah Kelas:46)
	at com.kms.katalon.core.main.ScriptEngine.run(ScriptEngine.java:194)
	at com.kms.katalon.core.main.ScriptEngine.runScriptAsRawText(ScriptEngine.java:119)
	at com.kms.katalon.core.main.TestCaseExecutor.runScript(TestCaseExecutor.java:448)
	at com.kms.katalon.core.main.TestCaseExecutor.doExecute(TestCaseExecutor.java:439)
	at com.kms.katalon.core.main.TestCaseExecutor.processExecutionPhase(TestCaseExecutor.java:418)
	at com.kms.katalon.core.main.TestCaseExecutor.accessMainPhase(TestCaseExecutor.java:410)
	at com.kms.katalon.core.main.TestCaseExecutor.execute(TestCaseExecutor.java:285)
	at com.kms.katalon.core.main.TestCaseMain.runTestCase(TestCaseMain.java:133)
	at com.kms.katalon.core.keyword.builtin.CallTestCaseKeyword$_callTestCase_closure1.doCall(CallTestCaseKeyword.groovy:59)
	at com.kms.katalon.core.keyword.builtin.CallTestCaseKeyword$_callTestCase_closure1.call(CallTestCaseKeyword.groovy)
	at com.kms.katalon.core.keyword.internal.KeywordMain.runKeyword(KeywordMain.groovy:75)
	at com.kms.katalon.core.keyword.builtin.CallTestCaseKeyword.callTestCase(CallTestCaseKeyword.groovy:81)
	at com.kms.katalon.core.keyword.builtin.CallTestCaseKeyword.execute(CallTestCaseKeyword.groovy:44)
	at com.kms.katalon.core.keyword.internal.KeywordExecutor.executeKeywordForPlatform(KeywordExecutor.groovy:74)
	at com.kms.katalon.core.keyword.BuiltinKeywords.callTestCase(BuiltinKeywords.groovy:310)
	at java.base/jdk.internal.reflect.NativeMethodAccessorImpl.invoke0(Native Method)
	at java.base/jdk.internal.reflect.NativeMethodAccessorImpl.invoke(NativeMethodAccessorImpl.java:77)
	at java.base/jdk.internal.reflect.DelegatingMethodAccessorImpl.invoke(DelegatingMethodAccessorImpl.java:43)
	at Regresi Kelas.run(Regresi Kelas:26)
	at com.kms.katalon.core.main.ScriptEngine.run(ScriptEngine.java:194)
	at com.kms.katalon.core.main.ScriptEngine.runScriptAsRawText(ScriptEngine.java:119)
	at com.kms.katalon.core.main.TestCaseExecutor.runScript(TestCaseExecutor.java:448)
	at com.kms.katalon.core.main.TestCaseExecutor.doExecute(TestCaseExecutor.java:439)
	at com.kms.katalon.core.main.TestCaseExecutor.processExecutionPhase(TestCaseExecutor.java:418)
	at com.kms.katalon.core.main.TestCaseExecutor.accessMainPhase(TestCaseExecutor.java:410)
	at com.kms.katalon.core.main.TestCaseExecutor.execute(TestCaseExecutor.java:285)
	at com.kms.katalon.core.common.CommonExecutor.accessTestCaseMainPhase(CommonExecutor.java:65)
	at com.kms.katalon.core.main.TestSuiteExecutor.accessTestSuiteMainPhase(TestSuiteExecutor.java:161)
	at com.kms.katalon.core.main.TestSuiteExecutor.execute(TestSuiteExecutor.java:107)
	at com.kms.katalon.core.main.TestCaseMain.startTestSuite(TestCaseMain.java:176)
	at TempTestSuite1735805561810.run(TempTestSuite1735805561810.groovy:35)
	at java.base/jdk.internal.reflect.NativeMethodAccessorImpl.invoke0(Native Method)
	at java.base/jdk.internal.reflect.NativeMethodAccessorImpl.invoke(NativeMethodAccessorImpl.java:77)
	at java.base/jdk.internal.reflect.DelegatingMethodAccessorImpl.invoke(DelegatingMethodAccessorImpl.java:43)
Caused by: com.kms.katalon.core.exception.StepFailedException: Unable to click on object 'Object Repository/Master Data/Admin Sekolah/Tambah Kelas/Modal Tambah/Prefix/Pilih Prefix'
	... 41 more
Caused by: com.kms.katalon.core.webui.exception.WebElementNotFoundException: Web element with id: 'Object Repository/Master Data/Admin Sekolah/Tambah Kelas/Modal Tambah/Prefix/Pilih Prefix' located by '//*[@data-testid = 'paragraph' and (text() = 'RETEST' or . = 'RETEST')]' not found
	at com.kms.katalon.core.webui.common.WebUiCommonHelper.findWebElement(WebUiCommonHelper.java:1426)
	at com.kms.katalon.core.webui.keyword.internal.WebUIAbstractKeyword.findWebElement(WebUIAbstractKeyword.groovy:27)
	at com.kms.katalon.core.webui.keyword.builtin.ClickKeyword$_click_closure1.doCall(ClickKeyword.groovy:66)
	at com.kms.katalon.core.webui.keyword.builtin.ClickKeyword$_click_closure1.call(ClickKeyword.groovy)
	at com.kms.katalon.core.webui.keyword.internal.WebUIKeywordMain.runKeyword(WebUIKeywordMain.groovy:35)
	... 39 more


02-01-2025T15:16:33 - [TEST_STEP][PASSED] - openBrowser("", CONTINUE_ON_FAILURE): Browser is opened with url: ''

02-01-2025T15:16:33 - [MESSAGE][INFO] - Starting 'Chrome' driver

02-01-2025T15:16:33 - [MESSAGE][INFO] - Action delay is set to 0 milliseconds

02-01-2025T15:16:33 - [MESSAGE][PASSED] - Browser is opened with url: ''

02-01-2025T15:16:33 - [TEST_STEP][PASSED] - navigateToUrl("https://school-payment.digiform.co.id/login"): Navigate to 'https://school-payment.digiform.co.id/login' successfully

02-01-2025T15:16:34 - [MESSAGE][PASSED] - Navigate to 'https://school-payment.digiform.co.id/login' successfully

02-01-2025T15:16:34 - [TEST_STEP][PASSED] - click(findTestObject("Master Data/Admin Sekolah/Login/Field Email"), CONTINUE_ON_FAILURE): Object: 'Object Repository/Master Data/Admin Sekolah/Login/Field Email' is clicked on

02-01-2025T15:16:35 - [MESSAGE][PASSED] - Object: 'Object Repository/Master Data/Admin Sekolah/Login/Field Email' is clicked on

02-01-2025T15:16:35 - [TEST_STEP][PASSED] - setText(findTestObject("Master Data/Admin Sekolah/Login/Field Email"), "admin.gudangsolusi@digiform.co.id", CONTINUE_ON_FAILURE): Text 'admin.gudangsolusi@digiform.co.id' is set on object 'Object Repository/Master Data/Admin Sekolah/Login/Field Email'

02-01-2025T15:16:36 - [MESSAGE][PASSED] - Text 'admin.gudangsolusi@digiform.co.id' is set on object 'Object Repository/Master Data/Admin Sekolah/Login/Field Email'

02-01-2025T15:16:36 - [TEST_STEP][PASSED] - click(findTestObject("Master Data/Admin Sekolah/Login/Input Password"), CONTINUE_ON_FAILURE): Object: 'Object Repository/Master Data/Admin Sekolah/Login/Input Password' is clicked on

02-01-2025T15:16:36 - [MESSAGE][PASSED] - Object: 'Object Repository/Master Data/Admin Sekolah/Login/Input Password' is clicked on

02-01-2025T15:16:36 - [TEST_STEP][PASSED] - setText(findTestObject("Master Data/Admin Sekolah/Login/Input Password"), "Test1234", CONTINUE_ON_FAILURE): Text 'Test1234' is set on object 'Object Repository/Master Data/Admin Sekolah/Login/Input Password'

02-01-2025T15:16:37 - [MESSAGE][PASSED] - Text 'Test1234' is set on object 'Object Repository/Master Data/Admin Sekolah/Login/Input Password'

02-01-2025T15:16:37 - [TEST_STEP][PASSED] - click(findTestObject("Master Data/Admin Sekolah/Login/Button Submit"), CONTINUE_ON_FAILURE): Object: 'Object Repository/Master Data/Admin Sekolah/Login/Button Submit' is clicked on

02-01-2025T15:16:37 - [MESSAGE][PASSED] - Object: 'Object Repository/Master Data/Admin Sekolah/Login/Button Submit' is clicked on

02-01-2025T15:16:37 - [TEST_STEP][PASSED] - click(findTestObject("Master Data/Admin Sekolah/HomePageMenu/Sidebar Menu"), CONTINUE_ON_FAILURE): Object: 'Object Repository/Master Data/Admin Sekolah/HomePageMenu/Sidebar Menu' is clicked on

02-01-2025T15:16:39 - [MESSAGE][PASSED] - Object: 'Object Repository/Master Data/Admin Sekolah/HomePageMenu/Sidebar Menu' is clicked on

02-01-2025T15:16:39 - [TEST_STEP][PASSED] - click(findTestObject("Master Data/Admin Sekolah/HomePageMenu/Sub Menu Kelas"), CONTINUE_ON_FAILURE): Object: 'Object Repository/Master Data/Admin Sekolah/HomePageMenu/Sub Menu Kelas' is clicked on

02-01-2025T15:16:39 - [MESSAGE][PASSED] - Object: 'Object Repository/Master Data/Admin Sekolah/HomePageMenu/Sub Menu Kelas' is clicked on

02-01-2025T15:16:39 - [TEST_STEP][PASSED] - click(findTestObject("Master Data/Admin Sekolah/Tambah Kelas/Tambah Kelas"), CONTINUE_ON_FAILURE): Object: 'Object Repository/Master Data/Admin Sekolah/Tambah Kelas/Tambah Kelas' is clicked on

02-01-2025T15:16:40 - [MESSAGE][PASSED] - Object: 'Object Repository/Master Data/Admin Sekolah/Tambah Kelas/Tambah Kelas' is clicked on

02-01-2025T15:16:40 - [TEST_STEP][PASSED] - click(findTestObject("Master Data/Admin Sekolah/Tambah Kelas/Modal Tambah/Unit/Pilih Unit"), CONTINUE_ON_FAILURE): Object: 'Object Repository/Master Data/Admin Sekolah/Tambah Kelas/Modal Tambah/Unit/Pilih Unit' is clicked on

02-01-2025T15:16:41 - [MESSAGE][PASSED] - Object: 'Object Repository/Master Data/Admin Sekolah/Tambah Kelas/Modal Tambah/Unit/Pilih Unit' is clicked on

02-01-2025T15:16:41 - [TEST_STEP][PASSED] - click(findTestObject("Master Data/Admin Sekolah/Tambah Kelas/Modal Tambah/Unit/Klik Unit"), CONTINUE_ON_FAILURE): Object: 'Object Repository/Master Data/Admin Sekolah/Tambah Kelas/Modal Tambah/Unit/Klik Unit' is clicked on

02-01-2025T15:16:41 - [MESSAGE][PASSED] - Object: 'Object Repository/Master Data/Admin Sekolah/Tambah Kelas/Modal Tambah/Unit/Klik Unit' is clicked on

02-01-2025T15:16:41 - [TEST_STEP][PASSED] - click(findTestObject("Master Data/Admin Sekolah/Tambah Kelas/Modal Tambah/Prefix/Klik Prefix"), CONTINUE_ON_FAILURE): Object: 'Object Repository/Master Data/Admin Sekolah/Tambah Kelas/Modal Tambah/Prefix/Klik Prefix' is clicked on

02-01-2025T15:16:41 - [MESSAGE][PASSED] - Object: 'Object Repository/Master Data/Admin Sekolah/Tambah Kelas/Modal Tambah/Prefix/Klik Prefix' is clicked on

02-01-2025T15:16:41 - [TEST_STEP][FAILED] - click(findTestObject("Master Data/Admin Sekolah/Tambah Kelas/Modal Tambah/Prefix/Pilih Prefix"), CONTINUE_ON_FAILURE): Unable to click on object 'Object Repository/Master Data/Admin Sekolah/Tambah Kelas/Modal Tambah/Prefix/Pilih Prefix' (Root cause: com.kms.katalon.core.exception.StepFailedException: Unable to click on object 'Object Repository/Master Data/Admin Sekolah/Tambah Kelas/Modal Tambah/Prefix/Pilih Prefix'
	at com.kms.katalon.core.webui.keyword.internal.WebUIKeywordMain.stepFailed(WebUIKeywordMain.groovy:117)
	at com.kms.katalon.core.webui.keyword.internal.WebUIKeywordMain.runKeyword(WebUIKeywordMain.groovy:43)
	at com.kms.katalon.core.webui.keyword.builtin.ClickKeyword.click(ClickKeyword.groovy:75)
	at com.kms.katalon.core.webui.keyword.builtin.ClickKeyword.execute(ClickKeyword.groovy:40)
	at com.kms.katalon.core.keyword.internal.KeywordExecutor.executeKeywordForPlatform(KeywordExecutor.groovy:74)
	at com.kms.katalon.core.webui.keyword.WebUiBuiltInKeywords.click(WebUiBuiltInKeywords.groovy:684)
	at Tambah Kelas.run(Tambah Kelas:46)
	at com.kms.katalon.core.main.ScriptEngine.run(ScriptEngine.java:194)
	at com.kms.katalon.core.main.ScriptEngine.runScriptAsRawText(ScriptEngine.java:119)
	at com.kms.katalon.core.main.TestCaseExecutor.runScript(TestCaseExecutor.java:448)
	at com.kms.katalon.core.main.TestCaseExecutor.doExecute(TestCaseExecutor.java:439)
	at com.kms.katalon.core.main.TestCaseExecutor.processExecutionPhase(TestCaseExecutor.java:418)
	at com.kms.katalon.core.main.TestCaseExecutor.accessMainPhase(TestCaseExecutor.java:410)
	at com.kms.katalon.core.main.TestCaseExecutor.execute(TestCaseExecutor.java:285)
	at com.kms.katalon.core.main.TestCaseMain.runTestCase(TestCaseMain.java:133)
	at com.kms.katalon.core.keyword.builtin.CallTestCaseKeyword$_callTestCase_closure1.doCall(CallTestCaseKeyword.groovy:59)
	at com.kms.katalon.core.keyword.builtin.CallTestCaseKeyword$_callTestCase_closure1.call(CallTestCaseKeyword.groovy)
	at com.kms.katalon.core.keyword.internal.KeywordMain.runKeyword(KeywordMain.groovy:75)
	at com.kms.katalon.core.keyword.builtin.CallTestCaseKeyword.callTestCase(CallTestCaseKeyword.groovy:81)
	at com.kms.katalon.core.keyword.builtin.CallTestCaseKeyword.execute(CallTestCaseKeyword.groovy:44)
	at com.kms.katalon.core.keyword.internal.KeywordExecutor.executeKeywordForPlatform(KeywordExecutor.groovy:74)
	at com.kms.katalon.core.keyword.BuiltinKeywords.callTestCase(BuiltinKeywords.groovy:310)
	at java.base/jdk.internal.reflect.NativeMethodAccessorImpl.invoke0(Native Method)
	at java.base/jdk.internal.reflect.NativeMethodAccessorImpl.invoke(NativeMethodAccessorImpl.java:77)
	at java.base/jdk.internal.reflect.DelegatingMethodAccessorImpl.invoke(DelegatingMethodAccessorImpl.java:43)
	at Regresi Kelas.run(Regresi Kelas:26)
	at com.kms.katalon.core.main.ScriptEngine.run(ScriptEngine.java:194)
	at com.kms.katalon.core.main.ScriptEngine.runScriptAsRawText(ScriptEngine.java:119)
	at com.kms.katalon.core.main.TestCaseExecutor.runScript(TestCaseExecutor.java:448)
	at com.kms.katalon.core.main.TestCaseExecutor.doExecute(TestCaseExecutor.java:439)
	at com.kms.katalon.core.main.TestCaseExecutor.processExecutionPhase(TestCaseExecutor.java:418)
	at com.kms.katalon.core.main.TestCaseExecutor.accessMainPhase(TestCaseExecutor.java:410)
	at com.kms.katalon.core.main.TestCaseExecutor.execute(TestCaseExecutor.java:285)
	at com.kms.katalon.core.common.CommonExecutor.accessTestCaseMainPhase(CommonExecutor.java:65)
	at com.kms.katalon.core.main.TestSuiteExecutor.accessTestSuiteMainPhase(TestSuiteExecutor.java:161)
	at com.kms.katalon.core.main.TestSuiteExecutor.execute(TestSuiteExecutor.java:107)
	at com.kms.katalon.core.main.TestCaseMain.startTestSuite(TestCaseMain.java:176)
	at TempTestSuite1735805561810.run(TempTestSuite1735805561810.groovy:35)
	at java.base/jdk.internal.reflect.NativeMethodAccessorImpl.invoke0(Native Method)
	at java.base/jdk.internal.reflect.NativeMethodAccessorImpl.invoke(NativeMethodAccessorImpl.java:77)
	at java.base/jdk.internal.reflect.DelegatingMethodAccessorImpl.invoke(DelegatingMethodAccessorImpl.java:43)
Caused by: com.kms.katalon.core.webui.exception.WebElementNotFoundException: Web element with id: 'Object Repository/Master Data/Admin Sekolah/Tambah Kelas/Modal Tambah/Prefix/Pilih Prefix' located by '//*[@data-testid = 'paragraph' and (text() = 'RETEST' or . = 'RETEST')]' not found
	at com.kms.katalon.core.webui.common.WebUiCommonHelper.findWebElement(WebUiCommonHelper.java:1426)
	at com.kms.katalon.core.webui.keyword.internal.WebUIAbstractKeyword.findWebElement(WebUIAbstractKeyword.groovy:27)
	at com.kms.katalon.core.webui.keyword.builtin.ClickKeyword$_click_closure1.doCall(ClickKeyword.groovy:66)
	at com.kms.katalon.core.webui.keyword.builtin.ClickKeyword$_click_closure1.call(ClickKeyword.groovy)
	at com.kms.katalon.core.webui.keyword.internal.WebUIKeywordMain.runKeyword(WebUIKeywordMain.groovy:35)
	at com.kms.katalon.core.webui.keyword.builtin.ClickKeyword.click(ClickKeyword.groovy:75)
	at com.kms.katalon.core.webui.keyword.builtin.ClickKeyword.execute(ClickKeyword.groovy:40)
	at com.kms.katalon.core.keyword.internal.KeywordExecutor.executeKeywordForPlatform(KeywordExecutor.groovy:74)
	at com.kms.katalon.core.webui.keyword.WebUiBuiltInKeywords.click(WebUiBuiltInKeywords.groovy:684)
	at Script1731464206565.run(Script1731464206565.groovy:46)
	at com.kms.katalon.core.main.ScriptEngine.run(ScriptEngine.java:194)
	at com.kms.katalon.core.main.ScriptEngine.runScriptAsRawText(ScriptEngine.java:119)
	at com.kms.katalon.core.main.TestCaseExecutor.runScript(TestCaseExecutor.java:448)
	at com.kms.katalon.core.main.TestCaseExecutor.doExecute(TestCaseExecutor.java:439)
	at com.kms.katalon.core.main.TestCaseExecutor.processExecutionPhase(TestCaseExecutor.java:418)
	at com.kms.katalon.core.main.TestCaseExecutor.accessMainPhase(TestCaseExecutor.java:410)
	at com.kms.katalon.core.main.TestCaseExecutor.execute(TestCaseExecutor.java:285)
	at com.kms.katalon.core.main.TestCaseMain.runTestCase(TestCaseMain.java:133)
	at com.kms.katalon.core.keyword.builtin.CallTestCaseKeyword$_callTestCase_closure1.doCall(CallTestCaseKeyword.groovy:59)
	at com.kms.katalon.core.keyword.builtin.CallTestCaseKeyword$_callTestCase_closure1.call(CallTestCaseKeyword.groovy)
	at com.kms.katalon.core.keyword.internal.KeywordMain.runKeyword(KeywordMain.groovy:75)
	at com.kms.katalon.core.keyword.builtin.CallTestCaseKeyword.callTestCase(CallTestCaseKeyword.groovy:81)
	at com.kms.katalon.core.keyword.builtin.CallTestCaseKeyword.execute(CallTestCaseKeyword.groovy:44)
	at com.kms.katalon.core.keyword.internal.KeywordExecutor.executeKeywordForPlatform(KeywordExecutor.groovy:74)
	at com.kms.katalon.core.keyword.BuiltinKeywords.callTestCase(BuiltinKeywords.groovy:310)
	at java.base/jdk.internal.reflect.NativeMethodAccessorImpl.invoke0(Native Method)
	at java.base/jdk.internal.reflect.NativeMethodAccessorImpl.invoke(NativeMethodAccessorImpl.java:77)
	at java.base/jdk.internal.reflect.DelegatingMethodAccessorImpl.invoke(DelegatingMethodAccessorImpl.java:43)
	at Script1735746406961.run(Script1735746406961.groovy:26)
	... 15 more
)

02-01-2025T15:17:12 - [MESSAGE][INFO] - Unable to find the element located by 'By.xpath: //*[@data-testid = 'paragraph' and (text() = 'RETEST' or . = 'RETEST')]'. Please recheck the objects properties to make sure the desired element is located. 

02-01-2025T15:17:12 - [MESSAGE][WARNING] - [SELF-HEALING] Failed to find element with id 'Object Repository/Master Data/Admin Sekolah/Tambah Kelas/Modal Tambah/Prefix/Pilih Prefix'. Try using Self-healing.

02-01-2025T15:17:12 - [MESSAGE][WARNING] - [SELF-HEALING] Cannot find elements when the XPath is null.

02-01-2025T15:17:13 - [MESSAGE][WARNING] - [SELF-HEALING] Cannot find elements when the selector is null

02-01-2025T15:17:14 - [MESSAGE][FAILED] - Unable to click on object 'Object Repository/Master Data/Admin Sekolah/Tambah Kelas/Modal Tambah/Prefix/Pilih Prefix' (Root cause: com.kms.katalon.core.exception.StepFailedException: Unable to click on object 'Object Repository/Master Data/Admin Sekolah/Tambah Kelas/Modal Tambah/Prefix/Pilih Prefix'
	at com.kms.katalon.core.webui.keyword.internal.WebUIKeywordMain.stepFailed(WebUIKeywordMain.groovy:117)
	at com.kms.katalon.core.webui.keyword.internal.WebUIKeywordMain.runKeyword(WebUIKeywordMain.groovy:43)
	at com.kms.katalon.core.webui.keyword.builtin.ClickKeyword.click(ClickKeyword.groovy:75)
	at com.kms.katalon.core.webui.keyword.builtin.ClickKeyword.execute(ClickKeyword.groovy:40)
	at com.kms.katalon.core.keyword.internal.KeywordExecutor.executeKeywordForPlatform(KeywordExecutor.groovy:74)
	at com.kms.katalon.core.webui.keyword.WebUiBuiltInKeywords.click(WebUiBuiltInKeywords.groovy:684)
	at Tambah Kelas.run(Tambah Kelas:46)
	at com.kms.katalon.core.main.ScriptEngine.run(ScriptEngine.java:194)
	at com.kms.katalon.core.main.ScriptEngine.runScriptAsRawText(ScriptEngine.java:119)
	at com.kms.katalon.core.main.TestCaseExecutor.runScript(TestCaseExecutor.java:448)
	at com.kms.katalon.core.main.TestCaseExecutor.doExecute(TestCaseExecutor.java:439)
	at com.kms.katalon.core.main.TestCaseExecutor.processExecutionPhase(TestCaseExecutor.java:418)
	at com.kms.katalon.core.main.TestCaseExecutor.accessMainPhase(TestCaseExecutor.java:410)
	at com.kms.katalon.core.main.TestCaseExecutor.execute(TestCaseExecutor.java:285)
	at com.kms.katalon.core.main.TestCaseMain.runTestCase(TestCaseMain.java:133)
	at com.kms.katalon.core.keyword.builtin.CallTestCaseKeyword$_callTestCase_closure1.doCall(CallTestCaseKeyword.groovy:59)
	at com.kms.katalon.core.keyword.builtin.CallTestCaseKeyword$_callTestCase_closure1.call(CallTestCaseKeyword.groovy)
	at com.kms.katalon.core.keyword.internal.KeywordMain.runKeyword(KeywordMain.groovy:75)
	at com.kms.katalon.core.keyword.builtin.CallTestCaseKeyword.callTestCase(CallTestCaseKeyword.groovy:81)
	at com.kms.katalon.core.keyword.builtin.CallTestCaseKeyword.execute(CallTestCaseKeyword.groovy:44)
	at com.kms.katalon.core.keyword.internal.KeywordExecutor.executeKeywordForPlatform(KeywordExecutor.groovy:74)
	at com.kms.katalon.core.keyword.BuiltinKeywords.callTestCase(BuiltinKeywords.groovy:310)
	at java.base/jdk.internal.reflect.NativeMethodAccessorImpl.invoke0(Native Method)
	at java.base/jdk.internal.reflect.NativeMethodAccessorImpl.invoke(NativeMethodAccessorImpl.java:77)
	at java.base/jdk.internal.reflect.DelegatingMethodAccessorImpl.invoke(DelegatingMethodAccessorImpl.java:43)
	at Regresi Kelas.run(Regresi Kelas:26)
	at com.kms.katalon.core.main.ScriptEngine.run(ScriptEngine.java:194)
	at com.kms.katalon.core.main.ScriptEngine.runScriptAsRawText(ScriptEngine.java:119)
	at com.kms.katalon.core.main.TestCaseExecutor.runScript(TestCaseExecutor.java:448)
	at com.kms.katalon.core.main.TestCaseExecutor.doExecute(TestCaseExecutor.java:439)
	at com.kms.katalon.core.main.TestCaseExecutor.processExecutionPhase(TestCaseExecutor.java:418)
	at com.kms.katalon.core.main.TestCaseExecutor.accessMainPhase(TestCaseExecutor.java:410)
	at com.kms.katalon.core.main.TestCaseExecutor.execute(TestCaseExecutor.java:285)
	at com.kms.katalon.core.common.CommonExecutor.accessTestCaseMainPhase(CommonExecutor.java:65)
	at com.kms.katalon.core.main.TestSuiteExecutor.accessTestSuiteMainPhase(TestSuiteExecutor.java:161)
	at com.kms.katalon.core.main.TestSuiteExecutor.execute(TestSuiteExecutor.java:107)
	at com.kms.katalon.core.main.TestCaseMain.startTestSuite(TestCaseMain.java:176)
	at TempTestSuite1735805561810.run(TempTestSuite1735805561810.groovy:35)
	at java.base/jdk.internal.reflect.NativeMethodAccessorImpl.invoke0(Native Method)
	at java.base/jdk.internal.reflect.NativeMethodAccessorImpl.invoke(NativeMethodAccessorImpl.java:77)
	at java.base/jdk.internal.reflect.DelegatingMethodAccessorImpl.invoke(DelegatingMethodAccessorImpl.java:43)
Caused by: com.kms.katalon.core.webui.exception.WebElementNotFoundException: Web element with id: 'Object Repository/Master Data/Admin Sekolah/Tambah Kelas/Modal Tambah/Prefix/Pilih Prefix' located by '//*[@data-testid = 'paragraph' and (text() = 'RETEST' or . = 'RETEST')]' not found
	at com.kms.katalon.core.webui.common.WebUiCommonHelper.findWebElement(WebUiCommonHelper.java:1426)
	at com.kms.katalon.core.webui.keyword.internal.WebUIAbstractKeyword.findWebElement(WebUIAbstractKeyword.groovy:27)
	at com.kms.katalon.core.webui.keyword.builtin.ClickKeyword$_click_closure1.doCall(ClickKeyword.groovy:66)
	at com.kms.katalon.core.webui.keyword.builtin.ClickKeyword$_click_closure1.call(ClickKeyword.groovy)
	at com.kms.katalon.core.webui.keyword.internal.WebUIKeywordMain.runKeyword(WebUIKeywordMain.groovy:35)
	at com.kms.katalon.core.webui.keyword.builtin.ClickKeyword.click(ClickKeyword.groovy:75)
	at com.kms.katalon.core.webui.keyword.builtin.ClickKeyword.execute(ClickKeyword.groovy:40)
	at com.kms.katalon.core.keyword.internal.KeywordExecutor.executeKeywordForPlatform(KeywordExecutor.groovy:74)
	at com.kms.katalon.core.webui.keyword.WebUiBuiltInKeywords.click(WebUiBuiltInKeywords.groovy:684)
	at Script1731464206565.run(Script1731464206565.groovy:46)
	at com.kms.katalon.core.main.ScriptEngine.run(ScriptEngine.java:194)
	at com.kms.katalon.core.main.ScriptEngine.runScriptAsRawText(ScriptEngine.java:119)
	at com.kms.katalon.core.main.TestCaseExecutor.runScript(TestCaseExecutor.java:448)
	at com.kms.katalon.core.main.TestCaseExecutor.doExecute(TestCaseExecutor.java:439)
	at com.kms.katalon.core.main.TestCaseExecutor.processExecutionPhase(TestCaseExecutor.java:418)
	at com.kms.katalon.core.main.TestCaseExecutor.accessMainPhase(TestCaseExecutor.java:410)
	at com.kms.katalon.core.main.TestCaseExecutor.execute(TestCaseExecutor.java:285)
	at com.kms.katalon.core.main.TestCaseMain.runTestCase(TestCaseMain.java:133)
	at com.kms.katalon.core.keyword.builtin.CallTestCaseKeyword$_callTestCase_closure1.doCall(CallTestCaseKeyword.groovy:59)
	at com.kms.katalon.core.keyword.builtin.CallTestCaseKeyword$_callTestCase_closure1.call(CallTestCaseKeyword.groovy)
	at com.kms.katalon.core.keyword.internal.KeywordMain.runKeyword(KeywordMain.groovy:75)
	at com.kms.katalon.core.keyword.builtin.CallTestCaseKeyword.callTestCase(CallTestCaseKeyword.groovy:81)
	at com.kms.katalon.core.keyword.builtin.CallTestCaseKeyword.execute(CallTestCaseKeyword.groovy:44)
	at com.kms.katalon.core.keyword.internal.KeywordExecutor.executeKeywordForPlatform(KeywordExecutor.groovy:74)
	at com.kms.katalon.core.keyword.BuiltinKeywords.callTestCase(BuiltinKeywords.groovy:310)
	at java.base/jdk.internal.reflect.NativeMethodAccessorImpl.invoke0(Native Method)
	at java.base/jdk.internal.reflect.NativeMethodAccessorImpl.invoke(NativeMethodAccessorImpl.java:77)
	at java.base/jdk.internal.reflect.DelegatingMethodAccessorImpl.invoke(DelegatingMethodAccessorImpl.java:43)
	at Script1735746406961.run(Script1735746406961.groovy:26)
	... 15 more
)
[[ATTACHMENT|C:\\Users\\henri\\Videos\\school-payment-automation-testing\\Reports\\20250102_151240\\SPRINT 1\\20250102_151241\\1735805833965.png]]

02-01-2025T15:17:14 - [TEST_STEP][PASSED] - setText(findTestObject("Master Data/Admin Sekolah/Tambah Kelas/Modal Tambah/Suffix/Input Suffix kelas"), "PHP 4", CONTINUE_ON_FAILURE): Text 'PHP 4' is set on object 'Object Repository/Master Data/Admin Sekolah/Tambah Kelas/Modal Tambah/Suffix/Input Suffix kelas'

02-01-2025T15:17:14 - [MESSAGE][PASSED] - Text 'PHP 4' is set on object 'Object Repository/Master Data/Admin Sekolah/Tambah Kelas/Modal Tambah/Suffix/Input Suffix kelas'

02-01-2025T15:17:14 - [TEST_STEP][PASSED] - click(findTestObject("Master Data/Admin Sekolah/Tambah Kelas/Modal Tambah/Jurusan/Klik Jurusan"), CONTINUE_ON_FAILURE): Object: 'Object Repository/Master Data/Admin Sekolah/Tambah Kelas/Modal Tambah/Jurusan/Klik Jurusan' is clicked on

02-01-2025T15:17:14 - [MESSAGE][PASSED] - Object: 'Object Repository/Master Data/Admin Sekolah/Tambah Kelas/Modal Tambah/Jurusan/Klik Jurusan' is clicked on

02-01-2025T15:17:14 - [TEST_STEP][FAILED] - click(findTestObject("Master Data/Admin Sekolah/Tambah Kelas/Modal Tambah/Jurusan/Pilih Jurusan"), CONTINUE_ON_FAILURE): Unable to click on object 'Object Repository/Master Data/Admin Sekolah/Tambah Kelas/Modal Tambah/Jurusan/Pilih Jurusan' (Root cause: com.kms.katalon.core.exception.StepFailedException: Unable to click on object 'Object Repository/Master Data/Admin Sekolah/Tambah Kelas/Modal Tambah/Jurusan/Pilih Jurusan'
	at com.kms.katalon.core.webui.keyword.internal.WebUIKeywordMain.stepFailed(WebUIKeywordMain.groovy:117)
	at com.kms.katalon.core.webui.keyword.internal.WebUIKeywordMain.runKeyword(WebUIKeywordMain.groovy:43)
	at com.kms.katalon.core.webui.keyword.builtin.ClickKeyword.click(ClickKeyword.groovy:75)
	at com.kms.katalon.core.webui.keyword.builtin.ClickKeyword.execute(ClickKeyword.groovy:40)
	at com.kms.katalon.core.keyword.internal.KeywordExecutor.executeKeywordForPlatform(KeywordExecutor.groovy:74)
	at com.kms.katalon.core.webui.keyword.WebUiBuiltInKeywords.click(WebUiBuiltInKeywords.groovy:684)
	at Tambah Kelas.run(Tambah Kelas:53)
	at com.kms.katalon.core.main.ScriptEngine.run(ScriptEngine.java:194)
	at com.kms.katalon.core.main.ScriptEngine.runScriptAsRawText(ScriptEngine.java:119)
	at com.kms.katalon.core.main.TestCaseExecutor.runScript(TestCaseExecutor.java:448)
	at com.kms.katalon.core.main.TestCaseExecutor.doExecute(TestCaseExecutor.java:439)
	at com.kms.katalon.core.main.TestCaseExecutor.processExecutionPhase(TestCaseExecutor.java:418)
	at com.kms.katalon.core.main.TestCaseExecutor.accessMainPhase(TestCaseExecutor.java:410)
	at com.kms.katalon.core.main.TestCaseExecutor.execute(TestCaseExecutor.java:285)
	at com.kms.katalon.core.main.TestCaseMain.runTestCase(TestCaseMain.java:133)
	at com.kms.katalon.core.keyword.builtin.CallTestCaseKeyword$_callTestCase_closure1.doCall(CallTestCaseKeyword.groovy:59)
	at com.kms.katalon.core.keyword.builtin.CallTestCaseKeyword$_callTestCase_closure1.call(CallTestCaseKeyword.groovy)
	at com.kms.katalon.core.keyword.internal.KeywordMain.runKeyword(KeywordMain.groovy:75)
	at com.kms.katalon.core.keyword.builtin.CallTestCaseKeyword.callTestCase(CallTestCaseKeyword.groovy:81)
	at com.kms.katalon.core.keyword.builtin.CallTestCaseKeyword.execute(CallTestCaseKeyword.groovy:44)
	at com.kms.katalon.core.keyword.internal.KeywordExecutor.executeKeywordForPlatform(KeywordExecutor.groovy:74)
	at com.kms.katalon.core.keyword.BuiltinKeywords.callTestCase(BuiltinKeywords.groovy:310)
	at java.base/jdk.internal.reflect.NativeMethodAccessorImpl.invoke0(Native Method)
	at java.base/jdk.internal.reflect.NativeMethodAccessorImpl.invoke(NativeMethodAccessorImpl.java:77)
	at java.base/jdk.internal.reflect.DelegatingMethodAccessorImpl.invoke(DelegatingMethodAccessorImpl.java:43)
	at Regresi Kelas.run(Regresi Kelas:26)
	at com.kms.katalon.core.main.ScriptEngine.run(ScriptEngine.java:194)
	at com.kms.katalon.core.main.ScriptEngine.runScriptAsRawText(ScriptEngine.java:119)
	at com.kms.katalon.core.main.TestCaseExecutor.runScript(TestCaseExecutor.java:448)
	at com.kms.katalon.core.main.TestCaseExecutor.doExecute(TestCaseExecutor.java:439)
	at com.kms.katalon.core.main.TestCaseExecutor.processExecutionPhase(TestCaseExecutor.java:418)
	at com.kms.katalon.core.main.TestCaseExecutor.accessMainPhase(TestCaseExecutor.java:410)
	at com.kms.katalon.core.main.TestCaseExecutor.execute(TestCaseExecutor.java:285)
	at com.kms.katalon.core.common.CommonExecutor.accessTestCaseMainPhase(CommonExecutor.java:65)
	at com.kms.katalon.core.main.TestSuiteExecutor.accessTestSuiteMainPhase(TestSuiteExecutor.java:161)
	at com.kms.katalon.core.main.TestSuiteExecutor.execute(TestSuiteExecutor.java:107)
	at com.kms.katalon.core.main.TestCaseMain.startTestSuite(TestCaseMain.java:176)
	at TempTestSuite1735805561810.run(TempTestSuite1735805561810.groovy:35)
	at java.base/jdk.internal.reflect.NativeMethodAccessorImpl.invoke0(Native Method)
	at java.base/jdk.internal.reflect.NativeMethodAccessorImpl.invoke(NativeMethodAccessorImpl.java:77)
	at java.base/jdk.internal.reflect.DelegatingMethodAccessorImpl.invoke(DelegatingMethodAccessorImpl.java:43)
Caused by: com.kms.katalon.core.webui.exception.WebElementNotFoundException: Web element with id: 'Object Repository/Master Data/Admin Sekolah/Tambah Kelas/Modal Tambah/Jurusan/Pilih Jurusan' located by '//*[@data-testid = 'paragraph' and (text() = 'olahraga' or . = 'olahraga')]' not found
	at com.kms.katalon.core.webui.common.WebUiCommonHelper.findWebElement(WebUiCommonHelper.java:1426)
	at com.kms.katalon.core.webui.keyword.internal.WebUIAbstractKeyword.findWebElement(WebUIAbstractKeyword.groovy:27)
	at com.kms.katalon.core.webui.keyword.builtin.ClickKeyword$_click_closure1.doCall(ClickKeyword.groovy:66)
	at com.kms.katalon.core.webui.keyword.builtin.ClickKeyword$_click_closure1.call(ClickKeyword.groovy)
	at com.kms.katalon.core.webui.keyword.internal.WebUIKeywordMain.runKeyword(WebUIKeywordMain.groovy:35)
	at com.kms.katalon.core.webui.keyword.builtin.ClickKeyword.click(ClickKeyword.groovy:75)
	at com.kms.katalon.core.webui.keyword.builtin.ClickKeyword.execute(ClickKeyword.groovy:40)
	at com.kms.katalon.core.keyword.internal.KeywordExecutor.executeKeywordForPlatform(KeywordExecutor.groovy:74)
	at com.kms.katalon.core.webui.keyword.WebUiBuiltInKeywords.click(WebUiBuiltInKeywords.groovy:684)
	at Script1731464206565.run(Script1731464206565.groovy:53)
	at com.kms.katalon.core.main.ScriptEngine.run(ScriptEngine.java:194)
	at com.kms.katalon.core.main.ScriptEngine.runScriptAsRawText(ScriptEngine.java:119)
	at com.kms.katalon.core.main.TestCaseExecutor.runScript(TestCaseExecutor.java:448)
	at com.kms.katalon.core.main.TestCaseExecutor.doExecute(TestCaseExecutor.java:439)
	at com.kms.katalon.core.main.TestCaseExecutor.processExecutionPhase(TestCaseExecutor.java:418)
	at com.kms.katalon.core.main.TestCaseExecutor.accessMainPhase(TestCaseExecutor.java:410)
	at com.kms.katalon.core.main.TestCaseExecutor.execute(TestCaseExecutor.java:285)
	at com.kms.katalon.core.main.TestCaseMain.runTestCase(TestCaseMain.java:133)
	at com.kms.katalon.core.keyword.builtin.CallTestCaseKeyword$_callTestCase_closure1.doCall(CallTestCaseKeyword.groovy:59)
	at com.kms.katalon.core.keyword.builtin.CallTestCaseKeyword$_callTestCase_closure1.call(CallTestCaseKeyword.groovy)
	at com.kms.katalon.core.keyword.internal.KeywordMain.runKeyword(KeywordMain.groovy:75)
	at com.kms.katalon.core.keyword.builtin.CallTestCaseKeyword.callTestCase(CallTestCaseKeyword.groovy:81)
	at com.kms.katalon.core.keyword.builtin.CallTestCaseKeyword.execute(CallTestCaseKeyword.groovy:44)
	at com.kms.katalon.core.keyword.internal.KeywordExecutor.executeKeywordForPlatform(KeywordExecutor.groovy:74)
	at com.kms.katalon.core.keyword.BuiltinKeywords.callTestCase(BuiltinKeywords.groovy:310)
	at java.base/jdk.internal.reflect.NativeMethodAccessorImpl.invoke0(Native Method)
	at java.base/jdk.internal.reflect.NativeMethodAccessorImpl.invoke(NativeMethodAccessorImpl.java:77)
	at java.base/jdk.internal.reflect.DelegatingMethodAccessorImpl.invoke(DelegatingMethodAccessorImpl.java:43)
	at Script1735746406961.run(Script1735746406961.groovy:26)
	... 15 more
)

02-01-2025T15:17:46 - [MESSAGE][INFO] - Unable to find the element located by 'By.xpath: //*[@data-testid = 'paragraph' and (text() = 'olahraga' or . = 'olahraga')]'. Please recheck the objects properties to make sure the desired element is located. 

02-01-2025T15:17:46 - [MESSAGE][WARNING] - [SELF-HEALING] Failed to find element with id 'Object Repository/Master Data/Admin Sekolah/Tambah Kelas/Modal Tambah/Jurusan/Pilih Jurusan'. Try using Self-healing.

02-01-2025T15:17:46 - [MESSAGE][WARNING] - [SELF-HEALING] Cannot find elements when the XPath is null.

02-01-2025T15:17:47 - [MESSAGE][WARNING] - [SELF-HEALING] Cannot find elements when the selector is null

02-01-2025T15:17:47 - [MESSAGE][FAILED] - Unable to click on object 'Object Repository/Master Data/Admin Sekolah/Tambah Kelas/Modal Tambah/Jurusan/Pilih Jurusan' (Root cause: com.kms.katalon.core.exception.StepFailedException: Unable to click on object 'Object Repository/Master Data/Admin Sekolah/Tambah Kelas/Modal Tambah/Jurusan/Pilih Jurusan'
	at com.kms.katalon.core.webui.keyword.internal.WebUIKeywordMain.stepFailed(WebUIKeywordMain.groovy:117)
	at com.kms.katalon.core.webui.keyword.internal.WebUIKeywordMain.runKeyword(WebUIKeywordMain.groovy:43)
	at com.kms.katalon.core.webui.keyword.builtin.ClickKeyword.click(ClickKeyword.groovy:75)
	at com.kms.katalon.core.webui.keyword.builtin.ClickKeyword.execute(ClickKeyword.groovy:40)
	at com.kms.katalon.core.keyword.internal.KeywordExecutor.executeKeywordForPlatform(KeywordExecutor.groovy:74)
	at com.kms.katalon.core.webui.keyword.WebUiBuiltInKeywords.click(WebUiBuiltInKeywords.groovy:684)
	at Tambah Kelas.run(Tambah Kelas:53)
	at com.kms.katalon.core.main.ScriptEngine.run(ScriptEngine.java:194)
	at com.kms.katalon.core.main.ScriptEngine.runScriptAsRawText(ScriptEngine.java:119)
	at com.kms.katalon.core.main.TestCaseExecutor.runScript(TestCaseExecutor.java:448)
	at com.kms.katalon.core.main.TestCaseExecutor.doExecute(TestCaseExecutor.java:439)
	at com.kms.katalon.core.main.TestCaseExecutor.processExecutionPhase(TestCaseExecutor.java:418)
	at com.kms.katalon.core.main.TestCaseExecutor.accessMainPhase(TestCaseExecutor.java:410)
	at com.kms.katalon.core.main.TestCaseExecutor.execute(TestCaseExecutor.java:285)
	at com.kms.katalon.core.main.TestCaseMain.runTestCase(TestCaseMain.java:133)
	at com.kms.katalon.core.keyword.builtin.CallTestCaseKeyword$_callTestCase_closure1.doCall(CallTestCaseKeyword.groovy:59)
	at com.kms.katalon.core.keyword.builtin.CallTestCaseKeyword$_callTestCase_closure1.call(CallTestCaseKeyword.groovy)
	at com.kms.katalon.core.keyword.internal.KeywordMain.runKeyword(KeywordMain.groovy:75)
	at com.kms.katalon.core.keyword.builtin.CallTestCaseKeyword.callTestCase(CallTestCaseKeyword.groovy:81)
	at com.kms.katalon.core.keyword.builtin.CallTestCaseKeyword.execute(CallTestCaseKeyword.groovy:44)
	at com.kms.katalon.core.keyword.internal.KeywordExecutor.executeKeywordForPlatform(KeywordExecutor.groovy:74)
	at com.kms.katalon.core.keyword.BuiltinKeywords.callTestCase(BuiltinKeywords.groovy:310)
	at java.base/jdk.internal.reflect.NativeMethodAccessorImpl.invoke0(Native Method)
	at java.base/jdk.internal.reflect.NativeMethodAccessorImpl.invoke(NativeMethodAccessorImpl.java:77)
	at java.base/jdk.internal.reflect.DelegatingMethodAccessorImpl.invoke(DelegatingMethodAccessorImpl.java:43)
	at Regresi Kelas.run(Regresi Kelas:26)
	at com.kms.katalon.core.main.ScriptEngine.run(ScriptEngine.java:194)
	at com.kms.katalon.core.main.ScriptEngine.runScriptAsRawText(ScriptEngine.java:119)
	at com.kms.katalon.core.main.TestCaseExecutor.runScript(TestCaseExecutor.java:448)
	at com.kms.katalon.core.main.TestCaseExecutor.doExecute(TestCaseExecutor.java:439)
	at com.kms.katalon.core.main.TestCaseExecutor.processExecutionPhase(TestCaseExecutor.java:418)
	at com.kms.katalon.core.main.TestCaseExecutor.accessMainPhase(TestCaseExecutor.java:410)
	at com.kms.katalon.core.main.TestCaseExecutor.execute(TestCaseExecutor.java:285)
	at com.kms.katalon.core.common.CommonExecutor.accessTestCaseMainPhase(CommonExecutor.java:65)
	at com.kms.katalon.core.main.TestSuiteExecutor.accessTestSuiteMainPhase(TestSuiteExecutor.java:161)
	at com.kms.katalon.core.main.TestSuiteExecutor.execute(TestSuiteExecutor.java:107)
	at com.kms.katalon.core.main.TestCaseMain.startTestSuite(TestCaseMain.java:176)
	at TempTestSuite1735805561810.run(TempTestSuite1735805561810.groovy:35)
	at java.base/jdk.internal.reflect.NativeMethodAccessorImpl.invoke0(Native Method)
	at java.base/jdk.internal.reflect.NativeMethodAccessorImpl.invoke(NativeMethodAccessorImpl.java:77)
	at java.base/jdk.internal.reflect.DelegatingMethodAccessorImpl.invoke(DelegatingMethodAccessorImpl.java:43)
Caused by: com.kms.katalon.core.webui.exception.WebElementNotFoundException: Web element with id: 'Object Repository/Master Data/Admin Sekolah/Tambah Kelas/Modal Tambah/Jurusan/Pilih Jurusan' located by '//*[@data-testid = 'paragraph' and (text() = 'olahraga' or . = 'olahraga')]' not found
	at com.kms.katalon.core.webui.common.WebUiCommonHelper.findWebElement(WebUiCommonHelper.java:1426)
	at com.kms.katalon.core.webui.keyword.internal.WebUIAbstractKeyword.findWebElement(WebUIAbstractKeyword.groovy:27)
	at com.kms.katalon.core.webui.keyword.builtin.ClickKeyword$_click_closure1.doCall(ClickKeyword.groovy:66)
	at com.kms.katalon.core.webui.keyword.builtin.ClickKeyword$_click_closure1.call(ClickKeyword.groovy)
	at com.kms.katalon.core.webui.keyword.internal.WebUIKeywordMain.runKeyword(WebUIKeywordMain.groovy:35)
	at com.kms.katalon.core.webui.keyword.builtin.ClickKeyword.click(ClickKeyword.groovy:75)
	at com.kms.katalon.core.webui.keyword.builtin.ClickKeyword.execute(ClickKeyword.groovy:40)
	at com.kms.katalon.core.keyword.internal.KeywordExecutor.executeKeywordForPlatform(KeywordExecutor.groovy:74)
	at com.kms.katalon.core.webui.keyword.WebUiBuiltInKeywords.click(WebUiBuiltInKeywords.groovy:684)
	at Script1731464206565.run(Script1731464206565.groovy:53)
	at com.kms.katalon.core.main.ScriptEngine.run(ScriptEngine.java:194)
	at com.kms.katalon.core.main.ScriptEngine.runScriptAsRawText(ScriptEngine.java:119)
	at com.kms.katalon.core.main.TestCaseExecutor.runScript(TestCaseExecutor.java:448)
	at com.kms.katalon.core.main.TestCaseExecutor.doExecute(TestCaseExecutor.java:439)
	at com.kms.katalon.core.main.TestCaseExecutor.processExecutionPhase(TestCaseExecutor.java:418)
	at com.kms.katalon.core.main.TestCaseExecutor.accessMainPhase(TestCaseExecutor.java:410)
	at com.kms.katalon.core.main.TestCaseExecutor.execute(TestCaseExecutor.java:285)
	at com.kms.katalon.core.main.TestCaseMain.runTestCase(TestCaseMain.java:133)
	at com.kms.katalon.core.keyword.builtin.CallTestCaseKeyword$_callTestCase_closure1.doCall(CallTestCaseKeyword.groovy:59)
	at com.kms.katalon.core.keyword.builtin.CallTestCaseKeyword$_callTestCase_closure1.call(CallTestCaseKeyword.groovy)
	at com.kms.katalon.core.keyword.internal.KeywordMain.runKeyword(KeywordMain.groovy:75)
	at com.kms.katalon.core.keyword.builtin.CallTestCaseKeyword.callTestCase(CallTestCaseKeyword.groovy:81)
	at com.kms.katalon.core.keyword.builtin.CallTestCaseKeyword.execute(CallTestCaseKeyword.groovy:44)
	at com.kms.katalon.core.keyword.internal.KeywordExecutor.executeKeywordForPlatform(KeywordExecutor.groovy:74)
	at com.kms.katalon.core.keyword.BuiltinKeywords.callTestCase(BuiltinKeywords.groovy:310)
	at java.base/jdk.internal.reflect.NativeMethodAccessorImpl.invoke0(Native Method)
	at java.base/jdk.internal.reflect.NativeMethodAccessorImpl.invoke(NativeMethodAccessorImpl.java:77)
	at java.base/jdk.internal.reflect.DelegatingMethodAccessorImpl.invoke(DelegatingMethodAccessorImpl.java:43)
	at Script1735746406961.run(Script1735746406961.groovy:26)
	... 15 more
)
[[ATTACHMENT|C:\\Users\\henri\\Videos\\school-payment-automation-testing\\Reports\\20250102_151240\\SPRINT 1\\20250102_151241\\1735805867060.png]]

02-01-2025T15:17:47 - [TEST_STEP][PASSED] - click(findTestObject("Master Data/Admin Sekolah/Tambah Kelas/Modal Tambah/Tambahkan/Tambah Data"), CONTINUE_ON_FAILURE): Object: 'Object Repository/Master Data/Admin Sekolah/Tambah Kelas/Modal Tambah/Tambahkan/Tambah Data' is clicked on

02-01-2025T15:17:47 - [MESSAGE][PASSED] - Object: 'Object Repository/Master Data/Admin Sekolah/Tambah Kelas/Modal Tambah/Tambahkan/Tambah Data' is clicked on

02-01-2025T15:17:47 - [TEST_STEP][PASSED] - closeBrowser(CONTINUE_ON_FAILURE): Browser is closed

02-01-2025T15:17:47 - [MESSAGE][PASSED] - Browser is closed

02-01-2025T15:17:47 - [MESSAGE][FAILED] - Unable to call Test Case 'Test Cases/Master Data/Admin Sekolah/Master Data Kelas/Tambah Kelas' (Root cause: com.kms.katalon.core.exception.StepFailedException: Call Test Case 'Test Cases/Master Data/Admin Sekolah/Master Data Kelas/Tambah Kelas' failed
	at com.kms.katalon.core.keyword.builtin.CallTestCaseKeyword$_callTestCase_closure1.doCall(CallTestCaseKeyword.groovy:63)
	at com.kms.katalon.core.keyword.builtin.CallTestCaseKeyword$_callTestCase_closure1.call(CallTestCaseKeyword.groovy)
	at com.kms.katalon.core.keyword.internal.KeywordMain.runKeyword(KeywordMain.groovy:75)
	at com.kms.katalon.core.keyword.builtin.CallTestCaseKeyword.callTestCase(CallTestCaseKeyword.groovy:81)
	at com.kms.katalon.core.keyword.builtin.CallTestCaseKeyword.execute(CallTestCaseKeyword.groovy:44)
	at com.kms.katalon.core.keyword.internal.KeywordExecutor.executeKeywordForPlatform(KeywordExecutor.groovy:74)
	at com.kms.katalon.core.keyword.BuiltinKeywords.callTestCase(BuiltinKeywords.groovy:310)
	at java.base/jdk.internal.reflect.NativeMethodAccessorImpl.invoke0(Native Method)
	at java.base/jdk.internal.reflect.NativeMethodAccessorImpl.invoke(NativeMethodAccessorImpl.java:77)
	at java.base/jdk.internal.reflect.DelegatingMethodAccessorImpl.invoke(DelegatingMethodAccessorImpl.java:43)
	at Regresi Kelas.run(Regresi Kelas:26)
	at com.kms.katalon.core.main.ScriptEngine.run(ScriptEngine.java:194)
	at com.kms.katalon.core.main.ScriptEngine.runScriptAsRawText(ScriptEngine.java:119)
	at com.kms.katalon.core.main.TestCaseExecutor.runScript(TestCaseExecutor.java:448)
	at com.kms.katalon.core.main.TestCaseExecutor.doExecute(TestCaseExecutor.java:439)
	at com.kms.katalon.core.main.TestCaseExecutor.processExecutionPhase(TestCaseExecutor.java:418)
	at com.kms.katalon.core.main.TestCaseExecutor.accessMainPhase(TestCaseExecutor.java:410)
	at com.kms.katalon.core.main.TestCaseExecutor.execute(TestCaseExecutor.java:285)
	at com.kms.katalon.core.common.CommonExecutor.accessTestCaseMainPhase(CommonExecutor.java:65)
	at com.kms.katalon.core.main.TestSuiteExecutor.accessTestSuiteMainPhase(TestSuiteExecutor.java:161)
	at com.kms.katalon.core.main.TestSuiteExecutor.execute(TestSuiteExecutor.java:107)
	at com.kms.katalon.core.main.TestCaseMain.startTestSuite(TestCaseMain.java:176)
	at TempTestSuite1735805561810.run(TempTestSuite1735805561810.groovy:35)
	at java.base/jdk.internal.reflect.NativeMethodAccessorImpl.invoke0(Native Method)
	at java.base/jdk.internal.reflect.NativeMethodAccessorImpl.invoke(NativeMethodAccessorImpl.java:77)
	at java.base/jdk.internal.reflect.DelegatingMethodAccessorImpl.invoke(DelegatingMethodAccessorImpl.java:43)
Caused by: com.kms.katalon.core.exception.StepFailedException: Unable to click on object 'Object Repository/Master Data/Admin Sekolah/Tambah Kelas/Modal Tambah/Prefix/Pilih Prefix' (Root cause: com.kms.katalon.core.exception.StepFailedException: Unable to click on object 'Object Repository/Master Data/Admin Sekolah/Tambah Kelas/Modal Tambah/Prefix/Pilih Prefix'
	at com.kms.katalon.core.webui.keyword.internal.WebUIKeywordMain.stepFailed(WebUIKeywordMain.groovy:117)
	at com.kms.katalon.core.webui.keyword.internal.WebUIKeywordMain.runKeyword(WebUIKeywordMain.groovy:43)
	at com.kms.katalon.core.webui.keyword.builtin.ClickKeyword.click(ClickKeyword.groovy:75)
	at com.kms.katalon.core.webui.keyword.builtin.ClickKeyword.execute(ClickKeyword.groovy:40)
	at com.kms.katalon.core.keyword.internal.KeywordExecutor.executeKeywordForPlatform(KeywordExecutor.groovy:74)
	at com.kms.katalon.core.webui.keyword.WebUiBuiltInKeywords.click(WebUiBuiltInKeywords.groovy:684)
	at Tambah Kelas.run(Tambah Kelas:46)
	at com.kms.katalon.core.main.ScriptEngine.run(ScriptEngine.java:194)
	at com.kms.katalon.core.main.ScriptEngine.runScriptAsRawText(ScriptEngine.java:119)
	at com.kms.katalon.core.main.TestCaseExecutor.runScript(TestCaseExecutor.java:448)
	at com.kms.katalon.core.main.TestCaseExecutor.doExecute(TestCaseExecutor.java:439)
	at com.kms.katalon.core.main.TestCaseExecutor.processExecutionPhase(TestCaseExecutor.java:418)
	at com.kms.katalon.core.main.TestCaseExecutor.accessMainPhase(TestCaseExecutor.java:410)
	at com.kms.katalon.core.main.TestCaseExecutor.execute(TestCaseExecutor.java:285)
	at com.kms.katalon.core.main.TestCaseMain.runTestCase(TestCaseMain.java:133)
	at com.kms.katalon.core.keyword.builtin.CallTestCaseKeyword$_callTestCase_closure1.doCall(CallTestCaseKeyword.groovy:59)
	at com.kms.katalon.core.keyword.builtin.CallTestCaseKeyword$_callTestCase_closure1.call(CallTestCaseKeyword.groovy)
	at com.kms.katalon.core.keyword.internal.KeywordMain.runKeyword(KeywordMain.groovy:75)
	at com.kms.katalon.core.keyword.builtin.CallTestCaseKeyword.callTestCase(CallTestCaseKeyword.groovy:81)
	at com.kms.katalon.core.keyword.builtin.CallTestCaseKeyword.execute(CallTestCaseKeyword.groovy:44)
	at com.kms.katalon.core.keyword.internal.KeywordExecutor.executeKeywordForPlatform(KeywordExecutor.groovy:74)
	at com.kms.katalon.core.keyword.BuiltinKeywords.callTestCase(BuiltinKeywords.groovy:310)
	at java.base/jdk.internal.reflect.NativeMethodAccessorImpl.invoke0(Native Method)
	at java.base/jdk.internal.reflect.NativeMethodAccessorImpl.invoke(NativeMethodAccessorImpl.java:77)
	at java.base/jdk.internal.reflect.DelegatingMethodAccessorImpl.invoke(DelegatingMethodAccessorImpl.java:43)
	at Regresi Kelas.run(Regresi Kelas:26)
	at com.kms.katalon.core.main.ScriptEngine.run(ScriptEngine.java:194)
	at com.kms.katalon.core.main.ScriptEngine.runScriptAsRawText(ScriptEngine.java:119)
	at com.kms.katalon.core.main.TestCaseExecutor.runScript(TestCaseExecutor.java:448)
	at com.kms.katalon.core.main.TestCaseExecutor.doExecute(TestCaseExecutor.java:439)
	at com.kms.katalon.core.main.TestCaseExecutor.processExecutionPhase(TestCaseExecutor.java:418)
	at com.kms.katalon.core.main.TestCaseExecutor.accessMainPhase(TestCaseExecutor.java:410)
	at com.kms.katalon.core.main.TestCaseExecutor.execute(TestCaseExecutor.java:285)
	at com.kms.katalon.core.common.CommonExecutor.accessTestCaseMainPhase(CommonExecutor.java:65)
	at com.kms.katalon.core.main.TestSuiteExecutor.accessTestSuiteMainPhase(TestSuiteExecutor.java:161)
	at com.kms.katalon.core.main.TestSuiteExecutor.execute(TestSuiteExecutor.java:107)
	at com.kms.katalon.core.main.TestCaseMain.startTestSuite(TestCaseMain.java:176)
	at TempTestSuite1735805561810.run(TempTestSuite1735805561810.groovy:35)
	at java.base/jdk.internal.reflect.NativeMethodAccessorImpl.invoke0(Native Method)
	at java.base/jdk.internal.reflect.NativeMethodAccessorImpl.invoke(NativeMethodAccessorImpl.java:77)
	at java.base/jdk.internal.reflect.DelegatingMethodAccessorImpl.invoke(DelegatingMethodAccessorImpl.java:43)
Caused by: com.kms.katalon.core.webui.exception.WebElementNotFoundException: Web element with id: 'Object Repository/Master Data/Admin Sekolah/Tambah Kelas/Modal Tambah/Prefix/Pilih Prefix' located by '//*[@data-testid = 'paragraph' and (text() = 'RETEST' or . = 'RETEST')]' not found
	at com.kms.katalon.core.webui.common.WebUiCommonHelper.findWebElement(WebUiCommonHelper.java:1426)
	at com.kms.katalon.core.webui.keyword.internal.WebUIAbstractKeyword.findWebElement(WebUIAbstractKeyword.groovy:27)
	at com.kms.katalon.core.webui.keyword.builtin.ClickKeyword$_click_closure1.doCall(ClickKeyword.groovy:66)
	at com.kms.katalon.core.webui.keyword.builtin.ClickKeyword$_click_closure1.call(ClickKeyword.groovy)
	at com.kms.katalon.core.webui.keyword.internal.WebUIKeywordMain.runKeyword(WebUIKeywordMain.groovy:35)
	at com.kms.katalon.core.webui.keyword.builtin.ClickKeyword.click(ClickKeyword.groovy:75)
	at com.kms.katalon.core.webui.keyword.builtin.ClickKeyword.execute(ClickKeyword.groovy:40)
	at com.kms.katalon.core.keyword.internal.KeywordExecutor.executeKeywordForPlatform(KeywordExecutor.groovy:74)
	at com.kms.katalon.core.webui.keyword.WebUiBuiltInKeywords.click(WebUiBuiltInKeywords.groovy:684)
	at Script1731464206565.run(Script1731464206565.groovy:46)
	at com.kms.katalon.core.main.ScriptEngine.run(ScriptEngine.java:194)
	at com.kms.katalon.core.main.ScriptEngine.runScriptAsRawText(ScriptEngine.java:119)
	at com.kms.katalon.core.main.TestCaseExecutor.runScript(TestCaseExecutor.java:448)
	at com.kms.katalon.core.main.TestCaseExecutor.doExecute(TestCaseExecutor.java:439)
	at com.kms.katalon.core.main.TestCaseExecutor.processExecutionPhase(TestCaseExecutor.java:418)
	at com.kms.katalon.core.main.TestCaseExecutor.accessMainPhase(TestCaseExecutor.java:410)
	at com.kms.katalon.core.main.TestCaseExecutor.execute(TestCaseExecutor.java:285)
	at com.kms.katalon.core.main.TestCaseMain.runTestCase(TestCaseMain.java:133)
	at com.kms.katalon.core.keyword.builtin.CallTestCaseKeyword$_callTestCase_closure1.doCall(CallTestCaseKeyword.groovy:59)
	at com.kms.katalon.core.keyword.builtin.CallTestCaseKeyword$_callTestCase_closure1.call(CallTestCaseKeyword.groovy)
	at com.kms.katalon.core.keyword.internal.KeywordMain.runKeyword(KeywordMain.groovy:75)
	at com.kms.katalon.core.keyword.builtin.CallTestCaseKeyword.callTestCase(CallTestCaseKeyword.groovy:81)
	at com.kms.katalon.core.keyword.builtin.CallTestCaseKeyword.execute(CallTestCaseKeyword.groovy:44)
	at com.kms.katalon.core.keyword.internal.KeywordExecutor.executeKeywordForPlatform(KeywordExecutor.groovy:74)
	at com.kms.katalon.core.keyword.BuiltinKeywords.callTestCase(BuiltinKeywords.groovy:310)
	at java.base/jdk.internal.reflect.NativeMethodAccessorImpl.invoke0(Native Method)
	at java.base/jdk.internal.reflect.NativeMethodAccessorImpl.invoke(NativeMethodAccessorImpl.java:77)
	at java.base/jdk.internal.reflect.DelegatingMethodAccessorImpl.invoke(DelegatingMethodAccessorImpl.java:43)
	at Script1735746406961.run(Script1735746406961.groovy:26)
	... 15 more
)
	at com.kms.katalon.core.keyword.internal.KeywordMain.stepFailed(KeywordMain.groovy:39)
	at com.kms.katalon.core.webui.keyword.internal.WebUIKeywordMain.stepFailed(WebUIKeywordMain.groovy:117)
	at com.kms.katalon.core.webui.keyword.internal.WebUIKeywordMain.runKeyword(WebUIKeywordMain.groovy:43)
	at com.kms.katalon.core.webui.keyword.builtin.ClickKeyword.click(ClickKeyword.groovy:75)
	at com.kms.katalon.core.webui.keyword.builtin.ClickKeyword.execute(ClickKeyword.groovy:40)
	at com.kms.katalon.core.keyword.internal.KeywordExecutor.executeKeywordForPlatform(KeywordExecutor.groovy:74)
	at com.kms.katalon.core.webui.keyword.WebUiBuiltInKeywords.click(WebUiBuiltInKeywords.groovy:684)
	at Tambah Kelas.run(Tambah Kelas:46)
	at com.kms.katalon.core.main.ScriptEngine.run(ScriptEngine.java:194)
	at com.kms.katalon.core.main.ScriptEngine.runScriptAsRawText(ScriptEngine.java:119)
	at com.kms.katalon.core.main.TestCaseExecutor.runScript(TestCaseExecutor.java:448)
	at com.kms.katalon.core.main.TestCaseExecutor.doExecute(TestCaseExecutor.java:439)
	at com.kms.katalon.core.main.TestCaseExecutor.processExecutionPhase(TestCaseExecutor.java:418)
	at com.kms.katalon.core.main.TestCaseExecutor.accessMainPhase(TestCaseExecutor.java:410)
	at com.kms.katalon.core.main.TestCaseExecutor.execute(TestCaseExecutor.java:285)
	at com.kms.katalon.core.main.TestCaseMain.runTestCase(TestCaseMain.java:133)
	at com.kms.katalon.core.keyword.builtin.CallTestCaseKeyword$_callTestCase_closure1.doCall(CallTestCaseKeyword.groovy:59)
	... 25 more
Caused by: com.kms.katalon.core.exception.StepFailedException: Unable to click on object 'Object Repository/Master Data/Admin Sekolah/Tambah Kelas/Modal Tambah/Prefix/Pilih Prefix'
	... 41 more
Caused by: com.kms.katalon.core.webui.exception.WebElementNotFoundException: Web element with id: 'Object Repository/Master Data/Admin Sekolah/Tambah Kelas/Modal Tambah/Prefix/Pilih Prefix' located by '//*[@data-testid = 'paragraph' and (text() = 'RETEST' or . = 'RETEST')]' not found
	at com.kms.katalon.core.webui.common.WebUiCommonHelper.findWebElement(WebUiCommonHelper.java:1426)
	at com.kms.katalon.core.webui.keyword.internal.WebUIAbstractKeyword.findWebElement(WebUIAbstractKeyword.groovy:27)
	at com.kms.katalon.core.webui.keyword.builtin.ClickKeyword$_click_closure1.doCall(ClickKeyword.groovy:66)
	at com.kms.katalon.core.webui.keyword.builtin.ClickKeyword$_click_closure1.call(ClickKeyword.groovy)
	at com.kms.katalon.core.webui.keyword.internal.WebUIKeywordMain.runKeyword(WebUIKeywordMain.groovy:35)
	... 39 more
)

02-01-2025T15:17:47 - [TEST_STEP][PASSED] - println("============================= Loop Again ==============================="): null

02-01-2025T15:17:47 - [TEST_STEP][PASSED] - callTestCase(findTestCase("Test Cases/Master Data/Admin Sekolah/Master Data Kelas/Edit Kelas"), [:], CONTINUE_ON_FAILURE): Call Test Case 'Test Cases/Master Data/Admin Sekolah/Master Data Kelas/Edit Kelas' successfully

02-01-2025T15:17:47 - [TEST_CASE][PASSED] - Test Cases/Master Data/Admin Sekolah/Master Data Kelas/Edit Kelas: Test Cases/Master Data/Admin Sekolah/Master Data Kelas/Edit Kelas

02-01-2025T15:17:47 - [TEST_STEP][PASSED] - openBrowser("", CONTINUE_ON_FAILURE): Browser is opened with url: ''

02-01-2025T15:17:47 - [MESSAGE][INFO] - Starting 'Chrome' driver

02-01-2025T15:17:47 - [MESSAGE][INFO] - Action delay is set to 0 milliseconds

02-01-2025T15:17:48 - [MESSAGE][PASSED] - Browser is opened with url: ''

02-01-2025T15:17:48 - [TEST_STEP][PASSED] - navigateToUrl("https://school-payment.digiform.co.id/login", CONTINUE_ON_FAILURE): Navigate to 'https://school-payment.digiform.co.id/login' successfully

02-01-2025T15:17:48 - [MESSAGE][PASSED] - Navigate to 'https://school-payment.digiform.co.id/login' successfully

02-01-2025T15:17:48 - [TEST_STEP][PASSED] - click(findTestObject("Master Data/Admin Sekolah/Login/Field Email"), CONTINUE_ON_FAILURE): Object: 'Object Repository/Master Data/Admin Sekolah/Login/Field Email' is clicked on

02-01-2025T15:17:50 - [MESSAGE][PASSED] - Object: 'Object Repository/Master Data/Admin Sekolah/Login/Field Email' is clicked on

02-01-2025T15:17:50 - [TEST_STEP][PASSED] - setText(findTestObject("Master Data/Admin Sekolah/Login/Field Email"), "admin.gudangsolusi@digiform.co.id", CONTINUE_ON_FAILURE): Text 'admin.gudangsolusi@digiform.co.id' is set on object 'Object Repository/Master Data/Admin Sekolah/Login/Field Email'

02-01-2025T15:17:50 - [MESSAGE][PASSED] - Text 'admin.gudangsolusi@digiform.co.id' is set on object 'Object Repository/Master Data/Admin Sekolah/Login/Field Email'

02-01-2025T15:17:50 - [TEST_STEP][PASSED] - click(findTestObject("Master Data/Admin Sekolah/Login/Input Password"), CONTINUE_ON_FAILURE): Object: 'Object Repository/Master Data/Admin Sekolah/Login/Input Password' is clicked on

02-01-2025T15:17:51 - [MESSAGE][PASSED] - Object: 'Object Repository/Master Data/Admin Sekolah/Login/Input Password' is clicked on

02-01-2025T15:17:51 - [TEST_STEP][PASSED] - setText(findTestObject("Master Data/Admin Sekolah/Login/Input Password"), "Test1234", CONTINUE_ON_FAILURE): Text 'Test1234' is set on object 'Object Repository/Master Data/Admin Sekolah/Login/Input Password'

02-01-2025T15:17:51 - [MESSAGE][PASSED] - Text 'Test1234' is set on object 'Object Repository/Master Data/Admin Sekolah/Login/Input Password'

02-01-2025T15:17:51 - [TEST_STEP][PASSED] - click(findTestObject("Master Data/Admin Sekolah/Login/Button Submit"), CONTINUE_ON_FAILURE): Object: 'Object Repository/Master Data/Admin Sekolah/Login/Button Submit' is clicked on

02-01-2025T15:17:51 - [MESSAGE][PASSED] - Object: 'Object Repository/Master Data/Admin Sekolah/Login/Button Submit' is clicked on

02-01-2025T15:17:51 - [TEST_STEP][PASSED] - click(findTestObject("Master Data/Admin Sekolah/HomePageMenu/Sidebar Menu"), CONTINUE_ON_FAILURE): Object: 'Object Repository/Master Data/Admin Sekolah/HomePageMenu/Sidebar Menu' is clicked on

02-01-2025T15:17:53 - [MESSAGE][PASSED] - Object: 'Object Repository/Master Data/Admin Sekolah/HomePageMenu/Sidebar Menu' is clicked on

02-01-2025T15:17:53 - [TEST_STEP][PASSED] - click(findTestObject("Master Data/Admin Sekolah/HomePageMenu/Sub Menu Kelas"), CONTINUE_ON_FAILURE): Object: 'Object Repository/Master Data/Admin Sekolah/HomePageMenu/Sub Menu Kelas' is clicked on

02-01-2025T15:18:13 - [MESSAGE][PASSED] - Object: 'Object Repository/Master Data/Admin Sekolah/HomePageMenu/Sub Menu Kelas' is clicked on

02-01-2025T15:18:13 - [TEST_STEP][PASSED] - click(findTestObject("Master Data/Admin Sekolah/Edit Kelas/Edit Kelas"), CONTINUE_ON_FAILURE): Object: 'Object Repository/Master Data/Admin Sekolah/Edit Kelas/Edit Kelas' is clicked on

02-01-2025T15:18:13 - [MESSAGE][PASSED] - Object: 'Object Repository/Master Data/Admin Sekolah/Edit Kelas/Edit Kelas' is clicked on

02-01-2025T15:18:13 - [TEST_STEP][PASSED] - click(findTestObject("Master Data/Admin Sekolah/Edit Kelas/Modal Edit/Unit/Pilih Unit"), CONTINUE_ON_FAILURE): Object: 'Object Repository/Master Data/Admin Sekolah/Edit Kelas/Modal Edit/Unit/Pilih Unit' is clicked on

02-01-2025T15:18:14 - [MESSAGE][PASSED] - Object: 'Object Repository/Master Data/Admin Sekolah/Edit Kelas/Modal Edit/Unit/Pilih Unit' is clicked on

02-01-2025T15:18:14 - [TEST_STEP][PASSED] - click(findTestObject("Master Data/Admin Sekolah/Edit Kelas/Modal Edit/Unit/Klik Unit"), CONTINUE_ON_FAILURE): Object: 'Object Repository/Master Data/Admin Sekolah/Edit Kelas/Modal Edit/Unit/Klik Unit' is clicked on

02-01-2025T15:18:14 - [MESSAGE][PASSED] - Object: 'Object Repository/Master Data/Admin Sekolah/Edit Kelas/Modal Edit/Unit/Klik Unit' is clicked on

02-01-2025T15:18:14 - [TEST_STEP][PASSED] - click(findTestObject("Master Data/Admin Sekolah/Edit Kelas/Modal Edit/Suffix/Edit Suffix")): Object: 'Object Repository/Master Data/Admin Sekolah/Edit Kelas/Modal Edit/Suffix/Edit Suffix' is clicked on

02-01-2025T15:18:15 - [MESSAGE][PASSED] - Object: 'Object Repository/Master Data/Admin Sekolah/Edit Kelas/Modal Edit/Suffix/Edit Suffix' is clicked on

02-01-2025T15:18:15 - [TEST_STEP][PASSED] - suffixArray = ["Laravel Beginner Course", "Laravel Advanced Guide", "PHP Crash Course", "Mastering Laravel with PHP", "Laravel for Beginners", "Full Stack PHP Development", "Backend Laravel Pro", "Laravel 4 With PHP", "PHP Framework Essentials", "Laravel API Development"]: null

02-01-2025T15:18:15 - [TEST_STEP][PASSED] - randomSuffix = suffixArray[Random().nextInt(length)]: null

02-01-2025T15:18:15 - [TEST_STEP][PASSED] - sendKeys(findTestObject("Master Data/Admin Sekolah/Edit Kelas/Modal Edit/Suffix/Edit Suffix"), Keys.chord(CONTROL, "a"), CONTINUE_ON_FAILURE): Keys 'CONTROL + a' sent to object: 'Object Repository/Master Data/Admin Sekolah/Edit Kelas/Modal Edit/Suffix/Edit Suffix'

02-01-2025T15:18:15 - [MESSAGE][PASSED] - Keys 'CONTROL + a' sent to object: 'Object Repository/Master Data/Admin Sekolah/Edit Kelas/Modal Edit/Suffix/Edit Suffix'

02-01-2025T15:18:15 - [TEST_STEP][PASSED] - sendKeys(findTestObject("Master Data/Admin Sekolah/Edit Kelas/Modal Edit/Suffix/Edit Suffix"), Keys.chord(BACK_SPACE), CONTINUE_ON_FAILURE): Keys 'BACK_SPACE + ' sent to object: 'Object Repository/Master Data/Admin Sekolah/Edit Kelas/Modal Edit/Suffix/Edit Suffix'

02-01-2025T15:18:15 - [MESSAGE][PASSED] - Keys 'BACK_SPACE + ' sent to object: 'Object Repository/Master Data/Admin Sekolah/Edit Kelas/Modal Edit/Suffix/Edit Suffix'

02-01-2025T15:18:15 - [TEST_STEP][PASSED] - delay(1): Delayed 1 second(s)

02-01-2025T15:18:16 - [MESSAGE][PASSED] - Delayed 1 second(s)

02-01-2025T15:18:16 - [TEST_STEP][PASSED] - setText(findTestObject("Master Data/Admin Sekolah/Edit Kelas/Modal Edit/Suffix/Edit Suffix"), randomSuffix, CONTINUE_ON_FAILURE): Text 'Laravel Advanced Guide' is set on object 'Object Repository/Master Data/Admin Sekolah/Edit Kelas/Modal Edit/Suffix/Edit Suffix'

02-01-2025T15:18:17 - [MESSAGE][PASSED] - Text 'Laravel Advanced Guide' is set on object 'Object Repository/Master Data/Admin Sekolah/Edit Kelas/Modal Edit/Suffix/Edit Suffix'

02-01-2025T15:18:17 - [TEST_STEP][PASSED] - click(findTestObject("Master Data/Admin Sekolah/Edit Kelas/Modal Edit/Simpan/Simpan Perubahan"), CONTINUE_ON_FAILURE): Object: 'Object Repository/Master Data/Admin Sekolah/Edit Kelas/Modal Edit/Simpan/Simpan Perubahan' is clicked on

02-01-2025T15:18:17 - [MESSAGE][PASSED] - Object: 'Object Repository/Master Data/Admin Sekolah/Edit Kelas/Modal Edit/Simpan/Simpan Perubahan' is clicked on

02-01-2025T15:18:17 - [TEST_STEP][PASSED] - closeBrowser(CONTINUE_ON_FAILURE): Browser is closed

02-01-2025T15:18:17 - [MESSAGE][PASSED] - Browser is closed

02-01-2025T15:18:17 - [MESSAGE][PASSED] - Call Test Case 'Test Cases/Master Data/Admin Sekolah/Master Data Kelas/Edit Kelas' successfully

02-01-2025T15:18:17 - [TEST_STEP][FAILED] - callTestCase(findTestCase("Test Cases/Master Data/Admin Sekolah/Master Data Kelas/Tambah Kelas"), [:], CONTINUE_ON_FAILURE): Unable to call Test Case 'Test Cases/Master Data/Admin Sekolah/Master Data Kelas/Tambah Kelas' (Root cause: com.kms.katalon.core.exception.StepFailedException: Call Test Case 'Test Cases/Master Data/Admin Sekolah/Master Data Kelas/Tambah Kelas' failed
	at com.kms.katalon.core.keyword.builtin.CallTestCaseKeyword$_callTestCase_closure1.doCall(CallTestCaseKeyword.groovy:63)
	at com.kms.katalon.core.keyword.builtin.CallTestCaseKeyword$_callTestCase_closure1.call(CallTestCaseKeyword.groovy)
	at com.kms.katalon.core.keyword.internal.KeywordMain.runKeyword(KeywordMain.groovy:75)
	at com.kms.katalon.core.keyword.builtin.CallTestCaseKeyword.callTestCase(CallTestCaseKeyword.groovy:81)
	at com.kms.katalon.core.keyword.builtin.CallTestCaseKeyword.execute(CallTestCaseKeyword.groovy:44)
	at com.kms.katalon.core.keyword.internal.KeywordExecutor.executeKeywordForPlatform(KeywordExecutor.groovy:74)
	at com.kms.katalon.core.keyword.BuiltinKeywords.callTestCase(BuiltinKeywords.groovy:310)
	at java.base/jdk.internal.reflect.NativeMethodAccessorImpl.invoke0(Native Method)
	at java.base/jdk.internal.reflect.NativeMethodAccessorImpl.invoke(NativeMethodAccessorImpl.java:77)
	at java.base/jdk.internal.reflect.DelegatingMethodAccessorImpl.invoke(DelegatingMethodAccessorImpl.java:43)
	at Regresi Kelas.run(Regresi Kelas:26)
	at com.kms.katalon.core.main.ScriptEngine.run(ScriptEngine.java:194)
	at com.kms.katalon.core.main.ScriptEngine.runScriptAsRawText(ScriptEngine.java:119)
	at com.kms.katalon.core.main.TestCaseExecutor.runScript(TestCaseExecutor.java:448)
	at com.kms.katalon.core.main.TestCaseExecutor.doExecute(TestCaseExecutor.java:439)
	at com.kms.katalon.core.main.TestCaseExecutor.processExecutionPhase(TestCaseExecutor.java:418)
	at com.kms.katalon.core.main.TestCaseExecutor.accessMainPhase(TestCaseExecutor.java:410)
	at com.kms.katalon.core.main.TestCaseExecutor.execute(TestCaseExecutor.java:285)
	at com.kms.katalon.core.common.CommonExecutor.accessTestCaseMainPhase(CommonExecutor.java:65)
	at com.kms.katalon.core.main.TestSuiteExecutor.accessTestSuiteMainPhase(TestSuiteExecutor.java:161)
	at com.kms.katalon.core.main.TestSuiteExecutor.execute(TestSuiteExecutor.java:107)
	at com.kms.katalon.core.main.TestCaseMain.startTestSuite(TestCaseMain.java:176)
	at TempTestSuite1735805561810.run(TempTestSuite1735805561810.groovy:35)
	at java.base/jdk.internal.reflect.NativeMethodAccessorImpl.invoke0(Native Method)
	at java.base/jdk.internal.reflect.NativeMethodAccessorImpl.invoke(NativeMethodAccessorImpl.java:77)
	at java.base/jdk.internal.reflect.DelegatingMethodAccessorImpl.invoke(DelegatingMethodAccessorImpl.java:43)
Caused by: com.kms.katalon.core.exception.StepFailedException: Unable to click on object 'Object Repository/Master Data/Admin Sekolah/Tambah Kelas/Modal Tambah/Prefix/Pilih Prefix' (Root cause: com.kms.katalon.core.exception.StepFailedException: Unable to click on object 'Object Repository/Master Data/Admin Sekolah/Tambah Kelas/Modal Tambah/Prefix/Pilih Prefix'
	at com.kms.katalon.core.webui.keyword.internal.WebUIKeywordMain.stepFailed(WebUIKeywordMain.groovy:117)
	at com.kms.katalon.core.webui.keyword.internal.WebUIKeywordMain.runKeyword(WebUIKeywordMain.groovy:43)
	at com.kms.katalon.core.webui.keyword.builtin.ClickKeyword.click(ClickKeyword.groovy:75)
	at com.kms.katalon.core.webui.keyword.builtin.ClickKeyword.execute(ClickKeyword.groovy:40)
	at com.kms.katalon.core.keyword.internal.KeywordExecutor.executeKeywordForPlatform(KeywordExecutor.groovy:74)
	at com.kms.katalon.core.webui.keyword.WebUiBuiltInKeywords.click(WebUiBuiltInKeywords.groovy:684)
	at Tambah Kelas.run(Tambah Kelas:46)
	at com.kms.katalon.core.main.ScriptEngine.run(ScriptEngine.java:194)
	at com.kms.katalon.core.main.ScriptEngine.runScriptAsRawText(ScriptEngine.java:119)
	at com.kms.katalon.core.main.TestCaseExecutor.runScript(TestCaseExecutor.java:448)
	at com.kms.katalon.core.main.TestCaseExecutor.doExecute(TestCaseExecutor.java:439)
	at com.kms.katalon.core.main.TestCaseExecutor.processExecutionPhase(TestCaseExecutor.java:418)
	at com.kms.katalon.core.main.TestCaseExecutor.accessMainPhase(TestCaseExecutor.java:410)
	at com.kms.katalon.core.main.TestCaseExecutor.execute(TestCaseExecutor.java:285)
	at com.kms.katalon.core.main.TestCaseMain.runTestCase(TestCaseMain.java:133)
	at com.kms.katalon.core.keyword.builtin.CallTestCaseKeyword$_callTestCase_closure1.doCall(CallTestCaseKeyword.groovy:59)
	at com.kms.katalon.core.keyword.builtin.CallTestCaseKeyword$_callTestCase_closure1.call(CallTestCaseKeyword.groovy)
	at com.kms.katalon.core.keyword.internal.KeywordMain.runKeyword(KeywordMain.groovy:75)
	at com.kms.katalon.core.keyword.builtin.CallTestCaseKeyword.callTestCase(CallTestCaseKeyword.groovy:81)
	at com.kms.katalon.core.keyword.builtin.CallTestCaseKeyword.execute(CallTestCaseKeyword.groovy:44)
	at com.kms.katalon.core.keyword.internal.KeywordExecutor.executeKeywordForPlatform(KeywordExecutor.groovy:74)
	at com.kms.katalon.core.keyword.BuiltinKeywords.callTestCase(BuiltinKeywords.groovy:310)
	at java.base/jdk.internal.reflect.NativeMethodAccessorImpl.invoke0(Native Method)
	at java.base/jdk.internal.reflect.NativeMethodAccessorImpl.invoke(NativeMethodAccessorImpl.java:77)
	at java.base/jdk.internal.reflect.DelegatingMethodAccessorImpl.invoke(DelegatingMethodAccessorImpl.java:43)
	at Regresi Kelas.run(Regresi Kelas:26)
	at com.kms.katalon.core.main.ScriptEngine.run(ScriptEngine.java:194)
	at com.kms.katalon.core.main.ScriptEngine.runScriptAsRawText(ScriptEngine.java:119)
	at com.kms.katalon.core.main.TestCaseExecutor.runScript(TestCaseExecutor.java:448)
	at com.kms.katalon.core.main.TestCaseExecutor.doExecute(TestCaseExecutor.java:439)
	at com.kms.katalon.core.main.TestCaseExecutor.processExecutionPhase(TestCaseExecutor.java:418)
	at com.kms.katalon.core.main.TestCaseExecutor.accessMainPhase(TestCaseExecutor.java:410)
	at com.kms.katalon.core.main.TestCaseExecutor.execute(TestCaseExecutor.java:285)
	at com.kms.katalon.core.common.CommonExecutor.accessTestCaseMainPhase(CommonExecutor.java:65)
	at com.kms.katalon.core.main.TestSuiteExecutor.accessTestSuiteMainPhase(TestSuiteExecutor.java:161)
	at com.kms.katalon.core.main.TestSuiteExecutor.execute(TestSuiteExecutor.java:107)
	at com.kms.katalon.core.main.TestCaseMain.startTestSuite(TestCaseMain.java:176)
	at TempTestSuite1735805561810.run(TempTestSuite1735805561810.groovy:35)
	at java.base/jdk.internal.reflect.NativeMethodAccessorImpl.invoke0(Native Method)
	at java.base/jdk.internal.reflect.NativeMethodAccessorImpl.invoke(NativeMethodAccessorImpl.java:77)
	at java.base/jdk.internal.reflect.DelegatingMethodAccessorImpl.invoke(DelegatingMethodAccessorImpl.java:43)
Caused by: com.kms.katalon.core.webui.exception.WebElementNotFoundException: Web element with id: 'Object Repository/Master Data/Admin Sekolah/Tambah Kelas/Modal Tambah/Prefix/Pilih Prefix' located by '//*[@data-testid = 'paragraph' and (text() = 'RETEST' or . = 'RETEST')]' not found
	at com.kms.katalon.core.webui.common.WebUiCommonHelper.findWebElement(WebUiCommonHelper.java:1426)
	at com.kms.katalon.core.webui.keyword.internal.WebUIAbstractKeyword.findWebElement(WebUIAbstractKeyword.groovy:27)
	at com.kms.katalon.core.webui.keyword.builtin.ClickKeyword$_click_closure1.doCall(ClickKeyword.groovy:66)
	at com.kms.katalon.core.webui.keyword.builtin.ClickKeyword$_click_closure1.call(ClickKeyword.groovy)
	at com.kms.katalon.core.webui.keyword.internal.WebUIKeywordMain.runKeyword(WebUIKeywordMain.groovy:35)
	at com.kms.katalon.core.webui.keyword.builtin.ClickKeyword.click(ClickKeyword.groovy:75)
	at com.kms.katalon.core.webui.keyword.builtin.ClickKeyword.execute(ClickKeyword.groovy:40)
	at com.kms.katalon.core.keyword.internal.KeywordExecutor.executeKeywordForPlatform(KeywordExecutor.groovy:74)
	at com.kms.katalon.core.webui.keyword.WebUiBuiltInKeywords.click(WebUiBuiltInKeywords.groovy:684)
	at Script1731464206565.run(Script1731464206565.groovy:46)
	at com.kms.katalon.core.main.ScriptEngine.run(ScriptEngine.java:194)
	at com.kms.katalon.core.main.ScriptEngine.runScriptAsRawText(ScriptEngine.java:119)
	at com.kms.katalon.core.main.TestCaseExecutor.runScript(TestCaseExecutor.java:448)
	at com.kms.katalon.core.main.TestCaseExecutor.doExecute(TestCaseExecutor.java:439)
	at com.kms.katalon.core.main.TestCaseExecutor.processExecutionPhase(TestCaseExecutor.java:418)
	at com.kms.katalon.core.main.TestCaseExecutor.accessMainPhase(TestCaseExecutor.java:410)
	at com.kms.katalon.core.main.TestCaseExecutor.execute(TestCaseExecutor.java:285)
	at com.kms.katalon.core.main.TestCaseMain.runTestCase(TestCaseMain.java:133)
	at com.kms.katalon.core.keyword.builtin.CallTestCaseKeyword$_callTestCase_closure1.doCall(CallTestCaseKeyword.groovy:59)
	at com.kms.katalon.core.keyword.builtin.CallTestCaseKeyword$_callTestCase_closure1.call(CallTestCaseKeyword.groovy)
	at com.kms.katalon.core.keyword.internal.KeywordMain.runKeyword(KeywordMain.groovy:75)
	at com.kms.katalon.core.keyword.builtin.CallTestCaseKeyword.callTestCase(CallTestCaseKeyword.groovy:81)
	at com.kms.katalon.core.keyword.builtin.CallTestCaseKeyword.execute(CallTestCaseKeyword.groovy:44)
	at com.kms.katalon.core.keyword.internal.KeywordExecutor.executeKeywordForPlatform(KeywordExecutor.groovy:74)
	at com.kms.katalon.core.keyword.BuiltinKeywords.callTestCase(BuiltinKeywords.groovy:310)
	at java.base/jdk.internal.reflect.NativeMethodAccessorImpl.invoke0(Native Method)
	at java.base/jdk.internal.reflect.NativeMethodAccessorImpl.invoke(NativeMethodAccessorImpl.java:77)
	at java.base/jdk.internal.reflect.DelegatingMethodAccessorImpl.invoke(DelegatingMethodAccessorImpl.java:43)
	at Script1735746406961.run(Script1735746406961.groovy:26)
	... 15 more
)
	at com.kms.katalon.core.keyword.internal.KeywordMain.stepFailed(KeywordMain.groovy:39)
	at com.kms.katalon.core.webui.keyword.internal.WebUIKeywordMain.stepFailed(WebUIKeywordMain.groovy:117)
	at com.kms.katalon.core.webui.keyword.internal.WebUIKeywordMain.runKeyword(WebUIKeywordMain.groovy:43)
	at com.kms.katalon.core.webui.keyword.builtin.ClickKeyword.click(ClickKeyword.groovy:75)
	at com.kms.katalon.core.webui.keyword.builtin.ClickKeyword.execute(ClickKeyword.groovy:40)
	at com.kms.katalon.core.keyword.internal.KeywordExecutor.executeKeywordForPlatform(KeywordExecutor.groovy:74)
	at com.kms.katalon.core.webui.keyword.WebUiBuiltInKeywords.click(WebUiBuiltInKeywords.groovy:684)
	at Tambah Kelas.run(Tambah Kelas:46)
	at com.kms.katalon.core.main.ScriptEngine.run(ScriptEngine.java:194)
	at com.kms.katalon.core.main.ScriptEngine.runScriptAsRawText(ScriptEngine.java:119)
	at com.kms.katalon.core.main.TestCaseExecutor.runScript(TestCaseExecutor.java:448)
	at com.kms.katalon.core.main.TestCaseExecutor.doExecute(TestCaseExecutor.java:439)
	at com.kms.katalon.core.main.TestCaseExecutor.processExecutionPhase(TestCaseExecutor.java:418)
	at com.kms.katalon.core.main.TestCaseExecutor.accessMainPhase(TestCaseExecutor.java:410)
	at com.kms.katalon.core.main.TestCaseExecutor.execute(TestCaseExecutor.java:285)
	at com.kms.katalon.core.main.TestCaseMain.runTestCase(TestCaseMain.java:133)
	at com.kms.katalon.core.keyword.builtin.CallTestCaseKeyword$_callTestCase_closure1.doCall(CallTestCaseKeyword.groovy:59)
	... 25 more
Caused by: com.kms.katalon.core.exception.StepFailedException: Unable to click on object 'Object Repository/Master Data/Admin Sekolah/Tambah Kelas/Modal Tambah/Prefix/Pilih Prefix'
	... 41 more
Caused by: com.kms.katalon.core.webui.exception.WebElementNotFoundException: Web element with id: 'Object Repository/Master Data/Admin Sekolah/Tambah Kelas/Modal Tambah/Prefix/Pilih Prefix' located by '//*[@data-testid = 'paragraph' and (text() = 'RETEST' or . = 'RETEST')]' not found
	at com.kms.katalon.core.webui.common.WebUiCommonHelper.findWebElement(WebUiCommonHelper.java:1426)
	at com.kms.katalon.core.webui.keyword.internal.WebUIAbstractKeyword.findWebElement(WebUIAbstractKeyword.groovy:27)
	at com.kms.katalon.core.webui.keyword.builtin.ClickKeyword$_click_closure1.doCall(ClickKeyword.groovy:66)
	at com.kms.katalon.core.webui.keyword.builtin.ClickKeyword$_click_closure1.call(ClickKeyword.groovy)
	at com.kms.katalon.core.webui.keyword.internal.WebUIKeywordMain.runKeyword(WebUIKeywordMain.groovy:35)
	... 39 more
)

02-01-2025T15:18:17 - [TEST_CASE][FAILED] - Test Cases/Master Data/Admin Sekolah/Master Data Kelas/Tambah Kelas: Test Cases/Master Data/Admin Sekolah/Master Data Kelas/Tambah Kelas FAILED.
Reason:
com.kms.katalon.core.exception.StepFailedException: Unable to click on object 'Object Repository/Master Data/Admin Sekolah/Tambah Kelas/Modal Tambah/Prefix/Pilih Prefix' (Root cause: com.kms.katalon.core.exception.StepFailedException: Unable to click on object 'Object Repository/Master Data/Admin Sekolah/Tambah Kelas/Modal Tambah/Prefix/Pilih Prefix'
	at com.kms.katalon.core.webui.keyword.internal.WebUIKeywordMain.stepFailed(WebUIKeywordMain.groovy:117)
	at com.kms.katalon.core.webui.keyword.internal.WebUIKeywordMain.runKeyword(WebUIKeywordMain.groovy:43)
	at com.kms.katalon.core.webui.keyword.builtin.ClickKeyword.click(ClickKeyword.groovy:75)
	at com.kms.katalon.core.webui.keyword.builtin.ClickKeyword.execute(ClickKeyword.groovy:40)
	at com.kms.katalon.core.keyword.internal.KeywordExecutor.executeKeywordForPlatform(KeywordExecutor.groovy:74)
	at com.kms.katalon.core.webui.keyword.WebUiBuiltInKeywords.click(WebUiBuiltInKeywords.groovy:684)
	at Tambah Kelas.run(Tambah Kelas:46)
	at com.kms.katalon.core.main.ScriptEngine.run(ScriptEngine.java:194)
	at com.kms.katalon.core.main.ScriptEngine.runScriptAsRawText(ScriptEngine.java:119)
	at com.kms.katalon.core.main.TestCaseExecutor.runScript(TestCaseExecutor.java:448)
	at com.kms.katalon.core.main.TestCaseExecutor.doExecute(TestCaseExecutor.java:439)
	at com.kms.katalon.core.main.TestCaseExecutor.processExecutionPhase(TestCaseExecutor.java:418)
	at com.kms.katalon.core.main.TestCaseExecutor.accessMainPhase(TestCaseExecutor.java:410)
	at com.kms.katalon.core.main.TestCaseExecutor.execute(TestCaseExecutor.java:285)
	at com.kms.katalon.core.main.TestCaseMain.runTestCase(TestCaseMain.java:133)
	at com.kms.katalon.core.keyword.builtin.CallTestCaseKeyword$_callTestCase_closure1.doCall(CallTestCaseKeyword.groovy:59)
	at com.kms.katalon.core.keyword.builtin.CallTestCaseKeyword$_callTestCase_closure1.call(CallTestCaseKeyword.groovy)
	at com.kms.katalon.core.keyword.internal.KeywordMain.runKeyword(KeywordMain.groovy:75)
	at com.kms.katalon.core.keyword.builtin.CallTestCaseKeyword.callTestCase(CallTestCaseKeyword.groovy:81)
	at com.kms.katalon.core.keyword.builtin.CallTestCaseKeyword.execute(CallTestCaseKeyword.groovy:44)
	at com.kms.katalon.core.keyword.internal.KeywordExecutor.executeKeywordForPlatform(KeywordExecutor.groovy:74)
	at com.kms.katalon.core.keyword.BuiltinKeywords.callTestCase(BuiltinKeywords.groovy:310)
	at java.base/jdk.internal.reflect.NativeMethodAccessorImpl.invoke0(Native Method)
	at java.base/jdk.internal.reflect.NativeMethodAccessorImpl.invoke(NativeMethodAccessorImpl.java:77)
	at java.base/jdk.internal.reflect.DelegatingMethodAccessorImpl.invoke(DelegatingMethodAccessorImpl.java:43)
	at Regresi Kelas.run(Regresi Kelas:26)
	at com.kms.katalon.core.main.ScriptEngine.run(ScriptEngine.java:194)
	at com.kms.katalon.core.main.ScriptEngine.runScriptAsRawText(ScriptEngine.java:119)
	at com.kms.katalon.core.main.TestCaseExecutor.runScript(TestCaseExecutor.java:448)
	at com.kms.katalon.core.main.TestCaseExecutor.doExecute(TestCaseExecutor.java:439)
	at com.kms.katalon.core.main.TestCaseExecutor.processExecutionPhase(TestCaseExecutor.java:418)
	at com.kms.katalon.core.main.TestCaseExecutor.accessMainPhase(TestCaseExecutor.java:410)
	at com.kms.katalon.core.main.TestCaseExecutor.execute(TestCaseExecutor.java:285)
	at com.kms.katalon.core.common.CommonExecutor.accessTestCaseMainPhase(CommonExecutor.java:65)
	at com.kms.katalon.core.main.TestSuiteExecutor.accessTestSuiteMainPhase(TestSuiteExecutor.java:161)
	at com.kms.katalon.core.main.TestSuiteExecutor.execute(TestSuiteExecutor.java:107)
	at com.kms.katalon.core.main.TestCaseMain.startTestSuite(TestCaseMain.java:176)
	at TempTestSuite1735805561810.run(TempTestSuite1735805561810.groovy:35)
	at java.base/jdk.internal.reflect.NativeMethodAccessorImpl.invoke0(Native Method)
	at java.base/jdk.internal.reflect.NativeMethodAccessorImpl.invoke(NativeMethodAccessorImpl.java:77)
	at java.base/jdk.internal.reflect.DelegatingMethodAccessorImpl.invoke(DelegatingMethodAccessorImpl.java:43)
Caused by: com.kms.katalon.core.webui.exception.WebElementNotFoundException: Web element with id: 'Object Repository/Master Data/Admin Sekolah/Tambah Kelas/Modal Tambah/Prefix/Pilih Prefix' located by '//*[@data-testid = 'paragraph' and (text() = 'RETEST' or . = 'RETEST')]' not found
	at com.kms.katalon.core.webui.common.WebUiCommonHelper.findWebElement(WebUiCommonHelper.java:1426)
	at com.kms.katalon.core.webui.keyword.internal.WebUIAbstractKeyword.findWebElement(WebUIAbstractKeyword.groovy:27)
	at com.kms.katalon.core.webui.keyword.builtin.ClickKeyword$_click_closure1.doCall(ClickKeyword.groovy:66)
	at com.kms.katalon.core.webui.keyword.builtin.ClickKeyword$_click_closure1.call(ClickKeyword.groovy)
	at com.kms.katalon.core.webui.keyword.internal.WebUIKeywordMain.runKeyword(WebUIKeywordMain.groovy:35)
	at com.kms.katalon.core.webui.keyword.builtin.ClickKeyword.click(ClickKeyword.groovy:75)
	at com.kms.katalon.core.webui.keyword.builtin.ClickKeyword.execute(ClickKeyword.groovy:40)
	at com.kms.katalon.core.keyword.internal.KeywordExecutor.executeKeywordForPlatform(KeywordExecutor.groovy:74)
	at com.kms.katalon.core.webui.keyword.WebUiBuiltInKeywords.click(WebUiBuiltInKeywords.groovy:684)
	at Script1731464206565.run(Script1731464206565.groovy:46)
	at com.kms.katalon.core.main.ScriptEngine.run(ScriptEngine.java:194)
	at com.kms.katalon.core.main.ScriptEngine.runScriptAsRawText(ScriptEngine.java:119)
	at com.kms.katalon.core.main.TestCaseExecutor.runScript(TestCaseExecutor.java:448)
	at com.kms.katalon.core.main.TestCaseExecutor.doExecute(TestCaseExecutor.java:439)
	at com.kms.katalon.core.main.TestCaseExecutor.processExecutionPhase(TestCaseExecutor.java:418)
	at com.kms.katalon.core.main.TestCaseExecutor.accessMainPhase(TestCaseExecutor.java:410)
	at com.kms.katalon.core.main.TestCaseExecutor.execute(TestCaseExecutor.java:285)
	at com.kms.katalon.core.main.TestCaseMain.runTestCase(TestCaseMain.java:133)
	at com.kms.katalon.core.keyword.builtin.CallTestCaseKeyword$_callTestCase_closure1.doCall(CallTestCaseKeyword.groovy:59)
	at com.kms.katalon.core.keyword.builtin.CallTestCaseKeyword$_callTestCase_closure1.call(CallTestCaseKeyword.groovy)
	at com.kms.katalon.core.keyword.internal.KeywordMain.runKeyword(KeywordMain.groovy:75)
	at com.kms.katalon.core.keyword.builtin.CallTestCaseKeyword.callTestCase(CallTestCaseKeyword.groovy:81)
	at com.kms.katalon.core.keyword.builtin.CallTestCaseKeyword.execute(CallTestCaseKeyword.groovy:44)
	at com.kms.katalon.core.keyword.internal.KeywordExecutor.executeKeywordForPlatform(KeywordExecutor.groovy:74)
	at com.kms.katalon.core.keyword.BuiltinKeywords.callTestCase(BuiltinKeywords.groovy:310)
	at java.base/jdk.internal.reflect.NativeMethodAccessorImpl.invoke0(Native Method)
	at java.base/jdk.internal.reflect.NativeMethodAccessorImpl.invoke(NativeMethodAccessorImpl.java:77)
	at java.base/jdk.internal.reflect.DelegatingMethodAccessorImpl.invoke(DelegatingMethodAccessorImpl.java:43)
	at Script1735746406961.run(Script1735746406961.groovy:26)
	... 15 more
)
	at com.kms.katalon.core.keyword.internal.KeywordMain.stepFailed(KeywordMain.groovy:39)
	at com.kms.katalon.core.webui.keyword.internal.WebUIKeywordMain.stepFailed(WebUIKeywordMain.groovy:117)
	at com.kms.katalon.core.webui.keyword.internal.WebUIKeywordMain.runKeyword(WebUIKeywordMain.groovy:43)
	at com.kms.katalon.core.webui.keyword.builtin.ClickKeyword.click(ClickKeyword.groovy:75)
	at com.kms.katalon.core.webui.keyword.builtin.ClickKeyword.execute(ClickKeyword.groovy:40)
	at com.kms.katalon.core.keyword.internal.KeywordExecutor.executeKeywordForPlatform(KeywordExecutor.groovy:74)
	at com.kms.katalon.core.webui.keyword.WebUiBuiltInKeywords.click(WebUiBuiltInKeywords.groovy:684)
	at Tambah Kelas.run(Tambah Kelas:46)
	at com.kms.katalon.core.main.ScriptEngine.run(ScriptEngine.java:194)
	at com.kms.katalon.core.main.ScriptEngine.runScriptAsRawText(ScriptEngine.java:119)
	at com.kms.katalon.core.main.TestCaseExecutor.runScript(TestCaseExecutor.java:448)
	at com.kms.katalon.core.main.TestCaseExecutor.doExecute(TestCaseExecutor.java:439)
	at com.kms.katalon.core.main.TestCaseExecutor.processExecutionPhase(TestCaseExecutor.java:418)
	at com.kms.katalon.core.main.TestCaseExecutor.accessMainPhase(TestCaseExecutor.java:410)
	at com.kms.katalon.core.main.TestCaseExecutor.execute(TestCaseExecutor.java:285)
	at com.kms.katalon.core.main.TestCaseMain.runTestCase(TestCaseMain.java:133)
	at com.kms.katalon.core.keyword.builtin.CallTestCaseKeyword$_callTestCase_closure1.doCall(CallTestCaseKeyword.groovy:59)
	at com.kms.katalon.core.keyword.builtin.CallTestCaseKeyword$_callTestCase_closure1.call(CallTestCaseKeyword.groovy)
	at com.kms.katalon.core.keyword.internal.KeywordMain.runKeyword(KeywordMain.groovy:75)
	at com.kms.katalon.core.keyword.builtin.CallTestCaseKeyword.callTestCase(CallTestCaseKeyword.groovy:81)
	at com.kms.katalon.core.keyword.builtin.CallTestCaseKeyword.execute(CallTestCaseKeyword.groovy:44)
	at com.kms.katalon.core.keyword.internal.KeywordExecutor.executeKeywordForPlatform(KeywordExecutor.groovy:74)
	at com.kms.katalon.core.keyword.BuiltinKeywords.callTestCase(BuiltinKeywords.groovy:310)
	at java.base/jdk.internal.reflect.NativeMethodAccessorImpl.invoke0(Native Method)
	at java.base/jdk.internal.reflect.NativeMethodAccessorImpl.invoke(NativeMethodAccessorImpl.java:77)
	at java.base/jdk.internal.reflect.DelegatingMethodAccessorImpl.invoke(DelegatingMethodAccessorImpl.java:43)
	at Regresi Kelas.run(Regresi Kelas:26)
	at com.kms.katalon.core.main.ScriptEngine.run(ScriptEngine.java:194)
	at com.kms.katalon.core.main.ScriptEngine.runScriptAsRawText(ScriptEngine.java:119)
	at com.kms.katalon.core.main.TestCaseExecutor.runScript(TestCaseExecutor.java:448)
	at com.kms.katalon.core.main.TestCaseExecutor.doExecute(TestCaseExecutor.java:439)
	at com.kms.katalon.core.main.TestCaseExecutor.processExecutionPhase(TestCaseExecutor.java:418)
	at com.kms.katalon.core.main.TestCaseExecutor.accessMainPhase(TestCaseExecutor.java:410)
	at com.kms.katalon.core.main.TestCaseExecutor.execute(TestCaseExecutor.java:285)
	at com.kms.katalon.core.common.CommonExecutor.accessTestCaseMainPhase(CommonExecutor.java:65)
	at com.kms.katalon.core.main.TestSuiteExecutor.accessTestSuiteMainPhase(TestSuiteExecutor.java:161)
	at com.kms.katalon.core.main.TestSuiteExecutor.execute(TestSuiteExecutor.java:107)
	at com.kms.katalon.core.main.TestCaseMain.startTestSuite(TestCaseMain.java:176)
	at TempTestSuite1735805561810.run(TempTestSuite1735805561810.groovy:35)
	at java.base/jdk.internal.reflect.NativeMethodAccessorImpl.invoke0(Native Method)
	at java.base/jdk.internal.reflect.NativeMethodAccessorImpl.invoke(NativeMethodAccessorImpl.java:77)
	at java.base/jdk.internal.reflect.DelegatingMethodAccessorImpl.invoke(DelegatingMethodAccessorImpl.java:43)
Caused by: com.kms.katalon.core.exception.StepFailedException: Unable to click on object 'Object Repository/Master Data/Admin Sekolah/Tambah Kelas/Modal Tambah/Prefix/Pilih Prefix'
	... 41 more
Caused by: com.kms.katalon.core.webui.exception.WebElementNotFoundException: Web element with id: 'Object Repository/Master Data/Admin Sekolah/Tambah Kelas/Modal Tambah/Prefix/Pilih Prefix' located by '//*[@data-testid = 'paragraph' and (text() = 'RETEST' or . = 'RETEST')]' not found
	at com.kms.katalon.core.webui.common.WebUiCommonHelper.findWebElement(WebUiCommonHelper.java:1426)
	at com.kms.katalon.core.webui.keyword.internal.WebUIAbstractKeyword.findWebElement(WebUIAbstractKeyword.groovy:27)
	at com.kms.katalon.core.webui.keyword.builtin.ClickKeyword$_click_closure1.doCall(ClickKeyword.groovy:66)
	at com.kms.katalon.core.webui.keyword.builtin.ClickKeyword$_click_closure1.call(ClickKeyword.groovy)
	at com.kms.katalon.core.webui.keyword.internal.WebUIKeywordMain.runKeyword(WebUIKeywordMain.groovy:35)
	... 39 more


02-01-2025T15:18:17 - [TEST_STEP][PASSED] - openBrowser("", CONTINUE_ON_FAILURE): Browser is opened with url: ''

02-01-2025T15:18:17 - [MESSAGE][INFO] - Starting 'Chrome' driver

02-01-2025T15:18:17 - [MESSAGE][INFO] - Action delay is set to 0 milliseconds

02-01-2025T15:18:18 - [MESSAGE][PASSED] - Browser is opened with url: ''

02-01-2025T15:18:18 - [TEST_STEP][PASSED] - navigateToUrl("https://school-payment.digiform.co.id/login"): Navigate to 'https://school-payment.digiform.co.id/login' successfully

02-01-2025T15:18:18 - [MESSAGE][PASSED] - Navigate to 'https://school-payment.digiform.co.id/login' successfully

02-01-2025T15:18:18 - [TEST_STEP][PASSED] - click(findTestObject("Master Data/Admin Sekolah/Login/Field Email"), CONTINUE_ON_FAILURE): Object: 'Object Repository/Master Data/Admin Sekolah/Login/Field Email' is clicked on

02-01-2025T15:18:20 - [MESSAGE][PASSED] - Object: 'Object Repository/Master Data/Admin Sekolah/Login/Field Email' is clicked on

02-01-2025T15:18:20 - [TEST_STEP][PASSED] - setText(findTestObject("Master Data/Admin Sekolah/Login/Field Email"), "admin.gudangsolusi@digiform.co.id", CONTINUE_ON_FAILURE): Text 'admin.gudangsolusi@digiform.co.id' is set on object 'Object Repository/Master Data/Admin Sekolah/Login/Field Email'

02-01-2025T15:18:20 - [MESSAGE][PASSED] - Text 'admin.gudangsolusi@digiform.co.id' is set on object 'Object Repository/Master Data/Admin Sekolah/Login/Field Email'

02-01-2025T15:18:20 - [TEST_STEP][PASSED] - click(findTestObject("Master Data/Admin Sekolah/Login/Input Password"), CONTINUE_ON_FAILURE): Object: 'Object Repository/Master Data/Admin Sekolah/Login/Input Password' is clicked on

02-01-2025T15:18:21 - [MESSAGE][PASSED] - Object: 'Object Repository/Master Data/Admin Sekolah/Login/Input Password' is clicked on

02-01-2025T15:18:21 - [TEST_STEP][PASSED] - setText(findTestObject("Master Data/Admin Sekolah/Login/Input Password"), "Test1234", CONTINUE_ON_FAILURE): Text 'Test1234' is set on object 'Object Repository/Master Data/Admin Sekolah/Login/Input Password'

02-01-2025T15:18:21 - [MESSAGE][PASSED] - Text 'Test1234' is set on object 'Object Repository/Master Data/Admin Sekolah/Login/Input Password'

02-01-2025T15:18:21 - [TEST_STEP][PASSED] - click(findTestObject("Master Data/Admin Sekolah/Login/Button Submit"), CONTINUE_ON_FAILURE): Object: 'Object Repository/Master Data/Admin Sekolah/Login/Button Submit' is clicked on

02-01-2025T15:18:21 - [MESSAGE][PASSED] - Object: 'Object Repository/Master Data/Admin Sekolah/Login/Button Submit' is clicked on

02-01-2025T15:18:21 - [TEST_STEP][PASSED] - click(findTestObject("Master Data/Admin Sekolah/HomePageMenu/Sidebar Menu"), CONTINUE_ON_FAILURE): Object: 'Object Repository/Master Data/Admin Sekolah/HomePageMenu/Sidebar Menu' is clicked on

02-01-2025T15:18:23 - [MESSAGE][PASSED] - Object: 'Object Repository/Master Data/Admin Sekolah/HomePageMenu/Sidebar Menu' is clicked on

02-01-2025T15:18:23 - [TEST_STEP][PASSED] - click(findTestObject("Master Data/Admin Sekolah/HomePageMenu/Sub Menu Kelas"), CONTINUE_ON_FAILURE): Object: 'Object Repository/Master Data/Admin Sekolah/HomePageMenu/Sub Menu Kelas' is clicked on

02-01-2025T15:18:24 - [MESSAGE][PASSED] - Object: 'Object Repository/Master Data/Admin Sekolah/HomePageMenu/Sub Menu Kelas' is clicked on

02-01-2025T15:18:24 - [TEST_STEP][PASSED] - click(findTestObject("Master Data/Admin Sekolah/Tambah Kelas/Tambah Kelas"), CONTINUE_ON_FAILURE): Object: 'Object Repository/Master Data/Admin Sekolah/Tambah Kelas/Tambah Kelas' is clicked on

02-01-2025T15:18:25 - [MESSAGE][PASSED] - Object: 'Object Repository/Master Data/Admin Sekolah/Tambah Kelas/Tambah Kelas' is clicked on

02-01-2025T15:18:25 - [TEST_STEP][PASSED] - click(findTestObject("Master Data/Admin Sekolah/Tambah Kelas/Modal Tambah/Unit/Pilih Unit"), CONTINUE_ON_FAILURE): Object: 'Object Repository/Master Data/Admin Sekolah/Tambah Kelas/Modal Tambah/Unit/Pilih Unit' is clicked on

02-01-2025T15:18:25 - [MESSAGE][PASSED] - Object: 'Object Repository/Master Data/Admin Sekolah/Tambah Kelas/Modal Tambah/Unit/Pilih Unit' is clicked on

02-01-2025T15:18:25 - [TEST_STEP][PASSED] - click(findTestObject("Master Data/Admin Sekolah/Tambah Kelas/Modal Tambah/Unit/Klik Unit"), CONTINUE_ON_FAILURE): Object: 'Object Repository/Master Data/Admin Sekolah/Tambah Kelas/Modal Tambah/Unit/Klik Unit' is clicked on

02-01-2025T15:18:26 - [MESSAGE][PASSED] - Object: 'Object Repository/Master Data/Admin Sekolah/Tambah Kelas/Modal Tambah/Unit/Klik Unit' is clicked on

02-01-2025T15:18:26 - [TEST_STEP][PASSED] - click(findTestObject("Master Data/Admin Sekolah/Tambah Kelas/Modal Tambah/Prefix/Klik Prefix"), CONTINUE_ON_FAILURE): Object: 'Object Repository/Master Data/Admin Sekolah/Tambah Kelas/Modal Tambah/Prefix/Klik Prefix' is clicked on

02-01-2025T15:18:26 - [MESSAGE][PASSED] - Object: 'Object Repository/Master Data/Admin Sekolah/Tambah Kelas/Modal Tambah/Prefix/Klik Prefix' is clicked on

02-01-2025T15:18:26 - [TEST_STEP][FAILED] - click(findTestObject("Master Data/Admin Sekolah/Tambah Kelas/Modal Tambah/Prefix/Pilih Prefix"), CONTINUE_ON_FAILURE): Unable to click on object 'Object Repository/Master Data/Admin Sekolah/Tambah Kelas/Modal Tambah/Prefix/Pilih Prefix' (Root cause: com.kms.katalon.core.exception.StepFailedException: Unable to click on object 'Object Repository/Master Data/Admin Sekolah/Tambah Kelas/Modal Tambah/Prefix/Pilih Prefix'
	at com.kms.katalon.core.webui.keyword.internal.WebUIKeywordMain.stepFailed(WebUIKeywordMain.groovy:117)
	at com.kms.katalon.core.webui.keyword.internal.WebUIKeywordMain.runKeyword(WebUIKeywordMain.groovy:43)
	at com.kms.katalon.core.webui.keyword.builtin.ClickKeyword.click(ClickKeyword.groovy:75)
	at com.kms.katalon.core.webui.keyword.builtin.ClickKeyword.execute(ClickKeyword.groovy:40)
	at com.kms.katalon.core.keyword.internal.KeywordExecutor.executeKeywordForPlatform(KeywordExecutor.groovy:74)
	at com.kms.katalon.core.webui.keyword.WebUiBuiltInKeywords.click(WebUiBuiltInKeywords.groovy:684)
	at Tambah Kelas.run(Tambah Kelas:46)
	at com.kms.katalon.core.main.ScriptEngine.run(ScriptEngine.java:194)
	at com.kms.katalon.core.main.ScriptEngine.runScriptAsRawText(ScriptEngine.java:119)
	at com.kms.katalon.core.main.TestCaseExecutor.runScript(TestCaseExecutor.java:448)
	at com.kms.katalon.core.main.TestCaseExecutor.doExecute(TestCaseExecutor.java:439)
	at com.kms.katalon.core.main.TestCaseExecutor.processExecutionPhase(TestCaseExecutor.java:418)
	at com.kms.katalon.core.main.TestCaseExecutor.accessMainPhase(TestCaseExecutor.java:410)
	at com.kms.katalon.core.main.TestCaseExecutor.execute(TestCaseExecutor.java:285)
	at com.kms.katalon.core.main.TestCaseMain.runTestCase(TestCaseMain.java:133)
	at com.kms.katalon.core.keyword.builtin.CallTestCaseKeyword$_callTestCase_closure1.doCall(CallTestCaseKeyword.groovy:59)
	at com.kms.katalon.core.keyword.builtin.CallTestCaseKeyword$_callTestCase_closure1.call(CallTestCaseKeyword.groovy)
	at com.kms.katalon.core.keyword.internal.KeywordMain.runKeyword(KeywordMain.groovy:75)
	at com.kms.katalon.core.keyword.builtin.CallTestCaseKeyword.callTestCase(CallTestCaseKeyword.groovy:81)
	at com.kms.katalon.core.keyword.builtin.CallTestCaseKeyword.execute(CallTestCaseKeyword.groovy:44)
	at com.kms.katalon.core.keyword.internal.KeywordExecutor.executeKeywordForPlatform(KeywordExecutor.groovy:74)
	at com.kms.katalon.core.keyword.BuiltinKeywords.callTestCase(BuiltinKeywords.groovy:310)
	at java.base/jdk.internal.reflect.NativeMethodAccessorImpl.invoke0(Native Method)
	at java.base/jdk.internal.reflect.NativeMethodAccessorImpl.invoke(NativeMethodAccessorImpl.java:77)
	at java.base/jdk.internal.reflect.DelegatingMethodAccessorImpl.invoke(DelegatingMethodAccessorImpl.java:43)
	at Regresi Kelas.run(Regresi Kelas:26)
	at com.kms.katalon.core.main.ScriptEngine.run(ScriptEngine.java:194)
	at com.kms.katalon.core.main.ScriptEngine.runScriptAsRawText(ScriptEngine.java:119)
	at com.kms.katalon.core.main.TestCaseExecutor.runScript(TestCaseExecutor.java:448)
	at com.kms.katalon.core.main.TestCaseExecutor.doExecute(TestCaseExecutor.java:439)
	at com.kms.katalon.core.main.TestCaseExecutor.processExecutionPhase(TestCaseExecutor.java:418)
	at com.kms.katalon.core.main.TestCaseExecutor.accessMainPhase(TestCaseExecutor.java:410)
	at com.kms.katalon.core.main.TestCaseExecutor.execute(TestCaseExecutor.java:285)
	at com.kms.katalon.core.common.CommonExecutor.accessTestCaseMainPhase(CommonExecutor.java:65)
	at com.kms.katalon.core.main.TestSuiteExecutor.accessTestSuiteMainPhase(TestSuiteExecutor.java:161)
	at com.kms.katalon.core.main.TestSuiteExecutor.execute(TestSuiteExecutor.java:107)
	at com.kms.katalon.core.main.TestCaseMain.startTestSuite(TestCaseMain.java:176)
	at TempTestSuite1735805561810.run(TempTestSuite1735805561810.groovy:35)
	at java.base/jdk.internal.reflect.NativeMethodAccessorImpl.invoke0(Native Method)
	at java.base/jdk.internal.reflect.NativeMethodAccessorImpl.invoke(NativeMethodAccessorImpl.java:77)
	at java.base/jdk.internal.reflect.DelegatingMethodAccessorImpl.invoke(DelegatingMethodAccessorImpl.java:43)
Caused by: com.kms.katalon.core.webui.exception.WebElementNotFoundException: Web element with id: 'Object Repository/Master Data/Admin Sekolah/Tambah Kelas/Modal Tambah/Prefix/Pilih Prefix' located by '//*[@data-testid = 'paragraph' and (text() = 'RETEST' or . = 'RETEST')]' not found
	at com.kms.katalon.core.webui.common.WebUiCommonHelper.findWebElement(WebUiCommonHelper.java:1426)
	at com.kms.katalon.core.webui.keyword.internal.WebUIAbstractKeyword.findWebElement(WebUIAbstractKeyword.groovy:27)
	at com.kms.katalon.core.webui.keyword.builtin.ClickKeyword$_click_closure1.doCall(ClickKeyword.groovy:66)
	at com.kms.katalon.core.webui.keyword.builtin.ClickKeyword$_click_closure1.call(ClickKeyword.groovy)
	at com.kms.katalon.core.webui.keyword.internal.WebUIKeywordMain.runKeyword(WebUIKeywordMain.groovy:35)
	at com.kms.katalon.core.webui.keyword.builtin.ClickKeyword.click(ClickKeyword.groovy:75)
	at com.kms.katalon.core.webui.keyword.builtin.ClickKeyword.execute(ClickKeyword.groovy:40)
	at com.kms.katalon.core.keyword.internal.KeywordExecutor.executeKeywordForPlatform(KeywordExecutor.groovy:74)
	at com.kms.katalon.core.webui.keyword.WebUiBuiltInKeywords.click(WebUiBuiltInKeywords.groovy:684)
	at Script1731464206565.run(Script1731464206565.groovy:46)
	at com.kms.katalon.core.main.ScriptEngine.run(ScriptEngine.java:194)
	at com.kms.katalon.core.main.ScriptEngine.runScriptAsRawText(ScriptEngine.java:119)
	at com.kms.katalon.core.main.TestCaseExecutor.runScript(TestCaseExecutor.java:448)
	at com.kms.katalon.core.main.TestCaseExecutor.doExecute(TestCaseExecutor.java:439)
	at com.kms.katalon.core.main.TestCaseExecutor.processExecutionPhase(TestCaseExecutor.java:418)
	at com.kms.katalon.core.main.TestCaseExecutor.accessMainPhase(TestCaseExecutor.java:410)
	at com.kms.katalon.core.main.TestCaseExecutor.execute(TestCaseExecutor.java:285)
	at com.kms.katalon.core.main.TestCaseMain.runTestCase(TestCaseMain.java:133)
	at com.kms.katalon.core.keyword.builtin.CallTestCaseKeyword$_callTestCase_closure1.doCall(CallTestCaseKeyword.groovy:59)
	at com.kms.katalon.core.keyword.builtin.CallTestCaseKeyword$_callTestCase_closure1.call(CallTestCaseKeyword.groovy)
	at com.kms.katalon.core.keyword.internal.KeywordMain.runKeyword(KeywordMain.groovy:75)
	at com.kms.katalon.core.keyword.builtin.CallTestCaseKeyword.callTestCase(CallTestCaseKeyword.groovy:81)
	at com.kms.katalon.core.keyword.builtin.CallTestCaseKeyword.execute(CallTestCaseKeyword.groovy:44)
	at com.kms.katalon.core.keyword.internal.KeywordExecutor.executeKeywordForPlatform(KeywordExecutor.groovy:74)
	at com.kms.katalon.core.keyword.BuiltinKeywords.callTestCase(BuiltinKeywords.groovy:310)
	at java.base/jdk.internal.reflect.NativeMethodAccessorImpl.invoke0(Native Method)
	at java.base/jdk.internal.reflect.NativeMethodAccessorImpl.invoke(NativeMethodAccessorImpl.java:77)
	at java.base/jdk.internal.reflect.DelegatingMethodAccessorImpl.invoke(DelegatingMethodAccessorImpl.java:43)
	at Script1735746406961.run(Script1735746406961.groovy:26)
	... 15 more
)

02-01-2025T15:18:57 - [MESSAGE][INFO] - Unable to find the element located by 'By.xpath: //*[@data-testid = 'paragraph' and (text() = 'RETEST' or . = 'RETEST')]'. Please recheck the objects properties to make sure the desired element is located. 

02-01-2025T15:18:57 - [MESSAGE][WARNING] - [SELF-HEALING] Failed to find element with id 'Object Repository/Master Data/Admin Sekolah/Tambah Kelas/Modal Tambah/Prefix/Pilih Prefix'. Try using Self-healing.

02-01-2025T15:18:57 - [MESSAGE][WARNING] - [SELF-HEALING] Cannot find elements when the XPath is null.

02-01-2025T15:18:58 - [MESSAGE][WARNING] - [SELF-HEALING] Cannot find elements when the selector is null

02-01-2025T15:18:58 - [MESSAGE][FAILED] - Unable to click on object 'Object Repository/Master Data/Admin Sekolah/Tambah Kelas/Modal Tambah/Prefix/Pilih Prefix' (Root cause: com.kms.katalon.core.exception.StepFailedException: Unable to click on object 'Object Repository/Master Data/Admin Sekolah/Tambah Kelas/Modal Tambah/Prefix/Pilih Prefix'
	at com.kms.katalon.core.webui.keyword.internal.WebUIKeywordMain.stepFailed(WebUIKeywordMain.groovy:117)
	at com.kms.katalon.core.webui.keyword.internal.WebUIKeywordMain.runKeyword(WebUIKeywordMain.groovy:43)
	at com.kms.katalon.core.webui.keyword.builtin.ClickKeyword.click(ClickKeyword.groovy:75)
	at com.kms.katalon.core.webui.keyword.builtin.ClickKeyword.execute(ClickKeyword.groovy:40)
	at com.kms.katalon.core.keyword.internal.KeywordExecutor.executeKeywordForPlatform(KeywordExecutor.groovy:74)
	at com.kms.katalon.core.webui.keyword.WebUiBuiltInKeywords.click(WebUiBuiltInKeywords.groovy:684)
	at Tambah Kelas.run(Tambah Kelas:46)
	at com.kms.katalon.core.main.ScriptEngine.run(ScriptEngine.java:194)
	at com.kms.katalon.core.main.ScriptEngine.runScriptAsRawText(ScriptEngine.java:119)
	at com.kms.katalon.core.main.TestCaseExecutor.runScript(TestCaseExecutor.java:448)
	at com.kms.katalon.core.main.TestCaseExecutor.doExecute(TestCaseExecutor.java:439)
	at com.kms.katalon.core.main.TestCaseExecutor.processExecutionPhase(TestCaseExecutor.java:418)
	at com.kms.katalon.core.main.TestCaseExecutor.accessMainPhase(TestCaseExecutor.java:410)
	at com.kms.katalon.core.main.TestCaseExecutor.execute(TestCaseExecutor.java:285)
	at com.kms.katalon.core.main.TestCaseMain.runTestCase(TestCaseMain.java:133)
	at com.kms.katalon.core.keyword.builtin.CallTestCaseKeyword$_callTestCase_closure1.doCall(CallTestCaseKeyword.groovy:59)
	at com.kms.katalon.core.keyword.builtin.CallTestCaseKeyword$_callTestCase_closure1.call(CallTestCaseKeyword.groovy)
	at com.kms.katalon.core.keyword.internal.KeywordMain.runKeyword(KeywordMain.groovy:75)
	at com.kms.katalon.core.keyword.builtin.CallTestCaseKeyword.callTestCase(CallTestCaseKeyword.groovy:81)
	at com.kms.katalon.core.keyword.builtin.CallTestCaseKeyword.execute(CallTestCaseKeyword.groovy:44)
	at com.kms.katalon.core.keyword.internal.KeywordExecutor.executeKeywordForPlatform(KeywordExecutor.groovy:74)
	at com.kms.katalon.core.keyword.BuiltinKeywords.callTestCase(BuiltinKeywords.groovy:310)
	at java.base/jdk.internal.reflect.NativeMethodAccessorImpl.invoke0(Native Method)
	at java.base/jdk.internal.reflect.NativeMethodAccessorImpl.invoke(NativeMethodAccessorImpl.java:77)
	at java.base/jdk.internal.reflect.DelegatingMethodAccessorImpl.invoke(DelegatingMethodAccessorImpl.java:43)
	at Regresi Kelas.run(Regresi Kelas:26)
	at com.kms.katalon.core.main.ScriptEngine.run(ScriptEngine.java:194)
	at com.kms.katalon.core.main.ScriptEngine.runScriptAsRawText(ScriptEngine.java:119)
	at com.kms.katalon.core.main.TestCaseExecutor.runScript(TestCaseExecutor.java:448)
	at com.kms.katalon.core.main.TestCaseExecutor.doExecute(TestCaseExecutor.java:439)
	at com.kms.katalon.core.main.TestCaseExecutor.processExecutionPhase(TestCaseExecutor.java:418)
	at com.kms.katalon.core.main.TestCaseExecutor.accessMainPhase(TestCaseExecutor.java:410)
	at com.kms.katalon.core.main.TestCaseExecutor.execute(TestCaseExecutor.java:285)
	at com.kms.katalon.core.common.CommonExecutor.accessTestCaseMainPhase(CommonExecutor.java:65)
	at com.kms.katalon.core.main.TestSuiteExecutor.accessTestSuiteMainPhase(TestSuiteExecutor.java:161)
	at com.kms.katalon.core.main.TestSuiteExecutor.execute(TestSuiteExecutor.java:107)
	at com.kms.katalon.core.main.TestCaseMain.startTestSuite(TestCaseMain.java:176)
	at TempTestSuite1735805561810.run(TempTestSuite1735805561810.groovy:35)
	at java.base/jdk.internal.reflect.NativeMethodAccessorImpl.invoke0(Native Method)
	at java.base/jdk.internal.reflect.NativeMethodAccessorImpl.invoke(NativeMethodAccessorImpl.java:77)
	at java.base/jdk.internal.reflect.DelegatingMethodAccessorImpl.invoke(DelegatingMethodAccessorImpl.java:43)
Caused by: com.kms.katalon.core.webui.exception.WebElementNotFoundException: Web element with id: 'Object Repository/Master Data/Admin Sekolah/Tambah Kelas/Modal Tambah/Prefix/Pilih Prefix' located by '//*[@data-testid = 'paragraph' and (text() = 'RETEST' or . = 'RETEST')]' not found
	at com.kms.katalon.core.webui.common.WebUiCommonHelper.findWebElement(WebUiCommonHelper.java:1426)
	at com.kms.katalon.core.webui.keyword.internal.WebUIAbstractKeyword.findWebElement(WebUIAbstractKeyword.groovy:27)
	at com.kms.katalon.core.webui.keyword.builtin.ClickKeyword$_click_closure1.doCall(ClickKeyword.groovy:66)
	at com.kms.katalon.core.webui.keyword.builtin.ClickKeyword$_click_closure1.call(ClickKeyword.groovy)
	at com.kms.katalon.core.webui.keyword.internal.WebUIKeywordMain.runKeyword(WebUIKeywordMain.groovy:35)
	at com.kms.katalon.core.webui.keyword.builtin.ClickKeyword.click(ClickKeyword.groovy:75)
	at com.kms.katalon.core.webui.keyword.builtin.ClickKeyword.execute(ClickKeyword.groovy:40)
	at com.kms.katalon.core.keyword.internal.KeywordExecutor.executeKeywordForPlatform(KeywordExecutor.groovy:74)
	at com.kms.katalon.core.webui.keyword.WebUiBuiltInKeywords.click(WebUiBuiltInKeywords.groovy:684)
	at Script1731464206565.run(Script1731464206565.groovy:46)
	at com.kms.katalon.core.main.ScriptEngine.run(ScriptEngine.java:194)
	at com.kms.katalon.core.main.ScriptEngine.runScriptAsRawText(ScriptEngine.java:119)
	at com.kms.katalon.core.main.TestCaseExecutor.runScript(TestCaseExecutor.java:448)
	at com.kms.katalon.core.main.TestCaseExecutor.doExecute(TestCaseExecutor.java:439)
	at com.kms.katalon.core.main.TestCaseExecutor.processExecutionPhase(TestCaseExecutor.java:418)
	at com.kms.katalon.core.main.TestCaseExecutor.accessMainPhase(TestCaseExecutor.java:410)
	at com.kms.katalon.core.main.TestCaseExecutor.execute(TestCaseExecutor.java:285)
	at com.kms.katalon.core.main.TestCaseMain.runTestCase(TestCaseMain.java:133)
	at com.kms.katalon.core.keyword.builtin.CallTestCaseKeyword$_callTestCase_closure1.doCall(CallTestCaseKeyword.groovy:59)
	at com.kms.katalon.core.keyword.builtin.CallTestCaseKeyword$_callTestCase_closure1.call(CallTestCaseKeyword.groovy)
	at com.kms.katalon.core.keyword.internal.KeywordMain.runKeyword(KeywordMain.groovy:75)
	at com.kms.katalon.core.keyword.builtin.CallTestCaseKeyword.callTestCase(CallTestCaseKeyword.groovy:81)
	at com.kms.katalon.core.keyword.builtin.CallTestCaseKeyword.execute(CallTestCaseKeyword.groovy:44)
	at com.kms.katalon.core.keyword.internal.KeywordExecutor.executeKeywordForPlatform(KeywordExecutor.groovy:74)
	at com.kms.katalon.core.keyword.BuiltinKeywords.callTestCase(BuiltinKeywords.groovy:310)
	at java.base/jdk.internal.reflect.NativeMethodAccessorImpl.invoke0(Native Method)
	at java.base/jdk.internal.reflect.NativeMethodAccessorImpl.invoke(NativeMethodAccessorImpl.java:77)
	at java.base/jdk.internal.reflect.DelegatingMethodAccessorImpl.invoke(DelegatingMethodAccessorImpl.java:43)
	at Script1735746406961.run(Script1735746406961.groovy:26)
	... 15 more
)
[[ATTACHMENT|C:\\Users\\henri\\Videos\\school-payment-automation-testing\\Reports\\20250102_151240\\SPRINT 1\\20250102_151241\\1735805938576.png]]

02-01-2025T15:18:58 - [TEST_STEP][PASSED] - setText(findTestObject("Master Data/Admin Sekolah/Tambah Kelas/Modal Tambah/Suffix/Input Suffix kelas"), "PHP 4", CONTINUE_ON_FAILURE): Text 'PHP 4' is set on object 'Object Repository/Master Data/Admin Sekolah/Tambah Kelas/Modal Tambah/Suffix/Input Suffix kelas'

02-01-2025T15:18:59 - [MESSAGE][PASSED] - Text 'PHP 4' is set on object 'Object Repository/Master Data/Admin Sekolah/Tambah Kelas/Modal Tambah/Suffix/Input Suffix kelas'

02-01-2025T15:18:59 - [TEST_STEP][PASSED] - click(findTestObject("Master Data/Admin Sekolah/Tambah Kelas/Modal Tambah/Jurusan/Klik Jurusan"), CONTINUE_ON_FAILURE): Object: 'Object Repository/Master Data/Admin Sekolah/Tambah Kelas/Modal Tambah/Jurusan/Klik Jurusan' is clicked on

02-01-2025T15:18:59 - [MESSAGE][PASSED] - Object: 'Object Repository/Master Data/Admin Sekolah/Tambah Kelas/Modal Tambah/Jurusan/Klik Jurusan' is clicked on

02-01-2025T15:18:59 - [TEST_STEP][FAILED] - click(findTestObject("Master Data/Admin Sekolah/Tambah Kelas/Modal Tambah/Jurusan/Pilih Jurusan"), CONTINUE_ON_FAILURE): Unable to click on object 'Object Repository/Master Data/Admin Sekolah/Tambah Kelas/Modal Tambah/Jurusan/Pilih Jurusan' (Root cause: com.kms.katalon.core.exception.StepFailedException: Unable to click on object 'Object Repository/Master Data/Admin Sekolah/Tambah Kelas/Modal Tambah/Jurusan/Pilih Jurusan'
	at com.kms.katalon.core.webui.keyword.internal.WebUIKeywordMain.stepFailed(WebUIKeywordMain.groovy:117)
	at com.kms.katalon.core.webui.keyword.internal.WebUIKeywordMain.runKeyword(WebUIKeywordMain.groovy:43)
	at com.kms.katalon.core.webui.keyword.builtin.ClickKeyword.click(ClickKeyword.groovy:75)
	at com.kms.katalon.core.webui.keyword.builtin.ClickKeyword.execute(ClickKeyword.groovy:40)
	at com.kms.katalon.core.keyword.internal.KeywordExecutor.executeKeywordForPlatform(KeywordExecutor.groovy:74)
	at com.kms.katalon.core.webui.keyword.WebUiBuiltInKeywords.click(WebUiBuiltInKeywords.groovy:684)
	at Tambah Kelas.run(Tambah Kelas:53)
	at com.kms.katalon.core.main.ScriptEngine.run(ScriptEngine.java:194)
	at com.kms.katalon.core.main.ScriptEngine.runScriptAsRawText(ScriptEngine.java:119)
	at com.kms.katalon.core.main.TestCaseExecutor.runScript(TestCaseExecutor.java:448)
	at com.kms.katalon.core.main.TestCaseExecutor.doExecute(TestCaseExecutor.java:439)
	at com.kms.katalon.core.main.TestCaseExecutor.processExecutionPhase(TestCaseExecutor.java:418)
	at com.kms.katalon.core.main.TestCaseExecutor.accessMainPhase(TestCaseExecutor.java:410)
	at com.kms.katalon.core.main.TestCaseExecutor.execute(TestCaseExecutor.java:285)
	at com.kms.katalon.core.main.TestCaseMain.runTestCase(TestCaseMain.java:133)
	at com.kms.katalon.core.keyword.builtin.CallTestCaseKeyword$_callTestCase_closure1.doCall(CallTestCaseKeyword.groovy:59)
	at com.kms.katalon.core.keyword.builtin.CallTestCaseKeyword$_callTestCase_closure1.call(CallTestCaseKeyword.groovy)
	at com.kms.katalon.core.keyword.internal.KeywordMain.runKeyword(KeywordMain.groovy:75)
	at com.kms.katalon.core.keyword.builtin.CallTestCaseKeyword.callTestCase(CallTestCaseKeyword.groovy:81)
	at com.kms.katalon.core.keyword.builtin.CallTestCaseKeyword.execute(CallTestCaseKeyword.groovy:44)
	at com.kms.katalon.core.keyword.internal.KeywordExecutor.executeKeywordForPlatform(KeywordExecutor.groovy:74)
	at com.kms.katalon.core.keyword.BuiltinKeywords.callTestCase(BuiltinKeywords.groovy:310)
	at java.base/jdk.internal.reflect.NativeMethodAccessorImpl.invoke0(Native Method)
	at java.base/jdk.internal.reflect.NativeMethodAccessorImpl.invoke(NativeMethodAccessorImpl.java:77)
	at java.base/jdk.internal.reflect.DelegatingMethodAccessorImpl.invoke(DelegatingMethodAccessorImpl.java:43)
	at Regresi Kelas.run(Regresi Kelas:26)
	at com.kms.katalon.core.main.ScriptEngine.run(ScriptEngine.java:194)
	at com.kms.katalon.core.main.ScriptEngine.runScriptAsRawText(ScriptEngine.java:119)
	at com.kms.katalon.core.main.TestCaseExecutor.runScript(TestCaseExecutor.java:448)
	at com.kms.katalon.core.main.TestCaseExecutor.doExecute(TestCaseExecutor.java:439)
	at com.kms.katalon.core.main.TestCaseExecutor.processExecutionPhase(TestCaseExecutor.java:418)
	at com.kms.katalon.core.main.TestCaseExecutor.accessMainPhase(TestCaseExecutor.java:410)
	at com.kms.katalon.core.main.TestCaseExecutor.execute(TestCaseExecutor.java:285)
	at com.kms.katalon.core.common.CommonExecutor.accessTestCaseMainPhase(CommonExecutor.java:65)
	at com.kms.katalon.core.main.TestSuiteExecutor.accessTestSuiteMainPhase(TestSuiteExecutor.java:161)
	at com.kms.katalon.core.main.TestSuiteExecutor.execute(TestSuiteExecutor.java:107)
	at com.kms.katalon.core.main.TestCaseMain.startTestSuite(TestCaseMain.java:176)
	at TempTestSuite1735805561810.run(TempTestSuite1735805561810.groovy:35)
	at java.base/jdk.internal.reflect.NativeMethodAccessorImpl.invoke0(Native Method)
	at java.base/jdk.internal.reflect.NativeMethodAccessorImpl.invoke(NativeMethodAccessorImpl.java:77)
	at java.base/jdk.internal.reflect.DelegatingMethodAccessorImpl.invoke(DelegatingMethodAccessorImpl.java:43)
Caused by: com.kms.katalon.core.webui.exception.WebElementNotFoundException: Web element with id: 'Object Repository/Master Data/Admin Sekolah/Tambah Kelas/Modal Tambah/Jurusan/Pilih Jurusan' located by '//*[@data-testid = 'paragraph' and (text() = 'olahraga' or . = 'olahraga')]' not found
	at com.kms.katalon.core.webui.common.WebUiCommonHelper.findWebElement(WebUiCommonHelper.java:1426)
	at com.kms.katalon.core.webui.keyword.internal.WebUIAbstractKeyword.findWebElement(WebUIAbstractKeyword.groovy:27)
	at com.kms.katalon.core.webui.keyword.builtin.ClickKeyword$_click_closure1.doCall(ClickKeyword.groovy:66)
	at com.kms.katalon.core.webui.keyword.builtin.ClickKeyword$_click_closure1.call(ClickKeyword.groovy)
	at com.kms.katalon.core.webui.keyword.internal.WebUIKeywordMain.runKeyword(WebUIKeywordMain.groovy:35)
	at com.kms.katalon.core.webui.keyword.builtin.ClickKeyword.click(ClickKeyword.groovy:75)
	at com.kms.katalon.core.webui.keyword.builtin.ClickKeyword.execute(ClickKeyword.groovy:40)
	at com.kms.katalon.core.keyword.internal.KeywordExecutor.executeKeywordForPlatform(KeywordExecutor.groovy:74)
	at com.kms.katalon.core.webui.keyword.WebUiBuiltInKeywords.click(WebUiBuiltInKeywords.groovy:684)
	at Script1731464206565.run(Script1731464206565.groovy:53)
	at com.kms.katalon.core.main.ScriptEngine.run(ScriptEngine.java:194)
	at com.kms.katalon.core.main.ScriptEngine.runScriptAsRawText(ScriptEngine.java:119)
	at com.kms.katalon.core.main.TestCaseExecutor.runScript(TestCaseExecutor.java:448)
	at com.kms.katalon.core.main.TestCaseExecutor.doExecute(TestCaseExecutor.java:439)
	at com.kms.katalon.core.main.TestCaseExecutor.processExecutionPhase(TestCaseExecutor.java:418)
	at com.kms.katalon.core.main.TestCaseExecutor.accessMainPhase(TestCaseExecutor.java:410)
	at com.kms.katalon.core.main.TestCaseExecutor.execute(TestCaseExecutor.java:285)
	at com.kms.katalon.core.main.TestCaseMain.runTestCase(TestCaseMain.java:133)
	at com.kms.katalon.core.keyword.builtin.CallTestCaseKeyword$_callTestCase_closure1.doCall(CallTestCaseKeyword.groovy:59)
	at com.kms.katalon.core.keyword.builtin.CallTestCaseKeyword$_callTestCase_closure1.call(CallTestCaseKeyword.groovy)
	at com.kms.katalon.core.keyword.internal.KeywordMain.runKeyword(KeywordMain.groovy:75)
	at com.kms.katalon.core.keyword.builtin.CallTestCaseKeyword.callTestCase(CallTestCaseKeyword.groovy:81)
	at com.kms.katalon.core.keyword.builtin.CallTestCaseKeyword.execute(CallTestCaseKeyword.groovy:44)
	at com.kms.katalon.core.keyword.internal.KeywordExecutor.executeKeywordForPlatform(KeywordExecutor.groovy:74)
	at com.kms.katalon.core.keyword.BuiltinKeywords.callTestCase(BuiltinKeywords.groovy:310)
	at java.base/jdk.internal.reflect.NativeMethodAccessorImpl.invoke0(Native Method)
	at java.base/jdk.internal.reflect.NativeMethodAccessorImpl.invoke(NativeMethodAccessorImpl.java:77)
	at java.base/jdk.internal.reflect.DelegatingMethodAccessorImpl.invoke(DelegatingMethodAccessorImpl.java:43)
	at Script1735746406961.run(Script1735746406961.groovy:26)
	... 15 more
)

02-01-2025T15:19:30 - [MESSAGE][INFO] - Unable to find the element located by 'By.xpath: //*[@data-testid = 'paragraph' and (text() = 'olahraga' or . = 'olahraga')]'. Please recheck the objects properties to make sure the desired element is located. 

02-01-2025T15:19:30 - [MESSAGE][WARNING] - [SELF-HEALING] Failed to find element with id 'Object Repository/Master Data/Admin Sekolah/Tambah Kelas/Modal Tambah/Jurusan/Pilih Jurusan'. Try using Self-healing.

02-01-2025T15:19:30 - [MESSAGE][WARNING] - [SELF-HEALING] Cannot find elements when the XPath is null.

02-01-2025T15:19:31 - [MESSAGE][WARNING] - [SELF-HEALING] Cannot find elements when the selector is null

02-01-2025T15:19:31 - [MESSAGE][FAILED] - Unable to click on object 'Object Repository/Master Data/Admin Sekolah/Tambah Kelas/Modal Tambah/Jurusan/Pilih Jurusan' (Root cause: com.kms.katalon.core.exception.StepFailedException: Unable to click on object 'Object Repository/Master Data/Admin Sekolah/Tambah Kelas/Modal Tambah/Jurusan/Pilih Jurusan'
	at com.kms.katalon.core.webui.keyword.internal.WebUIKeywordMain.stepFailed(WebUIKeywordMain.groovy:117)
	at com.kms.katalon.core.webui.keyword.internal.WebUIKeywordMain.runKeyword(WebUIKeywordMain.groovy:43)
	at com.kms.katalon.core.webui.keyword.builtin.ClickKeyword.click(ClickKeyword.groovy:75)
	at com.kms.katalon.core.webui.keyword.builtin.ClickKeyword.execute(ClickKeyword.groovy:40)
	at com.kms.katalon.core.keyword.internal.KeywordExecutor.executeKeywordForPlatform(KeywordExecutor.groovy:74)
	at com.kms.katalon.core.webui.keyword.WebUiBuiltInKeywords.click(WebUiBuiltInKeywords.groovy:684)
	at Tambah Kelas.run(Tambah Kelas:53)
	at com.kms.katalon.core.main.ScriptEngine.run(ScriptEngine.java:194)
	at com.kms.katalon.core.main.ScriptEngine.runScriptAsRawText(ScriptEngine.java:119)
	at com.kms.katalon.core.main.TestCaseExecutor.runScript(TestCaseExecutor.java:448)
	at com.kms.katalon.core.main.TestCaseExecutor.doExecute(TestCaseExecutor.java:439)
	at com.kms.katalon.core.main.TestCaseExecutor.processExecutionPhase(TestCaseExecutor.java:418)
	at com.kms.katalon.core.main.TestCaseExecutor.accessMainPhase(TestCaseExecutor.java:410)
	at com.kms.katalon.core.main.TestCaseExecutor.execute(TestCaseExecutor.java:285)
	at com.kms.katalon.core.main.TestCaseMain.runTestCase(TestCaseMain.java:133)
	at com.kms.katalon.core.keyword.builtin.CallTestCaseKeyword$_callTestCase_closure1.doCall(CallTestCaseKeyword.groovy:59)
	at com.kms.katalon.core.keyword.builtin.CallTestCaseKeyword$_callTestCase_closure1.call(CallTestCaseKeyword.groovy)
	at com.kms.katalon.core.keyword.internal.KeywordMain.runKeyword(KeywordMain.groovy:75)
	at com.kms.katalon.core.keyword.builtin.CallTestCaseKeyword.callTestCase(CallTestCaseKeyword.groovy:81)
	at com.kms.katalon.core.keyword.builtin.CallTestCaseKeyword.execute(CallTestCaseKeyword.groovy:44)
	at com.kms.katalon.core.keyword.internal.KeywordExecutor.executeKeywordForPlatform(KeywordExecutor.groovy:74)
	at com.kms.katalon.core.keyword.BuiltinKeywords.callTestCase(BuiltinKeywords.groovy:310)
	at java.base/jdk.internal.reflect.NativeMethodAccessorImpl.invoke0(Native Method)
	at java.base/jdk.internal.reflect.NativeMethodAccessorImpl.invoke(NativeMethodAccessorImpl.java:77)
	at java.base/jdk.internal.reflect.DelegatingMethodAccessorImpl.invoke(DelegatingMethodAccessorImpl.java:43)
	at Regresi Kelas.run(Regresi Kelas:26)
	at com.kms.katalon.core.main.ScriptEngine.run(ScriptEngine.java:194)
	at com.kms.katalon.core.main.ScriptEngine.runScriptAsRawText(ScriptEngine.java:119)
	at com.kms.katalon.core.main.TestCaseExecutor.runScript(TestCaseExecutor.java:448)
	at com.kms.katalon.core.main.TestCaseExecutor.doExecute(TestCaseExecutor.java:439)
	at com.kms.katalon.core.main.TestCaseExecutor.processExecutionPhase(TestCaseExecutor.java:418)
	at com.kms.katalon.core.main.TestCaseExecutor.accessMainPhase(TestCaseExecutor.java:410)
	at com.kms.katalon.core.main.TestCaseExecutor.execute(TestCaseExecutor.java:285)
	at com.kms.katalon.core.common.CommonExecutor.accessTestCaseMainPhase(CommonExecutor.java:65)
	at com.kms.katalon.core.main.TestSuiteExecutor.accessTestSuiteMainPhase(TestSuiteExecutor.java:161)
	at com.kms.katalon.core.main.TestSuiteExecutor.execute(TestSuiteExecutor.java:107)
	at com.kms.katalon.core.main.TestCaseMain.startTestSuite(TestCaseMain.java:176)
	at TempTestSuite1735805561810.run(TempTestSuite1735805561810.groovy:35)
	at java.base/jdk.internal.reflect.NativeMethodAccessorImpl.invoke0(Native Method)
	at java.base/jdk.internal.reflect.NativeMethodAccessorImpl.invoke(NativeMethodAccessorImpl.java:77)
	at java.base/jdk.internal.reflect.DelegatingMethodAccessorImpl.invoke(DelegatingMethodAccessorImpl.java:43)
Caused by: com.kms.katalon.core.webui.exception.WebElementNotFoundException: Web element with id: 'Object Repository/Master Data/Admin Sekolah/Tambah Kelas/Modal Tambah/Jurusan/Pilih Jurusan' located by '//*[@data-testid = 'paragraph' and (text() = 'olahraga' or . = 'olahraga')]' not found
	at com.kms.katalon.core.webui.common.WebUiCommonHelper.findWebElement(WebUiCommonHelper.java:1426)
	at com.kms.katalon.core.webui.keyword.internal.WebUIAbstractKeyword.findWebElement(WebUIAbstractKeyword.groovy:27)
	at com.kms.katalon.core.webui.keyword.builtin.ClickKeyword$_click_closure1.doCall(ClickKeyword.groovy:66)
	at com.kms.katalon.core.webui.keyword.builtin.ClickKeyword$_click_closure1.call(ClickKeyword.groovy)
	at com.kms.katalon.core.webui.keyword.internal.WebUIKeywordMain.runKeyword(WebUIKeywordMain.groovy:35)
	at com.kms.katalon.core.webui.keyword.builtin.ClickKeyword.click(ClickKeyword.groovy:75)
	at com.kms.katalon.core.webui.keyword.builtin.ClickKeyword.execute(ClickKeyword.groovy:40)
	at com.kms.katalon.core.keyword.internal.KeywordExecutor.executeKeywordForPlatform(KeywordExecutor.groovy:74)
	at com.kms.katalon.core.webui.keyword.WebUiBuiltInKeywords.click(WebUiBuiltInKeywords.groovy:684)
	at Script1731464206565.run(Script1731464206565.groovy:53)
	at com.kms.katalon.core.main.ScriptEngine.run(ScriptEngine.java:194)
	at com.kms.katalon.core.main.ScriptEngine.runScriptAsRawText(ScriptEngine.java:119)
	at com.kms.katalon.core.main.TestCaseExecutor.runScript(TestCaseExecutor.java:448)
	at com.kms.katalon.core.main.TestCaseExecutor.doExecute(TestCaseExecutor.java:439)
	at com.kms.katalon.core.main.TestCaseExecutor.processExecutionPhase(TestCaseExecutor.java:418)
	at com.kms.katalon.core.main.TestCaseExecutor.accessMainPhase(TestCaseExecutor.java:410)
	at com.kms.katalon.core.main.TestCaseExecutor.execute(TestCaseExecutor.java:285)
	at com.kms.katalon.core.main.TestCaseMain.runTestCase(TestCaseMain.java:133)
	at com.kms.katalon.core.keyword.builtin.CallTestCaseKeyword$_callTestCase_closure1.doCall(CallTestCaseKeyword.groovy:59)
	at com.kms.katalon.core.keyword.builtin.CallTestCaseKeyword$_callTestCase_closure1.call(CallTestCaseKeyword.groovy)
	at com.kms.katalon.core.keyword.internal.KeywordMain.runKeyword(KeywordMain.groovy:75)
	at com.kms.katalon.core.keyword.builtin.CallTestCaseKeyword.callTestCase(CallTestCaseKeyword.groovy:81)
	at com.kms.katalon.core.keyword.builtin.CallTestCaseKeyword.execute(CallTestCaseKeyword.groovy:44)
	at com.kms.katalon.core.keyword.internal.KeywordExecutor.executeKeywordForPlatform(KeywordExecutor.groovy:74)
	at com.kms.katalon.core.keyword.BuiltinKeywords.callTestCase(BuiltinKeywords.groovy:310)
	at java.base/jdk.internal.reflect.NativeMethodAccessorImpl.invoke0(Native Method)
	at java.base/jdk.internal.reflect.NativeMethodAccessorImpl.invoke(NativeMethodAccessorImpl.java:77)
	at java.base/jdk.internal.reflect.DelegatingMethodAccessorImpl.invoke(DelegatingMethodAccessorImpl.java:43)
	at Script1735746406961.run(Script1735746406961.groovy:26)
	... 15 more
)
[[ATTACHMENT|C:\\Users\\henri\\Videos\\school-payment-automation-testing\\Reports\\20250102_151240\\SPRINT 1\\20250102_151241\\1735805971517.png]]

02-01-2025T15:19:31 - [TEST_STEP][PASSED] - click(findTestObject("Master Data/Admin Sekolah/Tambah Kelas/Modal Tambah/Tambahkan/Tambah Data"), CONTINUE_ON_FAILURE): Object: 'Object Repository/Master Data/Admin Sekolah/Tambah Kelas/Modal Tambah/Tambahkan/Tambah Data' is clicked on

02-01-2025T15:19:31 - [MESSAGE][PASSED] - Object: 'Object Repository/Master Data/Admin Sekolah/Tambah Kelas/Modal Tambah/Tambahkan/Tambah Data' is clicked on

02-01-2025T15:19:31 - [TEST_STEP][PASSED] - closeBrowser(CONTINUE_ON_FAILURE): Browser is closed

02-01-2025T15:19:32 - [MESSAGE][PASSED] - Browser is closed

02-01-2025T15:19:32 - [MESSAGE][FAILED] - Unable to call Test Case 'Test Cases/Master Data/Admin Sekolah/Master Data Kelas/Tambah Kelas' (Root cause: com.kms.katalon.core.exception.StepFailedException: Call Test Case 'Test Cases/Master Data/Admin Sekolah/Master Data Kelas/Tambah Kelas' failed
	at com.kms.katalon.core.keyword.builtin.CallTestCaseKeyword$_callTestCase_closure1.doCall(CallTestCaseKeyword.groovy:63)
	at com.kms.katalon.core.keyword.builtin.CallTestCaseKeyword$_callTestCase_closure1.call(CallTestCaseKeyword.groovy)
	at com.kms.katalon.core.keyword.internal.KeywordMain.runKeyword(KeywordMain.groovy:75)
	at com.kms.katalon.core.keyword.builtin.CallTestCaseKeyword.callTestCase(CallTestCaseKeyword.groovy:81)
	at com.kms.katalon.core.keyword.builtin.CallTestCaseKeyword.execute(CallTestCaseKeyword.groovy:44)
	at com.kms.katalon.core.keyword.internal.KeywordExecutor.executeKeywordForPlatform(KeywordExecutor.groovy:74)
	at com.kms.katalon.core.keyword.BuiltinKeywords.callTestCase(BuiltinKeywords.groovy:310)
	at java.base/jdk.internal.reflect.NativeMethodAccessorImpl.invoke0(Native Method)
	at java.base/jdk.internal.reflect.NativeMethodAccessorImpl.invoke(NativeMethodAccessorImpl.java:77)
	at java.base/jdk.internal.reflect.DelegatingMethodAccessorImpl.invoke(DelegatingMethodAccessorImpl.java:43)
	at Regresi Kelas.run(Regresi Kelas:26)
	at com.kms.katalon.core.main.ScriptEngine.run(ScriptEngine.java:194)
	at com.kms.katalon.core.main.ScriptEngine.runScriptAsRawText(ScriptEngine.java:119)
	at com.kms.katalon.core.main.TestCaseExecutor.runScript(TestCaseExecutor.java:448)
	at com.kms.katalon.core.main.TestCaseExecutor.doExecute(TestCaseExecutor.java:439)
	at com.kms.katalon.core.main.TestCaseExecutor.processExecutionPhase(TestCaseExecutor.java:418)
	at com.kms.katalon.core.main.TestCaseExecutor.accessMainPhase(TestCaseExecutor.java:410)
	at com.kms.katalon.core.main.TestCaseExecutor.execute(TestCaseExecutor.java:285)
	at com.kms.katalon.core.common.CommonExecutor.accessTestCaseMainPhase(CommonExecutor.java:65)
	at com.kms.katalon.core.main.TestSuiteExecutor.accessTestSuiteMainPhase(TestSuiteExecutor.java:161)
	at com.kms.katalon.core.main.TestSuiteExecutor.execute(TestSuiteExecutor.java:107)
	at com.kms.katalon.core.main.TestCaseMain.startTestSuite(TestCaseMain.java:176)
	at TempTestSuite1735805561810.run(TempTestSuite1735805561810.groovy:35)
	at java.base/jdk.internal.reflect.NativeMethodAccessorImpl.invoke0(Native Method)
	at java.base/jdk.internal.reflect.NativeMethodAccessorImpl.invoke(NativeMethodAccessorImpl.java:77)
	at java.base/jdk.internal.reflect.DelegatingMethodAccessorImpl.invoke(DelegatingMethodAccessorImpl.java:43)
Caused by: com.kms.katalon.core.exception.StepFailedException: Unable to click on object 'Object Repository/Master Data/Admin Sekolah/Tambah Kelas/Modal Tambah/Prefix/Pilih Prefix' (Root cause: com.kms.katalon.core.exception.StepFailedException: Unable to click on object 'Object Repository/Master Data/Admin Sekolah/Tambah Kelas/Modal Tambah/Prefix/Pilih Prefix'
	at com.kms.katalon.core.webui.keyword.internal.WebUIKeywordMain.stepFailed(WebUIKeywordMain.groovy:117)
	at com.kms.katalon.core.webui.keyword.internal.WebUIKeywordMain.runKeyword(WebUIKeywordMain.groovy:43)
	at com.kms.katalon.core.webui.keyword.builtin.ClickKeyword.click(ClickKeyword.groovy:75)
	at com.kms.katalon.core.webui.keyword.builtin.ClickKeyword.execute(ClickKeyword.groovy:40)
	at com.kms.katalon.core.keyword.internal.KeywordExecutor.executeKeywordForPlatform(KeywordExecutor.groovy:74)
	at com.kms.katalon.core.webui.keyword.WebUiBuiltInKeywords.click(WebUiBuiltInKeywords.groovy:684)
	at Tambah Kelas.run(Tambah Kelas:46)
	at com.kms.katalon.core.main.ScriptEngine.run(ScriptEngine.java:194)
	at com.kms.katalon.core.main.ScriptEngine.runScriptAsRawText(ScriptEngine.java:119)
	at com.kms.katalon.core.main.TestCaseExecutor.runScript(TestCaseExecutor.java:448)
	at com.kms.katalon.core.main.TestCaseExecutor.doExecute(TestCaseExecutor.java:439)
	at com.kms.katalon.core.main.TestCaseExecutor.processExecutionPhase(TestCaseExecutor.java:418)
	at com.kms.katalon.core.main.TestCaseExecutor.accessMainPhase(TestCaseExecutor.java:410)
	at com.kms.katalon.core.main.TestCaseExecutor.execute(TestCaseExecutor.java:285)
	at com.kms.katalon.core.main.TestCaseMain.runTestCase(TestCaseMain.java:133)
	at com.kms.katalon.core.keyword.builtin.CallTestCaseKeyword$_callTestCase_closure1.doCall(CallTestCaseKeyword.groovy:59)
	at com.kms.katalon.core.keyword.builtin.CallTestCaseKeyword$_callTestCase_closure1.call(CallTestCaseKeyword.groovy)
	at com.kms.katalon.core.keyword.internal.KeywordMain.runKeyword(KeywordMain.groovy:75)
	at com.kms.katalon.core.keyword.builtin.CallTestCaseKeyword.callTestCase(CallTestCaseKeyword.groovy:81)
	at com.kms.katalon.core.keyword.builtin.CallTestCaseKeyword.execute(CallTestCaseKeyword.groovy:44)
	at com.kms.katalon.core.keyword.internal.KeywordExecutor.executeKeywordForPlatform(KeywordExecutor.groovy:74)
	at com.kms.katalon.core.keyword.BuiltinKeywords.callTestCase(BuiltinKeywords.groovy:310)
	at java.base/jdk.internal.reflect.NativeMethodAccessorImpl.invoke0(Native Method)
	at java.base/jdk.internal.reflect.NativeMethodAccessorImpl.invoke(NativeMethodAccessorImpl.java:77)
	at java.base/jdk.internal.reflect.DelegatingMethodAccessorImpl.invoke(DelegatingMethodAccessorImpl.java:43)
	at Regresi Kelas.run(Regresi Kelas:26)
	at com.kms.katalon.core.main.ScriptEngine.run(ScriptEngine.java:194)
	at com.kms.katalon.core.main.ScriptEngine.runScriptAsRawText(ScriptEngine.java:119)
	at com.kms.katalon.core.main.TestCaseExecutor.runScript(TestCaseExecutor.java:448)
	at com.kms.katalon.core.main.TestCaseExecutor.doExecute(TestCaseExecutor.java:439)
	at com.kms.katalon.core.main.TestCaseExecutor.processExecutionPhase(TestCaseExecutor.java:418)
	at com.kms.katalon.core.main.TestCaseExecutor.accessMainPhase(TestCaseExecutor.java:410)
	at com.kms.katalon.core.main.TestCaseExecutor.execute(TestCaseExecutor.java:285)
	at com.kms.katalon.core.common.CommonExecutor.accessTestCaseMainPhase(CommonExecutor.java:65)
	at com.kms.katalon.core.main.TestSuiteExecutor.accessTestSuiteMainPhase(TestSuiteExecutor.java:161)
	at com.kms.katalon.core.main.TestSuiteExecutor.execute(TestSuiteExecutor.java:107)
	at com.kms.katalon.core.main.TestCaseMain.startTestSuite(TestCaseMain.java:176)
	at TempTestSuite1735805561810.run(TempTestSuite1735805561810.groovy:35)
	at java.base/jdk.internal.reflect.NativeMethodAccessorImpl.invoke0(Native Method)
	at java.base/jdk.internal.reflect.NativeMethodAccessorImpl.invoke(NativeMethodAccessorImpl.java:77)
	at java.base/jdk.internal.reflect.DelegatingMethodAccessorImpl.invoke(DelegatingMethodAccessorImpl.java:43)
Caused by: com.kms.katalon.core.webui.exception.WebElementNotFoundException: Web element with id: 'Object Repository/Master Data/Admin Sekolah/Tambah Kelas/Modal Tambah/Prefix/Pilih Prefix' located by '//*[@data-testid = 'paragraph' and (text() = 'RETEST' or . = 'RETEST')]' not found
	at com.kms.katalon.core.webui.common.WebUiCommonHelper.findWebElement(WebUiCommonHelper.java:1426)
	at com.kms.katalon.core.webui.keyword.internal.WebUIAbstractKeyword.findWebElement(WebUIAbstractKeyword.groovy:27)
	at com.kms.katalon.core.webui.keyword.builtin.ClickKeyword$_click_closure1.doCall(ClickKeyword.groovy:66)
	at com.kms.katalon.core.webui.keyword.builtin.ClickKeyword$_click_closure1.call(ClickKeyword.groovy)
	at com.kms.katalon.core.webui.keyword.internal.WebUIKeywordMain.runKeyword(WebUIKeywordMain.groovy:35)
	at com.kms.katalon.core.webui.keyword.builtin.ClickKeyword.click(ClickKeyword.groovy:75)
	at com.kms.katalon.core.webui.keyword.builtin.ClickKeyword.execute(ClickKeyword.groovy:40)
	at com.kms.katalon.core.keyword.internal.KeywordExecutor.executeKeywordForPlatform(KeywordExecutor.groovy:74)
	at com.kms.katalon.core.webui.keyword.WebUiBuiltInKeywords.click(WebUiBuiltInKeywords.groovy:684)
	at Script1731464206565.run(Script1731464206565.groovy:46)
	at com.kms.katalon.core.main.ScriptEngine.run(ScriptEngine.java:194)
	at com.kms.katalon.core.main.ScriptEngine.runScriptAsRawText(ScriptEngine.java:119)
	at com.kms.katalon.core.main.TestCaseExecutor.runScript(TestCaseExecutor.java:448)
	at com.kms.katalon.core.main.TestCaseExecutor.doExecute(TestCaseExecutor.java:439)
	at com.kms.katalon.core.main.TestCaseExecutor.processExecutionPhase(TestCaseExecutor.java:418)
	at com.kms.katalon.core.main.TestCaseExecutor.accessMainPhase(TestCaseExecutor.java:410)
	at com.kms.katalon.core.main.TestCaseExecutor.execute(TestCaseExecutor.java:285)
	at com.kms.katalon.core.main.TestCaseMain.runTestCase(TestCaseMain.java:133)
	at com.kms.katalon.core.keyword.builtin.CallTestCaseKeyword$_callTestCase_closure1.doCall(CallTestCaseKeyword.groovy:59)
	at com.kms.katalon.core.keyword.builtin.CallTestCaseKeyword$_callTestCase_closure1.call(CallTestCaseKeyword.groovy)
	at com.kms.katalon.core.keyword.internal.KeywordMain.runKeyword(KeywordMain.groovy:75)
	at com.kms.katalon.core.keyword.builtin.CallTestCaseKeyword.callTestCase(CallTestCaseKeyword.groovy:81)
	at com.kms.katalon.core.keyword.builtin.CallTestCaseKeyword.execute(CallTestCaseKeyword.groovy:44)
	at com.kms.katalon.core.keyword.internal.KeywordExecutor.executeKeywordForPlatform(KeywordExecutor.groovy:74)
	at com.kms.katalon.core.keyword.BuiltinKeywords.callTestCase(BuiltinKeywords.groovy:310)
	at java.base/jdk.internal.reflect.NativeMethodAccessorImpl.invoke0(Native Method)
	at java.base/jdk.internal.reflect.NativeMethodAccessorImpl.invoke(NativeMethodAccessorImpl.java:77)
	at java.base/jdk.internal.reflect.DelegatingMethodAccessorImpl.invoke(DelegatingMethodAccessorImpl.java:43)
	at Script1735746406961.run(Script1735746406961.groovy:26)
	... 15 more
)
	at com.kms.katalon.core.keyword.internal.KeywordMain.stepFailed(KeywordMain.groovy:39)
	at com.kms.katalon.core.webui.keyword.internal.WebUIKeywordMain.stepFailed(WebUIKeywordMain.groovy:117)
	at com.kms.katalon.core.webui.keyword.internal.WebUIKeywordMain.runKeyword(WebUIKeywordMain.groovy:43)
	at com.kms.katalon.core.webui.keyword.builtin.ClickKeyword.click(ClickKeyword.groovy:75)
	at com.kms.katalon.core.webui.keyword.builtin.ClickKeyword.execute(ClickKeyword.groovy:40)
	at com.kms.katalon.core.keyword.internal.KeywordExecutor.executeKeywordForPlatform(KeywordExecutor.groovy:74)
	at com.kms.katalon.core.webui.keyword.WebUiBuiltInKeywords.click(WebUiBuiltInKeywords.groovy:684)
	at Tambah Kelas.run(Tambah Kelas:46)
	at com.kms.katalon.core.main.ScriptEngine.run(ScriptEngine.java:194)
	at com.kms.katalon.core.main.ScriptEngine.runScriptAsRawText(ScriptEngine.java:119)
	at com.kms.katalon.core.main.TestCaseExecutor.runScript(TestCaseExecutor.java:448)
	at com.kms.katalon.core.main.TestCaseExecutor.doExecute(TestCaseExecutor.java:439)
	at com.kms.katalon.core.main.TestCaseExecutor.processExecutionPhase(TestCaseExecutor.java:418)
	at com.kms.katalon.core.main.TestCaseExecutor.accessMainPhase(TestCaseExecutor.java:410)
	at com.kms.katalon.core.main.TestCaseExecutor.execute(TestCaseExecutor.java:285)
	at com.kms.katalon.core.main.TestCaseMain.runTestCase(TestCaseMain.java:133)
	at com.kms.katalon.core.keyword.builtin.CallTestCaseKeyword$_callTestCase_closure1.doCall(CallTestCaseKeyword.groovy:59)
	... 25 more
Caused by: com.kms.katalon.core.exception.StepFailedException: Unable to click on object 'Object Repository/Master Data/Admin Sekolah/Tambah Kelas/Modal Tambah/Prefix/Pilih Prefix'
	... 41 more
Caused by: com.kms.katalon.core.webui.exception.WebElementNotFoundException: Web element with id: 'Object Repository/Master Data/Admin Sekolah/Tambah Kelas/Modal Tambah/Prefix/Pilih Prefix' located by '//*[@data-testid = 'paragraph' and (text() = 'RETEST' or . = 'RETEST')]' not found
	at com.kms.katalon.core.webui.common.WebUiCommonHelper.findWebElement(WebUiCommonHelper.java:1426)
	at com.kms.katalon.core.webui.keyword.internal.WebUIAbstractKeyword.findWebElement(WebUIAbstractKeyword.groovy:27)
	at com.kms.katalon.core.webui.keyword.builtin.ClickKeyword$_click_closure1.doCall(ClickKeyword.groovy:66)
	at com.kms.katalon.core.webui.keyword.builtin.ClickKeyword$_click_closure1.call(ClickKeyword.groovy)
	at com.kms.katalon.core.webui.keyword.internal.WebUIKeywordMain.runKeyword(WebUIKeywordMain.groovy:35)
	... 39 more
)

02-01-2025T15:19:32 - [TEST_STEP][PASSED] - println("============================= Loop Again ==============================="): null

02-01-2025T15:19:32 - [TEST_STEP][PASSED] - callTestCase(findTestCase("Test Cases/Master Data/Admin Sekolah/Master Data Kelas/Edit Kelas"), [:], CONTINUE_ON_FAILURE): Call Test Case 'Test Cases/Master Data/Admin Sekolah/Master Data Kelas/Edit Kelas' successfully

02-01-2025T15:19:32 - [TEST_CASE][PASSED] - Test Cases/Master Data/Admin Sekolah/Master Data Kelas/Edit Kelas: Test Cases/Master Data/Admin Sekolah/Master Data Kelas/Edit Kelas

02-01-2025T15:19:32 - [TEST_STEP][PASSED] - openBrowser("", CONTINUE_ON_FAILURE): Browser is opened with url: ''

02-01-2025T15:19:32 - [MESSAGE][INFO] - Starting 'Chrome' driver

02-01-2025T15:19:32 - [MESSAGE][INFO] - Action delay is set to 0 milliseconds

02-01-2025T15:19:32 - [MESSAGE][PASSED] - Browser is opened with url: ''

02-01-2025T15:19:32 - [TEST_STEP][PASSED] - navigateToUrl("https://school-payment.digiform.co.id/login", CONTINUE_ON_FAILURE): Navigate to 'https://school-payment.digiform.co.id/login' successfully

02-01-2025T15:19:33 - [MESSAGE][PASSED] - Navigate to 'https://school-payment.digiform.co.id/login' successfully

02-01-2025T15:19:33 - [TEST_STEP][PASSED] - click(findTestObject("Master Data/Admin Sekolah/Login/Field Email"), CONTINUE_ON_FAILURE): Object: 'Object Repository/Master Data/Admin Sekolah/Login/Field Email' is clicked on

02-01-2025T15:19:34 - [MESSAGE][PASSED] - Object: 'Object Repository/Master Data/Admin Sekolah/Login/Field Email' is clicked on

02-01-2025T15:19:34 - [TEST_STEP][PASSED] - setText(findTestObject("Master Data/Admin Sekolah/Login/Field Email"), "admin.gudangsolusi@digiform.co.id", CONTINUE_ON_FAILURE): Text 'admin.gudangsolusi@digiform.co.id' is set on object 'Object Repository/Master Data/Admin Sekolah/Login/Field Email'

02-01-2025T15:19:35 - [MESSAGE][PASSED] - Text 'admin.gudangsolusi@digiform.co.id' is set on object 'Object Repository/Master Data/Admin Sekolah/Login/Field Email'

02-01-2025T15:19:35 - [TEST_STEP][PASSED] - click(findTestObject("Master Data/Admin Sekolah/Login/Input Password"), CONTINUE_ON_FAILURE): Object: 'Object Repository/Master Data/Admin Sekolah/Login/Input Password' is clicked on

02-01-2025T15:19:35 - [MESSAGE][PASSED] - Object: 'Object Repository/Master Data/Admin Sekolah/Login/Input Password' is clicked on

02-01-2025T15:19:35 - [TEST_STEP][PASSED] - setText(findTestObject("Master Data/Admin Sekolah/Login/Input Password"), "Test1234", CONTINUE_ON_FAILURE): Text 'Test1234' is set on object 'Object Repository/Master Data/Admin Sekolah/Login/Input Password'

02-01-2025T15:19:36 - [MESSAGE][PASSED] - Text 'Test1234' is set on object 'Object Repository/Master Data/Admin Sekolah/Login/Input Password'

02-01-2025T15:19:36 - [TEST_STEP][PASSED] - click(findTestObject("Master Data/Admin Sekolah/Login/Button Submit"), CONTINUE_ON_FAILURE): Object: 'Object Repository/Master Data/Admin Sekolah/Login/Button Submit' is clicked on

02-01-2025T15:19:36 - [MESSAGE][PASSED] - Object: 'Object Repository/Master Data/Admin Sekolah/Login/Button Submit' is clicked on

02-01-2025T15:19:36 - [TEST_STEP][PASSED] - click(findTestObject("Master Data/Admin Sekolah/HomePageMenu/Sidebar Menu"), CONTINUE_ON_FAILURE): Object: 'Object Repository/Master Data/Admin Sekolah/HomePageMenu/Sidebar Menu' is clicked on

02-01-2025T15:19:37 - [MESSAGE][PASSED] - Object: 'Object Repository/Master Data/Admin Sekolah/HomePageMenu/Sidebar Menu' is clicked on

02-01-2025T15:19:37 - [TEST_STEP][PASSED] - click(findTestObject("Master Data/Admin Sekolah/HomePageMenu/Sub Menu Kelas"), CONTINUE_ON_FAILURE): Object: 'Object Repository/Master Data/Admin Sekolah/HomePageMenu/Sub Menu Kelas' is clicked on

02-01-2025T15:19:38 - [MESSAGE][PASSED] - Object: 'Object Repository/Master Data/Admin Sekolah/HomePageMenu/Sub Menu Kelas' is clicked on

02-01-2025T15:19:38 - [TEST_STEP][PASSED] - click(findTestObject("Master Data/Admin Sekolah/Edit Kelas/Edit Kelas"), CONTINUE_ON_FAILURE): Object: 'Object Repository/Master Data/Admin Sekolah/Edit Kelas/Edit Kelas' is clicked on

02-01-2025T15:19:39 - [MESSAGE][PASSED] - Object: 'Object Repository/Master Data/Admin Sekolah/Edit Kelas/Edit Kelas' is clicked on

02-01-2025T15:19:39 - [TEST_STEP][PASSED] - click(findTestObject("Master Data/Admin Sekolah/Edit Kelas/Modal Edit/Unit/Pilih Unit"), CONTINUE_ON_FAILURE): Object: 'Object Repository/Master Data/Admin Sekolah/Edit Kelas/Modal Edit/Unit/Pilih Unit' is clicked on

02-01-2025T15:19:40 - [MESSAGE][PASSED] - Object: 'Object Repository/Master Data/Admin Sekolah/Edit Kelas/Modal Edit/Unit/Pilih Unit' is clicked on

02-01-2025T15:19:40 - [TEST_STEP][PASSED] - click(findTestObject("Master Data/Admin Sekolah/Edit Kelas/Modal Edit/Unit/Klik Unit"), CONTINUE_ON_FAILURE): Object: 'Object Repository/Master Data/Admin Sekolah/Edit Kelas/Modal Edit/Unit/Klik Unit' is clicked on

02-01-2025T15:19:40 - [MESSAGE][PASSED] - Object: 'Object Repository/Master Data/Admin Sekolah/Edit Kelas/Modal Edit/Unit/Klik Unit' is clicked on

02-01-2025T15:19:40 - [TEST_STEP][PASSED] - click(findTestObject("Master Data/Admin Sekolah/Edit Kelas/Modal Edit/Suffix/Edit Suffix")): Object: 'Object Repository/Master Data/Admin Sekolah/Edit Kelas/Modal Edit/Suffix/Edit Suffix' is clicked on

02-01-2025T15:19:41 - [MESSAGE][PASSED] - Object: 'Object Repository/Master Data/Admin Sekolah/Edit Kelas/Modal Edit/Suffix/Edit Suffix' is clicked on

02-01-2025T15:19:41 - [TEST_STEP][PASSED] - suffixArray = ["Laravel Beginner Course", "Laravel Advanced Guide", "PHP Crash Course", "Mastering Laravel with PHP", "Laravel for Beginners", "Full Stack PHP Development", "Backend Laravel Pro", "Laravel 4 With PHP", "PHP Framework Essentials", "Laravel API Development"]: null

02-01-2025T15:19:41 - [TEST_STEP][PASSED] - randomSuffix = suffixArray[Random().nextInt(length)]: null

02-01-2025T15:19:41 - [TEST_STEP][PASSED] - sendKeys(findTestObject("Master Data/Admin Sekolah/Edit Kelas/Modal Edit/Suffix/Edit Suffix"), Keys.chord(CONTROL, "a"), CONTINUE_ON_FAILURE): Keys 'CONTROL + a' sent to object: 'Object Repository/Master Data/Admin Sekolah/Edit Kelas/Modal Edit/Suffix/Edit Suffix'

02-01-2025T15:19:41 - [MESSAGE][PASSED] - Keys 'CONTROL + a' sent to object: 'Object Repository/Master Data/Admin Sekolah/Edit Kelas/Modal Edit/Suffix/Edit Suffix'

02-01-2025T15:19:41 - [TEST_STEP][PASSED] - sendKeys(findTestObject("Master Data/Admin Sekolah/Edit Kelas/Modal Edit/Suffix/Edit Suffix"), Keys.chord(BACK_SPACE), CONTINUE_ON_FAILURE): Keys 'BACK_SPACE + ' sent to object: 'Object Repository/Master Data/Admin Sekolah/Edit Kelas/Modal Edit/Suffix/Edit Suffix'

02-01-2025T15:19:41 - [MESSAGE][PASSED] - Keys 'BACK_SPACE + ' sent to object: 'Object Repository/Master Data/Admin Sekolah/Edit Kelas/Modal Edit/Suffix/Edit Suffix'

02-01-2025T15:19:41 - [TEST_STEP][PASSED] - delay(1): Delayed 1 second(s)

02-01-2025T15:19:42 - [MESSAGE][PASSED] - Delayed 1 second(s)

02-01-2025T15:19:42 - [TEST_STEP][PASSED] - setText(findTestObject("Master Data/Admin Sekolah/Edit Kelas/Modal Edit/Suffix/Edit Suffix"), randomSuffix, CONTINUE_ON_FAILURE): Text 'Laravel Advanced Guide' is set on object 'Object Repository/Master Data/Admin Sekolah/Edit Kelas/Modal Edit/Suffix/Edit Suffix'

02-01-2025T15:19:43 - [MESSAGE][PASSED] - Text 'Laravel Advanced Guide' is set on object 'Object Repository/Master Data/Admin Sekolah/Edit Kelas/Modal Edit/Suffix/Edit Suffix'

02-01-2025T15:19:43 - [TEST_STEP][PASSED] - click(findTestObject("Master Data/Admin Sekolah/Edit Kelas/Modal Edit/Simpan/Simpan Perubahan"), CONTINUE_ON_FAILURE): Object: 'Object Repository/Master Data/Admin Sekolah/Edit Kelas/Modal Edit/Simpan/Simpan Perubahan' is clicked on

02-01-2025T15:19:43 - [MESSAGE][PASSED] - Object: 'Object Repository/Master Data/Admin Sekolah/Edit Kelas/Modal Edit/Simpan/Simpan Perubahan' is clicked on

02-01-2025T15:19:43 - [TEST_STEP][PASSED] - closeBrowser(CONTINUE_ON_FAILURE): Browser is closed

02-01-2025T15:19:43 - [MESSAGE][PASSED] - Browser is closed

02-01-2025T15:19:43 - [MESSAGE][PASSED] - Call Test Case 'Test Cases/Master Data/Admin Sekolah/Master Data Kelas/Edit Kelas' successfully

02-01-2025T15:19:43 - [TEST_STEP][FAILED] - callTestCase(findTestCase("Test Cases/Master Data/Admin Sekolah/Master Data Kelas/Tambah Kelas"), [:], CONTINUE_ON_FAILURE): Unable to call Test Case 'Test Cases/Master Data/Admin Sekolah/Master Data Kelas/Tambah Kelas' (Root cause: com.kms.katalon.core.exception.StepFailedException: Call Test Case 'Test Cases/Master Data/Admin Sekolah/Master Data Kelas/Tambah Kelas' failed
	at com.kms.katalon.core.keyword.builtin.CallTestCaseKeyword$_callTestCase_closure1.doCall(CallTestCaseKeyword.groovy:63)
	at com.kms.katalon.core.keyword.builtin.CallTestCaseKeyword$_callTestCase_closure1.call(CallTestCaseKeyword.groovy)
	at com.kms.katalon.core.keyword.internal.KeywordMain.runKeyword(KeywordMain.groovy:75)
	at com.kms.katalon.core.keyword.builtin.CallTestCaseKeyword.callTestCase(CallTestCaseKeyword.groovy:81)
	at com.kms.katalon.core.keyword.builtin.CallTestCaseKeyword.execute(CallTestCaseKeyword.groovy:44)
	at com.kms.katalon.core.keyword.internal.KeywordExecutor.executeKeywordForPlatform(KeywordExecutor.groovy:74)
	at com.kms.katalon.core.keyword.BuiltinKeywords.callTestCase(BuiltinKeywords.groovy:310)
	at java.base/jdk.internal.reflect.NativeMethodAccessorImpl.invoke0(Native Method)
	at java.base/jdk.internal.reflect.NativeMethodAccessorImpl.invoke(NativeMethodAccessorImpl.java:77)
	at java.base/jdk.internal.reflect.DelegatingMethodAccessorImpl.invoke(DelegatingMethodAccessorImpl.java:43)
	at Regresi Kelas.run(Regresi Kelas:26)
	at com.kms.katalon.core.main.ScriptEngine.run(ScriptEngine.java:194)
	at com.kms.katalon.core.main.ScriptEngine.runScriptAsRawText(ScriptEngine.java:119)
	at com.kms.katalon.core.main.TestCaseExecutor.runScript(TestCaseExecutor.java:448)
	at com.kms.katalon.core.main.TestCaseExecutor.doExecute(TestCaseExecutor.java:439)
	at com.kms.katalon.core.main.TestCaseExecutor.processExecutionPhase(TestCaseExecutor.java:418)
	at com.kms.katalon.core.main.TestCaseExecutor.accessMainPhase(TestCaseExecutor.java:410)
	at com.kms.katalon.core.main.TestCaseExecutor.execute(TestCaseExecutor.java:285)
	at com.kms.katalon.core.common.CommonExecutor.accessTestCaseMainPhase(CommonExecutor.java:65)
	at com.kms.katalon.core.main.TestSuiteExecutor.accessTestSuiteMainPhase(TestSuiteExecutor.java:161)
	at com.kms.katalon.core.main.TestSuiteExecutor.execute(TestSuiteExecutor.java:107)
	at com.kms.katalon.core.main.TestCaseMain.startTestSuite(TestCaseMain.java:176)
	at TempTestSuite1735805561810.run(TempTestSuite1735805561810.groovy:35)
	at java.base/jdk.internal.reflect.NativeMethodAccessorImpl.invoke0(Native Method)
	at java.base/jdk.internal.reflect.NativeMethodAccessorImpl.invoke(NativeMethodAccessorImpl.java:77)
	at java.base/jdk.internal.reflect.DelegatingMethodAccessorImpl.invoke(DelegatingMethodAccessorImpl.java:43)
Caused by: com.kms.katalon.core.exception.StepFailedException: Unable to click on object 'Object Repository/Master Data/Admin Sekolah/Tambah Kelas/Modal Tambah/Prefix/Pilih Prefix' (Root cause: com.kms.katalon.core.exception.StepFailedException: Unable to click on object 'Object Repository/Master Data/Admin Sekolah/Tambah Kelas/Modal Tambah/Prefix/Pilih Prefix'
	at com.kms.katalon.core.webui.keyword.internal.WebUIKeywordMain.stepFailed(WebUIKeywordMain.groovy:117)
	at com.kms.katalon.core.webui.keyword.internal.WebUIKeywordMain.runKeyword(WebUIKeywordMain.groovy:43)
	at com.kms.katalon.core.webui.keyword.builtin.ClickKeyword.click(ClickKeyword.groovy:75)
	at com.kms.katalon.core.webui.keyword.builtin.ClickKeyword.execute(ClickKeyword.groovy:40)
	at com.kms.katalon.core.keyword.internal.KeywordExecutor.executeKeywordForPlatform(KeywordExecutor.groovy:74)
	at com.kms.katalon.core.webui.keyword.WebUiBuiltInKeywords.click(WebUiBuiltInKeywords.groovy:684)
	at Tambah Kelas.run(Tambah Kelas:46)
	at com.kms.katalon.core.main.ScriptEngine.run(ScriptEngine.java:194)
	at com.kms.katalon.core.main.ScriptEngine.runScriptAsRawText(ScriptEngine.java:119)
	at com.kms.katalon.core.main.TestCaseExecutor.runScript(TestCaseExecutor.java:448)
	at com.kms.katalon.core.main.TestCaseExecutor.doExecute(TestCaseExecutor.java:439)
	at com.kms.katalon.core.main.TestCaseExecutor.processExecutionPhase(TestCaseExecutor.java:418)
	at com.kms.katalon.core.main.TestCaseExecutor.accessMainPhase(TestCaseExecutor.java:410)
	at com.kms.katalon.core.main.TestCaseExecutor.execute(TestCaseExecutor.java:285)
	at com.kms.katalon.core.main.TestCaseMain.runTestCase(TestCaseMain.java:133)
	at com.kms.katalon.core.keyword.builtin.CallTestCaseKeyword$_callTestCase_closure1.doCall(CallTestCaseKeyword.groovy:59)
	at com.kms.katalon.core.keyword.builtin.CallTestCaseKeyword$_callTestCase_closure1.call(CallTestCaseKeyword.groovy)
	at com.kms.katalon.core.keyword.internal.KeywordMain.runKeyword(KeywordMain.groovy:75)
	at com.kms.katalon.core.keyword.builtin.CallTestCaseKeyword.callTestCase(CallTestCaseKeyword.groovy:81)
	at com.kms.katalon.core.keyword.builtin.CallTestCaseKeyword.execute(CallTestCaseKeyword.groovy:44)
	at com.kms.katalon.core.keyword.internal.KeywordExecutor.executeKeywordForPlatform(KeywordExecutor.groovy:74)
	at com.kms.katalon.core.keyword.BuiltinKeywords.callTestCase(BuiltinKeywords.groovy:310)
	at java.base/jdk.internal.reflect.NativeMethodAccessorImpl.invoke0(Native Method)
	at java.base/jdk.internal.reflect.NativeMethodAccessorImpl.invoke(NativeMethodAccessorImpl.java:77)
	at java.base/jdk.internal.reflect.DelegatingMethodAccessorImpl.invoke(DelegatingMethodAccessorImpl.java:43)
	at Regresi Kelas.run(Regresi Kelas:26)
	at com.kms.katalon.core.main.ScriptEngine.run(ScriptEngine.java:194)
	at com.kms.katalon.core.main.ScriptEngine.runScriptAsRawText(ScriptEngine.java:119)
	at com.kms.katalon.core.main.TestCaseExecutor.runScript(TestCaseExecutor.java:448)
	at com.kms.katalon.core.main.TestCaseExecutor.doExecute(TestCaseExecutor.java:439)
	at com.kms.katalon.core.main.TestCaseExecutor.processExecutionPhase(TestCaseExecutor.java:418)
	at com.kms.katalon.core.main.TestCaseExecutor.accessMainPhase(TestCaseExecutor.java:410)
	at com.kms.katalon.core.main.TestCaseExecutor.execute(TestCaseExecutor.java:285)
	at com.kms.katalon.core.common.CommonExecutor.accessTestCaseMainPhase(CommonExecutor.java:65)
	at com.kms.katalon.core.main.TestSuiteExecutor.accessTestSuiteMainPhase(TestSuiteExecutor.java:161)
	at com.kms.katalon.core.main.TestSuiteExecutor.execute(TestSuiteExecutor.java:107)
	at com.kms.katalon.core.main.TestCaseMain.startTestSuite(TestCaseMain.java:176)
	at TempTestSuite1735805561810.run(TempTestSuite1735805561810.groovy:35)
	at java.base/jdk.internal.reflect.NativeMethodAccessorImpl.invoke0(Native Method)
	at java.base/jdk.internal.reflect.NativeMethodAccessorImpl.invoke(NativeMethodAccessorImpl.java:77)
	at java.base/jdk.internal.reflect.DelegatingMethodAccessorImpl.invoke(DelegatingMethodAccessorImpl.java:43)
Caused by: com.kms.katalon.core.webui.exception.WebElementNotFoundException: Web element with id: 'Object Repository/Master Data/Admin Sekolah/Tambah Kelas/Modal Tambah/Prefix/Pilih Prefix' located by '//*[@data-testid = 'paragraph' and (text() = 'RETEST' or . = 'RETEST')]' not found
	at com.kms.katalon.core.webui.common.WebUiCommonHelper.findWebElement(WebUiCommonHelper.java:1426)
	at com.kms.katalon.core.webui.keyword.internal.WebUIAbstractKeyword.findWebElement(WebUIAbstractKeyword.groovy:27)
	at com.kms.katalon.core.webui.keyword.builtin.ClickKeyword$_click_closure1.doCall(ClickKeyword.groovy:66)
	at com.kms.katalon.core.webui.keyword.builtin.ClickKeyword$_click_closure1.call(ClickKeyword.groovy)
	at com.kms.katalon.core.webui.keyword.internal.WebUIKeywordMain.runKeyword(WebUIKeywordMain.groovy:35)
	at com.kms.katalon.core.webui.keyword.builtin.ClickKeyword.click(ClickKeyword.groovy:75)
	at com.kms.katalon.core.webui.keyword.builtin.ClickKeyword.execute(ClickKeyword.groovy:40)
	at com.kms.katalon.core.keyword.internal.KeywordExecutor.executeKeywordForPlatform(KeywordExecutor.groovy:74)
	at com.kms.katalon.core.webui.keyword.WebUiBuiltInKeywords.click(WebUiBuiltInKeywords.groovy:684)
	at Script1731464206565.run(Script1731464206565.groovy:46)
	at com.kms.katalon.core.main.ScriptEngine.run(ScriptEngine.java:194)
	at com.kms.katalon.core.main.ScriptEngine.runScriptAsRawText(ScriptEngine.java:119)
	at com.kms.katalon.core.main.TestCaseExecutor.runScript(TestCaseExecutor.java:448)
	at com.kms.katalon.core.main.TestCaseExecutor.doExecute(TestCaseExecutor.java:439)
	at com.kms.katalon.core.main.TestCaseExecutor.processExecutionPhase(TestCaseExecutor.java:418)
	at com.kms.katalon.core.main.TestCaseExecutor.accessMainPhase(TestCaseExecutor.java:410)
	at com.kms.katalon.core.main.TestCaseExecutor.execute(TestCaseExecutor.java:285)
	at com.kms.katalon.core.main.TestCaseMain.runTestCase(TestCaseMain.java:133)
	at com.kms.katalon.core.keyword.builtin.CallTestCaseKeyword$_callTestCase_closure1.doCall(CallTestCaseKeyword.groovy:59)
	at com.kms.katalon.core.keyword.builtin.CallTestCaseKeyword$_callTestCase_closure1.call(CallTestCaseKeyword.groovy)
	at com.kms.katalon.core.keyword.internal.KeywordMain.runKeyword(KeywordMain.groovy:75)
	at com.kms.katalon.core.keyword.builtin.CallTestCaseKeyword.callTestCase(CallTestCaseKeyword.groovy:81)
	at com.kms.katalon.core.keyword.builtin.CallTestCaseKeyword.execute(CallTestCaseKeyword.groovy:44)
	at com.kms.katalon.core.keyword.internal.KeywordExecutor.executeKeywordForPlatform(KeywordExecutor.groovy:74)
	at com.kms.katalon.core.keyword.BuiltinKeywords.callTestCase(BuiltinKeywords.groovy:310)
	at java.base/jdk.internal.reflect.NativeMethodAccessorImpl.invoke0(Native Method)
	at java.base/jdk.internal.reflect.NativeMethodAccessorImpl.invoke(NativeMethodAccessorImpl.java:77)
	at java.base/jdk.internal.reflect.DelegatingMethodAccessorImpl.invoke(DelegatingMethodAccessorImpl.java:43)
	at Script1735746406961.run(Script1735746406961.groovy:26)
	... 15 more
)
	at com.kms.katalon.core.keyword.internal.KeywordMain.stepFailed(KeywordMain.groovy:39)
	at com.kms.katalon.core.webui.keyword.internal.WebUIKeywordMain.stepFailed(WebUIKeywordMain.groovy:117)
	at com.kms.katalon.core.webui.keyword.internal.WebUIKeywordMain.runKeyword(WebUIKeywordMain.groovy:43)
	at com.kms.katalon.core.webui.keyword.builtin.ClickKeyword.click(ClickKeyword.groovy:75)
	at com.kms.katalon.core.webui.keyword.builtin.ClickKeyword.execute(ClickKeyword.groovy:40)
	at com.kms.katalon.core.keyword.internal.KeywordExecutor.executeKeywordForPlatform(KeywordExecutor.groovy:74)
	at com.kms.katalon.core.webui.keyword.WebUiBuiltInKeywords.click(WebUiBuiltInKeywords.groovy:684)
	at Tambah Kelas.run(Tambah Kelas:46)
	at com.kms.katalon.core.main.ScriptEngine.run(ScriptEngine.java:194)
	at com.kms.katalon.core.main.ScriptEngine.runScriptAsRawText(ScriptEngine.java:119)
	at com.kms.katalon.core.main.TestCaseExecutor.runScript(TestCaseExecutor.java:448)
	at com.kms.katalon.core.main.TestCaseExecutor.doExecute(TestCaseExecutor.java:439)
	at com.kms.katalon.core.main.TestCaseExecutor.processExecutionPhase(TestCaseExecutor.java:418)
	at com.kms.katalon.core.main.TestCaseExecutor.accessMainPhase(TestCaseExecutor.java:410)
	at com.kms.katalon.core.main.TestCaseExecutor.execute(TestCaseExecutor.java:285)
	at com.kms.katalon.core.main.TestCaseMain.runTestCase(TestCaseMain.java:133)
	at com.kms.katalon.core.keyword.builtin.CallTestCaseKeyword$_callTestCase_closure1.doCall(CallTestCaseKeyword.groovy:59)
	... 25 more
Caused by: com.kms.katalon.core.exception.StepFailedException: Unable to click on object 'Object Repository/Master Data/Admin Sekolah/Tambah Kelas/Modal Tambah/Prefix/Pilih Prefix'
	... 41 more
Caused by: com.kms.katalon.core.webui.exception.WebElementNotFoundException: Web element with id: 'Object Repository/Master Data/Admin Sekolah/Tambah Kelas/Modal Tambah/Prefix/Pilih Prefix' located by '//*[@data-testid = 'paragraph' and (text() = 'RETEST' or . = 'RETEST')]' not found
	at com.kms.katalon.core.webui.common.WebUiCommonHelper.findWebElement(WebUiCommonHelper.java:1426)
	at com.kms.katalon.core.webui.keyword.internal.WebUIAbstractKeyword.findWebElement(WebUIAbstractKeyword.groovy:27)
	at com.kms.katalon.core.webui.keyword.builtin.ClickKeyword$_click_closure1.doCall(ClickKeyword.groovy:66)
	at com.kms.katalon.core.webui.keyword.builtin.ClickKeyword$_click_closure1.call(ClickKeyword.groovy)
	at com.kms.katalon.core.webui.keyword.internal.WebUIKeywordMain.runKeyword(WebUIKeywordMain.groovy:35)
	... 39 more
)

02-01-2025T15:19:43 - [TEST_CASE][FAILED] - Test Cases/Master Data/Admin Sekolah/Master Data Kelas/Tambah Kelas: Test Cases/Master Data/Admin Sekolah/Master Data Kelas/Tambah Kelas FAILED.
Reason:
com.kms.katalon.core.exception.StepFailedException: Unable to click on object 'Object Repository/Master Data/Admin Sekolah/Tambah Kelas/Modal Tambah/Prefix/Pilih Prefix' (Root cause: com.kms.katalon.core.exception.StepFailedException: Unable to click on object 'Object Repository/Master Data/Admin Sekolah/Tambah Kelas/Modal Tambah/Prefix/Pilih Prefix'
	at com.kms.katalon.core.webui.keyword.internal.WebUIKeywordMain.stepFailed(WebUIKeywordMain.groovy:117)
	at com.kms.katalon.core.webui.keyword.internal.WebUIKeywordMain.runKeyword(WebUIKeywordMain.groovy:43)
	at com.kms.katalon.core.webui.keyword.builtin.ClickKeyword.click(ClickKeyword.groovy:75)
	at com.kms.katalon.core.webui.keyword.builtin.ClickKeyword.execute(ClickKeyword.groovy:40)
	at com.kms.katalon.core.keyword.internal.KeywordExecutor.executeKeywordForPlatform(KeywordExecutor.groovy:74)
	at com.kms.katalon.core.webui.keyword.WebUiBuiltInKeywords.click(WebUiBuiltInKeywords.groovy:684)
	at Tambah Kelas.run(Tambah Kelas:46)
	at com.kms.katalon.core.main.ScriptEngine.run(ScriptEngine.java:194)
	at com.kms.katalon.core.main.ScriptEngine.runScriptAsRawText(ScriptEngine.java:119)
	at com.kms.katalon.core.main.TestCaseExecutor.runScript(TestCaseExecutor.java:448)
	at com.kms.katalon.core.main.TestCaseExecutor.doExecute(TestCaseExecutor.java:439)
	at com.kms.katalon.core.main.TestCaseExecutor.processExecutionPhase(TestCaseExecutor.java:418)
	at com.kms.katalon.core.main.TestCaseExecutor.accessMainPhase(TestCaseExecutor.java:410)
	at com.kms.katalon.core.main.TestCaseExecutor.execute(TestCaseExecutor.java:285)
	at com.kms.katalon.core.main.TestCaseMain.runTestCase(TestCaseMain.java:133)
	at com.kms.katalon.core.keyword.builtin.CallTestCaseKeyword$_callTestCase_closure1.doCall(CallTestCaseKeyword.groovy:59)
	at com.kms.katalon.core.keyword.builtin.CallTestCaseKeyword$_callTestCase_closure1.call(CallTestCaseKeyword.groovy)
	at com.kms.katalon.core.keyword.internal.KeywordMain.runKeyword(KeywordMain.groovy:75)
	at com.kms.katalon.core.keyword.builtin.CallTestCaseKeyword.callTestCase(CallTestCaseKeyword.groovy:81)
	at com.kms.katalon.core.keyword.builtin.CallTestCaseKeyword.execute(CallTestCaseKeyword.groovy:44)
	at com.kms.katalon.core.keyword.internal.KeywordExecutor.executeKeywordForPlatform(KeywordExecutor.groovy:74)
	at com.kms.katalon.core.keyword.BuiltinKeywords.callTestCase(BuiltinKeywords.groovy:310)
	at java.base/jdk.internal.reflect.NativeMethodAccessorImpl.invoke0(Native Method)
	at java.base/jdk.internal.reflect.NativeMethodAccessorImpl.invoke(NativeMethodAccessorImpl.java:77)
	at java.base/jdk.internal.reflect.DelegatingMethodAccessorImpl.invoke(DelegatingMethodAccessorImpl.java:43)
	at Regresi Kelas.run(Regresi Kelas:26)
	at com.kms.katalon.core.main.ScriptEngine.run(ScriptEngine.java:194)
	at com.kms.katalon.core.main.ScriptEngine.runScriptAsRawText(ScriptEngine.java:119)
	at com.kms.katalon.core.main.TestCaseExecutor.runScript(TestCaseExecutor.java:448)
	at com.kms.katalon.core.main.TestCaseExecutor.doExecute(TestCaseExecutor.java:439)
	at com.kms.katalon.core.main.TestCaseExecutor.processExecutionPhase(TestCaseExecutor.java:418)
	at com.kms.katalon.core.main.TestCaseExecutor.accessMainPhase(TestCaseExecutor.java:410)
	at com.kms.katalon.core.main.TestCaseExecutor.execute(TestCaseExecutor.java:285)
	at com.kms.katalon.core.common.CommonExecutor.accessTestCaseMainPhase(CommonExecutor.java:65)
	at com.kms.katalon.core.main.TestSuiteExecutor.accessTestSuiteMainPhase(TestSuiteExecutor.java:161)
	at com.kms.katalon.core.main.TestSuiteExecutor.execute(TestSuiteExecutor.java:107)
	at com.kms.katalon.core.main.TestCaseMain.startTestSuite(TestCaseMain.java:176)
	at TempTestSuite1735805561810.run(TempTestSuite1735805561810.groovy:35)
	at java.base/jdk.internal.reflect.NativeMethodAccessorImpl.invoke0(Native Method)
	at java.base/jdk.internal.reflect.NativeMethodAccessorImpl.invoke(NativeMethodAccessorImpl.java:77)
	at java.base/jdk.internal.reflect.DelegatingMethodAccessorImpl.invoke(DelegatingMethodAccessorImpl.java:43)
Caused by: com.kms.katalon.core.webui.exception.WebElementNotFoundException: Web element with id: 'Object Repository/Master Data/Admin Sekolah/Tambah Kelas/Modal Tambah/Prefix/Pilih Prefix' located by '//*[@data-testid = 'paragraph' and (text() = 'RETEST' or . = 'RETEST')]' not found
	at com.kms.katalon.core.webui.common.WebUiCommonHelper.findWebElement(WebUiCommonHelper.java:1426)
	at com.kms.katalon.core.webui.keyword.internal.WebUIAbstractKeyword.findWebElement(WebUIAbstractKeyword.groovy:27)
	at com.kms.katalon.core.webui.keyword.builtin.ClickKeyword$_click_closure1.doCall(ClickKeyword.groovy:66)
	at com.kms.katalon.core.webui.keyword.builtin.ClickKeyword$_click_closure1.call(ClickKeyword.groovy)
	at com.kms.katalon.core.webui.keyword.internal.WebUIKeywordMain.runKeyword(WebUIKeywordMain.groovy:35)
	at com.kms.katalon.core.webui.keyword.builtin.ClickKeyword.click(ClickKeyword.groovy:75)
	at com.kms.katalon.core.webui.keyword.builtin.ClickKeyword.execute(ClickKeyword.groovy:40)
	at com.kms.katalon.core.keyword.internal.KeywordExecutor.executeKeywordForPlatform(KeywordExecutor.groovy:74)
	at com.kms.katalon.core.webui.keyword.WebUiBuiltInKeywords.click(WebUiBuiltInKeywords.groovy:684)
	at Script1731464206565.run(Script1731464206565.groovy:46)
	at com.kms.katalon.core.main.ScriptEngine.run(ScriptEngine.java:194)
	at com.kms.katalon.core.main.ScriptEngine.runScriptAsRawText(ScriptEngine.java:119)
	at com.kms.katalon.core.main.TestCaseExecutor.runScript(TestCaseExecutor.java:448)
	at com.kms.katalon.core.main.TestCaseExecutor.doExecute(TestCaseExecutor.java:439)
	at com.kms.katalon.core.main.TestCaseExecutor.processExecutionPhase(TestCaseExecutor.java:418)
	at com.kms.katalon.core.main.TestCaseExecutor.accessMainPhase(TestCaseExecutor.java:410)
	at com.kms.katalon.core.main.TestCaseExecutor.execute(TestCaseExecutor.java:285)
	at com.kms.katalon.core.main.TestCaseMain.runTestCase(TestCaseMain.java:133)
	at com.kms.katalon.core.keyword.builtin.CallTestCaseKeyword$_callTestCase_closure1.doCall(CallTestCaseKeyword.groovy:59)
	at com.kms.katalon.core.keyword.builtin.CallTestCaseKeyword$_callTestCase_closure1.call(CallTestCaseKeyword.groovy)
	at com.kms.katalon.core.keyword.internal.KeywordMain.runKeyword(KeywordMain.groovy:75)
	at com.kms.katalon.core.keyword.builtin.CallTestCaseKeyword.callTestCase(CallTestCaseKeyword.groovy:81)
	at com.kms.katalon.core.keyword.builtin.CallTestCaseKeyword.execute(CallTestCaseKeyword.groovy:44)
	at com.kms.katalon.core.keyword.internal.KeywordExecutor.executeKeywordForPlatform(KeywordExecutor.groovy:74)
	at com.kms.katalon.core.keyword.BuiltinKeywords.callTestCase(BuiltinKeywords.groovy:310)
	at java.base/jdk.internal.reflect.NativeMethodAccessorImpl.invoke0(Native Method)
	at java.base/jdk.internal.reflect.NativeMethodAccessorImpl.invoke(NativeMethodAccessorImpl.java:77)
	at java.base/jdk.internal.reflect.DelegatingMethodAccessorImpl.invoke(DelegatingMethodAccessorImpl.java:43)
	at Script1735746406961.run(Script1735746406961.groovy:26)
	... 15 more
)
	at com.kms.katalon.core.keyword.internal.KeywordMain.stepFailed(KeywordMain.groovy:39)
	at com.kms.katalon.core.webui.keyword.internal.WebUIKeywordMain.stepFailed(WebUIKeywordMain.groovy:117)
	at com.kms.katalon.core.webui.keyword.internal.WebUIKeywordMain.runKeyword(WebUIKeywordMain.groovy:43)
	at com.kms.katalon.core.webui.keyword.builtin.ClickKeyword.click(ClickKeyword.groovy:75)
	at com.kms.katalon.core.webui.keyword.builtin.ClickKeyword.execute(ClickKeyword.groovy:40)
	at com.kms.katalon.core.keyword.internal.KeywordExecutor.executeKeywordForPlatform(KeywordExecutor.groovy:74)
	at com.kms.katalon.core.webui.keyword.WebUiBuiltInKeywords.click(WebUiBuiltInKeywords.groovy:684)
	at Tambah Kelas.run(Tambah Kelas:46)
	at com.kms.katalon.core.main.ScriptEngine.run(ScriptEngine.java:194)
	at com.kms.katalon.core.main.ScriptEngine.runScriptAsRawText(ScriptEngine.java:119)
	at com.kms.katalon.core.main.TestCaseExecutor.runScript(TestCaseExecutor.java:448)
	at com.kms.katalon.core.main.TestCaseExecutor.doExecute(TestCaseExecutor.java:439)
	at com.kms.katalon.core.main.TestCaseExecutor.processExecutionPhase(TestCaseExecutor.java:418)
	at com.kms.katalon.core.main.TestCaseExecutor.accessMainPhase(TestCaseExecutor.java:410)
	at com.kms.katalon.core.main.TestCaseExecutor.execute(TestCaseExecutor.java:285)
	at com.kms.katalon.core.main.TestCaseMain.runTestCase(TestCaseMain.java:133)
	at com.kms.katalon.core.keyword.builtin.CallTestCaseKeyword$_callTestCase_closure1.doCall(CallTestCaseKeyword.groovy:59)
	at com.kms.katalon.core.keyword.builtin.CallTestCaseKeyword$_callTestCase_closure1.call(CallTestCaseKeyword.groovy)
	at com.kms.katalon.core.keyword.internal.KeywordMain.runKeyword(KeywordMain.groovy:75)
	at com.kms.katalon.core.keyword.builtin.CallTestCaseKeyword.callTestCase(CallTestCaseKeyword.groovy:81)
	at com.kms.katalon.core.keyword.builtin.CallTestCaseKeyword.execute(CallTestCaseKeyword.groovy:44)
	at com.kms.katalon.core.keyword.internal.KeywordExecutor.executeKeywordForPlatform(KeywordExecutor.groovy:74)
	at com.kms.katalon.core.keyword.BuiltinKeywords.callTestCase(BuiltinKeywords.groovy:310)
	at java.base/jdk.internal.reflect.NativeMethodAccessorImpl.invoke0(Native Method)
	at java.base/jdk.internal.reflect.NativeMethodAccessorImpl.invoke(NativeMethodAccessorImpl.java:77)
	at java.base/jdk.internal.reflect.DelegatingMethodAccessorImpl.invoke(DelegatingMethodAccessorImpl.java:43)
	at Regresi Kelas.run(Regresi Kelas:26)
	at com.kms.katalon.core.main.ScriptEngine.run(ScriptEngine.java:194)
	at com.kms.katalon.core.main.ScriptEngine.runScriptAsRawText(ScriptEngine.java:119)
	at com.kms.katalon.core.main.TestCaseExecutor.runScript(TestCaseExecutor.java:448)
	at com.kms.katalon.core.main.TestCaseExecutor.doExecute(TestCaseExecutor.java:439)
	at com.kms.katalon.core.main.TestCaseExecutor.processExecutionPhase(TestCaseExecutor.java:418)
	at com.kms.katalon.core.main.TestCaseExecutor.accessMainPhase(TestCaseExecutor.java:410)
	at com.kms.katalon.core.main.TestCaseExecutor.execute(TestCaseExecutor.java:285)
	at com.kms.katalon.core.common.CommonExecutor.accessTestCaseMainPhase(CommonExecutor.java:65)
	at com.kms.katalon.core.main.TestSuiteExecutor.accessTestSuiteMainPhase(TestSuiteExecutor.java:161)
	at com.kms.katalon.core.main.TestSuiteExecutor.execute(TestSuiteExecutor.java:107)
	at com.kms.katalon.core.main.TestCaseMain.startTestSuite(TestCaseMain.java:176)
	at TempTestSuite1735805561810.run(TempTestSuite1735805561810.groovy:35)
	at java.base/jdk.internal.reflect.NativeMethodAccessorImpl.invoke0(Native Method)
	at java.base/jdk.internal.reflect.NativeMethodAccessorImpl.invoke(NativeMethodAccessorImpl.java:77)
	at java.base/jdk.internal.reflect.DelegatingMethodAccessorImpl.invoke(DelegatingMethodAccessorImpl.java:43)
Caused by: com.kms.katalon.core.exception.StepFailedException: Unable to click on object 'Object Repository/Master Data/Admin Sekolah/Tambah Kelas/Modal Tambah/Prefix/Pilih Prefix'
	... 41 more
Caused by: com.kms.katalon.core.webui.exception.WebElementNotFoundException: Web element with id: 'Object Repository/Master Data/Admin Sekolah/Tambah Kelas/Modal Tambah/Prefix/Pilih Prefix' located by '//*[@data-testid = 'paragraph' and (text() = 'RETEST' or . = 'RETEST')]' not found
	at com.kms.katalon.core.webui.common.WebUiCommonHelper.findWebElement(WebUiCommonHelper.java:1426)
	at com.kms.katalon.core.webui.keyword.internal.WebUIAbstractKeyword.findWebElement(WebUIAbstractKeyword.groovy:27)
	at com.kms.katalon.core.webui.keyword.builtin.ClickKeyword$_click_closure1.doCall(ClickKeyword.groovy:66)
	at com.kms.katalon.core.webui.keyword.builtin.ClickKeyword$_click_closure1.call(ClickKeyword.groovy)
	at com.kms.katalon.core.webui.keyword.internal.WebUIKeywordMain.runKeyword(WebUIKeywordMain.groovy:35)
	... 39 more


02-01-2025T15:19:43 - [TEST_STEP][PASSED] - openBrowser("", CONTINUE_ON_FAILURE): Browser is opened with url: ''

02-01-2025T15:19:43 - [MESSAGE][INFO] - Starting 'Chrome' driver

02-01-2025T15:19:43 - [MESSAGE][INFO] - Action delay is set to 0 milliseconds

02-01-2025T15:19:44 - [MESSAGE][PASSED] - Browser is opened with url: ''

02-01-2025T15:19:44 - [TEST_STEP][PASSED] - navigateToUrl("https://school-payment.digiform.co.id/login"): Navigate to 'https://school-payment.digiform.co.id/login' successfully

02-01-2025T15:19:44 - [MESSAGE][PASSED] - Navigate to 'https://school-payment.digiform.co.id/login' successfully

02-01-2025T15:19:44 - [TEST_STEP][PASSED] - click(findTestObject("Master Data/Admin Sekolah/Login/Field Email"), CONTINUE_ON_FAILURE): Object: 'Object Repository/Master Data/Admin Sekolah/Login/Field Email' is clicked on

02-01-2025T15:19:46 - [MESSAGE][PASSED] - Object: 'Object Repository/Master Data/Admin Sekolah/Login/Field Email' is clicked on

02-01-2025T15:19:46 - [TEST_STEP][PASSED] - setText(findTestObject("Master Data/Admin Sekolah/Login/Field Email"), "admin.gudangsolusi@digiform.co.id", CONTINUE_ON_FAILURE): Text 'admin.gudangsolusi@digiform.co.id' is set on object 'Object Repository/Master Data/Admin Sekolah/Login/Field Email'

02-01-2025T15:19:47 - [MESSAGE][PASSED] - Text 'admin.gudangsolusi@digiform.co.id' is set on object 'Object Repository/Master Data/Admin Sekolah/Login/Field Email'

02-01-2025T15:19:47 - [TEST_STEP][PASSED] - click(findTestObject("Master Data/Admin Sekolah/Login/Input Password"), CONTINUE_ON_FAILURE): Object: 'Object Repository/Master Data/Admin Sekolah/Login/Input Password' is clicked on

02-01-2025T15:19:47 - [MESSAGE][PASSED] - Object: 'Object Repository/Master Data/Admin Sekolah/Login/Input Password' is clicked on

02-01-2025T15:19:47 - [TEST_STEP][PASSED] - setText(findTestObject("Master Data/Admin Sekolah/Login/Input Password"), "Test1234", CONTINUE_ON_FAILURE): Text 'Test1234' is set on object 'Object Repository/Master Data/Admin Sekolah/Login/Input Password'

02-01-2025T15:19:47 - [MESSAGE][PASSED] - Text 'Test1234' is set on object 'Object Repository/Master Data/Admin Sekolah/Login/Input Password'

02-01-2025T15:19:47 - [TEST_STEP][PASSED] - click(findTestObject("Master Data/Admin Sekolah/Login/Button Submit"), CONTINUE_ON_FAILURE): Object: 'Object Repository/Master Data/Admin Sekolah/Login/Button Submit' is clicked on

02-01-2025T15:19:48 - [MESSAGE][PASSED] - Object: 'Object Repository/Master Data/Admin Sekolah/Login/Button Submit' is clicked on

02-01-2025T15:19:48 - [TEST_STEP][PASSED] - click(findTestObject("Master Data/Admin Sekolah/HomePageMenu/Sidebar Menu"), CONTINUE_ON_FAILURE): Object: 'Object Repository/Master Data/Admin Sekolah/HomePageMenu/Sidebar Menu' is clicked on

02-01-2025T15:19:49 - [MESSAGE][PASSED] - Object: 'Object Repository/Master Data/Admin Sekolah/HomePageMenu/Sidebar Menu' is clicked on

02-01-2025T15:19:49 - [TEST_STEP][PASSED] - click(findTestObject("Master Data/Admin Sekolah/HomePageMenu/Sub Menu Kelas"), CONTINUE_ON_FAILURE): Object: 'Object Repository/Master Data/Admin Sekolah/HomePageMenu/Sub Menu Kelas' is clicked on

02-01-2025T15:19:50 - [MESSAGE][PASSED] - Object: 'Object Repository/Master Data/Admin Sekolah/HomePageMenu/Sub Menu Kelas' is clicked on

02-01-2025T15:19:50 - [TEST_STEP][PASSED] - click(findTestObject("Master Data/Admin Sekolah/Tambah Kelas/Tambah Kelas"), CONTINUE_ON_FAILURE): Object: 'Object Repository/Master Data/Admin Sekolah/Tambah Kelas/Tambah Kelas' is clicked on

02-01-2025T15:19:51 - [MESSAGE][PASSED] - Object: 'Object Repository/Master Data/Admin Sekolah/Tambah Kelas/Tambah Kelas' is clicked on

02-01-2025T15:19:51 - [TEST_STEP][PASSED] - click(findTestObject("Master Data/Admin Sekolah/Tambah Kelas/Modal Tambah/Unit/Pilih Unit"), CONTINUE_ON_FAILURE): Object: 'Object Repository/Master Data/Admin Sekolah/Tambah Kelas/Modal Tambah/Unit/Pilih Unit' is clicked on

02-01-2025T15:19:51 - [MESSAGE][PASSED] - Object: 'Object Repository/Master Data/Admin Sekolah/Tambah Kelas/Modal Tambah/Unit/Pilih Unit' is clicked on

02-01-2025T15:19:51 - [TEST_STEP][PASSED] - click(findTestObject("Master Data/Admin Sekolah/Tambah Kelas/Modal Tambah/Unit/Klik Unit"), CONTINUE_ON_FAILURE): Object: 'Object Repository/Master Data/Admin Sekolah/Tambah Kelas/Modal Tambah/Unit/Klik Unit' is clicked on

02-01-2025T15:19:51 - [MESSAGE][PASSED] - Object: 'Object Repository/Master Data/Admin Sekolah/Tambah Kelas/Modal Tambah/Unit/Klik Unit' is clicked on

02-01-2025T15:19:51 - [TEST_STEP][PASSED] - click(findTestObject("Master Data/Admin Sekolah/Tambah Kelas/Modal Tambah/Prefix/Klik Prefix"), CONTINUE_ON_FAILURE): Object: 'Object Repository/Master Data/Admin Sekolah/Tambah Kelas/Modal Tambah/Prefix/Klik Prefix' is clicked on

02-01-2025T15:19:52 - [MESSAGE][PASSED] - Object: 'Object Repository/Master Data/Admin Sekolah/Tambah Kelas/Modal Tambah/Prefix/Klik Prefix' is clicked on

02-01-2025T15:19:52 - [TEST_STEP][FAILED] - click(findTestObject("Master Data/Admin Sekolah/Tambah Kelas/Modal Tambah/Prefix/Pilih Prefix"), CONTINUE_ON_FAILURE): Unable to click on object 'Object Repository/Master Data/Admin Sekolah/Tambah Kelas/Modal Tambah/Prefix/Pilih Prefix' (Root cause: com.kms.katalon.core.exception.StepFailedException: Unable to click on object 'Object Repository/Master Data/Admin Sekolah/Tambah Kelas/Modal Tambah/Prefix/Pilih Prefix'
	at com.kms.katalon.core.webui.keyword.internal.WebUIKeywordMain.stepFailed(WebUIKeywordMain.groovy:117)
	at com.kms.katalon.core.webui.keyword.internal.WebUIKeywordMain.runKeyword(WebUIKeywordMain.groovy:43)
	at com.kms.katalon.core.webui.keyword.builtin.ClickKeyword.click(ClickKeyword.groovy:75)
	at com.kms.katalon.core.webui.keyword.builtin.ClickKeyword.execute(ClickKeyword.groovy:40)
	at com.kms.katalon.core.keyword.internal.KeywordExecutor.executeKeywordForPlatform(KeywordExecutor.groovy:74)
	at com.kms.katalon.core.webui.keyword.WebUiBuiltInKeywords.click(WebUiBuiltInKeywords.groovy:684)
	at Tambah Kelas.run(Tambah Kelas:46)
	at com.kms.katalon.core.main.ScriptEngine.run(ScriptEngine.java:194)
	at com.kms.katalon.core.main.ScriptEngine.runScriptAsRawText(ScriptEngine.java:119)
	at com.kms.katalon.core.main.TestCaseExecutor.runScript(TestCaseExecutor.java:448)
	at com.kms.katalon.core.main.TestCaseExecutor.doExecute(TestCaseExecutor.java:439)
	at com.kms.katalon.core.main.TestCaseExecutor.processExecutionPhase(TestCaseExecutor.java:418)
	at com.kms.katalon.core.main.TestCaseExecutor.accessMainPhase(TestCaseExecutor.java:410)
	at com.kms.katalon.core.main.TestCaseExecutor.execute(TestCaseExecutor.java:285)
	at com.kms.katalon.core.main.TestCaseMain.runTestCase(TestCaseMain.java:133)
	at com.kms.katalon.core.keyword.builtin.CallTestCaseKeyword$_callTestCase_closure1.doCall(CallTestCaseKeyword.groovy:59)
	at com.kms.katalon.core.keyword.builtin.CallTestCaseKeyword$_callTestCase_closure1.call(CallTestCaseKeyword.groovy)
	at com.kms.katalon.core.keyword.internal.KeywordMain.runKeyword(KeywordMain.groovy:75)
	at com.kms.katalon.core.keyword.builtin.CallTestCaseKeyword.callTestCase(CallTestCaseKeyword.groovy:81)
	at com.kms.katalon.core.keyword.builtin.CallTestCaseKeyword.execute(CallTestCaseKeyword.groovy:44)
	at com.kms.katalon.core.keyword.internal.KeywordExecutor.executeKeywordForPlatform(KeywordExecutor.groovy:74)
	at com.kms.katalon.core.keyword.BuiltinKeywords.callTestCase(BuiltinKeywords.groovy:310)
	at java.base/jdk.internal.reflect.NativeMethodAccessorImpl.invoke0(Native Method)
	at java.base/jdk.internal.reflect.NativeMethodAccessorImpl.invoke(NativeMethodAccessorImpl.java:77)
	at java.base/jdk.internal.reflect.DelegatingMethodAccessorImpl.invoke(DelegatingMethodAccessorImpl.java:43)
	at Regresi Kelas.run(Regresi Kelas:26)
	at com.kms.katalon.core.main.ScriptEngine.run(ScriptEngine.java:194)
	at com.kms.katalon.core.main.ScriptEngine.runScriptAsRawText(ScriptEngine.java:119)
	at com.kms.katalon.core.main.TestCaseExecutor.runScript(TestCaseExecutor.java:448)
	at com.kms.katalon.core.main.TestCaseExecutor.doExecute(TestCaseExecutor.java:439)
	at com.kms.katalon.core.main.TestCaseExecutor.processExecutionPhase(TestCaseExecutor.java:418)
	at com.kms.katalon.core.main.TestCaseExecutor.accessMainPhase(TestCaseExecutor.java:410)
	at com.kms.katalon.core.main.TestCaseExecutor.execute(TestCaseExecutor.java:285)
	at com.kms.katalon.core.common.CommonExecutor.accessTestCaseMainPhase(CommonExecutor.java:65)
	at com.kms.katalon.core.main.TestSuiteExecutor.accessTestSuiteMainPhase(TestSuiteExecutor.java:161)
	at com.kms.katalon.core.main.TestSuiteExecutor.execute(TestSuiteExecutor.java:107)
	at com.kms.katalon.core.main.TestCaseMain.startTestSuite(TestCaseMain.java:176)
	at TempTestSuite1735805561810.run(TempTestSuite1735805561810.groovy:35)
	at java.base/jdk.internal.reflect.NativeMethodAccessorImpl.invoke0(Native Method)
	at java.base/jdk.internal.reflect.NativeMethodAccessorImpl.invoke(NativeMethodAccessorImpl.java:77)
	at java.base/jdk.internal.reflect.DelegatingMethodAccessorImpl.invoke(DelegatingMethodAccessorImpl.java:43)
Caused by: com.kms.katalon.core.webui.exception.WebElementNotFoundException: Web element with id: 'Object Repository/Master Data/Admin Sekolah/Tambah Kelas/Modal Tambah/Prefix/Pilih Prefix' located by '//*[@data-testid = 'paragraph' and (text() = 'RETEST' or . = 'RETEST')]' not found
	at com.kms.katalon.core.webui.common.WebUiCommonHelper.findWebElement(WebUiCommonHelper.java:1426)
	at com.kms.katalon.core.webui.keyword.internal.WebUIAbstractKeyword.findWebElement(WebUIAbstractKeyword.groovy:27)
	at com.kms.katalon.core.webui.keyword.builtin.ClickKeyword$_click_closure1.doCall(ClickKeyword.groovy:66)
	at com.kms.katalon.core.webui.keyword.builtin.ClickKeyword$_click_closure1.call(ClickKeyword.groovy)
	at com.kms.katalon.core.webui.keyword.internal.WebUIKeywordMain.runKeyword(WebUIKeywordMain.groovy:35)
	at com.kms.katalon.core.webui.keyword.builtin.ClickKeyword.click(ClickKeyword.groovy:75)
	at com.kms.katalon.core.webui.keyword.builtin.ClickKeyword.execute(ClickKeyword.groovy:40)
	at com.kms.katalon.core.keyword.internal.KeywordExecutor.executeKeywordForPlatform(KeywordExecutor.groovy:74)
	at com.kms.katalon.core.webui.keyword.WebUiBuiltInKeywords.click(WebUiBuiltInKeywords.groovy:684)
	at Script1731464206565.run(Script1731464206565.groovy:46)
	at com.kms.katalon.core.main.ScriptEngine.run(ScriptEngine.java:194)
	at com.kms.katalon.core.main.ScriptEngine.runScriptAsRawText(ScriptEngine.java:119)
	at com.kms.katalon.core.main.TestCaseExecutor.runScript(TestCaseExecutor.java:448)
	at com.kms.katalon.core.main.TestCaseExecutor.doExecute(TestCaseExecutor.java:439)
	at com.kms.katalon.core.main.TestCaseExecutor.processExecutionPhase(TestCaseExecutor.java:418)
	at com.kms.katalon.core.main.TestCaseExecutor.accessMainPhase(TestCaseExecutor.java:410)
	at com.kms.katalon.core.main.TestCaseExecutor.execute(TestCaseExecutor.java:285)
	at com.kms.katalon.core.main.TestCaseMain.runTestCase(TestCaseMain.java:133)
	at com.kms.katalon.core.keyword.builtin.CallTestCaseKeyword$_callTestCase_closure1.doCall(CallTestCaseKeyword.groovy:59)
	at com.kms.katalon.core.keyword.builtin.CallTestCaseKeyword$_callTestCase_closure1.call(CallTestCaseKeyword.groovy)
	at com.kms.katalon.core.keyword.internal.KeywordMain.runKeyword(KeywordMain.groovy:75)
	at com.kms.katalon.core.keyword.builtin.CallTestCaseKeyword.callTestCase(CallTestCaseKeyword.groovy:81)
	at com.kms.katalon.core.keyword.builtin.CallTestCaseKeyword.execute(CallTestCaseKeyword.groovy:44)
	at com.kms.katalon.core.keyword.internal.KeywordExecutor.executeKeywordForPlatform(KeywordExecutor.groovy:74)
	at com.kms.katalon.core.keyword.BuiltinKeywords.callTestCase(BuiltinKeywords.groovy:310)
	at java.base/jdk.internal.reflect.NativeMethodAccessorImpl.invoke0(Native Method)
	at java.base/jdk.internal.reflect.NativeMethodAccessorImpl.invoke(NativeMethodAccessorImpl.java:77)
	at java.base/jdk.internal.reflect.DelegatingMethodAccessorImpl.invoke(DelegatingMethodAccessorImpl.java:43)
	at Script1735746406961.run(Script1735746406961.groovy:26)
	... 15 more
)

02-01-2025T15:20:23 - [MESSAGE][INFO] - Unable to find the element located by 'By.xpath: //*[@data-testid = 'paragraph' and (text() = 'RETEST' or . = 'RETEST')]'. Please recheck the objects properties to make sure the desired element is located. 

02-01-2025T15:20:23 - [MESSAGE][WARNING] - [SELF-HEALING] Failed to find element with id 'Object Repository/Master Data/Admin Sekolah/Tambah Kelas/Modal Tambah/Prefix/Pilih Prefix'. Try using Self-healing.

02-01-2025T15:20:23 - [MESSAGE][WARNING] - [SELF-HEALING] Cannot find elements when the XPath is null.

02-01-2025T15:20:24 - [MESSAGE][WARNING] - [SELF-HEALING] Cannot find elements when the selector is null

02-01-2025T15:20:24 - [MESSAGE][FAILED] - Unable to click on object 'Object Repository/Master Data/Admin Sekolah/Tambah Kelas/Modal Tambah/Prefix/Pilih Prefix' (Root cause: com.kms.katalon.core.exception.StepFailedException: Unable to click on object 'Object Repository/Master Data/Admin Sekolah/Tambah Kelas/Modal Tambah/Prefix/Pilih Prefix'
	at com.kms.katalon.core.webui.keyword.internal.WebUIKeywordMain.stepFailed(WebUIKeywordMain.groovy:117)
	at com.kms.katalon.core.webui.keyword.internal.WebUIKeywordMain.runKeyword(WebUIKeywordMain.groovy:43)
	at com.kms.katalon.core.webui.keyword.builtin.ClickKeyword.click(ClickKeyword.groovy:75)
	at com.kms.katalon.core.webui.keyword.builtin.ClickKeyword.execute(ClickKeyword.groovy:40)
	at com.kms.katalon.core.keyword.internal.KeywordExecutor.executeKeywordForPlatform(KeywordExecutor.groovy:74)
	at com.kms.katalon.core.webui.keyword.WebUiBuiltInKeywords.click(WebUiBuiltInKeywords.groovy:684)
	at Tambah Kelas.run(Tambah Kelas:46)
	at com.kms.katalon.core.main.ScriptEngine.run(ScriptEngine.java:194)
	at com.kms.katalon.core.main.ScriptEngine.runScriptAsRawText(ScriptEngine.java:119)
	at com.kms.katalon.core.main.TestCaseExecutor.runScript(TestCaseExecutor.java:448)
	at com.kms.katalon.core.main.TestCaseExecutor.doExecute(TestCaseExecutor.java:439)
	at com.kms.katalon.core.main.TestCaseExecutor.processExecutionPhase(TestCaseExecutor.java:418)
	at com.kms.katalon.core.main.TestCaseExecutor.accessMainPhase(TestCaseExecutor.java:410)
	at com.kms.katalon.core.main.TestCaseExecutor.execute(TestCaseExecutor.java:285)
	at com.kms.katalon.core.main.TestCaseMain.runTestCase(TestCaseMain.java:133)
	at com.kms.katalon.core.keyword.builtin.CallTestCaseKeyword$_callTestCase_closure1.doCall(CallTestCaseKeyword.groovy:59)
	at com.kms.katalon.core.keyword.builtin.CallTestCaseKeyword$_callTestCase_closure1.call(CallTestCaseKeyword.groovy)
	at com.kms.katalon.core.keyword.internal.KeywordMain.runKeyword(KeywordMain.groovy:75)
	at com.kms.katalon.core.keyword.builtin.CallTestCaseKeyword.callTestCase(CallTestCaseKeyword.groovy:81)
	at com.kms.katalon.core.keyword.builtin.CallTestCaseKeyword.execute(CallTestCaseKeyword.groovy:44)
	at com.kms.katalon.core.keyword.internal.KeywordExecutor.executeKeywordForPlatform(KeywordExecutor.groovy:74)
	at com.kms.katalon.core.keyword.BuiltinKeywords.callTestCase(BuiltinKeywords.groovy:310)
	at java.base/jdk.internal.reflect.NativeMethodAccessorImpl.invoke0(Native Method)
	at java.base/jdk.internal.reflect.NativeMethodAccessorImpl.invoke(NativeMethodAccessorImpl.java:77)
	at java.base/jdk.internal.reflect.DelegatingMethodAccessorImpl.invoke(DelegatingMethodAccessorImpl.java:43)
	at Regresi Kelas.run(Regresi Kelas:26)
	at com.kms.katalon.core.main.ScriptEngine.run(ScriptEngine.java:194)
	at com.kms.katalon.core.main.ScriptEngine.runScriptAsRawText(ScriptEngine.java:119)
	at com.kms.katalon.core.main.TestCaseExecutor.runScript(TestCaseExecutor.java:448)
	at com.kms.katalon.core.main.TestCaseExecutor.doExecute(TestCaseExecutor.java:439)
	at com.kms.katalon.core.main.TestCaseExecutor.processExecutionPhase(TestCaseExecutor.java:418)
	at com.kms.katalon.core.main.TestCaseExecutor.accessMainPhase(TestCaseExecutor.java:410)
	at com.kms.katalon.core.main.TestCaseExecutor.execute(TestCaseExecutor.java:285)
	at com.kms.katalon.core.common.CommonExecutor.accessTestCaseMainPhase(CommonExecutor.java:65)
	at com.kms.katalon.core.main.TestSuiteExecutor.accessTestSuiteMainPhase(TestSuiteExecutor.java:161)
	at com.kms.katalon.core.main.TestSuiteExecutor.execute(TestSuiteExecutor.java:107)
	at com.kms.katalon.core.main.TestCaseMain.startTestSuite(TestCaseMain.java:176)
	at TempTestSuite1735805561810.run(TempTestSuite1735805561810.groovy:35)
	at java.base/jdk.internal.reflect.NativeMethodAccessorImpl.invoke0(Native Method)
	at java.base/jdk.internal.reflect.NativeMethodAccessorImpl.invoke(NativeMethodAccessorImpl.java:77)
	at java.base/jdk.internal.reflect.DelegatingMethodAccessorImpl.invoke(DelegatingMethodAccessorImpl.java:43)
Caused by: com.kms.katalon.core.webui.exception.WebElementNotFoundException: Web element with id: 'Object Repository/Master Data/Admin Sekolah/Tambah Kelas/Modal Tambah/Prefix/Pilih Prefix' located by '//*[@data-testid = 'paragraph' and (text() = 'RETEST' or . = 'RETEST')]' not found
	at com.kms.katalon.core.webui.common.WebUiCommonHelper.findWebElement(WebUiCommonHelper.java:1426)
	at com.kms.katalon.core.webui.keyword.internal.WebUIAbstractKeyword.findWebElement(WebUIAbstractKeyword.groovy:27)
	at com.kms.katalon.core.webui.keyword.builtin.ClickKeyword$_click_closure1.doCall(ClickKeyword.groovy:66)
	at com.kms.katalon.core.webui.keyword.builtin.ClickKeyword$_click_closure1.call(ClickKeyword.groovy)
	at com.kms.katalon.core.webui.keyword.internal.WebUIKeywordMain.runKeyword(WebUIKeywordMain.groovy:35)
	at com.kms.katalon.core.webui.keyword.builtin.ClickKeyword.click(ClickKeyword.groovy:75)
	at com.kms.katalon.core.webui.keyword.builtin.ClickKeyword.execute(ClickKeyword.groovy:40)
	at com.kms.katalon.core.keyword.internal.KeywordExecutor.executeKeywordForPlatform(KeywordExecutor.groovy:74)
	at com.kms.katalon.core.webui.keyword.WebUiBuiltInKeywords.click(WebUiBuiltInKeywords.groovy:684)
	at Script1731464206565.run(Script1731464206565.groovy:46)
	at com.kms.katalon.core.main.ScriptEngine.run(ScriptEngine.java:194)
	at com.kms.katalon.core.main.ScriptEngine.runScriptAsRawText(ScriptEngine.java:119)
	at com.kms.katalon.core.main.TestCaseExecutor.runScript(TestCaseExecutor.java:448)
	at com.kms.katalon.core.main.TestCaseExecutor.doExecute(TestCaseExecutor.java:439)
	at com.kms.katalon.core.main.TestCaseExecutor.processExecutionPhase(TestCaseExecutor.java:418)
	at com.kms.katalon.core.main.TestCaseExecutor.accessMainPhase(TestCaseExecutor.java:410)
	at com.kms.katalon.core.main.TestCaseExecutor.execute(TestCaseExecutor.java:285)
	at com.kms.katalon.core.main.TestCaseMain.runTestCase(TestCaseMain.java:133)
	at com.kms.katalon.core.keyword.builtin.CallTestCaseKeyword$_callTestCase_closure1.doCall(CallTestCaseKeyword.groovy:59)
	at com.kms.katalon.core.keyword.builtin.CallTestCaseKeyword$_callTestCase_closure1.call(CallTestCaseKeyword.groovy)
	at com.kms.katalon.core.keyword.internal.KeywordMain.runKeyword(KeywordMain.groovy:75)
	at com.kms.katalon.core.keyword.builtin.CallTestCaseKeyword.callTestCase(CallTestCaseKeyword.groovy:81)
	at com.kms.katalon.core.keyword.builtin.CallTestCaseKeyword.execute(CallTestCaseKeyword.groovy:44)
	at com.kms.katalon.core.keyword.internal.KeywordExecutor.executeKeywordForPlatform(KeywordExecutor.groovy:74)
	at com.kms.katalon.core.keyword.BuiltinKeywords.callTestCase(BuiltinKeywords.groovy:310)
	at java.base/jdk.internal.reflect.NativeMethodAccessorImpl.invoke0(Native Method)
	at java.base/jdk.internal.reflect.NativeMethodAccessorImpl.invoke(NativeMethodAccessorImpl.java:77)
	at java.base/jdk.internal.reflect.DelegatingMethodAccessorImpl.invoke(DelegatingMethodAccessorImpl.java:43)
	at Script1735746406961.run(Script1735746406961.groovy:26)
	... 15 more
)
[[ATTACHMENT|C:\\Users\\henri\\Videos\\school-payment-automation-testing\\Reports\\20250102_151240\\SPRINT 1\\20250102_151241\\1735806024277.png]]

02-01-2025T15:20:24 - [TEST_STEP][PASSED] - setText(findTestObject("Master Data/Admin Sekolah/Tambah Kelas/Modal Tambah/Suffix/Input Suffix kelas"), "PHP 4", CONTINUE_ON_FAILURE): Text 'PHP 4' is set on object 'Object Repository/Master Data/Admin Sekolah/Tambah Kelas/Modal Tambah/Suffix/Input Suffix kelas'

02-01-2025T15:20:24 - [MESSAGE][PASSED] - Text 'PHP 4' is set on object 'Object Repository/Master Data/Admin Sekolah/Tambah Kelas/Modal Tambah/Suffix/Input Suffix kelas'

02-01-2025T15:20:24 - [TEST_STEP][PASSED] - click(findTestObject("Master Data/Admin Sekolah/Tambah Kelas/Modal Tambah/Jurusan/Klik Jurusan"), CONTINUE_ON_FAILURE): Object: 'Object Repository/Master Data/Admin Sekolah/Tambah Kelas/Modal Tambah/Jurusan/Klik Jurusan' is clicked on

02-01-2025T15:20:25 - [MESSAGE][PASSED] - Object: 'Object Repository/Master Data/Admin Sekolah/Tambah Kelas/Modal Tambah/Jurusan/Klik Jurusan' is clicked on

02-01-2025T15:20:25 - [TEST_STEP][FAILED] - click(findTestObject("Master Data/Admin Sekolah/Tambah Kelas/Modal Tambah/Jurusan/Pilih Jurusan"), CONTINUE_ON_FAILURE): Unable to click on object 'Object Repository/Master Data/Admin Sekolah/Tambah Kelas/Modal Tambah/Jurusan/Pilih Jurusan' (Root cause: com.kms.katalon.core.exception.StepFailedException: Unable to click on object 'Object Repository/Master Data/Admin Sekolah/Tambah Kelas/Modal Tambah/Jurusan/Pilih Jurusan'
	at com.kms.katalon.core.webui.keyword.internal.WebUIKeywordMain.stepFailed(WebUIKeywordMain.groovy:117)
	at com.kms.katalon.core.webui.keyword.internal.WebUIKeywordMain.runKeyword(WebUIKeywordMain.groovy:43)
	at com.kms.katalon.core.webui.keyword.builtin.ClickKeyword.click(ClickKeyword.groovy:75)
	at com.kms.katalon.core.webui.keyword.builtin.ClickKeyword.execute(ClickKeyword.groovy:40)
	at com.kms.katalon.core.keyword.internal.KeywordExecutor.executeKeywordForPlatform(KeywordExecutor.groovy:74)
	at com.kms.katalon.core.webui.keyword.WebUiBuiltInKeywords.click(WebUiBuiltInKeywords.groovy:684)
	at Tambah Kelas.run(Tambah Kelas:53)
	at com.kms.katalon.core.main.ScriptEngine.run(ScriptEngine.java:194)
	at com.kms.katalon.core.main.ScriptEngine.runScriptAsRawText(ScriptEngine.java:119)
	at com.kms.katalon.core.main.TestCaseExecutor.runScript(TestCaseExecutor.java:448)
	at com.kms.katalon.core.main.TestCaseExecutor.doExecute(TestCaseExecutor.java:439)
	at com.kms.katalon.core.main.TestCaseExecutor.processExecutionPhase(TestCaseExecutor.java:418)
	at com.kms.katalon.core.main.TestCaseExecutor.accessMainPhase(TestCaseExecutor.java:410)
	at com.kms.katalon.core.main.TestCaseExecutor.execute(TestCaseExecutor.java:285)
	at com.kms.katalon.core.main.TestCaseMain.runTestCase(TestCaseMain.java:133)
	at com.kms.katalon.core.keyword.builtin.CallTestCaseKeyword$_callTestCase_closure1.doCall(CallTestCaseKeyword.groovy:59)
	at com.kms.katalon.core.keyword.builtin.CallTestCaseKeyword$_callTestCase_closure1.call(CallTestCaseKeyword.groovy)
	at com.kms.katalon.core.keyword.internal.KeywordMain.runKeyword(KeywordMain.groovy:75)
	at com.kms.katalon.core.keyword.builtin.CallTestCaseKeyword.callTestCase(CallTestCaseKeyword.groovy:81)
	at com.kms.katalon.core.keyword.builtin.CallTestCaseKeyword.execute(CallTestCaseKeyword.groovy:44)
	at com.kms.katalon.core.keyword.internal.KeywordExecutor.executeKeywordForPlatform(KeywordExecutor.groovy:74)
	at com.kms.katalon.core.keyword.BuiltinKeywords.callTestCase(BuiltinKeywords.groovy:310)
	at java.base/jdk.internal.reflect.NativeMethodAccessorImpl.invoke0(Native Method)
	at java.base/jdk.internal.reflect.NativeMethodAccessorImpl.invoke(NativeMethodAccessorImpl.java:77)
	at java.base/jdk.internal.reflect.DelegatingMethodAccessorImpl.invoke(DelegatingMethodAccessorImpl.java:43)
	at Regresi Kelas.run(Regresi Kelas:26)
	at com.kms.katalon.core.main.ScriptEngine.run(ScriptEngine.java:194)
	at com.kms.katalon.core.main.ScriptEngine.runScriptAsRawText(ScriptEngine.java:119)
	at com.kms.katalon.core.main.TestCaseExecutor.runScript(TestCaseExecutor.java:448)
	at com.kms.katalon.core.main.TestCaseExecutor.doExecute(TestCaseExecutor.java:439)
	at com.kms.katalon.core.main.TestCaseExecutor.processExecutionPhase(TestCaseExecutor.java:418)
	at com.kms.katalon.core.main.TestCaseExecutor.accessMainPhase(TestCaseExecutor.java:410)
	at com.kms.katalon.core.main.TestCaseExecutor.execute(TestCaseExecutor.java:285)
	at com.kms.katalon.core.common.CommonExecutor.accessTestCaseMainPhase(CommonExecutor.java:65)
	at com.kms.katalon.core.main.TestSuiteExecutor.accessTestSuiteMainPhase(TestSuiteExecutor.java:161)
	at com.kms.katalon.core.main.TestSuiteExecutor.execute(TestSuiteExecutor.java:107)
	at com.kms.katalon.core.main.TestCaseMain.startTestSuite(TestCaseMain.java:176)
	at TempTestSuite1735805561810.run(TempTestSuite1735805561810.groovy:35)
	at java.base/jdk.internal.reflect.NativeMethodAccessorImpl.invoke0(Native Method)
	at java.base/jdk.internal.reflect.NativeMethodAccessorImpl.invoke(NativeMethodAccessorImpl.java:77)
	at java.base/jdk.internal.reflect.DelegatingMethodAccessorImpl.invoke(DelegatingMethodAccessorImpl.java:43)
Caused by: com.kms.katalon.core.webui.exception.WebElementNotFoundException: Web element with id: 'Object Repository/Master Data/Admin Sekolah/Tambah Kelas/Modal Tambah/Jurusan/Pilih Jurusan' located by '//*[@data-testid = 'paragraph' and (text() = 'olahraga' or . = 'olahraga')]' not found
	at com.kms.katalon.core.webui.common.WebUiCommonHelper.findWebElement(WebUiCommonHelper.java:1426)
	at com.kms.katalon.core.webui.keyword.internal.WebUIAbstractKeyword.findWebElement(WebUIAbstractKeyword.groovy:27)
	at com.kms.katalon.core.webui.keyword.builtin.ClickKeyword$_click_closure1.doCall(ClickKeyword.groovy:66)
	at com.kms.katalon.core.webui.keyword.builtin.ClickKeyword$_click_closure1.call(ClickKeyword.groovy)
	at com.kms.katalon.core.webui.keyword.internal.WebUIKeywordMain.runKeyword(WebUIKeywordMain.groovy:35)
	at com.kms.katalon.core.webui.keyword.builtin.ClickKeyword.click(ClickKeyword.groovy:75)
	at com.kms.katalon.core.webui.keyword.builtin.ClickKeyword.execute(ClickKeyword.groovy:40)
	at com.kms.katalon.core.keyword.internal.KeywordExecutor.executeKeywordForPlatform(KeywordExecutor.groovy:74)
	at com.kms.katalon.core.webui.keyword.WebUiBuiltInKeywords.click(WebUiBuiltInKeywords.groovy:684)
	at Script1731464206565.run(Script1731464206565.groovy:53)
	at com.kms.katalon.core.main.ScriptEngine.run(ScriptEngine.java:194)
	at com.kms.katalon.core.main.ScriptEngine.runScriptAsRawText(ScriptEngine.java:119)
	at com.kms.katalon.core.main.TestCaseExecutor.runScript(TestCaseExecutor.java:448)
	at com.kms.katalon.core.main.TestCaseExecutor.doExecute(TestCaseExecutor.java:439)
	at com.kms.katalon.core.main.TestCaseExecutor.processExecutionPhase(TestCaseExecutor.java:418)
	at com.kms.katalon.core.main.TestCaseExecutor.accessMainPhase(TestCaseExecutor.java:410)
	at com.kms.katalon.core.main.TestCaseExecutor.execute(TestCaseExecutor.java:285)
	at com.kms.katalon.core.main.TestCaseMain.runTestCase(TestCaseMain.java:133)
	at com.kms.katalon.core.keyword.builtin.CallTestCaseKeyword$_callTestCase_closure1.doCall(CallTestCaseKeyword.groovy:59)
	at com.kms.katalon.core.keyword.builtin.CallTestCaseKeyword$_callTestCase_closure1.call(CallTestCaseKeyword.groovy)
	at com.kms.katalon.core.keyword.internal.KeywordMain.runKeyword(KeywordMain.groovy:75)
	at com.kms.katalon.core.keyword.builtin.CallTestCaseKeyword.callTestCase(CallTestCaseKeyword.groovy:81)
	at com.kms.katalon.core.keyword.builtin.CallTestCaseKeyword.execute(CallTestCaseKeyword.groovy:44)
	at com.kms.katalon.core.keyword.internal.KeywordExecutor.executeKeywordForPlatform(KeywordExecutor.groovy:74)
	at com.kms.katalon.core.keyword.BuiltinKeywords.callTestCase(BuiltinKeywords.groovy:310)
	at java.base/jdk.internal.reflect.NativeMethodAccessorImpl.invoke0(Native Method)
	at java.base/jdk.internal.reflect.NativeMethodAccessorImpl.invoke(NativeMethodAccessorImpl.java:77)
	at java.base/jdk.internal.reflect.DelegatingMethodAccessorImpl.invoke(DelegatingMethodAccessorImpl.java:43)
	at Script1735746406961.run(Script1735746406961.groovy:26)
	... 15 more
)

02-01-2025T15:20:56 - [MESSAGE][INFO] - Unable to find the element located by 'By.xpath: //*[@data-testid = 'paragraph' and (text() = 'olahraga' or . = 'olahraga')]'. Please recheck the objects properties to make sure the desired element is located. 

02-01-2025T15:20:56 - [MESSAGE][WARNING] - [SELF-HEALING] Failed to find element with id 'Object Repository/Master Data/Admin Sekolah/Tambah Kelas/Modal Tambah/Jurusan/Pilih Jurusan'. Try using Self-healing.

02-01-2025T15:20:56 - [MESSAGE][WARNING] - [SELF-HEALING] Cannot find elements when the XPath is null.

02-01-2025T15:20:57 - [MESSAGE][WARNING] - [SELF-HEALING] Cannot find elements when the selector is null

02-01-2025T15:20:57 - [MESSAGE][FAILED] - Unable to click on object 'Object Repository/Master Data/Admin Sekolah/Tambah Kelas/Modal Tambah/Jurusan/Pilih Jurusan' (Root cause: com.kms.katalon.core.exception.StepFailedException: Unable to click on object 'Object Repository/Master Data/Admin Sekolah/Tambah Kelas/Modal Tambah/Jurusan/Pilih Jurusan'
	at com.kms.katalon.core.webui.keyword.internal.WebUIKeywordMain.stepFailed(WebUIKeywordMain.groovy:117)
	at com.kms.katalon.core.webui.keyword.internal.WebUIKeywordMain.runKeyword(WebUIKeywordMain.groovy:43)
	at com.kms.katalon.core.webui.keyword.builtin.ClickKeyword.click(ClickKeyword.groovy:75)
	at com.kms.katalon.core.webui.keyword.builtin.ClickKeyword.execute(ClickKeyword.groovy:40)
	at com.kms.katalon.core.keyword.internal.KeywordExecutor.executeKeywordForPlatform(KeywordExecutor.groovy:74)
	at com.kms.katalon.core.webui.keyword.WebUiBuiltInKeywords.click(WebUiBuiltInKeywords.groovy:684)
	at Tambah Kelas.run(Tambah Kelas:53)
	at com.kms.katalon.core.main.ScriptEngine.run(ScriptEngine.java:194)
	at com.kms.katalon.core.main.ScriptEngine.runScriptAsRawText(ScriptEngine.java:119)
	at com.kms.katalon.core.main.TestCaseExecutor.runScript(TestCaseExecutor.java:448)
	at com.kms.katalon.core.main.TestCaseExecutor.doExecute(TestCaseExecutor.java:439)
	at com.kms.katalon.core.main.TestCaseExecutor.processExecutionPhase(TestCaseExecutor.java:418)
	at com.kms.katalon.core.main.TestCaseExecutor.accessMainPhase(TestCaseExecutor.java:410)
	at com.kms.katalon.core.main.TestCaseExecutor.execute(TestCaseExecutor.java:285)
	at com.kms.katalon.core.main.TestCaseMain.runTestCase(TestCaseMain.java:133)
	at com.kms.katalon.core.keyword.builtin.CallTestCaseKeyword$_callTestCase_closure1.doCall(CallTestCaseKeyword.groovy:59)
	at com.kms.katalon.core.keyword.builtin.CallTestCaseKeyword$_callTestCase_closure1.call(CallTestCaseKeyword.groovy)
	at com.kms.katalon.core.keyword.internal.KeywordMain.runKeyword(KeywordMain.groovy:75)
	at com.kms.katalon.core.keyword.builtin.CallTestCaseKeyword.callTestCase(CallTestCaseKeyword.groovy:81)
	at com.kms.katalon.core.keyword.builtin.CallTestCaseKeyword.execute(CallTestCaseKeyword.groovy:44)
	at com.kms.katalon.core.keyword.internal.KeywordExecutor.executeKeywordForPlatform(KeywordExecutor.groovy:74)
	at com.kms.katalon.core.keyword.BuiltinKeywords.callTestCase(BuiltinKeywords.groovy:310)
	at java.base/jdk.internal.reflect.NativeMethodAccessorImpl.invoke0(Native Method)
	at java.base/jdk.internal.reflect.NativeMethodAccessorImpl.invoke(NativeMethodAccessorImpl.java:77)
	at java.base/jdk.internal.reflect.DelegatingMethodAccessorImpl.invoke(DelegatingMethodAccessorImpl.java:43)
	at Regresi Kelas.run(Regresi Kelas:26)
	at com.kms.katalon.core.main.ScriptEngine.run(ScriptEngine.java:194)
	at com.kms.katalon.core.main.ScriptEngine.runScriptAsRawText(ScriptEngine.java:119)
	at com.kms.katalon.core.main.TestCaseExecutor.runScript(TestCaseExecutor.java:448)
	at com.kms.katalon.core.main.TestCaseExecutor.doExecute(TestCaseExecutor.java:439)
	at com.kms.katalon.core.main.TestCaseExecutor.processExecutionPhase(TestCaseExecutor.java:418)
	at com.kms.katalon.core.main.TestCaseExecutor.accessMainPhase(TestCaseExecutor.java:410)
	at com.kms.katalon.core.main.TestCaseExecutor.execute(TestCaseExecutor.java:285)
	at com.kms.katalon.core.common.CommonExecutor.accessTestCaseMainPhase(CommonExecutor.java:65)
	at com.kms.katalon.core.main.TestSuiteExecutor.accessTestSuiteMainPhase(TestSuiteExecutor.java:161)
	at com.kms.katalon.core.main.TestSuiteExecutor.execute(TestSuiteExecutor.java:107)
	at com.kms.katalon.core.main.TestCaseMain.startTestSuite(TestCaseMain.java:176)
	at TempTestSuite1735805561810.run(TempTestSuite1735805561810.groovy:35)
	at java.base/jdk.internal.reflect.NativeMethodAccessorImpl.invoke0(Native Method)
	at java.base/jdk.internal.reflect.NativeMethodAccessorImpl.invoke(NativeMethodAccessorImpl.java:77)
	at java.base/jdk.internal.reflect.DelegatingMethodAccessorImpl.invoke(DelegatingMethodAccessorImpl.java:43)
Caused by: com.kms.katalon.core.webui.exception.WebElementNotFoundException: Web element with id: 'Object Repository/Master Data/Admin Sekolah/Tambah Kelas/Modal Tambah/Jurusan/Pilih Jurusan' located by '//*[@data-testid = 'paragraph' and (text() = 'olahraga' or . = 'olahraga')]' not found
	at com.kms.katalon.core.webui.common.WebUiCommonHelper.findWebElement(WebUiCommonHelper.java:1426)
	at com.kms.katalon.core.webui.keyword.internal.WebUIAbstractKeyword.findWebElement(WebUIAbstractKeyword.groovy:27)
	at com.kms.katalon.core.webui.keyword.builtin.ClickKeyword$_click_closure1.doCall(ClickKeyword.groovy:66)
	at com.kms.katalon.core.webui.keyword.builtin.ClickKeyword$_click_closure1.call(ClickKeyword.groovy)
	at com.kms.katalon.core.webui.keyword.internal.WebUIKeywordMain.runKeyword(WebUIKeywordMain.groovy:35)
	at com.kms.katalon.core.webui.keyword.builtin.ClickKeyword.click(ClickKeyword.groovy:75)
	at com.kms.katalon.core.webui.keyword.builtin.ClickKeyword.execute(ClickKeyword.groovy:40)
	at com.kms.katalon.core.keyword.internal.KeywordExecutor.executeKeywordForPlatform(KeywordExecutor.groovy:74)
	at com.kms.katalon.core.webui.keyword.WebUiBuiltInKeywords.click(WebUiBuiltInKeywords.groovy:684)
	at Script1731464206565.run(Script1731464206565.groovy:53)
	at com.kms.katalon.core.main.ScriptEngine.run(ScriptEngine.java:194)
	at com.kms.katalon.core.main.ScriptEngine.runScriptAsRawText(ScriptEngine.java:119)
	at com.kms.katalon.core.main.TestCaseExecutor.runScript(TestCaseExecutor.java:448)
	at com.kms.katalon.core.main.TestCaseExecutor.doExecute(TestCaseExecutor.java:439)
	at com.kms.katalon.core.main.TestCaseExecutor.processExecutionPhase(TestCaseExecutor.java:418)
	at com.kms.katalon.core.main.TestCaseExecutor.accessMainPhase(TestCaseExecutor.java:410)
	at com.kms.katalon.core.main.TestCaseExecutor.execute(TestCaseExecutor.java:285)
	at com.kms.katalon.core.main.TestCaseMain.runTestCase(TestCaseMain.java:133)
	at com.kms.katalon.core.keyword.builtin.CallTestCaseKeyword$_callTestCase_closure1.doCall(CallTestCaseKeyword.groovy:59)
	at com.kms.katalon.core.keyword.builtin.CallTestCaseKeyword$_callTestCase_closure1.call(CallTestCaseKeyword.groovy)
	at com.kms.katalon.core.keyword.internal.KeywordMain.runKeyword(KeywordMain.groovy:75)
	at com.kms.katalon.core.keyword.builtin.CallTestCaseKeyword.callTestCase(CallTestCaseKeyword.groovy:81)
	at com.kms.katalon.core.keyword.builtin.CallTestCaseKeyword.execute(CallTestCaseKeyword.groovy:44)
	at com.kms.katalon.core.keyword.internal.KeywordExecutor.executeKeywordForPlatform(KeywordExecutor.groovy:74)
	at com.kms.katalon.core.keyword.BuiltinKeywords.callTestCase(BuiltinKeywords.groovy:310)
	at java.base/jdk.internal.reflect.NativeMethodAccessorImpl.invoke0(Native Method)
	at java.base/jdk.internal.reflect.NativeMethodAccessorImpl.invoke(NativeMethodAccessorImpl.java:77)
	at java.base/jdk.internal.reflect.DelegatingMethodAccessorImpl.invoke(DelegatingMethodAccessorImpl.java:43)
	at Script1735746406961.run(Script1735746406961.groovy:26)
	... 15 more
)
[[ATTACHMENT|C:\\Users\\henri\\Videos\\school-payment-automation-testing\\Reports\\20250102_151240\\SPRINT 1\\20250102_151241\\1735806057444.png]]

02-01-2025T15:20:57 - [TEST_STEP][PASSED] - click(findTestObject("Master Data/Admin Sekolah/Tambah Kelas/Modal Tambah/Tambahkan/Tambah Data"), CONTINUE_ON_FAILURE): Object: 'Object Repository/Master Data/Admin Sekolah/Tambah Kelas/Modal Tambah/Tambahkan/Tambah Data' is clicked on

02-01-2025T15:20:57 - [MESSAGE][PASSED] - Object: 'Object Repository/Master Data/Admin Sekolah/Tambah Kelas/Modal Tambah/Tambahkan/Tambah Data' is clicked on

02-01-2025T15:20:57 - [TEST_STEP][PASSED] - closeBrowser(CONTINUE_ON_FAILURE): Browser is closed

02-01-2025T15:20:57 - [MESSAGE][PASSED] - Browser is closed

02-01-2025T15:20:57 - [MESSAGE][FAILED] - Unable to call Test Case 'Test Cases/Master Data/Admin Sekolah/Master Data Kelas/Tambah Kelas' (Root cause: com.kms.katalon.core.exception.StepFailedException: Call Test Case 'Test Cases/Master Data/Admin Sekolah/Master Data Kelas/Tambah Kelas' failed
	at com.kms.katalon.core.keyword.builtin.CallTestCaseKeyword$_callTestCase_closure1.doCall(CallTestCaseKeyword.groovy:63)
	at com.kms.katalon.core.keyword.builtin.CallTestCaseKeyword$_callTestCase_closure1.call(CallTestCaseKeyword.groovy)
	at com.kms.katalon.core.keyword.internal.KeywordMain.runKeyword(KeywordMain.groovy:75)
	at com.kms.katalon.core.keyword.builtin.CallTestCaseKeyword.callTestCase(CallTestCaseKeyword.groovy:81)
	at com.kms.katalon.core.keyword.builtin.CallTestCaseKeyword.execute(CallTestCaseKeyword.groovy:44)
	at com.kms.katalon.core.keyword.internal.KeywordExecutor.executeKeywordForPlatform(KeywordExecutor.groovy:74)
	at com.kms.katalon.core.keyword.BuiltinKeywords.callTestCase(BuiltinKeywords.groovy:310)
	at java.base/jdk.internal.reflect.NativeMethodAccessorImpl.invoke0(Native Method)
	at java.base/jdk.internal.reflect.NativeMethodAccessorImpl.invoke(NativeMethodAccessorImpl.java:77)
	at java.base/jdk.internal.reflect.DelegatingMethodAccessorImpl.invoke(DelegatingMethodAccessorImpl.java:43)
	at Regresi Kelas.run(Regresi Kelas:26)
	at com.kms.katalon.core.main.ScriptEngine.run(ScriptEngine.java:194)
	at com.kms.katalon.core.main.ScriptEngine.runScriptAsRawText(ScriptEngine.java:119)
	at com.kms.katalon.core.main.TestCaseExecutor.runScript(TestCaseExecutor.java:448)
	at com.kms.katalon.core.main.TestCaseExecutor.doExecute(TestCaseExecutor.java:439)
	at com.kms.katalon.core.main.TestCaseExecutor.processExecutionPhase(TestCaseExecutor.java:418)
	at com.kms.katalon.core.main.TestCaseExecutor.accessMainPhase(TestCaseExecutor.java:410)
	at com.kms.katalon.core.main.TestCaseExecutor.execute(TestCaseExecutor.java:285)
	at com.kms.katalon.core.common.CommonExecutor.accessTestCaseMainPhase(CommonExecutor.java:65)
	at com.kms.katalon.core.main.TestSuiteExecutor.accessTestSuiteMainPhase(TestSuiteExecutor.java:161)
	at com.kms.katalon.core.main.TestSuiteExecutor.execute(TestSuiteExecutor.java:107)
	at com.kms.katalon.core.main.TestCaseMain.startTestSuite(TestCaseMain.java:176)
	at TempTestSuite1735805561810.run(TempTestSuite1735805561810.groovy:35)
	at java.base/jdk.internal.reflect.NativeMethodAccessorImpl.invoke0(Native Method)
	at java.base/jdk.internal.reflect.NativeMethodAccessorImpl.invoke(NativeMethodAccessorImpl.java:77)
	at java.base/jdk.internal.reflect.DelegatingMethodAccessorImpl.invoke(DelegatingMethodAccessorImpl.java:43)
Caused by: com.kms.katalon.core.exception.StepFailedException: Unable to click on object 'Object Repository/Master Data/Admin Sekolah/Tambah Kelas/Modal Tambah/Prefix/Pilih Prefix' (Root cause: com.kms.katalon.core.exception.StepFailedException: Unable to click on object 'Object Repository/Master Data/Admin Sekolah/Tambah Kelas/Modal Tambah/Prefix/Pilih Prefix'
	at com.kms.katalon.core.webui.keyword.internal.WebUIKeywordMain.stepFailed(WebUIKeywordMain.groovy:117)
	at com.kms.katalon.core.webui.keyword.internal.WebUIKeywordMain.runKeyword(WebUIKeywordMain.groovy:43)
	at com.kms.katalon.core.webui.keyword.builtin.ClickKeyword.click(ClickKeyword.groovy:75)
	at com.kms.katalon.core.webui.keyword.builtin.ClickKeyword.execute(ClickKeyword.groovy:40)
	at com.kms.katalon.core.keyword.internal.KeywordExecutor.executeKeywordForPlatform(KeywordExecutor.groovy:74)
	at com.kms.katalon.core.webui.keyword.WebUiBuiltInKeywords.click(WebUiBuiltInKeywords.groovy:684)
	at Tambah Kelas.run(Tambah Kelas:46)
	at com.kms.katalon.core.main.ScriptEngine.run(ScriptEngine.java:194)
	at com.kms.katalon.core.main.ScriptEngine.runScriptAsRawText(ScriptEngine.java:119)
	at com.kms.katalon.core.main.TestCaseExecutor.runScript(TestCaseExecutor.java:448)
	at com.kms.katalon.core.main.TestCaseExecutor.doExecute(TestCaseExecutor.java:439)
	at com.kms.katalon.core.main.TestCaseExecutor.processExecutionPhase(TestCaseExecutor.java:418)
	at com.kms.katalon.core.main.TestCaseExecutor.accessMainPhase(TestCaseExecutor.java:410)
	at com.kms.katalon.core.main.TestCaseExecutor.execute(TestCaseExecutor.java:285)
	at com.kms.katalon.core.main.TestCaseMain.runTestCase(TestCaseMain.java:133)
	at com.kms.katalon.core.keyword.builtin.CallTestCaseKeyword$_callTestCase_closure1.doCall(CallTestCaseKeyword.groovy:59)
	at com.kms.katalon.core.keyword.builtin.CallTestCaseKeyword$_callTestCase_closure1.call(CallTestCaseKeyword.groovy)
	at com.kms.katalon.core.keyword.internal.KeywordMain.runKeyword(KeywordMain.groovy:75)
	at com.kms.katalon.core.keyword.builtin.CallTestCaseKeyword.callTestCase(CallTestCaseKeyword.groovy:81)
	at com.kms.katalon.core.keyword.builtin.CallTestCaseKeyword.execute(CallTestCaseKeyword.groovy:44)
	at com.kms.katalon.core.keyword.internal.KeywordExecutor.executeKeywordForPlatform(KeywordExecutor.groovy:74)
	at com.kms.katalon.core.keyword.BuiltinKeywords.callTestCase(BuiltinKeywords.groovy:310)
	at java.base/jdk.internal.reflect.NativeMethodAccessorImpl.invoke0(Native Method)
	at java.base/jdk.internal.reflect.NativeMethodAccessorImpl.invoke(NativeMethodAccessorImpl.java:77)
	at java.base/jdk.internal.reflect.DelegatingMethodAccessorImpl.invoke(DelegatingMethodAccessorImpl.java:43)
	at Regresi Kelas.run(Regresi Kelas:26)
	at com.kms.katalon.core.main.ScriptEngine.run(ScriptEngine.java:194)
	at com.kms.katalon.core.main.ScriptEngine.runScriptAsRawText(ScriptEngine.java:119)
	at com.kms.katalon.core.main.TestCaseExecutor.runScript(TestCaseExecutor.java:448)
	at com.kms.katalon.core.main.TestCaseExecutor.doExecute(TestCaseExecutor.java:439)
	at com.kms.katalon.core.main.TestCaseExecutor.processExecutionPhase(TestCaseExecutor.java:418)
	at com.kms.katalon.core.main.TestCaseExecutor.accessMainPhase(TestCaseExecutor.java:410)
	at com.kms.katalon.core.main.TestCaseExecutor.execute(TestCaseExecutor.java:285)
	at com.kms.katalon.core.common.CommonExecutor.accessTestCaseMainPhase(CommonExecutor.java:65)
	at com.kms.katalon.core.main.TestSuiteExecutor.accessTestSuiteMainPhase(TestSuiteExecutor.java:161)
	at com.kms.katalon.core.main.TestSuiteExecutor.execute(TestSuiteExecutor.java:107)
	at com.kms.katalon.core.main.TestCaseMain.startTestSuite(TestCaseMain.java:176)
	at TempTestSuite1735805561810.run(TempTestSuite1735805561810.groovy:35)
	at java.base/jdk.internal.reflect.NativeMethodAccessorImpl.invoke0(Native Method)
	at java.base/jdk.internal.reflect.NativeMethodAccessorImpl.invoke(NativeMethodAccessorImpl.java:77)
	at java.base/jdk.internal.reflect.DelegatingMethodAccessorImpl.invoke(DelegatingMethodAccessorImpl.java:43)
Caused by: com.kms.katalon.core.webui.exception.WebElementNotFoundException: Web element with id: 'Object Repository/Master Data/Admin Sekolah/Tambah Kelas/Modal Tambah/Prefix/Pilih Prefix' located by '//*[@data-testid = 'paragraph' and (text() = 'RETEST' or . = 'RETEST')]' not found
	at com.kms.katalon.core.webui.common.WebUiCommonHelper.findWebElement(WebUiCommonHelper.java:1426)
	at com.kms.katalon.core.webui.keyword.internal.WebUIAbstractKeyword.findWebElement(WebUIAbstractKeyword.groovy:27)
	at com.kms.katalon.core.webui.keyword.builtin.ClickKeyword$_click_closure1.doCall(ClickKeyword.groovy:66)
	at com.kms.katalon.core.webui.keyword.builtin.ClickKeyword$_click_closure1.call(ClickKeyword.groovy)
	at com.kms.katalon.core.webui.keyword.internal.WebUIKeywordMain.runKeyword(WebUIKeywordMain.groovy:35)
	at com.kms.katalon.core.webui.keyword.builtin.ClickKeyword.click(ClickKeyword.groovy:75)
	at com.kms.katalon.core.webui.keyword.builtin.ClickKeyword.execute(ClickKeyword.groovy:40)
	at com.kms.katalon.core.keyword.internal.KeywordExecutor.executeKeywordForPlatform(KeywordExecutor.groovy:74)
	at com.kms.katalon.core.webui.keyword.WebUiBuiltInKeywords.click(WebUiBuiltInKeywords.groovy:684)
	at Script1731464206565.run(Script1731464206565.groovy:46)
	at com.kms.katalon.core.main.ScriptEngine.run(ScriptEngine.java:194)
	at com.kms.katalon.core.main.ScriptEngine.runScriptAsRawText(ScriptEngine.java:119)
	at com.kms.katalon.core.main.TestCaseExecutor.runScript(TestCaseExecutor.java:448)
	at com.kms.katalon.core.main.TestCaseExecutor.doExecute(TestCaseExecutor.java:439)
	at com.kms.katalon.core.main.TestCaseExecutor.processExecutionPhase(TestCaseExecutor.java:418)
	at com.kms.katalon.core.main.TestCaseExecutor.accessMainPhase(TestCaseExecutor.java:410)
	at com.kms.katalon.core.main.TestCaseExecutor.execute(TestCaseExecutor.java:285)
	at com.kms.katalon.core.main.TestCaseMain.runTestCase(TestCaseMain.java:133)
	at com.kms.katalon.core.keyword.builtin.CallTestCaseKeyword$_callTestCase_closure1.doCall(CallTestCaseKeyword.groovy:59)
	at com.kms.katalon.core.keyword.builtin.CallTestCaseKeyword$_callTestCase_closure1.call(CallTestCaseKeyword.groovy)
	at com.kms.katalon.core.keyword.internal.KeywordMain.runKeyword(KeywordMain.groovy:75)
	at com.kms.katalon.core.keyword.builtin.CallTestCaseKeyword.callTestCase(CallTestCaseKeyword.groovy:81)
	at com.kms.katalon.core.keyword.builtin.CallTestCaseKeyword.execute(CallTestCaseKeyword.groovy:44)
	at com.kms.katalon.core.keyword.internal.KeywordExecutor.executeKeywordForPlatform(KeywordExecutor.groovy:74)
	at com.kms.katalon.core.keyword.BuiltinKeywords.callTestCase(BuiltinKeywords.groovy:310)
	at java.base/jdk.internal.reflect.NativeMethodAccessorImpl.invoke0(Native Method)
	at java.base/jdk.internal.reflect.NativeMethodAccessorImpl.invoke(NativeMethodAccessorImpl.java:77)
	at java.base/jdk.internal.reflect.DelegatingMethodAccessorImpl.invoke(DelegatingMethodAccessorImpl.java:43)
	at Script1735746406961.run(Script1735746406961.groovy:26)
	... 15 more
)
	at com.kms.katalon.core.keyword.internal.KeywordMain.stepFailed(KeywordMain.groovy:39)
	at com.kms.katalon.core.webui.keyword.internal.WebUIKeywordMain.stepFailed(WebUIKeywordMain.groovy:117)
	at com.kms.katalon.core.webui.keyword.internal.WebUIKeywordMain.runKeyword(WebUIKeywordMain.groovy:43)
	at com.kms.katalon.core.webui.keyword.builtin.ClickKeyword.click(ClickKeyword.groovy:75)
	at com.kms.katalon.core.webui.keyword.builtin.ClickKeyword.execute(ClickKeyword.groovy:40)
	at com.kms.katalon.core.keyword.internal.KeywordExecutor.executeKeywordForPlatform(KeywordExecutor.groovy:74)
	at com.kms.katalon.core.webui.keyword.WebUiBuiltInKeywords.click(WebUiBuiltInKeywords.groovy:684)
	at Tambah Kelas.run(Tambah Kelas:46)
	at com.kms.katalon.core.main.ScriptEngine.run(ScriptEngine.java:194)
	at com.kms.katalon.core.main.ScriptEngine.runScriptAsRawText(ScriptEngine.java:119)
	at com.kms.katalon.core.main.TestCaseExecutor.runScript(TestCaseExecutor.java:448)
	at com.kms.katalon.core.main.TestCaseExecutor.doExecute(TestCaseExecutor.java:439)
	at com.kms.katalon.core.main.TestCaseExecutor.processExecutionPhase(TestCaseExecutor.java:418)
	at com.kms.katalon.core.main.TestCaseExecutor.accessMainPhase(TestCaseExecutor.java:410)
	at com.kms.katalon.core.main.TestCaseExecutor.execute(TestCaseExecutor.java:285)
	at com.kms.katalon.core.main.TestCaseMain.runTestCase(TestCaseMain.java:133)
	at com.kms.katalon.core.keyword.builtin.CallTestCaseKeyword$_callTestCase_closure1.doCall(CallTestCaseKeyword.groovy:59)
	... 25 more
Caused by: com.kms.katalon.core.exception.StepFailedException: Unable to click on object 'Object Repository/Master Data/Admin Sekolah/Tambah Kelas/Modal Tambah/Prefix/Pilih Prefix'
	... 41 more
Caused by: com.kms.katalon.core.webui.exception.WebElementNotFoundException: Web element with id: 'Object Repository/Master Data/Admin Sekolah/Tambah Kelas/Modal Tambah/Prefix/Pilih Prefix' located by '//*[@data-testid = 'paragraph' and (text() = 'RETEST' or . = 'RETEST')]' not found
	at com.kms.katalon.core.webui.common.WebUiCommonHelper.findWebElement(WebUiCommonHelper.java:1426)
	at com.kms.katalon.core.webui.keyword.internal.WebUIAbstractKeyword.findWebElement(WebUIAbstractKeyword.groovy:27)
	at com.kms.katalon.core.webui.keyword.builtin.ClickKeyword$_click_closure1.doCall(ClickKeyword.groovy:66)
	at com.kms.katalon.core.webui.keyword.builtin.ClickKeyword$_click_closure1.call(ClickKeyword.groovy)
	at com.kms.katalon.core.webui.keyword.internal.WebUIKeywordMain.runKeyword(WebUIKeywordMain.groovy:35)
	... 39 more
)

02-01-2025T15:20:57 - [TEST_STEP][PASSED] - println("============================= Loop Again ==============================="): null]]></system-out>
         <system-err><![CDATA[02-01-2025T15:16:01 - [TEST_CASE][FAILED] - Test Cases/Regresi Feature/Sprint 1/Regresi Kelas: Test Cases/Regresi Feature/Sprint 1/Regresi Kelas FAILED.
Reason:
com.kms.katalon.core.exception.StepFailedException: Unable to call Test Case 'Test Cases/Master Data/Admin Sekolah/Master Data Kelas/Tambah Kelas' (Root cause: com.kms.katalon.core.exception.StepFailedException: Call Test Case 'Test Cases/Master Data/Admin Sekolah/Master Data Kelas/Tambah Kelas' failed
	at com.kms.katalon.core.keyword.builtin.CallTestCaseKeyword$_callTestCase_closure1.doCall(CallTestCaseKeyword.groovy:63)
	at com.kms.katalon.core.keyword.builtin.CallTestCaseKeyword$_callTestCase_closure1.call(CallTestCaseKeyword.groovy)
	at com.kms.katalon.core.keyword.internal.KeywordMain.runKeyword(KeywordMain.groovy:75)
	at com.kms.katalon.core.keyword.builtin.CallTestCaseKeyword.callTestCase(CallTestCaseKeyword.groovy:81)
	at com.kms.katalon.core.keyword.builtin.CallTestCaseKeyword.execute(CallTestCaseKeyword.groovy:44)
	at com.kms.katalon.core.keyword.internal.KeywordExecutor.executeKeywordForPlatform(KeywordExecutor.groovy:74)
	at com.kms.katalon.core.keyword.BuiltinKeywords.callTestCase(BuiltinKeywords.groovy:310)
	at java.base/jdk.internal.reflect.NativeMethodAccessorImpl.invoke0(Native Method)
	at java.base/jdk.internal.reflect.NativeMethodAccessorImpl.invoke(NativeMethodAccessorImpl.java:77)
	at java.base/jdk.internal.reflect.DelegatingMethodAccessorImpl.invoke(DelegatingMethodAccessorImpl.java:43)
	at Regresi Kelas.run(Regresi Kelas:26)
	at com.kms.katalon.core.main.ScriptEngine.run(ScriptEngine.java:194)
	at com.kms.katalon.core.main.ScriptEngine.runScriptAsRawText(ScriptEngine.java:119)
	at com.kms.katalon.core.main.TestCaseExecutor.runScript(TestCaseExecutor.java:448)
	at com.kms.katalon.core.main.TestCaseExecutor.doExecute(TestCaseExecutor.java:439)
	at com.kms.katalon.core.main.TestCaseExecutor.processExecutionPhase(TestCaseExecutor.java:418)
	at com.kms.katalon.core.main.TestCaseExecutor.accessMainPhase(TestCaseExecutor.java:410)
	at com.kms.katalon.core.main.TestCaseExecutor.execute(TestCaseExecutor.java:285)
	at com.kms.katalon.core.common.CommonExecutor.accessTestCaseMainPhase(CommonExecutor.java:65)
	at com.kms.katalon.core.main.TestSuiteExecutor.accessTestSuiteMainPhase(TestSuiteExecutor.java:161)
	at com.kms.katalon.core.main.TestSuiteExecutor.execute(TestSuiteExecutor.java:107)
	at com.kms.katalon.core.main.TestCaseMain.startTestSuite(TestCaseMain.java:176)
	at TempTestSuite1735805561810.run(TempTestSuite1735805561810.groovy:35)
	at java.base/jdk.internal.reflect.NativeMethodAccessorImpl.invoke0(Native Method)
	at java.base/jdk.internal.reflect.NativeMethodAccessorImpl.invoke(NativeMethodAccessorImpl.java:77)
	at java.base/jdk.internal.reflect.DelegatingMethodAccessorImpl.invoke(DelegatingMethodAccessorImpl.java:43)
Caused by: com.kms.katalon.core.exception.StepFailedException: Unable to click on object 'Object Repository/Master Data/Admin Sekolah/Tambah Kelas/Modal Tambah/Prefix/Pilih Prefix' (Root cause: com.kms.katalon.core.exception.StepFailedException: Unable to click on object 'Object Repository/Master Data/Admin Sekolah/Tambah Kelas/Modal Tambah/Prefix/Pilih Prefix'
	at com.kms.katalon.core.webui.keyword.internal.WebUIKeywordMain.stepFailed(WebUIKeywordMain.groovy:117)
	at com.kms.katalon.core.webui.keyword.internal.WebUIKeywordMain.runKeyword(WebUIKeywordMain.groovy:43)
	at com.kms.katalon.core.webui.keyword.builtin.ClickKeyword.click(ClickKeyword.groovy:75)
	at com.kms.katalon.core.webui.keyword.builtin.ClickKeyword.execute(ClickKeyword.groovy:40)
	at com.kms.katalon.core.keyword.internal.KeywordExecutor.executeKeywordForPlatform(KeywordExecutor.groovy:74)
	at com.kms.katalon.core.webui.keyword.WebUiBuiltInKeywords.click(WebUiBuiltInKeywords.groovy:684)
	at Tambah Kelas.run(Tambah Kelas:46)
	at com.kms.katalon.core.main.ScriptEngine.run(ScriptEngine.java:194)
	at com.kms.katalon.core.main.ScriptEngine.runScriptAsRawText(ScriptEngine.java:119)
	at com.kms.katalon.core.main.TestCaseExecutor.runScript(TestCaseExecutor.java:448)
	at com.kms.katalon.core.main.TestCaseExecutor.doExecute(TestCaseExecutor.java:439)
	at com.kms.katalon.core.main.TestCaseExecutor.processExecutionPhase(TestCaseExecutor.java:418)
	at com.kms.katalon.core.main.TestCaseExecutor.accessMainPhase(TestCaseExecutor.java:410)
	at com.kms.katalon.core.main.TestCaseExecutor.execute(TestCaseExecutor.java:285)
	at com.kms.katalon.core.main.TestCaseMain.runTestCase(TestCaseMain.java:133)
	at com.kms.katalon.core.keyword.builtin.CallTestCaseKeyword$_callTestCase_closure1.doCall(CallTestCaseKeyword.groovy:59)
	at com.kms.katalon.core.keyword.builtin.CallTestCaseKeyword$_callTestCase_closure1.call(CallTestCaseKeyword.groovy)
	at com.kms.katalon.core.keyword.internal.KeywordMain.runKeyword(KeywordMain.groovy:75)
	at com.kms.katalon.core.keyword.builtin.CallTestCaseKeyword.callTestCase(CallTestCaseKeyword.groovy:81)
	at com.kms.katalon.core.keyword.builtin.CallTestCaseKeyword.execute(CallTestCaseKeyword.groovy:44)
	at com.kms.katalon.core.keyword.internal.KeywordExecutor.executeKeywordForPlatform(KeywordExecutor.groovy:74)
	at com.kms.katalon.core.keyword.BuiltinKeywords.callTestCase(BuiltinKeywords.groovy:310)
	at java.base/jdk.internal.reflect.NativeMethodAccessorImpl.invoke0(Native Method)
	at java.base/jdk.internal.reflect.NativeMethodAccessorImpl.invoke(NativeMethodAccessorImpl.java:77)
	at java.base/jdk.internal.reflect.DelegatingMethodAccessorImpl.invoke(DelegatingMethodAccessorImpl.java:43)
	at Regresi Kelas.run(Regresi Kelas:26)
	at com.kms.katalon.core.main.ScriptEngine.run(ScriptEngine.java:194)
	at com.kms.katalon.core.main.ScriptEngine.runScriptAsRawText(ScriptEngine.java:119)
	at com.kms.katalon.core.main.TestCaseExecutor.runScript(TestCaseExecutor.java:448)
	at com.kms.katalon.core.main.TestCaseExecutor.doExecute(TestCaseExecutor.java:439)
	at com.kms.katalon.core.main.TestCaseExecutor.processExecutionPhase(TestCaseExecutor.java:418)
	at com.kms.katalon.core.main.TestCaseExecutor.accessMainPhase(TestCaseExecutor.java:410)
	at com.kms.katalon.core.main.TestCaseExecutor.execute(TestCaseExecutor.java:285)
	at com.kms.katalon.core.common.CommonExecutor.accessTestCaseMainPhase(CommonExecutor.java:65)
	at com.kms.katalon.core.main.TestSuiteExecutor.accessTestSuiteMainPhase(TestSuiteExecutor.java:161)
	at com.kms.katalon.core.main.TestSuiteExecutor.execute(TestSuiteExecutor.java:107)
	at com.kms.katalon.core.main.TestCaseMain.startTestSuite(TestCaseMain.java:176)
	at TempTestSuite1735805561810.run(TempTestSuite1735805561810.groovy:35)
	at java.base/jdk.internal.reflect.NativeMethodAccessorImpl.invoke0(Native Method)
	at java.base/jdk.internal.reflect.NativeMethodAccessorImpl.invoke(NativeMethodAccessorImpl.java:77)
	at java.base/jdk.internal.reflect.DelegatingMethodAccessorImpl.invoke(DelegatingMethodAccessorImpl.java:43)
Caused by: com.kms.katalon.core.webui.exception.WebElementNotFoundException: Web element with id: 'Object Repository/Master Data/Admin Sekolah/Tambah Kelas/Modal Tambah/Prefix/Pilih Prefix' located by '//*[@data-testid = 'paragraph' and (text() = 'RETEST' or . = 'RETEST')]' not found
	at com.kms.katalon.core.webui.common.WebUiCommonHelper.findWebElement(WebUiCommonHelper.java:1426)
	at com.kms.katalon.core.webui.keyword.internal.WebUIAbstractKeyword.findWebElement(WebUIAbstractKeyword.groovy:27)
	at com.kms.katalon.core.webui.keyword.builtin.ClickKeyword$_click_closure1.doCall(ClickKeyword.groovy:66)
	at com.kms.katalon.core.webui.keyword.builtin.ClickKeyword$_click_closure1.call(ClickKeyword.groovy)
	at com.kms.katalon.core.webui.keyword.internal.WebUIKeywordMain.runKeyword(WebUIKeywordMain.groovy:35)
	at com.kms.katalon.core.webui.keyword.builtin.ClickKeyword.click(ClickKeyword.groovy:75)
	at com.kms.katalon.core.webui.keyword.builtin.ClickKeyword.execute(ClickKeyword.groovy:40)
	at com.kms.katalon.core.keyword.internal.KeywordExecutor.executeKeywordForPlatform(KeywordExecutor.groovy:74)
	at com.kms.katalon.core.webui.keyword.WebUiBuiltInKeywords.click(WebUiBuiltInKeywords.groovy:684)
	at Script1731464206565.run(Script1731464206565.groovy:46)
	at com.kms.katalon.core.main.ScriptEngine.run(ScriptEngine.java:194)
	at com.kms.katalon.core.main.ScriptEngine.runScriptAsRawText(ScriptEngine.java:119)
	at com.kms.katalon.core.main.TestCaseExecutor.runScript(TestCaseExecutor.java:448)
	at com.kms.katalon.core.main.TestCaseExecutor.doExecute(TestCaseExecutor.java:439)
	at com.kms.katalon.core.main.TestCaseExecutor.processExecutionPhase(TestCaseExecutor.java:418)
	at com.kms.katalon.core.main.TestCaseExecutor.accessMainPhase(TestCaseExecutor.java:410)
	at com.kms.katalon.core.main.TestCaseExecutor.execute(TestCaseExecutor.java:285)
	at com.kms.katalon.core.main.TestCaseMain.runTestCase(TestCaseMain.java:133)
	at com.kms.katalon.core.keyword.builtin.CallTestCaseKeyword$_callTestCase_closure1.doCall(CallTestCaseKeyword.groovy:59)
	at com.kms.katalon.core.keyword.builtin.CallTestCaseKeyword$_callTestCase_closure1.call(CallTestCaseKeyword.groovy)
	at com.kms.katalon.core.keyword.internal.KeywordMain.runKeyword(KeywordMain.groovy:75)
	at com.kms.katalon.core.keyword.builtin.CallTestCaseKeyword.callTestCase(CallTestCaseKeyword.groovy:81)
	at com.kms.katalon.core.keyword.builtin.CallTestCaseKeyword.execute(CallTestCaseKeyword.groovy:44)
	at com.kms.katalon.core.keyword.internal.KeywordExecutor.executeKeywordForPlatform(KeywordExecutor.groovy:74)
	at com.kms.katalon.core.keyword.BuiltinKeywords.callTestCase(BuiltinKeywords.groovy:310)
	at java.base/jdk.internal.reflect.NativeMethodAccessorImpl.invoke0(Native Method)
	at java.base/jdk.internal.reflect.NativeMethodAccessorImpl.invoke(NativeMethodAccessorImpl.java:77)
	at java.base/jdk.internal.reflect.DelegatingMethodAccessorImpl.invoke(DelegatingMethodAccessorImpl.java:43)
	at Script1735746406961.run(Script1735746406961.groovy:26)
	... 15 more
)
	at com.kms.katalon.core.keyword.internal.KeywordMain.stepFailed(KeywordMain.groovy:39)
	at com.kms.katalon.core.webui.keyword.internal.WebUIKeywordMain.stepFailed(WebUIKeywordMain.groovy:117)
	at com.kms.katalon.core.webui.keyword.internal.WebUIKeywordMain.runKeyword(WebUIKeywordMain.groovy:43)
	at com.kms.katalon.core.webui.keyword.builtin.ClickKeyword.click(ClickKeyword.groovy:75)
	at com.kms.katalon.core.webui.keyword.builtin.ClickKeyword.execute(ClickKeyword.groovy:40)
	at com.kms.katalon.core.keyword.internal.KeywordExecutor.executeKeywordForPlatform(KeywordExecutor.groovy:74)
	at com.kms.katalon.core.webui.keyword.WebUiBuiltInKeywords.click(WebUiBuiltInKeywords.groovy:684)
	at Tambah Kelas.run(Tambah Kelas:46)
	at com.kms.katalon.core.main.ScriptEngine.run(ScriptEngine.java:194)
	at com.kms.katalon.core.main.ScriptEngine.runScriptAsRawText(ScriptEngine.java:119)
	at com.kms.katalon.core.main.TestCaseExecutor.runScript(TestCaseExecutor.java:448)
	at com.kms.katalon.core.main.TestCaseExecutor.doExecute(TestCaseExecutor.java:439)
	at com.kms.katalon.core.main.TestCaseExecutor.processExecutionPhase(TestCaseExecutor.java:418)
	at com.kms.katalon.core.main.TestCaseExecutor.accessMainPhase(TestCaseExecutor.java:410)
	at com.kms.katalon.core.main.TestCaseExecutor.execute(TestCaseExecutor.java:285)
	at com.kms.katalon.core.main.TestCaseMain.runTestCase(TestCaseMain.java:133)
	at com.kms.katalon.core.keyword.builtin.CallTestCaseKeyword$_callTestCase_closure1.doCall(CallTestCaseKeyword.groovy:59)
	... 25 more
Caused by: com.kms.katalon.core.exception.StepFailedException: Unable to click on object 'Object Repository/Master Data/Admin Sekolah/Tambah Kelas/Modal Tambah/Prefix/Pilih Prefix'
	... 41 more
Caused by: com.kms.katalon.core.webui.exception.WebElementNotFoundException: Web element with id: 'Object Repository/Master Data/Admin Sekolah/Tambah Kelas/Modal Tambah/Prefix/Pilih Prefix' located by '//*[@data-testid = 'paragraph' and (text() = 'RETEST' or . = 'RETEST')]' not found
	at com.kms.katalon.core.webui.common.WebUiCommonHelper.findWebElement(WebUiCommonHelper.java:1426)
	at com.kms.katalon.core.webui.keyword.internal.WebUIAbstractKeyword.findWebElement(WebUIAbstractKeyword.groovy:27)
	at com.kms.katalon.core.webui.keyword.builtin.ClickKeyword$_click_closure1.doCall(ClickKeyword.groovy:66)
	at com.kms.katalon.core.webui.keyword.builtin.ClickKeyword$_click_closure1.call(ClickKeyword.groovy)
	at com.kms.katalon.core.webui.keyword.internal.WebUIKeywordMain.runKeyword(WebUIKeywordMain.groovy:35)
	... 39 more
)
	at com.kms.katalon.core.keyword.internal.KeywordMain.stepFailed(KeywordMain.groovy:39)
	at com.kms.katalon.core.keyword.internal.KeywordMain.stepFailed(KeywordMain.groovy)
	at com.kms.katalon.core.keyword.internal.KeywordMain.runKeyword(KeywordMain.groovy:77)
	at com.kms.katalon.core.keyword.builtin.CallTestCaseKeyword.callTestCase(CallTestCaseKeyword.groovy:81)
	at com.kms.katalon.core.keyword.builtin.CallTestCaseKeyword.execute(CallTestCaseKeyword.groovy:44)
	at com.kms.katalon.core.keyword.internal.KeywordExecutor.executeKeywordForPlatform(KeywordExecutor.groovy:74)
	at com.kms.katalon.core.keyword.BuiltinKeywords.callTestCase(BuiltinKeywords.groovy:310)
	at java.base/jdk.internal.reflect.NativeMethodAccessorImpl.invoke0(Native Method)
	at java.base/jdk.internal.reflect.NativeMethodAccessorImpl.invoke(NativeMethodAccessorImpl.java:77)
	at java.base/jdk.internal.reflect.DelegatingMethodAccessorImpl.invoke(DelegatingMethodAccessorImpl.java:43)
	at Regresi Kelas.run(Regresi Kelas:26)
	at com.kms.katalon.core.main.ScriptEngine.run(ScriptEngine.java:194)
	at com.kms.katalon.core.main.ScriptEngine.runScriptAsRawText(ScriptEngine.java:119)
	at com.kms.katalon.core.main.TestCaseExecutor.runScript(TestCaseExecutor.java:448)
	at com.kms.katalon.core.main.TestCaseExecutor.doExecute(TestCaseExecutor.java:439)
	at com.kms.katalon.core.main.TestCaseExecutor.processExecutionPhase(TestCaseExecutor.java:418)
	at com.kms.katalon.core.main.TestCaseExecutor.accessMainPhase(TestCaseExecutor.java:410)
	at com.kms.katalon.core.main.TestCaseExecutor.execute(TestCaseExecutor.java:285)
	at com.kms.katalon.core.common.CommonExecutor.accessTestCaseMainPhase(CommonExecutor.java:65)
	at com.kms.katalon.core.main.TestSuiteExecutor.accessTestSuiteMainPhase(TestSuiteExecutor.java:161)
	at com.kms.katalon.core.main.TestSuiteExecutor.execute(TestSuiteExecutor.java:107)
	at com.kms.katalon.core.main.TestCaseMain.startTestSuite(TestCaseMain.java:176)
	at TempTestSuite1735805561810.run(TempTestSuite1735805561810.groovy:35)
	at java.base/jdk.internal.reflect.NativeMethodAccessorImpl.invoke0(Native Method)
	at java.base/jdk.internal.reflect.NativeMethodAccessorImpl.invoke(NativeMethodAccessorImpl.java:77)
	at java.base/jdk.internal.reflect.DelegatingMethodAccessorImpl.invoke(DelegatingMethodAccessorImpl.java:43)
Caused by: com.kms.katalon.core.exception.StepFailedException: Call Test Case 'Test Cases/Master Data/Admin Sekolah/Master Data Kelas/Tambah Kelas' failed
	at com.kms.katalon.core.keyword.builtin.CallTestCaseKeyword$_callTestCase_closure1.doCall(CallTestCaseKeyword.groovy:63)
	at com.kms.katalon.core.keyword.builtin.CallTestCaseKeyword$_callTestCase_closure1.call(CallTestCaseKeyword.groovy)
	at com.kms.katalon.core.keyword.internal.KeywordMain.runKeyword(KeywordMain.groovy:75)
	... 23 more
Caused by: com.kms.katalon.core.exception.StepFailedException: Unable to click on object 'Object Repository/Master Data/Admin Sekolah/Tambah Kelas/Modal Tambah/Prefix/Pilih Prefix' (Root cause: com.kms.katalon.core.exception.StepFailedException: Unable to click on object 'Object Repository/Master Data/Admin Sekolah/Tambah Kelas/Modal Tambah/Prefix/Pilih Prefix'
	at com.kms.katalon.core.webui.keyword.internal.WebUIKeywordMain.stepFailed(WebUIKeywordMain.groovy:117)
	at com.kms.katalon.core.webui.keyword.internal.WebUIKeywordMain.runKeyword(WebUIKeywordMain.groovy:43)
	at com.kms.katalon.core.webui.keyword.builtin.ClickKeyword.click(ClickKeyword.groovy:75)
	at com.kms.katalon.core.webui.keyword.builtin.ClickKeyword.execute(ClickKeyword.groovy:40)
	at com.kms.katalon.core.keyword.internal.KeywordExecutor.executeKeywordForPlatform(KeywordExecutor.groovy:74)
	at com.kms.katalon.core.webui.keyword.WebUiBuiltInKeywords.click(WebUiBuiltInKeywords.groovy:684)
	at Tambah Kelas.run(Tambah Kelas:46)
	at com.kms.katalon.core.main.ScriptEngine.run(ScriptEngine.java:194)
	at com.kms.katalon.core.main.ScriptEngine.runScriptAsRawText(ScriptEngine.java:119)
	at com.kms.katalon.core.main.TestCaseExecutor.runScript(TestCaseExecutor.java:448)
	at com.kms.katalon.core.main.TestCaseExecutor.doExecute(TestCaseExecutor.java:439)
	at com.kms.katalon.core.main.TestCaseExecutor.processExecutionPhase(TestCaseExecutor.java:418)
	at com.kms.katalon.core.main.TestCaseExecutor.accessMainPhase(TestCaseExecutor.java:410)
	at com.kms.katalon.core.main.TestCaseExecutor.execute(TestCaseExecutor.java:285)
	at com.kms.katalon.core.main.TestCaseMain.runTestCase(TestCaseMain.java:133)
	at com.kms.katalon.core.keyword.builtin.CallTestCaseKeyword$_callTestCase_closure1.doCall(CallTestCaseKeyword.groovy:59)
	at com.kms.katalon.core.keyword.builtin.CallTestCaseKeyword$_callTestCase_closure1.call(CallTestCaseKeyword.groovy)
	at com.kms.katalon.core.keyword.internal.KeywordMain.runKeyword(KeywordMain.groovy:75)
	at com.kms.katalon.core.keyword.builtin.CallTestCaseKeyword.callTestCase(CallTestCaseKeyword.groovy:81)
	at com.kms.katalon.core.keyword.builtin.CallTestCaseKeyword.execute(CallTestCaseKeyword.groovy:44)
	at com.kms.katalon.core.keyword.internal.KeywordExecutor.executeKeywordForPlatform(KeywordExecutor.groovy:74)
	at com.kms.katalon.core.keyword.BuiltinKeywords.callTestCase(BuiltinKeywords.groovy:310)
	at java.base/jdk.internal.reflect.NativeMethodAccessorImpl.invoke0(Native Method)
	at java.base/jdk.internal.reflect.NativeMethodAccessorImpl.invoke(NativeMethodAccessorImpl.java:77)
	at java.base/jdk.internal.reflect.DelegatingMethodAccessorImpl.invoke(DelegatingMethodAccessorImpl.java:43)
	at Regresi Kelas.run(Regresi Kelas:26)
	at com.kms.katalon.core.main.ScriptEngine.run(ScriptEngine.java:194)
	at com.kms.katalon.core.main.ScriptEngine.runScriptAsRawText(ScriptEngine.java:119)
	at com.kms.katalon.core.main.TestCaseExecutor.runScript(TestCaseExecutor.java:448)
	at com.kms.katalon.core.main.TestCaseExecutor.doExecute(TestCaseExecutor.java:439)
	at com.kms.katalon.core.main.TestCaseExecutor.processExecutionPhase(TestCaseExecutor.java:418)
	at com.kms.katalon.core.main.TestCaseExecutor.accessMainPhase(TestCaseExecutor.java:410)
	at com.kms.katalon.core.main.TestCaseExecutor.execute(TestCaseExecutor.java:285)
	at com.kms.katalon.core.common.CommonExecutor.accessTestCaseMainPhase(CommonExecutor.java:65)
	at com.kms.katalon.core.main.TestSuiteExecutor.accessTestSuiteMainPhase(TestSuiteExecutor.java:161)
	at com.kms.katalon.core.main.TestSuiteExecutor.execute(TestSuiteExecutor.java:107)
	at com.kms.katalon.core.main.TestCaseMain.startTestSuite(TestCaseMain.java:176)
	at TempTestSuite1735805561810.run(TempTestSuite1735805561810.groovy:35)
	at java.base/jdk.internal.reflect.NativeMethodAccessorImpl.invoke0(Native Method)
	at java.base/jdk.internal.reflect.NativeMethodAccessorImpl.invoke(NativeMethodAccessorImpl.java:77)
	at java.base/jdk.internal.reflect.DelegatingMethodAccessorImpl.invoke(DelegatingMethodAccessorImpl.java:43)
Caused by: com.kms.katalon.core.webui.exception.WebElementNotFoundException: Web element with id: 'Object Repository/Master Data/Admin Sekolah/Tambah Kelas/Modal Tambah/Prefix/Pilih Prefix' located by '//*[@data-testid = 'paragraph' and (text() = 'RETEST' or . = 'RETEST')]' not found
	at com.kms.katalon.core.webui.common.WebUiCommonHelper.findWebElement(WebUiCommonHelper.java:1426)
	at com.kms.katalon.core.webui.keyword.internal.WebUIAbstractKeyword.findWebElement(WebUIAbstractKeyword.groovy:27)
	at com.kms.katalon.core.webui.keyword.builtin.ClickKeyword$_click_closure1.doCall(ClickKeyword.groovy:66)
	at com.kms.katalon.core.webui.keyword.builtin.ClickKeyword$_click_closure1.call(ClickKeyword.groovy)
	at com.kms.katalon.core.webui.keyword.internal.WebUIKeywordMain.runKeyword(WebUIKeywordMain.groovy:35)
	at com.kms.katalon.core.webui.keyword.builtin.ClickKeyword.click(ClickKeyword.groovy:75)
	at com.kms.katalon.core.webui.keyword.builtin.ClickKeyword.execute(ClickKeyword.groovy:40)
	at com.kms.katalon.core.keyword.internal.KeywordExecutor.executeKeywordForPlatform(KeywordExecutor.groovy:74)
	at com.kms.katalon.core.webui.keyword.WebUiBuiltInKeywords.click(WebUiBuiltInKeywords.groovy:684)
	at Script1731464206565.run(Script1731464206565.groovy:46)
	at com.kms.katalon.core.main.ScriptEngine.run(ScriptEngine.java:194)
	at com.kms.katalon.core.main.ScriptEngine.runScriptAsRawText(ScriptEngine.java:119)
	at com.kms.katalon.core.main.TestCaseExecutor.runScript(TestCaseExecutor.java:448)
	at com.kms.katalon.core.main.TestCaseExecutor.doExecute(TestCaseExecutor.java:439)
	at com.kms.katalon.core.main.TestCaseExecutor.processExecutionPhase(TestCaseExecutor.java:418)
	at com.kms.katalon.core.main.TestCaseExecutor.accessMainPhase(TestCaseExecutor.java:410)
	at com.kms.katalon.core.main.TestCaseExecutor.execute(TestCaseExecutor.java:285)
	at com.kms.katalon.core.main.TestCaseMain.runTestCase(TestCaseMain.java:133)
	at com.kms.katalon.core.keyword.builtin.CallTestCaseKeyword$_callTestCase_closure1.doCall(CallTestCaseKeyword.groovy:59)
	at com.kms.katalon.core.keyword.builtin.CallTestCaseKeyword$_callTestCase_closure1.call(CallTestCaseKeyword.groovy)
	at com.kms.katalon.core.keyword.internal.KeywordMain.runKeyword(KeywordMain.groovy:75)
	at com.kms.katalon.core.keyword.builtin.CallTestCaseKeyword.callTestCase(CallTestCaseKeyword.groovy:81)
	at com.kms.katalon.core.keyword.builtin.CallTestCaseKeyword.execute(CallTestCaseKeyword.groovy:44)
	at com.kms.katalon.core.keyword.internal.KeywordExecutor.executeKeywordForPlatform(KeywordExecutor.groovy:74)
	at com.kms.katalon.core.keyword.BuiltinKeywords.callTestCase(BuiltinKeywords.groovy:310)
	at java.base/jdk.internal.reflect.NativeMethodAccessorImpl.invoke0(Native Method)
	at java.base/jdk.internal.reflect.NativeMethodAccessorImpl.invoke(NativeMethodAccessorImpl.java:77)
	at java.base/jdk.internal.reflect.DelegatingMethodAccessorImpl.invoke(DelegatingMethodAccessorImpl.java:43)
	at Script1735746406961.run(Script1735746406961.groovy:26)
	... 15 more
)
	at com.kms.katalon.core.keyword.internal.KeywordMain.stepFailed(KeywordMain.groovy:39)
	at com.kms.katalon.core.webui.keyword.internal.WebUIKeywordMain.stepFailed(WebUIKeywordMain.groovy:117)
	at com.kms.katalon.core.webui.keyword.internal.WebUIKeywordMain.runKeyword(WebUIKeywordMain.groovy:43)
	at com.kms.katalon.core.webui.keyword.builtin.ClickKeyword.click(ClickKeyword.groovy:75)
	at com.kms.katalon.core.webui.keyword.builtin.ClickKeyword.execute(ClickKeyword.groovy:40)
	at com.kms.katalon.core.keyword.internal.KeywordExecutor.executeKeywordForPlatform(KeywordExecutor.groovy:74)
	at com.kms.katalon.core.webui.keyword.WebUiBuiltInKeywords.click(WebUiBuiltInKeywords.groovy:684)
	at Tambah Kelas.run(Tambah Kelas:46)
	at com.kms.katalon.core.main.ScriptEngine.run(ScriptEngine.java:194)
	at com.kms.katalon.core.main.ScriptEngine.runScriptAsRawText(ScriptEngine.java:119)
	at com.kms.katalon.core.main.TestCaseExecutor.runScript(TestCaseExecutor.java:448)
	at com.kms.katalon.core.main.TestCaseExecutor.doExecute(TestCaseExecutor.java:439)
	at com.kms.katalon.core.main.TestCaseExecutor.processExecutionPhase(TestCaseExecutor.java:418)
	at com.kms.katalon.core.main.TestCaseExecutor.accessMainPhase(TestCaseExecutor.java:410)
	at com.kms.katalon.core.main.TestCaseExecutor.execute(TestCaseExecutor.java:285)
	at com.kms.katalon.core.main.TestCaseMain.runTestCase(TestCaseMain.java:133)
	at com.kms.katalon.core.keyword.builtin.CallTestCaseKeyword$_callTestCase_closure1.doCall(CallTestCaseKeyword.groovy:59)
	... 25 more
Caused by: com.kms.katalon.core.exception.StepFailedException: Unable to click on object 'Object Repository/Master Data/Admin Sekolah/Tambah Kelas/Modal Tambah/Prefix/Pilih Prefix'
	... 41 more
Caused by: com.kms.katalon.core.webui.exception.WebElementNotFoundException: Web element with id: 'Object Repository/Master Data/Admin Sekolah/Tambah Kelas/Modal Tambah/Prefix/Pilih Prefix' located by '//*[@data-testid = 'paragraph' and (text() = 'RETEST' or . = 'RETEST')]' not found
	at com.kms.katalon.core.webui.common.WebUiCommonHelper.findWebElement(WebUiCommonHelper.java:1426)
	at com.kms.katalon.core.webui.keyword.internal.WebUIAbstractKeyword.findWebElement(WebUIAbstractKeyword.groovy:27)
	at com.kms.katalon.core.webui.keyword.builtin.ClickKeyword$_click_closure1.doCall(ClickKeyword.groovy:66)
	at com.kms.katalon.core.webui.keyword.builtin.ClickKeyword$_click_closure1.call(ClickKeyword.groovy)
	at com.kms.katalon.core.webui.keyword.internal.WebUIKeywordMain.runKeyword(WebUIKeywordMain.groovy:35)
	... 39 more]]></system-err>
      </testcase>
      <testcase name="Test Cases/Regresi Feature/Sprint 1/Regresi Pengaturan Sekolah" time="171.186" classname="Test Cases/Regresi Feature/Sprint 1/Regresi Pengaturan Sekolah" status="PASSED">
         <system-out><![CDATA[02-01-2025T15:20:57 - [TEST_CASE][PASSED] - Test Cases/Regresi Feature/Sprint 1/Regresi Pengaturan Sekolah: Test Cases/Regresi Feature/Sprint 1/Regresi Pengaturan Sekolah

02-01-2025T15:20:58 - [TEST_STEP][PASSED] - for ([i = 1, i <= maxLoop, (i++)]): null

02-01-2025T15:20:58 - [TEST_STEP][PASSED] - callTestCase(findTestCase("Test Cases/Master Data/Super Admin/Master Data Sekolah/Tambah Sekolah"), [:], CONTINUE_ON_FAILURE): Call Test Case 'Test Cases/Master Data/Super Admin/Master Data Sekolah/Tambah Sekolah' successfully

02-01-2025T15:20:58 - [TEST_CASE][PASSED] - Test Cases/Master Data/Super Admin/Master Data Sekolah/Tambah Sekolah: Test Cases/Master Data/Super Admin/Master Data Sekolah/Tambah Sekolah

02-01-2025T15:20:58 - [TEST_STEP][PASSED] - openBrowser("", CONTINUE_ON_FAILURE): Browser is opened with url: ''

02-01-2025T15:20:58 - [MESSAGE][INFO] - Starting 'Chrome' driver

02-01-2025T15:20:58 - [MESSAGE][INFO] - Action delay is set to 0 milliseconds

02-01-2025T15:20:58 - [MESSAGE][PASSED] - Browser is opened with url: ''

02-01-2025T15:20:59 - [TEST_STEP][PASSED] - navigateToUrl("https://school-payment.digiform.co.id/login", CONTINUE_ON_FAILURE): Navigate to 'https://school-payment.digiform.co.id/login' successfully

02-01-2025T15:20:59 - [MESSAGE][PASSED] - Navigate to 'https://school-payment.digiform.co.id/login' successfully

02-01-2025T15:20:59 - [TEST_STEP][PASSED] - click(findTestObject("Master Data/Admin Sekolah/Login/Field Email"), CONTINUE_ON_FAILURE): Object: 'Object Repository/Master Data/Admin Sekolah/Login/Field Email' is clicked on

02-01-2025T15:21:00 - [MESSAGE][PASSED] - Object: 'Object Repository/Master Data/Admin Sekolah/Login/Field Email' is clicked on

02-01-2025T15:21:00 - [TEST_STEP][PASSED] - setText(findTestObject("Master Data/Admin Sekolah/Login/Field Email"), "admin@gmail.com", CONTINUE_ON_FAILURE): Text 'admin@gmail.com' is set on object 'Object Repository/Master Data/Admin Sekolah/Login/Field Email'

02-01-2025T15:21:01 - [MESSAGE][PASSED] - Text 'admin@gmail.com' is set on object 'Object Repository/Master Data/Admin Sekolah/Login/Field Email'

02-01-2025T15:21:01 - [TEST_STEP][PASSED] - click(findTestObject("Master Data/Admin Sekolah/Login/Input Password"), CONTINUE_ON_FAILURE): Object: 'Object Repository/Master Data/Admin Sekolah/Login/Input Password' is clicked on

02-01-2025T15:21:01 - [MESSAGE][PASSED] - Object: 'Object Repository/Master Data/Admin Sekolah/Login/Input Password' is clicked on

02-01-2025T15:21:01 - [TEST_STEP][PASSED] - setText(findTestObject("Master Data/Admin Sekolah/Login/Input Password"), "Test1234", CONTINUE_ON_FAILURE): Text 'Test1234' is set on object 'Object Repository/Master Data/Admin Sekolah/Login/Input Password'

02-01-2025T15:21:02 - [MESSAGE][PASSED] - Text 'Test1234' is set on object 'Object Repository/Master Data/Admin Sekolah/Login/Input Password'

02-01-2025T15:21:02 - [TEST_STEP][PASSED] - click(findTestObject("Master Data/Admin Sekolah/Login/Button Submit"), CONTINUE_ON_FAILURE): Object: 'Object Repository/Master Data/Admin Sekolah/Login/Button Submit' is clicked on

02-01-2025T15:21:02 - [MESSAGE][PASSED] - Object: 'Object Repository/Master Data/Admin Sekolah/Login/Button Submit' is clicked on

02-01-2025T15:21:02 - [TEST_STEP][PASSED] - waitForPageLoad(5, CONTINUE_ON_FAILURE): Wait for page load successfully

02-01-2025T15:21:02 - [MESSAGE][PASSED] - Wait for page load successfully

02-01-2025T15:21:02 - [TEST_STEP][PASSED] - click(findTestObject("Master Data/Super Admin/Homepage Menu/Sidebar Menu"), CONTINUE_ON_FAILURE): Object: 'Object Repository/Master Data/Super Admin/Homepage Menu/Sidebar Menu' is clicked on

02-01-2025T15:21:04 - [MESSAGE][PASSED] - Object: 'Object Repository/Master Data/Super Admin/Homepage Menu/Sidebar Menu' is clicked on

02-01-2025T15:21:04 - [TEST_STEP][PASSED] - click(findTestObject("Master Data/Super Admin/Homepage Menu/Sub Menu Sekolah"), CONTINUE_ON_FAILURE): Object: 'Object Repository/Master Data/Super Admin/Homepage Menu/Sub Menu Sekolah' is clicked on

02-01-2025T15:21:04 - [MESSAGE][PASSED] - Object: 'Object Repository/Master Data/Super Admin/Homepage Menu/Sub Menu Sekolah' is clicked on

02-01-2025T15:21:04 - [TEST_STEP][PASSED] - click(findTestObject("Master Data/Super Admin/Master Sekolah Dashboard/Button Tambah"), CONTINUE_ON_FAILURE): Object: 'Object Repository/Master Data/Super Admin/Master Sekolah Dashboard/Button Tambah' is clicked on

02-01-2025T15:21:04 - [MESSAGE][PASSED] - Object: 'Object Repository/Master Data/Super Admin/Master Sekolah Dashboard/Button Tambah' is clicked on

02-01-2025T15:21:04 - [TEST_STEP][PASSED] - waitForPageLoad(5, CONTINUE_ON_FAILURE): Wait for page load successfully

02-01-2025T15:21:04 - [MESSAGE][PASSED] - Wait for page load successfully

02-01-2025T15:21:04 - [TEST_STEP][PASSED] - sekolahDataList = [["NPSN":generateRandomNPSN(), "Telephone":generateRandomNomorHP(), "NamaSekolah":generateRandomNamaSekolah(), "Email":generateRandomEmail(generateRandomNamaSekolah())]]: null

02-01-2025T15:21:04 - [TEST_STEP][PASSED] - return (java.lang.Math.abs(new java.util.Random().nextLong()) % 10000000000).toString().padLeft(10, 0): null

02-01-2025T15:21:04 - [TEST_STEP][PASSED] - return (08 + (java.lang.Math.abs(new java.util.Random().nextLong()) % 1000000000).toString().padLeft(9, 0)): null

02-01-2025T15:21:04 - [TEST_STEP][PASSED] - namaSekolahList = ["SMA Harapan Bangsa", "SMA Citra Nusantara", "SMA Tunas Muda", "SMA Pelita Harapan", "SMA Duta Bangsa", "SMA Bina Insan", "SMA Mandiri Jaya", "SMA Cendekia Utama", "SMA Cahaya Bangsa", "SMA Kasih Ibu", "SMA Tunas Bangsa", "SMA Nusa Jaya", "SMA Karya Mandiri", "SMA Pelita Cita", "SMA Inspirasi Bangsa", "SMA Sejahtera", "SMA Bintang Terang", "SMA Elang Nusantara", "SMA Gemilang Prestasi", "SMA Bina Cita", "SMA Anak Bangsa", "SMA Prima Nusantara", "SMA Pertiwi", "SMA Persada", "SMA Pionir Harapan", "SMA Cakra Nusantara", "SMA Global Mandiri", "SMA Pelangi Nusantara", "SMA Bhakti Pertiwi", "SMA Citra Bangsa", "SMA Harmoni", "SMA Tunas Cendekia", "SMA Unggul Bangsa", "SMA Bina Generasi", "SMA Gemilang Jaya", "SMA Purna Bhakti", "SMA Nusantara Jaya", "SMA Wijaya Kusuma", "SMA Merdeka", "SMA Pertiwi Sejahtera", "SMA Pelita Nusantara", "SMA Cahaya Pertiwi", "SMA Tunas Harapan", "SMA Satria Mandiri", "SMA Bina Utama", "SMA Pionir Nusantara", "SMA Mutiara Bangsa", "SMA Kasih Bangsa", "SMA Nusa Indah", "SMA Bina Prestasi"]: null

02-01-2025T15:21:05 - [TEST_STEP][PASSED] - return namaSekolahList[new java.util.Random().nextInt(namaSekolahList.size())]: null

02-01-2025T15:21:05 - [TEST_STEP][PASSED] - namaSekolahList = ["SMA Harapan Bangsa", "SMA Citra Nusantara", "SMA Tunas Muda", "SMA Pelita Harapan", "SMA Duta Bangsa", "SMA Bina Insan", "SMA Mandiri Jaya", "SMA Cendekia Utama", "SMA Cahaya Bangsa", "SMA Kasih Ibu", "SMA Tunas Bangsa", "SMA Nusa Jaya", "SMA Karya Mandiri", "SMA Pelita Cita", "SMA Inspirasi Bangsa", "SMA Sejahtera", "SMA Bintang Terang", "SMA Elang Nusantara", "SMA Gemilang Prestasi", "SMA Bina Cita", "SMA Anak Bangsa", "SMA Prima Nusantara", "SMA Pertiwi", "SMA Persada", "SMA Pionir Harapan", "SMA Cakra Nusantara", "SMA Global Mandiri", "SMA Pelangi Nusantara", "SMA Bhakti Pertiwi", "SMA Citra Bangsa", "SMA Harmoni", "SMA Tunas Cendekia", "SMA Unggul Bangsa", "SMA Bina Generasi", "SMA Gemilang Jaya", "SMA Purna Bhakti", "SMA Nusantara Jaya", "SMA Wijaya Kusuma", "SMA Merdeka", "SMA Pertiwi Sejahtera", "SMA Pelita Nusantara", "SMA Cahaya Pertiwi", "SMA Tunas Harapan", "SMA Satria Mandiri", "SMA Bina Utama", "SMA Pionir Nusantara", "SMA Mutiara Bangsa", "SMA Kasih Bangsa", "SMA Nusa Indah", "SMA Bina Prestasi"]: null

02-01-2025T15:21:05 - [TEST_STEP][PASSED] - return namaSekolahList[new java.util.Random().nextInt(namaSekolahList.size())]: null

02-01-2025T15:21:05 - [TEST_STEP][PASSED] - namaSekolahFormatted = toLowerCase().replaceAll("\s+", ""): null

02-01-2025T15:21:05 - [TEST_STEP][PASSED] - return (namaSekolahFormatted + @sch.id): null

02-01-2025T15:21:05 - [TEST_STEP][PASSED] - for (Map<String, String> sekolahData : sekolahDataList): null

02-01-2025T15:21:05 - [TEST_STEP][PASSED] - fillFormWithData(sekolahData): null

02-01-2025T15:21:05 - [TEST_STEP][PASSED] - setText(findTestObject("Master Data/Super Admin/Form Sekolah/Field NPSN"), formData["NPSN"]): Text '3966508145' is set on object 'Object Repository/Master Data/Super Admin/Form Sekolah/Field NPSN'

02-01-2025T15:21:05 - [MESSAGE][PASSED] - Text '3966508145' is set on object 'Object Repository/Master Data/Super Admin/Form Sekolah/Field NPSN'

02-01-2025T15:21:05 - [TEST_STEP][PASSED] - setText(findTestObject("Master Data/Super Admin/Form Sekolah/Field Telephone"), formData["Telephone"]): Text '08704785669' is set on object 'Object Repository/Master Data/Super Admin/Form Sekolah/Field Telephone'

02-01-2025T15:21:06 - [MESSAGE][PASSED] - Text '08704785669' is set on object 'Object Repository/Master Data/Super Admin/Form Sekolah/Field Telephone'

02-01-2025T15:21:06 - [TEST_STEP][PASSED] - setText(findTestObject("Master Data/Super Admin/Form Sekolah/Field Nama Sekolah"), formData["NamaSekolah"]): Text 'SMA Anak Bangsa' is set on object 'Object Repository/Master Data/Super Admin/Form Sekolah/Field Nama Sekolah'

02-01-2025T15:21:07 - [MESSAGE][PASSED] - Text 'SMA Anak Bangsa' is set on object 'Object Repository/Master Data/Super Admin/Form Sekolah/Field Nama Sekolah'

02-01-2025T15:21:07 - [TEST_STEP][PASSED] - setText(findTestObject("Master Data/Super Admin/Form Sekolah/Field Email"), formData["Email"]): null

02-01-2025T15:21:07 - [MESSAGE][PASSED] - Text 'smainspirasibangsa@sch.id' is set on object 'Object Repository/Master Data/Super Admin/Form Sekolah/Field Email'

02-01-2025T15:21:07 - [TEST_STEP][PASSED] - delay(1): Delayed 1 second(s)

02-01-2025T15:21:08 - [MESSAGE][PASSED] - Delayed 1 second(s)

02-01-2025T15:21:08 - [TEST_STEP][PASSED] - scrollToElement(findTestObject("Master Data/Super Admin/Form Sekolah/Field Email"), 0, CONTINUE_ON_FAILURE): Scroll to object 'Object Repository/Master Data/Super Admin/Form Sekolah/Field Email' successfully

02-01-2025T15:21:08 - [MESSAGE][WARNING] - Timeout '0' is invalid. Using default page load timeout: '30'

02-01-2025T15:21:08 - [MESSAGE][PASSED] - Scroll to object 'Object Repository/Master Data/Super Admin/Form Sekolah/Field Email' successfully

02-01-2025T15:21:08 - [TEST_STEP][PASSED] - click(findTestObject("Master Data/Super Admin/Form Sekolah/Dropdown Unit"), CONTINUE_ON_FAILURE): Object: 'Object Repository/Master Data/Super Admin/Form Sekolah/Dropdown Unit' is clicked on

02-01-2025T15:21:09 - [MESSAGE][PASSED] - Object: 'Object Repository/Master Data/Super Admin/Form Sekolah/Dropdown Unit' is clicked on

02-01-2025T15:21:09 - [TEST_STEP][PASSED] - click(findTestObject("Master Data/Super Admin/Form Sekolah/Isi Dropdown Unit"), CONTINUE_ON_FAILURE): Object: 'Object Repository/Master Data/Super Admin/Form Sekolah/Isi Dropdown Unit' is clicked on

02-01-2025T15:21:09 - [MESSAGE][PASSED] - Object: 'Object Repository/Master Data/Super Admin/Form Sekolah/Isi Dropdown Unit' is clicked on

02-01-2025T15:21:09 - [TEST_STEP][PASSED] - logoFilePaths = ["C:\Users\henri\Pictures\Upload Sekolah\Logo Sekolah.png"]: null

02-01-2025T15:21:09 - [TEST_STEP][PASSED] - for (String logoFilePath : logoFilePaths): null

02-01-2025T15:21:09 - [TEST_STEP][PASSED] - uploadLogo(logoFilePath): null

02-01-2025T15:21:09 - [TEST_STEP][PASSED] - click(findTestObject("Master Data/Super Admin/Form Sekolah/Button Upload Logo")): Object: 'Object Repository/Master Data/Super Admin/Form Sekolah/Button Upload Logo' is clicked on

02-01-2025T15:21:09 - [MESSAGE][PASSED] - Object: 'Object Repository/Master Data/Super Admin/Form Sekolah/Button Upload Logo' is clicked on

02-01-2025T15:21:09 - [TEST_STEP][PASSED] - delay(1): Delayed 1 second(s)

02-01-2025T15:21:10 - [MESSAGE][PASSED] - Delayed 1 second(s)

02-01-2025T15:21:10 - [TEST_STEP][PASSED] - uploadFile(findTestObject("Master Data/Super Admin/Form Sekolah/Input File Upload"), logoFilePath): null

02-01-2025T15:21:11 - [MESSAGE][PASSED] - File 'C:\Users\henri\Pictures\Upload Sekolah\Logo Sekolah.png' sent to object: 'Object Repository/Master Data/Super Admin/Form Sekolah/Input File Upload'

02-01-2025T15:21:11 - [TEST_STEP][PASSED] - delay(1): Delayed 1 second(s)

02-01-2025T15:21:12 - [MESSAGE][PASSED] - Delayed 1 second(s)

02-01-2025T15:21:12 - [TEST_STEP][PASSED] - kopSuratFilePath = "C:/Users/henri/Pictures/Upload Sekolah/Upload Kop Surat.png": null

02-01-2025T15:21:12 - [TEST_STEP][PASSED] - click(findTestObject("Master Data/Super Admin/Form Sekolah/Button Upload Kop Surat"), CONTINUE_ON_FAILURE): Object: 'Object Repository/Master Data/Super Admin/Form Sekolah/Button Upload Kop Surat' is clicked on

02-01-2025T15:21:12 - [MESSAGE][PASSED] - Object: 'Object Repository/Master Data/Super Admin/Form Sekolah/Button Upload Kop Surat' is clicked on

02-01-2025T15:21:12 - [TEST_STEP][PASSED] - delay(5, CONTINUE_ON_FAILURE): Delayed 5 second(s)

02-01-2025T15:21:17 - [MESSAGE][PASSED] - Delayed 5 second(s)

02-01-2025T15:21:17 - [TEST_STEP][PASSED] - uploadFile(findTestObject("Master Data/Super Admin/Form Sekolah/Input Upload File Kop Surat"), kopSuratFilePath, CONTINUE_ON_FAILURE): File 'C:/Users/henri/Pictures/Upload Sekolah/Upload Kop Surat.png' sent to object: 'Object Repository/Master Data/Super Admin/Form Sekolah/Input Upload File Kop Surat'

02-01-2025T15:21:17 - [MESSAGE][PASSED] - File 'C:/Users/henri/Pictures/Upload Sekolah/Upload Kop Surat.png' sent to object: 'Object Repository/Master Data/Super Admin/Form Sekolah/Input Upload File Kop Surat'

02-01-2025T15:21:17 - [TEST_STEP][PASSED] - selectDropdownValue("Master Data/Super Admin/Form Sekolah/Dropdown Provinsi", "Master Data/Super Admin/Form Sekolah/Isi Dropdown Provinsi", 5, 2): null

02-01-2025T15:21:17 - [TEST_STEP][PASSED] - click(findTestObject(dropdownXpath)): Object: 'Object Repository/Master Data/Super Admin/Form Sekolah/Dropdown Provinsi' is clicked on

02-01-2025T15:21:18 - [MESSAGE][PASSED] - Object: 'Object Repository/Master Data/Super Admin/Form Sekolah/Dropdown Provinsi' is clicked on

02-01-2025T15:21:18 - [TEST_STEP][PASSED] - delay(delayBefore): Delayed 5 second(s)

02-01-2025T15:21:23 - [MESSAGE][PASSED] - Delayed 5 second(s)

02-01-2025T15:21:23 - [TEST_STEP][PASSED] - click(findTestObject(valueXpath)): Object: 'Object Repository/Master Data/Super Admin/Form Sekolah/Isi Dropdown Provinsi' is clicked on

02-01-2025T15:21:23 - [MESSAGE][PASSED] - Object: 'Object Repository/Master Data/Super Admin/Form Sekolah/Isi Dropdown Provinsi' is clicked on

02-01-2025T15:21:23 - [TEST_STEP][PASSED] - delay(delayAfter): Delayed 2 second(s)

02-01-2025T15:21:25 - [MESSAGE][PASSED] - Delayed 2 second(s)

02-01-2025T15:21:25 - [TEST_STEP][PASSED] - selectDropdownValue("Master Data/Super Admin/Form Sekolah/Dropdown Kota", "Master Data/Super Admin/Form Sekolah/Isi Dropdown Kota", 2, 2): null

02-01-2025T15:21:25 - [TEST_STEP][PASSED] - click(findTestObject(dropdownXpath)): Object: 'Object Repository/Master Data/Super Admin/Form Sekolah/Dropdown Kota' is clicked on

02-01-2025T15:21:25 - [MESSAGE][PASSED] - Object: 'Object Repository/Master Data/Super Admin/Form Sekolah/Dropdown Kota' is clicked on

02-01-2025T15:21:25 - [TEST_STEP][PASSED] - delay(delayBefore): Delayed 2 second(s)

02-01-2025T15:21:27 - [MESSAGE][PASSED] - Delayed 2 second(s)

02-01-2025T15:21:27 - [TEST_STEP][PASSED] - click(findTestObject(valueXpath)): Object: 'Object Repository/Master Data/Super Admin/Form Sekolah/Isi Dropdown Kota' is clicked on

02-01-2025T15:21:28 - [MESSAGE][PASSED] - Object: 'Object Repository/Master Data/Super Admin/Form Sekolah/Isi Dropdown Kota' is clicked on

02-01-2025T15:21:28 - [TEST_STEP][PASSED] - delay(delayAfter): Delayed 2 second(s)

02-01-2025T15:21:30 - [MESSAGE][PASSED] - Delayed 2 second(s)

02-01-2025T15:21:30 - [TEST_STEP][PASSED] - alamatRandom = generateRandomAlamat(): null

02-01-2025T15:21:30 - [TEST_STEP][PASSED] - alamatList = ["Head Office. Pondok Indah Office Tower 1 Lantai 8. Jl. Sultan Iskandar Muda Kav. V - TA, Jakarta Selatan 12310. Tel. +62-21 7654466. Fax. +62-21 7507747.", "Jl. Jenderal Sudirman Kav. 10-11, Jakarta Pusat 10220. Tel. +62-21 1234567. Fax. +62-21 9876543.", "Kompleks Ruko Grand Galaxy, Blok A5 No. 12, Bekasi Selatan 17148. Tel. +62-21 8855543.", "Jl. Ahmad Yani No. 45, Surabaya 60234. Tel. +62-31 7894567.", "Jl. Diponegoro No. 101, Bandung 40132. Tel. +62-22 7651234. Fax. +62-22 9873214.", "Jl. MT Haryono No. 3, Medan 20234. Tel. +62-61 4321678.", "Jl. Brigjen Katamso No. 88, Yogyakarta 55212. Tel. +62-274 556789.", "Jl. Gatot Subroto Kav. 15-17, Jakarta Selatan 12950. Tel. +62-21 7650987.", "Jl. Pahlawan No. 76, Semarang 50134. Tel. +62-24 7776543.", "Jl. Imam Bonjol No. 23, Malang 65115. Tel. +62-341 556712."]: null

02-01-2025T15:21:30 - [TEST_STEP][PASSED] - return alamatList[new java.util.Random().nextInt(alamatList.size())]: null

02-01-2025T15:21:30 - [TEST_STEP][PASSED] - setText(findTestObject("Master Data/Super Admin/Form Sekolah/Field Alamat"), alamatRandom, CONTINUE_ON_FAILURE): Text 'Jl. Imam Bonjol No. 23, Malang 65115. Tel. +62-341 556712.' is set on object 'Object Repository/Master Data/Super Admin/Form Sekolah/Field Alamat'

02-01-2025T15:21:30 - [MESSAGE][PASSED] - Text 'Jl. Imam Bonjol No. 23, Malang 65115. Tel. +62-341 556712.' is set on object 'Object Repository/Master Data/Super Admin/Form Sekolah/Field Alamat'

02-01-2025T15:21:30 - [TEST_STEP][PASSED] - click(findTestObject("Master Data/Super Admin/Form Sekolah/Button Tambahkan"), CONTINUE_ON_FAILURE): Object: 'Object Repository/Master Data/Super Admin/Form Sekolah/Button Tambahkan' is clicked on

02-01-2025T15:21:31 - [MESSAGE][PASSED] - Object: 'Object Repository/Master Data/Super Admin/Form Sekolah/Button Tambahkan' is clicked on

02-01-2025T15:21:31 - [TEST_STEP][PASSED] - click(findTestObject("Master Data/Super Admin/Form Sekolah/Button YA"), CONTINUE_ON_FAILURE): Object: 'Object Repository/Master Data/Super Admin/Form Sekolah/Button YA' is clicked on

02-01-2025T15:21:31 - [MESSAGE][PASSED] - Object: 'Object Repository/Master Data/Super Admin/Form Sekolah/Button YA' is clicked on

02-01-2025T15:21:31 - [MESSAGE][PASSED] - Call Test Case 'Test Cases/Master Data/Super Admin/Master Data Sekolah/Tambah Sekolah' successfully

02-01-2025T15:21:31 - [TEST_STEP][PASSED] - callTestCase(findTestCase("Test Cases/Master Data/Super Admin/Master Data Sekolah/Edit Sekolah"), [:], CONTINUE_ON_FAILURE): Call Test Case 'Test Cases/Master Data/Super Admin/Master Data Sekolah/Edit Sekolah' successfully

02-01-2025T15:21:31 - [TEST_CASE][PASSED] - Test Cases/Master Data/Super Admin/Master Data Sekolah/Edit Sekolah: Test Cases/Master Data/Super Admin/Master Data Sekolah/Edit Sekolah

02-01-2025T15:21:31 - [TEST_STEP][PASSED] - openBrowser("", CONTINUE_ON_FAILURE): Browser is opened with url: ''

02-01-2025T15:21:31 - [MESSAGE][WARNING] - A browser is already opened. Closing browser and opening a new one

02-01-2025T15:21:32 - [MESSAGE][INFO] - Starting 'Chrome' driver

02-01-2025T15:21:32 - [MESSAGE][INFO] - Action delay is set to 0 milliseconds

02-01-2025T15:21:32 - [MESSAGE][PASSED] - Browser is opened with url: ''

02-01-2025T15:21:32 - [TEST_STEP][PASSED] - navigateToUrl("https://school-payment.digiform.co.id/login", CONTINUE_ON_FAILURE): Navigate to 'https://school-payment.digiform.co.id/login' successfully

02-01-2025T15:21:33 - [MESSAGE][PASSED] - Navigate to 'https://school-payment.digiform.co.id/login' successfully

02-01-2025T15:21:33 - [TEST_STEP][PASSED] - setText(findTestObject("Master Data/Admin Sekolah/Login/Field Email"), "admin@gmail.com", CONTINUE_ON_FAILURE): Text 'admin@gmail.com' is set on object 'Object Repository/Master Data/Admin Sekolah/Login/Field Email'

02-01-2025T15:21:34 - [MESSAGE][PASSED] - Text 'admin@gmail.com' is set on object 'Object Repository/Master Data/Admin Sekolah/Login/Field Email'

02-01-2025T15:21:34 - [TEST_STEP][PASSED] - setText(findTestObject("Master Data/Admin Sekolah/Login/Input Password"), "Test1234", CONTINUE_ON_FAILURE): Text 'Test1234' is set on object 'Object Repository/Master Data/Admin Sekolah/Login/Input Password'

02-01-2025T15:21:35 - [MESSAGE][PASSED] - Text 'Test1234' is set on object 'Object Repository/Master Data/Admin Sekolah/Login/Input Password'

02-01-2025T15:21:35 - [TEST_STEP][PASSED] - click(findTestObject("Master Data/Admin Sekolah/Login/Button Submit"), CONTINUE_ON_FAILURE): Object: 'Object Repository/Master Data/Admin Sekolah/Login/Button Submit' is clicked on

02-01-2025T15:21:35 - [MESSAGE][PASSED] - Object: 'Object Repository/Master Data/Admin Sekolah/Login/Button Submit' is clicked on

02-01-2025T15:21:35 - [TEST_STEP][PASSED] - waitForPageLoad(5, CONTINUE_ON_FAILURE): Wait for page load successfully

02-01-2025T15:21:35 - [MESSAGE][PASSED] - Wait for page load successfully

02-01-2025T15:21:35 - [TEST_STEP][PASSED] - click(findTestObject("Master Data/Super Admin/Homepage Menu/Sidebar Menu"), CONTINUE_ON_FAILURE): Object: 'Object Repository/Master Data/Super Admin/Homepage Menu/Sidebar Menu' is clicked on

02-01-2025T15:21:37 - [MESSAGE][PASSED] - Object: 'Object Repository/Master Data/Super Admin/Homepage Menu/Sidebar Menu' is clicked on

02-01-2025T15:21:37 - [TEST_STEP][PASSED] - click(findTestObject("Master Data/Super Admin/Homepage Menu/Sub Menu Sekolah"), CONTINUE_ON_FAILURE): Object: 'Object Repository/Master Data/Super Admin/Homepage Menu/Sub Menu Sekolah' is clicked on

02-01-2025T15:21:37 - [MESSAGE][PASSED] - Object: 'Object Repository/Master Data/Super Admin/Homepage Menu/Sub Menu Sekolah' is clicked on

02-01-2025T15:21:37 - [TEST_STEP][PASSED] - click(findTestObject("Master Data/Super Admin/Edit Sekolah/Master Data Sekolah Dashboard/Button Action"), CONTINUE_ON_FAILURE): Object: 'Object Repository/Master Data/Super Admin/Edit Sekolah/Master Data Sekolah Dashboard/Button Action' is clicked on

02-01-2025T15:21:38 - [MESSAGE][PASSED] - Object: 'Object Repository/Master Data/Super Admin/Edit Sekolah/Master Data Sekolah Dashboard/Button Action' is clicked on

02-01-2025T15:21:38 - [TEST_STEP][PASSED] - click(findTestObject("Master Data/Super Admin/Edit Sekolah/Master Data Sekolah Dashboard/Button Edit"), CONTINUE_ON_FAILURE): Object: 'Object Repository/Master Data/Super Admin/Edit Sekolah/Master Data Sekolah Dashboard/Button Edit' is clicked on

02-01-2025T15:21:38 - [MESSAGE][PASSED] - Object: 'Object Repository/Master Data/Super Admin/Edit Sekolah/Master Data Sekolah Dashboard/Button Edit' is clicked on

02-01-2025T15:21:38 - [TEST_STEP][PASSED] - sendKeys(findTestObject("Master Data/Super Admin/Edit Sekolah/Edit Page/Field NPSN"), Keys.chord(CONTROL, "a")): Keys 'CONTROL + a' sent to object: 'Object Repository/Master Data/Super Admin/Edit Sekolah/Edit Page/Field NPSN'

02-01-2025T15:22:00 - [MESSAGE][PASSED] - Keys 'CONTROL + a' sent to object: 'Object Repository/Master Data/Super Admin/Edit Sekolah/Edit Page/Field NPSN'

02-01-2025T15:22:00 - [TEST_STEP][PASSED] - sendKeys(findTestObject("Master Data/Super Admin/Edit Sekolah/Edit Page/Field NPSN"), Keys.chord(DELETE)): Keys 'DELETE + ' sent to object: 'Object Repository/Master Data/Super Admin/Edit Sekolah/Edit Page/Field NPSN'

02-01-2025T15:22:00 - [MESSAGE][PASSED] - Keys 'DELETE + ' sent to object: 'Object Repository/Master Data/Super Admin/Edit Sekolah/Edit Page/Field NPSN'

02-01-2025T15:22:00 - [TEST_STEP][PASSED] - randomNPSN = generateRandomNPSN(): null

02-01-2025T15:22:00 - [TEST_STEP][PASSED] - return (java.lang.Math.abs(new java.util.Random().nextLong()) % 10000000000).toString().padLeft(10, 0): null

02-01-2025T15:22:00 - [TEST_STEP][PASSED] - setText(findTestObject("Master Data/Super Admin/Edit Sekolah/Edit Page/Field NPSN"), randomNPSN, CONTINUE_ON_FAILURE): Text '6182412124' is set on object 'Object Repository/Master Data/Super Admin/Edit Sekolah/Edit Page/Field NPSN'

02-01-2025T15:22:01 - [MESSAGE][PASSED] - Text '6182412124' is set on object 'Object Repository/Master Data/Super Admin/Edit Sekolah/Edit Page/Field NPSN'

02-01-2025T15:22:01 - [TEST_STEP][PASSED] - sendKeys(findTestObject("Master Data/Super Admin/Edit Sekolah/Edit Page/Field Nomor Telfon"), Keys.chord(CONTROL, "a")): Keys 'CONTROL + a' sent to object: 'Object Repository/Master Data/Super Admin/Edit Sekolah/Edit Page/Field Nomor Telfon'

02-01-2025T15:22:01 - [MESSAGE][PASSED] - Keys 'CONTROL + a' sent to object: 'Object Repository/Master Data/Super Admin/Edit Sekolah/Edit Page/Field Nomor Telfon'

02-01-2025T15:22:01 - [TEST_STEP][PASSED] - sendKeys(findTestObject("Master Data/Super Admin/Edit Sekolah/Edit Page/Field Nomor Telfon"), Keys.chord(DELETE)): Keys 'DELETE + ' sent to object: 'Object Repository/Master Data/Super Admin/Edit Sekolah/Edit Page/Field Nomor Telfon'

02-01-2025T15:22:01 - [MESSAGE][PASSED] - Keys 'DELETE + ' sent to object: 'Object Repository/Master Data/Super Admin/Edit Sekolah/Edit Page/Field Nomor Telfon'

02-01-2025T15:22:01 - [TEST_STEP][PASSED] - randomNomorTelepon = generateRandomNomorTelepon(): null

02-01-2025T15:22:01 - [TEST_STEP][PASSED] - return (08 + (java.lang.Math.abs(new java.util.Random().nextLong()) % 1000000000).toString().padLeft(9, 0)): null

02-01-2025T15:22:01 - [TEST_STEP][PASSED] - setText(findTestObject("Master Data/Super Admin/Edit Sekolah/Edit Page/Field Nomor Telfon"), randomNomorTelepon, CONTINUE_ON_FAILURE): Text '08239567743' is set on object 'Object Repository/Master Data/Super Admin/Edit Sekolah/Edit Page/Field Nomor Telfon'

02-01-2025T15:22:02 - [MESSAGE][PASSED] - Text '08239567743' is set on object 'Object Repository/Master Data/Super Admin/Edit Sekolah/Edit Page/Field Nomor Telfon'

02-01-2025T15:22:02 - [TEST_STEP][PASSED] - sendKeys(findTestObject("Master Data/Super Admin/Edit Sekolah/Edit Page/Field Nama Sekolah"), Keys.chord(CONTROL, "a")): Keys 'CONTROL + a' sent to object: 'Object Repository/Master Data/Super Admin/Edit Sekolah/Edit Page/Field Nama Sekolah'

02-01-2025T15:22:02 - [MESSAGE][PASSED] - Keys 'CONTROL + a' sent to object: 'Object Repository/Master Data/Super Admin/Edit Sekolah/Edit Page/Field Nama Sekolah'

02-01-2025T15:22:02 - [TEST_STEP][PASSED] - sendKeys(findTestObject("Master Data/Super Admin/Edit Sekolah/Edit Page/Field Nama Sekolah"), Keys.chord(DELETE)): Keys 'DELETE + ' sent to object: 'Object Repository/Master Data/Super Admin/Edit Sekolah/Edit Page/Field Nama Sekolah'

02-01-2025T15:22:02 - [MESSAGE][PASSED] - Keys 'DELETE + ' sent to object: 'Object Repository/Master Data/Super Admin/Edit Sekolah/Edit Page/Field Nama Sekolah'

02-01-2025T15:22:02 - [TEST_STEP][PASSED] - randomNamaSekolah = generateRandomNamaSekolah(): null

02-01-2025T15:22:02 - [TEST_STEP][PASSED] - namaSekolahList = ["SMA Harapan Bangsa", "SMA Citra Nusantara", "SMA Tunas Muda", "SMA Pelita Harapan", "SMA Duta Bangsa", "SMA Bina Insan", "SMA Mandiri Jaya", "SMA Cendekia Utama", "SMA Cahaya Bangsa", "SMA Kasih Ibu", "SMA Tunas Bangsa", "SMA Nusa Jaya", "SMA Karya Mandiri", "SMA Pelita Cita", "SMA Inspirasi Bangsa", "SMA Sejahtera", "SMA Bintang Terang", "SMA Elang Nusantara", "SMA Gemilang Prestasi", "SMA Bina Cita", "SMA Anak Bangsa", "SMA Prima Nusantara", "SMA Pertiwi", "SMA Persada", "SMA Pionir Harapan", "SMA Cakra Nusantara", "SMA Global Mandiri", "SMA Pelangi Nusantara", "SMA Bhakti Pertiwi", "SMA Citra Bangsa", "SMA Harmoni", "SMA Tunas Cendekia", "SMA Unggul Bangsa", "SMA Bina Generasi", "SMA Gemilang Jaya", "SMA Purna Bhakti", "SMA Nusantara Jaya", "SMA Wijaya Kusuma", "SMA Merdeka", "SMA Pertiwi Sejahtera", "SMA Pelita Nusantara", "SMA Cahaya Pertiwi", "SMA Tunas Harapan", "SMA Satria Mandiri", "SMA Bina Utama", "SMA Pionir Nusantara", "SMA Mutiara Bangsa", "SMA Kasih Bangsa", "SMA Nusa Indah", "SMA Bina Prestasi"]: null

02-01-2025T15:22:02 - [TEST_STEP][PASSED] - return namaSekolahList[new java.util.Random().nextInt(namaSekolahList.size())]: null

02-01-2025T15:22:02 - [TEST_STEP][PASSED] - setText(findTestObject("Master Data/Super Admin/Edit Sekolah/Edit Page/Field Nama Sekolah"), randomNamaSekolah, CONTINUE_ON_FAILURE): Text 'SMA Tunas Harapan' is set on object 'Object Repository/Master Data/Super Admin/Edit Sekolah/Edit Page/Field Nama Sekolah'

02-01-2025T15:22:03 - [MESSAGE][PASSED] - Text 'SMA Tunas Harapan' is set on object 'Object Repository/Master Data/Super Admin/Edit Sekolah/Edit Page/Field Nama Sekolah'

02-01-2025T15:22:03 - [TEST_STEP][PASSED] - sendKeys(findTestObject("Master Data/Super Admin/Edit Sekolah/Edit Page/Field Email Sekolah"), Keys.chord(CONTROL, "a")): Keys 'CONTROL + a' sent to object: 'Object Repository/Master Data/Super Admin/Edit Sekolah/Edit Page/Field Email Sekolah'

02-01-2025T15:22:03 - [MESSAGE][PASSED] - Keys 'CONTROL + a' sent to object: 'Object Repository/Master Data/Super Admin/Edit Sekolah/Edit Page/Field Email Sekolah'

02-01-2025T15:22:03 - [TEST_STEP][PASSED] - sendKeys(findTestObject("Master Data/Super Admin/Edit Sekolah/Edit Page/Field Email Sekolah"), Keys.chord(DELETE)): Keys 'DELETE + ' sent to object: 'Object Repository/Master Data/Super Admin/Edit Sekolah/Edit Page/Field Email Sekolah'

02-01-2025T15:22:04 - [MESSAGE][PASSED] - Keys 'DELETE + ' sent to object: 'Object Repository/Master Data/Super Admin/Edit Sekolah/Edit Page/Field Email Sekolah'

02-01-2025T15:22:04 - [TEST_STEP][PASSED] - randomEmail = generateEmailFromNamaSekolah(randomNamaSekolah): null

02-01-2025T15:22:04 - [TEST_STEP][PASSED] - emailPrefix = toLowerCase().replaceAll(" ", "."): null

02-01-2025T15:22:04 - [TEST_STEP][PASSED] - return (emailPrefix + @sch.co.id): null

02-01-2025T15:22:04 - [TEST_STEP][PASSED] - setText(findTestObject("Master Data/Super Admin/Edit Sekolah/Edit Page/Field Email Sekolah"), randomEmail, CONTINUE_ON_FAILURE): Text 'sma.tunas.harapan@sch.co.id' is set on object 'Object Repository/Master Data/Super Admin/Edit Sekolah/Edit Page/Field Email Sekolah'

02-01-2025T15:22:04 - [MESSAGE][PASSED] - Text 'sma.tunas.harapan@sch.co.id' is set on object 'Object Repository/Master Data/Super Admin/Edit Sekolah/Edit Page/Field Email Sekolah'

02-01-2025T15:22:04 - [TEST_STEP][PASSED] - click(findTestObject("Master Data/Super Admin/Edit Sekolah/Edit Page/Dropdown Provinsi"), CONTINUE_ON_FAILURE): Object: 'Object Repository/Master Data/Super Admin/Edit Sekolah/Edit Page/Dropdown Provinsi' is clicked on

02-01-2025T15:22:06 - [MESSAGE][PASSED] - Object: 'Object Repository/Master Data/Super Admin/Edit Sekolah/Edit Page/Dropdown Provinsi' is clicked on

02-01-2025T15:22:06 - [TEST_STEP][PASSED] - click(findTestObject("Master Data/Super Admin/Edit Sekolah/Edit Page/Value Dropdown Provinsi"), CONTINUE_ON_FAILURE): Object: 'Object Repository/Master Data/Super Admin/Edit Sekolah/Edit Page/Value Dropdown Provinsi' is clicked on

02-01-2025T15:22:07 - [MESSAGE][PASSED] - Object: 'Object Repository/Master Data/Super Admin/Edit Sekolah/Edit Page/Value Dropdown Provinsi' is clicked on

02-01-2025T15:22:07 - [TEST_STEP][PASSED] - click(findTestObject("Master Data/Super Admin/Edit Sekolah/Edit Page/Dropdown Kota"), CONTINUE_ON_FAILURE): Object: 'Object Repository/Master Data/Super Admin/Edit Sekolah/Edit Page/Dropdown Kota' is clicked on

02-01-2025T15:22:07 - [MESSAGE][PASSED] - Object: 'Object Repository/Master Data/Super Admin/Edit Sekolah/Edit Page/Dropdown Kota' is clicked on

02-01-2025T15:22:07 - [TEST_STEP][PASSED] - click(findTestObject("Master Data/Super Admin/Edit Sekolah/Edit Page/Value Dropdown Kota"), CONTINUE_ON_FAILURE): Object: 'Object Repository/Master Data/Super Admin/Edit Sekolah/Edit Page/Value Dropdown Kota' is clicked on

02-01-2025T15:22:08 - [MESSAGE][PASSED] - Object: 'Object Repository/Master Data/Super Admin/Edit Sekolah/Edit Page/Value Dropdown Kota' is clicked on

02-01-2025T15:22:08 - [TEST_STEP][PASSED] - click(findTestObject("Master Data/Super Admin/Edit Sekolah/Edit Page/Field Button Simpan"), CONTINUE_ON_FAILURE): Object: 'Object Repository/Master Data/Super Admin/Edit Sekolah/Edit Page/Field Button Simpan' is clicked on

02-01-2025T15:22:08 - [MESSAGE][PASSED] - Object: 'Object Repository/Master Data/Super Admin/Edit Sekolah/Edit Page/Field Button Simpan' is clicked on

02-01-2025T15:22:08 - [TEST_STEP][PASSED] - click(findTestObject("Master Data/Super Admin/Edit Sekolah/Edit Page/Button Ya"), CONTINUE_ON_FAILURE): Object: 'Object Repository/Master Data/Super Admin/Edit Sekolah/Edit Page/Button Ya' is clicked on

02-01-2025T15:22:08 - [MESSAGE][PASSED] - Object: 'Object Repository/Master Data/Super Admin/Edit Sekolah/Edit Page/Button Ya' is clicked on

02-01-2025T15:22:08 - [TEST_STEP][PASSED] - closeBrowser(): Browser is closed

02-01-2025T15:22:09 - [MESSAGE][PASSED] - Browser is closed

02-01-2025T15:22:09 - [MESSAGE][PASSED] - Call Test Case 'Test Cases/Master Data/Super Admin/Master Data Sekolah/Edit Sekolah' successfully

02-01-2025T15:22:09 - [TEST_STEP][PASSED] - println("============================= Loop Again ==============================="): null

02-01-2025T15:22:09 - [TEST_STEP][PASSED] - callTestCase(findTestCase("Test Cases/Master Data/Super Admin/Master Data Sekolah/Tambah Sekolah"), [:], CONTINUE_ON_FAILURE): Call Test Case 'Test Cases/Master Data/Super Admin/Master Data Sekolah/Tambah Sekolah' successfully

02-01-2025T15:22:09 - [TEST_CASE][PASSED] - Test Cases/Master Data/Super Admin/Master Data Sekolah/Tambah Sekolah: Test Cases/Master Data/Super Admin/Master Data Sekolah/Tambah Sekolah

02-01-2025T15:22:09 - [TEST_STEP][PASSED] - openBrowser("", CONTINUE_ON_FAILURE): Browser is opened with url: ''

02-01-2025T15:22:09 - [MESSAGE][INFO] - Starting 'Chrome' driver

02-01-2025T15:22:09 - [MESSAGE][INFO] - Action delay is set to 0 milliseconds

02-01-2025T15:22:09 - [MESSAGE][PASSED] - Browser is opened with url: ''

02-01-2025T15:22:09 - [TEST_STEP][PASSED] - navigateToUrl("https://school-payment.digiform.co.id/login", CONTINUE_ON_FAILURE): Navigate to 'https://school-payment.digiform.co.id/login' successfully

02-01-2025T15:22:10 - [MESSAGE][PASSED] - Navigate to 'https://school-payment.digiform.co.id/login' successfully

02-01-2025T15:22:10 - [TEST_STEP][PASSED] - click(findTestObject("Master Data/Admin Sekolah/Login/Field Email"), CONTINUE_ON_FAILURE): Object: 'Object Repository/Master Data/Admin Sekolah/Login/Field Email' is clicked on

02-01-2025T15:22:11 - [MESSAGE][PASSED] - Object: 'Object Repository/Master Data/Admin Sekolah/Login/Field Email' is clicked on

02-01-2025T15:22:11 - [TEST_STEP][PASSED] - setText(findTestObject("Master Data/Admin Sekolah/Login/Field Email"), "admin@gmail.com", CONTINUE_ON_FAILURE): Text 'admin@gmail.com' is set on object 'Object Repository/Master Data/Admin Sekolah/Login/Field Email'

02-01-2025T15:22:12 - [MESSAGE][PASSED] - Text 'admin@gmail.com' is set on object 'Object Repository/Master Data/Admin Sekolah/Login/Field Email'

02-01-2025T15:22:12 - [TEST_STEP][PASSED] - click(findTestObject("Master Data/Admin Sekolah/Login/Input Password"), CONTINUE_ON_FAILURE): Object: 'Object Repository/Master Data/Admin Sekolah/Login/Input Password' is clicked on

02-01-2025T15:22:12 - [MESSAGE][PASSED] - Object: 'Object Repository/Master Data/Admin Sekolah/Login/Input Password' is clicked on

02-01-2025T15:22:12 - [TEST_STEP][PASSED] - setText(findTestObject("Master Data/Admin Sekolah/Login/Input Password"), "Test1234", CONTINUE_ON_FAILURE): Text 'Test1234' is set on object 'Object Repository/Master Data/Admin Sekolah/Login/Input Password'

02-01-2025T15:22:13 - [MESSAGE][PASSED] - Text 'Test1234' is set on object 'Object Repository/Master Data/Admin Sekolah/Login/Input Password'

02-01-2025T15:22:13 - [TEST_STEP][PASSED] - click(findTestObject("Master Data/Admin Sekolah/Login/Button Submit"), CONTINUE_ON_FAILURE): Object: 'Object Repository/Master Data/Admin Sekolah/Login/Button Submit' is clicked on

02-01-2025T15:22:13 - [MESSAGE][PASSED] - Object: 'Object Repository/Master Data/Admin Sekolah/Login/Button Submit' is clicked on

02-01-2025T15:22:13 - [TEST_STEP][PASSED] - waitForPageLoad(5, CONTINUE_ON_FAILURE): Wait for page load successfully

02-01-2025T15:22:13 - [MESSAGE][PASSED] - Wait for page load successfully

02-01-2025T15:22:13 - [TEST_STEP][PASSED] - click(findTestObject("Master Data/Super Admin/Homepage Menu/Sidebar Menu"), CONTINUE_ON_FAILURE): Object: 'Object Repository/Master Data/Super Admin/Homepage Menu/Sidebar Menu' is clicked on

02-01-2025T15:22:14 - [MESSAGE][PASSED] - Object: 'Object Repository/Master Data/Super Admin/Homepage Menu/Sidebar Menu' is clicked on

02-01-2025T15:22:14 - [TEST_STEP][PASSED] - click(findTestObject("Master Data/Super Admin/Homepage Menu/Sub Menu Sekolah"), CONTINUE_ON_FAILURE): Object: 'Object Repository/Master Data/Super Admin/Homepage Menu/Sub Menu Sekolah' is clicked on

02-01-2025T15:22:15 - [MESSAGE][PASSED] - Object: 'Object Repository/Master Data/Super Admin/Homepage Menu/Sub Menu Sekolah' is clicked on

02-01-2025T15:22:15 - [TEST_STEP][PASSED] - click(findTestObject("Master Data/Super Admin/Master Sekolah Dashboard/Button Tambah"), CONTINUE_ON_FAILURE): Object: 'Object Repository/Master Data/Super Admin/Master Sekolah Dashboard/Button Tambah' is clicked on

02-01-2025T15:22:15 - [MESSAGE][PASSED] - Object: 'Object Repository/Master Data/Super Admin/Master Sekolah Dashboard/Button Tambah' is clicked on

02-01-2025T15:22:15 - [TEST_STEP][PASSED] - waitForPageLoad(5, CONTINUE_ON_FAILURE): Wait for page load successfully

02-01-2025T15:22:15 - [MESSAGE][PASSED] - Wait for page load successfully

02-01-2025T15:22:15 - [TEST_STEP][PASSED] - sekolahDataList = [["NPSN":generateRandomNPSN(), "Telephone":generateRandomNomorHP(), "NamaSekolah":generateRandomNamaSekolah(), "Email":generateRandomEmail(generateRandomNamaSekolah())]]: null

02-01-2025T15:22:15 - [TEST_STEP][PASSED] - return (java.lang.Math.abs(new java.util.Random().nextLong()) % 10000000000).toString().padLeft(10, 0): null

02-01-2025T15:22:15 - [TEST_STEP][PASSED] - return (08 + (java.lang.Math.abs(new java.util.Random().nextLong()) % 1000000000).toString().padLeft(9, 0)): null

02-01-2025T15:22:15 - [TEST_STEP][PASSED] - namaSekolahList = ["SMA Harapan Bangsa", "SMA Citra Nusantara", "SMA Tunas Muda", "SMA Pelita Harapan", "SMA Duta Bangsa", "SMA Bina Insan", "SMA Mandiri Jaya", "SMA Cendekia Utama", "SMA Cahaya Bangsa", "SMA Kasih Ibu", "SMA Tunas Bangsa", "SMA Nusa Jaya", "SMA Karya Mandiri", "SMA Pelita Cita", "SMA Inspirasi Bangsa", "SMA Sejahtera", "SMA Bintang Terang", "SMA Elang Nusantara", "SMA Gemilang Prestasi", "SMA Bina Cita", "SMA Anak Bangsa", "SMA Prima Nusantara", "SMA Pertiwi", "SMA Persada", "SMA Pionir Harapan", "SMA Cakra Nusantara", "SMA Global Mandiri", "SMA Pelangi Nusantara", "SMA Bhakti Pertiwi", "SMA Citra Bangsa", "SMA Harmoni", "SMA Tunas Cendekia", "SMA Unggul Bangsa", "SMA Bina Generasi", "SMA Gemilang Jaya", "SMA Purna Bhakti", "SMA Nusantara Jaya", "SMA Wijaya Kusuma", "SMA Merdeka", "SMA Pertiwi Sejahtera", "SMA Pelita Nusantara", "SMA Cahaya Pertiwi", "SMA Tunas Harapan", "SMA Satria Mandiri", "SMA Bina Utama", "SMA Pionir Nusantara", "SMA Mutiara Bangsa", "SMA Kasih Bangsa", "SMA Nusa Indah", "SMA Bina Prestasi"]: null

02-01-2025T15:22:15 - [TEST_STEP][PASSED] - return namaSekolahList[new java.util.Random().nextInt(namaSekolahList.size())]: null

02-01-2025T15:22:15 - [TEST_STEP][PASSED] - namaSekolahList = ["SMA Harapan Bangsa", "SMA Citra Nusantara", "SMA Tunas Muda", "SMA Pelita Harapan", "SMA Duta Bangsa", "SMA Bina Insan", "SMA Mandiri Jaya", "SMA Cendekia Utama", "SMA Cahaya Bangsa", "SMA Kasih Ibu", "SMA Tunas Bangsa", "SMA Nusa Jaya", "SMA Karya Mandiri", "SMA Pelita Cita", "SMA Inspirasi Bangsa", "SMA Sejahtera", "SMA Bintang Terang", "SMA Elang Nusantara", "SMA Gemilang Prestasi", "SMA Bina Cita", "SMA Anak Bangsa", "SMA Prima Nusantara", "SMA Pertiwi", "SMA Persada", "SMA Pionir Harapan", "SMA Cakra Nusantara", "SMA Global Mandiri", "SMA Pelangi Nusantara", "SMA Bhakti Pertiwi", "SMA Citra Bangsa", "SMA Harmoni", "SMA Tunas Cendekia", "SMA Unggul Bangsa", "SMA Bina Generasi", "SMA Gemilang Jaya", "SMA Purna Bhakti", "SMA Nusantara Jaya", "SMA Wijaya Kusuma", "SMA Merdeka", "SMA Pertiwi Sejahtera", "SMA Pelita Nusantara", "SMA Cahaya Pertiwi", "SMA Tunas Harapan", "SMA Satria Mandiri", "SMA Bina Utama", "SMA Pionir Nusantara", "SMA Mutiara Bangsa", "SMA Kasih Bangsa", "SMA Nusa Indah", "SMA Bina Prestasi"]: null

02-01-2025T15:22:15 - [TEST_STEP][PASSED] - return namaSekolahList[new java.util.Random().nextInt(namaSekolahList.size())]: null

02-01-2025T15:22:15 - [TEST_STEP][PASSED] - namaSekolahFormatted = toLowerCase().replaceAll("\s+", ""): null

02-01-2025T15:22:15 - [TEST_STEP][PASSED] - return (namaSekolahFormatted + @sch.id): null

02-01-2025T15:22:15 - [TEST_STEP][PASSED] - for (Map<String, String> sekolahData : sekolahDataList): null

02-01-2025T15:22:15 - [TEST_STEP][PASSED] - fillFormWithData(sekolahData): null

02-01-2025T15:22:15 - [TEST_STEP][PASSED] - setText(findTestObject("Master Data/Super Admin/Form Sekolah/Field NPSN"), formData["NPSN"]): Text '1303283480' is set on object 'Object Repository/Master Data/Super Admin/Form Sekolah/Field NPSN'

02-01-2025T15:22:16 - [MESSAGE][PASSED] - Text '1303283480' is set on object 'Object Repository/Master Data/Super Admin/Form Sekolah/Field NPSN'

02-01-2025T15:22:16 - [TEST_STEP][PASSED] - setText(findTestObject("Master Data/Super Admin/Form Sekolah/Field Telephone"), formData["Telephone"]): Text '08084707295' is set on object 'Object Repository/Master Data/Super Admin/Form Sekolah/Field Telephone'

02-01-2025T15:22:17 - [MESSAGE][PASSED] - Text '08084707295' is set on object 'Object Repository/Master Data/Super Admin/Form Sekolah/Field Telephone'

02-01-2025T15:22:17 - [TEST_STEP][PASSED] - setText(findTestObject("Master Data/Super Admin/Form Sekolah/Field Nama Sekolah"), formData["NamaSekolah"]): Text 'SMA Mandiri Jaya' is set on object 'Object Repository/Master Data/Super Admin/Form Sekolah/Field Nama Sekolah'

02-01-2025T15:22:18 - [MESSAGE][PASSED] - Text 'SMA Mandiri Jaya' is set on object 'Object Repository/Master Data/Super Admin/Form Sekolah/Field Nama Sekolah'

02-01-2025T15:22:18 - [TEST_STEP][PASSED] - setText(findTestObject("Master Data/Super Admin/Form Sekolah/Field Email"), formData["Email"]): null

02-01-2025T15:22:18 - [MESSAGE][PASSED] - Text 'smaunggulbangsa@sch.id' is set on object 'Object Repository/Master Data/Super Admin/Form Sekolah/Field Email'

02-01-2025T15:22:18 - [TEST_STEP][PASSED] - delay(1): Delayed 1 second(s)

02-01-2025T15:22:19 - [MESSAGE][PASSED] - Delayed 1 second(s)

02-01-2025T15:22:19 - [TEST_STEP][PASSED] - scrollToElement(findTestObject("Master Data/Super Admin/Form Sekolah/Field Email"), 0, CONTINUE_ON_FAILURE): Scroll to object 'Object Repository/Master Data/Super Admin/Form Sekolah/Field Email' successfully

02-01-2025T15:22:19 - [MESSAGE][WARNING] - Timeout '0' is invalid. Using default page load timeout: '30'

02-01-2025T15:22:19 - [MESSAGE][PASSED] - Scroll to object 'Object Repository/Master Data/Super Admin/Form Sekolah/Field Email' successfully

02-01-2025T15:22:19 - [TEST_STEP][PASSED] - click(findTestObject("Master Data/Super Admin/Form Sekolah/Dropdown Unit"), CONTINUE_ON_FAILURE): Object: 'Object Repository/Master Data/Super Admin/Form Sekolah/Dropdown Unit' is clicked on

02-01-2025T15:22:20 - [MESSAGE][PASSED] - Object: 'Object Repository/Master Data/Super Admin/Form Sekolah/Dropdown Unit' is clicked on

02-01-2025T15:22:20 - [TEST_STEP][PASSED] - click(findTestObject("Master Data/Super Admin/Form Sekolah/Isi Dropdown Unit"), CONTINUE_ON_FAILURE): Object: 'Object Repository/Master Data/Super Admin/Form Sekolah/Isi Dropdown Unit' is clicked on

02-01-2025T15:22:20 - [MESSAGE][PASSED] - Object: 'Object Repository/Master Data/Super Admin/Form Sekolah/Isi Dropdown Unit' is clicked on

02-01-2025T15:22:20 - [TEST_STEP][PASSED] - logoFilePaths = ["C:\Users\henri\Pictures\Upload Sekolah\Logo Sekolah.png"]: null

02-01-2025T15:22:20 - [TEST_STEP][PASSED] - for (String logoFilePath : logoFilePaths): null

02-01-2025T15:22:20 - [TEST_STEP][PASSED] - uploadLogo(logoFilePath): null

02-01-2025T15:22:20 - [TEST_STEP][PASSED] - click(findTestObject("Master Data/Super Admin/Form Sekolah/Button Upload Logo")): Object: 'Object Repository/Master Data/Super Admin/Form Sekolah/Button Upload Logo' is clicked on

02-01-2025T15:22:20 - [MESSAGE][PASSED] - Object: 'Object Repository/Master Data/Super Admin/Form Sekolah/Button Upload Logo' is clicked on

02-01-2025T15:22:20 - [TEST_STEP][PASSED] - delay(1): Delayed 1 second(s)

02-01-2025T15:22:21 - [MESSAGE][PASSED] - Delayed 1 second(s)

02-01-2025T15:22:21 - [TEST_STEP][PASSED] - uploadFile(findTestObject("Master Data/Super Admin/Form Sekolah/Input File Upload"), logoFilePath): null

02-01-2025T15:22:22 - [MESSAGE][PASSED] - File 'C:\Users\henri\Pictures\Upload Sekolah\Logo Sekolah.png' sent to object: 'Object Repository/Master Data/Super Admin/Form Sekolah/Input File Upload'

02-01-2025T15:22:22 - [TEST_STEP][PASSED] - delay(1): Delayed 1 second(s)

02-01-2025T15:22:23 - [MESSAGE][PASSED] - Delayed 1 second(s)

02-01-2025T15:22:23 - [TEST_STEP][PASSED] - kopSuratFilePath = "C:/Users/henri/Pictures/Upload Sekolah/Upload Kop Surat.png": null

02-01-2025T15:22:23 - [TEST_STEP][PASSED] - click(findTestObject("Master Data/Super Admin/Form Sekolah/Button Upload Kop Surat"), CONTINUE_ON_FAILURE): Object: 'Object Repository/Master Data/Super Admin/Form Sekolah/Button Upload Kop Surat' is clicked on

02-01-2025T15:22:23 - [MESSAGE][PASSED] - Object: 'Object Repository/Master Data/Super Admin/Form Sekolah/Button Upload Kop Surat' is clicked on

02-01-2025T15:22:23 - [TEST_STEP][PASSED] - delay(5, CONTINUE_ON_FAILURE): Delayed 5 second(s)

02-01-2025T15:22:28 - [MESSAGE][PASSED] - Delayed 5 second(s)

02-01-2025T15:22:28 - [TEST_STEP][PASSED] - uploadFile(findTestObject("Master Data/Super Admin/Form Sekolah/Input Upload File Kop Surat"), kopSuratFilePath, CONTINUE_ON_FAILURE): File 'C:/Users/henri/Pictures/Upload Sekolah/Upload Kop Surat.png' sent to object: 'Object Repository/Master Data/Super Admin/Form Sekolah/Input Upload File Kop Surat'

02-01-2025T15:22:28 - [MESSAGE][PASSED] - File 'C:/Users/henri/Pictures/Upload Sekolah/Upload Kop Surat.png' sent to object: 'Object Repository/Master Data/Super Admin/Form Sekolah/Input Upload File Kop Surat'

02-01-2025T15:22:28 - [TEST_STEP][PASSED] - selectDropdownValue("Master Data/Super Admin/Form Sekolah/Dropdown Provinsi", "Master Data/Super Admin/Form Sekolah/Isi Dropdown Provinsi", 5, 2): null

02-01-2025T15:22:28 - [TEST_STEP][PASSED] - click(findTestObject(dropdownXpath)): Object: 'Object Repository/Master Data/Super Admin/Form Sekolah/Dropdown Provinsi' is clicked on

02-01-2025T15:22:29 - [MESSAGE][PASSED] - Object: 'Object Repository/Master Data/Super Admin/Form Sekolah/Dropdown Provinsi' is clicked on

02-01-2025T15:22:29 - [TEST_STEP][PASSED] - delay(delayBefore): Delayed 5 second(s)

02-01-2025T15:22:34 - [MESSAGE][PASSED] - Delayed 5 second(s)

02-01-2025T15:22:34 - [TEST_STEP][PASSED] - click(findTestObject(valueXpath)): Object: 'Object Repository/Master Data/Super Admin/Form Sekolah/Isi Dropdown Provinsi' is clicked on

02-01-2025T15:22:34 - [MESSAGE][PASSED] - Object: 'Object Repository/Master Data/Super Admin/Form Sekolah/Isi Dropdown Provinsi' is clicked on

02-01-2025T15:22:34 - [TEST_STEP][PASSED] - delay(delayAfter): Delayed 2 second(s)

02-01-2025T15:22:36 - [MESSAGE][PASSED] - Delayed 2 second(s)

02-01-2025T15:22:36 - [TEST_STEP][PASSED] - selectDropdownValue("Master Data/Super Admin/Form Sekolah/Dropdown Kota", "Master Data/Super Admin/Form Sekolah/Isi Dropdown Kota", 2, 2): null

02-01-2025T15:22:36 - [TEST_STEP][PASSED] - click(findTestObject(dropdownXpath)): Object: 'Object Repository/Master Data/Super Admin/Form Sekolah/Dropdown Kota' is clicked on

02-01-2025T15:22:36 - [MESSAGE][PASSED] - Object: 'Object Repository/Master Data/Super Admin/Form Sekolah/Dropdown Kota' is clicked on

02-01-2025T15:22:36 - [TEST_STEP][PASSED] - delay(delayBefore): Delayed 2 second(s)

02-01-2025T15:22:38 - [MESSAGE][PASSED] - Delayed 2 second(s)

02-01-2025T15:22:38 - [TEST_STEP][PASSED] - click(findTestObject(valueXpath)): Object: 'Object Repository/Master Data/Super Admin/Form Sekolah/Isi Dropdown Kota' is clicked on

02-01-2025T15:22:39 - [MESSAGE][PASSED] - Object: 'Object Repository/Master Data/Super Admin/Form Sekolah/Isi Dropdown Kota' is clicked on

02-01-2025T15:22:39 - [TEST_STEP][PASSED] - delay(delayAfter): Delayed 2 second(s)

02-01-2025T15:22:41 - [MESSAGE][PASSED] - Delayed 2 second(s)

02-01-2025T15:22:41 - [TEST_STEP][PASSED] - alamatRandom = generateRandomAlamat(): null

02-01-2025T15:22:41 - [TEST_STEP][PASSED] - alamatList = ["Head Office. Pondok Indah Office Tower 1 Lantai 8. Jl. Sultan Iskandar Muda Kav. V - TA, Jakarta Selatan 12310. Tel. +62-21 7654466. Fax. +62-21 7507747.", "Jl. Jenderal Sudirman Kav. 10-11, Jakarta Pusat 10220. Tel. +62-21 1234567. Fax. +62-21 9876543.", "Kompleks Ruko Grand Galaxy, Blok A5 No. 12, Bekasi Selatan 17148. Tel. +62-21 8855543.", "Jl. Ahmad Yani No. 45, Surabaya 60234. Tel. +62-31 7894567.", "Jl. Diponegoro No. 101, Bandung 40132. Tel. +62-22 7651234. Fax. +62-22 9873214.", "Jl. MT Haryono No. 3, Medan 20234. Tel. +62-61 4321678.", "Jl. Brigjen Katamso No. 88, Yogyakarta 55212. Tel. +62-274 556789.", "Jl. Gatot Subroto Kav. 15-17, Jakarta Selatan 12950. Tel. +62-21 7650987.", "Jl. Pahlawan No. 76, Semarang 50134. Tel. +62-24 7776543.", "Jl. Imam Bonjol No. 23, Malang 65115. Tel. +62-341 556712."]: null

02-01-2025T15:22:41 - [TEST_STEP][PASSED] - return alamatList[new java.util.Random().nextInt(alamatList.size())]: null

02-01-2025T15:22:41 - [TEST_STEP][PASSED] - setText(findTestObject("Master Data/Super Admin/Form Sekolah/Field Alamat"), alamatRandom, CONTINUE_ON_FAILURE): Text 'Jl. Jenderal Sudirman Kav. 10-11, Jakarta Pusat 10220. Tel. +62-21 1234567. Fax. +62-21 9876543.' is set on object 'Object Repository/Master Data/Super Admin/Form Sekolah/Field Alamat'

02-01-2025T15:22:41 - [MESSAGE][PASSED] - Text 'Jl. Jenderal Sudirman Kav. 10-11, Jakarta Pusat 10220. Tel. +62-21 1234567. Fax. +62-21 9876543.' is set on object 'Object Repository/Master Data/Super Admin/Form Sekolah/Field Alamat'

02-01-2025T15:22:41 - [TEST_STEP][PASSED] - click(findTestObject("Master Data/Super Admin/Form Sekolah/Button Tambahkan"), CONTINUE_ON_FAILURE): Object: 'Object Repository/Master Data/Super Admin/Form Sekolah/Button Tambahkan' is clicked on

02-01-2025T15:22:42 - [MESSAGE][PASSED] - Object: 'Object Repository/Master Data/Super Admin/Form Sekolah/Button Tambahkan' is clicked on

02-01-2025T15:22:42 - [TEST_STEP][PASSED] - click(findTestObject("Master Data/Super Admin/Form Sekolah/Button YA"), CONTINUE_ON_FAILURE): Object: 'Object Repository/Master Data/Super Admin/Form Sekolah/Button YA' is clicked on

02-01-2025T15:22:42 - [MESSAGE][PASSED] - Object: 'Object Repository/Master Data/Super Admin/Form Sekolah/Button YA' is clicked on

02-01-2025T15:22:42 - [MESSAGE][PASSED] - Call Test Case 'Test Cases/Master Data/Super Admin/Master Data Sekolah/Tambah Sekolah' successfully

02-01-2025T15:22:42 - [TEST_STEP][PASSED] - callTestCase(findTestCase("Test Cases/Master Data/Super Admin/Master Data Sekolah/Edit Sekolah"), [:], CONTINUE_ON_FAILURE): Call Test Case 'Test Cases/Master Data/Super Admin/Master Data Sekolah/Edit Sekolah' successfully

02-01-2025T15:22:42 - [TEST_CASE][PASSED] - Test Cases/Master Data/Super Admin/Master Data Sekolah/Edit Sekolah: Test Cases/Master Data/Super Admin/Master Data Sekolah/Edit Sekolah

02-01-2025T15:22:42 - [TEST_STEP][PASSED] - openBrowser("", CONTINUE_ON_FAILURE): Browser is opened with url: ''

02-01-2025T15:22:42 - [MESSAGE][WARNING] - A browser is already opened. Closing browser and opening a new one

02-01-2025T15:22:43 - [MESSAGE][INFO] - Starting 'Chrome' driver

02-01-2025T15:22:43 - [MESSAGE][INFO] - Action delay is set to 0 milliseconds

02-01-2025T15:22:43 - [MESSAGE][PASSED] - Browser is opened with url: ''

02-01-2025T15:22:43 - [TEST_STEP][PASSED] - navigateToUrl("https://school-payment.digiform.co.id/login", CONTINUE_ON_FAILURE): Navigate to 'https://school-payment.digiform.co.id/login' successfully

02-01-2025T15:22:44 - [MESSAGE][PASSED] - Navigate to 'https://school-payment.digiform.co.id/login' successfully

02-01-2025T15:22:44 - [TEST_STEP][PASSED] - setText(findTestObject("Master Data/Admin Sekolah/Login/Field Email"), "admin@gmail.com", CONTINUE_ON_FAILURE): Text 'admin@gmail.com' is set on object 'Object Repository/Master Data/Admin Sekolah/Login/Field Email'

02-01-2025T15:22:45 - [MESSAGE][PASSED] - Text 'admin@gmail.com' is set on object 'Object Repository/Master Data/Admin Sekolah/Login/Field Email'

02-01-2025T15:22:45 - [TEST_STEP][PASSED] - setText(findTestObject("Master Data/Admin Sekolah/Login/Input Password"), "Test1234", CONTINUE_ON_FAILURE): Text 'Test1234' is set on object 'Object Repository/Master Data/Admin Sekolah/Login/Input Password'

02-01-2025T15:22:46 - [MESSAGE][PASSED] - Text 'Test1234' is set on object 'Object Repository/Master Data/Admin Sekolah/Login/Input Password'

02-01-2025T15:22:46 - [TEST_STEP][PASSED] - click(findTestObject("Master Data/Admin Sekolah/Login/Button Submit"), CONTINUE_ON_FAILURE): Object: 'Object Repository/Master Data/Admin Sekolah/Login/Button Submit' is clicked on

02-01-2025T15:22:46 - [MESSAGE][PASSED] - Object: 'Object Repository/Master Data/Admin Sekolah/Login/Button Submit' is clicked on

02-01-2025T15:22:46 - [TEST_STEP][PASSED] - waitForPageLoad(5, CONTINUE_ON_FAILURE): Wait for page load successfully

02-01-2025T15:22:46 - [MESSAGE][PASSED] - Wait for page load successfully

02-01-2025T15:22:46 - [TEST_STEP][PASSED] - click(findTestObject("Master Data/Super Admin/Homepage Menu/Sidebar Menu"), CONTINUE_ON_FAILURE): Object: 'Object Repository/Master Data/Super Admin/Homepage Menu/Sidebar Menu' is clicked on

02-01-2025T15:22:48 - [MESSAGE][PASSED] - Object: 'Object Repository/Master Data/Super Admin/Homepage Menu/Sidebar Menu' is clicked on

02-01-2025T15:22:48 - [TEST_STEP][PASSED] - click(findTestObject("Master Data/Super Admin/Homepage Menu/Sub Menu Sekolah"), CONTINUE_ON_FAILURE): Object: 'Object Repository/Master Data/Super Admin/Homepage Menu/Sub Menu Sekolah' is clicked on

02-01-2025T15:22:48 - [MESSAGE][PASSED] - Object: 'Object Repository/Master Data/Super Admin/Homepage Menu/Sub Menu Sekolah' is clicked on

02-01-2025T15:22:48 - [TEST_STEP][PASSED] - click(findTestObject("Master Data/Super Admin/Edit Sekolah/Master Data Sekolah Dashboard/Button Action"), CONTINUE_ON_FAILURE): Object: 'Object Repository/Master Data/Super Admin/Edit Sekolah/Master Data Sekolah Dashboard/Button Action' is clicked on

02-01-2025T15:22:49 - [MESSAGE][PASSED] - Object: 'Object Repository/Master Data/Super Admin/Edit Sekolah/Master Data Sekolah Dashboard/Button Action' is clicked on

02-01-2025T15:22:49 - [TEST_STEP][PASSED] - click(findTestObject("Master Data/Super Admin/Edit Sekolah/Master Data Sekolah Dashboard/Button Edit"), CONTINUE_ON_FAILURE): Object: 'Object Repository/Master Data/Super Admin/Edit Sekolah/Master Data Sekolah Dashboard/Button Edit' is clicked on

02-01-2025T15:22:49 - [MESSAGE][PASSED] - Object: 'Object Repository/Master Data/Super Admin/Edit Sekolah/Master Data Sekolah Dashboard/Button Edit' is clicked on

02-01-2025T15:22:49 - [TEST_STEP][PASSED] - sendKeys(findTestObject("Master Data/Super Admin/Edit Sekolah/Edit Page/Field NPSN"), Keys.chord(CONTROL, "a")): Keys 'CONTROL + a' sent to object: 'Object Repository/Master Data/Super Admin/Edit Sekolah/Edit Page/Field NPSN'

02-01-2025T15:22:50 - [MESSAGE][PASSED] - Keys 'CONTROL + a' sent to object: 'Object Repository/Master Data/Super Admin/Edit Sekolah/Edit Page/Field NPSN'

02-01-2025T15:22:50 - [TEST_STEP][PASSED] - sendKeys(findTestObject("Master Data/Super Admin/Edit Sekolah/Edit Page/Field NPSN"), Keys.chord(DELETE)): Keys 'DELETE + ' sent to object: 'Object Repository/Master Data/Super Admin/Edit Sekolah/Edit Page/Field NPSN'

02-01-2025T15:22:50 - [MESSAGE][PASSED] - Keys 'DELETE + ' sent to object: 'Object Repository/Master Data/Super Admin/Edit Sekolah/Edit Page/Field NPSN'

02-01-2025T15:22:50 - [TEST_STEP][PASSED] - randomNPSN = generateRandomNPSN(): null

02-01-2025T15:22:50 - [TEST_STEP][PASSED] - return (java.lang.Math.abs(new java.util.Random().nextLong()) % 10000000000).toString().padLeft(10, 0): null

02-01-2025T15:22:50 - [TEST_STEP][PASSED] - setText(findTestObject("Master Data/Super Admin/Edit Sekolah/Edit Page/Field NPSN"), randomNPSN, CONTINUE_ON_FAILURE): Text '3947094019' is set on object 'Object Repository/Master Data/Super Admin/Edit Sekolah/Edit Page/Field NPSN'

02-01-2025T15:22:51 - [MESSAGE][PASSED] - Text '3947094019' is set on object 'Object Repository/Master Data/Super Admin/Edit Sekolah/Edit Page/Field NPSN'

02-01-2025T15:22:51 - [TEST_STEP][PASSED] - sendKeys(findTestObject("Master Data/Super Admin/Edit Sekolah/Edit Page/Field Nomor Telfon"), Keys.chord(CONTROL, "a")): Keys 'CONTROL + a' sent to object: 'Object Repository/Master Data/Super Admin/Edit Sekolah/Edit Page/Field Nomor Telfon'

02-01-2025T15:22:51 - [MESSAGE][PASSED] - Keys 'CONTROL + a' sent to object: 'Object Repository/Master Data/Super Admin/Edit Sekolah/Edit Page/Field Nomor Telfon'

02-01-2025T15:22:51 - [TEST_STEP][PASSED] - sendKeys(findTestObject("Master Data/Super Admin/Edit Sekolah/Edit Page/Field Nomor Telfon"), Keys.chord(DELETE)): Keys 'DELETE + ' sent to object: 'Object Repository/Master Data/Super Admin/Edit Sekolah/Edit Page/Field Nomor Telfon'

02-01-2025T15:22:51 - [MESSAGE][PASSED] - Keys 'DELETE + ' sent to object: 'Object Repository/Master Data/Super Admin/Edit Sekolah/Edit Page/Field Nomor Telfon'

02-01-2025T15:22:51 - [TEST_STEP][PASSED] - randomNomorTelepon = generateRandomNomorTelepon(): null

02-01-2025T15:22:51 - [TEST_STEP][PASSED] - return (08 + (java.lang.Math.abs(new java.util.Random().nextLong()) % 1000000000).toString().padLeft(9, 0)): null

02-01-2025T15:22:51 - [TEST_STEP][PASSED] - setText(findTestObject("Master Data/Super Admin/Edit Sekolah/Edit Page/Field Nomor Telfon"), randomNomorTelepon, CONTINUE_ON_FAILURE): Text '08980417415' is set on object 'Object Repository/Master Data/Super Admin/Edit Sekolah/Edit Page/Field Nomor Telfon'

02-01-2025T15:22:52 - [MESSAGE][PASSED] - Text '08980417415' is set on object 'Object Repository/Master Data/Super Admin/Edit Sekolah/Edit Page/Field Nomor Telfon'

02-01-2025T15:22:52 - [TEST_STEP][PASSED] - sendKeys(findTestObject("Master Data/Super Admin/Edit Sekolah/Edit Page/Field Nama Sekolah"), Keys.chord(CONTROL, "a")): Keys 'CONTROL + a' sent to object: 'Object Repository/Master Data/Super Admin/Edit Sekolah/Edit Page/Field Nama Sekolah'

02-01-2025T15:22:52 - [MESSAGE][PASSED] - Keys 'CONTROL + a' sent to object: 'Object Repository/Master Data/Super Admin/Edit Sekolah/Edit Page/Field Nama Sekolah'

02-01-2025T15:22:52 - [TEST_STEP][PASSED] - sendKeys(findTestObject("Master Data/Super Admin/Edit Sekolah/Edit Page/Field Nama Sekolah"), Keys.chord(DELETE)): Keys 'DELETE + ' sent to object: 'Object Repository/Master Data/Super Admin/Edit Sekolah/Edit Page/Field Nama Sekolah'

02-01-2025T15:22:52 - [MESSAGE][PASSED] - Keys 'DELETE + ' sent to object: 'Object Repository/Master Data/Super Admin/Edit Sekolah/Edit Page/Field Nama Sekolah'

02-01-2025T15:22:52 - [TEST_STEP][PASSED] - randomNamaSekolah = generateRandomNamaSekolah(): null

02-01-2025T15:22:52 - [TEST_STEP][PASSED] - namaSekolahList = ["SMA Harapan Bangsa", "SMA Citra Nusantara", "SMA Tunas Muda", "SMA Pelita Harapan", "SMA Duta Bangsa", "SMA Bina Insan", "SMA Mandiri Jaya", "SMA Cendekia Utama", "SMA Cahaya Bangsa", "SMA Kasih Ibu", "SMA Tunas Bangsa", "SMA Nusa Jaya", "SMA Karya Mandiri", "SMA Pelita Cita", "SMA Inspirasi Bangsa", "SMA Sejahtera", "SMA Bintang Terang", "SMA Elang Nusantara", "SMA Gemilang Prestasi", "SMA Bina Cita", "SMA Anak Bangsa", "SMA Prima Nusantara", "SMA Pertiwi", "SMA Persada", "SMA Pionir Harapan", "SMA Cakra Nusantara", "SMA Global Mandiri", "SMA Pelangi Nusantara", "SMA Bhakti Pertiwi", "SMA Citra Bangsa", "SMA Harmoni", "SMA Tunas Cendekia", "SMA Unggul Bangsa", "SMA Bina Generasi", "SMA Gemilang Jaya", "SMA Purna Bhakti", "SMA Nusantara Jaya", "SMA Wijaya Kusuma", "SMA Merdeka", "SMA Pertiwi Sejahtera", "SMA Pelita Nusantara", "SMA Cahaya Pertiwi", "SMA Tunas Harapan", "SMA Satria Mandiri", "SMA Bina Utama", "SMA Pionir Nusantara", "SMA Mutiara Bangsa", "SMA Kasih Bangsa", "SMA Nusa Indah", "SMA Bina Prestasi"]: null

02-01-2025T15:22:52 - [TEST_STEP][PASSED] - return namaSekolahList[new java.util.Random().nextInt(namaSekolahList.size())]: null

02-01-2025T15:22:52 - [TEST_STEP][PASSED] - setText(findTestObject("Master Data/Super Admin/Edit Sekolah/Edit Page/Field Nama Sekolah"), randomNamaSekolah, CONTINUE_ON_FAILURE): Text 'SMA Mutiara Bangsa' is set on object 'Object Repository/Master Data/Super Admin/Edit Sekolah/Edit Page/Field Nama Sekolah'

02-01-2025T15:22:53 - [MESSAGE][PASSED] - Text 'SMA Mutiara Bangsa' is set on object 'Object Repository/Master Data/Super Admin/Edit Sekolah/Edit Page/Field Nama Sekolah'

02-01-2025T15:22:53 - [TEST_STEP][PASSED] - sendKeys(findTestObject("Master Data/Super Admin/Edit Sekolah/Edit Page/Field Email Sekolah"), Keys.chord(CONTROL, "a")): Keys 'CONTROL + a' sent to object: 'Object Repository/Master Data/Super Admin/Edit Sekolah/Edit Page/Field Email Sekolah'

02-01-2025T15:22:53 - [MESSAGE][PASSED] - Keys 'CONTROL + a' sent to object: 'Object Repository/Master Data/Super Admin/Edit Sekolah/Edit Page/Field Email Sekolah'

02-01-2025T15:22:53 - [TEST_STEP][PASSED] - sendKeys(findTestObject("Master Data/Super Admin/Edit Sekolah/Edit Page/Field Email Sekolah"), Keys.chord(DELETE)): Keys 'DELETE + ' sent to object: 'Object Repository/Master Data/Super Admin/Edit Sekolah/Edit Page/Field Email Sekolah'

02-01-2025T15:22:53 - [MESSAGE][PASSED] - Keys 'DELETE + ' sent to object: 'Object Repository/Master Data/Super Admin/Edit Sekolah/Edit Page/Field Email Sekolah'

02-01-2025T15:22:53 - [TEST_STEP][PASSED] - randomEmail = generateEmailFromNamaSekolah(randomNamaSekolah): null

02-01-2025T15:22:53 - [TEST_STEP][PASSED] - emailPrefix = toLowerCase().replaceAll(" ", "."): null

02-01-2025T15:22:53 - [TEST_STEP][PASSED] - return (emailPrefix + @sch.co.id): null

02-01-2025T15:22:53 - [TEST_STEP][PASSED] - setText(findTestObject("Master Data/Super Admin/Edit Sekolah/Edit Page/Field Email Sekolah"), randomEmail, CONTINUE_ON_FAILURE): Text 'sma.mutiara.bangsa@sch.co.id' is set on object 'Object Repository/Master Data/Super Admin/Edit Sekolah/Edit Page/Field Email Sekolah'

02-01-2025T15:22:54 - [MESSAGE][PASSED] - Text 'sma.mutiara.bangsa@sch.co.id' is set on object 'Object Repository/Master Data/Super Admin/Edit Sekolah/Edit Page/Field Email Sekolah'

02-01-2025T15:22:54 - [TEST_STEP][PASSED] - click(findTestObject("Master Data/Super Admin/Edit Sekolah/Edit Page/Dropdown Provinsi"), CONTINUE_ON_FAILURE): Object: 'Object Repository/Master Data/Super Admin/Edit Sekolah/Edit Page/Dropdown Provinsi' is clicked on

02-01-2025T15:22:56 - [MESSAGE][PASSED] - Object: 'Object Repository/Master Data/Super Admin/Edit Sekolah/Edit Page/Dropdown Provinsi' is clicked on

02-01-2025T15:22:56 - [TEST_STEP][PASSED] - click(findTestObject("Master Data/Super Admin/Edit Sekolah/Edit Page/Value Dropdown Provinsi"), CONTINUE_ON_FAILURE): Object: 'Object Repository/Master Data/Super Admin/Edit Sekolah/Edit Page/Value Dropdown Provinsi' is clicked on

02-01-2025T15:22:57 - [MESSAGE][PASSED] - Object: 'Object Repository/Master Data/Super Admin/Edit Sekolah/Edit Page/Value Dropdown Provinsi' is clicked on

02-01-2025T15:22:57 - [TEST_STEP][PASSED] - click(findTestObject("Master Data/Super Admin/Edit Sekolah/Edit Page/Dropdown Kota"), CONTINUE_ON_FAILURE): Object: 'Object Repository/Master Data/Super Admin/Edit Sekolah/Edit Page/Dropdown Kota' is clicked on

02-01-2025T15:22:57 - [MESSAGE][PASSED] - Object: 'Object Repository/Master Data/Super Admin/Edit Sekolah/Edit Page/Dropdown Kota' is clicked on

02-01-2025T15:22:57 - [TEST_STEP][PASSED] - click(findTestObject("Master Data/Super Admin/Edit Sekolah/Edit Page/Value Dropdown Kota"), CONTINUE_ON_FAILURE): Object: 'Object Repository/Master Data/Super Admin/Edit Sekolah/Edit Page/Value Dropdown Kota' is clicked on

02-01-2025T15:22:57 - [MESSAGE][PASSED] - Object: 'Object Repository/Master Data/Super Admin/Edit Sekolah/Edit Page/Value Dropdown Kota' is clicked on

02-01-2025T15:22:57 - [TEST_STEP][PASSED] - click(findTestObject("Master Data/Super Admin/Edit Sekolah/Edit Page/Field Button Simpan"), CONTINUE_ON_FAILURE): Object: 'Object Repository/Master Data/Super Admin/Edit Sekolah/Edit Page/Field Button Simpan' is clicked on

02-01-2025T15:22:58 - [MESSAGE][PASSED] - Object: 'Object Repository/Master Data/Super Admin/Edit Sekolah/Edit Page/Field Button Simpan' is clicked on

02-01-2025T15:22:58 - [TEST_STEP][PASSED] - click(findTestObject("Master Data/Super Admin/Edit Sekolah/Edit Page/Button Ya"), CONTINUE_ON_FAILURE): Object: 'Object Repository/Master Data/Super Admin/Edit Sekolah/Edit Page/Button Ya' is clicked on

02-01-2025T15:22:58 - [MESSAGE][PASSED] - Object: 'Object Repository/Master Data/Super Admin/Edit Sekolah/Edit Page/Button Ya' is clicked on

02-01-2025T15:22:58 - [TEST_STEP][PASSED] - closeBrowser(): Browser is closed

02-01-2025T15:22:58 - [MESSAGE][PASSED] - Browser is closed

02-01-2025T15:22:58 - [MESSAGE][PASSED] - Call Test Case 'Test Cases/Master Data/Super Admin/Master Data Sekolah/Edit Sekolah' successfully

02-01-2025T15:22:58 - [TEST_STEP][PASSED] - println("============================= Loop Again ==============================="): null

02-01-2025T15:22:58 - [TEST_STEP][PASSED] - callTestCase(findTestCase("Test Cases/Master Data/Super Admin/Master Data Sekolah/Tambah Sekolah"), [:], CONTINUE_ON_FAILURE): Call Test Case 'Test Cases/Master Data/Super Admin/Master Data Sekolah/Tambah Sekolah' successfully

02-01-2025T15:22:58 - [TEST_CASE][PASSED] - Test Cases/Master Data/Super Admin/Master Data Sekolah/Tambah Sekolah: Test Cases/Master Data/Super Admin/Master Data Sekolah/Tambah Sekolah

02-01-2025T15:22:58 - [TEST_STEP][PASSED] - openBrowser("", CONTINUE_ON_FAILURE): Browser is opened with url: ''

02-01-2025T15:22:58 - [MESSAGE][INFO] - Starting 'Chrome' driver

02-01-2025T15:22:58 - [MESSAGE][INFO] - Action delay is set to 0 milliseconds

02-01-2025T15:22:59 - [MESSAGE][PASSED] - Browser is opened with url: ''

02-01-2025T15:22:59 - [TEST_STEP][PASSED] - navigateToUrl("https://school-payment.digiform.co.id/login", CONTINUE_ON_FAILURE): Navigate to 'https://school-payment.digiform.co.id/login' successfully

02-01-2025T15:23:00 - [MESSAGE][PASSED] - Navigate to 'https://school-payment.digiform.co.id/login' successfully

02-01-2025T15:23:00 - [TEST_STEP][PASSED] - click(findTestObject("Master Data/Admin Sekolah/Login/Field Email"), CONTINUE_ON_FAILURE): Object: 'Object Repository/Master Data/Admin Sekolah/Login/Field Email' is clicked on

02-01-2025T15:23:02 - [MESSAGE][PASSED] - Object: 'Object Repository/Master Data/Admin Sekolah/Login/Field Email' is clicked on

02-01-2025T15:23:02 - [TEST_STEP][PASSED] - setText(findTestObject("Master Data/Admin Sekolah/Login/Field Email"), "admin@gmail.com", CONTINUE_ON_FAILURE): Text 'admin@gmail.com' is set on object 'Object Repository/Master Data/Admin Sekolah/Login/Field Email'

02-01-2025T15:23:02 - [MESSAGE][PASSED] - Text 'admin@gmail.com' is set on object 'Object Repository/Master Data/Admin Sekolah/Login/Field Email'

02-01-2025T15:23:02 - [TEST_STEP][PASSED] - click(findTestObject("Master Data/Admin Sekolah/Login/Input Password"), CONTINUE_ON_FAILURE): Object: 'Object Repository/Master Data/Admin Sekolah/Login/Input Password' is clicked on

02-01-2025T15:23:03 - [MESSAGE][PASSED] - Object: 'Object Repository/Master Data/Admin Sekolah/Login/Input Password' is clicked on

02-01-2025T15:23:03 - [TEST_STEP][PASSED] - setText(findTestObject("Master Data/Admin Sekolah/Login/Input Password"), "Test1234", CONTINUE_ON_FAILURE): Text 'Test1234' is set on object 'Object Repository/Master Data/Admin Sekolah/Login/Input Password'

02-01-2025T15:23:03 - [MESSAGE][PASSED] - Text 'Test1234' is set on object 'Object Repository/Master Data/Admin Sekolah/Login/Input Password'

02-01-2025T15:23:03 - [TEST_STEP][PASSED] - click(findTestObject("Master Data/Admin Sekolah/Login/Button Submit"), CONTINUE_ON_FAILURE): Object: 'Object Repository/Master Data/Admin Sekolah/Login/Button Submit' is clicked on

02-01-2025T15:23:03 - [MESSAGE][PASSED] - Object: 'Object Repository/Master Data/Admin Sekolah/Login/Button Submit' is clicked on

02-01-2025T15:23:03 - [TEST_STEP][PASSED] - waitForPageLoad(5, CONTINUE_ON_FAILURE): Wait for page load successfully

02-01-2025T15:23:03 - [MESSAGE][PASSED] - Wait for page load successfully

02-01-2025T15:23:03 - [TEST_STEP][PASSED] - click(findTestObject("Master Data/Super Admin/Homepage Menu/Sidebar Menu"), CONTINUE_ON_FAILURE): Object: 'Object Repository/Master Data/Super Admin/Homepage Menu/Sidebar Menu' is clicked on

02-01-2025T15:23:05 - [MESSAGE][PASSED] - Object: 'Object Repository/Master Data/Super Admin/Homepage Menu/Sidebar Menu' is clicked on

02-01-2025T15:23:05 - [TEST_STEP][PASSED] - click(findTestObject("Master Data/Super Admin/Homepage Menu/Sub Menu Sekolah"), CONTINUE_ON_FAILURE): Object: 'Object Repository/Master Data/Super Admin/Homepage Menu/Sub Menu Sekolah' is clicked on

02-01-2025T15:23:05 - [MESSAGE][PASSED] - Object: 'Object Repository/Master Data/Super Admin/Homepage Menu/Sub Menu Sekolah' is clicked on

02-01-2025T15:23:05 - [TEST_STEP][PASSED] - click(findTestObject("Master Data/Super Admin/Master Sekolah Dashboard/Button Tambah"), CONTINUE_ON_FAILURE): Object: 'Object Repository/Master Data/Super Admin/Master Sekolah Dashboard/Button Tambah' is clicked on

02-01-2025T15:23:06 - [MESSAGE][PASSED] - Object: 'Object Repository/Master Data/Super Admin/Master Sekolah Dashboard/Button Tambah' is clicked on

02-01-2025T15:23:06 - [TEST_STEP][PASSED] - waitForPageLoad(5, CONTINUE_ON_FAILURE): Wait for page load successfully

02-01-2025T15:23:06 - [MESSAGE][PASSED] - Wait for page load successfully

02-01-2025T15:23:06 - [TEST_STEP][PASSED] - sekolahDataList = [["NPSN":generateRandomNPSN(), "Telephone":generateRandomNomorHP(), "NamaSekolah":generateRandomNamaSekolah(), "Email":generateRandomEmail(generateRandomNamaSekolah())]]: null

02-01-2025T15:23:06 - [TEST_STEP][PASSED] - return (java.lang.Math.abs(new java.util.Random().nextLong()) % 10000000000).toString().padLeft(10, 0): null

02-01-2025T15:23:06 - [TEST_STEP][PASSED] - return (08 + (java.lang.Math.abs(new java.util.Random().nextLong()) % 1000000000).toString().padLeft(9, 0)): null

02-01-2025T15:23:06 - [TEST_STEP][PASSED] - namaSekolahList = ["SMA Harapan Bangsa", "SMA Citra Nusantara", "SMA Tunas Muda", "SMA Pelita Harapan", "SMA Duta Bangsa", "SMA Bina Insan", "SMA Mandiri Jaya", "SMA Cendekia Utama", "SMA Cahaya Bangsa", "SMA Kasih Ibu", "SMA Tunas Bangsa", "SMA Nusa Jaya", "SMA Karya Mandiri", "SMA Pelita Cita", "SMA Inspirasi Bangsa", "SMA Sejahtera", "SMA Bintang Terang", "SMA Elang Nusantara", "SMA Gemilang Prestasi", "SMA Bina Cita", "SMA Anak Bangsa", "SMA Prima Nusantara", "SMA Pertiwi", "SMA Persada", "SMA Pionir Harapan", "SMA Cakra Nusantara", "SMA Global Mandiri", "SMA Pelangi Nusantara", "SMA Bhakti Pertiwi", "SMA Citra Bangsa", "SMA Harmoni", "SMA Tunas Cendekia", "SMA Unggul Bangsa", "SMA Bina Generasi", "SMA Gemilang Jaya", "SMA Purna Bhakti", "SMA Nusantara Jaya", "SMA Wijaya Kusuma", "SMA Merdeka", "SMA Pertiwi Sejahtera", "SMA Pelita Nusantara", "SMA Cahaya Pertiwi", "SMA Tunas Harapan", "SMA Satria Mandiri", "SMA Bina Utama", "SMA Pionir Nusantara", "SMA Mutiara Bangsa", "SMA Kasih Bangsa", "SMA Nusa Indah", "SMA Bina Prestasi"]: null

02-01-2025T15:23:06 - [TEST_STEP][PASSED] - return namaSekolahList[new java.util.Random().nextInt(namaSekolahList.size())]: null

02-01-2025T15:23:06 - [TEST_STEP][PASSED] - namaSekolahList = ["SMA Harapan Bangsa", "SMA Citra Nusantara", "SMA Tunas Muda", "SMA Pelita Harapan", "SMA Duta Bangsa", "SMA Bina Insan", "SMA Mandiri Jaya", "SMA Cendekia Utama", "SMA Cahaya Bangsa", "SMA Kasih Ibu", "SMA Tunas Bangsa", "SMA Nusa Jaya", "SMA Karya Mandiri", "SMA Pelita Cita", "SMA Inspirasi Bangsa", "SMA Sejahtera", "SMA Bintang Terang", "SMA Elang Nusantara", "SMA Gemilang Prestasi", "SMA Bina Cita", "SMA Anak Bangsa", "SMA Prima Nusantara", "SMA Pertiwi", "SMA Persada", "SMA Pionir Harapan", "SMA Cakra Nusantara", "SMA Global Mandiri", "SMA Pelangi Nusantara", "SMA Bhakti Pertiwi", "SMA Citra Bangsa", "SMA Harmoni", "SMA Tunas Cendekia", "SMA Unggul Bangsa", "SMA Bina Generasi", "SMA Gemilang Jaya", "SMA Purna Bhakti", "SMA Nusantara Jaya", "SMA Wijaya Kusuma", "SMA Merdeka", "SMA Pertiwi Sejahtera", "SMA Pelita Nusantara", "SMA Cahaya Pertiwi", "SMA Tunas Harapan", "SMA Satria Mandiri", "SMA Bina Utama", "SMA Pionir Nusantara", "SMA Mutiara Bangsa", "SMA Kasih Bangsa", "SMA Nusa Indah", "SMA Bina Prestasi"]: null

02-01-2025T15:23:06 - [TEST_STEP][PASSED] - return namaSekolahList[new java.util.Random().nextInt(namaSekolahList.size())]: null

02-01-2025T15:23:06 - [TEST_STEP][PASSED] - namaSekolahFormatted = toLowerCase().replaceAll("\s+", ""): null

02-01-2025T15:23:06 - [TEST_STEP][PASSED] - return (namaSekolahFormatted + @sch.id): null

02-01-2025T15:23:06 - [TEST_STEP][PASSED] - for (Map<String, String> sekolahData : sekolahDataList): null

02-01-2025T15:23:06 - [TEST_STEP][PASSED] - fillFormWithData(sekolahData): null

02-01-2025T15:23:06 - [TEST_STEP][PASSED] - setText(findTestObject("Master Data/Super Admin/Form Sekolah/Field NPSN"), formData["NPSN"]): Text '0351545355' is set on object 'Object Repository/Master Data/Super Admin/Form Sekolah/Field NPSN'

02-01-2025T15:23:07 - [MESSAGE][PASSED] - Text '0351545355' is set on object 'Object Repository/Master Data/Super Admin/Form Sekolah/Field NPSN'

02-01-2025T15:23:07 - [TEST_STEP][PASSED] - setText(findTestObject("Master Data/Super Admin/Form Sekolah/Field Telephone"), formData["Telephone"]): Text '08782994476' is set on object 'Object Repository/Master Data/Super Admin/Form Sekolah/Field Telephone'

02-01-2025T15:23:07 - [MESSAGE][PASSED] - Text '08782994476' is set on object 'Object Repository/Master Data/Super Admin/Form Sekolah/Field Telephone'

02-01-2025T15:23:07 - [TEST_STEP][PASSED] - setText(findTestObject("Master Data/Super Admin/Form Sekolah/Field Nama Sekolah"), formData["NamaSekolah"]): Text 'SMA Tunas Muda' is set on object 'Object Repository/Master Data/Super Admin/Form Sekolah/Field Nama Sekolah'

02-01-2025T15:23:08 - [MESSAGE][PASSED] - Text 'SMA Tunas Muda' is set on object 'Object Repository/Master Data/Super Admin/Form Sekolah/Field Nama Sekolah'

02-01-2025T15:23:08 - [TEST_STEP][PASSED] - setText(findTestObject("Master Data/Super Admin/Form Sekolah/Field Email"), formData["Email"]): null

02-01-2025T15:23:08 - [MESSAGE][PASSED] - Text 'smadutabangsa@sch.id' is set on object 'Object Repository/Master Data/Super Admin/Form Sekolah/Field Email'

02-01-2025T15:23:08 - [TEST_STEP][PASSED] - delay(1): Delayed 1 second(s)

02-01-2025T15:23:10 - [MESSAGE][PASSED] - Delayed 1 second(s)

02-01-2025T15:23:10 - [TEST_STEP][PASSED] - scrollToElement(findTestObject("Master Data/Super Admin/Form Sekolah/Field Email"), 0, CONTINUE_ON_FAILURE): Scroll to object 'Object Repository/Master Data/Super Admin/Form Sekolah/Field Email' successfully

02-01-2025T15:23:10 - [MESSAGE][WARNING] - Timeout '0' is invalid. Using default page load timeout: '30'

02-01-2025T15:23:10 - [MESSAGE][PASSED] - Scroll to object 'Object Repository/Master Data/Super Admin/Form Sekolah/Field Email' successfully

02-01-2025T15:23:10 - [TEST_STEP][PASSED] - click(findTestObject("Master Data/Super Admin/Form Sekolah/Dropdown Unit"), CONTINUE_ON_FAILURE): Object: 'Object Repository/Master Data/Super Admin/Form Sekolah/Dropdown Unit' is clicked on

02-01-2025T15:23:10 - [MESSAGE][PASSED] - Object: 'Object Repository/Master Data/Super Admin/Form Sekolah/Dropdown Unit' is clicked on

02-01-2025T15:23:10 - [TEST_STEP][PASSED] - click(findTestObject("Master Data/Super Admin/Form Sekolah/Isi Dropdown Unit"), CONTINUE_ON_FAILURE): Object: 'Object Repository/Master Data/Super Admin/Form Sekolah/Isi Dropdown Unit' is clicked on

02-01-2025T15:23:11 - [MESSAGE][PASSED] - Object: 'Object Repository/Master Data/Super Admin/Form Sekolah/Isi Dropdown Unit' is clicked on

02-01-2025T15:23:11 - [TEST_STEP][PASSED] - logoFilePaths = ["C:\Users\henri\Pictures\Upload Sekolah\Logo Sekolah.png"]: null

02-01-2025T15:23:11 - [TEST_STEP][PASSED] - for (String logoFilePath : logoFilePaths): null

02-01-2025T15:23:11 - [TEST_STEP][PASSED] - uploadLogo(logoFilePath): null

02-01-2025T15:23:11 - [TEST_STEP][PASSED] - click(findTestObject("Master Data/Super Admin/Form Sekolah/Button Upload Logo")): Object: 'Object Repository/Master Data/Super Admin/Form Sekolah/Button Upload Logo' is clicked on

02-01-2025T15:23:11 - [MESSAGE][PASSED] - Object: 'Object Repository/Master Data/Super Admin/Form Sekolah/Button Upload Logo' is clicked on

02-01-2025T15:23:11 - [TEST_STEP][PASSED] - delay(1): Delayed 1 second(s)

02-01-2025T15:23:12 - [MESSAGE][PASSED] - Delayed 1 second(s)

02-01-2025T15:23:12 - [TEST_STEP][PASSED] - uploadFile(findTestObject("Master Data/Super Admin/Form Sekolah/Input File Upload"), logoFilePath): null

02-01-2025T15:23:12 - [MESSAGE][PASSED] - File 'C:\Users\henri\Pictures\Upload Sekolah\Logo Sekolah.png' sent to object: 'Object Repository/Master Data/Super Admin/Form Sekolah/Input File Upload'

02-01-2025T15:23:12 - [TEST_STEP][PASSED] - delay(1): Delayed 1 second(s)

02-01-2025T15:23:13 - [MESSAGE][PASSED] - Delayed 1 second(s)

02-01-2025T15:23:13 - [TEST_STEP][PASSED] - kopSuratFilePath = "C:/Users/henri/Pictures/Upload Sekolah/Upload Kop Surat.png": null

02-01-2025T15:23:13 - [TEST_STEP][PASSED] - click(findTestObject("Master Data/Super Admin/Form Sekolah/Button Upload Kop Surat"), CONTINUE_ON_FAILURE): Object: 'Object Repository/Master Data/Super Admin/Form Sekolah/Button Upload Kop Surat' is clicked on

02-01-2025T15:23:13 - [MESSAGE][PASSED] - Object: 'Object Repository/Master Data/Super Admin/Form Sekolah/Button Upload Kop Surat' is clicked on

02-01-2025T15:23:13 - [TEST_STEP][PASSED] - delay(5, CONTINUE_ON_FAILURE): Delayed 5 second(s)

02-01-2025T15:23:18 - [MESSAGE][PASSED] - Delayed 5 second(s)

02-01-2025T15:23:18 - [TEST_STEP][PASSED] - uploadFile(findTestObject("Master Data/Super Admin/Form Sekolah/Input Upload File Kop Surat"), kopSuratFilePath, CONTINUE_ON_FAILURE): File 'C:/Users/henri/Pictures/Upload Sekolah/Upload Kop Surat.png' sent to object: 'Object Repository/Master Data/Super Admin/Form Sekolah/Input Upload File Kop Surat'

02-01-2025T15:23:19 - [MESSAGE][PASSED] - File 'C:/Users/henri/Pictures/Upload Sekolah/Upload Kop Surat.png' sent to object: 'Object Repository/Master Data/Super Admin/Form Sekolah/Input Upload File Kop Surat'

02-01-2025T15:23:19 - [TEST_STEP][PASSED] - selectDropdownValue("Master Data/Super Admin/Form Sekolah/Dropdown Provinsi", "Master Data/Super Admin/Form Sekolah/Isi Dropdown Provinsi", 5, 2): null

02-01-2025T15:23:19 - [TEST_STEP][PASSED] - click(findTestObject(dropdownXpath)): Object: 'Object Repository/Master Data/Super Admin/Form Sekolah/Dropdown Provinsi' is clicked on

02-01-2025T15:23:19 - [MESSAGE][PASSED] - Object: 'Object Repository/Master Data/Super Admin/Form Sekolah/Dropdown Provinsi' is clicked on

02-01-2025T15:23:19 - [TEST_STEP][PASSED] - delay(delayBefore): Delayed 5 second(s)

02-01-2025T15:23:24 - [MESSAGE][PASSED] - Delayed 5 second(s)

02-01-2025T15:23:24 - [TEST_STEP][PASSED] - click(findTestObject(valueXpath)): Object: 'Object Repository/Master Data/Super Admin/Form Sekolah/Isi Dropdown Provinsi' is clicked on

02-01-2025T15:23:24 - [MESSAGE][PASSED] - Object: 'Object Repository/Master Data/Super Admin/Form Sekolah/Isi Dropdown Provinsi' is clicked on

02-01-2025T15:23:24 - [TEST_STEP][PASSED] - delay(delayAfter): Delayed 2 second(s)

02-01-2025T15:23:26 - [MESSAGE][PASSED] - Delayed 2 second(s)

02-01-2025T15:23:26 - [TEST_STEP][PASSED] - selectDropdownValue("Master Data/Super Admin/Form Sekolah/Dropdown Kota", "Master Data/Super Admin/Form Sekolah/Isi Dropdown Kota", 2, 2): null

02-01-2025T15:23:26 - [TEST_STEP][PASSED] - click(findTestObject(dropdownXpath)): Object: 'Object Repository/Master Data/Super Admin/Form Sekolah/Dropdown Kota' is clicked on

02-01-2025T15:23:27 - [MESSAGE][PASSED] - Object: 'Object Repository/Master Data/Super Admin/Form Sekolah/Dropdown Kota' is clicked on

02-01-2025T15:23:27 - [TEST_STEP][PASSED] - delay(delayBefore): Delayed 2 second(s)

02-01-2025T15:23:29 - [MESSAGE][PASSED] - Delayed 2 second(s)

02-01-2025T15:23:29 - [TEST_STEP][PASSED] - click(findTestObject(valueXpath)): Object: 'Object Repository/Master Data/Super Admin/Form Sekolah/Isi Dropdown Kota' is clicked on

02-01-2025T15:23:29 - [MESSAGE][PASSED] - Object: 'Object Repository/Master Data/Super Admin/Form Sekolah/Isi Dropdown Kota' is clicked on

02-01-2025T15:23:29 - [TEST_STEP][PASSED] - delay(delayAfter): Delayed 2 second(s)

02-01-2025T15:23:31 - [MESSAGE][PASSED] - Delayed 2 second(s)

02-01-2025T15:23:31 - [TEST_STEP][PASSED] - alamatRandom = generateRandomAlamat(): null

02-01-2025T15:23:31 - [TEST_STEP][PASSED] - alamatList = ["Head Office. Pondok Indah Office Tower 1 Lantai 8. Jl. Sultan Iskandar Muda Kav. V - TA, Jakarta Selatan 12310. Tel. +62-21 7654466. Fax. +62-21 7507747.", "Jl. Jenderal Sudirman Kav. 10-11, Jakarta Pusat 10220. Tel. +62-21 1234567. Fax. +62-21 9876543.", "Kompleks Ruko Grand Galaxy, Blok A5 No. 12, Bekasi Selatan 17148. Tel. +62-21 8855543.", "Jl. Ahmad Yani No. 45, Surabaya 60234. Tel. +62-31 7894567.", "Jl. Diponegoro No. 101, Bandung 40132. Tel. +62-22 7651234. Fax. +62-22 9873214.", "Jl. MT Haryono No. 3, Medan 20234. Tel. +62-61 4321678.", "Jl. Brigjen Katamso No. 88, Yogyakarta 55212. Tel. +62-274 556789.", "Jl. Gatot Subroto Kav. 15-17, Jakarta Selatan 12950. Tel. +62-21 7650987.", "Jl. Pahlawan No. 76, Semarang 50134. Tel. +62-24 7776543.", "Jl. Imam Bonjol No. 23, Malang 65115. Tel. +62-341 556712."]: null

02-01-2025T15:23:31 - [TEST_STEP][PASSED] - return alamatList[new java.util.Random().nextInt(alamatList.size())]: null

02-01-2025T15:23:31 - [TEST_STEP][PASSED] - setText(findTestObject("Master Data/Super Admin/Form Sekolah/Field Alamat"), alamatRandom, CONTINUE_ON_FAILURE): Text 'Jl. Diponegoro No. 101, Bandung 40132. Tel. +62-22 7651234. Fax. +62-22 9873214.' is set on object 'Object Repository/Master Data/Super Admin/Form Sekolah/Field Alamat'

02-01-2025T15:23:32 - [MESSAGE][PASSED] - Text 'Jl. Diponegoro No. 101, Bandung 40132. Tel. +62-22 7651234. Fax. +62-22 9873214.' is set on object 'Object Repository/Master Data/Super Admin/Form Sekolah/Field Alamat'

02-01-2025T15:23:32 - [TEST_STEP][PASSED] - click(findTestObject("Master Data/Super Admin/Form Sekolah/Button Tambahkan"), CONTINUE_ON_FAILURE): Object: 'Object Repository/Master Data/Super Admin/Form Sekolah/Button Tambahkan' is clicked on

02-01-2025T15:23:32 - [MESSAGE][PASSED] - Object: 'Object Repository/Master Data/Super Admin/Form Sekolah/Button Tambahkan' is clicked on

02-01-2025T15:23:32 - [TEST_STEP][PASSED] - click(findTestObject("Master Data/Super Admin/Form Sekolah/Button YA"), CONTINUE_ON_FAILURE): Object: 'Object Repository/Master Data/Super Admin/Form Sekolah/Button YA' is clicked on

02-01-2025T15:23:33 - [MESSAGE][PASSED] - Object: 'Object Repository/Master Data/Super Admin/Form Sekolah/Button YA' is clicked on

02-01-2025T15:23:33 - [MESSAGE][PASSED] - Call Test Case 'Test Cases/Master Data/Super Admin/Master Data Sekolah/Tambah Sekolah' successfully

02-01-2025T15:23:33 - [TEST_STEP][PASSED] - callTestCase(findTestCase("Test Cases/Master Data/Super Admin/Master Data Sekolah/Edit Sekolah"), [:], CONTINUE_ON_FAILURE): Call Test Case 'Test Cases/Master Data/Super Admin/Master Data Sekolah/Edit Sekolah' successfully

02-01-2025T15:23:33 - [TEST_CASE][PASSED] - Test Cases/Master Data/Super Admin/Master Data Sekolah/Edit Sekolah: Test Cases/Master Data/Super Admin/Master Data Sekolah/Edit Sekolah

02-01-2025T15:23:33 - [TEST_STEP][PASSED] - openBrowser("", CONTINUE_ON_FAILURE): Browser is opened with url: ''

02-01-2025T15:23:33 - [MESSAGE][WARNING] - A browser is already opened. Closing browser and opening a new one

02-01-2025T15:23:33 - [MESSAGE][INFO] - Starting 'Chrome' driver

02-01-2025T15:23:33 - [MESSAGE][INFO] - Action delay is set to 0 milliseconds

02-01-2025T15:23:34 - [MESSAGE][PASSED] - Browser is opened with url: ''

02-01-2025T15:23:34 - [TEST_STEP][PASSED] - navigateToUrl("https://school-payment.digiform.co.id/login", CONTINUE_ON_FAILURE): Navigate to 'https://school-payment.digiform.co.id/login' successfully

02-01-2025T15:23:34 - [MESSAGE][PASSED] - Navigate to 'https://school-payment.digiform.co.id/login' successfully

02-01-2025T15:23:34 - [TEST_STEP][PASSED] - setText(findTestObject("Master Data/Admin Sekolah/Login/Field Email"), "admin@gmail.com", CONTINUE_ON_FAILURE): Text 'admin@gmail.com' is set on object 'Object Repository/Master Data/Admin Sekolah/Login/Field Email'

02-01-2025T15:23:36 - [MESSAGE][PASSED] - Text 'admin@gmail.com' is set on object 'Object Repository/Master Data/Admin Sekolah/Login/Field Email'

02-01-2025T15:23:36 - [TEST_STEP][PASSED] - setText(findTestObject("Master Data/Admin Sekolah/Login/Input Password"), "Test1234", CONTINUE_ON_FAILURE): Text 'Test1234' is set on object 'Object Repository/Master Data/Admin Sekolah/Login/Input Password'

02-01-2025T15:23:36 - [MESSAGE][PASSED] - Text 'Test1234' is set on object 'Object Repository/Master Data/Admin Sekolah/Login/Input Password'

02-01-2025T15:23:36 - [TEST_STEP][PASSED] - click(findTestObject("Master Data/Admin Sekolah/Login/Button Submit"), CONTINUE_ON_FAILURE): Object: 'Object Repository/Master Data/Admin Sekolah/Login/Button Submit' is clicked on

02-01-2025T15:23:37 - [MESSAGE][PASSED] - Object: 'Object Repository/Master Data/Admin Sekolah/Login/Button Submit' is clicked on

02-01-2025T15:23:37 - [TEST_STEP][PASSED] - waitForPageLoad(5, CONTINUE_ON_FAILURE): Wait for page load successfully

02-01-2025T15:23:37 - [MESSAGE][PASSED] - Wait for page load successfully

02-01-2025T15:23:37 - [TEST_STEP][PASSED] - click(findTestObject("Master Data/Super Admin/Homepage Menu/Sidebar Menu"), CONTINUE_ON_FAILURE): Object: 'Object Repository/Master Data/Super Admin/Homepage Menu/Sidebar Menu' is clicked on

02-01-2025T15:23:38 - [MESSAGE][PASSED] - Object: 'Object Repository/Master Data/Super Admin/Homepage Menu/Sidebar Menu' is clicked on

02-01-2025T15:23:38 - [TEST_STEP][PASSED] - click(findTestObject("Master Data/Super Admin/Homepage Menu/Sub Menu Sekolah"), CONTINUE_ON_FAILURE): Object: 'Object Repository/Master Data/Super Admin/Homepage Menu/Sub Menu Sekolah' is clicked on

02-01-2025T15:23:38 - [MESSAGE][PASSED] - Object: 'Object Repository/Master Data/Super Admin/Homepage Menu/Sub Menu Sekolah' is clicked on

02-01-2025T15:23:38 - [TEST_STEP][PASSED] - click(findTestObject("Master Data/Super Admin/Edit Sekolah/Master Data Sekolah Dashboard/Button Action"), CONTINUE_ON_FAILURE): Object: 'Object Repository/Master Data/Super Admin/Edit Sekolah/Master Data Sekolah Dashboard/Button Action' is clicked on

02-01-2025T15:23:39 - [MESSAGE][PASSED] - Object: 'Object Repository/Master Data/Super Admin/Edit Sekolah/Master Data Sekolah Dashboard/Button Action' is clicked on

02-01-2025T15:23:39 - [TEST_STEP][PASSED] - click(findTestObject("Master Data/Super Admin/Edit Sekolah/Master Data Sekolah Dashboard/Button Edit"), CONTINUE_ON_FAILURE): Object: 'Object Repository/Master Data/Super Admin/Edit Sekolah/Master Data Sekolah Dashboard/Button Edit' is clicked on

02-01-2025T15:23:39 - [MESSAGE][PASSED] - Object: 'Object Repository/Master Data/Super Admin/Edit Sekolah/Master Data Sekolah Dashboard/Button Edit' is clicked on

02-01-2025T15:23:39 - [TEST_STEP][PASSED] - sendKeys(findTestObject("Master Data/Super Admin/Edit Sekolah/Edit Page/Field NPSN"), Keys.chord(CONTROL, "a")): Keys 'CONTROL + a' sent to object: 'Object Repository/Master Data/Super Admin/Edit Sekolah/Edit Page/Field NPSN'

02-01-2025T15:23:40 - [MESSAGE][PASSED] - Keys 'CONTROL + a' sent to object: 'Object Repository/Master Data/Super Admin/Edit Sekolah/Edit Page/Field NPSN'

02-01-2025T15:23:40 - [TEST_STEP][PASSED] - sendKeys(findTestObject("Master Data/Super Admin/Edit Sekolah/Edit Page/Field NPSN"), Keys.chord(DELETE)): Keys 'DELETE + ' sent to object: 'Object Repository/Master Data/Super Admin/Edit Sekolah/Edit Page/Field NPSN'

02-01-2025T15:23:40 - [MESSAGE][PASSED] - Keys 'DELETE + ' sent to object: 'Object Repository/Master Data/Super Admin/Edit Sekolah/Edit Page/Field NPSN'

02-01-2025T15:23:40 - [TEST_STEP][PASSED] - randomNPSN = generateRandomNPSN(): null

02-01-2025T15:23:40 - [TEST_STEP][PASSED] - return (java.lang.Math.abs(new java.util.Random().nextLong()) % 10000000000).toString().padLeft(10, 0): null

02-01-2025T15:23:40 - [TEST_STEP][PASSED] - setText(findTestObject("Master Data/Super Admin/Edit Sekolah/Edit Page/Field NPSN"), randomNPSN, CONTINUE_ON_FAILURE): Text '3127245002' is set on object 'Object Repository/Master Data/Super Admin/Edit Sekolah/Edit Page/Field NPSN'

02-01-2025T15:23:41 - [MESSAGE][PASSED] - Text '3127245002' is set on object 'Object Repository/Master Data/Super Admin/Edit Sekolah/Edit Page/Field NPSN'

02-01-2025T15:23:41 - [TEST_STEP][PASSED] - sendKeys(findTestObject("Master Data/Super Admin/Edit Sekolah/Edit Page/Field Nomor Telfon"), Keys.chord(CONTROL, "a")): Keys 'CONTROL + a' sent to object: 'Object Repository/Master Data/Super Admin/Edit Sekolah/Edit Page/Field Nomor Telfon'

02-01-2025T15:23:41 - [MESSAGE][PASSED] - Keys 'CONTROL + a' sent to object: 'Object Repository/Master Data/Super Admin/Edit Sekolah/Edit Page/Field Nomor Telfon'

02-01-2025T15:23:41 - [TEST_STEP][PASSED] - sendKeys(findTestObject("Master Data/Super Admin/Edit Sekolah/Edit Page/Field Nomor Telfon"), Keys.chord(DELETE)): Keys 'DELETE + ' sent to object: 'Object Repository/Master Data/Super Admin/Edit Sekolah/Edit Page/Field Nomor Telfon'

02-01-2025T15:23:42 - [MESSAGE][PASSED] - Keys 'DELETE + ' sent to object: 'Object Repository/Master Data/Super Admin/Edit Sekolah/Edit Page/Field Nomor Telfon'

02-01-2025T15:23:42 - [TEST_STEP][PASSED] - randomNomorTelepon = generateRandomNomorTelepon(): null

02-01-2025T15:23:42 - [TEST_STEP][PASSED] - return (08 + (java.lang.Math.abs(new java.util.Random().nextLong()) % 1000000000).toString().padLeft(9, 0)): null

02-01-2025T15:23:42 - [TEST_STEP][PASSED] - setText(findTestObject("Master Data/Super Admin/Edit Sekolah/Edit Page/Field Nomor Telfon"), randomNomorTelepon, CONTINUE_ON_FAILURE): Text '08655912396' is set on object 'Object Repository/Master Data/Super Admin/Edit Sekolah/Edit Page/Field Nomor Telfon'

02-01-2025T15:23:42 - [MESSAGE][PASSED] - Text '08655912396' is set on object 'Object Repository/Master Data/Super Admin/Edit Sekolah/Edit Page/Field Nomor Telfon'

02-01-2025T15:23:42 - [TEST_STEP][PASSED] - sendKeys(findTestObject("Master Data/Super Admin/Edit Sekolah/Edit Page/Field Nama Sekolah"), Keys.chord(CONTROL, "a")): Keys 'CONTROL + a' sent to object: 'Object Repository/Master Data/Super Admin/Edit Sekolah/Edit Page/Field Nama Sekolah'

02-01-2025T15:23:42 - [MESSAGE][PASSED] - Keys 'CONTROL + a' sent to object: 'Object Repository/Master Data/Super Admin/Edit Sekolah/Edit Page/Field Nama Sekolah'

02-01-2025T15:23:42 - [TEST_STEP][PASSED] - sendKeys(findTestObject("Master Data/Super Admin/Edit Sekolah/Edit Page/Field Nama Sekolah"), Keys.chord(DELETE)): Keys 'DELETE + ' sent to object: 'Object Repository/Master Data/Super Admin/Edit Sekolah/Edit Page/Field Nama Sekolah'

02-01-2025T15:23:43 - [MESSAGE][PASSED] - Keys 'DELETE + ' sent to object: 'Object Repository/Master Data/Super Admin/Edit Sekolah/Edit Page/Field Nama Sekolah'

02-01-2025T15:23:43 - [TEST_STEP][PASSED] - randomNamaSekolah = generateRandomNamaSekolah(): null

02-01-2025T15:23:43 - [TEST_STEP][PASSED] - namaSekolahList = ["SMA Harapan Bangsa", "SMA Citra Nusantara", "SMA Tunas Muda", "SMA Pelita Harapan", "SMA Duta Bangsa", "SMA Bina Insan", "SMA Mandiri Jaya", "SMA Cendekia Utama", "SMA Cahaya Bangsa", "SMA Kasih Ibu", "SMA Tunas Bangsa", "SMA Nusa Jaya", "SMA Karya Mandiri", "SMA Pelita Cita", "SMA Inspirasi Bangsa", "SMA Sejahtera", "SMA Bintang Terang", "SMA Elang Nusantara", "SMA Gemilang Prestasi", "SMA Bina Cita", "SMA Anak Bangsa", "SMA Prima Nusantara", "SMA Pertiwi", "SMA Persada", "SMA Pionir Harapan", "SMA Cakra Nusantara", "SMA Global Mandiri", "SMA Pelangi Nusantara", "SMA Bhakti Pertiwi", "SMA Citra Bangsa", "SMA Harmoni", "SMA Tunas Cendekia", "SMA Unggul Bangsa", "SMA Bina Generasi", "SMA Gemilang Jaya", "SMA Purna Bhakti", "SMA Nusantara Jaya", "SMA Wijaya Kusuma", "SMA Merdeka", "SMA Pertiwi Sejahtera", "SMA Pelita Nusantara", "SMA Cahaya Pertiwi", "SMA Tunas Harapan", "SMA Satria Mandiri", "SMA Bina Utama", "SMA Pionir Nusantara", "SMA Mutiara Bangsa", "SMA Kasih Bangsa", "SMA Nusa Indah", "SMA Bina Prestasi"]: null

02-01-2025T15:23:43 - [TEST_STEP][PASSED] - return namaSekolahList[new java.util.Random().nextInt(namaSekolahList.size())]: null

02-01-2025T15:23:43 - [TEST_STEP][PASSED] - setText(findTestObject("Master Data/Super Admin/Edit Sekolah/Edit Page/Field Nama Sekolah"), randomNamaSekolah, CONTINUE_ON_FAILURE): Text 'SMA Bina Generasi' is set on object 'Object Repository/Master Data/Super Admin/Edit Sekolah/Edit Page/Field Nama Sekolah'

02-01-2025T15:23:43 - [MESSAGE][PASSED] - Text 'SMA Bina Generasi' is set on object 'Object Repository/Master Data/Super Admin/Edit Sekolah/Edit Page/Field Nama Sekolah'

02-01-2025T15:23:43 - [TEST_STEP][PASSED] - sendKeys(findTestObject("Master Data/Super Admin/Edit Sekolah/Edit Page/Field Email Sekolah"), Keys.chord(CONTROL, "a")): Keys 'CONTROL + a' sent to object: 'Object Repository/Master Data/Super Admin/Edit Sekolah/Edit Page/Field Email Sekolah'

02-01-2025T15:23:43 - [MESSAGE][PASSED] - Keys 'CONTROL + a' sent to object: 'Object Repository/Master Data/Super Admin/Edit Sekolah/Edit Page/Field Email Sekolah'

02-01-2025T15:23:43 - [TEST_STEP][PASSED] - sendKeys(findTestObject("Master Data/Super Admin/Edit Sekolah/Edit Page/Field Email Sekolah"), Keys.chord(DELETE)): Keys 'DELETE + ' sent to object: 'Object Repository/Master Data/Super Admin/Edit Sekolah/Edit Page/Field Email Sekolah'

02-01-2025T15:23:44 - [MESSAGE][PASSED] - Keys 'DELETE + ' sent to object: 'Object Repository/Master Data/Super Admin/Edit Sekolah/Edit Page/Field Email Sekolah'

02-01-2025T15:23:44 - [TEST_STEP][PASSED] - randomEmail = generateEmailFromNamaSekolah(randomNamaSekolah): null

02-01-2025T15:23:44 - [TEST_STEP][PASSED] - emailPrefix = toLowerCase().replaceAll(" ", "."): null

02-01-2025T15:23:44 - [TEST_STEP][PASSED] - return (emailPrefix + @sch.co.id): null

02-01-2025T15:23:44 - [TEST_STEP][PASSED] - setText(findTestObject("Master Data/Super Admin/Edit Sekolah/Edit Page/Field Email Sekolah"), randomEmail, CONTINUE_ON_FAILURE): Text 'sma.bina.generasi@sch.co.id' is set on object 'Object Repository/Master Data/Super Admin/Edit Sekolah/Edit Page/Field Email Sekolah'

02-01-2025T15:23:44 - [MESSAGE][PASSED] - Text 'sma.bina.generasi@sch.co.id' is set on object 'Object Repository/Master Data/Super Admin/Edit Sekolah/Edit Page/Field Email Sekolah'

02-01-2025T15:23:44 - [TEST_STEP][PASSED] - click(findTestObject("Master Data/Super Admin/Edit Sekolah/Edit Page/Dropdown Provinsi"), CONTINUE_ON_FAILURE): Object: 'Object Repository/Master Data/Super Admin/Edit Sekolah/Edit Page/Dropdown Provinsi' is clicked on

02-01-2025T15:23:47 - [MESSAGE][PASSED] - Object: 'Object Repository/Master Data/Super Admin/Edit Sekolah/Edit Page/Dropdown Provinsi' is clicked on

02-01-2025T15:23:47 - [TEST_STEP][PASSED] - click(findTestObject("Master Data/Super Admin/Edit Sekolah/Edit Page/Value Dropdown Provinsi"), CONTINUE_ON_FAILURE): Object: 'Object Repository/Master Data/Super Admin/Edit Sekolah/Edit Page/Value Dropdown Provinsi' is clicked on

02-01-2025T15:23:47 - [MESSAGE][PASSED] - Object: 'Object Repository/Master Data/Super Admin/Edit Sekolah/Edit Page/Value Dropdown Provinsi' is clicked on

02-01-2025T15:23:47 - [TEST_STEP][PASSED] - click(findTestObject("Master Data/Super Admin/Edit Sekolah/Edit Page/Dropdown Kota"), CONTINUE_ON_FAILURE): Object: 'Object Repository/Master Data/Super Admin/Edit Sekolah/Edit Page/Dropdown Kota' is clicked on

02-01-2025T15:23:47 - [MESSAGE][PASSED] - Object: 'Object Repository/Master Data/Super Admin/Edit Sekolah/Edit Page/Dropdown Kota' is clicked on

02-01-2025T15:23:47 - [TEST_STEP][PASSED] - click(findTestObject("Master Data/Super Admin/Edit Sekolah/Edit Page/Value Dropdown Kota"), CONTINUE_ON_FAILURE): Object: 'Object Repository/Master Data/Super Admin/Edit Sekolah/Edit Page/Value Dropdown Kota' is clicked on

02-01-2025T15:23:48 - [MESSAGE][PASSED] - Object: 'Object Repository/Master Data/Super Admin/Edit Sekolah/Edit Page/Value Dropdown Kota' is clicked on

02-01-2025T15:23:48 - [TEST_STEP][PASSED] - click(findTestObject("Master Data/Super Admin/Edit Sekolah/Edit Page/Field Button Simpan"), CONTINUE_ON_FAILURE): Object: 'Object Repository/Master Data/Super Admin/Edit Sekolah/Edit Page/Field Button Simpan' is clicked on

02-01-2025T15:23:48 - [MESSAGE][PASSED] - Object: 'Object Repository/Master Data/Super Admin/Edit Sekolah/Edit Page/Field Button Simpan' is clicked on

02-01-2025T15:23:48 - [TEST_STEP][PASSED] - click(findTestObject("Master Data/Super Admin/Edit Sekolah/Edit Page/Button Ya"), CONTINUE_ON_FAILURE): Object: 'Object Repository/Master Data/Super Admin/Edit Sekolah/Edit Page/Button Ya' is clicked on

02-01-2025T15:23:49 - [MESSAGE][PASSED] - Object: 'Object Repository/Master Data/Super Admin/Edit Sekolah/Edit Page/Button Ya' is clicked on

02-01-2025T15:23:49 - [TEST_STEP][PASSED] - closeBrowser(): Browser is closed

02-01-2025T15:23:49 - [MESSAGE][PASSED] - Browser is closed

02-01-2025T15:23:49 - [MESSAGE][PASSED] - Call Test Case 'Test Cases/Master Data/Super Admin/Master Data Sekolah/Edit Sekolah' successfully

02-01-2025T15:23:49 - [TEST_STEP][PASSED] - println("============================= Loop Again ==============================="): null]]></system-out>
         <system-err><![CDATA[]]></system-err>
      </testcase>
      <testcase name="Test Cases/Regresi Feature/Sprint 1/Regresi Tagihan" time="248.68" classname="Test Cases/Regresi Feature/Sprint 1/Regresi Tagihan" status="FAILED">
         <failure type="FAILED" message="Test Cases/Regresi Feature/Sprint 1/Regresi Tagihan FAILED.&#xa;Reason:&#xa;com.kms.katalon.core.exception.StepFailedException: Unable to call Test Case 'Test Cases/Master Data/Admin Sekolah/Master Data Tagihan/Filter Tagihan' (Root cause: com.kms.katalon.core.exception.StepFailedException: Call Test Case 'Test Cases/Master Data/Admin Sekolah/Master Data Tagihan/Filter Tagihan' failed&#xa;	at com.kms.katalon.core.keyword.builtin.CallTestCaseKeyword$_callTestCase_closure1.doCall(CallTestCaseKeyword.groovy:63)&#xa;	at com.kms.katalon.core.keyword.builtin.CallTestCaseKeyword$_callTestCase_closure1.call(CallTestCaseKeyword.groovy)&#xa;	at com.kms.katalon.core.keyword.internal.KeywordMain.runKeyword(KeywordMain.groovy:75)&#xa;	at com.kms.katalon.core.keyword.builtin.CallTestCaseKeyword.callTestCase(CallTestCaseKeyword.groovy:81)&#xa;	at com.kms.katalon.core.keyword.builtin.CallTestCaseKeyword.execute(CallTestCaseKeyword.groovy:44)&#xa;	at com.kms.katalon.core.keyword.internal.KeywordExecutor.executeKeywordForPlatform(KeywordExecutor.groovy:74)&#xa;	at com.kms.katalon.core.keyword.BuiltinKeywords.callTestCase(BuiltinKeywords.groovy:310)&#xa;	at jdk.internal.reflect.GeneratedMethodAccessor48.invoke(Unknown Source)&#xa;	at java.base/jdk.internal.reflect.DelegatingMethodAccessorImpl.invoke(DelegatingMethodAccessorImpl.java:43)&#xa;	at Regresi Tagihan.run(Regresi Tagihan:22)&#xa;	at com.kms.katalon.core.main.ScriptEngine.run(ScriptEngine.java:194)&#xa;	at com.kms.katalon.core.main.ScriptEngine.runScriptAsRawText(ScriptEngine.java:119)&#xa;	at com.kms.katalon.core.main.TestCaseExecutor.runScript(TestCaseExecutor.java:448)&#xa;	at com.kms.katalon.core.main.TestCaseExecutor.doExecute(TestCaseExecutor.java:439)&#xa;	at com.kms.katalon.core.main.TestCaseExecutor.processExecutionPhase(TestCaseExecutor.java:418)&#xa;	at com.kms.katalon.core.main.TestCaseExecutor.accessMainPhase(TestCaseExecutor.java:410)&#xa;	at com.kms.katalon.core.main.TestCaseExecutor.execute(TestCaseExecutor.java:285)&#xa;	at com.kms.katalon.core.common.CommonExecutor.accessTestCaseMainPhase(CommonExecutor.java:65)&#xa;	at com.kms.katalon.core.main.TestSuiteExecutor.accessTestSuiteMainPhase(TestSuiteExecutor.java:161)&#xa;	at com.kms.katalon.core.main.TestSuiteExecutor.execute(TestSuiteExecutor.java:107)&#xa;	at com.kms.katalon.core.main.TestCaseMain.startTestSuite(TestCaseMain.java:176)&#xa;	at TempTestSuite1735805561810.run(TempTestSuite1735805561810.groovy:35)&#xa;	at java.base/jdk.internal.reflect.NativeMethodAccessorImpl.invoke0(Native Method)&#xa;	at java.base/jdk.internal.reflect.NativeMethodAccessorImpl.invoke(NativeMethodAccessorImpl.java:77)&#xa;	at java.base/jdk.internal.reflect.DelegatingMethodAccessorImpl.invoke(DelegatingMethodAccessorImpl.java:43)&#xa;Caused by: com.kms.katalon.core.exception.StepFailedException: Unable to click on object 'Object Repository/Master Data/Admin Sekolah/Filter Tagihan/CIMB' (Root cause: com.kms.katalon.core.exception.StepFailedException: Unable to click on object 'Object Repository/Master Data/Admin Sekolah/Filter Tagihan/CIMB'&#xa;	at com.kms.katalon.core.webui.keyword.internal.WebUIKeywordMain.stepFailed(WebUIKeywordMain.groovy:117)&#xa;	at com.kms.katalon.core.webui.keyword.internal.WebUIKeywordMain.runKeyword(WebUIKeywordMain.groovy:43)&#xa;	at com.kms.katalon.core.webui.keyword.builtin.ClickKeyword.click(ClickKeyword.groovy:75)&#xa;	at com.kms.katalon.core.webui.keyword.builtin.ClickKeyword.execute(ClickKeyword.groovy:40)&#xa;	at com.kms.katalon.core.keyword.internal.KeywordExecutor.executeKeywordForPlatform(KeywordExecutor.groovy:74)&#xa;	at com.kms.katalon.core.webui.keyword.WebUiBuiltInKeywords.click(WebUiBuiltInKeywords.groovy:684)&#xa;	at Filter Tagihan.run(Filter Tagihan:62)&#xa;	at com.kms.katalon.core.main.ScriptEngine.run(ScriptEngine.java:194)&#xa;	at com.kms.katalon.core.main.ScriptEngine.runScriptAsRawText(ScriptEngine.java:119)&#xa;	at com.kms.katalon.core.main.TestCaseExecutor.runScript(TestCaseExecutor.java:448)&#xa;	at com.kms.katalon.core.main.TestCaseExecutor.doExecute(TestCaseExecutor.java:439)&#xa;	at com.kms.katalon.core.main.TestCaseExecutor.processExecutionPhase(TestCaseExecutor.java:418)&#xa;	at com.kms.katalon.core.main.TestCaseExecutor.accessMainPhase(TestCaseExecutor.java:410)&#xa;	at com.kms.katalon.core.main.TestCaseExecutor.execute(TestCaseExecutor.java:285)&#xa;	at com.kms.katalon.core.main.TestCaseMain.runTestCase(TestCaseMain.java:133)&#xa;	at com.kms.katalon.core.keyword.builtin.CallTestCaseKeyword$_callTestCase_closure1.doCall(CallTestCaseKeyword.groovy:59)&#xa;	at com.kms.katalon.core.keyword.builtin.CallTestCaseKeyword$_callTestCase_closure1.call(CallTestCaseKeyword.groovy)&#xa;	at com.kms.katalon.core.keyword.internal.KeywordMain.runKeyword(KeywordMain.groovy:75)&#xa;	at com.kms.katalon.core.keyword.builtin.CallTestCaseKeyword.callTestCase(CallTestCaseKeyword.groovy:81)&#xa;	at com.kms.katalon.core.keyword.builtin.CallTestCaseKeyword.execute(CallTestCaseKeyword.groovy:44)&#xa;	at com.kms.katalon.core.keyword.internal.KeywordExecutor.executeKeywordForPlatform(KeywordExecutor.groovy:74)&#xa;	at com.kms.katalon.core.keyword.BuiltinKeywords.callTestCase(BuiltinKeywords.groovy:310)&#xa;	at jdk.internal.reflect.GeneratedMethodAccessor48.invoke(Unknown Source)&#xa;	at java.base/jdk.internal.reflect.DelegatingMethodAccessorImpl.invoke(DelegatingMethodAccessorImpl.java:43)&#xa;	at Regresi Tagihan.run(Regresi Tagihan:22)&#xa;	at com.kms.katalon.core.main.ScriptEngine.run(ScriptEngine.java:194)&#xa;	at com.kms.katalon.core.main.ScriptEngine.runScriptAsRawText(ScriptEngine.java:119)&#xa;	at com.kms.katalon.core.main.TestCaseExecutor.runScript(TestCaseExecutor.java:448)&#xa;	at com.kms.katalon.core.main.TestCaseExecutor.doExecute(TestCaseExecutor.java:439)&#xa;	at com.kms.katalon.core.main.TestCaseExecutor.processExecutionPhase(TestCaseExecutor.java:418)&#xa;	at com.kms.katalon.core.main.TestCaseExecutor.accessMainPhase(TestCaseExecutor.java:410)&#xa;	at com.kms.katalon.core.main.TestCaseExecutor.execute(TestCaseExecutor.java:285)&#xa;	at com.kms.katalon.core.common.CommonExecutor.accessTestCaseMainPhase(CommonExecutor.java:65)&#xa;	at com.kms.katalon.core.main.TestSuiteExecutor.accessTestSuiteMainPhase(TestSuiteExecutor.java:161)&#xa;	at com.kms.katalon.core.main.TestSuiteExecutor.execute(TestSuiteExecutor.java:107)&#xa;	at com.kms.katalon.core.main.TestCaseMain.startTestSuite(TestCaseMain.java:176)&#xa;	at TempTestSuite1735805561810.run(TempTestSuite1735805561810.groovy:35)&#xa;	at java.base/jdk.internal.reflect.NativeMethodAccessorImpl.invoke0(Native Method)&#xa;	at java.base/jdk.internal.reflect.NativeMethodAccessorImpl.invoke(NativeMethodAccessorImpl.java:77)&#xa;	at java.base/jdk.internal.reflect.DelegatingMethodAccessorImpl.invoke(DelegatingMethodAccessorImpl.java:43)&#xa;Caused by: com.kms.katalon.core.webui.exception.WebElementNotFoundException: Web element with id: 'Object Repository/Master Data/Admin Sekolah/Filter Tagihan/CIMB' located by '//div[@data-testid='option-91' and .//p[@data-testid='paragraph' and text()='CIMB - 1223123123']]' not found&#xa;	at com.kms.katalon.core.webui.common.WebUiCommonHelper.findWebElement(WebUiCommonHelper.java:1426)&#xa;	at com.kms.katalon.core.webui.keyword.internal.WebUIAbstractKeyword.findWebElement(WebUIAbstractKeyword.groovy:27)&#xa;	at com.kms.katalon.core.webui.keyword.builtin.ClickKeyword$_click_closure1.doCall(ClickKeyword.groovy:66)&#xa;	at com.kms.katalon.core.webui.keyword.builtin.ClickKeyword$_click_closure1.call(ClickKeyword.groovy)&#xa;	at com.kms.katalon.core.webui.keyword.internal.WebUIKeywordMain.runKeyword(WebUIKeywordMain.groovy:35)&#xa;	at com.kms.katalon.core.webui.keyword.builtin.ClickKeyword.click(ClickKeyword.groovy:75)&#xa;	at com.kms.katalon.core.webui.keyword.builtin.ClickKeyword.execute(ClickKeyword.groovy:40)&#xa;	at com.kms.katalon.core.keyword.internal.KeywordExecutor.executeKeywordForPlatform(KeywordExecutor.groovy:74)&#xa;	at com.kms.katalon.core.webui.keyword.WebUiBuiltInKeywords.click(WebUiBuiltInKeywords.groovy:684)&#xa;	at Script1731485365054.run(Script1731485365054.groovy:62)&#xa;	at com.kms.katalon.core.main.ScriptEngine.run(ScriptEngine.java:194)&#xa;	at com.kms.katalon.core.main.ScriptEngine.runScriptAsRawText(ScriptEngine.java:119)&#xa;	at com.kms.katalon.core.main.TestCaseExecutor.runScript(TestCaseExecutor.java:448)&#xa;	at com.kms.katalon.core.main.TestCaseExecutor.doExecute(TestCaseExecutor.java:439)&#xa;	at com.kms.katalon.core.main.TestCaseExecutor.processExecutionPhase(TestCaseExecutor.java:418)&#xa;	at com.kms.katalon.core.main.TestCaseExecutor.accessMainPhase(TestCaseExecutor.java:410)&#xa;	at com.kms.katalon.core.main.TestCaseExecutor.execute(TestCaseExecutor.java:285)&#xa;	at com.kms.katalon.core.main.TestCaseMain.runTestCase(TestCaseMain.java:133)&#xa;	at com.kms.katalon.core.keyword.builtin.CallTestCaseKeyword$_callTestCase_closure1.doCall(CallTestCaseKeyword.groovy:59)&#xa;	at com.kms.katalon.core.keyword.builtin.CallTestCaseKeyword$_callTestCase_closure1.call(CallTestCaseKeyword.groovy)&#xa;	at com.kms.katalon.core.keyword.internal.KeywordMain.runKeyword(KeywordMain.groovy:75)&#xa;	at com.kms.katalon.core.keyword.builtin.CallTestCaseKeyword.callTestCase(CallTestCaseKeyword.groovy:81)&#xa;	at com.kms.katalon.core.keyword.builtin.CallTestCaseKeyword.execute(CallTestCaseKeyword.groovy:44)&#xa;	at com.kms.katalon.core.keyword.internal.KeywordExecutor.executeKeywordForPlatform(KeywordExecutor.groovy:74)&#xa;	at com.kms.katalon.core.keyword.BuiltinKeywords.callTestCase(BuiltinKeywords.groovy:310)&#xa;	at jdk.internal.reflect.GeneratedMethodAccessor48.invoke(Unknown Source)&#xa;	at java.base/jdk.internal.reflect.DelegatingMethodAccessorImpl.invoke(DelegatingMethodAccessorImpl.java:43)&#xa;	at Script1735746434271.run(Script1735746434271.groovy:22)&#xa;	... 15 more&#xa;)&#xa;	at com.kms.katalon.core.keyword.internal.KeywordMain.stepFailed(KeywordMain.groovy:39)&#xa;	at com.kms.katalon.core.webui.keyword.internal.WebUIKeywordMain.stepFailed(WebUIKeywordMain.groovy:117)&#xa;	at com.kms.katalon.core.webui.keyword.internal.WebUIKeywordMain.runKeyword(WebUIKeywordMain.groovy:43)&#xa;	at com.kms.katalon.core.webui.keyword.builtin.ClickKeyword.click(ClickKeyword.groovy:75)&#xa;	at com.kms.katalon.core.webui.keyword.builtin.ClickKeyword.execute(ClickKeyword.groovy:40)&#xa;	at com.kms.katalon.core.keyword.internal.KeywordExecutor.executeKeywordForPlatform(KeywordExecutor.groovy:74)&#xa;	at com.kms.katalon.core.webui.keyword.WebUiBuiltInKeywords.click(WebUiBuiltInKeywords.groovy:684)&#xa;	at Filter Tagihan.run(Filter Tagihan:62)&#xa;	at com.kms.katalon.core.main.ScriptEngine.run(ScriptEngine.java:194)&#xa;	at com.kms.katalon.core.main.ScriptEngine.runScriptAsRawText(ScriptEngine.java:119)&#xa;	at com.kms.katalon.core.main.TestCaseExecutor.runScript(TestCaseExecutor.java:448)&#xa;	at com.kms.katalon.core.main.TestCaseExecutor.doExecute(TestCaseExecutor.java:439)&#xa;	at com.kms.katalon.core.main.TestCaseExecutor.processExecutionPhase(TestCaseExecutor.java:418)&#xa;	at com.kms.katalon.core.main.TestCaseExecutor.accessMainPhase(TestCaseExecutor.java:410)&#xa;	at com.kms.katalon.core.main.TestCaseExecutor.execute(TestCaseExecutor.java:285)&#xa;	at com.kms.katalon.core.main.TestCaseMain.runTestCase(TestCaseMain.java:133)&#xa;	at com.kms.katalon.core.keyword.builtin.CallTestCaseKeyword$_callTestCase_closure1.doCall(CallTestCaseKeyword.groovy:59)&#xa;	... 24 more&#xa;Caused by: com.kms.katalon.core.exception.StepFailedException: Unable to click on object 'Object Repository/Master Data/Admin Sekolah/Filter Tagihan/CIMB'&#xa;	... 40 more&#xa;Caused by: com.kms.katalon.core.webui.exception.WebElementNotFoundException: Web element with id: 'Object Repository/Master Data/Admin Sekolah/Filter Tagihan/CIMB' located by '//div[@data-testid='option-91' and .//p[@data-testid='paragraph' and text()='CIMB - 1223123123']]' not found&#xa;	at com.kms.katalon.core.webui.common.WebUiCommonHelper.findWebElement(WebUiCommonHelper.java:1426)&#xa;	at com.kms.katalon.core.webui.keyword.internal.WebUIAbstractKeyword.findWebElement(WebUIAbstractKeyword.groovy:27)&#xa;	at com.kms.katalon.core.webui.keyword.builtin.ClickKeyword$_click_closure1.doCall(ClickKeyword.groovy:66)&#xa;	at com.kms.katalon.core.webui.keyword.builtin.ClickKeyword$_click_closure1.call(ClickKeyword.groovy)&#xa;	at com.kms.katalon.core.webui.keyword.internal.WebUIKeywordMain.runKeyword(WebUIKeywordMain.groovy:35)&#xa;	... 38 more&#xa;)&#xa;	at com.kms.katalon.core.keyword.internal.KeywordMain.stepFailed(KeywordMain.groovy:39)&#xa;	at com.kms.katalon.core.keyword.internal.KeywordMain.stepFailed(KeywordMain.groovy)&#xa;	at com.kms.katalon.core.keyword.internal.KeywordMain.runKeyword(KeywordMain.groovy:77)&#xa;	at com.kms.katalon.core.keyword.builtin.CallTestCaseKeyword.callTestCase(CallTestCaseKeyword.groovy:81)&#xa;	at com.kms.katalon.core.keyword.builtin.CallTestCaseKeyword.execute(CallTestCaseKeyword.groovy:44)&#xa;	at com.kms.katalon.core.keyword.internal.KeywordExecutor.executeKeywordForPlatform(KeywordExecutor.groovy:74)&#xa;	at com.kms.katalon.core.keyword.BuiltinKeywords.callTestCase(BuiltinKeywords.groovy:310)&#xa;	at jdk.internal.reflect.GeneratedMethodAccessor48.invoke(Unknown Source)&#xa;	at java.base/jdk.internal.reflect.DelegatingMethodAccessorImpl.invoke(DelegatingMethodAccessorImpl.java:43)&#xa;	at Regresi Tagihan.run(Regresi Tagihan:22)&#xa;	at com.kms.katalon.core.main.ScriptEngine.run(ScriptEngine.java:194)&#xa;	at com.kms.katalon.core.main.ScriptEngine.runScriptAsRawText(ScriptEngine.java:119)&#xa;	at com.kms.katalon.core.main.TestCaseExecutor.runScript(TestCaseExecutor.java:448)&#xa;	at com.kms.katalon.core.main.TestCaseExecutor.doExecute(TestCaseExecutor.java:439)&#xa;	at com.kms.katalon.core.main.TestCaseExecutor.processExecutionPhase(TestCaseExecutor.java:418)&#xa;	at com.kms.katalon.core.main.TestCaseExecutor.accessMainPhase(TestCaseExecutor.java:410)&#xa;	at com.kms.katalon.core.main.TestCaseExecutor.execute(TestCaseExecutor.java:285)&#xa;	at com.kms.katalon.core.common.CommonExecutor.accessTestCaseMainPhase(CommonExecutor.java:65)&#xa;	at com.kms.katalon.core.main.TestSuiteExecutor.accessTestSuiteMainPhase(TestSuiteExecutor.java:161)&#xa;	at com.kms.katalon.core.main.TestSuiteExecutor.execute(TestSuiteExecutor.java:107)&#xa;	at com.kms.katalon.core.main.TestCaseMain.startTestSuite(TestCaseMain.java:176)&#xa;	at TempTestSuite1735805561810.run(TempTestSuite1735805561810.groovy:35)&#xa;	at java.base/jdk.internal.reflect.NativeMethodAccessorImpl.invoke0(Native Method)&#xa;	at java.base/jdk.internal.reflect.NativeMethodAccessorImpl.invoke(NativeMethodAccessorImpl.java:77)&#xa;	at java.base/jdk.internal.reflect.DelegatingMethodAccessorImpl.invoke(DelegatingMethodAccessorImpl.java:43)&#xa;Caused by: com.kms.katalon.core.exception.StepFailedException: Call Test Case 'Test Cases/Master Data/Admin Sekolah/Master Data Tagihan/Filter Tagihan' failed&#xa;	at com.kms.katalon.core.keyword.builtin.CallTestCaseKeyword$_callTestCase_closure1.doCall(CallTestCaseKeyword.groovy:63)&#xa;	at com.kms.katalon.core.keyword.builtin.CallTestCaseKeyword$_callTestCase_closure1.call(CallTestCaseKeyword.groovy)&#xa;	at com.kms.katalon.core.keyword.internal.KeywordMain.runKeyword(KeywordMain.groovy:75)&#xa;	... 22 more&#xa;Caused by: com.kms.katalon.core.exception.StepFailedException: Unable to click on object 'Object Repository/Master Data/Admin Sekolah/Filter Tagihan/CIMB' (Root cause: com.kms.katalon.core.exception.StepFailedException: Unable to click on object 'Object Repository/Master Data/Admin Sekolah/Filter Tagihan/CIMB'&#xa;	at com.kms.katalon.core.webui.keyword.internal.WebUIKeywordMain.stepFailed(WebUIKeywordMain.groovy:117)&#xa;	at com.kms.katalon.core.webui.keyword.internal.WebUIKeywordMain.runKeyword(WebUIKeywordMain.groovy:43)&#xa;	at com.kms.katalon.core.webui.keyword.builtin.ClickKeyword.click(ClickKeyword.groovy:75)&#xa;	at com.kms.katalon.core.webui.keyword.builtin.ClickKeyword.execute(ClickKeyword.groovy:40)&#xa;	at com.kms.katalon.core.keyword.internal.KeywordExecutor.executeKeywordForPlatform(KeywordExecutor.groovy:74)&#xa;	at com.kms.katalon.core.webui.keyword.WebUiBuiltInKeywords.click(WebUiBuiltInKeywords.groovy:684)&#xa;	at Filter Tagihan.run(Filter Tagihan:62)&#xa;	at com.kms.katalon.core.main.ScriptEngine.run(ScriptEngine.java:194)&#xa;	at com.kms.katalon.core.main.ScriptEngine.runScriptAsRawText(ScriptEngine.java:119)&#xa;	at com.kms.katalon.core.main.TestCaseExecutor.runScript(TestCaseExecutor.java:448)&#xa;	at com.kms.katalon.core.main.TestCaseExecutor.doExecute(TestCaseExecutor.java:439)&#xa;	at com.kms.katalon.core.main.TestCaseExecutor.processExecutionPhase(TestCaseExecutor.java:418)&#xa;	at com.kms.katalon.core.main.TestCaseExecutor.accessMainPhase(TestCaseExecutor.java:410)&#xa;	at com.kms.katalon.core.main.TestCaseExecutor.execute(TestCaseExecutor.java:285)&#xa;	at com.kms.katalon.core.main.TestCaseMain.runTestCase(TestCaseMain.java:133)&#xa;	at com.kms.katalon.core.keyword.builtin.CallTestCaseKeyword$_callTestCase_closure1.doCall(CallTestCaseKeyword.groovy:59)&#xa;	at com.kms.katalon.core.keyword.builtin.CallTestCaseKeyword$_callTestCase_closure1.call(CallTestCaseKeyword.groovy)&#xa;	at com.kms.katalon.core.keyword.internal.KeywordMain.runKeyword(KeywordMain.groovy:75)&#xa;	at com.kms.katalon.core.keyword.builtin.CallTestCaseKeyword.callTestCase(CallTestCaseKeyword.groovy:81)&#xa;	at com.kms.katalon.core.keyword.builtin.CallTestCaseKeyword.execute(CallTestCaseKeyword.groovy:44)&#xa;	at com.kms.katalon.core.keyword.internal.KeywordExecutor.executeKeywordForPlatform(KeywordExecutor.groovy:74)&#xa;	at com.kms.katalon.core.keyword.BuiltinKeywords.callTestCase(BuiltinKeywords.groovy:310)&#xa;	at jdk.internal.reflect.GeneratedMethodAccessor48.invoke(Unknown Source)&#xa;	at java.base/jdk.internal.reflect.DelegatingMethodAccessorImpl.invoke(DelegatingMethodAccessorImpl.java:43)&#xa;	at Regresi Tagihan.run(Regresi Tagihan:22)&#xa;	at com.kms.katalon.core.main.ScriptEngine.run(ScriptEngine.java:194)&#xa;	at com.kms.katalon.core.main.ScriptEngine.runScriptAsRawText(ScriptEngine.java:119)&#xa;	at com.kms.katalon.core.main.TestCaseExecutor.runScript(TestCaseExecutor.java:448)&#xa;	at com.kms.katalon.core.main.TestCaseExecutor.doExecute(TestCaseExecutor.java:439)&#xa;	at com.kms.katalon.core.main.TestCaseExecutor.processExecutionPhase(TestCaseExecutor.java:418)&#xa;	at com.kms.katalon.core.main.TestCaseExecutor.accessMainPhase(TestCaseExecutor.java:410)&#xa;	at com.kms.katalon.core.main.TestCaseExecutor.execute(TestCaseExecutor.java:285)&#xa;	at com.kms.katalon.core.common.CommonExecutor.accessTestCaseMainPhase(CommonExecutor.java:65)&#xa;	at com.kms.katalon.core.main.TestSuiteExecutor.accessTestSuiteMainPhase(TestSuiteExecutor.java:161)&#xa;	at com.kms.katalon.core.main.TestSuiteExecutor.execute(TestSuiteExecutor.java:107)&#xa;	at com.kms.katalon.core.main.TestCaseMain.startTestSuite(TestCaseMain.java:176)&#xa;	at TempTestSuite1735805561810.run(TempTestSuite1735805561810.groovy:35)&#xa;	at java.base/jdk.internal.reflect.NativeMethodAccessorImpl.invoke0(Native Method)&#xa;	at java.base/jdk.internal.reflect.NativeMethodAccessorImpl.invoke(NativeMethodAccessorImpl.java:77)&#xa;	at java.base/jdk.internal.reflect.DelegatingMethodAccessorImpl.invoke(DelegatingMethodAccessorImpl.java:43)&#xa;Caused by: com.kms.katalon.core.webui.exception.WebElementNotFoundException: Web element with id: 'Object Repository/Master Data/Admin Sekolah/Filter Tagihan/CIMB' located by '//div[@data-testid='option-91' and .//p[@data-testid='paragraph' and text()='CIMB - 1223123123']]' not found&#xa;	at com.kms.katalon.core.webui.common.WebUiCommonHelper.findWebElement(WebUiCommonHelper.java:1426)&#xa;	at com.kms.katalon.core.webui.keyword.internal.WebUIAbstractKeyword.findWebElement(WebUIAbstractKeyword.groovy:27)&#xa;	at com.kms.katalon.core.webui.keyword.builtin.ClickKeyword$_click_closure1.doCall(ClickKeyword.groovy:66)&#xa;	at com.kms.katalon.core.webui.keyword.builtin.ClickKeyword$_click_closure1.call(ClickKeyword.groovy)&#xa;	at com.kms.katalon.core.webui.keyword.internal.WebUIKeywordMain.runKeyword(WebUIKeywordMain.groovy:35)&#xa;	at com.kms.katalon.core.webui.keyword.builtin.ClickKeyword.click(ClickKeyword.groovy:75)&#xa;	at com.kms.katalon.core.webui.keyword.builtin.ClickKeyword.execute(ClickKeyword.groovy:40)&#xa;	at com.kms.katalon.core.keyword.internal.KeywordExecutor.executeKeywordForPlatform(KeywordExecutor.groovy:74)&#xa;	at com.kms.katalon.core.webui.keyword.WebUiBuiltInKeywords.click(WebUiBuiltInKeywords.groovy:684)&#xa;	at Script1731485365054.run(Script1731485365054.groovy:62)&#xa;	at com.kms.katalon.core.main.ScriptEngine.run(ScriptEngine.java:194)&#xa;	at com.kms.katalon.core.main.ScriptEngine.runScriptAsRawText(ScriptEngine.java:119)&#xa;	at com.kms.katalon.core.main.TestCaseExecutor.runScript(TestCaseExecutor.java:448)&#xa;	at com.kms.katalon.core.main.TestCaseExecutor.doExecute(TestCaseExecutor.java:439)&#xa;	at com.kms.katalon.core.main.TestCaseExecutor.processExecutionPhase(TestCaseExecutor.java:418)&#xa;	at com.kms.katalon.core.main.TestCaseExecutor.accessMainPhase(TestCaseExecutor.java:410)&#xa;	at com.kms.katalon.core.main.TestCaseExecutor.execute(TestCaseExecutor.java:285)&#xa;	at com.kms.katalon.core.main.TestCaseMain.runTestCase(TestCaseMain.java:133)&#xa;	at com.kms.katalon.core.keyword.builtin.CallTestCaseKeyword$_callTestCase_closure1.doCall(CallTestCaseKeyword.groovy:59)&#xa;	at com.kms.katalon.core.keyword.builtin.CallTestCaseKeyword$_callTestCase_closure1.call(CallTestCaseKeyword.groovy)&#xa;	at com.kms.katalon.core.keyword.internal.KeywordMain.runKeyword(KeywordMain.groovy:75)&#xa;	at com.kms.katalon.core.keyword.builtin.CallTestCaseKeyword.callTestCase(CallTestCaseKeyword.groovy:81)&#xa;	at com.kms.katalon.core.keyword.builtin.CallTestCaseKeyword.execute(CallTestCaseKeyword.groovy:44)&#xa;	at com.kms.katalon.core.keyword.internal.KeywordExecutor.executeKeywordForPlatform(KeywordExecutor.groovy:74)&#xa;	at com.kms.katalon.core.keyword.BuiltinKeywords.callTestCase(BuiltinKeywords.groovy:310)&#xa;	at jdk.internal.reflect.GeneratedMethodAccessor48.invoke(Unknown Source)&#xa;	at java.base/jdk.internal.reflect.DelegatingMethodAccessorImpl.invoke(DelegatingMethodAccessorImpl.java:43)&#xa;	at Script1735746434271.run(Script1735746434271.groovy:22)&#xa;	... 15 more&#xa;)&#xa;	at com.kms.katalon.core.keyword.internal.KeywordMain.stepFailed(KeywordMain.groovy:39)&#xa;	at com.kms.katalon.core.webui.keyword.internal.WebUIKeywordMain.stepFailed(WebUIKeywordMain.groovy:117)&#xa;	at com.kms.katalon.core.webui.keyword.internal.WebUIKeywordMain.runKeyword(WebUIKeywordMain.groovy:43)&#xa;	at com.kms.katalon.core.webui.keyword.builtin.ClickKeyword.click(ClickKeyword.groovy:75)&#xa;	at com.kms.katalon.core.webui.keyword.builtin.ClickKeyword.execute(ClickKeyword.groovy:40)&#xa;	at com.kms.katalon.core.keyword.internal.KeywordExecutor.executeKeywordForPlatform(KeywordExecutor.groovy:74)&#xa;	at com.kms.katalon.core.webui.keyword.WebUiBuiltInKeywords.click(WebUiBuiltInKeywords.groovy:684)&#xa;	at Filter Tagihan.run(Filter Tagihan:62)&#xa;	at com.kms.katalon.core.main.ScriptEngine.run(ScriptEngine.java:194)&#xa;	at com.kms.katalon.core.main.ScriptEngine.runScriptAsRawText(ScriptEngine.java:119)&#xa;	at com.kms.katalon.core.main.TestCaseExecutor.runScript(TestCaseExecutor.java:448)&#xa;	at com.kms.katalon.core.main.TestCaseExecutor.doExecute(TestCaseExecutor.java:439)&#xa;	at com.kms.katalon.core.main.TestCaseExecutor.processExecutionPhase(TestCaseExecutor.java:418)&#xa;	at com.kms.katalon.core.main.TestCaseExecutor.accessMainPhase(TestCaseExecutor.java:410)&#xa;	at com.kms.katalon.core.main.TestCaseExecutor.execute(TestCaseExecutor.java:285)&#xa;	at com.kms.katalon.core.main.TestCaseMain.runTestCase(TestCaseMain.java:133)&#xa;	at com.kms.katalon.core.keyword.builtin.CallTestCaseKeyword$_callTestCase_closure1.doCall(CallTestCaseKeyword.groovy:59)&#xa;	... 24 more&#xa;Caused by: com.kms.katalon.core.exception.StepFailedException: Unable to click on object 'Object Repository/Master Data/Admin Sekolah/Filter Tagihan/CIMB'&#xa;	... 40 more&#xa;Caused by: com.kms.katalon.core.webui.exception.WebElementNotFoundException: Web element with id: 'Object Repository/Master Data/Admin Sekolah/Filter Tagihan/CIMB' located by '//div[@data-testid='option-91' and .//p[@data-testid='paragraph' and text()='CIMB - 1223123123']]' not found&#xa;	at com.kms.katalon.core.webui.common.WebUiCommonHelper.findWebElement(WebUiCommonHelper.java:1426)&#xa;	at com.kms.katalon.core.webui.keyword.internal.WebUIAbstractKeyword.findWebElement(WebUIAbstractKeyword.groovy:27)&#xa;	at com.kms.katalon.core.webui.keyword.builtin.ClickKeyword$_click_closure1.doCall(ClickKeyword.groovy:66)&#xa;	at com.kms.katalon.core.webui.keyword.builtin.ClickKeyword$_click_closure1.call(ClickKeyword.groovy)&#xa;	at com.kms.katalon.core.webui.keyword.internal.WebUIKeywordMain.runKeyword(WebUIKeywordMain.groovy:35)&#xa;	... 38 more&#xa;"/>
         <system-out><![CDATA[02-01-2025T15:23:49 - [TEST_CASE][FAILED] - Test Cases/Regresi Feature/Sprint 1/Regresi Tagihan: Test Cases/Regresi Feature/Sprint 1/Regresi Tagihan FAILED.
Reason:
com.kms.katalon.core.exception.StepFailedException: Unable to call Test Case 'Test Cases/Master Data/Admin Sekolah/Master Data Tagihan/Filter Tagihan' (Root cause: com.kms.katalon.core.exception.StepFailedException: Call Test Case 'Test Cases/Master Data/Admin Sekolah/Master Data Tagihan/Filter Tagihan' failed
	at com.kms.katalon.core.keyword.builtin.CallTestCaseKeyword$_callTestCase_closure1.doCall(CallTestCaseKeyword.groovy:63)
	at com.kms.katalon.core.keyword.builtin.CallTestCaseKeyword$_callTestCase_closure1.call(CallTestCaseKeyword.groovy)
	at com.kms.katalon.core.keyword.internal.KeywordMain.runKeyword(KeywordMain.groovy:75)
	at com.kms.katalon.core.keyword.builtin.CallTestCaseKeyword.callTestCase(CallTestCaseKeyword.groovy:81)
	at com.kms.katalon.core.keyword.builtin.CallTestCaseKeyword.execute(CallTestCaseKeyword.groovy:44)
	at com.kms.katalon.core.keyword.internal.KeywordExecutor.executeKeywordForPlatform(KeywordExecutor.groovy:74)
	at com.kms.katalon.core.keyword.BuiltinKeywords.callTestCase(BuiltinKeywords.groovy:310)
	at jdk.internal.reflect.GeneratedMethodAccessor48.invoke(Unknown Source)
	at java.base/jdk.internal.reflect.DelegatingMethodAccessorImpl.invoke(DelegatingMethodAccessorImpl.java:43)
	at Regresi Tagihan.run(Regresi Tagihan:22)
	at com.kms.katalon.core.main.ScriptEngine.run(ScriptEngine.java:194)
	at com.kms.katalon.core.main.ScriptEngine.runScriptAsRawText(ScriptEngine.java:119)
	at com.kms.katalon.core.main.TestCaseExecutor.runScript(TestCaseExecutor.java:448)
	at com.kms.katalon.core.main.TestCaseExecutor.doExecute(TestCaseExecutor.java:439)
	at com.kms.katalon.core.main.TestCaseExecutor.processExecutionPhase(TestCaseExecutor.java:418)
	at com.kms.katalon.core.main.TestCaseExecutor.accessMainPhase(TestCaseExecutor.java:410)
	at com.kms.katalon.core.main.TestCaseExecutor.execute(TestCaseExecutor.java:285)
	at com.kms.katalon.core.common.CommonExecutor.accessTestCaseMainPhase(CommonExecutor.java:65)
	at com.kms.katalon.core.main.TestSuiteExecutor.accessTestSuiteMainPhase(TestSuiteExecutor.java:161)
	at com.kms.katalon.core.main.TestSuiteExecutor.execute(TestSuiteExecutor.java:107)
	at com.kms.katalon.core.main.TestCaseMain.startTestSuite(TestCaseMain.java:176)
	at TempTestSuite1735805561810.run(TempTestSuite1735805561810.groovy:35)
	at java.base/jdk.internal.reflect.NativeMethodAccessorImpl.invoke0(Native Method)
	at java.base/jdk.internal.reflect.NativeMethodAccessorImpl.invoke(NativeMethodAccessorImpl.java:77)
	at java.base/jdk.internal.reflect.DelegatingMethodAccessorImpl.invoke(DelegatingMethodAccessorImpl.java:43)
Caused by: com.kms.katalon.core.exception.StepFailedException: Unable to click on object 'Object Repository/Master Data/Admin Sekolah/Filter Tagihan/CIMB' (Root cause: com.kms.katalon.core.exception.StepFailedException: Unable to click on object 'Object Repository/Master Data/Admin Sekolah/Filter Tagihan/CIMB'
	at com.kms.katalon.core.webui.keyword.internal.WebUIKeywordMain.stepFailed(WebUIKeywordMain.groovy:117)
	at com.kms.katalon.core.webui.keyword.internal.WebUIKeywordMain.runKeyword(WebUIKeywordMain.groovy:43)
	at com.kms.katalon.core.webui.keyword.builtin.ClickKeyword.click(ClickKeyword.groovy:75)
	at com.kms.katalon.core.webui.keyword.builtin.ClickKeyword.execute(ClickKeyword.groovy:40)
	at com.kms.katalon.core.keyword.internal.KeywordExecutor.executeKeywordForPlatform(KeywordExecutor.groovy:74)
	at com.kms.katalon.core.webui.keyword.WebUiBuiltInKeywords.click(WebUiBuiltInKeywords.groovy:684)
	at Filter Tagihan.run(Filter Tagihan:62)
	at com.kms.katalon.core.main.ScriptEngine.run(ScriptEngine.java:194)
	at com.kms.katalon.core.main.ScriptEngine.runScriptAsRawText(ScriptEngine.java:119)
	at com.kms.katalon.core.main.TestCaseExecutor.runScript(TestCaseExecutor.java:448)
	at com.kms.katalon.core.main.TestCaseExecutor.doExecute(TestCaseExecutor.java:439)
	at com.kms.katalon.core.main.TestCaseExecutor.processExecutionPhase(TestCaseExecutor.java:418)
	at com.kms.katalon.core.main.TestCaseExecutor.accessMainPhase(TestCaseExecutor.java:410)
	at com.kms.katalon.core.main.TestCaseExecutor.execute(TestCaseExecutor.java:285)
	at com.kms.katalon.core.main.TestCaseMain.runTestCase(TestCaseMain.java:133)
	at com.kms.katalon.core.keyword.builtin.CallTestCaseKeyword$_callTestCase_closure1.doCall(CallTestCaseKeyword.groovy:59)
	at com.kms.katalon.core.keyword.builtin.CallTestCaseKeyword$_callTestCase_closure1.call(CallTestCaseKeyword.groovy)
	at com.kms.katalon.core.keyword.internal.KeywordMain.runKeyword(KeywordMain.groovy:75)
	at com.kms.katalon.core.keyword.builtin.CallTestCaseKeyword.callTestCase(CallTestCaseKeyword.groovy:81)
	at com.kms.katalon.core.keyword.builtin.CallTestCaseKeyword.execute(CallTestCaseKeyword.groovy:44)
	at com.kms.katalon.core.keyword.internal.KeywordExecutor.executeKeywordForPlatform(KeywordExecutor.groovy:74)
	at com.kms.katalon.core.keyword.BuiltinKeywords.callTestCase(BuiltinKeywords.groovy:310)
	at jdk.internal.reflect.GeneratedMethodAccessor48.invoke(Unknown Source)
	at java.base/jdk.internal.reflect.DelegatingMethodAccessorImpl.invoke(DelegatingMethodAccessorImpl.java:43)
	at Regresi Tagihan.run(Regresi Tagihan:22)
	at com.kms.katalon.core.main.ScriptEngine.run(ScriptEngine.java:194)
	at com.kms.katalon.core.main.ScriptEngine.runScriptAsRawText(ScriptEngine.java:119)
	at com.kms.katalon.core.main.TestCaseExecutor.runScript(TestCaseExecutor.java:448)
	at com.kms.katalon.core.main.TestCaseExecutor.doExecute(TestCaseExecutor.java:439)
	at com.kms.katalon.core.main.TestCaseExecutor.processExecutionPhase(TestCaseExecutor.java:418)
	at com.kms.katalon.core.main.TestCaseExecutor.accessMainPhase(TestCaseExecutor.java:410)
	at com.kms.katalon.core.main.TestCaseExecutor.execute(TestCaseExecutor.java:285)
	at com.kms.katalon.core.common.CommonExecutor.accessTestCaseMainPhase(CommonExecutor.java:65)
	at com.kms.katalon.core.main.TestSuiteExecutor.accessTestSuiteMainPhase(TestSuiteExecutor.java:161)
	at com.kms.katalon.core.main.TestSuiteExecutor.execute(TestSuiteExecutor.java:107)
	at com.kms.katalon.core.main.TestCaseMain.startTestSuite(TestCaseMain.java:176)
	at TempTestSuite1735805561810.run(TempTestSuite1735805561810.groovy:35)
	at java.base/jdk.internal.reflect.NativeMethodAccessorImpl.invoke0(Native Method)
	at java.base/jdk.internal.reflect.NativeMethodAccessorImpl.invoke(NativeMethodAccessorImpl.java:77)
	at java.base/jdk.internal.reflect.DelegatingMethodAccessorImpl.invoke(DelegatingMethodAccessorImpl.java:43)
Caused by: com.kms.katalon.core.webui.exception.WebElementNotFoundException: Web element with id: 'Object Repository/Master Data/Admin Sekolah/Filter Tagihan/CIMB' located by '//div[@data-testid='option-91' and .//p[@data-testid='paragraph' and text()='CIMB - 1223123123']]' not found
	at com.kms.katalon.core.webui.common.WebUiCommonHelper.findWebElement(WebUiCommonHelper.java:1426)
	at com.kms.katalon.core.webui.keyword.internal.WebUIAbstractKeyword.findWebElement(WebUIAbstractKeyword.groovy:27)
	at com.kms.katalon.core.webui.keyword.builtin.ClickKeyword$_click_closure1.doCall(ClickKeyword.groovy:66)
	at com.kms.katalon.core.webui.keyword.builtin.ClickKeyword$_click_closure1.call(ClickKeyword.groovy)
	at com.kms.katalon.core.webui.keyword.internal.WebUIKeywordMain.runKeyword(WebUIKeywordMain.groovy:35)
	at com.kms.katalon.core.webui.keyword.builtin.ClickKeyword.click(ClickKeyword.groovy:75)
	at com.kms.katalon.core.webui.keyword.builtin.ClickKeyword.execute(ClickKeyword.groovy:40)
	at com.kms.katalon.core.keyword.internal.KeywordExecutor.executeKeywordForPlatform(KeywordExecutor.groovy:74)
	at com.kms.katalon.core.webui.keyword.WebUiBuiltInKeywords.click(WebUiBuiltInKeywords.groovy:684)
	at Script1731485365054.run(Script1731485365054.groovy:62)
	at com.kms.katalon.core.main.ScriptEngine.run(ScriptEngine.java:194)
	at com.kms.katalon.core.main.ScriptEngine.runScriptAsRawText(ScriptEngine.java:119)
	at com.kms.katalon.core.main.TestCaseExecutor.runScript(TestCaseExecutor.java:448)
	at com.kms.katalon.core.main.TestCaseExecutor.doExecute(TestCaseExecutor.java:439)
	at com.kms.katalon.core.main.TestCaseExecutor.processExecutionPhase(TestCaseExecutor.java:418)
	at com.kms.katalon.core.main.TestCaseExecutor.accessMainPhase(TestCaseExecutor.java:410)
	at com.kms.katalon.core.main.TestCaseExecutor.execute(TestCaseExecutor.java:285)
	at com.kms.katalon.core.main.TestCaseMain.runTestCase(TestCaseMain.java:133)
	at com.kms.katalon.core.keyword.builtin.CallTestCaseKeyword$_callTestCase_closure1.doCall(CallTestCaseKeyword.groovy:59)
	at com.kms.katalon.core.keyword.builtin.CallTestCaseKeyword$_callTestCase_closure1.call(CallTestCaseKeyword.groovy)
	at com.kms.katalon.core.keyword.internal.KeywordMain.runKeyword(KeywordMain.groovy:75)
	at com.kms.katalon.core.keyword.builtin.CallTestCaseKeyword.callTestCase(CallTestCaseKeyword.groovy:81)
	at com.kms.katalon.core.keyword.builtin.CallTestCaseKeyword.execute(CallTestCaseKeyword.groovy:44)
	at com.kms.katalon.core.keyword.internal.KeywordExecutor.executeKeywordForPlatform(KeywordExecutor.groovy:74)
	at com.kms.katalon.core.keyword.BuiltinKeywords.callTestCase(BuiltinKeywords.groovy:310)
	at jdk.internal.reflect.GeneratedMethodAccessor48.invoke(Unknown Source)
	at java.base/jdk.internal.reflect.DelegatingMethodAccessorImpl.invoke(DelegatingMethodAccessorImpl.java:43)
	at Script1735746434271.run(Script1735746434271.groovy:22)
	... 15 more
)
	at com.kms.katalon.core.keyword.internal.KeywordMain.stepFailed(KeywordMain.groovy:39)
	at com.kms.katalon.core.webui.keyword.internal.WebUIKeywordMain.stepFailed(WebUIKeywordMain.groovy:117)
	at com.kms.katalon.core.webui.keyword.internal.WebUIKeywordMain.runKeyword(WebUIKeywordMain.groovy:43)
	at com.kms.katalon.core.webui.keyword.builtin.ClickKeyword.click(ClickKeyword.groovy:75)
	at com.kms.katalon.core.webui.keyword.builtin.ClickKeyword.execute(ClickKeyword.groovy:40)
	at com.kms.katalon.core.keyword.internal.KeywordExecutor.executeKeywordForPlatform(KeywordExecutor.groovy:74)
	at com.kms.katalon.core.webui.keyword.WebUiBuiltInKeywords.click(WebUiBuiltInKeywords.groovy:684)
	at Filter Tagihan.run(Filter Tagihan:62)
	at com.kms.katalon.core.main.ScriptEngine.run(ScriptEngine.java:194)
	at com.kms.katalon.core.main.ScriptEngine.runScriptAsRawText(ScriptEngine.java:119)
	at com.kms.katalon.core.main.TestCaseExecutor.runScript(TestCaseExecutor.java:448)
	at com.kms.katalon.core.main.TestCaseExecutor.doExecute(TestCaseExecutor.java:439)
	at com.kms.katalon.core.main.TestCaseExecutor.processExecutionPhase(TestCaseExecutor.java:418)
	at com.kms.katalon.core.main.TestCaseExecutor.accessMainPhase(TestCaseExecutor.java:410)
	at com.kms.katalon.core.main.TestCaseExecutor.execute(TestCaseExecutor.java:285)
	at com.kms.katalon.core.main.TestCaseMain.runTestCase(TestCaseMain.java:133)
	at com.kms.katalon.core.keyword.builtin.CallTestCaseKeyword$_callTestCase_closure1.doCall(CallTestCaseKeyword.groovy:59)
	... 24 more
Caused by: com.kms.katalon.core.exception.StepFailedException: Unable to click on object 'Object Repository/Master Data/Admin Sekolah/Filter Tagihan/CIMB'
	... 40 more
Caused by: com.kms.katalon.core.webui.exception.WebElementNotFoundException: Web element with id: 'Object Repository/Master Data/Admin Sekolah/Filter Tagihan/CIMB' located by '//div[@data-testid='option-91' and .//p[@data-testid='paragraph' and text()='CIMB - 1223123123']]' not found
	at com.kms.katalon.core.webui.common.WebUiCommonHelper.findWebElement(WebUiCommonHelper.java:1426)
	at com.kms.katalon.core.webui.keyword.internal.WebUIAbstractKeyword.findWebElement(WebUIAbstractKeyword.groovy:27)
	at com.kms.katalon.core.webui.keyword.builtin.ClickKeyword$_click_closure1.doCall(ClickKeyword.groovy:66)
	at com.kms.katalon.core.webui.keyword.builtin.ClickKeyword$_click_closure1.call(ClickKeyword.groovy)
	at com.kms.katalon.core.webui.keyword.internal.WebUIKeywordMain.runKeyword(WebUIKeywordMain.groovy:35)
	... 38 more
)
	at com.kms.katalon.core.keyword.internal.KeywordMain.stepFailed(KeywordMain.groovy:39)
	at com.kms.katalon.core.keyword.internal.KeywordMain.stepFailed(KeywordMain.groovy)
	at com.kms.katalon.core.keyword.internal.KeywordMain.runKeyword(KeywordMain.groovy:77)
	at com.kms.katalon.core.keyword.builtin.CallTestCaseKeyword.callTestCase(CallTestCaseKeyword.groovy:81)
	at com.kms.katalon.core.keyword.builtin.CallTestCaseKeyword.execute(CallTestCaseKeyword.groovy:44)
	at com.kms.katalon.core.keyword.internal.KeywordExecutor.executeKeywordForPlatform(KeywordExecutor.groovy:74)
	at com.kms.katalon.core.keyword.BuiltinKeywords.callTestCase(BuiltinKeywords.groovy:310)
	at jdk.internal.reflect.GeneratedMethodAccessor48.invoke(Unknown Source)
	at java.base/jdk.internal.reflect.DelegatingMethodAccessorImpl.invoke(DelegatingMethodAccessorImpl.java:43)
	at Regresi Tagihan.run(Regresi Tagihan:22)
	at com.kms.katalon.core.main.ScriptEngine.run(ScriptEngine.java:194)
	at com.kms.katalon.core.main.ScriptEngine.runScriptAsRawText(ScriptEngine.java:119)
	at com.kms.katalon.core.main.TestCaseExecutor.runScript(TestCaseExecutor.java:448)
	at com.kms.katalon.core.main.TestCaseExecutor.doExecute(TestCaseExecutor.java:439)
	at com.kms.katalon.core.main.TestCaseExecutor.processExecutionPhase(TestCaseExecutor.java:418)
	at com.kms.katalon.core.main.TestCaseExecutor.accessMainPhase(TestCaseExecutor.java:410)
	at com.kms.katalon.core.main.TestCaseExecutor.execute(TestCaseExecutor.java:285)
	at com.kms.katalon.core.common.CommonExecutor.accessTestCaseMainPhase(CommonExecutor.java:65)
	at com.kms.katalon.core.main.TestSuiteExecutor.accessTestSuiteMainPhase(TestSuiteExecutor.java:161)
	at com.kms.katalon.core.main.TestSuiteExecutor.execute(TestSuiteExecutor.java:107)
	at com.kms.katalon.core.main.TestCaseMain.startTestSuite(TestCaseMain.java:176)
	at TempTestSuite1735805561810.run(TempTestSuite1735805561810.groovy:35)
	at java.base/jdk.internal.reflect.NativeMethodAccessorImpl.invoke0(Native Method)
	at java.base/jdk.internal.reflect.NativeMethodAccessorImpl.invoke(NativeMethodAccessorImpl.java:77)
	at java.base/jdk.internal.reflect.DelegatingMethodAccessorImpl.invoke(DelegatingMethodAccessorImpl.java:43)
Caused by: com.kms.katalon.core.exception.StepFailedException: Call Test Case 'Test Cases/Master Data/Admin Sekolah/Master Data Tagihan/Filter Tagihan' failed
	at com.kms.katalon.core.keyword.builtin.CallTestCaseKeyword$_callTestCase_closure1.doCall(CallTestCaseKeyword.groovy:63)
	at com.kms.katalon.core.keyword.builtin.CallTestCaseKeyword$_callTestCase_closure1.call(CallTestCaseKeyword.groovy)
	at com.kms.katalon.core.keyword.internal.KeywordMain.runKeyword(KeywordMain.groovy:75)
	... 22 more
Caused by: com.kms.katalon.core.exception.StepFailedException: Unable to click on object 'Object Repository/Master Data/Admin Sekolah/Filter Tagihan/CIMB' (Root cause: com.kms.katalon.core.exception.StepFailedException: Unable to click on object 'Object Repository/Master Data/Admin Sekolah/Filter Tagihan/CIMB'
	at com.kms.katalon.core.webui.keyword.internal.WebUIKeywordMain.stepFailed(WebUIKeywordMain.groovy:117)
	at com.kms.katalon.core.webui.keyword.internal.WebUIKeywordMain.runKeyword(WebUIKeywordMain.groovy:43)
	at com.kms.katalon.core.webui.keyword.builtin.ClickKeyword.click(ClickKeyword.groovy:75)
	at com.kms.katalon.core.webui.keyword.builtin.ClickKeyword.execute(ClickKeyword.groovy:40)
	at com.kms.katalon.core.keyword.internal.KeywordExecutor.executeKeywordForPlatform(KeywordExecutor.groovy:74)
	at com.kms.katalon.core.webui.keyword.WebUiBuiltInKeywords.click(WebUiBuiltInKeywords.groovy:684)
	at Filter Tagihan.run(Filter Tagihan:62)
	at com.kms.katalon.core.main.ScriptEngine.run(ScriptEngine.java:194)
	at com.kms.katalon.core.main.ScriptEngine.runScriptAsRawText(ScriptEngine.java:119)
	at com.kms.katalon.core.main.TestCaseExecutor.runScript(TestCaseExecutor.java:448)
	at com.kms.katalon.core.main.TestCaseExecutor.doExecute(TestCaseExecutor.java:439)
	at com.kms.katalon.core.main.TestCaseExecutor.processExecutionPhase(TestCaseExecutor.java:418)
	at com.kms.katalon.core.main.TestCaseExecutor.accessMainPhase(TestCaseExecutor.java:410)
	at com.kms.katalon.core.main.TestCaseExecutor.execute(TestCaseExecutor.java:285)
	at com.kms.katalon.core.main.TestCaseMain.runTestCase(TestCaseMain.java:133)
	at com.kms.katalon.core.keyword.builtin.CallTestCaseKeyword$_callTestCase_closure1.doCall(CallTestCaseKeyword.groovy:59)
	at com.kms.katalon.core.keyword.builtin.CallTestCaseKeyword$_callTestCase_closure1.call(CallTestCaseKeyword.groovy)
	at com.kms.katalon.core.keyword.internal.KeywordMain.runKeyword(KeywordMain.groovy:75)
	at com.kms.katalon.core.keyword.builtin.CallTestCaseKeyword.callTestCase(CallTestCaseKeyword.groovy:81)
	at com.kms.katalon.core.keyword.builtin.CallTestCaseKeyword.execute(CallTestCaseKeyword.groovy:44)
	at com.kms.katalon.core.keyword.internal.KeywordExecutor.executeKeywordForPlatform(KeywordExecutor.groovy:74)
	at com.kms.katalon.core.keyword.BuiltinKeywords.callTestCase(BuiltinKeywords.groovy:310)
	at jdk.internal.reflect.GeneratedMethodAccessor48.invoke(Unknown Source)
	at java.base/jdk.internal.reflect.DelegatingMethodAccessorImpl.invoke(DelegatingMethodAccessorImpl.java:43)
	at Regresi Tagihan.run(Regresi Tagihan:22)
	at com.kms.katalon.core.main.ScriptEngine.run(ScriptEngine.java:194)
	at com.kms.katalon.core.main.ScriptEngine.runScriptAsRawText(ScriptEngine.java:119)
	at com.kms.katalon.core.main.TestCaseExecutor.runScript(TestCaseExecutor.java:448)
	at com.kms.katalon.core.main.TestCaseExecutor.doExecute(TestCaseExecutor.java:439)
	at com.kms.katalon.core.main.TestCaseExecutor.processExecutionPhase(TestCaseExecutor.java:418)
	at com.kms.katalon.core.main.TestCaseExecutor.accessMainPhase(TestCaseExecutor.java:410)
	at com.kms.katalon.core.main.TestCaseExecutor.execute(TestCaseExecutor.java:285)
	at com.kms.katalon.core.common.CommonExecutor.accessTestCaseMainPhase(CommonExecutor.java:65)
	at com.kms.katalon.core.main.TestSuiteExecutor.accessTestSuiteMainPhase(TestSuiteExecutor.java:161)
	at com.kms.katalon.core.main.TestSuiteExecutor.execute(TestSuiteExecutor.java:107)
	at com.kms.katalon.core.main.TestCaseMain.startTestSuite(TestCaseMain.java:176)
	at TempTestSuite1735805561810.run(TempTestSuite1735805561810.groovy:35)
	at java.base/jdk.internal.reflect.NativeMethodAccessorImpl.invoke0(Native Method)
	at java.base/jdk.internal.reflect.NativeMethodAccessorImpl.invoke(NativeMethodAccessorImpl.java:77)
	at java.base/jdk.internal.reflect.DelegatingMethodAccessorImpl.invoke(DelegatingMethodAccessorImpl.java:43)
Caused by: com.kms.katalon.core.webui.exception.WebElementNotFoundException: Web element with id: 'Object Repository/Master Data/Admin Sekolah/Filter Tagihan/CIMB' located by '//div[@data-testid='option-91' and .//p[@data-testid='paragraph' and text()='CIMB - 1223123123']]' not found
	at com.kms.katalon.core.webui.common.WebUiCommonHelper.findWebElement(WebUiCommonHelper.java:1426)
	at com.kms.katalon.core.webui.keyword.internal.WebUIAbstractKeyword.findWebElement(WebUIAbstractKeyword.groovy:27)
	at com.kms.katalon.core.webui.keyword.builtin.ClickKeyword$_click_closure1.doCall(ClickKeyword.groovy:66)
	at com.kms.katalon.core.webui.keyword.builtin.ClickKeyword$_click_closure1.call(ClickKeyword.groovy)
	at com.kms.katalon.core.webui.keyword.internal.WebUIKeywordMain.runKeyword(WebUIKeywordMain.groovy:35)
	at com.kms.katalon.core.webui.keyword.builtin.ClickKeyword.click(ClickKeyword.groovy:75)
	at com.kms.katalon.core.webui.keyword.builtin.ClickKeyword.execute(ClickKeyword.groovy:40)
	at com.kms.katalon.core.keyword.internal.KeywordExecutor.executeKeywordForPlatform(KeywordExecutor.groovy:74)
	at com.kms.katalon.core.webui.keyword.WebUiBuiltInKeywords.click(WebUiBuiltInKeywords.groovy:684)
	at Script1731485365054.run(Script1731485365054.groovy:62)
	at com.kms.katalon.core.main.ScriptEngine.run(ScriptEngine.java:194)
	at com.kms.katalon.core.main.ScriptEngine.runScriptAsRawText(ScriptEngine.java:119)
	at com.kms.katalon.core.main.TestCaseExecutor.runScript(TestCaseExecutor.java:448)
	at com.kms.katalon.core.main.TestCaseExecutor.doExecute(TestCaseExecutor.java:439)
	at com.kms.katalon.core.main.TestCaseExecutor.processExecutionPhase(TestCaseExecutor.java:418)
	at com.kms.katalon.core.main.TestCaseExecutor.accessMainPhase(TestCaseExecutor.java:410)
	at com.kms.katalon.core.main.TestCaseExecutor.execute(TestCaseExecutor.java:285)
	at com.kms.katalon.core.main.TestCaseMain.runTestCase(TestCaseMain.java:133)
	at com.kms.katalon.core.keyword.builtin.CallTestCaseKeyword$_callTestCase_closure1.doCall(CallTestCaseKeyword.groovy:59)
	at com.kms.katalon.core.keyword.builtin.CallTestCaseKeyword$_callTestCase_closure1.call(CallTestCaseKeyword.groovy)
	at com.kms.katalon.core.keyword.internal.KeywordMain.runKeyword(KeywordMain.groovy:75)
	at com.kms.katalon.core.keyword.builtin.CallTestCaseKeyword.callTestCase(CallTestCaseKeyword.groovy:81)
	at com.kms.katalon.core.keyword.builtin.CallTestCaseKeyword.execute(CallTestCaseKeyword.groovy:44)
	at com.kms.katalon.core.keyword.internal.KeywordExecutor.executeKeywordForPlatform(KeywordExecutor.groovy:74)
	at com.kms.katalon.core.keyword.BuiltinKeywords.callTestCase(BuiltinKeywords.groovy:310)
	at jdk.internal.reflect.GeneratedMethodAccessor48.invoke(Unknown Source)
	at java.base/jdk.internal.reflect.DelegatingMethodAccessorImpl.invoke(DelegatingMethodAccessorImpl.java:43)
	at Script1735746434271.run(Script1735746434271.groovy:22)
	... 15 more
)
	at com.kms.katalon.core.keyword.internal.KeywordMain.stepFailed(KeywordMain.groovy:39)
	at com.kms.katalon.core.webui.keyword.internal.WebUIKeywordMain.stepFailed(WebUIKeywordMain.groovy:117)
	at com.kms.katalon.core.webui.keyword.internal.WebUIKeywordMain.runKeyword(WebUIKeywordMain.groovy:43)
	at com.kms.katalon.core.webui.keyword.builtin.ClickKeyword.click(ClickKeyword.groovy:75)
	at com.kms.katalon.core.webui.keyword.builtin.ClickKeyword.execute(ClickKeyword.groovy:40)
	at com.kms.katalon.core.keyword.internal.KeywordExecutor.executeKeywordForPlatform(KeywordExecutor.groovy:74)
	at com.kms.katalon.core.webui.keyword.WebUiBuiltInKeywords.click(WebUiBuiltInKeywords.groovy:684)
	at Filter Tagihan.run(Filter Tagihan:62)
	at com.kms.katalon.core.main.ScriptEngine.run(ScriptEngine.java:194)
	at com.kms.katalon.core.main.ScriptEngine.runScriptAsRawText(ScriptEngine.java:119)
	at com.kms.katalon.core.main.TestCaseExecutor.runScript(TestCaseExecutor.java:448)
	at com.kms.katalon.core.main.TestCaseExecutor.doExecute(TestCaseExecutor.java:439)
	at com.kms.katalon.core.main.TestCaseExecutor.processExecutionPhase(TestCaseExecutor.java:418)
	at com.kms.katalon.core.main.TestCaseExecutor.accessMainPhase(TestCaseExecutor.java:410)
	at com.kms.katalon.core.main.TestCaseExecutor.execute(TestCaseExecutor.java:285)
	at com.kms.katalon.core.main.TestCaseMain.runTestCase(TestCaseMain.java:133)
	at com.kms.katalon.core.keyword.builtin.CallTestCaseKeyword$_callTestCase_closure1.doCall(CallTestCaseKeyword.groovy:59)
	... 24 more
Caused by: com.kms.katalon.core.exception.StepFailedException: Unable to click on object 'Object Repository/Master Data/Admin Sekolah/Filter Tagihan/CIMB'
	... 40 more
Caused by: com.kms.katalon.core.webui.exception.WebElementNotFoundException: Web element with id: 'Object Repository/Master Data/Admin Sekolah/Filter Tagihan/CIMB' located by '//div[@data-testid='option-91' and .//p[@data-testid='paragraph' and text()='CIMB - 1223123123']]' not found
	at com.kms.katalon.core.webui.common.WebUiCommonHelper.findWebElement(WebUiCommonHelper.java:1426)
	at com.kms.katalon.core.webui.keyword.internal.WebUIAbstractKeyword.findWebElement(WebUIAbstractKeyword.groovy:27)
	at com.kms.katalon.core.webui.keyword.builtin.ClickKeyword$_click_closure1.doCall(ClickKeyword.groovy:66)
	at com.kms.katalon.core.webui.keyword.builtin.ClickKeyword$_click_closure1.call(ClickKeyword.groovy)
	at com.kms.katalon.core.webui.keyword.internal.WebUIKeywordMain.runKeyword(WebUIKeywordMain.groovy:35)
	... 38 more


02-01-2025T15:23:49 - [TEST_STEP][FAILED] - for ([i = 1, i <= maxLoop, (i++)]): null

02-01-2025T15:23:49 - [TEST_STEP][FAILED] - callTestCase(findTestCase("Test Cases/Master Data/Admin Sekolah/Master Data Tagihan/Filter Tagihan"), [:], CONTINUE_ON_FAILURE): Unable to call Test Case 'Test Cases/Master Data/Admin Sekolah/Master Data Tagihan/Filter Tagihan' (Root cause: com.kms.katalon.core.exception.StepFailedException: Call Test Case 'Test Cases/Master Data/Admin Sekolah/Master Data Tagihan/Filter Tagihan' failed
	at com.kms.katalon.core.keyword.builtin.CallTestCaseKeyword$_callTestCase_closure1.doCall(CallTestCaseKeyword.groovy:63)
	at com.kms.katalon.core.keyword.builtin.CallTestCaseKeyword$_callTestCase_closure1.call(CallTestCaseKeyword.groovy)
	at com.kms.katalon.core.keyword.internal.KeywordMain.runKeyword(KeywordMain.groovy:75)
	at com.kms.katalon.core.keyword.builtin.CallTestCaseKeyword.callTestCase(CallTestCaseKeyword.groovy:81)
	at com.kms.katalon.core.keyword.builtin.CallTestCaseKeyword.execute(CallTestCaseKeyword.groovy:44)
	at com.kms.katalon.core.keyword.internal.KeywordExecutor.executeKeywordForPlatform(KeywordExecutor.groovy:74)
	at com.kms.katalon.core.keyword.BuiltinKeywords.callTestCase(BuiltinKeywords.groovy:310)
	at jdk.internal.reflect.GeneratedMethodAccessor48.invoke(Unknown Source)
	at java.base/jdk.internal.reflect.DelegatingMethodAccessorImpl.invoke(DelegatingMethodAccessorImpl.java:43)
	at Regresi Tagihan.run(Regresi Tagihan:22)
	at com.kms.katalon.core.main.ScriptEngine.run(ScriptEngine.java:194)
	at com.kms.katalon.core.main.ScriptEngine.runScriptAsRawText(ScriptEngine.java:119)
	at com.kms.katalon.core.main.TestCaseExecutor.runScript(TestCaseExecutor.java:448)
	at com.kms.katalon.core.main.TestCaseExecutor.doExecute(TestCaseExecutor.java:439)
	at com.kms.katalon.core.main.TestCaseExecutor.processExecutionPhase(TestCaseExecutor.java:418)
	at com.kms.katalon.core.main.TestCaseExecutor.accessMainPhase(TestCaseExecutor.java:410)
	at com.kms.katalon.core.main.TestCaseExecutor.execute(TestCaseExecutor.java:285)
	at com.kms.katalon.core.common.CommonExecutor.accessTestCaseMainPhase(CommonExecutor.java:65)
	at com.kms.katalon.core.main.TestSuiteExecutor.accessTestSuiteMainPhase(TestSuiteExecutor.java:161)
	at com.kms.katalon.core.main.TestSuiteExecutor.execute(TestSuiteExecutor.java:107)
	at com.kms.katalon.core.main.TestCaseMain.startTestSuite(TestCaseMain.java:176)
	at TempTestSuite1735805561810.run(TempTestSuite1735805561810.groovy:35)
	at java.base/jdk.internal.reflect.NativeMethodAccessorImpl.invoke0(Native Method)
	at java.base/jdk.internal.reflect.NativeMethodAccessorImpl.invoke(NativeMethodAccessorImpl.java:77)
	at java.base/jdk.internal.reflect.DelegatingMethodAccessorImpl.invoke(DelegatingMethodAccessorImpl.java:43)
Caused by: com.kms.katalon.core.exception.StepFailedException: Unable to click on object 'Object Repository/Master Data/Admin Sekolah/Filter Tagihan/CIMB' (Root cause: com.kms.katalon.core.exception.StepFailedException: Unable to click on object 'Object Repository/Master Data/Admin Sekolah/Filter Tagihan/CIMB'
	at com.kms.katalon.core.webui.keyword.internal.WebUIKeywordMain.stepFailed(WebUIKeywordMain.groovy:117)
	at com.kms.katalon.core.webui.keyword.internal.WebUIKeywordMain.runKeyword(WebUIKeywordMain.groovy:43)
	at com.kms.katalon.core.webui.keyword.builtin.ClickKeyword.click(ClickKeyword.groovy:75)
	at com.kms.katalon.core.webui.keyword.builtin.ClickKeyword.execute(ClickKeyword.groovy:40)
	at com.kms.katalon.core.keyword.internal.KeywordExecutor.executeKeywordForPlatform(KeywordExecutor.groovy:74)
	at com.kms.katalon.core.webui.keyword.WebUiBuiltInKeywords.click(WebUiBuiltInKeywords.groovy:684)
	at Filter Tagihan.run(Filter Tagihan:62)
	at com.kms.katalon.core.main.ScriptEngine.run(ScriptEngine.java:194)
	at com.kms.katalon.core.main.ScriptEngine.runScriptAsRawText(ScriptEngine.java:119)
	at com.kms.katalon.core.main.TestCaseExecutor.runScript(TestCaseExecutor.java:448)
	at com.kms.katalon.core.main.TestCaseExecutor.doExecute(TestCaseExecutor.java:439)
	at com.kms.katalon.core.main.TestCaseExecutor.processExecutionPhase(TestCaseExecutor.java:418)
	at com.kms.katalon.core.main.TestCaseExecutor.accessMainPhase(TestCaseExecutor.java:410)
	at com.kms.katalon.core.main.TestCaseExecutor.execute(TestCaseExecutor.java:285)
	at com.kms.katalon.core.main.TestCaseMain.runTestCase(TestCaseMain.java:133)
	at com.kms.katalon.core.keyword.builtin.CallTestCaseKeyword$_callTestCase_closure1.doCall(CallTestCaseKeyword.groovy:59)
	at com.kms.katalon.core.keyword.builtin.CallTestCaseKeyword$_callTestCase_closure1.call(CallTestCaseKeyword.groovy)
	at com.kms.katalon.core.keyword.internal.KeywordMain.runKeyword(KeywordMain.groovy:75)
	at com.kms.katalon.core.keyword.builtin.CallTestCaseKeyword.callTestCase(CallTestCaseKeyword.groovy:81)
	at com.kms.katalon.core.keyword.builtin.CallTestCaseKeyword.execute(CallTestCaseKeyword.groovy:44)
	at com.kms.katalon.core.keyword.internal.KeywordExecutor.executeKeywordForPlatform(KeywordExecutor.groovy:74)
	at com.kms.katalon.core.keyword.BuiltinKeywords.callTestCase(BuiltinKeywords.groovy:310)
	at jdk.internal.reflect.GeneratedMethodAccessor48.invoke(Unknown Source)
	at java.base/jdk.internal.reflect.DelegatingMethodAccessorImpl.invoke(DelegatingMethodAccessorImpl.java:43)
	at Regresi Tagihan.run(Regresi Tagihan:22)
	at com.kms.katalon.core.main.ScriptEngine.run(ScriptEngine.java:194)
	at com.kms.katalon.core.main.ScriptEngine.runScriptAsRawText(ScriptEngine.java:119)
	at com.kms.katalon.core.main.TestCaseExecutor.runScript(TestCaseExecutor.java:448)
	at com.kms.katalon.core.main.TestCaseExecutor.doExecute(TestCaseExecutor.java:439)
	at com.kms.katalon.core.main.TestCaseExecutor.processExecutionPhase(TestCaseExecutor.java:418)
	at com.kms.katalon.core.main.TestCaseExecutor.accessMainPhase(TestCaseExecutor.java:410)
	at com.kms.katalon.core.main.TestCaseExecutor.execute(TestCaseExecutor.java:285)
	at com.kms.katalon.core.common.CommonExecutor.accessTestCaseMainPhase(CommonExecutor.java:65)
	at com.kms.katalon.core.main.TestSuiteExecutor.accessTestSuiteMainPhase(TestSuiteExecutor.java:161)
	at com.kms.katalon.core.main.TestSuiteExecutor.execute(TestSuiteExecutor.java:107)
	at com.kms.katalon.core.main.TestCaseMain.startTestSuite(TestCaseMain.java:176)
	at TempTestSuite1735805561810.run(TempTestSuite1735805561810.groovy:35)
	at java.base/jdk.internal.reflect.NativeMethodAccessorImpl.invoke0(Native Method)
	at java.base/jdk.internal.reflect.NativeMethodAccessorImpl.invoke(NativeMethodAccessorImpl.java:77)
	at java.base/jdk.internal.reflect.DelegatingMethodAccessorImpl.invoke(DelegatingMethodAccessorImpl.java:43)
Caused by: com.kms.katalon.core.webui.exception.WebElementNotFoundException: Web element with id: 'Object Repository/Master Data/Admin Sekolah/Filter Tagihan/CIMB' located by '//div[@data-testid='option-91' and .//p[@data-testid='paragraph' and text()='CIMB - 1223123123']]' not found
	at com.kms.katalon.core.webui.common.WebUiCommonHelper.findWebElement(WebUiCommonHelper.java:1426)
	at com.kms.katalon.core.webui.keyword.internal.WebUIAbstractKeyword.findWebElement(WebUIAbstractKeyword.groovy:27)
	at com.kms.katalon.core.webui.keyword.builtin.ClickKeyword$_click_closure1.doCall(ClickKeyword.groovy:66)
	at com.kms.katalon.core.webui.keyword.builtin.ClickKeyword$_click_closure1.call(ClickKeyword.groovy)
	at com.kms.katalon.core.webui.keyword.internal.WebUIKeywordMain.runKeyword(WebUIKeywordMain.groovy:35)
	at com.kms.katalon.core.webui.keyword.builtin.ClickKeyword.click(ClickKeyword.groovy:75)
	at com.kms.katalon.core.webui.keyword.builtin.ClickKeyword.execute(ClickKeyword.groovy:40)
	at com.kms.katalon.core.keyword.internal.KeywordExecutor.executeKeywordForPlatform(KeywordExecutor.groovy:74)
	at com.kms.katalon.core.webui.keyword.WebUiBuiltInKeywords.click(WebUiBuiltInKeywords.groovy:684)
	at Script1731485365054.run(Script1731485365054.groovy:62)
	at com.kms.katalon.core.main.ScriptEngine.run(ScriptEngine.java:194)
	at com.kms.katalon.core.main.ScriptEngine.runScriptAsRawText(ScriptEngine.java:119)
	at com.kms.katalon.core.main.TestCaseExecutor.runScript(TestCaseExecutor.java:448)
	at com.kms.katalon.core.main.TestCaseExecutor.doExecute(TestCaseExecutor.java:439)
	at com.kms.katalon.core.main.TestCaseExecutor.processExecutionPhase(TestCaseExecutor.java:418)
	at com.kms.katalon.core.main.TestCaseExecutor.accessMainPhase(TestCaseExecutor.java:410)
	at com.kms.katalon.core.main.TestCaseExecutor.execute(TestCaseExecutor.java:285)
	at com.kms.katalon.core.main.TestCaseMain.runTestCase(TestCaseMain.java:133)
	at com.kms.katalon.core.keyword.builtin.CallTestCaseKeyword$_callTestCase_closure1.doCall(CallTestCaseKeyword.groovy:59)
	at com.kms.katalon.core.keyword.builtin.CallTestCaseKeyword$_callTestCase_closure1.call(CallTestCaseKeyword.groovy)
	at com.kms.katalon.core.keyword.internal.KeywordMain.runKeyword(KeywordMain.groovy:75)
	at com.kms.katalon.core.keyword.builtin.CallTestCaseKeyword.callTestCase(CallTestCaseKeyword.groovy:81)
	at com.kms.katalon.core.keyword.builtin.CallTestCaseKeyword.execute(CallTestCaseKeyword.groovy:44)
	at com.kms.katalon.core.keyword.internal.KeywordExecutor.executeKeywordForPlatform(KeywordExecutor.groovy:74)
	at com.kms.katalon.core.keyword.BuiltinKeywords.callTestCase(BuiltinKeywords.groovy:310)
	at jdk.internal.reflect.GeneratedMethodAccessor48.invoke(Unknown Source)
	at java.base/jdk.internal.reflect.DelegatingMethodAccessorImpl.invoke(DelegatingMethodAccessorImpl.java:43)
	at Script1735746434271.run(Script1735746434271.groovy:22)
	... 15 more
)
	at com.kms.katalon.core.keyword.internal.KeywordMain.stepFailed(KeywordMain.groovy:39)
	at com.kms.katalon.core.webui.keyword.internal.WebUIKeywordMain.stepFailed(WebUIKeywordMain.groovy:117)
	at com.kms.katalon.core.webui.keyword.internal.WebUIKeywordMain.runKeyword(WebUIKeywordMain.groovy:43)
	at com.kms.katalon.core.webui.keyword.builtin.ClickKeyword.click(ClickKeyword.groovy:75)
	at com.kms.katalon.core.webui.keyword.builtin.ClickKeyword.execute(ClickKeyword.groovy:40)
	at com.kms.katalon.core.keyword.internal.KeywordExecutor.executeKeywordForPlatform(KeywordExecutor.groovy:74)
	at com.kms.katalon.core.webui.keyword.WebUiBuiltInKeywords.click(WebUiBuiltInKeywords.groovy:684)
	at Filter Tagihan.run(Filter Tagihan:62)
	at com.kms.katalon.core.main.ScriptEngine.run(ScriptEngine.java:194)
	at com.kms.katalon.core.main.ScriptEngine.runScriptAsRawText(ScriptEngine.java:119)
	at com.kms.katalon.core.main.TestCaseExecutor.runScript(TestCaseExecutor.java:448)
	at com.kms.katalon.core.main.TestCaseExecutor.doExecute(TestCaseExecutor.java:439)
	at com.kms.katalon.core.main.TestCaseExecutor.processExecutionPhase(TestCaseExecutor.java:418)
	at com.kms.katalon.core.main.TestCaseExecutor.accessMainPhase(TestCaseExecutor.java:410)
	at com.kms.katalon.core.main.TestCaseExecutor.execute(TestCaseExecutor.java:285)
	at com.kms.katalon.core.main.TestCaseMain.runTestCase(TestCaseMain.java:133)
	at com.kms.katalon.core.keyword.builtin.CallTestCaseKeyword$_callTestCase_closure1.doCall(CallTestCaseKeyword.groovy:59)
	... 24 more
Caused by: com.kms.katalon.core.exception.StepFailedException: Unable to click on object 'Object Repository/Master Data/Admin Sekolah/Filter Tagihan/CIMB'
	... 40 more
Caused by: com.kms.katalon.core.webui.exception.WebElementNotFoundException: Web element with id: 'Object Repository/Master Data/Admin Sekolah/Filter Tagihan/CIMB' located by '//div[@data-testid='option-91' and .//p[@data-testid='paragraph' and text()='CIMB - 1223123123']]' not found
	at com.kms.katalon.core.webui.common.WebUiCommonHelper.findWebElement(WebUiCommonHelper.java:1426)
	at com.kms.katalon.core.webui.keyword.internal.WebUIAbstractKeyword.findWebElement(WebUIAbstractKeyword.groovy:27)
	at com.kms.katalon.core.webui.keyword.builtin.ClickKeyword$_click_closure1.doCall(ClickKeyword.groovy:66)
	at com.kms.katalon.core.webui.keyword.builtin.ClickKeyword$_click_closure1.call(ClickKeyword.groovy)
	at com.kms.katalon.core.webui.keyword.internal.WebUIKeywordMain.runKeyword(WebUIKeywordMain.groovy:35)
	... 38 more
)

02-01-2025T15:23:49 - [TEST_CASE][FAILED] - Test Cases/Master Data/Admin Sekolah/Master Data Tagihan/Filter Tagihan: Test Cases/Master Data/Admin Sekolah/Master Data Tagihan/Filter Tagihan FAILED.
Reason:
com.kms.katalon.core.exception.StepFailedException: Unable to click on object 'Object Repository/Master Data/Admin Sekolah/Filter Tagihan/CIMB' (Root cause: com.kms.katalon.core.exception.StepFailedException: Unable to click on object 'Object Repository/Master Data/Admin Sekolah/Filter Tagihan/CIMB'
	at com.kms.katalon.core.webui.keyword.internal.WebUIKeywordMain.stepFailed(WebUIKeywordMain.groovy:117)
	at com.kms.katalon.core.webui.keyword.internal.WebUIKeywordMain.runKeyword(WebUIKeywordMain.groovy:43)
	at com.kms.katalon.core.webui.keyword.builtin.ClickKeyword.click(ClickKeyword.groovy:75)
	at com.kms.katalon.core.webui.keyword.builtin.ClickKeyword.execute(ClickKeyword.groovy:40)
	at com.kms.katalon.core.keyword.internal.KeywordExecutor.executeKeywordForPlatform(KeywordExecutor.groovy:74)
	at com.kms.katalon.core.webui.keyword.WebUiBuiltInKeywords.click(WebUiBuiltInKeywords.groovy:684)
	at Filter Tagihan.run(Filter Tagihan:62)
	at com.kms.katalon.core.main.ScriptEngine.run(ScriptEngine.java:194)
	at com.kms.katalon.core.main.ScriptEngine.runScriptAsRawText(ScriptEngine.java:119)
	at com.kms.katalon.core.main.TestCaseExecutor.runScript(TestCaseExecutor.java:448)
	at com.kms.katalon.core.main.TestCaseExecutor.doExecute(TestCaseExecutor.java:439)
	at com.kms.katalon.core.main.TestCaseExecutor.processExecutionPhase(TestCaseExecutor.java:418)
	at com.kms.katalon.core.main.TestCaseExecutor.accessMainPhase(TestCaseExecutor.java:410)
	at com.kms.katalon.core.main.TestCaseExecutor.execute(TestCaseExecutor.java:285)
	at com.kms.katalon.core.main.TestCaseMain.runTestCase(TestCaseMain.java:133)
	at com.kms.katalon.core.keyword.builtin.CallTestCaseKeyword$_callTestCase_closure1.doCall(CallTestCaseKeyword.groovy:59)
	at com.kms.katalon.core.keyword.builtin.CallTestCaseKeyword$_callTestCase_closure1.call(CallTestCaseKeyword.groovy)
	at com.kms.katalon.core.keyword.internal.KeywordMain.runKeyword(KeywordMain.groovy:75)
	at com.kms.katalon.core.keyword.builtin.CallTestCaseKeyword.callTestCase(CallTestCaseKeyword.groovy:81)
	at com.kms.katalon.core.keyword.builtin.CallTestCaseKeyword.execute(CallTestCaseKeyword.groovy:44)
	at com.kms.katalon.core.keyword.internal.KeywordExecutor.executeKeywordForPlatform(KeywordExecutor.groovy:74)
	at com.kms.katalon.core.keyword.BuiltinKeywords.callTestCase(BuiltinKeywords.groovy:310)
	at jdk.internal.reflect.GeneratedMethodAccessor48.invoke(Unknown Source)
	at java.base/jdk.internal.reflect.DelegatingMethodAccessorImpl.invoke(DelegatingMethodAccessorImpl.java:43)
	at Regresi Tagihan.run(Regresi Tagihan:22)
	at com.kms.katalon.core.main.ScriptEngine.run(ScriptEngine.java:194)
	at com.kms.katalon.core.main.ScriptEngine.runScriptAsRawText(ScriptEngine.java:119)
	at com.kms.katalon.core.main.TestCaseExecutor.runScript(TestCaseExecutor.java:448)
	at com.kms.katalon.core.main.TestCaseExecutor.doExecute(TestCaseExecutor.java:439)
	at com.kms.katalon.core.main.TestCaseExecutor.processExecutionPhase(TestCaseExecutor.java:418)
	at com.kms.katalon.core.main.TestCaseExecutor.accessMainPhase(TestCaseExecutor.java:410)
	at com.kms.katalon.core.main.TestCaseExecutor.execute(TestCaseExecutor.java:285)
	at com.kms.katalon.core.common.CommonExecutor.accessTestCaseMainPhase(CommonExecutor.java:65)
	at com.kms.katalon.core.main.TestSuiteExecutor.accessTestSuiteMainPhase(TestSuiteExecutor.java:161)
	at com.kms.katalon.core.main.TestSuiteExecutor.execute(TestSuiteExecutor.java:107)
	at com.kms.katalon.core.main.TestCaseMain.startTestSuite(TestCaseMain.java:176)
	at TempTestSuite1735805561810.run(TempTestSuite1735805561810.groovy:35)
	at java.base/jdk.internal.reflect.NativeMethodAccessorImpl.invoke0(Native Method)
	at java.base/jdk.internal.reflect.NativeMethodAccessorImpl.invoke(NativeMethodAccessorImpl.java:77)
	at java.base/jdk.internal.reflect.DelegatingMethodAccessorImpl.invoke(DelegatingMethodAccessorImpl.java:43)
Caused by: com.kms.katalon.core.webui.exception.WebElementNotFoundException: Web element with id: 'Object Repository/Master Data/Admin Sekolah/Filter Tagihan/CIMB' located by '//div[@data-testid='option-91' and .//p[@data-testid='paragraph' and text()='CIMB - 1223123123']]' not found
	at com.kms.katalon.core.webui.common.WebUiCommonHelper.findWebElement(WebUiCommonHelper.java:1426)
	at com.kms.katalon.core.webui.keyword.internal.WebUIAbstractKeyword.findWebElement(WebUIAbstractKeyword.groovy:27)
	at com.kms.katalon.core.webui.keyword.builtin.ClickKeyword$_click_closure1.doCall(ClickKeyword.groovy:66)
	at com.kms.katalon.core.webui.keyword.builtin.ClickKeyword$_click_closure1.call(ClickKeyword.groovy)
	at com.kms.katalon.core.webui.keyword.internal.WebUIKeywordMain.runKeyword(WebUIKeywordMain.groovy:35)
	at com.kms.katalon.core.webui.keyword.builtin.ClickKeyword.click(ClickKeyword.groovy:75)
	at com.kms.katalon.core.webui.keyword.builtin.ClickKeyword.execute(ClickKeyword.groovy:40)
	at com.kms.katalon.core.keyword.internal.KeywordExecutor.executeKeywordForPlatform(KeywordExecutor.groovy:74)
	at com.kms.katalon.core.webui.keyword.WebUiBuiltInKeywords.click(WebUiBuiltInKeywords.groovy:684)
	at Script1731485365054.run(Script1731485365054.groovy:62)
	at com.kms.katalon.core.main.ScriptEngine.run(ScriptEngine.java:194)
	at com.kms.katalon.core.main.ScriptEngine.runScriptAsRawText(ScriptEngine.java:119)
	at com.kms.katalon.core.main.TestCaseExecutor.runScript(TestCaseExecutor.java:448)
	at com.kms.katalon.core.main.TestCaseExecutor.doExecute(TestCaseExecutor.java:439)
	at com.kms.katalon.core.main.TestCaseExecutor.processExecutionPhase(TestCaseExecutor.java:418)
	at com.kms.katalon.core.main.TestCaseExecutor.accessMainPhase(TestCaseExecutor.java:410)
	at com.kms.katalon.core.main.TestCaseExecutor.execute(TestCaseExecutor.java:285)
	at com.kms.katalon.core.main.TestCaseMain.runTestCase(TestCaseMain.java:133)
	at com.kms.katalon.core.keyword.builtin.CallTestCaseKeyword$_callTestCase_closure1.doCall(CallTestCaseKeyword.groovy:59)
	at com.kms.katalon.core.keyword.builtin.CallTestCaseKeyword$_callTestCase_closure1.call(CallTestCaseKeyword.groovy)
	at com.kms.katalon.core.keyword.internal.KeywordMain.runKeyword(KeywordMain.groovy:75)
	at com.kms.katalon.core.keyword.builtin.CallTestCaseKeyword.callTestCase(CallTestCaseKeyword.groovy:81)
	at com.kms.katalon.core.keyword.builtin.CallTestCaseKeyword.execute(CallTestCaseKeyword.groovy:44)
	at com.kms.katalon.core.keyword.internal.KeywordExecutor.executeKeywordForPlatform(KeywordExecutor.groovy:74)
	at com.kms.katalon.core.keyword.BuiltinKeywords.callTestCase(BuiltinKeywords.groovy:310)
	at jdk.internal.reflect.GeneratedMethodAccessor48.invoke(Unknown Source)
	at java.base/jdk.internal.reflect.DelegatingMethodAccessorImpl.invoke(DelegatingMethodAccessorImpl.java:43)
	at Script1735746434271.run(Script1735746434271.groovy:22)
	... 15 more
)
	at com.kms.katalon.core.keyword.internal.KeywordMain.stepFailed(KeywordMain.groovy:39)
	at com.kms.katalon.core.webui.keyword.internal.WebUIKeywordMain.stepFailed(WebUIKeywordMain.groovy:117)
	at com.kms.katalon.core.webui.keyword.internal.WebUIKeywordMain.runKeyword(WebUIKeywordMain.groovy:43)
	at com.kms.katalon.core.webui.keyword.builtin.ClickKeyword.click(ClickKeyword.groovy:75)
	at com.kms.katalon.core.webui.keyword.builtin.ClickKeyword.execute(ClickKeyword.groovy:40)
	at com.kms.katalon.core.keyword.internal.KeywordExecutor.executeKeywordForPlatform(KeywordExecutor.groovy:74)
	at com.kms.katalon.core.webui.keyword.WebUiBuiltInKeywords.click(WebUiBuiltInKeywords.groovy:684)
	at Filter Tagihan.run(Filter Tagihan:62)
	at com.kms.katalon.core.main.ScriptEngine.run(ScriptEngine.java:194)
	at com.kms.katalon.core.main.ScriptEngine.runScriptAsRawText(ScriptEngine.java:119)
	at com.kms.katalon.core.main.TestCaseExecutor.runScript(TestCaseExecutor.java:448)
	at com.kms.katalon.core.main.TestCaseExecutor.doExecute(TestCaseExecutor.java:439)
	at com.kms.katalon.core.main.TestCaseExecutor.processExecutionPhase(TestCaseExecutor.java:418)
	at com.kms.katalon.core.main.TestCaseExecutor.accessMainPhase(TestCaseExecutor.java:410)
	at com.kms.katalon.core.main.TestCaseExecutor.execute(TestCaseExecutor.java:285)
	at com.kms.katalon.core.main.TestCaseMain.runTestCase(TestCaseMain.java:133)
	at com.kms.katalon.core.keyword.builtin.CallTestCaseKeyword$_callTestCase_closure1.doCall(CallTestCaseKeyword.groovy:59)
	at com.kms.katalon.core.keyword.builtin.CallTestCaseKeyword$_callTestCase_closure1.call(CallTestCaseKeyword.groovy)
	at com.kms.katalon.core.keyword.internal.KeywordMain.runKeyword(KeywordMain.groovy:75)
	at com.kms.katalon.core.keyword.builtin.CallTestCaseKeyword.callTestCase(CallTestCaseKeyword.groovy:81)
	at com.kms.katalon.core.keyword.builtin.CallTestCaseKeyword.execute(CallTestCaseKeyword.groovy:44)
	at com.kms.katalon.core.keyword.internal.KeywordExecutor.executeKeywordForPlatform(KeywordExecutor.groovy:74)
	at com.kms.katalon.core.keyword.BuiltinKeywords.callTestCase(BuiltinKeywords.groovy:310)
	at jdk.internal.reflect.GeneratedMethodAccessor48.invoke(Unknown Source)
	at java.base/jdk.internal.reflect.DelegatingMethodAccessorImpl.invoke(DelegatingMethodAccessorImpl.java:43)
	at Regresi Tagihan.run(Regresi Tagihan:22)
	at com.kms.katalon.core.main.ScriptEngine.run(ScriptEngine.java:194)
	at com.kms.katalon.core.main.ScriptEngine.runScriptAsRawText(ScriptEngine.java:119)
	at com.kms.katalon.core.main.TestCaseExecutor.runScript(TestCaseExecutor.java:448)
	at com.kms.katalon.core.main.TestCaseExecutor.doExecute(TestCaseExecutor.java:439)
	at com.kms.katalon.core.main.TestCaseExecutor.processExecutionPhase(TestCaseExecutor.java:418)
	at com.kms.katalon.core.main.TestCaseExecutor.accessMainPhase(TestCaseExecutor.java:410)
	at com.kms.katalon.core.main.TestCaseExecutor.execute(TestCaseExecutor.java:285)
	at com.kms.katalon.core.common.CommonExecutor.accessTestCaseMainPhase(CommonExecutor.java:65)
	at com.kms.katalon.core.main.TestSuiteExecutor.accessTestSuiteMainPhase(TestSuiteExecutor.java:161)
	at com.kms.katalon.core.main.TestSuiteExecutor.execute(TestSuiteExecutor.java:107)
	at com.kms.katalon.core.main.TestCaseMain.startTestSuite(TestCaseMain.java:176)
	at TempTestSuite1735805561810.run(TempTestSuite1735805561810.groovy:35)
	at java.base/jdk.internal.reflect.NativeMethodAccessorImpl.invoke0(Native Method)
	at java.base/jdk.internal.reflect.NativeMethodAccessorImpl.invoke(NativeMethodAccessorImpl.java:77)
	at java.base/jdk.internal.reflect.DelegatingMethodAccessorImpl.invoke(DelegatingMethodAccessorImpl.java:43)
Caused by: com.kms.katalon.core.exception.StepFailedException: Unable to click on object 'Object Repository/Master Data/Admin Sekolah/Filter Tagihan/CIMB'
	... 40 more
Caused by: com.kms.katalon.core.webui.exception.WebElementNotFoundException: Web element with id: 'Object Repository/Master Data/Admin Sekolah/Filter Tagihan/CIMB' located by '//div[@data-testid='option-91' and .//p[@data-testid='paragraph' and text()='CIMB - 1223123123']]' not found
	at com.kms.katalon.core.webui.common.WebUiCommonHelper.findWebElement(WebUiCommonHelper.java:1426)
	at com.kms.katalon.core.webui.keyword.internal.WebUIAbstractKeyword.findWebElement(WebUIAbstractKeyword.groovy:27)
	at com.kms.katalon.core.webui.keyword.builtin.ClickKeyword$_click_closure1.doCall(ClickKeyword.groovy:66)
	at com.kms.katalon.core.webui.keyword.builtin.ClickKeyword$_click_closure1.call(ClickKeyword.groovy)
	at com.kms.katalon.core.webui.keyword.internal.WebUIKeywordMain.runKeyword(WebUIKeywordMain.groovy:35)
	... 38 more


02-01-2025T15:23:49 - [TEST_STEP][PASSED] - openBrowser("", CONTINUE_ON_FAILURE): Browser is opened with url: ''

02-01-2025T15:23:49 - [MESSAGE][INFO] - Starting 'Chrome' driver

02-01-2025T15:23:49 - [MESSAGE][INFO] - Action delay is set to 0 milliseconds

02-01-2025T15:23:50 - [MESSAGE][PASSED] - Browser is opened with url: ''

02-01-2025T15:23:50 - [TEST_STEP][PASSED] - navigateToUrl("https://school-payment.digiform.co.id/login", CONTINUE_ON_FAILURE): Navigate to 'https://school-payment.digiform.co.id/login' successfully

02-01-2025T15:23:50 - [MESSAGE][PASSED] - Navigate to 'https://school-payment.digiform.co.id/login' successfully

02-01-2025T15:23:50 - [TEST_STEP][PASSED] - click(findTestObject("Master Data/Admin Sekolah/Login/Field Email"), CONTINUE_ON_FAILURE): Object: 'Object Repository/Master Data/Admin Sekolah/Login/Field Email' is clicked on

02-01-2025T15:23:51 - [MESSAGE][PASSED] - Object: 'Object Repository/Master Data/Admin Sekolah/Login/Field Email' is clicked on

02-01-2025T15:23:51 - [TEST_STEP][PASSED] - setText(findTestObject("Master Data/Admin Sekolah/Login/Field Email"), "admin.gudangsolusi@digiform.co.id", CONTINUE_ON_FAILURE): Text 'admin.gudangsolusi@digiform.co.id' is set on object 'Object Repository/Master Data/Admin Sekolah/Login/Field Email'

02-01-2025T15:23:52 - [MESSAGE][PASSED] - Text 'admin.gudangsolusi@digiform.co.id' is set on object 'Object Repository/Master Data/Admin Sekolah/Login/Field Email'

02-01-2025T15:23:52 - [TEST_STEP][PASSED] - delay(1, CONTINUE_ON_FAILURE): Delayed 1 second(s)

02-01-2025T15:23:53 - [MESSAGE][PASSED] - Delayed 1 second(s)

02-01-2025T15:23:53 - [TEST_STEP][PASSED] - click(findTestObject("Master Data/Admin Sekolah/Login/Input Password"), CONTINUE_ON_FAILURE): Object: 'Object Repository/Master Data/Admin Sekolah/Login/Input Password' is clicked on

02-01-2025T15:23:53 - [MESSAGE][PASSED] - Object: 'Object Repository/Master Data/Admin Sekolah/Login/Input Password' is clicked on

02-01-2025T15:23:53 - [TEST_STEP][PASSED] - setText(findTestObject("Master Data/Admin Sekolah/Login/Input Password"), "Test1234", CONTINUE_ON_FAILURE): Text 'Test1234' is set on object 'Object Repository/Master Data/Admin Sekolah/Login/Input Password'

02-01-2025T15:23:54 - [MESSAGE][PASSED] - Text 'Test1234' is set on object 'Object Repository/Master Data/Admin Sekolah/Login/Input Password'

02-01-2025T15:23:54 - [TEST_STEP][PASSED] - delay(1, CONTINUE_ON_FAILURE): Delayed 1 second(s)

02-01-2025T15:23:55 - [MESSAGE][PASSED] - Delayed 1 second(s)

02-01-2025T15:23:55 - [TEST_STEP][PASSED] - click(findTestObject("Master Data/Admin Sekolah/Login/Button Submit"), CONTINUE_ON_FAILURE): Object: 'Object Repository/Master Data/Admin Sekolah/Login/Button Submit' is clicked on

02-01-2025T15:23:55 - [MESSAGE][PASSED] - Object: 'Object Repository/Master Data/Admin Sekolah/Login/Button Submit' is clicked on

02-01-2025T15:23:55 - [TEST_STEP][PASSED] - click(findTestObject("Master Data/Admin Sekolah/Lihat Tagihan/Menu Master Data"), CONTINUE_ON_FAILURE): Object: 'Object Repository/Master Data/Admin Sekolah/Lihat Tagihan/Menu Master Data' is clicked on

02-01-2025T15:23:57 - [MESSAGE][PASSED] - Object: 'Object Repository/Master Data/Admin Sekolah/Lihat Tagihan/Menu Master Data' is clicked on

02-01-2025T15:23:57 - [TEST_STEP][PASSED] - delay(1, CONTINUE_ON_FAILURE): Delayed 1 second(s)

02-01-2025T15:23:58 - [MESSAGE][PASSED] - Delayed 1 second(s)

02-01-2025T15:23:58 - [TEST_STEP][PASSED] - click(findTestObject("Master Data/Admin Sekolah/Lihat Tagihan/Menu Tagihan"), CONTINUE_ON_FAILURE): Object: 'Object Repository/Master Data/Admin Sekolah/Lihat Tagihan/Menu Tagihan' is clicked on

02-01-2025T15:23:58 - [MESSAGE][PASSED] - Object: 'Object Repository/Master Data/Admin Sekolah/Lihat Tagihan/Menu Tagihan' is clicked on

02-01-2025T15:23:58 - [TEST_STEP][PASSED] - delay(1, CONTINUE_ON_FAILURE): Delayed 1 second(s)

02-01-2025T15:23:59 - [MESSAGE][PASSED] - Delayed 1 second(s)

02-01-2025T15:23:59 - [TEST_STEP][PASSED] - click(findTestObject("Master Data/Admin Sekolah/Filter Tagihan/Button Filter"), CONTINUE_ON_FAILURE): Object: 'Object Repository/Master Data/Admin Sekolah/Filter Tagihan/Button Filter' is clicked on

02-01-2025T15:23:59 - [MESSAGE][PASSED] - Object: 'Object Repository/Master Data/Admin Sekolah/Filter Tagihan/Button Filter' is clicked on

02-01-2025T15:23:59 - [TEST_STEP][PASSED] - delay(1, CONTINUE_ON_FAILURE): Delayed 1 second(s)

02-01-2025T15:24:00 - [MESSAGE][PASSED] - Delayed 1 second(s)

02-01-2025T15:24:00 - [TEST_STEP][PASSED] - click(findTestObject("Master Data/Admin Sekolah/Filter Tagihan/Select Tipe Tagihan"), CONTINUE_ON_FAILURE): Object: 'Object Repository/Master Data/Admin Sekolah/Filter Tagihan/Select Tipe Tagihan' is clicked on

02-01-2025T15:24:01 - [MESSAGE][PASSED] - Object: 'Object Repository/Master Data/Admin Sekolah/Filter Tagihan/Select Tipe Tagihan' is clicked on

02-01-2025T15:24:01 - [TEST_STEP][PASSED] - delay(1, CONTINUE_ON_FAILURE): Delayed 1 second(s)

02-01-2025T15:24:02 - [MESSAGE][PASSED] - Delayed 1 second(s)

02-01-2025T15:24:02 - [TEST_STEP][PASSED] - click(findTestObject("Master Data/Admin Sekolah/Filter Tagihan/Tagihan Reguler"), CONTINUE_ON_FAILURE): Object: 'Object Repository/Master Data/Admin Sekolah/Filter Tagihan/Tagihan Reguler' is clicked on

02-01-2025T15:24:02 - [MESSAGE][PASSED] - Object: 'Object Repository/Master Data/Admin Sekolah/Filter Tagihan/Tagihan Reguler' is clicked on

02-01-2025T15:24:02 - [TEST_STEP][PASSED] - delay(1, CONTINUE_ON_FAILURE): Delayed 1 second(s)

02-01-2025T15:24:03 - [MESSAGE][PASSED] - Delayed 1 second(s)

02-01-2025T15:24:03 - [TEST_STEP][PASSED] - click(findTestObject("Master Data/Admin Sekolah/Filter Tagihan/Select Rekening Bank"), CONTINUE_ON_FAILURE): Object: 'Object Repository/Master Data/Admin Sekolah/Filter Tagihan/Select Rekening Bank' is clicked on

02-01-2025T15:24:03 - [MESSAGE][PASSED] - Object: 'Object Repository/Master Data/Admin Sekolah/Filter Tagihan/Select Rekening Bank' is clicked on

02-01-2025T15:24:03 - [TEST_STEP][PASSED] - delay(1, CONTINUE_ON_FAILURE): Delayed 1 second(s)

02-01-2025T15:24:04 - [MESSAGE][PASSED] - Delayed 1 second(s)

02-01-2025T15:24:04 - [TEST_STEP][FAILED] - click(findTestObject("Master Data/Admin Sekolah/Filter Tagihan/CIMB"), CONTINUE_ON_FAILURE): Unable to click on object 'Object Repository/Master Data/Admin Sekolah/Filter Tagihan/CIMB' (Root cause: com.kms.katalon.core.exception.StepFailedException: Unable to click on object 'Object Repository/Master Data/Admin Sekolah/Filter Tagihan/CIMB'
	at com.kms.katalon.core.webui.keyword.internal.WebUIKeywordMain.stepFailed(WebUIKeywordMain.groovy:117)
	at com.kms.katalon.core.webui.keyword.internal.WebUIKeywordMain.runKeyword(WebUIKeywordMain.groovy:43)
	at com.kms.katalon.core.webui.keyword.builtin.ClickKeyword.click(ClickKeyword.groovy:75)
	at com.kms.katalon.core.webui.keyword.builtin.ClickKeyword.execute(ClickKeyword.groovy:40)
	at com.kms.katalon.core.keyword.internal.KeywordExecutor.executeKeywordForPlatform(KeywordExecutor.groovy:74)
	at com.kms.katalon.core.webui.keyword.WebUiBuiltInKeywords.click(WebUiBuiltInKeywords.groovy:684)
	at Filter Tagihan.run(Filter Tagihan:62)
	at com.kms.katalon.core.main.ScriptEngine.run(ScriptEngine.java:194)
	at com.kms.katalon.core.main.ScriptEngine.runScriptAsRawText(ScriptEngine.java:119)
	at com.kms.katalon.core.main.TestCaseExecutor.runScript(TestCaseExecutor.java:448)
	at com.kms.katalon.core.main.TestCaseExecutor.doExecute(TestCaseExecutor.java:439)
	at com.kms.katalon.core.main.TestCaseExecutor.processExecutionPhase(TestCaseExecutor.java:418)
	at com.kms.katalon.core.main.TestCaseExecutor.accessMainPhase(TestCaseExecutor.java:410)
	at com.kms.katalon.core.main.TestCaseExecutor.execute(TestCaseExecutor.java:285)
	at com.kms.katalon.core.main.TestCaseMain.runTestCase(TestCaseMain.java:133)
	at com.kms.katalon.core.keyword.builtin.CallTestCaseKeyword$_callTestCase_closure1.doCall(CallTestCaseKeyword.groovy:59)
	at com.kms.katalon.core.keyword.builtin.CallTestCaseKeyword$_callTestCase_closure1.call(CallTestCaseKeyword.groovy)
	at com.kms.katalon.core.keyword.internal.KeywordMain.runKeyword(KeywordMain.groovy:75)
	at com.kms.katalon.core.keyword.builtin.CallTestCaseKeyword.callTestCase(CallTestCaseKeyword.groovy:81)
	at com.kms.katalon.core.keyword.builtin.CallTestCaseKeyword.execute(CallTestCaseKeyword.groovy:44)
	at com.kms.katalon.core.keyword.internal.KeywordExecutor.executeKeywordForPlatform(KeywordExecutor.groovy:74)
	at com.kms.katalon.core.keyword.BuiltinKeywords.callTestCase(BuiltinKeywords.groovy:310)
	at jdk.internal.reflect.GeneratedMethodAccessor48.invoke(Unknown Source)
	at java.base/jdk.internal.reflect.DelegatingMethodAccessorImpl.invoke(DelegatingMethodAccessorImpl.java:43)
	at Regresi Tagihan.run(Regresi Tagihan:22)
	at com.kms.katalon.core.main.ScriptEngine.run(ScriptEngine.java:194)
	at com.kms.katalon.core.main.ScriptEngine.runScriptAsRawText(ScriptEngine.java:119)
	at com.kms.katalon.core.main.TestCaseExecutor.runScript(TestCaseExecutor.java:448)
	at com.kms.katalon.core.main.TestCaseExecutor.doExecute(TestCaseExecutor.java:439)
	at com.kms.katalon.core.main.TestCaseExecutor.processExecutionPhase(TestCaseExecutor.java:418)
	at com.kms.katalon.core.main.TestCaseExecutor.accessMainPhase(TestCaseExecutor.java:410)
	at com.kms.katalon.core.main.TestCaseExecutor.execute(TestCaseExecutor.java:285)
	at com.kms.katalon.core.common.CommonExecutor.accessTestCaseMainPhase(CommonExecutor.java:65)
	at com.kms.katalon.core.main.TestSuiteExecutor.accessTestSuiteMainPhase(TestSuiteExecutor.java:161)
	at com.kms.katalon.core.main.TestSuiteExecutor.execute(TestSuiteExecutor.java:107)
	at com.kms.katalon.core.main.TestCaseMain.startTestSuite(TestCaseMain.java:176)
	at TempTestSuite1735805561810.run(TempTestSuite1735805561810.groovy:35)
	at java.base/jdk.internal.reflect.NativeMethodAccessorImpl.invoke0(Native Method)
	at java.base/jdk.internal.reflect.NativeMethodAccessorImpl.invoke(NativeMethodAccessorImpl.java:77)
	at java.base/jdk.internal.reflect.DelegatingMethodAccessorImpl.invoke(DelegatingMethodAccessorImpl.java:43)
Caused by: com.kms.katalon.core.webui.exception.WebElementNotFoundException: Web element with id: 'Object Repository/Master Data/Admin Sekolah/Filter Tagihan/CIMB' located by '//div[@data-testid='option-91' and .//p[@data-testid='paragraph' and text()='CIMB - 1223123123']]' not found
	at com.kms.katalon.core.webui.common.WebUiCommonHelper.findWebElement(WebUiCommonHelper.java:1426)
	at com.kms.katalon.core.webui.keyword.internal.WebUIAbstractKeyword.findWebElement(WebUIAbstractKeyword.groovy:27)
	at com.kms.katalon.core.webui.keyword.builtin.ClickKeyword$_click_closure1.doCall(ClickKeyword.groovy:66)
	at com.kms.katalon.core.webui.keyword.builtin.ClickKeyword$_click_closure1.call(ClickKeyword.groovy)
	at com.kms.katalon.core.webui.keyword.internal.WebUIKeywordMain.runKeyword(WebUIKeywordMain.groovy:35)
	at com.kms.katalon.core.webui.keyword.builtin.ClickKeyword.click(ClickKeyword.groovy:75)
	at com.kms.katalon.core.webui.keyword.builtin.ClickKeyword.execute(ClickKeyword.groovy:40)
	at com.kms.katalon.core.keyword.internal.KeywordExecutor.executeKeywordForPlatform(KeywordExecutor.groovy:74)
	at com.kms.katalon.core.webui.keyword.WebUiBuiltInKeywords.click(WebUiBuiltInKeywords.groovy:684)
	at Script1731485365054.run(Script1731485365054.groovy:62)
	at com.kms.katalon.core.main.ScriptEngine.run(ScriptEngine.java:194)
	at com.kms.katalon.core.main.ScriptEngine.runScriptAsRawText(ScriptEngine.java:119)
	at com.kms.katalon.core.main.TestCaseExecutor.runScript(TestCaseExecutor.java:448)
	at com.kms.katalon.core.main.TestCaseExecutor.doExecute(TestCaseExecutor.java:439)
	at com.kms.katalon.core.main.TestCaseExecutor.processExecutionPhase(TestCaseExecutor.java:418)
	at com.kms.katalon.core.main.TestCaseExecutor.accessMainPhase(TestCaseExecutor.java:410)
	at com.kms.katalon.core.main.TestCaseExecutor.execute(TestCaseExecutor.java:285)
	at com.kms.katalon.core.main.TestCaseMain.runTestCase(TestCaseMain.java:133)
	at com.kms.katalon.core.keyword.builtin.CallTestCaseKeyword$_callTestCase_closure1.doCall(CallTestCaseKeyword.groovy:59)
	at com.kms.katalon.core.keyword.builtin.CallTestCaseKeyword$_callTestCase_closure1.call(CallTestCaseKeyword.groovy)
	at com.kms.katalon.core.keyword.internal.KeywordMain.runKeyword(KeywordMain.groovy:75)
	at com.kms.katalon.core.keyword.builtin.CallTestCaseKeyword.callTestCase(CallTestCaseKeyword.groovy:81)
	at com.kms.katalon.core.keyword.builtin.CallTestCaseKeyword.execute(CallTestCaseKeyword.groovy:44)
	at com.kms.katalon.core.keyword.internal.KeywordExecutor.executeKeywordForPlatform(KeywordExecutor.groovy:74)
	at com.kms.katalon.core.keyword.BuiltinKeywords.callTestCase(BuiltinKeywords.groovy:310)
	at jdk.internal.reflect.GeneratedMethodAccessor48.invoke(Unknown Source)
	at java.base/jdk.internal.reflect.DelegatingMethodAccessorImpl.invoke(DelegatingMethodAccessorImpl.java:43)
	at Script1735746434271.run(Script1735746434271.groovy:22)
	... 15 more
)

02-01-2025T15:24:36 - [MESSAGE][INFO] - Unable to find the element located by 'By.xpath: //div[@data-testid='option-91' and .//p[@data-testid='paragraph' and text()='CIMB - 1223123123']]'. Please recheck the objects properties to make sure the desired element is located. 

02-01-2025T15:24:36 - [MESSAGE][WARNING] - [SELF-HEALING] Failed to find element with id 'Object Repository/Master Data/Admin Sekolah/Filter Tagihan/CIMB'. Try using Self-healing.

02-01-2025T15:24:37 - [MESSAGE][INFO] - [SELF-HEALING] No working XPath is found.

02-01-2025T15:24:38 - [MESSAGE][WARNING] - [SELF-HEALING] invalid selector
from javascript error: {"status":32,"value":"Unable to locate an element with the xpath expression  because of the following error:\nSyntaxError: Failed to execute 'evaluate' on 'Document': The string '' is not a valid XPath expression."}
  (Session info: chrome=131.0.6778.205)
For documentation on this error, please visit: https://www.selenium.dev/documentation/webdriver/troubleshooting/errors#invalid-selector-exception
Build info: version: '4.22.0', revision: 'c5f3146703'
System info: os.name: 'Windows 11', os.arch: 'amd64', os.version: '10.0', java.version: '17.0.7'
Driver info: com.kms.katalon.selenium.driver.CChromeDriver
Command: [cba58ee4bfe6697774c1c73e364e29f2, findElements {value=, using=xpath}]
Capabilities {acceptInsecureCerts: false, browserName: chrome, browserVersion: 131.0.6778.205, chrome: {chromedriverVersion: 130.0.6723.58 (3a50e012e4c9..., userDataDir: C:\Users\henri\AppData\Loca...}, fedcm:accounts: true, goog:chromeOptions: {debuggerAddress: localhost:62955}, networkConnectionEnabled: false, pageLoadStrategy: normal, platformName: windows, proxy: Proxy(), se:cdp: ws://localhost:62955/devtoo..., se:cdpVersion: 131.0.6778.205, setWindowRect: true, strictFileInteractability: false, timeouts: {implicit: 0, pageLoad: 300000, script: 30000}, unhandledPromptBehavior: ignore, webSocketUrl: ws://localhost:24271/sessio..., webauthn:extension:credBlob: true, webauthn:extension:largeBlob: true, webauthn:extension:minPinLength: true, webauthn:extension:prf: true, webauthn:virtualAuthenticators: true}
Session ID: cba58ee4bfe6697774c1c73e364e29f2

02-01-2025T15:24:38 - [MESSAGE][WARNING] - [SELF-HEALING] Cannot find elements when the selector is null

02-01-2025T15:24:38 - [MESSAGE][FAILED] - Unable to click on object 'Object Repository/Master Data/Admin Sekolah/Filter Tagihan/CIMB' (Root cause: com.kms.katalon.core.exception.StepFailedException: Unable to click on object 'Object Repository/Master Data/Admin Sekolah/Filter Tagihan/CIMB'
	at com.kms.katalon.core.webui.keyword.internal.WebUIKeywordMain.stepFailed(WebUIKeywordMain.groovy:117)
	at com.kms.katalon.core.webui.keyword.internal.WebUIKeywordMain.runKeyword(WebUIKeywordMain.groovy:43)
	at com.kms.katalon.core.webui.keyword.builtin.ClickKeyword.click(ClickKeyword.groovy:75)
	at com.kms.katalon.core.webui.keyword.builtin.ClickKeyword.execute(ClickKeyword.groovy:40)
	at com.kms.katalon.core.keyword.internal.KeywordExecutor.executeKeywordForPlatform(KeywordExecutor.groovy:74)
	at com.kms.katalon.core.webui.keyword.WebUiBuiltInKeywords.click(WebUiBuiltInKeywords.groovy:684)
	at Filter Tagihan.run(Filter Tagihan:62)
	at com.kms.katalon.core.main.ScriptEngine.run(ScriptEngine.java:194)
	at com.kms.katalon.core.main.ScriptEngine.runScriptAsRawText(ScriptEngine.java:119)
	at com.kms.katalon.core.main.TestCaseExecutor.runScript(TestCaseExecutor.java:448)
	at com.kms.katalon.core.main.TestCaseExecutor.doExecute(TestCaseExecutor.java:439)
	at com.kms.katalon.core.main.TestCaseExecutor.processExecutionPhase(TestCaseExecutor.java:418)
	at com.kms.katalon.core.main.TestCaseExecutor.accessMainPhase(TestCaseExecutor.java:410)
	at com.kms.katalon.core.main.TestCaseExecutor.execute(TestCaseExecutor.java:285)
	at com.kms.katalon.core.main.TestCaseMain.runTestCase(TestCaseMain.java:133)
	at com.kms.katalon.core.keyword.builtin.CallTestCaseKeyword$_callTestCase_closure1.doCall(CallTestCaseKeyword.groovy:59)
	at com.kms.katalon.core.keyword.builtin.CallTestCaseKeyword$_callTestCase_closure1.call(CallTestCaseKeyword.groovy)
	at com.kms.katalon.core.keyword.internal.KeywordMain.runKeyword(KeywordMain.groovy:75)
	at com.kms.katalon.core.keyword.builtin.CallTestCaseKeyword.callTestCase(CallTestCaseKeyword.groovy:81)
	at com.kms.katalon.core.keyword.builtin.CallTestCaseKeyword.execute(CallTestCaseKeyword.groovy:44)
	at com.kms.katalon.core.keyword.internal.KeywordExecutor.executeKeywordForPlatform(KeywordExecutor.groovy:74)
	at com.kms.katalon.core.keyword.BuiltinKeywords.callTestCase(BuiltinKeywords.groovy:310)
	at jdk.internal.reflect.GeneratedMethodAccessor48.invoke(Unknown Source)
	at java.base/jdk.internal.reflect.DelegatingMethodAccessorImpl.invoke(DelegatingMethodAccessorImpl.java:43)
	at Regresi Tagihan.run(Regresi Tagihan:22)
	at com.kms.katalon.core.main.ScriptEngine.run(ScriptEngine.java:194)
	at com.kms.katalon.core.main.ScriptEngine.runScriptAsRawText(ScriptEngine.java:119)
	at com.kms.katalon.core.main.TestCaseExecutor.runScript(TestCaseExecutor.java:448)
	at com.kms.katalon.core.main.TestCaseExecutor.doExecute(TestCaseExecutor.java:439)
	at com.kms.katalon.core.main.TestCaseExecutor.processExecutionPhase(TestCaseExecutor.java:418)
	at com.kms.katalon.core.main.TestCaseExecutor.accessMainPhase(TestCaseExecutor.java:410)
	at com.kms.katalon.core.main.TestCaseExecutor.execute(TestCaseExecutor.java:285)
	at com.kms.katalon.core.common.CommonExecutor.accessTestCaseMainPhase(CommonExecutor.java:65)
	at com.kms.katalon.core.main.TestSuiteExecutor.accessTestSuiteMainPhase(TestSuiteExecutor.java:161)
	at com.kms.katalon.core.main.TestSuiteExecutor.execute(TestSuiteExecutor.java:107)
	at com.kms.katalon.core.main.TestCaseMain.startTestSuite(TestCaseMain.java:176)
	at TempTestSuite1735805561810.run(TempTestSuite1735805561810.groovy:35)
	at java.base/jdk.internal.reflect.NativeMethodAccessorImpl.invoke0(Native Method)
	at java.base/jdk.internal.reflect.NativeMethodAccessorImpl.invoke(NativeMethodAccessorImpl.java:77)
	at java.base/jdk.internal.reflect.DelegatingMethodAccessorImpl.invoke(DelegatingMethodAccessorImpl.java:43)
Caused by: com.kms.katalon.core.webui.exception.WebElementNotFoundException: Web element with id: 'Object Repository/Master Data/Admin Sekolah/Filter Tagihan/CIMB' located by '//div[@data-testid='option-91' and .//p[@data-testid='paragraph' and text()='CIMB - 1223123123']]' not found
	at com.kms.katalon.core.webui.common.WebUiCommonHelper.findWebElement(WebUiCommonHelper.java:1426)
	at com.kms.katalon.core.webui.keyword.internal.WebUIAbstractKeyword.findWebElement(WebUIAbstractKeyword.groovy:27)
	at com.kms.katalon.core.webui.keyword.builtin.ClickKeyword$_click_closure1.doCall(ClickKeyword.groovy:66)
	at com.kms.katalon.core.webui.keyword.builtin.ClickKeyword$_click_closure1.call(ClickKeyword.groovy)
	at com.kms.katalon.core.webui.keyword.internal.WebUIKeywordMain.runKeyword(WebUIKeywordMain.groovy:35)
	at com.kms.katalon.core.webui.keyword.builtin.ClickKeyword.click(ClickKeyword.groovy:75)
	at com.kms.katalon.core.webui.keyword.builtin.ClickKeyword.execute(ClickKeyword.groovy:40)
	at com.kms.katalon.core.keyword.internal.KeywordExecutor.executeKeywordForPlatform(KeywordExecutor.groovy:74)
	at com.kms.katalon.core.webui.keyword.WebUiBuiltInKeywords.click(WebUiBuiltInKeywords.groovy:684)
	at Script1731485365054.run(Script1731485365054.groovy:62)
	at com.kms.katalon.core.main.ScriptEngine.run(ScriptEngine.java:194)
	at com.kms.katalon.core.main.ScriptEngine.runScriptAsRawText(ScriptEngine.java:119)
	at com.kms.katalon.core.main.TestCaseExecutor.runScript(TestCaseExecutor.java:448)
	at com.kms.katalon.core.main.TestCaseExecutor.doExecute(TestCaseExecutor.java:439)
	at com.kms.katalon.core.main.TestCaseExecutor.processExecutionPhase(TestCaseExecutor.java:418)
	at com.kms.katalon.core.main.TestCaseExecutor.accessMainPhase(TestCaseExecutor.java:410)
	at com.kms.katalon.core.main.TestCaseExecutor.execute(TestCaseExecutor.java:285)
	at com.kms.katalon.core.main.TestCaseMain.runTestCase(TestCaseMain.java:133)
	at com.kms.katalon.core.keyword.builtin.CallTestCaseKeyword$_callTestCase_closure1.doCall(CallTestCaseKeyword.groovy:59)
	at com.kms.katalon.core.keyword.builtin.CallTestCaseKeyword$_callTestCase_closure1.call(CallTestCaseKeyword.groovy)
	at com.kms.katalon.core.keyword.internal.KeywordMain.runKeyword(KeywordMain.groovy:75)
	at com.kms.katalon.core.keyword.builtin.CallTestCaseKeyword.callTestCase(CallTestCaseKeyword.groovy:81)
	at com.kms.katalon.core.keyword.builtin.CallTestCaseKeyword.execute(CallTestCaseKeyword.groovy:44)
	at com.kms.katalon.core.keyword.internal.KeywordExecutor.executeKeywordForPlatform(KeywordExecutor.groovy:74)
	at com.kms.katalon.core.keyword.BuiltinKeywords.callTestCase(BuiltinKeywords.groovy:310)
	at jdk.internal.reflect.GeneratedMethodAccessor48.invoke(Unknown Source)
	at java.base/jdk.internal.reflect.DelegatingMethodAccessorImpl.invoke(DelegatingMethodAccessorImpl.java:43)
	at Script1735746434271.run(Script1735746434271.groovy:22)
	... 15 more
)
[[ATTACHMENT|C:\\Users\\henri\\Videos\\school-payment-automation-testing\\Reports\\20250102_151240\\SPRINT 1\\20250102_151241\\1735806278273.png]]

02-01-2025T15:24:38 - [TEST_STEP][PASSED] - delay(1, CONTINUE_ON_FAILURE): Delayed 1 second(s)

02-01-2025T15:24:39 - [MESSAGE][PASSED] - Delayed 1 second(s)

02-01-2025T15:24:39 - [TEST_STEP][PASSED] - click(findTestObject("Master Data/Admin Sekolah/Filter Tagihan/Button Terapkan"), CONTINUE_ON_FAILURE): Object: 'Object Repository/Master Data/Admin Sekolah/Filter Tagihan/Button Terapkan' is clicked on

02-01-2025T15:24:39 - [MESSAGE][PASSED] - Object: 'Object Repository/Master Data/Admin Sekolah/Filter Tagihan/Button Terapkan' is clicked on

02-01-2025T15:24:39 - [MESSAGE][FAILED] - Unable to call Test Case 'Test Cases/Master Data/Admin Sekolah/Master Data Tagihan/Filter Tagihan' (Root cause: com.kms.katalon.core.exception.StepFailedException: Call Test Case 'Test Cases/Master Data/Admin Sekolah/Master Data Tagihan/Filter Tagihan' failed
	at com.kms.katalon.core.keyword.builtin.CallTestCaseKeyword$_callTestCase_closure1.doCall(CallTestCaseKeyword.groovy:63)
	at com.kms.katalon.core.keyword.builtin.CallTestCaseKeyword$_callTestCase_closure1.call(CallTestCaseKeyword.groovy)
	at com.kms.katalon.core.keyword.internal.KeywordMain.runKeyword(KeywordMain.groovy:75)
	at com.kms.katalon.core.keyword.builtin.CallTestCaseKeyword.callTestCase(CallTestCaseKeyword.groovy:81)
	at com.kms.katalon.core.keyword.builtin.CallTestCaseKeyword.execute(CallTestCaseKeyword.groovy:44)
	at com.kms.katalon.core.keyword.internal.KeywordExecutor.executeKeywordForPlatform(KeywordExecutor.groovy:74)
	at com.kms.katalon.core.keyword.BuiltinKeywords.callTestCase(BuiltinKeywords.groovy:310)
	at jdk.internal.reflect.GeneratedMethodAccessor48.invoke(Unknown Source)
	at java.base/jdk.internal.reflect.DelegatingMethodAccessorImpl.invoke(DelegatingMethodAccessorImpl.java:43)
	at Regresi Tagihan.run(Regresi Tagihan:22)
	at com.kms.katalon.core.main.ScriptEngine.run(ScriptEngine.java:194)
	at com.kms.katalon.core.main.ScriptEngine.runScriptAsRawText(ScriptEngine.java:119)
	at com.kms.katalon.core.main.TestCaseExecutor.runScript(TestCaseExecutor.java:448)
	at com.kms.katalon.core.main.TestCaseExecutor.doExecute(TestCaseExecutor.java:439)
	at com.kms.katalon.core.main.TestCaseExecutor.processExecutionPhase(TestCaseExecutor.java:418)
	at com.kms.katalon.core.main.TestCaseExecutor.accessMainPhase(TestCaseExecutor.java:410)
	at com.kms.katalon.core.main.TestCaseExecutor.execute(TestCaseExecutor.java:285)
	at com.kms.katalon.core.common.CommonExecutor.accessTestCaseMainPhase(CommonExecutor.java:65)
	at com.kms.katalon.core.main.TestSuiteExecutor.accessTestSuiteMainPhase(TestSuiteExecutor.java:161)
	at com.kms.katalon.core.main.TestSuiteExecutor.execute(TestSuiteExecutor.java:107)
	at com.kms.katalon.core.main.TestCaseMain.startTestSuite(TestCaseMain.java:176)
	at TempTestSuite1735805561810.run(TempTestSuite1735805561810.groovy:35)
	at java.base/jdk.internal.reflect.NativeMethodAccessorImpl.invoke0(Native Method)
	at java.base/jdk.internal.reflect.NativeMethodAccessorImpl.invoke(NativeMethodAccessorImpl.java:77)
	at java.base/jdk.internal.reflect.DelegatingMethodAccessorImpl.invoke(DelegatingMethodAccessorImpl.java:43)
Caused by: com.kms.katalon.core.exception.StepFailedException: Unable to click on object 'Object Repository/Master Data/Admin Sekolah/Filter Tagihan/CIMB' (Root cause: com.kms.katalon.core.exception.StepFailedException: Unable to click on object 'Object Repository/Master Data/Admin Sekolah/Filter Tagihan/CIMB'
	at com.kms.katalon.core.webui.keyword.internal.WebUIKeywordMain.stepFailed(WebUIKeywordMain.groovy:117)
	at com.kms.katalon.core.webui.keyword.internal.WebUIKeywordMain.runKeyword(WebUIKeywordMain.groovy:43)
	at com.kms.katalon.core.webui.keyword.builtin.ClickKeyword.click(ClickKeyword.groovy:75)
	at com.kms.katalon.core.webui.keyword.builtin.ClickKeyword.execute(ClickKeyword.groovy:40)
	at com.kms.katalon.core.keyword.internal.KeywordExecutor.executeKeywordForPlatform(KeywordExecutor.groovy:74)
	at com.kms.katalon.core.webui.keyword.WebUiBuiltInKeywords.click(WebUiBuiltInKeywords.groovy:684)
	at Filter Tagihan.run(Filter Tagihan:62)
	at com.kms.katalon.core.main.ScriptEngine.run(ScriptEngine.java:194)
	at com.kms.katalon.core.main.ScriptEngine.runScriptAsRawText(ScriptEngine.java:119)
	at com.kms.katalon.core.main.TestCaseExecutor.runScript(TestCaseExecutor.java:448)
	at com.kms.katalon.core.main.TestCaseExecutor.doExecute(TestCaseExecutor.java:439)
	at com.kms.katalon.core.main.TestCaseExecutor.processExecutionPhase(TestCaseExecutor.java:418)
	at com.kms.katalon.core.main.TestCaseExecutor.accessMainPhase(TestCaseExecutor.java:410)
	at com.kms.katalon.core.main.TestCaseExecutor.execute(TestCaseExecutor.java:285)
	at com.kms.katalon.core.main.TestCaseMain.runTestCase(TestCaseMain.java:133)
	at com.kms.katalon.core.keyword.builtin.CallTestCaseKeyword$_callTestCase_closure1.doCall(CallTestCaseKeyword.groovy:59)
	at com.kms.katalon.core.keyword.builtin.CallTestCaseKeyword$_callTestCase_closure1.call(CallTestCaseKeyword.groovy)
	at com.kms.katalon.core.keyword.internal.KeywordMain.runKeyword(KeywordMain.groovy:75)
	at com.kms.katalon.core.keyword.builtin.CallTestCaseKeyword.callTestCase(CallTestCaseKeyword.groovy:81)
	at com.kms.katalon.core.keyword.builtin.CallTestCaseKeyword.execute(CallTestCaseKeyword.groovy:44)
	at com.kms.katalon.core.keyword.internal.KeywordExecutor.executeKeywordForPlatform(KeywordExecutor.groovy:74)
	at com.kms.katalon.core.keyword.BuiltinKeywords.callTestCase(BuiltinKeywords.groovy:310)
	at jdk.internal.reflect.GeneratedMethodAccessor48.invoke(Unknown Source)
	at java.base/jdk.internal.reflect.DelegatingMethodAccessorImpl.invoke(DelegatingMethodAccessorImpl.java:43)
	at Regresi Tagihan.run(Regresi Tagihan:22)
	at com.kms.katalon.core.main.ScriptEngine.run(ScriptEngine.java:194)
	at com.kms.katalon.core.main.ScriptEngine.runScriptAsRawText(ScriptEngine.java:119)
	at com.kms.katalon.core.main.TestCaseExecutor.runScript(TestCaseExecutor.java:448)
	at com.kms.katalon.core.main.TestCaseExecutor.doExecute(TestCaseExecutor.java:439)
	at com.kms.katalon.core.main.TestCaseExecutor.processExecutionPhase(TestCaseExecutor.java:418)
	at com.kms.katalon.core.main.TestCaseExecutor.accessMainPhase(TestCaseExecutor.java:410)
	at com.kms.katalon.core.main.TestCaseExecutor.execute(TestCaseExecutor.java:285)
	at com.kms.katalon.core.common.CommonExecutor.accessTestCaseMainPhase(CommonExecutor.java:65)
	at com.kms.katalon.core.main.TestSuiteExecutor.accessTestSuiteMainPhase(TestSuiteExecutor.java:161)
	at com.kms.katalon.core.main.TestSuiteExecutor.execute(TestSuiteExecutor.java:107)
	at com.kms.katalon.core.main.TestCaseMain.startTestSuite(TestCaseMain.java:176)
	at TempTestSuite1735805561810.run(TempTestSuite1735805561810.groovy:35)
	at java.base/jdk.internal.reflect.NativeMethodAccessorImpl.invoke0(Native Method)
	at java.base/jdk.internal.reflect.NativeMethodAccessorImpl.invoke(NativeMethodAccessorImpl.java:77)
	at java.base/jdk.internal.reflect.DelegatingMethodAccessorImpl.invoke(DelegatingMethodAccessorImpl.java:43)
Caused by: com.kms.katalon.core.webui.exception.WebElementNotFoundException: Web element with id: 'Object Repository/Master Data/Admin Sekolah/Filter Tagihan/CIMB' located by '//div[@data-testid='option-91' and .//p[@data-testid='paragraph' and text()='CIMB - 1223123123']]' not found
	at com.kms.katalon.core.webui.common.WebUiCommonHelper.findWebElement(WebUiCommonHelper.java:1426)
	at com.kms.katalon.core.webui.keyword.internal.WebUIAbstractKeyword.findWebElement(WebUIAbstractKeyword.groovy:27)
	at com.kms.katalon.core.webui.keyword.builtin.ClickKeyword$_click_closure1.doCall(ClickKeyword.groovy:66)
	at com.kms.katalon.core.webui.keyword.builtin.ClickKeyword$_click_closure1.call(ClickKeyword.groovy)
	at com.kms.katalon.core.webui.keyword.internal.WebUIKeywordMain.runKeyword(WebUIKeywordMain.groovy:35)
	at com.kms.katalon.core.webui.keyword.builtin.ClickKeyword.click(ClickKeyword.groovy:75)
	at com.kms.katalon.core.webui.keyword.builtin.ClickKeyword.execute(ClickKeyword.groovy:40)
	at com.kms.katalon.core.keyword.internal.KeywordExecutor.executeKeywordForPlatform(KeywordExecutor.groovy:74)
	at com.kms.katalon.core.webui.keyword.WebUiBuiltInKeywords.click(WebUiBuiltInKeywords.groovy:684)
	at Script1731485365054.run(Script1731485365054.groovy:62)
	at com.kms.katalon.core.main.ScriptEngine.run(ScriptEngine.java:194)
	at com.kms.katalon.core.main.ScriptEngine.runScriptAsRawText(ScriptEngine.java:119)
	at com.kms.katalon.core.main.TestCaseExecutor.runScript(TestCaseExecutor.java:448)
	at com.kms.katalon.core.main.TestCaseExecutor.doExecute(TestCaseExecutor.java:439)
	at com.kms.katalon.core.main.TestCaseExecutor.processExecutionPhase(TestCaseExecutor.java:418)
	at com.kms.katalon.core.main.TestCaseExecutor.accessMainPhase(TestCaseExecutor.java:410)
	at com.kms.katalon.core.main.TestCaseExecutor.execute(TestCaseExecutor.java:285)
	at com.kms.katalon.core.main.TestCaseMain.runTestCase(TestCaseMain.java:133)
	at com.kms.katalon.core.keyword.builtin.CallTestCaseKeyword$_callTestCase_closure1.doCall(CallTestCaseKeyword.groovy:59)
	at com.kms.katalon.core.keyword.builtin.CallTestCaseKeyword$_callTestCase_closure1.call(CallTestCaseKeyword.groovy)
	at com.kms.katalon.core.keyword.internal.KeywordMain.runKeyword(KeywordMain.groovy:75)
	at com.kms.katalon.core.keyword.builtin.CallTestCaseKeyword.callTestCase(CallTestCaseKeyword.groovy:81)
	at com.kms.katalon.core.keyword.builtin.CallTestCaseKeyword.execute(CallTestCaseKeyword.groovy:44)
	at com.kms.katalon.core.keyword.internal.KeywordExecutor.executeKeywordForPlatform(KeywordExecutor.groovy:74)
	at com.kms.katalon.core.keyword.BuiltinKeywords.callTestCase(BuiltinKeywords.groovy:310)
	at jdk.internal.reflect.GeneratedMethodAccessor48.invoke(Unknown Source)
	at java.base/jdk.internal.reflect.DelegatingMethodAccessorImpl.invoke(DelegatingMethodAccessorImpl.java:43)
	at Script1735746434271.run(Script1735746434271.groovy:22)
	... 15 more
)
	at com.kms.katalon.core.keyword.internal.KeywordMain.stepFailed(KeywordMain.groovy:39)
	at com.kms.katalon.core.webui.keyword.internal.WebUIKeywordMain.stepFailed(WebUIKeywordMain.groovy:117)
	at com.kms.katalon.core.webui.keyword.internal.WebUIKeywordMain.runKeyword(WebUIKeywordMain.groovy:43)
	at com.kms.katalon.core.webui.keyword.builtin.ClickKeyword.click(ClickKeyword.groovy:75)
	at com.kms.katalon.core.webui.keyword.builtin.ClickKeyword.execute(ClickKeyword.groovy:40)
	at com.kms.katalon.core.keyword.internal.KeywordExecutor.executeKeywordForPlatform(KeywordExecutor.groovy:74)
	at com.kms.katalon.core.webui.keyword.WebUiBuiltInKeywords.click(WebUiBuiltInKeywords.groovy:684)
	at Filter Tagihan.run(Filter Tagihan:62)
	at com.kms.katalon.core.main.ScriptEngine.run(ScriptEngine.java:194)
	at com.kms.katalon.core.main.ScriptEngine.runScriptAsRawText(ScriptEngine.java:119)
	at com.kms.katalon.core.main.TestCaseExecutor.runScript(TestCaseExecutor.java:448)
	at com.kms.katalon.core.main.TestCaseExecutor.doExecute(TestCaseExecutor.java:439)
	at com.kms.katalon.core.main.TestCaseExecutor.processExecutionPhase(TestCaseExecutor.java:418)
	at com.kms.katalon.core.main.TestCaseExecutor.accessMainPhase(TestCaseExecutor.java:410)
	at com.kms.katalon.core.main.TestCaseExecutor.execute(TestCaseExecutor.java:285)
	at com.kms.katalon.core.main.TestCaseMain.runTestCase(TestCaseMain.java:133)
	at com.kms.katalon.core.keyword.builtin.CallTestCaseKeyword$_callTestCase_closure1.doCall(CallTestCaseKeyword.groovy:59)
	... 24 more
Caused by: com.kms.katalon.core.exception.StepFailedException: Unable to click on object 'Object Repository/Master Data/Admin Sekolah/Filter Tagihan/CIMB'
	... 40 more
Caused by: com.kms.katalon.core.webui.exception.WebElementNotFoundException: Web element with id: 'Object Repository/Master Data/Admin Sekolah/Filter Tagihan/CIMB' located by '//div[@data-testid='option-91' and .//p[@data-testid='paragraph' and text()='CIMB - 1223123123']]' not found
	at com.kms.katalon.core.webui.common.WebUiCommonHelper.findWebElement(WebUiCommonHelper.java:1426)
	at com.kms.katalon.core.webui.keyword.internal.WebUIAbstractKeyword.findWebElement(WebUIAbstractKeyword.groovy:27)
	at com.kms.katalon.core.webui.keyword.builtin.ClickKeyword$_click_closure1.doCall(ClickKeyword.groovy:66)
	at com.kms.katalon.core.webui.keyword.builtin.ClickKeyword$_click_closure1.call(ClickKeyword.groovy)
	at com.kms.katalon.core.webui.keyword.internal.WebUIKeywordMain.runKeyword(WebUIKeywordMain.groovy:35)
	... 38 more
)

02-01-2025T15:24:39 - [TEST_STEP][PASSED] - callTestCase(findTestCase("Test Cases/Master Data/Admin Sekolah/Master Data Tagihan/Lihat Tagihan"), [:], CONTINUE_ON_FAILURE): Call Test Case 'Test Cases/Master Data/Admin Sekolah/Master Data Tagihan/Lihat Tagihan' successfully

02-01-2025T15:24:39 - [TEST_CASE][PASSED] - Test Cases/Master Data/Admin Sekolah/Master Data Tagihan/Lihat Tagihan: Test Cases/Master Data/Admin Sekolah/Master Data Tagihan/Lihat Tagihan

02-01-2025T15:24:39 - [TEST_STEP][PASSED] - openBrowser("", CONTINUE_ON_FAILURE): Browser is opened with url: ''

02-01-2025T15:24:39 - [MESSAGE][WARNING] - A browser is already opened. Closing browser and opening a new one

02-01-2025T15:24:40 - [MESSAGE][INFO] - Starting 'Chrome' driver

02-01-2025T15:24:40 - [MESSAGE][INFO] - Action delay is set to 0 milliseconds

02-01-2025T15:24:40 - [MESSAGE][PASSED] - Browser is opened with url: ''

02-01-2025T15:24:40 - [TEST_STEP][PASSED] - navigateToUrl("https://school-payment.digiform.co.id/login", CONTINUE_ON_FAILURE): Navigate to 'https://school-payment.digiform.co.id/login' successfully

02-01-2025T15:24:41 - [MESSAGE][PASSED] - Navigate to 'https://school-payment.digiform.co.id/login' successfully

02-01-2025T15:24:41 - [TEST_STEP][PASSED] - click(findTestObject("Master Data/Admin Sekolah/Login/Field Email"), CONTINUE_ON_FAILURE): Object: 'Object Repository/Master Data/Admin Sekolah/Login/Field Email' is clicked on

02-01-2025T15:24:42 - [MESSAGE][PASSED] - Object: 'Object Repository/Master Data/Admin Sekolah/Login/Field Email' is clicked on

02-01-2025T15:24:42 - [TEST_STEP][PASSED] - setText(findTestObject("Master Data/Admin Sekolah/Login/Field Email"), "admin.gudangsolusi@digiform.co.id", CONTINUE_ON_FAILURE): Text 'admin.gudangsolusi@digiform.co.id' is set on object 'Object Repository/Master Data/Admin Sekolah/Login/Field Email'

02-01-2025T15:24:43 - [MESSAGE][PASSED] - Text 'admin.gudangsolusi@digiform.co.id' is set on object 'Object Repository/Master Data/Admin Sekolah/Login/Field Email'

02-01-2025T15:24:43 - [TEST_STEP][PASSED] - click(findTestObject("Master Data/Admin Sekolah/Login/Input Password"), CONTINUE_ON_FAILURE): Object: 'Object Repository/Master Data/Admin Sekolah/Login/Input Password' is clicked on

02-01-2025T15:24:43 - [MESSAGE][PASSED] - Object: 'Object Repository/Master Data/Admin Sekolah/Login/Input Password' is clicked on

02-01-2025T15:24:43 - [TEST_STEP][PASSED] - setText(findTestObject("Master Data/Admin Sekolah/Login/Input Password"), "Test1234", CONTINUE_ON_FAILURE): Text 'Test1234' is set on object 'Object Repository/Master Data/Admin Sekolah/Login/Input Password'

02-01-2025T15:24:43 - [MESSAGE][PASSED] - Text 'Test1234' is set on object 'Object Repository/Master Data/Admin Sekolah/Login/Input Password'

02-01-2025T15:24:43 - [TEST_STEP][PASSED] - click(findTestObject("Master Data/Admin Sekolah/Login/Button Submit"), CONTINUE_ON_FAILURE): Object: 'Object Repository/Master Data/Admin Sekolah/Login/Button Submit' is clicked on

02-01-2025T15:24:44 - [MESSAGE][PASSED] - Object: 'Object Repository/Master Data/Admin Sekolah/Login/Button Submit' is clicked on

02-01-2025T15:24:44 - [TEST_STEP][PASSED] - click(findTestObject("Master Data/Admin Sekolah/Lihat Tagihan/Menu Master Data"), CONTINUE_ON_FAILURE): Object: 'Object Repository/Master Data/Admin Sekolah/Lihat Tagihan/Menu Master Data' is clicked on

02-01-2025T15:24:45 - [MESSAGE][PASSED] - Object: 'Object Repository/Master Data/Admin Sekolah/Lihat Tagihan/Menu Master Data' is clicked on

02-01-2025T15:24:45 - [TEST_STEP][PASSED] - click(findTestObject("Master Data/Admin Sekolah/Lihat Tagihan/Menu Tagihan"), CONTINUE_ON_FAILURE): Object: 'Object Repository/Master Data/Admin Sekolah/Lihat Tagihan/Menu Tagihan' is clicked on

02-01-2025T15:24:46 - [MESSAGE][PASSED] - Object: 'Object Repository/Master Data/Admin Sekolah/Lihat Tagihan/Menu Tagihan' is clicked on

02-01-2025T15:24:46 - [TEST_STEP][PASSED] - delay(1, CONTINUE_ON_FAILURE): Delayed 1 second(s)

02-01-2025T15:24:47 - [MESSAGE][PASSED] - Delayed 1 second(s)

02-01-2025T15:24:47 - [TEST_STEP][PASSED] - click(findTestObject("Master Data/Admin Sekolah/Lihat Tagihan/Button View"), CONTINUE_ON_FAILURE): Object: 'Object Repository/Master Data/Admin Sekolah/Lihat Tagihan/Button View' is clicked on

02-01-2025T15:24:47 - [MESSAGE][PASSED] - Object: 'Object Repository/Master Data/Admin Sekolah/Lihat Tagihan/Button View' is clicked on

02-01-2025T15:24:47 - [MESSAGE][PASSED] - Call Test Case 'Test Cases/Master Data/Admin Sekolah/Master Data Tagihan/Lihat Tagihan' successfully

02-01-2025T15:24:47 - [TEST_STEP][PASSED] - callTestCase(findTestCase("Test Cases/Master Data/Admin Sekolah/Master Data Tagihan/Tambah Tagihan"), [:], CONTINUE_ON_FAILURE): Call Test Case 'Test Cases/Master Data/Admin Sekolah/Master Data Tagihan/Tambah Tagihan' successfully

02-01-2025T15:24:47 - [TEST_CASE][PASSED] - Test Cases/Master Data/Admin Sekolah/Master Data Tagihan/Tambah Tagihan: Test Cases/Master Data/Admin Sekolah/Master Data Tagihan/Tambah Tagihan

02-01-2025T15:24:48 - [TEST_STEP][PASSED] - openBrowser("", CONTINUE_ON_FAILURE): Browser is opened with url: ''

02-01-2025T15:24:48 - [MESSAGE][WARNING] - A browser is already opened. Closing browser and opening a new one

02-01-2025T15:24:48 - [MESSAGE][INFO] - Starting 'Chrome' driver

02-01-2025T15:24:48 - [MESSAGE][INFO] - Action delay is set to 0 milliseconds

02-01-2025T15:24:49 - [MESSAGE][PASSED] - Browser is opened with url: ''

02-01-2025T15:24:49 - [TEST_STEP][PASSED] - navigateToUrl("https://school-payment.digiform.co.id/login", CONTINUE_ON_FAILURE): Navigate to 'https://school-payment.digiform.co.id/login' successfully

02-01-2025T15:24:49 - [MESSAGE][PASSED] - Navigate to 'https://school-payment.digiform.co.id/login' successfully

02-01-2025T15:24:49 - [TEST_STEP][PASSED] - setText(findTestObject("Master Data/Admin Sekolah/Login/Field Email"), "admin.gudangsolusi@digiform.co.id", CONTINUE_ON_FAILURE): Text 'admin.gudangsolusi@digiform.co.id' is set on object 'Object Repository/Master Data/Admin Sekolah/Login/Field Email'

02-01-2025T15:24:51 - [MESSAGE][PASSED] - Text 'admin.gudangsolusi@digiform.co.id' is set on object 'Object Repository/Master Data/Admin Sekolah/Login/Field Email'

02-01-2025T15:24:51 - [TEST_STEP][PASSED] - setText(findTestObject("Master Data/Admin Sekolah/Login/Input Password"), "Test1234", CONTINUE_ON_FAILURE): Text 'Test1234' is set on object 'Object Repository/Master Data/Admin Sekolah/Login/Input Password'

02-01-2025T15:24:51 - [MESSAGE][PASSED] - Text 'Test1234' is set on object 'Object Repository/Master Data/Admin Sekolah/Login/Input Password'

02-01-2025T15:24:51 - [TEST_STEP][PASSED] - click(findTestObject("Master Data/Admin Sekolah/Login/Button Submit"), CONTINUE_ON_FAILURE): Object: 'Object Repository/Master Data/Admin Sekolah/Login/Button Submit' is clicked on

02-01-2025T15:24:52 - [MESSAGE][PASSED] - Object: 'Object Repository/Master Data/Admin Sekolah/Login/Button Submit' is clicked on

02-01-2025T15:24:52 - [TEST_STEP][PASSED] - click(findTestObject("Master Data/Admin Sekolah/Tambah Tagihan/Menu Master Data"), CONTINUE_ON_FAILURE): Object: 'Object Repository/Master Data/Admin Sekolah/Tambah Tagihan/Menu Master Data' is clicked on

02-01-2025T15:24:53 - [MESSAGE][PASSED] - Object: 'Object Repository/Master Data/Admin Sekolah/Tambah Tagihan/Menu Master Data' is clicked on

02-01-2025T15:24:53 - [TEST_STEP][PASSED] - click(findTestObject("Master Data/Admin Sekolah/Tambah Tagihan/Menu Tagihan"), CONTINUE_ON_FAILURE): Object: 'Object Repository/Master Data/Admin Sekolah/Tambah Tagihan/Menu Tagihan' is clicked on

02-01-2025T15:24:54 - [MESSAGE][PASSED] - Object: 'Object Repository/Master Data/Admin Sekolah/Tambah Tagihan/Menu Tagihan' is clicked on

02-01-2025T15:24:54 - [TEST_STEP][PASSED] - click(findTestObject("Master Data/Admin Sekolah/Tambah Tagihan/Button Tambah"), CONTINUE_ON_FAILURE): Object: 'Object Repository/Master Data/Admin Sekolah/Tambah Tagihan/Button Tambah' is clicked on

02-01-2025T15:24:55 - [MESSAGE][PASSED] - Object: 'Object Repository/Master Data/Admin Sekolah/Tambah Tagihan/Button Tambah' is clicked on

02-01-2025T15:24:55 - [TEST_STEP][PASSED] - setText(findTestObject("Master Data/Admin Sekolah/Tambah Tagihan/Input Nama Tagihan"), "KATALONZ", CONTINUE_ON_FAILURE): Text 'KATALONZ' is set on object 'Object Repository/Master Data/Admin Sekolah/Tambah Tagihan/Input Nama Tagihan'

02-01-2025T15:24:56 - [MESSAGE][PASSED] - Text 'KATALONZ' is set on object 'Object Repository/Master Data/Admin Sekolah/Tambah Tagihan/Input Nama Tagihan'

02-01-2025T15:24:56 - [TEST_STEP][PASSED] - click(findTestObject("Master Data/Admin Sekolah/Tambah Tagihan/Select Tipe Tagihan"), CONTINUE_ON_FAILURE): Object: 'Object Repository/Master Data/Admin Sekolah/Tambah Tagihan/Select Tipe Tagihan' is clicked on

02-01-2025T15:24:56 - [MESSAGE][PASSED] - Object: 'Object Repository/Master Data/Admin Sekolah/Tambah Tagihan/Select Tipe Tagihan' is clicked on

02-01-2025T15:24:56 - [TEST_STEP][PASSED] - click(findTestObject("Master Data/Admin Sekolah/Tambah Tagihan/Tagihan Regular"), CONTINUE_ON_FAILURE): Object: 'Object Repository/Master Data/Admin Sekolah/Tambah Tagihan/Tagihan Regular' is clicked on

02-01-2025T15:24:57 - [MESSAGE][PASSED] - Object: 'Object Repository/Master Data/Admin Sekolah/Tambah Tagihan/Tagihan Regular' is clicked on

02-01-2025T15:24:57 - [TEST_STEP][PASSED] - click(findTestObject("Master Data/Admin Sekolah/Tambah Tagihan/Klik Tahun Ajaran")): Object: 'Object Repository/Master Data/Admin Sekolah/Tambah Tagihan/Klik Tahun Ajaran' is clicked on

02-01-2025T15:24:57 - [MESSAGE][PASSED] - Object: 'Object Repository/Master Data/Admin Sekolah/Tambah Tagihan/Klik Tahun Ajaran' is clicked on

02-01-2025T15:24:57 - [TEST_STEP][PASSED] - click(findTestObject("Master Data/Admin Sekolah/Tambah Tagihan/2023-2024")): Object: 'Object Repository/Master Data/Admin Sekolah/Tambah Tagihan/2023-2024' is clicked on

02-01-2025T15:24:58 - [MESSAGE][PASSED] - Object: 'Object Repository/Master Data/Admin Sekolah/Tambah Tagihan/2023-2024' is clicked on

02-01-2025T15:24:58 - [TEST_STEP][PASSED] - click(findTestObject("Master Data/Admin Sekolah/Tambah Tagihan/Select Kelas"), CONTINUE_ON_FAILURE): Object: 'Object Repository/Master Data/Admin Sekolah/Tambah Tagihan/Select Kelas' is clicked on

02-01-2025T15:24:58 - [MESSAGE][PASSED] - Object: 'Object Repository/Master Data/Admin Sekolah/Tambah Tagihan/Select Kelas' is clicked on

02-01-2025T15:24:58 - [TEST_STEP][PASSED] - click(findTestObject("Master Data/Admin Sekolah/Tambah Tagihan/Semua Kelas"), CONTINUE_ON_FAILURE): Object: 'Object Repository/Master Data/Admin Sekolah/Tambah Tagihan/Semua Kelas' is clicked on

02-01-2025T15:24:58 - [MESSAGE][PASSED] - Object: 'Object Repository/Master Data/Admin Sekolah/Tambah Tagihan/Semua Kelas' is clicked on

02-01-2025T15:24:58 - [TEST_STEP][PASSED] - click(findTestObject("Master Data/Admin Sekolah/Tambah Tagihan/Tutup Kelas")): Object: 'Object Repository/Master Data/Admin Sekolah/Tambah Tagihan/Tutup Kelas' is clicked on

02-01-2025T15:24:59 - [MESSAGE][PASSED] - Object: 'Object Repository/Master Data/Admin Sekolah/Tambah Tagihan/Tutup Kelas' is clicked on

02-01-2025T15:24:59 - [TEST_STEP][PASSED] - setText(findTestObject("Master Data/Admin Sekolah/Tambah Tagihan/Input Kode Tagihan"), "HKU", CONTINUE_ON_FAILURE): Text 'HKU' is set on object 'Object Repository/Master Data/Admin Sekolah/Tambah Tagihan/Input Kode Tagihan'

02-01-2025T15:24:59 - [MESSAGE][PASSED] - Text 'HKU' is set on object 'Object Repository/Master Data/Admin Sekolah/Tambah Tagihan/Input Kode Tagihan'

02-01-2025T15:24:59 - [TEST_STEP][PASSED] - setText(findTestObject("Master Data/Admin Sekolah/Tambah Tagihan/Input Jumlah Tagihan"), "750000", CONTINUE_ON_FAILURE): Text '750000' is set on object 'Object Repository/Master Data/Admin Sekolah/Tambah Tagihan/Input Jumlah Tagihan'

02-01-2025T15:25:00 - [MESSAGE][PASSED] - Text '750000' is set on object 'Object Repository/Master Data/Admin Sekolah/Tambah Tagihan/Input Jumlah Tagihan'

02-01-2025T15:25:00 - [TEST_STEP][PASSED] - click(findTestObject("Master Data/Admin Sekolah/Tambah Tagihan/Select Rekening Bank"), CONTINUE_ON_FAILURE): Object: 'Object Repository/Master Data/Admin Sekolah/Tambah Tagihan/Select Rekening Bank' is clicked on

02-01-2025T15:25:00 - [MESSAGE][PASSED] - Object: 'Object Repository/Master Data/Admin Sekolah/Tambah Tagihan/Select Rekening Bank' is clicked on

02-01-2025T15:25:00 - [TEST_STEP][PASSED] - click(findTestObject("Master Data/Admin Sekolah/Tambah Tagihan/CIMB"), CONTINUE_ON_FAILURE): Object: 'Object Repository/Master Data/Admin Sekolah/Tambah Tagihan/CIMB' is clicked on

02-01-2025T15:25:01 - [MESSAGE][PASSED] - Object: 'Object Repository/Master Data/Admin Sekolah/Tambah Tagihan/CIMB' is clicked on

02-01-2025T15:25:01 - [TEST_STEP][PASSED] - setText(findTestObject("Master Data/Admin Sekolah/Tambah Tagihan/Input Keterangan"), "Ini keterangan katalon", CONTINUE_ON_FAILURE): Text 'Ini keterangan katalon' is set on object 'Object Repository/Master Data/Admin Sekolah/Tambah Tagihan/Input Keterangan'

02-01-2025T15:25:01 - [MESSAGE][PASSED] - Text 'Ini keterangan katalon' is set on object 'Object Repository/Master Data/Admin Sekolah/Tambah Tagihan/Input Keterangan'

02-01-2025T15:25:01 - [TEST_STEP][PASSED] - click(findTestObject("Master Data/Admin Sekolah/Tambah Tagihan/Button Generate"), CONTINUE_ON_FAILURE): Object: 'Object Repository/Master Data/Admin Sekolah/Tambah Tagihan/Button Generate' is clicked on

02-01-2025T15:25:02 - [MESSAGE][PASSED] - Object: 'Object Repository/Master Data/Admin Sekolah/Tambah Tagihan/Button Generate' is clicked on

02-01-2025T15:25:02 - [TEST_STEP][PASSED] - click(findTestObject("Master Data/Admin Sekolah/Tambah Tagihan/Button Tambahkan"), CONTINUE_ON_FAILURE): Object: 'Object Repository/Master Data/Admin Sekolah/Tambah Tagihan/Button Tambahkan' is clicked on

02-01-2025T15:25:02 - [MESSAGE][PASSED] - Object: 'Object Repository/Master Data/Admin Sekolah/Tambah Tagihan/Button Tambahkan' is clicked on

02-01-2025T15:25:02 - [TEST_STEP][PASSED] - click(findTestObject("Master Data/Admin Sekolah/Tambah Tagihan/Button YA"), CONTINUE_ON_FAILURE): Object: 'Object Repository/Master Data/Admin Sekolah/Tambah Tagihan/Button YA' is clicked on

02-01-2025T15:25:03 - [MESSAGE][PASSED] - Object: 'Object Repository/Master Data/Admin Sekolah/Tambah Tagihan/Button YA' is clicked on

02-01-2025T15:25:03 - [TEST_STEP][PASSED] - delay(3, CONTINUE_ON_FAILURE): Delayed 3 second(s)

02-01-2025T15:25:06 - [MESSAGE][PASSED] - Delayed 3 second(s)

02-01-2025T15:25:06 - [TEST_STEP][PASSED] - verifyTextPresent("Billing code sudah di gunakan", false, CONTINUE_ON_FAILURE): Text 'Billing code sudah di gunakan' is present on page 

02-01-2025T15:25:06 - [MESSAGE][PASSED] - Text 'Billing code sudah di gunakan' is present on page 

02-01-2025T15:25:06 - [TEST_STEP][PASSED] - delay(2, CONTINUE_ON_FAILURE): Delayed 2 second(s)

02-01-2025T15:25:08 - [MESSAGE][PASSED] - Delayed 2 second(s)

02-01-2025T15:25:08 - [TEST_STEP][PASSED] - minDigits = 2: null

02-01-2025T15:25:08 - [TEST_STEP][PASSED] - maxDigits = 5: null

02-01-2025T15:25:08 - [TEST_STEP][PASSED] - randomLength = Math.random() * maxDigits - minDigits + 1 + minDigits: null

02-01-2025T15:25:08 - [TEST_STEP][PASSED] - randomNumber = String.format("%0" + randomLength + "d", Math.random() * Math.pow(10, randomLength)): null

02-01-2025T15:25:08 - [TEST_STEP][PASSED] - click(findTestObject("Master Data/Admin Sekolah/Tambah Tagihan/Input Kode Tagihan"), CONTINUE_ON_FAILURE): Object: 'Object Repository/Master Data/Admin Sekolah/Tambah Tagihan/Input Kode Tagihan' is clicked on

02-01-2025T15:25:09 - [MESSAGE][PASSED] - Object: 'Object Repository/Master Data/Admin Sekolah/Tambah Tagihan/Input Kode Tagihan' is clicked on

02-01-2025T15:25:09 - [TEST_STEP][PASSED] - sendKeys(findTestObject("Master Data/Admin Sekolah/Tambah Tagihan/Input Kode Tagihan"), Keys.chord(CONTROL, "a", BACK_SPACE), CONTINUE_ON_FAILURE): Keys 'CONTROL + BACK_SPACE + a' sent to object: 'Object Repository/Master Data/Admin Sekolah/Tambah Tagihan/Input Kode Tagihan'

02-01-2025T15:25:09 - [MESSAGE][PASSED] - Keys 'CONTROL + BACK_SPACE + a' sent to object: 'Object Repository/Master Data/Admin Sekolah/Tambah Tagihan/Input Kode Tagihan'

02-01-2025T15:25:09 - [TEST_STEP][PASSED] - click(findTestObject("Master Data/Admin Sekolah/Tambah Tagihan/Input Kode Tagihan"), CONTINUE_ON_FAILURE): Object: 'Object Repository/Master Data/Admin Sekolah/Tambah Tagihan/Input Kode Tagihan' is clicked on

02-01-2025T15:25:09 - [MESSAGE][PASSED] - Object: 'Object Repository/Master Data/Admin Sekolah/Tambah Tagihan/Input Kode Tagihan' is clicked on

02-01-2025T15:25:09 - [TEST_STEP][PASSED] - setText(findTestObject("Master Data/Admin Sekolah/Tambah Tagihan/Input Kode Tagihan"), randomNumber, CONTINUE_ON_FAILURE): Text '5417' is set on object 'Object Repository/Master Data/Admin Sekolah/Tambah Tagihan/Input Kode Tagihan'

02-01-2025T15:25:10 - [MESSAGE][PASSED] - Text '5417' is set on object 'Object Repository/Master Data/Admin Sekolah/Tambah Tagihan/Input Kode Tagihan'

02-01-2025T15:25:10 - [TEST_STEP][PASSED] - delay(1, CONTINUE_ON_FAILURE): Delayed 1 second(s)

02-01-2025T15:25:11 - [MESSAGE][PASSED] - Delayed 1 second(s)

02-01-2025T15:25:11 - [TEST_STEP][PASSED] - if (getAttribute(findTestObject("Master Data/Admin Sekolah/Tambah Tagihan/Input Kode Tagihan"), "value") == ""): Attribute 'value' of object 'Object Repository/Master Data/Admin Sekolah/Tambah Tagihan/Input Kode Tagihan' is: '5417'

02-01-2025T15:25:11 - [MESSAGE][PASSED] - Attribute 'value' of object 'Object Repository/Master Data/Admin Sekolah/Tambah Tagihan/Input Kode Tagihan' is: '5417'

02-01-2025T15:25:11 - [TEST_STEP][PASSED] - else: null

02-01-2025T15:25:11 - [TEST_STEP][PASSED] - println("Field tidak kosong setelah clearText dan JavaScript. Cek ulang penghapusan."): null

02-01-2025T15:25:11 - [TEST_STEP][PASSED] - click(findTestObject("Master Data/Admin Sekolah/Tambah Tagihan/Button Tambahkan"), CONTINUE_ON_FAILURE): Object: 'Object Repository/Master Data/Admin Sekolah/Tambah Tagihan/Button Tambahkan' is clicked on

02-01-2025T15:25:11 - [MESSAGE][PASSED] - Object: 'Object Repository/Master Data/Admin Sekolah/Tambah Tagihan/Button Tambahkan' is clicked on

02-01-2025T15:25:11 - [TEST_STEP][PASSED] - click(findTestObject("Master Data/Admin Sekolah/Tambah Tagihan/Button YA"), CONTINUE_ON_FAILURE): Object: 'Object Repository/Master Data/Admin Sekolah/Tambah Tagihan/Button YA' is clicked on

02-01-2025T15:25:12 - [MESSAGE][PASSED] - Object: 'Object Repository/Master Data/Admin Sekolah/Tambah Tagihan/Button YA' is clicked on

02-01-2025T15:25:12 - [MESSAGE][PASSED] - Call Test Case 'Test Cases/Master Data/Admin Sekolah/Master Data Tagihan/Tambah Tagihan' successfully

02-01-2025T15:25:12 - [TEST_STEP][PASSED] - println("============================= Loop Again ==============================="): null

02-01-2025T15:25:12 - [TEST_STEP][FAILED] - callTestCase(findTestCase("Test Cases/Master Data/Admin Sekolah/Master Data Tagihan/Filter Tagihan"), [:], CONTINUE_ON_FAILURE): Unable to call Test Case 'Test Cases/Master Data/Admin Sekolah/Master Data Tagihan/Filter Tagihan' (Root cause: com.kms.katalon.core.exception.StepFailedException: Call Test Case 'Test Cases/Master Data/Admin Sekolah/Master Data Tagihan/Filter Tagihan' failed
	at com.kms.katalon.core.keyword.builtin.CallTestCaseKeyword$_callTestCase_closure1.doCall(CallTestCaseKeyword.groovy:63)
	at com.kms.katalon.core.keyword.builtin.CallTestCaseKeyword$_callTestCase_closure1.call(CallTestCaseKeyword.groovy)
	at com.kms.katalon.core.keyword.internal.KeywordMain.runKeyword(KeywordMain.groovy:75)
	at com.kms.katalon.core.keyword.builtin.CallTestCaseKeyword.callTestCase(CallTestCaseKeyword.groovy:81)
	at com.kms.katalon.core.keyword.builtin.CallTestCaseKeyword.execute(CallTestCaseKeyword.groovy:44)
	at com.kms.katalon.core.keyword.internal.KeywordExecutor.executeKeywordForPlatform(KeywordExecutor.groovy:74)
	at com.kms.katalon.core.keyword.BuiltinKeywords.callTestCase(BuiltinKeywords.groovy:310)
	at jdk.internal.reflect.GeneratedMethodAccessor48.invoke(Unknown Source)
	at java.base/jdk.internal.reflect.DelegatingMethodAccessorImpl.invoke(DelegatingMethodAccessorImpl.java:43)
	at Regresi Tagihan.run(Regresi Tagihan:22)
	at com.kms.katalon.core.main.ScriptEngine.run(ScriptEngine.java:194)
	at com.kms.katalon.core.main.ScriptEngine.runScriptAsRawText(ScriptEngine.java:119)
	at com.kms.katalon.core.main.TestCaseExecutor.runScript(TestCaseExecutor.java:448)
	at com.kms.katalon.core.main.TestCaseExecutor.doExecute(TestCaseExecutor.java:439)
	at com.kms.katalon.core.main.TestCaseExecutor.processExecutionPhase(TestCaseExecutor.java:418)
	at com.kms.katalon.core.main.TestCaseExecutor.accessMainPhase(TestCaseExecutor.java:410)
	at com.kms.katalon.core.main.TestCaseExecutor.execute(TestCaseExecutor.java:285)
	at com.kms.katalon.core.common.CommonExecutor.accessTestCaseMainPhase(CommonExecutor.java:65)
	at com.kms.katalon.core.main.TestSuiteExecutor.accessTestSuiteMainPhase(TestSuiteExecutor.java:161)
	at com.kms.katalon.core.main.TestSuiteExecutor.execute(TestSuiteExecutor.java:107)
	at com.kms.katalon.core.main.TestCaseMain.startTestSuite(TestCaseMain.java:176)
	at TempTestSuite1735805561810.run(TempTestSuite1735805561810.groovy:35)
	at java.base/jdk.internal.reflect.NativeMethodAccessorImpl.invoke0(Native Method)
	at java.base/jdk.internal.reflect.NativeMethodAccessorImpl.invoke(NativeMethodAccessorImpl.java:77)
	at java.base/jdk.internal.reflect.DelegatingMethodAccessorImpl.invoke(DelegatingMethodAccessorImpl.java:43)
Caused by: com.kms.katalon.core.exception.StepFailedException: Unable to click on object 'Object Repository/Master Data/Admin Sekolah/Filter Tagihan/CIMB' (Root cause: com.kms.katalon.core.exception.StepFailedException: Unable to click on object 'Object Repository/Master Data/Admin Sekolah/Filter Tagihan/CIMB'
	at com.kms.katalon.core.webui.keyword.internal.WebUIKeywordMain.stepFailed(WebUIKeywordMain.groovy:117)
	at com.kms.katalon.core.webui.keyword.internal.WebUIKeywordMain.runKeyword(WebUIKeywordMain.groovy:43)
	at com.kms.katalon.core.webui.keyword.builtin.ClickKeyword.click(ClickKeyword.groovy:75)
	at com.kms.katalon.core.webui.keyword.builtin.ClickKeyword.execute(ClickKeyword.groovy:40)
	at com.kms.katalon.core.keyword.internal.KeywordExecutor.executeKeywordForPlatform(KeywordExecutor.groovy:74)
	at com.kms.katalon.core.webui.keyword.WebUiBuiltInKeywords.click(WebUiBuiltInKeywords.groovy:684)
	at Filter Tagihan.run(Filter Tagihan:62)
	at com.kms.katalon.core.main.ScriptEngine.run(ScriptEngine.java:194)
	at com.kms.katalon.core.main.ScriptEngine.runScriptAsRawText(ScriptEngine.java:119)
	at com.kms.katalon.core.main.TestCaseExecutor.runScript(TestCaseExecutor.java:448)
	at com.kms.katalon.core.main.TestCaseExecutor.doExecute(TestCaseExecutor.java:439)
	at com.kms.katalon.core.main.TestCaseExecutor.processExecutionPhase(TestCaseExecutor.java:418)
	at com.kms.katalon.core.main.TestCaseExecutor.accessMainPhase(TestCaseExecutor.java:410)
	at com.kms.katalon.core.main.TestCaseExecutor.execute(TestCaseExecutor.java:285)
	at com.kms.katalon.core.main.TestCaseMain.runTestCase(TestCaseMain.java:133)
	at com.kms.katalon.core.keyword.builtin.CallTestCaseKeyword$_callTestCase_closure1.doCall(CallTestCaseKeyword.groovy:59)
	at com.kms.katalon.core.keyword.builtin.CallTestCaseKeyword$_callTestCase_closure1.call(CallTestCaseKeyword.groovy)
	at com.kms.katalon.core.keyword.internal.KeywordMain.runKeyword(KeywordMain.groovy:75)
	at com.kms.katalon.core.keyword.builtin.CallTestCaseKeyword.callTestCase(CallTestCaseKeyword.groovy:81)
	at com.kms.katalon.core.keyword.builtin.CallTestCaseKeyword.execute(CallTestCaseKeyword.groovy:44)
	at com.kms.katalon.core.keyword.internal.KeywordExecutor.executeKeywordForPlatform(KeywordExecutor.groovy:74)
	at com.kms.katalon.core.keyword.BuiltinKeywords.callTestCase(BuiltinKeywords.groovy:310)
	at jdk.internal.reflect.GeneratedMethodAccessor48.invoke(Unknown Source)
	at java.base/jdk.internal.reflect.DelegatingMethodAccessorImpl.invoke(DelegatingMethodAccessorImpl.java:43)
	at Regresi Tagihan.run(Regresi Tagihan:22)
	at com.kms.katalon.core.main.ScriptEngine.run(ScriptEngine.java:194)
	at com.kms.katalon.core.main.ScriptEngine.runScriptAsRawText(ScriptEngine.java:119)
	at com.kms.katalon.core.main.TestCaseExecutor.runScript(TestCaseExecutor.java:448)
	at com.kms.katalon.core.main.TestCaseExecutor.doExecute(TestCaseExecutor.java:439)
	at com.kms.katalon.core.main.TestCaseExecutor.processExecutionPhase(TestCaseExecutor.java:418)
	at com.kms.katalon.core.main.TestCaseExecutor.accessMainPhase(TestCaseExecutor.java:410)
	at com.kms.katalon.core.main.TestCaseExecutor.execute(TestCaseExecutor.java:285)
	at com.kms.katalon.core.common.CommonExecutor.accessTestCaseMainPhase(CommonExecutor.java:65)
	at com.kms.katalon.core.main.TestSuiteExecutor.accessTestSuiteMainPhase(TestSuiteExecutor.java:161)
	at com.kms.katalon.core.main.TestSuiteExecutor.execute(TestSuiteExecutor.java:107)
	at com.kms.katalon.core.main.TestCaseMain.startTestSuite(TestCaseMain.java:176)
	at TempTestSuite1735805561810.run(TempTestSuite1735805561810.groovy:35)
	at java.base/jdk.internal.reflect.NativeMethodAccessorImpl.invoke0(Native Method)
	at java.base/jdk.internal.reflect.NativeMethodAccessorImpl.invoke(NativeMethodAccessorImpl.java:77)
	at java.base/jdk.internal.reflect.DelegatingMethodAccessorImpl.invoke(DelegatingMethodAccessorImpl.java:43)
Caused by: com.kms.katalon.core.webui.exception.WebElementNotFoundException: Web element with id: 'Object Repository/Master Data/Admin Sekolah/Filter Tagihan/CIMB' located by '//div[@data-testid='option-91' and .//p[@data-testid='paragraph' and text()='CIMB - 1223123123']]' not found
	at com.kms.katalon.core.webui.common.WebUiCommonHelper.findWebElement(WebUiCommonHelper.java:1426)
	at com.kms.katalon.core.webui.keyword.internal.WebUIAbstractKeyword.findWebElement(WebUIAbstractKeyword.groovy:27)
	at com.kms.katalon.core.webui.keyword.builtin.ClickKeyword$_click_closure1.doCall(ClickKeyword.groovy:66)
	at com.kms.katalon.core.webui.keyword.builtin.ClickKeyword$_click_closure1.call(ClickKeyword.groovy)
	at com.kms.katalon.core.webui.keyword.internal.WebUIKeywordMain.runKeyword(WebUIKeywordMain.groovy:35)
	at com.kms.katalon.core.webui.keyword.builtin.ClickKeyword.click(ClickKeyword.groovy:75)
	at com.kms.katalon.core.webui.keyword.builtin.ClickKeyword.execute(ClickKeyword.groovy:40)
	at com.kms.katalon.core.keyword.internal.KeywordExecutor.executeKeywordForPlatform(KeywordExecutor.groovy:74)
	at com.kms.katalon.core.webui.keyword.WebUiBuiltInKeywords.click(WebUiBuiltInKeywords.groovy:684)
	at Script1731485365054.run(Script1731485365054.groovy:62)
	at com.kms.katalon.core.main.ScriptEngine.run(ScriptEngine.java:194)
	at com.kms.katalon.core.main.ScriptEngine.runScriptAsRawText(ScriptEngine.java:119)
	at com.kms.katalon.core.main.TestCaseExecutor.runScript(TestCaseExecutor.java:448)
	at com.kms.katalon.core.main.TestCaseExecutor.doExecute(TestCaseExecutor.java:439)
	at com.kms.katalon.core.main.TestCaseExecutor.processExecutionPhase(TestCaseExecutor.java:418)
	at com.kms.katalon.core.main.TestCaseExecutor.accessMainPhase(TestCaseExecutor.java:410)
	at com.kms.katalon.core.main.TestCaseExecutor.execute(TestCaseExecutor.java:285)
	at com.kms.katalon.core.main.TestCaseMain.runTestCase(TestCaseMain.java:133)
	at com.kms.katalon.core.keyword.builtin.CallTestCaseKeyword$_callTestCase_closure1.doCall(CallTestCaseKeyword.groovy:59)
	at com.kms.katalon.core.keyword.builtin.CallTestCaseKeyword$_callTestCase_closure1.call(CallTestCaseKeyword.groovy)
	at com.kms.katalon.core.keyword.internal.KeywordMain.runKeyword(KeywordMain.groovy:75)
	at com.kms.katalon.core.keyword.builtin.CallTestCaseKeyword.callTestCase(CallTestCaseKeyword.groovy:81)
	at com.kms.katalon.core.keyword.builtin.CallTestCaseKeyword.execute(CallTestCaseKeyword.groovy:44)
	at com.kms.katalon.core.keyword.internal.KeywordExecutor.executeKeywordForPlatform(KeywordExecutor.groovy:74)
	at com.kms.katalon.core.keyword.BuiltinKeywords.callTestCase(BuiltinKeywords.groovy:310)
	at jdk.internal.reflect.GeneratedMethodAccessor48.invoke(Unknown Source)
	at java.base/jdk.internal.reflect.DelegatingMethodAccessorImpl.invoke(DelegatingMethodAccessorImpl.java:43)
	at Script1735746434271.run(Script1735746434271.groovy:22)
	... 15 more
)
	at com.kms.katalon.core.keyword.internal.KeywordMain.stepFailed(KeywordMain.groovy:39)
	at com.kms.katalon.core.webui.keyword.internal.WebUIKeywordMain.stepFailed(WebUIKeywordMain.groovy:117)
	at com.kms.katalon.core.webui.keyword.internal.WebUIKeywordMain.runKeyword(WebUIKeywordMain.groovy:43)
	at com.kms.katalon.core.webui.keyword.builtin.ClickKeyword.click(ClickKeyword.groovy:75)
	at com.kms.katalon.core.webui.keyword.builtin.ClickKeyword.execute(ClickKeyword.groovy:40)
	at com.kms.katalon.core.keyword.internal.KeywordExecutor.executeKeywordForPlatform(KeywordExecutor.groovy:74)
	at com.kms.katalon.core.webui.keyword.WebUiBuiltInKeywords.click(WebUiBuiltInKeywords.groovy:684)
	at Filter Tagihan.run(Filter Tagihan:62)
	at com.kms.katalon.core.main.ScriptEngine.run(ScriptEngine.java:194)
	at com.kms.katalon.core.main.ScriptEngine.runScriptAsRawText(ScriptEngine.java:119)
	at com.kms.katalon.core.main.TestCaseExecutor.runScript(TestCaseExecutor.java:448)
	at com.kms.katalon.core.main.TestCaseExecutor.doExecute(TestCaseExecutor.java:439)
	at com.kms.katalon.core.main.TestCaseExecutor.processExecutionPhase(TestCaseExecutor.java:418)
	at com.kms.katalon.core.main.TestCaseExecutor.accessMainPhase(TestCaseExecutor.java:410)
	at com.kms.katalon.core.main.TestCaseExecutor.execute(TestCaseExecutor.java:285)
	at com.kms.katalon.core.main.TestCaseMain.runTestCase(TestCaseMain.java:133)
	at com.kms.katalon.core.keyword.builtin.CallTestCaseKeyword$_callTestCase_closure1.doCall(CallTestCaseKeyword.groovy:59)
	... 24 more
Caused by: com.kms.katalon.core.exception.StepFailedException: Unable to click on object 'Object Repository/Master Data/Admin Sekolah/Filter Tagihan/CIMB'
	... 40 more
Caused by: com.kms.katalon.core.webui.exception.WebElementNotFoundException: Web element with id: 'Object Repository/Master Data/Admin Sekolah/Filter Tagihan/CIMB' located by '//div[@data-testid='option-91' and .//p[@data-testid='paragraph' and text()='CIMB - 1223123123']]' not found
	at com.kms.katalon.core.webui.common.WebUiCommonHelper.findWebElement(WebUiCommonHelper.java:1426)
	at com.kms.katalon.core.webui.keyword.internal.WebUIAbstractKeyword.findWebElement(WebUIAbstractKeyword.groovy:27)
	at com.kms.katalon.core.webui.keyword.builtin.ClickKeyword$_click_closure1.doCall(ClickKeyword.groovy:66)
	at com.kms.katalon.core.webui.keyword.builtin.ClickKeyword$_click_closure1.call(ClickKeyword.groovy)
	at com.kms.katalon.core.webui.keyword.internal.WebUIKeywordMain.runKeyword(WebUIKeywordMain.groovy:35)
	... 38 more
)

02-01-2025T15:25:12 - [TEST_CASE][FAILED] - Test Cases/Master Data/Admin Sekolah/Master Data Tagihan/Filter Tagihan: Test Cases/Master Data/Admin Sekolah/Master Data Tagihan/Filter Tagihan FAILED.
Reason:
com.kms.katalon.core.exception.StepFailedException: Unable to click on object 'Object Repository/Master Data/Admin Sekolah/Filter Tagihan/CIMB' (Root cause: com.kms.katalon.core.exception.StepFailedException: Unable to click on object 'Object Repository/Master Data/Admin Sekolah/Filter Tagihan/CIMB'
	at com.kms.katalon.core.webui.keyword.internal.WebUIKeywordMain.stepFailed(WebUIKeywordMain.groovy:117)
	at com.kms.katalon.core.webui.keyword.internal.WebUIKeywordMain.runKeyword(WebUIKeywordMain.groovy:43)
	at com.kms.katalon.core.webui.keyword.builtin.ClickKeyword.click(ClickKeyword.groovy:75)
	at com.kms.katalon.core.webui.keyword.builtin.ClickKeyword.execute(ClickKeyword.groovy:40)
	at com.kms.katalon.core.keyword.internal.KeywordExecutor.executeKeywordForPlatform(KeywordExecutor.groovy:74)
	at com.kms.katalon.core.webui.keyword.WebUiBuiltInKeywords.click(WebUiBuiltInKeywords.groovy:684)
	at Filter Tagihan.run(Filter Tagihan:62)
	at com.kms.katalon.core.main.ScriptEngine.run(ScriptEngine.java:194)
	at com.kms.katalon.core.main.ScriptEngine.runScriptAsRawText(ScriptEngine.java:119)
	at com.kms.katalon.core.main.TestCaseExecutor.runScript(TestCaseExecutor.java:448)
	at com.kms.katalon.core.main.TestCaseExecutor.doExecute(TestCaseExecutor.java:439)
	at com.kms.katalon.core.main.TestCaseExecutor.processExecutionPhase(TestCaseExecutor.java:418)
	at com.kms.katalon.core.main.TestCaseExecutor.accessMainPhase(TestCaseExecutor.java:410)
	at com.kms.katalon.core.main.TestCaseExecutor.execute(TestCaseExecutor.java:285)
	at com.kms.katalon.core.main.TestCaseMain.runTestCase(TestCaseMain.java:133)
	at com.kms.katalon.core.keyword.builtin.CallTestCaseKeyword$_callTestCase_closure1.doCall(CallTestCaseKeyword.groovy:59)
	at com.kms.katalon.core.keyword.builtin.CallTestCaseKeyword$_callTestCase_closure1.call(CallTestCaseKeyword.groovy)
	at com.kms.katalon.core.keyword.internal.KeywordMain.runKeyword(KeywordMain.groovy:75)
	at com.kms.katalon.core.keyword.builtin.CallTestCaseKeyword.callTestCase(CallTestCaseKeyword.groovy:81)
	at com.kms.katalon.core.keyword.builtin.CallTestCaseKeyword.execute(CallTestCaseKeyword.groovy:44)
	at com.kms.katalon.core.keyword.internal.KeywordExecutor.executeKeywordForPlatform(KeywordExecutor.groovy:74)
	at com.kms.katalon.core.keyword.BuiltinKeywords.callTestCase(BuiltinKeywords.groovy:310)
	at jdk.internal.reflect.GeneratedMethodAccessor48.invoke(Unknown Source)
	at java.base/jdk.internal.reflect.DelegatingMethodAccessorImpl.invoke(DelegatingMethodAccessorImpl.java:43)
	at Regresi Tagihan.run(Regresi Tagihan:22)
	at com.kms.katalon.core.main.ScriptEngine.run(ScriptEngine.java:194)
	at com.kms.katalon.core.main.ScriptEngine.runScriptAsRawText(ScriptEngine.java:119)
	at com.kms.katalon.core.main.TestCaseExecutor.runScript(TestCaseExecutor.java:448)
	at com.kms.katalon.core.main.TestCaseExecutor.doExecute(TestCaseExecutor.java:439)
	at com.kms.katalon.core.main.TestCaseExecutor.processExecutionPhase(TestCaseExecutor.java:418)
	at com.kms.katalon.core.main.TestCaseExecutor.accessMainPhase(TestCaseExecutor.java:410)
	at com.kms.katalon.core.main.TestCaseExecutor.execute(TestCaseExecutor.java:285)
	at com.kms.katalon.core.common.CommonExecutor.accessTestCaseMainPhase(CommonExecutor.java:65)
	at com.kms.katalon.core.main.TestSuiteExecutor.accessTestSuiteMainPhase(TestSuiteExecutor.java:161)
	at com.kms.katalon.core.main.TestSuiteExecutor.execute(TestSuiteExecutor.java:107)
	at com.kms.katalon.core.main.TestCaseMain.startTestSuite(TestCaseMain.java:176)
	at TempTestSuite1735805561810.run(TempTestSuite1735805561810.groovy:35)
	at java.base/jdk.internal.reflect.NativeMethodAccessorImpl.invoke0(Native Method)
	at java.base/jdk.internal.reflect.NativeMethodAccessorImpl.invoke(NativeMethodAccessorImpl.java:77)
	at java.base/jdk.internal.reflect.DelegatingMethodAccessorImpl.invoke(DelegatingMethodAccessorImpl.java:43)
Caused by: com.kms.katalon.core.webui.exception.WebElementNotFoundException: Web element with id: 'Object Repository/Master Data/Admin Sekolah/Filter Tagihan/CIMB' located by '//div[@data-testid='option-91' and .//p[@data-testid='paragraph' and text()='CIMB - 1223123123']]' not found
	at com.kms.katalon.core.webui.common.WebUiCommonHelper.findWebElement(WebUiCommonHelper.java:1426)
	at com.kms.katalon.core.webui.keyword.internal.WebUIAbstractKeyword.findWebElement(WebUIAbstractKeyword.groovy:27)
	at com.kms.katalon.core.webui.keyword.builtin.ClickKeyword$_click_closure1.doCall(ClickKeyword.groovy:66)
	at com.kms.katalon.core.webui.keyword.builtin.ClickKeyword$_click_closure1.call(ClickKeyword.groovy)
	at com.kms.katalon.core.webui.keyword.internal.WebUIKeywordMain.runKeyword(WebUIKeywordMain.groovy:35)
	at com.kms.katalon.core.webui.keyword.builtin.ClickKeyword.click(ClickKeyword.groovy:75)
	at com.kms.katalon.core.webui.keyword.builtin.ClickKeyword.execute(ClickKeyword.groovy:40)
	at com.kms.katalon.core.keyword.internal.KeywordExecutor.executeKeywordForPlatform(KeywordExecutor.groovy:74)
	at com.kms.katalon.core.webui.keyword.WebUiBuiltInKeywords.click(WebUiBuiltInKeywords.groovy:684)
	at Script1731485365054.run(Script1731485365054.groovy:62)
	at com.kms.katalon.core.main.ScriptEngine.run(ScriptEngine.java:194)
	at com.kms.katalon.core.main.ScriptEngine.runScriptAsRawText(ScriptEngine.java:119)
	at com.kms.katalon.core.main.TestCaseExecutor.runScript(TestCaseExecutor.java:448)
	at com.kms.katalon.core.main.TestCaseExecutor.doExecute(TestCaseExecutor.java:439)
	at com.kms.katalon.core.main.TestCaseExecutor.processExecutionPhase(TestCaseExecutor.java:418)
	at com.kms.katalon.core.main.TestCaseExecutor.accessMainPhase(TestCaseExecutor.java:410)
	at com.kms.katalon.core.main.TestCaseExecutor.execute(TestCaseExecutor.java:285)
	at com.kms.katalon.core.main.TestCaseMain.runTestCase(TestCaseMain.java:133)
	at com.kms.katalon.core.keyword.builtin.CallTestCaseKeyword$_callTestCase_closure1.doCall(CallTestCaseKeyword.groovy:59)
	at com.kms.katalon.core.keyword.builtin.CallTestCaseKeyword$_callTestCase_closure1.call(CallTestCaseKeyword.groovy)
	at com.kms.katalon.core.keyword.internal.KeywordMain.runKeyword(KeywordMain.groovy:75)
	at com.kms.katalon.core.keyword.builtin.CallTestCaseKeyword.callTestCase(CallTestCaseKeyword.groovy:81)
	at com.kms.katalon.core.keyword.builtin.CallTestCaseKeyword.execute(CallTestCaseKeyword.groovy:44)
	at com.kms.katalon.core.keyword.internal.KeywordExecutor.executeKeywordForPlatform(KeywordExecutor.groovy:74)
	at com.kms.katalon.core.keyword.BuiltinKeywords.callTestCase(BuiltinKeywords.groovy:310)
	at jdk.internal.reflect.GeneratedMethodAccessor48.invoke(Unknown Source)
	at java.base/jdk.internal.reflect.DelegatingMethodAccessorImpl.invoke(DelegatingMethodAccessorImpl.java:43)
	at Script1735746434271.run(Script1735746434271.groovy:22)
	... 15 more
)
	at com.kms.katalon.core.keyword.internal.KeywordMain.stepFailed(KeywordMain.groovy:39)
	at com.kms.katalon.core.webui.keyword.internal.WebUIKeywordMain.stepFailed(WebUIKeywordMain.groovy:117)
	at com.kms.katalon.core.webui.keyword.internal.WebUIKeywordMain.runKeyword(WebUIKeywordMain.groovy:43)
	at com.kms.katalon.core.webui.keyword.builtin.ClickKeyword.click(ClickKeyword.groovy:75)
	at com.kms.katalon.core.webui.keyword.builtin.ClickKeyword.execute(ClickKeyword.groovy:40)
	at com.kms.katalon.core.keyword.internal.KeywordExecutor.executeKeywordForPlatform(KeywordExecutor.groovy:74)
	at com.kms.katalon.core.webui.keyword.WebUiBuiltInKeywords.click(WebUiBuiltInKeywords.groovy:684)
	at Filter Tagihan.run(Filter Tagihan:62)
	at com.kms.katalon.core.main.ScriptEngine.run(ScriptEngine.java:194)
	at com.kms.katalon.core.main.ScriptEngine.runScriptAsRawText(ScriptEngine.java:119)
	at com.kms.katalon.core.main.TestCaseExecutor.runScript(TestCaseExecutor.java:448)
	at com.kms.katalon.core.main.TestCaseExecutor.doExecute(TestCaseExecutor.java:439)
	at com.kms.katalon.core.main.TestCaseExecutor.processExecutionPhase(TestCaseExecutor.java:418)
	at com.kms.katalon.core.main.TestCaseExecutor.accessMainPhase(TestCaseExecutor.java:410)
	at com.kms.katalon.core.main.TestCaseExecutor.execute(TestCaseExecutor.java:285)
	at com.kms.katalon.core.main.TestCaseMain.runTestCase(TestCaseMain.java:133)
	at com.kms.katalon.core.keyword.builtin.CallTestCaseKeyword$_callTestCase_closure1.doCall(CallTestCaseKeyword.groovy:59)
	at com.kms.katalon.core.keyword.builtin.CallTestCaseKeyword$_callTestCase_closure1.call(CallTestCaseKeyword.groovy)
	at com.kms.katalon.core.keyword.internal.KeywordMain.runKeyword(KeywordMain.groovy:75)
	at com.kms.katalon.core.keyword.builtin.CallTestCaseKeyword.callTestCase(CallTestCaseKeyword.groovy:81)
	at com.kms.katalon.core.keyword.builtin.CallTestCaseKeyword.execute(CallTestCaseKeyword.groovy:44)
	at com.kms.katalon.core.keyword.internal.KeywordExecutor.executeKeywordForPlatform(KeywordExecutor.groovy:74)
	at com.kms.katalon.core.keyword.BuiltinKeywords.callTestCase(BuiltinKeywords.groovy:310)
	at jdk.internal.reflect.GeneratedMethodAccessor48.invoke(Unknown Source)
	at java.base/jdk.internal.reflect.DelegatingMethodAccessorImpl.invoke(DelegatingMethodAccessorImpl.java:43)
	at Regresi Tagihan.run(Regresi Tagihan:22)
	at com.kms.katalon.core.main.ScriptEngine.run(ScriptEngine.java:194)
	at com.kms.katalon.core.main.ScriptEngine.runScriptAsRawText(ScriptEngine.java:119)
	at com.kms.katalon.core.main.TestCaseExecutor.runScript(TestCaseExecutor.java:448)
	at com.kms.katalon.core.main.TestCaseExecutor.doExecute(TestCaseExecutor.java:439)
	at com.kms.katalon.core.main.TestCaseExecutor.processExecutionPhase(TestCaseExecutor.java:418)
	at com.kms.katalon.core.main.TestCaseExecutor.accessMainPhase(TestCaseExecutor.java:410)
	at com.kms.katalon.core.main.TestCaseExecutor.execute(TestCaseExecutor.java:285)
	at com.kms.katalon.core.common.CommonExecutor.accessTestCaseMainPhase(CommonExecutor.java:65)
	at com.kms.katalon.core.main.TestSuiteExecutor.accessTestSuiteMainPhase(TestSuiteExecutor.java:161)
	at com.kms.katalon.core.main.TestSuiteExecutor.execute(TestSuiteExecutor.java:107)
	at com.kms.katalon.core.main.TestCaseMain.startTestSuite(TestCaseMain.java:176)
	at TempTestSuite1735805561810.run(TempTestSuite1735805561810.groovy:35)
	at java.base/jdk.internal.reflect.NativeMethodAccessorImpl.invoke0(Native Method)
	at java.base/jdk.internal.reflect.NativeMethodAccessorImpl.invoke(NativeMethodAccessorImpl.java:77)
	at java.base/jdk.internal.reflect.DelegatingMethodAccessorImpl.invoke(DelegatingMethodAccessorImpl.java:43)
Caused by: com.kms.katalon.core.exception.StepFailedException: Unable to click on object 'Object Repository/Master Data/Admin Sekolah/Filter Tagihan/CIMB'
	... 40 more
Caused by: com.kms.katalon.core.webui.exception.WebElementNotFoundException: Web element with id: 'Object Repository/Master Data/Admin Sekolah/Filter Tagihan/CIMB' located by '//div[@data-testid='option-91' and .//p[@data-testid='paragraph' and text()='CIMB - 1223123123']]' not found
	at com.kms.katalon.core.webui.common.WebUiCommonHelper.findWebElement(WebUiCommonHelper.java:1426)
	at com.kms.katalon.core.webui.keyword.internal.WebUIAbstractKeyword.findWebElement(WebUIAbstractKeyword.groovy:27)
	at com.kms.katalon.core.webui.keyword.builtin.ClickKeyword$_click_closure1.doCall(ClickKeyword.groovy:66)
	at com.kms.katalon.core.webui.keyword.builtin.ClickKeyword$_click_closure1.call(ClickKeyword.groovy)
	at com.kms.katalon.core.webui.keyword.internal.WebUIKeywordMain.runKeyword(WebUIKeywordMain.groovy:35)
	... 38 more


02-01-2025T15:25:12 - [TEST_STEP][PASSED] - openBrowser("", CONTINUE_ON_FAILURE): Browser is opened with url: ''

02-01-2025T15:25:12 - [MESSAGE][WARNING] - A browser is already opened. Closing browser and opening a new one

02-01-2025T15:25:12 - [MESSAGE][INFO] - Starting 'Chrome' driver

02-01-2025T15:25:12 - [MESSAGE][INFO] - Action delay is set to 0 milliseconds

02-01-2025T15:25:13 - [MESSAGE][PASSED] - Browser is opened with url: ''

02-01-2025T15:25:13 - [TEST_STEP][PASSED] - navigateToUrl("https://school-payment.digiform.co.id/login", CONTINUE_ON_FAILURE): Navigate to 'https://school-payment.digiform.co.id/login' successfully

02-01-2025T15:25:13 - [MESSAGE][PASSED] - Navigate to 'https://school-payment.digiform.co.id/login' successfully

02-01-2025T15:25:13 - [TEST_STEP][PASSED] - click(findTestObject("Master Data/Admin Sekolah/Login/Field Email"), CONTINUE_ON_FAILURE): Object: 'Object Repository/Master Data/Admin Sekolah/Login/Field Email' is clicked on

02-01-2025T15:25:15 - [MESSAGE][PASSED] - Object: 'Object Repository/Master Data/Admin Sekolah/Login/Field Email' is clicked on

02-01-2025T15:25:15 - [TEST_STEP][PASSED] - setText(findTestObject("Master Data/Admin Sekolah/Login/Field Email"), "admin.gudangsolusi@digiform.co.id", CONTINUE_ON_FAILURE): Text 'admin.gudangsolusi@digiform.co.id' is set on object 'Object Repository/Master Data/Admin Sekolah/Login/Field Email'

02-01-2025T15:25:15 - [MESSAGE][PASSED] - Text 'admin.gudangsolusi@digiform.co.id' is set on object 'Object Repository/Master Data/Admin Sekolah/Login/Field Email'

02-01-2025T15:25:15 - [TEST_STEP][PASSED] - delay(1, CONTINUE_ON_FAILURE): Delayed 1 second(s)

02-01-2025T15:25:16 - [MESSAGE][PASSED] - Delayed 1 second(s)

02-01-2025T15:25:16 - [TEST_STEP][PASSED] - click(findTestObject("Master Data/Admin Sekolah/Login/Input Password"), CONTINUE_ON_FAILURE): Object: 'Object Repository/Master Data/Admin Sekolah/Login/Input Password' is clicked on

02-01-2025T15:25:16 - [MESSAGE][PASSED] - Object: 'Object Repository/Master Data/Admin Sekolah/Login/Input Password' is clicked on

02-01-2025T15:25:16 - [TEST_STEP][PASSED] - setText(findTestObject("Master Data/Admin Sekolah/Login/Input Password"), "Test1234", CONTINUE_ON_FAILURE): Text 'Test1234' is set on object 'Object Repository/Master Data/Admin Sekolah/Login/Input Password'

02-01-2025T15:25:17 - [MESSAGE][PASSED] - Text 'Test1234' is set on object 'Object Repository/Master Data/Admin Sekolah/Login/Input Password'

02-01-2025T15:25:17 - [TEST_STEP][PASSED] - delay(1, CONTINUE_ON_FAILURE): Delayed 1 second(s)

02-01-2025T15:25:18 - [MESSAGE][PASSED] - Delayed 1 second(s)

02-01-2025T15:25:18 - [TEST_STEP][PASSED] - click(findTestObject("Master Data/Admin Sekolah/Login/Button Submit"), CONTINUE_ON_FAILURE): Object: 'Object Repository/Master Data/Admin Sekolah/Login/Button Submit' is clicked on

02-01-2025T15:25:18 - [MESSAGE][PASSED] - Object: 'Object Repository/Master Data/Admin Sekolah/Login/Button Submit' is clicked on

02-01-2025T15:25:18 - [TEST_STEP][PASSED] - click(findTestObject("Master Data/Admin Sekolah/Lihat Tagihan/Menu Master Data"), CONTINUE_ON_FAILURE): Object: 'Object Repository/Master Data/Admin Sekolah/Lihat Tagihan/Menu Master Data' is clicked on

02-01-2025T15:25:20 - [MESSAGE][PASSED] - Object: 'Object Repository/Master Data/Admin Sekolah/Lihat Tagihan/Menu Master Data' is clicked on

02-01-2025T15:25:20 - [TEST_STEP][PASSED] - delay(1, CONTINUE_ON_FAILURE): Delayed 1 second(s)

02-01-2025T15:25:21 - [MESSAGE][PASSED] - Delayed 1 second(s)

02-01-2025T15:25:21 - [TEST_STEP][PASSED] - click(findTestObject("Master Data/Admin Sekolah/Lihat Tagihan/Menu Tagihan"), CONTINUE_ON_FAILURE): Object: 'Object Repository/Master Data/Admin Sekolah/Lihat Tagihan/Menu Tagihan' is clicked on

02-01-2025T15:25:21 - [MESSAGE][PASSED] - Object: 'Object Repository/Master Data/Admin Sekolah/Lihat Tagihan/Menu Tagihan' is clicked on

02-01-2025T15:25:21 - [TEST_STEP][PASSED] - delay(1, CONTINUE_ON_FAILURE): Delayed 1 second(s)

02-01-2025T15:25:22 - [MESSAGE][PASSED] - Delayed 1 second(s)

02-01-2025T15:25:22 - [TEST_STEP][PASSED] - click(findTestObject("Master Data/Admin Sekolah/Filter Tagihan/Button Filter"), CONTINUE_ON_FAILURE): Object: 'Object Repository/Master Data/Admin Sekolah/Filter Tagihan/Button Filter' is clicked on

02-01-2025T15:25:22 - [MESSAGE][PASSED] - Object: 'Object Repository/Master Data/Admin Sekolah/Filter Tagihan/Button Filter' is clicked on

02-01-2025T15:25:22 - [TEST_STEP][PASSED] - delay(1, CONTINUE_ON_FAILURE): Delayed 1 second(s)

02-01-2025T15:25:23 - [MESSAGE][PASSED] - Delayed 1 second(s)

02-01-2025T15:25:23 - [TEST_STEP][PASSED] - click(findTestObject("Master Data/Admin Sekolah/Filter Tagihan/Select Tipe Tagihan"), CONTINUE_ON_FAILURE): Object: 'Object Repository/Master Data/Admin Sekolah/Filter Tagihan/Select Tipe Tagihan' is clicked on

02-01-2025T15:25:24 - [MESSAGE][PASSED] - Object: 'Object Repository/Master Data/Admin Sekolah/Filter Tagihan/Select Tipe Tagihan' is clicked on

02-01-2025T15:25:24 - [TEST_STEP][PASSED] - delay(1, CONTINUE_ON_FAILURE): Delayed 1 second(s)

02-01-2025T15:25:25 - [MESSAGE][PASSED] - Delayed 1 second(s)

02-01-2025T15:25:25 - [TEST_STEP][PASSED] - click(findTestObject("Master Data/Admin Sekolah/Filter Tagihan/Tagihan Reguler"), CONTINUE_ON_FAILURE): Object: 'Object Repository/Master Data/Admin Sekolah/Filter Tagihan/Tagihan Reguler' is clicked on

02-01-2025T15:25:25 - [MESSAGE][PASSED] - Object: 'Object Repository/Master Data/Admin Sekolah/Filter Tagihan/Tagihan Reguler' is clicked on

02-01-2025T15:25:25 - [TEST_STEP][PASSED] - delay(1, CONTINUE_ON_FAILURE): Delayed 1 second(s)

02-01-2025T15:25:26 - [MESSAGE][PASSED] - Delayed 1 second(s)

02-01-2025T15:25:26 - [TEST_STEP][PASSED] - click(findTestObject("Master Data/Admin Sekolah/Filter Tagihan/Select Rekening Bank"), CONTINUE_ON_FAILURE): Object: 'Object Repository/Master Data/Admin Sekolah/Filter Tagihan/Select Rekening Bank' is clicked on

02-01-2025T15:25:26 - [MESSAGE][PASSED] - Object: 'Object Repository/Master Data/Admin Sekolah/Filter Tagihan/Select Rekening Bank' is clicked on

02-01-2025T15:25:26 - [TEST_STEP][PASSED] - delay(1, CONTINUE_ON_FAILURE): Delayed 1 second(s)

02-01-2025T15:25:27 - [MESSAGE][PASSED] - Delayed 1 second(s)

02-01-2025T15:25:27 - [TEST_STEP][FAILED] - click(findTestObject("Master Data/Admin Sekolah/Filter Tagihan/CIMB"), CONTINUE_ON_FAILURE): Unable to click on object 'Object Repository/Master Data/Admin Sekolah/Filter Tagihan/CIMB' (Root cause: com.kms.katalon.core.exception.StepFailedException: Unable to click on object 'Object Repository/Master Data/Admin Sekolah/Filter Tagihan/CIMB'
	at com.kms.katalon.core.webui.keyword.internal.WebUIKeywordMain.stepFailed(WebUIKeywordMain.groovy:117)
	at com.kms.katalon.core.webui.keyword.internal.WebUIKeywordMain.runKeyword(WebUIKeywordMain.groovy:43)
	at com.kms.katalon.core.webui.keyword.builtin.ClickKeyword.click(ClickKeyword.groovy:75)
	at com.kms.katalon.core.webui.keyword.builtin.ClickKeyword.execute(ClickKeyword.groovy:40)
	at com.kms.katalon.core.keyword.internal.KeywordExecutor.executeKeywordForPlatform(KeywordExecutor.groovy:74)
	at com.kms.katalon.core.webui.keyword.WebUiBuiltInKeywords.click(WebUiBuiltInKeywords.groovy:684)
	at Filter Tagihan.run(Filter Tagihan:62)
	at com.kms.katalon.core.main.ScriptEngine.run(ScriptEngine.java:194)
	at com.kms.katalon.core.main.ScriptEngine.runScriptAsRawText(ScriptEngine.java:119)
	at com.kms.katalon.core.main.TestCaseExecutor.runScript(TestCaseExecutor.java:448)
	at com.kms.katalon.core.main.TestCaseExecutor.doExecute(TestCaseExecutor.java:439)
	at com.kms.katalon.core.main.TestCaseExecutor.processExecutionPhase(TestCaseExecutor.java:418)
	at com.kms.katalon.core.main.TestCaseExecutor.accessMainPhase(TestCaseExecutor.java:410)
	at com.kms.katalon.core.main.TestCaseExecutor.execute(TestCaseExecutor.java:285)
	at com.kms.katalon.core.main.TestCaseMain.runTestCase(TestCaseMain.java:133)
	at com.kms.katalon.core.keyword.builtin.CallTestCaseKeyword$_callTestCase_closure1.doCall(CallTestCaseKeyword.groovy:59)
	at com.kms.katalon.core.keyword.builtin.CallTestCaseKeyword$_callTestCase_closure1.call(CallTestCaseKeyword.groovy)
	at com.kms.katalon.core.keyword.internal.KeywordMain.runKeyword(KeywordMain.groovy:75)
	at com.kms.katalon.core.keyword.builtin.CallTestCaseKeyword.callTestCase(CallTestCaseKeyword.groovy:81)
	at com.kms.katalon.core.keyword.builtin.CallTestCaseKeyword.execute(CallTestCaseKeyword.groovy:44)
	at com.kms.katalon.core.keyword.internal.KeywordExecutor.executeKeywordForPlatform(KeywordExecutor.groovy:74)
	at com.kms.katalon.core.keyword.BuiltinKeywords.callTestCase(BuiltinKeywords.groovy:310)
	at jdk.internal.reflect.GeneratedMethodAccessor48.invoke(Unknown Source)
	at java.base/jdk.internal.reflect.DelegatingMethodAccessorImpl.invoke(DelegatingMethodAccessorImpl.java:43)
	at Regresi Tagihan.run(Regresi Tagihan:22)
	at com.kms.katalon.core.main.ScriptEngine.run(ScriptEngine.java:194)
	at com.kms.katalon.core.main.ScriptEngine.runScriptAsRawText(ScriptEngine.java:119)
	at com.kms.katalon.core.main.TestCaseExecutor.runScript(TestCaseExecutor.java:448)
	at com.kms.katalon.core.main.TestCaseExecutor.doExecute(TestCaseExecutor.java:439)
	at com.kms.katalon.core.main.TestCaseExecutor.processExecutionPhase(TestCaseExecutor.java:418)
	at com.kms.katalon.core.main.TestCaseExecutor.accessMainPhase(TestCaseExecutor.java:410)
	at com.kms.katalon.core.main.TestCaseExecutor.execute(TestCaseExecutor.java:285)
	at com.kms.katalon.core.common.CommonExecutor.accessTestCaseMainPhase(CommonExecutor.java:65)
	at com.kms.katalon.core.main.TestSuiteExecutor.accessTestSuiteMainPhase(TestSuiteExecutor.java:161)
	at com.kms.katalon.core.main.TestSuiteExecutor.execute(TestSuiteExecutor.java:107)
	at com.kms.katalon.core.main.TestCaseMain.startTestSuite(TestCaseMain.java:176)
	at TempTestSuite1735805561810.run(TempTestSuite1735805561810.groovy:35)
	at java.base/jdk.internal.reflect.NativeMethodAccessorImpl.invoke0(Native Method)
	at java.base/jdk.internal.reflect.NativeMethodAccessorImpl.invoke(NativeMethodAccessorImpl.java:77)
	at java.base/jdk.internal.reflect.DelegatingMethodAccessorImpl.invoke(DelegatingMethodAccessorImpl.java:43)
Caused by: com.kms.katalon.core.webui.exception.WebElementNotFoundException: Web element with id: 'Object Repository/Master Data/Admin Sekolah/Filter Tagihan/CIMB' located by '//div[@data-testid='option-91' and .//p[@data-testid='paragraph' and text()='CIMB - 1223123123']]' not found
	at com.kms.katalon.core.webui.common.WebUiCommonHelper.findWebElement(WebUiCommonHelper.java:1426)
	at com.kms.katalon.core.webui.keyword.internal.WebUIAbstractKeyword.findWebElement(WebUIAbstractKeyword.groovy:27)
	at com.kms.katalon.core.webui.keyword.builtin.ClickKeyword$_click_closure1.doCall(ClickKeyword.groovy:66)
	at com.kms.katalon.core.webui.keyword.builtin.ClickKeyword$_click_closure1.call(ClickKeyword.groovy)
	at com.kms.katalon.core.webui.keyword.internal.WebUIKeywordMain.runKeyword(WebUIKeywordMain.groovy:35)
	at com.kms.katalon.core.webui.keyword.builtin.ClickKeyword.click(ClickKeyword.groovy:75)
	at com.kms.katalon.core.webui.keyword.builtin.ClickKeyword.execute(ClickKeyword.groovy:40)
	at com.kms.katalon.core.keyword.internal.KeywordExecutor.executeKeywordForPlatform(KeywordExecutor.groovy:74)
	at com.kms.katalon.core.webui.keyword.WebUiBuiltInKeywords.click(WebUiBuiltInKeywords.groovy:684)
	at Script1731485365054.run(Script1731485365054.groovy:62)
	at com.kms.katalon.core.main.ScriptEngine.run(ScriptEngine.java:194)
	at com.kms.katalon.core.main.ScriptEngine.runScriptAsRawText(ScriptEngine.java:119)
	at com.kms.katalon.core.main.TestCaseExecutor.runScript(TestCaseExecutor.java:448)
	at com.kms.katalon.core.main.TestCaseExecutor.doExecute(TestCaseExecutor.java:439)
	at com.kms.katalon.core.main.TestCaseExecutor.processExecutionPhase(TestCaseExecutor.java:418)
	at com.kms.katalon.core.main.TestCaseExecutor.accessMainPhase(TestCaseExecutor.java:410)
	at com.kms.katalon.core.main.TestCaseExecutor.execute(TestCaseExecutor.java:285)
	at com.kms.katalon.core.main.TestCaseMain.runTestCase(TestCaseMain.java:133)
	at com.kms.katalon.core.keyword.builtin.CallTestCaseKeyword$_callTestCase_closure1.doCall(CallTestCaseKeyword.groovy:59)
	at com.kms.katalon.core.keyword.builtin.CallTestCaseKeyword$_callTestCase_closure1.call(CallTestCaseKeyword.groovy)
	at com.kms.katalon.core.keyword.internal.KeywordMain.runKeyword(KeywordMain.groovy:75)
	at com.kms.katalon.core.keyword.builtin.CallTestCaseKeyword.callTestCase(CallTestCaseKeyword.groovy:81)
	at com.kms.katalon.core.keyword.builtin.CallTestCaseKeyword.execute(CallTestCaseKeyword.groovy:44)
	at com.kms.katalon.core.keyword.internal.KeywordExecutor.executeKeywordForPlatform(KeywordExecutor.groovy:74)
	at com.kms.katalon.core.keyword.BuiltinKeywords.callTestCase(BuiltinKeywords.groovy:310)
	at jdk.internal.reflect.GeneratedMethodAccessor48.invoke(Unknown Source)
	at java.base/jdk.internal.reflect.DelegatingMethodAccessorImpl.invoke(DelegatingMethodAccessorImpl.java:43)
	at Script1735746434271.run(Script1735746434271.groovy:22)
	... 15 more
)

02-01-2025T15:25:58 - [MESSAGE][INFO] - Unable to find the element located by 'By.xpath: //div[@data-testid='option-91' and .//p[@data-testid='paragraph' and text()='CIMB - 1223123123']]'. Please recheck the objects properties to make sure the desired element is located. 

02-01-2025T15:25:58 - [MESSAGE][WARNING] - [SELF-HEALING] Failed to find element with id 'Object Repository/Master Data/Admin Sekolah/Filter Tagihan/CIMB'. Try using Self-healing.

02-01-2025T15:25:59 - [MESSAGE][INFO] - [SELF-HEALING] No working XPath is found.

02-01-2025T15:26:01 - [MESSAGE][WARNING] - [SELF-HEALING] invalid selector
from javascript error: {"status":32,"value":"Unable to locate an element with the xpath expression  because of the following error:\nSyntaxError: Failed to execute 'evaluate' on 'Document': The string '' is not a valid XPath expression."}
  (Session info: chrome=131.0.6778.205)
For documentation on this error, please visit: https://www.selenium.dev/documentation/webdriver/troubleshooting/errors#invalid-selector-exception
Build info: version: '4.22.0', revision: 'c5f3146703'
System info: os.name: 'Windows 11', os.arch: 'amd64', os.version: '10.0', java.version: '17.0.7'
Driver info: com.kms.katalon.selenium.driver.CChromeDriver
Command: [a916037a329b1047c16d8034c8d81e67, findElements {value=, using=xpath}]
Capabilities {acceptInsecureCerts: false, browserName: chrome, browserVersion: 131.0.6778.205, chrome: {chromedriverVersion: 130.0.6723.58 (3a50e012e4c9..., userDataDir: C:\Users\henri\AppData\Loca...}, fedcm:accounts: true, goog:chromeOptions: {debuggerAddress: localhost:63117}, networkConnectionEnabled: false, pageLoadStrategy: normal, platformName: windows, proxy: Proxy(), se:cdp: ws://localhost:63117/devtoo..., se:cdpVersion: 131.0.6778.205, setWindowRect: true, strictFileInteractability: false, timeouts: {implicit: 0, pageLoad: 300000, script: 30000}, unhandledPromptBehavior: ignore, webSocketUrl: ws://localhost:45657/sessio..., webauthn:extension:credBlob: true, webauthn:extension:largeBlob: true, webauthn:extension:minPinLength: true, webauthn:extension:prf: true, webauthn:virtualAuthenticators: true}
Session ID: a916037a329b1047c16d8034c8d81e67

02-01-2025T15:26:01 - [MESSAGE][WARNING] - [SELF-HEALING] Cannot find elements when the selector is null

02-01-2025T15:26:01 - [MESSAGE][FAILED] - Unable to click on object 'Object Repository/Master Data/Admin Sekolah/Filter Tagihan/CIMB' (Root cause: com.kms.katalon.core.exception.StepFailedException: Unable to click on object 'Object Repository/Master Data/Admin Sekolah/Filter Tagihan/CIMB'
	at com.kms.katalon.core.webui.keyword.internal.WebUIKeywordMain.stepFailed(WebUIKeywordMain.groovy:117)
	at com.kms.katalon.core.webui.keyword.internal.WebUIKeywordMain.runKeyword(WebUIKeywordMain.groovy:43)
	at com.kms.katalon.core.webui.keyword.builtin.ClickKeyword.click(ClickKeyword.groovy:75)
	at com.kms.katalon.core.webui.keyword.builtin.ClickKeyword.execute(ClickKeyword.groovy:40)
	at com.kms.katalon.core.keyword.internal.KeywordExecutor.executeKeywordForPlatform(KeywordExecutor.groovy:74)
	at com.kms.katalon.core.webui.keyword.WebUiBuiltInKeywords.click(WebUiBuiltInKeywords.groovy:684)
	at Filter Tagihan.run(Filter Tagihan:62)
	at com.kms.katalon.core.main.ScriptEngine.run(ScriptEngine.java:194)
	at com.kms.katalon.core.main.ScriptEngine.runScriptAsRawText(ScriptEngine.java:119)
	at com.kms.katalon.core.main.TestCaseExecutor.runScript(TestCaseExecutor.java:448)
	at com.kms.katalon.core.main.TestCaseExecutor.doExecute(TestCaseExecutor.java:439)
	at com.kms.katalon.core.main.TestCaseExecutor.processExecutionPhase(TestCaseExecutor.java:418)
	at com.kms.katalon.core.main.TestCaseExecutor.accessMainPhase(TestCaseExecutor.java:410)
	at com.kms.katalon.core.main.TestCaseExecutor.execute(TestCaseExecutor.java:285)
	at com.kms.katalon.core.main.TestCaseMain.runTestCase(TestCaseMain.java:133)
	at com.kms.katalon.core.keyword.builtin.CallTestCaseKeyword$_callTestCase_closure1.doCall(CallTestCaseKeyword.groovy:59)
	at com.kms.katalon.core.keyword.builtin.CallTestCaseKeyword$_callTestCase_closure1.call(CallTestCaseKeyword.groovy)
	at com.kms.katalon.core.keyword.internal.KeywordMain.runKeyword(KeywordMain.groovy:75)
	at com.kms.katalon.core.keyword.builtin.CallTestCaseKeyword.callTestCase(CallTestCaseKeyword.groovy:81)
	at com.kms.katalon.core.keyword.builtin.CallTestCaseKeyword.execute(CallTestCaseKeyword.groovy:44)
	at com.kms.katalon.core.keyword.internal.KeywordExecutor.executeKeywordForPlatform(KeywordExecutor.groovy:74)
	at com.kms.katalon.core.keyword.BuiltinKeywords.callTestCase(BuiltinKeywords.groovy:310)
	at jdk.internal.reflect.GeneratedMethodAccessor48.invoke(Unknown Source)
	at java.base/jdk.internal.reflect.DelegatingMethodAccessorImpl.invoke(DelegatingMethodAccessorImpl.java:43)
	at Regresi Tagihan.run(Regresi Tagihan:22)
	at com.kms.katalon.core.main.ScriptEngine.run(ScriptEngine.java:194)
	at com.kms.katalon.core.main.ScriptEngine.runScriptAsRawText(ScriptEngine.java:119)
	at com.kms.katalon.core.main.TestCaseExecutor.runScript(TestCaseExecutor.java:448)
	at com.kms.katalon.core.main.TestCaseExecutor.doExecute(TestCaseExecutor.java:439)
	at com.kms.katalon.core.main.TestCaseExecutor.processExecutionPhase(TestCaseExecutor.java:418)
	at com.kms.katalon.core.main.TestCaseExecutor.accessMainPhase(TestCaseExecutor.java:410)
	at com.kms.katalon.core.main.TestCaseExecutor.execute(TestCaseExecutor.java:285)
	at com.kms.katalon.core.common.CommonExecutor.accessTestCaseMainPhase(CommonExecutor.java:65)
	at com.kms.katalon.core.main.TestSuiteExecutor.accessTestSuiteMainPhase(TestSuiteExecutor.java:161)
	at com.kms.katalon.core.main.TestSuiteExecutor.execute(TestSuiteExecutor.java:107)
	at com.kms.katalon.core.main.TestCaseMain.startTestSuite(TestCaseMain.java:176)
	at TempTestSuite1735805561810.run(TempTestSuite1735805561810.groovy:35)
	at java.base/jdk.internal.reflect.NativeMethodAccessorImpl.invoke0(Native Method)
	at java.base/jdk.internal.reflect.NativeMethodAccessorImpl.invoke(NativeMethodAccessorImpl.java:77)
	at java.base/jdk.internal.reflect.DelegatingMethodAccessorImpl.invoke(DelegatingMethodAccessorImpl.java:43)
Caused by: com.kms.katalon.core.webui.exception.WebElementNotFoundException: Web element with id: 'Object Repository/Master Data/Admin Sekolah/Filter Tagihan/CIMB' located by '//div[@data-testid='option-91' and .//p[@data-testid='paragraph' and text()='CIMB - 1223123123']]' not found
	at com.kms.katalon.core.webui.common.WebUiCommonHelper.findWebElement(WebUiCommonHelper.java:1426)
	at com.kms.katalon.core.webui.keyword.internal.WebUIAbstractKeyword.findWebElement(WebUIAbstractKeyword.groovy:27)
	at com.kms.katalon.core.webui.keyword.builtin.ClickKeyword$_click_closure1.doCall(ClickKeyword.groovy:66)
	at com.kms.katalon.core.webui.keyword.builtin.ClickKeyword$_click_closure1.call(ClickKeyword.groovy)
	at com.kms.katalon.core.webui.keyword.internal.WebUIKeywordMain.runKeyword(WebUIKeywordMain.groovy:35)
	at com.kms.katalon.core.webui.keyword.builtin.ClickKeyword.click(ClickKeyword.groovy:75)
	at com.kms.katalon.core.webui.keyword.builtin.ClickKeyword.execute(ClickKeyword.groovy:40)
	at com.kms.katalon.core.keyword.internal.KeywordExecutor.executeKeywordForPlatform(KeywordExecutor.groovy:74)
	at com.kms.katalon.core.webui.keyword.WebUiBuiltInKeywords.click(WebUiBuiltInKeywords.groovy:684)
	at Script1731485365054.run(Script1731485365054.groovy:62)
	at com.kms.katalon.core.main.ScriptEngine.run(ScriptEngine.java:194)
	at com.kms.katalon.core.main.ScriptEngine.runScriptAsRawText(ScriptEngine.java:119)
	at com.kms.katalon.core.main.TestCaseExecutor.runScript(TestCaseExecutor.java:448)
	at com.kms.katalon.core.main.TestCaseExecutor.doExecute(TestCaseExecutor.java:439)
	at com.kms.katalon.core.main.TestCaseExecutor.processExecutionPhase(TestCaseExecutor.java:418)
	at com.kms.katalon.core.main.TestCaseExecutor.accessMainPhase(TestCaseExecutor.java:410)
	at com.kms.katalon.core.main.TestCaseExecutor.execute(TestCaseExecutor.java:285)
	at com.kms.katalon.core.main.TestCaseMain.runTestCase(TestCaseMain.java:133)
	at com.kms.katalon.core.keyword.builtin.CallTestCaseKeyword$_callTestCase_closure1.doCall(CallTestCaseKeyword.groovy:59)
	at com.kms.katalon.core.keyword.builtin.CallTestCaseKeyword$_callTestCase_closure1.call(CallTestCaseKeyword.groovy)
	at com.kms.katalon.core.keyword.internal.KeywordMain.runKeyword(KeywordMain.groovy:75)
	at com.kms.katalon.core.keyword.builtin.CallTestCaseKeyword.callTestCase(CallTestCaseKeyword.groovy:81)
	at com.kms.katalon.core.keyword.builtin.CallTestCaseKeyword.execute(CallTestCaseKeyword.groovy:44)
	at com.kms.katalon.core.keyword.internal.KeywordExecutor.executeKeywordForPlatform(KeywordExecutor.groovy:74)
	at com.kms.katalon.core.keyword.BuiltinKeywords.callTestCase(BuiltinKeywords.groovy:310)
	at jdk.internal.reflect.GeneratedMethodAccessor48.invoke(Unknown Source)
	at java.base/jdk.internal.reflect.DelegatingMethodAccessorImpl.invoke(DelegatingMethodAccessorImpl.java:43)
	at Script1735746434271.run(Script1735746434271.groovy:22)
	... 15 more
)
[[ATTACHMENT|C:\\Users\\henri\\Videos\\school-payment-automation-testing\\Reports\\20250102_151240\\SPRINT 1\\20250102_151241\\1735806361198.png]]

02-01-2025T15:26:01 - [TEST_STEP][PASSED] - delay(1, CONTINUE_ON_FAILURE): Delayed 1 second(s)

02-01-2025T15:26:02 - [MESSAGE][PASSED] - Delayed 1 second(s)

02-01-2025T15:26:02 - [TEST_STEP][PASSED] - click(findTestObject("Master Data/Admin Sekolah/Filter Tagihan/Button Terapkan"), CONTINUE_ON_FAILURE): Object: 'Object Repository/Master Data/Admin Sekolah/Filter Tagihan/Button Terapkan' is clicked on

02-01-2025T15:26:02 - [MESSAGE][PASSED] - Object: 'Object Repository/Master Data/Admin Sekolah/Filter Tagihan/Button Terapkan' is clicked on

02-01-2025T15:26:02 - [MESSAGE][FAILED] - Unable to call Test Case 'Test Cases/Master Data/Admin Sekolah/Master Data Tagihan/Filter Tagihan' (Root cause: com.kms.katalon.core.exception.StepFailedException: Call Test Case 'Test Cases/Master Data/Admin Sekolah/Master Data Tagihan/Filter Tagihan' failed
	at com.kms.katalon.core.keyword.builtin.CallTestCaseKeyword$_callTestCase_closure1.doCall(CallTestCaseKeyword.groovy:63)
	at com.kms.katalon.core.keyword.builtin.CallTestCaseKeyword$_callTestCase_closure1.call(CallTestCaseKeyword.groovy)
	at com.kms.katalon.core.keyword.internal.KeywordMain.runKeyword(KeywordMain.groovy:75)
	at com.kms.katalon.core.keyword.builtin.CallTestCaseKeyword.callTestCase(CallTestCaseKeyword.groovy:81)
	at com.kms.katalon.core.keyword.builtin.CallTestCaseKeyword.execute(CallTestCaseKeyword.groovy:44)
	at com.kms.katalon.core.keyword.internal.KeywordExecutor.executeKeywordForPlatform(KeywordExecutor.groovy:74)
	at com.kms.katalon.core.keyword.BuiltinKeywords.callTestCase(BuiltinKeywords.groovy:310)
	at jdk.internal.reflect.GeneratedMethodAccessor48.invoke(Unknown Source)
	at java.base/jdk.internal.reflect.DelegatingMethodAccessorImpl.invoke(DelegatingMethodAccessorImpl.java:43)
	at Regresi Tagihan.run(Regresi Tagihan:22)
	at com.kms.katalon.core.main.ScriptEngine.run(ScriptEngine.java:194)
	at com.kms.katalon.core.main.ScriptEngine.runScriptAsRawText(ScriptEngine.java:119)
	at com.kms.katalon.core.main.TestCaseExecutor.runScript(TestCaseExecutor.java:448)
	at com.kms.katalon.core.main.TestCaseExecutor.doExecute(TestCaseExecutor.java:439)
	at com.kms.katalon.core.main.TestCaseExecutor.processExecutionPhase(TestCaseExecutor.java:418)
	at com.kms.katalon.core.main.TestCaseExecutor.accessMainPhase(TestCaseExecutor.java:410)
	at com.kms.katalon.core.main.TestCaseExecutor.execute(TestCaseExecutor.java:285)
	at com.kms.katalon.core.common.CommonExecutor.accessTestCaseMainPhase(CommonExecutor.java:65)
	at com.kms.katalon.core.main.TestSuiteExecutor.accessTestSuiteMainPhase(TestSuiteExecutor.java:161)
	at com.kms.katalon.core.main.TestSuiteExecutor.execute(TestSuiteExecutor.java:107)
	at com.kms.katalon.core.main.TestCaseMain.startTestSuite(TestCaseMain.java:176)
	at TempTestSuite1735805561810.run(TempTestSuite1735805561810.groovy:35)
	at java.base/jdk.internal.reflect.NativeMethodAccessorImpl.invoke0(Native Method)
	at java.base/jdk.internal.reflect.NativeMethodAccessorImpl.invoke(NativeMethodAccessorImpl.java:77)
	at java.base/jdk.internal.reflect.DelegatingMethodAccessorImpl.invoke(DelegatingMethodAccessorImpl.java:43)
Caused by: com.kms.katalon.core.exception.StepFailedException: Unable to click on object 'Object Repository/Master Data/Admin Sekolah/Filter Tagihan/CIMB' (Root cause: com.kms.katalon.core.exception.StepFailedException: Unable to click on object 'Object Repository/Master Data/Admin Sekolah/Filter Tagihan/CIMB'
	at com.kms.katalon.core.webui.keyword.internal.WebUIKeywordMain.stepFailed(WebUIKeywordMain.groovy:117)
	at com.kms.katalon.core.webui.keyword.internal.WebUIKeywordMain.runKeyword(WebUIKeywordMain.groovy:43)
	at com.kms.katalon.core.webui.keyword.builtin.ClickKeyword.click(ClickKeyword.groovy:75)
	at com.kms.katalon.core.webui.keyword.builtin.ClickKeyword.execute(ClickKeyword.groovy:40)
	at com.kms.katalon.core.keyword.internal.KeywordExecutor.executeKeywordForPlatform(KeywordExecutor.groovy:74)
	at com.kms.katalon.core.webui.keyword.WebUiBuiltInKeywords.click(WebUiBuiltInKeywords.groovy:684)
	at Filter Tagihan.run(Filter Tagihan:62)
	at com.kms.katalon.core.main.ScriptEngine.run(ScriptEngine.java:194)
	at com.kms.katalon.core.main.ScriptEngine.runScriptAsRawText(ScriptEngine.java:119)
	at com.kms.katalon.core.main.TestCaseExecutor.runScript(TestCaseExecutor.java:448)
	at com.kms.katalon.core.main.TestCaseExecutor.doExecute(TestCaseExecutor.java:439)
	at com.kms.katalon.core.main.TestCaseExecutor.processExecutionPhase(TestCaseExecutor.java:418)
	at com.kms.katalon.core.main.TestCaseExecutor.accessMainPhase(TestCaseExecutor.java:410)
	at com.kms.katalon.core.main.TestCaseExecutor.execute(TestCaseExecutor.java:285)
	at com.kms.katalon.core.main.TestCaseMain.runTestCase(TestCaseMain.java:133)
	at com.kms.katalon.core.keyword.builtin.CallTestCaseKeyword$_callTestCase_closure1.doCall(CallTestCaseKeyword.groovy:59)
	at com.kms.katalon.core.keyword.builtin.CallTestCaseKeyword$_callTestCase_closure1.call(CallTestCaseKeyword.groovy)
	at com.kms.katalon.core.keyword.internal.KeywordMain.runKeyword(KeywordMain.groovy:75)
	at com.kms.katalon.core.keyword.builtin.CallTestCaseKeyword.callTestCase(CallTestCaseKeyword.groovy:81)
	at com.kms.katalon.core.keyword.builtin.CallTestCaseKeyword.execute(CallTestCaseKeyword.groovy:44)
	at com.kms.katalon.core.keyword.internal.KeywordExecutor.executeKeywordForPlatform(KeywordExecutor.groovy:74)
	at com.kms.katalon.core.keyword.BuiltinKeywords.callTestCase(BuiltinKeywords.groovy:310)
	at jdk.internal.reflect.GeneratedMethodAccessor48.invoke(Unknown Source)
	at java.base/jdk.internal.reflect.DelegatingMethodAccessorImpl.invoke(DelegatingMethodAccessorImpl.java:43)
	at Regresi Tagihan.run(Regresi Tagihan:22)
	at com.kms.katalon.core.main.ScriptEngine.run(ScriptEngine.java:194)
	at com.kms.katalon.core.main.ScriptEngine.runScriptAsRawText(ScriptEngine.java:119)
	at com.kms.katalon.core.main.TestCaseExecutor.runScript(TestCaseExecutor.java:448)
	at com.kms.katalon.core.main.TestCaseExecutor.doExecute(TestCaseExecutor.java:439)
	at com.kms.katalon.core.main.TestCaseExecutor.processExecutionPhase(TestCaseExecutor.java:418)
	at com.kms.katalon.core.main.TestCaseExecutor.accessMainPhase(TestCaseExecutor.java:410)
	at com.kms.katalon.core.main.TestCaseExecutor.execute(TestCaseExecutor.java:285)
	at com.kms.katalon.core.common.CommonExecutor.accessTestCaseMainPhase(CommonExecutor.java:65)
	at com.kms.katalon.core.main.TestSuiteExecutor.accessTestSuiteMainPhase(TestSuiteExecutor.java:161)
	at com.kms.katalon.core.main.TestSuiteExecutor.execute(TestSuiteExecutor.java:107)
	at com.kms.katalon.core.main.TestCaseMain.startTestSuite(TestCaseMain.java:176)
	at TempTestSuite1735805561810.run(TempTestSuite1735805561810.groovy:35)
	at java.base/jdk.internal.reflect.NativeMethodAccessorImpl.invoke0(Native Method)
	at java.base/jdk.internal.reflect.NativeMethodAccessorImpl.invoke(NativeMethodAccessorImpl.java:77)
	at java.base/jdk.internal.reflect.DelegatingMethodAccessorImpl.invoke(DelegatingMethodAccessorImpl.java:43)
Caused by: com.kms.katalon.core.webui.exception.WebElementNotFoundException: Web element with id: 'Object Repository/Master Data/Admin Sekolah/Filter Tagihan/CIMB' located by '//div[@data-testid='option-91' and .//p[@data-testid='paragraph' and text()='CIMB - 1223123123']]' not found
	at com.kms.katalon.core.webui.common.WebUiCommonHelper.findWebElement(WebUiCommonHelper.java:1426)
	at com.kms.katalon.core.webui.keyword.internal.WebUIAbstractKeyword.findWebElement(WebUIAbstractKeyword.groovy:27)
	at com.kms.katalon.core.webui.keyword.builtin.ClickKeyword$_click_closure1.doCall(ClickKeyword.groovy:66)
	at com.kms.katalon.core.webui.keyword.builtin.ClickKeyword$_click_closure1.call(ClickKeyword.groovy)
	at com.kms.katalon.core.webui.keyword.internal.WebUIKeywordMain.runKeyword(WebUIKeywordMain.groovy:35)
	at com.kms.katalon.core.webui.keyword.builtin.ClickKeyword.click(ClickKeyword.groovy:75)
	at com.kms.katalon.core.webui.keyword.builtin.ClickKeyword.execute(ClickKeyword.groovy:40)
	at com.kms.katalon.core.keyword.internal.KeywordExecutor.executeKeywordForPlatform(KeywordExecutor.groovy:74)
	at com.kms.katalon.core.webui.keyword.WebUiBuiltInKeywords.click(WebUiBuiltInKeywords.groovy:684)
	at Script1731485365054.run(Script1731485365054.groovy:62)
	at com.kms.katalon.core.main.ScriptEngine.run(ScriptEngine.java:194)
	at com.kms.katalon.core.main.ScriptEngine.runScriptAsRawText(ScriptEngine.java:119)
	at com.kms.katalon.core.main.TestCaseExecutor.runScript(TestCaseExecutor.java:448)
	at com.kms.katalon.core.main.TestCaseExecutor.doExecute(TestCaseExecutor.java:439)
	at com.kms.katalon.core.main.TestCaseExecutor.processExecutionPhase(TestCaseExecutor.java:418)
	at com.kms.katalon.core.main.TestCaseExecutor.accessMainPhase(TestCaseExecutor.java:410)
	at com.kms.katalon.core.main.TestCaseExecutor.execute(TestCaseExecutor.java:285)
	at com.kms.katalon.core.main.TestCaseMain.runTestCase(TestCaseMain.java:133)
	at com.kms.katalon.core.keyword.builtin.CallTestCaseKeyword$_callTestCase_closure1.doCall(CallTestCaseKeyword.groovy:59)
	at com.kms.katalon.core.keyword.builtin.CallTestCaseKeyword$_callTestCase_closure1.call(CallTestCaseKeyword.groovy)
	at com.kms.katalon.core.keyword.internal.KeywordMain.runKeyword(KeywordMain.groovy:75)
	at com.kms.katalon.core.keyword.builtin.CallTestCaseKeyword.callTestCase(CallTestCaseKeyword.groovy:81)
	at com.kms.katalon.core.keyword.builtin.CallTestCaseKeyword.execute(CallTestCaseKeyword.groovy:44)
	at com.kms.katalon.core.keyword.internal.KeywordExecutor.executeKeywordForPlatform(KeywordExecutor.groovy:74)
	at com.kms.katalon.core.keyword.BuiltinKeywords.callTestCase(BuiltinKeywords.groovy:310)
	at jdk.internal.reflect.GeneratedMethodAccessor48.invoke(Unknown Source)
	at java.base/jdk.internal.reflect.DelegatingMethodAccessorImpl.invoke(DelegatingMethodAccessorImpl.java:43)
	at Script1735746434271.run(Script1735746434271.groovy:22)
	... 15 more
)
	at com.kms.katalon.core.keyword.internal.KeywordMain.stepFailed(KeywordMain.groovy:39)
	at com.kms.katalon.core.webui.keyword.internal.WebUIKeywordMain.stepFailed(WebUIKeywordMain.groovy:117)
	at com.kms.katalon.core.webui.keyword.internal.WebUIKeywordMain.runKeyword(WebUIKeywordMain.groovy:43)
	at com.kms.katalon.core.webui.keyword.builtin.ClickKeyword.click(ClickKeyword.groovy:75)
	at com.kms.katalon.core.webui.keyword.builtin.ClickKeyword.execute(ClickKeyword.groovy:40)
	at com.kms.katalon.core.keyword.internal.KeywordExecutor.executeKeywordForPlatform(KeywordExecutor.groovy:74)
	at com.kms.katalon.core.webui.keyword.WebUiBuiltInKeywords.click(WebUiBuiltInKeywords.groovy:684)
	at Filter Tagihan.run(Filter Tagihan:62)
	at com.kms.katalon.core.main.ScriptEngine.run(ScriptEngine.java:194)
	at com.kms.katalon.core.main.ScriptEngine.runScriptAsRawText(ScriptEngine.java:119)
	at com.kms.katalon.core.main.TestCaseExecutor.runScript(TestCaseExecutor.java:448)
	at com.kms.katalon.core.main.TestCaseExecutor.doExecute(TestCaseExecutor.java:439)
	at com.kms.katalon.core.main.TestCaseExecutor.processExecutionPhase(TestCaseExecutor.java:418)
	at com.kms.katalon.core.main.TestCaseExecutor.accessMainPhase(TestCaseExecutor.java:410)
	at com.kms.katalon.core.main.TestCaseExecutor.execute(TestCaseExecutor.java:285)
	at com.kms.katalon.core.main.TestCaseMain.runTestCase(TestCaseMain.java:133)
	at com.kms.katalon.core.keyword.builtin.CallTestCaseKeyword$_callTestCase_closure1.doCall(CallTestCaseKeyword.groovy:59)
	... 24 more
Caused by: com.kms.katalon.core.exception.StepFailedException: Unable to click on object 'Object Repository/Master Data/Admin Sekolah/Filter Tagihan/CIMB'
	... 40 more
Caused by: com.kms.katalon.core.webui.exception.WebElementNotFoundException: Web element with id: 'Object Repository/Master Data/Admin Sekolah/Filter Tagihan/CIMB' located by '//div[@data-testid='option-91' and .//p[@data-testid='paragraph' and text()='CIMB - 1223123123']]' not found
	at com.kms.katalon.core.webui.common.WebUiCommonHelper.findWebElement(WebUiCommonHelper.java:1426)
	at com.kms.katalon.core.webui.keyword.internal.WebUIAbstractKeyword.findWebElement(WebUIAbstractKeyword.groovy:27)
	at com.kms.katalon.core.webui.keyword.builtin.ClickKeyword$_click_closure1.doCall(ClickKeyword.groovy:66)
	at com.kms.katalon.core.webui.keyword.builtin.ClickKeyword$_click_closure1.call(ClickKeyword.groovy)
	at com.kms.katalon.core.webui.keyword.internal.WebUIKeywordMain.runKeyword(WebUIKeywordMain.groovy:35)
	... 38 more
)

02-01-2025T15:26:02 - [TEST_STEP][PASSED] - callTestCase(findTestCase("Test Cases/Master Data/Admin Sekolah/Master Data Tagihan/Lihat Tagihan"), [:], CONTINUE_ON_FAILURE): Call Test Case 'Test Cases/Master Data/Admin Sekolah/Master Data Tagihan/Lihat Tagihan' successfully

02-01-2025T15:26:02 - [TEST_CASE][PASSED] - Test Cases/Master Data/Admin Sekolah/Master Data Tagihan/Lihat Tagihan: Test Cases/Master Data/Admin Sekolah/Master Data Tagihan/Lihat Tagihan

02-01-2025T15:26:02 - [TEST_STEP][PASSED] - openBrowser("", CONTINUE_ON_FAILURE): Browser is opened with url: ''

02-01-2025T15:26:02 - [MESSAGE][WARNING] - A browser is already opened. Closing browser and opening a new one

02-01-2025T15:26:02 - [MESSAGE][INFO] - Starting 'Chrome' driver

02-01-2025T15:26:02 - [MESSAGE][INFO] - Action delay is set to 0 milliseconds

02-01-2025T15:26:03 - [MESSAGE][PASSED] - Browser is opened with url: ''

02-01-2025T15:26:03 - [TEST_STEP][PASSED] - navigateToUrl("https://school-payment.digiform.co.id/login", CONTINUE_ON_FAILURE): Navigate to 'https://school-payment.digiform.co.id/login' successfully

02-01-2025T15:26:04 - [MESSAGE][PASSED] - Navigate to 'https://school-payment.digiform.co.id/login' successfully

02-01-2025T15:26:04 - [TEST_STEP][PASSED] - click(findTestObject("Master Data/Admin Sekolah/Login/Field Email"), CONTINUE_ON_FAILURE): Object: 'Object Repository/Master Data/Admin Sekolah/Login/Field Email' is clicked on

02-01-2025T15:26:05 - [MESSAGE][PASSED] - Object: 'Object Repository/Master Data/Admin Sekolah/Login/Field Email' is clicked on

02-01-2025T15:26:05 - [TEST_STEP][PASSED] - setText(findTestObject("Master Data/Admin Sekolah/Login/Field Email"), "admin.gudangsolusi@digiform.co.id", CONTINUE_ON_FAILURE): Text 'admin.gudangsolusi@digiform.co.id' is set on object 'Object Repository/Master Data/Admin Sekolah/Login/Field Email'

02-01-2025T15:26:06 - [MESSAGE][PASSED] - Text 'admin.gudangsolusi@digiform.co.id' is set on object 'Object Repository/Master Data/Admin Sekolah/Login/Field Email'

02-01-2025T15:26:06 - [TEST_STEP][PASSED] - click(findTestObject("Master Data/Admin Sekolah/Login/Input Password"), CONTINUE_ON_FAILURE): Object: 'Object Repository/Master Data/Admin Sekolah/Login/Input Password' is clicked on

02-01-2025T15:26:06 - [MESSAGE][PASSED] - Object: 'Object Repository/Master Data/Admin Sekolah/Login/Input Password' is clicked on

02-01-2025T15:26:06 - [TEST_STEP][PASSED] - setText(findTestObject("Master Data/Admin Sekolah/Login/Input Password"), "Test1234", CONTINUE_ON_FAILURE): Text 'Test1234' is set on object 'Object Repository/Master Data/Admin Sekolah/Login/Input Password'

02-01-2025T15:26:06 - [MESSAGE][PASSED] - Text 'Test1234' is set on object 'Object Repository/Master Data/Admin Sekolah/Login/Input Password'

02-01-2025T15:26:06 - [TEST_STEP][PASSED] - click(findTestObject("Master Data/Admin Sekolah/Login/Button Submit"), CONTINUE_ON_FAILURE): Object: 'Object Repository/Master Data/Admin Sekolah/Login/Button Submit' is clicked on

02-01-2025T15:26:07 - [MESSAGE][PASSED] - Object: 'Object Repository/Master Data/Admin Sekolah/Login/Button Submit' is clicked on

02-01-2025T15:26:07 - [TEST_STEP][PASSED] - click(findTestObject("Master Data/Admin Sekolah/Lihat Tagihan/Menu Master Data"), CONTINUE_ON_FAILURE): Object: 'Object Repository/Master Data/Admin Sekolah/Lihat Tagihan/Menu Master Data' is clicked on

02-01-2025T15:26:08 - [MESSAGE][PASSED] - Object: 'Object Repository/Master Data/Admin Sekolah/Lihat Tagihan/Menu Master Data' is clicked on

02-01-2025T15:26:08 - [TEST_STEP][PASSED] - click(findTestObject("Master Data/Admin Sekolah/Lihat Tagihan/Menu Tagihan"), CONTINUE_ON_FAILURE): Object: 'Object Repository/Master Data/Admin Sekolah/Lihat Tagihan/Menu Tagihan' is clicked on

02-01-2025T15:26:09 - [MESSAGE][PASSED] - Object: 'Object Repository/Master Data/Admin Sekolah/Lihat Tagihan/Menu Tagihan' is clicked on

02-01-2025T15:26:09 - [TEST_STEP][PASSED] - delay(1, CONTINUE_ON_FAILURE): Delayed 1 second(s)

02-01-2025T15:26:10 - [MESSAGE][PASSED] - Delayed 1 second(s)

02-01-2025T15:26:10 - [TEST_STEP][PASSED] - click(findTestObject("Master Data/Admin Sekolah/Lihat Tagihan/Button View"), CONTINUE_ON_FAILURE): Object: 'Object Repository/Master Data/Admin Sekolah/Lihat Tagihan/Button View' is clicked on

02-01-2025T15:26:10 - [MESSAGE][PASSED] - Object: 'Object Repository/Master Data/Admin Sekolah/Lihat Tagihan/Button View' is clicked on

02-01-2025T15:26:10 - [MESSAGE][PASSED] - Call Test Case 'Test Cases/Master Data/Admin Sekolah/Master Data Tagihan/Lihat Tagihan' successfully

02-01-2025T15:26:10 - [TEST_STEP][PASSED] - callTestCase(findTestCase("Test Cases/Master Data/Admin Sekolah/Master Data Tagihan/Tambah Tagihan"), [:], CONTINUE_ON_FAILURE): Call Test Case 'Test Cases/Master Data/Admin Sekolah/Master Data Tagihan/Tambah Tagihan' successfully

02-01-2025T15:26:10 - [TEST_CASE][PASSED] - Test Cases/Master Data/Admin Sekolah/Master Data Tagihan/Tambah Tagihan: Test Cases/Master Data/Admin Sekolah/Master Data Tagihan/Tambah Tagihan

02-01-2025T15:26:10 - [TEST_STEP][PASSED] - openBrowser("", CONTINUE_ON_FAILURE): Browser is opened with url: ''

02-01-2025T15:26:10 - [MESSAGE][WARNING] - A browser is already opened. Closing browser and opening a new one

02-01-2025T15:26:11 - [MESSAGE][INFO] - Starting 'Chrome' driver

02-01-2025T15:26:11 - [MESSAGE][INFO] - Action delay is set to 0 milliseconds

02-01-2025T15:26:11 - [MESSAGE][PASSED] - Browser is opened with url: ''

02-01-2025T15:26:11 - [TEST_STEP][PASSED] - navigateToUrl("https://school-payment.digiform.co.id/login", CONTINUE_ON_FAILURE): Navigate to 'https://school-payment.digiform.co.id/login' successfully

02-01-2025T15:26:12 - [MESSAGE][PASSED] - Navigate to 'https://school-payment.digiform.co.id/login' successfully

02-01-2025T15:26:12 - [TEST_STEP][PASSED] - setText(findTestObject("Master Data/Admin Sekolah/Login/Field Email"), "admin.gudangsolusi@digiform.co.id", CONTINUE_ON_FAILURE): Text 'admin.gudangsolusi@digiform.co.id' is set on object 'Object Repository/Master Data/Admin Sekolah/Login/Field Email'

02-01-2025T15:26:13 - [MESSAGE][PASSED] - Text 'admin.gudangsolusi@digiform.co.id' is set on object 'Object Repository/Master Data/Admin Sekolah/Login/Field Email'

02-01-2025T15:26:13 - [TEST_STEP][PASSED] - setText(findTestObject("Master Data/Admin Sekolah/Login/Input Password"), "Test1234", CONTINUE_ON_FAILURE): Text 'Test1234' is set on object 'Object Repository/Master Data/Admin Sekolah/Login/Input Password'

02-01-2025T15:26:14 - [MESSAGE][PASSED] - Text 'Test1234' is set on object 'Object Repository/Master Data/Admin Sekolah/Login/Input Password'

02-01-2025T15:26:14 - [TEST_STEP][PASSED] - click(findTestObject("Master Data/Admin Sekolah/Login/Button Submit"), CONTINUE_ON_FAILURE): Object: 'Object Repository/Master Data/Admin Sekolah/Login/Button Submit' is clicked on

02-01-2025T15:26:14 - [MESSAGE][PASSED] - Object: 'Object Repository/Master Data/Admin Sekolah/Login/Button Submit' is clicked on

02-01-2025T15:26:14 - [TEST_STEP][PASSED] - click(findTestObject("Master Data/Admin Sekolah/Tambah Tagihan/Menu Master Data"), CONTINUE_ON_FAILURE): Object: 'Object Repository/Master Data/Admin Sekolah/Tambah Tagihan/Menu Master Data' is clicked on

02-01-2025T15:26:16 - [MESSAGE][PASSED] - Object: 'Object Repository/Master Data/Admin Sekolah/Tambah Tagihan/Menu Master Data' is clicked on

02-01-2025T15:26:16 - [TEST_STEP][PASSED] - click(findTestObject("Master Data/Admin Sekolah/Tambah Tagihan/Menu Tagihan"), CONTINUE_ON_FAILURE): Object: 'Object Repository/Master Data/Admin Sekolah/Tambah Tagihan/Menu Tagihan' is clicked on

02-01-2025T15:26:17 - [MESSAGE][PASSED] - Object: 'Object Repository/Master Data/Admin Sekolah/Tambah Tagihan/Menu Tagihan' is clicked on

02-01-2025T15:26:17 - [TEST_STEP][PASSED] - click(findTestObject("Master Data/Admin Sekolah/Tambah Tagihan/Button Tambah"), CONTINUE_ON_FAILURE): Object: 'Object Repository/Master Data/Admin Sekolah/Tambah Tagihan/Button Tambah' is clicked on

02-01-2025T15:26:18 - [MESSAGE][PASSED] - Object: 'Object Repository/Master Data/Admin Sekolah/Tambah Tagihan/Button Tambah' is clicked on

02-01-2025T15:26:18 - [TEST_STEP][PASSED] - setText(findTestObject("Master Data/Admin Sekolah/Tambah Tagihan/Input Nama Tagihan"), "KATALONZ", CONTINUE_ON_FAILURE): Text 'KATALONZ' is set on object 'Object Repository/Master Data/Admin Sekolah/Tambah Tagihan/Input Nama Tagihan'

02-01-2025T15:26:19 - [MESSAGE][PASSED] - Text 'KATALONZ' is set on object 'Object Repository/Master Data/Admin Sekolah/Tambah Tagihan/Input Nama Tagihan'

02-01-2025T15:26:19 - [TEST_STEP][PASSED] - click(findTestObject("Master Data/Admin Sekolah/Tambah Tagihan/Select Tipe Tagihan"), CONTINUE_ON_FAILURE): Object: 'Object Repository/Master Data/Admin Sekolah/Tambah Tagihan/Select Tipe Tagihan' is clicked on

02-01-2025T15:26:19 - [MESSAGE][PASSED] - Object: 'Object Repository/Master Data/Admin Sekolah/Tambah Tagihan/Select Tipe Tagihan' is clicked on

02-01-2025T15:26:19 - [TEST_STEP][PASSED] - click(findTestObject("Master Data/Admin Sekolah/Tambah Tagihan/Tagihan Regular"), CONTINUE_ON_FAILURE): Object: 'Object Repository/Master Data/Admin Sekolah/Tambah Tagihan/Tagihan Regular' is clicked on

02-01-2025T15:26:20 - [MESSAGE][PASSED] - Object: 'Object Repository/Master Data/Admin Sekolah/Tambah Tagihan/Tagihan Regular' is clicked on

02-01-2025T15:26:20 - [TEST_STEP][PASSED] - click(findTestObject("Master Data/Admin Sekolah/Tambah Tagihan/Klik Tahun Ajaran")): Object: 'Object Repository/Master Data/Admin Sekolah/Tambah Tagihan/Klik Tahun Ajaran' is clicked on

02-01-2025T15:26:20 - [MESSAGE][PASSED] - Object: 'Object Repository/Master Data/Admin Sekolah/Tambah Tagihan/Klik Tahun Ajaran' is clicked on

02-01-2025T15:26:20 - [TEST_STEP][PASSED] - click(findTestObject("Master Data/Admin Sekolah/Tambah Tagihan/2023-2024")): Object: 'Object Repository/Master Data/Admin Sekolah/Tambah Tagihan/2023-2024' is clicked on

02-01-2025T15:26:20 - [MESSAGE][PASSED] - Object: 'Object Repository/Master Data/Admin Sekolah/Tambah Tagihan/2023-2024' is clicked on

02-01-2025T15:26:20 - [TEST_STEP][PASSED] - click(findTestObject("Master Data/Admin Sekolah/Tambah Tagihan/Select Kelas"), CONTINUE_ON_FAILURE): Object: 'Object Repository/Master Data/Admin Sekolah/Tambah Tagihan/Select Kelas' is clicked on

02-01-2025T15:26:21 - [MESSAGE][PASSED] - Object: 'Object Repository/Master Data/Admin Sekolah/Tambah Tagihan/Select Kelas' is clicked on

02-01-2025T15:26:21 - [TEST_STEP][PASSED] - click(findTestObject("Master Data/Admin Sekolah/Tambah Tagihan/Semua Kelas"), CONTINUE_ON_FAILURE): Object: 'Object Repository/Master Data/Admin Sekolah/Tambah Tagihan/Semua Kelas' is clicked on

02-01-2025T15:26:21 - [MESSAGE][PASSED] - Object: 'Object Repository/Master Data/Admin Sekolah/Tambah Tagihan/Semua Kelas' is clicked on

02-01-2025T15:26:21 - [TEST_STEP][PASSED] - click(findTestObject("Master Data/Admin Sekolah/Tambah Tagihan/Tutup Kelas")): Object: 'Object Repository/Master Data/Admin Sekolah/Tambah Tagihan/Tutup Kelas' is clicked on

02-01-2025T15:26:22 - [MESSAGE][PASSED] - Object: 'Object Repository/Master Data/Admin Sekolah/Tambah Tagihan/Tutup Kelas' is clicked on

02-01-2025T15:26:22 - [TEST_STEP][PASSED] - setText(findTestObject("Master Data/Admin Sekolah/Tambah Tagihan/Input Kode Tagihan"), "HKU", CONTINUE_ON_FAILURE): Text 'HKU' is set on object 'Object Repository/Master Data/Admin Sekolah/Tambah Tagihan/Input Kode Tagihan'

02-01-2025T15:26:22 - [MESSAGE][PASSED] - Text 'HKU' is set on object 'Object Repository/Master Data/Admin Sekolah/Tambah Tagihan/Input Kode Tagihan'

02-01-2025T15:26:22 - [TEST_STEP][PASSED] - setText(findTestObject("Master Data/Admin Sekolah/Tambah Tagihan/Input Jumlah Tagihan"), "750000", CONTINUE_ON_FAILURE): Text '750000' is set on object 'Object Repository/Master Data/Admin Sekolah/Tambah Tagihan/Input Jumlah Tagihan'

02-01-2025T15:26:23 - [MESSAGE][PASSED] - Text '750000' is set on object 'Object Repository/Master Data/Admin Sekolah/Tambah Tagihan/Input Jumlah Tagihan'

02-01-2025T15:26:23 - [TEST_STEP][PASSED] - click(findTestObject("Master Data/Admin Sekolah/Tambah Tagihan/Select Rekening Bank"), CONTINUE_ON_FAILURE): Object: 'Object Repository/Master Data/Admin Sekolah/Tambah Tagihan/Select Rekening Bank' is clicked on

02-01-2025T15:26:23 - [MESSAGE][PASSED] - Object: 'Object Repository/Master Data/Admin Sekolah/Tambah Tagihan/Select Rekening Bank' is clicked on

02-01-2025T15:26:23 - [TEST_STEP][PASSED] - click(findTestObject("Master Data/Admin Sekolah/Tambah Tagihan/CIMB"), CONTINUE_ON_FAILURE): Object: 'Object Repository/Master Data/Admin Sekolah/Tambah Tagihan/CIMB' is clicked on

02-01-2025T15:26:23 - [MESSAGE][PASSED] - Object: 'Object Repository/Master Data/Admin Sekolah/Tambah Tagihan/CIMB' is clicked on

02-01-2025T15:26:23 - [TEST_STEP][PASSED] - setText(findTestObject("Master Data/Admin Sekolah/Tambah Tagihan/Input Keterangan"), "Ini keterangan katalon", CONTINUE_ON_FAILURE): Text 'Ini keterangan katalon' is set on object 'Object Repository/Master Data/Admin Sekolah/Tambah Tagihan/Input Keterangan'

02-01-2025T15:26:24 - [MESSAGE][PASSED] - Text 'Ini keterangan katalon' is set on object 'Object Repository/Master Data/Admin Sekolah/Tambah Tagihan/Input Keterangan'

02-01-2025T15:26:24 - [TEST_STEP][PASSED] - click(findTestObject("Master Data/Admin Sekolah/Tambah Tagihan/Button Generate"), CONTINUE_ON_FAILURE): Object: 'Object Repository/Master Data/Admin Sekolah/Tambah Tagihan/Button Generate' is clicked on

02-01-2025T15:26:25 - [MESSAGE][PASSED] - Object: 'Object Repository/Master Data/Admin Sekolah/Tambah Tagihan/Button Generate' is clicked on

02-01-2025T15:26:25 - [TEST_STEP][PASSED] - click(findTestObject("Master Data/Admin Sekolah/Tambah Tagihan/Button Tambahkan"), CONTINUE_ON_FAILURE): Object: 'Object Repository/Master Data/Admin Sekolah/Tambah Tagihan/Button Tambahkan' is clicked on

02-01-2025T15:26:25 - [MESSAGE][PASSED] - Object: 'Object Repository/Master Data/Admin Sekolah/Tambah Tagihan/Button Tambahkan' is clicked on

02-01-2025T15:26:25 - [TEST_STEP][PASSED] - click(findTestObject("Master Data/Admin Sekolah/Tambah Tagihan/Button YA"), CONTINUE_ON_FAILURE): Object: 'Object Repository/Master Data/Admin Sekolah/Tambah Tagihan/Button YA' is clicked on

02-01-2025T15:26:26 - [MESSAGE][PASSED] - Object: 'Object Repository/Master Data/Admin Sekolah/Tambah Tagihan/Button YA' is clicked on

02-01-2025T15:26:26 - [TEST_STEP][PASSED] - delay(3, CONTINUE_ON_FAILURE): Delayed 3 second(s)

02-01-2025T15:26:29 - [MESSAGE][PASSED] - Delayed 3 second(s)

02-01-2025T15:26:29 - [TEST_STEP][PASSED] - verifyTextPresent("Billing code sudah di gunakan", false, CONTINUE_ON_FAILURE): Text 'Billing code sudah di gunakan' is present on page 

02-01-2025T15:26:29 - [MESSAGE][PASSED] - Text 'Billing code sudah di gunakan' is present on page 

02-01-2025T15:26:29 - [TEST_STEP][PASSED] - delay(2, CONTINUE_ON_FAILURE): Delayed 2 second(s)

02-01-2025T15:26:31 - [MESSAGE][PASSED] - Delayed 2 second(s)

02-01-2025T15:26:31 - [TEST_STEP][PASSED] - minDigits = 2: null

02-01-2025T15:26:31 - [TEST_STEP][PASSED] - maxDigits = 5: null

02-01-2025T15:26:31 - [TEST_STEP][PASSED] - randomLength = Math.random() * maxDigits - minDigits + 1 + minDigits: null

02-01-2025T15:26:31 - [TEST_STEP][PASSED] - randomNumber = String.format("%0" + randomLength + "d", Math.random() * Math.pow(10, randomLength)): null

02-01-2025T15:26:31 - [TEST_STEP][PASSED] - click(findTestObject("Master Data/Admin Sekolah/Tambah Tagihan/Input Kode Tagihan"), CONTINUE_ON_FAILURE): Object: 'Object Repository/Master Data/Admin Sekolah/Tambah Tagihan/Input Kode Tagihan' is clicked on

02-01-2025T15:26:31 - [MESSAGE][PASSED] - Object: 'Object Repository/Master Data/Admin Sekolah/Tambah Tagihan/Input Kode Tagihan' is clicked on

02-01-2025T15:26:31 - [TEST_STEP][PASSED] - sendKeys(findTestObject("Master Data/Admin Sekolah/Tambah Tagihan/Input Kode Tagihan"), Keys.chord(CONTROL, "a", BACK_SPACE), CONTINUE_ON_FAILURE): Keys 'CONTROL + BACK_SPACE + a' sent to object: 'Object Repository/Master Data/Admin Sekolah/Tambah Tagihan/Input Kode Tagihan'

02-01-2025T15:26:32 - [MESSAGE][PASSED] - Keys 'CONTROL + BACK_SPACE + a' sent to object: 'Object Repository/Master Data/Admin Sekolah/Tambah Tagihan/Input Kode Tagihan'

02-01-2025T15:26:32 - [TEST_STEP][PASSED] - click(findTestObject("Master Data/Admin Sekolah/Tambah Tagihan/Input Kode Tagihan"), CONTINUE_ON_FAILURE): Object: 'Object Repository/Master Data/Admin Sekolah/Tambah Tagihan/Input Kode Tagihan' is clicked on

02-01-2025T15:26:32 - [MESSAGE][PASSED] - Object: 'Object Repository/Master Data/Admin Sekolah/Tambah Tagihan/Input Kode Tagihan' is clicked on

02-01-2025T15:26:32 - [TEST_STEP][PASSED] - setText(findTestObject("Master Data/Admin Sekolah/Tambah Tagihan/Input Kode Tagihan"), randomNumber, CONTINUE_ON_FAILURE): Text '92' is set on object 'Object Repository/Master Data/Admin Sekolah/Tambah Tagihan/Input Kode Tagihan'

02-01-2025T15:26:33 - [MESSAGE][PASSED] - Text '92' is set on object 'Object Repository/Master Data/Admin Sekolah/Tambah Tagihan/Input Kode Tagihan'

02-01-2025T15:26:33 - [TEST_STEP][PASSED] - delay(1, CONTINUE_ON_FAILURE): Delayed 1 second(s)

02-01-2025T15:26:34 - [MESSAGE][PASSED] - Delayed 1 second(s)

02-01-2025T15:26:34 - [TEST_STEP][PASSED] - if (getAttribute(findTestObject("Master Data/Admin Sekolah/Tambah Tagihan/Input Kode Tagihan"), "value") == ""): Attribute 'value' of object 'Object Repository/Master Data/Admin Sekolah/Tambah Tagihan/Input Kode Tagihan' is: '92'

02-01-2025T15:26:34 - [MESSAGE][PASSED] - Attribute 'value' of object 'Object Repository/Master Data/Admin Sekolah/Tambah Tagihan/Input Kode Tagihan' is: '92'

02-01-2025T15:26:34 - [TEST_STEP][PASSED] - else: null

02-01-2025T15:26:34 - [TEST_STEP][PASSED] - println("Field tidak kosong setelah clearText dan JavaScript. Cek ulang penghapusan."): null

02-01-2025T15:26:34 - [TEST_STEP][PASSED] - click(findTestObject("Master Data/Admin Sekolah/Tambah Tagihan/Button Tambahkan"), CONTINUE_ON_FAILURE): Object: 'Object Repository/Master Data/Admin Sekolah/Tambah Tagihan/Button Tambahkan' is clicked on

02-01-2025T15:26:34 - [MESSAGE][PASSED] - Object: 'Object Repository/Master Data/Admin Sekolah/Tambah Tagihan/Button Tambahkan' is clicked on

02-01-2025T15:26:34 - [TEST_STEP][PASSED] - click(findTestObject("Master Data/Admin Sekolah/Tambah Tagihan/Button YA"), CONTINUE_ON_FAILURE): Object: 'Object Repository/Master Data/Admin Sekolah/Tambah Tagihan/Button YA' is clicked on

02-01-2025T15:26:35 - [MESSAGE][PASSED] - Object: 'Object Repository/Master Data/Admin Sekolah/Tambah Tagihan/Button YA' is clicked on

02-01-2025T15:26:35 - [MESSAGE][PASSED] - Call Test Case 'Test Cases/Master Data/Admin Sekolah/Master Data Tagihan/Tambah Tagihan' successfully

02-01-2025T15:26:35 - [TEST_STEP][PASSED] - println("============================= Loop Again ==============================="): null

02-01-2025T15:26:35 - [TEST_STEP][FAILED] - callTestCase(findTestCase("Test Cases/Master Data/Admin Sekolah/Master Data Tagihan/Filter Tagihan"), [:], CONTINUE_ON_FAILURE): Unable to call Test Case 'Test Cases/Master Data/Admin Sekolah/Master Data Tagihan/Filter Tagihan' (Root cause: com.kms.katalon.core.exception.StepFailedException: Call Test Case 'Test Cases/Master Data/Admin Sekolah/Master Data Tagihan/Filter Tagihan' failed
	at com.kms.katalon.core.keyword.builtin.CallTestCaseKeyword$_callTestCase_closure1.doCall(CallTestCaseKeyword.groovy:63)
	at com.kms.katalon.core.keyword.builtin.CallTestCaseKeyword$_callTestCase_closure1.call(CallTestCaseKeyword.groovy)
	at com.kms.katalon.core.keyword.internal.KeywordMain.runKeyword(KeywordMain.groovy:75)
	at com.kms.katalon.core.keyword.builtin.CallTestCaseKeyword.callTestCase(CallTestCaseKeyword.groovy:81)
	at com.kms.katalon.core.keyword.builtin.CallTestCaseKeyword.execute(CallTestCaseKeyword.groovy:44)
	at com.kms.katalon.core.keyword.internal.KeywordExecutor.executeKeywordForPlatform(KeywordExecutor.groovy:74)
	at com.kms.katalon.core.keyword.BuiltinKeywords.callTestCase(BuiltinKeywords.groovy:310)
	at jdk.internal.reflect.GeneratedMethodAccessor48.invoke(Unknown Source)
	at java.base/jdk.internal.reflect.DelegatingMethodAccessorImpl.invoke(DelegatingMethodAccessorImpl.java:43)
	at Regresi Tagihan.run(Regresi Tagihan:22)
	at com.kms.katalon.core.main.ScriptEngine.run(ScriptEngine.java:194)
	at com.kms.katalon.core.main.ScriptEngine.runScriptAsRawText(ScriptEngine.java:119)
	at com.kms.katalon.core.main.TestCaseExecutor.runScript(TestCaseExecutor.java:448)
	at com.kms.katalon.core.main.TestCaseExecutor.doExecute(TestCaseExecutor.java:439)
	at com.kms.katalon.core.main.TestCaseExecutor.processExecutionPhase(TestCaseExecutor.java:418)
	at com.kms.katalon.core.main.TestCaseExecutor.accessMainPhase(TestCaseExecutor.java:410)
	at com.kms.katalon.core.main.TestCaseExecutor.execute(TestCaseExecutor.java:285)
	at com.kms.katalon.core.common.CommonExecutor.accessTestCaseMainPhase(CommonExecutor.java:65)
	at com.kms.katalon.core.main.TestSuiteExecutor.accessTestSuiteMainPhase(TestSuiteExecutor.java:161)
	at com.kms.katalon.core.main.TestSuiteExecutor.execute(TestSuiteExecutor.java:107)
	at com.kms.katalon.core.main.TestCaseMain.startTestSuite(TestCaseMain.java:176)
	at TempTestSuite1735805561810.run(TempTestSuite1735805561810.groovy:35)
	at java.base/jdk.internal.reflect.NativeMethodAccessorImpl.invoke0(Native Method)
	at java.base/jdk.internal.reflect.NativeMethodAccessorImpl.invoke(NativeMethodAccessorImpl.java:77)
	at java.base/jdk.internal.reflect.DelegatingMethodAccessorImpl.invoke(DelegatingMethodAccessorImpl.java:43)
Caused by: com.kms.katalon.core.exception.StepFailedException: Unable to click on object 'Object Repository/Master Data/Admin Sekolah/Filter Tagihan/CIMB' (Root cause: com.kms.katalon.core.exception.StepFailedException: Unable to click on object 'Object Repository/Master Data/Admin Sekolah/Filter Tagihan/CIMB'
	at com.kms.katalon.core.webui.keyword.internal.WebUIKeywordMain.stepFailed(WebUIKeywordMain.groovy:117)
	at com.kms.katalon.core.webui.keyword.internal.WebUIKeywordMain.runKeyword(WebUIKeywordMain.groovy:43)
	at com.kms.katalon.core.webui.keyword.builtin.ClickKeyword.click(ClickKeyword.groovy:75)
	at com.kms.katalon.core.webui.keyword.builtin.ClickKeyword.execute(ClickKeyword.groovy:40)
	at com.kms.katalon.core.keyword.internal.KeywordExecutor.executeKeywordForPlatform(KeywordExecutor.groovy:74)
	at com.kms.katalon.core.webui.keyword.WebUiBuiltInKeywords.click(WebUiBuiltInKeywords.groovy:684)
	at Filter Tagihan.run(Filter Tagihan:62)
	at com.kms.katalon.core.main.ScriptEngine.run(ScriptEngine.java:194)
	at com.kms.katalon.core.main.ScriptEngine.runScriptAsRawText(ScriptEngine.java:119)
	at com.kms.katalon.core.main.TestCaseExecutor.runScript(TestCaseExecutor.java:448)
	at com.kms.katalon.core.main.TestCaseExecutor.doExecute(TestCaseExecutor.java:439)
	at com.kms.katalon.core.main.TestCaseExecutor.processExecutionPhase(TestCaseExecutor.java:418)
	at com.kms.katalon.core.main.TestCaseExecutor.accessMainPhase(TestCaseExecutor.java:410)
	at com.kms.katalon.core.main.TestCaseExecutor.execute(TestCaseExecutor.java:285)
	at com.kms.katalon.core.main.TestCaseMain.runTestCase(TestCaseMain.java:133)
	at com.kms.katalon.core.keyword.builtin.CallTestCaseKeyword$_callTestCase_closure1.doCall(CallTestCaseKeyword.groovy:59)
	at com.kms.katalon.core.keyword.builtin.CallTestCaseKeyword$_callTestCase_closure1.call(CallTestCaseKeyword.groovy)
	at com.kms.katalon.core.keyword.internal.KeywordMain.runKeyword(KeywordMain.groovy:75)
	at com.kms.katalon.core.keyword.builtin.CallTestCaseKeyword.callTestCase(CallTestCaseKeyword.groovy:81)
	at com.kms.katalon.core.keyword.builtin.CallTestCaseKeyword.execute(CallTestCaseKeyword.groovy:44)
	at com.kms.katalon.core.keyword.internal.KeywordExecutor.executeKeywordForPlatform(KeywordExecutor.groovy:74)
	at com.kms.katalon.core.keyword.BuiltinKeywords.callTestCase(BuiltinKeywords.groovy:310)
	at jdk.internal.reflect.GeneratedMethodAccessor48.invoke(Unknown Source)
	at java.base/jdk.internal.reflect.DelegatingMethodAccessorImpl.invoke(DelegatingMethodAccessorImpl.java:43)
	at Regresi Tagihan.run(Regresi Tagihan:22)
	at com.kms.katalon.core.main.ScriptEngine.run(ScriptEngine.java:194)
	at com.kms.katalon.core.main.ScriptEngine.runScriptAsRawText(ScriptEngine.java:119)
	at com.kms.katalon.core.main.TestCaseExecutor.runScript(TestCaseExecutor.java:448)
	at com.kms.katalon.core.main.TestCaseExecutor.doExecute(TestCaseExecutor.java:439)
	at com.kms.katalon.core.main.TestCaseExecutor.processExecutionPhase(TestCaseExecutor.java:418)
	at com.kms.katalon.core.main.TestCaseExecutor.accessMainPhase(TestCaseExecutor.java:410)
	at com.kms.katalon.core.main.TestCaseExecutor.execute(TestCaseExecutor.java:285)
	at com.kms.katalon.core.common.CommonExecutor.accessTestCaseMainPhase(CommonExecutor.java:65)
	at com.kms.katalon.core.main.TestSuiteExecutor.accessTestSuiteMainPhase(TestSuiteExecutor.java:161)
	at com.kms.katalon.core.main.TestSuiteExecutor.execute(TestSuiteExecutor.java:107)
	at com.kms.katalon.core.main.TestCaseMain.startTestSuite(TestCaseMain.java:176)
	at TempTestSuite1735805561810.run(TempTestSuite1735805561810.groovy:35)
	at java.base/jdk.internal.reflect.NativeMethodAccessorImpl.invoke0(Native Method)
	at java.base/jdk.internal.reflect.NativeMethodAccessorImpl.invoke(NativeMethodAccessorImpl.java:77)
	at java.base/jdk.internal.reflect.DelegatingMethodAccessorImpl.invoke(DelegatingMethodAccessorImpl.java:43)
Caused by: com.kms.katalon.core.webui.exception.WebElementNotFoundException: Web element with id: 'Object Repository/Master Data/Admin Sekolah/Filter Tagihan/CIMB' located by '//div[@data-testid='option-91' and .//p[@data-testid='paragraph' and text()='CIMB - 1223123123']]' not found
	at com.kms.katalon.core.webui.common.WebUiCommonHelper.findWebElement(WebUiCommonHelper.java:1426)
	at com.kms.katalon.core.webui.keyword.internal.WebUIAbstractKeyword.findWebElement(WebUIAbstractKeyword.groovy:27)
	at com.kms.katalon.core.webui.keyword.builtin.ClickKeyword$_click_closure1.doCall(ClickKeyword.groovy:66)
	at com.kms.katalon.core.webui.keyword.builtin.ClickKeyword$_click_closure1.call(ClickKeyword.groovy)
	at com.kms.katalon.core.webui.keyword.internal.WebUIKeywordMain.runKeyword(WebUIKeywordMain.groovy:35)
	at com.kms.katalon.core.webui.keyword.builtin.ClickKeyword.click(ClickKeyword.groovy:75)
	at com.kms.katalon.core.webui.keyword.builtin.ClickKeyword.execute(ClickKeyword.groovy:40)
	at com.kms.katalon.core.keyword.internal.KeywordExecutor.executeKeywordForPlatform(KeywordExecutor.groovy:74)
	at com.kms.katalon.core.webui.keyword.WebUiBuiltInKeywords.click(WebUiBuiltInKeywords.groovy:684)
	at Script1731485365054.run(Script1731485365054.groovy:62)
	at com.kms.katalon.core.main.ScriptEngine.run(ScriptEngine.java:194)
	at com.kms.katalon.core.main.ScriptEngine.runScriptAsRawText(ScriptEngine.java:119)
	at com.kms.katalon.core.main.TestCaseExecutor.runScript(TestCaseExecutor.java:448)
	at com.kms.katalon.core.main.TestCaseExecutor.doExecute(TestCaseExecutor.java:439)
	at com.kms.katalon.core.main.TestCaseExecutor.processExecutionPhase(TestCaseExecutor.java:418)
	at com.kms.katalon.core.main.TestCaseExecutor.accessMainPhase(TestCaseExecutor.java:410)
	at com.kms.katalon.core.main.TestCaseExecutor.execute(TestCaseExecutor.java:285)
	at com.kms.katalon.core.main.TestCaseMain.runTestCase(TestCaseMain.java:133)
	at com.kms.katalon.core.keyword.builtin.CallTestCaseKeyword$_callTestCase_closure1.doCall(CallTestCaseKeyword.groovy:59)
	at com.kms.katalon.core.keyword.builtin.CallTestCaseKeyword$_callTestCase_closure1.call(CallTestCaseKeyword.groovy)
	at com.kms.katalon.core.keyword.internal.KeywordMain.runKeyword(KeywordMain.groovy:75)
	at com.kms.katalon.core.keyword.builtin.CallTestCaseKeyword.callTestCase(CallTestCaseKeyword.groovy:81)
	at com.kms.katalon.core.keyword.builtin.CallTestCaseKeyword.execute(CallTestCaseKeyword.groovy:44)
	at com.kms.katalon.core.keyword.internal.KeywordExecutor.executeKeywordForPlatform(KeywordExecutor.groovy:74)
	at com.kms.katalon.core.keyword.BuiltinKeywords.callTestCase(BuiltinKeywords.groovy:310)
	at jdk.internal.reflect.GeneratedMethodAccessor48.invoke(Unknown Source)
	at java.base/jdk.internal.reflect.DelegatingMethodAccessorImpl.invoke(DelegatingMethodAccessorImpl.java:43)
	at Script1735746434271.run(Script1735746434271.groovy:22)
	... 15 more
)
	at com.kms.katalon.core.keyword.internal.KeywordMain.stepFailed(KeywordMain.groovy:39)
	at com.kms.katalon.core.webui.keyword.internal.WebUIKeywordMain.stepFailed(WebUIKeywordMain.groovy:117)
	at com.kms.katalon.core.webui.keyword.internal.WebUIKeywordMain.runKeyword(WebUIKeywordMain.groovy:43)
	at com.kms.katalon.core.webui.keyword.builtin.ClickKeyword.click(ClickKeyword.groovy:75)
	at com.kms.katalon.core.webui.keyword.builtin.ClickKeyword.execute(ClickKeyword.groovy:40)
	at com.kms.katalon.core.keyword.internal.KeywordExecutor.executeKeywordForPlatform(KeywordExecutor.groovy:74)
	at com.kms.katalon.core.webui.keyword.WebUiBuiltInKeywords.click(WebUiBuiltInKeywords.groovy:684)
	at Filter Tagihan.run(Filter Tagihan:62)
	at com.kms.katalon.core.main.ScriptEngine.run(ScriptEngine.java:194)
	at com.kms.katalon.core.main.ScriptEngine.runScriptAsRawText(ScriptEngine.java:119)
	at com.kms.katalon.core.main.TestCaseExecutor.runScript(TestCaseExecutor.java:448)
	at com.kms.katalon.core.main.TestCaseExecutor.doExecute(TestCaseExecutor.java:439)
	at com.kms.katalon.core.main.TestCaseExecutor.processExecutionPhase(TestCaseExecutor.java:418)
	at com.kms.katalon.core.main.TestCaseExecutor.accessMainPhase(TestCaseExecutor.java:410)
	at com.kms.katalon.core.main.TestCaseExecutor.execute(TestCaseExecutor.java:285)
	at com.kms.katalon.core.main.TestCaseMain.runTestCase(TestCaseMain.java:133)
	at com.kms.katalon.core.keyword.builtin.CallTestCaseKeyword$_callTestCase_closure1.doCall(CallTestCaseKeyword.groovy:59)
	... 24 more
Caused by: com.kms.katalon.core.exception.StepFailedException: Unable to click on object 'Object Repository/Master Data/Admin Sekolah/Filter Tagihan/CIMB'
	... 40 more
Caused by: com.kms.katalon.core.webui.exception.WebElementNotFoundException: Web element with id: 'Object Repository/Master Data/Admin Sekolah/Filter Tagihan/CIMB' located by '//div[@data-testid='option-91' and .//p[@data-testid='paragraph' and text()='CIMB - 1223123123']]' not found
	at com.kms.katalon.core.webui.common.WebUiCommonHelper.findWebElement(WebUiCommonHelper.java:1426)
	at com.kms.katalon.core.webui.keyword.internal.WebUIAbstractKeyword.findWebElement(WebUIAbstractKeyword.groovy:27)
	at com.kms.katalon.core.webui.keyword.builtin.ClickKeyword$_click_closure1.doCall(ClickKeyword.groovy:66)
	at com.kms.katalon.core.webui.keyword.builtin.ClickKeyword$_click_closure1.call(ClickKeyword.groovy)
	at com.kms.katalon.core.webui.keyword.internal.WebUIKeywordMain.runKeyword(WebUIKeywordMain.groovy:35)
	... 38 more
)

02-01-2025T15:26:35 - [TEST_CASE][FAILED] - Test Cases/Master Data/Admin Sekolah/Master Data Tagihan/Filter Tagihan: Test Cases/Master Data/Admin Sekolah/Master Data Tagihan/Filter Tagihan FAILED.
Reason:
com.kms.katalon.core.exception.StepFailedException: Unable to click on object 'Object Repository/Master Data/Admin Sekolah/Filter Tagihan/CIMB' (Root cause: com.kms.katalon.core.exception.StepFailedException: Unable to click on object 'Object Repository/Master Data/Admin Sekolah/Filter Tagihan/CIMB'
	at com.kms.katalon.core.webui.keyword.internal.WebUIKeywordMain.stepFailed(WebUIKeywordMain.groovy:117)
	at com.kms.katalon.core.webui.keyword.internal.WebUIKeywordMain.runKeyword(WebUIKeywordMain.groovy:43)
	at com.kms.katalon.core.webui.keyword.builtin.ClickKeyword.click(ClickKeyword.groovy:75)
	at com.kms.katalon.core.webui.keyword.builtin.ClickKeyword.execute(ClickKeyword.groovy:40)
	at com.kms.katalon.core.keyword.internal.KeywordExecutor.executeKeywordForPlatform(KeywordExecutor.groovy:74)
	at com.kms.katalon.core.webui.keyword.WebUiBuiltInKeywords.click(WebUiBuiltInKeywords.groovy:684)
	at Filter Tagihan.run(Filter Tagihan:62)
	at com.kms.katalon.core.main.ScriptEngine.run(ScriptEngine.java:194)
	at com.kms.katalon.core.main.ScriptEngine.runScriptAsRawText(ScriptEngine.java:119)
	at com.kms.katalon.core.main.TestCaseExecutor.runScript(TestCaseExecutor.java:448)
	at com.kms.katalon.core.main.TestCaseExecutor.doExecute(TestCaseExecutor.java:439)
	at com.kms.katalon.core.main.TestCaseExecutor.processExecutionPhase(TestCaseExecutor.java:418)
	at com.kms.katalon.core.main.TestCaseExecutor.accessMainPhase(TestCaseExecutor.java:410)
	at com.kms.katalon.core.main.TestCaseExecutor.execute(TestCaseExecutor.java:285)
	at com.kms.katalon.core.main.TestCaseMain.runTestCase(TestCaseMain.java:133)
	at com.kms.katalon.core.keyword.builtin.CallTestCaseKeyword$_callTestCase_closure1.doCall(CallTestCaseKeyword.groovy:59)
	at com.kms.katalon.core.keyword.builtin.CallTestCaseKeyword$_callTestCase_closure1.call(CallTestCaseKeyword.groovy)
	at com.kms.katalon.core.keyword.internal.KeywordMain.runKeyword(KeywordMain.groovy:75)
	at com.kms.katalon.core.keyword.builtin.CallTestCaseKeyword.callTestCase(CallTestCaseKeyword.groovy:81)
	at com.kms.katalon.core.keyword.builtin.CallTestCaseKeyword.execute(CallTestCaseKeyword.groovy:44)
	at com.kms.katalon.core.keyword.internal.KeywordExecutor.executeKeywordForPlatform(KeywordExecutor.groovy:74)
	at com.kms.katalon.core.keyword.BuiltinKeywords.callTestCase(BuiltinKeywords.groovy:310)
	at jdk.internal.reflect.GeneratedMethodAccessor48.invoke(Unknown Source)
	at java.base/jdk.internal.reflect.DelegatingMethodAccessorImpl.invoke(DelegatingMethodAccessorImpl.java:43)
	at Regresi Tagihan.run(Regresi Tagihan:22)
	at com.kms.katalon.core.main.ScriptEngine.run(ScriptEngine.java:194)
	at com.kms.katalon.core.main.ScriptEngine.runScriptAsRawText(ScriptEngine.java:119)
	at com.kms.katalon.core.main.TestCaseExecutor.runScript(TestCaseExecutor.java:448)
	at com.kms.katalon.core.main.TestCaseExecutor.doExecute(TestCaseExecutor.java:439)
	at com.kms.katalon.core.main.TestCaseExecutor.processExecutionPhase(TestCaseExecutor.java:418)
	at com.kms.katalon.core.main.TestCaseExecutor.accessMainPhase(TestCaseExecutor.java:410)
	at com.kms.katalon.core.main.TestCaseExecutor.execute(TestCaseExecutor.java:285)
	at com.kms.katalon.core.common.CommonExecutor.accessTestCaseMainPhase(CommonExecutor.java:65)
	at com.kms.katalon.core.main.TestSuiteExecutor.accessTestSuiteMainPhase(TestSuiteExecutor.java:161)
	at com.kms.katalon.core.main.TestSuiteExecutor.execute(TestSuiteExecutor.java:107)
	at com.kms.katalon.core.main.TestCaseMain.startTestSuite(TestCaseMain.java:176)
	at TempTestSuite1735805561810.run(TempTestSuite1735805561810.groovy:35)
	at java.base/jdk.internal.reflect.NativeMethodAccessorImpl.invoke0(Native Method)
	at java.base/jdk.internal.reflect.NativeMethodAccessorImpl.invoke(NativeMethodAccessorImpl.java:77)
	at java.base/jdk.internal.reflect.DelegatingMethodAccessorImpl.invoke(DelegatingMethodAccessorImpl.java:43)
Caused by: com.kms.katalon.core.webui.exception.WebElementNotFoundException: Web element with id: 'Object Repository/Master Data/Admin Sekolah/Filter Tagihan/CIMB' located by '//div[@data-testid='option-91' and .//p[@data-testid='paragraph' and text()='CIMB - 1223123123']]' not found
	at com.kms.katalon.core.webui.common.WebUiCommonHelper.findWebElement(WebUiCommonHelper.java:1426)
	at com.kms.katalon.core.webui.keyword.internal.WebUIAbstractKeyword.findWebElement(WebUIAbstractKeyword.groovy:27)
	at com.kms.katalon.core.webui.keyword.builtin.ClickKeyword$_click_closure1.doCall(ClickKeyword.groovy:66)
	at com.kms.katalon.core.webui.keyword.builtin.ClickKeyword$_click_closure1.call(ClickKeyword.groovy)
	at com.kms.katalon.core.webui.keyword.internal.WebUIKeywordMain.runKeyword(WebUIKeywordMain.groovy:35)
	at com.kms.katalon.core.webui.keyword.builtin.ClickKeyword.click(ClickKeyword.groovy:75)
	at com.kms.katalon.core.webui.keyword.builtin.ClickKeyword.execute(ClickKeyword.groovy:40)
	at com.kms.katalon.core.keyword.internal.KeywordExecutor.executeKeywordForPlatform(KeywordExecutor.groovy:74)
	at com.kms.katalon.core.webui.keyword.WebUiBuiltInKeywords.click(WebUiBuiltInKeywords.groovy:684)
	at Script1731485365054.run(Script1731485365054.groovy:62)
	at com.kms.katalon.core.main.ScriptEngine.run(ScriptEngine.java:194)
	at com.kms.katalon.core.main.ScriptEngine.runScriptAsRawText(ScriptEngine.java:119)
	at com.kms.katalon.core.main.TestCaseExecutor.runScript(TestCaseExecutor.java:448)
	at com.kms.katalon.core.main.TestCaseExecutor.doExecute(TestCaseExecutor.java:439)
	at com.kms.katalon.core.main.TestCaseExecutor.processExecutionPhase(TestCaseExecutor.java:418)
	at com.kms.katalon.core.main.TestCaseExecutor.accessMainPhase(TestCaseExecutor.java:410)
	at com.kms.katalon.core.main.TestCaseExecutor.execute(TestCaseExecutor.java:285)
	at com.kms.katalon.core.main.TestCaseMain.runTestCase(TestCaseMain.java:133)
	at com.kms.katalon.core.keyword.builtin.CallTestCaseKeyword$_callTestCase_closure1.doCall(CallTestCaseKeyword.groovy:59)
	at com.kms.katalon.core.keyword.builtin.CallTestCaseKeyword$_callTestCase_closure1.call(CallTestCaseKeyword.groovy)
	at com.kms.katalon.core.keyword.internal.KeywordMain.runKeyword(KeywordMain.groovy:75)
	at com.kms.katalon.core.keyword.builtin.CallTestCaseKeyword.callTestCase(CallTestCaseKeyword.groovy:81)
	at com.kms.katalon.core.keyword.builtin.CallTestCaseKeyword.execute(CallTestCaseKeyword.groovy:44)
	at com.kms.katalon.core.keyword.internal.KeywordExecutor.executeKeywordForPlatform(KeywordExecutor.groovy:74)
	at com.kms.katalon.core.keyword.BuiltinKeywords.callTestCase(BuiltinKeywords.groovy:310)
	at jdk.internal.reflect.GeneratedMethodAccessor48.invoke(Unknown Source)
	at java.base/jdk.internal.reflect.DelegatingMethodAccessorImpl.invoke(DelegatingMethodAccessorImpl.java:43)
	at Script1735746434271.run(Script1735746434271.groovy:22)
	... 15 more
)
	at com.kms.katalon.core.keyword.internal.KeywordMain.stepFailed(KeywordMain.groovy:39)
	at com.kms.katalon.core.webui.keyword.internal.WebUIKeywordMain.stepFailed(WebUIKeywordMain.groovy:117)
	at com.kms.katalon.core.webui.keyword.internal.WebUIKeywordMain.runKeyword(WebUIKeywordMain.groovy:43)
	at com.kms.katalon.core.webui.keyword.builtin.ClickKeyword.click(ClickKeyword.groovy:75)
	at com.kms.katalon.core.webui.keyword.builtin.ClickKeyword.execute(ClickKeyword.groovy:40)
	at com.kms.katalon.core.keyword.internal.KeywordExecutor.executeKeywordForPlatform(KeywordExecutor.groovy:74)
	at com.kms.katalon.core.webui.keyword.WebUiBuiltInKeywords.click(WebUiBuiltInKeywords.groovy:684)
	at Filter Tagihan.run(Filter Tagihan:62)
	at com.kms.katalon.core.main.ScriptEngine.run(ScriptEngine.java:194)
	at com.kms.katalon.core.main.ScriptEngine.runScriptAsRawText(ScriptEngine.java:119)
	at com.kms.katalon.core.main.TestCaseExecutor.runScript(TestCaseExecutor.java:448)
	at com.kms.katalon.core.main.TestCaseExecutor.doExecute(TestCaseExecutor.java:439)
	at com.kms.katalon.core.main.TestCaseExecutor.processExecutionPhase(TestCaseExecutor.java:418)
	at com.kms.katalon.core.main.TestCaseExecutor.accessMainPhase(TestCaseExecutor.java:410)
	at com.kms.katalon.core.main.TestCaseExecutor.execute(TestCaseExecutor.java:285)
	at com.kms.katalon.core.main.TestCaseMain.runTestCase(TestCaseMain.java:133)
	at com.kms.katalon.core.keyword.builtin.CallTestCaseKeyword$_callTestCase_closure1.doCall(CallTestCaseKeyword.groovy:59)
	at com.kms.katalon.core.keyword.builtin.CallTestCaseKeyword$_callTestCase_closure1.call(CallTestCaseKeyword.groovy)
	at com.kms.katalon.core.keyword.internal.KeywordMain.runKeyword(KeywordMain.groovy:75)
	at com.kms.katalon.core.keyword.builtin.CallTestCaseKeyword.callTestCase(CallTestCaseKeyword.groovy:81)
	at com.kms.katalon.core.keyword.builtin.CallTestCaseKeyword.execute(CallTestCaseKeyword.groovy:44)
	at com.kms.katalon.core.keyword.internal.KeywordExecutor.executeKeywordForPlatform(KeywordExecutor.groovy:74)
	at com.kms.katalon.core.keyword.BuiltinKeywords.callTestCase(BuiltinKeywords.groovy:310)
	at jdk.internal.reflect.GeneratedMethodAccessor48.invoke(Unknown Source)
	at java.base/jdk.internal.reflect.DelegatingMethodAccessorImpl.invoke(DelegatingMethodAccessorImpl.java:43)
	at Regresi Tagihan.run(Regresi Tagihan:22)
	at com.kms.katalon.core.main.ScriptEngine.run(ScriptEngine.java:194)
	at com.kms.katalon.core.main.ScriptEngine.runScriptAsRawText(ScriptEngine.java:119)
	at com.kms.katalon.core.main.TestCaseExecutor.runScript(TestCaseExecutor.java:448)
	at com.kms.katalon.core.main.TestCaseExecutor.doExecute(TestCaseExecutor.java:439)
	at com.kms.katalon.core.main.TestCaseExecutor.processExecutionPhase(TestCaseExecutor.java:418)
	at com.kms.katalon.core.main.TestCaseExecutor.accessMainPhase(TestCaseExecutor.java:410)
	at com.kms.katalon.core.main.TestCaseExecutor.execute(TestCaseExecutor.java:285)
	at com.kms.katalon.core.common.CommonExecutor.accessTestCaseMainPhase(CommonExecutor.java:65)
	at com.kms.katalon.core.main.TestSuiteExecutor.accessTestSuiteMainPhase(TestSuiteExecutor.java:161)
	at com.kms.katalon.core.main.TestSuiteExecutor.execute(TestSuiteExecutor.java:107)
	at com.kms.katalon.core.main.TestCaseMain.startTestSuite(TestCaseMain.java:176)
	at TempTestSuite1735805561810.run(TempTestSuite1735805561810.groovy:35)
	at java.base/jdk.internal.reflect.NativeMethodAccessorImpl.invoke0(Native Method)
	at java.base/jdk.internal.reflect.NativeMethodAccessorImpl.invoke(NativeMethodAccessorImpl.java:77)
	at java.base/jdk.internal.reflect.DelegatingMethodAccessorImpl.invoke(DelegatingMethodAccessorImpl.java:43)
Caused by: com.kms.katalon.core.exception.StepFailedException: Unable to click on object 'Object Repository/Master Data/Admin Sekolah/Filter Tagihan/CIMB'
	... 40 more
Caused by: com.kms.katalon.core.webui.exception.WebElementNotFoundException: Web element with id: 'Object Repository/Master Data/Admin Sekolah/Filter Tagihan/CIMB' located by '//div[@data-testid='option-91' and .//p[@data-testid='paragraph' and text()='CIMB - 1223123123']]' not found
	at com.kms.katalon.core.webui.common.WebUiCommonHelper.findWebElement(WebUiCommonHelper.java:1426)
	at com.kms.katalon.core.webui.keyword.internal.WebUIAbstractKeyword.findWebElement(WebUIAbstractKeyword.groovy:27)
	at com.kms.katalon.core.webui.keyword.builtin.ClickKeyword$_click_closure1.doCall(ClickKeyword.groovy:66)
	at com.kms.katalon.core.webui.keyword.builtin.ClickKeyword$_click_closure1.call(ClickKeyword.groovy)
	at com.kms.katalon.core.webui.keyword.internal.WebUIKeywordMain.runKeyword(WebUIKeywordMain.groovy:35)
	... 38 more


02-01-2025T15:26:35 - [TEST_STEP][PASSED] - openBrowser("", CONTINUE_ON_FAILURE): Browser is opened with url: ''

02-01-2025T15:26:35 - [MESSAGE][WARNING] - A browser is already opened. Closing browser and opening a new one

02-01-2025T15:26:35 - [MESSAGE][INFO] - Starting 'Chrome' driver

02-01-2025T15:26:35 - [MESSAGE][INFO] - Action delay is set to 0 milliseconds

02-01-2025T15:26:35 - [MESSAGE][PASSED] - Browser is opened with url: ''

02-01-2025T15:26:35 - [TEST_STEP][PASSED] - navigateToUrl("https://school-payment.digiform.co.id/login", CONTINUE_ON_FAILURE): Navigate to 'https://school-payment.digiform.co.id/login' successfully

02-01-2025T15:26:36 - [MESSAGE][PASSED] - Navigate to 'https://school-payment.digiform.co.id/login' successfully

02-01-2025T15:26:36 - [TEST_STEP][PASSED] - click(findTestObject("Master Data/Admin Sekolah/Login/Field Email"), CONTINUE_ON_FAILURE): Object: 'Object Repository/Master Data/Admin Sekolah/Login/Field Email' is clicked on

02-01-2025T15:26:37 - [MESSAGE][PASSED] - Object: 'Object Repository/Master Data/Admin Sekolah/Login/Field Email' is clicked on

02-01-2025T15:26:37 - [TEST_STEP][PASSED] - setText(findTestObject("Master Data/Admin Sekolah/Login/Field Email"), "admin.gudangsolusi@digiform.co.id", CONTINUE_ON_FAILURE): Text 'admin.gudangsolusi@digiform.co.id' is set on object 'Object Repository/Master Data/Admin Sekolah/Login/Field Email'

02-01-2025T15:26:38 - [MESSAGE][PASSED] - Text 'admin.gudangsolusi@digiform.co.id' is set on object 'Object Repository/Master Data/Admin Sekolah/Login/Field Email'

02-01-2025T15:26:38 - [TEST_STEP][PASSED] - delay(1, CONTINUE_ON_FAILURE): Delayed 1 second(s)

02-01-2025T15:26:39 - [MESSAGE][PASSED] - Delayed 1 second(s)

02-01-2025T15:26:39 - [TEST_STEP][PASSED] - click(findTestObject("Master Data/Admin Sekolah/Login/Input Password"), CONTINUE_ON_FAILURE): Object: 'Object Repository/Master Data/Admin Sekolah/Login/Input Password' is clicked on

02-01-2025T15:26:39 - [MESSAGE][PASSED] - Object: 'Object Repository/Master Data/Admin Sekolah/Login/Input Password' is clicked on

02-01-2025T15:26:39 - [TEST_STEP][PASSED] - setText(findTestObject("Master Data/Admin Sekolah/Login/Input Password"), "Test1234", CONTINUE_ON_FAILURE): Text 'Test1234' is set on object 'Object Repository/Master Data/Admin Sekolah/Login/Input Password'

02-01-2025T15:26:40 - [MESSAGE][PASSED] - Text 'Test1234' is set on object 'Object Repository/Master Data/Admin Sekolah/Login/Input Password'

02-01-2025T15:26:40 - [TEST_STEP][PASSED] - delay(1, CONTINUE_ON_FAILURE): Delayed 1 second(s)

02-01-2025T15:26:41 - [MESSAGE][PASSED] - Delayed 1 second(s)

02-01-2025T15:26:41 - [TEST_STEP][PASSED] - click(findTestObject("Master Data/Admin Sekolah/Login/Button Submit"), CONTINUE_ON_FAILURE): Object: 'Object Repository/Master Data/Admin Sekolah/Login/Button Submit' is clicked on

02-01-2025T15:26:41 - [MESSAGE][PASSED] - Object: 'Object Repository/Master Data/Admin Sekolah/Login/Button Submit' is clicked on

02-01-2025T15:26:41 - [TEST_STEP][PASSED] - click(findTestObject("Master Data/Admin Sekolah/Lihat Tagihan/Menu Master Data"), CONTINUE_ON_FAILURE): Object: 'Object Repository/Master Data/Admin Sekolah/Lihat Tagihan/Menu Master Data' is clicked on

02-01-2025T15:26:42 - [MESSAGE][PASSED] - Object: 'Object Repository/Master Data/Admin Sekolah/Lihat Tagihan/Menu Master Data' is clicked on

02-01-2025T15:26:42 - [TEST_STEP][PASSED] - delay(1, CONTINUE_ON_FAILURE): Delayed 1 second(s)

02-01-2025T15:26:43 - [MESSAGE][PASSED] - Delayed 1 second(s)

02-01-2025T15:26:43 - [TEST_STEP][PASSED] - click(findTestObject("Master Data/Admin Sekolah/Lihat Tagihan/Menu Tagihan"), CONTINUE_ON_FAILURE): Object: 'Object Repository/Master Data/Admin Sekolah/Lihat Tagihan/Menu Tagihan' is clicked on

02-01-2025T15:26:44 - [MESSAGE][PASSED] - Object: 'Object Repository/Master Data/Admin Sekolah/Lihat Tagihan/Menu Tagihan' is clicked on

02-01-2025T15:26:44 - [TEST_STEP][PASSED] - delay(1, CONTINUE_ON_FAILURE): Delayed 1 second(s)

02-01-2025T15:26:45 - [MESSAGE][PASSED] - Delayed 1 second(s)

02-01-2025T15:26:45 - [TEST_STEP][PASSED] - click(findTestObject("Master Data/Admin Sekolah/Filter Tagihan/Button Filter"), CONTINUE_ON_FAILURE): Object: 'Object Repository/Master Data/Admin Sekolah/Filter Tagihan/Button Filter' is clicked on

02-01-2025T15:26:45 - [MESSAGE][PASSED] - Object: 'Object Repository/Master Data/Admin Sekolah/Filter Tagihan/Button Filter' is clicked on

02-01-2025T15:26:45 - [TEST_STEP][PASSED] - delay(1, CONTINUE_ON_FAILURE): Delayed 1 second(s)

02-01-2025T15:26:46 - [MESSAGE][PASSED] - Delayed 1 second(s)

02-01-2025T15:26:46 - [TEST_STEP][PASSED] - click(findTestObject("Master Data/Admin Sekolah/Filter Tagihan/Select Tipe Tagihan"), CONTINUE_ON_FAILURE): Object: 'Object Repository/Master Data/Admin Sekolah/Filter Tagihan/Select Tipe Tagihan' is clicked on

02-01-2025T15:26:46 - [MESSAGE][PASSED] - Object: 'Object Repository/Master Data/Admin Sekolah/Filter Tagihan/Select Tipe Tagihan' is clicked on

02-01-2025T15:26:46 - [TEST_STEP][PASSED] - delay(1, CONTINUE_ON_FAILURE): Delayed 1 second(s)

02-01-2025T15:26:47 - [MESSAGE][PASSED] - Delayed 1 second(s)

02-01-2025T15:26:47 - [TEST_STEP][PASSED] - click(findTestObject("Master Data/Admin Sekolah/Filter Tagihan/Tagihan Reguler"), CONTINUE_ON_FAILURE): Object: 'Object Repository/Master Data/Admin Sekolah/Filter Tagihan/Tagihan Reguler' is clicked on

02-01-2025T15:26:48 - [MESSAGE][PASSED] - Object: 'Object Repository/Master Data/Admin Sekolah/Filter Tagihan/Tagihan Reguler' is clicked on

02-01-2025T15:26:48 - [TEST_STEP][PASSED] - delay(1, CONTINUE_ON_FAILURE): Delayed 1 second(s)

02-01-2025T15:26:49 - [MESSAGE][PASSED] - Delayed 1 second(s)

02-01-2025T15:26:49 - [TEST_STEP][PASSED] - click(findTestObject("Master Data/Admin Sekolah/Filter Tagihan/Select Rekening Bank"), CONTINUE_ON_FAILURE): Object: 'Object Repository/Master Data/Admin Sekolah/Filter Tagihan/Select Rekening Bank' is clicked on

02-01-2025T15:26:49 - [MESSAGE][PASSED] - Object: 'Object Repository/Master Data/Admin Sekolah/Filter Tagihan/Select Rekening Bank' is clicked on

02-01-2025T15:26:49 - [TEST_STEP][PASSED] - delay(1, CONTINUE_ON_FAILURE): Delayed 1 second(s)

02-01-2025T15:26:50 - [MESSAGE][PASSED] - Delayed 1 second(s)

02-01-2025T15:26:50 - [TEST_STEP][FAILED] - click(findTestObject("Master Data/Admin Sekolah/Filter Tagihan/CIMB"), CONTINUE_ON_FAILURE): Unable to click on object 'Object Repository/Master Data/Admin Sekolah/Filter Tagihan/CIMB' (Root cause: com.kms.katalon.core.exception.StepFailedException: Unable to click on object 'Object Repository/Master Data/Admin Sekolah/Filter Tagihan/CIMB'
	at com.kms.katalon.core.webui.keyword.internal.WebUIKeywordMain.stepFailed(WebUIKeywordMain.groovy:117)
	at com.kms.katalon.core.webui.keyword.internal.WebUIKeywordMain.runKeyword(WebUIKeywordMain.groovy:43)
	at com.kms.katalon.core.webui.keyword.builtin.ClickKeyword.click(ClickKeyword.groovy:75)
	at com.kms.katalon.core.webui.keyword.builtin.ClickKeyword.execute(ClickKeyword.groovy:40)
	at com.kms.katalon.core.keyword.internal.KeywordExecutor.executeKeywordForPlatform(KeywordExecutor.groovy:74)
	at com.kms.katalon.core.webui.keyword.WebUiBuiltInKeywords.click(WebUiBuiltInKeywords.groovy:684)
	at Filter Tagihan.run(Filter Tagihan:62)
	at com.kms.katalon.core.main.ScriptEngine.run(ScriptEngine.java:194)
	at com.kms.katalon.core.main.ScriptEngine.runScriptAsRawText(ScriptEngine.java:119)
	at com.kms.katalon.core.main.TestCaseExecutor.runScript(TestCaseExecutor.java:448)
	at com.kms.katalon.core.main.TestCaseExecutor.doExecute(TestCaseExecutor.java:439)
	at com.kms.katalon.core.main.TestCaseExecutor.processExecutionPhase(TestCaseExecutor.java:418)
	at com.kms.katalon.core.main.TestCaseExecutor.accessMainPhase(TestCaseExecutor.java:410)
	at com.kms.katalon.core.main.TestCaseExecutor.execute(TestCaseExecutor.java:285)
	at com.kms.katalon.core.main.TestCaseMain.runTestCase(TestCaseMain.java:133)
	at com.kms.katalon.core.keyword.builtin.CallTestCaseKeyword$_callTestCase_closure1.doCall(CallTestCaseKeyword.groovy:59)
	at com.kms.katalon.core.keyword.builtin.CallTestCaseKeyword$_callTestCase_closure1.call(CallTestCaseKeyword.groovy)
	at com.kms.katalon.core.keyword.internal.KeywordMain.runKeyword(KeywordMain.groovy:75)
	at com.kms.katalon.core.keyword.builtin.CallTestCaseKeyword.callTestCase(CallTestCaseKeyword.groovy:81)
	at com.kms.katalon.core.keyword.builtin.CallTestCaseKeyword.execute(CallTestCaseKeyword.groovy:44)
	at com.kms.katalon.core.keyword.internal.KeywordExecutor.executeKeywordForPlatform(KeywordExecutor.groovy:74)
	at com.kms.katalon.core.keyword.BuiltinKeywords.callTestCase(BuiltinKeywords.groovy:310)
	at jdk.internal.reflect.GeneratedMethodAccessor48.invoke(Unknown Source)
	at java.base/jdk.internal.reflect.DelegatingMethodAccessorImpl.invoke(DelegatingMethodAccessorImpl.java:43)
	at Regresi Tagihan.run(Regresi Tagihan:22)
	at com.kms.katalon.core.main.ScriptEngine.run(ScriptEngine.java:194)
	at com.kms.katalon.core.main.ScriptEngine.runScriptAsRawText(ScriptEngine.java:119)
	at com.kms.katalon.core.main.TestCaseExecutor.runScript(TestCaseExecutor.java:448)
	at com.kms.katalon.core.main.TestCaseExecutor.doExecute(TestCaseExecutor.java:439)
	at com.kms.katalon.core.main.TestCaseExecutor.processExecutionPhase(TestCaseExecutor.java:418)
	at com.kms.katalon.core.main.TestCaseExecutor.accessMainPhase(TestCaseExecutor.java:410)
	at com.kms.katalon.core.main.TestCaseExecutor.execute(TestCaseExecutor.java:285)
	at com.kms.katalon.core.common.CommonExecutor.accessTestCaseMainPhase(CommonExecutor.java:65)
	at com.kms.katalon.core.main.TestSuiteExecutor.accessTestSuiteMainPhase(TestSuiteExecutor.java:161)
	at com.kms.katalon.core.main.TestSuiteExecutor.execute(TestSuiteExecutor.java:107)
	at com.kms.katalon.core.main.TestCaseMain.startTestSuite(TestCaseMain.java:176)
	at TempTestSuite1735805561810.run(TempTestSuite1735805561810.groovy:35)
	at java.base/jdk.internal.reflect.NativeMethodAccessorImpl.invoke0(Native Method)
	at java.base/jdk.internal.reflect.NativeMethodAccessorImpl.invoke(NativeMethodAccessorImpl.java:77)
	at java.base/jdk.internal.reflect.DelegatingMethodAccessorImpl.invoke(DelegatingMethodAccessorImpl.java:43)
Caused by: com.kms.katalon.core.webui.exception.WebElementNotFoundException: Web element with id: 'Object Repository/Master Data/Admin Sekolah/Filter Tagihan/CIMB' located by '//div[@data-testid='option-91' and .//p[@data-testid='paragraph' and text()='CIMB - 1223123123']]' not found
	at com.kms.katalon.core.webui.common.WebUiCommonHelper.findWebElement(WebUiCommonHelper.java:1426)
	at com.kms.katalon.core.webui.keyword.internal.WebUIAbstractKeyword.findWebElement(WebUIAbstractKeyword.groovy:27)
	at com.kms.katalon.core.webui.keyword.builtin.ClickKeyword$_click_closure1.doCall(ClickKeyword.groovy:66)
	at com.kms.katalon.core.webui.keyword.builtin.ClickKeyword$_click_closure1.call(ClickKeyword.groovy)
	at com.kms.katalon.core.webui.keyword.internal.WebUIKeywordMain.runKeyword(WebUIKeywordMain.groovy:35)
	at com.kms.katalon.core.webui.keyword.builtin.ClickKeyword.click(ClickKeyword.groovy:75)
	at com.kms.katalon.core.webui.keyword.builtin.ClickKeyword.execute(ClickKeyword.groovy:40)
	at com.kms.katalon.core.keyword.internal.KeywordExecutor.executeKeywordForPlatform(KeywordExecutor.groovy:74)
	at com.kms.katalon.core.webui.keyword.WebUiBuiltInKeywords.click(WebUiBuiltInKeywords.groovy:684)
	at Script1731485365054.run(Script1731485365054.groovy:62)
	at com.kms.katalon.core.main.ScriptEngine.run(ScriptEngine.java:194)
	at com.kms.katalon.core.main.ScriptEngine.runScriptAsRawText(ScriptEngine.java:119)
	at com.kms.katalon.core.main.TestCaseExecutor.runScript(TestCaseExecutor.java:448)
	at com.kms.katalon.core.main.TestCaseExecutor.doExecute(TestCaseExecutor.java:439)
	at com.kms.katalon.core.main.TestCaseExecutor.processExecutionPhase(TestCaseExecutor.java:418)
	at com.kms.katalon.core.main.TestCaseExecutor.accessMainPhase(TestCaseExecutor.java:410)
	at com.kms.katalon.core.main.TestCaseExecutor.execute(TestCaseExecutor.java:285)
	at com.kms.katalon.core.main.TestCaseMain.runTestCase(TestCaseMain.java:133)
	at com.kms.katalon.core.keyword.builtin.CallTestCaseKeyword$_callTestCase_closure1.doCall(CallTestCaseKeyword.groovy:59)
	at com.kms.katalon.core.keyword.builtin.CallTestCaseKeyword$_callTestCase_closure1.call(CallTestCaseKeyword.groovy)
	at com.kms.katalon.core.keyword.internal.KeywordMain.runKeyword(KeywordMain.groovy:75)
	at com.kms.katalon.core.keyword.builtin.CallTestCaseKeyword.callTestCase(CallTestCaseKeyword.groovy:81)
	at com.kms.katalon.core.keyword.builtin.CallTestCaseKeyword.execute(CallTestCaseKeyword.groovy:44)
	at com.kms.katalon.core.keyword.internal.KeywordExecutor.executeKeywordForPlatform(KeywordExecutor.groovy:74)
	at com.kms.katalon.core.keyword.BuiltinKeywords.callTestCase(BuiltinKeywords.groovy:310)
	at jdk.internal.reflect.GeneratedMethodAccessor48.invoke(Unknown Source)
	at java.base/jdk.internal.reflect.DelegatingMethodAccessorImpl.invoke(DelegatingMethodAccessorImpl.java:43)
	at Script1735746434271.run(Script1735746434271.groovy:22)
	... 15 more
)

02-01-2025T15:27:21 - [MESSAGE][INFO] - Unable to find the element located by 'By.xpath: //div[@data-testid='option-91' and .//p[@data-testid='paragraph' and text()='CIMB - 1223123123']]'. Please recheck the objects properties to make sure the desired element is located. 

02-01-2025T15:27:21 - [MESSAGE][WARNING] - [SELF-HEALING] Failed to find element with id 'Object Repository/Master Data/Admin Sekolah/Filter Tagihan/CIMB'. Try using Self-healing.

02-01-2025T15:27:22 - [MESSAGE][INFO] - [SELF-HEALING] No working XPath is found.

02-01-2025T15:27:23 - [MESSAGE][WARNING] - [SELF-HEALING] invalid selector
from javascript error: {"status":32,"value":"Unable to locate an element with the xpath expression  because of the following error:\nSyntaxError: Failed to execute 'evaluate' on 'Document': The string '' is not a valid XPath expression."}
  (Session info: chrome=131.0.6778.205)
For documentation on this error, please visit: https://www.selenium.dev/documentation/webdriver/troubleshooting/errors#invalid-selector-exception
Build info: version: '4.22.0', revision: 'c5f3146703'
System info: os.name: 'Windows 11', os.arch: 'amd64', os.version: '10.0', java.version: '17.0.7'
Driver info: com.kms.katalon.selenium.driver.CChromeDriver
Command: [0298e9d192de8822f413dd0cf4486154, findElements {value=, using=xpath}]
Capabilities {acceptInsecureCerts: false, browserName: chrome, browserVersion: 131.0.6778.205, chrome: {chromedriverVersion: 130.0.6723.58 (3a50e012e4c9..., userDataDir: C:\Users\henri\AppData\Loca...}, fedcm:accounts: true, goog:chromeOptions: {debuggerAddress: localhost:63238}, networkConnectionEnabled: false, pageLoadStrategy: normal, platformName: windows, proxy: Proxy(), se:cdp: ws://localhost:63238/devtoo..., se:cdpVersion: 131.0.6778.205, setWindowRect: true, strictFileInteractability: false, timeouts: {implicit: 0, pageLoad: 300000, script: 30000}, unhandledPromptBehavior: ignore, webSocketUrl: ws://localhost:7614/session..., webauthn:extension:credBlob: true, webauthn:extension:largeBlob: true, webauthn:extension:minPinLength: true, webauthn:extension:prf: true, webauthn:virtualAuthenticators: true}
Session ID: 0298e9d192de8822f413dd0cf4486154

02-01-2025T15:27:23 - [MESSAGE][WARNING] - [SELF-HEALING] Cannot find elements when the selector is null

02-01-2025T15:27:24 - [MESSAGE][FAILED] - Unable to click on object 'Object Repository/Master Data/Admin Sekolah/Filter Tagihan/CIMB' (Root cause: com.kms.katalon.core.exception.StepFailedException: Unable to click on object 'Object Repository/Master Data/Admin Sekolah/Filter Tagihan/CIMB'
	at com.kms.katalon.core.webui.keyword.internal.WebUIKeywordMain.stepFailed(WebUIKeywordMain.groovy:117)
	at com.kms.katalon.core.webui.keyword.internal.WebUIKeywordMain.runKeyword(WebUIKeywordMain.groovy:43)
	at com.kms.katalon.core.webui.keyword.builtin.ClickKeyword.click(ClickKeyword.groovy:75)
	at com.kms.katalon.core.webui.keyword.builtin.ClickKeyword.execute(ClickKeyword.groovy:40)
	at com.kms.katalon.core.keyword.internal.KeywordExecutor.executeKeywordForPlatform(KeywordExecutor.groovy:74)
	at com.kms.katalon.core.webui.keyword.WebUiBuiltInKeywords.click(WebUiBuiltInKeywords.groovy:684)
	at Filter Tagihan.run(Filter Tagihan:62)
	at com.kms.katalon.core.main.ScriptEngine.run(ScriptEngine.java:194)
	at com.kms.katalon.core.main.ScriptEngine.runScriptAsRawText(ScriptEngine.java:119)
	at com.kms.katalon.core.main.TestCaseExecutor.runScript(TestCaseExecutor.java:448)
	at com.kms.katalon.core.main.TestCaseExecutor.doExecute(TestCaseExecutor.java:439)
	at com.kms.katalon.core.main.TestCaseExecutor.processExecutionPhase(TestCaseExecutor.java:418)
	at com.kms.katalon.core.main.TestCaseExecutor.accessMainPhase(TestCaseExecutor.java:410)
	at com.kms.katalon.core.main.TestCaseExecutor.execute(TestCaseExecutor.java:285)
	at com.kms.katalon.core.main.TestCaseMain.runTestCase(TestCaseMain.java:133)
	at com.kms.katalon.core.keyword.builtin.CallTestCaseKeyword$_callTestCase_closure1.doCall(CallTestCaseKeyword.groovy:59)
	at com.kms.katalon.core.keyword.builtin.CallTestCaseKeyword$_callTestCase_closure1.call(CallTestCaseKeyword.groovy)
	at com.kms.katalon.core.keyword.internal.KeywordMain.runKeyword(KeywordMain.groovy:75)
	at com.kms.katalon.core.keyword.builtin.CallTestCaseKeyword.callTestCase(CallTestCaseKeyword.groovy:81)
	at com.kms.katalon.core.keyword.builtin.CallTestCaseKeyword.execute(CallTestCaseKeyword.groovy:44)
	at com.kms.katalon.core.keyword.internal.KeywordExecutor.executeKeywordForPlatform(KeywordExecutor.groovy:74)
	at com.kms.katalon.core.keyword.BuiltinKeywords.callTestCase(BuiltinKeywords.groovy:310)
	at jdk.internal.reflect.GeneratedMethodAccessor48.invoke(Unknown Source)
	at java.base/jdk.internal.reflect.DelegatingMethodAccessorImpl.invoke(DelegatingMethodAccessorImpl.java:43)
	at Regresi Tagihan.run(Regresi Tagihan:22)
	at com.kms.katalon.core.main.ScriptEngine.run(ScriptEngine.java:194)
	at com.kms.katalon.core.main.ScriptEngine.runScriptAsRawText(ScriptEngine.java:119)
	at com.kms.katalon.core.main.TestCaseExecutor.runScript(TestCaseExecutor.java:448)
	at com.kms.katalon.core.main.TestCaseExecutor.doExecute(TestCaseExecutor.java:439)
	at com.kms.katalon.core.main.TestCaseExecutor.processExecutionPhase(TestCaseExecutor.java:418)
	at com.kms.katalon.core.main.TestCaseExecutor.accessMainPhase(TestCaseExecutor.java:410)
	at com.kms.katalon.core.main.TestCaseExecutor.execute(TestCaseExecutor.java:285)
	at com.kms.katalon.core.common.CommonExecutor.accessTestCaseMainPhase(CommonExecutor.java:65)
	at com.kms.katalon.core.main.TestSuiteExecutor.accessTestSuiteMainPhase(TestSuiteExecutor.java:161)
	at com.kms.katalon.core.main.TestSuiteExecutor.execute(TestSuiteExecutor.java:107)
	at com.kms.katalon.core.main.TestCaseMain.startTestSuite(TestCaseMain.java:176)
	at TempTestSuite1735805561810.run(TempTestSuite1735805561810.groovy:35)
	at java.base/jdk.internal.reflect.NativeMethodAccessorImpl.invoke0(Native Method)
	at java.base/jdk.internal.reflect.NativeMethodAccessorImpl.invoke(NativeMethodAccessorImpl.java:77)
	at java.base/jdk.internal.reflect.DelegatingMethodAccessorImpl.invoke(DelegatingMethodAccessorImpl.java:43)
Caused by: com.kms.katalon.core.webui.exception.WebElementNotFoundException: Web element with id: 'Object Repository/Master Data/Admin Sekolah/Filter Tagihan/CIMB' located by '//div[@data-testid='option-91' and .//p[@data-testid='paragraph' and text()='CIMB - 1223123123']]' not found
	at com.kms.katalon.core.webui.common.WebUiCommonHelper.findWebElement(WebUiCommonHelper.java:1426)
	at com.kms.katalon.core.webui.keyword.internal.WebUIAbstractKeyword.findWebElement(WebUIAbstractKeyword.groovy:27)
	at com.kms.katalon.core.webui.keyword.builtin.ClickKeyword$_click_closure1.doCall(ClickKeyword.groovy:66)
	at com.kms.katalon.core.webui.keyword.builtin.ClickKeyword$_click_closure1.call(ClickKeyword.groovy)
	at com.kms.katalon.core.webui.keyword.internal.WebUIKeywordMain.runKeyword(WebUIKeywordMain.groovy:35)
	at com.kms.katalon.core.webui.keyword.builtin.ClickKeyword.click(ClickKeyword.groovy:75)
	at com.kms.katalon.core.webui.keyword.builtin.ClickKeyword.execute(ClickKeyword.groovy:40)
	at com.kms.katalon.core.keyword.internal.KeywordExecutor.executeKeywordForPlatform(KeywordExecutor.groovy:74)
	at com.kms.katalon.core.webui.keyword.WebUiBuiltInKeywords.click(WebUiBuiltInKeywords.groovy:684)
	at Script1731485365054.run(Script1731485365054.groovy:62)
	at com.kms.katalon.core.main.ScriptEngine.run(ScriptEngine.java:194)
	at com.kms.katalon.core.main.ScriptEngine.runScriptAsRawText(ScriptEngine.java:119)
	at com.kms.katalon.core.main.TestCaseExecutor.runScript(TestCaseExecutor.java:448)
	at com.kms.katalon.core.main.TestCaseExecutor.doExecute(TestCaseExecutor.java:439)
	at com.kms.katalon.core.main.TestCaseExecutor.processExecutionPhase(TestCaseExecutor.java:418)
	at com.kms.katalon.core.main.TestCaseExecutor.accessMainPhase(TestCaseExecutor.java:410)
	at com.kms.katalon.core.main.TestCaseExecutor.execute(TestCaseExecutor.java:285)
	at com.kms.katalon.core.main.TestCaseMain.runTestCase(TestCaseMain.java:133)
	at com.kms.katalon.core.keyword.builtin.CallTestCaseKeyword$_callTestCase_closure1.doCall(CallTestCaseKeyword.groovy:59)
	at com.kms.katalon.core.keyword.builtin.CallTestCaseKeyword$_callTestCase_closure1.call(CallTestCaseKeyword.groovy)
	at com.kms.katalon.core.keyword.internal.KeywordMain.runKeyword(KeywordMain.groovy:75)
	at com.kms.katalon.core.keyword.builtin.CallTestCaseKeyword.callTestCase(CallTestCaseKeyword.groovy:81)
	at com.kms.katalon.core.keyword.builtin.CallTestCaseKeyword.execute(CallTestCaseKeyword.groovy:44)
	at com.kms.katalon.core.keyword.internal.KeywordExecutor.executeKeywordForPlatform(KeywordExecutor.groovy:74)
	at com.kms.katalon.core.keyword.BuiltinKeywords.callTestCase(BuiltinKeywords.groovy:310)
	at jdk.internal.reflect.GeneratedMethodAccessor48.invoke(Unknown Source)
	at java.base/jdk.internal.reflect.DelegatingMethodAccessorImpl.invoke(DelegatingMethodAccessorImpl.java:43)
	at Script1735746434271.run(Script1735746434271.groovy:22)
	... 15 more
)
[[ATTACHMENT|C:\\Users\\henri\\Videos\\school-payment-automation-testing\\Reports\\20250102_151240\\SPRINT 1\\20250102_151241\\1735806443997.png]]

02-01-2025T15:27:24 - [TEST_STEP][PASSED] - delay(1, CONTINUE_ON_FAILURE): Delayed 1 second(s)

02-01-2025T15:27:25 - [MESSAGE][PASSED] - Delayed 1 second(s)

02-01-2025T15:27:25 - [TEST_STEP][PASSED] - click(findTestObject("Master Data/Admin Sekolah/Filter Tagihan/Button Terapkan"), CONTINUE_ON_FAILURE): Object: 'Object Repository/Master Data/Admin Sekolah/Filter Tagihan/Button Terapkan' is clicked on

02-01-2025T15:27:25 - [MESSAGE][PASSED] - Object: 'Object Repository/Master Data/Admin Sekolah/Filter Tagihan/Button Terapkan' is clicked on

02-01-2025T15:27:25 - [MESSAGE][FAILED] - Unable to call Test Case 'Test Cases/Master Data/Admin Sekolah/Master Data Tagihan/Filter Tagihan' (Root cause: com.kms.katalon.core.exception.StepFailedException: Call Test Case 'Test Cases/Master Data/Admin Sekolah/Master Data Tagihan/Filter Tagihan' failed
	at com.kms.katalon.core.keyword.builtin.CallTestCaseKeyword$_callTestCase_closure1.doCall(CallTestCaseKeyword.groovy:63)
	at com.kms.katalon.core.keyword.builtin.CallTestCaseKeyword$_callTestCase_closure1.call(CallTestCaseKeyword.groovy)
	at com.kms.katalon.core.keyword.internal.KeywordMain.runKeyword(KeywordMain.groovy:75)
	at com.kms.katalon.core.keyword.builtin.CallTestCaseKeyword.callTestCase(CallTestCaseKeyword.groovy:81)
	at com.kms.katalon.core.keyword.builtin.CallTestCaseKeyword.execute(CallTestCaseKeyword.groovy:44)
	at com.kms.katalon.core.keyword.internal.KeywordExecutor.executeKeywordForPlatform(KeywordExecutor.groovy:74)
	at com.kms.katalon.core.keyword.BuiltinKeywords.callTestCase(BuiltinKeywords.groovy:310)
	at jdk.internal.reflect.GeneratedMethodAccessor48.invoke(Unknown Source)
	at java.base/jdk.internal.reflect.DelegatingMethodAccessorImpl.invoke(DelegatingMethodAccessorImpl.java:43)
	at Regresi Tagihan.run(Regresi Tagihan:22)
	at com.kms.katalon.core.main.ScriptEngine.run(ScriptEngine.java:194)
	at com.kms.katalon.core.main.ScriptEngine.runScriptAsRawText(ScriptEngine.java:119)
	at com.kms.katalon.core.main.TestCaseExecutor.runScript(TestCaseExecutor.java:448)
	at com.kms.katalon.core.main.TestCaseExecutor.doExecute(TestCaseExecutor.java:439)
	at com.kms.katalon.core.main.TestCaseExecutor.processExecutionPhase(TestCaseExecutor.java:418)
	at com.kms.katalon.core.main.TestCaseExecutor.accessMainPhase(TestCaseExecutor.java:410)
	at com.kms.katalon.core.main.TestCaseExecutor.execute(TestCaseExecutor.java:285)
	at com.kms.katalon.core.common.CommonExecutor.accessTestCaseMainPhase(CommonExecutor.java:65)
	at com.kms.katalon.core.main.TestSuiteExecutor.accessTestSuiteMainPhase(TestSuiteExecutor.java:161)
	at com.kms.katalon.core.main.TestSuiteExecutor.execute(TestSuiteExecutor.java:107)
	at com.kms.katalon.core.main.TestCaseMain.startTestSuite(TestCaseMain.java:176)
	at TempTestSuite1735805561810.run(TempTestSuite1735805561810.groovy:35)
	at java.base/jdk.internal.reflect.NativeMethodAccessorImpl.invoke0(Native Method)
	at java.base/jdk.internal.reflect.NativeMethodAccessorImpl.invoke(NativeMethodAccessorImpl.java:77)
	at java.base/jdk.internal.reflect.DelegatingMethodAccessorImpl.invoke(DelegatingMethodAccessorImpl.java:43)
Caused by: com.kms.katalon.core.exception.StepFailedException: Unable to click on object 'Object Repository/Master Data/Admin Sekolah/Filter Tagihan/CIMB' (Root cause: com.kms.katalon.core.exception.StepFailedException: Unable to click on object 'Object Repository/Master Data/Admin Sekolah/Filter Tagihan/CIMB'
	at com.kms.katalon.core.webui.keyword.internal.WebUIKeywordMain.stepFailed(WebUIKeywordMain.groovy:117)
	at com.kms.katalon.core.webui.keyword.internal.WebUIKeywordMain.runKeyword(WebUIKeywordMain.groovy:43)
	at com.kms.katalon.core.webui.keyword.builtin.ClickKeyword.click(ClickKeyword.groovy:75)
	at com.kms.katalon.core.webui.keyword.builtin.ClickKeyword.execute(ClickKeyword.groovy:40)
	at com.kms.katalon.core.keyword.internal.KeywordExecutor.executeKeywordForPlatform(KeywordExecutor.groovy:74)
	at com.kms.katalon.core.webui.keyword.WebUiBuiltInKeywords.click(WebUiBuiltInKeywords.groovy:684)
	at Filter Tagihan.run(Filter Tagihan:62)
	at com.kms.katalon.core.main.ScriptEngine.run(ScriptEngine.java:194)
	at com.kms.katalon.core.main.ScriptEngine.runScriptAsRawText(ScriptEngine.java:119)
	at com.kms.katalon.core.main.TestCaseExecutor.runScript(TestCaseExecutor.java:448)
	at com.kms.katalon.core.main.TestCaseExecutor.doExecute(TestCaseExecutor.java:439)
	at com.kms.katalon.core.main.TestCaseExecutor.processExecutionPhase(TestCaseExecutor.java:418)
	at com.kms.katalon.core.main.TestCaseExecutor.accessMainPhase(TestCaseExecutor.java:410)
	at com.kms.katalon.core.main.TestCaseExecutor.execute(TestCaseExecutor.java:285)
	at com.kms.katalon.core.main.TestCaseMain.runTestCase(TestCaseMain.java:133)
	at com.kms.katalon.core.keyword.builtin.CallTestCaseKeyword$_callTestCase_closure1.doCall(CallTestCaseKeyword.groovy:59)
	at com.kms.katalon.core.keyword.builtin.CallTestCaseKeyword$_callTestCase_closure1.call(CallTestCaseKeyword.groovy)
	at com.kms.katalon.core.keyword.internal.KeywordMain.runKeyword(KeywordMain.groovy:75)
	at com.kms.katalon.core.keyword.builtin.CallTestCaseKeyword.callTestCase(CallTestCaseKeyword.groovy:81)
	at com.kms.katalon.core.keyword.builtin.CallTestCaseKeyword.execute(CallTestCaseKeyword.groovy:44)
	at com.kms.katalon.core.keyword.internal.KeywordExecutor.executeKeywordForPlatform(KeywordExecutor.groovy:74)
	at com.kms.katalon.core.keyword.BuiltinKeywords.callTestCase(BuiltinKeywords.groovy:310)
	at jdk.internal.reflect.GeneratedMethodAccessor48.invoke(Unknown Source)
	at java.base/jdk.internal.reflect.DelegatingMethodAccessorImpl.invoke(DelegatingMethodAccessorImpl.java:43)
	at Regresi Tagihan.run(Regresi Tagihan:22)
	at com.kms.katalon.core.main.ScriptEngine.run(ScriptEngine.java:194)
	at com.kms.katalon.core.main.ScriptEngine.runScriptAsRawText(ScriptEngine.java:119)
	at com.kms.katalon.core.main.TestCaseExecutor.runScript(TestCaseExecutor.java:448)
	at com.kms.katalon.core.main.TestCaseExecutor.doExecute(TestCaseExecutor.java:439)
	at com.kms.katalon.core.main.TestCaseExecutor.processExecutionPhase(TestCaseExecutor.java:418)
	at com.kms.katalon.core.main.TestCaseExecutor.accessMainPhase(TestCaseExecutor.java:410)
	at com.kms.katalon.core.main.TestCaseExecutor.execute(TestCaseExecutor.java:285)
	at com.kms.katalon.core.common.CommonExecutor.accessTestCaseMainPhase(CommonExecutor.java:65)
	at com.kms.katalon.core.main.TestSuiteExecutor.accessTestSuiteMainPhase(TestSuiteExecutor.java:161)
	at com.kms.katalon.core.main.TestSuiteExecutor.execute(TestSuiteExecutor.java:107)
	at com.kms.katalon.core.main.TestCaseMain.startTestSuite(TestCaseMain.java:176)
	at TempTestSuite1735805561810.run(TempTestSuite1735805561810.groovy:35)
	at java.base/jdk.internal.reflect.NativeMethodAccessorImpl.invoke0(Native Method)
	at java.base/jdk.internal.reflect.NativeMethodAccessorImpl.invoke(NativeMethodAccessorImpl.java:77)
	at java.base/jdk.internal.reflect.DelegatingMethodAccessorImpl.invoke(DelegatingMethodAccessorImpl.java:43)
Caused by: com.kms.katalon.core.webui.exception.WebElementNotFoundException: Web element with id: 'Object Repository/Master Data/Admin Sekolah/Filter Tagihan/CIMB' located by '//div[@data-testid='option-91' and .//p[@data-testid='paragraph' and text()='CIMB - 1223123123']]' not found
	at com.kms.katalon.core.webui.common.WebUiCommonHelper.findWebElement(WebUiCommonHelper.java:1426)
	at com.kms.katalon.core.webui.keyword.internal.WebUIAbstractKeyword.findWebElement(WebUIAbstractKeyword.groovy:27)
	at com.kms.katalon.core.webui.keyword.builtin.ClickKeyword$_click_closure1.doCall(ClickKeyword.groovy:66)
	at com.kms.katalon.core.webui.keyword.builtin.ClickKeyword$_click_closure1.call(ClickKeyword.groovy)
	at com.kms.katalon.core.webui.keyword.internal.WebUIKeywordMain.runKeyword(WebUIKeywordMain.groovy:35)
	at com.kms.katalon.core.webui.keyword.builtin.ClickKeyword.click(ClickKeyword.groovy:75)
	at com.kms.katalon.core.webui.keyword.builtin.ClickKeyword.execute(ClickKeyword.groovy:40)
	at com.kms.katalon.core.keyword.internal.KeywordExecutor.executeKeywordForPlatform(KeywordExecutor.groovy:74)
	at com.kms.katalon.core.webui.keyword.WebUiBuiltInKeywords.click(WebUiBuiltInKeywords.groovy:684)
	at Script1731485365054.run(Script1731485365054.groovy:62)
	at com.kms.katalon.core.main.ScriptEngine.run(ScriptEngine.java:194)
	at com.kms.katalon.core.main.ScriptEngine.runScriptAsRawText(ScriptEngine.java:119)
	at com.kms.katalon.core.main.TestCaseExecutor.runScript(TestCaseExecutor.java:448)
	at com.kms.katalon.core.main.TestCaseExecutor.doExecute(TestCaseExecutor.java:439)
	at com.kms.katalon.core.main.TestCaseExecutor.processExecutionPhase(TestCaseExecutor.java:418)
	at com.kms.katalon.core.main.TestCaseExecutor.accessMainPhase(TestCaseExecutor.java:410)
	at com.kms.katalon.core.main.TestCaseExecutor.execute(TestCaseExecutor.java:285)
	at com.kms.katalon.core.main.TestCaseMain.runTestCase(TestCaseMain.java:133)
	at com.kms.katalon.core.keyword.builtin.CallTestCaseKeyword$_callTestCase_closure1.doCall(CallTestCaseKeyword.groovy:59)
	at com.kms.katalon.core.keyword.builtin.CallTestCaseKeyword$_callTestCase_closure1.call(CallTestCaseKeyword.groovy)
	at com.kms.katalon.core.keyword.internal.KeywordMain.runKeyword(KeywordMain.groovy:75)
	at com.kms.katalon.core.keyword.builtin.CallTestCaseKeyword.callTestCase(CallTestCaseKeyword.groovy:81)
	at com.kms.katalon.core.keyword.builtin.CallTestCaseKeyword.execute(CallTestCaseKeyword.groovy:44)
	at com.kms.katalon.core.keyword.internal.KeywordExecutor.executeKeywordForPlatform(KeywordExecutor.groovy:74)
	at com.kms.katalon.core.keyword.BuiltinKeywords.callTestCase(BuiltinKeywords.groovy:310)
	at jdk.internal.reflect.GeneratedMethodAccessor48.invoke(Unknown Source)
	at java.base/jdk.internal.reflect.DelegatingMethodAccessorImpl.invoke(DelegatingMethodAccessorImpl.java:43)
	at Script1735746434271.run(Script1735746434271.groovy:22)
	... 15 more
)
	at com.kms.katalon.core.keyword.internal.KeywordMain.stepFailed(KeywordMain.groovy:39)
	at com.kms.katalon.core.webui.keyword.internal.WebUIKeywordMain.stepFailed(WebUIKeywordMain.groovy:117)
	at com.kms.katalon.core.webui.keyword.internal.WebUIKeywordMain.runKeyword(WebUIKeywordMain.groovy:43)
	at com.kms.katalon.core.webui.keyword.builtin.ClickKeyword.click(ClickKeyword.groovy:75)
	at com.kms.katalon.core.webui.keyword.builtin.ClickKeyword.execute(ClickKeyword.groovy:40)
	at com.kms.katalon.core.keyword.internal.KeywordExecutor.executeKeywordForPlatform(KeywordExecutor.groovy:74)
	at com.kms.katalon.core.webui.keyword.WebUiBuiltInKeywords.click(WebUiBuiltInKeywords.groovy:684)
	at Filter Tagihan.run(Filter Tagihan:62)
	at com.kms.katalon.core.main.ScriptEngine.run(ScriptEngine.java:194)
	at com.kms.katalon.core.main.ScriptEngine.runScriptAsRawText(ScriptEngine.java:119)
	at com.kms.katalon.core.main.TestCaseExecutor.runScript(TestCaseExecutor.java:448)
	at com.kms.katalon.core.main.TestCaseExecutor.doExecute(TestCaseExecutor.java:439)
	at com.kms.katalon.core.main.TestCaseExecutor.processExecutionPhase(TestCaseExecutor.java:418)
	at com.kms.katalon.core.main.TestCaseExecutor.accessMainPhase(TestCaseExecutor.java:410)
	at com.kms.katalon.core.main.TestCaseExecutor.execute(TestCaseExecutor.java:285)
	at com.kms.katalon.core.main.TestCaseMain.runTestCase(TestCaseMain.java:133)
	at com.kms.katalon.core.keyword.builtin.CallTestCaseKeyword$_callTestCase_closure1.doCall(CallTestCaseKeyword.groovy:59)
	... 24 more
Caused by: com.kms.katalon.core.exception.StepFailedException: Unable to click on object 'Object Repository/Master Data/Admin Sekolah/Filter Tagihan/CIMB'
	... 40 more
Caused by: com.kms.katalon.core.webui.exception.WebElementNotFoundException: Web element with id: 'Object Repository/Master Data/Admin Sekolah/Filter Tagihan/CIMB' located by '//div[@data-testid='option-91' and .//p[@data-testid='paragraph' and text()='CIMB - 1223123123']]' not found
	at com.kms.katalon.core.webui.common.WebUiCommonHelper.findWebElement(WebUiCommonHelper.java:1426)
	at com.kms.katalon.core.webui.keyword.internal.WebUIAbstractKeyword.findWebElement(WebUIAbstractKeyword.groovy:27)
	at com.kms.katalon.core.webui.keyword.builtin.ClickKeyword$_click_closure1.doCall(ClickKeyword.groovy:66)
	at com.kms.katalon.core.webui.keyword.builtin.ClickKeyword$_click_closure1.call(ClickKeyword.groovy)
	at com.kms.katalon.core.webui.keyword.internal.WebUIKeywordMain.runKeyword(WebUIKeywordMain.groovy:35)
	... 38 more
)

02-01-2025T15:27:25 - [TEST_STEP][PASSED] - callTestCase(findTestCase("Test Cases/Master Data/Admin Sekolah/Master Data Tagihan/Lihat Tagihan"), [:], CONTINUE_ON_FAILURE): Call Test Case 'Test Cases/Master Data/Admin Sekolah/Master Data Tagihan/Lihat Tagihan' successfully

02-01-2025T15:27:25 - [TEST_CASE][PASSED] - Test Cases/Master Data/Admin Sekolah/Master Data Tagihan/Lihat Tagihan: Test Cases/Master Data/Admin Sekolah/Master Data Tagihan/Lihat Tagihan

02-01-2025T15:27:25 - [TEST_STEP][PASSED] - openBrowser("", CONTINUE_ON_FAILURE): Browser is opened with url: ''

02-01-2025T15:27:25 - [MESSAGE][WARNING] - A browser is already opened. Closing browser and opening a new one

02-01-2025T15:27:25 - [MESSAGE][INFO] - Starting 'Chrome' driver

02-01-2025T15:27:25 - [MESSAGE][INFO] - Action delay is set to 0 milliseconds

02-01-2025T15:27:26 - [MESSAGE][PASSED] - Browser is opened with url: ''

02-01-2025T15:27:26 - [TEST_STEP][PASSED] - navigateToUrl("https://school-payment.digiform.co.id/login", CONTINUE_ON_FAILURE): Navigate to 'https://school-payment.digiform.co.id/login' successfully

02-01-2025T15:27:26 - [MESSAGE][PASSED] - Navigate to 'https://school-payment.digiform.co.id/login' successfully

02-01-2025T15:27:26 - [TEST_STEP][PASSED] - click(findTestObject("Master Data/Admin Sekolah/Login/Field Email"), CONTINUE_ON_FAILURE): Object: 'Object Repository/Master Data/Admin Sekolah/Login/Field Email' is clicked on

02-01-2025T15:27:28 - [MESSAGE][PASSED] - Object: 'Object Repository/Master Data/Admin Sekolah/Login/Field Email' is clicked on

02-01-2025T15:27:28 - [TEST_STEP][PASSED] - setText(findTestObject("Master Data/Admin Sekolah/Login/Field Email"), "admin.gudangsolusi@digiform.co.id", CONTINUE_ON_FAILURE): Text 'admin.gudangsolusi@digiform.co.id' is set on object 'Object Repository/Master Data/Admin Sekolah/Login/Field Email'

02-01-2025T15:27:28 - [MESSAGE][PASSED] - Text 'admin.gudangsolusi@digiform.co.id' is set on object 'Object Repository/Master Data/Admin Sekolah/Login/Field Email'

02-01-2025T15:27:28 - [TEST_STEP][PASSED] - click(findTestObject("Master Data/Admin Sekolah/Login/Input Password"), CONTINUE_ON_FAILURE): Object: 'Object Repository/Master Data/Admin Sekolah/Login/Input Password' is clicked on

02-01-2025T15:27:29 - [MESSAGE][PASSED] - Object: 'Object Repository/Master Data/Admin Sekolah/Login/Input Password' is clicked on

02-01-2025T15:27:29 - [TEST_STEP][PASSED] - setText(findTestObject("Master Data/Admin Sekolah/Login/Input Password"), "Test1234", CONTINUE_ON_FAILURE): Text 'Test1234' is set on object 'Object Repository/Master Data/Admin Sekolah/Login/Input Password'

02-01-2025T15:27:29 - [MESSAGE][PASSED] - Text 'Test1234' is set on object 'Object Repository/Master Data/Admin Sekolah/Login/Input Password'

02-01-2025T15:27:29 - [TEST_STEP][PASSED] - click(findTestObject("Master Data/Admin Sekolah/Login/Button Submit"), CONTINUE_ON_FAILURE): Object: 'Object Repository/Master Data/Admin Sekolah/Login/Button Submit' is clicked on

02-01-2025T15:27:29 - [MESSAGE][PASSED] - Object: 'Object Repository/Master Data/Admin Sekolah/Login/Button Submit' is clicked on

02-01-2025T15:27:29 - [TEST_STEP][PASSED] - click(findTestObject("Master Data/Admin Sekolah/Lihat Tagihan/Menu Master Data"), CONTINUE_ON_FAILURE): Object: 'Object Repository/Master Data/Admin Sekolah/Lihat Tagihan/Menu Master Data' is clicked on

02-01-2025T15:27:31 - [MESSAGE][PASSED] - Object: 'Object Repository/Master Data/Admin Sekolah/Lihat Tagihan/Menu Master Data' is clicked on

02-01-2025T15:27:31 - [TEST_STEP][PASSED] - click(findTestObject("Master Data/Admin Sekolah/Lihat Tagihan/Menu Tagihan"), CONTINUE_ON_FAILURE): Object: 'Object Repository/Master Data/Admin Sekolah/Lihat Tagihan/Menu Tagihan' is clicked on

02-01-2025T15:27:32 - [MESSAGE][PASSED] - Object: 'Object Repository/Master Data/Admin Sekolah/Lihat Tagihan/Menu Tagihan' is clicked on

02-01-2025T15:27:32 - [TEST_STEP][PASSED] - delay(1, CONTINUE_ON_FAILURE): Delayed 1 second(s)

02-01-2025T15:27:33 - [MESSAGE][PASSED] - Delayed 1 second(s)

02-01-2025T15:27:33 - [TEST_STEP][PASSED] - click(findTestObject("Master Data/Admin Sekolah/Lihat Tagihan/Button View"), CONTINUE_ON_FAILURE): Object: 'Object Repository/Master Data/Admin Sekolah/Lihat Tagihan/Button View' is clicked on

02-01-2025T15:27:34 - [MESSAGE][PASSED] - Object: 'Object Repository/Master Data/Admin Sekolah/Lihat Tagihan/Button View' is clicked on

02-01-2025T15:27:34 - [MESSAGE][PASSED] - Call Test Case 'Test Cases/Master Data/Admin Sekolah/Master Data Tagihan/Lihat Tagihan' successfully

02-01-2025T15:27:34 - [TEST_STEP][PASSED] - callTestCase(findTestCase("Test Cases/Master Data/Admin Sekolah/Master Data Tagihan/Tambah Tagihan"), [:], CONTINUE_ON_FAILURE): Call Test Case 'Test Cases/Master Data/Admin Sekolah/Master Data Tagihan/Tambah Tagihan' successfully

02-01-2025T15:27:34 - [TEST_CASE][PASSED] - Test Cases/Master Data/Admin Sekolah/Master Data Tagihan/Tambah Tagihan: Test Cases/Master Data/Admin Sekolah/Master Data Tagihan/Tambah Tagihan

02-01-2025T15:27:34 - [TEST_STEP][PASSED] - openBrowser("", CONTINUE_ON_FAILURE): Browser is opened with url: ''

02-01-2025T15:27:34 - [MESSAGE][WARNING] - A browser is already opened. Closing browser and opening a new one

02-01-2025T15:27:34 - [MESSAGE][INFO] - Starting 'Chrome' driver

02-01-2025T15:27:34 - [MESSAGE][INFO] - Action delay is set to 0 milliseconds

02-01-2025T15:27:35 - [MESSAGE][PASSED] - Browser is opened with url: ''

02-01-2025T15:27:35 - [TEST_STEP][PASSED] - navigateToUrl("https://school-payment.digiform.co.id/login", CONTINUE_ON_FAILURE): Navigate to 'https://school-payment.digiform.co.id/login' successfully

02-01-2025T15:27:35 - [MESSAGE][PASSED] - Navigate to 'https://school-payment.digiform.co.id/login' successfully

02-01-2025T15:27:35 - [TEST_STEP][PASSED] - setText(findTestObject("Master Data/Admin Sekolah/Login/Field Email"), "admin.gudangsolusi@digiform.co.id", CONTINUE_ON_FAILURE): Text 'admin.gudangsolusi@digiform.co.id' is set on object 'Object Repository/Master Data/Admin Sekolah/Login/Field Email'

02-01-2025T15:27:37 - [MESSAGE][PASSED] - Text 'admin.gudangsolusi@digiform.co.id' is set on object 'Object Repository/Master Data/Admin Sekolah/Login/Field Email'

02-01-2025T15:27:37 - [TEST_STEP][PASSED] - setText(findTestObject("Master Data/Admin Sekolah/Login/Input Password"), "Test1234", CONTINUE_ON_FAILURE): Text 'Test1234' is set on object 'Object Repository/Master Data/Admin Sekolah/Login/Input Password'

02-01-2025T15:27:37 - [MESSAGE][PASSED] - Text 'Test1234' is set on object 'Object Repository/Master Data/Admin Sekolah/Login/Input Password'

02-01-2025T15:27:37 - [TEST_STEP][PASSED] - click(findTestObject("Master Data/Admin Sekolah/Login/Button Submit"), CONTINUE_ON_FAILURE): Object: 'Object Repository/Master Data/Admin Sekolah/Login/Button Submit' is clicked on

02-01-2025T15:27:37 - [MESSAGE][PASSED] - Object: 'Object Repository/Master Data/Admin Sekolah/Login/Button Submit' is clicked on

02-01-2025T15:27:37 - [TEST_STEP][PASSED] - click(findTestObject("Master Data/Admin Sekolah/Tambah Tagihan/Menu Master Data"), CONTINUE_ON_FAILURE): Object: 'Object Repository/Master Data/Admin Sekolah/Tambah Tagihan/Menu Master Data' is clicked on

02-01-2025T15:27:39 - [MESSAGE][PASSED] - Object: 'Object Repository/Master Data/Admin Sekolah/Tambah Tagihan/Menu Master Data' is clicked on

02-01-2025T15:27:39 - [TEST_STEP][PASSED] - click(findTestObject("Master Data/Admin Sekolah/Tambah Tagihan/Menu Tagihan"), CONTINUE_ON_FAILURE): Object: 'Object Repository/Master Data/Admin Sekolah/Tambah Tagihan/Menu Tagihan' is clicked on

02-01-2025T15:27:40 - [MESSAGE][PASSED] - Object: 'Object Repository/Master Data/Admin Sekolah/Tambah Tagihan/Menu Tagihan' is clicked on

02-01-2025T15:27:40 - [TEST_STEP][PASSED] - click(findTestObject("Master Data/Admin Sekolah/Tambah Tagihan/Button Tambah"), CONTINUE_ON_FAILURE): Object: 'Object Repository/Master Data/Admin Sekolah/Tambah Tagihan/Button Tambah' is clicked on

02-01-2025T15:27:41 - [MESSAGE][PASSED] - Object: 'Object Repository/Master Data/Admin Sekolah/Tambah Tagihan/Button Tambah' is clicked on

02-01-2025T15:27:41 - [TEST_STEP][PASSED] - setText(findTestObject("Master Data/Admin Sekolah/Tambah Tagihan/Input Nama Tagihan"), "KATALONZ", CONTINUE_ON_FAILURE): Text 'KATALONZ' is set on object 'Object Repository/Master Data/Admin Sekolah/Tambah Tagihan/Input Nama Tagihan'

02-01-2025T15:27:42 - [MESSAGE][PASSED] - Text 'KATALONZ' is set on object 'Object Repository/Master Data/Admin Sekolah/Tambah Tagihan/Input Nama Tagihan'

02-01-2025T15:27:42 - [TEST_STEP][PASSED] - click(findTestObject("Master Data/Admin Sekolah/Tambah Tagihan/Select Tipe Tagihan"), CONTINUE_ON_FAILURE): Object: 'Object Repository/Master Data/Admin Sekolah/Tambah Tagihan/Select Tipe Tagihan' is clicked on

02-01-2025T15:27:42 - [MESSAGE][PASSED] - Object: 'Object Repository/Master Data/Admin Sekolah/Tambah Tagihan/Select Tipe Tagihan' is clicked on

02-01-2025T15:27:42 - [TEST_STEP][PASSED] - click(findTestObject("Master Data/Admin Sekolah/Tambah Tagihan/Tagihan Regular"), CONTINUE_ON_FAILURE): Object: 'Object Repository/Master Data/Admin Sekolah/Tambah Tagihan/Tagihan Regular' is clicked on

02-01-2025T15:27:43 - [MESSAGE][PASSED] - Object: 'Object Repository/Master Data/Admin Sekolah/Tambah Tagihan/Tagihan Regular' is clicked on

02-01-2025T15:27:43 - [TEST_STEP][PASSED] - click(findTestObject("Master Data/Admin Sekolah/Tambah Tagihan/Klik Tahun Ajaran")): Object: 'Object Repository/Master Data/Admin Sekolah/Tambah Tagihan/Klik Tahun Ajaran' is clicked on

02-01-2025T15:27:43 - [MESSAGE][PASSED] - Object: 'Object Repository/Master Data/Admin Sekolah/Tambah Tagihan/Klik Tahun Ajaran' is clicked on

02-01-2025T15:27:43 - [TEST_STEP][PASSED] - click(findTestObject("Master Data/Admin Sekolah/Tambah Tagihan/2023-2024")): Object: 'Object Repository/Master Data/Admin Sekolah/Tambah Tagihan/2023-2024' is clicked on

02-01-2025T15:27:43 - [MESSAGE][PASSED] - Object: 'Object Repository/Master Data/Admin Sekolah/Tambah Tagihan/2023-2024' is clicked on

02-01-2025T15:27:43 - [TEST_STEP][PASSED] - click(findTestObject("Master Data/Admin Sekolah/Tambah Tagihan/Select Kelas"), CONTINUE_ON_FAILURE): Object: 'Object Repository/Master Data/Admin Sekolah/Tambah Tagihan/Select Kelas' is clicked on

02-01-2025T15:27:44 - [MESSAGE][PASSED] - Object: 'Object Repository/Master Data/Admin Sekolah/Tambah Tagihan/Select Kelas' is clicked on

02-01-2025T15:27:44 - [TEST_STEP][PASSED] - click(findTestObject("Master Data/Admin Sekolah/Tambah Tagihan/Semua Kelas"), CONTINUE_ON_FAILURE): Object: 'Object Repository/Master Data/Admin Sekolah/Tambah Tagihan/Semua Kelas' is clicked on

02-01-2025T15:27:44 - [MESSAGE][PASSED] - Object: 'Object Repository/Master Data/Admin Sekolah/Tambah Tagihan/Semua Kelas' is clicked on

02-01-2025T15:27:44 - [TEST_STEP][PASSED] - click(findTestObject("Master Data/Admin Sekolah/Tambah Tagihan/Tutup Kelas")): Object: 'Object Repository/Master Data/Admin Sekolah/Tambah Tagihan/Tutup Kelas' is clicked on

02-01-2025T15:27:45 - [MESSAGE][PASSED] - Object: 'Object Repository/Master Data/Admin Sekolah/Tambah Tagihan/Tutup Kelas' is clicked on

02-01-2025T15:27:45 - [TEST_STEP][PASSED] - setText(findTestObject("Master Data/Admin Sekolah/Tambah Tagihan/Input Kode Tagihan"), "HKU", CONTINUE_ON_FAILURE): Text 'HKU' is set on object 'Object Repository/Master Data/Admin Sekolah/Tambah Tagihan/Input Kode Tagihan'

02-01-2025T15:27:45 - [MESSAGE][PASSED] - Text 'HKU' is set on object 'Object Repository/Master Data/Admin Sekolah/Tambah Tagihan/Input Kode Tagihan'

02-01-2025T15:27:45 - [TEST_STEP][PASSED] - setText(findTestObject("Master Data/Admin Sekolah/Tambah Tagihan/Input Jumlah Tagihan"), "750000", CONTINUE_ON_FAILURE): Text '750000' is set on object 'Object Repository/Master Data/Admin Sekolah/Tambah Tagihan/Input Jumlah Tagihan'

02-01-2025T15:27:46 - [MESSAGE][PASSED] - Text '750000' is set on object 'Object Repository/Master Data/Admin Sekolah/Tambah Tagihan/Input Jumlah Tagihan'

02-01-2025T15:27:46 - [TEST_STEP][PASSED] - click(findTestObject("Master Data/Admin Sekolah/Tambah Tagihan/Select Rekening Bank"), CONTINUE_ON_FAILURE): Object: 'Object Repository/Master Data/Admin Sekolah/Tambah Tagihan/Select Rekening Bank' is clicked on

02-01-2025T15:27:46 - [MESSAGE][PASSED] - Object: 'Object Repository/Master Data/Admin Sekolah/Tambah Tagihan/Select Rekening Bank' is clicked on

02-01-2025T15:27:46 - [TEST_STEP][PASSED] - click(findTestObject("Master Data/Admin Sekolah/Tambah Tagihan/CIMB"), CONTINUE_ON_FAILURE): Object: 'Object Repository/Master Data/Admin Sekolah/Tambah Tagihan/CIMB' is clicked on

02-01-2025T15:27:46 - [MESSAGE][PASSED] - Object: 'Object Repository/Master Data/Admin Sekolah/Tambah Tagihan/CIMB' is clicked on

02-01-2025T15:27:46 - [TEST_STEP][PASSED] - setText(findTestObject("Master Data/Admin Sekolah/Tambah Tagihan/Input Keterangan"), "Ini keterangan katalon", CONTINUE_ON_FAILURE): Text 'Ini keterangan katalon' is set on object 'Object Repository/Master Data/Admin Sekolah/Tambah Tagihan/Input Keterangan'

02-01-2025T15:27:47 - [MESSAGE][PASSED] - Text 'Ini keterangan katalon' is set on object 'Object Repository/Master Data/Admin Sekolah/Tambah Tagihan/Input Keterangan'

02-01-2025T15:27:47 - [TEST_STEP][PASSED] - click(findTestObject("Master Data/Admin Sekolah/Tambah Tagihan/Button Generate"), CONTINUE_ON_FAILURE): Object: 'Object Repository/Master Data/Admin Sekolah/Tambah Tagihan/Button Generate' is clicked on

02-01-2025T15:27:48 - [MESSAGE][PASSED] - Object: 'Object Repository/Master Data/Admin Sekolah/Tambah Tagihan/Button Generate' is clicked on

02-01-2025T15:27:48 - [TEST_STEP][PASSED] - click(findTestObject("Master Data/Admin Sekolah/Tambah Tagihan/Button Tambahkan"), CONTINUE_ON_FAILURE): Object: 'Object Repository/Master Data/Admin Sekolah/Tambah Tagihan/Button Tambahkan' is clicked on

02-01-2025T15:27:48 - [MESSAGE][PASSED] - Object: 'Object Repository/Master Data/Admin Sekolah/Tambah Tagihan/Button Tambahkan' is clicked on

02-01-2025T15:27:48 - [TEST_STEP][PASSED] - click(findTestObject("Master Data/Admin Sekolah/Tambah Tagihan/Button YA"), CONTINUE_ON_FAILURE): Object: 'Object Repository/Master Data/Admin Sekolah/Tambah Tagihan/Button YA' is clicked on

02-01-2025T15:27:49 - [MESSAGE][PASSED] - Object: 'Object Repository/Master Data/Admin Sekolah/Tambah Tagihan/Button YA' is clicked on

02-01-2025T15:27:49 - [TEST_STEP][PASSED] - delay(3, CONTINUE_ON_FAILURE): Delayed 3 second(s)

02-01-2025T15:27:52 - [MESSAGE][PASSED] - Delayed 3 second(s)

02-01-2025T15:27:52 - [TEST_STEP][PASSED] - verifyTextPresent("Billing code sudah di gunakan", false, CONTINUE_ON_FAILURE): Text 'Billing code sudah di gunakan' is present on page 

02-01-2025T15:27:52 - [MESSAGE][PASSED] - Text 'Billing code sudah di gunakan' is present on page 

02-01-2025T15:27:52 - [TEST_STEP][PASSED] - delay(2, CONTINUE_ON_FAILURE): Delayed 2 second(s)

02-01-2025T15:27:54 - [MESSAGE][PASSED] - Delayed 2 second(s)

02-01-2025T15:27:54 - [TEST_STEP][PASSED] - minDigits = 2: null

02-01-2025T15:27:54 - [TEST_STEP][PASSED] - maxDigits = 5: null

02-01-2025T15:27:54 - [TEST_STEP][PASSED] - randomLength = Math.random() * maxDigits - minDigits + 1 + minDigits: null

02-01-2025T15:27:54 - [TEST_STEP][PASSED] - randomNumber = String.format("%0" + randomLength + "d", Math.random() * Math.pow(10, randomLength)): null

02-01-2025T15:27:54 - [TEST_STEP][PASSED] - click(findTestObject("Master Data/Admin Sekolah/Tambah Tagihan/Input Kode Tagihan"), CONTINUE_ON_FAILURE): Object: 'Object Repository/Master Data/Admin Sekolah/Tambah Tagihan/Input Kode Tagihan' is clicked on

02-01-2025T15:27:54 - [MESSAGE][PASSED] - Object: 'Object Repository/Master Data/Admin Sekolah/Tambah Tagihan/Input Kode Tagihan' is clicked on

02-01-2025T15:27:54 - [TEST_STEP][PASSED] - sendKeys(findTestObject("Master Data/Admin Sekolah/Tambah Tagihan/Input Kode Tagihan"), Keys.chord(CONTROL, "a", BACK_SPACE), CONTINUE_ON_FAILURE): Keys 'CONTROL + BACK_SPACE + a' sent to object: 'Object Repository/Master Data/Admin Sekolah/Tambah Tagihan/Input Kode Tagihan'

02-01-2025T15:27:54 - [MESSAGE][PASSED] - Keys 'CONTROL + BACK_SPACE + a' sent to object: 'Object Repository/Master Data/Admin Sekolah/Tambah Tagihan/Input Kode Tagihan'

02-01-2025T15:27:54 - [TEST_STEP][PASSED] - click(findTestObject("Master Data/Admin Sekolah/Tambah Tagihan/Input Kode Tagihan"), CONTINUE_ON_FAILURE): Object: 'Object Repository/Master Data/Admin Sekolah/Tambah Tagihan/Input Kode Tagihan' is clicked on

02-01-2025T15:27:55 - [MESSAGE][PASSED] - Object: 'Object Repository/Master Data/Admin Sekolah/Tambah Tagihan/Input Kode Tagihan' is clicked on

02-01-2025T15:27:55 - [TEST_STEP][PASSED] - setText(findTestObject("Master Data/Admin Sekolah/Tambah Tagihan/Input Kode Tagihan"), randomNumber, CONTINUE_ON_FAILURE): Text '01' is set on object 'Object Repository/Master Data/Admin Sekolah/Tambah Tagihan/Input Kode Tagihan'

02-01-2025T15:27:55 - [MESSAGE][PASSED] - Text '01' is set on object 'Object Repository/Master Data/Admin Sekolah/Tambah Tagihan/Input Kode Tagihan'

02-01-2025T15:27:55 - [TEST_STEP][PASSED] - delay(1, CONTINUE_ON_FAILURE): Delayed 1 second(s)

02-01-2025T15:27:56 - [MESSAGE][PASSED] - Delayed 1 second(s)

02-01-2025T15:27:56 - [TEST_STEP][PASSED] - if (getAttribute(findTestObject("Master Data/Admin Sekolah/Tambah Tagihan/Input Kode Tagihan"), "value") == ""): Attribute 'value' of object 'Object Repository/Master Data/Admin Sekolah/Tambah Tagihan/Input Kode Tagihan' is: '01'

02-01-2025T15:27:57 - [MESSAGE][PASSED] - Attribute 'value' of object 'Object Repository/Master Data/Admin Sekolah/Tambah Tagihan/Input Kode Tagihan' is: '01'

02-01-2025T15:27:57 - [TEST_STEP][PASSED] - else: null

02-01-2025T15:27:57 - [TEST_STEP][PASSED] - println("Field tidak kosong setelah clearText dan JavaScript. Cek ulang penghapusan."): null

02-01-2025T15:27:57 - [TEST_STEP][PASSED] - click(findTestObject("Master Data/Admin Sekolah/Tambah Tagihan/Button Tambahkan"), CONTINUE_ON_FAILURE): Object: 'Object Repository/Master Data/Admin Sekolah/Tambah Tagihan/Button Tambahkan' is clicked on

02-01-2025T15:27:57 - [MESSAGE][PASSED] - Object: 'Object Repository/Master Data/Admin Sekolah/Tambah Tagihan/Button Tambahkan' is clicked on

02-01-2025T15:27:57 - [TEST_STEP][PASSED] - click(findTestObject("Master Data/Admin Sekolah/Tambah Tagihan/Button YA"), CONTINUE_ON_FAILURE): Object: 'Object Repository/Master Data/Admin Sekolah/Tambah Tagihan/Button YA' is clicked on

02-01-2025T15:27:57 - [MESSAGE][PASSED] - Object: 'Object Repository/Master Data/Admin Sekolah/Tambah Tagihan/Button YA' is clicked on

02-01-2025T15:27:57 - [MESSAGE][PASSED] - Call Test Case 'Test Cases/Master Data/Admin Sekolah/Master Data Tagihan/Tambah Tagihan' successfully

02-01-2025T15:27:57 - [TEST_STEP][PASSED] - println("============================= Loop Again ==============================="): null]]></system-out>
         <system-err><![CDATA[02-01-2025T15:23:49 - [TEST_CASE][FAILED] - Test Cases/Regresi Feature/Sprint 1/Regresi Tagihan: Test Cases/Regresi Feature/Sprint 1/Regresi Tagihan FAILED.
Reason:
com.kms.katalon.core.exception.StepFailedException: Unable to call Test Case 'Test Cases/Master Data/Admin Sekolah/Master Data Tagihan/Filter Tagihan' (Root cause: com.kms.katalon.core.exception.StepFailedException: Call Test Case 'Test Cases/Master Data/Admin Sekolah/Master Data Tagihan/Filter Tagihan' failed
	at com.kms.katalon.core.keyword.builtin.CallTestCaseKeyword$_callTestCase_closure1.doCall(CallTestCaseKeyword.groovy:63)
	at com.kms.katalon.core.keyword.builtin.CallTestCaseKeyword$_callTestCase_closure1.call(CallTestCaseKeyword.groovy)
	at com.kms.katalon.core.keyword.internal.KeywordMain.runKeyword(KeywordMain.groovy:75)
	at com.kms.katalon.core.keyword.builtin.CallTestCaseKeyword.callTestCase(CallTestCaseKeyword.groovy:81)
	at com.kms.katalon.core.keyword.builtin.CallTestCaseKeyword.execute(CallTestCaseKeyword.groovy:44)
	at com.kms.katalon.core.keyword.internal.KeywordExecutor.executeKeywordForPlatform(KeywordExecutor.groovy:74)
	at com.kms.katalon.core.keyword.BuiltinKeywords.callTestCase(BuiltinKeywords.groovy:310)
	at jdk.internal.reflect.GeneratedMethodAccessor48.invoke(Unknown Source)
	at java.base/jdk.internal.reflect.DelegatingMethodAccessorImpl.invoke(DelegatingMethodAccessorImpl.java:43)
	at Regresi Tagihan.run(Regresi Tagihan:22)
	at com.kms.katalon.core.main.ScriptEngine.run(ScriptEngine.java:194)
	at com.kms.katalon.core.main.ScriptEngine.runScriptAsRawText(ScriptEngine.java:119)
	at com.kms.katalon.core.main.TestCaseExecutor.runScript(TestCaseExecutor.java:448)
	at com.kms.katalon.core.main.TestCaseExecutor.doExecute(TestCaseExecutor.java:439)
	at com.kms.katalon.core.main.TestCaseExecutor.processExecutionPhase(TestCaseExecutor.java:418)
	at com.kms.katalon.core.main.TestCaseExecutor.accessMainPhase(TestCaseExecutor.java:410)
	at com.kms.katalon.core.main.TestCaseExecutor.execute(TestCaseExecutor.java:285)
	at com.kms.katalon.core.common.CommonExecutor.accessTestCaseMainPhase(CommonExecutor.java:65)
	at com.kms.katalon.core.main.TestSuiteExecutor.accessTestSuiteMainPhase(TestSuiteExecutor.java:161)
	at com.kms.katalon.core.main.TestSuiteExecutor.execute(TestSuiteExecutor.java:107)
	at com.kms.katalon.core.main.TestCaseMain.startTestSuite(TestCaseMain.java:176)
	at TempTestSuite1735805561810.run(TempTestSuite1735805561810.groovy:35)
	at java.base/jdk.internal.reflect.NativeMethodAccessorImpl.invoke0(Native Method)
	at java.base/jdk.internal.reflect.NativeMethodAccessorImpl.invoke(NativeMethodAccessorImpl.java:77)
	at java.base/jdk.internal.reflect.DelegatingMethodAccessorImpl.invoke(DelegatingMethodAccessorImpl.java:43)
Caused by: com.kms.katalon.core.exception.StepFailedException: Unable to click on object 'Object Repository/Master Data/Admin Sekolah/Filter Tagihan/CIMB' (Root cause: com.kms.katalon.core.exception.StepFailedException: Unable to click on object 'Object Repository/Master Data/Admin Sekolah/Filter Tagihan/CIMB'
	at com.kms.katalon.core.webui.keyword.internal.WebUIKeywordMain.stepFailed(WebUIKeywordMain.groovy:117)
	at com.kms.katalon.core.webui.keyword.internal.WebUIKeywordMain.runKeyword(WebUIKeywordMain.groovy:43)
	at com.kms.katalon.core.webui.keyword.builtin.ClickKeyword.click(ClickKeyword.groovy:75)
	at com.kms.katalon.core.webui.keyword.builtin.ClickKeyword.execute(ClickKeyword.groovy:40)
	at com.kms.katalon.core.keyword.internal.KeywordExecutor.executeKeywordForPlatform(KeywordExecutor.groovy:74)
	at com.kms.katalon.core.webui.keyword.WebUiBuiltInKeywords.click(WebUiBuiltInKeywords.groovy:684)
	at Filter Tagihan.run(Filter Tagihan:62)
	at com.kms.katalon.core.main.ScriptEngine.run(ScriptEngine.java:194)
	at com.kms.katalon.core.main.ScriptEngine.runScriptAsRawText(ScriptEngine.java:119)
	at com.kms.katalon.core.main.TestCaseExecutor.runScript(TestCaseExecutor.java:448)
	at com.kms.katalon.core.main.TestCaseExecutor.doExecute(TestCaseExecutor.java:439)
	at com.kms.katalon.core.main.TestCaseExecutor.processExecutionPhase(TestCaseExecutor.java:418)
	at com.kms.katalon.core.main.TestCaseExecutor.accessMainPhase(TestCaseExecutor.java:410)
	at com.kms.katalon.core.main.TestCaseExecutor.execute(TestCaseExecutor.java:285)
	at com.kms.katalon.core.main.TestCaseMain.runTestCase(TestCaseMain.java:133)
	at com.kms.katalon.core.keyword.builtin.CallTestCaseKeyword$_callTestCase_closure1.doCall(CallTestCaseKeyword.groovy:59)
	at com.kms.katalon.core.keyword.builtin.CallTestCaseKeyword$_callTestCase_closure1.call(CallTestCaseKeyword.groovy)
	at com.kms.katalon.core.keyword.internal.KeywordMain.runKeyword(KeywordMain.groovy:75)
	at com.kms.katalon.core.keyword.builtin.CallTestCaseKeyword.callTestCase(CallTestCaseKeyword.groovy:81)
	at com.kms.katalon.core.keyword.builtin.CallTestCaseKeyword.execute(CallTestCaseKeyword.groovy:44)
	at com.kms.katalon.core.keyword.internal.KeywordExecutor.executeKeywordForPlatform(KeywordExecutor.groovy:74)
	at com.kms.katalon.core.keyword.BuiltinKeywords.callTestCase(BuiltinKeywords.groovy:310)
	at jdk.internal.reflect.GeneratedMethodAccessor48.invoke(Unknown Source)
	at java.base/jdk.internal.reflect.DelegatingMethodAccessorImpl.invoke(DelegatingMethodAccessorImpl.java:43)
	at Regresi Tagihan.run(Regresi Tagihan:22)
	at com.kms.katalon.core.main.ScriptEngine.run(ScriptEngine.java:194)
	at com.kms.katalon.core.main.ScriptEngine.runScriptAsRawText(ScriptEngine.java:119)
	at com.kms.katalon.core.main.TestCaseExecutor.runScript(TestCaseExecutor.java:448)
	at com.kms.katalon.core.main.TestCaseExecutor.doExecute(TestCaseExecutor.java:439)
	at com.kms.katalon.core.main.TestCaseExecutor.processExecutionPhase(TestCaseExecutor.java:418)
	at com.kms.katalon.core.main.TestCaseExecutor.accessMainPhase(TestCaseExecutor.java:410)
	at com.kms.katalon.core.main.TestCaseExecutor.execute(TestCaseExecutor.java:285)
	at com.kms.katalon.core.common.CommonExecutor.accessTestCaseMainPhase(CommonExecutor.java:65)
	at com.kms.katalon.core.main.TestSuiteExecutor.accessTestSuiteMainPhase(TestSuiteExecutor.java:161)
	at com.kms.katalon.core.main.TestSuiteExecutor.execute(TestSuiteExecutor.java:107)
	at com.kms.katalon.core.main.TestCaseMain.startTestSuite(TestCaseMain.java:176)
	at TempTestSuite1735805561810.run(TempTestSuite1735805561810.groovy:35)
	at java.base/jdk.internal.reflect.NativeMethodAccessorImpl.invoke0(Native Method)
	at java.base/jdk.internal.reflect.NativeMethodAccessorImpl.invoke(NativeMethodAccessorImpl.java:77)
	at java.base/jdk.internal.reflect.DelegatingMethodAccessorImpl.invoke(DelegatingMethodAccessorImpl.java:43)
Caused by: com.kms.katalon.core.webui.exception.WebElementNotFoundException: Web element with id: 'Object Repository/Master Data/Admin Sekolah/Filter Tagihan/CIMB' located by '//div[@data-testid='option-91' and .//p[@data-testid='paragraph' and text()='CIMB - 1223123123']]' not found
	at com.kms.katalon.core.webui.common.WebUiCommonHelper.findWebElement(WebUiCommonHelper.java:1426)
	at com.kms.katalon.core.webui.keyword.internal.WebUIAbstractKeyword.findWebElement(WebUIAbstractKeyword.groovy:27)
	at com.kms.katalon.core.webui.keyword.builtin.ClickKeyword$_click_closure1.doCall(ClickKeyword.groovy:66)
	at com.kms.katalon.core.webui.keyword.builtin.ClickKeyword$_click_closure1.call(ClickKeyword.groovy)
	at com.kms.katalon.core.webui.keyword.internal.WebUIKeywordMain.runKeyword(WebUIKeywordMain.groovy:35)
	at com.kms.katalon.core.webui.keyword.builtin.ClickKeyword.click(ClickKeyword.groovy:75)
	at com.kms.katalon.core.webui.keyword.builtin.ClickKeyword.execute(ClickKeyword.groovy:40)
	at com.kms.katalon.core.keyword.internal.KeywordExecutor.executeKeywordForPlatform(KeywordExecutor.groovy:74)
	at com.kms.katalon.core.webui.keyword.WebUiBuiltInKeywords.click(WebUiBuiltInKeywords.groovy:684)
	at Script1731485365054.run(Script1731485365054.groovy:62)
	at com.kms.katalon.core.main.ScriptEngine.run(ScriptEngine.java:194)
	at com.kms.katalon.core.main.ScriptEngine.runScriptAsRawText(ScriptEngine.java:119)
	at com.kms.katalon.core.main.TestCaseExecutor.runScript(TestCaseExecutor.java:448)
	at com.kms.katalon.core.main.TestCaseExecutor.doExecute(TestCaseExecutor.java:439)
	at com.kms.katalon.core.main.TestCaseExecutor.processExecutionPhase(TestCaseExecutor.java:418)
	at com.kms.katalon.core.main.TestCaseExecutor.accessMainPhase(TestCaseExecutor.java:410)
	at com.kms.katalon.core.main.TestCaseExecutor.execute(TestCaseExecutor.java:285)
	at com.kms.katalon.core.main.TestCaseMain.runTestCase(TestCaseMain.java:133)
	at com.kms.katalon.core.keyword.builtin.CallTestCaseKeyword$_callTestCase_closure1.doCall(CallTestCaseKeyword.groovy:59)
	at com.kms.katalon.core.keyword.builtin.CallTestCaseKeyword$_callTestCase_closure1.call(CallTestCaseKeyword.groovy)
	at com.kms.katalon.core.keyword.internal.KeywordMain.runKeyword(KeywordMain.groovy:75)
	at com.kms.katalon.core.keyword.builtin.CallTestCaseKeyword.callTestCase(CallTestCaseKeyword.groovy:81)
	at com.kms.katalon.core.keyword.builtin.CallTestCaseKeyword.execute(CallTestCaseKeyword.groovy:44)
	at com.kms.katalon.core.keyword.internal.KeywordExecutor.executeKeywordForPlatform(KeywordExecutor.groovy:74)
	at com.kms.katalon.core.keyword.BuiltinKeywords.callTestCase(BuiltinKeywords.groovy:310)
	at jdk.internal.reflect.GeneratedMethodAccessor48.invoke(Unknown Source)
	at java.base/jdk.internal.reflect.DelegatingMethodAccessorImpl.invoke(DelegatingMethodAccessorImpl.java:43)
	at Script1735746434271.run(Script1735746434271.groovy:22)
	... 15 more
)
	at com.kms.katalon.core.keyword.internal.KeywordMain.stepFailed(KeywordMain.groovy:39)
	at com.kms.katalon.core.webui.keyword.internal.WebUIKeywordMain.stepFailed(WebUIKeywordMain.groovy:117)
	at com.kms.katalon.core.webui.keyword.internal.WebUIKeywordMain.runKeyword(WebUIKeywordMain.groovy:43)
	at com.kms.katalon.core.webui.keyword.builtin.ClickKeyword.click(ClickKeyword.groovy:75)
	at com.kms.katalon.core.webui.keyword.builtin.ClickKeyword.execute(ClickKeyword.groovy:40)
	at com.kms.katalon.core.keyword.internal.KeywordExecutor.executeKeywordForPlatform(KeywordExecutor.groovy:74)
	at com.kms.katalon.core.webui.keyword.WebUiBuiltInKeywords.click(WebUiBuiltInKeywords.groovy:684)
	at Filter Tagihan.run(Filter Tagihan:62)
	at com.kms.katalon.core.main.ScriptEngine.run(ScriptEngine.java:194)
	at com.kms.katalon.core.main.ScriptEngine.runScriptAsRawText(ScriptEngine.java:119)
	at com.kms.katalon.core.main.TestCaseExecutor.runScript(TestCaseExecutor.java:448)
	at com.kms.katalon.core.main.TestCaseExecutor.doExecute(TestCaseExecutor.java:439)
	at com.kms.katalon.core.main.TestCaseExecutor.processExecutionPhase(TestCaseExecutor.java:418)
	at com.kms.katalon.core.main.TestCaseExecutor.accessMainPhase(TestCaseExecutor.java:410)
	at com.kms.katalon.core.main.TestCaseExecutor.execute(TestCaseExecutor.java:285)
	at com.kms.katalon.core.main.TestCaseMain.runTestCase(TestCaseMain.java:133)
	at com.kms.katalon.core.keyword.builtin.CallTestCaseKeyword$_callTestCase_closure1.doCall(CallTestCaseKeyword.groovy:59)
	... 24 more
Caused by: com.kms.katalon.core.exception.StepFailedException: Unable to click on object 'Object Repository/Master Data/Admin Sekolah/Filter Tagihan/CIMB'
	... 40 more
Caused by: com.kms.katalon.core.webui.exception.WebElementNotFoundException: Web element with id: 'Object Repository/Master Data/Admin Sekolah/Filter Tagihan/CIMB' located by '//div[@data-testid='option-91' and .//p[@data-testid='paragraph' and text()='CIMB - 1223123123']]' not found
	at com.kms.katalon.core.webui.common.WebUiCommonHelper.findWebElement(WebUiCommonHelper.java:1426)
	at com.kms.katalon.core.webui.keyword.internal.WebUIAbstractKeyword.findWebElement(WebUIAbstractKeyword.groovy:27)
	at com.kms.katalon.core.webui.keyword.builtin.ClickKeyword$_click_closure1.doCall(ClickKeyword.groovy:66)
	at com.kms.katalon.core.webui.keyword.builtin.ClickKeyword$_click_closure1.call(ClickKeyword.groovy)
	at com.kms.katalon.core.webui.keyword.internal.WebUIKeywordMain.runKeyword(WebUIKeywordMain.groovy:35)
	... 38 more
)
	at com.kms.katalon.core.keyword.internal.KeywordMain.stepFailed(KeywordMain.groovy:39)
	at com.kms.katalon.core.keyword.internal.KeywordMain.stepFailed(KeywordMain.groovy)
	at com.kms.katalon.core.keyword.internal.KeywordMain.runKeyword(KeywordMain.groovy:77)
	at com.kms.katalon.core.keyword.builtin.CallTestCaseKeyword.callTestCase(CallTestCaseKeyword.groovy:81)
	at com.kms.katalon.core.keyword.builtin.CallTestCaseKeyword.execute(CallTestCaseKeyword.groovy:44)
	at com.kms.katalon.core.keyword.internal.KeywordExecutor.executeKeywordForPlatform(KeywordExecutor.groovy:74)
	at com.kms.katalon.core.keyword.BuiltinKeywords.callTestCase(BuiltinKeywords.groovy:310)
	at jdk.internal.reflect.GeneratedMethodAccessor48.invoke(Unknown Source)
	at java.base/jdk.internal.reflect.DelegatingMethodAccessorImpl.invoke(DelegatingMethodAccessorImpl.java:43)
	at Regresi Tagihan.run(Regresi Tagihan:22)
	at com.kms.katalon.core.main.ScriptEngine.run(ScriptEngine.java:194)
	at com.kms.katalon.core.main.ScriptEngine.runScriptAsRawText(ScriptEngine.java:119)
	at com.kms.katalon.core.main.TestCaseExecutor.runScript(TestCaseExecutor.java:448)
	at com.kms.katalon.core.main.TestCaseExecutor.doExecute(TestCaseExecutor.java:439)
	at com.kms.katalon.core.main.TestCaseExecutor.processExecutionPhase(TestCaseExecutor.java:418)
	at com.kms.katalon.core.main.TestCaseExecutor.accessMainPhase(TestCaseExecutor.java:410)
	at com.kms.katalon.core.main.TestCaseExecutor.execute(TestCaseExecutor.java:285)
	at com.kms.katalon.core.common.CommonExecutor.accessTestCaseMainPhase(CommonExecutor.java:65)
	at com.kms.katalon.core.main.TestSuiteExecutor.accessTestSuiteMainPhase(TestSuiteExecutor.java:161)
	at com.kms.katalon.core.main.TestSuiteExecutor.execute(TestSuiteExecutor.java:107)
	at com.kms.katalon.core.main.TestCaseMain.startTestSuite(TestCaseMain.java:176)
	at TempTestSuite1735805561810.run(TempTestSuite1735805561810.groovy:35)
	at java.base/jdk.internal.reflect.NativeMethodAccessorImpl.invoke0(Native Method)
	at java.base/jdk.internal.reflect.NativeMethodAccessorImpl.invoke(NativeMethodAccessorImpl.java:77)
	at java.base/jdk.internal.reflect.DelegatingMethodAccessorImpl.invoke(DelegatingMethodAccessorImpl.java:43)
Caused by: com.kms.katalon.core.exception.StepFailedException: Call Test Case 'Test Cases/Master Data/Admin Sekolah/Master Data Tagihan/Filter Tagihan' failed
	at com.kms.katalon.core.keyword.builtin.CallTestCaseKeyword$_callTestCase_closure1.doCall(CallTestCaseKeyword.groovy:63)
	at com.kms.katalon.core.keyword.builtin.CallTestCaseKeyword$_callTestCase_closure1.call(CallTestCaseKeyword.groovy)
	at com.kms.katalon.core.keyword.internal.KeywordMain.runKeyword(KeywordMain.groovy:75)
	... 22 more
Caused by: com.kms.katalon.core.exception.StepFailedException: Unable to click on object 'Object Repository/Master Data/Admin Sekolah/Filter Tagihan/CIMB' (Root cause: com.kms.katalon.core.exception.StepFailedException: Unable to click on object 'Object Repository/Master Data/Admin Sekolah/Filter Tagihan/CIMB'
	at com.kms.katalon.core.webui.keyword.internal.WebUIKeywordMain.stepFailed(WebUIKeywordMain.groovy:117)
	at com.kms.katalon.core.webui.keyword.internal.WebUIKeywordMain.runKeyword(WebUIKeywordMain.groovy:43)
	at com.kms.katalon.core.webui.keyword.builtin.ClickKeyword.click(ClickKeyword.groovy:75)
	at com.kms.katalon.core.webui.keyword.builtin.ClickKeyword.execute(ClickKeyword.groovy:40)
	at com.kms.katalon.core.keyword.internal.KeywordExecutor.executeKeywordForPlatform(KeywordExecutor.groovy:74)
	at com.kms.katalon.core.webui.keyword.WebUiBuiltInKeywords.click(WebUiBuiltInKeywords.groovy:684)
	at Filter Tagihan.run(Filter Tagihan:62)
	at com.kms.katalon.core.main.ScriptEngine.run(ScriptEngine.java:194)
	at com.kms.katalon.core.main.ScriptEngine.runScriptAsRawText(ScriptEngine.java:119)
	at com.kms.katalon.core.main.TestCaseExecutor.runScript(TestCaseExecutor.java:448)
	at com.kms.katalon.core.main.TestCaseExecutor.doExecute(TestCaseExecutor.java:439)
	at com.kms.katalon.core.main.TestCaseExecutor.processExecutionPhase(TestCaseExecutor.java:418)
	at com.kms.katalon.core.main.TestCaseExecutor.accessMainPhase(TestCaseExecutor.java:410)
	at com.kms.katalon.core.main.TestCaseExecutor.execute(TestCaseExecutor.java:285)
	at com.kms.katalon.core.main.TestCaseMain.runTestCase(TestCaseMain.java:133)
	at com.kms.katalon.core.keyword.builtin.CallTestCaseKeyword$_callTestCase_closure1.doCall(CallTestCaseKeyword.groovy:59)
	at com.kms.katalon.core.keyword.builtin.CallTestCaseKeyword$_callTestCase_closure1.call(CallTestCaseKeyword.groovy)
	at com.kms.katalon.core.keyword.internal.KeywordMain.runKeyword(KeywordMain.groovy:75)
	at com.kms.katalon.core.keyword.builtin.CallTestCaseKeyword.callTestCase(CallTestCaseKeyword.groovy:81)
	at com.kms.katalon.core.keyword.builtin.CallTestCaseKeyword.execute(CallTestCaseKeyword.groovy:44)
	at com.kms.katalon.core.keyword.internal.KeywordExecutor.executeKeywordForPlatform(KeywordExecutor.groovy:74)
	at com.kms.katalon.core.keyword.BuiltinKeywords.callTestCase(BuiltinKeywords.groovy:310)
	at jdk.internal.reflect.GeneratedMethodAccessor48.invoke(Unknown Source)
	at java.base/jdk.internal.reflect.DelegatingMethodAccessorImpl.invoke(DelegatingMethodAccessorImpl.java:43)
	at Regresi Tagihan.run(Regresi Tagihan:22)
	at com.kms.katalon.core.main.ScriptEngine.run(ScriptEngine.java:194)
	at com.kms.katalon.core.main.ScriptEngine.runScriptAsRawText(ScriptEngine.java:119)
	at com.kms.katalon.core.main.TestCaseExecutor.runScript(TestCaseExecutor.java:448)
	at com.kms.katalon.core.main.TestCaseExecutor.doExecute(TestCaseExecutor.java:439)
	at com.kms.katalon.core.main.TestCaseExecutor.processExecutionPhase(TestCaseExecutor.java:418)
	at com.kms.katalon.core.main.TestCaseExecutor.accessMainPhase(TestCaseExecutor.java:410)
	at com.kms.katalon.core.main.TestCaseExecutor.execute(TestCaseExecutor.java:285)
	at com.kms.katalon.core.common.CommonExecutor.accessTestCaseMainPhase(CommonExecutor.java:65)
	at com.kms.katalon.core.main.TestSuiteExecutor.accessTestSuiteMainPhase(TestSuiteExecutor.java:161)
	at com.kms.katalon.core.main.TestSuiteExecutor.execute(TestSuiteExecutor.java:107)
	at com.kms.katalon.core.main.TestCaseMain.startTestSuite(TestCaseMain.java:176)
	at TempTestSuite1735805561810.run(TempTestSuite1735805561810.groovy:35)
	at java.base/jdk.internal.reflect.NativeMethodAccessorImpl.invoke0(Native Method)
	at java.base/jdk.internal.reflect.NativeMethodAccessorImpl.invoke(NativeMethodAccessorImpl.java:77)
	at java.base/jdk.internal.reflect.DelegatingMethodAccessorImpl.invoke(DelegatingMethodAccessorImpl.java:43)
Caused by: com.kms.katalon.core.webui.exception.WebElementNotFoundException: Web element with id: 'Object Repository/Master Data/Admin Sekolah/Filter Tagihan/CIMB' located by '//div[@data-testid='option-91' and .//p[@data-testid='paragraph' and text()='CIMB - 1223123123']]' not found
	at com.kms.katalon.core.webui.common.WebUiCommonHelper.findWebElement(WebUiCommonHelper.java:1426)
	at com.kms.katalon.core.webui.keyword.internal.WebUIAbstractKeyword.findWebElement(WebUIAbstractKeyword.groovy:27)
	at com.kms.katalon.core.webui.keyword.builtin.ClickKeyword$_click_closure1.doCall(ClickKeyword.groovy:66)
	at com.kms.katalon.core.webui.keyword.builtin.ClickKeyword$_click_closure1.call(ClickKeyword.groovy)
	at com.kms.katalon.core.webui.keyword.internal.WebUIKeywordMain.runKeyword(WebUIKeywordMain.groovy:35)
	at com.kms.katalon.core.webui.keyword.builtin.ClickKeyword.click(ClickKeyword.groovy:75)
	at com.kms.katalon.core.webui.keyword.builtin.ClickKeyword.execute(ClickKeyword.groovy:40)
	at com.kms.katalon.core.keyword.internal.KeywordExecutor.executeKeywordForPlatform(KeywordExecutor.groovy:74)
	at com.kms.katalon.core.webui.keyword.WebUiBuiltInKeywords.click(WebUiBuiltInKeywords.groovy:684)
	at Script1731485365054.run(Script1731485365054.groovy:62)
	at com.kms.katalon.core.main.ScriptEngine.run(ScriptEngine.java:194)
	at com.kms.katalon.core.main.ScriptEngine.runScriptAsRawText(ScriptEngine.java:119)
	at com.kms.katalon.core.main.TestCaseExecutor.runScript(TestCaseExecutor.java:448)
	at com.kms.katalon.core.main.TestCaseExecutor.doExecute(TestCaseExecutor.java:439)
	at com.kms.katalon.core.main.TestCaseExecutor.processExecutionPhase(TestCaseExecutor.java:418)
	at com.kms.katalon.core.main.TestCaseExecutor.accessMainPhase(TestCaseExecutor.java:410)
	at com.kms.katalon.core.main.TestCaseExecutor.execute(TestCaseExecutor.java:285)
	at com.kms.katalon.core.main.TestCaseMain.runTestCase(TestCaseMain.java:133)
	at com.kms.katalon.core.keyword.builtin.CallTestCaseKeyword$_callTestCase_closure1.doCall(CallTestCaseKeyword.groovy:59)
	at com.kms.katalon.core.keyword.builtin.CallTestCaseKeyword$_callTestCase_closure1.call(CallTestCaseKeyword.groovy)
	at com.kms.katalon.core.keyword.internal.KeywordMain.runKeyword(KeywordMain.groovy:75)
	at com.kms.katalon.core.keyword.builtin.CallTestCaseKeyword.callTestCase(CallTestCaseKeyword.groovy:81)
	at com.kms.katalon.core.keyword.builtin.CallTestCaseKeyword.execute(CallTestCaseKeyword.groovy:44)
	at com.kms.katalon.core.keyword.internal.KeywordExecutor.executeKeywordForPlatform(KeywordExecutor.groovy:74)
	at com.kms.katalon.core.keyword.BuiltinKeywords.callTestCase(BuiltinKeywords.groovy:310)
	at jdk.internal.reflect.GeneratedMethodAccessor48.invoke(Unknown Source)
	at java.base/jdk.internal.reflect.DelegatingMethodAccessorImpl.invoke(DelegatingMethodAccessorImpl.java:43)
	at Script1735746434271.run(Script1735746434271.groovy:22)
	... 15 more
)
	at com.kms.katalon.core.keyword.internal.KeywordMain.stepFailed(KeywordMain.groovy:39)
	at com.kms.katalon.core.webui.keyword.internal.WebUIKeywordMain.stepFailed(WebUIKeywordMain.groovy:117)
	at com.kms.katalon.core.webui.keyword.internal.WebUIKeywordMain.runKeyword(WebUIKeywordMain.groovy:43)
	at com.kms.katalon.core.webui.keyword.builtin.ClickKeyword.click(ClickKeyword.groovy:75)
	at com.kms.katalon.core.webui.keyword.builtin.ClickKeyword.execute(ClickKeyword.groovy:40)
	at com.kms.katalon.core.keyword.internal.KeywordExecutor.executeKeywordForPlatform(KeywordExecutor.groovy:74)
	at com.kms.katalon.core.webui.keyword.WebUiBuiltInKeywords.click(WebUiBuiltInKeywords.groovy:684)
	at Filter Tagihan.run(Filter Tagihan:62)
	at com.kms.katalon.core.main.ScriptEngine.run(ScriptEngine.java:194)
	at com.kms.katalon.core.main.ScriptEngine.runScriptAsRawText(ScriptEngine.java:119)
	at com.kms.katalon.core.main.TestCaseExecutor.runScript(TestCaseExecutor.java:448)
	at com.kms.katalon.core.main.TestCaseExecutor.doExecute(TestCaseExecutor.java:439)
	at com.kms.katalon.core.main.TestCaseExecutor.processExecutionPhase(TestCaseExecutor.java:418)
	at com.kms.katalon.core.main.TestCaseExecutor.accessMainPhase(TestCaseExecutor.java:410)
	at com.kms.katalon.core.main.TestCaseExecutor.execute(TestCaseExecutor.java:285)
	at com.kms.katalon.core.main.TestCaseMain.runTestCase(TestCaseMain.java:133)
	at com.kms.katalon.core.keyword.builtin.CallTestCaseKeyword$_callTestCase_closure1.doCall(CallTestCaseKeyword.groovy:59)
	... 24 more
Caused by: com.kms.katalon.core.exception.StepFailedException: Unable to click on object 'Object Repository/Master Data/Admin Sekolah/Filter Tagihan/CIMB'
	... 40 more
Caused by: com.kms.katalon.core.webui.exception.WebElementNotFoundException: Web element with id: 'Object Repository/Master Data/Admin Sekolah/Filter Tagihan/CIMB' located by '//div[@data-testid='option-91' and .//p[@data-testid='paragraph' and text()='CIMB - 1223123123']]' not found
	at com.kms.katalon.core.webui.common.WebUiCommonHelper.findWebElement(WebUiCommonHelper.java:1426)
	at com.kms.katalon.core.webui.keyword.internal.WebUIAbstractKeyword.findWebElement(WebUIAbstractKeyword.groovy:27)
	at com.kms.katalon.core.webui.keyword.builtin.ClickKeyword$_click_closure1.doCall(ClickKeyword.groovy:66)
	at com.kms.katalon.core.webui.keyword.builtin.ClickKeyword$_click_closure1.call(ClickKeyword.groovy)
	at com.kms.katalon.core.webui.keyword.internal.WebUIKeywordMain.runKeyword(WebUIKeywordMain.groovy:35)
	... 38 more]]></system-err>
      </testcase>
      <testcase name="Test Cases/Regresi Feature/Sprint 1/Regresi Tahun Ajaran" time="163.305" classname="Test Cases/Regresi Feature/Sprint 1/Regresi Tahun Ajaran" status="PASSED">
         <system-out><![CDATA[02-01-2025T15:27:57 - [TEST_CASE][PASSED] - Test Cases/Regresi Feature/Sprint 1/Regresi Tahun Ajaran: Test Cases/Regresi Feature/Sprint 1/Regresi Tahun Ajaran

02-01-2025T15:27:57 - [TEST_STEP][PASSED] - for ([i = 1, i <= maxLoop, (i++)]): null

02-01-2025T15:27:57 - [TEST_STEP][PASSED] - callTestCase(findTestCase("Test Cases/Master Data/Admin Sekolah/Master Data Tahun Ajaran/Edit Tahun Ajaran"), [:], OPTIONAL): Call Test Case 'Test Cases/Master Data/Admin Sekolah/Master Data Tahun Ajaran/Edit Tahun Ajaran' successfully

02-01-2025T15:27:58 - [TEST_CASE][PASSED] - Test Cases/Master Data/Admin Sekolah/Master Data Tahun Ajaran/Edit Tahun Ajaran: Test Cases/Master Data/Admin Sekolah/Master Data Tahun Ajaran/Edit Tahun Ajaran

02-01-2025T15:27:58 - [TEST_STEP][PASSED] - openBrowser("", OPTIONAL): Browser is opened with url: ''

02-01-2025T15:27:58 - [MESSAGE][WARNING] - A browser is already opened. Closing browser and opening a new one

02-01-2025T15:27:58 - [MESSAGE][INFO] - Starting 'Chrome' driver

02-01-2025T15:27:58 - [MESSAGE][INFO] - Action delay is set to 0 milliseconds

02-01-2025T15:27:59 - [MESSAGE][PASSED] - Browser is opened with url: ''

02-01-2025T15:27:59 - [TEST_STEP][PASSED] - navigateToUrl("https://school-payment.digiform.co.id/login", OPTIONAL): Navigate to 'https://school-payment.digiform.co.id/login' successfully

02-01-2025T15:27:59 - [MESSAGE][PASSED] - Navigate to 'https://school-payment.digiform.co.id/login' successfully

02-01-2025T15:27:59 - [TEST_STEP][PASSED] - click(findTestObject("Master Data/Admin Sekolah/Login/Field Email"), OPTIONAL): Object: 'Object Repository/Master Data/Admin Sekolah/Login/Field Email' is clicked on

02-01-2025T15:28:00 - [MESSAGE][PASSED] - Object: 'Object Repository/Master Data/Admin Sekolah/Login/Field Email' is clicked on

02-01-2025T15:28:00 - [TEST_STEP][PASSED] - setText(findTestObject("Master Data/Admin Sekolah/Login/Field Email"), "admin.gudangsolusi@digiform.co.id", OPTIONAL): Text 'admin.gudangsolusi@digiform.co.id' is set on object 'Object Repository/Master Data/Admin Sekolah/Login/Field Email'

02-01-2025T15:28:01 - [MESSAGE][PASSED] - Text 'admin.gudangsolusi@digiform.co.id' is set on object 'Object Repository/Master Data/Admin Sekolah/Login/Field Email'

02-01-2025T15:28:01 - [TEST_STEP][PASSED] - click(findTestObject("Master Data/Admin Sekolah/Login/Input Password"), OPTIONAL): Object: 'Object Repository/Master Data/Admin Sekolah/Login/Input Password' is clicked on

02-01-2025T15:28:01 - [MESSAGE][PASSED] - Object: 'Object Repository/Master Data/Admin Sekolah/Login/Input Password' is clicked on

02-01-2025T15:28:01 - [TEST_STEP][PASSED] - setText(findTestObject("Master Data/Admin Sekolah/Login/Input Password"), "Test1234", OPTIONAL): Text 'Test1234' is set on object 'Object Repository/Master Data/Admin Sekolah/Login/Input Password'

02-01-2025T15:28:02 - [MESSAGE][PASSED] - Text 'Test1234' is set on object 'Object Repository/Master Data/Admin Sekolah/Login/Input Password'

02-01-2025T15:28:02 - [TEST_STEP][PASSED] - click(findTestObject("Master Data/Admin Sekolah/Login/Button Submit"), OPTIONAL): Object: 'Object Repository/Master Data/Admin Sekolah/Login/Button Submit' is clicked on

02-01-2025T15:28:02 - [MESSAGE][PASSED] - Object: 'Object Repository/Master Data/Admin Sekolah/Login/Button Submit' is clicked on

02-01-2025T15:28:02 - [TEST_STEP][PASSED] - click(findTestObject("Master Data/Admin Sekolah/Master Data Menu"), OPTIONAL): Object: 'Object Repository/Master Data/Admin Sekolah/Master Data Menu' is clicked on

02-01-2025T15:28:23 - [MESSAGE][PASSED] - Object: 'Object Repository/Master Data/Admin Sekolah/Master Data Menu' is clicked on

02-01-2025T15:28:23 - [TEST_STEP][PASSED] - click(findTestObject("Master Data/Admin Sekolah/Tahun Ajaran/Menu Tahun Ajaran"), OPTIONAL): Object: 'Object Repository/Master Data/Admin Sekolah/Tahun Ajaran/Menu Tahun Ajaran' is clicked on

02-01-2025T15:28:42 - [MESSAGE][PASSED] - Object: 'Object Repository/Master Data/Admin Sekolah/Tahun Ajaran/Menu Tahun Ajaran' is clicked on

02-01-2025T15:28:42 - [TEST_STEP][PASSED] - click(findTestObject("Master Data/Admin Sekolah/Tahun Ajaran/Edit Tahun Ajaran/Icon Edit"), OPTIONAL): Object: 'Object Repository/Master Data/Admin Sekolah/Tahun Ajaran/Edit Tahun Ajaran/Icon Edit' is clicked on

02-01-2025T15:28:43 - [MESSAGE][PASSED] - Object: 'Object Repository/Master Data/Admin Sekolah/Tahun Ajaran/Edit Tahun Ajaran/Icon Edit' is clicked on

02-01-2025T15:28:43 - [TEST_STEP][PASSED] - click(findTestObject("Master Data/Admin Sekolah/Tahun Ajaran/Edit Tahun Ajaran/Dropdown Edit tahun Selesai"), OPTIONAL): Object: 'Object Repository/Master Data/Admin Sekolah/Tahun Ajaran/Edit Tahun Ajaran/Dropdown Edit tahun Selesai' is clicked on

02-01-2025T15:28:44 - [MESSAGE][PASSED] - Object: 'Object Repository/Master Data/Admin Sekolah/Tahun Ajaran/Edit Tahun Ajaran/Dropdown Edit tahun Selesai' is clicked on

02-01-2025T15:28:44 - [TEST_STEP][PASSED] - click(findTestObject("Master Data/Admin Sekolah/Tahun Ajaran/Edit Tahun Ajaran/Dropdown List Tahun Selesai"), OPTIONAL): Object: 'Object Repository/Master Data/Admin Sekolah/Tahun Ajaran/Edit Tahun Ajaran/Dropdown List Tahun Selesai' is clicked on

02-01-2025T15:28:44 - [MESSAGE][PASSED] - Object: 'Object Repository/Master Data/Admin Sekolah/Tahun Ajaran/Edit Tahun Ajaran/Dropdown List Tahun Selesai' is clicked on

02-01-2025T15:28:44 - [TEST_STEP][PASSED] - click(findTestObject("Master Data/Admin Sekolah/Tahun Ajaran/Edit Tahun Ajaran/Pilih List Tahun Selesai"), OPTIONAL): Object: 'Object Repository/Master Data/Admin Sekolah/Tahun Ajaran/Edit Tahun Ajaran/Pilih List Tahun Selesai' is clicked on

02-01-2025T15:28:45 - [MESSAGE][PASSED] - Object: 'Object Repository/Master Data/Admin Sekolah/Tahun Ajaran/Edit Tahun Ajaran/Pilih List Tahun Selesai' is clicked on

02-01-2025T15:28:45 - [TEST_STEP][PASSED] - click(findTestObject("Master Data/Admin Sekolah/Tahun Ajaran/Edit Tahun Ajaran/Pilih Tanggal Tahun Selesai"), OPTIONAL): Object: 'Object Repository/Master Data/Admin Sekolah/Tahun Ajaran/Edit Tahun Ajaran/Pilih Tanggal Tahun Selesai' is clicked on

02-01-2025T15:28:45 - [MESSAGE][PASSED] - Object: 'Object Repository/Master Data/Admin Sekolah/Tahun Ajaran/Edit Tahun Ajaran/Pilih Tanggal Tahun Selesai' is clicked on

02-01-2025T15:28:45 - [TEST_STEP][PASSED] - click(findTestObject("Master Data/Admin Sekolah/Tahun Ajaran/Button Submit Tahun Ajaran"), OPTIONAL): Object: 'Object Repository/Master Data/Admin Sekolah/Tahun Ajaran/Button Submit Tahun Ajaran' is clicked on

02-01-2025T15:28:45 - [MESSAGE][PASSED] - Object: 'Object Repository/Master Data/Admin Sekolah/Tahun Ajaran/Button Submit Tahun Ajaran' is clicked on

02-01-2025T15:28:45 - [MESSAGE][PASSED] - Call Test Case 'Test Cases/Master Data/Admin Sekolah/Master Data Tahun Ajaran/Edit Tahun Ajaran' successfully

02-01-2025T15:28:45 - [TEST_STEP][PASSED] - callTestCase(findTestCase("Test Cases/Master Data/Admin Sekolah/Master Data Tahun Ajaran/Tambah Tahun Ajaran"), [:], OPTIONAL): Call Test Case 'Test Cases/Master Data/Admin Sekolah/Master Data Tahun Ajaran/Tambah Tahun Ajaran' successfully

02-01-2025T15:28:45 - [TEST_CASE][PASSED] - Test Cases/Master Data/Admin Sekolah/Master Data Tahun Ajaran/Tambah Tahun Ajaran: Test Cases/Master Data/Admin Sekolah/Master Data Tahun Ajaran/Tambah Tahun Ajaran

02-01-2025T15:28:46 - [TEST_STEP][PASSED] - openBrowser("", OPTIONAL): Browser is opened with url: ''

02-01-2025T15:28:46 - [MESSAGE][WARNING] - A browser is already opened. Closing browser and opening a new one

02-01-2025T15:28:46 - [MESSAGE][INFO] - Starting 'Chrome' driver

02-01-2025T15:28:46 - [MESSAGE][INFO] - Action delay is set to 0 milliseconds

02-01-2025T15:28:46 - [MESSAGE][PASSED] - Browser is opened with url: ''

02-01-2025T15:28:46 - [TEST_STEP][PASSED] - navigateToUrl("https://school-payment.digiform.co.id/login", OPTIONAL): Navigate to 'https://school-payment.digiform.co.id/login' successfully

02-01-2025T15:28:47 - [MESSAGE][PASSED] - Navigate to 'https://school-payment.digiform.co.id/login' successfully

02-01-2025T15:28:47 - [TEST_STEP][PASSED] - setText(findTestObject("Master Data/Admin Sekolah/Login/Field Email"), "admin.gudangsolusi@digiform.co.id", OPTIONAL): Text 'admin.gudangsolusi@digiform.co.id' is set on object 'Object Repository/Master Data/Admin Sekolah/Login/Field Email'

02-01-2025T15:28:49 - [MESSAGE][PASSED] - Text 'admin.gudangsolusi@digiform.co.id' is set on object 'Object Repository/Master Data/Admin Sekolah/Login/Field Email'

02-01-2025T15:28:49 - [TEST_STEP][PASSED] - setText(findTestObject("Master Data/Admin Sekolah/Login/Input Password"), "Test1234", OPTIONAL): Text 'Test1234' is set on object 'Object Repository/Master Data/Admin Sekolah/Login/Input Password'

02-01-2025T15:28:49 - [MESSAGE][PASSED] - Text 'Test1234' is set on object 'Object Repository/Master Data/Admin Sekolah/Login/Input Password'

02-01-2025T15:28:49 - [TEST_STEP][PASSED] - click(findTestObject("Master Data/Admin Sekolah/Login/Button Submit"), OPTIONAL): Object: 'Object Repository/Master Data/Admin Sekolah/Login/Button Submit' is clicked on

02-01-2025T15:28:49 - [MESSAGE][PASSED] - Object: 'Object Repository/Master Data/Admin Sekolah/Login/Button Submit' is clicked on

02-01-2025T15:28:49 - [TEST_STEP][PASSED] - click(findTestObject("Master Data/Admin Sekolah/Master Data Menu"), OPTIONAL): Object: 'Object Repository/Master Data/Admin Sekolah/Master Data Menu' is clicked on

02-01-2025T15:28:51 - [MESSAGE][PASSED] - Object: 'Object Repository/Master Data/Admin Sekolah/Master Data Menu' is clicked on

02-01-2025T15:28:51 - [TEST_STEP][PASSED] - click(findTestObject("Master Data/Admin Sekolah/Tahun Ajaran/Menu Tahun Ajaran"), OPTIONAL): Object: 'Object Repository/Master Data/Admin Sekolah/Tahun Ajaran/Menu Tahun Ajaran' is clicked on

02-01-2025T15:28:52 - [MESSAGE][PASSED] - Object: 'Object Repository/Master Data/Admin Sekolah/Tahun Ajaran/Menu Tahun Ajaran' is clicked on

02-01-2025T15:28:52 - [TEST_STEP][PASSED] - click(findTestObject("Master Data/Admin Sekolah/Tahun Ajaran/Button Tambah"), OPTIONAL): Object: 'Object Repository/Master Data/Admin Sekolah/Tahun Ajaran/Button Tambah' is clicked on

02-01-2025T15:28:52 - [MESSAGE][PASSED] - Object: 'Object Repository/Master Data/Admin Sekolah/Tahun Ajaran/Button Tambah' is clicked on

02-01-2025T15:28:52 - [TEST_STEP][PASSED] - click(findTestObject("Master Data/Admin Sekolah/Tahun Ajaran/Tahun Mulai/Dropdown Tahun Mulai"), OPTIONAL): Object: 'Object Repository/Master Data/Admin Sekolah/Tahun Ajaran/Tahun Mulai/Dropdown Tahun Mulai' is clicked on

02-01-2025T15:28:53 - [MESSAGE][PASSED] - Object: 'Object Repository/Master Data/Admin Sekolah/Tahun Ajaran/Tahun Mulai/Dropdown Tahun Mulai' is clicked on

02-01-2025T15:28:53 - [TEST_STEP][PASSED] - dynamicXPath = createDynamicXPath("10"): null

02-01-2025T15:28:53 - [TEST_STEP][PASSED] - return ((//div[@class='mt-2 grid grid-cols-7']//p[text()=' + date) + ' and contains(@class, 'cursor-pointer')]): null

02-01-2025T15:28:53 - [TEST_STEP][PASSED] - dynamicTestObject = TestObject().addProperty("xpath", EQUALS, dynamicXPath): null

02-01-2025T15:28:53 - [TEST_STEP][PASSED] - click(dynamicTestObject, OPTIONAL): Object: '' is clicked on

02-01-2025T15:28:53 - [MESSAGE][PASSED] - Object: '' is clicked on

02-01-2025T15:28:53 - [TEST_STEP][PASSED] - click(findTestObject("Master Data/Admin Sekolah/Tahun Ajaran/Button Submit Tahun Ajaran"), OPTIONAL): Object: 'Object Repository/Master Data/Admin Sekolah/Tahun Ajaran/Button Submit Tahun Ajaran' is clicked on

02-01-2025T15:28:54 - [MESSAGE][PASSED] - Object: 'Object Repository/Master Data/Admin Sekolah/Tahun Ajaran/Button Submit Tahun Ajaran' is clicked on

02-01-2025T15:28:54 - [TEST_STEP][PASSED] - closeBrowser(OPTIONAL): Browser is closed

02-01-2025T15:28:54 - [MESSAGE][PASSED] - Browser is closed

02-01-2025T15:28:54 - [MESSAGE][PASSED] - Call Test Case 'Test Cases/Master Data/Admin Sekolah/Master Data Tahun Ajaran/Tambah Tahun Ajaran' successfully

02-01-2025T15:28:54 - [TEST_STEP][PASSED] - println("============================= Loop Again ==============================="): null

02-01-2025T15:28:54 - [TEST_STEP][PASSED] - callTestCase(findTestCase("Test Cases/Master Data/Admin Sekolah/Master Data Tahun Ajaran/Edit Tahun Ajaran"), [:], OPTIONAL): Call Test Case 'Test Cases/Master Data/Admin Sekolah/Master Data Tahun Ajaran/Edit Tahun Ajaran' successfully

02-01-2025T15:28:54 - [TEST_CASE][PASSED] - Test Cases/Master Data/Admin Sekolah/Master Data Tahun Ajaran/Edit Tahun Ajaran: Test Cases/Master Data/Admin Sekolah/Master Data Tahun Ajaran/Edit Tahun Ajaran

02-01-2025T15:28:54 - [TEST_STEP][PASSED] - openBrowser("", OPTIONAL): Browser is opened with url: ''

02-01-2025T15:28:54 - [MESSAGE][INFO] - Starting 'Chrome' driver

02-01-2025T15:28:54 - [MESSAGE][INFO] - Action delay is set to 0 milliseconds

02-01-2025T15:28:55 - [MESSAGE][PASSED] - Browser is opened with url: ''

02-01-2025T15:28:55 - [TEST_STEP][PASSED] - navigateToUrl("https://school-payment.digiform.co.id/login", OPTIONAL): Navigate to 'https://school-payment.digiform.co.id/login' successfully

02-01-2025T15:28:55 - [MESSAGE][PASSED] - Navigate to 'https://school-payment.digiform.co.id/login' successfully

02-01-2025T15:28:55 - [TEST_STEP][PASSED] - click(findTestObject("Master Data/Admin Sekolah/Login/Field Email"), OPTIONAL): Object: 'Object Repository/Master Data/Admin Sekolah/Login/Field Email' is clicked on

02-01-2025T15:28:56 - [MESSAGE][PASSED] - Object: 'Object Repository/Master Data/Admin Sekolah/Login/Field Email' is clicked on

02-01-2025T15:28:56 - [TEST_STEP][PASSED] - setText(findTestObject("Master Data/Admin Sekolah/Login/Field Email"), "admin.gudangsolusi@digiform.co.id", OPTIONAL): Text 'admin.gudangsolusi@digiform.co.id' is set on object 'Object Repository/Master Data/Admin Sekolah/Login/Field Email'

02-01-2025T15:28:57 - [MESSAGE][PASSED] - Text 'admin.gudangsolusi@digiform.co.id' is set on object 'Object Repository/Master Data/Admin Sekolah/Login/Field Email'

02-01-2025T15:28:57 - [TEST_STEP][PASSED] - click(findTestObject("Master Data/Admin Sekolah/Login/Input Password"), OPTIONAL): Object: 'Object Repository/Master Data/Admin Sekolah/Login/Input Password' is clicked on

02-01-2025T15:28:57 - [MESSAGE][PASSED] - Object: 'Object Repository/Master Data/Admin Sekolah/Login/Input Password' is clicked on

02-01-2025T15:28:57 - [TEST_STEP][PASSED] - setText(findTestObject("Master Data/Admin Sekolah/Login/Input Password"), "Test1234", OPTIONAL): Text 'Test1234' is set on object 'Object Repository/Master Data/Admin Sekolah/Login/Input Password'

02-01-2025T15:28:58 - [MESSAGE][PASSED] - Text 'Test1234' is set on object 'Object Repository/Master Data/Admin Sekolah/Login/Input Password'

02-01-2025T15:28:58 - [TEST_STEP][PASSED] - click(findTestObject("Master Data/Admin Sekolah/Login/Button Submit"), OPTIONAL): Object: 'Object Repository/Master Data/Admin Sekolah/Login/Button Submit' is clicked on

02-01-2025T15:28:58 - [MESSAGE][PASSED] - Object: 'Object Repository/Master Data/Admin Sekolah/Login/Button Submit' is clicked on

02-01-2025T15:28:58 - [TEST_STEP][PASSED] - click(findTestObject("Master Data/Admin Sekolah/Master Data Menu"), OPTIONAL): Object: 'Object Repository/Master Data/Admin Sekolah/Master Data Menu' is clicked on

02-01-2025T15:29:19 - [MESSAGE][PASSED] - Object: 'Object Repository/Master Data/Admin Sekolah/Master Data Menu' is clicked on

02-01-2025T15:29:19 - [TEST_STEP][PASSED] - click(findTestObject("Master Data/Admin Sekolah/Tahun Ajaran/Menu Tahun Ajaran"), OPTIONAL): Object: 'Object Repository/Master Data/Admin Sekolah/Tahun Ajaran/Menu Tahun Ajaran' is clicked on

02-01-2025T15:29:20 - [MESSAGE][PASSED] - Object: 'Object Repository/Master Data/Admin Sekolah/Tahun Ajaran/Menu Tahun Ajaran' is clicked on

02-01-2025T15:29:20 - [TEST_STEP][PASSED] - click(findTestObject("Master Data/Admin Sekolah/Tahun Ajaran/Edit Tahun Ajaran/Icon Edit"), OPTIONAL): Object: 'Object Repository/Master Data/Admin Sekolah/Tahun Ajaran/Edit Tahun Ajaran/Icon Edit' is clicked on

02-01-2025T15:29:21 - [MESSAGE][PASSED] - Object: 'Object Repository/Master Data/Admin Sekolah/Tahun Ajaran/Edit Tahun Ajaran/Icon Edit' is clicked on

02-01-2025T15:29:21 - [TEST_STEP][PASSED] - click(findTestObject("Master Data/Admin Sekolah/Tahun Ajaran/Edit Tahun Ajaran/Dropdown Edit tahun Selesai"), OPTIONAL): Object: 'Object Repository/Master Data/Admin Sekolah/Tahun Ajaran/Edit Tahun Ajaran/Dropdown Edit tahun Selesai' is clicked on

02-01-2025T15:29:21 - [MESSAGE][PASSED] - Object: 'Object Repository/Master Data/Admin Sekolah/Tahun Ajaran/Edit Tahun Ajaran/Dropdown Edit tahun Selesai' is clicked on

02-01-2025T15:29:21 - [TEST_STEP][PASSED] - click(findTestObject("Master Data/Admin Sekolah/Tahun Ajaran/Edit Tahun Ajaran/Dropdown List Tahun Selesai"), OPTIONAL): Object: 'Object Repository/Master Data/Admin Sekolah/Tahun Ajaran/Edit Tahun Ajaran/Dropdown List Tahun Selesai' is clicked on

02-01-2025T15:29:22 - [MESSAGE][PASSED] - Object: 'Object Repository/Master Data/Admin Sekolah/Tahun Ajaran/Edit Tahun Ajaran/Dropdown List Tahun Selesai' is clicked on

02-01-2025T15:29:22 - [TEST_STEP][PASSED] - click(findTestObject("Master Data/Admin Sekolah/Tahun Ajaran/Edit Tahun Ajaran/Pilih List Tahun Selesai"), OPTIONAL): Object: 'Object Repository/Master Data/Admin Sekolah/Tahun Ajaran/Edit Tahun Ajaran/Pilih List Tahun Selesai' is clicked on

02-01-2025T15:29:22 - [MESSAGE][PASSED] - Object: 'Object Repository/Master Data/Admin Sekolah/Tahun Ajaran/Edit Tahun Ajaran/Pilih List Tahun Selesai' is clicked on

02-01-2025T15:29:22 - [TEST_STEP][PASSED] - click(findTestObject("Master Data/Admin Sekolah/Tahun Ajaran/Edit Tahun Ajaran/Pilih Tanggal Tahun Selesai"), OPTIONAL): Object: 'Object Repository/Master Data/Admin Sekolah/Tahun Ajaran/Edit Tahun Ajaran/Pilih Tanggal Tahun Selesai' is clicked on

02-01-2025T15:29:22 - [MESSAGE][PASSED] - Object: 'Object Repository/Master Data/Admin Sekolah/Tahun Ajaran/Edit Tahun Ajaran/Pilih Tanggal Tahun Selesai' is clicked on

02-01-2025T15:29:22 - [TEST_STEP][PASSED] - click(findTestObject("Master Data/Admin Sekolah/Tahun Ajaran/Button Submit Tahun Ajaran"), OPTIONAL): Object: 'Object Repository/Master Data/Admin Sekolah/Tahun Ajaran/Button Submit Tahun Ajaran' is clicked on

02-01-2025T15:29:23 - [MESSAGE][PASSED] - Object: 'Object Repository/Master Data/Admin Sekolah/Tahun Ajaran/Button Submit Tahun Ajaran' is clicked on

02-01-2025T15:29:23 - [MESSAGE][PASSED] - Call Test Case 'Test Cases/Master Data/Admin Sekolah/Master Data Tahun Ajaran/Edit Tahun Ajaran' successfully

02-01-2025T15:29:23 - [TEST_STEP][PASSED] - callTestCase(findTestCase("Test Cases/Master Data/Admin Sekolah/Master Data Tahun Ajaran/Tambah Tahun Ajaran"), [:], OPTIONAL): Call Test Case 'Test Cases/Master Data/Admin Sekolah/Master Data Tahun Ajaran/Tambah Tahun Ajaran' successfully

02-01-2025T15:29:23 - [TEST_CASE][PASSED] - Test Cases/Master Data/Admin Sekolah/Master Data Tahun Ajaran/Tambah Tahun Ajaran: Test Cases/Master Data/Admin Sekolah/Master Data Tahun Ajaran/Tambah Tahun Ajaran

02-01-2025T15:29:23 - [TEST_STEP][PASSED] - openBrowser("", OPTIONAL): Browser is opened with url: ''

02-01-2025T15:29:23 - [MESSAGE][WARNING] - A browser is already opened. Closing browser and opening a new one

02-01-2025T15:29:23 - [MESSAGE][INFO] - Starting 'Chrome' driver

02-01-2025T15:29:23 - [MESSAGE][INFO] - Action delay is set to 0 milliseconds

02-01-2025T15:29:24 - [MESSAGE][PASSED] - Browser is opened with url: ''

02-01-2025T15:29:24 - [TEST_STEP][PASSED] - navigateToUrl("https://school-payment.digiform.co.id/login", OPTIONAL): Navigate to 'https://school-payment.digiform.co.id/login' successfully

02-01-2025T15:29:24 - [MESSAGE][PASSED] - Navigate to 'https://school-payment.digiform.co.id/login' successfully

02-01-2025T15:29:24 - [TEST_STEP][PASSED] - setText(findTestObject("Master Data/Admin Sekolah/Login/Field Email"), "admin.gudangsolusi@digiform.co.id", OPTIONAL): Text 'admin.gudangsolusi@digiform.co.id' is set on object 'Object Repository/Master Data/Admin Sekolah/Login/Field Email'

02-01-2025T15:29:26 - [MESSAGE][PASSED] - Text 'admin.gudangsolusi@digiform.co.id' is set on object 'Object Repository/Master Data/Admin Sekolah/Login/Field Email'

02-01-2025T15:29:26 - [TEST_STEP][PASSED] - setText(findTestObject("Master Data/Admin Sekolah/Login/Input Password"), "Test1234", OPTIONAL): Text 'Test1234' is set on object 'Object Repository/Master Data/Admin Sekolah/Login/Input Password'

02-01-2025T15:29:26 - [MESSAGE][PASSED] - Text 'Test1234' is set on object 'Object Repository/Master Data/Admin Sekolah/Login/Input Password'

02-01-2025T15:29:26 - [TEST_STEP][PASSED] - click(findTestObject("Master Data/Admin Sekolah/Login/Button Submit"), OPTIONAL): Object: 'Object Repository/Master Data/Admin Sekolah/Login/Button Submit' is clicked on

02-01-2025T15:29:27 - [MESSAGE][PASSED] - Object: 'Object Repository/Master Data/Admin Sekolah/Login/Button Submit' is clicked on

02-01-2025T15:29:27 - [TEST_STEP][PASSED] - click(findTestObject("Master Data/Admin Sekolah/Master Data Menu"), OPTIONAL): Object: 'Object Repository/Master Data/Admin Sekolah/Master Data Menu' is clicked on

02-01-2025T15:29:28 - [MESSAGE][PASSED] - Object: 'Object Repository/Master Data/Admin Sekolah/Master Data Menu' is clicked on

02-01-2025T15:29:28 - [TEST_STEP][PASSED] - click(findTestObject("Master Data/Admin Sekolah/Tahun Ajaran/Menu Tahun Ajaran"), OPTIONAL): Object: 'Object Repository/Master Data/Admin Sekolah/Tahun Ajaran/Menu Tahun Ajaran' is clicked on

02-01-2025T15:29:29 - [MESSAGE][PASSED] - Object: 'Object Repository/Master Data/Admin Sekolah/Tahun Ajaran/Menu Tahun Ajaran' is clicked on

02-01-2025T15:29:29 - [TEST_STEP][PASSED] - click(findTestObject("Master Data/Admin Sekolah/Tahun Ajaran/Button Tambah"), OPTIONAL): Object: 'Object Repository/Master Data/Admin Sekolah/Tahun Ajaran/Button Tambah' is clicked on

02-01-2025T15:29:30 - [MESSAGE][PASSED] - Object: 'Object Repository/Master Data/Admin Sekolah/Tahun Ajaran/Button Tambah' is clicked on

02-01-2025T15:29:30 - [TEST_STEP][PASSED] - click(findTestObject("Master Data/Admin Sekolah/Tahun Ajaran/Tahun Mulai/Dropdown Tahun Mulai"), OPTIONAL): Object: 'Object Repository/Master Data/Admin Sekolah/Tahun Ajaran/Tahun Mulai/Dropdown Tahun Mulai' is clicked on

02-01-2025T15:29:30 - [MESSAGE][PASSED] - Object: 'Object Repository/Master Data/Admin Sekolah/Tahun Ajaran/Tahun Mulai/Dropdown Tahun Mulai' is clicked on

02-01-2025T15:29:30 - [TEST_STEP][PASSED] - dynamicXPath = createDynamicXPath("10"): null

02-01-2025T15:29:30 - [TEST_STEP][PASSED] - return ((//div[@class='mt-2 grid grid-cols-7']//p[text()=' + date) + ' and contains(@class, 'cursor-pointer')]): null

02-01-2025T15:29:30 - [TEST_STEP][PASSED] - dynamicTestObject = TestObject().addProperty("xpath", EQUALS, dynamicXPath): null

02-01-2025T15:29:30 - [TEST_STEP][PASSED] - click(dynamicTestObject, OPTIONAL): Object: '' is clicked on

02-01-2025T15:29:31 - [MESSAGE][PASSED] - Object: '' is clicked on

02-01-2025T15:29:31 - [TEST_STEP][PASSED] - click(findTestObject("Master Data/Admin Sekolah/Tahun Ajaran/Button Submit Tahun Ajaran"), OPTIONAL): Object: 'Object Repository/Master Data/Admin Sekolah/Tahun Ajaran/Button Submit Tahun Ajaran' is clicked on

02-01-2025T15:29:31 - [MESSAGE][PASSED] - Object: 'Object Repository/Master Data/Admin Sekolah/Tahun Ajaran/Button Submit Tahun Ajaran' is clicked on

02-01-2025T15:29:31 - [TEST_STEP][PASSED] - closeBrowser(OPTIONAL): Browser is closed

02-01-2025T15:29:31 - [MESSAGE][PASSED] - Browser is closed

02-01-2025T15:29:31 - [MESSAGE][PASSED] - Call Test Case 'Test Cases/Master Data/Admin Sekolah/Master Data Tahun Ajaran/Tambah Tahun Ajaran' successfully

02-01-2025T15:29:31 - [TEST_STEP][PASSED] - println("============================= Loop Again ==============================="): null

02-01-2025T15:29:31 - [TEST_STEP][PASSED] - callTestCase(findTestCase("Test Cases/Master Data/Admin Sekolah/Master Data Tahun Ajaran/Edit Tahun Ajaran"), [:], OPTIONAL): Call Test Case 'Test Cases/Master Data/Admin Sekolah/Master Data Tahun Ajaran/Edit Tahun Ajaran' successfully

02-01-2025T15:29:31 - [TEST_CASE][PASSED] - Test Cases/Master Data/Admin Sekolah/Master Data Tahun Ajaran/Edit Tahun Ajaran: Test Cases/Master Data/Admin Sekolah/Master Data Tahun Ajaran/Edit Tahun Ajaran

02-01-2025T15:29:31 - [TEST_STEP][PASSED] - openBrowser("", OPTIONAL): Browser is opened with url: ''

02-01-2025T15:29:31 - [MESSAGE][INFO] - Starting 'Chrome' driver

02-01-2025T15:29:31 - [MESSAGE][INFO] - Action delay is set to 0 milliseconds

02-01-2025T15:29:32 - [MESSAGE][PASSED] - Browser is opened with url: ''

02-01-2025T15:29:32 - [TEST_STEP][PASSED] - navigateToUrl("https://school-payment.digiform.co.id/login", OPTIONAL): Navigate to 'https://school-payment.digiform.co.id/login' successfully

02-01-2025T15:29:32 - [MESSAGE][PASSED] - Navigate to 'https://school-payment.digiform.co.id/login' successfully

02-01-2025T15:29:32 - [TEST_STEP][PASSED] - click(findTestObject("Master Data/Admin Sekolah/Login/Field Email"), OPTIONAL): Object: 'Object Repository/Master Data/Admin Sekolah/Login/Field Email' is clicked on

02-01-2025T15:29:34 - [MESSAGE][PASSED] - Object: 'Object Repository/Master Data/Admin Sekolah/Login/Field Email' is clicked on

02-01-2025T15:29:34 - [TEST_STEP][PASSED] - setText(findTestObject("Master Data/Admin Sekolah/Login/Field Email"), "admin.gudangsolusi@digiform.co.id", OPTIONAL): Text 'admin.gudangsolusi@digiform.co.id' is set on object 'Object Repository/Master Data/Admin Sekolah/Login/Field Email'

02-01-2025T15:29:34 - [MESSAGE][PASSED] - Text 'admin.gudangsolusi@digiform.co.id' is set on object 'Object Repository/Master Data/Admin Sekolah/Login/Field Email'

02-01-2025T15:29:34 - [TEST_STEP][PASSED] - click(findTestObject("Master Data/Admin Sekolah/Login/Input Password"), OPTIONAL): Object: 'Object Repository/Master Data/Admin Sekolah/Login/Input Password' is clicked on

02-01-2025T15:29:35 - [MESSAGE][PASSED] - Object: 'Object Repository/Master Data/Admin Sekolah/Login/Input Password' is clicked on

02-01-2025T15:29:35 - [TEST_STEP][PASSED] - setText(findTestObject("Master Data/Admin Sekolah/Login/Input Password"), "Test1234", OPTIONAL): Text 'Test1234' is set on object 'Object Repository/Master Data/Admin Sekolah/Login/Input Password'

02-01-2025T15:29:35 - [MESSAGE][PASSED] - Text 'Test1234' is set on object 'Object Repository/Master Data/Admin Sekolah/Login/Input Password'

02-01-2025T15:29:35 - [TEST_STEP][PASSED] - click(findTestObject("Master Data/Admin Sekolah/Login/Button Submit"), OPTIONAL): Object: 'Object Repository/Master Data/Admin Sekolah/Login/Button Submit' is clicked on

02-01-2025T15:29:35 - [MESSAGE][PASSED] - Object: 'Object Repository/Master Data/Admin Sekolah/Login/Button Submit' is clicked on

02-01-2025T15:29:35 - [TEST_STEP][PASSED] - click(findTestObject("Master Data/Admin Sekolah/Master Data Menu"), OPTIONAL): Object: 'Object Repository/Master Data/Admin Sekolah/Master Data Menu' is clicked on

02-01-2025T15:29:37 - [MESSAGE][PASSED] - Object: 'Object Repository/Master Data/Admin Sekolah/Master Data Menu' is clicked on

02-01-2025T15:29:37 - [TEST_STEP][PASSED] - click(findTestObject("Master Data/Admin Sekolah/Tahun Ajaran/Menu Tahun Ajaran"), OPTIONAL): Object: 'Object Repository/Master Data/Admin Sekolah/Tahun Ajaran/Menu Tahun Ajaran' is clicked on

02-01-2025T15:29:38 - [MESSAGE][PASSED] - Object: 'Object Repository/Master Data/Admin Sekolah/Tahun Ajaran/Menu Tahun Ajaran' is clicked on

02-01-2025T15:29:38 - [TEST_STEP][PASSED] - click(findTestObject("Master Data/Admin Sekolah/Tahun Ajaran/Edit Tahun Ajaran/Icon Edit"), OPTIONAL): Object: 'Object Repository/Master Data/Admin Sekolah/Tahun Ajaran/Edit Tahun Ajaran/Icon Edit' is clicked on

02-01-2025T15:29:39 - [MESSAGE][PASSED] - Object: 'Object Repository/Master Data/Admin Sekolah/Tahun Ajaran/Edit Tahun Ajaran/Icon Edit' is clicked on

02-01-2025T15:29:39 - [TEST_STEP][PASSED] - click(findTestObject("Master Data/Admin Sekolah/Tahun Ajaran/Edit Tahun Ajaran/Dropdown Edit tahun Selesai"), OPTIONAL): Object: 'Object Repository/Master Data/Admin Sekolah/Tahun Ajaran/Edit Tahun Ajaran/Dropdown Edit tahun Selesai' is clicked on

02-01-2025T15:29:39 - [MESSAGE][PASSED] - Object: 'Object Repository/Master Data/Admin Sekolah/Tahun Ajaran/Edit Tahun Ajaran/Dropdown Edit tahun Selesai' is clicked on

02-01-2025T15:29:39 - [TEST_STEP][PASSED] - click(findTestObject("Master Data/Admin Sekolah/Tahun Ajaran/Edit Tahun Ajaran/Dropdown List Tahun Selesai"), OPTIONAL): Object: 'Object Repository/Master Data/Admin Sekolah/Tahun Ajaran/Edit Tahun Ajaran/Dropdown List Tahun Selesai' is clicked on

02-01-2025T15:29:40 - [MESSAGE][PASSED] - Object: 'Object Repository/Master Data/Admin Sekolah/Tahun Ajaran/Edit Tahun Ajaran/Dropdown List Tahun Selesai' is clicked on

02-01-2025T15:29:40 - [TEST_STEP][PASSED] - click(findTestObject("Master Data/Admin Sekolah/Tahun Ajaran/Edit Tahun Ajaran/Pilih List Tahun Selesai"), OPTIONAL): Object: 'Object Repository/Master Data/Admin Sekolah/Tahun Ajaran/Edit Tahun Ajaran/Pilih List Tahun Selesai' is clicked on

02-01-2025T15:29:40 - [MESSAGE][PASSED] - Object: 'Object Repository/Master Data/Admin Sekolah/Tahun Ajaran/Edit Tahun Ajaran/Pilih List Tahun Selesai' is clicked on

02-01-2025T15:29:40 - [TEST_STEP][PASSED] - click(findTestObject("Master Data/Admin Sekolah/Tahun Ajaran/Edit Tahun Ajaran/Pilih Tanggal Tahun Selesai"), OPTIONAL): Unable to click on object 'Object Repository/Master Data/Admin Sekolah/Tahun Ajaran/Edit Tahun Ajaran/Pilih Tanggal Tahun Selesai' (Root cause: com.kms.katalon.core.exception.StepFailedException: Unable to click on object 'Object Repository/Master Data/Admin Sekolah/Tahun Ajaran/Edit Tahun Ajaran/Pilih Tanggal Tahun Selesai'
	at com.kms.katalon.core.webui.keyword.internal.WebUIKeywordMain.stepFailed(WebUIKeywordMain.groovy:117)
	at com.kms.katalon.core.webui.keyword.internal.WebUIKeywordMain.runKeyword(WebUIKeywordMain.groovy:43)
	at com.kms.katalon.core.webui.keyword.builtin.ClickKeyword.click(ClickKeyword.groovy:75)
	at com.kms.katalon.core.webui.keyword.builtin.ClickKeyword.execute(ClickKeyword.groovy:40)
	at com.kms.katalon.core.keyword.internal.KeywordExecutor.executeKeywordForPlatform(KeywordExecutor.groovy:74)
	at com.kms.katalon.core.webui.keyword.WebUiBuiltInKeywords.click(WebUiBuiltInKeywords.groovy:684)
	at Edit Tahun Ajaran.run(Edit Tahun Ajaran:46)
	at com.kms.katalon.core.main.ScriptEngine.run(ScriptEngine.java:194)
	at com.kms.katalon.core.main.ScriptEngine.runScriptAsRawText(ScriptEngine.java:119)
	at com.kms.katalon.core.main.TestCaseExecutor.runScript(TestCaseExecutor.java:448)
	at com.kms.katalon.core.main.TestCaseExecutor.doExecute(TestCaseExecutor.java:439)
	at com.kms.katalon.core.main.TestCaseExecutor.processExecutionPhase(TestCaseExecutor.java:418)
	at com.kms.katalon.core.main.TestCaseExecutor.accessMainPhase(TestCaseExecutor.java:410)
	at com.kms.katalon.core.main.TestCaseExecutor.execute(TestCaseExecutor.java:285)
	at com.kms.katalon.core.main.TestCaseMain.runTestCase(TestCaseMain.java:133)
	at com.kms.katalon.core.keyword.builtin.CallTestCaseKeyword$_callTestCase_closure1.doCall(CallTestCaseKeyword.groovy:59)
	at com.kms.katalon.core.keyword.builtin.CallTestCaseKeyword$_callTestCase_closure1.call(CallTestCaseKeyword.groovy)
	at com.kms.katalon.core.keyword.internal.KeywordMain.runKeyword(KeywordMain.groovy:75)
	at com.kms.katalon.core.keyword.builtin.CallTestCaseKeyword.callTestCase(CallTestCaseKeyword.groovy:81)
	at com.kms.katalon.core.keyword.builtin.CallTestCaseKeyword.execute(CallTestCaseKeyword.groovy:44)
	at com.kms.katalon.core.keyword.internal.KeywordExecutor.executeKeywordForPlatform(KeywordExecutor.groovy:74)
	at com.kms.katalon.core.keyword.BuiltinKeywords.callTestCase(BuiltinKeywords.groovy:310)
	at jdk.internal.reflect.GeneratedMethodAccessor48.invoke(Unknown Source)
	at java.base/jdk.internal.reflect.DelegatingMethodAccessorImpl.invoke(DelegatingMethodAccessorImpl.java:43)
	at Regresi Tahun Ajaran.run(Regresi Tahun Ajaran:22)
	at com.kms.katalon.core.main.ScriptEngine.run(ScriptEngine.java:194)
	at com.kms.katalon.core.main.ScriptEngine.runScriptAsRawText(ScriptEngine.java:119)
	at com.kms.katalon.core.main.TestCaseExecutor.runScript(TestCaseExecutor.java:448)
	at com.kms.katalon.core.main.TestCaseExecutor.doExecute(TestCaseExecutor.java:439)
	at com.kms.katalon.core.main.TestCaseExecutor.processExecutionPhase(TestCaseExecutor.java:418)
	at com.kms.katalon.core.main.TestCaseExecutor.accessMainPhase(TestCaseExecutor.java:410)
	at com.kms.katalon.core.main.TestCaseExecutor.execute(TestCaseExecutor.java:285)
	at com.kms.katalon.core.common.CommonExecutor.accessTestCaseMainPhase(CommonExecutor.java:65)
	at com.kms.katalon.core.main.TestSuiteExecutor.accessTestSuiteMainPhase(TestSuiteExecutor.java:161)
	at com.kms.katalon.core.main.TestSuiteExecutor.execute(TestSuiteExecutor.java:107)
	at com.kms.katalon.core.main.TestCaseMain.startTestSuite(TestCaseMain.java:176)
	at TempTestSuite1735805561810.run(TempTestSuite1735805561810.groovy:35)
	at java.base/jdk.internal.reflect.NativeMethodAccessorImpl.invoke0(Native Method)
	at java.base/jdk.internal.reflect.NativeMethodAccessorImpl.invoke(NativeMethodAccessorImpl.java:77)
	at java.base/jdk.internal.reflect.DelegatingMethodAccessorImpl.invoke(DelegatingMethodAccessorImpl.java:43)
Caused by: org.openqa.selenium.ElementClickInterceptedException: element click intercepted: Element <p class="text-sm w-7 rounded-lg px-1 py-2 text-center font-bold leading-5 text-gray-...0">20</p> is not clickable at point (519, 280). Other element would receive the click: <div data-testid="dropdown-menu" class="absolute z-[9999] rounded-[6px] bg-white p-2 shadow-sm translate-y-0" style="width: 100px;">...</div>
  (Session info: chrome=131.0.6778.205)
Build info: version: '4.22.0', revision: 'c5f3146703'
System info: os.name: 'Windows 11', os.arch: 'amd64', os.version: '10.0', java.version: '17.0.7'
Driver info: com.kms.katalon.selenium.driver.CChromeDriver
Command: [b57137a7c4e8c69c59a079f20e2bb0ac, clickElement {id=f.8EFE852E0185BFE38DA1EF72E323F320.d.6519A350D0DA030893D91ABBFB2B2F60.e.73}]
Capabilities {acceptInsecureCerts: false, browserName: chrome, browserVersion: 131.0.6778.205, chrome: {chromedriverVersion: 130.0.6723.58 (3a50e012e4c9..., userDataDir: C:\Users\henri\AppData\Loca...}, fedcm:accounts: true, goog:chromeOptions: {debuggerAddress: localhost:63503}, networkConnectionEnabled: false, pageLoadStrategy: normal, platformName: windows, proxy: Proxy(), se:cdp: ws://localhost:63503/devtoo..., se:cdpVersion: 131.0.6778.205, setWindowRect: true, strictFileInteractability: false, timeouts: {implicit: 0, pageLoad: 300000, script: 30000}, unhandledPromptBehavior: ignore, webSocketUrl: ws://localhost:12683/sessio..., webauthn:extension:credBlob: true, webauthn:extension:largeBlob: true, webauthn:extension:minPinLength: true, webauthn:extension:prf: true, webauthn:virtualAuthenticators: true}
Element: [[CChromeDriver: chrome on windows (b57137a7c4e8c69c59a079f20e2bb0ac)] -> xpath: //*[@id="endDate"]//p[text()="20"]]
Session ID: b57137a7c4e8c69c59a079f20e2bb0ac
	at jdk.internal.reflect.GeneratedConstructorAccessor54.newInstance(Unknown Source)
	at java.base/jdk.internal.reflect.DelegatingConstructorAccessorImpl.newInstance(DelegatingConstructorAccessorImpl.java:45)
	at org.openqa.selenium.remote.ErrorCodec.decode(ErrorCodec.java:167)
	at org.openqa.selenium.remote.codec.w3c.W3CHttpResponseCodec.decode(W3CHttpResponseCodec.java:138)
	at org.openqa.selenium.remote.codec.w3c.W3CHttpResponseCodec.decode(W3CHttpResponseCodec.java:50)
	at org.openqa.selenium.remote.HttpCommandExecutor.execute(HttpCommandExecutor.java:190)
	at org.openqa.selenium.remote.service.DriverCommandExecutor.invokeExecute(DriverCommandExecutor.java:216)
	at org.openqa.selenium.remote.service.DriverCommandExecutor.execute(DriverCommandExecutor.java:174)
	at org.openqa.selenium.remote.RemoteWebDriver.execute(RemoteWebDriver.java:518)
	at org.openqa.selenium.remote.RemoteWebElement.execute(RemoteWebElement.java:223)
	at org.openqa.selenium.remote.RemoteWebElement.click(RemoteWebElement.java:76)
	at jdk.internal.reflect.GeneratedMethodAccessor24.invoke(Unknown Source)
	at java.base/jdk.internal.reflect.DelegatingMethodAccessorImpl.invoke(DelegatingMethodAccessorImpl.java:43)
	at org.openqa.selenium.support.decorators.WebDriverDecorator.call(WebDriverDecorator.java:249)
	at org.openqa.selenium.support.decorators.DefaultDecorated.call(DefaultDecorated.java:48)
	at org.openqa.selenium.support.decorators.WebDriverDecorator.lambda$createProxy$2(WebDriverDecorator.java:321)
	at net.bytebuddy.renamed.java.lang.Object$ByteBuddy$diod0pGZ.click(Unknown Source)
	at org.openqa.selenium.WebElement$click.call(Unknown Source)
	at com.kms.katalon.core.webui.keyword.builtin.ClickKeyword.clickUntilSuccessWithTimeout(ClickKeyword.groovy:82)
	at com.kms.katalon.core.webui.keyword.builtin.ClickKeyword.clickUntilSuccessWithTimeout(ClickKeyword.groovy)
	at jdk.internal.reflect.GeneratedMethodAccessor22.invoke(Unknown Source)
	at java.base/jdk.internal.reflect.DelegatingMethodAccessorImpl.invoke(DelegatingMethodAccessorImpl.java:43)
	at com.kms.katalon.core.webui.keyword.builtin.ClickKeyword$_click_closure1.doCall(ClickKeyword.groovy:68)
	at com.kms.katalon.core.webui.keyword.builtin.ClickKeyword$_click_closure1.call(ClickKeyword.groovy)
	at com.kms.katalon.core.webui.keyword.internal.WebUIKeywordMain.runKeyword(WebUIKeywordMain.groovy:35)
	at com.kms.katalon.core.webui.keyword.builtin.ClickKeyword.click(ClickKeyword.groovy:75)
	at com.kms.katalon.core.webui.keyword.builtin.ClickKeyword.execute(ClickKeyword.groovy:40)
	at com.kms.katalon.core.keyword.internal.KeywordExecutor.executeKeywordForPlatform(KeywordExecutor.groovy:74)
	at com.kms.katalon.core.webui.keyword.WebUiBuiltInKeywords.click(WebUiBuiltInKeywords.groovy:684)
	at Script1731560031119.run(Script1731560031119.groovy:46)
	at com.kms.katalon.core.main.ScriptEngine.run(ScriptEngine.java:194)
	at com.kms.katalon.core.main.ScriptEngine.runScriptAsRawText(ScriptEngine.java:119)
	at com.kms.katalon.core.main.TestCaseExecutor.runScript(TestCaseExecutor.java:448)
	at com.kms.katalon.core.main.TestCaseExecutor.doExecute(TestCaseExecutor.java:439)
	at com.kms.katalon.core.main.TestCaseExecutor.processExecutionPhase(TestCaseExecutor.java:418)
	at com.kms.katalon.core.main.TestCaseExecutor.accessMainPhase(TestCaseExecutor.java:410)
	at com.kms.katalon.core.main.TestCaseExecutor.execute(TestCaseExecutor.java:285)
	at com.kms.katalon.core.main.TestCaseMain.runTestCase(TestCaseMain.java:133)
	at com.kms.katalon.core.keyword.builtin.CallTestCaseKeyword$_callTestCase_closure1.doCall(CallTestCaseKeyword.groovy:59)
	at com.kms.katalon.core.keyword.builtin.CallTestCaseKeyword$_callTestCase_closure1.call(CallTestCaseKeyword.groovy)
	at com.kms.katalon.core.keyword.internal.KeywordMain.runKeyword(KeywordMain.groovy:75)
	at com.kms.katalon.core.keyword.builtin.CallTestCaseKeyword.callTestCase(CallTestCaseKeyword.groovy:81)
	at com.kms.katalon.core.keyword.builtin.CallTestCaseKeyword.execute(CallTestCaseKeyword.groovy:44)
	at com.kms.katalon.core.keyword.internal.KeywordExecutor.executeKeywordForPlatform(KeywordExecutor.groovy:74)
	at com.kms.katalon.core.keyword.BuiltinKeywords.callTestCase(BuiltinKeywords.groovy:310)
	at jdk.internal.reflect.GeneratedMethodAccessor48.invoke(Unknown Source)
	at java.base/jdk.internal.reflect.DelegatingMethodAccessorImpl.invoke(DelegatingMethodAccessorImpl.java:43)
	at Script1735746485307.run(Script1735746485307.groovy:22)
	... 15 more
)

02-01-2025T15:30:13 - [MESSAGE][WARNING] - Unable to click on object 'Object Repository/Master Data/Admin Sekolah/Tahun Ajaran/Edit Tahun Ajaran/Pilih Tanggal Tahun Selesai' (Root cause: com.kms.katalon.core.exception.StepFailedException: Unable to click on object 'Object Repository/Master Data/Admin Sekolah/Tahun Ajaran/Edit Tahun Ajaran/Pilih Tanggal Tahun Selesai'
	at com.kms.katalon.core.webui.keyword.internal.WebUIKeywordMain.stepFailed(WebUIKeywordMain.groovy:117)
	at com.kms.katalon.core.webui.keyword.internal.WebUIKeywordMain.runKeyword(WebUIKeywordMain.groovy:43)
	at com.kms.katalon.core.webui.keyword.builtin.ClickKeyword.click(ClickKeyword.groovy:75)
	at com.kms.katalon.core.webui.keyword.builtin.ClickKeyword.execute(ClickKeyword.groovy:40)
	at com.kms.katalon.core.keyword.internal.KeywordExecutor.executeKeywordForPlatform(KeywordExecutor.groovy:74)
	at com.kms.katalon.core.webui.keyword.WebUiBuiltInKeywords.click(WebUiBuiltInKeywords.groovy:684)
	at Edit Tahun Ajaran.run(Edit Tahun Ajaran:46)
	at com.kms.katalon.core.main.ScriptEngine.run(ScriptEngine.java:194)
	at com.kms.katalon.core.main.ScriptEngine.runScriptAsRawText(ScriptEngine.java:119)
	at com.kms.katalon.core.main.TestCaseExecutor.runScript(TestCaseExecutor.java:448)
	at com.kms.katalon.core.main.TestCaseExecutor.doExecute(TestCaseExecutor.java:439)
	at com.kms.katalon.core.main.TestCaseExecutor.processExecutionPhase(TestCaseExecutor.java:418)
	at com.kms.katalon.core.main.TestCaseExecutor.accessMainPhase(TestCaseExecutor.java:410)
	at com.kms.katalon.core.main.TestCaseExecutor.execute(TestCaseExecutor.java:285)
	at com.kms.katalon.core.main.TestCaseMain.runTestCase(TestCaseMain.java:133)
	at com.kms.katalon.core.keyword.builtin.CallTestCaseKeyword$_callTestCase_closure1.doCall(CallTestCaseKeyword.groovy:59)
	at com.kms.katalon.core.keyword.builtin.CallTestCaseKeyword$_callTestCase_closure1.call(CallTestCaseKeyword.groovy)
	at com.kms.katalon.core.keyword.internal.KeywordMain.runKeyword(KeywordMain.groovy:75)
	at com.kms.katalon.core.keyword.builtin.CallTestCaseKeyword.callTestCase(CallTestCaseKeyword.groovy:81)
	at com.kms.katalon.core.keyword.builtin.CallTestCaseKeyword.execute(CallTestCaseKeyword.groovy:44)
	at com.kms.katalon.core.keyword.internal.KeywordExecutor.executeKeywordForPlatform(KeywordExecutor.groovy:74)
	at com.kms.katalon.core.keyword.BuiltinKeywords.callTestCase(BuiltinKeywords.groovy:310)
	at jdk.internal.reflect.GeneratedMethodAccessor48.invoke(Unknown Source)
	at java.base/jdk.internal.reflect.DelegatingMethodAccessorImpl.invoke(DelegatingMethodAccessorImpl.java:43)
	at Regresi Tahun Ajaran.run(Regresi Tahun Ajaran:22)
	at com.kms.katalon.core.main.ScriptEngine.run(ScriptEngine.java:194)
	at com.kms.katalon.core.main.ScriptEngine.runScriptAsRawText(ScriptEngine.java:119)
	at com.kms.katalon.core.main.TestCaseExecutor.runScript(TestCaseExecutor.java:448)
	at com.kms.katalon.core.main.TestCaseExecutor.doExecute(TestCaseExecutor.java:439)
	at com.kms.katalon.core.main.TestCaseExecutor.processExecutionPhase(TestCaseExecutor.java:418)
	at com.kms.katalon.core.main.TestCaseExecutor.accessMainPhase(TestCaseExecutor.java:410)
	at com.kms.katalon.core.main.TestCaseExecutor.execute(TestCaseExecutor.java:285)
	at com.kms.katalon.core.common.CommonExecutor.accessTestCaseMainPhase(CommonExecutor.java:65)
	at com.kms.katalon.core.main.TestSuiteExecutor.accessTestSuiteMainPhase(TestSuiteExecutor.java:161)
	at com.kms.katalon.core.main.TestSuiteExecutor.execute(TestSuiteExecutor.java:107)
	at com.kms.katalon.core.main.TestCaseMain.startTestSuite(TestCaseMain.java:176)
	at TempTestSuite1735805561810.run(TempTestSuite1735805561810.groovy:35)
	at java.base/jdk.internal.reflect.NativeMethodAccessorImpl.invoke0(Native Method)
	at java.base/jdk.internal.reflect.NativeMethodAccessorImpl.invoke(NativeMethodAccessorImpl.java:77)
	at java.base/jdk.internal.reflect.DelegatingMethodAccessorImpl.invoke(DelegatingMethodAccessorImpl.java:43)
Caused by: org.openqa.selenium.ElementClickInterceptedException: element click intercepted: Element <p class="text-sm w-7 rounded-lg px-1 py-2 text-center font-bold leading-5 text-gray-...0">20</p> is not clickable at point (519, 280). Other element would receive the click: <div data-testid="dropdown-menu" class="absolute z-[9999] rounded-[6px] bg-white p-2 shadow-sm translate-y-0" style="width: 100px;">...</div>
  (Session info: chrome=131.0.6778.205)
Build info: version: '4.22.0', revision: 'c5f3146703'
System info: os.name: 'Windows 11', os.arch: 'amd64', os.version: '10.0', java.version: '17.0.7'
Driver info: com.kms.katalon.selenium.driver.CChromeDriver
Command: [b57137a7c4e8c69c59a079f20e2bb0ac, clickElement {id=f.8EFE852E0185BFE38DA1EF72E323F320.d.6519A350D0DA030893D91ABBFB2B2F60.e.73}]
Capabilities {acceptInsecureCerts: false, browserName: chrome, browserVersion: 131.0.6778.205, chrome: {chromedriverVersion: 130.0.6723.58 (3a50e012e4c9..., userDataDir: C:\Users\henri\AppData\Loca...}, fedcm:accounts: true, goog:chromeOptions: {debuggerAddress: localhost:63503}, networkConnectionEnabled: false, pageLoadStrategy: normal, platformName: windows, proxy: Proxy(), se:cdp: ws://localhost:63503/devtoo..., se:cdpVersion: 131.0.6778.205, setWindowRect: true, strictFileInteractability: false, timeouts: {implicit: 0, pageLoad: 300000, script: 30000}, unhandledPromptBehavior: ignore, webSocketUrl: ws://localhost:12683/sessio..., webauthn:extension:credBlob: true, webauthn:extension:largeBlob: true, webauthn:extension:minPinLength: true, webauthn:extension:prf: true, webauthn:virtualAuthenticators: true}
Element: [[CChromeDriver: chrome on windows (b57137a7c4e8c69c59a079f20e2bb0ac)] -> xpath: //*[@id="endDate"]//p[text()="20"]]
Session ID: b57137a7c4e8c69c59a079f20e2bb0ac
	at jdk.internal.reflect.GeneratedConstructorAccessor54.newInstance(Unknown Source)
	at java.base/jdk.internal.reflect.DelegatingConstructorAccessorImpl.newInstance(DelegatingConstructorAccessorImpl.java:45)
	at org.openqa.selenium.remote.ErrorCodec.decode(ErrorCodec.java:167)
	at org.openqa.selenium.remote.codec.w3c.W3CHttpResponseCodec.decode(W3CHttpResponseCodec.java:138)
	at org.openqa.selenium.remote.codec.w3c.W3CHttpResponseCodec.decode(W3CHttpResponseCodec.java:50)
	at org.openqa.selenium.remote.HttpCommandExecutor.execute(HttpCommandExecutor.java:190)
	at org.openqa.selenium.remote.service.DriverCommandExecutor.invokeExecute(DriverCommandExecutor.java:216)
	at org.openqa.selenium.remote.service.DriverCommandExecutor.execute(DriverCommandExecutor.java:174)
	at org.openqa.selenium.remote.RemoteWebDriver.execute(RemoteWebDriver.java:518)
	at org.openqa.selenium.remote.RemoteWebElement.execute(RemoteWebElement.java:223)
	at org.openqa.selenium.remote.RemoteWebElement.click(RemoteWebElement.java:76)
	at jdk.internal.reflect.GeneratedMethodAccessor24.invoke(Unknown Source)
	at java.base/jdk.internal.reflect.DelegatingMethodAccessorImpl.invoke(DelegatingMethodAccessorImpl.java:43)
	at org.openqa.selenium.support.decorators.WebDriverDecorator.call(WebDriverDecorator.java:249)
	at org.openqa.selenium.support.decorators.DefaultDecorated.call(DefaultDecorated.java:48)
	at org.openqa.selenium.support.decorators.WebDriverDecorator.lambda$createProxy$2(WebDriverDecorator.java:321)
	at net.bytebuddy.renamed.java.lang.Object$ByteBuddy$diod0pGZ.click(Unknown Source)
	at org.openqa.selenium.WebElement$click.call(Unknown Source)
	at com.kms.katalon.core.webui.keyword.builtin.ClickKeyword.clickUntilSuccessWithTimeout(ClickKeyword.groovy:82)
	at com.kms.katalon.core.webui.keyword.builtin.ClickKeyword.clickUntilSuccessWithTimeout(ClickKeyword.groovy)
	at jdk.internal.reflect.GeneratedMethodAccessor22.invoke(Unknown Source)
	at java.base/jdk.internal.reflect.DelegatingMethodAccessorImpl.invoke(DelegatingMethodAccessorImpl.java:43)
	at com.kms.katalon.core.webui.keyword.builtin.ClickKeyword$_click_closure1.doCall(ClickKeyword.groovy:68)
	at com.kms.katalon.core.webui.keyword.builtin.ClickKeyword$_click_closure1.call(ClickKeyword.groovy)
	at com.kms.katalon.core.webui.keyword.internal.WebUIKeywordMain.runKeyword(WebUIKeywordMain.groovy:35)
	at com.kms.katalon.core.webui.keyword.builtin.ClickKeyword.click(ClickKeyword.groovy:75)
	at com.kms.katalon.core.webui.keyword.builtin.ClickKeyword.execute(ClickKeyword.groovy:40)
	at com.kms.katalon.core.keyword.internal.KeywordExecutor.executeKeywordForPlatform(KeywordExecutor.groovy:74)
	at com.kms.katalon.core.webui.keyword.WebUiBuiltInKeywords.click(WebUiBuiltInKeywords.groovy:684)
	at Script1731560031119.run(Script1731560031119.groovy:46)
	at com.kms.katalon.core.main.ScriptEngine.run(ScriptEngine.java:194)
	at com.kms.katalon.core.main.ScriptEngine.runScriptAsRawText(ScriptEngine.java:119)
	at com.kms.katalon.core.main.TestCaseExecutor.runScript(TestCaseExecutor.java:448)
	at com.kms.katalon.core.main.TestCaseExecutor.doExecute(TestCaseExecutor.java:439)
	at com.kms.katalon.core.main.TestCaseExecutor.processExecutionPhase(TestCaseExecutor.java:418)
	at com.kms.katalon.core.main.TestCaseExecutor.accessMainPhase(TestCaseExecutor.java:410)
	at com.kms.katalon.core.main.TestCaseExecutor.execute(TestCaseExecutor.java:285)
	at com.kms.katalon.core.main.TestCaseMain.runTestCase(TestCaseMain.java:133)
	at com.kms.katalon.core.keyword.builtin.CallTestCaseKeyword$_callTestCase_closure1.doCall(CallTestCaseKeyword.groovy:59)
	at com.kms.katalon.core.keyword.builtin.CallTestCaseKeyword$_callTestCase_closure1.call(CallTestCaseKeyword.groovy)
	at com.kms.katalon.core.keyword.internal.KeywordMain.runKeyword(KeywordMain.groovy:75)
	at com.kms.katalon.core.keyword.builtin.CallTestCaseKeyword.callTestCase(CallTestCaseKeyword.groovy:81)
	at com.kms.katalon.core.keyword.builtin.CallTestCaseKeyword.execute(CallTestCaseKeyword.groovy:44)
	at com.kms.katalon.core.keyword.internal.KeywordExecutor.executeKeywordForPlatform(KeywordExecutor.groovy:74)
	at com.kms.katalon.core.keyword.BuiltinKeywords.callTestCase(BuiltinKeywords.groovy:310)
	at jdk.internal.reflect.GeneratedMethodAccessor48.invoke(Unknown Source)
	at java.base/jdk.internal.reflect.DelegatingMethodAccessorImpl.invoke(DelegatingMethodAccessorImpl.java:43)
	at Script1735746485307.run(Script1735746485307.groovy:22)
	... 15 more
)
[[ATTACHMENT|C:\\Users\\henri\\Videos\\school-payment-automation-testing\\Reports\\20250102_151240\\SPRINT 1\\20250102_151241\\1735806613452.png]]

02-01-2025T15:30:13 - [TEST_STEP][PASSED] - click(findTestObject("Master Data/Admin Sekolah/Tahun Ajaran/Button Submit Tahun Ajaran"), OPTIONAL): Object: 'Object Repository/Master Data/Admin Sekolah/Tahun Ajaran/Button Submit Tahun Ajaran' is clicked on

02-01-2025T15:30:13 - [MESSAGE][PASSED] - Object: 'Object Repository/Master Data/Admin Sekolah/Tahun Ajaran/Button Submit Tahun Ajaran' is clicked on

02-01-2025T15:30:13 - [MESSAGE][PASSED] - Call Test Case 'Test Cases/Master Data/Admin Sekolah/Master Data Tahun Ajaran/Edit Tahun Ajaran' successfully

02-01-2025T15:30:13 - [TEST_STEP][PASSED] - callTestCase(findTestCase("Test Cases/Master Data/Admin Sekolah/Master Data Tahun Ajaran/Tambah Tahun Ajaran"), [:], OPTIONAL): Call Test Case 'Test Cases/Master Data/Admin Sekolah/Master Data Tahun Ajaran/Tambah Tahun Ajaran' successfully

02-01-2025T15:30:13 - [TEST_CASE][PASSED] - Test Cases/Master Data/Admin Sekolah/Master Data Tahun Ajaran/Tambah Tahun Ajaran: Test Cases/Master Data/Admin Sekolah/Master Data Tahun Ajaran/Tambah Tahun Ajaran

02-01-2025T15:30:13 - [TEST_STEP][PASSED] - openBrowser("", OPTIONAL): Browser is opened with url: ''

02-01-2025T15:30:13 - [MESSAGE][WARNING] - A browser is already opened. Closing browser and opening a new one

02-01-2025T15:30:14 - [MESSAGE][INFO] - Starting 'Chrome' driver

02-01-2025T15:30:14 - [MESSAGE][INFO] - Action delay is set to 0 milliseconds

02-01-2025T15:30:14 - [MESSAGE][PASSED] - Browser is opened with url: ''

02-01-2025T15:30:14 - [TEST_STEP][PASSED] - navigateToUrl("https://school-payment.digiform.co.id/login", OPTIONAL): Navigate to 'https://school-payment.digiform.co.id/login' successfully

02-01-2025T15:30:15 - [MESSAGE][PASSED] - Navigate to 'https://school-payment.digiform.co.id/login' successfully

02-01-2025T15:30:15 - [TEST_STEP][PASSED] - setText(findTestObject("Master Data/Admin Sekolah/Login/Field Email"), "admin.gudangsolusi@digiform.co.id", OPTIONAL): Text 'admin.gudangsolusi@digiform.co.id' is set on object 'Object Repository/Master Data/Admin Sekolah/Login/Field Email'

02-01-2025T15:30:16 - [MESSAGE][PASSED] - Text 'admin.gudangsolusi@digiform.co.id' is set on object 'Object Repository/Master Data/Admin Sekolah/Login/Field Email'

02-01-2025T15:30:16 - [TEST_STEP][PASSED] - setText(findTestObject("Master Data/Admin Sekolah/Login/Input Password"), "Test1234", OPTIONAL): Text 'Test1234' is set on object 'Object Repository/Master Data/Admin Sekolah/Login/Input Password'

02-01-2025T15:30:17 - [MESSAGE][PASSED] - Text 'Test1234' is set on object 'Object Repository/Master Data/Admin Sekolah/Login/Input Password'

02-01-2025T15:30:17 - [TEST_STEP][PASSED] - click(findTestObject("Master Data/Admin Sekolah/Login/Button Submit"), OPTIONAL): Object: 'Object Repository/Master Data/Admin Sekolah/Login/Button Submit' is clicked on

02-01-2025T15:30:17 - [MESSAGE][PASSED] - Object: 'Object Repository/Master Data/Admin Sekolah/Login/Button Submit' is clicked on

02-01-2025T15:30:17 - [TEST_STEP][PASSED] - click(findTestObject("Master Data/Admin Sekolah/Master Data Menu"), OPTIONAL): Object: 'Object Repository/Master Data/Admin Sekolah/Master Data Menu' is clicked on

02-01-2025T15:30:19 - [MESSAGE][PASSED] - Object: 'Object Repository/Master Data/Admin Sekolah/Master Data Menu' is clicked on

02-01-2025T15:30:19 - [TEST_STEP][PASSED] - click(findTestObject("Master Data/Admin Sekolah/Tahun Ajaran/Menu Tahun Ajaran"), OPTIONAL): Object: 'Object Repository/Master Data/Admin Sekolah/Tahun Ajaran/Menu Tahun Ajaran' is clicked on

02-01-2025T15:30:38 - [MESSAGE][PASSED] - Object: 'Object Repository/Master Data/Admin Sekolah/Tahun Ajaran/Menu Tahun Ajaran' is clicked on

02-01-2025T15:30:38 - [TEST_STEP][PASSED] - click(findTestObject("Master Data/Admin Sekolah/Tahun Ajaran/Button Tambah"), OPTIONAL): Object: 'Object Repository/Master Data/Admin Sekolah/Tahun Ajaran/Button Tambah' is clicked on

02-01-2025T15:30:39 - [MESSAGE][PASSED] - Object: 'Object Repository/Master Data/Admin Sekolah/Tahun Ajaran/Button Tambah' is clicked on

02-01-2025T15:30:39 - [TEST_STEP][PASSED] - click(findTestObject("Master Data/Admin Sekolah/Tahun Ajaran/Tahun Mulai/Dropdown Tahun Mulai"), OPTIONAL): Object: 'Object Repository/Master Data/Admin Sekolah/Tahun Ajaran/Tahun Mulai/Dropdown Tahun Mulai' is clicked on

02-01-2025T15:30:40 - [MESSAGE][PASSED] - Object: 'Object Repository/Master Data/Admin Sekolah/Tahun Ajaran/Tahun Mulai/Dropdown Tahun Mulai' is clicked on

02-01-2025T15:30:40 - [TEST_STEP][PASSED] - dynamicXPath = createDynamicXPath("10"): null

02-01-2025T15:30:40 - [TEST_STEP][PASSED] - return ((//div[@class='mt-2 grid grid-cols-7']//p[text()=' + date) + ' and contains(@class, 'cursor-pointer')]): null

02-01-2025T15:30:40 - [TEST_STEP][PASSED] - dynamicTestObject = TestObject().addProperty("xpath", EQUALS, dynamicXPath): null

02-01-2025T15:30:40 - [TEST_STEP][PASSED] - click(dynamicTestObject, OPTIONAL): Object: '' is clicked on

02-01-2025T15:30:40 - [MESSAGE][PASSED] - Object: '' is clicked on

02-01-2025T15:30:40 - [TEST_STEP][PASSED] - click(findTestObject("Master Data/Admin Sekolah/Tahun Ajaran/Button Submit Tahun Ajaran"), OPTIONAL): Object: 'Object Repository/Master Data/Admin Sekolah/Tahun Ajaran/Button Submit Tahun Ajaran' is clicked on

02-01-2025T15:30:41 - [MESSAGE][PASSED] - Object: 'Object Repository/Master Data/Admin Sekolah/Tahun Ajaran/Button Submit Tahun Ajaran' is clicked on

02-01-2025T15:30:41 - [TEST_STEP][PASSED] - closeBrowser(OPTIONAL): Browser is closed

02-01-2025T15:30:41 - [MESSAGE][PASSED] - Browser is closed

02-01-2025T15:30:41 - [MESSAGE][PASSED] - Call Test Case 'Test Cases/Master Data/Admin Sekolah/Master Data Tahun Ajaran/Tambah Tahun Ajaran' successfully

02-01-2025T15:30:41 - [TEST_STEP][PASSED] - println("============================= Loop Again ==============================="): null]]></system-out>
         <system-err><![CDATA[]]></system-err>
      </testcase>
      <system-out><![CDATA[02-01-2025T15:12:51 - [TEST_SUITE][FAILED] - SPRINT 1: Test Cases/Regresi Feature/Sprint 1/Regresi Akun Bank FAILED.
Reason:
com.kms.katalon.core.exception.StepFailedException: Unable to call Test Case 'Test Cases/Master Data/Admin Sekolah/Master Data Akun Bank/Edit Akun Bank' (Root cause: com.kms.katalon.core.exception.StepFailedException: Call Test Case 'Test Cases/Master Data/Admin Sekolah/Master Data Akun Bank/Edit Akun Bank' failed
	at com.kms.katalon.core.keyword.builtin.CallTestCaseKeyword$_callTestCase_closure1.doCall(CallTestCaseKeyword.groovy:63)
	at com.kms.katalon.core.keyword.builtin.CallTestCaseKeyword$_callTestCase_closure1.call(CallTestCaseKeyword.groovy)
	at com.kms.katalon.core.keyword.internal.KeywordMain.runKeyword(KeywordMain.groovy:75)
	at com.kms.katalon.core.keyword.builtin.CallTestCaseKeyword.callTestCase(CallTestCaseKeyword.groovy:81)
	at com.kms.katalon.core.keyword.builtin.CallTestCaseKeyword.execute(CallTestCaseKeyword.groovy:44)
	at com.kms.katalon.core.keyword.internal.KeywordExecutor.executeKeywordForPlatform(KeywordExecutor.groovy:74)
	at com.kms.katalon.core.keyword.BuiltinKeywords.callTestCase(BuiltinKeywords.groovy:310)
	at java.base/jdk.internal.reflect.NativeMethodAccessorImpl.invoke0(Native Method)
	at java.base/jdk.internal.reflect.NativeMethodAccessorImpl.invoke(NativeMethodAccessorImpl.java:77)
	at java.base/jdk.internal.reflect.DelegatingMethodAccessorImpl.invoke(DelegatingMethodAccessorImpl.java:43)
	at Regresi Akun Bank.run(Regresi Akun Bank:26)
	at com.kms.katalon.core.main.ScriptEngine.run(ScriptEngine.java:194)
	at com.kms.katalon.core.main.ScriptEngine.runScriptAsRawText(ScriptEngine.java:119)
	at com.kms.katalon.core.main.TestCaseExecutor.runScript(TestCaseExecutor.java:448)
	at com.kms.katalon.core.main.TestCaseExecutor.doExecute(TestCaseExecutor.java:439)
	at com.kms.katalon.core.main.TestCaseExecutor.processExecutionPhase(TestCaseExecutor.java:418)
	at com.kms.katalon.core.main.TestCaseExecutor.accessMainPhase(TestCaseExecutor.java:410)
	at com.kms.katalon.core.main.TestCaseExecutor.execute(TestCaseExecutor.java:285)
	at com.kms.katalon.core.common.CommonExecutor.accessTestCaseMainPhase(CommonExecutor.java:65)
	at com.kms.katalon.core.main.TestSuiteExecutor.accessTestSuiteMainPhase(TestSuiteExecutor.java:161)
	at com.kms.katalon.core.main.TestSuiteExecutor.execute(TestSuiteExecutor.java:107)
	at com.kms.katalon.core.main.TestCaseMain.startTestSuite(TestCaseMain.java:176)
	at TempTestSuite1735805561810.run(TempTestSuite1735805561810.groovy:35)
	at java.base/jdk.internal.reflect.NativeMethodAccessorImpl.invoke0(Native Method)
	at java.base/jdk.internal.reflect.NativeMethodAccessorImpl.invoke(NativeMethodAccessorImpl.java:77)
	at java.base/jdk.internal.reflect.DelegatingMethodAccessorImpl.invoke(DelegatingMethodAccessorImpl.java:43)
Caused by: com.kms.katalon.core.exception.StepFailedException: Unable to verify object 'Object Repository/Master Data/Admin Sekolah/Akun Bank/Edit Akun Bank/Toast Notification Data Berhasil Diubah' is visible
	at com.kms.katalon.core.webui.keyword.internal.WebUIKeywordMain.stepFailed(WebUIKeywordMain.groovy:117)
	at com.kms.katalon.core.webui.keyword.internal.WebUIKeywordMain.runKeyword(WebUIKeywordMain.groovy:43)
	at com.kms.katalon.core.webui.keyword.builtin.VerifyElementVisibleKeyword.verifyElementVisible(VerifyElementVisibleKeyword.groovy:97)
	at com.kms.katalon.core.webui.keyword.builtin.VerifyElementVisibleKeyword.execute(VerifyElementVisibleKeyword.groovy:67)
	at com.kms.katalon.core.keyword.internal.KeywordExecutor.executeKeywordForPlatform(KeywordExecutor.groovy:74)
	at com.kms.katalon.core.webui.keyword.WebUiBuiltInKeywords.verifyElementVisible(WebUiBuiltInKeywords.groovy:438)
	at Edit Akun Bank.run(Edit Akun Bank:90)
	at com.kms.katalon.core.main.ScriptEngine.run(ScriptEngine.java:194)
	at com.kms.katalon.core.main.ScriptEngine.runScriptAsRawText(ScriptEngine.java:119)
	at com.kms.katalon.core.main.TestCaseExecutor.runScript(TestCaseExecutor.java:448)
	at com.kms.katalon.core.main.TestCaseExecutor.doExecute(TestCaseExecutor.java:439)
	at com.kms.katalon.core.main.TestCaseExecutor.processExecutionPhase(TestCaseExecutor.java:418)
	at com.kms.katalon.core.main.TestCaseExecutor.accessMainPhase(TestCaseExecutor.java:410)
	at com.kms.katalon.core.main.TestCaseExecutor.execute(TestCaseExecutor.java:285)
	at com.kms.katalon.core.main.TestCaseMain.runTestCase(TestCaseMain.java:133)
	at com.kms.katalon.core.keyword.builtin.CallTestCaseKeyword$_callTestCase_closure1.doCall(CallTestCaseKeyword.groovy:59)
	... 25 more
Caused by: com.kms.katalon.core.exception.StepFailedException: Object 'Object Repository/Master Data/Admin Sekolah/Akun Bank/Edit Akun Bank/Toast Notification Data Berhasil Diubah' is NOT visible
	at com.kms.katalon.core.webui.keyword.internal.WebUIKeywordMain.stepFailed(WebUIKeywordMain.groovy:117)
	at com.kms.katalon.core.webui.keyword.builtin.VerifyElementVisibleKeyword$_verifyElementVisible_closure1.doCall(VerifyElementVisibleKeyword.groovy:83)
	at com.kms.katalon.core.webui.keyword.builtin.VerifyElementVisibleKeyword$_verifyElementVisible_closure1.call(VerifyElementVisibleKeyword.groovy)
	at com.kms.katalon.core.webui.keyword.internal.WebUIKeywordMain.runKeyword(WebUIKeywordMain.groovy:35)
	... 39 more
)
	at com.kms.katalon.core.keyword.internal.KeywordMain.stepFailed(KeywordMain.groovy:39)
	at com.kms.katalon.core.keyword.internal.KeywordMain.stepFailed(KeywordMain.groovy)
	at com.kms.katalon.core.keyword.internal.KeywordMain.runKeyword(KeywordMain.groovy:77)
	at com.kms.katalon.core.keyword.builtin.CallTestCaseKeyword.callTestCase(CallTestCaseKeyword.groovy:81)
	at com.kms.katalon.core.keyword.builtin.CallTestCaseKeyword.execute(CallTestCaseKeyword.groovy:44)
	at com.kms.katalon.core.keyword.internal.KeywordExecutor.executeKeywordForPlatform(KeywordExecutor.groovy:74)
	at com.kms.katalon.core.keyword.BuiltinKeywords.callTestCase(BuiltinKeywords.groovy:310)
	at java.base/jdk.internal.reflect.NativeMethodAccessorImpl.invoke0(Native Method)
	at java.base/jdk.internal.reflect.NativeMethodAccessorImpl.invoke(NativeMethodAccessorImpl.java:77)
	at java.base/jdk.internal.reflect.DelegatingMethodAccessorImpl.invoke(DelegatingMethodAccessorImpl.java:43)
	at Regresi Akun Bank.run(Regresi Akun Bank:26)
	at com.kms.katalon.core.main.ScriptEngine.run(ScriptEngine.java:194)
	at com.kms.katalon.core.main.ScriptEngine.runScriptAsRawText(ScriptEngine.java:119)
	at com.kms.katalon.core.main.TestCaseExecutor.runScript(TestCaseExecutor.java:448)
	at com.kms.katalon.core.main.TestCaseExecutor.doExecute(TestCaseExecutor.java:439)
	at com.kms.katalon.core.main.TestCaseExecutor.processExecutionPhase(TestCaseExecutor.java:418)
	at com.kms.katalon.core.main.TestCaseExecutor.accessMainPhase(TestCaseExecutor.java:410)
	at com.kms.katalon.core.main.TestCaseExecutor.execute(TestCaseExecutor.java:285)
	at com.kms.katalon.core.common.CommonExecutor.accessTestCaseMainPhase(CommonExecutor.java:65)
	at com.kms.katalon.core.main.TestSuiteExecutor.accessTestSuiteMainPhase(TestSuiteExecutor.java:161)
	at com.kms.katalon.core.main.TestSuiteExecutor.execute(TestSuiteExecutor.java:107)
	at com.kms.katalon.core.main.TestCaseMain.startTestSuite(TestCaseMain.java:176)
	at TempTestSuite1735805561810.run(TempTestSuite1735805561810.groovy:35)
	at java.base/jdk.internal.reflect.NativeMethodAccessorImpl.invoke0(Native Method)
	at java.base/jdk.internal.reflect.NativeMethodAccessorImpl.invoke(NativeMethodAccessorImpl.java:77)
	at java.base/jdk.internal.reflect.DelegatingMethodAccessorImpl.invoke(DelegatingMethodAccessorImpl.java:43)
Caused by: com.kms.katalon.core.exception.StepFailedException: Call Test Case 'Test Cases/Master Data/Admin Sekolah/Master Data Akun Bank/Edit Akun Bank' failed
	at com.kms.katalon.core.keyword.builtin.CallTestCaseKeyword$_callTestCase_closure1.doCall(CallTestCaseKeyword.groovy:63)
	at com.kms.katalon.core.keyword.builtin.CallTestCaseKeyword$_callTestCase_closure1.call(CallTestCaseKeyword.groovy)
	at com.kms.katalon.core.keyword.internal.KeywordMain.runKeyword(KeywordMain.groovy:75)
	... 23 more
Caused by: com.kms.katalon.core.exception.StepFailedException: Unable to verify object 'Object Repository/Master Data/Admin Sekolah/Akun Bank/Edit Akun Bank/Toast Notification Data Berhasil Diubah' is visible
	at com.kms.katalon.core.webui.keyword.internal.WebUIKeywordMain.stepFailed(WebUIKeywordMain.groovy:117)
	at com.kms.katalon.core.webui.keyword.internal.WebUIKeywordMain.runKeyword(WebUIKeywordMain.groovy:43)
	at com.kms.katalon.core.webui.keyword.builtin.VerifyElementVisibleKeyword.verifyElementVisible(VerifyElementVisibleKeyword.groovy:97)
	at com.kms.katalon.core.webui.keyword.builtin.VerifyElementVisibleKeyword.execute(VerifyElementVisibleKeyword.groovy:67)
	at com.kms.katalon.core.keyword.internal.KeywordExecutor.executeKeywordForPlatform(KeywordExecutor.groovy:74)
	at com.kms.katalon.core.webui.keyword.WebUiBuiltInKeywords.verifyElementVisible(WebUiBuiltInKeywords.groovy:438)
	at Edit Akun Bank.run(Edit Akun Bank:90)
	at com.kms.katalon.core.main.ScriptEngine.run(ScriptEngine.java:194)
	at com.kms.katalon.core.main.ScriptEngine.runScriptAsRawText(ScriptEngine.java:119)
	at com.kms.katalon.core.main.TestCaseExecutor.runScript(TestCaseExecutor.java:448)
	at com.kms.katalon.core.main.TestCaseExecutor.doExecute(TestCaseExecutor.java:439)
	at com.kms.katalon.core.main.TestCaseExecutor.processExecutionPhase(TestCaseExecutor.java:418)
	at com.kms.katalon.core.main.TestCaseExecutor.accessMainPhase(TestCaseExecutor.java:410)
	at com.kms.katalon.core.main.TestCaseExecutor.execute(TestCaseExecutor.java:285)
	at com.kms.katalon.core.main.TestCaseMain.runTestCase(TestCaseMain.java:133)
	at com.kms.katalon.core.keyword.builtin.CallTestCaseKeyword$_callTestCase_closure1.doCall(CallTestCaseKeyword.groovy:59)
	... 25 more
Caused by: com.kms.katalon.core.exception.StepFailedException: Object 'Object Repository/Master Data/Admin Sekolah/Akun Bank/Edit Akun Bank/Toast Notification Data Berhasil Diubah' is NOT visible
	at com.kms.katalon.core.webui.keyword.internal.WebUIKeywordMain.stepFailed(WebUIKeywordMain.groovy:117)
	at com.kms.katalon.core.webui.keyword.builtin.VerifyElementVisibleKeyword$_verifyElementVisible_closure1.doCall(VerifyElementVisibleKeyword.groovy:83)
	at com.kms.katalon.core.webui.keyword.builtin.VerifyElementVisibleKeyword$_verifyElementVisible_closure1.call(VerifyElementVisibleKeyword.groovy)
	at com.kms.katalon.core.webui.keyword.internal.WebUIKeywordMain.runKeyword(WebUIKeywordMain.groovy:35)
	... 39 more]]></system-out>
      <system-err><![CDATA[02-01-2025T15:12:51 - [TEST_SUITE][FAILED] - SPRINT 1: Test Cases/Regresi Feature/Sprint 1/Regresi Akun Bank FAILED.
Reason:
com.kms.katalon.core.exception.StepFailedException: Unable to call Test Case 'Test Cases/Master Data/Admin Sekolah/Master Data Akun Bank/Edit Akun Bank' (Root cause: com.kms.katalon.core.exception.StepFailedException: Call Test Case 'Test Cases/Master Data/Admin Sekolah/Master Data Akun Bank/Edit Akun Bank' failed
	at com.kms.katalon.core.keyword.builtin.CallTestCaseKeyword$_callTestCase_closure1.doCall(CallTestCaseKeyword.groovy:63)
	at com.kms.katalon.core.keyword.builtin.CallTestCaseKeyword$_callTestCase_closure1.call(CallTestCaseKeyword.groovy)
	at com.kms.katalon.core.keyword.internal.KeywordMain.runKeyword(KeywordMain.groovy:75)
	at com.kms.katalon.core.keyword.builtin.CallTestCaseKeyword.callTestCase(CallTestCaseKeyword.groovy:81)
	at com.kms.katalon.core.keyword.builtin.CallTestCaseKeyword.execute(CallTestCaseKeyword.groovy:44)
	at com.kms.katalon.core.keyword.internal.KeywordExecutor.executeKeywordForPlatform(KeywordExecutor.groovy:74)
	at com.kms.katalon.core.keyword.BuiltinKeywords.callTestCase(BuiltinKeywords.groovy:310)
	at java.base/jdk.internal.reflect.NativeMethodAccessorImpl.invoke0(Native Method)
	at java.base/jdk.internal.reflect.NativeMethodAccessorImpl.invoke(NativeMethodAccessorImpl.java:77)
	at java.base/jdk.internal.reflect.DelegatingMethodAccessorImpl.invoke(DelegatingMethodAccessorImpl.java:43)
	at Regresi Akun Bank.run(Regresi Akun Bank:26)
	at com.kms.katalon.core.main.ScriptEngine.run(ScriptEngine.java:194)
	at com.kms.katalon.core.main.ScriptEngine.runScriptAsRawText(ScriptEngine.java:119)
	at com.kms.katalon.core.main.TestCaseExecutor.runScript(TestCaseExecutor.java:448)
	at com.kms.katalon.core.main.TestCaseExecutor.doExecute(TestCaseExecutor.java:439)
	at com.kms.katalon.core.main.TestCaseExecutor.processExecutionPhase(TestCaseExecutor.java:418)
	at com.kms.katalon.core.main.TestCaseExecutor.accessMainPhase(TestCaseExecutor.java:410)
	at com.kms.katalon.core.main.TestCaseExecutor.execute(TestCaseExecutor.java:285)
	at com.kms.katalon.core.common.CommonExecutor.accessTestCaseMainPhase(CommonExecutor.java:65)
	at com.kms.katalon.core.main.TestSuiteExecutor.accessTestSuiteMainPhase(TestSuiteExecutor.java:161)
	at com.kms.katalon.core.main.TestSuiteExecutor.execute(TestSuiteExecutor.java:107)
	at com.kms.katalon.core.main.TestCaseMain.startTestSuite(TestCaseMain.java:176)
	at TempTestSuite1735805561810.run(TempTestSuite1735805561810.groovy:35)
	at java.base/jdk.internal.reflect.NativeMethodAccessorImpl.invoke0(Native Method)
	at java.base/jdk.internal.reflect.NativeMethodAccessorImpl.invoke(NativeMethodAccessorImpl.java:77)
	at java.base/jdk.internal.reflect.DelegatingMethodAccessorImpl.invoke(DelegatingMethodAccessorImpl.java:43)
Caused by: com.kms.katalon.core.exception.StepFailedException: Unable to verify object 'Object Repository/Master Data/Admin Sekolah/Akun Bank/Edit Akun Bank/Toast Notification Data Berhasil Diubah' is visible
	at com.kms.katalon.core.webui.keyword.internal.WebUIKeywordMain.stepFailed(WebUIKeywordMain.groovy:117)
	at com.kms.katalon.core.webui.keyword.internal.WebUIKeywordMain.runKeyword(WebUIKeywordMain.groovy:43)
	at com.kms.katalon.core.webui.keyword.builtin.VerifyElementVisibleKeyword.verifyElementVisible(VerifyElementVisibleKeyword.groovy:97)
	at com.kms.katalon.core.webui.keyword.builtin.VerifyElementVisibleKeyword.execute(VerifyElementVisibleKeyword.groovy:67)
	at com.kms.katalon.core.keyword.internal.KeywordExecutor.executeKeywordForPlatform(KeywordExecutor.groovy:74)
	at com.kms.katalon.core.webui.keyword.WebUiBuiltInKeywords.verifyElementVisible(WebUiBuiltInKeywords.groovy:438)
	at Edit Akun Bank.run(Edit Akun Bank:90)
	at com.kms.katalon.core.main.ScriptEngine.run(ScriptEngine.java:194)
	at com.kms.katalon.core.main.ScriptEngine.runScriptAsRawText(ScriptEngine.java:119)
	at com.kms.katalon.core.main.TestCaseExecutor.runScript(TestCaseExecutor.java:448)
	at com.kms.katalon.core.main.TestCaseExecutor.doExecute(TestCaseExecutor.java:439)
	at com.kms.katalon.core.main.TestCaseExecutor.processExecutionPhase(TestCaseExecutor.java:418)
	at com.kms.katalon.core.main.TestCaseExecutor.accessMainPhase(TestCaseExecutor.java:410)
	at com.kms.katalon.core.main.TestCaseExecutor.execute(TestCaseExecutor.java:285)
	at com.kms.katalon.core.main.TestCaseMain.runTestCase(TestCaseMain.java:133)
	at com.kms.katalon.core.keyword.builtin.CallTestCaseKeyword$_callTestCase_closure1.doCall(CallTestCaseKeyword.groovy:59)
	... 25 more
Caused by: com.kms.katalon.core.exception.StepFailedException: Object 'Object Repository/Master Data/Admin Sekolah/Akun Bank/Edit Akun Bank/Toast Notification Data Berhasil Diubah' is NOT visible
	at com.kms.katalon.core.webui.keyword.internal.WebUIKeywordMain.stepFailed(WebUIKeywordMain.groovy:117)
	at com.kms.katalon.core.webui.keyword.builtin.VerifyElementVisibleKeyword$_verifyElementVisible_closure1.doCall(VerifyElementVisibleKeyword.groovy:83)
	at com.kms.katalon.core.webui.keyword.builtin.VerifyElementVisibleKeyword$_verifyElementVisible_closure1.call(VerifyElementVisibleKeyword.groovy)
	at com.kms.katalon.core.webui.keyword.internal.WebUIKeywordMain.runKeyword(WebUIKeywordMain.groovy:35)
	... 39 more
)
	at com.kms.katalon.core.keyword.internal.KeywordMain.stepFailed(KeywordMain.groovy:39)
	at com.kms.katalon.core.keyword.internal.KeywordMain.stepFailed(KeywordMain.groovy)
	at com.kms.katalon.core.keyword.internal.KeywordMain.runKeyword(KeywordMain.groovy:77)
	at com.kms.katalon.core.keyword.builtin.CallTestCaseKeyword.callTestCase(CallTestCaseKeyword.groovy:81)
	at com.kms.katalon.core.keyword.builtin.CallTestCaseKeyword.execute(CallTestCaseKeyword.groovy:44)
	at com.kms.katalon.core.keyword.internal.KeywordExecutor.executeKeywordForPlatform(KeywordExecutor.groovy:74)
	at com.kms.katalon.core.keyword.BuiltinKeywords.callTestCase(BuiltinKeywords.groovy:310)
	at java.base/jdk.internal.reflect.NativeMethodAccessorImpl.invoke0(Native Method)
	at java.base/jdk.internal.reflect.NativeMethodAccessorImpl.invoke(NativeMethodAccessorImpl.java:77)
	at java.base/jdk.internal.reflect.DelegatingMethodAccessorImpl.invoke(DelegatingMethodAccessorImpl.java:43)
	at Regresi Akun Bank.run(Regresi Akun Bank:26)
	at com.kms.katalon.core.main.ScriptEngine.run(ScriptEngine.java:194)
	at com.kms.katalon.core.main.ScriptEngine.runScriptAsRawText(ScriptEngine.java:119)
	at com.kms.katalon.core.main.TestCaseExecutor.runScript(TestCaseExecutor.java:448)
	at com.kms.katalon.core.main.TestCaseExecutor.doExecute(TestCaseExecutor.java:439)
	at com.kms.katalon.core.main.TestCaseExecutor.processExecutionPhase(TestCaseExecutor.java:418)
	at com.kms.katalon.core.main.TestCaseExecutor.accessMainPhase(TestCaseExecutor.java:410)
	at com.kms.katalon.core.main.TestCaseExecutor.execute(TestCaseExecutor.java:285)
	at com.kms.katalon.core.common.CommonExecutor.accessTestCaseMainPhase(CommonExecutor.java:65)
	at com.kms.katalon.core.main.TestSuiteExecutor.accessTestSuiteMainPhase(TestSuiteExecutor.java:161)
	at com.kms.katalon.core.main.TestSuiteExecutor.execute(TestSuiteExecutor.java:107)
	at com.kms.katalon.core.main.TestCaseMain.startTestSuite(TestCaseMain.java:176)
	at TempTestSuite1735805561810.run(TempTestSuite1735805561810.groovy:35)
	at java.base/jdk.internal.reflect.NativeMethodAccessorImpl.invoke0(Native Method)
	at java.base/jdk.internal.reflect.NativeMethodAccessorImpl.invoke(NativeMethodAccessorImpl.java:77)
	at java.base/jdk.internal.reflect.DelegatingMethodAccessorImpl.invoke(DelegatingMethodAccessorImpl.java:43)
Caused by: com.kms.katalon.core.exception.StepFailedException: Call Test Case 'Test Cases/Master Data/Admin Sekolah/Master Data Akun Bank/Edit Akun Bank' failed
	at com.kms.katalon.core.keyword.builtin.CallTestCaseKeyword$_callTestCase_closure1.doCall(CallTestCaseKeyword.groovy:63)
	at com.kms.katalon.core.keyword.builtin.CallTestCaseKeyword$_callTestCase_closure1.call(CallTestCaseKeyword.groovy)
	at com.kms.katalon.core.keyword.internal.KeywordMain.runKeyword(KeywordMain.groovy:75)
	... 23 more
Caused by: com.kms.katalon.core.exception.StepFailedException: Unable to verify object 'Object Repository/Master Data/Admin Sekolah/Akun Bank/Edit Akun Bank/Toast Notification Data Berhasil Diubah' is visible
	at com.kms.katalon.core.webui.keyword.internal.WebUIKeywordMain.stepFailed(WebUIKeywordMain.groovy:117)
	at com.kms.katalon.core.webui.keyword.internal.WebUIKeywordMain.runKeyword(WebUIKeywordMain.groovy:43)
	at com.kms.katalon.core.webui.keyword.builtin.VerifyElementVisibleKeyword.verifyElementVisible(VerifyElementVisibleKeyword.groovy:97)
	at com.kms.katalon.core.webui.keyword.builtin.VerifyElementVisibleKeyword.execute(VerifyElementVisibleKeyword.groovy:67)
	at com.kms.katalon.core.keyword.internal.KeywordExecutor.executeKeywordForPlatform(KeywordExecutor.groovy:74)
	at com.kms.katalon.core.webui.keyword.WebUiBuiltInKeywords.verifyElementVisible(WebUiBuiltInKeywords.groovy:438)
	at Edit Akun Bank.run(Edit Akun Bank:90)
	at com.kms.katalon.core.main.ScriptEngine.run(ScriptEngine.java:194)
	at com.kms.katalon.core.main.ScriptEngine.runScriptAsRawText(ScriptEngine.java:119)
	at com.kms.katalon.core.main.TestCaseExecutor.runScript(TestCaseExecutor.java:448)
	at com.kms.katalon.core.main.TestCaseExecutor.doExecute(TestCaseExecutor.java:439)
	at com.kms.katalon.core.main.TestCaseExecutor.processExecutionPhase(TestCaseExecutor.java:418)
	at com.kms.katalon.core.main.TestCaseExecutor.accessMainPhase(TestCaseExecutor.java:410)
	at com.kms.katalon.core.main.TestCaseExecutor.execute(TestCaseExecutor.java:285)
	at com.kms.katalon.core.main.TestCaseMain.runTestCase(TestCaseMain.java:133)
	at com.kms.katalon.core.keyword.builtin.CallTestCaseKeyword$_callTestCase_closure1.doCall(CallTestCaseKeyword.groovy:59)
	... 25 more
Caused by: com.kms.katalon.core.exception.StepFailedException: Object 'Object Repository/Master Data/Admin Sekolah/Akun Bank/Edit Akun Bank/Toast Notification Data Berhasil Diubah' is NOT visible
	at com.kms.katalon.core.webui.keyword.internal.WebUIKeywordMain.stepFailed(WebUIKeywordMain.groovy:117)
	at com.kms.katalon.core.webui.keyword.builtin.VerifyElementVisibleKeyword$_verifyElementVisible_closure1.doCall(VerifyElementVisibleKeyword.groovy:83)
	at com.kms.katalon.core.webui.keyword.builtin.VerifyElementVisibleKeyword$_verifyElementVisible_closure1.call(VerifyElementVisibleKeyword.groovy)
	at com.kms.katalon.core.webui.keyword.internal.WebUIKeywordMain.runKeyword(WebUIKeywordMain.groovy:35)
	... 39 more]]></system-err>
   </testsuite>
</testsuites>
