<?xml version="1.0" encoding="UTF-8"?>
<testsuites name="SPRINT 1" time="1171.675" tests="5" failures="2" errors="0">
   <testsuite name="SPRINT 1" tests="5" failures="2" errors="0" time="1171.675" skipped="0" timestamp="03-01-2025T11:30:48" hostname="henri - Henri" id="Test Suites/SPRINT 1">
      <properties>
         <property name="deviceName" value=""/>
         <property name="devicePlatform"/>
         <property name="logFolder" value="C:\\Users\\henri\\Videos\\school-payment-automation-testing\\Reports\\20250103_113042\\SPRINT 1\\20250103_113042"/>
         <property name="logFiles" value="C:\\Users\\henri\\Videos\\school-payment-automation-testing\\Reports\\20250103_113042\\SPRINT 1\\20250103_113042\\execution0.log"/>
         <property name="attachments" value="C:\\Users\\henri\\Videos\\school-payment-automation-testing\\Reports\\20250103_113042\\SPRINT 1\\20250103_113042\\1735878689083.png, C:\\Users\\henri\\Videos\\school-payment-automation-testing\\Reports\\20250103_113042\\SPRINT 1\\20250103_113042\\1735878715574.png, C:\\Users\\henri\\Videos\\school-payment-automation-testing\\Reports\\20250103_113042\\SPRINT 1\\20250103_113042\\1735878741673.png, C:\\Users\\henri\\Videos\\school-payment-automation-testing\\Reports\\20250103_113042\\SPRINT 1\\20250103_113042\\1735878817852.png, C:\\Users\\henri\\Videos\\school-payment-automation-testing\\Reports\\20250103_113042\\SPRINT 1\\20250103_113042\\1735878851133.png, C:\\Users\\henri\\Videos\\school-payment-automation-testing\\Reports\\20250103_113042\\SPRINT 1\\20250103_113042\\1735878922670.png, C:\\Users\\henri\\Videos\\school-payment-automation-testing\\Reports\\20250103_113042\\SPRINT 1\\20250103_113042\\1735878955891.png, C:\\Users\\henri\\Videos\\school-payment-automation-testing\\Reports\\20250103_113042\\SPRINT 1\\20250103_113042\\1735879011331.png, C:\\Users\\henri\\Videos\\school-payment-automation-testing\\Reports\\20250103_113042\\SPRINT 1\\20250103_113042\\1735879044542.png, C:\\Users\\henri\\Videos\\school-payment-automation-testing\\Reports\\20250103_113042\\SPRINT 1\\20250103_113042\\1735879269937.png, C:\\Users\\henri\\Videos\\school-payment-automation-testing\\Reports\\20250103_113042\\SPRINT 1\\20250103_113042\\1735879322175.png, C:\\Users\\henri\\Videos\\school-payment-automation-testing\\Reports\\20250103_113042\\SPRINT 1\\20250103_113042\\1735879371988.png, C:\\Users\\henri\\Videos\\school-payment-automation-testing\\Reports\\20250103_113042\\SPRINT 1\\20250103_113042\\1735879443232.png, C:\\Users\\henri\\Videos\\school-payment-automation-testing\\Reports\\20250103_113042\\SPRINT 1\\20250103_113042\\1735879492874.png, C:\\Users\\henri\\Videos\\school-payment-automation-testing\\Reports\\20250103_113042\\SPRINT 1\\20250103_113042\\1735879544375.png, C:\\Users\\henri\\Videos\\school-payment-automation-testing\\Reports\\20250103_113042\\SPRINT 1\\20250103_113042\\1735879586507.png, C:\\Users\\henri\\Videos\\school-payment-automation-testing\\Reports\\20250103_113042\\SPRINT 1\\20250103_113042\\1735879713520.png, C:\\Users\\henri\\Videos\\school-payment-automation-testing\\Reports\\20250103_113042\\SPRINT 1\\20250103_113042\\1735879754471.png, C:\\Users\\henri\\Videos\\school-payment-automation-testing\\Reports\\20250103_113042\\SPRINT 1\\20250103_113042\\1735879786651.png, C:\\Users\\henri\\Videos\\school-payment-automation-testing\\Reports\\20250103_113042\\SPRINT 1\\20250103_113042\\1735879820068.png"/>
         <property name="hostName" value="henri - Henri"/>
         <property name="os" value="Windows 11 64bit"/>
         <property name="katalonVersion" value="10.0.0.223"/>
         <property name="browser" value="Chrome 131.0.0.0"/>
         <property name="hostAddress" value="192.168.1.12"/>
         <property name="sessionId" value="60fa9754e68f459e026ff0a3ff026db6"/>
         <property name="seleniumVersion" value="4.22.0"/>
         <property name="proxyInformation" value="ProxyInformation { proxyOption=NO_PROXY, proxyServerType=HTTP, username=, password=********, proxyServerAddress=, proxyServerPort=0, executionList=&quot;&quot;, isApplyToDesiredCapabilities=true }"/>
         <property name="platform" value="Windows 11"/>
      </properties>
      <testcase name="Test Cases/Regresi Feature/Sprint 1/Regresi Akun Bank" time="95.118" classname="Test Cases/Regresi Feature/Sprint 1/Regresi Akun Bank" status="PASSED">
         <system-out><![CDATA[03-01-2025T11:30:49 - [TEST_CASE][PASSED] - Test Cases/Regresi Feature/Sprint 1/Regresi Akun Bank: Test Cases/Regresi Feature/Sprint 1/Regresi Akun Bank

03-01-2025T11:30:49 - [TEST_STEP][PASSED] - for ([i = 1, i <= maxLoop, (i++)]): null

03-01-2025T11:30:49 - [TEST_STEP][PASSED] - callTestCase(findTestCase("Master Data/Admin Sekolah/Master Data Akun Bank/Tambah Akun Bank"), [:], CONTINUE_ON_FAILURE): Call Test Case 'Test Cases/Master Data/Admin Sekolah/Master Data Akun Bank/Tambah Akun Bank' successfully

03-01-2025T11:30:49 - [TEST_CASE][PASSED] - Test Cases/Master Data/Admin Sekolah/Master Data Akun Bank/Tambah Akun Bank: Test Cases/Master Data/Admin Sekolah/Master Data Akun Bank/Tambah Akun Bank

03-01-2025T11:30:49 - [TEST_STEP][PASSED] - openBrowser("", CONTINUE_ON_FAILURE): Browser is opened with url: ''

03-01-2025T11:30:50 - [MESSAGE][INFO] - Starting 'Chrome' driver

03-01-2025T11:30:50 - [MESSAGE][INFO] - Action delay is set to 0 milliseconds

03-01-2025T11:30:51 - [MESSAGE][PASSED] - Browser is opened with url: ''

03-01-2025T11:30:51 - [TEST_STEP][PASSED] - maximizeWindow(): Current window maximized

03-01-2025T11:30:51 - [MESSAGE][PASSED] - Current window maximized

03-01-2025T11:30:51 - [TEST_STEP][PASSED] - navigateToUrl("https://sit.siprusedu.com/login", CONTINUE_ON_FAILURE): Navigate to 'https://sit.siprusedu.com/login' successfully

03-01-2025T11:30:52 - [MESSAGE][PASSED] - Navigate to 'https://sit.siprusedu.com/login' successfully

03-01-2025T11:30:52 - [TEST_STEP][PASSED] - click(findTestObject("Master Data/Admin Sekolah/Login/Field Email"), CONTINUE_ON_FAILURE): Object: 'Object Repository/Master Data/Admin Sekolah/Login/Field Email' is clicked on

03-01-2025T11:31:05 - [MESSAGE][PASSED] - Object: 'Object Repository/Master Data/Admin Sekolah/Login/Field Email' is clicked on

03-01-2025T11:31:05 - [TEST_STEP][PASSED] - setText(findTestObject("Master Data/Admin Sekolah/Login/Field Email"), "admin.gudangsolusi@digiform.co.id", CONTINUE_ON_FAILURE): Text 'admin.gudangsolusi@digiform.co.id' is set on object 'Object Repository/Master Data/Admin Sekolah/Login/Field Email'

03-01-2025T11:31:06 - [MESSAGE][PASSED] - Text 'admin.gudangsolusi@digiform.co.id' is set on object 'Object Repository/Master Data/Admin Sekolah/Login/Field Email'

03-01-2025T11:31:06 - [TEST_STEP][PASSED] - click(findTestObject("Master Data/Admin Sekolah/Login/Input Password"), CONTINUE_ON_FAILURE): Object: 'Object Repository/Master Data/Admin Sekolah/Login/Input Password' is clicked on

03-01-2025T11:31:06 - [MESSAGE][PASSED] - Object: 'Object Repository/Master Data/Admin Sekolah/Login/Input Password' is clicked on

03-01-2025T11:31:06 - [TEST_STEP][PASSED] - setText(findTestObject("Master Data/Admin Sekolah/Login/Input Password"), "Test1234", CONTINUE_ON_FAILURE): Text 'Test1234' is set on object 'Object Repository/Master Data/Admin Sekolah/Login/Input Password'

03-01-2025T11:31:07 - [MESSAGE][PASSED] - Text 'Test1234' is set on object 'Object Repository/Master Data/Admin Sekolah/Login/Input Password'

03-01-2025T11:31:07 - [TEST_STEP][PASSED] - click(findTestObject("Master Data/Admin Sekolah/Login/Button Submit"), CONTINUE_ON_FAILURE): Object: 'Object Repository/Master Data/Admin Sekolah/Login/Button Submit' is clicked on

03-01-2025T11:31:07 - [MESSAGE][PASSED] - Object: 'Object Repository/Master Data/Admin Sekolah/Login/Button Submit' is clicked on

03-01-2025T11:31:07 - [TEST_STEP][PASSED] - click(findTestObject("Master Data/Admin Sekolah/Tagihan/Master Data Menu"), CONTINUE_ON_FAILURE): Object: 'Object Repository/Master Data/Admin Sekolah/Tagihan/Master Data Menu' is clicked on

03-01-2025T11:31:09 - [MESSAGE][PASSED] - Object: 'Object Repository/Master Data/Admin Sekolah/Tagihan/Master Data Menu' is clicked on

03-01-2025T11:31:09 - [TEST_STEP][PASSED] - click(findTestObject("Master Data/Admin Sekolah/Akun Bank/Menu Akun Bank"), CONTINUE_ON_FAILURE): Object: 'Object Repository/Master Data/Admin Sekolah/Akun Bank/Menu Akun Bank' is clicked on

03-01-2025T11:31:10 - [MESSAGE][PASSED] - Object: 'Object Repository/Master Data/Admin Sekolah/Akun Bank/Menu Akun Bank' is clicked on

03-01-2025T11:31:10 - [TEST_STEP][PASSED] - click(findTestObject("Master Data/Admin Sekolah/Akun Bank/Button Tambah Akun Bank"), CONTINUE_ON_FAILURE): Object: 'Object Repository/Master Data/Admin Sekolah/Akun Bank/Button Tambah Akun Bank' is clicked on

03-01-2025T11:31:11 - [MESSAGE][PASSED] - Object: 'Object Repository/Master Data/Admin Sekolah/Akun Bank/Button Tambah Akun Bank' is clicked on

03-01-2025T11:31:11 - [TEST_STEP][PASSED] - click(findTestObject("Master Data/Admin Sekolah/Akun Bank/Tambah Akun Bank/Dropdown Pilih Nama Bank"), CONTINUE_ON_FAILURE): Object: 'Object Repository/Master Data/Admin Sekolah/Akun Bank/Tambah Akun Bank/Dropdown Pilih Nama Bank' is clicked on

03-01-2025T11:31:11 - [MESSAGE][PASSED] - Object: 'Object Repository/Master Data/Admin Sekolah/Akun Bank/Tambah Akun Bank/Dropdown Pilih Nama Bank' is clicked on

03-01-2025T11:31:11 - [TEST_STEP][PASSED] - click(findTestObject("Master Data/Admin Sekolah/Akun Bank/Tambah Akun Bank/Pilih Dropdown Nama Bank"), CONTINUE_ON_FAILURE): Object: 'Object Repository/Master Data/Admin Sekolah/Akun Bank/Tambah Akun Bank/Pilih Dropdown Nama Bank' is clicked on

03-01-2025T11:31:12 - [MESSAGE][PASSED] - Object: 'Object Repository/Master Data/Admin Sekolah/Akun Bank/Tambah Akun Bank/Pilih Dropdown Nama Bank' is clicked on

03-01-2025T11:31:12 - [TEST_STEP][PASSED] - randomName = generateRandomName(): null

03-01-2025T11:31:12 - [TEST_STEP][PASSED] - firstNames = ["John", "Jane", "Michael", "Sarah", "David", "Emily", "Rafael", "Sophia"]: null

03-01-2025T11:31:12 - [TEST_STEP][PASSED] - lastNames = ["Doe", "Smith", "Johnson", "Williams", "Brown", "Davis", "Taylor", "Wilson"]: null

03-01-2025T11:31:12 - [TEST_STEP][PASSED] - random = new java.util.Random(): null

03-01-2025T11:31:12 - [TEST_STEP][PASSED] - firstName = firstNames[random.nextInt(firstNames.size())]: null

03-01-2025T11:31:12 - [TEST_STEP][PASSED] - lastName = lastNames[random.nextInt(lastNames.size())]: null

03-01-2025T11:31:12 - [TEST_STEP][PASSED] - return ((firstName +  ) + lastName): null

03-01-2025T11:31:12 - [TEST_STEP][PASSED] - println("Generated random name: " + randomName): null

03-01-2025T11:31:12 - [TEST_STEP][PASSED] - setText(findTestObject("Master Data/Admin Sekolah/Akun Bank/Tambah Akun Bank/Set Text Nama Rekening"), randomName, CONTINUE_ON_FAILURE): Text 'Sarah Johnson' is set on object 'Object Repository/Master Data/Admin Sekolah/Akun Bank/Tambah Akun Bank/Set Text Nama Rekening'

03-01-2025T11:31:12 - [MESSAGE][PASSED] - Text 'Sarah Johnson' is set on object 'Object Repository/Master Data/Admin Sekolah/Akun Bank/Tambah Akun Bank/Set Text Nama Rekening'

03-01-2025T11:31:12 - [TEST_STEP][PASSED] - nomorRekeningList = []: null

03-01-2025T11:31:12 - [TEST_STEP][PASSED] - for ([i = 0, i < 5, (i++)]): null

03-01-2025T11:31:12 - [TEST_STEP][PASSED] - nomorRekeningList.add(generateRandomAccountNumber(10)): null

03-01-2025T11:31:12 - [TEST_STEP][PASSED] - random = new java.util.Random(): null

03-01-2025T11:31:12 - [TEST_STEP][PASSED] - accountNumber = new java.lang.StringBuilder(): null

03-01-2025T11:31:12 - [TEST_STEP][PASSED] - for ([i = 0, i < length, (i++)]): null

03-01-2025T11:31:12 - [TEST_STEP][PASSED] - accountNumber.append(random.nextInt(10)): null

03-01-2025T11:31:12 - [TEST_STEP][PASSED] - accountNumber.append(random.nextInt(10)): null

03-01-2025T11:31:12 - [TEST_STEP][PASSED] - accountNumber.append(random.nextInt(10)): null

03-01-2025T11:31:12 - [TEST_STEP][PASSED] - accountNumber.append(random.nextInt(10)): null

03-01-2025T11:31:12 - [TEST_STEP][PASSED] - accountNumber.append(random.nextInt(10)): null

03-01-2025T11:31:12 - [TEST_STEP][PASSED] - accountNumber.append(random.nextInt(10)): null

03-01-2025T11:31:12 - [TEST_STEP][PASSED] - accountNumber.append(random.nextInt(10)): null

03-01-2025T11:31:12 - [TEST_STEP][PASSED] - accountNumber.append(random.nextInt(10)): null

03-01-2025T11:31:12 - [TEST_STEP][PASSED] - accountNumber.append(random.nextInt(10)): null

03-01-2025T11:31:12 - [TEST_STEP][PASSED] - accountNumber.append(random.nextInt(10)): null

03-01-2025T11:31:12 - [TEST_STEP][PASSED] - return accountNumber.toString(): null

03-01-2025T11:31:12 - [TEST_STEP][PASSED] - nomorRekeningList.add(generateRandomAccountNumber(10)): null

03-01-2025T11:31:12 - [TEST_STEP][PASSED] - random = new java.util.Random(): null

03-01-2025T11:31:12 - [TEST_STEP][PASSED] - accountNumber = new java.lang.StringBuilder(): null

03-01-2025T11:31:12 - [TEST_STEP][PASSED] - for ([i = 0, i < length, (i++)]): null

03-01-2025T11:31:12 - [TEST_STEP][PASSED] - accountNumber.append(random.nextInt(10)): null

03-01-2025T11:31:12 - [TEST_STEP][PASSED] - accountNumber.append(random.nextInt(10)): null

03-01-2025T11:31:12 - [TEST_STEP][PASSED] - accountNumber.append(random.nextInt(10)): null

03-01-2025T11:31:12 - [TEST_STEP][PASSED] - accountNumber.append(random.nextInt(10)): null

03-01-2025T11:31:12 - [TEST_STEP][PASSED] - accountNumber.append(random.nextInt(10)): null

03-01-2025T11:31:12 - [TEST_STEP][PASSED] - accountNumber.append(random.nextInt(10)): null

03-01-2025T11:31:12 - [TEST_STEP][PASSED] - accountNumber.append(random.nextInt(10)): null

03-01-2025T11:31:12 - [TEST_STEP][PASSED] - accountNumber.append(random.nextInt(10)): null

03-01-2025T11:31:12 - [TEST_STEP][PASSED] - accountNumber.append(random.nextInt(10)): null

03-01-2025T11:31:12 - [TEST_STEP][PASSED] - accountNumber.append(random.nextInt(10)): null

03-01-2025T11:31:12 - [TEST_STEP][PASSED] - return accountNumber.toString(): null

03-01-2025T11:31:12 - [TEST_STEP][PASSED] - nomorRekeningList.add(generateRandomAccountNumber(10)): null

03-01-2025T11:31:12 - [TEST_STEP][PASSED] - random = new java.util.Random(): null

03-01-2025T11:31:12 - [TEST_STEP][PASSED] - accountNumber = new java.lang.StringBuilder(): null

03-01-2025T11:31:12 - [TEST_STEP][PASSED] - for ([i = 0, i < length, (i++)]): null

03-01-2025T11:31:12 - [TEST_STEP][PASSED] - accountNumber.append(random.nextInt(10)): null

03-01-2025T11:31:12 - [TEST_STEP][PASSED] - accountNumber.append(random.nextInt(10)): null

03-01-2025T11:31:12 - [TEST_STEP][PASSED] - accountNumber.append(random.nextInt(10)): null

03-01-2025T11:31:12 - [TEST_STEP][PASSED] - accountNumber.append(random.nextInt(10)): null

03-01-2025T11:31:12 - [TEST_STEP][PASSED] - accountNumber.append(random.nextInt(10)): null

03-01-2025T11:31:12 - [TEST_STEP][PASSED] - accountNumber.append(random.nextInt(10)): null

03-01-2025T11:31:12 - [TEST_STEP][PASSED] - accountNumber.append(random.nextInt(10)): null

03-01-2025T11:31:12 - [TEST_STEP][PASSED] - accountNumber.append(random.nextInt(10)): null

03-01-2025T11:31:12 - [TEST_STEP][PASSED] - accountNumber.append(random.nextInt(10)): null

03-01-2025T11:31:12 - [TEST_STEP][PASSED] - accountNumber.append(random.nextInt(10)): null

03-01-2025T11:31:12 - [TEST_STEP][PASSED] - return accountNumber.toString(): null

03-01-2025T11:31:12 - [TEST_STEP][PASSED] - nomorRekeningList.add(generateRandomAccountNumber(10)): null

03-01-2025T11:31:12 - [TEST_STEP][PASSED] - random = new java.util.Random(): null

03-01-2025T11:31:12 - [TEST_STEP][PASSED] - accountNumber = new java.lang.StringBuilder(): null

03-01-2025T11:31:12 - [TEST_STEP][PASSED] - for ([i = 0, i < length, (i++)]): null

03-01-2025T11:31:12 - [TEST_STEP][PASSED] - accountNumber.append(random.nextInt(10)): null

03-01-2025T11:31:12 - [TEST_STEP][PASSED] - accountNumber.append(random.nextInt(10)): null

03-01-2025T11:31:12 - [TEST_STEP][PASSED] - accountNumber.append(random.nextInt(10)): null

03-01-2025T11:31:12 - [TEST_STEP][PASSED] - accountNumber.append(random.nextInt(10)): null

03-01-2025T11:31:12 - [TEST_STEP][PASSED] - accountNumber.append(random.nextInt(10)): null

03-01-2025T11:31:12 - [TEST_STEP][PASSED] - accountNumber.append(random.nextInt(10)): null

03-01-2025T11:31:12 - [TEST_STEP][PASSED] - accountNumber.append(random.nextInt(10)): null

03-01-2025T11:31:12 - [TEST_STEP][PASSED] - accountNumber.append(random.nextInt(10)): null

03-01-2025T11:31:12 - [TEST_STEP][PASSED] - accountNumber.append(random.nextInt(10)): null

03-01-2025T11:31:12 - [TEST_STEP][PASSED] - accountNumber.append(random.nextInt(10)): null

03-01-2025T11:31:12 - [TEST_STEP][PASSED] - return accountNumber.toString(): null

03-01-2025T11:31:12 - [TEST_STEP][PASSED] - nomorRekeningList.add(generateRandomAccountNumber(10)): null

03-01-2025T11:31:12 - [TEST_STEP][PASSED] - random = new java.util.Random(): null

03-01-2025T11:31:12 - [TEST_STEP][PASSED] - accountNumber = new java.lang.StringBuilder(): null

03-01-2025T11:31:12 - [TEST_STEP][PASSED] - for ([i = 0, i < length, (i++)]): null

03-01-2025T11:31:12 - [TEST_STEP][PASSED] - accountNumber.append(random.nextInt(10)): null

03-01-2025T11:31:12 - [TEST_STEP][PASSED] - accountNumber.append(random.nextInt(10)): null

03-01-2025T11:31:12 - [TEST_STEP][PASSED] - accountNumber.append(random.nextInt(10)): null

03-01-2025T11:31:12 - [TEST_STEP][PASSED] - accountNumber.append(random.nextInt(10)): null

03-01-2025T11:31:12 - [TEST_STEP][PASSED] - accountNumber.append(random.nextInt(10)): null

03-01-2025T11:31:12 - [TEST_STEP][PASSED] - accountNumber.append(random.nextInt(10)): null

03-01-2025T11:31:12 - [TEST_STEP][PASSED] - accountNumber.append(random.nextInt(10)): null

03-01-2025T11:31:12 - [TEST_STEP][PASSED] - accountNumber.append(random.nextInt(10)): null

03-01-2025T11:31:12 - [TEST_STEP][PASSED] - accountNumber.append(random.nextInt(10)): null

03-01-2025T11:31:12 - [TEST_STEP][PASSED] - accountNumber.append(random.nextInt(10)): null

03-01-2025T11:31:12 - [TEST_STEP][PASSED] - return accountNumber.toString(): null

03-01-2025T11:31:12 - [TEST_STEP][PASSED] - isErrorPresent = true: null

03-01-2025T11:31:12 - [TEST_STEP][PASSED] - for (String nomorRekening : nomorRekeningList): null

03-01-2025T11:31:12 - [TEST_STEP][PASSED] - inputNomorRekening(nomorRekening): null

03-01-2025T11:31:12 - [TEST_STEP][PASSED] - fieldNomorRekening = findTestObject("Master Data/Admin Sekolah/Akun Bank/Tambah Akun Bank/Set Text Nomor Rekening"): null

03-01-2025T11:31:12 - [TEST_STEP][PASSED] - clearTextUntilEmpty(fieldNomorRekening): null

03-01-2025T11:31:12 - [TEST_STEP][PASSED] - attempt = 0: null

03-01-2025T11:31:12 - [TEST_STEP][PASSED] - while (attempt < maxAttempts): null

03-01-2025T11:31:12 - [TEST_STEP][PASSED] - clearText(field, CONTINUE_ON_FAILURE): Text of object 'Object Repository/Master Data/Admin Sekolah/Akun Bank/Tambah Akun Bank/Set Text Nomor Rekening' is cleared

03-01-2025T11:31:13 - [MESSAGE][PASSED] - Text of object 'Object Repository/Master Data/Admin Sekolah/Akun Bank/Tambah Akun Bank/Set Text Nomor Rekening' is cleared

03-01-2025T11:31:13 - [TEST_STEP][PASSED] - delay(0.5): Delayed 0.5 second(s)

03-01-2025T11:31:13 - [MESSAGE][PASSED] - Delayed 0.5 second(s)

03-01-2025T11:31:13 - [TEST_STEP][PASSED] - currentText = getAttribute(field, "value", CONTINUE_ON_FAILURE): Attribute 'value' of object 'Object Repository/Master Data/Admin Sekolah/Akun Bank/Tambah Akun Bank/Set Text Nomor Rekening' is: ''

03-01-2025T11:31:14 - [MESSAGE][PASSED] - Attribute 'value' of object 'Object Repository/Master Data/Admin Sekolah/Akun Bank/Tambah Akun Bank/Set Text Nomor Rekening' is: ''

03-01-2025T11:31:14 - [TEST_STEP][PASSED] - if (currentText.isEmpty()): null

03-01-2025T11:31:14 - [TEST_STEP][PASSED] - comment("Field berhasil dikosongkan setelah " + attempt + 1 + " percobaan."): Field berhasil dikosongkan setelah 1 percobaan.

03-01-2025T11:31:14 - [MESSAGE][INFO] - Field berhasil dikosongkan setelah 1 percobaan.

03-01-2025T11:31:14 - [TEST_STEP][PASSED] - break: null

03-01-2025T11:31:14 - [TEST_STEP][PASSED] - setText(fieldNomorRekening, nomorRekening): null

03-01-2025T11:31:14 - [MESSAGE][PASSED] - Text '5594173879' is set on object 'Object Repository/Master Data/Admin Sekolah/Akun Bank/Tambah Akun Bank/Set Text Nomor Rekening'

03-01-2025T11:31:14 - [TEST_STEP][PASSED] - pilihKepemilikanDropdown(): null

03-01-2025T11:31:14 - [TEST_STEP][PASSED] - click(findTestObject("Master Data/Admin Sekolah/Akun Bank/Tambah Akun Bank/Dropdown Kepemilikan"), CONTINUE_ON_FAILURE): Object: 'Object Repository/Master Data/Admin Sekolah/Akun Bank/Tambah Akun Bank/Dropdown Kepemilikan' is clicked on

03-01-2025T11:31:14 - [MESSAGE][PASSED] - Object: 'Object Repository/Master Data/Admin Sekolah/Akun Bank/Tambah Akun Bank/Dropdown Kepemilikan' is clicked on

03-01-2025T11:31:14 - [TEST_STEP][PASSED] - click(findTestObject("Master Data/Admin Sekolah/Akun Bank/Tambah Akun Bank/Pilih Dropdown Kepemilikan"), CONTINUE_ON_FAILURE): null

03-01-2025T11:31:15 - [MESSAGE][PASSED] - Object: 'Object Repository/Master Data/Admin Sekolah/Akun Bank/Tambah Akun Bank/Pilih Dropdown Kepemilikan' is clicked on

03-01-2025T11:31:15 - [TEST_STEP][PASSED] - click(findTestObject("Master Data/Admin Sekolah/Akun Bank/Tambah Akun Bank/Button Submit"), CONTINUE_ON_FAILURE): Object: 'Object Repository/Master Data/Admin Sekolah/Akun Bank/Tambah Akun Bank/Button Submit' is clicked on

03-01-2025T11:31:15 - [MESSAGE][PASSED] - Object: 'Object Repository/Master Data/Admin Sekolah/Akun Bank/Tambah Akun Bank/Button Submit' is clicked on

03-01-2025T11:31:15 - [TEST_STEP][PASSED] - isErrorPresent = verifyTextPresent("Nomor rekening sudah terdaftar", false, OPTIONAL): Text 'Nomor rekening sudah terdaftar' is not present on page  (Root cause: com.kms.katalon.core.exception.StepFailedException: Text 'Nomor rekening sudah terdaftar' is not present on page 
	at com.kms.katalon.core.webui.keyword.internal.WebUIKeywordMain.stepFailed(WebUIKeywordMain.groovy:117)
	at com.kms.katalon.core.webui.keyword.builtin.VerifyTextPresentKeyword$_verifyTextPresent_closure1.doCall(VerifyTextPresentKeyword.groovy:79)
	at com.kms.katalon.core.webui.keyword.builtin.VerifyTextPresentKeyword$_verifyTextPresent_closure1.call(VerifyTextPresentKeyword.groovy)
	at com.kms.katalon.core.webui.keyword.internal.WebUIKeywordMain.runKeyword(WebUIKeywordMain.groovy:35)
	at com.kms.katalon.core.webui.keyword.builtin.VerifyTextPresentKeyword.verifyTextPresent(VerifyTextPresentKeyword.groovy:83)
	at com.kms.katalon.core.webui.keyword.builtin.VerifyTextPresentKeyword.execute(VerifyTextPresentKeyword.groovy:68)
	at com.kms.katalon.core.keyword.internal.KeywordExecutor.executeKeywordForPlatform(KeywordExecutor.groovy:74)
	at com.kms.katalon.core.webui.keyword.WebUiBuiltInKeywords.verifyTextPresent(WebUiBuiltInKeywords.groovy:1783)
	at Tambah Akun Bank.run(Tambah Akun Bank:84)
	at com.kms.katalon.core.main.ScriptEngine.run(ScriptEngine.java:194)
	at com.kms.katalon.core.main.ScriptEngine.runScriptAsRawText(ScriptEngine.java:119)
	at com.kms.katalon.core.main.TestCaseExecutor.runScript(TestCaseExecutor.java:448)
	at com.kms.katalon.core.main.TestCaseExecutor.doExecute(TestCaseExecutor.java:439)
	at com.kms.katalon.core.main.TestCaseExecutor.processExecutionPhase(TestCaseExecutor.java:418)
	at com.kms.katalon.core.main.TestCaseExecutor.accessMainPhase(TestCaseExecutor.java:410)
	at com.kms.katalon.core.main.TestCaseExecutor.execute(TestCaseExecutor.java:285)
	at com.kms.katalon.core.main.TestCaseMain.runTestCase(TestCaseMain.java:133)
	at com.kms.katalon.core.keyword.builtin.CallTestCaseKeyword$_callTestCase_closure1.doCall(CallTestCaseKeyword.groovy:59)
	at com.kms.katalon.core.keyword.builtin.CallTestCaseKeyword$_callTestCase_closure1.call(CallTestCaseKeyword.groovy)
	at com.kms.katalon.core.keyword.internal.KeywordMain.runKeyword(KeywordMain.groovy:75)
	at com.kms.katalon.core.keyword.builtin.CallTestCaseKeyword.callTestCase(CallTestCaseKeyword.groovy:81)
	at com.kms.katalon.core.keyword.builtin.CallTestCaseKeyword.execute(CallTestCaseKeyword.groovy:44)
	at com.kms.katalon.core.keyword.internal.KeywordExecutor.executeKeywordForPlatform(KeywordExecutor.groovy:74)
	at com.kms.katalon.core.keyword.BuiltinKeywords.callTestCase(BuiltinKeywords.groovy:310)
	at java.base/jdk.internal.reflect.NativeMethodAccessorImpl.invoke0(Native Method)
	at java.base/jdk.internal.reflect.NativeMethodAccessorImpl.invoke(NativeMethodAccessorImpl.java:77)
	at java.base/jdk.internal.reflect.DelegatingMethodAccessorImpl.invoke(DelegatingMethodAccessorImpl.java:43)
	at Regresi Akun Bank.run(Regresi Akun Bank:22)
	at com.kms.katalon.core.main.ScriptEngine.run(ScriptEngine.java:194)
	at com.kms.katalon.core.main.ScriptEngine.runScriptAsRawText(ScriptEngine.java:119)
	at com.kms.katalon.core.main.TestCaseExecutor.runScript(TestCaseExecutor.java:448)
	at com.kms.katalon.core.main.TestCaseExecutor.doExecute(TestCaseExecutor.java:439)
	at com.kms.katalon.core.main.TestCaseExecutor.processExecutionPhase(TestCaseExecutor.java:418)
	at com.kms.katalon.core.main.TestCaseExecutor.accessMainPhase(TestCaseExecutor.java:410)
	at com.kms.katalon.core.main.TestCaseExecutor.execute(TestCaseExecutor.java:285)
	at com.kms.katalon.core.common.CommonExecutor.accessTestCaseMainPhase(CommonExecutor.java:65)
	at com.kms.katalon.core.main.TestSuiteExecutor.accessTestSuiteMainPhase(TestSuiteExecutor.java:161)
	at com.kms.katalon.core.main.TestSuiteExecutor.execute(TestSuiteExecutor.java:107)
	at com.kms.katalon.core.main.TestCaseMain.startTestSuite(TestCaseMain.java:176)
	at TempTestSuite1735878642439.run(TempTestSuite1735878642439.groovy:35)
	at java.base/jdk.internal.reflect.NativeMethodAccessorImpl.invoke0(Native Method)
	at java.base/jdk.internal.reflect.NativeMethodAccessorImpl.invoke(NativeMethodAccessorImpl.java:77)
	at java.base/jdk.internal.reflect.DelegatingMethodAccessorImpl.invoke(DelegatingMethodAccessorImpl.java:43)
)

03-01-2025T11:31:16 - [MESSAGE][WARNING] - Text 'Nomor rekening sudah terdaftar' is not present on page  (Root cause: com.kms.katalon.core.exception.StepFailedException: Text 'Nomor rekening sudah terdaftar' is not present on page 
	at com.kms.katalon.core.webui.keyword.internal.WebUIKeywordMain.stepFailed(WebUIKeywordMain.groovy:117)
	at com.kms.katalon.core.webui.keyword.builtin.VerifyTextPresentKeyword$_verifyTextPresent_closure1.doCall(VerifyTextPresentKeyword.groovy:79)
	at com.kms.katalon.core.webui.keyword.builtin.VerifyTextPresentKeyword$_verifyTextPresent_closure1.call(VerifyTextPresentKeyword.groovy)
	at com.kms.katalon.core.webui.keyword.internal.WebUIKeywordMain.runKeyword(WebUIKeywordMain.groovy:35)
	at com.kms.katalon.core.webui.keyword.builtin.VerifyTextPresentKeyword.verifyTextPresent(VerifyTextPresentKeyword.groovy:83)
	at com.kms.katalon.core.webui.keyword.builtin.VerifyTextPresentKeyword.execute(VerifyTextPresentKeyword.groovy:68)
	at com.kms.katalon.core.keyword.internal.KeywordExecutor.executeKeywordForPlatform(KeywordExecutor.groovy:74)
	at com.kms.katalon.core.webui.keyword.WebUiBuiltInKeywords.verifyTextPresent(WebUiBuiltInKeywords.groovy:1783)
	at Tambah Akun Bank.run(Tambah Akun Bank:84)
	at com.kms.katalon.core.main.ScriptEngine.run(ScriptEngine.java:194)
	at com.kms.katalon.core.main.ScriptEngine.runScriptAsRawText(ScriptEngine.java:119)
	at com.kms.katalon.core.main.TestCaseExecutor.runScript(TestCaseExecutor.java:448)
	at com.kms.katalon.core.main.TestCaseExecutor.doExecute(TestCaseExecutor.java:439)
	at com.kms.katalon.core.main.TestCaseExecutor.processExecutionPhase(TestCaseExecutor.java:418)
	at com.kms.katalon.core.main.TestCaseExecutor.accessMainPhase(TestCaseExecutor.java:410)
	at com.kms.katalon.core.main.TestCaseExecutor.execute(TestCaseExecutor.java:285)
	at com.kms.katalon.core.main.TestCaseMain.runTestCase(TestCaseMain.java:133)
	at com.kms.katalon.core.keyword.builtin.CallTestCaseKeyword$_callTestCase_closure1.doCall(CallTestCaseKeyword.groovy:59)
	at com.kms.katalon.core.keyword.builtin.CallTestCaseKeyword$_callTestCase_closure1.call(CallTestCaseKeyword.groovy)
	at com.kms.katalon.core.keyword.internal.KeywordMain.runKeyword(KeywordMain.groovy:75)
	at com.kms.katalon.core.keyword.builtin.CallTestCaseKeyword.callTestCase(CallTestCaseKeyword.groovy:81)
	at com.kms.katalon.core.keyword.builtin.CallTestCaseKeyword.execute(CallTestCaseKeyword.groovy:44)
	at com.kms.katalon.core.keyword.internal.KeywordExecutor.executeKeywordForPlatform(KeywordExecutor.groovy:74)
	at com.kms.katalon.core.keyword.BuiltinKeywords.callTestCase(BuiltinKeywords.groovy:310)
	at java.base/jdk.internal.reflect.NativeMethodAccessorImpl.invoke0(Native Method)
	at java.base/jdk.internal.reflect.NativeMethodAccessorImpl.invoke(NativeMethodAccessorImpl.java:77)
	at java.base/jdk.internal.reflect.DelegatingMethodAccessorImpl.invoke(DelegatingMethodAccessorImpl.java:43)
	at Regresi Akun Bank.run(Regresi Akun Bank:22)
	at com.kms.katalon.core.main.ScriptEngine.run(ScriptEngine.java:194)
	at com.kms.katalon.core.main.ScriptEngine.runScriptAsRawText(ScriptEngine.java:119)
	at com.kms.katalon.core.main.TestCaseExecutor.runScript(TestCaseExecutor.java:448)
	at com.kms.katalon.core.main.TestCaseExecutor.doExecute(TestCaseExecutor.java:439)
	at com.kms.katalon.core.main.TestCaseExecutor.processExecutionPhase(TestCaseExecutor.java:418)
	at com.kms.katalon.core.main.TestCaseExecutor.accessMainPhase(TestCaseExecutor.java:410)
	at com.kms.katalon.core.main.TestCaseExecutor.execute(TestCaseExecutor.java:285)
	at com.kms.katalon.core.common.CommonExecutor.accessTestCaseMainPhase(CommonExecutor.java:65)
	at com.kms.katalon.core.main.TestSuiteExecutor.accessTestSuiteMainPhase(TestSuiteExecutor.java:161)
	at com.kms.katalon.core.main.TestSuiteExecutor.execute(TestSuiteExecutor.java:107)
	at com.kms.katalon.core.main.TestCaseMain.startTestSuite(TestCaseMain.java:176)
	at TempTestSuite1735878642439.run(TempTestSuite1735878642439.groovy:35)
	at java.base/jdk.internal.reflect.NativeMethodAccessorImpl.invoke0(Native Method)
	at java.base/jdk.internal.reflect.NativeMethodAccessorImpl.invoke(NativeMethodAccessorImpl.java:77)
	at java.base/jdk.internal.reflect.DelegatingMethodAccessorImpl.invoke(DelegatingMethodAccessorImpl.java:43)
)

03-01-2025T11:31:16 - [TEST_STEP][PASSED] - if (!(isErrorPresent)): null

03-01-2025T11:31:16 - [TEST_STEP][PASSED] - verifyElementVisible(findTestObject("Master Data/Admin Sekolah/Akun Bank/Akun Bank Dashboard"), CONTINUE_ON_FAILURE): Object 'Object Repository/Master Data/Admin Sekolah/Akun Bank/Akun Bank Dashboard' is visible

03-01-2025T11:31:16 - [MESSAGE][PASSED] - Object 'Object Repository/Master Data/Admin Sekolah/Akun Bank/Akun Bank Dashboard' is visible

03-01-2025T11:31:16 - [TEST_STEP][PASSED] - break: null

03-01-2025T11:31:16 - [TEST_STEP][PASSED] - if (isErrorPresent): null

03-01-2025T11:31:16 - [TEST_STEP][PASSED] - else: Nomor rekening berhasil didaftarkan.

03-01-2025T11:31:16 - [TEST_STEP][PASSED] - comment("Nomor rekening berhasil didaftarkan."): Nomor rekening berhasil didaftarkan.

03-01-2025T11:31:16 - [MESSAGE][INFO] - Nomor rekening berhasil didaftarkan.

03-01-2025T11:31:16 - [MESSAGE][PASSED] - Call Test Case 'Test Cases/Master Data/Admin Sekolah/Master Data Akun Bank/Tambah Akun Bank' successfully

03-01-2025T11:31:16 - [TEST_STEP][PASSED] - callTestCase(findTestCase("Test Cases/Master Data/Admin Sekolah/Master Data Akun Bank/Edit Akun Bank"), [:], CONTINUE_ON_FAILURE): Call Test Case 'Test Cases/Master Data/Admin Sekolah/Master Data Akun Bank/Edit Akun Bank' successfully

03-01-2025T11:31:17 - [TEST_CASE][PASSED] - Test Cases/Master Data/Admin Sekolah/Master Data Akun Bank/Edit Akun Bank: Test Cases/Master Data/Admin Sekolah/Master Data Akun Bank/Edit Akun Bank

03-01-2025T11:31:17 - [TEST_STEP][PASSED] - openBrowser(""): Browser is opened with url: ''

03-01-2025T11:31:17 - [MESSAGE][WARNING] - A browser is already opened. Closing browser and opening a new one

03-01-2025T11:31:17 - [MESSAGE][INFO] - Starting 'Chrome' driver

03-01-2025T11:31:17 - [MESSAGE][INFO] - Action delay is set to 0 milliseconds

03-01-2025T11:31:18 - [MESSAGE][PASSED] - Browser is opened with url: ''

03-01-2025T11:31:18 - [TEST_STEP][PASSED] - maximizeWindow(): Current window maximized

03-01-2025T11:31:18 - [MESSAGE][PASSED] - Current window maximized

03-01-2025T11:31:18 - [TEST_STEP][PASSED] - navigateToUrl("https://sit.siprusedu.com/login"): Navigate to 'https://sit.siprusedu.com/login' successfully

03-01-2025T11:31:18 - [MESSAGE][PASSED] - Navigate to 'https://sit.siprusedu.com/login' successfully

03-01-2025T11:31:18 - [TEST_STEP][PASSED] - setText(findTestObject("Master Data/Admin Sekolah/Login/Field Email"), "admin.gudangsolusi@digiform.co.id"): Text 'admin.gudangsolusi@digiform.co.id' is set on object 'Object Repository/Master Data/Admin Sekolah/Login/Field Email'

03-01-2025T11:31:20 - [MESSAGE][PASSED] - Text 'admin.gudangsolusi@digiform.co.id' is set on object 'Object Repository/Master Data/Admin Sekolah/Login/Field Email'

03-01-2025T11:31:20 - [TEST_STEP][PASSED] - setText(findTestObject("Master Data/Admin Sekolah/Login/Input Password"), "Test1234"): Text 'Test1234' is set on object 'Object Repository/Master Data/Admin Sekolah/Login/Input Password'

03-01-2025T11:31:21 - [MESSAGE][PASSED] - Text 'Test1234' is set on object 'Object Repository/Master Data/Admin Sekolah/Login/Input Password'

03-01-2025T11:31:21 - [TEST_STEP][PASSED] - click(findTestObject("Master Data/Admin Sekolah/Login/Button Submit")): Object: 'Object Repository/Master Data/Admin Sekolah/Login/Button Submit' is clicked on

03-01-2025T11:31:21 - [MESSAGE][PASSED] - Object: 'Object Repository/Master Data/Admin Sekolah/Login/Button Submit' is clicked on

03-01-2025T11:31:21 - [TEST_STEP][PASSED] - click(findTestObject("Master Data/Admin Sekolah/Tagihan/Master Data Menu")): Object: 'Object Repository/Master Data/Admin Sekolah/Tagihan/Master Data Menu' is clicked on

03-01-2025T11:31:23 - [MESSAGE][PASSED] - Object: 'Object Repository/Master Data/Admin Sekolah/Tagihan/Master Data Menu' is clicked on

03-01-2025T11:31:23 - [TEST_STEP][PASSED] - click(findTestObject("Master Data/Admin Sekolah/Akun Bank/Menu Akun Bank")): Object: 'Object Repository/Master Data/Admin Sekolah/Akun Bank/Menu Akun Bank' is clicked on

03-01-2025T11:31:24 - [MESSAGE][PASSED] - Object: 'Object Repository/Master Data/Admin Sekolah/Akun Bank/Menu Akun Bank' is clicked on

03-01-2025T11:31:24 - [TEST_STEP][PASSED] - click(findTestObject("Master Data/Admin Sekolah/Akun Bank/Edit Akun Bank/Button Action")): Object: 'Object Repository/Master Data/Admin Sekolah/Akun Bank/Edit Akun Bank/Button Action' is clicked on

03-01-2025T11:31:24 - [MESSAGE][PASSED] - Object: 'Object Repository/Master Data/Admin Sekolah/Akun Bank/Edit Akun Bank/Button Action' is clicked on

03-01-2025T11:31:24 - [TEST_STEP][PASSED] - click(findTestObject("Master Data/Admin Sekolah/Akun Bank/Edit Akun Bank/Button Edit")): Object: 'Object Repository/Master Data/Admin Sekolah/Akun Bank/Edit Akun Bank/Button Edit' is clicked on

03-01-2025T11:31:25 - [MESSAGE][PASSED] - Object: 'Object Repository/Master Data/Admin Sekolah/Akun Bank/Edit Akun Bank/Button Edit' is clicked on

03-01-2025T11:31:25 - [TEST_STEP][PASSED] - click(findTestObject("Master Data/Admin Sekolah/Akun Bank/Edit Akun Bank/Dropdown Akun Bank")): Object: 'Object Repository/Master Data/Admin Sekolah/Akun Bank/Edit Akun Bank/Dropdown Akun Bank' is clicked on

03-01-2025T11:31:25 - [MESSAGE][PASSED] - Object: 'Object Repository/Master Data/Admin Sekolah/Akun Bank/Edit Akun Bank/Dropdown Akun Bank' is clicked on

03-01-2025T11:31:25 - [TEST_STEP][PASSED] - click(findTestObject("Master Data/Admin Sekolah/Akun Bank/Edit Akun Bank/Value Dropdown Akun Bank")): Object: 'Object Repository/Master Data/Admin Sekolah/Akun Bank/Edit Akun Bank/Value Dropdown Akun Bank' is clicked on

03-01-2025T11:31:26 - [MESSAGE][PASSED] - Object: 'Object Repository/Master Data/Admin Sekolah/Akun Bank/Edit Akun Bank/Value Dropdown Akun Bank' is clicked on

03-01-2025T11:31:26 - [TEST_STEP][PASSED] - clearAndSetText(findTestObject("Master Data/Admin Sekolah/Akun Bank/Edit Akun Bank/Field Nama Akun Bank"), generateRandomBankAccountName()): null

03-01-2025T11:31:26 - [TEST_STEP][PASSED] - firstNames = ["Pandu", "Budi", "Siti", "Andi", "Joko", "Rina", "Ari", "Maya"]: null

03-01-2025T11:31:26 - [TEST_STEP][PASSED] - lastNames = ["Wibisana", "Sari", "Pratama", "Santoso", "Putra", "Gunawan", "Sudarmaji", "Amir"]: null

03-01-2025T11:31:26 - [TEST_STEP][PASSED] - random = new java.util.Random(): null

03-01-2025T11:31:26 - [TEST_STEP][PASSED] - firstName = firstNames[random.nextInt(firstNames.size())]: null

03-01-2025T11:31:26 - [TEST_STEP][PASSED] - lastName = lastNames[random.nextInt(lastNames.size())]: null

03-01-2025T11:31:26 - [TEST_STEP][PASSED] - return ((firstName +  ) + lastName): null

03-01-2025T11:31:26 - [TEST_STEP][PASSED] - sendKeys(testObject, Keys.chord(CONTROL, "a")): Keys 'CONTROL + a' sent to object: 'Object Repository/Master Data/Admin Sekolah/Akun Bank/Edit Akun Bank/Field Nama Akun Bank'

03-01-2025T11:31:26 - [MESSAGE][PASSED] - Keys 'CONTROL + a' sent to object: 'Object Repository/Master Data/Admin Sekolah/Akun Bank/Edit Akun Bank/Field Nama Akun Bank'

03-01-2025T11:31:26 - [TEST_STEP][PASSED] - sendKeys(testObject, Keys.chord(BACK_SPACE)): Keys 'BACK_SPACE + ' sent to object: 'Object Repository/Master Data/Admin Sekolah/Akun Bank/Edit Akun Bank/Field Nama Akun Bank'

03-01-2025T11:31:26 - [MESSAGE][PASSED] - Keys 'BACK_SPACE + ' sent to object: 'Object Repository/Master Data/Admin Sekolah/Akun Bank/Edit Akun Bank/Field Nama Akun Bank'

03-01-2025T11:31:26 - [TEST_STEP][PASSED] - setText(testObject, newText): Text 'Andi Sudarmaji' is set on object 'Object Repository/Master Data/Admin Sekolah/Akun Bank/Edit Akun Bank/Field Nama Akun Bank'

03-01-2025T11:31:27 - [MESSAGE][PASSED] - Text 'Andi Sudarmaji' is set on object 'Object Repository/Master Data/Admin Sekolah/Akun Bank/Edit Akun Bank/Field Nama Akun Bank'

03-01-2025T11:31:27 - [TEST_STEP][PASSED] - initialAccountNumber = generateRandomData("64", 10): null

03-01-2025T11:31:27 - [TEST_STEP][PASSED] - random = new java.util.Random(): null

03-01-2025T11:31:27 - [TEST_STEP][PASSED] - result = prefix: null

03-01-2025T11:31:27 - [TEST_STEP][PASSED] - for ([i = 0, i < length, (i++)]): null

03-01-2025T11:31:27 - [TEST_STEP][PASSED] - result += random.nextInt(10): null

03-01-2025T11:31:27 - [TEST_STEP][PASSED] - result += random.nextInt(10): null

03-01-2025T11:31:27 - [TEST_STEP][PASSED] - result += random.nextInt(10): null

03-01-2025T11:31:27 - [TEST_STEP][PASSED] - result += random.nextInt(10): null

03-01-2025T11:31:27 - [TEST_STEP][PASSED] - result += random.nextInt(10): null

03-01-2025T11:31:27 - [TEST_STEP][PASSED] - result += random.nextInt(10): null

03-01-2025T11:31:27 - [TEST_STEP][PASSED] - result += random.nextInt(10): null

03-01-2025T11:31:27 - [TEST_STEP][PASSED] - result += random.nextInt(10): null

03-01-2025T11:31:27 - [TEST_STEP][PASSED] - result += random.nextInt(10): null

03-01-2025T11:31:27 - [TEST_STEP][PASSED] - result += random.nextInt(10): null

03-01-2025T11:31:27 - [TEST_STEP][PASSED] - return result: null

03-01-2025T11:31:27 - [TEST_STEP][PASSED] - attempt = 0: null

03-01-2025T11:31:27 - [TEST_STEP][PASSED] - isSaved = false: null

03-01-2025T11:31:27 - [TEST_STEP][PASSED] - maxAttempts = 5: null

03-01-2025T11:31:27 - [TEST_STEP][PASSED] - while (!(isSaved) && attempt < maxAttempts): null

03-01-2025T11:31:27 - [TEST_STEP][PASSED] - (attempt++): null

03-01-2025T11:31:27 - [TEST_STEP][PASSED] - println(Percobaan ke-$attempt): null

03-01-2025T11:31:27 - [TEST_STEP][PASSED] - clearAndSetText(findTestObject("Master Data/Admin Sekolah/Akun Bank/Edit Akun Bank/Field Nomor Rekening Bank"), initialAccountNumber): null

03-01-2025T11:31:27 - [TEST_STEP][PASSED] - sendKeys(testObject, Keys.chord(CONTROL, "a")): Keys 'CONTROL + a' sent to object: 'Object Repository/Master Data/Admin Sekolah/Akun Bank/Edit Akun Bank/Field Nomor Rekening Bank'

03-01-2025T11:31:27 - [MESSAGE][PASSED] - Keys 'CONTROL + a' sent to object: 'Object Repository/Master Data/Admin Sekolah/Akun Bank/Edit Akun Bank/Field Nomor Rekening Bank'

03-01-2025T11:31:27 - [TEST_STEP][PASSED] - sendKeys(testObject, Keys.chord(BACK_SPACE)): Keys 'BACK_SPACE + ' sent to object: 'Object Repository/Master Data/Admin Sekolah/Akun Bank/Edit Akun Bank/Field Nomor Rekening Bank'

03-01-2025T11:31:28 - [MESSAGE][PASSED] - Keys 'BACK_SPACE + ' sent to object: 'Object Repository/Master Data/Admin Sekolah/Akun Bank/Edit Akun Bank/Field Nomor Rekening Bank'

03-01-2025T11:31:28 - [TEST_STEP][PASSED] - setText(testObject, newText): null

03-01-2025T11:31:28 - [MESSAGE][PASSED] - Text '644830910305' is set on object 'Object Repository/Master Data/Admin Sekolah/Akun Bank/Edit Akun Bank/Field Nomor Rekening Bank'

03-01-2025T11:31:28 - [TEST_STEP][PASSED] - click(findTestObject("Master Data/Admin Sekolah/Akun Bank/Edit Akun Bank/Button Simpan")): Object: 'Object Repository/Master Data/Admin Sekolah/Akun Bank/Edit Akun Bank/Button Simpan' is clicked on

03-01-2025T11:31:29 - [MESSAGE][PASSED] - Object: 'Object Repository/Master Data/Admin Sekolah/Akun Bank/Edit Akun Bank/Button Simpan' is clicked on

03-01-2025T11:31:29 - [TEST_STEP][PASSED] - if (verifyElementVisible(findTestObject("Master Data/Admin Sekolah/Akun Bank/Edit Akun Bank/Toast Notification Error Nomor Rekening Sudah Terdaftar"), OPTIONAL)): Unable to verify object is visible (Root cause: com.kms.katalon.core.exception.StepFailedException: Unable to verify object is visible
	at com.kms.katalon.core.webui.keyword.internal.WebUIKeywordMain.stepFailed(WebUIKeywordMain.groovy:117)
	at com.kms.katalon.core.webui.keyword.internal.WebUIKeywordMain.runKeyword(WebUIKeywordMain.groovy:43)
	at com.kms.katalon.core.webui.keyword.builtin.VerifyElementVisibleKeyword.verifyElementVisible(VerifyElementVisibleKeyword.groovy:97)
	at com.kms.katalon.core.webui.keyword.builtin.VerifyElementVisibleKeyword.execute(VerifyElementVisibleKeyword.groovy:67)
	at com.kms.katalon.core.keyword.internal.KeywordExecutor.executeKeywordForPlatform(KeywordExecutor.groovy:74)
	at com.kms.katalon.core.webui.keyword.WebUiBuiltInKeywords.verifyElementVisible(WebUiBuiltInKeywords.groovy:438)
	at Edit Akun Bank.run(Edit Akun Bank:76)
	at com.kms.katalon.core.main.ScriptEngine.run(ScriptEngine.java:194)
	at com.kms.katalon.core.main.ScriptEngine.runScriptAsRawText(ScriptEngine.java:119)
	at com.kms.katalon.core.main.TestCaseExecutor.runScript(TestCaseExecutor.java:448)
	at com.kms.katalon.core.main.TestCaseExecutor.doExecute(TestCaseExecutor.java:439)
	at com.kms.katalon.core.main.TestCaseExecutor.processExecutionPhase(TestCaseExecutor.java:418)
	at com.kms.katalon.core.main.TestCaseExecutor.accessMainPhase(TestCaseExecutor.java:410)
	at com.kms.katalon.core.main.TestCaseExecutor.execute(TestCaseExecutor.java:285)
	at com.kms.katalon.core.main.TestCaseMain.runTestCase(TestCaseMain.java:133)
	at com.kms.katalon.core.keyword.builtin.CallTestCaseKeyword$_callTestCase_closure1.doCall(CallTestCaseKeyword.groovy:59)
	at com.kms.katalon.core.keyword.builtin.CallTestCaseKeyword$_callTestCase_closure1.call(CallTestCaseKeyword.groovy)
	at com.kms.katalon.core.keyword.internal.KeywordMain.runKeyword(KeywordMain.groovy:75)
	at com.kms.katalon.core.keyword.builtin.CallTestCaseKeyword.callTestCase(CallTestCaseKeyword.groovy:81)
	at com.kms.katalon.core.keyword.builtin.CallTestCaseKeyword.execute(CallTestCaseKeyword.groovy:44)
	at com.kms.katalon.core.keyword.internal.KeywordExecutor.executeKeywordForPlatform(KeywordExecutor.groovy:74)
	at com.kms.katalon.core.keyword.BuiltinKeywords.callTestCase(BuiltinKeywords.groovy:310)
	at java.base/jdk.internal.reflect.NativeMethodAccessorImpl.invoke0(Native Method)
	at java.base/jdk.internal.reflect.NativeMethodAccessorImpl.invoke(NativeMethodAccessorImpl.java:77)
	at java.base/jdk.internal.reflect.DelegatingMethodAccessorImpl.invoke(DelegatingMethodAccessorImpl.java:43)
	at Regresi Akun Bank.run(Regresi Akun Bank:26)
	at com.kms.katalon.core.main.ScriptEngine.run(ScriptEngine.java:194)
	at com.kms.katalon.core.main.ScriptEngine.runScriptAsRawText(ScriptEngine.java:119)
	at com.kms.katalon.core.main.TestCaseExecutor.runScript(TestCaseExecutor.java:448)
	at com.kms.katalon.core.main.TestCaseExecutor.doExecute(TestCaseExecutor.java:439)
	at com.kms.katalon.core.main.TestCaseExecutor.processExecutionPhase(TestCaseExecutor.java:418)
	at com.kms.katalon.core.main.TestCaseExecutor.accessMainPhase(TestCaseExecutor.java:410)
	at com.kms.katalon.core.main.TestCaseExecutor.execute(TestCaseExecutor.java:285)
	at com.kms.katalon.core.common.CommonExecutor.accessTestCaseMainPhase(CommonExecutor.java:65)
	at com.kms.katalon.core.main.TestSuiteExecutor.accessTestSuiteMainPhase(TestSuiteExecutor.java:161)
	at com.kms.katalon.core.main.TestSuiteExecutor.execute(TestSuiteExecutor.java:107)
	at com.kms.katalon.core.main.TestCaseMain.startTestSuite(TestCaseMain.java:176)
	at TempTestSuite1735878642439.run(TempTestSuite1735878642439.groovy:35)
	at java.base/jdk.internal.reflect.NativeMethodAccessorImpl.invoke0(Native Method)
	at java.base/jdk.internal.reflect.NativeMethodAccessorImpl.invoke(NativeMethodAccessorImpl.java:77)
	at java.base/jdk.internal.reflect.DelegatingMethodAccessorImpl.invoke(DelegatingMethodAccessorImpl.java:43)
Caused by: java.lang.IllegalArgumentException: Object is null
	at com.kms.katalon.core.helper.KeywordHelper.checkTestObjectParameter(KeywordHelper.java:33)
	at com.kms.katalon.core.webui.keyword.builtin.VerifyElementVisibleKeyword$_verifyElementVisible_closure1.doCall(VerifyElementVisibleKeyword.groovy:75)
	at com.kms.katalon.core.webui.keyword.builtin.VerifyElementVisibleKeyword$_verifyElementVisible_closure1.call(VerifyElementVisibleKeyword.groovy)
	at com.kms.katalon.core.webui.keyword.internal.WebUIKeywordMain.runKeyword(WebUIKeywordMain.groovy:35)
	at com.kms.katalon.core.webui.keyword.builtin.VerifyElementVisibleKeyword.verifyElementVisible(VerifyElementVisibleKeyword.groovy:97)
	at com.kms.katalon.core.webui.keyword.builtin.VerifyElementVisibleKeyword.execute(VerifyElementVisibleKeyword.groovy:67)
	at com.kms.katalon.core.keyword.internal.KeywordExecutor.executeKeywordForPlatform(KeywordExecutor.groovy:74)
	at com.kms.katalon.core.webui.keyword.WebUiBuiltInKeywords.verifyElementVisible(WebUiBuiltInKeywords.groovy:438)
	at Script1733198752835.run(Script1733198752835.groovy:76)
	at com.kms.katalon.core.main.ScriptEngine.run(ScriptEngine.java:194)
	at com.kms.katalon.core.main.ScriptEngine.runScriptAsRawText(ScriptEngine.java:119)
	at com.kms.katalon.core.main.TestCaseExecutor.runScript(TestCaseExecutor.java:448)
	at com.kms.katalon.core.main.TestCaseExecutor.doExecute(TestCaseExecutor.java:439)
	at com.kms.katalon.core.main.TestCaseExecutor.processExecutionPhase(TestCaseExecutor.java:418)
	at com.kms.katalon.core.main.TestCaseExecutor.accessMainPhase(TestCaseExecutor.java:410)
	at com.kms.katalon.core.main.TestCaseExecutor.execute(TestCaseExecutor.java:285)
	at com.kms.katalon.core.main.TestCaseMain.runTestCase(TestCaseMain.java:133)
	at com.kms.katalon.core.keyword.builtin.CallTestCaseKeyword$_callTestCase_closure1.doCall(CallTestCaseKeyword.groovy:59)
	at com.kms.katalon.core.keyword.builtin.CallTestCaseKeyword$_callTestCase_closure1.call(CallTestCaseKeyword.groovy)
	at com.kms.katalon.core.keyword.internal.KeywordMain.runKeyword(KeywordMain.groovy:75)
	at com.kms.katalon.core.keyword.builtin.CallTestCaseKeyword.callTestCase(CallTestCaseKeyword.groovy:81)
	at com.kms.katalon.core.keyword.builtin.CallTestCaseKeyword.execute(CallTestCaseKeyword.groovy:44)
	at com.kms.katalon.core.keyword.internal.KeywordExecutor.executeKeywordForPlatform(KeywordExecutor.groovy:74)
	at com.kms.katalon.core.keyword.BuiltinKeywords.callTestCase(BuiltinKeywords.groovy:310)
	at java.base/jdk.internal.reflect.NativeMethodAccessorImpl.invoke0(Native Method)
	at java.base/jdk.internal.reflect.NativeMethodAccessorImpl.invoke(NativeMethodAccessorImpl.java:77)
	at java.base/jdk.internal.reflect.DelegatingMethodAccessorImpl.invoke(DelegatingMethodAccessorImpl.java:43)
	at Script1735746249821.run(Script1735746249821.groovy:26)
	... 15 more
)

03-01-2025T11:31:29 - [MESSAGE][WARNING] - Test object with id 'Object Repository/Master Data/Admin Sekolah/Akun Bank/Edit Akun Bank/Toast Notification Error Nomor Rekening Sudah Terdaftar' does not exist

03-01-2025T11:31:29 - [MESSAGE][WARNING] - Test object with id 'Object Repository/' does not exist

03-01-2025T11:31:29 - [MESSAGE][WARNING] - Unable to verify object is visible (Root cause: com.kms.katalon.core.exception.StepFailedException: Unable to verify object is visible
	at com.kms.katalon.core.webui.keyword.internal.WebUIKeywordMain.stepFailed(WebUIKeywordMain.groovy:117)
	at com.kms.katalon.core.webui.keyword.internal.WebUIKeywordMain.runKeyword(WebUIKeywordMain.groovy:43)
	at com.kms.katalon.core.webui.keyword.builtin.VerifyElementVisibleKeyword.verifyElementVisible(VerifyElementVisibleKeyword.groovy:97)
	at com.kms.katalon.core.webui.keyword.builtin.VerifyElementVisibleKeyword.execute(VerifyElementVisibleKeyword.groovy:67)
	at com.kms.katalon.core.keyword.internal.KeywordExecutor.executeKeywordForPlatform(KeywordExecutor.groovy:74)
	at com.kms.katalon.core.webui.keyword.WebUiBuiltInKeywords.verifyElementVisible(WebUiBuiltInKeywords.groovy:438)
	at Edit Akun Bank.run(Edit Akun Bank:76)
	at com.kms.katalon.core.main.ScriptEngine.run(ScriptEngine.java:194)
	at com.kms.katalon.core.main.ScriptEngine.runScriptAsRawText(ScriptEngine.java:119)
	at com.kms.katalon.core.main.TestCaseExecutor.runScript(TestCaseExecutor.java:448)
	at com.kms.katalon.core.main.TestCaseExecutor.doExecute(TestCaseExecutor.java:439)
	at com.kms.katalon.core.main.TestCaseExecutor.processExecutionPhase(TestCaseExecutor.java:418)
	at com.kms.katalon.core.main.TestCaseExecutor.accessMainPhase(TestCaseExecutor.java:410)
	at com.kms.katalon.core.main.TestCaseExecutor.execute(TestCaseExecutor.java:285)
	at com.kms.katalon.core.main.TestCaseMain.runTestCase(TestCaseMain.java:133)
	at com.kms.katalon.core.keyword.builtin.CallTestCaseKeyword$_callTestCase_closure1.doCall(CallTestCaseKeyword.groovy:59)
	at com.kms.katalon.core.keyword.builtin.CallTestCaseKeyword$_callTestCase_closure1.call(CallTestCaseKeyword.groovy)
	at com.kms.katalon.core.keyword.internal.KeywordMain.runKeyword(KeywordMain.groovy:75)
	at com.kms.katalon.core.keyword.builtin.CallTestCaseKeyword.callTestCase(CallTestCaseKeyword.groovy:81)
	at com.kms.katalon.core.keyword.builtin.CallTestCaseKeyword.execute(CallTestCaseKeyword.groovy:44)
	at com.kms.katalon.core.keyword.internal.KeywordExecutor.executeKeywordForPlatform(KeywordExecutor.groovy:74)
	at com.kms.katalon.core.keyword.BuiltinKeywords.callTestCase(BuiltinKeywords.groovy:310)
	at java.base/jdk.internal.reflect.NativeMethodAccessorImpl.invoke0(Native Method)
	at java.base/jdk.internal.reflect.NativeMethodAccessorImpl.invoke(NativeMethodAccessorImpl.java:77)
	at java.base/jdk.internal.reflect.DelegatingMethodAccessorImpl.invoke(DelegatingMethodAccessorImpl.java:43)
	at Regresi Akun Bank.run(Regresi Akun Bank:26)
	at com.kms.katalon.core.main.ScriptEngine.run(ScriptEngine.java:194)
	at com.kms.katalon.core.main.ScriptEngine.runScriptAsRawText(ScriptEngine.java:119)
	at com.kms.katalon.core.main.TestCaseExecutor.runScript(TestCaseExecutor.java:448)
	at com.kms.katalon.core.main.TestCaseExecutor.doExecute(TestCaseExecutor.java:439)
	at com.kms.katalon.core.main.TestCaseExecutor.processExecutionPhase(TestCaseExecutor.java:418)
	at com.kms.katalon.core.main.TestCaseExecutor.accessMainPhase(TestCaseExecutor.java:410)
	at com.kms.katalon.core.main.TestCaseExecutor.execute(TestCaseExecutor.java:285)
	at com.kms.katalon.core.common.CommonExecutor.accessTestCaseMainPhase(CommonExecutor.java:65)
	at com.kms.katalon.core.main.TestSuiteExecutor.accessTestSuiteMainPhase(TestSuiteExecutor.java:161)
	at com.kms.katalon.core.main.TestSuiteExecutor.execute(TestSuiteExecutor.java:107)
	at com.kms.katalon.core.main.TestCaseMain.startTestSuite(TestCaseMain.java:176)
	at TempTestSuite1735878642439.run(TempTestSuite1735878642439.groovy:35)
	at java.base/jdk.internal.reflect.NativeMethodAccessorImpl.invoke0(Native Method)
	at java.base/jdk.internal.reflect.NativeMethodAccessorImpl.invoke(NativeMethodAccessorImpl.java:77)
	at java.base/jdk.internal.reflect.DelegatingMethodAccessorImpl.invoke(DelegatingMethodAccessorImpl.java:43)
Caused by: java.lang.IllegalArgumentException: Object is null
	at com.kms.katalon.core.helper.KeywordHelper.checkTestObjectParameter(KeywordHelper.java:33)
	at com.kms.katalon.core.webui.keyword.builtin.VerifyElementVisibleKeyword$_verifyElementVisible_closure1.doCall(VerifyElementVisibleKeyword.groovy:75)
	at com.kms.katalon.core.webui.keyword.builtin.VerifyElementVisibleKeyword$_verifyElementVisible_closure1.call(VerifyElementVisibleKeyword.groovy)
	at com.kms.katalon.core.webui.keyword.internal.WebUIKeywordMain.runKeyword(WebUIKeywordMain.groovy:35)
	at com.kms.katalon.core.webui.keyword.builtin.VerifyElementVisibleKeyword.verifyElementVisible(VerifyElementVisibleKeyword.groovy:97)
	at com.kms.katalon.core.webui.keyword.builtin.VerifyElementVisibleKeyword.execute(VerifyElementVisibleKeyword.groovy:67)
	at com.kms.katalon.core.keyword.internal.KeywordExecutor.executeKeywordForPlatform(KeywordExecutor.groovy:74)
	at com.kms.katalon.core.webui.keyword.WebUiBuiltInKeywords.verifyElementVisible(WebUiBuiltInKeywords.groovy:438)
	at Script1733198752835.run(Script1733198752835.groovy:76)
	at com.kms.katalon.core.main.ScriptEngine.run(ScriptEngine.java:194)
	at com.kms.katalon.core.main.ScriptEngine.runScriptAsRawText(ScriptEngine.java:119)
	at com.kms.katalon.core.main.TestCaseExecutor.runScript(TestCaseExecutor.java:448)
	at com.kms.katalon.core.main.TestCaseExecutor.doExecute(TestCaseExecutor.java:439)
	at com.kms.katalon.core.main.TestCaseExecutor.processExecutionPhase(TestCaseExecutor.java:418)
	at com.kms.katalon.core.main.TestCaseExecutor.accessMainPhase(TestCaseExecutor.java:410)
	at com.kms.katalon.core.main.TestCaseExecutor.execute(TestCaseExecutor.java:285)
	at com.kms.katalon.core.main.TestCaseMain.runTestCase(TestCaseMain.java:133)
	at com.kms.katalon.core.keyword.builtin.CallTestCaseKeyword$_callTestCase_closure1.doCall(CallTestCaseKeyword.groovy:59)
	at com.kms.katalon.core.keyword.builtin.CallTestCaseKeyword$_callTestCase_closure1.call(CallTestCaseKeyword.groovy)
	at com.kms.katalon.core.keyword.internal.KeywordMain.runKeyword(KeywordMain.groovy:75)
	at com.kms.katalon.core.keyword.builtin.CallTestCaseKeyword.callTestCase(CallTestCaseKeyword.groovy:81)
	at com.kms.katalon.core.keyword.builtin.CallTestCaseKeyword.execute(CallTestCaseKeyword.groovy:44)
	at com.kms.katalon.core.keyword.internal.KeywordExecutor.executeKeywordForPlatform(KeywordExecutor.groovy:74)
	at com.kms.katalon.core.keyword.BuiltinKeywords.callTestCase(BuiltinKeywords.groovy:310)
	at java.base/jdk.internal.reflect.NativeMethodAccessorImpl.invoke0(Native Method)
	at java.base/jdk.internal.reflect.NativeMethodAccessorImpl.invoke(NativeMethodAccessorImpl.java:77)
	at java.base/jdk.internal.reflect.DelegatingMethodAccessorImpl.invoke(DelegatingMethodAccessorImpl.java:43)
	at Script1735746249821.run(Script1735746249821.groovy:26)
	... 15 more
)
[[ATTACHMENT|C:\\Users\\henri\\Videos\\school-payment-automation-testing\\Reports\\20250103_113042\\SPRINT 1\\20250103_113042\\1735878689083.png]]

03-01-2025T11:31:29 - [TEST_STEP][PASSED] - else: null

03-01-2025T11:31:29 - [TEST_STEP][PASSED] - isSaved = true: null

03-01-2025T11:31:29 - [TEST_STEP][PASSED] - println("Data berhasil disimpan."): null

03-01-2025T11:31:29 - [TEST_STEP][PASSED] - if (isSaved): Object 'Object Repository/Master Data/Admin Sekolah/Akun Bank/Edit Akun Bank/Toast Notification Data Berhasil Diubah' is visible

03-01-2025T11:31:29 - [TEST_STEP][PASSED] - verifyElementVisible(findTestObject("Master Data/Admin Sekolah/Akun Bank/Edit Akun Bank/Toast Notification Data Berhasil Diubah"), STOP_ON_FAILURE): Object 'Object Repository/Master Data/Admin Sekolah/Akun Bank/Edit Akun Bank/Toast Notification Data Berhasil Diubah' is visible

03-01-2025T11:31:29 - [MESSAGE][PASSED] - Object 'Object Repository/Master Data/Admin Sekolah/Akun Bank/Edit Akun Bank/Toast Notification Data Berhasil Diubah' is visible

03-01-2025T11:31:29 - [TEST_STEP][PASSED] - closeBrowser(): Browser is closed

03-01-2025T11:31:30 - [MESSAGE][PASSED] - Browser is closed

03-01-2025T11:31:30 - [MESSAGE][PASSED] - Call Test Case 'Test Cases/Master Data/Admin Sekolah/Master Data Akun Bank/Edit Akun Bank' successfully

03-01-2025T11:31:30 - [TEST_STEP][PASSED] - println("============================= Loop Again ==============================="): null

03-01-2025T11:31:30 - [TEST_STEP][PASSED] - callTestCase(findTestCase("Master Data/Admin Sekolah/Master Data Akun Bank/Tambah Akun Bank"), [:], CONTINUE_ON_FAILURE): Call Test Case 'Test Cases/Master Data/Admin Sekolah/Master Data Akun Bank/Tambah Akun Bank' successfully

03-01-2025T11:31:30 - [TEST_CASE][PASSED] - Test Cases/Master Data/Admin Sekolah/Master Data Akun Bank/Tambah Akun Bank: Test Cases/Master Data/Admin Sekolah/Master Data Akun Bank/Tambah Akun Bank

03-01-2025T11:31:30 - [TEST_STEP][PASSED] - openBrowser("", CONTINUE_ON_FAILURE): Browser is opened with url: ''

03-01-2025T11:31:30 - [MESSAGE][INFO] - Starting 'Chrome' driver

03-01-2025T11:31:30 - [MESSAGE][INFO] - Action delay is set to 0 milliseconds

03-01-2025T11:31:30 - [MESSAGE][PASSED] - Browser is opened with url: ''

03-01-2025T11:31:30 - [TEST_STEP][PASSED] - maximizeWindow(): Current window maximized

03-01-2025T11:31:30 - [MESSAGE][PASSED] - Current window maximized

03-01-2025T11:31:30 - [TEST_STEP][PASSED] - navigateToUrl("https://sit.siprusedu.com/login", CONTINUE_ON_FAILURE): Navigate to 'https://sit.siprusedu.com/login' successfully

03-01-2025T11:31:31 - [MESSAGE][PASSED] - Navigate to 'https://sit.siprusedu.com/login' successfully

03-01-2025T11:31:31 - [TEST_STEP][PASSED] - click(findTestObject("Master Data/Admin Sekolah/Login/Field Email"), CONTINUE_ON_FAILURE): Object: 'Object Repository/Master Data/Admin Sekolah/Login/Field Email' is clicked on

03-01-2025T11:31:32 - [MESSAGE][PASSED] - Object: 'Object Repository/Master Data/Admin Sekolah/Login/Field Email' is clicked on

03-01-2025T11:31:32 - [TEST_STEP][PASSED] - setText(findTestObject("Master Data/Admin Sekolah/Login/Field Email"), "admin.gudangsolusi@digiform.co.id", CONTINUE_ON_FAILURE): Text 'admin.gudangsolusi@digiform.co.id' is set on object 'Object Repository/Master Data/Admin Sekolah/Login/Field Email'

03-01-2025T11:31:33 - [MESSAGE][PASSED] - Text 'admin.gudangsolusi@digiform.co.id' is set on object 'Object Repository/Master Data/Admin Sekolah/Login/Field Email'

03-01-2025T11:31:33 - [TEST_STEP][PASSED] - click(findTestObject("Master Data/Admin Sekolah/Login/Input Password"), CONTINUE_ON_FAILURE): Object: 'Object Repository/Master Data/Admin Sekolah/Login/Input Password' is clicked on

03-01-2025T11:31:33 - [MESSAGE][PASSED] - Object: 'Object Repository/Master Data/Admin Sekolah/Login/Input Password' is clicked on

03-01-2025T11:31:33 - [TEST_STEP][PASSED] - setText(findTestObject("Master Data/Admin Sekolah/Login/Input Password"), "Test1234", CONTINUE_ON_FAILURE): Text 'Test1234' is set on object 'Object Repository/Master Data/Admin Sekolah/Login/Input Password'

03-01-2025T11:31:34 - [MESSAGE][PASSED] - Text 'Test1234' is set on object 'Object Repository/Master Data/Admin Sekolah/Login/Input Password'

03-01-2025T11:31:34 - [TEST_STEP][PASSED] - click(findTestObject("Master Data/Admin Sekolah/Login/Button Submit"), CONTINUE_ON_FAILURE): Object: 'Object Repository/Master Data/Admin Sekolah/Login/Button Submit' is clicked on

03-01-2025T11:31:34 - [MESSAGE][PASSED] - Object: 'Object Repository/Master Data/Admin Sekolah/Login/Button Submit' is clicked on

03-01-2025T11:31:34 - [TEST_STEP][PASSED] - click(findTestObject("Master Data/Admin Sekolah/Tagihan/Master Data Menu"), CONTINUE_ON_FAILURE): Object: 'Object Repository/Master Data/Admin Sekolah/Tagihan/Master Data Menu' is clicked on

03-01-2025T11:31:36 - [MESSAGE][PASSED] - Object: 'Object Repository/Master Data/Admin Sekolah/Tagihan/Master Data Menu' is clicked on

03-01-2025T11:31:36 - [TEST_STEP][PASSED] - click(findTestObject("Master Data/Admin Sekolah/Akun Bank/Menu Akun Bank"), CONTINUE_ON_FAILURE): Object: 'Object Repository/Master Data/Admin Sekolah/Akun Bank/Menu Akun Bank' is clicked on

03-01-2025T11:31:37 - [MESSAGE][PASSED] - Object: 'Object Repository/Master Data/Admin Sekolah/Akun Bank/Menu Akun Bank' is clicked on

03-01-2025T11:31:37 - [TEST_STEP][PASSED] - click(findTestObject("Master Data/Admin Sekolah/Akun Bank/Button Tambah Akun Bank"), CONTINUE_ON_FAILURE): Object: 'Object Repository/Master Data/Admin Sekolah/Akun Bank/Button Tambah Akun Bank' is clicked on

03-01-2025T11:31:38 - [MESSAGE][PASSED] - Object: 'Object Repository/Master Data/Admin Sekolah/Akun Bank/Button Tambah Akun Bank' is clicked on

03-01-2025T11:31:38 - [TEST_STEP][PASSED] - click(findTestObject("Master Data/Admin Sekolah/Akun Bank/Tambah Akun Bank/Dropdown Pilih Nama Bank"), CONTINUE_ON_FAILURE): Object: 'Object Repository/Master Data/Admin Sekolah/Akun Bank/Tambah Akun Bank/Dropdown Pilih Nama Bank' is clicked on

03-01-2025T11:31:38 - [MESSAGE][PASSED] - Object: 'Object Repository/Master Data/Admin Sekolah/Akun Bank/Tambah Akun Bank/Dropdown Pilih Nama Bank' is clicked on

03-01-2025T11:31:38 - [TEST_STEP][PASSED] - click(findTestObject("Master Data/Admin Sekolah/Akun Bank/Tambah Akun Bank/Pilih Dropdown Nama Bank"), CONTINUE_ON_FAILURE): Object: 'Object Repository/Master Data/Admin Sekolah/Akun Bank/Tambah Akun Bank/Pilih Dropdown Nama Bank' is clicked on

03-01-2025T11:31:39 - [MESSAGE][PASSED] - Object: 'Object Repository/Master Data/Admin Sekolah/Akun Bank/Tambah Akun Bank/Pilih Dropdown Nama Bank' is clicked on

03-01-2025T11:31:39 - [TEST_STEP][PASSED] - randomName = generateRandomName(): null

03-01-2025T11:31:39 - [TEST_STEP][PASSED] - firstNames = ["John", "Jane", "Michael", "Sarah", "David", "Emily", "Rafael", "Sophia"]: null

03-01-2025T11:31:39 - [TEST_STEP][PASSED] - lastNames = ["Doe", "Smith", "Johnson", "Williams", "Brown", "Davis", "Taylor", "Wilson"]: null

03-01-2025T11:31:39 - [TEST_STEP][PASSED] - random = new java.util.Random(): null

03-01-2025T11:31:39 - [TEST_STEP][PASSED] - firstName = firstNames[random.nextInt(firstNames.size())]: null

03-01-2025T11:31:39 - [TEST_STEP][PASSED] - lastName = lastNames[random.nextInt(lastNames.size())]: null

03-01-2025T11:31:39 - [TEST_STEP][PASSED] - return ((firstName +  ) + lastName): null

03-01-2025T11:31:39 - [TEST_STEP][PASSED] - println("Generated random name: " + randomName): null

03-01-2025T11:31:39 - [TEST_STEP][PASSED] - setText(findTestObject("Master Data/Admin Sekolah/Akun Bank/Tambah Akun Bank/Set Text Nama Rekening"), randomName, CONTINUE_ON_FAILURE): Text 'Jane Davis' is set on object 'Object Repository/Master Data/Admin Sekolah/Akun Bank/Tambah Akun Bank/Set Text Nama Rekening'

03-01-2025T11:31:40 - [MESSAGE][PASSED] - Text 'Jane Davis' is set on object 'Object Repository/Master Data/Admin Sekolah/Akun Bank/Tambah Akun Bank/Set Text Nama Rekening'

03-01-2025T11:31:40 - [TEST_STEP][PASSED] - nomorRekeningList = []: null

03-01-2025T11:31:40 - [TEST_STEP][PASSED] - for ([i = 0, i < 5, (i++)]): null

03-01-2025T11:31:40 - [TEST_STEP][PASSED] - nomorRekeningList.add(generateRandomAccountNumber(10)): null

03-01-2025T11:31:40 - [TEST_STEP][PASSED] - random = new java.util.Random(): null

03-01-2025T11:31:40 - [TEST_STEP][PASSED] - accountNumber = new java.lang.StringBuilder(): null

03-01-2025T11:31:40 - [TEST_STEP][PASSED] - for ([i = 0, i < length, (i++)]): null

03-01-2025T11:31:40 - [TEST_STEP][PASSED] - accountNumber.append(random.nextInt(10)): null

03-01-2025T11:31:40 - [TEST_STEP][PASSED] - accountNumber.append(random.nextInt(10)): null

03-01-2025T11:31:40 - [TEST_STEP][PASSED] - accountNumber.append(random.nextInt(10)): null

03-01-2025T11:31:40 - [TEST_STEP][PASSED] - accountNumber.append(random.nextInt(10)): null

03-01-2025T11:31:40 - [TEST_STEP][PASSED] - accountNumber.append(random.nextInt(10)): null

03-01-2025T11:31:40 - [TEST_STEP][PASSED] - accountNumber.append(random.nextInt(10)): null

03-01-2025T11:31:40 - [TEST_STEP][PASSED] - accountNumber.append(random.nextInt(10)): null

03-01-2025T11:31:40 - [TEST_STEP][PASSED] - accountNumber.append(random.nextInt(10)): null

03-01-2025T11:31:40 - [TEST_STEP][PASSED] - accountNumber.append(random.nextInt(10)): null

03-01-2025T11:31:40 - [TEST_STEP][PASSED] - accountNumber.append(random.nextInt(10)): null

03-01-2025T11:31:40 - [TEST_STEP][PASSED] - return accountNumber.toString(): null

03-01-2025T11:31:40 - [TEST_STEP][PASSED] - nomorRekeningList.add(generateRandomAccountNumber(10)): null

03-01-2025T11:31:40 - [TEST_STEP][PASSED] - random = new java.util.Random(): null

03-01-2025T11:31:40 - [TEST_STEP][PASSED] - accountNumber = new java.lang.StringBuilder(): null

03-01-2025T11:31:40 - [TEST_STEP][PASSED] - for ([i = 0, i < length, (i++)]): null

03-01-2025T11:31:40 - [TEST_STEP][PASSED] - accountNumber.append(random.nextInt(10)): null

03-01-2025T11:31:40 - [TEST_STEP][PASSED] - accountNumber.append(random.nextInt(10)): null

03-01-2025T11:31:40 - [TEST_STEP][PASSED] - accountNumber.append(random.nextInt(10)): null

03-01-2025T11:31:40 - [TEST_STEP][PASSED] - accountNumber.append(random.nextInt(10)): null

03-01-2025T11:31:40 - [TEST_STEP][PASSED] - accountNumber.append(random.nextInt(10)): null

03-01-2025T11:31:40 - [TEST_STEP][PASSED] - accountNumber.append(random.nextInt(10)): null

03-01-2025T11:31:40 - [TEST_STEP][PASSED] - accountNumber.append(random.nextInt(10)): null

03-01-2025T11:31:40 - [TEST_STEP][PASSED] - accountNumber.append(random.nextInt(10)): null

03-01-2025T11:31:40 - [TEST_STEP][PASSED] - accountNumber.append(random.nextInt(10)): null

03-01-2025T11:31:40 - [TEST_STEP][PASSED] - accountNumber.append(random.nextInt(10)): null

03-01-2025T11:31:40 - [TEST_STEP][PASSED] - return accountNumber.toString(): null

03-01-2025T11:31:40 - [TEST_STEP][PASSED] - nomorRekeningList.add(generateRandomAccountNumber(10)): null

03-01-2025T11:31:40 - [TEST_STEP][PASSED] - random = new java.util.Random(): null

03-01-2025T11:31:40 - [TEST_STEP][PASSED] - accountNumber = new java.lang.StringBuilder(): null

03-01-2025T11:31:40 - [TEST_STEP][PASSED] - for ([i = 0, i < length, (i++)]): null

03-01-2025T11:31:40 - [TEST_STEP][PASSED] - accountNumber.append(random.nextInt(10)): null

03-01-2025T11:31:40 - [TEST_STEP][PASSED] - accountNumber.append(random.nextInt(10)): null

03-01-2025T11:31:40 - [TEST_STEP][PASSED] - accountNumber.append(random.nextInt(10)): null

03-01-2025T11:31:40 - [TEST_STEP][PASSED] - accountNumber.append(random.nextInt(10)): null

03-01-2025T11:31:40 - [TEST_STEP][PASSED] - accountNumber.append(random.nextInt(10)): null

03-01-2025T11:31:40 - [TEST_STEP][PASSED] - accountNumber.append(random.nextInt(10)): null

03-01-2025T11:31:40 - [TEST_STEP][PASSED] - accountNumber.append(random.nextInt(10)): null

03-01-2025T11:31:40 - [TEST_STEP][PASSED] - accountNumber.append(random.nextInt(10)): null

03-01-2025T11:31:40 - [TEST_STEP][PASSED] - accountNumber.append(random.nextInt(10)): null

03-01-2025T11:31:40 - [TEST_STEP][PASSED] - accountNumber.append(random.nextInt(10)): null

03-01-2025T11:31:40 - [TEST_STEP][PASSED] - return accountNumber.toString(): null

03-01-2025T11:31:40 - [TEST_STEP][PASSED] - nomorRekeningList.add(generateRandomAccountNumber(10)): null

03-01-2025T11:31:40 - [TEST_STEP][PASSED] - random = new java.util.Random(): null

03-01-2025T11:31:40 - [TEST_STEP][PASSED] - accountNumber = new java.lang.StringBuilder(): null

03-01-2025T11:31:40 - [TEST_STEP][PASSED] - for ([i = 0, i < length, (i++)]): null

03-01-2025T11:31:40 - [TEST_STEP][PASSED] - accountNumber.append(random.nextInt(10)): null

03-01-2025T11:31:40 - [TEST_STEP][PASSED] - accountNumber.append(random.nextInt(10)): null

03-01-2025T11:31:40 - [TEST_STEP][PASSED] - accountNumber.append(random.nextInt(10)): null

03-01-2025T11:31:40 - [TEST_STEP][PASSED] - accountNumber.append(random.nextInt(10)): null

03-01-2025T11:31:40 - [TEST_STEP][PASSED] - accountNumber.append(random.nextInt(10)): null

03-01-2025T11:31:40 - [TEST_STEP][PASSED] - accountNumber.append(random.nextInt(10)): null

03-01-2025T11:31:40 - [TEST_STEP][PASSED] - accountNumber.append(random.nextInt(10)): null

03-01-2025T11:31:40 - [TEST_STEP][PASSED] - accountNumber.append(random.nextInt(10)): null

03-01-2025T11:31:40 - [TEST_STEP][PASSED] - accountNumber.append(random.nextInt(10)): null

03-01-2025T11:31:40 - [TEST_STEP][PASSED] - accountNumber.append(random.nextInt(10)): null

03-01-2025T11:31:40 - [TEST_STEP][PASSED] - return accountNumber.toString(): null

03-01-2025T11:31:40 - [TEST_STEP][PASSED] - nomorRekeningList.add(generateRandomAccountNumber(10)): null

03-01-2025T11:31:40 - [TEST_STEP][PASSED] - random = new java.util.Random(): null

03-01-2025T11:31:40 - [TEST_STEP][PASSED] - accountNumber = new java.lang.StringBuilder(): null

03-01-2025T11:31:40 - [TEST_STEP][PASSED] - for ([i = 0, i < length, (i++)]): null

03-01-2025T11:31:40 - [TEST_STEP][PASSED] - accountNumber.append(random.nextInt(10)): null

03-01-2025T11:31:40 - [TEST_STEP][PASSED] - accountNumber.append(random.nextInt(10)): null

03-01-2025T11:31:40 - [TEST_STEP][PASSED] - accountNumber.append(random.nextInt(10)): null

03-01-2025T11:31:40 - [TEST_STEP][PASSED] - accountNumber.append(random.nextInt(10)): null

03-01-2025T11:31:40 - [TEST_STEP][PASSED] - accountNumber.append(random.nextInt(10)): null

03-01-2025T11:31:40 - [TEST_STEP][PASSED] - accountNumber.append(random.nextInt(10)): null

03-01-2025T11:31:40 - [TEST_STEP][PASSED] - accountNumber.append(random.nextInt(10)): null

03-01-2025T11:31:40 - [TEST_STEP][PASSED] - accountNumber.append(random.nextInt(10)): null

03-01-2025T11:31:40 - [TEST_STEP][PASSED] - accountNumber.append(random.nextInt(10)): null

03-01-2025T11:31:40 - [TEST_STEP][PASSED] - accountNumber.append(random.nextInt(10)): null

03-01-2025T11:31:40 - [TEST_STEP][PASSED] - return accountNumber.toString(): null

03-01-2025T11:31:40 - [TEST_STEP][PASSED] - isErrorPresent = true: null

03-01-2025T11:31:40 - [TEST_STEP][PASSED] - for (String nomorRekening : nomorRekeningList): null

03-01-2025T11:31:40 - [TEST_STEP][PASSED] - inputNomorRekening(nomorRekening): null

03-01-2025T11:31:40 - [TEST_STEP][PASSED] - fieldNomorRekening = findTestObject("Master Data/Admin Sekolah/Akun Bank/Tambah Akun Bank/Set Text Nomor Rekening"): null

03-01-2025T11:31:40 - [TEST_STEP][PASSED] - clearTextUntilEmpty(fieldNomorRekening): null

03-01-2025T11:31:40 - [TEST_STEP][PASSED] - attempt = 0: null

03-01-2025T11:31:40 - [TEST_STEP][PASSED] - while (attempt < maxAttempts): null

03-01-2025T11:31:40 - [TEST_STEP][PASSED] - clearText(field, CONTINUE_ON_FAILURE): Text of object 'Object Repository/Master Data/Admin Sekolah/Akun Bank/Tambah Akun Bank/Set Text Nomor Rekening' is cleared

03-01-2025T11:31:40 - [MESSAGE][PASSED] - Text of object 'Object Repository/Master Data/Admin Sekolah/Akun Bank/Tambah Akun Bank/Set Text Nomor Rekening' is cleared

03-01-2025T11:31:40 - [TEST_STEP][PASSED] - delay(0.5): Delayed 0.5 second(s)

03-01-2025T11:31:40 - [MESSAGE][PASSED] - Delayed 0.5 second(s)

03-01-2025T11:31:40 - [TEST_STEP][PASSED] - currentText = getAttribute(field, "value", CONTINUE_ON_FAILURE): Attribute 'value' of object 'Object Repository/Master Data/Admin Sekolah/Akun Bank/Tambah Akun Bank/Set Text Nomor Rekening' is: ''

03-01-2025T11:31:41 - [MESSAGE][PASSED] - Attribute 'value' of object 'Object Repository/Master Data/Admin Sekolah/Akun Bank/Tambah Akun Bank/Set Text Nomor Rekening' is: ''

03-01-2025T11:31:41 - [TEST_STEP][PASSED] - if (currentText.isEmpty()): null

03-01-2025T11:31:41 - [TEST_STEP][PASSED] - comment("Field berhasil dikosongkan setelah " + attempt + 1 + " percobaan."): Field berhasil dikosongkan setelah 1 percobaan.

03-01-2025T11:31:41 - [MESSAGE][INFO] - Field berhasil dikosongkan setelah 1 percobaan.

03-01-2025T11:31:41 - [TEST_STEP][PASSED] - break: null

03-01-2025T11:31:41 - [TEST_STEP][PASSED] - setText(fieldNomorRekening, nomorRekening): null

03-01-2025T11:31:41 - [MESSAGE][PASSED] - Text '1059588105' is set on object 'Object Repository/Master Data/Admin Sekolah/Akun Bank/Tambah Akun Bank/Set Text Nomor Rekening'

03-01-2025T11:31:41 - [TEST_STEP][PASSED] - pilihKepemilikanDropdown(): null

03-01-2025T11:31:41 - [TEST_STEP][PASSED] - click(findTestObject("Master Data/Admin Sekolah/Akun Bank/Tambah Akun Bank/Dropdown Kepemilikan"), CONTINUE_ON_FAILURE): Object: 'Object Repository/Master Data/Admin Sekolah/Akun Bank/Tambah Akun Bank/Dropdown Kepemilikan' is clicked on

03-01-2025T11:31:42 - [MESSAGE][PASSED] - Object: 'Object Repository/Master Data/Admin Sekolah/Akun Bank/Tambah Akun Bank/Dropdown Kepemilikan' is clicked on

03-01-2025T11:31:42 - [TEST_STEP][PASSED] - click(findTestObject("Master Data/Admin Sekolah/Akun Bank/Tambah Akun Bank/Pilih Dropdown Kepemilikan"), CONTINUE_ON_FAILURE): null

03-01-2025T11:31:42 - [MESSAGE][PASSED] - Object: 'Object Repository/Master Data/Admin Sekolah/Akun Bank/Tambah Akun Bank/Pilih Dropdown Kepemilikan' is clicked on

03-01-2025T11:31:42 - [TEST_STEP][PASSED] - click(findTestObject("Master Data/Admin Sekolah/Akun Bank/Tambah Akun Bank/Button Submit"), CONTINUE_ON_FAILURE): Object: 'Object Repository/Master Data/Admin Sekolah/Akun Bank/Tambah Akun Bank/Button Submit' is clicked on

03-01-2025T11:31:42 - [MESSAGE][PASSED] - Object: 'Object Repository/Master Data/Admin Sekolah/Akun Bank/Tambah Akun Bank/Button Submit' is clicked on

03-01-2025T11:31:42 - [TEST_STEP][PASSED] - isErrorPresent = verifyTextPresent("Nomor rekening sudah terdaftar", false, OPTIONAL): Text 'Nomor rekening sudah terdaftar' is not present on page  (Root cause: com.kms.katalon.core.exception.StepFailedException: Text 'Nomor rekening sudah terdaftar' is not present on page 
	at com.kms.katalon.core.webui.keyword.internal.WebUIKeywordMain.stepFailed(WebUIKeywordMain.groovy:117)
	at com.kms.katalon.core.webui.keyword.builtin.VerifyTextPresentKeyword$_verifyTextPresent_closure1.doCall(VerifyTextPresentKeyword.groovy:79)
	at com.kms.katalon.core.webui.keyword.builtin.VerifyTextPresentKeyword$_verifyTextPresent_closure1.call(VerifyTextPresentKeyword.groovy)
	at com.kms.katalon.core.webui.keyword.internal.WebUIKeywordMain.runKeyword(WebUIKeywordMain.groovy:35)
	at com.kms.katalon.core.webui.keyword.builtin.VerifyTextPresentKeyword.verifyTextPresent(VerifyTextPresentKeyword.groovy:83)
	at com.kms.katalon.core.webui.keyword.builtin.VerifyTextPresentKeyword.execute(VerifyTextPresentKeyword.groovy:68)
	at com.kms.katalon.core.keyword.internal.KeywordExecutor.executeKeywordForPlatform(KeywordExecutor.groovy:74)
	at com.kms.katalon.core.webui.keyword.WebUiBuiltInKeywords.verifyTextPresent(WebUiBuiltInKeywords.groovy:1783)
	at Tambah Akun Bank.run(Tambah Akun Bank:84)
	at com.kms.katalon.core.main.ScriptEngine.run(ScriptEngine.java:194)
	at com.kms.katalon.core.main.ScriptEngine.runScriptAsRawText(ScriptEngine.java:119)
	at com.kms.katalon.core.main.TestCaseExecutor.runScript(TestCaseExecutor.java:448)
	at com.kms.katalon.core.main.TestCaseExecutor.doExecute(TestCaseExecutor.java:439)
	at com.kms.katalon.core.main.TestCaseExecutor.processExecutionPhase(TestCaseExecutor.java:418)
	at com.kms.katalon.core.main.TestCaseExecutor.accessMainPhase(TestCaseExecutor.java:410)
	at com.kms.katalon.core.main.TestCaseExecutor.execute(TestCaseExecutor.java:285)
	at com.kms.katalon.core.main.TestCaseMain.runTestCase(TestCaseMain.java:133)
	at com.kms.katalon.core.keyword.builtin.CallTestCaseKeyword$_callTestCase_closure1.doCall(CallTestCaseKeyword.groovy:59)
	at com.kms.katalon.core.keyword.builtin.CallTestCaseKeyword$_callTestCase_closure1.call(CallTestCaseKeyword.groovy)
	at com.kms.katalon.core.keyword.internal.KeywordMain.runKeyword(KeywordMain.groovy:75)
	at com.kms.katalon.core.keyword.builtin.CallTestCaseKeyword.callTestCase(CallTestCaseKeyword.groovy:81)
	at com.kms.katalon.core.keyword.builtin.CallTestCaseKeyword.execute(CallTestCaseKeyword.groovy:44)
	at com.kms.katalon.core.keyword.internal.KeywordExecutor.executeKeywordForPlatform(KeywordExecutor.groovy:74)
	at com.kms.katalon.core.keyword.BuiltinKeywords.callTestCase(BuiltinKeywords.groovy:310)
	at java.base/jdk.internal.reflect.NativeMethodAccessorImpl.invoke0(Native Method)
	at java.base/jdk.internal.reflect.NativeMethodAccessorImpl.invoke(NativeMethodAccessorImpl.java:77)
	at java.base/jdk.internal.reflect.DelegatingMethodAccessorImpl.invoke(DelegatingMethodAccessorImpl.java:43)
	at Regresi Akun Bank.run(Regresi Akun Bank:22)
	at com.kms.katalon.core.main.ScriptEngine.run(ScriptEngine.java:194)
	at com.kms.katalon.core.main.ScriptEngine.runScriptAsRawText(ScriptEngine.java:119)
	at com.kms.katalon.core.main.TestCaseExecutor.runScript(TestCaseExecutor.java:448)
	at com.kms.katalon.core.main.TestCaseExecutor.doExecute(TestCaseExecutor.java:439)
	at com.kms.katalon.core.main.TestCaseExecutor.processExecutionPhase(TestCaseExecutor.java:418)
	at com.kms.katalon.core.main.TestCaseExecutor.accessMainPhase(TestCaseExecutor.java:410)
	at com.kms.katalon.core.main.TestCaseExecutor.execute(TestCaseExecutor.java:285)
	at com.kms.katalon.core.common.CommonExecutor.accessTestCaseMainPhase(CommonExecutor.java:65)
	at com.kms.katalon.core.main.TestSuiteExecutor.accessTestSuiteMainPhase(TestSuiteExecutor.java:161)
	at com.kms.katalon.core.main.TestSuiteExecutor.execute(TestSuiteExecutor.java:107)
	at com.kms.katalon.core.main.TestCaseMain.startTestSuite(TestCaseMain.java:176)
	at TempTestSuite1735878642439.run(TempTestSuite1735878642439.groovy:35)
	at java.base/jdk.internal.reflect.NativeMethodAccessorImpl.invoke0(Native Method)
	at java.base/jdk.internal.reflect.NativeMethodAccessorImpl.invoke(NativeMethodAccessorImpl.java:77)
	at java.base/jdk.internal.reflect.DelegatingMethodAccessorImpl.invoke(DelegatingMethodAccessorImpl.java:43)
)

03-01-2025T11:31:43 - [MESSAGE][WARNING] - Text 'Nomor rekening sudah terdaftar' is not present on page  (Root cause: com.kms.katalon.core.exception.StepFailedException: Text 'Nomor rekening sudah terdaftar' is not present on page 
	at com.kms.katalon.core.webui.keyword.internal.WebUIKeywordMain.stepFailed(WebUIKeywordMain.groovy:117)
	at com.kms.katalon.core.webui.keyword.builtin.VerifyTextPresentKeyword$_verifyTextPresent_closure1.doCall(VerifyTextPresentKeyword.groovy:79)
	at com.kms.katalon.core.webui.keyword.builtin.VerifyTextPresentKeyword$_verifyTextPresent_closure1.call(VerifyTextPresentKeyword.groovy)
	at com.kms.katalon.core.webui.keyword.internal.WebUIKeywordMain.runKeyword(WebUIKeywordMain.groovy:35)
	at com.kms.katalon.core.webui.keyword.builtin.VerifyTextPresentKeyword.verifyTextPresent(VerifyTextPresentKeyword.groovy:83)
	at com.kms.katalon.core.webui.keyword.builtin.VerifyTextPresentKeyword.execute(VerifyTextPresentKeyword.groovy:68)
	at com.kms.katalon.core.keyword.internal.KeywordExecutor.executeKeywordForPlatform(KeywordExecutor.groovy:74)
	at com.kms.katalon.core.webui.keyword.WebUiBuiltInKeywords.verifyTextPresent(WebUiBuiltInKeywords.groovy:1783)
	at Tambah Akun Bank.run(Tambah Akun Bank:84)
	at com.kms.katalon.core.main.ScriptEngine.run(ScriptEngine.java:194)
	at com.kms.katalon.core.main.ScriptEngine.runScriptAsRawText(ScriptEngine.java:119)
	at com.kms.katalon.core.main.TestCaseExecutor.runScript(TestCaseExecutor.java:448)
	at com.kms.katalon.core.main.TestCaseExecutor.doExecute(TestCaseExecutor.java:439)
	at com.kms.katalon.core.main.TestCaseExecutor.processExecutionPhase(TestCaseExecutor.java:418)
	at com.kms.katalon.core.main.TestCaseExecutor.accessMainPhase(TestCaseExecutor.java:410)
	at com.kms.katalon.core.main.TestCaseExecutor.execute(TestCaseExecutor.java:285)
	at com.kms.katalon.core.main.TestCaseMain.runTestCase(TestCaseMain.java:133)
	at com.kms.katalon.core.keyword.builtin.CallTestCaseKeyword$_callTestCase_closure1.doCall(CallTestCaseKeyword.groovy:59)
	at com.kms.katalon.core.keyword.builtin.CallTestCaseKeyword$_callTestCase_closure1.call(CallTestCaseKeyword.groovy)
	at com.kms.katalon.core.keyword.internal.KeywordMain.runKeyword(KeywordMain.groovy:75)
	at com.kms.katalon.core.keyword.builtin.CallTestCaseKeyword.callTestCase(CallTestCaseKeyword.groovy:81)
	at com.kms.katalon.core.keyword.builtin.CallTestCaseKeyword.execute(CallTestCaseKeyword.groovy:44)
	at com.kms.katalon.core.keyword.internal.KeywordExecutor.executeKeywordForPlatform(KeywordExecutor.groovy:74)
	at com.kms.katalon.core.keyword.BuiltinKeywords.callTestCase(BuiltinKeywords.groovy:310)
	at java.base/jdk.internal.reflect.NativeMethodAccessorImpl.invoke0(Native Method)
	at java.base/jdk.internal.reflect.NativeMethodAccessorImpl.invoke(NativeMethodAccessorImpl.java:77)
	at java.base/jdk.internal.reflect.DelegatingMethodAccessorImpl.invoke(DelegatingMethodAccessorImpl.java:43)
	at Regresi Akun Bank.run(Regresi Akun Bank:22)
	at com.kms.katalon.core.main.ScriptEngine.run(ScriptEngine.java:194)
	at com.kms.katalon.core.main.ScriptEngine.runScriptAsRawText(ScriptEngine.java:119)
	at com.kms.katalon.core.main.TestCaseExecutor.runScript(TestCaseExecutor.java:448)
	at com.kms.katalon.core.main.TestCaseExecutor.doExecute(TestCaseExecutor.java:439)
	at com.kms.katalon.core.main.TestCaseExecutor.processExecutionPhase(TestCaseExecutor.java:418)
	at com.kms.katalon.core.main.TestCaseExecutor.accessMainPhase(TestCaseExecutor.java:410)
	at com.kms.katalon.core.main.TestCaseExecutor.execute(TestCaseExecutor.java:285)
	at com.kms.katalon.core.common.CommonExecutor.accessTestCaseMainPhase(CommonExecutor.java:65)
	at com.kms.katalon.core.main.TestSuiteExecutor.accessTestSuiteMainPhase(TestSuiteExecutor.java:161)
	at com.kms.katalon.core.main.TestSuiteExecutor.execute(TestSuiteExecutor.java:107)
	at com.kms.katalon.core.main.TestCaseMain.startTestSuite(TestCaseMain.java:176)
	at TempTestSuite1735878642439.run(TempTestSuite1735878642439.groovy:35)
	at java.base/jdk.internal.reflect.NativeMethodAccessorImpl.invoke0(Native Method)
	at java.base/jdk.internal.reflect.NativeMethodAccessorImpl.invoke(NativeMethodAccessorImpl.java:77)
	at java.base/jdk.internal.reflect.DelegatingMethodAccessorImpl.invoke(DelegatingMethodAccessorImpl.java:43)
)

03-01-2025T11:31:43 - [TEST_STEP][PASSED] - if (!(isErrorPresent)): null

03-01-2025T11:31:43 - [TEST_STEP][PASSED] - verifyElementVisible(findTestObject("Master Data/Admin Sekolah/Akun Bank/Akun Bank Dashboard"), CONTINUE_ON_FAILURE): Object 'Object Repository/Master Data/Admin Sekolah/Akun Bank/Akun Bank Dashboard' is visible

03-01-2025T11:31:43 - [MESSAGE][PASSED] - Object 'Object Repository/Master Data/Admin Sekolah/Akun Bank/Akun Bank Dashboard' is visible

03-01-2025T11:31:43 - [TEST_STEP][PASSED] - break: null

03-01-2025T11:31:43 - [TEST_STEP][PASSED] - if (isErrorPresent): null

03-01-2025T11:31:43 - [TEST_STEP][PASSED] - else: Nomor rekening berhasil didaftarkan.

03-01-2025T11:31:43 - [TEST_STEP][PASSED] - comment("Nomor rekening berhasil didaftarkan."): Nomor rekening berhasil didaftarkan.

03-01-2025T11:31:43 - [MESSAGE][INFO] - Nomor rekening berhasil didaftarkan.

03-01-2025T11:31:43 - [MESSAGE][PASSED] - Call Test Case 'Test Cases/Master Data/Admin Sekolah/Master Data Akun Bank/Tambah Akun Bank' successfully

03-01-2025T11:31:43 - [TEST_STEP][PASSED] - callTestCase(findTestCase("Test Cases/Master Data/Admin Sekolah/Master Data Akun Bank/Edit Akun Bank"), [:], CONTINUE_ON_FAILURE): Call Test Case 'Test Cases/Master Data/Admin Sekolah/Master Data Akun Bank/Edit Akun Bank' successfully

03-01-2025T11:31:43 - [TEST_CASE][PASSED] - Test Cases/Master Data/Admin Sekolah/Master Data Akun Bank/Edit Akun Bank: Test Cases/Master Data/Admin Sekolah/Master Data Akun Bank/Edit Akun Bank

03-01-2025T11:31:43 - [TEST_STEP][PASSED] - openBrowser(""): Browser is opened with url: ''

03-01-2025T11:31:43 - [MESSAGE][WARNING] - A browser is already opened. Closing browser and opening a new one

03-01-2025T11:31:44 - [MESSAGE][INFO] - Starting 'Chrome' driver

03-01-2025T11:31:44 - [MESSAGE][INFO] - Action delay is set to 0 milliseconds

03-01-2025T11:31:45 - [MESSAGE][PASSED] - Browser is opened with url: ''

03-01-2025T11:31:45 - [TEST_STEP][PASSED] - maximizeWindow(): Current window maximized

03-01-2025T11:31:45 - [MESSAGE][PASSED] - Current window maximized

03-01-2025T11:31:45 - [TEST_STEP][PASSED] - navigateToUrl("https://sit.siprusedu.com/login"): Navigate to 'https://sit.siprusedu.com/login' successfully

03-01-2025T11:31:45 - [MESSAGE][PASSED] - Navigate to 'https://sit.siprusedu.com/login' successfully

03-01-2025T11:31:45 - [TEST_STEP][PASSED] - setText(findTestObject("Master Data/Admin Sekolah/Login/Field Email"), "admin.gudangsolusi@digiform.co.id"): Text 'admin.gudangsolusi@digiform.co.id' is set on object 'Object Repository/Master Data/Admin Sekolah/Login/Field Email'

03-01-2025T11:31:47 - [MESSAGE][PASSED] - Text 'admin.gudangsolusi@digiform.co.id' is set on object 'Object Repository/Master Data/Admin Sekolah/Login/Field Email'

03-01-2025T11:31:47 - [TEST_STEP][PASSED] - setText(findTestObject("Master Data/Admin Sekolah/Login/Input Password"), "Test1234"): Text 'Test1234' is set on object 'Object Repository/Master Data/Admin Sekolah/Login/Input Password'

03-01-2025T11:31:48 - [MESSAGE][PASSED] - Text 'Test1234' is set on object 'Object Repository/Master Data/Admin Sekolah/Login/Input Password'

03-01-2025T11:31:48 - [TEST_STEP][PASSED] - click(findTestObject("Master Data/Admin Sekolah/Login/Button Submit")): Object: 'Object Repository/Master Data/Admin Sekolah/Login/Button Submit' is clicked on

03-01-2025T11:31:48 - [MESSAGE][PASSED] - Object: 'Object Repository/Master Data/Admin Sekolah/Login/Button Submit' is clicked on

03-01-2025T11:31:48 - [TEST_STEP][PASSED] - click(findTestObject("Master Data/Admin Sekolah/Tagihan/Master Data Menu")): Object: 'Object Repository/Master Data/Admin Sekolah/Tagihan/Master Data Menu' is clicked on

03-01-2025T11:31:49 - [MESSAGE][PASSED] - Object: 'Object Repository/Master Data/Admin Sekolah/Tagihan/Master Data Menu' is clicked on

03-01-2025T11:31:49 - [TEST_STEP][PASSED] - click(findTestObject("Master Data/Admin Sekolah/Akun Bank/Menu Akun Bank")): Object: 'Object Repository/Master Data/Admin Sekolah/Akun Bank/Menu Akun Bank' is clicked on

03-01-2025T11:31:50 - [MESSAGE][PASSED] - Object: 'Object Repository/Master Data/Admin Sekolah/Akun Bank/Menu Akun Bank' is clicked on

03-01-2025T11:31:50 - [TEST_STEP][PASSED] - click(findTestObject("Master Data/Admin Sekolah/Akun Bank/Edit Akun Bank/Button Action")): Object: 'Object Repository/Master Data/Admin Sekolah/Akun Bank/Edit Akun Bank/Button Action' is clicked on

03-01-2025T11:31:51 - [MESSAGE][PASSED] - Object: 'Object Repository/Master Data/Admin Sekolah/Akun Bank/Edit Akun Bank/Button Action' is clicked on

03-01-2025T11:31:51 - [TEST_STEP][PASSED] - click(findTestObject("Master Data/Admin Sekolah/Akun Bank/Edit Akun Bank/Button Edit")): Object: 'Object Repository/Master Data/Admin Sekolah/Akun Bank/Edit Akun Bank/Button Edit' is clicked on

03-01-2025T11:31:51 - [MESSAGE][PASSED] - Object: 'Object Repository/Master Data/Admin Sekolah/Akun Bank/Edit Akun Bank/Button Edit' is clicked on

03-01-2025T11:31:51 - [TEST_STEP][PASSED] - click(findTestObject("Master Data/Admin Sekolah/Akun Bank/Edit Akun Bank/Dropdown Akun Bank")): Object: 'Object Repository/Master Data/Admin Sekolah/Akun Bank/Edit Akun Bank/Dropdown Akun Bank' is clicked on

03-01-2025T11:31:52 - [MESSAGE][PASSED] - Object: 'Object Repository/Master Data/Admin Sekolah/Akun Bank/Edit Akun Bank/Dropdown Akun Bank' is clicked on

03-01-2025T11:31:52 - [TEST_STEP][PASSED] - click(findTestObject("Master Data/Admin Sekolah/Akun Bank/Edit Akun Bank/Value Dropdown Akun Bank")): Object: 'Object Repository/Master Data/Admin Sekolah/Akun Bank/Edit Akun Bank/Value Dropdown Akun Bank' is clicked on

03-01-2025T11:31:52 - [MESSAGE][PASSED] - Object: 'Object Repository/Master Data/Admin Sekolah/Akun Bank/Edit Akun Bank/Value Dropdown Akun Bank' is clicked on

03-01-2025T11:31:52 - [TEST_STEP][PASSED] - clearAndSetText(findTestObject("Master Data/Admin Sekolah/Akun Bank/Edit Akun Bank/Field Nama Akun Bank"), generateRandomBankAccountName()): null

03-01-2025T11:31:52 - [TEST_STEP][PASSED] - firstNames = ["Pandu", "Budi", "Siti", "Andi", "Joko", "Rina", "Ari", "Maya"]: null

03-01-2025T11:31:52 - [TEST_STEP][PASSED] - lastNames = ["Wibisana", "Sari", "Pratama", "Santoso", "Putra", "Gunawan", "Sudarmaji", "Amir"]: null

03-01-2025T11:31:52 - [TEST_STEP][PASSED] - random = new java.util.Random(): null

03-01-2025T11:31:52 - [TEST_STEP][PASSED] - firstName = firstNames[random.nextInt(firstNames.size())]: null

03-01-2025T11:31:52 - [TEST_STEP][PASSED] - lastName = lastNames[random.nextInt(lastNames.size())]: null

03-01-2025T11:31:52 - [TEST_STEP][PASSED] - return ((firstName +  ) + lastName): null

03-01-2025T11:31:52 - [TEST_STEP][PASSED] - sendKeys(testObject, Keys.chord(CONTROL, "a")): Keys 'CONTROL + a' sent to object: 'Object Repository/Master Data/Admin Sekolah/Akun Bank/Edit Akun Bank/Field Nama Akun Bank'

03-01-2025T11:31:53 - [MESSAGE][PASSED] - Keys 'CONTROL + a' sent to object: 'Object Repository/Master Data/Admin Sekolah/Akun Bank/Edit Akun Bank/Field Nama Akun Bank'

03-01-2025T11:31:53 - [TEST_STEP][PASSED] - sendKeys(testObject, Keys.chord(BACK_SPACE)): Keys 'BACK_SPACE + ' sent to object: 'Object Repository/Master Data/Admin Sekolah/Akun Bank/Edit Akun Bank/Field Nama Akun Bank'

03-01-2025T11:31:53 - [MESSAGE][PASSED] - Keys 'BACK_SPACE + ' sent to object: 'Object Repository/Master Data/Admin Sekolah/Akun Bank/Edit Akun Bank/Field Nama Akun Bank'

03-01-2025T11:31:53 - [TEST_STEP][PASSED] - setText(testObject, newText): Text 'Maya Amir' is set on object 'Object Repository/Master Data/Admin Sekolah/Akun Bank/Edit Akun Bank/Field Nama Akun Bank'

03-01-2025T11:31:54 - [MESSAGE][PASSED] - Text 'Maya Amir' is set on object 'Object Repository/Master Data/Admin Sekolah/Akun Bank/Edit Akun Bank/Field Nama Akun Bank'

03-01-2025T11:31:54 - [TEST_STEP][PASSED] - initialAccountNumber = generateRandomData("64", 10): null

03-01-2025T11:31:54 - [TEST_STEP][PASSED] - random = new java.util.Random(): null

03-01-2025T11:31:54 - [TEST_STEP][PASSED] - result = prefix: null

03-01-2025T11:31:54 - [TEST_STEP][PASSED] - for ([i = 0, i < length, (i++)]): null

03-01-2025T11:31:54 - [TEST_STEP][PASSED] - result += random.nextInt(10): null

03-01-2025T11:31:54 - [TEST_STEP][PASSED] - result += random.nextInt(10): null

03-01-2025T11:31:54 - [TEST_STEP][PASSED] - result += random.nextInt(10): null

03-01-2025T11:31:54 - [TEST_STEP][PASSED] - result += random.nextInt(10): null

03-01-2025T11:31:54 - [TEST_STEP][PASSED] - result += random.nextInt(10): null

03-01-2025T11:31:54 - [TEST_STEP][PASSED] - result += random.nextInt(10): null

03-01-2025T11:31:54 - [TEST_STEP][PASSED] - result += random.nextInt(10): null

03-01-2025T11:31:54 - [TEST_STEP][PASSED] - result += random.nextInt(10): null

03-01-2025T11:31:54 - [TEST_STEP][PASSED] - result += random.nextInt(10): null

03-01-2025T11:31:54 - [TEST_STEP][PASSED] - result += random.nextInt(10): null

03-01-2025T11:31:54 - [TEST_STEP][PASSED] - return result: null

03-01-2025T11:31:54 - [TEST_STEP][PASSED] - attempt = 0: null

03-01-2025T11:31:54 - [TEST_STEP][PASSED] - isSaved = false: null

03-01-2025T11:31:54 - [TEST_STEP][PASSED] - maxAttempts = 5: null

03-01-2025T11:31:54 - [TEST_STEP][PASSED] - while (!(isSaved) && attempt < maxAttempts): null

03-01-2025T11:31:54 - [TEST_STEP][PASSED] - (attempt++): null

03-01-2025T11:31:54 - [TEST_STEP][PASSED] - println(Percobaan ke-$attempt): null

03-01-2025T11:31:54 - [TEST_STEP][PASSED] - clearAndSetText(findTestObject("Master Data/Admin Sekolah/Akun Bank/Edit Akun Bank/Field Nomor Rekening Bank"), initialAccountNumber): null

03-01-2025T11:31:54 - [TEST_STEP][PASSED] - sendKeys(testObject, Keys.chord(CONTROL, "a")): Keys 'CONTROL + a' sent to object: 'Object Repository/Master Data/Admin Sekolah/Akun Bank/Edit Akun Bank/Field Nomor Rekening Bank'

03-01-2025T11:31:54 - [MESSAGE][PASSED] - Keys 'CONTROL + a' sent to object: 'Object Repository/Master Data/Admin Sekolah/Akun Bank/Edit Akun Bank/Field Nomor Rekening Bank'

03-01-2025T11:31:54 - [TEST_STEP][PASSED] - sendKeys(testObject, Keys.chord(BACK_SPACE)): Keys 'BACK_SPACE + ' sent to object: 'Object Repository/Master Data/Admin Sekolah/Akun Bank/Edit Akun Bank/Field Nomor Rekening Bank'

03-01-2025T11:31:54 - [MESSAGE][PASSED] - Keys 'BACK_SPACE + ' sent to object: 'Object Repository/Master Data/Admin Sekolah/Akun Bank/Edit Akun Bank/Field Nomor Rekening Bank'

03-01-2025T11:31:54 - [TEST_STEP][PASSED] - setText(testObject, newText): null

03-01-2025T11:31:55 - [MESSAGE][PASSED] - Text '647608314071' is set on object 'Object Repository/Master Data/Admin Sekolah/Akun Bank/Edit Akun Bank/Field Nomor Rekening Bank'

03-01-2025T11:31:55 - [TEST_STEP][PASSED] - click(findTestObject("Master Data/Admin Sekolah/Akun Bank/Edit Akun Bank/Button Simpan")): Object: 'Object Repository/Master Data/Admin Sekolah/Akun Bank/Edit Akun Bank/Button Simpan' is clicked on

03-01-2025T11:31:55 - [MESSAGE][PASSED] - Object: 'Object Repository/Master Data/Admin Sekolah/Akun Bank/Edit Akun Bank/Button Simpan' is clicked on

03-01-2025T11:31:55 - [TEST_STEP][PASSED] - if (verifyElementVisible(findTestObject("Master Data/Admin Sekolah/Akun Bank/Edit Akun Bank/Toast Notification Error Nomor Rekening Sudah Terdaftar"), OPTIONAL)): Unable to verify object is visible (Root cause: com.kms.katalon.core.exception.StepFailedException: Unable to verify object is visible
	at com.kms.katalon.core.webui.keyword.internal.WebUIKeywordMain.stepFailed(WebUIKeywordMain.groovy:117)
	at com.kms.katalon.core.webui.keyword.internal.WebUIKeywordMain.runKeyword(WebUIKeywordMain.groovy:43)
	at com.kms.katalon.core.webui.keyword.builtin.VerifyElementVisibleKeyword.verifyElementVisible(VerifyElementVisibleKeyword.groovy:97)
	at com.kms.katalon.core.webui.keyword.builtin.VerifyElementVisibleKeyword.execute(VerifyElementVisibleKeyword.groovy:67)
	at com.kms.katalon.core.keyword.internal.KeywordExecutor.executeKeywordForPlatform(KeywordExecutor.groovy:74)
	at com.kms.katalon.core.webui.keyword.WebUiBuiltInKeywords.verifyElementVisible(WebUiBuiltInKeywords.groovy:438)
	at Edit Akun Bank.run(Edit Akun Bank:76)
	at com.kms.katalon.core.main.ScriptEngine.run(ScriptEngine.java:194)
	at com.kms.katalon.core.main.ScriptEngine.runScriptAsRawText(ScriptEngine.java:119)
	at com.kms.katalon.core.main.TestCaseExecutor.runScript(TestCaseExecutor.java:448)
	at com.kms.katalon.core.main.TestCaseExecutor.doExecute(TestCaseExecutor.java:439)
	at com.kms.katalon.core.main.TestCaseExecutor.processExecutionPhase(TestCaseExecutor.java:418)
	at com.kms.katalon.core.main.TestCaseExecutor.accessMainPhase(TestCaseExecutor.java:410)
	at com.kms.katalon.core.main.TestCaseExecutor.execute(TestCaseExecutor.java:285)
	at com.kms.katalon.core.main.TestCaseMain.runTestCase(TestCaseMain.java:133)
	at com.kms.katalon.core.keyword.builtin.CallTestCaseKeyword$_callTestCase_closure1.doCall(CallTestCaseKeyword.groovy:59)
	at com.kms.katalon.core.keyword.builtin.CallTestCaseKeyword$_callTestCase_closure1.call(CallTestCaseKeyword.groovy)
	at com.kms.katalon.core.keyword.internal.KeywordMain.runKeyword(KeywordMain.groovy:75)
	at com.kms.katalon.core.keyword.builtin.CallTestCaseKeyword.callTestCase(CallTestCaseKeyword.groovy:81)
	at com.kms.katalon.core.keyword.builtin.CallTestCaseKeyword.execute(CallTestCaseKeyword.groovy:44)
	at com.kms.katalon.core.keyword.internal.KeywordExecutor.executeKeywordForPlatform(KeywordExecutor.groovy:74)
	at com.kms.katalon.core.keyword.BuiltinKeywords.callTestCase(BuiltinKeywords.groovy:310)
	at java.base/jdk.internal.reflect.NativeMethodAccessorImpl.invoke0(Native Method)
	at java.base/jdk.internal.reflect.NativeMethodAccessorImpl.invoke(NativeMethodAccessorImpl.java:77)
	at java.base/jdk.internal.reflect.DelegatingMethodAccessorImpl.invoke(DelegatingMethodAccessorImpl.java:43)
	at Regresi Akun Bank.run(Regresi Akun Bank:26)
	at com.kms.katalon.core.main.ScriptEngine.run(ScriptEngine.java:194)
	at com.kms.katalon.core.main.ScriptEngine.runScriptAsRawText(ScriptEngine.java:119)
	at com.kms.katalon.core.main.TestCaseExecutor.runScript(TestCaseExecutor.java:448)
	at com.kms.katalon.core.main.TestCaseExecutor.doExecute(TestCaseExecutor.java:439)
	at com.kms.katalon.core.main.TestCaseExecutor.processExecutionPhase(TestCaseExecutor.java:418)
	at com.kms.katalon.core.main.TestCaseExecutor.accessMainPhase(TestCaseExecutor.java:410)
	at com.kms.katalon.core.main.TestCaseExecutor.execute(TestCaseExecutor.java:285)
	at com.kms.katalon.core.common.CommonExecutor.accessTestCaseMainPhase(CommonExecutor.java:65)
	at com.kms.katalon.core.main.TestSuiteExecutor.accessTestSuiteMainPhase(TestSuiteExecutor.java:161)
	at com.kms.katalon.core.main.TestSuiteExecutor.execute(TestSuiteExecutor.java:107)
	at com.kms.katalon.core.main.TestCaseMain.startTestSuite(TestCaseMain.java:176)
	at TempTestSuite1735878642439.run(TempTestSuite1735878642439.groovy:35)
	at java.base/jdk.internal.reflect.NativeMethodAccessorImpl.invoke0(Native Method)
	at java.base/jdk.internal.reflect.NativeMethodAccessorImpl.invoke(NativeMethodAccessorImpl.java:77)
	at java.base/jdk.internal.reflect.DelegatingMethodAccessorImpl.invoke(DelegatingMethodAccessorImpl.java:43)
Caused by: java.lang.IllegalArgumentException: Object is null
	at com.kms.katalon.core.helper.KeywordHelper.checkTestObjectParameter(KeywordHelper.java:33)
	at com.kms.katalon.core.webui.keyword.builtin.VerifyElementVisibleKeyword$_verifyElementVisible_closure1.doCall(VerifyElementVisibleKeyword.groovy:75)
	at com.kms.katalon.core.webui.keyword.builtin.VerifyElementVisibleKeyword$_verifyElementVisible_closure1.call(VerifyElementVisibleKeyword.groovy)
	at com.kms.katalon.core.webui.keyword.internal.WebUIKeywordMain.runKeyword(WebUIKeywordMain.groovy:35)
	at com.kms.katalon.core.webui.keyword.builtin.VerifyElementVisibleKeyword.verifyElementVisible(VerifyElementVisibleKeyword.groovy:97)
	at com.kms.katalon.core.webui.keyword.builtin.VerifyElementVisibleKeyword.execute(VerifyElementVisibleKeyword.groovy:67)
	at com.kms.katalon.core.keyword.internal.KeywordExecutor.executeKeywordForPlatform(KeywordExecutor.groovy:74)
	at com.kms.katalon.core.webui.keyword.WebUiBuiltInKeywords.verifyElementVisible(WebUiBuiltInKeywords.groovy:438)
	at Script1733198752835.run(Script1733198752835.groovy:76)
	at com.kms.katalon.core.main.ScriptEngine.run(ScriptEngine.java:194)
	at com.kms.katalon.core.main.ScriptEngine.runScriptAsRawText(ScriptEngine.java:119)
	at com.kms.katalon.core.main.TestCaseExecutor.runScript(TestCaseExecutor.java:448)
	at com.kms.katalon.core.main.TestCaseExecutor.doExecute(TestCaseExecutor.java:439)
	at com.kms.katalon.core.main.TestCaseExecutor.processExecutionPhase(TestCaseExecutor.java:418)
	at com.kms.katalon.core.main.TestCaseExecutor.accessMainPhase(TestCaseExecutor.java:410)
	at com.kms.katalon.core.main.TestCaseExecutor.execute(TestCaseExecutor.java:285)
	at com.kms.katalon.core.main.TestCaseMain.runTestCase(TestCaseMain.java:133)
	at com.kms.katalon.core.keyword.builtin.CallTestCaseKeyword$_callTestCase_closure1.doCall(CallTestCaseKeyword.groovy:59)
	at com.kms.katalon.core.keyword.builtin.CallTestCaseKeyword$_callTestCase_closure1.call(CallTestCaseKeyword.groovy)
	at com.kms.katalon.core.keyword.internal.KeywordMain.runKeyword(KeywordMain.groovy:75)
	at com.kms.katalon.core.keyword.builtin.CallTestCaseKeyword.callTestCase(CallTestCaseKeyword.groovy:81)
	at com.kms.katalon.core.keyword.builtin.CallTestCaseKeyword.execute(CallTestCaseKeyword.groovy:44)
	at com.kms.katalon.core.keyword.internal.KeywordExecutor.executeKeywordForPlatform(KeywordExecutor.groovy:74)
	at com.kms.katalon.core.keyword.BuiltinKeywords.callTestCase(BuiltinKeywords.groovy:310)
	at java.base/jdk.internal.reflect.NativeMethodAccessorImpl.invoke0(Native Method)
	at java.base/jdk.internal.reflect.NativeMethodAccessorImpl.invoke(NativeMethodAccessorImpl.java:77)
	at java.base/jdk.internal.reflect.DelegatingMethodAccessorImpl.invoke(DelegatingMethodAccessorImpl.java:43)
	at Script1735746249821.run(Script1735746249821.groovy:26)
	... 15 more
)

03-01-2025T11:31:55 - [MESSAGE][WARNING] - Test object with id 'Object Repository/Master Data/Admin Sekolah/Akun Bank/Edit Akun Bank/Toast Notification Error Nomor Rekening Sudah Terdaftar' does not exist

03-01-2025T11:31:55 - [MESSAGE][WARNING] - Test object with id 'Object Repository/' does not exist

03-01-2025T11:31:55 - [MESSAGE][WARNING] - Unable to verify object is visible (Root cause: com.kms.katalon.core.exception.StepFailedException: Unable to verify object is visible
	at com.kms.katalon.core.webui.keyword.internal.WebUIKeywordMain.stepFailed(WebUIKeywordMain.groovy:117)
	at com.kms.katalon.core.webui.keyword.internal.WebUIKeywordMain.runKeyword(WebUIKeywordMain.groovy:43)
	at com.kms.katalon.core.webui.keyword.builtin.VerifyElementVisibleKeyword.verifyElementVisible(VerifyElementVisibleKeyword.groovy:97)
	at com.kms.katalon.core.webui.keyword.builtin.VerifyElementVisibleKeyword.execute(VerifyElementVisibleKeyword.groovy:67)
	at com.kms.katalon.core.keyword.internal.KeywordExecutor.executeKeywordForPlatform(KeywordExecutor.groovy:74)
	at com.kms.katalon.core.webui.keyword.WebUiBuiltInKeywords.verifyElementVisible(WebUiBuiltInKeywords.groovy:438)
	at Edit Akun Bank.run(Edit Akun Bank:76)
	at com.kms.katalon.core.main.ScriptEngine.run(ScriptEngine.java:194)
	at com.kms.katalon.core.main.ScriptEngine.runScriptAsRawText(ScriptEngine.java:119)
	at com.kms.katalon.core.main.TestCaseExecutor.runScript(TestCaseExecutor.java:448)
	at com.kms.katalon.core.main.TestCaseExecutor.doExecute(TestCaseExecutor.java:439)
	at com.kms.katalon.core.main.TestCaseExecutor.processExecutionPhase(TestCaseExecutor.java:418)
	at com.kms.katalon.core.main.TestCaseExecutor.accessMainPhase(TestCaseExecutor.java:410)
	at com.kms.katalon.core.main.TestCaseExecutor.execute(TestCaseExecutor.java:285)
	at com.kms.katalon.core.main.TestCaseMain.runTestCase(TestCaseMain.java:133)
	at com.kms.katalon.core.keyword.builtin.CallTestCaseKeyword$_callTestCase_closure1.doCall(CallTestCaseKeyword.groovy:59)
	at com.kms.katalon.core.keyword.builtin.CallTestCaseKeyword$_callTestCase_closure1.call(CallTestCaseKeyword.groovy)
	at com.kms.katalon.core.keyword.internal.KeywordMain.runKeyword(KeywordMain.groovy:75)
	at com.kms.katalon.core.keyword.builtin.CallTestCaseKeyword.callTestCase(CallTestCaseKeyword.groovy:81)
	at com.kms.katalon.core.keyword.builtin.CallTestCaseKeyword.execute(CallTestCaseKeyword.groovy:44)
	at com.kms.katalon.core.keyword.internal.KeywordExecutor.executeKeywordForPlatform(KeywordExecutor.groovy:74)
	at com.kms.katalon.core.keyword.BuiltinKeywords.callTestCase(BuiltinKeywords.groovy:310)
	at java.base/jdk.internal.reflect.NativeMethodAccessorImpl.invoke0(Native Method)
	at java.base/jdk.internal.reflect.NativeMethodAccessorImpl.invoke(NativeMethodAccessorImpl.java:77)
	at java.base/jdk.internal.reflect.DelegatingMethodAccessorImpl.invoke(DelegatingMethodAccessorImpl.java:43)
	at Regresi Akun Bank.run(Regresi Akun Bank:26)
	at com.kms.katalon.core.main.ScriptEngine.run(ScriptEngine.java:194)
	at com.kms.katalon.core.main.ScriptEngine.runScriptAsRawText(ScriptEngine.java:119)
	at com.kms.katalon.core.main.TestCaseExecutor.runScript(TestCaseExecutor.java:448)
	at com.kms.katalon.core.main.TestCaseExecutor.doExecute(TestCaseExecutor.java:439)
	at com.kms.katalon.core.main.TestCaseExecutor.processExecutionPhase(TestCaseExecutor.java:418)
	at com.kms.katalon.core.main.TestCaseExecutor.accessMainPhase(TestCaseExecutor.java:410)
	at com.kms.katalon.core.main.TestCaseExecutor.execute(TestCaseExecutor.java:285)
	at com.kms.katalon.core.common.CommonExecutor.accessTestCaseMainPhase(CommonExecutor.java:65)
	at com.kms.katalon.core.main.TestSuiteExecutor.accessTestSuiteMainPhase(TestSuiteExecutor.java:161)
	at com.kms.katalon.core.main.TestSuiteExecutor.execute(TestSuiteExecutor.java:107)
	at com.kms.katalon.core.main.TestCaseMain.startTestSuite(TestCaseMain.java:176)
	at TempTestSuite1735878642439.run(TempTestSuite1735878642439.groovy:35)
	at java.base/jdk.internal.reflect.NativeMethodAccessorImpl.invoke0(Native Method)
	at java.base/jdk.internal.reflect.NativeMethodAccessorImpl.invoke(NativeMethodAccessorImpl.java:77)
	at java.base/jdk.internal.reflect.DelegatingMethodAccessorImpl.invoke(DelegatingMethodAccessorImpl.java:43)
Caused by: java.lang.IllegalArgumentException: Object is null
	at com.kms.katalon.core.helper.KeywordHelper.checkTestObjectParameter(KeywordHelper.java:33)
	at com.kms.katalon.core.webui.keyword.builtin.VerifyElementVisibleKeyword$_verifyElementVisible_closure1.doCall(VerifyElementVisibleKeyword.groovy:75)
	at com.kms.katalon.core.webui.keyword.builtin.VerifyElementVisibleKeyword$_verifyElementVisible_closure1.call(VerifyElementVisibleKeyword.groovy)
	at com.kms.katalon.core.webui.keyword.internal.WebUIKeywordMain.runKeyword(WebUIKeywordMain.groovy:35)
	at com.kms.katalon.core.webui.keyword.builtin.VerifyElementVisibleKeyword.verifyElementVisible(VerifyElementVisibleKeyword.groovy:97)
	at com.kms.katalon.core.webui.keyword.builtin.VerifyElementVisibleKeyword.execute(VerifyElementVisibleKeyword.groovy:67)
	at com.kms.katalon.core.keyword.internal.KeywordExecutor.executeKeywordForPlatform(KeywordExecutor.groovy:74)
	at com.kms.katalon.core.webui.keyword.WebUiBuiltInKeywords.verifyElementVisible(WebUiBuiltInKeywords.groovy:438)
	at Script1733198752835.run(Script1733198752835.groovy:76)
	at com.kms.katalon.core.main.ScriptEngine.run(ScriptEngine.java:194)
	at com.kms.katalon.core.main.ScriptEngine.runScriptAsRawText(ScriptEngine.java:119)
	at com.kms.katalon.core.main.TestCaseExecutor.runScript(TestCaseExecutor.java:448)
	at com.kms.katalon.core.main.TestCaseExecutor.doExecute(TestCaseExecutor.java:439)
	at com.kms.katalon.core.main.TestCaseExecutor.processExecutionPhase(TestCaseExecutor.java:418)
	at com.kms.katalon.core.main.TestCaseExecutor.accessMainPhase(TestCaseExecutor.java:410)
	at com.kms.katalon.core.main.TestCaseExecutor.execute(TestCaseExecutor.java:285)
	at com.kms.katalon.core.main.TestCaseMain.runTestCase(TestCaseMain.java:133)
	at com.kms.katalon.core.keyword.builtin.CallTestCaseKeyword$_callTestCase_closure1.doCall(CallTestCaseKeyword.groovy:59)
	at com.kms.katalon.core.keyword.builtin.CallTestCaseKeyword$_callTestCase_closure1.call(CallTestCaseKeyword.groovy)
	at com.kms.katalon.core.keyword.internal.KeywordMain.runKeyword(KeywordMain.groovy:75)
	at com.kms.katalon.core.keyword.builtin.CallTestCaseKeyword.callTestCase(CallTestCaseKeyword.groovy:81)
	at com.kms.katalon.core.keyword.builtin.CallTestCaseKeyword.execute(CallTestCaseKeyword.groovy:44)
	at com.kms.katalon.core.keyword.internal.KeywordExecutor.executeKeywordForPlatform(KeywordExecutor.groovy:74)
	at com.kms.katalon.core.keyword.BuiltinKeywords.callTestCase(BuiltinKeywords.groovy:310)
	at java.base/jdk.internal.reflect.NativeMethodAccessorImpl.invoke0(Native Method)
	at java.base/jdk.internal.reflect.NativeMethodAccessorImpl.invoke(NativeMethodAccessorImpl.java:77)
	at java.base/jdk.internal.reflect.DelegatingMethodAccessorImpl.invoke(DelegatingMethodAccessorImpl.java:43)
	at Script1735746249821.run(Script1735746249821.groovy:26)
	... 15 more
)
[[ATTACHMENT|C:\\Users\\henri\\Videos\\school-payment-automation-testing\\Reports\\20250103_113042\\SPRINT 1\\20250103_113042\\1735878715574.png]]

03-01-2025T11:31:55 - [TEST_STEP][PASSED] - else: null

03-01-2025T11:31:55 - [TEST_STEP][PASSED] - isSaved = true: null

03-01-2025T11:31:55 - [TEST_STEP][PASSED] - println("Data berhasil disimpan."): null

03-01-2025T11:31:55 - [TEST_STEP][PASSED] - if (isSaved): Object 'Object Repository/Master Data/Admin Sekolah/Akun Bank/Edit Akun Bank/Toast Notification Data Berhasil Diubah' is visible

03-01-2025T11:31:55 - [TEST_STEP][PASSED] - verifyElementVisible(findTestObject("Master Data/Admin Sekolah/Akun Bank/Edit Akun Bank/Toast Notification Data Berhasil Diubah"), STOP_ON_FAILURE): Object 'Object Repository/Master Data/Admin Sekolah/Akun Bank/Edit Akun Bank/Toast Notification Data Berhasil Diubah' is visible

03-01-2025T11:31:56 - [MESSAGE][PASSED] - Object 'Object Repository/Master Data/Admin Sekolah/Akun Bank/Edit Akun Bank/Toast Notification Data Berhasil Diubah' is visible

03-01-2025T11:31:56 - [TEST_STEP][PASSED] - closeBrowser(): Browser is closed

03-01-2025T11:31:56 - [MESSAGE][PASSED] - Browser is closed

03-01-2025T11:31:56 - [MESSAGE][PASSED] - Call Test Case 'Test Cases/Master Data/Admin Sekolah/Master Data Akun Bank/Edit Akun Bank' successfully

03-01-2025T11:31:56 - [TEST_STEP][PASSED] - println("============================= Loop Again ==============================="): null

03-01-2025T11:31:56 - [TEST_STEP][PASSED] - callTestCase(findTestCase("Master Data/Admin Sekolah/Master Data Akun Bank/Tambah Akun Bank"), [:], CONTINUE_ON_FAILURE): Call Test Case 'Test Cases/Master Data/Admin Sekolah/Master Data Akun Bank/Tambah Akun Bank' successfully

03-01-2025T11:31:56 - [TEST_CASE][PASSED] - Test Cases/Master Data/Admin Sekolah/Master Data Akun Bank/Tambah Akun Bank: Test Cases/Master Data/Admin Sekolah/Master Data Akun Bank/Tambah Akun Bank

03-01-2025T11:31:56 - [TEST_STEP][PASSED] - openBrowser("", CONTINUE_ON_FAILURE): Browser is opened with url: ''

03-01-2025T11:31:56 - [MESSAGE][INFO] - Starting 'Chrome' driver

03-01-2025T11:31:56 - [MESSAGE][INFO] - Action delay is set to 0 milliseconds

03-01-2025T11:31:57 - [MESSAGE][PASSED] - Browser is opened with url: ''

03-01-2025T11:31:57 - [TEST_STEP][PASSED] - maximizeWindow(): Current window maximized

03-01-2025T11:31:57 - [MESSAGE][PASSED] - Current window maximized

03-01-2025T11:31:57 - [TEST_STEP][PASSED] - navigateToUrl("https://sit.siprusedu.com/login", CONTINUE_ON_FAILURE): Navigate to 'https://sit.siprusedu.com/login' successfully

03-01-2025T11:31:57 - [MESSAGE][PASSED] - Navigate to 'https://sit.siprusedu.com/login' successfully

03-01-2025T11:31:57 - [TEST_STEP][PASSED] - click(findTestObject("Master Data/Admin Sekolah/Login/Field Email"), CONTINUE_ON_FAILURE): Object: 'Object Repository/Master Data/Admin Sekolah/Login/Field Email' is clicked on

03-01-2025T11:31:59 - [MESSAGE][PASSED] - Object: 'Object Repository/Master Data/Admin Sekolah/Login/Field Email' is clicked on

03-01-2025T11:31:59 - [TEST_STEP][PASSED] - setText(findTestObject("Master Data/Admin Sekolah/Login/Field Email"), "admin.gudangsolusi@digiform.co.id", CONTINUE_ON_FAILURE): Text 'admin.gudangsolusi@digiform.co.id' is set on object 'Object Repository/Master Data/Admin Sekolah/Login/Field Email'

03-01-2025T11:32:00 - [MESSAGE][PASSED] - Text 'admin.gudangsolusi@digiform.co.id' is set on object 'Object Repository/Master Data/Admin Sekolah/Login/Field Email'

03-01-2025T11:32:00 - [TEST_STEP][PASSED] - click(findTestObject("Master Data/Admin Sekolah/Login/Input Password"), CONTINUE_ON_FAILURE): Object: 'Object Repository/Master Data/Admin Sekolah/Login/Input Password' is clicked on

03-01-2025T11:32:00 - [MESSAGE][PASSED] - Object: 'Object Repository/Master Data/Admin Sekolah/Login/Input Password' is clicked on

03-01-2025T11:32:00 - [TEST_STEP][PASSED] - setText(findTestObject("Master Data/Admin Sekolah/Login/Input Password"), "Test1234", CONTINUE_ON_FAILURE): Text 'Test1234' is set on object 'Object Repository/Master Data/Admin Sekolah/Login/Input Password'

03-01-2025T11:32:00 - [MESSAGE][PASSED] - Text 'Test1234' is set on object 'Object Repository/Master Data/Admin Sekolah/Login/Input Password'

03-01-2025T11:32:00 - [TEST_STEP][PASSED] - click(findTestObject("Master Data/Admin Sekolah/Login/Button Submit"), CONTINUE_ON_FAILURE): Object: 'Object Repository/Master Data/Admin Sekolah/Login/Button Submit' is clicked on

03-01-2025T11:32:01 - [MESSAGE][PASSED] - Object: 'Object Repository/Master Data/Admin Sekolah/Login/Button Submit' is clicked on

03-01-2025T11:32:01 - [TEST_STEP][PASSED] - click(findTestObject("Master Data/Admin Sekolah/Tagihan/Master Data Menu"), CONTINUE_ON_FAILURE): Object: 'Object Repository/Master Data/Admin Sekolah/Tagihan/Master Data Menu' is clicked on

03-01-2025T11:32:02 - [MESSAGE][PASSED] - Object: 'Object Repository/Master Data/Admin Sekolah/Tagihan/Master Data Menu' is clicked on

03-01-2025T11:32:02 - [TEST_STEP][PASSED] - click(findTestObject("Master Data/Admin Sekolah/Akun Bank/Menu Akun Bank"), CONTINUE_ON_FAILURE): Object: 'Object Repository/Master Data/Admin Sekolah/Akun Bank/Menu Akun Bank' is clicked on

03-01-2025T11:32:03 - [MESSAGE][PASSED] - Object: 'Object Repository/Master Data/Admin Sekolah/Akun Bank/Menu Akun Bank' is clicked on

03-01-2025T11:32:03 - [TEST_STEP][PASSED] - click(findTestObject("Master Data/Admin Sekolah/Akun Bank/Button Tambah Akun Bank"), CONTINUE_ON_FAILURE): Object: 'Object Repository/Master Data/Admin Sekolah/Akun Bank/Button Tambah Akun Bank' is clicked on

03-01-2025T11:32:04 - [MESSAGE][PASSED] - Object: 'Object Repository/Master Data/Admin Sekolah/Akun Bank/Button Tambah Akun Bank' is clicked on

03-01-2025T11:32:04 - [TEST_STEP][PASSED] - click(findTestObject("Master Data/Admin Sekolah/Akun Bank/Tambah Akun Bank/Dropdown Pilih Nama Bank"), CONTINUE_ON_FAILURE): Object: 'Object Repository/Master Data/Admin Sekolah/Akun Bank/Tambah Akun Bank/Dropdown Pilih Nama Bank' is clicked on

03-01-2025T11:32:04 - [MESSAGE][PASSED] - Object: 'Object Repository/Master Data/Admin Sekolah/Akun Bank/Tambah Akun Bank/Dropdown Pilih Nama Bank' is clicked on

03-01-2025T11:32:04 - [TEST_STEP][PASSED] - click(findTestObject("Master Data/Admin Sekolah/Akun Bank/Tambah Akun Bank/Pilih Dropdown Nama Bank"), CONTINUE_ON_FAILURE): Object: 'Object Repository/Master Data/Admin Sekolah/Akun Bank/Tambah Akun Bank/Pilih Dropdown Nama Bank' is clicked on

03-01-2025T11:32:05 - [MESSAGE][PASSED] - Object: 'Object Repository/Master Data/Admin Sekolah/Akun Bank/Tambah Akun Bank/Pilih Dropdown Nama Bank' is clicked on

03-01-2025T11:32:05 - [TEST_STEP][PASSED] - randomName = generateRandomName(): null

03-01-2025T11:32:05 - [TEST_STEP][PASSED] - firstNames = ["John", "Jane", "Michael", "Sarah", "David", "Emily", "Rafael", "Sophia"]: null

03-01-2025T11:32:05 - [TEST_STEP][PASSED] - lastNames = ["Doe", "Smith", "Johnson", "Williams", "Brown", "Davis", "Taylor", "Wilson"]: null

03-01-2025T11:32:05 - [TEST_STEP][PASSED] - random = new java.util.Random(): null

03-01-2025T11:32:05 - [TEST_STEP][PASSED] - firstName = firstNames[random.nextInt(firstNames.size())]: null

03-01-2025T11:32:05 - [TEST_STEP][PASSED] - lastName = lastNames[random.nextInt(lastNames.size())]: null

03-01-2025T11:32:05 - [TEST_STEP][PASSED] - return ((firstName +  ) + lastName): null

03-01-2025T11:32:05 - [TEST_STEP][PASSED] - println("Generated random name: " + randomName): null

03-01-2025T11:32:05 - [TEST_STEP][PASSED] - setText(findTestObject("Master Data/Admin Sekolah/Akun Bank/Tambah Akun Bank/Set Text Nama Rekening"), randomName, CONTINUE_ON_FAILURE): Text 'Emily Doe' is set on object 'Object Repository/Master Data/Admin Sekolah/Akun Bank/Tambah Akun Bank/Set Text Nama Rekening'

03-01-2025T11:32:06 - [MESSAGE][PASSED] - Text 'Emily Doe' is set on object 'Object Repository/Master Data/Admin Sekolah/Akun Bank/Tambah Akun Bank/Set Text Nama Rekening'

03-01-2025T11:32:06 - [TEST_STEP][PASSED] - nomorRekeningList = []: null

03-01-2025T11:32:06 - [TEST_STEP][PASSED] - for ([i = 0, i < 5, (i++)]): null

03-01-2025T11:32:06 - [TEST_STEP][PASSED] - nomorRekeningList.add(generateRandomAccountNumber(10)): null

03-01-2025T11:32:06 - [TEST_STEP][PASSED] - random = new java.util.Random(): null

03-01-2025T11:32:06 - [TEST_STEP][PASSED] - accountNumber = new java.lang.StringBuilder(): null

03-01-2025T11:32:06 - [TEST_STEP][PASSED] - for ([i = 0, i < length, (i++)]): null

03-01-2025T11:32:06 - [TEST_STEP][PASSED] - accountNumber.append(random.nextInt(10)): null

03-01-2025T11:32:06 - [TEST_STEP][PASSED] - accountNumber.append(random.nextInt(10)): null

03-01-2025T11:32:06 - [TEST_STEP][PASSED] - accountNumber.append(random.nextInt(10)): null

03-01-2025T11:32:06 - [TEST_STEP][PASSED] - accountNumber.append(random.nextInt(10)): null

03-01-2025T11:32:06 - [TEST_STEP][PASSED] - accountNumber.append(random.nextInt(10)): null

03-01-2025T11:32:06 - [TEST_STEP][PASSED] - accountNumber.append(random.nextInt(10)): null

03-01-2025T11:32:06 - [TEST_STEP][PASSED] - accountNumber.append(random.nextInt(10)): null

03-01-2025T11:32:06 - [TEST_STEP][PASSED] - accountNumber.append(random.nextInt(10)): null

03-01-2025T11:32:06 - [TEST_STEP][PASSED] - accountNumber.append(random.nextInt(10)): null

03-01-2025T11:32:06 - [TEST_STEP][PASSED] - accountNumber.append(random.nextInt(10)): null

03-01-2025T11:32:06 - [TEST_STEP][PASSED] - return accountNumber.toString(): null

03-01-2025T11:32:06 - [TEST_STEP][PASSED] - nomorRekeningList.add(generateRandomAccountNumber(10)): null

03-01-2025T11:32:06 - [TEST_STEP][PASSED] - random = new java.util.Random(): null

03-01-2025T11:32:06 - [TEST_STEP][PASSED] - accountNumber = new java.lang.StringBuilder(): null

03-01-2025T11:32:06 - [TEST_STEP][PASSED] - for ([i = 0, i < length, (i++)]): null

03-01-2025T11:32:06 - [TEST_STEP][PASSED] - accountNumber.append(random.nextInt(10)): null

03-01-2025T11:32:06 - [TEST_STEP][PASSED] - accountNumber.append(random.nextInt(10)): null

03-01-2025T11:32:06 - [TEST_STEP][PASSED] - accountNumber.append(random.nextInt(10)): null

03-01-2025T11:32:06 - [TEST_STEP][PASSED] - accountNumber.append(random.nextInt(10)): null

03-01-2025T11:32:06 - [TEST_STEP][PASSED] - accountNumber.append(random.nextInt(10)): null

03-01-2025T11:32:06 - [TEST_STEP][PASSED] - accountNumber.append(random.nextInt(10)): null

03-01-2025T11:32:06 - [TEST_STEP][PASSED] - accountNumber.append(random.nextInt(10)): null

03-01-2025T11:32:06 - [TEST_STEP][PASSED] - accountNumber.append(random.nextInt(10)): null

03-01-2025T11:32:06 - [TEST_STEP][PASSED] - accountNumber.append(random.nextInt(10)): null

03-01-2025T11:32:06 - [TEST_STEP][PASSED] - accountNumber.append(random.nextInt(10)): null

03-01-2025T11:32:06 - [TEST_STEP][PASSED] - return accountNumber.toString(): null

03-01-2025T11:32:06 - [TEST_STEP][PASSED] - nomorRekeningList.add(generateRandomAccountNumber(10)): null

03-01-2025T11:32:06 - [TEST_STEP][PASSED] - random = new java.util.Random(): null

03-01-2025T11:32:06 - [TEST_STEP][PASSED] - accountNumber = new java.lang.StringBuilder(): null

03-01-2025T11:32:06 - [TEST_STEP][PASSED] - for ([i = 0, i < length, (i++)]): null

03-01-2025T11:32:06 - [TEST_STEP][PASSED] - accountNumber.append(random.nextInt(10)): null

03-01-2025T11:32:06 - [TEST_STEP][PASSED] - accountNumber.append(random.nextInt(10)): null

03-01-2025T11:32:06 - [TEST_STEP][PASSED] - accountNumber.append(random.nextInt(10)): null

03-01-2025T11:32:06 - [TEST_STEP][PASSED] - accountNumber.append(random.nextInt(10)): null

03-01-2025T11:32:06 - [TEST_STEP][PASSED] - accountNumber.append(random.nextInt(10)): null

03-01-2025T11:32:06 - [TEST_STEP][PASSED] - accountNumber.append(random.nextInt(10)): null

03-01-2025T11:32:06 - [TEST_STEP][PASSED] - accountNumber.append(random.nextInt(10)): null

03-01-2025T11:32:06 - [TEST_STEP][PASSED] - accountNumber.append(random.nextInt(10)): null

03-01-2025T11:32:06 - [TEST_STEP][PASSED] - accountNumber.append(random.nextInt(10)): null

03-01-2025T11:32:06 - [TEST_STEP][PASSED] - accountNumber.append(random.nextInt(10)): null

03-01-2025T11:32:06 - [TEST_STEP][PASSED] - return accountNumber.toString(): null

03-01-2025T11:32:06 - [TEST_STEP][PASSED] - nomorRekeningList.add(generateRandomAccountNumber(10)): null

03-01-2025T11:32:06 - [TEST_STEP][PASSED] - random = new java.util.Random(): null

03-01-2025T11:32:06 - [TEST_STEP][PASSED] - accountNumber = new java.lang.StringBuilder(): null

03-01-2025T11:32:06 - [TEST_STEP][PASSED] - for ([i = 0, i < length, (i++)]): null

03-01-2025T11:32:06 - [TEST_STEP][PASSED] - accountNumber.append(random.nextInt(10)): null

03-01-2025T11:32:06 - [TEST_STEP][PASSED] - accountNumber.append(random.nextInt(10)): null

03-01-2025T11:32:06 - [TEST_STEP][PASSED] - accountNumber.append(random.nextInt(10)): null

03-01-2025T11:32:06 - [TEST_STEP][PASSED] - accountNumber.append(random.nextInt(10)): null

03-01-2025T11:32:06 - [TEST_STEP][PASSED] - accountNumber.append(random.nextInt(10)): null

03-01-2025T11:32:06 - [TEST_STEP][PASSED] - accountNumber.append(random.nextInt(10)): null

03-01-2025T11:32:06 - [TEST_STEP][PASSED] - accountNumber.append(random.nextInt(10)): null

03-01-2025T11:32:06 - [TEST_STEP][PASSED] - accountNumber.append(random.nextInt(10)): null

03-01-2025T11:32:06 - [TEST_STEP][PASSED] - accountNumber.append(random.nextInt(10)): null

03-01-2025T11:32:06 - [TEST_STEP][PASSED] - accountNumber.append(random.nextInt(10)): null

03-01-2025T11:32:06 - [TEST_STEP][PASSED] - return accountNumber.toString(): null

03-01-2025T11:32:06 - [TEST_STEP][PASSED] - nomorRekeningList.add(generateRandomAccountNumber(10)): null

03-01-2025T11:32:06 - [TEST_STEP][PASSED] - random = new java.util.Random(): null

03-01-2025T11:32:06 - [TEST_STEP][PASSED] - accountNumber = new java.lang.StringBuilder(): null

03-01-2025T11:32:06 - [TEST_STEP][PASSED] - for ([i = 0, i < length, (i++)]): null

03-01-2025T11:32:06 - [TEST_STEP][PASSED] - accountNumber.append(random.nextInt(10)): null

03-01-2025T11:32:06 - [TEST_STEP][PASSED] - accountNumber.append(random.nextInt(10)): null

03-01-2025T11:32:06 - [TEST_STEP][PASSED] - accountNumber.append(random.nextInt(10)): null

03-01-2025T11:32:06 - [TEST_STEP][PASSED] - accountNumber.append(random.nextInt(10)): null

03-01-2025T11:32:06 - [TEST_STEP][PASSED] - accountNumber.append(random.nextInt(10)): null

03-01-2025T11:32:06 - [TEST_STEP][PASSED] - accountNumber.append(random.nextInt(10)): null

03-01-2025T11:32:06 - [TEST_STEP][PASSED] - accountNumber.append(random.nextInt(10)): null

03-01-2025T11:32:06 - [TEST_STEP][PASSED] - accountNumber.append(random.nextInt(10)): null

03-01-2025T11:32:06 - [TEST_STEP][PASSED] - accountNumber.append(random.nextInt(10)): null

03-01-2025T11:32:06 - [TEST_STEP][PASSED] - accountNumber.append(random.nextInt(10)): null

03-01-2025T11:32:06 - [TEST_STEP][PASSED] - return accountNumber.toString(): null

03-01-2025T11:32:06 - [TEST_STEP][PASSED] - isErrorPresent = true: null

03-01-2025T11:32:06 - [TEST_STEP][PASSED] - for (String nomorRekening : nomorRekeningList): null

03-01-2025T11:32:06 - [TEST_STEP][PASSED] - inputNomorRekening(nomorRekening): null

03-01-2025T11:32:06 - [TEST_STEP][PASSED] - fieldNomorRekening = findTestObject("Master Data/Admin Sekolah/Akun Bank/Tambah Akun Bank/Set Text Nomor Rekening"): null

03-01-2025T11:32:06 - [TEST_STEP][PASSED] - clearTextUntilEmpty(fieldNomorRekening): null

03-01-2025T11:32:06 - [TEST_STEP][PASSED] - attempt = 0: null

03-01-2025T11:32:06 - [TEST_STEP][PASSED] - while (attempt < maxAttempts): null

03-01-2025T11:32:06 - [TEST_STEP][PASSED] - clearText(field, CONTINUE_ON_FAILURE): Text of object 'Object Repository/Master Data/Admin Sekolah/Akun Bank/Tambah Akun Bank/Set Text Nomor Rekening' is cleared

03-01-2025T11:32:06 - [MESSAGE][PASSED] - Text of object 'Object Repository/Master Data/Admin Sekolah/Akun Bank/Tambah Akun Bank/Set Text Nomor Rekening' is cleared

03-01-2025T11:32:06 - [TEST_STEP][PASSED] - delay(0.5): Delayed 0.5 second(s)

03-01-2025T11:32:06 - [MESSAGE][PASSED] - Delayed 0.5 second(s)

03-01-2025T11:32:06 - [TEST_STEP][PASSED] - currentText = getAttribute(field, "value", CONTINUE_ON_FAILURE): Attribute 'value' of object 'Object Repository/Master Data/Admin Sekolah/Akun Bank/Tambah Akun Bank/Set Text Nomor Rekening' is: ''

03-01-2025T11:32:07 - [MESSAGE][PASSED] - Attribute 'value' of object 'Object Repository/Master Data/Admin Sekolah/Akun Bank/Tambah Akun Bank/Set Text Nomor Rekening' is: ''

03-01-2025T11:32:07 - [TEST_STEP][PASSED] - if (currentText.isEmpty()): null

03-01-2025T11:32:07 - [TEST_STEP][PASSED] - comment("Field berhasil dikosongkan setelah " + attempt + 1 + " percobaan."): Field berhasil dikosongkan setelah 1 percobaan.

03-01-2025T11:32:07 - [MESSAGE][INFO] - Field berhasil dikosongkan setelah 1 percobaan.

03-01-2025T11:32:07 - [TEST_STEP][PASSED] - break: null

03-01-2025T11:32:07 - [TEST_STEP][PASSED] - setText(fieldNomorRekening, nomorRekening): null

03-01-2025T11:32:07 - [MESSAGE][PASSED] - Text '1155478252' is set on object 'Object Repository/Master Data/Admin Sekolah/Akun Bank/Tambah Akun Bank/Set Text Nomor Rekening'

03-01-2025T11:32:07 - [TEST_STEP][PASSED] - pilihKepemilikanDropdown(): null

03-01-2025T11:32:07 - [TEST_STEP][PASSED] - click(findTestObject("Master Data/Admin Sekolah/Akun Bank/Tambah Akun Bank/Dropdown Kepemilikan"), CONTINUE_ON_FAILURE): Object: 'Object Repository/Master Data/Admin Sekolah/Akun Bank/Tambah Akun Bank/Dropdown Kepemilikan' is clicked on

03-01-2025T11:32:08 - [MESSAGE][PASSED] - Object: 'Object Repository/Master Data/Admin Sekolah/Akun Bank/Tambah Akun Bank/Dropdown Kepemilikan' is clicked on

03-01-2025T11:32:08 - [TEST_STEP][PASSED] - click(findTestObject("Master Data/Admin Sekolah/Akun Bank/Tambah Akun Bank/Pilih Dropdown Kepemilikan"), CONTINUE_ON_FAILURE): null

03-01-2025T11:32:08 - [MESSAGE][PASSED] - Object: 'Object Repository/Master Data/Admin Sekolah/Akun Bank/Tambah Akun Bank/Pilih Dropdown Kepemilikan' is clicked on

03-01-2025T11:32:08 - [TEST_STEP][PASSED] - click(findTestObject("Master Data/Admin Sekolah/Akun Bank/Tambah Akun Bank/Button Submit"), CONTINUE_ON_FAILURE): Object: 'Object Repository/Master Data/Admin Sekolah/Akun Bank/Tambah Akun Bank/Button Submit' is clicked on

03-01-2025T11:32:08 - [MESSAGE][PASSED] - Object: 'Object Repository/Master Data/Admin Sekolah/Akun Bank/Tambah Akun Bank/Button Submit' is clicked on

03-01-2025T11:32:08 - [TEST_STEP][PASSED] - isErrorPresent = verifyTextPresent("Nomor rekening sudah terdaftar", false, OPTIONAL): Text 'Nomor rekening sudah terdaftar' is not present on page  (Root cause: com.kms.katalon.core.exception.StepFailedException: Text 'Nomor rekening sudah terdaftar' is not present on page 
	at com.kms.katalon.core.webui.keyword.internal.WebUIKeywordMain.stepFailed(WebUIKeywordMain.groovy:117)
	at com.kms.katalon.core.webui.keyword.builtin.VerifyTextPresentKeyword$_verifyTextPresent_closure1.doCall(VerifyTextPresentKeyword.groovy:79)
	at com.kms.katalon.core.webui.keyword.builtin.VerifyTextPresentKeyword$_verifyTextPresent_closure1.call(VerifyTextPresentKeyword.groovy)
	at com.kms.katalon.core.webui.keyword.internal.WebUIKeywordMain.runKeyword(WebUIKeywordMain.groovy:35)
	at com.kms.katalon.core.webui.keyword.builtin.VerifyTextPresentKeyword.verifyTextPresent(VerifyTextPresentKeyword.groovy:83)
	at com.kms.katalon.core.webui.keyword.builtin.VerifyTextPresentKeyword.execute(VerifyTextPresentKeyword.groovy:68)
	at com.kms.katalon.core.keyword.internal.KeywordExecutor.executeKeywordForPlatform(KeywordExecutor.groovy:74)
	at com.kms.katalon.core.webui.keyword.WebUiBuiltInKeywords.verifyTextPresent(WebUiBuiltInKeywords.groovy:1783)
	at Tambah Akun Bank.run(Tambah Akun Bank:84)
	at com.kms.katalon.core.main.ScriptEngine.run(ScriptEngine.java:194)
	at com.kms.katalon.core.main.ScriptEngine.runScriptAsRawText(ScriptEngine.java:119)
	at com.kms.katalon.core.main.TestCaseExecutor.runScript(TestCaseExecutor.java:448)
	at com.kms.katalon.core.main.TestCaseExecutor.doExecute(TestCaseExecutor.java:439)
	at com.kms.katalon.core.main.TestCaseExecutor.processExecutionPhase(TestCaseExecutor.java:418)
	at com.kms.katalon.core.main.TestCaseExecutor.accessMainPhase(TestCaseExecutor.java:410)
	at com.kms.katalon.core.main.TestCaseExecutor.execute(TestCaseExecutor.java:285)
	at com.kms.katalon.core.main.TestCaseMain.runTestCase(TestCaseMain.java:133)
	at com.kms.katalon.core.keyword.builtin.CallTestCaseKeyword$_callTestCase_closure1.doCall(CallTestCaseKeyword.groovy:59)
	at com.kms.katalon.core.keyword.builtin.CallTestCaseKeyword$_callTestCase_closure1.call(CallTestCaseKeyword.groovy)
	at com.kms.katalon.core.keyword.internal.KeywordMain.runKeyword(KeywordMain.groovy:75)
	at com.kms.katalon.core.keyword.builtin.CallTestCaseKeyword.callTestCase(CallTestCaseKeyword.groovy:81)
	at com.kms.katalon.core.keyword.builtin.CallTestCaseKeyword.execute(CallTestCaseKeyword.groovy:44)
	at com.kms.katalon.core.keyword.internal.KeywordExecutor.executeKeywordForPlatform(KeywordExecutor.groovy:74)
	at com.kms.katalon.core.keyword.BuiltinKeywords.callTestCase(BuiltinKeywords.groovy:310)
	at java.base/jdk.internal.reflect.NativeMethodAccessorImpl.invoke0(Native Method)
	at java.base/jdk.internal.reflect.NativeMethodAccessorImpl.invoke(NativeMethodAccessorImpl.java:77)
	at java.base/jdk.internal.reflect.DelegatingMethodAccessorImpl.invoke(DelegatingMethodAccessorImpl.java:43)
	at Regresi Akun Bank.run(Regresi Akun Bank:22)
	at com.kms.katalon.core.main.ScriptEngine.run(ScriptEngine.java:194)
	at com.kms.katalon.core.main.ScriptEngine.runScriptAsRawText(ScriptEngine.java:119)
	at com.kms.katalon.core.main.TestCaseExecutor.runScript(TestCaseExecutor.java:448)
	at com.kms.katalon.core.main.TestCaseExecutor.doExecute(TestCaseExecutor.java:439)
	at com.kms.katalon.core.main.TestCaseExecutor.processExecutionPhase(TestCaseExecutor.java:418)
	at com.kms.katalon.core.main.TestCaseExecutor.accessMainPhase(TestCaseExecutor.java:410)
	at com.kms.katalon.core.main.TestCaseExecutor.execute(TestCaseExecutor.java:285)
	at com.kms.katalon.core.common.CommonExecutor.accessTestCaseMainPhase(CommonExecutor.java:65)
	at com.kms.katalon.core.main.TestSuiteExecutor.accessTestSuiteMainPhase(TestSuiteExecutor.java:161)
	at com.kms.katalon.core.main.TestSuiteExecutor.execute(TestSuiteExecutor.java:107)
	at com.kms.katalon.core.main.TestCaseMain.startTestSuite(TestCaseMain.java:176)
	at TempTestSuite1735878642439.run(TempTestSuite1735878642439.groovy:35)
	at java.base/jdk.internal.reflect.NativeMethodAccessorImpl.invoke0(Native Method)
	at java.base/jdk.internal.reflect.NativeMethodAccessorImpl.invoke(NativeMethodAccessorImpl.java:77)
	at java.base/jdk.internal.reflect.DelegatingMethodAccessorImpl.invoke(DelegatingMethodAccessorImpl.java:43)
)

03-01-2025T11:32:09 - [MESSAGE][WARNING] - Text 'Nomor rekening sudah terdaftar' is not present on page  (Root cause: com.kms.katalon.core.exception.StepFailedException: Text 'Nomor rekening sudah terdaftar' is not present on page 
	at com.kms.katalon.core.webui.keyword.internal.WebUIKeywordMain.stepFailed(WebUIKeywordMain.groovy:117)
	at com.kms.katalon.core.webui.keyword.builtin.VerifyTextPresentKeyword$_verifyTextPresent_closure1.doCall(VerifyTextPresentKeyword.groovy:79)
	at com.kms.katalon.core.webui.keyword.builtin.VerifyTextPresentKeyword$_verifyTextPresent_closure1.call(VerifyTextPresentKeyword.groovy)
	at com.kms.katalon.core.webui.keyword.internal.WebUIKeywordMain.runKeyword(WebUIKeywordMain.groovy:35)
	at com.kms.katalon.core.webui.keyword.builtin.VerifyTextPresentKeyword.verifyTextPresent(VerifyTextPresentKeyword.groovy:83)
	at com.kms.katalon.core.webui.keyword.builtin.VerifyTextPresentKeyword.execute(VerifyTextPresentKeyword.groovy:68)
	at com.kms.katalon.core.keyword.internal.KeywordExecutor.executeKeywordForPlatform(KeywordExecutor.groovy:74)
	at com.kms.katalon.core.webui.keyword.WebUiBuiltInKeywords.verifyTextPresent(WebUiBuiltInKeywords.groovy:1783)
	at Tambah Akun Bank.run(Tambah Akun Bank:84)
	at com.kms.katalon.core.main.ScriptEngine.run(ScriptEngine.java:194)
	at com.kms.katalon.core.main.ScriptEngine.runScriptAsRawText(ScriptEngine.java:119)
	at com.kms.katalon.core.main.TestCaseExecutor.runScript(TestCaseExecutor.java:448)
	at com.kms.katalon.core.main.TestCaseExecutor.doExecute(TestCaseExecutor.java:439)
	at com.kms.katalon.core.main.TestCaseExecutor.processExecutionPhase(TestCaseExecutor.java:418)
	at com.kms.katalon.core.main.TestCaseExecutor.accessMainPhase(TestCaseExecutor.java:410)
	at com.kms.katalon.core.main.TestCaseExecutor.execute(TestCaseExecutor.java:285)
	at com.kms.katalon.core.main.TestCaseMain.runTestCase(TestCaseMain.java:133)
	at com.kms.katalon.core.keyword.builtin.CallTestCaseKeyword$_callTestCase_closure1.doCall(CallTestCaseKeyword.groovy:59)
	at com.kms.katalon.core.keyword.builtin.CallTestCaseKeyword$_callTestCase_closure1.call(CallTestCaseKeyword.groovy)
	at com.kms.katalon.core.keyword.internal.KeywordMain.runKeyword(KeywordMain.groovy:75)
	at com.kms.katalon.core.keyword.builtin.CallTestCaseKeyword.callTestCase(CallTestCaseKeyword.groovy:81)
	at com.kms.katalon.core.keyword.builtin.CallTestCaseKeyword.execute(CallTestCaseKeyword.groovy:44)
	at com.kms.katalon.core.keyword.internal.KeywordExecutor.executeKeywordForPlatform(KeywordExecutor.groovy:74)
	at com.kms.katalon.core.keyword.BuiltinKeywords.callTestCase(BuiltinKeywords.groovy:310)
	at java.base/jdk.internal.reflect.NativeMethodAccessorImpl.invoke0(Native Method)
	at java.base/jdk.internal.reflect.NativeMethodAccessorImpl.invoke(NativeMethodAccessorImpl.java:77)
	at java.base/jdk.internal.reflect.DelegatingMethodAccessorImpl.invoke(DelegatingMethodAccessorImpl.java:43)
	at Regresi Akun Bank.run(Regresi Akun Bank:22)
	at com.kms.katalon.core.main.ScriptEngine.run(ScriptEngine.java:194)
	at com.kms.katalon.core.main.ScriptEngine.runScriptAsRawText(ScriptEngine.java:119)
	at com.kms.katalon.core.main.TestCaseExecutor.runScript(TestCaseExecutor.java:448)
	at com.kms.katalon.core.main.TestCaseExecutor.doExecute(TestCaseExecutor.java:439)
	at com.kms.katalon.core.main.TestCaseExecutor.processExecutionPhase(TestCaseExecutor.java:418)
	at com.kms.katalon.core.main.TestCaseExecutor.accessMainPhase(TestCaseExecutor.java:410)
	at com.kms.katalon.core.main.TestCaseExecutor.execute(TestCaseExecutor.java:285)
	at com.kms.katalon.core.common.CommonExecutor.accessTestCaseMainPhase(CommonExecutor.java:65)
	at com.kms.katalon.core.main.TestSuiteExecutor.accessTestSuiteMainPhase(TestSuiteExecutor.java:161)
	at com.kms.katalon.core.main.TestSuiteExecutor.execute(TestSuiteExecutor.java:107)
	at com.kms.katalon.core.main.TestCaseMain.startTestSuite(TestCaseMain.java:176)
	at TempTestSuite1735878642439.run(TempTestSuite1735878642439.groovy:35)
	at java.base/jdk.internal.reflect.NativeMethodAccessorImpl.invoke0(Native Method)
	at java.base/jdk.internal.reflect.NativeMethodAccessorImpl.invoke(NativeMethodAccessorImpl.java:77)
	at java.base/jdk.internal.reflect.DelegatingMethodAccessorImpl.invoke(DelegatingMethodAccessorImpl.java:43)
)

03-01-2025T11:32:09 - [TEST_STEP][PASSED] - if (!(isErrorPresent)): null

03-01-2025T11:32:09 - [TEST_STEP][PASSED] - verifyElementVisible(findTestObject("Master Data/Admin Sekolah/Akun Bank/Akun Bank Dashboard"), CONTINUE_ON_FAILURE): Object 'Object Repository/Master Data/Admin Sekolah/Akun Bank/Akun Bank Dashboard' is visible

03-01-2025T11:32:09 - [MESSAGE][PASSED] - Object 'Object Repository/Master Data/Admin Sekolah/Akun Bank/Akun Bank Dashboard' is visible

03-01-2025T11:32:09 - [TEST_STEP][PASSED] - break: null

03-01-2025T11:32:09 - [TEST_STEP][PASSED] - if (isErrorPresent): null

03-01-2025T11:32:09 - [TEST_STEP][PASSED] - else: Nomor rekening berhasil didaftarkan.

03-01-2025T11:32:09 - [TEST_STEP][PASSED] - comment("Nomor rekening berhasil didaftarkan."): Nomor rekening berhasil didaftarkan.

03-01-2025T11:32:09 - [MESSAGE][INFO] - Nomor rekening berhasil didaftarkan.

03-01-2025T11:32:09 - [MESSAGE][PASSED] - Call Test Case 'Test Cases/Master Data/Admin Sekolah/Master Data Akun Bank/Tambah Akun Bank' successfully

03-01-2025T11:32:09 - [TEST_STEP][PASSED] - callTestCase(findTestCase("Test Cases/Master Data/Admin Sekolah/Master Data Akun Bank/Edit Akun Bank"), [:], CONTINUE_ON_FAILURE): Call Test Case 'Test Cases/Master Data/Admin Sekolah/Master Data Akun Bank/Edit Akun Bank' successfully

03-01-2025T11:32:09 - [TEST_CASE][PASSED] - Test Cases/Master Data/Admin Sekolah/Master Data Akun Bank/Edit Akun Bank: Test Cases/Master Data/Admin Sekolah/Master Data Akun Bank/Edit Akun Bank

03-01-2025T11:32:09 - [TEST_STEP][PASSED] - openBrowser(""): Browser is opened with url: ''

03-01-2025T11:32:09 - [MESSAGE][WARNING] - A browser is already opened. Closing browser and opening a new one

03-01-2025T11:32:10 - [MESSAGE][INFO] - Starting 'Chrome' driver

03-01-2025T11:32:10 - [MESSAGE][INFO] - Action delay is set to 0 milliseconds

03-01-2025T11:32:10 - [MESSAGE][PASSED] - Browser is opened with url: ''

03-01-2025T11:32:10 - [TEST_STEP][PASSED] - maximizeWindow(): Current window maximized

03-01-2025T11:32:11 - [MESSAGE][PASSED] - Current window maximized

03-01-2025T11:32:11 - [TEST_STEP][PASSED] - navigateToUrl("https://sit.siprusedu.com/login"): Navigate to 'https://sit.siprusedu.com/login' successfully

03-01-2025T11:32:11 - [MESSAGE][PASSED] - Navigate to 'https://sit.siprusedu.com/login' successfully

03-01-2025T11:32:11 - [TEST_STEP][PASSED] - setText(findTestObject("Master Data/Admin Sekolah/Login/Field Email"), "admin.gudangsolusi@digiform.co.id"): Text 'admin.gudangsolusi@digiform.co.id' is set on object 'Object Repository/Master Data/Admin Sekolah/Login/Field Email'

03-01-2025T11:32:13 - [MESSAGE][PASSED] - Text 'admin.gudangsolusi@digiform.co.id' is set on object 'Object Repository/Master Data/Admin Sekolah/Login/Field Email'

03-01-2025T11:32:13 - [TEST_STEP][PASSED] - setText(findTestObject("Master Data/Admin Sekolah/Login/Input Password"), "Test1234"): Text 'Test1234' is set on object 'Object Repository/Master Data/Admin Sekolah/Login/Input Password'

03-01-2025T11:32:13 - [MESSAGE][PASSED] - Text 'Test1234' is set on object 'Object Repository/Master Data/Admin Sekolah/Login/Input Password'

03-01-2025T11:32:13 - [TEST_STEP][PASSED] - click(findTestObject("Master Data/Admin Sekolah/Login/Button Submit")): Object: 'Object Repository/Master Data/Admin Sekolah/Login/Button Submit' is clicked on

03-01-2025T11:32:14 - [MESSAGE][PASSED] - Object: 'Object Repository/Master Data/Admin Sekolah/Login/Button Submit' is clicked on

03-01-2025T11:32:14 - [TEST_STEP][PASSED] - click(findTestObject("Master Data/Admin Sekolah/Tagihan/Master Data Menu")): Object: 'Object Repository/Master Data/Admin Sekolah/Tagihan/Master Data Menu' is clicked on

03-01-2025T11:32:15 - [MESSAGE][PASSED] - Object: 'Object Repository/Master Data/Admin Sekolah/Tagihan/Master Data Menu' is clicked on

03-01-2025T11:32:15 - [TEST_STEP][PASSED] - click(findTestObject("Master Data/Admin Sekolah/Akun Bank/Menu Akun Bank")): Object: 'Object Repository/Master Data/Admin Sekolah/Akun Bank/Menu Akun Bank' is clicked on

03-01-2025T11:32:16 - [MESSAGE][PASSED] - Object: 'Object Repository/Master Data/Admin Sekolah/Akun Bank/Menu Akun Bank' is clicked on

03-01-2025T11:32:16 - [TEST_STEP][PASSED] - click(findTestObject("Master Data/Admin Sekolah/Akun Bank/Edit Akun Bank/Button Action")): Object: 'Object Repository/Master Data/Admin Sekolah/Akun Bank/Edit Akun Bank/Button Action' is clicked on

03-01-2025T11:32:17 - [MESSAGE][PASSED] - Object: 'Object Repository/Master Data/Admin Sekolah/Akun Bank/Edit Akun Bank/Button Action' is clicked on

03-01-2025T11:32:17 - [TEST_STEP][PASSED] - click(findTestObject("Master Data/Admin Sekolah/Akun Bank/Edit Akun Bank/Button Edit")): Object: 'Object Repository/Master Data/Admin Sekolah/Akun Bank/Edit Akun Bank/Button Edit' is clicked on

03-01-2025T11:32:18 - [MESSAGE][PASSED] - Object: 'Object Repository/Master Data/Admin Sekolah/Akun Bank/Edit Akun Bank/Button Edit' is clicked on

03-01-2025T11:32:18 - [TEST_STEP][PASSED] - click(findTestObject("Master Data/Admin Sekolah/Akun Bank/Edit Akun Bank/Dropdown Akun Bank")): Object: 'Object Repository/Master Data/Admin Sekolah/Akun Bank/Edit Akun Bank/Dropdown Akun Bank' is clicked on

03-01-2025T11:32:18 - [MESSAGE][PASSED] - Object: 'Object Repository/Master Data/Admin Sekolah/Akun Bank/Edit Akun Bank/Dropdown Akun Bank' is clicked on

03-01-2025T11:32:18 - [TEST_STEP][PASSED] - click(findTestObject("Master Data/Admin Sekolah/Akun Bank/Edit Akun Bank/Value Dropdown Akun Bank")): Object: 'Object Repository/Master Data/Admin Sekolah/Akun Bank/Edit Akun Bank/Value Dropdown Akun Bank' is clicked on

03-01-2025T11:32:19 - [MESSAGE][PASSED] - Object: 'Object Repository/Master Data/Admin Sekolah/Akun Bank/Edit Akun Bank/Value Dropdown Akun Bank' is clicked on

03-01-2025T11:32:19 - [TEST_STEP][PASSED] - clearAndSetText(findTestObject("Master Data/Admin Sekolah/Akun Bank/Edit Akun Bank/Field Nama Akun Bank"), generateRandomBankAccountName()): null

03-01-2025T11:32:19 - [TEST_STEP][PASSED] - firstNames = ["Pandu", "Budi", "Siti", "Andi", "Joko", "Rina", "Ari", "Maya"]: null

03-01-2025T11:32:19 - [TEST_STEP][PASSED] - lastNames = ["Wibisana", "Sari", "Pratama", "Santoso", "Putra", "Gunawan", "Sudarmaji", "Amir"]: null

03-01-2025T11:32:19 - [TEST_STEP][PASSED] - random = new java.util.Random(): null

03-01-2025T11:32:19 - [TEST_STEP][PASSED] - firstName = firstNames[random.nextInt(firstNames.size())]: null

03-01-2025T11:32:19 - [TEST_STEP][PASSED] - lastName = lastNames[random.nextInt(lastNames.size())]: null

03-01-2025T11:32:19 - [TEST_STEP][PASSED] - return ((firstName +  ) + lastName): null

03-01-2025T11:32:19 - [TEST_STEP][PASSED] - sendKeys(testObject, Keys.chord(CONTROL, "a")): Keys 'CONTROL + a' sent to object: 'Object Repository/Master Data/Admin Sekolah/Akun Bank/Edit Akun Bank/Field Nama Akun Bank'

03-01-2025T11:32:19 - [MESSAGE][PASSED] - Keys 'CONTROL + a' sent to object: 'Object Repository/Master Data/Admin Sekolah/Akun Bank/Edit Akun Bank/Field Nama Akun Bank'

03-01-2025T11:32:19 - [TEST_STEP][PASSED] - sendKeys(testObject, Keys.chord(BACK_SPACE)): Keys 'BACK_SPACE + ' sent to object: 'Object Repository/Master Data/Admin Sekolah/Akun Bank/Edit Akun Bank/Field Nama Akun Bank'

03-01-2025T11:32:19 - [MESSAGE][PASSED] - Keys 'BACK_SPACE + ' sent to object: 'Object Repository/Master Data/Admin Sekolah/Akun Bank/Edit Akun Bank/Field Nama Akun Bank'

03-01-2025T11:32:19 - [TEST_STEP][PASSED] - setText(testObject, newText): Text 'Rina Amir' is set on object 'Object Repository/Master Data/Admin Sekolah/Akun Bank/Edit Akun Bank/Field Nama Akun Bank'

03-01-2025T11:32:20 - [MESSAGE][PASSED] - Text 'Rina Amir' is set on object 'Object Repository/Master Data/Admin Sekolah/Akun Bank/Edit Akun Bank/Field Nama Akun Bank'

03-01-2025T11:32:20 - [TEST_STEP][PASSED] - initialAccountNumber = generateRandomData("64", 10): null

03-01-2025T11:32:20 - [TEST_STEP][PASSED] - random = new java.util.Random(): null

03-01-2025T11:32:20 - [TEST_STEP][PASSED] - result = prefix: null

03-01-2025T11:32:20 - [TEST_STEP][PASSED] - for ([i = 0, i < length, (i++)]): null

03-01-2025T11:32:20 - [TEST_STEP][PASSED] - result += random.nextInt(10): null

03-01-2025T11:32:20 - [TEST_STEP][PASSED] - result += random.nextInt(10): null

03-01-2025T11:32:20 - [TEST_STEP][PASSED] - result += random.nextInt(10): null

03-01-2025T11:32:20 - [TEST_STEP][PASSED] - result += random.nextInt(10): null

03-01-2025T11:32:20 - [TEST_STEP][PASSED] - result += random.nextInt(10): null

03-01-2025T11:32:20 - [TEST_STEP][PASSED] - result += random.nextInt(10): null

03-01-2025T11:32:20 - [TEST_STEP][PASSED] - result += random.nextInt(10): null

03-01-2025T11:32:20 - [TEST_STEP][PASSED] - result += random.nextInt(10): null

03-01-2025T11:32:20 - [TEST_STEP][PASSED] - result += random.nextInt(10): null

03-01-2025T11:32:20 - [TEST_STEP][PASSED] - result += random.nextInt(10): null

03-01-2025T11:32:20 - [TEST_STEP][PASSED] - return result: null

03-01-2025T11:32:20 - [TEST_STEP][PASSED] - attempt = 0: null

03-01-2025T11:32:20 - [TEST_STEP][PASSED] - isSaved = false: null

03-01-2025T11:32:20 - [TEST_STEP][PASSED] - maxAttempts = 5: null

03-01-2025T11:32:20 - [TEST_STEP][PASSED] - while (!(isSaved) && attempt < maxAttempts): null

03-01-2025T11:32:20 - [TEST_STEP][PASSED] - (attempt++): null

03-01-2025T11:32:20 - [TEST_STEP][PASSED] - println(Percobaan ke-$attempt): null

03-01-2025T11:32:20 - [TEST_STEP][PASSED] - clearAndSetText(findTestObject("Master Data/Admin Sekolah/Akun Bank/Edit Akun Bank/Field Nomor Rekening Bank"), initialAccountNumber): null

03-01-2025T11:32:20 - [TEST_STEP][PASSED] - sendKeys(testObject, Keys.chord(CONTROL, "a")): Keys 'CONTROL + a' sent to object: 'Object Repository/Master Data/Admin Sekolah/Akun Bank/Edit Akun Bank/Field Nomor Rekening Bank'

03-01-2025T11:32:20 - [MESSAGE][PASSED] - Keys 'CONTROL + a' sent to object: 'Object Repository/Master Data/Admin Sekolah/Akun Bank/Edit Akun Bank/Field Nomor Rekening Bank'

03-01-2025T11:32:20 - [TEST_STEP][PASSED] - sendKeys(testObject, Keys.chord(BACK_SPACE)): Keys 'BACK_SPACE + ' sent to object: 'Object Repository/Master Data/Admin Sekolah/Akun Bank/Edit Akun Bank/Field Nomor Rekening Bank'

03-01-2025T11:32:20 - [MESSAGE][PASSED] - Keys 'BACK_SPACE + ' sent to object: 'Object Repository/Master Data/Admin Sekolah/Akun Bank/Edit Akun Bank/Field Nomor Rekening Bank'

03-01-2025T11:32:20 - [TEST_STEP][PASSED] - setText(testObject, newText): null

03-01-2025T11:32:21 - [MESSAGE][PASSED] - Text '648262664944' is set on object 'Object Repository/Master Data/Admin Sekolah/Akun Bank/Edit Akun Bank/Field Nomor Rekening Bank'

03-01-2025T11:32:21 - [TEST_STEP][PASSED] - click(findTestObject("Master Data/Admin Sekolah/Akun Bank/Edit Akun Bank/Button Simpan")): Object: 'Object Repository/Master Data/Admin Sekolah/Akun Bank/Edit Akun Bank/Button Simpan' is clicked on

03-01-2025T11:32:21 - [MESSAGE][PASSED] - Object: 'Object Repository/Master Data/Admin Sekolah/Akun Bank/Edit Akun Bank/Button Simpan' is clicked on

03-01-2025T11:32:21 - [TEST_STEP][PASSED] - if (verifyElementVisible(findTestObject("Master Data/Admin Sekolah/Akun Bank/Edit Akun Bank/Toast Notification Error Nomor Rekening Sudah Terdaftar"), OPTIONAL)): Unable to verify object is visible (Root cause: com.kms.katalon.core.exception.StepFailedException: Unable to verify object is visible
	at com.kms.katalon.core.webui.keyword.internal.WebUIKeywordMain.stepFailed(WebUIKeywordMain.groovy:117)
	at com.kms.katalon.core.webui.keyword.internal.WebUIKeywordMain.runKeyword(WebUIKeywordMain.groovy:43)
	at com.kms.katalon.core.webui.keyword.builtin.VerifyElementVisibleKeyword.verifyElementVisible(VerifyElementVisibleKeyword.groovy:97)
	at com.kms.katalon.core.webui.keyword.builtin.VerifyElementVisibleKeyword.execute(VerifyElementVisibleKeyword.groovy:67)
	at com.kms.katalon.core.keyword.internal.KeywordExecutor.executeKeywordForPlatform(KeywordExecutor.groovy:74)
	at com.kms.katalon.core.webui.keyword.WebUiBuiltInKeywords.verifyElementVisible(WebUiBuiltInKeywords.groovy:438)
	at Edit Akun Bank.run(Edit Akun Bank:76)
	at com.kms.katalon.core.main.ScriptEngine.run(ScriptEngine.java:194)
	at com.kms.katalon.core.main.ScriptEngine.runScriptAsRawText(ScriptEngine.java:119)
	at com.kms.katalon.core.main.TestCaseExecutor.runScript(TestCaseExecutor.java:448)
	at com.kms.katalon.core.main.TestCaseExecutor.doExecute(TestCaseExecutor.java:439)
	at com.kms.katalon.core.main.TestCaseExecutor.processExecutionPhase(TestCaseExecutor.java:418)
	at com.kms.katalon.core.main.TestCaseExecutor.accessMainPhase(TestCaseExecutor.java:410)
	at com.kms.katalon.core.main.TestCaseExecutor.execute(TestCaseExecutor.java:285)
	at com.kms.katalon.core.main.TestCaseMain.runTestCase(TestCaseMain.java:133)
	at com.kms.katalon.core.keyword.builtin.CallTestCaseKeyword$_callTestCase_closure1.doCall(CallTestCaseKeyword.groovy:59)
	at com.kms.katalon.core.keyword.builtin.CallTestCaseKeyword$_callTestCase_closure1.call(CallTestCaseKeyword.groovy)
	at com.kms.katalon.core.keyword.internal.KeywordMain.runKeyword(KeywordMain.groovy:75)
	at com.kms.katalon.core.keyword.builtin.CallTestCaseKeyword.callTestCase(CallTestCaseKeyword.groovy:81)
	at com.kms.katalon.core.keyword.builtin.CallTestCaseKeyword.execute(CallTestCaseKeyword.groovy:44)
	at com.kms.katalon.core.keyword.internal.KeywordExecutor.executeKeywordForPlatform(KeywordExecutor.groovy:74)
	at com.kms.katalon.core.keyword.BuiltinKeywords.callTestCase(BuiltinKeywords.groovy:310)
	at java.base/jdk.internal.reflect.NativeMethodAccessorImpl.invoke0(Native Method)
	at java.base/jdk.internal.reflect.NativeMethodAccessorImpl.invoke(NativeMethodAccessorImpl.java:77)
	at java.base/jdk.internal.reflect.DelegatingMethodAccessorImpl.invoke(DelegatingMethodAccessorImpl.java:43)
	at Regresi Akun Bank.run(Regresi Akun Bank:26)
	at com.kms.katalon.core.main.ScriptEngine.run(ScriptEngine.java:194)
	at com.kms.katalon.core.main.ScriptEngine.runScriptAsRawText(ScriptEngine.java:119)
	at com.kms.katalon.core.main.TestCaseExecutor.runScript(TestCaseExecutor.java:448)
	at com.kms.katalon.core.main.TestCaseExecutor.doExecute(TestCaseExecutor.java:439)
	at com.kms.katalon.core.main.TestCaseExecutor.processExecutionPhase(TestCaseExecutor.java:418)
	at com.kms.katalon.core.main.TestCaseExecutor.accessMainPhase(TestCaseExecutor.java:410)
	at com.kms.katalon.core.main.TestCaseExecutor.execute(TestCaseExecutor.java:285)
	at com.kms.katalon.core.common.CommonExecutor.accessTestCaseMainPhase(CommonExecutor.java:65)
	at com.kms.katalon.core.main.TestSuiteExecutor.accessTestSuiteMainPhase(TestSuiteExecutor.java:161)
	at com.kms.katalon.core.main.TestSuiteExecutor.execute(TestSuiteExecutor.java:107)
	at com.kms.katalon.core.main.TestCaseMain.startTestSuite(TestCaseMain.java:176)
	at TempTestSuite1735878642439.run(TempTestSuite1735878642439.groovy:35)
	at java.base/jdk.internal.reflect.NativeMethodAccessorImpl.invoke0(Native Method)
	at java.base/jdk.internal.reflect.NativeMethodAccessorImpl.invoke(NativeMethodAccessorImpl.java:77)
	at java.base/jdk.internal.reflect.DelegatingMethodAccessorImpl.invoke(DelegatingMethodAccessorImpl.java:43)
Caused by: java.lang.IllegalArgumentException: Object is null
	at com.kms.katalon.core.helper.KeywordHelper.checkTestObjectParameter(KeywordHelper.java:33)
	at com.kms.katalon.core.webui.keyword.builtin.VerifyElementVisibleKeyword$_verifyElementVisible_closure1.doCall(VerifyElementVisibleKeyword.groovy:75)
	at com.kms.katalon.core.webui.keyword.builtin.VerifyElementVisibleKeyword$_verifyElementVisible_closure1.call(VerifyElementVisibleKeyword.groovy)
	at com.kms.katalon.core.webui.keyword.internal.WebUIKeywordMain.runKeyword(WebUIKeywordMain.groovy:35)
	at com.kms.katalon.core.webui.keyword.builtin.VerifyElementVisibleKeyword.verifyElementVisible(VerifyElementVisibleKeyword.groovy:97)
	at com.kms.katalon.core.webui.keyword.builtin.VerifyElementVisibleKeyword.execute(VerifyElementVisibleKeyword.groovy:67)
	at com.kms.katalon.core.keyword.internal.KeywordExecutor.executeKeywordForPlatform(KeywordExecutor.groovy:74)
	at com.kms.katalon.core.webui.keyword.WebUiBuiltInKeywords.verifyElementVisible(WebUiBuiltInKeywords.groovy:438)
	at Script1733198752835.run(Script1733198752835.groovy:76)
	at com.kms.katalon.core.main.ScriptEngine.run(ScriptEngine.java:194)
	at com.kms.katalon.core.main.ScriptEngine.runScriptAsRawText(ScriptEngine.java:119)
	at com.kms.katalon.core.main.TestCaseExecutor.runScript(TestCaseExecutor.java:448)
	at com.kms.katalon.core.main.TestCaseExecutor.doExecute(TestCaseExecutor.java:439)
	at com.kms.katalon.core.main.TestCaseExecutor.processExecutionPhase(TestCaseExecutor.java:418)
	at com.kms.katalon.core.main.TestCaseExecutor.accessMainPhase(TestCaseExecutor.java:410)
	at com.kms.katalon.core.main.TestCaseExecutor.execute(TestCaseExecutor.java:285)
	at com.kms.katalon.core.main.TestCaseMain.runTestCase(TestCaseMain.java:133)
	at com.kms.katalon.core.keyword.builtin.CallTestCaseKeyword$_callTestCase_closure1.doCall(CallTestCaseKeyword.groovy:59)
	at com.kms.katalon.core.keyword.builtin.CallTestCaseKeyword$_callTestCase_closure1.call(CallTestCaseKeyword.groovy)
	at com.kms.katalon.core.keyword.internal.KeywordMain.runKeyword(KeywordMain.groovy:75)
	at com.kms.katalon.core.keyword.builtin.CallTestCaseKeyword.callTestCase(CallTestCaseKeyword.groovy:81)
	at com.kms.katalon.core.keyword.builtin.CallTestCaseKeyword.execute(CallTestCaseKeyword.groovy:44)
	at com.kms.katalon.core.keyword.internal.KeywordExecutor.executeKeywordForPlatform(KeywordExecutor.groovy:74)
	at com.kms.katalon.core.keyword.BuiltinKeywords.callTestCase(BuiltinKeywords.groovy:310)
	at java.base/jdk.internal.reflect.NativeMethodAccessorImpl.invoke0(Native Method)
	at java.base/jdk.internal.reflect.NativeMethodAccessorImpl.invoke(NativeMethodAccessorImpl.java:77)
	at java.base/jdk.internal.reflect.DelegatingMethodAccessorImpl.invoke(DelegatingMethodAccessorImpl.java:43)
	at Script1735746249821.run(Script1735746249821.groovy:26)
	... 15 more
)

03-01-2025T11:32:21 - [MESSAGE][WARNING] - Test object with id 'Object Repository/Master Data/Admin Sekolah/Akun Bank/Edit Akun Bank/Toast Notification Error Nomor Rekening Sudah Terdaftar' does not exist

03-01-2025T11:32:21 - [MESSAGE][WARNING] - Test object with id 'Object Repository/' does not exist

03-01-2025T11:32:21 - [MESSAGE][WARNING] - Unable to verify object is visible (Root cause: com.kms.katalon.core.exception.StepFailedException: Unable to verify object is visible
	at com.kms.katalon.core.webui.keyword.internal.WebUIKeywordMain.stepFailed(WebUIKeywordMain.groovy:117)
	at com.kms.katalon.core.webui.keyword.internal.WebUIKeywordMain.runKeyword(WebUIKeywordMain.groovy:43)
	at com.kms.katalon.core.webui.keyword.builtin.VerifyElementVisibleKeyword.verifyElementVisible(VerifyElementVisibleKeyword.groovy:97)
	at com.kms.katalon.core.webui.keyword.builtin.VerifyElementVisibleKeyword.execute(VerifyElementVisibleKeyword.groovy:67)
	at com.kms.katalon.core.keyword.internal.KeywordExecutor.executeKeywordForPlatform(KeywordExecutor.groovy:74)
	at com.kms.katalon.core.webui.keyword.WebUiBuiltInKeywords.verifyElementVisible(WebUiBuiltInKeywords.groovy:438)
	at Edit Akun Bank.run(Edit Akun Bank:76)
	at com.kms.katalon.core.main.ScriptEngine.run(ScriptEngine.java:194)
	at com.kms.katalon.core.main.ScriptEngine.runScriptAsRawText(ScriptEngine.java:119)
	at com.kms.katalon.core.main.TestCaseExecutor.runScript(TestCaseExecutor.java:448)
	at com.kms.katalon.core.main.TestCaseExecutor.doExecute(TestCaseExecutor.java:439)
	at com.kms.katalon.core.main.TestCaseExecutor.processExecutionPhase(TestCaseExecutor.java:418)
	at com.kms.katalon.core.main.TestCaseExecutor.accessMainPhase(TestCaseExecutor.java:410)
	at com.kms.katalon.core.main.TestCaseExecutor.execute(TestCaseExecutor.java:285)
	at com.kms.katalon.core.main.TestCaseMain.runTestCase(TestCaseMain.java:133)
	at com.kms.katalon.core.keyword.builtin.CallTestCaseKeyword$_callTestCase_closure1.doCall(CallTestCaseKeyword.groovy:59)
	at com.kms.katalon.core.keyword.builtin.CallTestCaseKeyword$_callTestCase_closure1.call(CallTestCaseKeyword.groovy)
	at com.kms.katalon.core.keyword.internal.KeywordMain.runKeyword(KeywordMain.groovy:75)
	at com.kms.katalon.core.keyword.builtin.CallTestCaseKeyword.callTestCase(CallTestCaseKeyword.groovy:81)
	at com.kms.katalon.core.keyword.builtin.CallTestCaseKeyword.execute(CallTestCaseKeyword.groovy:44)
	at com.kms.katalon.core.keyword.internal.KeywordExecutor.executeKeywordForPlatform(KeywordExecutor.groovy:74)
	at com.kms.katalon.core.keyword.BuiltinKeywords.callTestCase(BuiltinKeywords.groovy:310)
	at java.base/jdk.internal.reflect.NativeMethodAccessorImpl.invoke0(Native Method)
	at java.base/jdk.internal.reflect.NativeMethodAccessorImpl.invoke(NativeMethodAccessorImpl.java:77)
	at java.base/jdk.internal.reflect.DelegatingMethodAccessorImpl.invoke(DelegatingMethodAccessorImpl.java:43)
	at Regresi Akun Bank.run(Regresi Akun Bank:26)
	at com.kms.katalon.core.main.ScriptEngine.run(ScriptEngine.java:194)
	at com.kms.katalon.core.main.ScriptEngine.runScriptAsRawText(ScriptEngine.java:119)
	at com.kms.katalon.core.main.TestCaseExecutor.runScript(TestCaseExecutor.java:448)
	at com.kms.katalon.core.main.TestCaseExecutor.doExecute(TestCaseExecutor.java:439)
	at com.kms.katalon.core.main.TestCaseExecutor.processExecutionPhase(TestCaseExecutor.java:418)
	at com.kms.katalon.core.main.TestCaseExecutor.accessMainPhase(TestCaseExecutor.java:410)
	at com.kms.katalon.core.main.TestCaseExecutor.execute(TestCaseExecutor.java:285)
	at com.kms.katalon.core.common.CommonExecutor.accessTestCaseMainPhase(CommonExecutor.java:65)
	at com.kms.katalon.core.main.TestSuiteExecutor.accessTestSuiteMainPhase(TestSuiteExecutor.java:161)
	at com.kms.katalon.core.main.TestSuiteExecutor.execute(TestSuiteExecutor.java:107)
	at com.kms.katalon.core.main.TestCaseMain.startTestSuite(TestCaseMain.java:176)
	at TempTestSuite1735878642439.run(TempTestSuite1735878642439.groovy:35)
	at java.base/jdk.internal.reflect.NativeMethodAccessorImpl.invoke0(Native Method)
	at java.base/jdk.internal.reflect.NativeMethodAccessorImpl.invoke(NativeMethodAccessorImpl.java:77)
	at java.base/jdk.internal.reflect.DelegatingMethodAccessorImpl.invoke(DelegatingMethodAccessorImpl.java:43)
Caused by: java.lang.IllegalArgumentException: Object is null
	at com.kms.katalon.core.helper.KeywordHelper.checkTestObjectParameter(KeywordHelper.java:33)
	at com.kms.katalon.core.webui.keyword.builtin.VerifyElementVisibleKeyword$_verifyElementVisible_closure1.doCall(VerifyElementVisibleKeyword.groovy:75)
	at com.kms.katalon.core.webui.keyword.builtin.VerifyElementVisibleKeyword$_verifyElementVisible_closure1.call(VerifyElementVisibleKeyword.groovy)
	at com.kms.katalon.core.webui.keyword.internal.WebUIKeywordMain.runKeyword(WebUIKeywordMain.groovy:35)
	at com.kms.katalon.core.webui.keyword.builtin.VerifyElementVisibleKeyword.verifyElementVisible(VerifyElementVisibleKeyword.groovy:97)
	at com.kms.katalon.core.webui.keyword.builtin.VerifyElementVisibleKeyword.execute(VerifyElementVisibleKeyword.groovy:67)
	at com.kms.katalon.core.keyword.internal.KeywordExecutor.executeKeywordForPlatform(KeywordExecutor.groovy:74)
	at com.kms.katalon.core.webui.keyword.WebUiBuiltInKeywords.verifyElementVisible(WebUiBuiltInKeywords.groovy:438)
	at Script1733198752835.run(Script1733198752835.groovy:76)
	at com.kms.katalon.core.main.ScriptEngine.run(ScriptEngine.java:194)
	at com.kms.katalon.core.main.ScriptEngine.runScriptAsRawText(ScriptEngine.java:119)
	at com.kms.katalon.core.main.TestCaseExecutor.runScript(TestCaseExecutor.java:448)
	at com.kms.katalon.core.main.TestCaseExecutor.doExecute(TestCaseExecutor.java:439)
	at com.kms.katalon.core.main.TestCaseExecutor.processExecutionPhase(TestCaseExecutor.java:418)
	at com.kms.katalon.core.main.TestCaseExecutor.accessMainPhase(TestCaseExecutor.java:410)
	at com.kms.katalon.core.main.TestCaseExecutor.execute(TestCaseExecutor.java:285)
	at com.kms.katalon.core.main.TestCaseMain.runTestCase(TestCaseMain.java:133)
	at com.kms.katalon.core.keyword.builtin.CallTestCaseKeyword$_callTestCase_closure1.doCall(CallTestCaseKeyword.groovy:59)
	at com.kms.katalon.core.keyword.builtin.CallTestCaseKeyword$_callTestCase_closure1.call(CallTestCaseKeyword.groovy)
	at com.kms.katalon.core.keyword.internal.KeywordMain.runKeyword(KeywordMain.groovy:75)
	at com.kms.katalon.core.keyword.builtin.CallTestCaseKeyword.callTestCase(CallTestCaseKeyword.groovy:81)
	at com.kms.katalon.core.keyword.builtin.CallTestCaseKeyword.execute(CallTestCaseKeyword.groovy:44)
	at com.kms.katalon.core.keyword.internal.KeywordExecutor.executeKeywordForPlatform(KeywordExecutor.groovy:74)
	at com.kms.katalon.core.keyword.BuiltinKeywords.callTestCase(BuiltinKeywords.groovy:310)
	at java.base/jdk.internal.reflect.NativeMethodAccessorImpl.invoke0(Native Method)
	at java.base/jdk.internal.reflect.NativeMethodAccessorImpl.invoke(NativeMethodAccessorImpl.java:77)
	at java.base/jdk.internal.reflect.DelegatingMethodAccessorImpl.invoke(DelegatingMethodAccessorImpl.java:43)
	at Script1735746249821.run(Script1735746249821.groovy:26)
	... 15 more
)
[[ATTACHMENT|C:\\Users\\henri\\Videos\\school-payment-automation-testing\\Reports\\20250103_113042\\SPRINT 1\\20250103_113042\\1735878741673.png]]

03-01-2025T11:32:21 - [TEST_STEP][PASSED] - else: null

03-01-2025T11:32:21 - [TEST_STEP][PASSED] - isSaved = true: null

03-01-2025T11:32:21 - [TEST_STEP][PASSED] - println("Data berhasil disimpan."): null

03-01-2025T11:32:21 - [TEST_STEP][PASSED] - if (isSaved): Object 'Object Repository/Master Data/Admin Sekolah/Akun Bank/Edit Akun Bank/Toast Notification Data Berhasil Diubah' is visible

03-01-2025T11:32:21 - [TEST_STEP][PASSED] - verifyElementVisible(findTestObject("Master Data/Admin Sekolah/Akun Bank/Edit Akun Bank/Toast Notification Data Berhasil Diubah"), STOP_ON_FAILURE): Object 'Object Repository/Master Data/Admin Sekolah/Akun Bank/Edit Akun Bank/Toast Notification Data Berhasil Diubah' is visible

03-01-2025T11:32:22 - [MESSAGE][PASSED] - Object 'Object Repository/Master Data/Admin Sekolah/Akun Bank/Edit Akun Bank/Toast Notification Data Berhasil Diubah' is visible

03-01-2025T11:32:22 - [TEST_STEP][PASSED] - closeBrowser(): Browser is closed

03-01-2025T11:32:24 - [MESSAGE][PASSED] - Browser is closed

03-01-2025T11:32:24 - [MESSAGE][PASSED] - Call Test Case 'Test Cases/Master Data/Admin Sekolah/Master Data Akun Bank/Edit Akun Bank' successfully

03-01-2025T11:32:24 - [TEST_STEP][PASSED] - println("============================= Loop Again ==============================="): null]]></system-out>
         <system-err><![CDATA[]]></system-err>
      </testcase>
      <testcase name="Test Cases/Regresi Feature/Sprint 1/Regresi Kelas" time="300.99" classname="Test Cases/Regresi Feature/Sprint 1/Regresi Kelas" status="FAILED">
         <failure type="FAILED" message="Test Cases/Regresi Feature/Sprint 1/Regresi Kelas FAILED.&#xa;Reason:&#xa;com.kms.katalon.core.exception.StepFailedException: Unable to call Test Case 'Test Cases/Master Data/Admin Sekolah/Master Data Kelas/Tambah Kelas' (Root cause: com.kms.katalon.core.exception.StepFailedException: Call Test Case 'Test Cases/Master Data/Admin Sekolah/Master Data Kelas/Tambah Kelas' failed&#xa;	at com.kms.katalon.core.keyword.builtin.CallTestCaseKeyword$_callTestCase_closure1.doCall(CallTestCaseKeyword.groovy:63)&#xa;	at com.kms.katalon.core.keyword.builtin.CallTestCaseKeyword$_callTestCase_closure1.call(CallTestCaseKeyword.groovy)&#xa;	at com.kms.katalon.core.keyword.internal.KeywordMain.runKeyword(KeywordMain.groovy:75)&#xa;	at com.kms.katalon.core.keyword.builtin.CallTestCaseKeyword.callTestCase(CallTestCaseKeyword.groovy:81)&#xa;	at com.kms.katalon.core.keyword.builtin.CallTestCaseKeyword.execute(CallTestCaseKeyword.groovy:44)&#xa;	at com.kms.katalon.core.keyword.internal.KeywordExecutor.executeKeywordForPlatform(KeywordExecutor.groovy:74)&#xa;	at com.kms.katalon.core.keyword.BuiltinKeywords.callTestCase(BuiltinKeywords.groovy:310)&#xa;	at java.base/jdk.internal.reflect.NativeMethodAccessorImpl.invoke0(Native Method)&#xa;	at java.base/jdk.internal.reflect.NativeMethodAccessorImpl.invoke(NativeMethodAccessorImpl.java:77)&#xa;	at java.base/jdk.internal.reflect.DelegatingMethodAccessorImpl.invoke(DelegatingMethodAccessorImpl.java:43)&#xa;	at Regresi Kelas.run(Regresi Kelas:26)&#xa;	at com.kms.katalon.core.main.ScriptEngine.run(ScriptEngine.java:194)&#xa;	at com.kms.katalon.core.main.ScriptEngine.runScriptAsRawText(ScriptEngine.java:119)&#xa;	at com.kms.katalon.core.main.TestCaseExecutor.runScript(TestCaseExecutor.java:448)&#xa;	at com.kms.katalon.core.main.TestCaseExecutor.doExecute(TestCaseExecutor.java:439)&#xa;	at com.kms.katalon.core.main.TestCaseExecutor.processExecutionPhase(TestCaseExecutor.java:418)&#xa;	at com.kms.katalon.core.main.TestCaseExecutor.accessMainPhase(TestCaseExecutor.java:410)&#xa;	at com.kms.katalon.core.main.TestCaseExecutor.execute(TestCaseExecutor.java:285)&#xa;	at com.kms.katalon.core.common.CommonExecutor.accessTestCaseMainPhase(CommonExecutor.java:65)&#xa;	at com.kms.katalon.core.main.TestSuiteExecutor.accessTestSuiteMainPhase(TestSuiteExecutor.java:161)&#xa;	at com.kms.katalon.core.main.TestSuiteExecutor.execute(TestSuiteExecutor.java:107)&#xa;	at com.kms.katalon.core.main.TestCaseMain.startTestSuite(TestCaseMain.java:176)&#xa;	at TempTestSuite1735878642439.run(TempTestSuite1735878642439.groovy:35)&#xa;	at java.base/jdk.internal.reflect.NativeMethodAccessorImpl.invoke0(Native Method)&#xa;	at java.base/jdk.internal.reflect.NativeMethodAccessorImpl.invoke(NativeMethodAccessorImpl.java:77)&#xa;	at java.base/jdk.internal.reflect.DelegatingMethodAccessorImpl.invoke(DelegatingMethodAccessorImpl.java:43)&#xa;Caused by: com.kms.katalon.core.exception.StepFailedException: Unable to click on object 'Object Repository/Master Data/Admin Sekolah/Tambah Kelas/Modal Tambah/Prefix/Pilih Prefix' (Root cause: com.kms.katalon.core.exception.StepFailedException: Unable to click on object 'Object Repository/Master Data/Admin Sekolah/Tambah Kelas/Modal Tambah/Prefix/Pilih Prefix'&#xa;	at com.kms.katalon.core.webui.keyword.internal.WebUIKeywordMain.stepFailed(WebUIKeywordMain.groovy:117)&#xa;	at com.kms.katalon.core.webui.keyword.internal.WebUIKeywordMain.runKeyword(WebUIKeywordMain.groovy:43)&#xa;	at com.kms.katalon.core.webui.keyword.builtin.ClickKeyword.click(ClickKeyword.groovy:75)&#xa;	at com.kms.katalon.core.webui.keyword.builtin.ClickKeyword.execute(ClickKeyword.groovy:40)&#xa;	at com.kms.katalon.core.keyword.internal.KeywordExecutor.executeKeywordForPlatform(KeywordExecutor.groovy:74)&#xa;	at com.kms.katalon.core.webui.keyword.WebUiBuiltInKeywords.click(WebUiBuiltInKeywords.groovy:684)&#xa;	at Tambah Kelas.run(Tambah Kelas:46)&#xa;	at com.kms.katalon.core.main.ScriptEngine.run(ScriptEngine.java:194)&#xa;	at com.kms.katalon.core.main.ScriptEngine.runScriptAsRawText(ScriptEngine.java:119)&#xa;	at com.kms.katalon.core.main.TestCaseExecutor.runScript(TestCaseExecutor.java:448)&#xa;	at com.kms.katalon.core.main.TestCaseExecutor.doExecute(TestCaseExecutor.java:439)&#xa;	at com.kms.katalon.core.main.TestCaseExecutor.processExecutionPhase(TestCaseExecutor.java:418)&#xa;	at com.kms.katalon.core.main.TestCaseExecutor.accessMainPhase(TestCaseExecutor.java:410)&#xa;	at com.kms.katalon.core.main.TestCaseExecutor.execute(TestCaseExecutor.java:285)&#xa;	at com.kms.katalon.core.main.TestCaseMain.runTestCase(TestCaseMain.java:133)&#xa;	at com.kms.katalon.core.keyword.builtin.CallTestCaseKeyword$_callTestCase_closure1.doCall(CallTestCaseKeyword.groovy:59)&#xa;	at com.kms.katalon.core.keyword.builtin.CallTestCaseKeyword$_callTestCase_closure1.call(CallTestCaseKeyword.groovy)&#xa;	at com.kms.katalon.core.keyword.internal.KeywordMain.runKeyword(KeywordMain.groovy:75)&#xa;	at com.kms.katalon.core.keyword.builtin.CallTestCaseKeyword.callTestCase(CallTestCaseKeyword.groovy:81)&#xa;	at com.kms.katalon.core.keyword.builtin.CallTestCaseKeyword.execute(CallTestCaseKeyword.groovy:44)&#xa;	at com.kms.katalon.core.keyword.internal.KeywordExecutor.executeKeywordForPlatform(KeywordExecutor.groovy:74)&#xa;	at com.kms.katalon.core.keyword.BuiltinKeywords.callTestCase(BuiltinKeywords.groovy:310)&#xa;	at java.base/jdk.internal.reflect.NativeMethodAccessorImpl.invoke0(Native Method)&#xa;	at java.base/jdk.internal.reflect.NativeMethodAccessorImpl.invoke(NativeMethodAccessorImpl.java:77)&#xa;	at java.base/jdk.internal.reflect.DelegatingMethodAccessorImpl.invoke(DelegatingMethodAccessorImpl.java:43)&#xa;	at Regresi Kelas.run(Regresi Kelas:26)&#xa;	at com.kms.katalon.core.main.ScriptEngine.run(ScriptEngine.java:194)&#xa;	at com.kms.katalon.core.main.ScriptEngine.runScriptAsRawText(ScriptEngine.java:119)&#xa;	at com.kms.katalon.core.main.TestCaseExecutor.runScript(TestCaseExecutor.java:448)&#xa;	at com.kms.katalon.core.main.TestCaseExecutor.doExecute(TestCaseExecutor.java:439)&#xa;	at com.kms.katalon.core.main.TestCaseExecutor.processExecutionPhase(TestCaseExecutor.java:418)&#xa;	at com.kms.katalon.core.main.TestCaseExecutor.accessMainPhase(TestCaseExecutor.java:410)&#xa;	at com.kms.katalon.core.main.TestCaseExecutor.execute(TestCaseExecutor.java:285)&#xa;	at com.kms.katalon.core.common.CommonExecutor.accessTestCaseMainPhase(CommonExecutor.java:65)&#xa;	at com.kms.katalon.core.main.TestSuiteExecutor.accessTestSuiteMainPhase(TestSuiteExecutor.java:161)&#xa;	at com.kms.katalon.core.main.TestSuiteExecutor.execute(TestSuiteExecutor.java:107)&#xa;	at com.kms.katalon.core.main.TestCaseMain.startTestSuite(TestCaseMain.java:176)&#xa;	at TempTestSuite1735878642439.run(TempTestSuite1735878642439.groovy:35)&#xa;	at java.base/jdk.internal.reflect.NativeMethodAccessorImpl.invoke0(Native Method)&#xa;	at java.base/jdk.internal.reflect.NativeMethodAccessorImpl.invoke(NativeMethodAccessorImpl.java:77)&#xa;	at java.base/jdk.internal.reflect.DelegatingMethodAccessorImpl.invoke(DelegatingMethodAccessorImpl.java:43)&#xa;Caused by: com.kms.katalon.core.webui.exception.WebElementNotFoundException: Web element with id: 'Object Repository/Master Data/Admin Sekolah/Tambah Kelas/Modal Tambah/Prefix/Pilih Prefix' located by '//*[@data-testid = 'paragraph' and (text() = 'RETEST' or . = 'RETEST')]' not found&#xa;	at com.kms.katalon.core.webui.common.WebUiCommonHelper.findWebElement(WebUiCommonHelper.java:1426)&#xa;	at com.kms.katalon.core.webui.keyword.internal.WebUIAbstractKeyword.findWebElement(WebUIAbstractKeyword.groovy:27)&#xa;	at com.kms.katalon.core.webui.keyword.builtin.ClickKeyword$_click_closure1.doCall(ClickKeyword.groovy:66)&#xa;	at com.kms.katalon.core.webui.keyword.builtin.ClickKeyword$_click_closure1.call(ClickKeyword.groovy)&#xa;	at com.kms.katalon.core.webui.keyword.internal.WebUIKeywordMain.runKeyword(WebUIKeywordMain.groovy:35)&#xa;	at com.kms.katalon.core.webui.keyword.builtin.ClickKeyword.click(ClickKeyword.groovy:75)&#xa;	at com.kms.katalon.core.webui.keyword.builtin.ClickKeyword.execute(ClickKeyword.groovy:40)&#xa;	at com.kms.katalon.core.keyword.internal.KeywordExecutor.executeKeywordForPlatform(KeywordExecutor.groovy:74)&#xa;	at com.kms.katalon.core.webui.keyword.WebUiBuiltInKeywords.click(WebUiBuiltInKeywords.groovy:684)&#xa;	at Script1731464206565.run(Script1731464206565.groovy:46)&#xa;	at com.kms.katalon.core.main.ScriptEngine.run(ScriptEngine.java:194)&#xa;	at com.kms.katalon.core.main.ScriptEngine.runScriptAsRawText(ScriptEngine.java:119)&#xa;	at com.kms.katalon.core.main.TestCaseExecutor.runScript(TestCaseExecutor.java:448)&#xa;	at com.kms.katalon.core.main.TestCaseExecutor.doExecute(TestCaseExecutor.java:439)&#xa;	at com.kms.katalon.core.main.TestCaseExecutor.processExecutionPhase(TestCaseExecutor.java:418)&#xa;	at com.kms.katalon.core.main.TestCaseExecutor.accessMainPhase(TestCaseExecutor.java:410)&#xa;	at com.kms.katalon.core.main.TestCaseExecutor.execute(TestCaseExecutor.java:285)&#xa;	at com.kms.katalon.core.main.TestCaseMain.runTestCase(TestCaseMain.java:133)&#xa;	at com.kms.katalon.core.keyword.builtin.CallTestCaseKeyword$_callTestCase_closure1.doCall(CallTestCaseKeyword.groovy:59)&#xa;	at com.kms.katalon.core.keyword.builtin.CallTestCaseKeyword$_callTestCase_closure1.call(CallTestCaseKeyword.groovy)&#xa;	at com.kms.katalon.core.keyword.internal.KeywordMain.runKeyword(KeywordMain.groovy:75)&#xa;	at com.kms.katalon.core.keyword.builtin.CallTestCaseKeyword.callTestCase(CallTestCaseKeyword.groovy:81)&#xa;	at com.kms.katalon.core.keyword.builtin.CallTestCaseKeyword.execute(CallTestCaseKeyword.groovy:44)&#xa;	at com.kms.katalon.core.keyword.internal.KeywordExecutor.executeKeywordForPlatform(KeywordExecutor.groovy:74)&#xa;	at com.kms.katalon.core.keyword.BuiltinKeywords.callTestCase(BuiltinKeywords.groovy:310)&#xa;	at java.base/jdk.internal.reflect.NativeMethodAccessorImpl.invoke0(Native Method)&#xa;	at java.base/jdk.internal.reflect.NativeMethodAccessorImpl.invoke(NativeMethodAccessorImpl.java:77)&#xa;	at java.base/jdk.internal.reflect.DelegatingMethodAccessorImpl.invoke(DelegatingMethodAccessorImpl.java:43)&#xa;	at Script1735746406961.run(Script1735746406961.groovy:26)&#xa;	... 15 more&#xa;)&#xa;	at com.kms.katalon.core.keyword.internal.KeywordMain.stepFailed(KeywordMain.groovy:39)&#xa;	at com.kms.katalon.core.webui.keyword.internal.WebUIKeywordMain.stepFailed(WebUIKeywordMain.groovy:117)&#xa;	at com.kms.katalon.core.webui.keyword.internal.WebUIKeywordMain.runKeyword(WebUIKeywordMain.groovy:43)&#xa;	at com.kms.katalon.core.webui.keyword.builtin.ClickKeyword.click(ClickKeyword.groovy:75)&#xa;	at com.kms.katalon.core.webui.keyword.builtin.ClickKeyword.execute(ClickKeyword.groovy:40)&#xa;	at com.kms.katalon.core.keyword.internal.KeywordExecutor.executeKeywordForPlatform(KeywordExecutor.groovy:74)&#xa;	at com.kms.katalon.core.webui.keyword.WebUiBuiltInKeywords.click(WebUiBuiltInKeywords.groovy:684)&#xa;	at Tambah Kelas.run(Tambah Kelas:46)&#xa;	at com.kms.katalon.core.main.ScriptEngine.run(ScriptEngine.java:194)&#xa;	at com.kms.katalon.core.main.ScriptEngine.runScriptAsRawText(ScriptEngine.java:119)&#xa;	at com.kms.katalon.core.main.TestCaseExecutor.runScript(TestCaseExecutor.java:448)&#xa;	at com.kms.katalon.core.main.TestCaseExecutor.doExecute(TestCaseExecutor.java:439)&#xa;	at com.kms.katalon.core.main.TestCaseExecutor.processExecutionPhase(TestCaseExecutor.java:418)&#xa;	at com.kms.katalon.core.main.TestCaseExecutor.accessMainPhase(TestCaseExecutor.java:410)&#xa;	at com.kms.katalon.core.main.TestCaseExecutor.execute(TestCaseExecutor.java:285)&#xa;	at com.kms.katalon.core.main.TestCaseMain.runTestCase(TestCaseMain.java:133)&#xa;	at com.kms.katalon.core.keyword.builtin.CallTestCaseKeyword$_callTestCase_closure1.doCall(CallTestCaseKeyword.groovy:59)&#xa;	... 25 more&#xa;Caused by: com.kms.katalon.core.exception.StepFailedException: Unable to click on object 'Object Repository/Master Data/Admin Sekolah/Tambah Kelas/Modal Tambah/Prefix/Pilih Prefix'&#xa;	... 41 more&#xa;Caused by: com.kms.katalon.core.webui.exception.WebElementNotFoundException: Web element with id: 'Object Repository/Master Data/Admin Sekolah/Tambah Kelas/Modal Tambah/Prefix/Pilih Prefix' located by '//*[@data-testid = 'paragraph' and (text() = 'RETEST' or . = 'RETEST')]' not found&#xa;	at com.kms.katalon.core.webui.common.WebUiCommonHelper.findWebElement(WebUiCommonHelper.java:1426)&#xa;	at com.kms.katalon.core.webui.keyword.internal.WebUIAbstractKeyword.findWebElement(WebUIAbstractKeyword.groovy:27)&#xa;	at com.kms.katalon.core.webui.keyword.builtin.ClickKeyword$_click_closure1.doCall(ClickKeyword.groovy:66)&#xa;	at com.kms.katalon.core.webui.keyword.builtin.ClickKeyword$_click_closure1.call(ClickKeyword.groovy)&#xa;	at com.kms.katalon.core.webui.keyword.internal.WebUIKeywordMain.runKeyword(WebUIKeywordMain.groovy:35)&#xa;	... 39 more&#xa;)&#xa;	at com.kms.katalon.core.keyword.internal.KeywordMain.stepFailed(KeywordMain.groovy:39)&#xa;	at com.kms.katalon.core.keyword.internal.KeywordMain.stepFailed(KeywordMain.groovy)&#xa;	at com.kms.katalon.core.keyword.internal.KeywordMain.runKeyword(KeywordMain.groovy:77)&#xa;	at com.kms.katalon.core.keyword.builtin.CallTestCaseKeyword.callTestCase(CallTestCaseKeyword.groovy:81)&#xa;	at com.kms.katalon.core.keyword.builtin.CallTestCaseKeyword.execute(CallTestCaseKeyword.groovy:44)&#xa;	at com.kms.katalon.core.keyword.internal.KeywordExecutor.executeKeywordForPlatform(KeywordExecutor.groovy:74)&#xa;	at com.kms.katalon.core.keyword.BuiltinKeywords.callTestCase(BuiltinKeywords.groovy:310)&#xa;	at java.base/jdk.internal.reflect.NativeMethodAccessorImpl.invoke0(Native Method)&#xa;	at java.base/jdk.internal.reflect.NativeMethodAccessorImpl.invoke(NativeMethodAccessorImpl.java:77)&#xa;	at java.base/jdk.internal.reflect.DelegatingMethodAccessorImpl.invoke(DelegatingMethodAccessorImpl.java:43)&#xa;	at Regresi Kelas.run(Regresi Kelas:26)&#xa;	at com.kms.katalon.core.main.ScriptEngine.run(ScriptEngine.java:194)&#xa;	at com.kms.katalon.core.main.ScriptEngine.runScriptAsRawText(ScriptEngine.java:119)&#xa;	at com.kms.katalon.core.main.TestCaseExecutor.runScript(TestCaseExecutor.java:448)&#xa;	at com.kms.katalon.core.main.TestCaseExecutor.doExecute(TestCaseExecutor.java:439)&#xa;	at com.kms.katalon.core.main.TestCaseExecutor.processExecutionPhase(TestCaseExecutor.java:418)&#xa;	at com.kms.katalon.core.main.TestCaseExecutor.accessMainPhase(TestCaseExecutor.java:410)&#xa;	at com.kms.katalon.core.main.TestCaseExecutor.execute(TestCaseExecutor.java:285)&#xa;	at com.kms.katalon.core.common.CommonExecutor.accessTestCaseMainPhase(CommonExecutor.java:65)&#xa;	at com.kms.katalon.core.main.TestSuiteExecutor.accessTestSuiteMainPhase(TestSuiteExecutor.java:161)&#xa;	at com.kms.katalon.core.main.TestSuiteExecutor.execute(TestSuiteExecutor.java:107)&#xa;	at com.kms.katalon.core.main.TestCaseMain.startTestSuite(TestCaseMain.java:176)&#xa;	at TempTestSuite1735878642439.run(TempTestSuite1735878642439.groovy:35)&#xa;	at java.base/jdk.internal.reflect.NativeMethodAccessorImpl.invoke0(Native Method)&#xa;	at java.base/jdk.internal.reflect.NativeMethodAccessorImpl.invoke(NativeMethodAccessorImpl.java:77)&#xa;	at java.base/jdk.internal.reflect.DelegatingMethodAccessorImpl.invoke(DelegatingMethodAccessorImpl.java:43)&#xa;Caused by: com.kms.katalon.core.exception.StepFailedException: Call Test Case 'Test Cases/Master Data/Admin Sekolah/Master Data Kelas/Tambah Kelas' failed&#xa;	at com.kms.katalon.core.keyword.builtin.CallTestCaseKeyword$_callTestCase_closure1.doCall(CallTestCaseKeyword.groovy:63)&#xa;	at com.kms.katalon.core.keyword.builtin.CallTestCaseKeyword$_callTestCase_closure1.call(CallTestCaseKeyword.groovy)&#xa;	at com.kms.katalon.core.keyword.internal.KeywordMain.runKeyword(KeywordMain.groovy:75)&#xa;	... 23 more&#xa;Caused by: com.kms.katalon.core.exception.StepFailedException: Unable to click on object 'Object Repository/Master Data/Admin Sekolah/Tambah Kelas/Modal Tambah/Prefix/Pilih Prefix' (Root cause: com.kms.katalon.core.exception.StepFailedException: Unable to click on object 'Object Repository/Master Data/Admin Sekolah/Tambah Kelas/Modal Tambah/Prefix/Pilih Prefix'&#xa;	at com.kms.katalon.core.webui.keyword.internal.WebUIKeywordMain.stepFailed(WebUIKeywordMain.groovy:117)&#xa;	at com.kms.katalon.core.webui.keyword.internal.WebUIKeywordMain.runKeyword(WebUIKeywordMain.groovy:43)&#xa;	at com.kms.katalon.core.webui.keyword.builtin.ClickKeyword.click(ClickKeyword.groovy:75)&#xa;	at com.kms.katalon.core.webui.keyword.builtin.ClickKeyword.execute(ClickKeyword.groovy:40)&#xa;	at com.kms.katalon.core.keyword.internal.KeywordExecutor.executeKeywordForPlatform(KeywordExecutor.groovy:74)&#xa;	at com.kms.katalon.core.webui.keyword.WebUiBuiltInKeywords.click(WebUiBuiltInKeywords.groovy:684)&#xa;	at Tambah Kelas.run(Tambah Kelas:46)&#xa;	at com.kms.katalon.core.main.ScriptEngine.run(ScriptEngine.java:194)&#xa;	at com.kms.katalon.core.main.ScriptEngine.runScriptAsRawText(ScriptEngine.java:119)&#xa;	at com.kms.katalon.core.main.TestCaseExecutor.runScript(TestCaseExecutor.java:448)&#xa;	at com.kms.katalon.core.main.TestCaseExecutor.doExecute(TestCaseExecutor.java:439)&#xa;	at com.kms.katalon.core.main.TestCaseExecutor.processExecutionPhase(TestCaseExecutor.java:418)&#xa;	at com.kms.katalon.core.main.TestCaseExecutor.accessMainPhase(TestCaseExecutor.java:410)&#xa;	at com.kms.katalon.core.main.TestCaseExecutor.execute(TestCaseExecutor.java:285)&#xa;	at com.kms.katalon.core.main.TestCaseMain.runTestCase(TestCaseMain.java:133)&#xa;	at com.kms.katalon.core.keyword.builtin.CallTestCaseKeyword$_callTestCase_closure1.doCall(CallTestCaseKeyword.groovy:59)&#xa;	at com.kms.katalon.core.keyword.builtin.CallTestCaseKeyword$_callTestCase_closure1.call(CallTestCaseKeyword.groovy)&#xa;	at com.kms.katalon.core.keyword.internal.KeywordMain.runKeyword(KeywordMain.groovy:75)&#xa;	at com.kms.katalon.core.keyword.builtin.CallTestCaseKeyword.callTestCase(CallTestCaseKeyword.groovy:81)&#xa;	at com.kms.katalon.core.keyword.builtin.CallTestCaseKeyword.execute(CallTestCaseKeyword.groovy:44)&#xa;	at com.kms.katalon.core.keyword.internal.KeywordExecutor.executeKeywordForPlatform(KeywordExecutor.groovy:74)&#xa;	at com.kms.katalon.core.keyword.BuiltinKeywords.callTestCase(BuiltinKeywords.groovy:310)&#xa;	at java.base/jdk.internal.reflect.NativeMethodAccessorImpl.invoke0(Native Method)&#xa;	at java.base/jdk.internal.reflect.NativeMethodAccessorImpl.invoke(NativeMethodAccessorImpl.java:77)&#xa;	at java.base/jdk.internal.reflect.DelegatingMethodAccessorImpl.invoke(DelegatingMethodAccessorImpl.java:43)&#xa;	at Regresi Kelas.run(Regresi Kelas:26)&#xa;	at com.kms.katalon.core.main.ScriptEngine.run(ScriptEngine.java:194)&#xa;	at com.kms.katalon.core.main.ScriptEngine.runScriptAsRawText(ScriptEngine.java:119)&#xa;	at com.kms.katalon.core.main.TestCaseExecutor.runScript(TestCaseExecutor.java:448)&#xa;	at com.kms.katalon.core.main.TestCaseExecutor.doExecute(TestCaseExecutor.java:439)&#xa;	at com.kms.katalon.core.main.TestCaseExecutor.processExecutionPhase(TestCaseExecutor.java:418)&#xa;	at com.kms.katalon.core.main.TestCaseExecutor.accessMainPhase(TestCaseExecutor.java:410)&#xa;	at com.kms.katalon.core.main.TestCaseExecutor.execute(TestCaseExecutor.java:285)&#xa;	at com.kms.katalon.core.common.CommonExecutor.accessTestCaseMainPhase(CommonExecutor.java:65)&#xa;	at com.kms.katalon.core.main.TestSuiteExecutor.accessTestSuiteMainPhase(TestSuiteExecutor.java:161)&#xa;	at com.kms.katalon.core.main.TestSuiteExecutor.execute(TestSuiteExecutor.java:107)&#xa;	at com.kms.katalon.core.main.TestCaseMain.startTestSuite(TestCaseMain.java:176)&#xa;	at TempTestSuite1735878642439.run(TempTestSuite1735878642439.groovy:35)&#xa;	at java.base/jdk.internal.reflect.NativeMethodAccessorImpl.invoke0(Native Method)&#xa;	at java.base/jdk.internal.reflect.NativeMethodAccessorImpl.invoke(NativeMethodAccessorImpl.java:77)&#xa;	at java.base/jdk.internal.reflect.DelegatingMethodAccessorImpl.invoke(DelegatingMethodAccessorImpl.java:43)&#xa;Caused by: com.kms.katalon.core.webui.exception.WebElementNotFoundException: Web element with id: 'Object Repository/Master Data/Admin Sekolah/Tambah Kelas/Modal Tambah/Prefix/Pilih Prefix' located by '//*[@data-testid = 'paragraph' and (text() = 'RETEST' or . = 'RETEST')]' not found&#xa;	at com.kms.katalon.core.webui.common.WebUiCommonHelper.findWebElement(WebUiCommonHelper.java:1426)&#xa;	at com.kms.katalon.core.webui.keyword.internal.WebUIAbstractKeyword.findWebElement(WebUIAbstractKeyword.groovy:27)&#xa;	at com.kms.katalon.core.webui.keyword.builtin.ClickKeyword$_click_closure1.doCall(ClickKeyword.groovy:66)&#xa;	at com.kms.katalon.core.webui.keyword.builtin.ClickKeyword$_click_closure1.call(ClickKeyword.groovy)&#xa;	at com.kms.katalon.core.webui.keyword.internal.WebUIKeywordMain.runKeyword(WebUIKeywordMain.groovy:35)&#xa;	at com.kms.katalon.core.webui.keyword.builtin.ClickKeyword.click(ClickKeyword.groovy:75)&#xa;	at com.kms.katalon.core.webui.keyword.builtin.ClickKeyword.execute(ClickKeyword.groovy:40)&#xa;	at com.kms.katalon.core.keyword.internal.KeywordExecutor.executeKeywordForPlatform(KeywordExecutor.groovy:74)&#xa;	at com.kms.katalon.core.webui.keyword.WebUiBuiltInKeywords.click(WebUiBuiltInKeywords.groovy:684)&#xa;	at Script1731464206565.run(Script1731464206565.groovy:46)&#xa;	at com.kms.katalon.core.main.ScriptEngine.run(ScriptEngine.java:194)&#xa;	at com.kms.katalon.core.main.ScriptEngine.runScriptAsRawText(ScriptEngine.java:119)&#xa;	at com.kms.katalon.core.main.TestCaseExecutor.runScript(TestCaseExecutor.java:448)&#xa;	at com.kms.katalon.core.main.TestCaseExecutor.doExecute(TestCaseExecutor.java:439)&#xa;	at com.kms.katalon.core.main.TestCaseExecutor.processExecutionPhase(TestCaseExecutor.java:418)&#xa;	at com.kms.katalon.core.main.TestCaseExecutor.accessMainPhase(TestCaseExecutor.java:410)&#xa;	at com.kms.katalon.core.main.TestCaseExecutor.execute(TestCaseExecutor.java:285)&#xa;	at com.kms.katalon.core.main.TestCaseMain.runTestCase(TestCaseMain.java:133)&#xa;	at com.kms.katalon.core.keyword.builtin.CallTestCaseKeyword$_callTestCase_closure1.doCall(CallTestCaseKeyword.groovy:59)&#xa;	at com.kms.katalon.core.keyword.builtin.CallTestCaseKeyword$_callTestCase_closure1.call(CallTestCaseKeyword.groovy)&#xa;	at com.kms.katalon.core.keyword.internal.KeywordMain.runKeyword(KeywordMain.groovy:75)&#xa;	at com.kms.katalon.core.keyword.builtin.CallTestCaseKeyword.callTestCase(CallTestCaseKeyword.groovy:81)&#xa;	at com.kms.katalon.core.keyword.builtin.CallTestCaseKeyword.execute(CallTestCaseKeyword.groovy:44)&#xa;	at com.kms.katalon.core.keyword.internal.KeywordExecutor.executeKeywordForPlatform(KeywordExecutor.groovy:74)&#xa;	at com.kms.katalon.core.keyword.BuiltinKeywords.callTestCase(BuiltinKeywords.groovy:310)&#xa;	at java.base/jdk.internal.reflect.NativeMethodAccessorImpl.invoke0(Native Method)&#xa;	at java.base/jdk.internal.reflect.NativeMethodAccessorImpl.invoke(NativeMethodAccessorImpl.java:77)&#xa;	at java.base/jdk.internal.reflect.DelegatingMethodAccessorImpl.invoke(DelegatingMethodAccessorImpl.java:43)&#xa;	at Script1735746406961.run(Script1735746406961.groovy:26)&#xa;	... 15 more&#xa;)&#xa;	at com.kms.katalon.core.keyword.internal.KeywordMain.stepFailed(KeywordMain.groovy:39)&#xa;	at com.kms.katalon.core.webui.keyword.internal.WebUIKeywordMain.stepFailed(WebUIKeywordMain.groovy:117)&#xa;	at com.kms.katalon.core.webui.keyword.internal.WebUIKeywordMain.runKeyword(WebUIKeywordMain.groovy:43)&#xa;	at com.kms.katalon.core.webui.keyword.builtin.ClickKeyword.click(ClickKeyword.groovy:75)&#xa;	at com.kms.katalon.core.webui.keyword.builtin.ClickKeyword.execute(ClickKeyword.groovy:40)&#xa;	at com.kms.katalon.core.keyword.internal.KeywordExecutor.executeKeywordForPlatform(KeywordExecutor.groovy:74)&#xa;	at com.kms.katalon.core.webui.keyword.WebUiBuiltInKeywords.click(WebUiBuiltInKeywords.groovy:684)&#xa;	at Tambah Kelas.run(Tambah Kelas:46)&#xa;	at com.kms.katalon.core.main.ScriptEngine.run(ScriptEngine.java:194)&#xa;	at com.kms.katalon.core.main.ScriptEngine.runScriptAsRawText(ScriptEngine.java:119)&#xa;	at com.kms.katalon.core.main.TestCaseExecutor.runScript(TestCaseExecutor.java:448)&#xa;	at com.kms.katalon.core.main.TestCaseExecutor.doExecute(TestCaseExecutor.java:439)&#xa;	at com.kms.katalon.core.main.TestCaseExecutor.processExecutionPhase(TestCaseExecutor.java:418)&#xa;	at com.kms.katalon.core.main.TestCaseExecutor.accessMainPhase(TestCaseExecutor.java:410)&#xa;	at com.kms.katalon.core.main.TestCaseExecutor.execute(TestCaseExecutor.java:285)&#xa;	at com.kms.katalon.core.main.TestCaseMain.runTestCase(TestCaseMain.java:133)&#xa;	at com.kms.katalon.core.keyword.builtin.CallTestCaseKeyword$_callTestCase_closure1.doCall(CallTestCaseKeyword.groovy:59)&#xa;	... 25 more&#xa;Caused by: com.kms.katalon.core.exception.StepFailedException: Unable to click on object 'Object Repository/Master Data/Admin Sekolah/Tambah Kelas/Modal Tambah/Prefix/Pilih Prefix'&#xa;	... 41 more&#xa;Caused by: com.kms.katalon.core.webui.exception.WebElementNotFoundException: Web element with id: 'Object Repository/Master Data/Admin Sekolah/Tambah Kelas/Modal Tambah/Prefix/Pilih Prefix' located by '//*[@data-testid = 'paragraph' and (text() = 'RETEST' or . = 'RETEST')]' not found&#xa;	at com.kms.katalon.core.webui.common.WebUiCommonHelper.findWebElement(WebUiCommonHelper.java:1426)&#xa;	at com.kms.katalon.core.webui.keyword.internal.WebUIAbstractKeyword.findWebElement(WebUIAbstractKeyword.groovy:27)&#xa;	at com.kms.katalon.core.webui.keyword.builtin.ClickKeyword$_click_closure1.doCall(ClickKeyword.groovy:66)&#xa;	at com.kms.katalon.core.webui.keyword.builtin.ClickKeyword$_click_closure1.call(ClickKeyword.groovy)&#xa;	at com.kms.katalon.core.webui.keyword.internal.WebUIKeywordMain.runKeyword(WebUIKeywordMain.groovy:35)&#xa;	... 39 more&#xa;"/>
         <system-out><![CDATA[03-01-2025T11:32:24 - [TEST_CASE][FAILED] - Test Cases/Regresi Feature/Sprint 1/Regresi Kelas: Test Cases/Regresi Feature/Sprint 1/Regresi Kelas FAILED.
Reason:
com.kms.katalon.core.exception.StepFailedException: Unable to call Test Case 'Test Cases/Master Data/Admin Sekolah/Master Data Kelas/Tambah Kelas' (Root cause: com.kms.katalon.core.exception.StepFailedException: Call Test Case 'Test Cases/Master Data/Admin Sekolah/Master Data Kelas/Tambah Kelas' failed
	at com.kms.katalon.core.keyword.builtin.CallTestCaseKeyword$_callTestCase_closure1.doCall(CallTestCaseKeyword.groovy:63)
	at com.kms.katalon.core.keyword.builtin.CallTestCaseKeyword$_callTestCase_closure1.call(CallTestCaseKeyword.groovy)
	at com.kms.katalon.core.keyword.internal.KeywordMain.runKeyword(KeywordMain.groovy:75)
	at com.kms.katalon.core.keyword.builtin.CallTestCaseKeyword.callTestCase(CallTestCaseKeyword.groovy:81)
	at com.kms.katalon.core.keyword.builtin.CallTestCaseKeyword.execute(CallTestCaseKeyword.groovy:44)
	at com.kms.katalon.core.keyword.internal.KeywordExecutor.executeKeywordForPlatform(KeywordExecutor.groovy:74)
	at com.kms.katalon.core.keyword.BuiltinKeywords.callTestCase(BuiltinKeywords.groovy:310)
	at java.base/jdk.internal.reflect.NativeMethodAccessorImpl.invoke0(Native Method)
	at java.base/jdk.internal.reflect.NativeMethodAccessorImpl.invoke(NativeMethodAccessorImpl.java:77)
	at java.base/jdk.internal.reflect.DelegatingMethodAccessorImpl.invoke(DelegatingMethodAccessorImpl.java:43)
	at Regresi Kelas.run(Regresi Kelas:26)
	at com.kms.katalon.core.main.ScriptEngine.run(ScriptEngine.java:194)
	at com.kms.katalon.core.main.ScriptEngine.runScriptAsRawText(ScriptEngine.java:119)
	at com.kms.katalon.core.main.TestCaseExecutor.runScript(TestCaseExecutor.java:448)
	at com.kms.katalon.core.main.TestCaseExecutor.doExecute(TestCaseExecutor.java:439)
	at com.kms.katalon.core.main.TestCaseExecutor.processExecutionPhase(TestCaseExecutor.java:418)
	at com.kms.katalon.core.main.TestCaseExecutor.accessMainPhase(TestCaseExecutor.java:410)
	at com.kms.katalon.core.main.TestCaseExecutor.execute(TestCaseExecutor.java:285)
	at com.kms.katalon.core.common.CommonExecutor.accessTestCaseMainPhase(CommonExecutor.java:65)
	at com.kms.katalon.core.main.TestSuiteExecutor.accessTestSuiteMainPhase(TestSuiteExecutor.java:161)
	at com.kms.katalon.core.main.TestSuiteExecutor.execute(TestSuiteExecutor.java:107)
	at com.kms.katalon.core.main.TestCaseMain.startTestSuite(TestCaseMain.java:176)
	at TempTestSuite1735878642439.run(TempTestSuite1735878642439.groovy:35)
	at java.base/jdk.internal.reflect.NativeMethodAccessorImpl.invoke0(Native Method)
	at java.base/jdk.internal.reflect.NativeMethodAccessorImpl.invoke(NativeMethodAccessorImpl.java:77)
	at java.base/jdk.internal.reflect.DelegatingMethodAccessorImpl.invoke(DelegatingMethodAccessorImpl.java:43)
Caused by: com.kms.katalon.core.exception.StepFailedException: Unable to click on object 'Object Repository/Master Data/Admin Sekolah/Tambah Kelas/Modal Tambah/Prefix/Pilih Prefix' (Root cause: com.kms.katalon.core.exception.StepFailedException: Unable to click on object 'Object Repository/Master Data/Admin Sekolah/Tambah Kelas/Modal Tambah/Prefix/Pilih Prefix'
	at com.kms.katalon.core.webui.keyword.internal.WebUIKeywordMain.stepFailed(WebUIKeywordMain.groovy:117)
	at com.kms.katalon.core.webui.keyword.internal.WebUIKeywordMain.runKeyword(WebUIKeywordMain.groovy:43)
	at com.kms.katalon.core.webui.keyword.builtin.ClickKeyword.click(ClickKeyword.groovy:75)
	at com.kms.katalon.core.webui.keyword.builtin.ClickKeyword.execute(ClickKeyword.groovy:40)
	at com.kms.katalon.core.keyword.internal.KeywordExecutor.executeKeywordForPlatform(KeywordExecutor.groovy:74)
	at com.kms.katalon.core.webui.keyword.WebUiBuiltInKeywords.click(WebUiBuiltInKeywords.groovy:684)
	at Tambah Kelas.run(Tambah Kelas:46)
	at com.kms.katalon.core.main.ScriptEngine.run(ScriptEngine.java:194)
	at com.kms.katalon.core.main.ScriptEngine.runScriptAsRawText(ScriptEngine.java:119)
	at com.kms.katalon.core.main.TestCaseExecutor.runScript(TestCaseExecutor.java:448)
	at com.kms.katalon.core.main.TestCaseExecutor.doExecute(TestCaseExecutor.java:439)
	at com.kms.katalon.core.main.TestCaseExecutor.processExecutionPhase(TestCaseExecutor.java:418)
	at com.kms.katalon.core.main.TestCaseExecutor.accessMainPhase(TestCaseExecutor.java:410)
	at com.kms.katalon.core.main.TestCaseExecutor.execute(TestCaseExecutor.java:285)
	at com.kms.katalon.core.main.TestCaseMain.runTestCase(TestCaseMain.java:133)
	at com.kms.katalon.core.keyword.builtin.CallTestCaseKeyword$_callTestCase_closure1.doCall(CallTestCaseKeyword.groovy:59)
	at com.kms.katalon.core.keyword.builtin.CallTestCaseKeyword$_callTestCase_closure1.call(CallTestCaseKeyword.groovy)
	at com.kms.katalon.core.keyword.internal.KeywordMain.runKeyword(KeywordMain.groovy:75)
	at com.kms.katalon.core.keyword.builtin.CallTestCaseKeyword.callTestCase(CallTestCaseKeyword.groovy:81)
	at com.kms.katalon.core.keyword.builtin.CallTestCaseKeyword.execute(CallTestCaseKeyword.groovy:44)
	at com.kms.katalon.core.keyword.internal.KeywordExecutor.executeKeywordForPlatform(KeywordExecutor.groovy:74)
	at com.kms.katalon.core.keyword.BuiltinKeywords.callTestCase(BuiltinKeywords.groovy:310)
	at java.base/jdk.internal.reflect.NativeMethodAccessorImpl.invoke0(Native Method)
	at java.base/jdk.internal.reflect.NativeMethodAccessorImpl.invoke(NativeMethodAccessorImpl.java:77)
	at java.base/jdk.internal.reflect.DelegatingMethodAccessorImpl.invoke(DelegatingMethodAccessorImpl.java:43)
	at Regresi Kelas.run(Regresi Kelas:26)
	at com.kms.katalon.core.main.ScriptEngine.run(ScriptEngine.java:194)
	at com.kms.katalon.core.main.ScriptEngine.runScriptAsRawText(ScriptEngine.java:119)
	at com.kms.katalon.core.main.TestCaseExecutor.runScript(TestCaseExecutor.java:448)
	at com.kms.katalon.core.main.TestCaseExecutor.doExecute(TestCaseExecutor.java:439)
	at com.kms.katalon.core.main.TestCaseExecutor.processExecutionPhase(TestCaseExecutor.java:418)
	at com.kms.katalon.core.main.TestCaseExecutor.accessMainPhase(TestCaseExecutor.java:410)
	at com.kms.katalon.core.main.TestCaseExecutor.execute(TestCaseExecutor.java:285)
	at com.kms.katalon.core.common.CommonExecutor.accessTestCaseMainPhase(CommonExecutor.java:65)
	at com.kms.katalon.core.main.TestSuiteExecutor.accessTestSuiteMainPhase(TestSuiteExecutor.java:161)
	at com.kms.katalon.core.main.TestSuiteExecutor.execute(TestSuiteExecutor.java:107)
	at com.kms.katalon.core.main.TestCaseMain.startTestSuite(TestCaseMain.java:176)
	at TempTestSuite1735878642439.run(TempTestSuite1735878642439.groovy:35)
	at java.base/jdk.internal.reflect.NativeMethodAccessorImpl.invoke0(Native Method)
	at java.base/jdk.internal.reflect.NativeMethodAccessorImpl.invoke(NativeMethodAccessorImpl.java:77)
	at java.base/jdk.internal.reflect.DelegatingMethodAccessorImpl.invoke(DelegatingMethodAccessorImpl.java:43)
Caused by: com.kms.katalon.core.webui.exception.WebElementNotFoundException: Web element with id: 'Object Repository/Master Data/Admin Sekolah/Tambah Kelas/Modal Tambah/Prefix/Pilih Prefix' located by '//*[@data-testid = 'paragraph' and (text() = 'RETEST' or . = 'RETEST')]' not found
	at com.kms.katalon.core.webui.common.WebUiCommonHelper.findWebElement(WebUiCommonHelper.java:1426)
	at com.kms.katalon.core.webui.keyword.internal.WebUIAbstractKeyword.findWebElement(WebUIAbstractKeyword.groovy:27)
	at com.kms.katalon.core.webui.keyword.builtin.ClickKeyword$_click_closure1.doCall(ClickKeyword.groovy:66)
	at com.kms.katalon.core.webui.keyword.builtin.ClickKeyword$_click_closure1.call(ClickKeyword.groovy)
	at com.kms.katalon.core.webui.keyword.internal.WebUIKeywordMain.runKeyword(WebUIKeywordMain.groovy:35)
	at com.kms.katalon.core.webui.keyword.builtin.ClickKeyword.click(ClickKeyword.groovy:75)
	at com.kms.katalon.core.webui.keyword.builtin.ClickKeyword.execute(ClickKeyword.groovy:40)
	at com.kms.katalon.core.keyword.internal.KeywordExecutor.executeKeywordForPlatform(KeywordExecutor.groovy:74)
	at com.kms.katalon.core.webui.keyword.WebUiBuiltInKeywords.click(WebUiBuiltInKeywords.groovy:684)
	at Script1731464206565.run(Script1731464206565.groovy:46)
	at com.kms.katalon.core.main.ScriptEngine.run(ScriptEngine.java:194)
	at com.kms.katalon.core.main.ScriptEngine.runScriptAsRawText(ScriptEngine.java:119)
	at com.kms.katalon.core.main.TestCaseExecutor.runScript(TestCaseExecutor.java:448)
	at com.kms.katalon.core.main.TestCaseExecutor.doExecute(TestCaseExecutor.java:439)
	at com.kms.katalon.core.main.TestCaseExecutor.processExecutionPhase(TestCaseExecutor.java:418)
	at com.kms.katalon.core.main.TestCaseExecutor.accessMainPhase(TestCaseExecutor.java:410)
	at com.kms.katalon.core.main.TestCaseExecutor.execute(TestCaseExecutor.java:285)
	at com.kms.katalon.core.main.TestCaseMain.runTestCase(TestCaseMain.java:133)
	at com.kms.katalon.core.keyword.builtin.CallTestCaseKeyword$_callTestCase_closure1.doCall(CallTestCaseKeyword.groovy:59)
	at com.kms.katalon.core.keyword.builtin.CallTestCaseKeyword$_callTestCase_closure1.call(CallTestCaseKeyword.groovy)
	at com.kms.katalon.core.keyword.internal.KeywordMain.runKeyword(KeywordMain.groovy:75)
	at com.kms.katalon.core.keyword.builtin.CallTestCaseKeyword.callTestCase(CallTestCaseKeyword.groovy:81)
	at com.kms.katalon.core.keyword.builtin.CallTestCaseKeyword.execute(CallTestCaseKeyword.groovy:44)
	at com.kms.katalon.core.keyword.internal.KeywordExecutor.executeKeywordForPlatform(KeywordExecutor.groovy:74)
	at com.kms.katalon.core.keyword.BuiltinKeywords.callTestCase(BuiltinKeywords.groovy:310)
	at java.base/jdk.internal.reflect.NativeMethodAccessorImpl.invoke0(Native Method)
	at java.base/jdk.internal.reflect.NativeMethodAccessorImpl.invoke(NativeMethodAccessorImpl.java:77)
	at java.base/jdk.internal.reflect.DelegatingMethodAccessorImpl.invoke(DelegatingMethodAccessorImpl.java:43)
	at Script1735746406961.run(Script1735746406961.groovy:26)
	... 15 more
)
	at com.kms.katalon.core.keyword.internal.KeywordMain.stepFailed(KeywordMain.groovy:39)
	at com.kms.katalon.core.webui.keyword.internal.WebUIKeywordMain.stepFailed(WebUIKeywordMain.groovy:117)
	at com.kms.katalon.core.webui.keyword.internal.WebUIKeywordMain.runKeyword(WebUIKeywordMain.groovy:43)
	at com.kms.katalon.core.webui.keyword.builtin.ClickKeyword.click(ClickKeyword.groovy:75)
	at com.kms.katalon.core.webui.keyword.builtin.ClickKeyword.execute(ClickKeyword.groovy:40)
	at com.kms.katalon.core.keyword.internal.KeywordExecutor.executeKeywordForPlatform(KeywordExecutor.groovy:74)
	at com.kms.katalon.core.webui.keyword.WebUiBuiltInKeywords.click(WebUiBuiltInKeywords.groovy:684)
	at Tambah Kelas.run(Tambah Kelas:46)
	at com.kms.katalon.core.main.ScriptEngine.run(ScriptEngine.java:194)
	at com.kms.katalon.core.main.ScriptEngine.runScriptAsRawText(ScriptEngine.java:119)
	at com.kms.katalon.core.main.TestCaseExecutor.runScript(TestCaseExecutor.java:448)
	at com.kms.katalon.core.main.TestCaseExecutor.doExecute(TestCaseExecutor.java:439)
	at com.kms.katalon.core.main.TestCaseExecutor.processExecutionPhase(TestCaseExecutor.java:418)
	at com.kms.katalon.core.main.TestCaseExecutor.accessMainPhase(TestCaseExecutor.java:410)
	at com.kms.katalon.core.main.TestCaseExecutor.execute(TestCaseExecutor.java:285)
	at com.kms.katalon.core.main.TestCaseMain.runTestCase(TestCaseMain.java:133)
	at com.kms.katalon.core.keyword.builtin.CallTestCaseKeyword$_callTestCase_closure1.doCall(CallTestCaseKeyword.groovy:59)
	... 25 more
Caused by: com.kms.katalon.core.exception.StepFailedException: Unable to click on object 'Object Repository/Master Data/Admin Sekolah/Tambah Kelas/Modal Tambah/Prefix/Pilih Prefix'
	... 41 more
Caused by: com.kms.katalon.core.webui.exception.WebElementNotFoundException: Web element with id: 'Object Repository/Master Data/Admin Sekolah/Tambah Kelas/Modal Tambah/Prefix/Pilih Prefix' located by '//*[@data-testid = 'paragraph' and (text() = 'RETEST' or . = 'RETEST')]' not found
	at com.kms.katalon.core.webui.common.WebUiCommonHelper.findWebElement(WebUiCommonHelper.java:1426)
	at com.kms.katalon.core.webui.keyword.internal.WebUIAbstractKeyword.findWebElement(WebUIAbstractKeyword.groovy:27)
	at com.kms.katalon.core.webui.keyword.builtin.ClickKeyword$_click_closure1.doCall(ClickKeyword.groovy:66)
	at com.kms.katalon.core.webui.keyword.builtin.ClickKeyword$_click_closure1.call(ClickKeyword.groovy)
	at com.kms.katalon.core.webui.keyword.internal.WebUIKeywordMain.runKeyword(WebUIKeywordMain.groovy:35)
	... 39 more
)
	at com.kms.katalon.core.keyword.internal.KeywordMain.stepFailed(KeywordMain.groovy:39)
	at com.kms.katalon.core.keyword.internal.KeywordMain.stepFailed(KeywordMain.groovy)
	at com.kms.katalon.core.keyword.internal.KeywordMain.runKeyword(KeywordMain.groovy:77)
	at com.kms.katalon.core.keyword.builtin.CallTestCaseKeyword.callTestCase(CallTestCaseKeyword.groovy:81)
	at com.kms.katalon.core.keyword.builtin.CallTestCaseKeyword.execute(CallTestCaseKeyword.groovy:44)
	at com.kms.katalon.core.keyword.internal.KeywordExecutor.executeKeywordForPlatform(KeywordExecutor.groovy:74)
	at com.kms.katalon.core.keyword.BuiltinKeywords.callTestCase(BuiltinKeywords.groovy:310)
	at java.base/jdk.internal.reflect.NativeMethodAccessorImpl.invoke0(Native Method)
	at java.base/jdk.internal.reflect.NativeMethodAccessorImpl.invoke(NativeMethodAccessorImpl.java:77)
	at java.base/jdk.internal.reflect.DelegatingMethodAccessorImpl.invoke(DelegatingMethodAccessorImpl.java:43)
	at Regresi Kelas.run(Regresi Kelas:26)
	at com.kms.katalon.core.main.ScriptEngine.run(ScriptEngine.java:194)
	at com.kms.katalon.core.main.ScriptEngine.runScriptAsRawText(ScriptEngine.java:119)
	at com.kms.katalon.core.main.TestCaseExecutor.runScript(TestCaseExecutor.java:448)
	at com.kms.katalon.core.main.TestCaseExecutor.doExecute(TestCaseExecutor.java:439)
	at com.kms.katalon.core.main.TestCaseExecutor.processExecutionPhase(TestCaseExecutor.java:418)
	at com.kms.katalon.core.main.TestCaseExecutor.accessMainPhase(TestCaseExecutor.java:410)
	at com.kms.katalon.core.main.TestCaseExecutor.execute(TestCaseExecutor.java:285)
	at com.kms.katalon.core.common.CommonExecutor.accessTestCaseMainPhase(CommonExecutor.java:65)
	at com.kms.katalon.core.main.TestSuiteExecutor.accessTestSuiteMainPhase(TestSuiteExecutor.java:161)
	at com.kms.katalon.core.main.TestSuiteExecutor.execute(TestSuiteExecutor.java:107)
	at com.kms.katalon.core.main.TestCaseMain.startTestSuite(TestCaseMain.java:176)
	at TempTestSuite1735878642439.run(TempTestSuite1735878642439.groovy:35)
	at java.base/jdk.internal.reflect.NativeMethodAccessorImpl.invoke0(Native Method)
	at java.base/jdk.internal.reflect.NativeMethodAccessorImpl.invoke(NativeMethodAccessorImpl.java:77)
	at java.base/jdk.internal.reflect.DelegatingMethodAccessorImpl.invoke(DelegatingMethodAccessorImpl.java:43)
Caused by: com.kms.katalon.core.exception.StepFailedException: Call Test Case 'Test Cases/Master Data/Admin Sekolah/Master Data Kelas/Tambah Kelas' failed
	at com.kms.katalon.core.keyword.builtin.CallTestCaseKeyword$_callTestCase_closure1.doCall(CallTestCaseKeyword.groovy:63)
	at com.kms.katalon.core.keyword.builtin.CallTestCaseKeyword$_callTestCase_closure1.call(CallTestCaseKeyword.groovy)
	at com.kms.katalon.core.keyword.internal.KeywordMain.runKeyword(KeywordMain.groovy:75)
	... 23 more
Caused by: com.kms.katalon.core.exception.StepFailedException: Unable to click on object 'Object Repository/Master Data/Admin Sekolah/Tambah Kelas/Modal Tambah/Prefix/Pilih Prefix' (Root cause: com.kms.katalon.core.exception.StepFailedException: Unable to click on object 'Object Repository/Master Data/Admin Sekolah/Tambah Kelas/Modal Tambah/Prefix/Pilih Prefix'
	at com.kms.katalon.core.webui.keyword.internal.WebUIKeywordMain.stepFailed(WebUIKeywordMain.groovy:117)
	at com.kms.katalon.core.webui.keyword.internal.WebUIKeywordMain.runKeyword(WebUIKeywordMain.groovy:43)
	at com.kms.katalon.core.webui.keyword.builtin.ClickKeyword.click(ClickKeyword.groovy:75)
	at com.kms.katalon.core.webui.keyword.builtin.ClickKeyword.execute(ClickKeyword.groovy:40)
	at com.kms.katalon.core.keyword.internal.KeywordExecutor.executeKeywordForPlatform(KeywordExecutor.groovy:74)
	at com.kms.katalon.core.webui.keyword.WebUiBuiltInKeywords.click(WebUiBuiltInKeywords.groovy:684)
	at Tambah Kelas.run(Tambah Kelas:46)
	at com.kms.katalon.core.main.ScriptEngine.run(ScriptEngine.java:194)
	at com.kms.katalon.core.main.ScriptEngine.runScriptAsRawText(ScriptEngine.java:119)
	at com.kms.katalon.core.main.TestCaseExecutor.runScript(TestCaseExecutor.java:448)
	at com.kms.katalon.core.main.TestCaseExecutor.doExecute(TestCaseExecutor.java:439)
	at com.kms.katalon.core.main.TestCaseExecutor.processExecutionPhase(TestCaseExecutor.java:418)
	at com.kms.katalon.core.main.TestCaseExecutor.accessMainPhase(TestCaseExecutor.java:410)
	at com.kms.katalon.core.main.TestCaseExecutor.execute(TestCaseExecutor.java:285)
	at com.kms.katalon.core.main.TestCaseMain.runTestCase(TestCaseMain.java:133)
	at com.kms.katalon.core.keyword.builtin.CallTestCaseKeyword$_callTestCase_closure1.doCall(CallTestCaseKeyword.groovy:59)
	at com.kms.katalon.core.keyword.builtin.CallTestCaseKeyword$_callTestCase_closure1.call(CallTestCaseKeyword.groovy)
	at com.kms.katalon.core.keyword.internal.KeywordMain.runKeyword(KeywordMain.groovy:75)
	at com.kms.katalon.core.keyword.builtin.CallTestCaseKeyword.callTestCase(CallTestCaseKeyword.groovy:81)
	at com.kms.katalon.core.keyword.builtin.CallTestCaseKeyword.execute(CallTestCaseKeyword.groovy:44)
	at com.kms.katalon.core.keyword.internal.KeywordExecutor.executeKeywordForPlatform(KeywordExecutor.groovy:74)
	at com.kms.katalon.core.keyword.BuiltinKeywords.callTestCase(BuiltinKeywords.groovy:310)
	at java.base/jdk.internal.reflect.NativeMethodAccessorImpl.invoke0(Native Method)
	at java.base/jdk.internal.reflect.NativeMethodAccessorImpl.invoke(NativeMethodAccessorImpl.java:77)
	at java.base/jdk.internal.reflect.DelegatingMethodAccessorImpl.invoke(DelegatingMethodAccessorImpl.java:43)
	at Regresi Kelas.run(Regresi Kelas:26)
	at com.kms.katalon.core.main.ScriptEngine.run(ScriptEngine.java:194)
	at com.kms.katalon.core.main.ScriptEngine.runScriptAsRawText(ScriptEngine.java:119)
	at com.kms.katalon.core.main.TestCaseExecutor.runScript(TestCaseExecutor.java:448)
	at com.kms.katalon.core.main.TestCaseExecutor.doExecute(TestCaseExecutor.java:439)
	at com.kms.katalon.core.main.TestCaseExecutor.processExecutionPhase(TestCaseExecutor.java:418)
	at com.kms.katalon.core.main.TestCaseExecutor.accessMainPhase(TestCaseExecutor.java:410)
	at com.kms.katalon.core.main.TestCaseExecutor.execute(TestCaseExecutor.java:285)
	at com.kms.katalon.core.common.CommonExecutor.accessTestCaseMainPhase(CommonExecutor.java:65)
	at com.kms.katalon.core.main.TestSuiteExecutor.accessTestSuiteMainPhase(TestSuiteExecutor.java:161)
	at com.kms.katalon.core.main.TestSuiteExecutor.execute(TestSuiteExecutor.java:107)
	at com.kms.katalon.core.main.TestCaseMain.startTestSuite(TestCaseMain.java:176)
	at TempTestSuite1735878642439.run(TempTestSuite1735878642439.groovy:35)
	at java.base/jdk.internal.reflect.NativeMethodAccessorImpl.invoke0(Native Method)
	at java.base/jdk.internal.reflect.NativeMethodAccessorImpl.invoke(NativeMethodAccessorImpl.java:77)
	at java.base/jdk.internal.reflect.DelegatingMethodAccessorImpl.invoke(DelegatingMethodAccessorImpl.java:43)
Caused by: com.kms.katalon.core.webui.exception.WebElementNotFoundException: Web element with id: 'Object Repository/Master Data/Admin Sekolah/Tambah Kelas/Modal Tambah/Prefix/Pilih Prefix' located by '//*[@data-testid = 'paragraph' and (text() = 'RETEST' or . = 'RETEST')]' not found
	at com.kms.katalon.core.webui.common.WebUiCommonHelper.findWebElement(WebUiCommonHelper.java:1426)
	at com.kms.katalon.core.webui.keyword.internal.WebUIAbstractKeyword.findWebElement(WebUIAbstractKeyword.groovy:27)
	at com.kms.katalon.core.webui.keyword.builtin.ClickKeyword$_click_closure1.doCall(ClickKeyword.groovy:66)
	at com.kms.katalon.core.webui.keyword.builtin.ClickKeyword$_click_closure1.call(ClickKeyword.groovy)
	at com.kms.katalon.core.webui.keyword.internal.WebUIKeywordMain.runKeyword(WebUIKeywordMain.groovy:35)
	at com.kms.katalon.core.webui.keyword.builtin.ClickKeyword.click(ClickKeyword.groovy:75)
	at com.kms.katalon.core.webui.keyword.builtin.ClickKeyword.execute(ClickKeyword.groovy:40)
	at com.kms.katalon.core.keyword.internal.KeywordExecutor.executeKeywordForPlatform(KeywordExecutor.groovy:74)
	at com.kms.katalon.core.webui.keyword.WebUiBuiltInKeywords.click(WebUiBuiltInKeywords.groovy:684)
	at Script1731464206565.run(Script1731464206565.groovy:46)
	at com.kms.katalon.core.main.ScriptEngine.run(ScriptEngine.java:194)
	at com.kms.katalon.core.main.ScriptEngine.runScriptAsRawText(ScriptEngine.java:119)
	at com.kms.katalon.core.main.TestCaseExecutor.runScript(TestCaseExecutor.java:448)
	at com.kms.katalon.core.main.TestCaseExecutor.doExecute(TestCaseExecutor.java:439)
	at com.kms.katalon.core.main.TestCaseExecutor.processExecutionPhase(TestCaseExecutor.java:418)
	at com.kms.katalon.core.main.TestCaseExecutor.accessMainPhase(TestCaseExecutor.java:410)
	at com.kms.katalon.core.main.TestCaseExecutor.execute(TestCaseExecutor.java:285)
	at com.kms.katalon.core.main.TestCaseMain.runTestCase(TestCaseMain.java:133)
	at com.kms.katalon.core.keyword.builtin.CallTestCaseKeyword$_callTestCase_closure1.doCall(CallTestCaseKeyword.groovy:59)
	at com.kms.katalon.core.keyword.builtin.CallTestCaseKeyword$_callTestCase_closure1.call(CallTestCaseKeyword.groovy)
	at com.kms.katalon.core.keyword.internal.KeywordMain.runKeyword(KeywordMain.groovy:75)
	at com.kms.katalon.core.keyword.builtin.CallTestCaseKeyword.callTestCase(CallTestCaseKeyword.groovy:81)
	at com.kms.katalon.core.keyword.builtin.CallTestCaseKeyword.execute(CallTestCaseKeyword.groovy:44)
	at com.kms.katalon.core.keyword.internal.KeywordExecutor.executeKeywordForPlatform(KeywordExecutor.groovy:74)
	at com.kms.katalon.core.keyword.BuiltinKeywords.callTestCase(BuiltinKeywords.groovy:310)
	at java.base/jdk.internal.reflect.NativeMethodAccessorImpl.invoke0(Native Method)
	at java.base/jdk.internal.reflect.NativeMethodAccessorImpl.invoke(NativeMethodAccessorImpl.java:77)
	at java.base/jdk.internal.reflect.DelegatingMethodAccessorImpl.invoke(DelegatingMethodAccessorImpl.java:43)
	at Script1735746406961.run(Script1735746406961.groovy:26)
	... 15 more
)
	at com.kms.katalon.core.keyword.internal.KeywordMain.stepFailed(KeywordMain.groovy:39)
	at com.kms.katalon.core.webui.keyword.internal.WebUIKeywordMain.stepFailed(WebUIKeywordMain.groovy:117)
	at com.kms.katalon.core.webui.keyword.internal.WebUIKeywordMain.runKeyword(WebUIKeywordMain.groovy:43)
	at com.kms.katalon.core.webui.keyword.builtin.ClickKeyword.click(ClickKeyword.groovy:75)
	at com.kms.katalon.core.webui.keyword.builtin.ClickKeyword.execute(ClickKeyword.groovy:40)
	at com.kms.katalon.core.keyword.internal.KeywordExecutor.executeKeywordForPlatform(KeywordExecutor.groovy:74)
	at com.kms.katalon.core.webui.keyword.WebUiBuiltInKeywords.click(WebUiBuiltInKeywords.groovy:684)
	at Tambah Kelas.run(Tambah Kelas:46)
	at com.kms.katalon.core.main.ScriptEngine.run(ScriptEngine.java:194)
	at com.kms.katalon.core.main.ScriptEngine.runScriptAsRawText(ScriptEngine.java:119)
	at com.kms.katalon.core.main.TestCaseExecutor.runScript(TestCaseExecutor.java:448)
	at com.kms.katalon.core.main.TestCaseExecutor.doExecute(TestCaseExecutor.java:439)
	at com.kms.katalon.core.main.TestCaseExecutor.processExecutionPhase(TestCaseExecutor.java:418)
	at com.kms.katalon.core.main.TestCaseExecutor.accessMainPhase(TestCaseExecutor.java:410)
	at com.kms.katalon.core.main.TestCaseExecutor.execute(TestCaseExecutor.java:285)
	at com.kms.katalon.core.main.TestCaseMain.runTestCase(TestCaseMain.java:133)
	at com.kms.katalon.core.keyword.builtin.CallTestCaseKeyword$_callTestCase_closure1.doCall(CallTestCaseKeyword.groovy:59)
	... 25 more
Caused by: com.kms.katalon.core.exception.StepFailedException: Unable to click on object 'Object Repository/Master Data/Admin Sekolah/Tambah Kelas/Modal Tambah/Prefix/Pilih Prefix'
	... 41 more
Caused by: com.kms.katalon.core.webui.exception.WebElementNotFoundException: Web element with id: 'Object Repository/Master Data/Admin Sekolah/Tambah Kelas/Modal Tambah/Prefix/Pilih Prefix' located by '//*[@data-testid = 'paragraph' and (text() = 'RETEST' or . = 'RETEST')]' not found
	at com.kms.katalon.core.webui.common.WebUiCommonHelper.findWebElement(WebUiCommonHelper.java:1426)
	at com.kms.katalon.core.webui.keyword.internal.WebUIAbstractKeyword.findWebElement(WebUIAbstractKeyword.groovy:27)
	at com.kms.katalon.core.webui.keyword.builtin.ClickKeyword$_click_closure1.doCall(ClickKeyword.groovy:66)
	at com.kms.katalon.core.webui.keyword.builtin.ClickKeyword$_click_closure1.call(ClickKeyword.groovy)
	at com.kms.katalon.core.webui.keyword.internal.WebUIKeywordMain.runKeyword(WebUIKeywordMain.groovy:35)
	... 39 more


03-01-2025T11:32:24 - [TEST_STEP][FAILED] - for ([i = 1, i <= maxLoop, (i++)]): null

03-01-2025T11:32:24 - [TEST_STEP][PASSED] - callTestCase(findTestCase("Test Cases/Master Data/Admin Sekolah/Master Data Kelas/Edit Kelas"), [:], CONTINUE_ON_FAILURE): Call Test Case 'Test Cases/Master Data/Admin Sekolah/Master Data Kelas/Edit Kelas' successfully

03-01-2025T11:32:24 - [TEST_CASE][PASSED] - Test Cases/Master Data/Admin Sekolah/Master Data Kelas/Edit Kelas: Test Cases/Master Data/Admin Sekolah/Master Data Kelas/Edit Kelas

03-01-2025T11:32:24 - [TEST_STEP][PASSED] - openBrowser("", CONTINUE_ON_FAILURE): Browser is opened with url: ''

03-01-2025T11:32:24 - [MESSAGE][INFO] - Starting 'Chrome' driver

03-01-2025T11:32:24 - [MESSAGE][INFO] - Action delay is set to 0 milliseconds

03-01-2025T11:32:25 - [MESSAGE][PASSED] - Browser is opened with url: ''

03-01-2025T11:32:25 - [TEST_STEP][PASSED] - navigateToUrl("https://sit.siprusedu.com/login", CONTINUE_ON_FAILURE): Navigate to 'https://sit.siprusedu.com/login' successfully

03-01-2025T11:32:25 - [MESSAGE][PASSED] - Navigate to 'https://sit.siprusedu.com/login' successfully

03-01-2025T11:32:25 - [TEST_STEP][PASSED] - click(findTestObject("Master Data/Admin Sekolah/Login/Field Email"), CONTINUE_ON_FAILURE): Object: 'Object Repository/Master Data/Admin Sekolah/Login/Field Email' is clicked on

03-01-2025T11:32:27 - [MESSAGE][PASSED] - Object: 'Object Repository/Master Data/Admin Sekolah/Login/Field Email' is clicked on

03-01-2025T11:32:27 - [TEST_STEP][PASSED] - setText(findTestObject("Master Data/Admin Sekolah/Login/Field Email"), "admin.gudangsolusi@digiform.co.id", CONTINUE_ON_FAILURE): Text 'admin.gudangsolusi@digiform.co.id' is set on object 'Object Repository/Master Data/Admin Sekolah/Login/Field Email'

03-01-2025T11:32:28 - [MESSAGE][PASSED] - Text 'admin.gudangsolusi@digiform.co.id' is set on object 'Object Repository/Master Data/Admin Sekolah/Login/Field Email'

03-01-2025T11:32:28 - [TEST_STEP][PASSED] - click(findTestObject("Master Data/Admin Sekolah/Login/Input Password"), CONTINUE_ON_FAILURE): Object: 'Object Repository/Master Data/Admin Sekolah/Login/Input Password' is clicked on

03-01-2025T11:32:28 - [MESSAGE][PASSED] - Object: 'Object Repository/Master Data/Admin Sekolah/Login/Input Password' is clicked on

03-01-2025T11:32:28 - [TEST_STEP][PASSED] - setText(findTestObject("Master Data/Admin Sekolah/Login/Input Password"), "Test1234", CONTINUE_ON_FAILURE): Text 'Test1234' is set on object 'Object Repository/Master Data/Admin Sekolah/Login/Input Password'

03-01-2025T11:32:29 - [MESSAGE][PASSED] - Text 'Test1234' is set on object 'Object Repository/Master Data/Admin Sekolah/Login/Input Password'

03-01-2025T11:32:29 - [TEST_STEP][PASSED] - click(findTestObject("Master Data/Admin Sekolah/Login/Button Submit"), CONTINUE_ON_FAILURE): Object: 'Object Repository/Master Data/Admin Sekolah/Login/Button Submit' is clicked on

03-01-2025T11:32:29 - [MESSAGE][PASSED] - Object: 'Object Repository/Master Data/Admin Sekolah/Login/Button Submit' is clicked on

03-01-2025T11:32:29 - [TEST_STEP][PASSED] - click(findTestObject("Master Data/Admin Sekolah/HomePageMenu/Sidebar Menu"), CONTINUE_ON_FAILURE): Object: 'Object Repository/Master Data/Admin Sekolah/HomePageMenu/Sidebar Menu' is clicked on

03-01-2025T11:32:31 - [MESSAGE][PASSED] - Object: 'Object Repository/Master Data/Admin Sekolah/HomePageMenu/Sidebar Menu' is clicked on

03-01-2025T11:32:31 - [TEST_STEP][PASSED] - click(findTestObject("Master Data/Admin Sekolah/HomePageMenu/Sub Menu Kelas"), CONTINUE_ON_FAILURE): Object: 'Object Repository/Master Data/Admin Sekolah/HomePageMenu/Sub Menu Kelas' is clicked on

03-01-2025T11:32:32 - [MESSAGE][PASSED] - Object: 'Object Repository/Master Data/Admin Sekolah/HomePageMenu/Sub Menu Kelas' is clicked on

03-01-2025T11:32:32 - [TEST_STEP][PASSED] - click(findTestObject("Master Data/Admin Sekolah/Edit Kelas/Edit Kelas"), CONTINUE_ON_FAILURE): Object: 'Object Repository/Master Data/Admin Sekolah/Edit Kelas/Edit Kelas' is clicked on

03-01-2025T11:32:33 - [MESSAGE][PASSED] - Object: 'Object Repository/Master Data/Admin Sekolah/Edit Kelas/Edit Kelas' is clicked on

03-01-2025T11:32:33 - [TEST_STEP][PASSED] - click(findTestObject("Master Data/Admin Sekolah/Edit Kelas/Modal Edit/Unit/Pilih Unit"), CONTINUE_ON_FAILURE): Object: 'Object Repository/Master Data/Admin Sekolah/Edit Kelas/Modal Edit/Unit/Pilih Unit' is clicked on

03-01-2025T11:32:34 - [MESSAGE][PASSED] - Object: 'Object Repository/Master Data/Admin Sekolah/Edit Kelas/Modal Edit/Unit/Pilih Unit' is clicked on

03-01-2025T11:32:34 - [TEST_STEP][PASSED] - click(findTestObject("Master Data/Admin Sekolah/Edit Kelas/Modal Edit/Unit/Klik Unit"), CONTINUE_ON_FAILURE): Object: 'Object Repository/Master Data/Admin Sekolah/Edit Kelas/Modal Edit/Unit/Klik Unit' is clicked on

03-01-2025T11:32:34 - [MESSAGE][PASSED] - Object: 'Object Repository/Master Data/Admin Sekolah/Edit Kelas/Modal Edit/Unit/Klik Unit' is clicked on

03-01-2025T11:32:34 - [TEST_STEP][PASSED] - click(findTestObject("Master Data/Admin Sekolah/Edit Kelas/Modal Edit/Suffix/Edit Suffix")): Object: 'Object Repository/Master Data/Admin Sekolah/Edit Kelas/Modal Edit/Suffix/Edit Suffix' is clicked on

03-01-2025T11:32:35 - [MESSAGE][PASSED] - Object: 'Object Repository/Master Data/Admin Sekolah/Edit Kelas/Modal Edit/Suffix/Edit Suffix' is clicked on

03-01-2025T11:32:35 - [TEST_STEP][PASSED] - suffixArray = ["Laravel Beginner Course", "Laravel Advanced Guide", "PHP Crash Course", "Mastering Laravel with PHP", "Laravel for Beginners", "Full Stack PHP Development", "Backend Laravel Pro", "Laravel 4 With PHP", "PHP Framework Essentials", "Laravel API Development"]: null

03-01-2025T11:32:35 - [TEST_STEP][PASSED] - randomSuffix = suffixArray[Random().nextInt(length)]: null

03-01-2025T11:32:35 - [TEST_STEP][PASSED] - sendKeys(findTestObject("Master Data/Admin Sekolah/Edit Kelas/Modal Edit/Suffix/Edit Suffix"), Keys.chord(CONTROL, "a"), CONTINUE_ON_FAILURE): Keys 'CONTROL + a' sent to object: 'Object Repository/Master Data/Admin Sekolah/Edit Kelas/Modal Edit/Suffix/Edit Suffix'

03-01-2025T11:32:35 - [MESSAGE][PASSED] - Keys 'CONTROL + a' sent to object: 'Object Repository/Master Data/Admin Sekolah/Edit Kelas/Modal Edit/Suffix/Edit Suffix'

03-01-2025T11:32:35 - [TEST_STEP][PASSED] - sendKeys(findTestObject("Master Data/Admin Sekolah/Edit Kelas/Modal Edit/Suffix/Edit Suffix"), Keys.chord(BACK_SPACE), CONTINUE_ON_FAILURE): Keys 'BACK_SPACE + ' sent to object: 'Object Repository/Master Data/Admin Sekolah/Edit Kelas/Modal Edit/Suffix/Edit Suffix'

03-01-2025T11:32:35 - [MESSAGE][PASSED] - Keys 'BACK_SPACE + ' sent to object: 'Object Repository/Master Data/Admin Sekolah/Edit Kelas/Modal Edit/Suffix/Edit Suffix'

03-01-2025T11:32:35 - [TEST_STEP][PASSED] - delay(1): Delayed 1 second(s)

03-01-2025T11:32:36 - [MESSAGE][PASSED] - Delayed 1 second(s)

03-01-2025T11:32:36 - [TEST_STEP][PASSED] - setText(findTestObject("Master Data/Admin Sekolah/Edit Kelas/Modal Edit/Suffix/Edit Suffix"), randomSuffix, CONTINUE_ON_FAILURE): Text 'Laravel API Development' is set on object 'Object Repository/Master Data/Admin Sekolah/Edit Kelas/Modal Edit/Suffix/Edit Suffix'

03-01-2025T11:32:37 - [MESSAGE][PASSED] - Text 'Laravel API Development' is set on object 'Object Repository/Master Data/Admin Sekolah/Edit Kelas/Modal Edit/Suffix/Edit Suffix'

03-01-2025T11:32:37 - [TEST_STEP][PASSED] - click(findTestObject("Master Data/Admin Sekolah/Edit Kelas/Modal Edit/Simpan/Simpan Perubahan"), CONTINUE_ON_FAILURE): Object: 'Object Repository/Master Data/Admin Sekolah/Edit Kelas/Modal Edit/Simpan/Simpan Perubahan' is clicked on

03-01-2025T11:32:37 - [MESSAGE][PASSED] - Object: 'Object Repository/Master Data/Admin Sekolah/Edit Kelas/Modal Edit/Simpan/Simpan Perubahan' is clicked on

03-01-2025T11:32:37 - [TEST_STEP][PASSED] - closeBrowser(CONTINUE_ON_FAILURE): Browser is closed

03-01-2025T11:32:37 - [MESSAGE][PASSED] - Browser is closed

03-01-2025T11:32:37 - [MESSAGE][PASSED] - Call Test Case 'Test Cases/Master Data/Admin Sekolah/Master Data Kelas/Edit Kelas' successfully

03-01-2025T11:32:37 - [TEST_STEP][FAILED] - callTestCase(findTestCase("Test Cases/Master Data/Admin Sekolah/Master Data Kelas/Tambah Kelas"), [:], CONTINUE_ON_FAILURE): Unable to call Test Case 'Test Cases/Master Data/Admin Sekolah/Master Data Kelas/Tambah Kelas' (Root cause: com.kms.katalon.core.exception.StepFailedException: Call Test Case 'Test Cases/Master Data/Admin Sekolah/Master Data Kelas/Tambah Kelas' failed
	at com.kms.katalon.core.keyword.builtin.CallTestCaseKeyword$_callTestCase_closure1.doCall(CallTestCaseKeyword.groovy:63)
	at com.kms.katalon.core.keyword.builtin.CallTestCaseKeyword$_callTestCase_closure1.call(CallTestCaseKeyword.groovy)
	at com.kms.katalon.core.keyword.internal.KeywordMain.runKeyword(KeywordMain.groovy:75)
	at com.kms.katalon.core.keyword.builtin.CallTestCaseKeyword.callTestCase(CallTestCaseKeyword.groovy:81)
	at com.kms.katalon.core.keyword.builtin.CallTestCaseKeyword.execute(CallTestCaseKeyword.groovy:44)
	at com.kms.katalon.core.keyword.internal.KeywordExecutor.executeKeywordForPlatform(KeywordExecutor.groovy:74)
	at com.kms.katalon.core.keyword.BuiltinKeywords.callTestCase(BuiltinKeywords.groovy:310)
	at java.base/jdk.internal.reflect.NativeMethodAccessorImpl.invoke0(Native Method)
	at java.base/jdk.internal.reflect.NativeMethodAccessorImpl.invoke(NativeMethodAccessorImpl.java:77)
	at java.base/jdk.internal.reflect.DelegatingMethodAccessorImpl.invoke(DelegatingMethodAccessorImpl.java:43)
	at Regresi Kelas.run(Regresi Kelas:26)
	at com.kms.katalon.core.main.ScriptEngine.run(ScriptEngine.java:194)
	at com.kms.katalon.core.main.ScriptEngine.runScriptAsRawText(ScriptEngine.java:119)
	at com.kms.katalon.core.main.TestCaseExecutor.runScript(TestCaseExecutor.java:448)
	at com.kms.katalon.core.main.TestCaseExecutor.doExecute(TestCaseExecutor.java:439)
	at com.kms.katalon.core.main.TestCaseExecutor.processExecutionPhase(TestCaseExecutor.java:418)
	at com.kms.katalon.core.main.TestCaseExecutor.accessMainPhase(TestCaseExecutor.java:410)
	at com.kms.katalon.core.main.TestCaseExecutor.execute(TestCaseExecutor.java:285)
	at com.kms.katalon.core.common.CommonExecutor.accessTestCaseMainPhase(CommonExecutor.java:65)
	at com.kms.katalon.core.main.TestSuiteExecutor.accessTestSuiteMainPhase(TestSuiteExecutor.java:161)
	at com.kms.katalon.core.main.TestSuiteExecutor.execute(TestSuiteExecutor.java:107)
	at com.kms.katalon.core.main.TestCaseMain.startTestSuite(TestCaseMain.java:176)
	at TempTestSuite1735878642439.run(TempTestSuite1735878642439.groovy:35)
	at java.base/jdk.internal.reflect.NativeMethodAccessorImpl.invoke0(Native Method)
	at java.base/jdk.internal.reflect.NativeMethodAccessorImpl.invoke(NativeMethodAccessorImpl.java:77)
	at java.base/jdk.internal.reflect.DelegatingMethodAccessorImpl.invoke(DelegatingMethodAccessorImpl.java:43)
Caused by: com.kms.katalon.core.exception.StepFailedException: Unable to click on object 'Object Repository/Master Data/Admin Sekolah/Tambah Kelas/Modal Tambah/Prefix/Pilih Prefix' (Root cause: com.kms.katalon.core.exception.StepFailedException: Unable to click on object 'Object Repository/Master Data/Admin Sekolah/Tambah Kelas/Modal Tambah/Prefix/Pilih Prefix'
	at com.kms.katalon.core.webui.keyword.internal.WebUIKeywordMain.stepFailed(WebUIKeywordMain.groovy:117)
	at com.kms.katalon.core.webui.keyword.internal.WebUIKeywordMain.runKeyword(WebUIKeywordMain.groovy:43)
	at com.kms.katalon.core.webui.keyword.builtin.ClickKeyword.click(ClickKeyword.groovy:75)
	at com.kms.katalon.core.webui.keyword.builtin.ClickKeyword.execute(ClickKeyword.groovy:40)
	at com.kms.katalon.core.keyword.internal.KeywordExecutor.executeKeywordForPlatform(KeywordExecutor.groovy:74)
	at com.kms.katalon.core.webui.keyword.WebUiBuiltInKeywords.click(WebUiBuiltInKeywords.groovy:684)
	at Tambah Kelas.run(Tambah Kelas:46)
	at com.kms.katalon.core.main.ScriptEngine.run(ScriptEngine.java:194)
	at com.kms.katalon.core.main.ScriptEngine.runScriptAsRawText(ScriptEngine.java:119)
	at com.kms.katalon.core.main.TestCaseExecutor.runScript(TestCaseExecutor.java:448)
	at com.kms.katalon.core.main.TestCaseExecutor.doExecute(TestCaseExecutor.java:439)
	at com.kms.katalon.core.main.TestCaseExecutor.processExecutionPhase(TestCaseExecutor.java:418)
	at com.kms.katalon.core.main.TestCaseExecutor.accessMainPhase(TestCaseExecutor.java:410)
	at com.kms.katalon.core.main.TestCaseExecutor.execute(TestCaseExecutor.java:285)
	at com.kms.katalon.core.main.TestCaseMain.runTestCase(TestCaseMain.java:133)
	at com.kms.katalon.core.keyword.builtin.CallTestCaseKeyword$_callTestCase_closure1.doCall(CallTestCaseKeyword.groovy:59)
	at com.kms.katalon.core.keyword.builtin.CallTestCaseKeyword$_callTestCase_closure1.call(CallTestCaseKeyword.groovy)
	at com.kms.katalon.core.keyword.internal.KeywordMain.runKeyword(KeywordMain.groovy:75)
	at com.kms.katalon.core.keyword.builtin.CallTestCaseKeyword.callTestCase(CallTestCaseKeyword.groovy:81)
	at com.kms.katalon.core.keyword.builtin.CallTestCaseKeyword.execute(CallTestCaseKeyword.groovy:44)
	at com.kms.katalon.core.keyword.internal.KeywordExecutor.executeKeywordForPlatform(KeywordExecutor.groovy:74)
	at com.kms.katalon.core.keyword.BuiltinKeywords.callTestCase(BuiltinKeywords.groovy:310)
	at java.base/jdk.internal.reflect.NativeMethodAccessorImpl.invoke0(Native Method)
	at java.base/jdk.internal.reflect.NativeMethodAccessorImpl.invoke(NativeMethodAccessorImpl.java:77)
	at java.base/jdk.internal.reflect.DelegatingMethodAccessorImpl.invoke(DelegatingMethodAccessorImpl.java:43)
	at Regresi Kelas.run(Regresi Kelas:26)
	at com.kms.katalon.core.main.ScriptEngine.run(ScriptEngine.java:194)
	at com.kms.katalon.core.main.ScriptEngine.runScriptAsRawText(ScriptEngine.java:119)
	at com.kms.katalon.core.main.TestCaseExecutor.runScript(TestCaseExecutor.java:448)
	at com.kms.katalon.core.main.TestCaseExecutor.doExecute(TestCaseExecutor.java:439)
	at com.kms.katalon.core.main.TestCaseExecutor.processExecutionPhase(TestCaseExecutor.java:418)
	at com.kms.katalon.core.main.TestCaseExecutor.accessMainPhase(TestCaseExecutor.java:410)
	at com.kms.katalon.core.main.TestCaseExecutor.execute(TestCaseExecutor.java:285)
	at com.kms.katalon.core.common.CommonExecutor.accessTestCaseMainPhase(CommonExecutor.java:65)
	at com.kms.katalon.core.main.TestSuiteExecutor.accessTestSuiteMainPhase(TestSuiteExecutor.java:161)
	at com.kms.katalon.core.main.TestSuiteExecutor.execute(TestSuiteExecutor.java:107)
	at com.kms.katalon.core.main.TestCaseMain.startTestSuite(TestCaseMain.java:176)
	at TempTestSuite1735878642439.run(TempTestSuite1735878642439.groovy:35)
	at java.base/jdk.internal.reflect.NativeMethodAccessorImpl.invoke0(Native Method)
	at java.base/jdk.internal.reflect.NativeMethodAccessorImpl.invoke(NativeMethodAccessorImpl.java:77)
	at java.base/jdk.internal.reflect.DelegatingMethodAccessorImpl.invoke(DelegatingMethodAccessorImpl.java:43)
Caused by: com.kms.katalon.core.webui.exception.WebElementNotFoundException: Web element with id: 'Object Repository/Master Data/Admin Sekolah/Tambah Kelas/Modal Tambah/Prefix/Pilih Prefix' located by '//*[@data-testid = 'paragraph' and (text() = 'RETEST' or . = 'RETEST')]' not found
	at com.kms.katalon.core.webui.common.WebUiCommonHelper.findWebElement(WebUiCommonHelper.java:1426)
	at com.kms.katalon.core.webui.keyword.internal.WebUIAbstractKeyword.findWebElement(WebUIAbstractKeyword.groovy:27)
	at com.kms.katalon.core.webui.keyword.builtin.ClickKeyword$_click_closure1.doCall(ClickKeyword.groovy:66)
	at com.kms.katalon.core.webui.keyword.builtin.ClickKeyword$_click_closure1.call(ClickKeyword.groovy)
	at com.kms.katalon.core.webui.keyword.internal.WebUIKeywordMain.runKeyword(WebUIKeywordMain.groovy:35)
	at com.kms.katalon.core.webui.keyword.builtin.ClickKeyword.click(ClickKeyword.groovy:75)
	at com.kms.katalon.core.webui.keyword.builtin.ClickKeyword.execute(ClickKeyword.groovy:40)
	at com.kms.katalon.core.keyword.internal.KeywordExecutor.executeKeywordForPlatform(KeywordExecutor.groovy:74)
	at com.kms.katalon.core.webui.keyword.WebUiBuiltInKeywords.click(WebUiBuiltInKeywords.groovy:684)
	at Script1731464206565.run(Script1731464206565.groovy:46)
	at com.kms.katalon.core.main.ScriptEngine.run(ScriptEngine.java:194)
	at com.kms.katalon.core.main.ScriptEngine.runScriptAsRawText(ScriptEngine.java:119)
	at com.kms.katalon.core.main.TestCaseExecutor.runScript(TestCaseExecutor.java:448)
	at com.kms.katalon.core.main.TestCaseExecutor.doExecute(TestCaseExecutor.java:439)
	at com.kms.katalon.core.main.TestCaseExecutor.processExecutionPhase(TestCaseExecutor.java:418)
	at com.kms.katalon.core.main.TestCaseExecutor.accessMainPhase(TestCaseExecutor.java:410)
	at com.kms.katalon.core.main.TestCaseExecutor.execute(TestCaseExecutor.java:285)
	at com.kms.katalon.core.main.TestCaseMain.runTestCase(TestCaseMain.java:133)
	at com.kms.katalon.core.keyword.builtin.CallTestCaseKeyword$_callTestCase_closure1.doCall(CallTestCaseKeyword.groovy:59)
	at com.kms.katalon.core.keyword.builtin.CallTestCaseKeyword$_callTestCase_closure1.call(CallTestCaseKeyword.groovy)
	at com.kms.katalon.core.keyword.internal.KeywordMain.runKeyword(KeywordMain.groovy:75)
	at com.kms.katalon.core.keyword.builtin.CallTestCaseKeyword.callTestCase(CallTestCaseKeyword.groovy:81)
	at com.kms.katalon.core.keyword.builtin.CallTestCaseKeyword.execute(CallTestCaseKeyword.groovy:44)
	at com.kms.katalon.core.keyword.internal.KeywordExecutor.executeKeywordForPlatform(KeywordExecutor.groovy:74)
	at com.kms.katalon.core.keyword.BuiltinKeywords.callTestCase(BuiltinKeywords.groovy:310)
	at java.base/jdk.internal.reflect.NativeMethodAccessorImpl.invoke0(Native Method)
	at java.base/jdk.internal.reflect.NativeMethodAccessorImpl.invoke(NativeMethodAccessorImpl.java:77)
	at java.base/jdk.internal.reflect.DelegatingMethodAccessorImpl.invoke(DelegatingMethodAccessorImpl.java:43)
	at Script1735746406961.run(Script1735746406961.groovy:26)
	... 15 more
)
	at com.kms.katalon.core.keyword.internal.KeywordMain.stepFailed(KeywordMain.groovy:39)
	at com.kms.katalon.core.webui.keyword.internal.WebUIKeywordMain.stepFailed(WebUIKeywordMain.groovy:117)
	at com.kms.katalon.core.webui.keyword.internal.WebUIKeywordMain.runKeyword(WebUIKeywordMain.groovy:43)
	at com.kms.katalon.core.webui.keyword.builtin.ClickKeyword.click(ClickKeyword.groovy:75)
	at com.kms.katalon.core.webui.keyword.builtin.ClickKeyword.execute(ClickKeyword.groovy:40)
	at com.kms.katalon.core.keyword.internal.KeywordExecutor.executeKeywordForPlatform(KeywordExecutor.groovy:74)
	at com.kms.katalon.core.webui.keyword.WebUiBuiltInKeywords.click(WebUiBuiltInKeywords.groovy:684)
	at Tambah Kelas.run(Tambah Kelas:46)
	at com.kms.katalon.core.main.ScriptEngine.run(ScriptEngine.java:194)
	at com.kms.katalon.core.main.ScriptEngine.runScriptAsRawText(ScriptEngine.java:119)
	at com.kms.katalon.core.main.TestCaseExecutor.runScript(TestCaseExecutor.java:448)
	at com.kms.katalon.core.main.TestCaseExecutor.doExecute(TestCaseExecutor.java:439)
	at com.kms.katalon.core.main.TestCaseExecutor.processExecutionPhase(TestCaseExecutor.java:418)
	at com.kms.katalon.core.main.TestCaseExecutor.accessMainPhase(TestCaseExecutor.java:410)
	at com.kms.katalon.core.main.TestCaseExecutor.execute(TestCaseExecutor.java:285)
	at com.kms.katalon.core.main.TestCaseMain.runTestCase(TestCaseMain.java:133)
	at com.kms.katalon.core.keyword.builtin.CallTestCaseKeyword$_callTestCase_closure1.doCall(CallTestCaseKeyword.groovy:59)
	... 25 more
Caused by: com.kms.katalon.core.exception.StepFailedException: Unable to click on object 'Object Repository/Master Data/Admin Sekolah/Tambah Kelas/Modal Tambah/Prefix/Pilih Prefix'
	... 41 more
Caused by: com.kms.katalon.core.webui.exception.WebElementNotFoundException: Web element with id: 'Object Repository/Master Data/Admin Sekolah/Tambah Kelas/Modal Tambah/Prefix/Pilih Prefix' located by '//*[@data-testid = 'paragraph' and (text() = 'RETEST' or . = 'RETEST')]' not found
	at com.kms.katalon.core.webui.common.WebUiCommonHelper.findWebElement(WebUiCommonHelper.java:1426)
	at com.kms.katalon.core.webui.keyword.internal.WebUIAbstractKeyword.findWebElement(WebUIAbstractKeyword.groovy:27)
	at com.kms.katalon.core.webui.keyword.builtin.ClickKeyword$_click_closure1.doCall(ClickKeyword.groovy:66)
	at com.kms.katalon.core.webui.keyword.builtin.ClickKeyword$_click_closure1.call(ClickKeyword.groovy)
	at com.kms.katalon.core.webui.keyword.internal.WebUIKeywordMain.runKeyword(WebUIKeywordMain.groovy:35)
	... 39 more
)

03-01-2025T11:32:37 - [TEST_CASE][FAILED] - Test Cases/Master Data/Admin Sekolah/Master Data Kelas/Tambah Kelas: Test Cases/Master Data/Admin Sekolah/Master Data Kelas/Tambah Kelas FAILED.
Reason:
com.kms.katalon.core.exception.StepFailedException: Unable to click on object 'Object Repository/Master Data/Admin Sekolah/Tambah Kelas/Modal Tambah/Prefix/Pilih Prefix' (Root cause: com.kms.katalon.core.exception.StepFailedException: Unable to click on object 'Object Repository/Master Data/Admin Sekolah/Tambah Kelas/Modal Tambah/Prefix/Pilih Prefix'
	at com.kms.katalon.core.webui.keyword.internal.WebUIKeywordMain.stepFailed(WebUIKeywordMain.groovy:117)
	at com.kms.katalon.core.webui.keyword.internal.WebUIKeywordMain.runKeyword(WebUIKeywordMain.groovy:43)
	at com.kms.katalon.core.webui.keyword.builtin.ClickKeyword.click(ClickKeyword.groovy:75)
	at com.kms.katalon.core.webui.keyword.builtin.ClickKeyword.execute(ClickKeyword.groovy:40)
	at com.kms.katalon.core.keyword.internal.KeywordExecutor.executeKeywordForPlatform(KeywordExecutor.groovy:74)
	at com.kms.katalon.core.webui.keyword.WebUiBuiltInKeywords.click(WebUiBuiltInKeywords.groovy:684)
	at Tambah Kelas.run(Tambah Kelas:46)
	at com.kms.katalon.core.main.ScriptEngine.run(ScriptEngine.java:194)
	at com.kms.katalon.core.main.ScriptEngine.runScriptAsRawText(ScriptEngine.java:119)
	at com.kms.katalon.core.main.TestCaseExecutor.runScript(TestCaseExecutor.java:448)
	at com.kms.katalon.core.main.TestCaseExecutor.doExecute(TestCaseExecutor.java:439)
	at com.kms.katalon.core.main.TestCaseExecutor.processExecutionPhase(TestCaseExecutor.java:418)
	at com.kms.katalon.core.main.TestCaseExecutor.accessMainPhase(TestCaseExecutor.java:410)
	at com.kms.katalon.core.main.TestCaseExecutor.execute(TestCaseExecutor.java:285)
	at com.kms.katalon.core.main.TestCaseMain.runTestCase(TestCaseMain.java:133)
	at com.kms.katalon.core.keyword.builtin.CallTestCaseKeyword$_callTestCase_closure1.doCall(CallTestCaseKeyword.groovy:59)
	at com.kms.katalon.core.keyword.builtin.CallTestCaseKeyword$_callTestCase_closure1.call(CallTestCaseKeyword.groovy)
	at com.kms.katalon.core.keyword.internal.KeywordMain.runKeyword(KeywordMain.groovy:75)
	at com.kms.katalon.core.keyword.builtin.CallTestCaseKeyword.callTestCase(CallTestCaseKeyword.groovy:81)
	at com.kms.katalon.core.keyword.builtin.CallTestCaseKeyword.execute(CallTestCaseKeyword.groovy:44)
	at com.kms.katalon.core.keyword.internal.KeywordExecutor.executeKeywordForPlatform(KeywordExecutor.groovy:74)
	at com.kms.katalon.core.keyword.BuiltinKeywords.callTestCase(BuiltinKeywords.groovy:310)
	at java.base/jdk.internal.reflect.NativeMethodAccessorImpl.invoke0(Native Method)
	at java.base/jdk.internal.reflect.NativeMethodAccessorImpl.invoke(NativeMethodAccessorImpl.java:77)
	at java.base/jdk.internal.reflect.DelegatingMethodAccessorImpl.invoke(DelegatingMethodAccessorImpl.java:43)
	at Regresi Kelas.run(Regresi Kelas:26)
	at com.kms.katalon.core.main.ScriptEngine.run(ScriptEngine.java:194)
	at com.kms.katalon.core.main.ScriptEngine.runScriptAsRawText(ScriptEngine.java:119)
	at com.kms.katalon.core.main.TestCaseExecutor.runScript(TestCaseExecutor.java:448)
	at com.kms.katalon.core.main.TestCaseExecutor.doExecute(TestCaseExecutor.java:439)
	at com.kms.katalon.core.main.TestCaseExecutor.processExecutionPhase(TestCaseExecutor.java:418)
	at com.kms.katalon.core.main.TestCaseExecutor.accessMainPhase(TestCaseExecutor.java:410)
	at com.kms.katalon.core.main.TestCaseExecutor.execute(TestCaseExecutor.java:285)
	at com.kms.katalon.core.common.CommonExecutor.accessTestCaseMainPhase(CommonExecutor.java:65)
	at com.kms.katalon.core.main.TestSuiteExecutor.accessTestSuiteMainPhase(TestSuiteExecutor.java:161)
	at com.kms.katalon.core.main.TestSuiteExecutor.execute(TestSuiteExecutor.java:107)
	at com.kms.katalon.core.main.TestCaseMain.startTestSuite(TestCaseMain.java:176)
	at TempTestSuite1735878642439.run(TempTestSuite1735878642439.groovy:35)
	at java.base/jdk.internal.reflect.NativeMethodAccessorImpl.invoke0(Native Method)
	at java.base/jdk.internal.reflect.NativeMethodAccessorImpl.invoke(NativeMethodAccessorImpl.java:77)
	at java.base/jdk.internal.reflect.DelegatingMethodAccessorImpl.invoke(DelegatingMethodAccessorImpl.java:43)
Caused by: com.kms.katalon.core.webui.exception.WebElementNotFoundException: Web element with id: 'Object Repository/Master Data/Admin Sekolah/Tambah Kelas/Modal Tambah/Prefix/Pilih Prefix' located by '//*[@data-testid = 'paragraph' and (text() = 'RETEST' or . = 'RETEST')]' not found
	at com.kms.katalon.core.webui.common.WebUiCommonHelper.findWebElement(WebUiCommonHelper.java:1426)
	at com.kms.katalon.core.webui.keyword.internal.WebUIAbstractKeyword.findWebElement(WebUIAbstractKeyword.groovy:27)
	at com.kms.katalon.core.webui.keyword.builtin.ClickKeyword$_click_closure1.doCall(ClickKeyword.groovy:66)
	at com.kms.katalon.core.webui.keyword.builtin.ClickKeyword$_click_closure1.call(ClickKeyword.groovy)
	at com.kms.katalon.core.webui.keyword.internal.WebUIKeywordMain.runKeyword(WebUIKeywordMain.groovy:35)
	at com.kms.katalon.core.webui.keyword.builtin.ClickKeyword.click(ClickKeyword.groovy:75)
	at com.kms.katalon.core.webui.keyword.builtin.ClickKeyword.execute(ClickKeyword.groovy:40)
	at com.kms.katalon.core.keyword.internal.KeywordExecutor.executeKeywordForPlatform(KeywordExecutor.groovy:74)
	at com.kms.katalon.core.webui.keyword.WebUiBuiltInKeywords.click(WebUiBuiltInKeywords.groovy:684)
	at Script1731464206565.run(Script1731464206565.groovy:46)
	at com.kms.katalon.core.main.ScriptEngine.run(ScriptEngine.java:194)
	at com.kms.katalon.core.main.ScriptEngine.runScriptAsRawText(ScriptEngine.java:119)
	at com.kms.katalon.core.main.TestCaseExecutor.runScript(TestCaseExecutor.java:448)
	at com.kms.katalon.core.main.TestCaseExecutor.doExecute(TestCaseExecutor.java:439)
	at com.kms.katalon.core.main.TestCaseExecutor.processExecutionPhase(TestCaseExecutor.java:418)
	at com.kms.katalon.core.main.TestCaseExecutor.accessMainPhase(TestCaseExecutor.java:410)
	at com.kms.katalon.core.main.TestCaseExecutor.execute(TestCaseExecutor.java:285)
	at com.kms.katalon.core.main.TestCaseMain.runTestCase(TestCaseMain.java:133)
	at com.kms.katalon.core.keyword.builtin.CallTestCaseKeyword$_callTestCase_closure1.doCall(CallTestCaseKeyword.groovy:59)
	at com.kms.katalon.core.keyword.builtin.CallTestCaseKeyword$_callTestCase_closure1.call(CallTestCaseKeyword.groovy)
	at com.kms.katalon.core.keyword.internal.KeywordMain.runKeyword(KeywordMain.groovy:75)
	at com.kms.katalon.core.keyword.builtin.CallTestCaseKeyword.callTestCase(CallTestCaseKeyword.groovy:81)
	at com.kms.katalon.core.keyword.builtin.CallTestCaseKeyword.execute(CallTestCaseKeyword.groovy:44)
	at com.kms.katalon.core.keyword.internal.KeywordExecutor.executeKeywordForPlatform(KeywordExecutor.groovy:74)
	at com.kms.katalon.core.keyword.BuiltinKeywords.callTestCase(BuiltinKeywords.groovy:310)
	at java.base/jdk.internal.reflect.NativeMethodAccessorImpl.invoke0(Native Method)
	at java.base/jdk.internal.reflect.NativeMethodAccessorImpl.invoke(NativeMethodAccessorImpl.java:77)
	at java.base/jdk.internal.reflect.DelegatingMethodAccessorImpl.invoke(DelegatingMethodAccessorImpl.java:43)
	at Script1735746406961.run(Script1735746406961.groovy:26)
	... 15 more
)
	at com.kms.katalon.core.keyword.internal.KeywordMain.stepFailed(KeywordMain.groovy:39)
	at com.kms.katalon.core.webui.keyword.internal.WebUIKeywordMain.stepFailed(WebUIKeywordMain.groovy:117)
	at com.kms.katalon.core.webui.keyword.internal.WebUIKeywordMain.runKeyword(WebUIKeywordMain.groovy:43)
	at com.kms.katalon.core.webui.keyword.builtin.ClickKeyword.click(ClickKeyword.groovy:75)
	at com.kms.katalon.core.webui.keyword.builtin.ClickKeyword.execute(ClickKeyword.groovy:40)
	at com.kms.katalon.core.keyword.internal.KeywordExecutor.executeKeywordForPlatform(KeywordExecutor.groovy:74)
	at com.kms.katalon.core.webui.keyword.WebUiBuiltInKeywords.click(WebUiBuiltInKeywords.groovy:684)
	at Tambah Kelas.run(Tambah Kelas:46)
	at com.kms.katalon.core.main.ScriptEngine.run(ScriptEngine.java:194)
	at com.kms.katalon.core.main.ScriptEngine.runScriptAsRawText(ScriptEngine.java:119)
	at com.kms.katalon.core.main.TestCaseExecutor.runScript(TestCaseExecutor.java:448)
	at com.kms.katalon.core.main.TestCaseExecutor.doExecute(TestCaseExecutor.java:439)
	at com.kms.katalon.core.main.TestCaseExecutor.processExecutionPhase(TestCaseExecutor.java:418)
	at com.kms.katalon.core.main.TestCaseExecutor.accessMainPhase(TestCaseExecutor.java:410)
	at com.kms.katalon.core.main.TestCaseExecutor.execute(TestCaseExecutor.java:285)
	at com.kms.katalon.core.main.TestCaseMain.runTestCase(TestCaseMain.java:133)
	at com.kms.katalon.core.keyword.builtin.CallTestCaseKeyword$_callTestCase_closure1.doCall(CallTestCaseKeyword.groovy:59)
	at com.kms.katalon.core.keyword.builtin.CallTestCaseKeyword$_callTestCase_closure1.call(CallTestCaseKeyword.groovy)
	at com.kms.katalon.core.keyword.internal.KeywordMain.runKeyword(KeywordMain.groovy:75)
	at com.kms.katalon.core.keyword.builtin.CallTestCaseKeyword.callTestCase(CallTestCaseKeyword.groovy:81)
	at com.kms.katalon.core.keyword.builtin.CallTestCaseKeyword.execute(CallTestCaseKeyword.groovy:44)
	at com.kms.katalon.core.keyword.internal.KeywordExecutor.executeKeywordForPlatform(KeywordExecutor.groovy:74)
	at com.kms.katalon.core.keyword.BuiltinKeywords.callTestCase(BuiltinKeywords.groovy:310)
	at java.base/jdk.internal.reflect.NativeMethodAccessorImpl.invoke0(Native Method)
	at java.base/jdk.internal.reflect.NativeMethodAccessorImpl.invoke(NativeMethodAccessorImpl.java:77)
	at java.base/jdk.internal.reflect.DelegatingMethodAccessorImpl.invoke(DelegatingMethodAccessorImpl.java:43)
	at Regresi Kelas.run(Regresi Kelas:26)
	at com.kms.katalon.core.main.ScriptEngine.run(ScriptEngine.java:194)
	at com.kms.katalon.core.main.ScriptEngine.runScriptAsRawText(ScriptEngine.java:119)
	at com.kms.katalon.core.main.TestCaseExecutor.runScript(TestCaseExecutor.java:448)
	at com.kms.katalon.core.main.TestCaseExecutor.doExecute(TestCaseExecutor.java:439)
	at com.kms.katalon.core.main.TestCaseExecutor.processExecutionPhase(TestCaseExecutor.java:418)
	at com.kms.katalon.core.main.TestCaseExecutor.accessMainPhase(TestCaseExecutor.java:410)
	at com.kms.katalon.core.main.TestCaseExecutor.execute(TestCaseExecutor.java:285)
	at com.kms.katalon.core.common.CommonExecutor.accessTestCaseMainPhase(CommonExecutor.java:65)
	at com.kms.katalon.core.main.TestSuiteExecutor.accessTestSuiteMainPhase(TestSuiteExecutor.java:161)
	at com.kms.katalon.core.main.TestSuiteExecutor.execute(TestSuiteExecutor.java:107)
	at com.kms.katalon.core.main.TestCaseMain.startTestSuite(TestCaseMain.java:176)
	at TempTestSuite1735878642439.run(TempTestSuite1735878642439.groovy:35)
	at java.base/jdk.internal.reflect.NativeMethodAccessorImpl.invoke0(Native Method)
	at java.base/jdk.internal.reflect.NativeMethodAccessorImpl.invoke(NativeMethodAccessorImpl.java:77)
	at java.base/jdk.internal.reflect.DelegatingMethodAccessorImpl.invoke(DelegatingMethodAccessorImpl.java:43)
Caused by: com.kms.katalon.core.exception.StepFailedException: Unable to click on object 'Object Repository/Master Data/Admin Sekolah/Tambah Kelas/Modal Tambah/Prefix/Pilih Prefix'
	... 41 more
Caused by: com.kms.katalon.core.webui.exception.WebElementNotFoundException: Web element with id: 'Object Repository/Master Data/Admin Sekolah/Tambah Kelas/Modal Tambah/Prefix/Pilih Prefix' located by '//*[@data-testid = 'paragraph' and (text() = 'RETEST' or . = 'RETEST')]' not found
	at com.kms.katalon.core.webui.common.WebUiCommonHelper.findWebElement(WebUiCommonHelper.java:1426)
	at com.kms.katalon.core.webui.keyword.internal.WebUIAbstractKeyword.findWebElement(WebUIAbstractKeyword.groovy:27)
	at com.kms.katalon.core.webui.keyword.builtin.ClickKeyword$_click_closure1.doCall(ClickKeyword.groovy:66)
	at com.kms.katalon.core.webui.keyword.builtin.ClickKeyword$_click_closure1.call(ClickKeyword.groovy)
	at com.kms.katalon.core.webui.keyword.internal.WebUIKeywordMain.runKeyword(WebUIKeywordMain.groovy:35)
	... 39 more


03-01-2025T11:32:38 - [TEST_STEP][PASSED] - openBrowser("", CONTINUE_ON_FAILURE): Browser is opened with url: ''

03-01-2025T11:32:38 - [MESSAGE][INFO] - Starting 'Chrome' driver

03-01-2025T11:32:38 - [MESSAGE][INFO] - Action delay is set to 0 milliseconds

03-01-2025T11:32:38 - [MESSAGE][PASSED] - Browser is opened with url: ''

03-01-2025T11:32:38 - [TEST_STEP][PASSED] - navigateToUrl("https://sit.siprusedu.com/login"): Navigate to 'https://sit.siprusedu.com/login' successfully

03-01-2025T11:32:39 - [MESSAGE][PASSED] - Navigate to 'https://sit.siprusedu.com/login' successfully

03-01-2025T11:32:39 - [TEST_STEP][PASSED] - click(findTestObject("Master Data/Admin Sekolah/Login/Field Email"), CONTINUE_ON_FAILURE): Object: 'Object Repository/Master Data/Admin Sekolah/Login/Field Email' is clicked on

03-01-2025T11:32:40 - [MESSAGE][PASSED] - Object: 'Object Repository/Master Data/Admin Sekolah/Login/Field Email' is clicked on

03-01-2025T11:32:40 - [TEST_STEP][PASSED] - setText(findTestObject("Master Data/Admin Sekolah/Login/Field Email"), "admin.gudangsolusi@digiform.co.id", CONTINUE_ON_FAILURE): Text 'admin.gudangsolusi@digiform.co.id' is set on object 'Object Repository/Master Data/Admin Sekolah/Login/Field Email'

03-01-2025T11:32:41 - [MESSAGE][PASSED] - Text 'admin.gudangsolusi@digiform.co.id' is set on object 'Object Repository/Master Data/Admin Sekolah/Login/Field Email'

03-01-2025T11:32:41 - [TEST_STEP][PASSED] - click(findTestObject("Master Data/Admin Sekolah/Login/Input Password"), CONTINUE_ON_FAILURE): Object: 'Object Repository/Master Data/Admin Sekolah/Login/Input Password' is clicked on

03-01-2025T11:32:41 - [MESSAGE][PASSED] - Object: 'Object Repository/Master Data/Admin Sekolah/Login/Input Password' is clicked on

03-01-2025T11:32:41 - [TEST_STEP][PASSED] - setText(findTestObject("Master Data/Admin Sekolah/Login/Input Password"), "Test1234", CONTINUE_ON_FAILURE): Text 'Test1234' is set on object 'Object Repository/Master Data/Admin Sekolah/Login/Input Password'

03-01-2025T11:32:42 - [MESSAGE][PASSED] - Text 'Test1234' is set on object 'Object Repository/Master Data/Admin Sekolah/Login/Input Password'

03-01-2025T11:32:42 - [TEST_STEP][PASSED] - click(findTestObject("Master Data/Admin Sekolah/Login/Button Submit"), CONTINUE_ON_FAILURE): Object: 'Object Repository/Master Data/Admin Sekolah/Login/Button Submit' is clicked on

03-01-2025T11:32:42 - [MESSAGE][PASSED] - Object: 'Object Repository/Master Data/Admin Sekolah/Login/Button Submit' is clicked on

03-01-2025T11:32:42 - [TEST_STEP][PASSED] - click(findTestObject("Master Data/Admin Sekolah/HomePageMenu/Sidebar Menu"), CONTINUE_ON_FAILURE): Object: 'Object Repository/Master Data/Admin Sekolah/HomePageMenu/Sidebar Menu' is clicked on

03-01-2025T11:32:44 - [MESSAGE][PASSED] - Object: 'Object Repository/Master Data/Admin Sekolah/HomePageMenu/Sidebar Menu' is clicked on

03-01-2025T11:32:44 - [TEST_STEP][PASSED] - click(findTestObject("Master Data/Admin Sekolah/HomePageMenu/Sub Menu Kelas"), CONTINUE_ON_FAILURE): Object: 'Object Repository/Master Data/Admin Sekolah/HomePageMenu/Sub Menu Kelas' is clicked on

03-01-2025T11:33:03 - [MESSAGE][PASSED] - Object: 'Object Repository/Master Data/Admin Sekolah/HomePageMenu/Sub Menu Kelas' is clicked on

03-01-2025T11:33:03 - [TEST_STEP][PASSED] - click(findTestObject("Master Data/Admin Sekolah/Tambah Kelas/Tambah Kelas"), CONTINUE_ON_FAILURE): Object: 'Object Repository/Master Data/Admin Sekolah/Tambah Kelas/Tambah Kelas' is clicked on

03-01-2025T11:33:04 - [MESSAGE][PASSED] - Object: 'Object Repository/Master Data/Admin Sekolah/Tambah Kelas/Tambah Kelas' is clicked on

03-01-2025T11:33:04 - [TEST_STEP][PASSED] - click(findTestObject("Master Data/Admin Sekolah/Tambah Kelas/Modal Tambah/Unit/Pilih Unit"), CONTINUE_ON_FAILURE): Object: 'Object Repository/Master Data/Admin Sekolah/Tambah Kelas/Modal Tambah/Unit/Pilih Unit' is clicked on

03-01-2025T11:33:04 - [MESSAGE][PASSED] - Object: 'Object Repository/Master Data/Admin Sekolah/Tambah Kelas/Modal Tambah/Unit/Pilih Unit' is clicked on

03-01-2025T11:33:04 - [TEST_STEP][PASSED] - click(findTestObject("Master Data/Admin Sekolah/Tambah Kelas/Modal Tambah/Unit/Klik Unit"), CONTINUE_ON_FAILURE): Object: 'Object Repository/Master Data/Admin Sekolah/Tambah Kelas/Modal Tambah/Unit/Klik Unit' is clicked on

03-01-2025T11:33:05 - [MESSAGE][PASSED] - Object: 'Object Repository/Master Data/Admin Sekolah/Tambah Kelas/Modal Tambah/Unit/Klik Unit' is clicked on

03-01-2025T11:33:05 - [TEST_STEP][PASSED] - click(findTestObject("Master Data/Admin Sekolah/Tambah Kelas/Modal Tambah/Prefix/Klik Prefix"), CONTINUE_ON_FAILURE): Object: 'Object Repository/Master Data/Admin Sekolah/Tambah Kelas/Modal Tambah/Prefix/Klik Prefix' is clicked on

03-01-2025T11:33:05 - [MESSAGE][PASSED] - Object: 'Object Repository/Master Data/Admin Sekolah/Tambah Kelas/Modal Tambah/Prefix/Klik Prefix' is clicked on

03-01-2025T11:33:05 - [TEST_STEP][FAILED] - click(findTestObject("Master Data/Admin Sekolah/Tambah Kelas/Modal Tambah/Prefix/Pilih Prefix"), CONTINUE_ON_FAILURE): Unable to click on object 'Object Repository/Master Data/Admin Sekolah/Tambah Kelas/Modal Tambah/Prefix/Pilih Prefix' (Root cause: com.kms.katalon.core.exception.StepFailedException: Unable to click on object 'Object Repository/Master Data/Admin Sekolah/Tambah Kelas/Modal Tambah/Prefix/Pilih Prefix'
	at com.kms.katalon.core.webui.keyword.internal.WebUIKeywordMain.stepFailed(WebUIKeywordMain.groovy:117)
	at com.kms.katalon.core.webui.keyword.internal.WebUIKeywordMain.runKeyword(WebUIKeywordMain.groovy:43)
	at com.kms.katalon.core.webui.keyword.builtin.ClickKeyword.click(ClickKeyword.groovy:75)
	at com.kms.katalon.core.webui.keyword.builtin.ClickKeyword.execute(ClickKeyword.groovy:40)
	at com.kms.katalon.core.keyword.internal.KeywordExecutor.executeKeywordForPlatform(KeywordExecutor.groovy:74)
	at com.kms.katalon.core.webui.keyword.WebUiBuiltInKeywords.click(WebUiBuiltInKeywords.groovy:684)
	at Tambah Kelas.run(Tambah Kelas:46)
	at com.kms.katalon.core.main.ScriptEngine.run(ScriptEngine.java:194)
	at com.kms.katalon.core.main.ScriptEngine.runScriptAsRawText(ScriptEngine.java:119)
	at com.kms.katalon.core.main.TestCaseExecutor.runScript(TestCaseExecutor.java:448)
	at com.kms.katalon.core.main.TestCaseExecutor.doExecute(TestCaseExecutor.java:439)
	at com.kms.katalon.core.main.TestCaseExecutor.processExecutionPhase(TestCaseExecutor.java:418)
	at com.kms.katalon.core.main.TestCaseExecutor.accessMainPhase(TestCaseExecutor.java:410)
	at com.kms.katalon.core.main.TestCaseExecutor.execute(TestCaseExecutor.java:285)
	at com.kms.katalon.core.main.TestCaseMain.runTestCase(TestCaseMain.java:133)
	at com.kms.katalon.core.keyword.builtin.CallTestCaseKeyword$_callTestCase_closure1.doCall(CallTestCaseKeyword.groovy:59)
	at com.kms.katalon.core.keyword.builtin.CallTestCaseKeyword$_callTestCase_closure1.call(CallTestCaseKeyword.groovy)
	at com.kms.katalon.core.keyword.internal.KeywordMain.runKeyword(KeywordMain.groovy:75)
	at com.kms.katalon.core.keyword.builtin.CallTestCaseKeyword.callTestCase(CallTestCaseKeyword.groovy:81)
	at com.kms.katalon.core.keyword.builtin.CallTestCaseKeyword.execute(CallTestCaseKeyword.groovy:44)
	at com.kms.katalon.core.keyword.internal.KeywordExecutor.executeKeywordForPlatform(KeywordExecutor.groovy:74)
	at com.kms.katalon.core.keyword.BuiltinKeywords.callTestCase(BuiltinKeywords.groovy:310)
	at java.base/jdk.internal.reflect.NativeMethodAccessorImpl.invoke0(Native Method)
	at java.base/jdk.internal.reflect.NativeMethodAccessorImpl.invoke(NativeMethodAccessorImpl.java:77)
	at java.base/jdk.internal.reflect.DelegatingMethodAccessorImpl.invoke(DelegatingMethodAccessorImpl.java:43)
	at Regresi Kelas.run(Regresi Kelas:26)
	at com.kms.katalon.core.main.ScriptEngine.run(ScriptEngine.java:194)
	at com.kms.katalon.core.main.ScriptEngine.runScriptAsRawText(ScriptEngine.java:119)
	at com.kms.katalon.core.main.TestCaseExecutor.runScript(TestCaseExecutor.java:448)
	at com.kms.katalon.core.main.TestCaseExecutor.doExecute(TestCaseExecutor.java:439)
	at com.kms.katalon.core.main.TestCaseExecutor.processExecutionPhase(TestCaseExecutor.java:418)
	at com.kms.katalon.core.main.TestCaseExecutor.accessMainPhase(TestCaseExecutor.java:410)
	at com.kms.katalon.core.main.TestCaseExecutor.execute(TestCaseExecutor.java:285)
	at com.kms.katalon.core.common.CommonExecutor.accessTestCaseMainPhase(CommonExecutor.java:65)
	at com.kms.katalon.core.main.TestSuiteExecutor.accessTestSuiteMainPhase(TestSuiteExecutor.java:161)
	at com.kms.katalon.core.main.TestSuiteExecutor.execute(TestSuiteExecutor.java:107)
	at com.kms.katalon.core.main.TestCaseMain.startTestSuite(TestCaseMain.java:176)
	at TempTestSuite1735878642439.run(TempTestSuite1735878642439.groovy:35)
	at java.base/jdk.internal.reflect.NativeMethodAccessorImpl.invoke0(Native Method)
	at java.base/jdk.internal.reflect.NativeMethodAccessorImpl.invoke(NativeMethodAccessorImpl.java:77)
	at java.base/jdk.internal.reflect.DelegatingMethodAccessorImpl.invoke(DelegatingMethodAccessorImpl.java:43)
Caused by: com.kms.katalon.core.webui.exception.WebElementNotFoundException: Web element with id: 'Object Repository/Master Data/Admin Sekolah/Tambah Kelas/Modal Tambah/Prefix/Pilih Prefix' located by '//*[@data-testid = 'paragraph' and (text() = 'RETEST' or . = 'RETEST')]' not found
	at com.kms.katalon.core.webui.common.WebUiCommonHelper.findWebElement(WebUiCommonHelper.java:1426)
	at com.kms.katalon.core.webui.keyword.internal.WebUIAbstractKeyword.findWebElement(WebUIAbstractKeyword.groovy:27)
	at com.kms.katalon.core.webui.keyword.builtin.ClickKeyword$_click_closure1.doCall(ClickKeyword.groovy:66)
	at com.kms.katalon.core.webui.keyword.builtin.ClickKeyword$_click_closure1.call(ClickKeyword.groovy)
	at com.kms.katalon.core.webui.keyword.internal.WebUIKeywordMain.runKeyword(WebUIKeywordMain.groovy:35)
	at com.kms.katalon.core.webui.keyword.builtin.ClickKeyword.click(ClickKeyword.groovy:75)
	at com.kms.katalon.core.webui.keyword.builtin.ClickKeyword.execute(ClickKeyword.groovy:40)
	at com.kms.katalon.core.keyword.internal.KeywordExecutor.executeKeywordForPlatform(KeywordExecutor.groovy:74)
	at com.kms.katalon.core.webui.keyword.WebUiBuiltInKeywords.click(WebUiBuiltInKeywords.groovy:684)
	at Script1731464206565.run(Script1731464206565.groovy:46)
	at com.kms.katalon.core.main.ScriptEngine.run(ScriptEngine.java:194)
	at com.kms.katalon.core.main.ScriptEngine.runScriptAsRawText(ScriptEngine.java:119)
	at com.kms.katalon.core.main.TestCaseExecutor.runScript(TestCaseExecutor.java:448)
	at com.kms.katalon.core.main.TestCaseExecutor.doExecute(TestCaseExecutor.java:439)
	at com.kms.katalon.core.main.TestCaseExecutor.processExecutionPhase(TestCaseExecutor.java:418)
	at com.kms.katalon.core.main.TestCaseExecutor.accessMainPhase(TestCaseExecutor.java:410)
	at com.kms.katalon.core.main.TestCaseExecutor.execute(TestCaseExecutor.java:285)
	at com.kms.katalon.core.main.TestCaseMain.runTestCase(TestCaseMain.java:133)
	at com.kms.katalon.core.keyword.builtin.CallTestCaseKeyword$_callTestCase_closure1.doCall(CallTestCaseKeyword.groovy:59)
	at com.kms.katalon.core.keyword.builtin.CallTestCaseKeyword$_callTestCase_closure1.call(CallTestCaseKeyword.groovy)
	at com.kms.katalon.core.keyword.internal.KeywordMain.runKeyword(KeywordMain.groovy:75)
	at com.kms.katalon.core.keyword.builtin.CallTestCaseKeyword.callTestCase(CallTestCaseKeyword.groovy:81)
	at com.kms.katalon.core.keyword.builtin.CallTestCaseKeyword.execute(CallTestCaseKeyword.groovy:44)
	at com.kms.katalon.core.keyword.internal.KeywordExecutor.executeKeywordForPlatform(KeywordExecutor.groovy:74)
	at com.kms.katalon.core.keyword.BuiltinKeywords.callTestCase(BuiltinKeywords.groovy:310)
	at java.base/jdk.internal.reflect.NativeMethodAccessorImpl.invoke0(Native Method)
	at java.base/jdk.internal.reflect.NativeMethodAccessorImpl.invoke(NativeMethodAccessorImpl.java:77)
	at java.base/jdk.internal.reflect.DelegatingMethodAccessorImpl.invoke(DelegatingMethodAccessorImpl.java:43)
	at Script1735746406961.run(Script1735746406961.groovy:26)
	... 15 more
)

03-01-2025T11:33:36 - [MESSAGE][INFO] - Unable to find the element located by 'By.xpath: //*[@data-testid = 'paragraph' and (text() = 'RETEST' or . = 'RETEST')]'. Please recheck the objects properties to make sure the desired element is located. 

03-01-2025T11:33:36 - [MESSAGE][WARNING] - [SELF-HEALING] Failed to find element with id 'Object Repository/Master Data/Admin Sekolah/Tambah Kelas/Modal Tambah/Prefix/Pilih Prefix'. Try using Self-healing.

03-01-2025T11:33:36 - [MESSAGE][WARNING] - [SELF-HEALING] Cannot find elements when the XPath is null.

03-01-2025T11:33:37 - [MESSAGE][WARNING] - [SELF-HEALING] Cannot find elements when the selector is null

03-01-2025T11:33:37 - [MESSAGE][FAILED] - Unable to click on object 'Object Repository/Master Data/Admin Sekolah/Tambah Kelas/Modal Tambah/Prefix/Pilih Prefix' (Root cause: com.kms.katalon.core.exception.StepFailedException: Unable to click on object 'Object Repository/Master Data/Admin Sekolah/Tambah Kelas/Modal Tambah/Prefix/Pilih Prefix'
	at com.kms.katalon.core.webui.keyword.internal.WebUIKeywordMain.stepFailed(WebUIKeywordMain.groovy:117)
	at com.kms.katalon.core.webui.keyword.internal.WebUIKeywordMain.runKeyword(WebUIKeywordMain.groovy:43)
	at com.kms.katalon.core.webui.keyword.builtin.ClickKeyword.click(ClickKeyword.groovy:75)
	at com.kms.katalon.core.webui.keyword.builtin.ClickKeyword.execute(ClickKeyword.groovy:40)
	at com.kms.katalon.core.keyword.internal.KeywordExecutor.executeKeywordForPlatform(KeywordExecutor.groovy:74)
	at com.kms.katalon.core.webui.keyword.WebUiBuiltInKeywords.click(WebUiBuiltInKeywords.groovy:684)
	at Tambah Kelas.run(Tambah Kelas:46)
	at com.kms.katalon.core.main.ScriptEngine.run(ScriptEngine.java:194)
	at com.kms.katalon.core.main.ScriptEngine.runScriptAsRawText(ScriptEngine.java:119)
	at com.kms.katalon.core.main.TestCaseExecutor.runScript(TestCaseExecutor.java:448)
	at com.kms.katalon.core.main.TestCaseExecutor.doExecute(TestCaseExecutor.java:439)
	at com.kms.katalon.core.main.TestCaseExecutor.processExecutionPhase(TestCaseExecutor.java:418)
	at com.kms.katalon.core.main.TestCaseExecutor.accessMainPhase(TestCaseExecutor.java:410)
	at com.kms.katalon.core.main.TestCaseExecutor.execute(TestCaseExecutor.java:285)
	at com.kms.katalon.core.main.TestCaseMain.runTestCase(TestCaseMain.java:133)
	at com.kms.katalon.core.keyword.builtin.CallTestCaseKeyword$_callTestCase_closure1.doCall(CallTestCaseKeyword.groovy:59)
	at com.kms.katalon.core.keyword.builtin.CallTestCaseKeyword$_callTestCase_closure1.call(CallTestCaseKeyword.groovy)
	at com.kms.katalon.core.keyword.internal.KeywordMain.runKeyword(KeywordMain.groovy:75)
	at com.kms.katalon.core.keyword.builtin.CallTestCaseKeyword.callTestCase(CallTestCaseKeyword.groovy:81)
	at com.kms.katalon.core.keyword.builtin.CallTestCaseKeyword.execute(CallTestCaseKeyword.groovy:44)
	at com.kms.katalon.core.keyword.internal.KeywordExecutor.executeKeywordForPlatform(KeywordExecutor.groovy:74)
	at com.kms.katalon.core.keyword.BuiltinKeywords.callTestCase(BuiltinKeywords.groovy:310)
	at java.base/jdk.internal.reflect.NativeMethodAccessorImpl.invoke0(Native Method)
	at java.base/jdk.internal.reflect.NativeMethodAccessorImpl.invoke(NativeMethodAccessorImpl.java:77)
	at java.base/jdk.internal.reflect.DelegatingMethodAccessorImpl.invoke(DelegatingMethodAccessorImpl.java:43)
	at Regresi Kelas.run(Regresi Kelas:26)
	at com.kms.katalon.core.main.ScriptEngine.run(ScriptEngine.java:194)
	at com.kms.katalon.core.main.ScriptEngine.runScriptAsRawText(ScriptEngine.java:119)
	at com.kms.katalon.core.main.TestCaseExecutor.runScript(TestCaseExecutor.java:448)
	at com.kms.katalon.core.main.TestCaseExecutor.doExecute(TestCaseExecutor.java:439)
	at com.kms.katalon.core.main.TestCaseExecutor.processExecutionPhase(TestCaseExecutor.java:418)
	at com.kms.katalon.core.main.TestCaseExecutor.accessMainPhase(TestCaseExecutor.java:410)
	at com.kms.katalon.core.main.TestCaseExecutor.execute(TestCaseExecutor.java:285)
	at com.kms.katalon.core.common.CommonExecutor.accessTestCaseMainPhase(CommonExecutor.java:65)
	at com.kms.katalon.core.main.TestSuiteExecutor.accessTestSuiteMainPhase(TestSuiteExecutor.java:161)
	at com.kms.katalon.core.main.TestSuiteExecutor.execute(TestSuiteExecutor.java:107)
	at com.kms.katalon.core.main.TestCaseMain.startTestSuite(TestCaseMain.java:176)
	at TempTestSuite1735878642439.run(TempTestSuite1735878642439.groovy:35)
	at java.base/jdk.internal.reflect.NativeMethodAccessorImpl.invoke0(Native Method)
	at java.base/jdk.internal.reflect.NativeMethodAccessorImpl.invoke(NativeMethodAccessorImpl.java:77)
	at java.base/jdk.internal.reflect.DelegatingMethodAccessorImpl.invoke(DelegatingMethodAccessorImpl.java:43)
Caused by: com.kms.katalon.core.webui.exception.WebElementNotFoundException: Web element with id: 'Object Repository/Master Data/Admin Sekolah/Tambah Kelas/Modal Tambah/Prefix/Pilih Prefix' located by '//*[@data-testid = 'paragraph' and (text() = 'RETEST' or . = 'RETEST')]' not found
	at com.kms.katalon.core.webui.common.WebUiCommonHelper.findWebElement(WebUiCommonHelper.java:1426)
	at com.kms.katalon.core.webui.keyword.internal.WebUIAbstractKeyword.findWebElement(WebUIAbstractKeyword.groovy:27)
	at com.kms.katalon.core.webui.keyword.builtin.ClickKeyword$_click_closure1.doCall(ClickKeyword.groovy:66)
	at com.kms.katalon.core.webui.keyword.builtin.ClickKeyword$_click_closure1.call(ClickKeyword.groovy)
	at com.kms.katalon.core.webui.keyword.internal.WebUIKeywordMain.runKeyword(WebUIKeywordMain.groovy:35)
	at com.kms.katalon.core.webui.keyword.builtin.ClickKeyword.click(ClickKeyword.groovy:75)
	at com.kms.katalon.core.webui.keyword.builtin.ClickKeyword.execute(ClickKeyword.groovy:40)
	at com.kms.katalon.core.keyword.internal.KeywordExecutor.executeKeywordForPlatform(KeywordExecutor.groovy:74)
	at com.kms.katalon.core.webui.keyword.WebUiBuiltInKeywords.click(WebUiBuiltInKeywords.groovy:684)
	at Script1731464206565.run(Script1731464206565.groovy:46)
	at com.kms.katalon.core.main.ScriptEngine.run(ScriptEngine.java:194)
	at com.kms.katalon.core.main.ScriptEngine.runScriptAsRawText(ScriptEngine.java:119)
	at com.kms.katalon.core.main.TestCaseExecutor.runScript(TestCaseExecutor.java:448)
	at com.kms.katalon.core.main.TestCaseExecutor.doExecute(TestCaseExecutor.java:439)
	at com.kms.katalon.core.main.TestCaseExecutor.processExecutionPhase(TestCaseExecutor.java:418)
	at com.kms.katalon.core.main.TestCaseExecutor.accessMainPhase(TestCaseExecutor.java:410)
	at com.kms.katalon.core.main.TestCaseExecutor.execute(TestCaseExecutor.java:285)
	at com.kms.katalon.core.main.TestCaseMain.runTestCase(TestCaseMain.java:133)
	at com.kms.katalon.core.keyword.builtin.CallTestCaseKeyword$_callTestCase_closure1.doCall(CallTestCaseKeyword.groovy:59)
	at com.kms.katalon.core.keyword.builtin.CallTestCaseKeyword$_callTestCase_closure1.call(CallTestCaseKeyword.groovy)
	at com.kms.katalon.core.keyword.internal.KeywordMain.runKeyword(KeywordMain.groovy:75)
	at com.kms.katalon.core.keyword.builtin.CallTestCaseKeyword.callTestCase(CallTestCaseKeyword.groovy:81)
	at com.kms.katalon.core.keyword.builtin.CallTestCaseKeyword.execute(CallTestCaseKeyword.groovy:44)
	at com.kms.katalon.core.keyword.internal.KeywordExecutor.executeKeywordForPlatform(KeywordExecutor.groovy:74)
	at com.kms.katalon.core.keyword.BuiltinKeywords.callTestCase(BuiltinKeywords.groovy:310)
	at java.base/jdk.internal.reflect.NativeMethodAccessorImpl.invoke0(Native Method)
	at java.base/jdk.internal.reflect.NativeMethodAccessorImpl.invoke(NativeMethodAccessorImpl.java:77)
	at java.base/jdk.internal.reflect.DelegatingMethodAccessorImpl.invoke(DelegatingMethodAccessorImpl.java:43)
	at Script1735746406961.run(Script1735746406961.groovy:26)
	... 15 more
)
[[ATTACHMENT|C:\\Users\\henri\\Videos\\school-payment-automation-testing\\Reports\\20250103_113042\\SPRINT 1\\20250103_113042\\1735878817852.png]]

03-01-2025T11:33:37 - [TEST_STEP][PASSED] - setText(findTestObject("Master Data/Admin Sekolah/Tambah Kelas/Modal Tambah/Suffix/Input Suffix kelas"), "PHP 4", CONTINUE_ON_FAILURE): Text 'PHP 4' is set on object 'Object Repository/Master Data/Admin Sekolah/Tambah Kelas/Modal Tambah/Suffix/Input Suffix kelas'

03-01-2025T11:33:38 - [MESSAGE][PASSED] - Text 'PHP 4' is set on object 'Object Repository/Master Data/Admin Sekolah/Tambah Kelas/Modal Tambah/Suffix/Input Suffix kelas'

03-01-2025T11:33:38 - [TEST_STEP][PASSED] - click(findTestObject("Master Data/Admin Sekolah/Tambah Kelas/Modal Tambah/Jurusan/Klik Jurusan"), CONTINUE_ON_FAILURE): Object: 'Object Repository/Master Data/Admin Sekolah/Tambah Kelas/Modal Tambah/Jurusan/Klik Jurusan' is clicked on

03-01-2025T11:33:38 - [MESSAGE][PASSED] - Object: 'Object Repository/Master Data/Admin Sekolah/Tambah Kelas/Modal Tambah/Jurusan/Klik Jurusan' is clicked on

03-01-2025T11:33:38 - [TEST_STEP][FAILED] - click(findTestObject("Master Data/Admin Sekolah/Tambah Kelas/Modal Tambah/Jurusan/Pilih Jurusan"), CONTINUE_ON_FAILURE): Unable to click on object 'Object Repository/Master Data/Admin Sekolah/Tambah Kelas/Modal Tambah/Jurusan/Pilih Jurusan' (Root cause: com.kms.katalon.core.exception.StepFailedException: Unable to click on object 'Object Repository/Master Data/Admin Sekolah/Tambah Kelas/Modal Tambah/Jurusan/Pilih Jurusan'
	at com.kms.katalon.core.webui.keyword.internal.WebUIKeywordMain.stepFailed(WebUIKeywordMain.groovy:117)
	at com.kms.katalon.core.webui.keyword.internal.WebUIKeywordMain.runKeyword(WebUIKeywordMain.groovy:43)
	at com.kms.katalon.core.webui.keyword.builtin.ClickKeyword.click(ClickKeyword.groovy:75)
	at com.kms.katalon.core.webui.keyword.builtin.ClickKeyword.execute(ClickKeyword.groovy:40)
	at com.kms.katalon.core.keyword.internal.KeywordExecutor.executeKeywordForPlatform(KeywordExecutor.groovy:74)
	at com.kms.katalon.core.webui.keyword.WebUiBuiltInKeywords.click(WebUiBuiltInKeywords.groovy:684)
	at Tambah Kelas.run(Tambah Kelas:53)
	at com.kms.katalon.core.main.ScriptEngine.run(ScriptEngine.java:194)
	at com.kms.katalon.core.main.ScriptEngine.runScriptAsRawText(ScriptEngine.java:119)
	at com.kms.katalon.core.main.TestCaseExecutor.runScript(TestCaseExecutor.java:448)
	at com.kms.katalon.core.main.TestCaseExecutor.doExecute(TestCaseExecutor.java:439)
	at com.kms.katalon.core.main.TestCaseExecutor.processExecutionPhase(TestCaseExecutor.java:418)
	at com.kms.katalon.core.main.TestCaseExecutor.accessMainPhase(TestCaseExecutor.java:410)
	at com.kms.katalon.core.main.TestCaseExecutor.execute(TestCaseExecutor.java:285)
	at com.kms.katalon.core.main.TestCaseMain.runTestCase(TestCaseMain.java:133)
	at com.kms.katalon.core.keyword.builtin.CallTestCaseKeyword$_callTestCase_closure1.doCall(CallTestCaseKeyword.groovy:59)
	at com.kms.katalon.core.keyword.builtin.CallTestCaseKeyword$_callTestCase_closure1.call(CallTestCaseKeyword.groovy)
	at com.kms.katalon.core.keyword.internal.KeywordMain.runKeyword(KeywordMain.groovy:75)
	at com.kms.katalon.core.keyword.builtin.CallTestCaseKeyword.callTestCase(CallTestCaseKeyword.groovy:81)
	at com.kms.katalon.core.keyword.builtin.CallTestCaseKeyword.execute(CallTestCaseKeyword.groovy:44)
	at com.kms.katalon.core.keyword.internal.KeywordExecutor.executeKeywordForPlatform(KeywordExecutor.groovy:74)
	at com.kms.katalon.core.keyword.BuiltinKeywords.callTestCase(BuiltinKeywords.groovy:310)
	at java.base/jdk.internal.reflect.NativeMethodAccessorImpl.invoke0(Native Method)
	at java.base/jdk.internal.reflect.NativeMethodAccessorImpl.invoke(NativeMethodAccessorImpl.java:77)
	at java.base/jdk.internal.reflect.DelegatingMethodAccessorImpl.invoke(DelegatingMethodAccessorImpl.java:43)
	at Regresi Kelas.run(Regresi Kelas:26)
	at com.kms.katalon.core.main.ScriptEngine.run(ScriptEngine.java:194)
	at com.kms.katalon.core.main.ScriptEngine.runScriptAsRawText(ScriptEngine.java:119)
	at com.kms.katalon.core.main.TestCaseExecutor.runScript(TestCaseExecutor.java:448)
	at com.kms.katalon.core.main.TestCaseExecutor.doExecute(TestCaseExecutor.java:439)
	at com.kms.katalon.core.main.TestCaseExecutor.processExecutionPhase(TestCaseExecutor.java:418)
	at com.kms.katalon.core.main.TestCaseExecutor.accessMainPhase(TestCaseExecutor.java:410)
	at com.kms.katalon.core.main.TestCaseExecutor.execute(TestCaseExecutor.java:285)
	at com.kms.katalon.core.common.CommonExecutor.accessTestCaseMainPhase(CommonExecutor.java:65)
	at com.kms.katalon.core.main.TestSuiteExecutor.accessTestSuiteMainPhase(TestSuiteExecutor.java:161)
	at com.kms.katalon.core.main.TestSuiteExecutor.execute(TestSuiteExecutor.java:107)
	at com.kms.katalon.core.main.TestCaseMain.startTestSuite(TestCaseMain.java:176)
	at TempTestSuite1735878642439.run(TempTestSuite1735878642439.groovy:35)
	at java.base/jdk.internal.reflect.NativeMethodAccessorImpl.invoke0(Native Method)
	at java.base/jdk.internal.reflect.NativeMethodAccessorImpl.invoke(NativeMethodAccessorImpl.java:77)
	at java.base/jdk.internal.reflect.DelegatingMethodAccessorImpl.invoke(DelegatingMethodAccessorImpl.java:43)
Caused by: com.kms.katalon.core.webui.exception.WebElementNotFoundException: Web element with id: 'Object Repository/Master Data/Admin Sekolah/Tambah Kelas/Modal Tambah/Jurusan/Pilih Jurusan' located by '//*[@data-testid = 'paragraph' and (text() = 'olahraga' or . = 'olahraga')]' not found
	at com.kms.katalon.core.webui.common.WebUiCommonHelper.findWebElement(WebUiCommonHelper.java:1426)
	at com.kms.katalon.core.webui.keyword.internal.WebUIAbstractKeyword.findWebElement(WebUIAbstractKeyword.groovy:27)
	at com.kms.katalon.core.webui.keyword.builtin.ClickKeyword$_click_closure1.doCall(ClickKeyword.groovy:66)
	at com.kms.katalon.core.webui.keyword.builtin.ClickKeyword$_click_closure1.call(ClickKeyword.groovy)
	at com.kms.katalon.core.webui.keyword.internal.WebUIKeywordMain.runKeyword(WebUIKeywordMain.groovy:35)
	at com.kms.katalon.core.webui.keyword.builtin.ClickKeyword.click(ClickKeyword.groovy:75)
	at com.kms.katalon.core.webui.keyword.builtin.ClickKeyword.execute(ClickKeyword.groovy:40)
	at com.kms.katalon.core.keyword.internal.KeywordExecutor.executeKeywordForPlatform(KeywordExecutor.groovy:74)
	at com.kms.katalon.core.webui.keyword.WebUiBuiltInKeywords.click(WebUiBuiltInKeywords.groovy:684)
	at Script1731464206565.run(Script1731464206565.groovy:53)
	at com.kms.katalon.core.main.ScriptEngine.run(ScriptEngine.java:194)
	at com.kms.katalon.core.main.ScriptEngine.runScriptAsRawText(ScriptEngine.java:119)
	at com.kms.katalon.core.main.TestCaseExecutor.runScript(TestCaseExecutor.java:448)
	at com.kms.katalon.core.main.TestCaseExecutor.doExecute(TestCaseExecutor.java:439)
	at com.kms.katalon.core.main.TestCaseExecutor.processExecutionPhase(TestCaseExecutor.java:418)
	at com.kms.katalon.core.main.TestCaseExecutor.accessMainPhase(TestCaseExecutor.java:410)
	at com.kms.katalon.core.main.TestCaseExecutor.execute(TestCaseExecutor.java:285)
	at com.kms.katalon.core.main.TestCaseMain.runTestCase(TestCaseMain.java:133)
	at com.kms.katalon.core.keyword.builtin.CallTestCaseKeyword$_callTestCase_closure1.doCall(CallTestCaseKeyword.groovy:59)
	at com.kms.katalon.core.keyword.builtin.CallTestCaseKeyword$_callTestCase_closure1.call(CallTestCaseKeyword.groovy)
	at com.kms.katalon.core.keyword.internal.KeywordMain.runKeyword(KeywordMain.groovy:75)
	at com.kms.katalon.core.keyword.builtin.CallTestCaseKeyword.callTestCase(CallTestCaseKeyword.groovy:81)
	at com.kms.katalon.core.keyword.builtin.CallTestCaseKeyword.execute(CallTestCaseKeyword.groovy:44)
	at com.kms.katalon.core.keyword.internal.KeywordExecutor.executeKeywordForPlatform(KeywordExecutor.groovy:74)
	at com.kms.katalon.core.keyword.BuiltinKeywords.callTestCase(BuiltinKeywords.groovy:310)
	at java.base/jdk.internal.reflect.NativeMethodAccessorImpl.invoke0(Native Method)
	at java.base/jdk.internal.reflect.NativeMethodAccessorImpl.invoke(NativeMethodAccessorImpl.java:77)
	at java.base/jdk.internal.reflect.DelegatingMethodAccessorImpl.invoke(DelegatingMethodAccessorImpl.java:43)
	at Script1735746406961.run(Script1735746406961.groovy:26)
	... 15 more
)

03-01-2025T11:34:10 - [MESSAGE][INFO] - Unable to find the element located by 'By.xpath: //*[@data-testid = 'paragraph' and (text() = 'olahraga' or . = 'olahraga')]'. Please recheck the objects properties to make sure the desired element is located. 

03-01-2025T11:34:10 - [MESSAGE][WARNING] - [SELF-HEALING] Failed to find element with id 'Object Repository/Master Data/Admin Sekolah/Tambah Kelas/Modal Tambah/Jurusan/Pilih Jurusan'. Try using Self-healing.

03-01-2025T11:34:10 - [MESSAGE][WARNING] - [SELF-HEALING] Cannot find elements when the XPath is null.

03-01-2025T11:34:11 - [MESSAGE][WARNING] - [SELF-HEALING] Cannot find elements when the selector is null

03-01-2025T11:34:11 - [MESSAGE][FAILED] - Unable to click on object 'Object Repository/Master Data/Admin Sekolah/Tambah Kelas/Modal Tambah/Jurusan/Pilih Jurusan' (Root cause: com.kms.katalon.core.exception.StepFailedException: Unable to click on object 'Object Repository/Master Data/Admin Sekolah/Tambah Kelas/Modal Tambah/Jurusan/Pilih Jurusan'
	at com.kms.katalon.core.webui.keyword.internal.WebUIKeywordMain.stepFailed(WebUIKeywordMain.groovy:117)
	at com.kms.katalon.core.webui.keyword.internal.WebUIKeywordMain.runKeyword(WebUIKeywordMain.groovy:43)
	at com.kms.katalon.core.webui.keyword.builtin.ClickKeyword.click(ClickKeyword.groovy:75)
	at com.kms.katalon.core.webui.keyword.builtin.ClickKeyword.execute(ClickKeyword.groovy:40)
	at com.kms.katalon.core.keyword.internal.KeywordExecutor.executeKeywordForPlatform(KeywordExecutor.groovy:74)
	at com.kms.katalon.core.webui.keyword.WebUiBuiltInKeywords.click(WebUiBuiltInKeywords.groovy:684)
	at Tambah Kelas.run(Tambah Kelas:53)
	at com.kms.katalon.core.main.ScriptEngine.run(ScriptEngine.java:194)
	at com.kms.katalon.core.main.ScriptEngine.runScriptAsRawText(ScriptEngine.java:119)
	at com.kms.katalon.core.main.TestCaseExecutor.runScript(TestCaseExecutor.java:448)
	at com.kms.katalon.core.main.TestCaseExecutor.doExecute(TestCaseExecutor.java:439)
	at com.kms.katalon.core.main.TestCaseExecutor.processExecutionPhase(TestCaseExecutor.java:418)
	at com.kms.katalon.core.main.TestCaseExecutor.accessMainPhase(TestCaseExecutor.java:410)
	at com.kms.katalon.core.main.TestCaseExecutor.execute(TestCaseExecutor.java:285)
	at com.kms.katalon.core.main.TestCaseMain.runTestCase(TestCaseMain.java:133)
	at com.kms.katalon.core.keyword.builtin.CallTestCaseKeyword$_callTestCase_closure1.doCall(CallTestCaseKeyword.groovy:59)
	at com.kms.katalon.core.keyword.builtin.CallTestCaseKeyword$_callTestCase_closure1.call(CallTestCaseKeyword.groovy)
	at com.kms.katalon.core.keyword.internal.KeywordMain.runKeyword(KeywordMain.groovy:75)
	at com.kms.katalon.core.keyword.builtin.CallTestCaseKeyword.callTestCase(CallTestCaseKeyword.groovy:81)
	at com.kms.katalon.core.keyword.builtin.CallTestCaseKeyword.execute(CallTestCaseKeyword.groovy:44)
	at com.kms.katalon.core.keyword.internal.KeywordExecutor.executeKeywordForPlatform(KeywordExecutor.groovy:74)
	at com.kms.katalon.core.keyword.BuiltinKeywords.callTestCase(BuiltinKeywords.groovy:310)
	at java.base/jdk.internal.reflect.NativeMethodAccessorImpl.invoke0(Native Method)
	at java.base/jdk.internal.reflect.NativeMethodAccessorImpl.invoke(NativeMethodAccessorImpl.java:77)
	at java.base/jdk.internal.reflect.DelegatingMethodAccessorImpl.invoke(DelegatingMethodAccessorImpl.java:43)
	at Regresi Kelas.run(Regresi Kelas:26)
	at com.kms.katalon.core.main.ScriptEngine.run(ScriptEngine.java:194)
	at com.kms.katalon.core.main.ScriptEngine.runScriptAsRawText(ScriptEngine.java:119)
	at com.kms.katalon.core.main.TestCaseExecutor.runScript(TestCaseExecutor.java:448)
	at com.kms.katalon.core.main.TestCaseExecutor.doExecute(TestCaseExecutor.java:439)
	at com.kms.katalon.core.main.TestCaseExecutor.processExecutionPhase(TestCaseExecutor.java:418)
	at com.kms.katalon.core.main.TestCaseExecutor.accessMainPhase(TestCaseExecutor.java:410)
	at com.kms.katalon.core.main.TestCaseExecutor.execute(TestCaseExecutor.java:285)
	at com.kms.katalon.core.common.CommonExecutor.accessTestCaseMainPhase(CommonExecutor.java:65)
	at com.kms.katalon.core.main.TestSuiteExecutor.accessTestSuiteMainPhase(TestSuiteExecutor.java:161)
	at com.kms.katalon.core.main.TestSuiteExecutor.execute(TestSuiteExecutor.java:107)
	at com.kms.katalon.core.main.TestCaseMain.startTestSuite(TestCaseMain.java:176)
	at TempTestSuite1735878642439.run(TempTestSuite1735878642439.groovy:35)
	at java.base/jdk.internal.reflect.NativeMethodAccessorImpl.invoke0(Native Method)
	at java.base/jdk.internal.reflect.NativeMethodAccessorImpl.invoke(NativeMethodAccessorImpl.java:77)
	at java.base/jdk.internal.reflect.DelegatingMethodAccessorImpl.invoke(DelegatingMethodAccessorImpl.java:43)
Caused by: com.kms.katalon.core.webui.exception.WebElementNotFoundException: Web element with id: 'Object Repository/Master Data/Admin Sekolah/Tambah Kelas/Modal Tambah/Jurusan/Pilih Jurusan' located by '//*[@data-testid = 'paragraph' and (text() = 'olahraga' or . = 'olahraga')]' not found
	at com.kms.katalon.core.webui.common.WebUiCommonHelper.findWebElement(WebUiCommonHelper.java:1426)
	at com.kms.katalon.core.webui.keyword.internal.WebUIAbstractKeyword.findWebElement(WebUIAbstractKeyword.groovy:27)
	at com.kms.katalon.core.webui.keyword.builtin.ClickKeyword$_click_closure1.doCall(ClickKeyword.groovy:66)
	at com.kms.katalon.core.webui.keyword.builtin.ClickKeyword$_click_closure1.call(ClickKeyword.groovy)
	at com.kms.katalon.core.webui.keyword.internal.WebUIKeywordMain.runKeyword(WebUIKeywordMain.groovy:35)
	at com.kms.katalon.core.webui.keyword.builtin.ClickKeyword.click(ClickKeyword.groovy:75)
	at com.kms.katalon.core.webui.keyword.builtin.ClickKeyword.execute(ClickKeyword.groovy:40)
	at com.kms.katalon.core.keyword.internal.KeywordExecutor.executeKeywordForPlatform(KeywordExecutor.groovy:74)
	at com.kms.katalon.core.webui.keyword.WebUiBuiltInKeywords.click(WebUiBuiltInKeywords.groovy:684)
	at Script1731464206565.run(Script1731464206565.groovy:53)
	at com.kms.katalon.core.main.ScriptEngine.run(ScriptEngine.java:194)
	at com.kms.katalon.core.main.ScriptEngine.runScriptAsRawText(ScriptEngine.java:119)
	at com.kms.katalon.core.main.TestCaseExecutor.runScript(TestCaseExecutor.java:448)
	at com.kms.katalon.core.main.TestCaseExecutor.doExecute(TestCaseExecutor.java:439)
	at com.kms.katalon.core.main.TestCaseExecutor.processExecutionPhase(TestCaseExecutor.java:418)
	at com.kms.katalon.core.main.TestCaseExecutor.accessMainPhase(TestCaseExecutor.java:410)
	at com.kms.katalon.core.main.TestCaseExecutor.execute(TestCaseExecutor.java:285)
	at com.kms.katalon.core.main.TestCaseMain.runTestCase(TestCaseMain.java:133)
	at com.kms.katalon.core.keyword.builtin.CallTestCaseKeyword$_callTestCase_closure1.doCall(CallTestCaseKeyword.groovy:59)
	at com.kms.katalon.core.keyword.builtin.CallTestCaseKeyword$_callTestCase_closure1.call(CallTestCaseKeyword.groovy)
	at com.kms.katalon.core.keyword.internal.KeywordMain.runKeyword(KeywordMain.groovy:75)
	at com.kms.katalon.core.keyword.builtin.CallTestCaseKeyword.callTestCase(CallTestCaseKeyword.groovy:81)
	at com.kms.katalon.core.keyword.builtin.CallTestCaseKeyword.execute(CallTestCaseKeyword.groovy:44)
	at com.kms.katalon.core.keyword.internal.KeywordExecutor.executeKeywordForPlatform(KeywordExecutor.groovy:74)
	at com.kms.katalon.core.keyword.BuiltinKeywords.callTestCase(BuiltinKeywords.groovy:310)
	at java.base/jdk.internal.reflect.NativeMethodAccessorImpl.invoke0(Native Method)
	at java.base/jdk.internal.reflect.NativeMethodAccessorImpl.invoke(NativeMethodAccessorImpl.java:77)
	at java.base/jdk.internal.reflect.DelegatingMethodAccessorImpl.invoke(DelegatingMethodAccessorImpl.java:43)
	at Script1735746406961.run(Script1735746406961.groovy:26)
	... 15 more
)
[[ATTACHMENT|C:\\Users\\henri\\Videos\\school-payment-automation-testing\\Reports\\20250103_113042\\SPRINT 1\\20250103_113042\\1735878851133.png]]

03-01-2025T11:34:11 - [TEST_STEP][PASSED] - click(findTestObject("Master Data/Admin Sekolah/Tambah Kelas/Modal Tambah/Tambahkan/Tambah Data"), CONTINUE_ON_FAILURE): Object: 'Object Repository/Master Data/Admin Sekolah/Tambah Kelas/Modal Tambah/Tambahkan/Tambah Data' is clicked on

03-01-2025T11:34:11 - [MESSAGE][PASSED] - Object: 'Object Repository/Master Data/Admin Sekolah/Tambah Kelas/Modal Tambah/Tambahkan/Tambah Data' is clicked on

03-01-2025T11:34:11 - [TEST_STEP][PASSED] - closeBrowser(CONTINUE_ON_FAILURE): Browser is closed

03-01-2025T11:34:11 - [MESSAGE][PASSED] - Browser is closed

03-01-2025T11:34:11 - [MESSAGE][FAILED] - Unable to call Test Case 'Test Cases/Master Data/Admin Sekolah/Master Data Kelas/Tambah Kelas' (Root cause: com.kms.katalon.core.exception.StepFailedException: Call Test Case 'Test Cases/Master Data/Admin Sekolah/Master Data Kelas/Tambah Kelas' failed
	at com.kms.katalon.core.keyword.builtin.CallTestCaseKeyword$_callTestCase_closure1.doCall(CallTestCaseKeyword.groovy:63)
	at com.kms.katalon.core.keyword.builtin.CallTestCaseKeyword$_callTestCase_closure1.call(CallTestCaseKeyword.groovy)
	at com.kms.katalon.core.keyword.internal.KeywordMain.runKeyword(KeywordMain.groovy:75)
	at com.kms.katalon.core.keyword.builtin.CallTestCaseKeyword.callTestCase(CallTestCaseKeyword.groovy:81)
	at com.kms.katalon.core.keyword.builtin.CallTestCaseKeyword.execute(CallTestCaseKeyword.groovy:44)
	at com.kms.katalon.core.keyword.internal.KeywordExecutor.executeKeywordForPlatform(KeywordExecutor.groovy:74)
	at com.kms.katalon.core.keyword.BuiltinKeywords.callTestCase(BuiltinKeywords.groovy:310)
	at java.base/jdk.internal.reflect.NativeMethodAccessorImpl.invoke0(Native Method)
	at java.base/jdk.internal.reflect.NativeMethodAccessorImpl.invoke(NativeMethodAccessorImpl.java:77)
	at java.base/jdk.internal.reflect.DelegatingMethodAccessorImpl.invoke(DelegatingMethodAccessorImpl.java:43)
	at Regresi Kelas.run(Regresi Kelas:26)
	at com.kms.katalon.core.main.ScriptEngine.run(ScriptEngine.java:194)
	at com.kms.katalon.core.main.ScriptEngine.runScriptAsRawText(ScriptEngine.java:119)
	at com.kms.katalon.core.main.TestCaseExecutor.runScript(TestCaseExecutor.java:448)
	at com.kms.katalon.core.main.TestCaseExecutor.doExecute(TestCaseExecutor.java:439)
	at com.kms.katalon.core.main.TestCaseExecutor.processExecutionPhase(TestCaseExecutor.java:418)
	at com.kms.katalon.core.main.TestCaseExecutor.accessMainPhase(TestCaseExecutor.java:410)
	at com.kms.katalon.core.main.TestCaseExecutor.execute(TestCaseExecutor.java:285)
	at com.kms.katalon.core.common.CommonExecutor.accessTestCaseMainPhase(CommonExecutor.java:65)
	at com.kms.katalon.core.main.TestSuiteExecutor.accessTestSuiteMainPhase(TestSuiteExecutor.java:161)
	at com.kms.katalon.core.main.TestSuiteExecutor.execute(TestSuiteExecutor.java:107)
	at com.kms.katalon.core.main.TestCaseMain.startTestSuite(TestCaseMain.java:176)
	at TempTestSuite1735878642439.run(TempTestSuite1735878642439.groovy:35)
	at java.base/jdk.internal.reflect.NativeMethodAccessorImpl.invoke0(Native Method)
	at java.base/jdk.internal.reflect.NativeMethodAccessorImpl.invoke(NativeMethodAccessorImpl.java:77)
	at java.base/jdk.internal.reflect.DelegatingMethodAccessorImpl.invoke(DelegatingMethodAccessorImpl.java:43)
Caused by: com.kms.katalon.core.exception.StepFailedException: Unable to click on object 'Object Repository/Master Data/Admin Sekolah/Tambah Kelas/Modal Tambah/Prefix/Pilih Prefix' (Root cause: com.kms.katalon.core.exception.StepFailedException: Unable to click on object 'Object Repository/Master Data/Admin Sekolah/Tambah Kelas/Modal Tambah/Prefix/Pilih Prefix'
	at com.kms.katalon.core.webui.keyword.internal.WebUIKeywordMain.stepFailed(WebUIKeywordMain.groovy:117)
	at com.kms.katalon.core.webui.keyword.internal.WebUIKeywordMain.runKeyword(WebUIKeywordMain.groovy:43)
	at com.kms.katalon.core.webui.keyword.builtin.ClickKeyword.click(ClickKeyword.groovy:75)
	at com.kms.katalon.core.webui.keyword.builtin.ClickKeyword.execute(ClickKeyword.groovy:40)
	at com.kms.katalon.core.keyword.internal.KeywordExecutor.executeKeywordForPlatform(KeywordExecutor.groovy:74)
	at com.kms.katalon.core.webui.keyword.WebUiBuiltInKeywords.click(WebUiBuiltInKeywords.groovy:684)
	at Tambah Kelas.run(Tambah Kelas:46)
	at com.kms.katalon.core.main.ScriptEngine.run(ScriptEngine.java:194)
	at com.kms.katalon.core.main.ScriptEngine.runScriptAsRawText(ScriptEngine.java:119)
	at com.kms.katalon.core.main.TestCaseExecutor.runScript(TestCaseExecutor.java:448)
	at com.kms.katalon.core.main.TestCaseExecutor.doExecute(TestCaseExecutor.java:439)
	at com.kms.katalon.core.main.TestCaseExecutor.processExecutionPhase(TestCaseExecutor.java:418)
	at com.kms.katalon.core.main.TestCaseExecutor.accessMainPhase(TestCaseExecutor.java:410)
	at com.kms.katalon.core.main.TestCaseExecutor.execute(TestCaseExecutor.java:285)
	at com.kms.katalon.core.main.TestCaseMain.runTestCase(TestCaseMain.java:133)
	at com.kms.katalon.core.keyword.builtin.CallTestCaseKeyword$_callTestCase_closure1.doCall(CallTestCaseKeyword.groovy:59)
	at com.kms.katalon.core.keyword.builtin.CallTestCaseKeyword$_callTestCase_closure1.call(CallTestCaseKeyword.groovy)
	at com.kms.katalon.core.keyword.internal.KeywordMain.runKeyword(KeywordMain.groovy:75)
	at com.kms.katalon.core.keyword.builtin.CallTestCaseKeyword.callTestCase(CallTestCaseKeyword.groovy:81)
	at com.kms.katalon.core.keyword.builtin.CallTestCaseKeyword.execute(CallTestCaseKeyword.groovy:44)
	at com.kms.katalon.core.keyword.internal.KeywordExecutor.executeKeywordForPlatform(KeywordExecutor.groovy:74)
	at com.kms.katalon.core.keyword.BuiltinKeywords.callTestCase(BuiltinKeywords.groovy:310)
	at java.base/jdk.internal.reflect.NativeMethodAccessorImpl.invoke0(Native Method)
	at java.base/jdk.internal.reflect.NativeMethodAccessorImpl.invoke(NativeMethodAccessorImpl.java:77)
	at java.base/jdk.internal.reflect.DelegatingMethodAccessorImpl.invoke(DelegatingMethodAccessorImpl.java:43)
	at Regresi Kelas.run(Regresi Kelas:26)
	at com.kms.katalon.core.main.ScriptEngine.run(ScriptEngine.java:194)
	at com.kms.katalon.core.main.ScriptEngine.runScriptAsRawText(ScriptEngine.java:119)
	at com.kms.katalon.core.main.TestCaseExecutor.runScript(TestCaseExecutor.java:448)
	at com.kms.katalon.core.main.TestCaseExecutor.doExecute(TestCaseExecutor.java:439)
	at com.kms.katalon.core.main.TestCaseExecutor.processExecutionPhase(TestCaseExecutor.java:418)
	at com.kms.katalon.core.main.TestCaseExecutor.accessMainPhase(TestCaseExecutor.java:410)
	at com.kms.katalon.core.main.TestCaseExecutor.execute(TestCaseExecutor.java:285)
	at com.kms.katalon.core.common.CommonExecutor.accessTestCaseMainPhase(CommonExecutor.java:65)
	at com.kms.katalon.core.main.TestSuiteExecutor.accessTestSuiteMainPhase(TestSuiteExecutor.java:161)
	at com.kms.katalon.core.main.TestSuiteExecutor.execute(TestSuiteExecutor.java:107)
	at com.kms.katalon.core.main.TestCaseMain.startTestSuite(TestCaseMain.java:176)
	at TempTestSuite1735878642439.run(TempTestSuite1735878642439.groovy:35)
	at java.base/jdk.internal.reflect.NativeMethodAccessorImpl.invoke0(Native Method)
	at java.base/jdk.internal.reflect.NativeMethodAccessorImpl.invoke(NativeMethodAccessorImpl.java:77)
	at java.base/jdk.internal.reflect.DelegatingMethodAccessorImpl.invoke(DelegatingMethodAccessorImpl.java:43)
Caused by: com.kms.katalon.core.webui.exception.WebElementNotFoundException: Web element with id: 'Object Repository/Master Data/Admin Sekolah/Tambah Kelas/Modal Tambah/Prefix/Pilih Prefix' located by '//*[@data-testid = 'paragraph' and (text() = 'RETEST' or . = 'RETEST')]' not found
	at com.kms.katalon.core.webui.common.WebUiCommonHelper.findWebElement(WebUiCommonHelper.java:1426)
	at com.kms.katalon.core.webui.keyword.internal.WebUIAbstractKeyword.findWebElement(WebUIAbstractKeyword.groovy:27)
	at com.kms.katalon.core.webui.keyword.builtin.ClickKeyword$_click_closure1.doCall(ClickKeyword.groovy:66)
	at com.kms.katalon.core.webui.keyword.builtin.ClickKeyword$_click_closure1.call(ClickKeyword.groovy)
	at com.kms.katalon.core.webui.keyword.internal.WebUIKeywordMain.runKeyword(WebUIKeywordMain.groovy:35)
	at com.kms.katalon.core.webui.keyword.builtin.ClickKeyword.click(ClickKeyword.groovy:75)
	at com.kms.katalon.core.webui.keyword.builtin.ClickKeyword.execute(ClickKeyword.groovy:40)
	at com.kms.katalon.core.keyword.internal.KeywordExecutor.executeKeywordForPlatform(KeywordExecutor.groovy:74)
	at com.kms.katalon.core.webui.keyword.WebUiBuiltInKeywords.click(WebUiBuiltInKeywords.groovy:684)
	at Script1731464206565.run(Script1731464206565.groovy:46)
	at com.kms.katalon.core.main.ScriptEngine.run(ScriptEngine.java:194)
	at com.kms.katalon.core.main.ScriptEngine.runScriptAsRawText(ScriptEngine.java:119)
	at com.kms.katalon.core.main.TestCaseExecutor.runScript(TestCaseExecutor.java:448)
	at com.kms.katalon.core.main.TestCaseExecutor.doExecute(TestCaseExecutor.java:439)
	at com.kms.katalon.core.main.TestCaseExecutor.processExecutionPhase(TestCaseExecutor.java:418)
	at com.kms.katalon.core.main.TestCaseExecutor.accessMainPhase(TestCaseExecutor.java:410)
	at com.kms.katalon.core.main.TestCaseExecutor.execute(TestCaseExecutor.java:285)
	at com.kms.katalon.core.main.TestCaseMain.runTestCase(TestCaseMain.java:133)
	at com.kms.katalon.core.keyword.builtin.CallTestCaseKeyword$_callTestCase_closure1.doCall(CallTestCaseKeyword.groovy:59)
	at com.kms.katalon.core.keyword.builtin.CallTestCaseKeyword$_callTestCase_closure1.call(CallTestCaseKeyword.groovy)
	at com.kms.katalon.core.keyword.internal.KeywordMain.runKeyword(KeywordMain.groovy:75)
	at com.kms.katalon.core.keyword.builtin.CallTestCaseKeyword.callTestCase(CallTestCaseKeyword.groovy:81)
	at com.kms.katalon.core.keyword.builtin.CallTestCaseKeyword.execute(CallTestCaseKeyword.groovy:44)
	at com.kms.katalon.core.keyword.internal.KeywordExecutor.executeKeywordForPlatform(KeywordExecutor.groovy:74)
	at com.kms.katalon.core.keyword.BuiltinKeywords.callTestCase(BuiltinKeywords.groovy:310)
	at java.base/jdk.internal.reflect.NativeMethodAccessorImpl.invoke0(Native Method)
	at java.base/jdk.internal.reflect.NativeMethodAccessorImpl.invoke(NativeMethodAccessorImpl.java:77)
	at java.base/jdk.internal.reflect.DelegatingMethodAccessorImpl.invoke(DelegatingMethodAccessorImpl.java:43)
	at Script1735746406961.run(Script1735746406961.groovy:26)
	... 15 more
)
	at com.kms.katalon.core.keyword.internal.KeywordMain.stepFailed(KeywordMain.groovy:39)
	at com.kms.katalon.core.webui.keyword.internal.WebUIKeywordMain.stepFailed(WebUIKeywordMain.groovy:117)
	at com.kms.katalon.core.webui.keyword.internal.WebUIKeywordMain.runKeyword(WebUIKeywordMain.groovy:43)
	at com.kms.katalon.core.webui.keyword.builtin.ClickKeyword.click(ClickKeyword.groovy:75)
	at com.kms.katalon.core.webui.keyword.builtin.ClickKeyword.execute(ClickKeyword.groovy:40)
	at com.kms.katalon.core.keyword.internal.KeywordExecutor.executeKeywordForPlatform(KeywordExecutor.groovy:74)
	at com.kms.katalon.core.webui.keyword.WebUiBuiltInKeywords.click(WebUiBuiltInKeywords.groovy:684)
	at Tambah Kelas.run(Tambah Kelas:46)
	at com.kms.katalon.core.main.ScriptEngine.run(ScriptEngine.java:194)
	at com.kms.katalon.core.main.ScriptEngine.runScriptAsRawText(ScriptEngine.java:119)
	at com.kms.katalon.core.main.TestCaseExecutor.runScript(TestCaseExecutor.java:448)
	at com.kms.katalon.core.main.TestCaseExecutor.doExecute(TestCaseExecutor.java:439)
	at com.kms.katalon.core.main.TestCaseExecutor.processExecutionPhase(TestCaseExecutor.java:418)
	at com.kms.katalon.core.main.TestCaseExecutor.accessMainPhase(TestCaseExecutor.java:410)
	at com.kms.katalon.core.main.TestCaseExecutor.execute(TestCaseExecutor.java:285)
	at com.kms.katalon.core.main.TestCaseMain.runTestCase(TestCaseMain.java:133)
	at com.kms.katalon.core.keyword.builtin.CallTestCaseKeyword$_callTestCase_closure1.doCall(CallTestCaseKeyword.groovy:59)
	... 25 more
Caused by: com.kms.katalon.core.exception.StepFailedException: Unable to click on object 'Object Repository/Master Data/Admin Sekolah/Tambah Kelas/Modal Tambah/Prefix/Pilih Prefix'
	... 41 more
Caused by: com.kms.katalon.core.webui.exception.WebElementNotFoundException: Web element with id: 'Object Repository/Master Data/Admin Sekolah/Tambah Kelas/Modal Tambah/Prefix/Pilih Prefix' located by '//*[@data-testid = 'paragraph' and (text() = 'RETEST' or . = 'RETEST')]' not found
	at com.kms.katalon.core.webui.common.WebUiCommonHelper.findWebElement(WebUiCommonHelper.java:1426)
	at com.kms.katalon.core.webui.keyword.internal.WebUIAbstractKeyword.findWebElement(WebUIAbstractKeyword.groovy:27)
	at com.kms.katalon.core.webui.keyword.builtin.ClickKeyword$_click_closure1.doCall(ClickKeyword.groovy:66)
	at com.kms.katalon.core.webui.keyword.builtin.ClickKeyword$_click_closure1.call(ClickKeyword.groovy)
	at com.kms.katalon.core.webui.keyword.internal.WebUIKeywordMain.runKeyword(WebUIKeywordMain.groovy:35)
	... 39 more
)

03-01-2025T11:34:11 - [TEST_STEP][PASSED] - println("============================= Loop Again ==============================="): null

03-01-2025T11:34:11 - [TEST_STEP][PASSED] - callTestCase(findTestCase("Test Cases/Master Data/Admin Sekolah/Master Data Kelas/Edit Kelas"), [:], CONTINUE_ON_FAILURE): Call Test Case 'Test Cases/Master Data/Admin Sekolah/Master Data Kelas/Edit Kelas' successfully

03-01-2025T11:34:11 - [TEST_CASE][PASSED] - Test Cases/Master Data/Admin Sekolah/Master Data Kelas/Edit Kelas: Test Cases/Master Data/Admin Sekolah/Master Data Kelas/Edit Kelas

03-01-2025T11:34:11 - [TEST_STEP][PASSED] - openBrowser("", CONTINUE_ON_FAILURE): Browser is opened with url: ''

03-01-2025T11:34:11 - [MESSAGE][INFO] - Starting 'Chrome' driver

03-01-2025T11:34:11 - [MESSAGE][INFO] - Action delay is set to 0 milliseconds

03-01-2025T11:34:12 - [MESSAGE][PASSED] - Browser is opened with url: ''

03-01-2025T11:34:12 - [TEST_STEP][PASSED] - navigateToUrl("https://sit.siprusedu.com/login", CONTINUE_ON_FAILURE): Navigate to 'https://sit.siprusedu.com/login' successfully

03-01-2025T11:34:13 - [MESSAGE][PASSED] - Navigate to 'https://sit.siprusedu.com/login' successfully

03-01-2025T11:34:13 - [TEST_STEP][PASSED] - click(findTestObject("Master Data/Admin Sekolah/Login/Field Email"), CONTINUE_ON_FAILURE): Object: 'Object Repository/Master Data/Admin Sekolah/Login/Field Email' is clicked on

03-01-2025T11:34:14 - [MESSAGE][PASSED] - Object: 'Object Repository/Master Data/Admin Sekolah/Login/Field Email' is clicked on

03-01-2025T11:34:14 - [TEST_STEP][PASSED] - setText(findTestObject("Master Data/Admin Sekolah/Login/Field Email"), "admin.gudangsolusi@digiform.co.id", CONTINUE_ON_FAILURE): Text 'admin.gudangsolusi@digiform.co.id' is set on object 'Object Repository/Master Data/Admin Sekolah/Login/Field Email'

03-01-2025T11:34:15 - [MESSAGE][PASSED] - Text 'admin.gudangsolusi@digiform.co.id' is set on object 'Object Repository/Master Data/Admin Sekolah/Login/Field Email'

03-01-2025T11:34:15 - [TEST_STEP][PASSED] - click(findTestObject("Master Data/Admin Sekolah/Login/Input Password"), CONTINUE_ON_FAILURE): Object: 'Object Repository/Master Data/Admin Sekolah/Login/Input Password' is clicked on

03-01-2025T11:34:15 - [MESSAGE][PASSED] - Object: 'Object Repository/Master Data/Admin Sekolah/Login/Input Password' is clicked on

03-01-2025T11:34:15 - [TEST_STEP][PASSED] - setText(findTestObject("Master Data/Admin Sekolah/Login/Input Password"), "Test1234", CONTINUE_ON_FAILURE): Text 'Test1234' is set on object 'Object Repository/Master Data/Admin Sekolah/Login/Input Password'

03-01-2025T11:34:16 - [MESSAGE][PASSED] - Text 'Test1234' is set on object 'Object Repository/Master Data/Admin Sekolah/Login/Input Password'

03-01-2025T11:34:16 - [TEST_STEP][PASSED] - click(findTestObject("Master Data/Admin Sekolah/Login/Button Submit"), CONTINUE_ON_FAILURE): Object: 'Object Repository/Master Data/Admin Sekolah/Login/Button Submit' is clicked on

03-01-2025T11:34:16 - [MESSAGE][PASSED] - Object: 'Object Repository/Master Data/Admin Sekolah/Login/Button Submit' is clicked on

03-01-2025T11:34:16 - [TEST_STEP][PASSED] - click(findTestObject("Master Data/Admin Sekolah/HomePageMenu/Sidebar Menu"), CONTINUE_ON_FAILURE): Object: 'Object Repository/Master Data/Admin Sekolah/HomePageMenu/Sidebar Menu' is clicked on

03-01-2025T11:34:17 - [MESSAGE][PASSED] - Object: 'Object Repository/Master Data/Admin Sekolah/HomePageMenu/Sidebar Menu' is clicked on

03-01-2025T11:34:17 - [TEST_STEP][PASSED] - click(findTestObject("Master Data/Admin Sekolah/HomePageMenu/Sub Menu Kelas"), CONTINUE_ON_FAILURE): Object: 'Object Repository/Master Data/Admin Sekolah/HomePageMenu/Sub Menu Kelas' is clicked on

03-01-2025T11:34:18 - [MESSAGE][PASSED] - Object: 'Object Repository/Master Data/Admin Sekolah/HomePageMenu/Sub Menu Kelas' is clicked on

03-01-2025T11:34:18 - [TEST_STEP][PASSED] - click(findTestObject("Master Data/Admin Sekolah/Edit Kelas/Edit Kelas"), CONTINUE_ON_FAILURE): Object: 'Object Repository/Master Data/Admin Sekolah/Edit Kelas/Edit Kelas' is clicked on

03-01-2025T11:34:19 - [MESSAGE][PASSED] - Object: 'Object Repository/Master Data/Admin Sekolah/Edit Kelas/Edit Kelas' is clicked on

03-01-2025T11:34:19 - [TEST_STEP][PASSED] - click(findTestObject("Master Data/Admin Sekolah/Edit Kelas/Modal Edit/Unit/Pilih Unit"), CONTINUE_ON_FAILURE): Object: 'Object Repository/Master Data/Admin Sekolah/Edit Kelas/Modal Edit/Unit/Pilih Unit' is clicked on

03-01-2025T11:34:20 - [MESSAGE][PASSED] - Object: 'Object Repository/Master Data/Admin Sekolah/Edit Kelas/Modal Edit/Unit/Pilih Unit' is clicked on

03-01-2025T11:34:20 - [TEST_STEP][PASSED] - click(findTestObject("Master Data/Admin Sekolah/Edit Kelas/Modal Edit/Unit/Klik Unit"), CONTINUE_ON_FAILURE): Object: 'Object Repository/Master Data/Admin Sekolah/Edit Kelas/Modal Edit/Unit/Klik Unit' is clicked on

03-01-2025T11:34:20 - [MESSAGE][PASSED] - Object: 'Object Repository/Master Data/Admin Sekolah/Edit Kelas/Modal Edit/Unit/Klik Unit' is clicked on

03-01-2025T11:34:20 - [TEST_STEP][PASSED] - click(findTestObject("Master Data/Admin Sekolah/Edit Kelas/Modal Edit/Suffix/Edit Suffix")): Object: 'Object Repository/Master Data/Admin Sekolah/Edit Kelas/Modal Edit/Suffix/Edit Suffix' is clicked on

03-01-2025T11:34:20 - [MESSAGE][PASSED] - Object: 'Object Repository/Master Data/Admin Sekolah/Edit Kelas/Modal Edit/Suffix/Edit Suffix' is clicked on

03-01-2025T11:34:20 - [TEST_STEP][PASSED] - suffixArray = ["Laravel Beginner Course", "Laravel Advanced Guide", "PHP Crash Course", "Mastering Laravel with PHP", "Laravel for Beginners", "Full Stack PHP Development", "Backend Laravel Pro", "Laravel 4 With PHP", "PHP Framework Essentials", "Laravel API Development"]: null

03-01-2025T11:34:20 - [TEST_STEP][PASSED] - randomSuffix = suffixArray[Random().nextInt(length)]: null

03-01-2025T11:34:20 - [TEST_STEP][PASSED] - sendKeys(findTestObject("Master Data/Admin Sekolah/Edit Kelas/Modal Edit/Suffix/Edit Suffix"), Keys.chord(CONTROL, "a"), CONTINUE_ON_FAILURE): Keys 'CONTROL + a' sent to object: 'Object Repository/Master Data/Admin Sekolah/Edit Kelas/Modal Edit/Suffix/Edit Suffix'

03-01-2025T11:34:21 - [MESSAGE][PASSED] - Keys 'CONTROL + a' sent to object: 'Object Repository/Master Data/Admin Sekolah/Edit Kelas/Modal Edit/Suffix/Edit Suffix'

03-01-2025T11:34:21 - [TEST_STEP][PASSED] - sendKeys(findTestObject("Master Data/Admin Sekolah/Edit Kelas/Modal Edit/Suffix/Edit Suffix"), Keys.chord(BACK_SPACE), CONTINUE_ON_FAILURE): Keys 'BACK_SPACE + ' sent to object: 'Object Repository/Master Data/Admin Sekolah/Edit Kelas/Modal Edit/Suffix/Edit Suffix'

03-01-2025T11:34:21 - [MESSAGE][PASSED] - Keys 'BACK_SPACE + ' sent to object: 'Object Repository/Master Data/Admin Sekolah/Edit Kelas/Modal Edit/Suffix/Edit Suffix'

03-01-2025T11:34:21 - [TEST_STEP][PASSED] - delay(1): Delayed 1 second(s)

03-01-2025T11:34:22 - [MESSAGE][PASSED] - Delayed 1 second(s)

03-01-2025T11:34:22 - [TEST_STEP][PASSED] - setText(findTestObject("Master Data/Admin Sekolah/Edit Kelas/Modal Edit/Suffix/Edit Suffix"), randomSuffix, CONTINUE_ON_FAILURE): Text 'Full Stack PHP Development' is set on object 'Object Repository/Master Data/Admin Sekolah/Edit Kelas/Modal Edit/Suffix/Edit Suffix'

03-01-2025T11:34:22 - [MESSAGE][PASSED] - Text 'Full Stack PHP Development' is set on object 'Object Repository/Master Data/Admin Sekolah/Edit Kelas/Modal Edit/Suffix/Edit Suffix'

03-01-2025T11:34:22 - [TEST_STEP][PASSED] - click(findTestObject("Master Data/Admin Sekolah/Edit Kelas/Modal Edit/Simpan/Simpan Perubahan"), CONTINUE_ON_FAILURE): Object: 'Object Repository/Master Data/Admin Sekolah/Edit Kelas/Modal Edit/Simpan/Simpan Perubahan' is clicked on

03-01-2025T11:34:23 - [MESSAGE][PASSED] - Object: 'Object Repository/Master Data/Admin Sekolah/Edit Kelas/Modal Edit/Simpan/Simpan Perubahan' is clicked on

03-01-2025T11:34:23 - [TEST_STEP][PASSED] - closeBrowser(CONTINUE_ON_FAILURE): Browser is closed

03-01-2025T11:34:23 - [MESSAGE][PASSED] - Browser is closed

03-01-2025T11:34:23 - [MESSAGE][PASSED] - Call Test Case 'Test Cases/Master Data/Admin Sekolah/Master Data Kelas/Edit Kelas' successfully

03-01-2025T11:34:23 - [TEST_STEP][FAILED] - callTestCase(findTestCase("Test Cases/Master Data/Admin Sekolah/Master Data Kelas/Tambah Kelas"), [:], CONTINUE_ON_FAILURE): Unable to call Test Case 'Test Cases/Master Data/Admin Sekolah/Master Data Kelas/Tambah Kelas' (Root cause: com.kms.katalon.core.exception.StepFailedException: Call Test Case 'Test Cases/Master Data/Admin Sekolah/Master Data Kelas/Tambah Kelas' failed
	at com.kms.katalon.core.keyword.builtin.CallTestCaseKeyword$_callTestCase_closure1.doCall(CallTestCaseKeyword.groovy:63)
	at com.kms.katalon.core.keyword.builtin.CallTestCaseKeyword$_callTestCase_closure1.call(CallTestCaseKeyword.groovy)
	at com.kms.katalon.core.keyword.internal.KeywordMain.runKeyword(KeywordMain.groovy:75)
	at com.kms.katalon.core.keyword.builtin.CallTestCaseKeyword.callTestCase(CallTestCaseKeyword.groovy:81)
	at com.kms.katalon.core.keyword.builtin.CallTestCaseKeyword.execute(CallTestCaseKeyword.groovy:44)
	at com.kms.katalon.core.keyword.internal.KeywordExecutor.executeKeywordForPlatform(KeywordExecutor.groovy:74)
	at com.kms.katalon.core.keyword.BuiltinKeywords.callTestCase(BuiltinKeywords.groovy:310)
	at java.base/jdk.internal.reflect.NativeMethodAccessorImpl.invoke0(Native Method)
	at java.base/jdk.internal.reflect.NativeMethodAccessorImpl.invoke(NativeMethodAccessorImpl.java:77)
	at java.base/jdk.internal.reflect.DelegatingMethodAccessorImpl.invoke(DelegatingMethodAccessorImpl.java:43)
	at Regresi Kelas.run(Regresi Kelas:26)
	at com.kms.katalon.core.main.ScriptEngine.run(ScriptEngine.java:194)
	at com.kms.katalon.core.main.ScriptEngine.runScriptAsRawText(ScriptEngine.java:119)
	at com.kms.katalon.core.main.TestCaseExecutor.runScript(TestCaseExecutor.java:448)
	at com.kms.katalon.core.main.TestCaseExecutor.doExecute(TestCaseExecutor.java:439)
	at com.kms.katalon.core.main.TestCaseExecutor.processExecutionPhase(TestCaseExecutor.java:418)
	at com.kms.katalon.core.main.TestCaseExecutor.accessMainPhase(TestCaseExecutor.java:410)
	at com.kms.katalon.core.main.TestCaseExecutor.execute(TestCaseExecutor.java:285)
	at com.kms.katalon.core.common.CommonExecutor.accessTestCaseMainPhase(CommonExecutor.java:65)
	at com.kms.katalon.core.main.TestSuiteExecutor.accessTestSuiteMainPhase(TestSuiteExecutor.java:161)
	at com.kms.katalon.core.main.TestSuiteExecutor.execute(TestSuiteExecutor.java:107)
	at com.kms.katalon.core.main.TestCaseMain.startTestSuite(TestCaseMain.java:176)
	at TempTestSuite1735878642439.run(TempTestSuite1735878642439.groovy:35)
	at java.base/jdk.internal.reflect.NativeMethodAccessorImpl.invoke0(Native Method)
	at java.base/jdk.internal.reflect.NativeMethodAccessorImpl.invoke(NativeMethodAccessorImpl.java:77)
	at java.base/jdk.internal.reflect.DelegatingMethodAccessorImpl.invoke(DelegatingMethodAccessorImpl.java:43)
Caused by: com.kms.katalon.core.exception.StepFailedException: Unable to click on object 'Object Repository/Master Data/Admin Sekolah/Tambah Kelas/Modal Tambah/Prefix/Pilih Prefix' (Root cause: com.kms.katalon.core.exception.StepFailedException: Unable to click on object 'Object Repository/Master Data/Admin Sekolah/Tambah Kelas/Modal Tambah/Prefix/Pilih Prefix'
	at com.kms.katalon.core.webui.keyword.internal.WebUIKeywordMain.stepFailed(WebUIKeywordMain.groovy:117)
	at com.kms.katalon.core.webui.keyword.internal.WebUIKeywordMain.runKeyword(WebUIKeywordMain.groovy:43)
	at com.kms.katalon.core.webui.keyword.builtin.ClickKeyword.click(ClickKeyword.groovy:75)
	at com.kms.katalon.core.webui.keyword.builtin.ClickKeyword.execute(ClickKeyword.groovy:40)
	at com.kms.katalon.core.keyword.internal.KeywordExecutor.executeKeywordForPlatform(KeywordExecutor.groovy:74)
	at com.kms.katalon.core.webui.keyword.WebUiBuiltInKeywords.click(WebUiBuiltInKeywords.groovy:684)
	at Tambah Kelas.run(Tambah Kelas:46)
	at com.kms.katalon.core.main.ScriptEngine.run(ScriptEngine.java:194)
	at com.kms.katalon.core.main.ScriptEngine.runScriptAsRawText(ScriptEngine.java:119)
	at com.kms.katalon.core.main.TestCaseExecutor.runScript(TestCaseExecutor.java:448)
	at com.kms.katalon.core.main.TestCaseExecutor.doExecute(TestCaseExecutor.java:439)
	at com.kms.katalon.core.main.TestCaseExecutor.processExecutionPhase(TestCaseExecutor.java:418)
	at com.kms.katalon.core.main.TestCaseExecutor.accessMainPhase(TestCaseExecutor.java:410)
	at com.kms.katalon.core.main.TestCaseExecutor.execute(TestCaseExecutor.java:285)
	at com.kms.katalon.core.main.TestCaseMain.runTestCase(TestCaseMain.java:133)
	at com.kms.katalon.core.keyword.builtin.CallTestCaseKeyword$_callTestCase_closure1.doCall(CallTestCaseKeyword.groovy:59)
	at com.kms.katalon.core.keyword.builtin.CallTestCaseKeyword$_callTestCase_closure1.call(CallTestCaseKeyword.groovy)
	at com.kms.katalon.core.keyword.internal.KeywordMain.runKeyword(KeywordMain.groovy:75)
	at com.kms.katalon.core.keyword.builtin.CallTestCaseKeyword.callTestCase(CallTestCaseKeyword.groovy:81)
	at com.kms.katalon.core.keyword.builtin.CallTestCaseKeyword.execute(CallTestCaseKeyword.groovy:44)
	at com.kms.katalon.core.keyword.internal.KeywordExecutor.executeKeywordForPlatform(KeywordExecutor.groovy:74)
	at com.kms.katalon.core.keyword.BuiltinKeywords.callTestCase(BuiltinKeywords.groovy:310)
	at java.base/jdk.internal.reflect.NativeMethodAccessorImpl.invoke0(Native Method)
	at java.base/jdk.internal.reflect.NativeMethodAccessorImpl.invoke(NativeMethodAccessorImpl.java:77)
	at java.base/jdk.internal.reflect.DelegatingMethodAccessorImpl.invoke(DelegatingMethodAccessorImpl.java:43)
	at Regresi Kelas.run(Regresi Kelas:26)
	at com.kms.katalon.core.main.ScriptEngine.run(ScriptEngine.java:194)
	at com.kms.katalon.core.main.ScriptEngine.runScriptAsRawText(ScriptEngine.java:119)
	at com.kms.katalon.core.main.TestCaseExecutor.runScript(TestCaseExecutor.java:448)
	at com.kms.katalon.core.main.TestCaseExecutor.doExecute(TestCaseExecutor.java:439)
	at com.kms.katalon.core.main.TestCaseExecutor.processExecutionPhase(TestCaseExecutor.java:418)
	at com.kms.katalon.core.main.TestCaseExecutor.accessMainPhase(TestCaseExecutor.java:410)
	at com.kms.katalon.core.main.TestCaseExecutor.execute(TestCaseExecutor.java:285)
	at com.kms.katalon.core.common.CommonExecutor.accessTestCaseMainPhase(CommonExecutor.java:65)
	at com.kms.katalon.core.main.TestSuiteExecutor.accessTestSuiteMainPhase(TestSuiteExecutor.java:161)
	at com.kms.katalon.core.main.TestSuiteExecutor.execute(TestSuiteExecutor.java:107)
	at com.kms.katalon.core.main.TestCaseMain.startTestSuite(TestCaseMain.java:176)
	at TempTestSuite1735878642439.run(TempTestSuite1735878642439.groovy:35)
	at java.base/jdk.internal.reflect.NativeMethodAccessorImpl.invoke0(Native Method)
	at java.base/jdk.internal.reflect.NativeMethodAccessorImpl.invoke(NativeMethodAccessorImpl.java:77)
	at java.base/jdk.internal.reflect.DelegatingMethodAccessorImpl.invoke(DelegatingMethodAccessorImpl.java:43)
Caused by: com.kms.katalon.core.webui.exception.WebElementNotFoundException: Web element with id: 'Object Repository/Master Data/Admin Sekolah/Tambah Kelas/Modal Tambah/Prefix/Pilih Prefix' located by '//*[@data-testid = 'paragraph' and (text() = 'RETEST' or . = 'RETEST')]' not found
	at com.kms.katalon.core.webui.common.WebUiCommonHelper.findWebElement(WebUiCommonHelper.java:1426)
	at com.kms.katalon.core.webui.keyword.internal.WebUIAbstractKeyword.findWebElement(WebUIAbstractKeyword.groovy:27)
	at com.kms.katalon.core.webui.keyword.builtin.ClickKeyword$_click_closure1.doCall(ClickKeyword.groovy:66)
	at com.kms.katalon.core.webui.keyword.builtin.ClickKeyword$_click_closure1.call(ClickKeyword.groovy)
	at com.kms.katalon.core.webui.keyword.internal.WebUIKeywordMain.runKeyword(WebUIKeywordMain.groovy:35)
	at com.kms.katalon.core.webui.keyword.builtin.ClickKeyword.click(ClickKeyword.groovy:75)
	at com.kms.katalon.core.webui.keyword.builtin.ClickKeyword.execute(ClickKeyword.groovy:40)
	at com.kms.katalon.core.keyword.internal.KeywordExecutor.executeKeywordForPlatform(KeywordExecutor.groovy:74)
	at com.kms.katalon.core.webui.keyword.WebUiBuiltInKeywords.click(WebUiBuiltInKeywords.groovy:684)
	at Script1731464206565.run(Script1731464206565.groovy:46)
	at com.kms.katalon.core.main.ScriptEngine.run(ScriptEngine.java:194)
	at com.kms.katalon.core.main.ScriptEngine.runScriptAsRawText(ScriptEngine.java:119)
	at com.kms.katalon.core.main.TestCaseExecutor.runScript(TestCaseExecutor.java:448)
	at com.kms.katalon.core.main.TestCaseExecutor.doExecute(TestCaseExecutor.java:439)
	at com.kms.katalon.core.main.TestCaseExecutor.processExecutionPhase(TestCaseExecutor.java:418)
	at com.kms.katalon.core.main.TestCaseExecutor.accessMainPhase(TestCaseExecutor.java:410)
	at com.kms.katalon.core.main.TestCaseExecutor.execute(TestCaseExecutor.java:285)
	at com.kms.katalon.core.main.TestCaseMain.runTestCase(TestCaseMain.java:133)
	at com.kms.katalon.core.keyword.builtin.CallTestCaseKeyword$_callTestCase_closure1.doCall(CallTestCaseKeyword.groovy:59)
	at com.kms.katalon.core.keyword.builtin.CallTestCaseKeyword$_callTestCase_closure1.call(CallTestCaseKeyword.groovy)
	at com.kms.katalon.core.keyword.internal.KeywordMain.runKeyword(KeywordMain.groovy:75)
	at com.kms.katalon.core.keyword.builtin.CallTestCaseKeyword.callTestCase(CallTestCaseKeyword.groovy:81)
	at com.kms.katalon.core.keyword.builtin.CallTestCaseKeyword.execute(CallTestCaseKeyword.groovy:44)
	at com.kms.katalon.core.keyword.internal.KeywordExecutor.executeKeywordForPlatform(KeywordExecutor.groovy:74)
	at com.kms.katalon.core.keyword.BuiltinKeywords.callTestCase(BuiltinKeywords.groovy:310)
	at java.base/jdk.internal.reflect.NativeMethodAccessorImpl.invoke0(Native Method)
	at java.base/jdk.internal.reflect.NativeMethodAccessorImpl.invoke(NativeMethodAccessorImpl.java:77)
	at java.base/jdk.internal.reflect.DelegatingMethodAccessorImpl.invoke(DelegatingMethodAccessorImpl.java:43)
	at Script1735746406961.run(Script1735746406961.groovy:26)
	... 15 more
)
	at com.kms.katalon.core.keyword.internal.KeywordMain.stepFailed(KeywordMain.groovy:39)
	at com.kms.katalon.core.webui.keyword.internal.WebUIKeywordMain.stepFailed(WebUIKeywordMain.groovy:117)
	at com.kms.katalon.core.webui.keyword.internal.WebUIKeywordMain.runKeyword(WebUIKeywordMain.groovy:43)
	at com.kms.katalon.core.webui.keyword.builtin.ClickKeyword.click(ClickKeyword.groovy:75)
	at com.kms.katalon.core.webui.keyword.builtin.ClickKeyword.execute(ClickKeyword.groovy:40)
	at com.kms.katalon.core.keyword.internal.KeywordExecutor.executeKeywordForPlatform(KeywordExecutor.groovy:74)
	at com.kms.katalon.core.webui.keyword.WebUiBuiltInKeywords.click(WebUiBuiltInKeywords.groovy:684)
	at Tambah Kelas.run(Tambah Kelas:46)
	at com.kms.katalon.core.main.ScriptEngine.run(ScriptEngine.java:194)
	at com.kms.katalon.core.main.ScriptEngine.runScriptAsRawText(ScriptEngine.java:119)
	at com.kms.katalon.core.main.TestCaseExecutor.runScript(TestCaseExecutor.java:448)
	at com.kms.katalon.core.main.TestCaseExecutor.doExecute(TestCaseExecutor.java:439)
	at com.kms.katalon.core.main.TestCaseExecutor.processExecutionPhase(TestCaseExecutor.java:418)
	at com.kms.katalon.core.main.TestCaseExecutor.accessMainPhase(TestCaseExecutor.java:410)
	at com.kms.katalon.core.main.TestCaseExecutor.execute(TestCaseExecutor.java:285)
	at com.kms.katalon.core.main.TestCaseMain.runTestCase(TestCaseMain.java:133)
	at com.kms.katalon.core.keyword.builtin.CallTestCaseKeyword$_callTestCase_closure1.doCall(CallTestCaseKeyword.groovy:59)
	... 25 more
Caused by: com.kms.katalon.core.exception.StepFailedException: Unable to click on object 'Object Repository/Master Data/Admin Sekolah/Tambah Kelas/Modal Tambah/Prefix/Pilih Prefix'
	... 41 more
Caused by: com.kms.katalon.core.webui.exception.WebElementNotFoundException: Web element with id: 'Object Repository/Master Data/Admin Sekolah/Tambah Kelas/Modal Tambah/Prefix/Pilih Prefix' located by '//*[@data-testid = 'paragraph' and (text() = 'RETEST' or . = 'RETEST')]' not found
	at com.kms.katalon.core.webui.common.WebUiCommonHelper.findWebElement(WebUiCommonHelper.java:1426)
	at com.kms.katalon.core.webui.keyword.internal.WebUIAbstractKeyword.findWebElement(WebUIAbstractKeyword.groovy:27)
	at com.kms.katalon.core.webui.keyword.builtin.ClickKeyword$_click_closure1.doCall(ClickKeyword.groovy:66)
	at com.kms.katalon.core.webui.keyword.builtin.ClickKeyword$_click_closure1.call(ClickKeyword.groovy)
	at com.kms.katalon.core.webui.keyword.internal.WebUIKeywordMain.runKeyword(WebUIKeywordMain.groovy:35)
	... 39 more
)

03-01-2025T11:34:23 - [TEST_CASE][FAILED] - Test Cases/Master Data/Admin Sekolah/Master Data Kelas/Tambah Kelas: Test Cases/Master Data/Admin Sekolah/Master Data Kelas/Tambah Kelas FAILED.
Reason:
com.kms.katalon.core.exception.StepFailedException: Unable to click on object 'Object Repository/Master Data/Admin Sekolah/Tambah Kelas/Modal Tambah/Prefix/Pilih Prefix' (Root cause: com.kms.katalon.core.exception.StepFailedException: Unable to click on object 'Object Repository/Master Data/Admin Sekolah/Tambah Kelas/Modal Tambah/Prefix/Pilih Prefix'
	at com.kms.katalon.core.webui.keyword.internal.WebUIKeywordMain.stepFailed(WebUIKeywordMain.groovy:117)
	at com.kms.katalon.core.webui.keyword.internal.WebUIKeywordMain.runKeyword(WebUIKeywordMain.groovy:43)
	at com.kms.katalon.core.webui.keyword.builtin.ClickKeyword.click(ClickKeyword.groovy:75)
	at com.kms.katalon.core.webui.keyword.builtin.ClickKeyword.execute(ClickKeyword.groovy:40)
	at com.kms.katalon.core.keyword.internal.KeywordExecutor.executeKeywordForPlatform(KeywordExecutor.groovy:74)
	at com.kms.katalon.core.webui.keyword.WebUiBuiltInKeywords.click(WebUiBuiltInKeywords.groovy:684)
	at Tambah Kelas.run(Tambah Kelas:46)
	at com.kms.katalon.core.main.ScriptEngine.run(ScriptEngine.java:194)
	at com.kms.katalon.core.main.ScriptEngine.runScriptAsRawText(ScriptEngine.java:119)
	at com.kms.katalon.core.main.TestCaseExecutor.runScript(TestCaseExecutor.java:448)
	at com.kms.katalon.core.main.TestCaseExecutor.doExecute(TestCaseExecutor.java:439)
	at com.kms.katalon.core.main.TestCaseExecutor.processExecutionPhase(TestCaseExecutor.java:418)
	at com.kms.katalon.core.main.TestCaseExecutor.accessMainPhase(TestCaseExecutor.java:410)
	at com.kms.katalon.core.main.TestCaseExecutor.execute(TestCaseExecutor.java:285)
	at com.kms.katalon.core.main.TestCaseMain.runTestCase(TestCaseMain.java:133)
	at com.kms.katalon.core.keyword.builtin.CallTestCaseKeyword$_callTestCase_closure1.doCall(CallTestCaseKeyword.groovy:59)
	at com.kms.katalon.core.keyword.builtin.CallTestCaseKeyword$_callTestCase_closure1.call(CallTestCaseKeyword.groovy)
	at com.kms.katalon.core.keyword.internal.KeywordMain.runKeyword(KeywordMain.groovy:75)
	at com.kms.katalon.core.keyword.builtin.CallTestCaseKeyword.callTestCase(CallTestCaseKeyword.groovy:81)
	at com.kms.katalon.core.keyword.builtin.CallTestCaseKeyword.execute(CallTestCaseKeyword.groovy:44)
	at com.kms.katalon.core.keyword.internal.KeywordExecutor.executeKeywordForPlatform(KeywordExecutor.groovy:74)
	at com.kms.katalon.core.keyword.BuiltinKeywords.callTestCase(BuiltinKeywords.groovy:310)
	at java.base/jdk.internal.reflect.NativeMethodAccessorImpl.invoke0(Native Method)
	at java.base/jdk.internal.reflect.NativeMethodAccessorImpl.invoke(NativeMethodAccessorImpl.java:77)
	at java.base/jdk.internal.reflect.DelegatingMethodAccessorImpl.invoke(DelegatingMethodAccessorImpl.java:43)
	at Regresi Kelas.run(Regresi Kelas:26)
	at com.kms.katalon.core.main.ScriptEngine.run(ScriptEngine.java:194)
	at com.kms.katalon.core.main.ScriptEngine.runScriptAsRawText(ScriptEngine.java:119)
	at com.kms.katalon.core.main.TestCaseExecutor.runScript(TestCaseExecutor.java:448)
	at com.kms.katalon.core.main.TestCaseExecutor.doExecute(TestCaseExecutor.java:439)
	at com.kms.katalon.core.main.TestCaseExecutor.processExecutionPhase(TestCaseExecutor.java:418)
	at com.kms.katalon.core.main.TestCaseExecutor.accessMainPhase(TestCaseExecutor.java:410)
	at com.kms.katalon.core.main.TestCaseExecutor.execute(TestCaseExecutor.java:285)
	at com.kms.katalon.core.common.CommonExecutor.accessTestCaseMainPhase(CommonExecutor.java:65)
	at com.kms.katalon.core.main.TestSuiteExecutor.accessTestSuiteMainPhase(TestSuiteExecutor.java:161)
	at com.kms.katalon.core.main.TestSuiteExecutor.execute(TestSuiteExecutor.java:107)
	at com.kms.katalon.core.main.TestCaseMain.startTestSuite(TestCaseMain.java:176)
	at TempTestSuite1735878642439.run(TempTestSuite1735878642439.groovy:35)
	at java.base/jdk.internal.reflect.NativeMethodAccessorImpl.invoke0(Native Method)
	at java.base/jdk.internal.reflect.NativeMethodAccessorImpl.invoke(NativeMethodAccessorImpl.java:77)
	at java.base/jdk.internal.reflect.DelegatingMethodAccessorImpl.invoke(DelegatingMethodAccessorImpl.java:43)
Caused by: com.kms.katalon.core.webui.exception.WebElementNotFoundException: Web element with id: 'Object Repository/Master Data/Admin Sekolah/Tambah Kelas/Modal Tambah/Prefix/Pilih Prefix' located by '//*[@data-testid = 'paragraph' and (text() = 'RETEST' or . = 'RETEST')]' not found
	at com.kms.katalon.core.webui.common.WebUiCommonHelper.findWebElement(WebUiCommonHelper.java:1426)
	at com.kms.katalon.core.webui.keyword.internal.WebUIAbstractKeyword.findWebElement(WebUIAbstractKeyword.groovy:27)
	at com.kms.katalon.core.webui.keyword.builtin.ClickKeyword$_click_closure1.doCall(ClickKeyword.groovy:66)
	at com.kms.katalon.core.webui.keyword.builtin.ClickKeyword$_click_closure1.call(ClickKeyword.groovy)
	at com.kms.katalon.core.webui.keyword.internal.WebUIKeywordMain.runKeyword(WebUIKeywordMain.groovy:35)
	at com.kms.katalon.core.webui.keyword.builtin.ClickKeyword.click(ClickKeyword.groovy:75)
	at com.kms.katalon.core.webui.keyword.builtin.ClickKeyword.execute(ClickKeyword.groovy:40)
	at com.kms.katalon.core.keyword.internal.KeywordExecutor.executeKeywordForPlatform(KeywordExecutor.groovy:74)
	at com.kms.katalon.core.webui.keyword.WebUiBuiltInKeywords.click(WebUiBuiltInKeywords.groovy:684)
	at Script1731464206565.run(Script1731464206565.groovy:46)
	at com.kms.katalon.core.main.ScriptEngine.run(ScriptEngine.java:194)
	at com.kms.katalon.core.main.ScriptEngine.runScriptAsRawText(ScriptEngine.java:119)
	at com.kms.katalon.core.main.TestCaseExecutor.runScript(TestCaseExecutor.java:448)
	at com.kms.katalon.core.main.TestCaseExecutor.doExecute(TestCaseExecutor.java:439)
	at com.kms.katalon.core.main.TestCaseExecutor.processExecutionPhase(TestCaseExecutor.java:418)
	at com.kms.katalon.core.main.TestCaseExecutor.accessMainPhase(TestCaseExecutor.java:410)
	at com.kms.katalon.core.main.TestCaseExecutor.execute(TestCaseExecutor.java:285)
	at com.kms.katalon.core.main.TestCaseMain.runTestCase(TestCaseMain.java:133)
	at com.kms.katalon.core.keyword.builtin.CallTestCaseKeyword$_callTestCase_closure1.doCall(CallTestCaseKeyword.groovy:59)
	at com.kms.katalon.core.keyword.builtin.CallTestCaseKeyword$_callTestCase_closure1.call(CallTestCaseKeyword.groovy)
	at com.kms.katalon.core.keyword.internal.KeywordMain.runKeyword(KeywordMain.groovy:75)
	at com.kms.katalon.core.keyword.builtin.CallTestCaseKeyword.callTestCase(CallTestCaseKeyword.groovy:81)
	at com.kms.katalon.core.keyword.builtin.CallTestCaseKeyword.execute(CallTestCaseKeyword.groovy:44)
	at com.kms.katalon.core.keyword.internal.KeywordExecutor.executeKeywordForPlatform(KeywordExecutor.groovy:74)
	at com.kms.katalon.core.keyword.BuiltinKeywords.callTestCase(BuiltinKeywords.groovy:310)
	at java.base/jdk.internal.reflect.NativeMethodAccessorImpl.invoke0(Native Method)
	at java.base/jdk.internal.reflect.NativeMethodAccessorImpl.invoke(NativeMethodAccessorImpl.java:77)
	at java.base/jdk.internal.reflect.DelegatingMethodAccessorImpl.invoke(DelegatingMethodAccessorImpl.java:43)
	at Script1735746406961.run(Script1735746406961.groovy:26)
	... 15 more
)
	at com.kms.katalon.core.keyword.internal.KeywordMain.stepFailed(KeywordMain.groovy:39)
	at com.kms.katalon.core.webui.keyword.internal.WebUIKeywordMain.stepFailed(WebUIKeywordMain.groovy:117)
	at com.kms.katalon.core.webui.keyword.internal.WebUIKeywordMain.runKeyword(WebUIKeywordMain.groovy:43)
	at com.kms.katalon.core.webui.keyword.builtin.ClickKeyword.click(ClickKeyword.groovy:75)
	at com.kms.katalon.core.webui.keyword.builtin.ClickKeyword.execute(ClickKeyword.groovy:40)
	at com.kms.katalon.core.keyword.internal.KeywordExecutor.executeKeywordForPlatform(KeywordExecutor.groovy:74)
	at com.kms.katalon.core.webui.keyword.WebUiBuiltInKeywords.click(WebUiBuiltInKeywords.groovy:684)
	at Tambah Kelas.run(Tambah Kelas:46)
	at com.kms.katalon.core.main.ScriptEngine.run(ScriptEngine.java:194)
	at com.kms.katalon.core.main.ScriptEngine.runScriptAsRawText(ScriptEngine.java:119)
	at com.kms.katalon.core.main.TestCaseExecutor.runScript(TestCaseExecutor.java:448)
	at com.kms.katalon.core.main.TestCaseExecutor.doExecute(TestCaseExecutor.java:439)
	at com.kms.katalon.core.main.TestCaseExecutor.processExecutionPhase(TestCaseExecutor.java:418)
	at com.kms.katalon.core.main.TestCaseExecutor.accessMainPhase(TestCaseExecutor.java:410)
	at com.kms.katalon.core.main.TestCaseExecutor.execute(TestCaseExecutor.java:285)
	at com.kms.katalon.core.main.TestCaseMain.runTestCase(TestCaseMain.java:133)
	at com.kms.katalon.core.keyword.builtin.CallTestCaseKeyword$_callTestCase_closure1.doCall(CallTestCaseKeyword.groovy:59)
	at com.kms.katalon.core.keyword.builtin.CallTestCaseKeyword$_callTestCase_closure1.call(CallTestCaseKeyword.groovy)
	at com.kms.katalon.core.keyword.internal.KeywordMain.runKeyword(KeywordMain.groovy:75)
	at com.kms.katalon.core.keyword.builtin.CallTestCaseKeyword.callTestCase(CallTestCaseKeyword.groovy:81)
	at com.kms.katalon.core.keyword.builtin.CallTestCaseKeyword.execute(CallTestCaseKeyword.groovy:44)
	at com.kms.katalon.core.keyword.internal.KeywordExecutor.executeKeywordForPlatform(KeywordExecutor.groovy:74)
	at com.kms.katalon.core.keyword.BuiltinKeywords.callTestCase(BuiltinKeywords.groovy:310)
	at java.base/jdk.internal.reflect.NativeMethodAccessorImpl.invoke0(Native Method)
	at java.base/jdk.internal.reflect.NativeMethodAccessorImpl.invoke(NativeMethodAccessorImpl.java:77)
	at java.base/jdk.internal.reflect.DelegatingMethodAccessorImpl.invoke(DelegatingMethodAccessorImpl.java:43)
	at Regresi Kelas.run(Regresi Kelas:26)
	at com.kms.katalon.core.main.ScriptEngine.run(ScriptEngine.java:194)
	at com.kms.katalon.core.main.ScriptEngine.runScriptAsRawText(ScriptEngine.java:119)
	at com.kms.katalon.core.main.TestCaseExecutor.runScript(TestCaseExecutor.java:448)
	at com.kms.katalon.core.main.TestCaseExecutor.doExecute(TestCaseExecutor.java:439)
	at com.kms.katalon.core.main.TestCaseExecutor.processExecutionPhase(TestCaseExecutor.java:418)
	at com.kms.katalon.core.main.TestCaseExecutor.accessMainPhase(TestCaseExecutor.java:410)
	at com.kms.katalon.core.main.TestCaseExecutor.execute(TestCaseExecutor.java:285)
	at com.kms.katalon.core.common.CommonExecutor.accessTestCaseMainPhase(CommonExecutor.java:65)
	at com.kms.katalon.core.main.TestSuiteExecutor.accessTestSuiteMainPhase(TestSuiteExecutor.java:161)
	at com.kms.katalon.core.main.TestSuiteExecutor.execute(TestSuiteExecutor.java:107)
	at com.kms.katalon.core.main.TestCaseMain.startTestSuite(TestCaseMain.java:176)
	at TempTestSuite1735878642439.run(TempTestSuite1735878642439.groovy:35)
	at java.base/jdk.internal.reflect.NativeMethodAccessorImpl.invoke0(Native Method)
	at java.base/jdk.internal.reflect.NativeMethodAccessorImpl.invoke(NativeMethodAccessorImpl.java:77)
	at java.base/jdk.internal.reflect.DelegatingMethodAccessorImpl.invoke(DelegatingMethodAccessorImpl.java:43)
Caused by: com.kms.katalon.core.exception.StepFailedException: Unable to click on object 'Object Repository/Master Data/Admin Sekolah/Tambah Kelas/Modal Tambah/Prefix/Pilih Prefix'
	... 41 more
Caused by: com.kms.katalon.core.webui.exception.WebElementNotFoundException: Web element with id: 'Object Repository/Master Data/Admin Sekolah/Tambah Kelas/Modal Tambah/Prefix/Pilih Prefix' located by '//*[@data-testid = 'paragraph' and (text() = 'RETEST' or . = 'RETEST')]' not found
	at com.kms.katalon.core.webui.common.WebUiCommonHelper.findWebElement(WebUiCommonHelper.java:1426)
	at com.kms.katalon.core.webui.keyword.internal.WebUIAbstractKeyword.findWebElement(WebUIAbstractKeyword.groovy:27)
	at com.kms.katalon.core.webui.keyword.builtin.ClickKeyword$_click_closure1.doCall(ClickKeyword.groovy:66)
	at com.kms.katalon.core.webui.keyword.builtin.ClickKeyword$_click_closure1.call(ClickKeyword.groovy)
	at com.kms.katalon.core.webui.keyword.internal.WebUIKeywordMain.runKeyword(WebUIKeywordMain.groovy:35)
	... 39 more


03-01-2025T11:34:23 - [TEST_STEP][PASSED] - openBrowser("", CONTINUE_ON_FAILURE): Browser is opened with url: ''

03-01-2025T11:34:23 - [MESSAGE][INFO] - Starting 'Chrome' driver

03-01-2025T11:34:23 - [MESSAGE][INFO] - Action delay is set to 0 milliseconds

03-01-2025T11:34:24 - [MESSAGE][PASSED] - Browser is opened with url: ''

03-01-2025T11:34:24 - [TEST_STEP][PASSED] - navigateToUrl("https://sit.siprusedu.com/login"): Navigate to 'https://sit.siprusedu.com/login' successfully

03-01-2025T11:34:44 - [MESSAGE][PASSED] - Navigate to 'https://sit.siprusedu.com/login' successfully

03-01-2025T11:34:44 - [TEST_STEP][PASSED] - click(findTestObject("Master Data/Admin Sekolah/Login/Field Email"), CONTINUE_ON_FAILURE): Object: 'Object Repository/Master Data/Admin Sekolah/Login/Field Email' is clicked on

03-01-2025T11:34:44 - [MESSAGE][PASSED] - Object: 'Object Repository/Master Data/Admin Sekolah/Login/Field Email' is clicked on

03-01-2025T11:34:44 - [TEST_STEP][PASSED] - setText(findTestObject("Master Data/Admin Sekolah/Login/Field Email"), "admin.gudangsolusi@digiform.co.id", CONTINUE_ON_FAILURE): Text 'admin.gudangsolusi@digiform.co.id' is set on object 'Object Repository/Master Data/Admin Sekolah/Login/Field Email'

03-01-2025T11:34:45 - [MESSAGE][PASSED] - Text 'admin.gudangsolusi@digiform.co.id' is set on object 'Object Repository/Master Data/Admin Sekolah/Login/Field Email'

03-01-2025T11:34:45 - [TEST_STEP][PASSED] - click(findTestObject("Master Data/Admin Sekolah/Login/Input Password"), CONTINUE_ON_FAILURE): Object: 'Object Repository/Master Data/Admin Sekolah/Login/Input Password' is clicked on

03-01-2025T11:34:45 - [MESSAGE][PASSED] - Object: 'Object Repository/Master Data/Admin Sekolah/Login/Input Password' is clicked on

03-01-2025T11:34:45 - [TEST_STEP][PASSED] - setText(findTestObject("Master Data/Admin Sekolah/Login/Input Password"), "Test1234", CONTINUE_ON_FAILURE): Text 'Test1234' is set on object 'Object Repository/Master Data/Admin Sekolah/Login/Input Password'

03-01-2025T11:34:45 - [MESSAGE][PASSED] - Text 'Test1234' is set on object 'Object Repository/Master Data/Admin Sekolah/Login/Input Password'

03-01-2025T11:34:45 - [TEST_STEP][PASSED] - click(findTestObject("Master Data/Admin Sekolah/Login/Button Submit"), CONTINUE_ON_FAILURE): Object: 'Object Repository/Master Data/Admin Sekolah/Login/Button Submit' is clicked on

03-01-2025T11:34:46 - [MESSAGE][PASSED] - Object: 'Object Repository/Master Data/Admin Sekolah/Login/Button Submit' is clicked on

03-01-2025T11:34:46 - [TEST_STEP][PASSED] - click(findTestObject("Master Data/Admin Sekolah/HomePageMenu/Sidebar Menu"), CONTINUE_ON_FAILURE): Object: 'Object Repository/Master Data/Admin Sekolah/HomePageMenu/Sidebar Menu' is clicked on

03-01-2025T11:34:47 - [MESSAGE][PASSED] - Object: 'Object Repository/Master Data/Admin Sekolah/HomePageMenu/Sidebar Menu' is clicked on

03-01-2025T11:34:47 - [TEST_STEP][PASSED] - click(findTestObject("Master Data/Admin Sekolah/HomePageMenu/Sub Menu Kelas"), CONTINUE_ON_FAILURE): Object: 'Object Repository/Master Data/Admin Sekolah/HomePageMenu/Sub Menu Kelas' is clicked on

03-01-2025T11:34:48 - [MESSAGE][PASSED] - Object: 'Object Repository/Master Data/Admin Sekolah/HomePageMenu/Sub Menu Kelas' is clicked on

03-01-2025T11:34:48 - [TEST_STEP][PASSED] - click(findTestObject("Master Data/Admin Sekolah/Tambah Kelas/Tambah Kelas"), CONTINUE_ON_FAILURE): Object: 'Object Repository/Master Data/Admin Sekolah/Tambah Kelas/Tambah Kelas' is clicked on

03-01-2025T11:34:49 - [MESSAGE][PASSED] - Object: 'Object Repository/Master Data/Admin Sekolah/Tambah Kelas/Tambah Kelas' is clicked on

03-01-2025T11:34:49 - [TEST_STEP][PASSED] - click(findTestObject("Master Data/Admin Sekolah/Tambah Kelas/Modal Tambah/Unit/Pilih Unit"), CONTINUE_ON_FAILURE): Object: 'Object Repository/Master Data/Admin Sekolah/Tambah Kelas/Modal Tambah/Unit/Pilih Unit' is clicked on

03-01-2025T11:34:49 - [MESSAGE][PASSED] - Object: 'Object Repository/Master Data/Admin Sekolah/Tambah Kelas/Modal Tambah/Unit/Pilih Unit' is clicked on

03-01-2025T11:34:49 - [TEST_STEP][PASSED] - click(findTestObject("Master Data/Admin Sekolah/Tambah Kelas/Modal Tambah/Unit/Klik Unit"), CONTINUE_ON_FAILURE): Object: 'Object Repository/Master Data/Admin Sekolah/Tambah Kelas/Modal Tambah/Unit/Klik Unit' is clicked on

03-01-2025T11:34:50 - [MESSAGE][PASSED] - Object: 'Object Repository/Master Data/Admin Sekolah/Tambah Kelas/Modal Tambah/Unit/Klik Unit' is clicked on

03-01-2025T11:34:50 - [TEST_STEP][PASSED] - click(findTestObject("Master Data/Admin Sekolah/Tambah Kelas/Modal Tambah/Prefix/Klik Prefix"), CONTINUE_ON_FAILURE): Object: 'Object Repository/Master Data/Admin Sekolah/Tambah Kelas/Modal Tambah/Prefix/Klik Prefix' is clicked on

03-01-2025T11:34:50 - [MESSAGE][PASSED] - Object: 'Object Repository/Master Data/Admin Sekolah/Tambah Kelas/Modal Tambah/Prefix/Klik Prefix' is clicked on

03-01-2025T11:34:50 - [TEST_STEP][FAILED] - click(findTestObject("Master Data/Admin Sekolah/Tambah Kelas/Modal Tambah/Prefix/Pilih Prefix"), CONTINUE_ON_FAILURE): Unable to click on object 'Object Repository/Master Data/Admin Sekolah/Tambah Kelas/Modal Tambah/Prefix/Pilih Prefix' (Root cause: com.kms.katalon.core.exception.StepFailedException: Unable to click on object 'Object Repository/Master Data/Admin Sekolah/Tambah Kelas/Modal Tambah/Prefix/Pilih Prefix'
	at com.kms.katalon.core.webui.keyword.internal.WebUIKeywordMain.stepFailed(WebUIKeywordMain.groovy:117)
	at com.kms.katalon.core.webui.keyword.internal.WebUIKeywordMain.runKeyword(WebUIKeywordMain.groovy:43)
	at com.kms.katalon.core.webui.keyword.builtin.ClickKeyword.click(ClickKeyword.groovy:75)
	at com.kms.katalon.core.webui.keyword.builtin.ClickKeyword.execute(ClickKeyword.groovy:40)
	at com.kms.katalon.core.keyword.internal.KeywordExecutor.executeKeywordForPlatform(KeywordExecutor.groovy:74)
	at com.kms.katalon.core.webui.keyword.WebUiBuiltInKeywords.click(WebUiBuiltInKeywords.groovy:684)
	at Tambah Kelas.run(Tambah Kelas:46)
	at com.kms.katalon.core.main.ScriptEngine.run(ScriptEngine.java:194)
	at com.kms.katalon.core.main.ScriptEngine.runScriptAsRawText(ScriptEngine.java:119)
	at com.kms.katalon.core.main.TestCaseExecutor.runScript(TestCaseExecutor.java:448)
	at com.kms.katalon.core.main.TestCaseExecutor.doExecute(TestCaseExecutor.java:439)
	at com.kms.katalon.core.main.TestCaseExecutor.processExecutionPhase(TestCaseExecutor.java:418)
	at com.kms.katalon.core.main.TestCaseExecutor.accessMainPhase(TestCaseExecutor.java:410)
	at com.kms.katalon.core.main.TestCaseExecutor.execute(TestCaseExecutor.java:285)
	at com.kms.katalon.core.main.TestCaseMain.runTestCase(TestCaseMain.java:133)
	at com.kms.katalon.core.keyword.builtin.CallTestCaseKeyword$_callTestCase_closure1.doCall(CallTestCaseKeyword.groovy:59)
	at com.kms.katalon.core.keyword.builtin.CallTestCaseKeyword$_callTestCase_closure1.call(CallTestCaseKeyword.groovy)
	at com.kms.katalon.core.keyword.internal.KeywordMain.runKeyword(KeywordMain.groovy:75)
	at com.kms.katalon.core.keyword.builtin.CallTestCaseKeyword.callTestCase(CallTestCaseKeyword.groovy:81)
	at com.kms.katalon.core.keyword.builtin.CallTestCaseKeyword.execute(CallTestCaseKeyword.groovy:44)
	at com.kms.katalon.core.keyword.internal.KeywordExecutor.executeKeywordForPlatform(KeywordExecutor.groovy:74)
	at com.kms.katalon.core.keyword.BuiltinKeywords.callTestCase(BuiltinKeywords.groovy:310)
	at java.base/jdk.internal.reflect.NativeMethodAccessorImpl.invoke0(Native Method)
	at java.base/jdk.internal.reflect.NativeMethodAccessorImpl.invoke(NativeMethodAccessorImpl.java:77)
	at java.base/jdk.internal.reflect.DelegatingMethodAccessorImpl.invoke(DelegatingMethodAccessorImpl.java:43)
	at Regresi Kelas.run(Regresi Kelas:26)
	at com.kms.katalon.core.main.ScriptEngine.run(ScriptEngine.java:194)
	at com.kms.katalon.core.main.ScriptEngine.runScriptAsRawText(ScriptEngine.java:119)
	at com.kms.katalon.core.main.TestCaseExecutor.runScript(TestCaseExecutor.java:448)
	at com.kms.katalon.core.main.TestCaseExecutor.doExecute(TestCaseExecutor.java:439)
	at com.kms.katalon.core.main.TestCaseExecutor.processExecutionPhase(TestCaseExecutor.java:418)
	at com.kms.katalon.core.main.TestCaseExecutor.accessMainPhase(TestCaseExecutor.java:410)
	at com.kms.katalon.core.main.TestCaseExecutor.execute(TestCaseExecutor.java:285)
	at com.kms.katalon.core.common.CommonExecutor.accessTestCaseMainPhase(CommonExecutor.java:65)
	at com.kms.katalon.core.main.TestSuiteExecutor.accessTestSuiteMainPhase(TestSuiteExecutor.java:161)
	at com.kms.katalon.core.main.TestSuiteExecutor.execute(TestSuiteExecutor.java:107)
	at com.kms.katalon.core.main.TestCaseMain.startTestSuite(TestCaseMain.java:176)
	at TempTestSuite1735878642439.run(TempTestSuite1735878642439.groovy:35)
	at java.base/jdk.internal.reflect.NativeMethodAccessorImpl.invoke0(Native Method)
	at java.base/jdk.internal.reflect.NativeMethodAccessorImpl.invoke(NativeMethodAccessorImpl.java:77)
	at java.base/jdk.internal.reflect.DelegatingMethodAccessorImpl.invoke(DelegatingMethodAccessorImpl.java:43)
Caused by: com.kms.katalon.core.webui.exception.WebElementNotFoundException: Web element with id: 'Object Repository/Master Data/Admin Sekolah/Tambah Kelas/Modal Tambah/Prefix/Pilih Prefix' located by '//*[@data-testid = 'paragraph' and (text() = 'RETEST' or . = 'RETEST')]' not found
	at com.kms.katalon.core.webui.common.WebUiCommonHelper.findWebElement(WebUiCommonHelper.java:1426)
	at com.kms.katalon.core.webui.keyword.internal.WebUIAbstractKeyword.findWebElement(WebUIAbstractKeyword.groovy:27)
	at com.kms.katalon.core.webui.keyword.builtin.ClickKeyword$_click_closure1.doCall(ClickKeyword.groovy:66)
	at com.kms.katalon.core.webui.keyword.builtin.ClickKeyword$_click_closure1.call(ClickKeyword.groovy)
	at com.kms.katalon.core.webui.keyword.internal.WebUIKeywordMain.runKeyword(WebUIKeywordMain.groovy:35)
	at com.kms.katalon.core.webui.keyword.builtin.ClickKeyword.click(ClickKeyword.groovy:75)
	at com.kms.katalon.core.webui.keyword.builtin.ClickKeyword.execute(ClickKeyword.groovy:40)
	at com.kms.katalon.core.keyword.internal.KeywordExecutor.executeKeywordForPlatform(KeywordExecutor.groovy:74)
	at com.kms.katalon.core.webui.keyword.WebUiBuiltInKeywords.click(WebUiBuiltInKeywords.groovy:684)
	at Script1731464206565.run(Script1731464206565.groovy:46)
	at com.kms.katalon.core.main.ScriptEngine.run(ScriptEngine.java:194)
	at com.kms.katalon.core.main.ScriptEngine.runScriptAsRawText(ScriptEngine.java:119)
	at com.kms.katalon.core.main.TestCaseExecutor.runScript(TestCaseExecutor.java:448)
	at com.kms.katalon.core.main.TestCaseExecutor.doExecute(TestCaseExecutor.java:439)
	at com.kms.katalon.core.main.TestCaseExecutor.processExecutionPhase(TestCaseExecutor.java:418)
	at com.kms.katalon.core.main.TestCaseExecutor.accessMainPhase(TestCaseExecutor.java:410)
	at com.kms.katalon.core.main.TestCaseExecutor.execute(TestCaseExecutor.java:285)
	at com.kms.katalon.core.main.TestCaseMain.runTestCase(TestCaseMain.java:133)
	at com.kms.katalon.core.keyword.builtin.CallTestCaseKeyword$_callTestCase_closure1.doCall(CallTestCaseKeyword.groovy:59)
	at com.kms.katalon.core.keyword.builtin.CallTestCaseKeyword$_callTestCase_closure1.call(CallTestCaseKeyword.groovy)
	at com.kms.katalon.core.keyword.internal.KeywordMain.runKeyword(KeywordMain.groovy:75)
	at com.kms.katalon.core.keyword.builtin.CallTestCaseKeyword.callTestCase(CallTestCaseKeyword.groovy:81)
	at com.kms.katalon.core.keyword.builtin.CallTestCaseKeyword.execute(CallTestCaseKeyword.groovy:44)
	at com.kms.katalon.core.keyword.internal.KeywordExecutor.executeKeywordForPlatform(KeywordExecutor.groovy:74)
	at com.kms.katalon.core.keyword.BuiltinKeywords.callTestCase(BuiltinKeywords.groovy:310)
	at java.base/jdk.internal.reflect.NativeMethodAccessorImpl.invoke0(Native Method)
	at java.base/jdk.internal.reflect.NativeMethodAccessorImpl.invoke(NativeMethodAccessorImpl.java:77)
	at java.base/jdk.internal.reflect.DelegatingMethodAccessorImpl.invoke(DelegatingMethodAccessorImpl.java:43)
	at Script1735746406961.run(Script1735746406961.groovy:26)
	... 15 more
)

03-01-2025T11:35:21 - [MESSAGE][INFO] - Unable to find the element located by 'By.xpath: //*[@data-testid = 'paragraph' and (text() = 'RETEST' or . = 'RETEST')]'. Please recheck the objects properties to make sure the desired element is located. 

03-01-2025T11:35:21 - [MESSAGE][WARNING] - [SELF-HEALING] Failed to find element with id 'Object Repository/Master Data/Admin Sekolah/Tambah Kelas/Modal Tambah/Prefix/Pilih Prefix'. Try using Self-healing.

03-01-2025T11:35:21 - [MESSAGE][WARNING] - [SELF-HEALING] Cannot find elements when the XPath is null.

03-01-2025T11:35:22 - [MESSAGE][WARNING] - [SELF-HEALING] Cannot find elements when the selector is null

03-01-2025T11:35:22 - [MESSAGE][FAILED] - Unable to click on object 'Object Repository/Master Data/Admin Sekolah/Tambah Kelas/Modal Tambah/Prefix/Pilih Prefix' (Root cause: com.kms.katalon.core.exception.StepFailedException: Unable to click on object 'Object Repository/Master Data/Admin Sekolah/Tambah Kelas/Modal Tambah/Prefix/Pilih Prefix'
	at com.kms.katalon.core.webui.keyword.internal.WebUIKeywordMain.stepFailed(WebUIKeywordMain.groovy:117)
	at com.kms.katalon.core.webui.keyword.internal.WebUIKeywordMain.runKeyword(WebUIKeywordMain.groovy:43)
	at com.kms.katalon.core.webui.keyword.builtin.ClickKeyword.click(ClickKeyword.groovy:75)
	at com.kms.katalon.core.webui.keyword.builtin.ClickKeyword.execute(ClickKeyword.groovy:40)
	at com.kms.katalon.core.keyword.internal.KeywordExecutor.executeKeywordForPlatform(KeywordExecutor.groovy:74)
	at com.kms.katalon.core.webui.keyword.WebUiBuiltInKeywords.click(WebUiBuiltInKeywords.groovy:684)
	at Tambah Kelas.run(Tambah Kelas:46)
	at com.kms.katalon.core.main.ScriptEngine.run(ScriptEngine.java:194)
	at com.kms.katalon.core.main.ScriptEngine.runScriptAsRawText(ScriptEngine.java:119)
	at com.kms.katalon.core.main.TestCaseExecutor.runScript(TestCaseExecutor.java:448)
	at com.kms.katalon.core.main.TestCaseExecutor.doExecute(TestCaseExecutor.java:439)
	at com.kms.katalon.core.main.TestCaseExecutor.processExecutionPhase(TestCaseExecutor.java:418)
	at com.kms.katalon.core.main.TestCaseExecutor.accessMainPhase(TestCaseExecutor.java:410)
	at com.kms.katalon.core.main.TestCaseExecutor.execute(TestCaseExecutor.java:285)
	at com.kms.katalon.core.main.TestCaseMain.runTestCase(TestCaseMain.java:133)
	at com.kms.katalon.core.keyword.builtin.CallTestCaseKeyword$_callTestCase_closure1.doCall(CallTestCaseKeyword.groovy:59)
	at com.kms.katalon.core.keyword.builtin.CallTestCaseKeyword$_callTestCase_closure1.call(CallTestCaseKeyword.groovy)
	at com.kms.katalon.core.keyword.internal.KeywordMain.runKeyword(KeywordMain.groovy:75)
	at com.kms.katalon.core.keyword.builtin.CallTestCaseKeyword.callTestCase(CallTestCaseKeyword.groovy:81)
	at com.kms.katalon.core.keyword.builtin.CallTestCaseKeyword.execute(CallTestCaseKeyword.groovy:44)
	at com.kms.katalon.core.keyword.internal.KeywordExecutor.executeKeywordForPlatform(KeywordExecutor.groovy:74)
	at com.kms.katalon.core.keyword.BuiltinKeywords.callTestCase(BuiltinKeywords.groovy:310)
	at java.base/jdk.internal.reflect.NativeMethodAccessorImpl.invoke0(Native Method)
	at java.base/jdk.internal.reflect.NativeMethodAccessorImpl.invoke(NativeMethodAccessorImpl.java:77)
	at java.base/jdk.internal.reflect.DelegatingMethodAccessorImpl.invoke(DelegatingMethodAccessorImpl.java:43)
	at Regresi Kelas.run(Regresi Kelas:26)
	at com.kms.katalon.core.main.ScriptEngine.run(ScriptEngine.java:194)
	at com.kms.katalon.core.main.ScriptEngine.runScriptAsRawText(ScriptEngine.java:119)
	at com.kms.katalon.core.main.TestCaseExecutor.runScript(TestCaseExecutor.java:448)
	at com.kms.katalon.core.main.TestCaseExecutor.doExecute(TestCaseExecutor.java:439)
	at com.kms.katalon.core.main.TestCaseExecutor.processExecutionPhase(TestCaseExecutor.java:418)
	at com.kms.katalon.core.main.TestCaseExecutor.accessMainPhase(TestCaseExecutor.java:410)
	at com.kms.katalon.core.main.TestCaseExecutor.execute(TestCaseExecutor.java:285)
	at com.kms.katalon.core.common.CommonExecutor.accessTestCaseMainPhase(CommonExecutor.java:65)
	at com.kms.katalon.core.main.TestSuiteExecutor.accessTestSuiteMainPhase(TestSuiteExecutor.java:161)
	at com.kms.katalon.core.main.TestSuiteExecutor.execute(TestSuiteExecutor.java:107)
	at com.kms.katalon.core.main.TestCaseMain.startTestSuite(TestCaseMain.java:176)
	at TempTestSuite1735878642439.run(TempTestSuite1735878642439.groovy:35)
	at java.base/jdk.internal.reflect.NativeMethodAccessorImpl.invoke0(Native Method)
	at java.base/jdk.internal.reflect.NativeMethodAccessorImpl.invoke(NativeMethodAccessorImpl.java:77)
	at java.base/jdk.internal.reflect.DelegatingMethodAccessorImpl.invoke(DelegatingMethodAccessorImpl.java:43)
Caused by: com.kms.katalon.core.webui.exception.WebElementNotFoundException: Web element with id: 'Object Repository/Master Data/Admin Sekolah/Tambah Kelas/Modal Tambah/Prefix/Pilih Prefix' located by '//*[@data-testid = 'paragraph' and (text() = 'RETEST' or . = 'RETEST')]' not found
	at com.kms.katalon.core.webui.common.WebUiCommonHelper.findWebElement(WebUiCommonHelper.java:1426)
	at com.kms.katalon.core.webui.keyword.internal.WebUIAbstractKeyword.findWebElement(WebUIAbstractKeyword.groovy:27)
	at com.kms.katalon.core.webui.keyword.builtin.ClickKeyword$_click_closure1.doCall(ClickKeyword.groovy:66)
	at com.kms.katalon.core.webui.keyword.builtin.ClickKeyword$_click_closure1.call(ClickKeyword.groovy)
	at com.kms.katalon.core.webui.keyword.internal.WebUIKeywordMain.runKeyword(WebUIKeywordMain.groovy:35)
	at com.kms.katalon.core.webui.keyword.builtin.ClickKeyword.click(ClickKeyword.groovy:75)
	at com.kms.katalon.core.webui.keyword.builtin.ClickKeyword.execute(ClickKeyword.groovy:40)
	at com.kms.katalon.core.keyword.internal.KeywordExecutor.executeKeywordForPlatform(KeywordExecutor.groovy:74)
	at com.kms.katalon.core.webui.keyword.WebUiBuiltInKeywords.click(WebUiBuiltInKeywords.groovy:684)
	at Script1731464206565.run(Script1731464206565.groovy:46)
	at com.kms.katalon.core.main.ScriptEngine.run(ScriptEngine.java:194)
	at com.kms.katalon.core.main.ScriptEngine.runScriptAsRawText(ScriptEngine.java:119)
	at com.kms.katalon.core.main.TestCaseExecutor.runScript(TestCaseExecutor.java:448)
	at com.kms.katalon.core.main.TestCaseExecutor.doExecute(TestCaseExecutor.java:439)
	at com.kms.katalon.core.main.TestCaseExecutor.processExecutionPhase(TestCaseExecutor.java:418)
	at com.kms.katalon.core.main.TestCaseExecutor.accessMainPhase(TestCaseExecutor.java:410)
	at com.kms.katalon.core.main.TestCaseExecutor.execute(TestCaseExecutor.java:285)
	at com.kms.katalon.core.main.TestCaseMain.runTestCase(TestCaseMain.java:133)
	at com.kms.katalon.core.keyword.builtin.CallTestCaseKeyword$_callTestCase_closure1.doCall(CallTestCaseKeyword.groovy:59)
	at com.kms.katalon.core.keyword.builtin.CallTestCaseKeyword$_callTestCase_closure1.call(CallTestCaseKeyword.groovy)
	at com.kms.katalon.core.keyword.internal.KeywordMain.runKeyword(KeywordMain.groovy:75)
	at com.kms.katalon.core.keyword.builtin.CallTestCaseKeyword.callTestCase(CallTestCaseKeyword.groovy:81)
	at com.kms.katalon.core.keyword.builtin.CallTestCaseKeyword.execute(CallTestCaseKeyword.groovy:44)
	at com.kms.katalon.core.keyword.internal.KeywordExecutor.executeKeywordForPlatform(KeywordExecutor.groovy:74)
	at com.kms.katalon.core.keyword.BuiltinKeywords.callTestCase(BuiltinKeywords.groovy:310)
	at java.base/jdk.internal.reflect.NativeMethodAccessorImpl.invoke0(Native Method)
	at java.base/jdk.internal.reflect.NativeMethodAccessorImpl.invoke(NativeMethodAccessorImpl.java:77)
	at java.base/jdk.internal.reflect.DelegatingMethodAccessorImpl.invoke(DelegatingMethodAccessorImpl.java:43)
	at Script1735746406961.run(Script1735746406961.groovy:26)
	... 15 more
)
[[ATTACHMENT|C:\\Users\\henri\\Videos\\school-payment-automation-testing\\Reports\\20250103_113042\\SPRINT 1\\20250103_113042\\1735878922670.png]]

03-01-2025T11:35:22 - [TEST_STEP][PASSED] - setText(findTestObject("Master Data/Admin Sekolah/Tambah Kelas/Modal Tambah/Suffix/Input Suffix kelas"), "PHP 4", CONTINUE_ON_FAILURE): Text 'PHP 4' is set on object 'Object Repository/Master Data/Admin Sekolah/Tambah Kelas/Modal Tambah/Suffix/Input Suffix kelas'

03-01-2025T11:35:23 - [MESSAGE][PASSED] - Text 'PHP 4' is set on object 'Object Repository/Master Data/Admin Sekolah/Tambah Kelas/Modal Tambah/Suffix/Input Suffix kelas'

03-01-2025T11:35:23 - [TEST_STEP][PASSED] - click(findTestObject("Master Data/Admin Sekolah/Tambah Kelas/Modal Tambah/Jurusan/Klik Jurusan"), CONTINUE_ON_FAILURE): Object: 'Object Repository/Master Data/Admin Sekolah/Tambah Kelas/Modal Tambah/Jurusan/Klik Jurusan' is clicked on

03-01-2025T11:35:23 - [MESSAGE][PASSED] - Object: 'Object Repository/Master Data/Admin Sekolah/Tambah Kelas/Modal Tambah/Jurusan/Klik Jurusan' is clicked on

03-01-2025T11:35:23 - [TEST_STEP][FAILED] - click(findTestObject("Master Data/Admin Sekolah/Tambah Kelas/Modal Tambah/Jurusan/Pilih Jurusan"), CONTINUE_ON_FAILURE): Unable to click on object 'Object Repository/Master Data/Admin Sekolah/Tambah Kelas/Modal Tambah/Jurusan/Pilih Jurusan' (Root cause: com.kms.katalon.core.exception.StepFailedException: Unable to click on object 'Object Repository/Master Data/Admin Sekolah/Tambah Kelas/Modal Tambah/Jurusan/Pilih Jurusan'
	at com.kms.katalon.core.webui.keyword.internal.WebUIKeywordMain.stepFailed(WebUIKeywordMain.groovy:117)
	at com.kms.katalon.core.webui.keyword.internal.WebUIKeywordMain.runKeyword(WebUIKeywordMain.groovy:43)
	at com.kms.katalon.core.webui.keyword.builtin.ClickKeyword.click(ClickKeyword.groovy:75)
	at com.kms.katalon.core.webui.keyword.builtin.ClickKeyword.execute(ClickKeyword.groovy:40)
	at com.kms.katalon.core.keyword.internal.KeywordExecutor.executeKeywordForPlatform(KeywordExecutor.groovy:74)
	at com.kms.katalon.core.webui.keyword.WebUiBuiltInKeywords.click(WebUiBuiltInKeywords.groovy:684)
	at Tambah Kelas.run(Tambah Kelas:53)
	at com.kms.katalon.core.main.ScriptEngine.run(ScriptEngine.java:194)
	at com.kms.katalon.core.main.ScriptEngine.runScriptAsRawText(ScriptEngine.java:119)
	at com.kms.katalon.core.main.TestCaseExecutor.runScript(TestCaseExecutor.java:448)
	at com.kms.katalon.core.main.TestCaseExecutor.doExecute(TestCaseExecutor.java:439)
	at com.kms.katalon.core.main.TestCaseExecutor.processExecutionPhase(TestCaseExecutor.java:418)
	at com.kms.katalon.core.main.TestCaseExecutor.accessMainPhase(TestCaseExecutor.java:410)
	at com.kms.katalon.core.main.TestCaseExecutor.execute(TestCaseExecutor.java:285)
	at com.kms.katalon.core.main.TestCaseMain.runTestCase(TestCaseMain.java:133)
	at com.kms.katalon.core.keyword.builtin.CallTestCaseKeyword$_callTestCase_closure1.doCall(CallTestCaseKeyword.groovy:59)
	at com.kms.katalon.core.keyword.builtin.CallTestCaseKeyword$_callTestCase_closure1.call(CallTestCaseKeyword.groovy)
	at com.kms.katalon.core.keyword.internal.KeywordMain.runKeyword(KeywordMain.groovy:75)
	at com.kms.katalon.core.keyword.builtin.CallTestCaseKeyword.callTestCase(CallTestCaseKeyword.groovy:81)
	at com.kms.katalon.core.keyword.builtin.CallTestCaseKeyword.execute(CallTestCaseKeyword.groovy:44)
	at com.kms.katalon.core.keyword.internal.KeywordExecutor.executeKeywordForPlatform(KeywordExecutor.groovy:74)
	at com.kms.katalon.core.keyword.BuiltinKeywords.callTestCase(BuiltinKeywords.groovy:310)
	at java.base/jdk.internal.reflect.NativeMethodAccessorImpl.invoke0(Native Method)
	at java.base/jdk.internal.reflect.NativeMethodAccessorImpl.invoke(NativeMethodAccessorImpl.java:77)
	at java.base/jdk.internal.reflect.DelegatingMethodAccessorImpl.invoke(DelegatingMethodAccessorImpl.java:43)
	at Regresi Kelas.run(Regresi Kelas:26)
	at com.kms.katalon.core.main.ScriptEngine.run(ScriptEngine.java:194)
	at com.kms.katalon.core.main.ScriptEngine.runScriptAsRawText(ScriptEngine.java:119)
	at com.kms.katalon.core.main.TestCaseExecutor.runScript(TestCaseExecutor.java:448)
	at com.kms.katalon.core.main.TestCaseExecutor.doExecute(TestCaseExecutor.java:439)
	at com.kms.katalon.core.main.TestCaseExecutor.processExecutionPhase(TestCaseExecutor.java:418)
	at com.kms.katalon.core.main.TestCaseExecutor.accessMainPhase(TestCaseExecutor.java:410)
	at com.kms.katalon.core.main.TestCaseExecutor.execute(TestCaseExecutor.java:285)
	at com.kms.katalon.core.common.CommonExecutor.accessTestCaseMainPhase(CommonExecutor.java:65)
	at com.kms.katalon.core.main.TestSuiteExecutor.accessTestSuiteMainPhase(TestSuiteExecutor.java:161)
	at com.kms.katalon.core.main.TestSuiteExecutor.execute(TestSuiteExecutor.java:107)
	at com.kms.katalon.core.main.TestCaseMain.startTestSuite(TestCaseMain.java:176)
	at TempTestSuite1735878642439.run(TempTestSuite1735878642439.groovy:35)
	at java.base/jdk.internal.reflect.NativeMethodAccessorImpl.invoke0(Native Method)
	at java.base/jdk.internal.reflect.NativeMethodAccessorImpl.invoke(NativeMethodAccessorImpl.java:77)
	at java.base/jdk.internal.reflect.DelegatingMethodAccessorImpl.invoke(DelegatingMethodAccessorImpl.java:43)
Caused by: com.kms.katalon.core.webui.exception.WebElementNotFoundException: Web element with id: 'Object Repository/Master Data/Admin Sekolah/Tambah Kelas/Modal Tambah/Jurusan/Pilih Jurusan' located by '//*[@data-testid = 'paragraph' and (text() = 'olahraga' or . = 'olahraga')]' not found
	at com.kms.katalon.core.webui.common.WebUiCommonHelper.findWebElement(WebUiCommonHelper.java:1426)
	at com.kms.katalon.core.webui.keyword.internal.WebUIAbstractKeyword.findWebElement(WebUIAbstractKeyword.groovy:27)
	at com.kms.katalon.core.webui.keyword.builtin.ClickKeyword$_click_closure1.doCall(ClickKeyword.groovy:66)
	at com.kms.katalon.core.webui.keyword.builtin.ClickKeyword$_click_closure1.call(ClickKeyword.groovy)
	at com.kms.katalon.core.webui.keyword.internal.WebUIKeywordMain.runKeyword(WebUIKeywordMain.groovy:35)
	at com.kms.katalon.core.webui.keyword.builtin.ClickKeyword.click(ClickKeyword.groovy:75)
	at com.kms.katalon.core.webui.keyword.builtin.ClickKeyword.execute(ClickKeyword.groovy:40)
	at com.kms.katalon.core.keyword.internal.KeywordExecutor.executeKeywordForPlatform(KeywordExecutor.groovy:74)
	at com.kms.katalon.core.webui.keyword.WebUiBuiltInKeywords.click(WebUiBuiltInKeywords.groovy:684)
	at Script1731464206565.run(Script1731464206565.groovy:53)
	at com.kms.katalon.core.main.ScriptEngine.run(ScriptEngine.java:194)
	at com.kms.katalon.core.main.ScriptEngine.runScriptAsRawText(ScriptEngine.java:119)
	at com.kms.katalon.core.main.TestCaseExecutor.runScript(TestCaseExecutor.java:448)
	at com.kms.katalon.core.main.TestCaseExecutor.doExecute(TestCaseExecutor.java:439)
	at com.kms.katalon.core.main.TestCaseExecutor.processExecutionPhase(TestCaseExecutor.java:418)
	at com.kms.katalon.core.main.TestCaseExecutor.accessMainPhase(TestCaseExecutor.java:410)
	at com.kms.katalon.core.main.TestCaseExecutor.execute(TestCaseExecutor.java:285)
	at com.kms.katalon.core.main.TestCaseMain.runTestCase(TestCaseMain.java:133)
	at com.kms.katalon.core.keyword.builtin.CallTestCaseKeyword$_callTestCase_closure1.doCall(CallTestCaseKeyword.groovy:59)
	at com.kms.katalon.core.keyword.builtin.CallTestCaseKeyword$_callTestCase_closure1.call(CallTestCaseKeyword.groovy)
	at com.kms.katalon.core.keyword.internal.KeywordMain.runKeyword(KeywordMain.groovy:75)
	at com.kms.katalon.core.keyword.builtin.CallTestCaseKeyword.callTestCase(CallTestCaseKeyword.groovy:81)
	at com.kms.katalon.core.keyword.builtin.CallTestCaseKeyword.execute(CallTestCaseKeyword.groovy:44)
	at com.kms.katalon.core.keyword.internal.KeywordExecutor.executeKeywordForPlatform(KeywordExecutor.groovy:74)
	at com.kms.katalon.core.keyword.BuiltinKeywords.callTestCase(BuiltinKeywords.groovy:310)
	at java.base/jdk.internal.reflect.NativeMethodAccessorImpl.invoke0(Native Method)
	at java.base/jdk.internal.reflect.NativeMethodAccessorImpl.invoke(NativeMethodAccessorImpl.java:77)
	at java.base/jdk.internal.reflect.DelegatingMethodAccessorImpl.invoke(DelegatingMethodAccessorImpl.java:43)
	at Script1735746406961.run(Script1735746406961.groovy:26)
	... 15 more
)

03-01-2025T11:35:54 - [MESSAGE][INFO] - Unable to find the element located by 'By.xpath: //*[@data-testid = 'paragraph' and (text() = 'olahraga' or . = 'olahraga')]'. Please recheck the objects properties to make sure the desired element is located. 

03-01-2025T11:35:54 - [MESSAGE][WARNING] - [SELF-HEALING] Failed to find element with id 'Object Repository/Master Data/Admin Sekolah/Tambah Kelas/Modal Tambah/Jurusan/Pilih Jurusan'. Try using Self-healing.

03-01-2025T11:35:54 - [MESSAGE][WARNING] - [SELF-HEALING] Cannot find elements when the XPath is null.

03-01-2025T11:35:55 - [MESSAGE][WARNING] - [SELF-HEALING] Cannot find elements when the selector is null

03-01-2025T11:35:55 - [MESSAGE][FAILED] - Unable to click on object 'Object Repository/Master Data/Admin Sekolah/Tambah Kelas/Modal Tambah/Jurusan/Pilih Jurusan' (Root cause: com.kms.katalon.core.exception.StepFailedException: Unable to click on object 'Object Repository/Master Data/Admin Sekolah/Tambah Kelas/Modal Tambah/Jurusan/Pilih Jurusan'
	at com.kms.katalon.core.webui.keyword.internal.WebUIKeywordMain.stepFailed(WebUIKeywordMain.groovy:117)
	at com.kms.katalon.core.webui.keyword.internal.WebUIKeywordMain.runKeyword(WebUIKeywordMain.groovy:43)
	at com.kms.katalon.core.webui.keyword.builtin.ClickKeyword.click(ClickKeyword.groovy:75)
	at com.kms.katalon.core.webui.keyword.builtin.ClickKeyword.execute(ClickKeyword.groovy:40)
	at com.kms.katalon.core.keyword.internal.KeywordExecutor.executeKeywordForPlatform(KeywordExecutor.groovy:74)
	at com.kms.katalon.core.webui.keyword.WebUiBuiltInKeywords.click(WebUiBuiltInKeywords.groovy:684)
	at Tambah Kelas.run(Tambah Kelas:53)
	at com.kms.katalon.core.main.ScriptEngine.run(ScriptEngine.java:194)
	at com.kms.katalon.core.main.ScriptEngine.runScriptAsRawText(ScriptEngine.java:119)
	at com.kms.katalon.core.main.TestCaseExecutor.runScript(TestCaseExecutor.java:448)
	at com.kms.katalon.core.main.TestCaseExecutor.doExecute(TestCaseExecutor.java:439)
	at com.kms.katalon.core.main.TestCaseExecutor.processExecutionPhase(TestCaseExecutor.java:418)
	at com.kms.katalon.core.main.TestCaseExecutor.accessMainPhase(TestCaseExecutor.java:410)
	at com.kms.katalon.core.main.TestCaseExecutor.execute(TestCaseExecutor.java:285)
	at com.kms.katalon.core.main.TestCaseMain.runTestCase(TestCaseMain.java:133)
	at com.kms.katalon.core.keyword.builtin.CallTestCaseKeyword$_callTestCase_closure1.doCall(CallTestCaseKeyword.groovy:59)
	at com.kms.katalon.core.keyword.builtin.CallTestCaseKeyword$_callTestCase_closure1.call(CallTestCaseKeyword.groovy)
	at com.kms.katalon.core.keyword.internal.KeywordMain.runKeyword(KeywordMain.groovy:75)
	at com.kms.katalon.core.keyword.builtin.CallTestCaseKeyword.callTestCase(CallTestCaseKeyword.groovy:81)
	at com.kms.katalon.core.keyword.builtin.CallTestCaseKeyword.execute(CallTestCaseKeyword.groovy:44)
	at com.kms.katalon.core.keyword.internal.KeywordExecutor.executeKeywordForPlatform(KeywordExecutor.groovy:74)
	at com.kms.katalon.core.keyword.BuiltinKeywords.callTestCase(BuiltinKeywords.groovy:310)
	at java.base/jdk.internal.reflect.NativeMethodAccessorImpl.invoke0(Native Method)
	at java.base/jdk.internal.reflect.NativeMethodAccessorImpl.invoke(NativeMethodAccessorImpl.java:77)
	at java.base/jdk.internal.reflect.DelegatingMethodAccessorImpl.invoke(DelegatingMethodAccessorImpl.java:43)
	at Regresi Kelas.run(Regresi Kelas:26)
	at com.kms.katalon.core.main.ScriptEngine.run(ScriptEngine.java:194)
	at com.kms.katalon.core.main.ScriptEngine.runScriptAsRawText(ScriptEngine.java:119)
	at com.kms.katalon.core.main.TestCaseExecutor.runScript(TestCaseExecutor.java:448)
	at com.kms.katalon.core.main.TestCaseExecutor.doExecute(TestCaseExecutor.java:439)
	at com.kms.katalon.core.main.TestCaseExecutor.processExecutionPhase(TestCaseExecutor.java:418)
	at com.kms.katalon.core.main.TestCaseExecutor.accessMainPhase(TestCaseExecutor.java:410)
	at com.kms.katalon.core.main.TestCaseExecutor.execute(TestCaseExecutor.java:285)
	at com.kms.katalon.core.common.CommonExecutor.accessTestCaseMainPhase(CommonExecutor.java:65)
	at com.kms.katalon.core.main.TestSuiteExecutor.accessTestSuiteMainPhase(TestSuiteExecutor.java:161)
	at com.kms.katalon.core.main.TestSuiteExecutor.execute(TestSuiteExecutor.java:107)
	at com.kms.katalon.core.main.TestCaseMain.startTestSuite(TestCaseMain.java:176)
	at TempTestSuite1735878642439.run(TempTestSuite1735878642439.groovy:35)
	at java.base/jdk.internal.reflect.NativeMethodAccessorImpl.invoke0(Native Method)
	at java.base/jdk.internal.reflect.NativeMethodAccessorImpl.invoke(NativeMethodAccessorImpl.java:77)
	at java.base/jdk.internal.reflect.DelegatingMethodAccessorImpl.invoke(DelegatingMethodAccessorImpl.java:43)
Caused by: com.kms.katalon.core.webui.exception.WebElementNotFoundException: Web element with id: 'Object Repository/Master Data/Admin Sekolah/Tambah Kelas/Modal Tambah/Jurusan/Pilih Jurusan' located by '//*[@data-testid = 'paragraph' and (text() = 'olahraga' or . = 'olahraga')]' not found
	at com.kms.katalon.core.webui.common.WebUiCommonHelper.findWebElement(WebUiCommonHelper.java:1426)
	at com.kms.katalon.core.webui.keyword.internal.WebUIAbstractKeyword.findWebElement(WebUIAbstractKeyword.groovy:27)
	at com.kms.katalon.core.webui.keyword.builtin.ClickKeyword$_click_closure1.doCall(ClickKeyword.groovy:66)
	at com.kms.katalon.core.webui.keyword.builtin.ClickKeyword$_click_closure1.call(ClickKeyword.groovy)
	at com.kms.katalon.core.webui.keyword.internal.WebUIKeywordMain.runKeyword(WebUIKeywordMain.groovy:35)
	at com.kms.katalon.core.webui.keyword.builtin.ClickKeyword.click(ClickKeyword.groovy:75)
	at com.kms.katalon.core.webui.keyword.builtin.ClickKeyword.execute(ClickKeyword.groovy:40)
	at com.kms.katalon.core.keyword.internal.KeywordExecutor.executeKeywordForPlatform(KeywordExecutor.groovy:74)
	at com.kms.katalon.core.webui.keyword.WebUiBuiltInKeywords.click(WebUiBuiltInKeywords.groovy:684)
	at Script1731464206565.run(Script1731464206565.groovy:53)
	at com.kms.katalon.core.main.ScriptEngine.run(ScriptEngine.java:194)
	at com.kms.katalon.core.main.ScriptEngine.runScriptAsRawText(ScriptEngine.java:119)
	at com.kms.katalon.core.main.TestCaseExecutor.runScript(TestCaseExecutor.java:448)
	at com.kms.katalon.core.main.TestCaseExecutor.doExecute(TestCaseExecutor.java:439)
	at com.kms.katalon.core.main.TestCaseExecutor.processExecutionPhase(TestCaseExecutor.java:418)
	at com.kms.katalon.core.main.TestCaseExecutor.accessMainPhase(TestCaseExecutor.java:410)
	at com.kms.katalon.core.main.TestCaseExecutor.execute(TestCaseExecutor.java:285)
	at com.kms.katalon.core.main.TestCaseMain.runTestCase(TestCaseMain.java:133)
	at com.kms.katalon.core.keyword.builtin.CallTestCaseKeyword$_callTestCase_closure1.doCall(CallTestCaseKeyword.groovy:59)
	at com.kms.katalon.core.keyword.builtin.CallTestCaseKeyword$_callTestCase_closure1.call(CallTestCaseKeyword.groovy)
	at com.kms.katalon.core.keyword.internal.KeywordMain.runKeyword(KeywordMain.groovy:75)
	at com.kms.katalon.core.keyword.builtin.CallTestCaseKeyword.callTestCase(CallTestCaseKeyword.groovy:81)
	at com.kms.katalon.core.keyword.builtin.CallTestCaseKeyword.execute(CallTestCaseKeyword.groovy:44)
	at com.kms.katalon.core.keyword.internal.KeywordExecutor.executeKeywordForPlatform(KeywordExecutor.groovy:74)
	at com.kms.katalon.core.keyword.BuiltinKeywords.callTestCase(BuiltinKeywords.groovy:310)
	at java.base/jdk.internal.reflect.NativeMethodAccessorImpl.invoke0(Native Method)
	at java.base/jdk.internal.reflect.NativeMethodAccessorImpl.invoke(NativeMethodAccessorImpl.java:77)
	at java.base/jdk.internal.reflect.DelegatingMethodAccessorImpl.invoke(DelegatingMethodAccessorImpl.java:43)
	at Script1735746406961.run(Script1735746406961.groovy:26)
	... 15 more
)
[[ATTACHMENT|C:\\Users\\henri\\Videos\\school-payment-automation-testing\\Reports\\20250103_113042\\SPRINT 1\\20250103_113042\\1735878955891.png]]

03-01-2025T11:35:55 - [TEST_STEP][PASSED] - click(findTestObject("Master Data/Admin Sekolah/Tambah Kelas/Modal Tambah/Tambahkan/Tambah Data"), CONTINUE_ON_FAILURE): Object: 'Object Repository/Master Data/Admin Sekolah/Tambah Kelas/Modal Tambah/Tambahkan/Tambah Data' is clicked on

03-01-2025T11:35:56 - [MESSAGE][PASSED] - Object: 'Object Repository/Master Data/Admin Sekolah/Tambah Kelas/Modal Tambah/Tambahkan/Tambah Data' is clicked on

03-01-2025T11:35:56 - [TEST_STEP][PASSED] - closeBrowser(CONTINUE_ON_FAILURE): Browser is closed

03-01-2025T11:35:56 - [MESSAGE][PASSED] - Browser is closed

03-01-2025T11:35:56 - [MESSAGE][FAILED] - Unable to call Test Case 'Test Cases/Master Data/Admin Sekolah/Master Data Kelas/Tambah Kelas' (Root cause: com.kms.katalon.core.exception.StepFailedException: Call Test Case 'Test Cases/Master Data/Admin Sekolah/Master Data Kelas/Tambah Kelas' failed
	at com.kms.katalon.core.keyword.builtin.CallTestCaseKeyword$_callTestCase_closure1.doCall(CallTestCaseKeyword.groovy:63)
	at com.kms.katalon.core.keyword.builtin.CallTestCaseKeyword$_callTestCase_closure1.call(CallTestCaseKeyword.groovy)
	at com.kms.katalon.core.keyword.internal.KeywordMain.runKeyword(KeywordMain.groovy:75)
	at com.kms.katalon.core.keyword.builtin.CallTestCaseKeyword.callTestCase(CallTestCaseKeyword.groovy:81)
	at com.kms.katalon.core.keyword.builtin.CallTestCaseKeyword.execute(CallTestCaseKeyword.groovy:44)
	at com.kms.katalon.core.keyword.internal.KeywordExecutor.executeKeywordForPlatform(KeywordExecutor.groovy:74)
	at com.kms.katalon.core.keyword.BuiltinKeywords.callTestCase(BuiltinKeywords.groovy:310)
	at java.base/jdk.internal.reflect.NativeMethodAccessorImpl.invoke0(Native Method)
	at java.base/jdk.internal.reflect.NativeMethodAccessorImpl.invoke(NativeMethodAccessorImpl.java:77)
	at java.base/jdk.internal.reflect.DelegatingMethodAccessorImpl.invoke(DelegatingMethodAccessorImpl.java:43)
	at Regresi Kelas.run(Regresi Kelas:26)
	at com.kms.katalon.core.main.ScriptEngine.run(ScriptEngine.java:194)
	at com.kms.katalon.core.main.ScriptEngine.runScriptAsRawText(ScriptEngine.java:119)
	at com.kms.katalon.core.main.TestCaseExecutor.runScript(TestCaseExecutor.java:448)
	at com.kms.katalon.core.main.TestCaseExecutor.doExecute(TestCaseExecutor.java:439)
	at com.kms.katalon.core.main.TestCaseExecutor.processExecutionPhase(TestCaseExecutor.java:418)
	at com.kms.katalon.core.main.TestCaseExecutor.accessMainPhase(TestCaseExecutor.java:410)
	at com.kms.katalon.core.main.TestCaseExecutor.execute(TestCaseExecutor.java:285)
	at com.kms.katalon.core.common.CommonExecutor.accessTestCaseMainPhase(CommonExecutor.java:65)
	at com.kms.katalon.core.main.TestSuiteExecutor.accessTestSuiteMainPhase(TestSuiteExecutor.java:161)
	at com.kms.katalon.core.main.TestSuiteExecutor.execute(TestSuiteExecutor.java:107)
	at com.kms.katalon.core.main.TestCaseMain.startTestSuite(TestCaseMain.java:176)
	at TempTestSuite1735878642439.run(TempTestSuite1735878642439.groovy:35)
	at java.base/jdk.internal.reflect.NativeMethodAccessorImpl.invoke0(Native Method)
	at java.base/jdk.internal.reflect.NativeMethodAccessorImpl.invoke(NativeMethodAccessorImpl.java:77)
	at java.base/jdk.internal.reflect.DelegatingMethodAccessorImpl.invoke(DelegatingMethodAccessorImpl.java:43)
Caused by: com.kms.katalon.core.exception.StepFailedException: Unable to click on object 'Object Repository/Master Data/Admin Sekolah/Tambah Kelas/Modal Tambah/Prefix/Pilih Prefix' (Root cause: com.kms.katalon.core.exception.StepFailedException: Unable to click on object 'Object Repository/Master Data/Admin Sekolah/Tambah Kelas/Modal Tambah/Prefix/Pilih Prefix'
	at com.kms.katalon.core.webui.keyword.internal.WebUIKeywordMain.stepFailed(WebUIKeywordMain.groovy:117)
	at com.kms.katalon.core.webui.keyword.internal.WebUIKeywordMain.runKeyword(WebUIKeywordMain.groovy:43)
	at com.kms.katalon.core.webui.keyword.builtin.ClickKeyword.click(ClickKeyword.groovy:75)
	at com.kms.katalon.core.webui.keyword.builtin.ClickKeyword.execute(ClickKeyword.groovy:40)
	at com.kms.katalon.core.keyword.internal.KeywordExecutor.executeKeywordForPlatform(KeywordExecutor.groovy:74)
	at com.kms.katalon.core.webui.keyword.WebUiBuiltInKeywords.click(WebUiBuiltInKeywords.groovy:684)
	at Tambah Kelas.run(Tambah Kelas:46)
	at com.kms.katalon.core.main.ScriptEngine.run(ScriptEngine.java:194)
	at com.kms.katalon.core.main.ScriptEngine.runScriptAsRawText(ScriptEngine.java:119)
	at com.kms.katalon.core.main.TestCaseExecutor.runScript(TestCaseExecutor.java:448)
	at com.kms.katalon.core.main.TestCaseExecutor.doExecute(TestCaseExecutor.java:439)
	at com.kms.katalon.core.main.TestCaseExecutor.processExecutionPhase(TestCaseExecutor.java:418)
	at com.kms.katalon.core.main.TestCaseExecutor.accessMainPhase(TestCaseExecutor.java:410)
	at com.kms.katalon.core.main.TestCaseExecutor.execute(TestCaseExecutor.java:285)
	at com.kms.katalon.core.main.TestCaseMain.runTestCase(TestCaseMain.java:133)
	at com.kms.katalon.core.keyword.builtin.CallTestCaseKeyword$_callTestCase_closure1.doCall(CallTestCaseKeyword.groovy:59)
	at com.kms.katalon.core.keyword.builtin.CallTestCaseKeyword$_callTestCase_closure1.call(CallTestCaseKeyword.groovy)
	at com.kms.katalon.core.keyword.internal.KeywordMain.runKeyword(KeywordMain.groovy:75)
	at com.kms.katalon.core.keyword.builtin.CallTestCaseKeyword.callTestCase(CallTestCaseKeyword.groovy:81)
	at com.kms.katalon.core.keyword.builtin.CallTestCaseKeyword.execute(CallTestCaseKeyword.groovy:44)
	at com.kms.katalon.core.keyword.internal.KeywordExecutor.executeKeywordForPlatform(KeywordExecutor.groovy:74)
	at com.kms.katalon.core.keyword.BuiltinKeywords.callTestCase(BuiltinKeywords.groovy:310)
	at java.base/jdk.internal.reflect.NativeMethodAccessorImpl.invoke0(Native Method)
	at java.base/jdk.internal.reflect.NativeMethodAccessorImpl.invoke(NativeMethodAccessorImpl.java:77)
	at java.base/jdk.internal.reflect.DelegatingMethodAccessorImpl.invoke(DelegatingMethodAccessorImpl.java:43)
	at Regresi Kelas.run(Regresi Kelas:26)
	at com.kms.katalon.core.main.ScriptEngine.run(ScriptEngine.java:194)
	at com.kms.katalon.core.main.ScriptEngine.runScriptAsRawText(ScriptEngine.java:119)
	at com.kms.katalon.core.main.TestCaseExecutor.runScript(TestCaseExecutor.java:448)
	at com.kms.katalon.core.main.TestCaseExecutor.doExecute(TestCaseExecutor.java:439)
	at com.kms.katalon.core.main.TestCaseExecutor.processExecutionPhase(TestCaseExecutor.java:418)
	at com.kms.katalon.core.main.TestCaseExecutor.accessMainPhase(TestCaseExecutor.java:410)
	at com.kms.katalon.core.main.TestCaseExecutor.execute(TestCaseExecutor.java:285)
	at com.kms.katalon.core.common.CommonExecutor.accessTestCaseMainPhase(CommonExecutor.java:65)
	at com.kms.katalon.core.main.TestSuiteExecutor.accessTestSuiteMainPhase(TestSuiteExecutor.java:161)
	at com.kms.katalon.core.main.TestSuiteExecutor.execute(TestSuiteExecutor.java:107)
	at com.kms.katalon.core.main.TestCaseMain.startTestSuite(TestCaseMain.java:176)
	at TempTestSuite1735878642439.run(TempTestSuite1735878642439.groovy:35)
	at java.base/jdk.internal.reflect.NativeMethodAccessorImpl.invoke0(Native Method)
	at java.base/jdk.internal.reflect.NativeMethodAccessorImpl.invoke(NativeMethodAccessorImpl.java:77)
	at java.base/jdk.internal.reflect.DelegatingMethodAccessorImpl.invoke(DelegatingMethodAccessorImpl.java:43)
Caused by: com.kms.katalon.core.webui.exception.WebElementNotFoundException: Web element with id: 'Object Repository/Master Data/Admin Sekolah/Tambah Kelas/Modal Tambah/Prefix/Pilih Prefix' located by '//*[@data-testid = 'paragraph' and (text() = 'RETEST' or . = 'RETEST')]' not found
	at com.kms.katalon.core.webui.common.WebUiCommonHelper.findWebElement(WebUiCommonHelper.java:1426)
	at com.kms.katalon.core.webui.keyword.internal.WebUIAbstractKeyword.findWebElement(WebUIAbstractKeyword.groovy:27)
	at com.kms.katalon.core.webui.keyword.builtin.ClickKeyword$_click_closure1.doCall(ClickKeyword.groovy:66)
	at com.kms.katalon.core.webui.keyword.builtin.ClickKeyword$_click_closure1.call(ClickKeyword.groovy)
	at com.kms.katalon.core.webui.keyword.internal.WebUIKeywordMain.runKeyword(WebUIKeywordMain.groovy:35)
	at com.kms.katalon.core.webui.keyword.builtin.ClickKeyword.click(ClickKeyword.groovy:75)
	at com.kms.katalon.core.webui.keyword.builtin.ClickKeyword.execute(ClickKeyword.groovy:40)
	at com.kms.katalon.core.keyword.internal.KeywordExecutor.executeKeywordForPlatform(KeywordExecutor.groovy:74)
	at com.kms.katalon.core.webui.keyword.WebUiBuiltInKeywords.click(WebUiBuiltInKeywords.groovy:684)
	at Script1731464206565.run(Script1731464206565.groovy:46)
	at com.kms.katalon.core.main.ScriptEngine.run(ScriptEngine.java:194)
	at com.kms.katalon.core.main.ScriptEngine.runScriptAsRawText(ScriptEngine.java:119)
	at com.kms.katalon.core.main.TestCaseExecutor.runScript(TestCaseExecutor.java:448)
	at com.kms.katalon.core.main.TestCaseExecutor.doExecute(TestCaseExecutor.java:439)
	at com.kms.katalon.core.main.TestCaseExecutor.processExecutionPhase(TestCaseExecutor.java:418)
	at com.kms.katalon.core.main.TestCaseExecutor.accessMainPhase(TestCaseExecutor.java:410)
	at com.kms.katalon.core.main.TestCaseExecutor.execute(TestCaseExecutor.java:285)
	at com.kms.katalon.core.main.TestCaseMain.runTestCase(TestCaseMain.java:133)
	at com.kms.katalon.core.keyword.builtin.CallTestCaseKeyword$_callTestCase_closure1.doCall(CallTestCaseKeyword.groovy:59)
	at com.kms.katalon.core.keyword.builtin.CallTestCaseKeyword$_callTestCase_closure1.call(CallTestCaseKeyword.groovy)
	at com.kms.katalon.core.keyword.internal.KeywordMain.runKeyword(KeywordMain.groovy:75)
	at com.kms.katalon.core.keyword.builtin.CallTestCaseKeyword.callTestCase(CallTestCaseKeyword.groovy:81)
	at com.kms.katalon.core.keyword.builtin.CallTestCaseKeyword.execute(CallTestCaseKeyword.groovy:44)
	at com.kms.katalon.core.keyword.internal.KeywordExecutor.executeKeywordForPlatform(KeywordExecutor.groovy:74)
	at com.kms.katalon.core.keyword.BuiltinKeywords.callTestCase(BuiltinKeywords.groovy:310)
	at java.base/jdk.internal.reflect.NativeMethodAccessorImpl.invoke0(Native Method)
	at java.base/jdk.internal.reflect.NativeMethodAccessorImpl.invoke(NativeMethodAccessorImpl.java:77)
	at java.base/jdk.internal.reflect.DelegatingMethodAccessorImpl.invoke(DelegatingMethodAccessorImpl.java:43)
	at Script1735746406961.run(Script1735746406961.groovy:26)
	... 15 more
)
	at com.kms.katalon.core.keyword.internal.KeywordMain.stepFailed(KeywordMain.groovy:39)
	at com.kms.katalon.core.webui.keyword.internal.WebUIKeywordMain.stepFailed(WebUIKeywordMain.groovy:117)
	at com.kms.katalon.core.webui.keyword.internal.WebUIKeywordMain.runKeyword(WebUIKeywordMain.groovy:43)
	at com.kms.katalon.core.webui.keyword.builtin.ClickKeyword.click(ClickKeyword.groovy:75)
	at com.kms.katalon.core.webui.keyword.builtin.ClickKeyword.execute(ClickKeyword.groovy:40)
	at com.kms.katalon.core.keyword.internal.KeywordExecutor.executeKeywordForPlatform(KeywordExecutor.groovy:74)
	at com.kms.katalon.core.webui.keyword.WebUiBuiltInKeywords.click(WebUiBuiltInKeywords.groovy:684)
	at Tambah Kelas.run(Tambah Kelas:46)
	at com.kms.katalon.core.main.ScriptEngine.run(ScriptEngine.java:194)
	at com.kms.katalon.core.main.ScriptEngine.runScriptAsRawText(ScriptEngine.java:119)
	at com.kms.katalon.core.main.TestCaseExecutor.runScript(TestCaseExecutor.java:448)
	at com.kms.katalon.core.main.TestCaseExecutor.doExecute(TestCaseExecutor.java:439)
	at com.kms.katalon.core.main.TestCaseExecutor.processExecutionPhase(TestCaseExecutor.java:418)
	at com.kms.katalon.core.main.TestCaseExecutor.accessMainPhase(TestCaseExecutor.java:410)
	at com.kms.katalon.core.main.TestCaseExecutor.execute(TestCaseExecutor.java:285)
	at com.kms.katalon.core.main.TestCaseMain.runTestCase(TestCaseMain.java:133)
	at com.kms.katalon.core.keyword.builtin.CallTestCaseKeyword$_callTestCase_closure1.doCall(CallTestCaseKeyword.groovy:59)
	... 25 more
Caused by: com.kms.katalon.core.exception.StepFailedException: Unable to click on object 'Object Repository/Master Data/Admin Sekolah/Tambah Kelas/Modal Tambah/Prefix/Pilih Prefix'
	... 41 more
Caused by: com.kms.katalon.core.webui.exception.WebElementNotFoundException: Web element with id: 'Object Repository/Master Data/Admin Sekolah/Tambah Kelas/Modal Tambah/Prefix/Pilih Prefix' located by '//*[@data-testid = 'paragraph' and (text() = 'RETEST' or . = 'RETEST')]' not found
	at com.kms.katalon.core.webui.common.WebUiCommonHelper.findWebElement(WebUiCommonHelper.java:1426)
	at com.kms.katalon.core.webui.keyword.internal.WebUIAbstractKeyword.findWebElement(WebUIAbstractKeyword.groovy:27)
	at com.kms.katalon.core.webui.keyword.builtin.ClickKeyword$_click_closure1.doCall(ClickKeyword.groovy:66)
	at com.kms.katalon.core.webui.keyword.builtin.ClickKeyword$_click_closure1.call(ClickKeyword.groovy)
	at com.kms.katalon.core.webui.keyword.internal.WebUIKeywordMain.runKeyword(WebUIKeywordMain.groovy:35)
	... 39 more
)

03-01-2025T11:35:56 - [TEST_STEP][PASSED] - println("============================= Loop Again ==============================="): null

03-01-2025T11:35:56 - [TEST_STEP][PASSED] - callTestCase(findTestCase("Test Cases/Master Data/Admin Sekolah/Master Data Kelas/Edit Kelas"), [:], CONTINUE_ON_FAILURE): Call Test Case 'Test Cases/Master Data/Admin Sekolah/Master Data Kelas/Edit Kelas' successfully

03-01-2025T11:35:56 - [TEST_CASE][PASSED] - Test Cases/Master Data/Admin Sekolah/Master Data Kelas/Edit Kelas: Test Cases/Master Data/Admin Sekolah/Master Data Kelas/Edit Kelas

03-01-2025T11:35:56 - [TEST_STEP][PASSED] - openBrowser("", CONTINUE_ON_FAILURE): Browser is opened with url: ''

03-01-2025T11:35:56 - [MESSAGE][INFO] - Starting 'Chrome' driver

03-01-2025T11:35:56 - [MESSAGE][INFO] - Action delay is set to 0 milliseconds

03-01-2025T11:35:57 - [MESSAGE][PASSED] - Browser is opened with url: ''

03-01-2025T11:35:57 - [TEST_STEP][PASSED] - navigateToUrl("https://sit.siprusedu.com/login", CONTINUE_ON_FAILURE): Navigate to 'https://sit.siprusedu.com/login' successfully

03-01-2025T11:35:57 - [MESSAGE][PASSED] - Navigate to 'https://sit.siprusedu.com/login' successfully

03-01-2025T11:35:57 - [TEST_STEP][PASSED] - click(findTestObject("Master Data/Admin Sekolah/Login/Field Email"), CONTINUE_ON_FAILURE): Object: 'Object Repository/Master Data/Admin Sekolah/Login/Field Email' is clicked on

03-01-2025T11:35:59 - [MESSAGE][PASSED] - Object: 'Object Repository/Master Data/Admin Sekolah/Login/Field Email' is clicked on

03-01-2025T11:35:59 - [TEST_STEP][PASSED] - setText(findTestObject("Master Data/Admin Sekolah/Login/Field Email"), "admin.gudangsolusi@digiform.co.id", CONTINUE_ON_FAILURE): Text 'admin.gudangsolusi@digiform.co.id' is set on object 'Object Repository/Master Data/Admin Sekolah/Login/Field Email'

03-01-2025T11:35:59 - [MESSAGE][PASSED] - Text 'admin.gudangsolusi@digiform.co.id' is set on object 'Object Repository/Master Data/Admin Sekolah/Login/Field Email'

03-01-2025T11:35:59 - [TEST_STEP][PASSED] - click(findTestObject("Master Data/Admin Sekolah/Login/Input Password"), CONTINUE_ON_FAILURE): Object: 'Object Repository/Master Data/Admin Sekolah/Login/Input Password' is clicked on

03-01-2025T11:36:00 - [MESSAGE][PASSED] - Object: 'Object Repository/Master Data/Admin Sekolah/Login/Input Password' is clicked on

03-01-2025T11:36:00 - [TEST_STEP][PASSED] - setText(findTestObject("Master Data/Admin Sekolah/Login/Input Password"), "Test1234", CONTINUE_ON_FAILURE): Text 'Test1234' is set on object 'Object Repository/Master Data/Admin Sekolah/Login/Input Password'

03-01-2025T11:36:00 - [MESSAGE][PASSED] - Text 'Test1234' is set on object 'Object Repository/Master Data/Admin Sekolah/Login/Input Password'

03-01-2025T11:36:00 - [TEST_STEP][PASSED] - click(findTestObject("Master Data/Admin Sekolah/Login/Button Submit"), CONTINUE_ON_FAILURE): Object: 'Object Repository/Master Data/Admin Sekolah/Login/Button Submit' is clicked on

03-01-2025T11:36:01 - [MESSAGE][PASSED] - Object: 'Object Repository/Master Data/Admin Sekolah/Login/Button Submit' is clicked on

03-01-2025T11:36:01 - [TEST_STEP][PASSED] - click(findTestObject("Master Data/Admin Sekolah/HomePageMenu/Sidebar Menu"), CONTINUE_ON_FAILURE): Object: 'Object Repository/Master Data/Admin Sekolah/HomePageMenu/Sidebar Menu' is clicked on

03-01-2025T11:36:03 - [MESSAGE][PASSED] - Object: 'Object Repository/Master Data/Admin Sekolah/HomePageMenu/Sidebar Menu' is clicked on

03-01-2025T11:36:03 - [TEST_STEP][PASSED] - click(findTestObject("Master Data/Admin Sekolah/HomePageMenu/Sub Menu Kelas"), CONTINUE_ON_FAILURE): Object: 'Object Repository/Master Data/Admin Sekolah/HomePageMenu/Sub Menu Kelas' is clicked on

03-01-2025T11:36:03 - [MESSAGE][PASSED] - Object: 'Object Repository/Master Data/Admin Sekolah/HomePageMenu/Sub Menu Kelas' is clicked on

03-01-2025T11:36:03 - [TEST_STEP][PASSED] - click(findTestObject("Master Data/Admin Sekolah/Edit Kelas/Edit Kelas"), CONTINUE_ON_FAILURE): Object: 'Object Repository/Master Data/Admin Sekolah/Edit Kelas/Edit Kelas' is clicked on

03-01-2025T11:36:04 - [MESSAGE][PASSED] - Object: 'Object Repository/Master Data/Admin Sekolah/Edit Kelas/Edit Kelas' is clicked on

03-01-2025T11:36:04 - [TEST_STEP][PASSED] - click(findTestObject("Master Data/Admin Sekolah/Edit Kelas/Modal Edit/Unit/Pilih Unit"), CONTINUE_ON_FAILURE): Object: 'Object Repository/Master Data/Admin Sekolah/Edit Kelas/Modal Edit/Unit/Pilih Unit' is clicked on

03-01-2025T11:36:05 - [MESSAGE][PASSED] - Object: 'Object Repository/Master Data/Admin Sekolah/Edit Kelas/Modal Edit/Unit/Pilih Unit' is clicked on

03-01-2025T11:36:05 - [TEST_STEP][PASSED] - click(findTestObject("Master Data/Admin Sekolah/Edit Kelas/Modal Edit/Unit/Klik Unit"), CONTINUE_ON_FAILURE): Object: 'Object Repository/Master Data/Admin Sekolah/Edit Kelas/Modal Edit/Unit/Klik Unit' is clicked on

03-01-2025T11:36:05 - [MESSAGE][PASSED] - Object: 'Object Repository/Master Data/Admin Sekolah/Edit Kelas/Modal Edit/Unit/Klik Unit' is clicked on

03-01-2025T11:36:05 - [TEST_STEP][PASSED] - click(findTestObject("Master Data/Admin Sekolah/Edit Kelas/Modal Edit/Suffix/Edit Suffix")): Object: 'Object Repository/Master Data/Admin Sekolah/Edit Kelas/Modal Edit/Suffix/Edit Suffix' is clicked on

03-01-2025T11:36:05 - [MESSAGE][PASSED] - Object: 'Object Repository/Master Data/Admin Sekolah/Edit Kelas/Modal Edit/Suffix/Edit Suffix' is clicked on

03-01-2025T11:36:05 - [TEST_STEP][PASSED] - suffixArray = ["Laravel Beginner Course", "Laravel Advanced Guide", "PHP Crash Course", "Mastering Laravel with PHP", "Laravel for Beginners", "Full Stack PHP Development", "Backend Laravel Pro", "Laravel 4 With PHP", "PHP Framework Essentials", "Laravel API Development"]: null

03-01-2025T11:36:05 - [TEST_STEP][PASSED] - randomSuffix = suffixArray[Random().nextInt(length)]: null

03-01-2025T11:36:05 - [TEST_STEP][PASSED] - sendKeys(findTestObject("Master Data/Admin Sekolah/Edit Kelas/Modal Edit/Suffix/Edit Suffix"), Keys.chord(CONTROL, "a"), CONTINUE_ON_FAILURE): Keys 'CONTROL + a' sent to object: 'Object Repository/Master Data/Admin Sekolah/Edit Kelas/Modal Edit/Suffix/Edit Suffix'

03-01-2025T11:36:06 - [MESSAGE][PASSED] - Keys 'CONTROL + a' sent to object: 'Object Repository/Master Data/Admin Sekolah/Edit Kelas/Modal Edit/Suffix/Edit Suffix'

03-01-2025T11:36:06 - [TEST_STEP][PASSED] - sendKeys(findTestObject("Master Data/Admin Sekolah/Edit Kelas/Modal Edit/Suffix/Edit Suffix"), Keys.chord(BACK_SPACE), CONTINUE_ON_FAILURE): Keys 'BACK_SPACE + ' sent to object: 'Object Repository/Master Data/Admin Sekolah/Edit Kelas/Modal Edit/Suffix/Edit Suffix'

03-01-2025T11:36:06 - [MESSAGE][PASSED] - Keys 'BACK_SPACE + ' sent to object: 'Object Repository/Master Data/Admin Sekolah/Edit Kelas/Modal Edit/Suffix/Edit Suffix'

03-01-2025T11:36:06 - [TEST_STEP][PASSED] - delay(1): Delayed 1 second(s)

03-01-2025T11:36:07 - [MESSAGE][PASSED] - Delayed 1 second(s)

03-01-2025T11:36:07 - [TEST_STEP][PASSED] - setText(findTestObject("Master Data/Admin Sekolah/Edit Kelas/Modal Edit/Suffix/Edit Suffix"), randomSuffix, CONTINUE_ON_FAILURE): Text 'Backend Laravel Pro' is set on object 'Object Repository/Master Data/Admin Sekolah/Edit Kelas/Modal Edit/Suffix/Edit Suffix'

03-01-2025T11:36:08 - [MESSAGE][PASSED] - Text 'Backend Laravel Pro' is set on object 'Object Repository/Master Data/Admin Sekolah/Edit Kelas/Modal Edit/Suffix/Edit Suffix'

03-01-2025T11:36:08 - [TEST_STEP][PASSED] - click(findTestObject("Master Data/Admin Sekolah/Edit Kelas/Modal Edit/Simpan/Simpan Perubahan"), CONTINUE_ON_FAILURE): Object: 'Object Repository/Master Data/Admin Sekolah/Edit Kelas/Modal Edit/Simpan/Simpan Perubahan' is clicked on

03-01-2025T11:36:08 - [MESSAGE][PASSED] - Object: 'Object Repository/Master Data/Admin Sekolah/Edit Kelas/Modal Edit/Simpan/Simpan Perubahan' is clicked on

03-01-2025T11:36:08 - [TEST_STEP][PASSED] - closeBrowser(CONTINUE_ON_FAILURE): Browser is closed

03-01-2025T11:36:10 - [MESSAGE][PASSED] - Browser is closed

03-01-2025T11:36:10 - [MESSAGE][PASSED] - Call Test Case 'Test Cases/Master Data/Admin Sekolah/Master Data Kelas/Edit Kelas' successfully

03-01-2025T11:36:10 - [TEST_STEP][FAILED] - callTestCase(findTestCase("Test Cases/Master Data/Admin Sekolah/Master Data Kelas/Tambah Kelas"), [:], CONTINUE_ON_FAILURE): Unable to call Test Case 'Test Cases/Master Data/Admin Sekolah/Master Data Kelas/Tambah Kelas' (Root cause: com.kms.katalon.core.exception.StepFailedException: Call Test Case 'Test Cases/Master Data/Admin Sekolah/Master Data Kelas/Tambah Kelas' failed
	at com.kms.katalon.core.keyword.builtin.CallTestCaseKeyword$_callTestCase_closure1.doCall(CallTestCaseKeyword.groovy:63)
	at com.kms.katalon.core.keyword.builtin.CallTestCaseKeyword$_callTestCase_closure1.call(CallTestCaseKeyword.groovy)
	at com.kms.katalon.core.keyword.internal.KeywordMain.runKeyword(KeywordMain.groovy:75)
	at com.kms.katalon.core.keyword.builtin.CallTestCaseKeyword.callTestCase(CallTestCaseKeyword.groovy:81)
	at com.kms.katalon.core.keyword.builtin.CallTestCaseKeyword.execute(CallTestCaseKeyword.groovy:44)
	at com.kms.katalon.core.keyword.internal.KeywordExecutor.executeKeywordForPlatform(KeywordExecutor.groovy:74)
	at com.kms.katalon.core.keyword.BuiltinKeywords.callTestCase(BuiltinKeywords.groovy:310)
	at java.base/jdk.internal.reflect.NativeMethodAccessorImpl.invoke0(Native Method)
	at java.base/jdk.internal.reflect.NativeMethodAccessorImpl.invoke(NativeMethodAccessorImpl.java:77)
	at java.base/jdk.internal.reflect.DelegatingMethodAccessorImpl.invoke(DelegatingMethodAccessorImpl.java:43)
	at Regresi Kelas.run(Regresi Kelas:26)
	at com.kms.katalon.core.main.ScriptEngine.run(ScriptEngine.java:194)
	at com.kms.katalon.core.main.ScriptEngine.runScriptAsRawText(ScriptEngine.java:119)
	at com.kms.katalon.core.main.TestCaseExecutor.runScript(TestCaseExecutor.java:448)
	at com.kms.katalon.core.main.TestCaseExecutor.doExecute(TestCaseExecutor.java:439)
	at com.kms.katalon.core.main.TestCaseExecutor.processExecutionPhase(TestCaseExecutor.java:418)
	at com.kms.katalon.core.main.TestCaseExecutor.accessMainPhase(TestCaseExecutor.java:410)
	at com.kms.katalon.core.main.TestCaseExecutor.execute(TestCaseExecutor.java:285)
	at com.kms.katalon.core.common.CommonExecutor.accessTestCaseMainPhase(CommonExecutor.java:65)
	at com.kms.katalon.core.main.TestSuiteExecutor.accessTestSuiteMainPhase(TestSuiteExecutor.java:161)
	at com.kms.katalon.core.main.TestSuiteExecutor.execute(TestSuiteExecutor.java:107)
	at com.kms.katalon.core.main.TestCaseMain.startTestSuite(TestCaseMain.java:176)
	at TempTestSuite1735878642439.run(TempTestSuite1735878642439.groovy:35)
	at java.base/jdk.internal.reflect.NativeMethodAccessorImpl.invoke0(Native Method)
	at java.base/jdk.internal.reflect.NativeMethodAccessorImpl.invoke(NativeMethodAccessorImpl.java:77)
	at java.base/jdk.internal.reflect.DelegatingMethodAccessorImpl.invoke(DelegatingMethodAccessorImpl.java:43)
Caused by: com.kms.katalon.core.exception.StepFailedException: Unable to click on object 'Object Repository/Master Data/Admin Sekolah/Tambah Kelas/Modal Tambah/Prefix/Pilih Prefix' (Root cause: com.kms.katalon.core.exception.StepFailedException: Unable to click on object 'Object Repository/Master Data/Admin Sekolah/Tambah Kelas/Modal Tambah/Prefix/Pilih Prefix'
	at com.kms.katalon.core.webui.keyword.internal.WebUIKeywordMain.stepFailed(WebUIKeywordMain.groovy:117)
	at com.kms.katalon.core.webui.keyword.internal.WebUIKeywordMain.runKeyword(WebUIKeywordMain.groovy:43)
	at com.kms.katalon.core.webui.keyword.builtin.ClickKeyword.click(ClickKeyword.groovy:75)
	at com.kms.katalon.core.webui.keyword.builtin.ClickKeyword.execute(ClickKeyword.groovy:40)
	at com.kms.katalon.core.keyword.internal.KeywordExecutor.executeKeywordForPlatform(KeywordExecutor.groovy:74)
	at com.kms.katalon.core.webui.keyword.WebUiBuiltInKeywords.click(WebUiBuiltInKeywords.groovy:684)
	at Tambah Kelas.run(Tambah Kelas:46)
	at com.kms.katalon.core.main.ScriptEngine.run(ScriptEngine.java:194)
	at com.kms.katalon.core.main.ScriptEngine.runScriptAsRawText(ScriptEngine.java:119)
	at com.kms.katalon.core.main.TestCaseExecutor.runScript(TestCaseExecutor.java:448)
	at com.kms.katalon.core.main.TestCaseExecutor.doExecute(TestCaseExecutor.java:439)
	at com.kms.katalon.core.main.TestCaseExecutor.processExecutionPhase(TestCaseExecutor.java:418)
	at com.kms.katalon.core.main.TestCaseExecutor.accessMainPhase(TestCaseExecutor.java:410)
	at com.kms.katalon.core.main.TestCaseExecutor.execute(TestCaseExecutor.java:285)
	at com.kms.katalon.core.main.TestCaseMain.runTestCase(TestCaseMain.java:133)
	at com.kms.katalon.core.keyword.builtin.CallTestCaseKeyword$_callTestCase_closure1.doCall(CallTestCaseKeyword.groovy:59)
	at com.kms.katalon.core.keyword.builtin.CallTestCaseKeyword$_callTestCase_closure1.call(CallTestCaseKeyword.groovy)
	at com.kms.katalon.core.keyword.internal.KeywordMain.runKeyword(KeywordMain.groovy:75)
	at com.kms.katalon.core.keyword.builtin.CallTestCaseKeyword.callTestCase(CallTestCaseKeyword.groovy:81)
	at com.kms.katalon.core.keyword.builtin.CallTestCaseKeyword.execute(CallTestCaseKeyword.groovy:44)
	at com.kms.katalon.core.keyword.internal.KeywordExecutor.executeKeywordForPlatform(KeywordExecutor.groovy:74)
	at com.kms.katalon.core.keyword.BuiltinKeywords.callTestCase(BuiltinKeywords.groovy:310)
	at java.base/jdk.internal.reflect.NativeMethodAccessorImpl.invoke0(Native Method)
	at java.base/jdk.internal.reflect.NativeMethodAccessorImpl.invoke(NativeMethodAccessorImpl.java:77)
	at java.base/jdk.internal.reflect.DelegatingMethodAccessorImpl.invoke(DelegatingMethodAccessorImpl.java:43)
	at Regresi Kelas.run(Regresi Kelas:26)
	at com.kms.katalon.core.main.ScriptEngine.run(ScriptEngine.java:194)
	at com.kms.katalon.core.main.ScriptEngine.runScriptAsRawText(ScriptEngine.java:119)
	at com.kms.katalon.core.main.TestCaseExecutor.runScript(TestCaseExecutor.java:448)
	at com.kms.katalon.core.main.TestCaseExecutor.doExecute(TestCaseExecutor.java:439)
	at com.kms.katalon.core.main.TestCaseExecutor.processExecutionPhase(TestCaseExecutor.java:418)
	at com.kms.katalon.core.main.TestCaseExecutor.accessMainPhase(TestCaseExecutor.java:410)
	at com.kms.katalon.core.main.TestCaseExecutor.execute(TestCaseExecutor.java:285)
	at com.kms.katalon.core.common.CommonExecutor.accessTestCaseMainPhase(CommonExecutor.java:65)
	at com.kms.katalon.core.main.TestSuiteExecutor.accessTestSuiteMainPhase(TestSuiteExecutor.java:161)
	at com.kms.katalon.core.main.TestSuiteExecutor.execute(TestSuiteExecutor.java:107)
	at com.kms.katalon.core.main.TestCaseMain.startTestSuite(TestCaseMain.java:176)
	at TempTestSuite1735878642439.run(TempTestSuite1735878642439.groovy:35)
	at java.base/jdk.internal.reflect.NativeMethodAccessorImpl.invoke0(Native Method)
	at java.base/jdk.internal.reflect.NativeMethodAccessorImpl.invoke(NativeMethodAccessorImpl.java:77)
	at java.base/jdk.internal.reflect.DelegatingMethodAccessorImpl.invoke(DelegatingMethodAccessorImpl.java:43)
Caused by: com.kms.katalon.core.webui.exception.WebElementNotFoundException: Web element with id: 'Object Repository/Master Data/Admin Sekolah/Tambah Kelas/Modal Tambah/Prefix/Pilih Prefix' located by '//*[@data-testid = 'paragraph' and (text() = 'RETEST' or . = 'RETEST')]' not found
	at com.kms.katalon.core.webui.common.WebUiCommonHelper.findWebElement(WebUiCommonHelper.java:1426)
	at com.kms.katalon.core.webui.keyword.internal.WebUIAbstractKeyword.findWebElement(WebUIAbstractKeyword.groovy:27)
	at com.kms.katalon.core.webui.keyword.builtin.ClickKeyword$_click_closure1.doCall(ClickKeyword.groovy:66)
	at com.kms.katalon.core.webui.keyword.builtin.ClickKeyword$_click_closure1.call(ClickKeyword.groovy)
	at com.kms.katalon.core.webui.keyword.internal.WebUIKeywordMain.runKeyword(WebUIKeywordMain.groovy:35)
	at com.kms.katalon.core.webui.keyword.builtin.ClickKeyword.click(ClickKeyword.groovy:75)
	at com.kms.katalon.core.webui.keyword.builtin.ClickKeyword.execute(ClickKeyword.groovy:40)
	at com.kms.katalon.core.keyword.internal.KeywordExecutor.executeKeywordForPlatform(KeywordExecutor.groovy:74)
	at com.kms.katalon.core.webui.keyword.WebUiBuiltInKeywords.click(WebUiBuiltInKeywords.groovy:684)
	at Script1731464206565.run(Script1731464206565.groovy:46)
	at com.kms.katalon.core.main.ScriptEngine.run(ScriptEngine.java:194)
	at com.kms.katalon.core.main.ScriptEngine.runScriptAsRawText(ScriptEngine.java:119)
	at com.kms.katalon.core.main.TestCaseExecutor.runScript(TestCaseExecutor.java:448)
	at com.kms.katalon.core.main.TestCaseExecutor.doExecute(TestCaseExecutor.java:439)
	at com.kms.katalon.core.main.TestCaseExecutor.processExecutionPhase(TestCaseExecutor.java:418)
	at com.kms.katalon.core.main.TestCaseExecutor.accessMainPhase(TestCaseExecutor.java:410)
	at com.kms.katalon.core.main.TestCaseExecutor.execute(TestCaseExecutor.java:285)
	at com.kms.katalon.core.main.TestCaseMain.runTestCase(TestCaseMain.java:133)
	at com.kms.katalon.core.keyword.builtin.CallTestCaseKeyword$_callTestCase_closure1.doCall(CallTestCaseKeyword.groovy:59)
	at com.kms.katalon.core.keyword.builtin.CallTestCaseKeyword$_callTestCase_closure1.call(CallTestCaseKeyword.groovy)
	at com.kms.katalon.core.keyword.internal.KeywordMain.runKeyword(KeywordMain.groovy:75)
	at com.kms.katalon.core.keyword.builtin.CallTestCaseKeyword.callTestCase(CallTestCaseKeyword.groovy:81)
	at com.kms.katalon.core.keyword.builtin.CallTestCaseKeyword.execute(CallTestCaseKeyword.groovy:44)
	at com.kms.katalon.core.keyword.internal.KeywordExecutor.executeKeywordForPlatform(KeywordExecutor.groovy:74)
	at com.kms.katalon.core.keyword.BuiltinKeywords.callTestCase(BuiltinKeywords.groovy:310)
	at java.base/jdk.internal.reflect.NativeMethodAccessorImpl.invoke0(Native Method)
	at java.base/jdk.internal.reflect.NativeMethodAccessorImpl.invoke(NativeMethodAccessorImpl.java:77)
	at java.base/jdk.internal.reflect.DelegatingMethodAccessorImpl.invoke(DelegatingMethodAccessorImpl.java:43)
	at Script1735746406961.run(Script1735746406961.groovy:26)
	... 15 more
)
	at com.kms.katalon.core.keyword.internal.KeywordMain.stepFailed(KeywordMain.groovy:39)
	at com.kms.katalon.core.webui.keyword.internal.WebUIKeywordMain.stepFailed(WebUIKeywordMain.groovy:117)
	at com.kms.katalon.core.webui.keyword.internal.WebUIKeywordMain.runKeyword(WebUIKeywordMain.groovy:43)
	at com.kms.katalon.core.webui.keyword.builtin.ClickKeyword.click(ClickKeyword.groovy:75)
	at com.kms.katalon.core.webui.keyword.builtin.ClickKeyword.execute(ClickKeyword.groovy:40)
	at com.kms.katalon.core.keyword.internal.KeywordExecutor.executeKeywordForPlatform(KeywordExecutor.groovy:74)
	at com.kms.katalon.core.webui.keyword.WebUiBuiltInKeywords.click(WebUiBuiltInKeywords.groovy:684)
	at Tambah Kelas.run(Tambah Kelas:46)
	at com.kms.katalon.core.main.ScriptEngine.run(ScriptEngine.java:194)
	at com.kms.katalon.core.main.ScriptEngine.runScriptAsRawText(ScriptEngine.java:119)
	at com.kms.katalon.core.main.TestCaseExecutor.runScript(TestCaseExecutor.java:448)
	at com.kms.katalon.core.main.TestCaseExecutor.doExecute(TestCaseExecutor.java:439)
	at com.kms.katalon.core.main.TestCaseExecutor.processExecutionPhase(TestCaseExecutor.java:418)
	at com.kms.katalon.core.main.TestCaseExecutor.accessMainPhase(TestCaseExecutor.java:410)
	at com.kms.katalon.core.main.TestCaseExecutor.execute(TestCaseExecutor.java:285)
	at com.kms.katalon.core.main.TestCaseMain.runTestCase(TestCaseMain.java:133)
	at com.kms.katalon.core.keyword.builtin.CallTestCaseKeyword$_callTestCase_closure1.doCall(CallTestCaseKeyword.groovy:59)
	... 25 more
Caused by: com.kms.katalon.core.exception.StepFailedException: Unable to click on object 'Object Repository/Master Data/Admin Sekolah/Tambah Kelas/Modal Tambah/Prefix/Pilih Prefix'
	... 41 more
Caused by: com.kms.katalon.core.webui.exception.WebElementNotFoundException: Web element with id: 'Object Repository/Master Data/Admin Sekolah/Tambah Kelas/Modal Tambah/Prefix/Pilih Prefix' located by '//*[@data-testid = 'paragraph' and (text() = 'RETEST' or . = 'RETEST')]' not found
	at com.kms.katalon.core.webui.common.WebUiCommonHelper.findWebElement(WebUiCommonHelper.java:1426)
	at com.kms.katalon.core.webui.keyword.internal.WebUIAbstractKeyword.findWebElement(WebUIAbstractKeyword.groovy:27)
	at com.kms.katalon.core.webui.keyword.builtin.ClickKeyword$_click_closure1.doCall(ClickKeyword.groovy:66)
	at com.kms.katalon.core.webui.keyword.builtin.ClickKeyword$_click_closure1.call(ClickKeyword.groovy)
	at com.kms.katalon.core.webui.keyword.internal.WebUIKeywordMain.runKeyword(WebUIKeywordMain.groovy:35)
	... 39 more
)

03-01-2025T11:36:10 - [TEST_CASE][FAILED] - Test Cases/Master Data/Admin Sekolah/Master Data Kelas/Tambah Kelas: Test Cases/Master Data/Admin Sekolah/Master Data Kelas/Tambah Kelas FAILED.
Reason:
com.kms.katalon.core.exception.StepFailedException: Unable to click on object 'Object Repository/Master Data/Admin Sekolah/Tambah Kelas/Modal Tambah/Prefix/Pilih Prefix' (Root cause: com.kms.katalon.core.exception.StepFailedException: Unable to click on object 'Object Repository/Master Data/Admin Sekolah/Tambah Kelas/Modal Tambah/Prefix/Pilih Prefix'
	at com.kms.katalon.core.webui.keyword.internal.WebUIKeywordMain.stepFailed(WebUIKeywordMain.groovy:117)
	at com.kms.katalon.core.webui.keyword.internal.WebUIKeywordMain.runKeyword(WebUIKeywordMain.groovy:43)
	at com.kms.katalon.core.webui.keyword.builtin.ClickKeyword.click(ClickKeyword.groovy:75)
	at com.kms.katalon.core.webui.keyword.builtin.ClickKeyword.execute(ClickKeyword.groovy:40)
	at com.kms.katalon.core.keyword.internal.KeywordExecutor.executeKeywordForPlatform(KeywordExecutor.groovy:74)
	at com.kms.katalon.core.webui.keyword.WebUiBuiltInKeywords.click(WebUiBuiltInKeywords.groovy:684)
	at Tambah Kelas.run(Tambah Kelas:46)
	at com.kms.katalon.core.main.ScriptEngine.run(ScriptEngine.java:194)
	at com.kms.katalon.core.main.ScriptEngine.runScriptAsRawText(ScriptEngine.java:119)
	at com.kms.katalon.core.main.TestCaseExecutor.runScript(TestCaseExecutor.java:448)
	at com.kms.katalon.core.main.TestCaseExecutor.doExecute(TestCaseExecutor.java:439)
	at com.kms.katalon.core.main.TestCaseExecutor.processExecutionPhase(TestCaseExecutor.java:418)
	at com.kms.katalon.core.main.TestCaseExecutor.accessMainPhase(TestCaseExecutor.java:410)
	at com.kms.katalon.core.main.TestCaseExecutor.execute(TestCaseExecutor.java:285)
	at com.kms.katalon.core.main.TestCaseMain.runTestCase(TestCaseMain.java:133)
	at com.kms.katalon.core.keyword.builtin.CallTestCaseKeyword$_callTestCase_closure1.doCall(CallTestCaseKeyword.groovy:59)
	at com.kms.katalon.core.keyword.builtin.CallTestCaseKeyword$_callTestCase_closure1.call(CallTestCaseKeyword.groovy)
	at com.kms.katalon.core.keyword.internal.KeywordMain.runKeyword(KeywordMain.groovy:75)
	at com.kms.katalon.core.keyword.builtin.CallTestCaseKeyword.callTestCase(CallTestCaseKeyword.groovy:81)
	at com.kms.katalon.core.keyword.builtin.CallTestCaseKeyword.execute(CallTestCaseKeyword.groovy:44)
	at com.kms.katalon.core.keyword.internal.KeywordExecutor.executeKeywordForPlatform(KeywordExecutor.groovy:74)
	at com.kms.katalon.core.keyword.BuiltinKeywords.callTestCase(BuiltinKeywords.groovy:310)
	at java.base/jdk.internal.reflect.NativeMethodAccessorImpl.invoke0(Native Method)
	at java.base/jdk.internal.reflect.NativeMethodAccessorImpl.invoke(NativeMethodAccessorImpl.java:77)
	at java.base/jdk.internal.reflect.DelegatingMethodAccessorImpl.invoke(DelegatingMethodAccessorImpl.java:43)
	at Regresi Kelas.run(Regresi Kelas:26)
	at com.kms.katalon.core.main.ScriptEngine.run(ScriptEngine.java:194)
	at com.kms.katalon.core.main.ScriptEngine.runScriptAsRawText(ScriptEngine.java:119)
	at com.kms.katalon.core.main.TestCaseExecutor.runScript(TestCaseExecutor.java:448)
	at com.kms.katalon.core.main.TestCaseExecutor.doExecute(TestCaseExecutor.java:439)
	at com.kms.katalon.core.main.TestCaseExecutor.processExecutionPhase(TestCaseExecutor.java:418)
	at com.kms.katalon.core.main.TestCaseExecutor.accessMainPhase(TestCaseExecutor.java:410)
	at com.kms.katalon.core.main.TestCaseExecutor.execute(TestCaseExecutor.java:285)
	at com.kms.katalon.core.common.CommonExecutor.accessTestCaseMainPhase(CommonExecutor.java:65)
	at com.kms.katalon.core.main.TestSuiteExecutor.accessTestSuiteMainPhase(TestSuiteExecutor.java:161)
	at com.kms.katalon.core.main.TestSuiteExecutor.execute(TestSuiteExecutor.java:107)
	at com.kms.katalon.core.main.TestCaseMain.startTestSuite(TestCaseMain.java:176)
	at TempTestSuite1735878642439.run(TempTestSuite1735878642439.groovy:35)
	at java.base/jdk.internal.reflect.NativeMethodAccessorImpl.invoke0(Native Method)
	at java.base/jdk.internal.reflect.NativeMethodAccessorImpl.invoke(NativeMethodAccessorImpl.java:77)
	at java.base/jdk.internal.reflect.DelegatingMethodAccessorImpl.invoke(DelegatingMethodAccessorImpl.java:43)
Caused by: com.kms.katalon.core.webui.exception.WebElementNotFoundException: Web element with id: 'Object Repository/Master Data/Admin Sekolah/Tambah Kelas/Modal Tambah/Prefix/Pilih Prefix' located by '//*[@data-testid = 'paragraph' and (text() = 'RETEST' or . = 'RETEST')]' not found
	at com.kms.katalon.core.webui.common.WebUiCommonHelper.findWebElement(WebUiCommonHelper.java:1426)
	at com.kms.katalon.core.webui.keyword.internal.WebUIAbstractKeyword.findWebElement(WebUIAbstractKeyword.groovy:27)
	at com.kms.katalon.core.webui.keyword.builtin.ClickKeyword$_click_closure1.doCall(ClickKeyword.groovy:66)
	at com.kms.katalon.core.webui.keyword.builtin.ClickKeyword$_click_closure1.call(ClickKeyword.groovy)
	at com.kms.katalon.core.webui.keyword.internal.WebUIKeywordMain.runKeyword(WebUIKeywordMain.groovy:35)
	at com.kms.katalon.core.webui.keyword.builtin.ClickKeyword.click(ClickKeyword.groovy:75)
	at com.kms.katalon.core.webui.keyword.builtin.ClickKeyword.execute(ClickKeyword.groovy:40)
	at com.kms.katalon.core.keyword.internal.KeywordExecutor.executeKeywordForPlatform(KeywordExecutor.groovy:74)
	at com.kms.katalon.core.webui.keyword.WebUiBuiltInKeywords.click(WebUiBuiltInKeywords.groovy:684)
	at Script1731464206565.run(Script1731464206565.groovy:46)
	at com.kms.katalon.core.main.ScriptEngine.run(ScriptEngine.java:194)
	at com.kms.katalon.core.main.ScriptEngine.runScriptAsRawText(ScriptEngine.java:119)
	at com.kms.katalon.core.main.TestCaseExecutor.runScript(TestCaseExecutor.java:448)
	at com.kms.katalon.core.main.TestCaseExecutor.doExecute(TestCaseExecutor.java:439)
	at com.kms.katalon.core.main.TestCaseExecutor.processExecutionPhase(TestCaseExecutor.java:418)
	at com.kms.katalon.core.main.TestCaseExecutor.accessMainPhase(TestCaseExecutor.java:410)
	at com.kms.katalon.core.main.TestCaseExecutor.execute(TestCaseExecutor.java:285)
	at com.kms.katalon.core.main.TestCaseMain.runTestCase(TestCaseMain.java:133)
	at com.kms.katalon.core.keyword.builtin.CallTestCaseKeyword$_callTestCase_closure1.doCall(CallTestCaseKeyword.groovy:59)
	at com.kms.katalon.core.keyword.builtin.CallTestCaseKeyword$_callTestCase_closure1.call(CallTestCaseKeyword.groovy)
	at com.kms.katalon.core.keyword.internal.KeywordMain.runKeyword(KeywordMain.groovy:75)
	at com.kms.katalon.core.keyword.builtin.CallTestCaseKeyword.callTestCase(CallTestCaseKeyword.groovy:81)
	at com.kms.katalon.core.keyword.builtin.CallTestCaseKeyword.execute(CallTestCaseKeyword.groovy:44)
	at com.kms.katalon.core.keyword.internal.KeywordExecutor.executeKeywordForPlatform(KeywordExecutor.groovy:74)
	at com.kms.katalon.core.keyword.BuiltinKeywords.callTestCase(BuiltinKeywords.groovy:310)
	at java.base/jdk.internal.reflect.NativeMethodAccessorImpl.invoke0(Native Method)
	at java.base/jdk.internal.reflect.NativeMethodAccessorImpl.invoke(NativeMethodAccessorImpl.java:77)
	at java.base/jdk.internal.reflect.DelegatingMethodAccessorImpl.invoke(DelegatingMethodAccessorImpl.java:43)
	at Script1735746406961.run(Script1735746406961.groovy:26)
	... 15 more
)
	at com.kms.katalon.core.keyword.internal.KeywordMain.stepFailed(KeywordMain.groovy:39)
	at com.kms.katalon.core.webui.keyword.internal.WebUIKeywordMain.stepFailed(WebUIKeywordMain.groovy:117)
	at com.kms.katalon.core.webui.keyword.internal.WebUIKeywordMain.runKeyword(WebUIKeywordMain.groovy:43)
	at com.kms.katalon.core.webui.keyword.builtin.ClickKeyword.click(ClickKeyword.groovy:75)
	at com.kms.katalon.core.webui.keyword.builtin.ClickKeyword.execute(ClickKeyword.groovy:40)
	at com.kms.katalon.core.keyword.internal.KeywordExecutor.executeKeywordForPlatform(KeywordExecutor.groovy:74)
	at com.kms.katalon.core.webui.keyword.WebUiBuiltInKeywords.click(WebUiBuiltInKeywords.groovy:684)
	at Tambah Kelas.run(Tambah Kelas:46)
	at com.kms.katalon.core.main.ScriptEngine.run(ScriptEngine.java:194)
	at com.kms.katalon.core.main.ScriptEngine.runScriptAsRawText(ScriptEngine.java:119)
	at com.kms.katalon.core.main.TestCaseExecutor.runScript(TestCaseExecutor.java:448)
	at com.kms.katalon.core.main.TestCaseExecutor.doExecute(TestCaseExecutor.java:439)
	at com.kms.katalon.core.main.TestCaseExecutor.processExecutionPhase(TestCaseExecutor.java:418)
	at com.kms.katalon.core.main.TestCaseExecutor.accessMainPhase(TestCaseExecutor.java:410)
	at com.kms.katalon.core.main.TestCaseExecutor.execute(TestCaseExecutor.java:285)
	at com.kms.katalon.core.main.TestCaseMain.runTestCase(TestCaseMain.java:133)
	at com.kms.katalon.core.keyword.builtin.CallTestCaseKeyword$_callTestCase_closure1.doCall(CallTestCaseKeyword.groovy:59)
	at com.kms.katalon.core.keyword.builtin.CallTestCaseKeyword$_callTestCase_closure1.call(CallTestCaseKeyword.groovy)
	at com.kms.katalon.core.keyword.internal.KeywordMain.runKeyword(KeywordMain.groovy:75)
	at com.kms.katalon.core.keyword.builtin.CallTestCaseKeyword.callTestCase(CallTestCaseKeyword.groovy:81)
	at com.kms.katalon.core.keyword.builtin.CallTestCaseKeyword.execute(CallTestCaseKeyword.groovy:44)
	at com.kms.katalon.core.keyword.internal.KeywordExecutor.executeKeywordForPlatform(KeywordExecutor.groovy:74)
	at com.kms.katalon.core.keyword.BuiltinKeywords.callTestCase(BuiltinKeywords.groovy:310)
	at java.base/jdk.internal.reflect.NativeMethodAccessorImpl.invoke0(Native Method)
	at java.base/jdk.internal.reflect.NativeMethodAccessorImpl.invoke(NativeMethodAccessorImpl.java:77)
	at java.base/jdk.internal.reflect.DelegatingMethodAccessorImpl.invoke(DelegatingMethodAccessorImpl.java:43)
	at Regresi Kelas.run(Regresi Kelas:26)
	at com.kms.katalon.core.main.ScriptEngine.run(ScriptEngine.java:194)
	at com.kms.katalon.core.main.ScriptEngine.runScriptAsRawText(ScriptEngine.java:119)
	at com.kms.katalon.core.main.TestCaseExecutor.runScript(TestCaseExecutor.java:448)
	at com.kms.katalon.core.main.TestCaseExecutor.doExecute(TestCaseExecutor.java:439)
	at com.kms.katalon.core.main.TestCaseExecutor.processExecutionPhase(TestCaseExecutor.java:418)
	at com.kms.katalon.core.main.TestCaseExecutor.accessMainPhase(TestCaseExecutor.java:410)
	at com.kms.katalon.core.main.TestCaseExecutor.execute(TestCaseExecutor.java:285)
	at com.kms.katalon.core.common.CommonExecutor.accessTestCaseMainPhase(CommonExecutor.java:65)
	at com.kms.katalon.core.main.TestSuiteExecutor.accessTestSuiteMainPhase(TestSuiteExecutor.java:161)
	at com.kms.katalon.core.main.TestSuiteExecutor.execute(TestSuiteExecutor.java:107)
	at com.kms.katalon.core.main.TestCaseMain.startTestSuite(TestCaseMain.java:176)
	at TempTestSuite1735878642439.run(TempTestSuite1735878642439.groovy:35)
	at java.base/jdk.internal.reflect.NativeMethodAccessorImpl.invoke0(Native Method)
	at java.base/jdk.internal.reflect.NativeMethodAccessorImpl.invoke(NativeMethodAccessorImpl.java:77)
	at java.base/jdk.internal.reflect.DelegatingMethodAccessorImpl.invoke(DelegatingMethodAccessorImpl.java:43)
Caused by: com.kms.katalon.core.exception.StepFailedException: Unable to click on object 'Object Repository/Master Data/Admin Sekolah/Tambah Kelas/Modal Tambah/Prefix/Pilih Prefix'
	... 41 more
Caused by: com.kms.katalon.core.webui.exception.WebElementNotFoundException: Web element with id: 'Object Repository/Master Data/Admin Sekolah/Tambah Kelas/Modal Tambah/Prefix/Pilih Prefix' located by '//*[@data-testid = 'paragraph' and (text() = 'RETEST' or . = 'RETEST')]' not found
	at com.kms.katalon.core.webui.common.WebUiCommonHelper.findWebElement(WebUiCommonHelper.java:1426)
	at com.kms.katalon.core.webui.keyword.internal.WebUIAbstractKeyword.findWebElement(WebUIAbstractKeyword.groovy:27)
	at com.kms.katalon.core.webui.keyword.builtin.ClickKeyword$_click_closure1.doCall(ClickKeyword.groovy:66)
	at com.kms.katalon.core.webui.keyword.builtin.ClickKeyword$_click_closure1.call(ClickKeyword.groovy)
	at com.kms.katalon.core.webui.keyword.internal.WebUIKeywordMain.runKeyword(WebUIKeywordMain.groovy:35)
	... 39 more


03-01-2025T11:36:10 - [TEST_STEP][PASSED] - openBrowser("", CONTINUE_ON_FAILURE): Browser is opened with url: ''

03-01-2025T11:36:10 - [MESSAGE][INFO] - Starting 'Chrome' driver

03-01-2025T11:36:10 - [MESSAGE][INFO] - Action delay is set to 0 milliseconds

03-01-2025T11:36:11 - [MESSAGE][PASSED] - Browser is opened with url: ''

03-01-2025T11:36:11 - [TEST_STEP][PASSED] - navigateToUrl("https://sit.siprusedu.com/login"): Navigate to 'https://sit.siprusedu.com/login' successfully

03-01-2025T11:36:11 - [MESSAGE][PASSED] - Navigate to 'https://sit.siprusedu.com/login' successfully

03-01-2025T11:36:11 - [TEST_STEP][PASSED] - click(findTestObject("Master Data/Admin Sekolah/Login/Field Email"), CONTINUE_ON_FAILURE): Object: 'Object Repository/Master Data/Admin Sekolah/Login/Field Email' is clicked on

03-01-2025T11:36:12 - [MESSAGE][PASSED] - Object: 'Object Repository/Master Data/Admin Sekolah/Login/Field Email' is clicked on

03-01-2025T11:36:12 - [TEST_STEP][PASSED] - setText(findTestObject("Master Data/Admin Sekolah/Login/Field Email"), "admin.gudangsolusi@digiform.co.id", CONTINUE_ON_FAILURE): Text 'admin.gudangsolusi@digiform.co.id' is set on object 'Object Repository/Master Data/Admin Sekolah/Login/Field Email'

03-01-2025T11:36:13 - [MESSAGE][PASSED] - Text 'admin.gudangsolusi@digiform.co.id' is set on object 'Object Repository/Master Data/Admin Sekolah/Login/Field Email'

03-01-2025T11:36:13 - [TEST_STEP][PASSED] - click(findTestObject("Master Data/Admin Sekolah/Login/Input Password"), CONTINUE_ON_FAILURE): Object: 'Object Repository/Master Data/Admin Sekolah/Login/Input Password' is clicked on

03-01-2025T11:36:13 - [MESSAGE][PASSED] - Object: 'Object Repository/Master Data/Admin Sekolah/Login/Input Password' is clicked on

03-01-2025T11:36:13 - [TEST_STEP][PASSED] - setText(findTestObject("Master Data/Admin Sekolah/Login/Input Password"), "Test1234", CONTINUE_ON_FAILURE): Text 'Test1234' is set on object 'Object Repository/Master Data/Admin Sekolah/Login/Input Password'

03-01-2025T11:36:14 - [MESSAGE][PASSED] - Text 'Test1234' is set on object 'Object Repository/Master Data/Admin Sekolah/Login/Input Password'

03-01-2025T11:36:14 - [TEST_STEP][PASSED] - click(findTestObject("Master Data/Admin Sekolah/Login/Button Submit"), CONTINUE_ON_FAILURE): Object: 'Object Repository/Master Data/Admin Sekolah/Login/Button Submit' is clicked on

03-01-2025T11:36:14 - [MESSAGE][PASSED] - Object: 'Object Repository/Master Data/Admin Sekolah/Login/Button Submit' is clicked on

03-01-2025T11:36:14 - [TEST_STEP][PASSED] - click(findTestObject("Master Data/Admin Sekolah/HomePageMenu/Sidebar Menu"), CONTINUE_ON_FAILURE): Object: 'Object Repository/Master Data/Admin Sekolah/HomePageMenu/Sidebar Menu' is clicked on

03-01-2025T11:36:16 - [MESSAGE][PASSED] - Object: 'Object Repository/Master Data/Admin Sekolah/HomePageMenu/Sidebar Menu' is clicked on

03-01-2025T11:36:16 - [TEST_STEP][PASSED] - click(findTestObject("Master Data/Admin Sekolah/HomePageMenu/Sub Menu Kelas"), CONTINUE_ON_FAILURE): Object: 'Object Repository/Master Data/Admin Sekolah/HomePageMenu/Sub Menu Kelas' is clicked on

03-01-2025T11:36:17 - [MESSAGE][PASSED] - Object: 'Object Repository/Master Data/Admin Sekolah/HomePageMenu/Sub Menu Kelas' is clicked on

03-01-2025T11:36:17 - [TEST_STEP][PASSED] - click(findTestObject("Master Data/Admin Sekolah/Tambah Kelas/Tambah Kelas"), CONTINUE_ON_FAILURE): Object: 'Object Repository/Master Data/Admin Sekolah/Tambah Kelas/Tambah Kelas' is clicked on

03-01-2025T11:36:17 - [MESSAGE][PASSED] - Object: 'Object Repository/Master Data/Admin Sekolah/Tambah Kelas/Tambah Kelas' is clicked on

03-01-2025T11:36:17 - [TEST_STEP][PASSED] - click(findTestObject("Master Data/Admin Sekolah/Tambah Kelas/Modal Tambah/Unit/Pilih Unit"), CONTINUE_ON_FAILURE): Object: 'Object Repository/Master Data/Admin Sekolah/Tambah Kelas/Modal Tambah/Unit/Pilih Unit' is clicked on

03-01-2025T11:36:18 - [MESSAGE][PASSED] - Object: 'Object Repository/Master Data/Admin Sekolah/Tambah Kelas/Modal Tambah/Unit/Pilih Unit' is clicked on

03-01-2025T11:36:18 - [TEST_STEP][PASSED] - click(findTestObject("Master Data/Admin Sekolah/Tambah Kelas/Modal Tambah/Unit/Klik Unit"), CONTINUE_ON_FAILURE): Object: 'Object Repository/Master Data/Admin Sekolah/Tambah Kelas/Modal Tambah/Unit/Klik Unit' is clicked on

03-01-2025T11:36:18 - [MESSAGE][PASSED] - Object: 'Object Repository/Master Data/Admin Sekolah/Tambah Kelas/Modal Tambah/Unit/Klik Unit' is clicked on

03-01-2025T11:36:18 - [TEST_STEP][PASSED] - click(findTestObject("Master Data/Admin Sekolah/Tambah Kelas/Modal Tambah/Prefix/Klik Prefix"), CONTINUE_ON_FAILURE): Object: 'Object Repository/Master Data/Admin Sekolah/Tambah Kelas/Modal Tambah/Prefix/Klik Prefix' is clicked on

03-01-2025T11:36:19 - [MESSAGE][PASSED] - Object: 'Object Repository/Master Data/Admin Sekolah/Tambah Kelas/Modal Tambah/Prefix/Klik Prefix' is clicked on

03-01-2025T11:36:19 - [TEST_STEP][FAILED] - click(findTestObject("Master Data/Admin Sekolah/Tambah Kelas/Modal Tambah/Prefix/Pilih Prefix"), CONTINUE_ON_FAILURE): Unable to click on object 'Object Repository/Master Data/Admin Sekolah/Tambah Kelas/Modal Tambah/Prefix/Pilih Prefix' (Root cause: com.kms.katalon.core.exception.StepFailedException: Unable to click on object 'Object Repository/Master Data/Admin Sekolah/Tambah Kelas/Modal Tambah/Prefix/Pilih Prefix'
	at com.kms.katalon.core.webui.keyword.internal.WebUIKeywordMain.stepFailed(WebUIKeywordMain.groovy:117)
	at com.kms.katalon.core.webui.keyword.internal.WebUIKeywordMain.runKeyword(WebUIKeywordMain.groovy:43)
	at com.kms.katalon.core.webui.keyword.builtin.ClickKeyword.click(ClickKeyword.groovy:75)
	at com.kms.katalon.core.webui.keyword.builtin.ClickKeyword.execute(ClickKeyword.groovy:40)
	at com.kms.katalon.core.keyword.internal.KeywordExecutor.executeKeywordForPlatform(KeywordExecutor.groovy:74)
	at com.kms.katalon.core.webui.keyword.WebUiBuiltInKeywords.click(WebUiBuiltInKeywords.groovy:684)
	at Tambah Kelas.run(Tambah Kelas:46)
	at com.kms.katalon.core.main.ScriptEngine.run(ScriptEngine.java:194)
	at com.kms.katalon.core.main.ScriptEngine.runScriptAsRawText(ScriptEngine.java:119)
	at com.kms.katalon.core.main.TestCaseExecutor.runScript(TestCaseExecutor.java:448)
	at com.kms.katalon.core.main.TestCaseExecutor.doExecute(TestCaseExecutor.java:439)
	at com.kms.katalon.core.main.TestCaseExecutor.processExecutionPhase(TestCaseExecutor.java:418)
	at com.kms.katalon.core.main.TestCaseExecutor.accessMainPhase(TestCaseExecutor.java:410)
	at com.kms.katalon.core.main.TestCaseExecutor.execute(TestCaseExecutor.java:285)
	at com.kms.katalon.core.main.TestCaseMain.runTestCase(TestCaseMain.java:133)
	at com.kms.katalon.core.keyword.builtin.CallTestCaseKeyword$_callTestCase_closure1.doCall(CallTestCaseKeyword.groovy:59)
	at com.kms.katalon.core.keyword.builtin.CallTestCaseKeyword$_callTestCase_closure1.call(CallTestCaseKeyword.groovy)
	at com.kms.katalon.core.keyword.internal.KeywordMain.runKeyword(KeywordMain.groovy:75)
	at com.kms.katalon.core.keyword.builtin.CallTestCaseKeyword.callTestCase(CallTestCaseKeyword.groovy:81)
	at com.kms.katalon.core.keyword.builtin.CallTestCaseKeyword.execute(CallTestCaseKeyword.groovy:44)
	at com.kms.katalon.core.keyword.internal.KeywordExecutor.executeKeywordForPlatform(KeywordExecutor.groovy:74)
	at com.kms.katalon.core.keyword.BuiltinKeywords.callTestCase(BuiltinKeywords.groovy:310)
	at java.base/jdk.internal.reflect.NativeMethodAccessorImpl.invoke0(Native Method)
	at java.base/jdk.internal.reflect.NativeMethodAccessorImpl.invoke(NativeMethodAccessorImpl.java:77)
	at java.base/jdk.internal.reflect.DelegatingMethodAccessorImpl.invoke(DelegatingMethodAccessorImpl.java:43)
	at Regresi Kelas.run(Regresi Kelas:26)
	at com.kms.katalon.core.main.ScriptEngine.run(ScriptEngine.java:194)
	at com.kms.katalon.core.main.ScriptEngine.runScriptAsRawText(ScriptEngine.java:119)
	at com.kms.katalon.core.main.TestCaseExecutor.runScript(TestCaseExecutor.java:448)
	at com.kms.katalon.core.main.TestCaseExecutor.doExecute(TestCaseExecutor.java:439)
	at com.kms.katalon.core.main.TestCaseExecutor.processExecutionPhase(TestCaseExecutor.java:418)
	at com.kms.katalon.core.main.TestCaseExecutor.accessMainPhase(TestCaseExecutor.java:410)
	at com.kms.katalon.core.main.TestCaseExecutor.execute(TestCaseExecutor.java:285)
	at com.kms.katalon.core.common.CommonExecutor.accessTestCaseMainPhase(CommonExecutor.java:65)
	at com.kms.katalon.core.main.TestSuiteExecutor.accessTestSuiteMainPhase(TestSuiteExecutor.java:161)
	at com.kms.katalon.core.main.TestSuiteExecutor.execute(TestSuiteExecutor.java:107)
	at com.kms.katalon.core.main.TestCaseMain.startTestSuite(TestCaseMain.java:176)
	at TempTestSuite1735878642439.run(TempTestSuite1735878642439.groovy:35)
	at java.base/jdk.internal.reflect.NativeMethodAccessorImpl.invoke0(Native Method)
	at java.base/jdk.internal.reflect.NativeMethodAccessorImpl.invoke(NativeMethodAccessorImpl.java:77)
	at java.base/jdk.internal.reflect.DelegatingMethodAccessorImpl.invoke(DelegatingMethodAccessorImpl.java:43)
Caused by: com.kms.katalon.core.webui.exception.WebElementNotFoundException: Web element with id: 'Object Repository/Master Data/Admin Sekolah/Tambah Kelas/Modal Tambah/Prefix/Pilih Prefix' located by '//*[@data-testid = 'paragraph' and (text() = 'RETEST' or . = 'RETEST')]' not found
	at com.kms.katalon.core.webui.common.WebUiCommonHelper.findWebElement(WebUiCommonHelper.java:1426)
	at com.kms.katalon.core.webui.keyword.internal.WebUIAbstractKeyword.findWebElement(WebUIAbstractKeyword.groovy:27)
	at com.kms.katalon.core.webui.keyword.builtin.ClickKeyword$_click_closure1.doCall(ClickKeyword.groovy:66)
	at com.kms.katalon.core.webui.keyword.builtin.ClickKeyword$_click_closure1.call(ClickKeyword.groovy)
	at com.kms.katalon.core.webui.keyword.internal.WebUIKeywordMain.runKeyword(WebUIKeywordMain.groovy:35)
	at com.kms.katalon.core.webui.keyword.builtin.ClickKeyword.click(ClickKeyword.groovy:75)
	at com.kms.katalon.core.webui.keyword.builtin.ClickKeyword.execute(ClickKeyword.groovy:40)
	at com.kms.katalon.core.keyword.internal.KeywordExecutor.executeKeywordForPlatform(KeywordExecutor.groovy:74)
	at com.kms.katalon.core.webui.keyword.WebUiBuiltInKeywords.click(WebUiBuiltInKeywords.groovy:684)
	at Script1731464206565.run(Script1731464206565.groovy:46)
	at com.kms.katalon.core.main.ScriptEngine.run(ScriptEngine.java:194)
	at com.kms.katalon.core.main.ScriptEngine.runScriptAsRawText(ScriptEngine.java:119)
	at com.kms.katalon.core.main.TestCaseExecutor.runScript(TestCaseExecutor.java:448)
	at com.kms.katalon.core.main.TestCaseExecutor.doExecute(TestCaseExecutor.java:439)
	at com.kms.katalon.core.main.TestCaseExecutor.processExecutionPhase(TestCaseExecutor.java:418)
	at com.kms.katalon.core.main.TestCaseExecutor.accessMainPhase(TestCaseExecutor.java:410)
	at com.kms.katalon.core.main.TestCaseExecutor.execute(TestCaseExecutor.java:285)
	at com.kms.katalon.core.main.TestCaseMain.runTestCase(TestCaseMain.java:133)
	at com.kms.katalon.core.keyword.builtin.CallTestCaseKeyword$_callTestCase_closure1.doCall(CallTestCaseKeyword.groovy:59)
	at com.kms.katalon.core.keyword.builtin.CallTestCaseKeyword$_callTestCase_closure1.call(CallTestCaseKeyword.groovy)
	at com.kms.katalon.core.keyword.internal.KeywordMain.runKeyword(KeywordMain.groovy:75)
	at com.kms.katalon.core.keyword.builtin.CallTestCaseKeyword.callTestCase(CallTestCaseKeyword.groovy:81)
	at com.kms.katalon.core.keyword.builtin.CallTestCaseKeyword.execute(CallTestCaseKeyword.groovy:44)
	at com.kms.katalon.core.keyword.internal.KeywordExecutor.executeKeywordForPlatform(KeywordExecutor.groovy:74)
	at com.kms.katalon.core.keyword.BuiltinKeywords.callTestCase(BuiltinKeywords.groovy:310)
	at java.base/jdk.internal.reflect.NativeMethodAccessorImpl.invoke0(Native Method)
	at java.base/jdk.internal.reflect.NativeMethodAccessorImpl.invoke(NativeMethodAccessorImpl.java:77)
	at java.base/jdk.internal.reflect.DelegatingMethodAccessorImpl.invoke(DelegatingMethodAccessorImpl.java:43)
	at Script1735746406961.run(Script1735746406961.groovy:26)
	... 15 more
)

03-01-2025T11:36:50 - [MESSAGE][INFO] - Unable to find the element located by 'By.xpath: //*[@data-testid = 'paragraph' and (text() = 'RETEST' or . = 'RETEST')]'. Please recheck the objects properties to make sure the desired element is located. 

03-01-2025T11:36:50 - [MESSAGE][WARNING] - [SELF-HEALING] Failed to find element with id 'Object Repository/Master Data/Admin Sekolah/Tambah Kelas/Modal Tambah/Prefix/Pilih Prefix'. Try using Self-healing.

03-01-2025T11:36:50 - [MESSAGE][WARNING] - [SELF-HEALING] Cannot find elements when the XPath is null.

03-01-2025T11:36:51 - [MESSAGE][WARNING] - [SELF-HEALING] Cannot find elements when the selector is null

03-01-2025T11:36:51 - [MESSAGE][FAILED] - Unable to click on object 'Object Repository/Master Data/Admin Sekolah/Tambah Kelas/Modal Tambah/Prefix/Pilih Prefix' (Root cause: com.kms.katalon.core.exception.StepFailedException: Unable to click on object 'Object Repository/Master Data/Admin Sekolah/Tambah Kelas/Modal Tambah/Prefix/Pilih Prefix'
	at com.kms.katalon.core.webui.keyword.internal.WebUIKeywordMain.stepFailed(WebUIKeywordMain.groovy:117)
	at com.kms.katalon.core.webui.keyword.internal.WebUIKeywordMain.runKeyword(WebUIKeywordMain.groovy:43)
	at com.kms.katalon.core.webui.keyword.builtin.ClickKeyword.click(ClickKeyword.groovy:75)
	at com.kms.katalon.core.webui.keyword.builtin.ClickKeyword.execute(ClickKeyword.groovy:40)
	at com.kms.katalon.core.keyword.internal.KeywordExecutor.executeKeywordForPlatform(KeywordExecutor.groovy:74)
	at com.kms.katalon.core.webui.keyword.WebUiBuiltInKeywords.click(WebUiBuiltInKeywords.groovy:684)
	at Tambah Kelas.run(Tambah Kelas:46)
	at com.kms.katalon.core.main.ScriptEngine.run(ScriptEngine.java:194)
	at com.kms.katalon.core.main.ScriptEngine.runScriptAsRawText(ScriptEngine.java:119)
	at com.kms.katalon.core.main.TestCaseExecutor.runScript(TestCaseExecutor.java:448)
	at com.kms.katalon.core.main.TestCaseExecutor.doExecute(TestCaseExecutor.java:439)
	at com.kms.katalon.core.main.TestCaseExecutor.processExecutionPhase(TestCaseExecutor.java:418)
	at com.kms.katalon.core.main.TestCaseExecutor.accessMainPhase(TestCaseExecutor.java:410)
	at com.kms.katalon.core.main.TestCaseExecutor.execute(TestCaseExecutor.java:285)
	at com.kms.katalon.core.main.TestCaseMain.runTestCase(TestCaseMain.java:133)
	at com.kms.katalon.core.keyword.builtin.CallTestCaseKeyword$_callTestCase_closure1.doCall(CallTestCaseKeyword.groovy:59)
	at com.kms.katalon.core.keyword.builtin.CallTestCaseKeyword$_callTestCase_closure1.call(CallTestCaseKeyword.groovy)
	at com.kms.katalon.core.keyword.internal.KeywordMain.runKeyword(KeywordMain.groovy:75)
	at com.kms.katalon.core.keyword.builtin.CallTestCaseKeyword.callTestCase(CallTestCaseKeyword.groovy:81)
	at com.kms.katalon.core.keyword.builtin.CallTestCaseKeyword.execute(CallTestCaseKeyword.groovy:44)
	at com.kms.katalon.core.keyword.internal.KeywordExecutor.executeKeywordForPlatform(KeywordExecutor.groovy:74)
	at com.kms.katalon.core.keyword.BuiltinKeywords.callTestCase(BuiltinKeywords.groovy:310)
	at java.base/jdk.internal.reflect.NativeMethodAccessorImpl.invoke0(Native Method)
	at java.base/jdk.internal.reflect.NativeMethodAccessorImpl.invoke(NativeMethodAccessorImpl.java:77)
	at java.base/jdk.internal.reflect.DelegatingMethodAccessorImpl.invoke(DelegatingMethodAccessorImpl.java:43)
	at Regresi Kelas.run(Regresi Kelas:26)
	at com.kms.katalon.core.main.ScriptEngine.run(ScriptEngine.java:194)
	at com.kms.katalon.core.main.ScriptEngine.runScriptAsRawText(ScriptEngine.java:119)
	at com.kms.katalon.core.main.TestCaseExecutor.runScript(TestCaseExecutor.java:448)
	at com.kms.katalon.core.main.TestCaseExecutor.doExecute(TestCaseExecutor.java:439)
	at com.kms.katalon.core.main.TestCaseExecutor.processExecutionPhase(TestCaseExecutor.java:418)
	at com.kms.katalon.core.main.TestCaseExecutor.accessMainPhase(TestCaseExecutor.java:410)
	at com.kms.katalon.core.main.TestCaseExecutor.execute(TestCaseExecutor.java:285)
	at com.kms.katalon.core.common.CommonExecutor.accessTestCaseMainPhase(CommonExecutor.java:65)
	at com.kms.katalon.core.main.TestSuiteExecutor.accessTestSuiteMainPhase(TestSuiteExecutor.java:161)
	at com.kms.katalon.core.main.TestSuiteExecutor.execute(TestSuiteExecutor.java:107)
	at com.kms.katalon.core.main.TestCaseMain.startTestSuite(TestCaseMain.java:176)
	at TempTestSuite1735878642439.run(TempTestSuite1735878642439.groovy:35)
	at java.base/jdk.internal.reflect.NativeMethodAccessorImpl.invoke0(Native Method)
	at java.base/jdk.internal.reflect.NativeMethodAccessorImpl.invoke(NativeMethodAccessorImpl.java:77)
	at java.base/jdk.internal.reflect.DelegatingMethodAccessorImpl.invoke(DelegatingMethodAccessorImpl.java:43)
Caused by: com.kms.katalon.core.webui.exception.WebElementNotFoundException: Web element with id: 'Object Repository/Master Data/Admin Sekolah/Tambah Kelas/Modal Tambah/Prefix/Pilih Prefix' located by '//*[@data-testid = 'paragraph' and (text() = 'RETEST' or . = 'RETEST')]' not found
	at com.kms.katalon.core.webui.common.WebUiCommonHelper.findWebElement(WebUiCommonHelper.java:1426)
	at com.kms.katalon.core.webui.keyword.internal.WebUIAbstractKeyword.findWebElement(WebUIAbstractKeyword.groovy:27)
	at com.kms.katalon.core.webui.keyword.builtin.ClickKeyword$_click_closure1.doCall(ClickKeyword.groovy:66)
	at com.kms.katalon.core.webui.keyword.builtin.ClickKeyword$_click_closure1.call(ClickKeyword.groovy)
	at com.kms.katalon.core.webui.keyword.internal.WebUIKeywordMain.runKeyword(WebUIKeywordMain.groovy:35)
	at com.kms.katalon.core.webui.keyword.builtin.ClickKeyword.click(ClickKeyword.groovy:75)
	at com.kms.katalon.core.webui.keyword.builtin.ClickKeyword.execute(ClickKeyword.groovy:40)
	at com.kms.katalon.core.keyword.internal.KeywordExecutor.executeKeywordForPlatform(KeywordExecutor.groovy:74)
	at com.kms.katalon.core.webui.keyword.WebUiBuiltInKeywords.click(WebUiBuiltInKeywords.groovy:684)
	at Script1731464206565.run(Script1731464206565.groovy:46)
	at com.kms.katalon.core.main.ScriptEngine.run(ScriptEngine.java:194)
	at com.kms.katalon.core.main.ScriptEngine.runScriptAsRawText(ScriptEngine.java:119)
	at com.kms.katalon.core.main.TestCaseExecutor.runScript(TestCaseExecutor.java:448)
	at com.kms.katalon.core.main.TestCaseExecutor.doExecute(TestCaseExecutor.java:439)
	at com.kms.katalon.core.main.TestCaseExecutor.processExecutionPhase(TestCaseExecutor.java:418)
	at com.kms.katalon.core.main.TestCaseExecutor.accessMainPhase(TestCaseExecutor.java:410)
	at com.kms.katalon.core.main.TestCaseExecutor.execute(TestCaseExecutor.java:285)
	at com.kms.katalon.core.main.TestCaseMain.runTestCase(TestCaseMain.java:133)
	at com.kms.katalon.core.keyword.builtin.CallTestCaseKeyword$_callTestCase_closure1.doCall(CallTestCaseKeyword.groovy:59)
	at com.kms.katalon.core.keyword.builtin.CallTestCaseKeyword$_callTestCase_closure1.call(CallTestCaseKeyword.groovy)
	at com.kms.katalon.core.keyword.internal.KeywordMain.runKeyword(KeywordMain.groovy:75)
	at com.kms.katalon.core.keyword.builtin.CallTestCaseKeyword.callTestCase(CallTestCaseKeyword.groovy:81)
	at com.kms.katalon.core.keyword.builtin.CallTestCaseKeyword.execute(CallTestCaseKeyword.groovy:44)
	at com.kms.katalon.core.keyword.internal.KeywordExecutor.executeKeywordForPlatform(KeywordExecutor.groovy:74)
	at com.kms.katalon.core.keyword.BuiltinKeywords.callTestCase(BuiltinKeywords.groovy:310)
	at java.base/jdk.internal.reflect.NativeMethodAccessorImpl.invoke0(Native Method)
	at java.base/jdk.internal.reflect.NativeMethodAccessorImpl.invoke(NativeMethodAccessorImpl.java:77)
	at java.base/jdk.internal.reflect.DelegatingMethodAccessorImpl.invoke(DelegatingMethodAccessorImpl.java:43)
	at Script1735746406961.run(Script1735746406961.groovy:26)
	... 15 more
)
[[ATTACHMENT|C:\\Users\\henri\\Videos\\school-payment-automation-testing\\Reports\\20250103_113042\\SPRINT 1\\20250103_113042\\1735879011331.png]]

03-01-2025T11:36:51 - [TEST_STEP][PASSED] - setText(findTestObject("Master Data/Admin Sekolah/Tambah Kelas/Modal Tambah/Suffix/Input Suffix kelas"), "PHP 4", CONTINUE_ON_FAILURE): Text 'PHP 4' is set on object 'Object Repository/Master Data/Admin Sekolah/Tambah Kelas/Modal Tambah/Suffix/Input Suffix kelas'

03-01-2025T11:36:52 - [MESSAGE][PASSED] - Text 'PHP 4' is set on object 'Object Repository/Master Data/Admin Sekolah/Tambah Kelas/Modal Tambah/Suffix/Input Suffix kelas'

03-01-2025T11:36:52 - [TEST_STEP][PASSED] - click(findTestObject("Master Data/Admin Sekolah/Tambah Kelas/Modal Tambah/Jurusan/Klik Jurusan"), CONTINUE_ON_FAILURE): Object: 'Object Repository/Master Data/Admin Sekolah/Tambah Kelas/Modal Tambah/Jurusan/Klik Jurusan' is clicked on

03-01-2025T11:36:52 - [MESSAGE][PASSED] - Object: 'Object Repository/Master Data/Admin Sekolah/Tambah Kelas/Modal Tambah/Jurusan/Klik Jurusan' is clicked on

03-01-2025T11:36:52 - [TEST_STEP][FAILED] - click(findTestObject("Master Data/Admin Sekolah/Tambah Kelas/Modal Tambah/Jurusan/Pilih Jurusan"), CONTINUE_ON_FAILURE): Unable to click on object 'Object Repository/Master Data/Admin Sekolah/Tambah Kelas/Modal Tambah/Jurusan/Pilih Jurusan' (Root cause: com.kms.katalon.core.exception.StepFailedException: Unable to click on object 'Object Repository/Master Data/Admin Sekolah/Tambah Kelas/Modal Tambah/Jurusan/Pilih Jurusan'
	at com.kms.katalon.core.webui.keyword.internal.WebUIKeywordMain.stepFailed(WebUIKeywordMain.groovy:117)
	at com.kms.katalon.core.webui.keyword.internal.WebUIKeywordMain.runKeyword(WebUIKeywordMain.groovy:43)
	at com.kms.katalon.core.webui.keyword.builtin.ClickKeyword.click(ClickKeyword.groovy:75)
	at com.kms.katalon.core.webui.keyword.builtin.ClickKeyword.execute(ClickKeyword.groovy:40)
	at com.kms.katalon.core.keyword.internal.KeywordExecutor.executeKeywordForPlatform(KeywordExecutor.groovy:74)
	at com.kms.katalon.core.webui.keyword.WebUiBuiltInKeywords.click(WebUiBuiltInKeywords.groovy:684)
	at Tambah Kelas.run(Tambah Kelas:53)
	at com.kms.katalon.core.main.ScriptEngine.run(ScriptEngine.java:194)
	at com.kms.katalon.core.main.ScriptEngine.runScriptAsRawText(ScriptEngine.java:119)
	at com.kms.katalon.core.main.TestCaseExecutor.runScript(TestCaseExecutor.java:448)
	at com.kms.katalon.core.main.TestCaseExecutor.doExecute(TestCaseExecutor.java:439)
	at com.kms.katalon.core.main.TestCaseExecutor.processExecutionPhase(TestCaseExecutor.java:418)
	at com.kms.katalon.core.main.TestCaseExecutor.accessMainPhase(TestCaseExecutor.java:410)
	at com.kms.katalon.core.main.TestCaseExecutor.execute(TestCaseExecutor.java:285)
	at com.kms.katalon.core.main.TestCaseMain.runTestCase(TestCaseMain.java:133)
	at com.kms.katalon.core.keyword.builtin.CallTestCaseKeyword$_callTestCase_closure1.doCall(CallTestCaseKeyword.groovy:59)
	at com.kms.katalon.core.keyword.builtin.CallTestCaseKeyword$_callTestCase_closure1.call(CallTestCaseKeyword.groovy)
	at com.kms.katalon.core.keyword.internal.KeywordMain.runKeyword(KeywordMain.groovy:75)
	at com.kms.katalon.core.keyword.builtin.CallTestCaseKeyword.callTestCase(CallTestCaseKeyword.groovy:81)
	at com.kms.katalon.core.keyword.builtin.CallTestCaseKeyword.execute(CallTestCaseKeyword.groovy:44)
	at com.kms.katalon.core.keyword.internal.KeywordExecutor.executeKeywordForPlatform(KeywordExecutor.groovy:74)
	at com.kms.katalon.core.keyword.BuiltinKeywords.callTestCase(BuiltinKeywords.groovy:310)
	at java.base/jdk.internal.reflect.NativeMethodAccessorImpl.invoke0(Native Method)
	at java.base/jdk.internal.reflect.NativeMethodAccessorImpl.invoke(NativeMethodAccessorImpl.java:77)
	at java.base/jdk.internal.reflect.DelegatingMethodAccessorImpl.invoke(DelegatingMethodAccessorImpl.java:43)
	at Regresi Kelas.run(Regresi Kelas:26)
	at com.kms.katalon.core.main.ScriptEngine.run(ScriptEngine.java:194)
	at com.kms.katalon.core.main.ScriptEngine.runScriptAsRawText(ScriptEngine.java:119)
	at com.kms.katalon.core.main.TestCaseExecutor.runScript(TestCaseExecutor.java:448)
	at com.kms.katalon.core.main.TestCaseExecutor.doExecute(TestCaseExecutor.java:439)
	at com.kms.katalon.core.main.TestCaseExecutor.processExecutionPhase(TestCaseExecutor.java:418)
	at com.kms.katalon.core.main.TestCaseExecutor.accessMainPhase(TestCaseExecutor.java:410)
	at com.kms.katalon.core.main.TestCaseExecutor.execute(TestCaseExecutor.java:285)
	at com.kms.katalon.core.common.CommonExecutor.accessTestCaseMainPhase(CommonExecutor.java:65)
	at com.kms.katalon.core.main.TestSuiteExecutor.accessTestSuiteMainPhase(TestSuiteExecutor.java:161)
	at com.kms.katalon.core.main.TestSuiteExecutor.execute(TestSuiteExecutor.java:107)
	at com.kms.katalon.core.main.TestCaseMain.startTestSuite(TestCaseMain.java:176)
	at TempTestSuite1735878642439.run(TempTestSuite1735878642439.groovy:35)
	at java.base/jdk.internal.reflect.NativeMethodAccessorImpl.invoke0(Native Method)
	at java.base/jdk.internal.reflect.NativeMethodAccessorImpl.invoke(NativeMethodAccessorImpl.java:77)
	at java.base/jdk.internal.reflect.DelegatingMethodAccessorImpl.invoke(DelegatingMethodAccessorImpl.java:43)
Caused by: com.kms.katalon.core.webui.exception.WebElementNotFoundException: Web element with id: 'Object Repository/Master Data/Admin Sekolah/Tambah Kelas/Modal Tambah/Jurusan/Pilih Jurusan' located by '//*[@data-testid = 'paragraph' and (text() = 'olahraga' or . = 'olahraga')]' not found
	at com.kms.katalon.core.webui.common.WebUiCommonHelper.findWebElement(WebUiCommonHelper.java:1426)
	at com.kms.katalon.core.webui.keyword.internal.WebUIAbstractKeyword.findWebElement(WebUIAbstractKeyword.groovy:27)
	at com.kms.katalon.core.webui.keyword.builtin.ClickKeyword$_click_closure1.doCall(ClickKeyword.groovy:66)
	at com.kms.katalon.core.webui.keyword.builtin.ClickKeyword$_click_closure1.call(ClickKeyword.groovy)
	at com.kms.katalon.core.webui.keyword.internal.WebUIKeywordMain.runKeyword(WebUIKeywordMain.groovy:35)
	at com.kms.katalon.core.webui.keyword.builtin.ClickKeyword.click(ClickKeyword.groovy:75)
	at com.kms.katalon.core.webui.keyword.builtin.ClickKeyword.execute(ClickKeyword.groovy:40)
	at com.kms.katalon.core.keyword.internal.KeywordExecutor.executeKeywordForPlatform(KeywordExecutor.groovy:74)
	at com.kms.katalon.core.webui.keyword.WebUiBuiltInKeywords.click(WebUiBuiltInKeywords.groovy:684)
	at Script1731464206565.run(Script1731464206565.groovy:53)
	at com.kms.katalon.core.main.ScriptEngine.run(ScriptEngine.java:194)
	at com.kms.katalon.core.main.ScriptEngine.runScriptAsRawText(ScriptEngine.java:119)
	at com.kms.katalon.core.main.TestCaseExecutor.runScript(TestCaseExecutor.java:448)
	at com.kms.katalon.core.main.TestCaseExecutor.doExecute(TestCaseExecutor.java:439)
	at com.kms.katalon.core.main.TestCaseExecutor.processExecutionPhase(TestCaseExecutor.java:418)
	at com.kms.katalon.core.main.TestCaseExecutor.accessMainPhase(TestCaseExecutor.java:410)
	at com.kms.katalon.core.main.TestCaseExecutor.execute(TestCaseExecutor.java:285)
	at com.kms.katalon.core.main.TestCaseMain.runTestCase(TestCaseMain.java:133)
	at com.kms.katalon.core.keyword.builtin.CallTestCaseKeyword$_callTestCase_closure1.doCall(CallTestCaseKeyword.groovy:59)
	at com.kms.katalon.core.keyword.builtin.CallTestCaseKeyword$_callTestCase_closure1.call(CallTestCaseKeyword.groovy)
	at com.kms.katalon.core.keyword.internal.KeywordMain.runKeyword(KeywordMain.groovy:75)
	at com.kms.katalon.core.keyword.builtin.CallTestCaseKeyword.callTestCase(CallTestCaseKeyword.groovy:81)
	at com.kms.katalon.core.keyword.builtin.CallTestCaseKeyword.execute(CallTestCaseKeyword.groovy:44)
	at com.kms.katalon.core.keyword.internal.KeywordExecutor.executeKeywordForPlatform(KeywordExecutor.groovy:74)
	at com.kms.katalon.core.keyword.BuiltinKeywords.callTestCase(BuiltinKeywords.groovy:310)
	at java.base/jdk.internal.reflect.NativeMethodAccessorImpl.invoke0(Native Method)
	at java.base/jdk.internal.reflect.NativeMethodAccessorImpl.invoke(NativeMethodAccessorImpl.java:77)
	at java.base/jdk.internal.reflect.DelegatingMethodAccessorImpl.invoke(DelegatingMethodAccessorImpl.java:43)
	at Script1735746406961.run(Script1735746406961.groovy:26)
	... 15 more
)

03-01-2025T11:37:23 - [MESSAGE][INFO] - Unable to find the element located by 'By.xpath: //*[@data-testid = 'paragraph' and (text() = 'olahraga' or . = 'olahraga')]'. Please recheck the objects properties to make sure the desired element is located. 

03-01-2025T11:37:23 - [MESSAGE][WARNING] - [SELF-HEALING] Failed to find element with id 'Object Repository/Master Data/Admin Sekolah/Tambah Kelas/Modal Tambah/Jurusan/Pilih Jurusan'. Try using Self-healing.

03-01-2025T11:37:23 - [MESSAGE][WARNING] - [SELF-HEALING] Cannot find elements when the XPath is null.

03-01-2025T11:37:24 - [MESSAGE][WARNING] - [SELF-HEALING] Cannot find elements when the selector is null

03-01-2025T11:37:24 - [MESSAGE][FAILED] - Unable to click on object 'Object Repository/Master Data/Admin Sekolah/Tambah Kelas/Modal Tambah/Jurusan/Pilih Jurusan' (Root cause: com.kms.katalon.core.exception.StepFailedException: Unable to click on object 'Object Repository/Master Data/Admin Sekolah/Tambah Kelas/Modal Tambah/Jurusan/Pilih Jurusan'
	at com.kms.katalon.core.webui.keyword.internal.WebUIKeywordMain.stepFailed(WebUIKeywordMain.groovy:117)
	at com.kms.katalon.core.webui.keyword.internal.WebUIKeywordMain.runKeyword(WebUIKeywordMain.groovy:43)
	at com.kms.katalon.core.webui.keyword.builtin.ClickKeyword.click(ClickKeyword.groovy:75)
	at com.kms.katalon.core.webui.keyword.builtin.ClickKeyword.execute(ClickKeyword.groovy:40)
	at com.kms.katalon.core.keyword.internal.KeywordExecutor.executeKeywordForPlatform(KeywordExecutor.groovy:74)
	at com.kms.katalon.core.webui.keyword.WebUiBuiltInKeywords.click(WebUiBuiltInKeywords.groovy:684)
	at Tambah Kelas.run(Tambah Kelas:53)
	at com.kms.katalon.core.main.ScriptEngine.run(ScriptEngine.java:194)
	at com.kms.katalon.core.main.ScriptEngine.runScriptAsRawText(ScriptEngine.java:119)
	at com.kms.katalon.core.main.TestCaseExecutor.runScript(TestCaseExecutor.java:448)
	at com.kms.katalon.core.main.TestCaseExecutor.doExecute(TestCaseExecutor.java:439)
	at com.kms.katalon.core.main.TestCaseExecutor.processExecutionPhase(TestCaseExecutor.java:418)
	at com.kms.katalon.core.main.TestCaseExecutor.accessMainPhase(TestCaseExecutor.java:410)
	at com.kms.katalon.core.main.TestCaseExecutor.execute(TestCaseExecutor.java:285)
	at com.kms.katalon.core.main.TestCaseMain.runTestCase(TestCaseMain.java:133)
	at com.kms.katalon.core.keyword.builtin.CallTestCaseKeyword$_callTestCase_closure1.doCall(CallTestCaseKeyword.groovy:59)
	at com.kms.katalon.core.keyword.builtin.CallTestCaseKeyword$_callTestCase_closure1.call(CallTestCaseKeyword.groovy)
	at com.kms.katalon.core.keyword.internal.KeywordMain.runKeyword(KeywordMain.groovy:75)
	at com.kms.katalon.core.keyword.builtin.CallTestCaseKeyword.callTestCase(CallTestCaseKeyword.groovy:81)
	at com.kms.katalon.core.keyword.builtin.CallTestCaseKeyword.execute(CallTestCaseKeyword.groovy:44)
	at com.kms.katalon.core.keyword.internal.KeywordExecutor.executeKeywordForPlatform(KeywordExecutor.groovy:74)
	at com.kms.katalon.core.keyword.BuiltinKeywords.callTestCase(BuiltinKeywords.groovy:310)
	at java.base/jdk.internal.reflect.NativeMethodAccessorImpl.invoke0(Native Method)
	at java.base/jdk.internal.reflect.NativeMethodAccessorImpl.invoke(NativeMethodAccessorImpl.java:77)
	at java.base/jdk.internal.reflect.DelegatingMethodAccessorImpl.invoke(DelegatingMethodAccessorImpl.java:43)
	at Regresi Kelas.run(Regresi Kelas:26)
	at com.kms.katalon.core.main.ScriptEngine.run(ScriptEngine.java:194)
	at com.kms.katalon.core.main.ScriptEngine.runScriptAsRawText(ScriptEngine.java:119)
	at com.kms.katalon.core.main.TestCaseExecutor.runScript(TestCaseExecutor.java:448)
	at com.kms.katalon.core.main.TestCaseExecutor.doExecute(TestCaseExecutor.java:439)
	at com.kms.katalon.core.main.TestCaseExecutor.processExecutionPhase(TestCaseExecutor.java:418)
	at com.kms.katalon.core.main.TestCaseExecutor.accessMainPhase(TestCaseExecutor.java:410)
	at com.kms.katalon.core.main.TestCaseExecutor.execute(TestCaseExecutor.java:285)
	at com.kms.katalon.core.common.CommonExecutor.accessTestCaseMainPhase(CommonExecutor.java:65)
	at com.kms.katalon.core.main.TestSuiteExecutor.accessTestSuiteMainPhase(TestSuiteExecutor.java:161)
	at com.kms.katalon.core.main.TestSuiteExecutor.execute(TestSuiteExecutor.java:107)
	at com.kms.katalon.core.main.TestCaseMain.startTestSuite(TestCaseMain.java:176)
	at TempTestSuite1735878642439.run(TempTestSuite1735878642439.groovy:35)
	at java.base/jdk.internal.reflect.NativeMethodAccessorImpl.invoke0(Native Method)
	at java.base/jdk.internal.reflect.NativeMethodAccessorImpl.invoke(NativeMethodAccessorImpl.java:77)
	at java.base/jdk.internal.reflect.DelegatingMethodAccessorImpl.invoke(DelegatingMethodAccessorImpl.java:43)
Caused by: com.kms.katalon.core.webui.exception.WebElementNotFoundException: Web element with id: 'Object Repository/Master Data/Admin Sekolah/Tambah Kelas/Modal Tambah/Jurusan/Pilih Jurusan' located by '//*[@data-testid = 'paragraph' and (text() = 'olahraga' or . = 'olahraga')]' not found
	at com.kms.katalon.core.webui.common.WebUiCommonHelper.findWebElement(WebUiCommonHelper.java:1426)
	at com.kms.katalon.core.webui.keyword.internal.WebUIAbstractKeyword.findWebElement(WebUIAbstractKeyword.groovy:27)
	at com.kms.katalon.core.webui.keyword.builtin.ClickKeyword$_click_closure1.doCall(ClickKeyword.groovy:66)
	at com.kms.katalon.core.webui.keyword.builtin.ClickKeyword$_click_closure1.call(ClickKeyword.groovy)
	at com.kms.katalon.core.webui.keyword.internal.WebUIKeywordMain.runKeyword(WebUIKeywordMain.groovy:35)
	at com.kms.katalon.core.webui.keyword.builtin.ClickKeyword.click(ClickKeyword.groovy:75)
	at com.kms.katalon.core.webui.keyword.builtin.ClickKeyword.execute(ClickKeyword.groovy:40)
	at com.kms.katalon.core.keyword.internal.KeywordExecutor.executeKeywordForPlatform(KeywordExecutor.groovy:74)
	at com.kms.katalon.core.webui.keyword.WebUiBuiltInKeywords.click(WebUiBuiltInKeywords.groovy:684)
	at Script1731464206565.run(Script1731464206565.groovy:53)
	at com.kms.katalon.core.main.ScriptEngine.run(ScriptEngine.java:194)
	at com.kms.katalon.core.main.ScriptEngine.runScriptAsRawText(ScriptEngine.java:119)
	at com.kms.katalon.core.main.TestCaseExecutor.runScript(TestCaseExecutor.java:448)
	at com.kms.katalon.core.main.TestCaseExecutor.doExecute(TestCaseExecutor.java:439)
	at com.kms.katalon.core.main.TestCaseExecutor.processExecutionPhase(TestCaseExecutor.java:418)
	at com.kms.katalon.core.main.TestCaseExecutor.accessMainPhase(TestCaseExecutor.java:410)
	at com.kms.katalon.core.main.TestCaseExecutor.execute(TestCaseExecutor.java:285)
	at com.kms.katalon.core.main.TestCaseMain.runTestCase(TestCaseMain.java:133)
	at com.kms.katalon.core.keyword.builtin.CallTestCaseKeyword$_callTestCase_closure1.doCall(CallTestCaseKeyword.groovy:59)
	at com.kms.katalon.core.keyword.builtin.CallTestCaseKeyword$_callTestCase_closure1.call(CallTestCaseKeyword.groovy)
	at com.kms.katalon.core.keyword.internal.KeywordMain.runKeyword(KeywordMain.groovy:75)
	at com.kms.katalon.core.keyword.builtin.CallTestCaseKeyword.callTestCase(CallTestCaseKeyword.groovy:81)
	at com.kms.katalon.core.keyword.builtin.CallTestCaseKeyword.execute(CallTestCaseKeyword.groovy:44)
	at com.kms.katalon.core.keyword.internal.KeywordExecutor.executeKeywordForPlatform(KeywordExecutor.groovy:74)
	at com.kms.katalon.core.keyword.BuiltinKeywords.callTestCase(BuiltinKeywords.groovy:310)
	at java.base/jdk.internal.reflect.NativeMethodAccessorImpl.invoke0(Native Method)
	at java.base/jdk.internal.reflect.NativeMethodAccessorImpl.invoke(NativeMethodAccessorImpl.java:77)
	at java.base/jdk.internal.reflect.DelegatingMethodAccessorImpl.invoke(DelegatingMethodAccessorImpl.java:43)
	at Script1735746406961.run(Script1735746406961.groovy:26)
	... 15 more
)
[[ATTACHMENT|C:\\Users\\henri\\Videos\\school-payment-automation-testing\\Reports\\20250103_113042\\SPRINT 1\\20250103_113042\\1735879044542.png]]

03-01-2025T11:37:24 - [TEST_STEP][PASSED] - click(findTestObject("Master Data/Admin Sekolah/Tambah Kelas/Modal Tambah/Tambahkan/Tambah Data"), CONTINUE_ON_FAILURE): Object: 'Object Repository/Master Data/Admin Sekolah/Tambah Kelas/Modal Tambah/Tambahkan/Tambah Data' is clicked on

03-01-2025T11:37:24 - [MESSAGE][PASSED] - Object: 'Object Repository/Master Data/Admin Sekolah/Tambah Kelas/Modal Tambah/Tambahkan/Tambah Data' is clicked on

03-01-2025T11:37:24 - [TEST_STEP][PASSED] - closeBrowser(CONTINUE_ON_FAILURE): Browser is closed

03-01-2025T11:37:25 - [MESSAGE][PASSED] - Browser is closed

03-01-2025T11:37:25 - [MESSAGE][FAILED] - Unable to call Test Case 'Test Cases/Master Data/Admin Sekolah/Master Data Kelas/Tambah Kelas' (Root cause: com.kms.katalon.core.exception.StepFailedException: Call Test Case 'Test Cases/Master Data/Admin Sekolah/Master Data Kelas/Tambah Kelas' failed
	at com.kms.katalon.core.keyword.builtin.CallTestCaseKeyword$_callTestCase_closure1.doCall(CallTestCaseKeyword.groovy:63)
	at com.kms.katalon.core.keyword.builtin.CallTestCaseKeyword$_callTestCase_closure1.call(CallTestCaseKeyword.groovy)
	at com.kms.katalon.core.keyword.internal.KeywordMain.runKeyword(KeywordMain.groovy:75)
	at com.kms.katalon.core.keyword.builtin.CallTestCaseKeyword.callTestCase(CallTestCaseKeyword.groovy:81)
	at com.kms.katalon.core.keyword.builtin.CallTestCaseKeyword.execute(CallTestCaseKeyword.groovy:44)
	at com.kms.katalon.core.keyword.internal.KeywordExecutor.executeKeywordForPlatform(KeywordExecutor.groovy:74)
	at com.kms.katalon.core.keyword.BuiltinKeywords.callTestCase(BuiltinKeywords.groovy:310)
	at java.base/jdk.internal.reflect.NativeMethodAccessorImpl.invoke0(Native Method)
	at java.base/jdk.internal.reflect.NativeMethodAccessorImpl.invoke(NativeMethodAccessorImpl.java:77)
	at java.base/jdk.internal.reflect.DelegatingMethodAccessorImpl.invoke(DelegatingMethodAccessorImpl.java:43)
	at Regresi Kelas.run(Regresi Kelas:26)
	at com.kms.katalon.core.main.ScriptEngine.run(ScriptEngine.java:194)
	at com.kms.katalon.core.main.ScriptEngine.runScriptAsRawText(ScriptEngine.java:119)
	at com.kms.katalon.core.main.TestCaseExecutor.runScript(TestCaseExecutor.java:448)
	at com.kms.katalon.core.main.TestCaseExecutor.doExecute(TestCaseExecutor.java:439)
	at com.kms.katalon.core.main.TestCaseExecutor.processExecutionPhase(TestCaseExecutor.java:418)
	at com.kms.katalon.core.main.TestCaseExecutor.accessMainPhase(TestCaseExecutor.java:410)
	at com.kms.katalon.core.main.TestCaseExecutor.execute(TestCaseExecutor.java:285)
	at com.kms.katalon.core.common.CommonExecutor.accessTestCaseMainPhase(CommonExecutor.java:65)
	at com.kms.katalon.core.main.TestSuiteExecutor.accessTestSuiteMainPhase(TestSuiteExecutor.java:161)
	at com.kms.katalon.core.main.TestSuiteExecutor.execute(TestSuiteExecutor.java:107)
	at com.kms.katalon.core.main.TestCaseMain.startTestSuite(TestCaseMain.java:176)
	at TempTestSuite1735878642439.run(TempTestSuite1735878642439.groovy:35)
	at java.base/jdk.internal.reflect.NativeMethodAccessorImpl.invoke0(Native Method)
	at java.base/jdk.internal.reflect.NativeMethodAccessorImpl.invoke(NativeMethodAccessorImpl.java:77)
	at java.base/jdk.internal.reflect.DelegatingMethodAccessorImpl.invoke(DelegatingMethodAccessorImpl.java:43)
Caused by: com.kms.katalon.core.exception.StepFailedException: Unable to click on object 'Object Repository/Master Data/Admin Sekolah/Tambah Kelas/Modal Tambah/Prefix/Pilih Prefix' (Root cause: com.kms.katalon.core.exception.StepFailedException: Unable to click on object 'Object Repository/Master Data/Admin Sekolah/Tambah Kelas/Modal Tambah/Prefix/Pilih Prefix'
	at com.kms.katalon.core.webui.keyword.internal.WebUIKeywordMain.stepFailed(WebUIKeywordMain.groovy:117)
	at com.kms.katalon.core.webui.keyword.internal.WebUIKeywordMain.runKeyword(WebUIKeywordMain.groovy:43)
	at com.kms.katalon.core.webui.keyword.builtin.ClickKeyword.click(ClickKeyword.groovy:75)
	at com.kms.katalon.core.webui.keyword.builtin.ClickKeyword.execute(ClickKeyword.groovy:40)
	at com.kms.katalon.core.keyword.internal.KeywordExecutor.executeKeywordForPlatform(KeywordExecutor.groovy:74)
	at com.kms.katalon.core.webui.keyword.WebUiBuiltInKeywords.click(WebUiBuiltInKeywords.groovy:684)
	at Tambah Kelas.run(Tambah Kelas:46)
	at com.kms.katalon.core.main.ScriptEngine.run(ScriptEngine.java:194)
	at com.kms.katalon.core.main.ScriptEngine.runScriptAsRawText(ScriptEngine.java:119)
	at com.kms.katalon.core.main.TestCaseExecutor.runScript(TestCaseExecutor.java:448)
	at com.kms.katalon.core.main.TestCaseExecutor.doExecute(TestCaseExecutor.java:439)
	at com.kms.katalon.core.main.TestCaseExecutor.processExecutionPhase(TestCaseExecutor.java:418)
	at com.kms.katalon.core.main.TestCaseExecutor.accessMainPhase(TestCaseExecutor.java:410)
	at com.kms.katalon.core.main.TestCaseExecutor.execute(TestCaseExecutor.java:285)
	at com.kms.katalon.core.main.TestCaseMain.runTestCase(TestCaseMain.java:133)
	at com.kms.katalon.core.keyword.builtin.CallTestCaseKeyword$_callTestCase_closure1.doCall(CallTestCaseKeyword.groovy:59)
	at com.kms.katalon.core.keyword.builtin.CallTestCaseKeyword$_callTestCase_closure1.call(CallTestCaseKeyword.groovy)
	at com.kms.katalon.core.keyword.internal.KeywordMain.runKeyword(KeywordMain.groovy:75)
	at com.kms.katalon.core.keyword.builtin.CallTestCaseKeyword.callTestCase(CallTestCaseKeyword.groovy:81)
	at com.kms.katalon.core.keyword.builtin.CallTestCaseKeyword.execute(CallTestCaseKeyword.groovy:44)
	at com.kms.katalon.core.keyword.internal.KeywordExecutor.executeKeywordForPlatform(KeywordExecutor.groovy:74)
	at com.kms.katalon.core.keyword.BuiltinKeywords.callTestCase(BuiltinKeywords.groovy:310)
	at java.base/jdk.internal.reflect.NativeMethodAccessorImpl.invoke0(Native Method)
	at java.base/jdk.internal.reflect.NativeMethodAccessorImpl.invoke(NativeMethodAccessorImpl.java:77)
	at java.base/jdk.internal.reflect.DelegatingMethodAccessorImpl.invoke(DelegatingMethodAccessorImpl.java:43)
	at Regresi Kelas.run(Regresi Kelas:26)
	at com.kms.katalon.core.main.ScriptEngine.run(ScriptEngine.java:194)
	at com.kms.katalon.core.main.ScriptEngine.runScriptAsRawText(ScriptEngine.java:119)
	at com.kms.katalon.core.main.TestCaseExecutor.runScript(TestCaseExecutor.java:448)
	at com.kms.katalon.core.main.TestCaseExecutor.doExecute(TestCaseExecutor.java:439)
	at com.kms.katalon.core.main.TestCaseExecutor.processExecutionPhase(TestCaseExecutor.java:418)
	at com.kms.katalon.core.main.TestCaseExecutor.accessMainPhase(TestCaseExecutor.java:410)
	at com.kms.katalon.core.main.TestCaseExecutor.execute(TestCaseExecutor.java:285)
	at com.kms.katalon.core.common.CommonExecutor.accessTestCaseMainPhase(CommonExecutor.java:65)
	at com.kms.katalon.core.main.TestSuiteExecutor.accessTestSuiteMainPhase(TestSuiteExecutor.java:161)
	at com.kms.katalon.core.main.TestSuiteExecutor.execute(TestSuiteExecutor.java:107)
	at com.kms.katalon.core.main.TestCaseMain.startTestSuite(TestCaseMain.java:176)
	at TempTestSuite1735878642439.run(TempTestSuite1735878642439.groovy:35)
	at java.base/jdk.internal.reflect.NativeMethodAccessorImpl.invoke0(Native Method)
	at java.base/jdk.internal.reflect.NativeMethodAccessorImpl.invoke(NativeMethodAccessorImpl.java:77)
	at java.base/jdk.internal.reflect.DelegatingMethodAccessorImpl.invoke(DelegatingMethodAccessorImpl.java:43)
Caused by: com.kms.katalon.core.webui.exception.WebElementNotFoundException: Web element with id: 'Object Repository/Master Data/Admin Sekolah/Tambah Kelas/Modal Tambah/Prefix/Pilih Prefix' located by '//*[@data-testid = 'paragraph' and (text() = 'RETEST' or . = 'RETEST')]' not found
	at com.kms.katalon.core.webui.common.WebUiCommonHelper.findWebElement(WebUiCommonHelper.java:1426)
	at com.kms.katalon.core.webui.keyword.internal.WebUIAbstractKeyword.findWebElement(WebUIAbstractKeyword.groovy:27)
	at com.kms.katalon.core.webui.keyword.builtin.ClickKeyword$_click_closure1.doCall(ClickKeyword.groovy:66)
	at com.kms.katalon.core.webui.keyword.builtin.ClickKeyword$_click_closure1.call(ClickKeyword.groovy)
	at com.kms.katalon.core.webui.keyword.internal.WebUIKeywordMain.runKeyword(WebUIKeywordMain.groovy:35)
	at com.kms.katalon.core.webui.keyword.builtin.ClickKeyword.click(ClickKeyword.groovy:75)
	at com.kms.katalon.core.webui.keyword.builtin.ClickKeyword.execute(ClickKeyword.groovy:40)
	at com.kms.katalon.core.keyword.internal.KeywordExecutor.executeKeywordForPlatform(KeywordExecutor.groovy:74)
	at com.kms.katalon.core.webui.keyword.WebUiBuiltInKeywords.click(WebUiBuiltInKeywords.groovy:684)
	at Script1731464206565.run(Script1731464206565.groovy:46)
	at com.kms.katalon.core.main.ScriptEngine.run(ScriptEngine.java:194)
	at com.kms.katalon.core.main.ScriptEngine.runScriptAsRawText(ScriptEngine.java:119)
	at com.kms.katalon.core.main.TestCaseExecutor.runScript(TestCaseExecutor.java:448)
	at com.kms.katalon.core.main.TestCaseExecutor.doExecute(TestCaseExecutor.java:439)
	at com.kms.katalon.core.main.TestCaseExecutor.processExecutionPhase(TestCaseExecutor.java:418)
	at com.kms.katalon.core.main.TestCaseExecutor.accessMainPhase(TestCaseExecutor.java:410)
	at com.kms.katalon.core.main.TestCaseExecutor.execute(TestCaseExecutor.java:285)
	at com.kms.katalon.core.main.TestCaseMain.runTestCase(TestCaseMain.java:133)
	at com.kms.katalon.core.keyword.builtin.CallTestCaseKeyword$_callTestCase_closure1.doCall(CallTestCaseKeyword.groovy:59)
	at com.kms.katalon.core.keyword.builtin.CallTestCaseKeyword$_callTestCase_closure1.call(CallTestCaseKeyword.groovy)
	at com.kms.katalon.core.keyword.internal.KeywordMain.runKeyword(KeywordMain.groovy:75)
	at com.kms.katalon.core.keyword.builtin.CallTestCaseKeyword.callTestCase(CallTestCaseKeyword.groovy:81)
	at com.kms.katalon.core.keyword.builtin.CallTestCaseKeyword.execute(CallTestCaseKeyword.groovy:44)
	at com.kms.katalon.core.keyword.internal.KeywordExecutor.executeKeywordForPlatform(KeywordExecutor.groovy:74)
	at com.kms.katalon.core.keyword.BuiltinKeywords.callTestCase(BuiltinKeywords.groovy:310)
	at java.base/jdk.internal.reflect.NativeMethodAccessorImpl.invoke0(Native Method)
	at java.base/jdk.internal.reflect.NativeMethodAccessorImpl.invoke(NativeMethodAccessorImpl.java:77)
	at java.base/jdk.internal.reflect.DelegatingMethodAccessorImpl.invoke(DelegatingMethodAccessorImpl.java:43)
	at Script1735746406961.run(Script1735746406961.groovy:26)
	... 15 more
)
	at com.kms.katalon.core.keyword.internal.KeywordMain.stepFailed(KeywordMain.groovy:39)
	at com.kms.katalon.core.webui.keyword.internal.WebUIKeywordMain.stepFailed(WebUIKeywordMain.groovy:117)
	at com.kms.katalon.core.webui.keyword.internal.WebUIKeywordMain.runKeyword(WebUIKeywordMain.groovy:43)
	at com.kms.katalon.core.webui.keyword.builtin.ClickKeyword.click(ClickKeyword.groovy:75)
	at com.kms.katalon.core.webui.keyword.builtin.ClickKeyword.execute(ClickKeyword.groovy:40)
	at com.kms.katalon.core.keyword.internal.KeywordExecutor.executeKeywordForPlatform(KeywordExecutor.groovy:74)
	at com.kms.katalon.core.webui.keyword.WebUiBuiltInKeywords.click(WebUiBuiltInKeywords.groovy:684)
	at Tambah Kelas.run(Tambah Kelas:46)
	at com.kms.katalon.core.main.ScriptEngine.run(ScriptEngine.java:194)
	at com.kms.katalon.core.main.ScriptEngine.runScriptAsRawText(ScriptEngine.java:119)
	at com.kms.katalon.core.main.TestCaseExecutor.runScript(TestCaseExecutor.java:448)
	at com.kms.katalon.core.main.TestCaseExecutor.doExecute(TestCaseExecutor.java:439)
	at com.kms.katalon.core.main.TestCaseExecutor.processExecutionPhase(TestCaseExecutor.java:418)
	at com.kms.katalon.core.main.TestCaseExecutor.accessMainPhase(TestCaseExecutor.java:410)
	at com.kms.katalon.core.main.TestCaseExecutor.execute(TestCaseExecutor.java:285)
	at com.kms.katalon.core.main.TestCaseMain.runTestCase(TestCaseMain.java:133)
	at com.kms.katalon.core.keyword.builtin.CallTestCaseKeyword$_callTestCase_closure1.doCall(CallTestCaseKeyword.groovy:59)
	... 25 more
Caused by: com.kms.katalon.core.exception.StepFailedException: Unable to click on object 'Object Repository/Master Data/Admin Sekolah/Tambah Kelas/Modal Tambah/Prefix/Pilih Prefix'
	... 41 more
Caused by: com.kms.katalon.core.webui.exception.WebElementNotFoundException: Web element with id: 'Object Repository/Master Data/Admin Sekolah/Tambah Kelas/Modal Tambah/Prefix/Pilih Prefix' located by '//*[@data-testid = 'paragraph' and (text() = 'RETEST' or . = 'RETEST')]' not found
	at com.kms.katalon.core.webui.common.WebUiCommonHelper.findWebElement(WebUiCommonHelper.java:1426)
	at com.kms.katalon.core.webui.keyword.internal.WebUIAbstractKeyword.findWebElement(WebUIAbstractKeyword.groovy:27)
	at com.kms.katalon.core.webui.keyword.builtin.ClickKeyword$_click_closure1.doCall(ClickKeyword.groovy:66)
	at com.kms.katalon.core.webui.keyword.builtin.ClickKeyword$_click_closure1.call(ClickKeyword.groovy)
	at com.kms.katalon.core.webui.keyword.internal.WebUIKeywordMain.runKeyword(WebUIKeywordMain.groovy:35)
	... 39 more
)

03-01-2025T11:37:25 - [TEST_STEP][PASSED] - println("============================= Loop Again ==============================="): null]]></system-out>
         <system-err><![CDATA[03-01-2025T11:32:24 - [TEST_CASE][FAILED] - Test Cases/Regresi Feature/Sprint 1/Regresi Kelas: Test Cases/Regresi Feature/Sprint 1/Regresi Kelas FAILED.
Reason:
com.kms.katalon.core.exception.StepFailedException: Unable to call Test Case 'Test Cases/Master Data/Admin Sekolah/Master Data Kelas/Tambah Kelas' (Root cause: com.kms.katalon.core.exception.StepFailedException: Call Test Case 'Test Cases/Master Data/Admin Sekolah/Master Data Kelas/Tambah Kelas' failed
	at com.kms.katalon.core.keyword.builtin.CallTestCaseKeyword$_callTestCase_closure1.doCall(CallTestCaseKeyword.groovy:63)
	at com.kms.katalon.core.keyword.builtin.CallTestCaseKeyword$_callTestCase_closure1.call(CallTestCaseKeyword.groovy)
	at com.kms.katalon.core.keyword.internal.KeywordMain.runKeyword(KeywordMain.groovy:75)
	at com.kms.katalon.core.keyword.builtin.CallTestCaseKeyword.callTestCase(CallTestCaseKeyword.groovy:81)
	at com.kms.katalon.core.keyword.builtin.CallTestCaseKeyword.execute(CallTestCaseKeyword.groovy:44)
	at com.kms.katalon.core.keyword.internal.KeywordExecutor.executeKeywordForPlatform(KeywordExecutor.groovy:74)
	at com.kms.katalon.core.keyword.BuiltinKeywords.callTestCase(BuiltinKeywords.groovy:310)
	at java.base/jdk.internal.reflect.NativeMethodAccessorImpl.invoke0(Native Method)
	at java.base/jdk.internal.reflect.NativeMethodAccessorImpl.invoke(NativeMethodAccessorImpl.java:77)
	at java.base/jdk.internal.reflect.DelegatingMethodAccessorImpl.invoke(DelegatingMethodAccessorImpl.java:43)
	at Regresi Kelas.run(Regresi Kelas:26)
	at com.kms.katalon.core.main.ScriptEngine.run(ScriptEngine.java:194)
	at com.kms.katalon.core.main.ScriptEngine.runScriptAsRawText(ScriptEngine.java:119)
	at com.kms.katalon.core.main.TestCaseExecutor.runScript(TestCaseExecutor.java:448)
	at com.kms.katalon.core.main.TestCaseExecutor.doExecute(TestCaseExecutor.java:439)
	at com.kms.katalon.core.main.TestCaseExecutor.processExecutionPhase(TestCaseExecutor.java:418)
	at com.kms.katalon.core.main.TestCaseExecutor.accessMainPhase(TestCaseExecutor.java:410)
	at com.kms.katalon.core.main.TestCaseExecutor.execute(TestCaseExecutor.java:285)
	at com.kms.katalon.core.common.CommonExecutor.accessTestCaseMainPhase(CommonExecutor.java:65)
	at com.kms.katalon.core.main.TestSuiteExecutor.accessTestSuiteMainPhase(TestSuiteExecutor.java:161)
	at com.kms.katalon.core.main.TestSuiteExecutor.execute(TestSuiteExecutor.java:107)
	at com.kms.katalon.core.main.TestCaseMain.startTestSuite(TestCaseMain.java:176)
	at TempTestSuite1735878642439.run(TempTestSuite1735878642439.groovy:35)
	at java.base/jdk.internal.reflect.NativeMethodAccessorImpl.invoke0(Native Method)
	at java.base/jdk.internal.reflect.NativeMethodAccessorImpl.invoke(NativeMethodAccessorImpl.java:77)
	at java.base/jdk.internal.reflect.DelegatingMethodAccessorImpl.invoke(DelegatingMethodAccessorImpl.java:43)
Caused by: com.kms.katalon.core.exception.StepFailedException: Unable to click on object 'Object Repository/Master Data/Admin Sekolah/Tambah Kelas/Modal Tambah/Prefix/Pilih Prefix' (Root cause: com.kms.katalon.core.exception.StepFailedException: Unable to click on object 'Object Repository/Master Data/Admin Sekolah/Tambah Kelas/Modal Tambah/Prefix/Pilih Prefix'
	at com.kms.katalon.core.webui.keyword.internal.WebUIKeywordMain.stepFailed(WebUIKeywordMain.groovy:117)
	at com.kms.katalon.core.webui.keyword.internal.WebUIKeywordMain.runKeyword(WebUIKeywordMain.groovy:43)
	at com.kms.katalon.core.webui.keyword.builtin.ClickKeyword.click(ClickKeyword.groovy:75)
	at com.kms.katalon.core.webui.keyword.builtin.ClickKeyword.execute(ClickKeyword.groovy:40)
	at com.kms.katalon.core.keyword.internal.KeywordExecutor.executeKeywordForPlatform(KeywordExecutor.groovy:74)
	at com.kms.katalon.core.webui.keyword.WebUiBuiltInKeywords.click(WebUiBuiltInKeywords.groovy:684)
	at Tambah Kelas.run(Tambah Kelas:46)
	at com.kms.katalon.core.main.ScriptEngine.run(ScriptEngine.java:194)
	at com.kms.katalon.core.main.ScriptEngine.runScriptAsRawText(ScriptEngine.java:119)
	at com.kms.katalon.core.main.TestCaseExecutor.runScript(TestCaseExecutor.java:448)
	at com.kms.katalon.core.main.TestCaseExecutor.doExecute(TestCaseExecutor.java:439)
	at com.kms.katalon.core.main.TestCaseExecutor.processExecutionPhase(TestCaseExecutor.java:418)
	at com.kms.katalon.core.main.TestCaseExecutor.accessMainPhase(TestCaseExecutor.java:410)
	at com.kms.katalon.core.main.TestCaseExecutor.execute(TestCaseExecutor.java:285)
	at com.kms.katalon.core.main.TestCaseMain.runTestCase(TestCaseMain.java:133)
	at com.kms.katalon.core.keyword.builtin.CallTestCaseKeyword$_callTestCase_closure1.doCall(CallTestCaseKeyword.groovy:59)
	at com.kms.katalon.core.keyword.builtin.CallTestCaseKeyword$_callTestCase_closure1.call(CallTestCaseKeyword.groovy)
	at com.kms.katalon.core.keyword.internal.KeywordMain.runKeyword(KeywordMain.groovy:75)
	at com.kms.katalon.core.keyword.builtin.CallTestCaseKeyword.callTestCase(CallTestCaseKeyword.groovy:81)
	at com.kms.katalon.core.keyword.builtin.CallTestCaseKeyword.execute(CallTestCaseKeyword.groovy:44)
	at com.kms.katalon.core.keyword.internal.KeywordExecutor.executeKeywordForPlatform(KeywordExecutor.groovy:74)
	at com.kms.katalon.core.keyword.BuiltinKeywords.callTestCase(BuiltinKeywords.groovy:310)
	at java.base/jdk.internal.reflect.NativeMethodAccessorImpl.invoke0(Native Method)
	at java.base/jdk.internal.reflect.NativeMethodAccessorImpl.invoke(NativeMethodAccessorImpl.java:77)
	at java.base/jdk.internal.reflect.DelegatingMethodAccessorImpl.invoke(DelegatingMethodAccessorImpl.java:43)
	at Regresi Kelas.run(Regresi Kelas:26)
	at com.kms.katalon.core.main.ScriptEngine.run(ScriptEngine.java:194)
	at com.kms.katalon.core.main.ScriptEngine.runScriptAsRawText(ScriptEngine.java:119)
	at com.kms.katalon.core.main.TestCaseExecutor.runScript(TestCaseExecutor.java:448)
	at com.kms.katalon.core.main.TestCaseExecutor.doExecute(TestCaseExecutor.java:439)
	at com.kms.katalon.core.main.TestCaseExecutor.processExecutionPhase(TestCaseExecutor.java:418)
	at com.kms.katalon.core.main.TestCaseExecutor.accessMainPhase(TestCaseExecutor.java:410)
	at com.kms.katalon.core.main.TestCaseExecutor.execute(TestCaseExecutor.java:285)
	at com.kms.katalon.core.common.CommonExecutor.accessTestCaseMainPhase(CommonExecutor.java:65)
	at com.kms.katalon.core.main.TestSuiteExecutor.accessTestSuiteMainPhase(TestSuiteExecutor.java:161)
	at com.kms.katalon.core.main.TestSuiteExecutor.execute(TestSuiteExecutor.java:107)
	at com.kms.katalon.core.main.TestCaseMain.startTestSuite(TestCaseMain.java:176)
	at TempTestSuite1735878642439.run(TempTestSuite1735878642439.groovy:35)
	at java.base/jdk.internal.reflect.NativeMethodAccessorImpl.invoke0(Native Method)
	at java.base/jdk.internal.reflect.NativeMethodAccessorImpl.invoke(NativeMethodAccessorImpl.java:77)
	at java.base/jdk.internal.reflect.DelegatingMethodAccessorImpl.invoke(DelegatingMethodAccessorImpl.java:43)
Caused by: com.kms.katalon.core.webui.exception.WebElementNotFoundException: Web element with id: 'Object Repository/Master Data/Admin Sekolah/Tambah Kelas/Modal Tambah/Prefix/Pilih Prefix' located by '//*[@data-testid = 'paragraph' and (text() = 'RETEST' or . = 'RETEST')]' not found
	at com.kms.katalon.core.webui.common.WebUiCommonHelper.findWebElement(WebUiCommonHelper.java:1426)
	at com.kms.katalon.core.webui.keyword.internal.WebUIAbstractKeyword.findWebElement(WebUIAbstractKeyword.groovy:27)
	at com.kms.katalon.core.webui.keyword.builtin.ClickKeyword$_click_closure1.doCall(ClickKeyword.groovy:66)
	at com.kms.katalon.core.webui.keyword.builtin.ClickKeyword$_click_closure1.call(ClickKeyword.groovy)
	at com.kms.katalon.core.webui.keyword.internal.WebUIKeywordMain.runKeyword(WebUIKeywordMain.groovy:35)
	at com.kms.katalon.core.webui.keyword.builtin.ClickKeyword.click(ClickKeyword.groovy:75)
	at com.kms.katalon.core.webui.keyword.builtin.ClickKeyword.execute(ClickKeyword.groovy:40)
	at com.kms.katalon.core.keyword.internal.KeywordExecutor.executeKeywordForPlatform(KeywordExecutor.groovy:74)
	at com.kms.katalon.core.webui.keyword.WebUiBuiltInKeywords.click(WebUiBuiltInKeywords.groovy:684)
	at Script1731464206565.run(Script1731464206565.groovy:46)
	at com.kms.katalon.core.main.ScriptEngine.run(ScriptEngine.java:194)
	at com.kms.katalon.core.main.ScriptEngine.runScriptAsRawText(ScriptEngine.java:119)
	at com.kms.katalon.core.main.TestCaseExecutor.runScript(TestCaseExecutor.java:448)
	at com.kms.katalon.core.main.TestCaseExecutor.doExecute(TestCaseExecutor.java:439)
	at com.kms.katalon.core.main.TestCaseExecutor.processExecutionPhase(TestCaseExecutor.java:418)
	at com.kms.katalon.core.main.TestCaseExecutor.accessMainPhase(TestCaseExecutor.java:410)
	at com.kms.katalon.core.main.TestCaseExecutor.execute(TestCaseExecutor.java:285)
	at com.kms.katalon.core.main.TestCaseMain.runTestCase(TestCaseMain.java:133)
	at com.kms.katalon.core.keyword.builtin.CallTestCaseKeyword$_callTestCase_closure1.doCall(CallTestCaseKeyword.groovy:59)
	at com.kms.katalon.core.keyword.builtin.CallTestCaseKeyword$_callTestCase_closure1.call(CallTestCaseKeyword.groovy)
	at com.kms.katalon.core.keyword.internal.KeywordMain.runKeyword(KeywordMain.groovy:75)
	at com.kms.katalon.core.keyword.builtin.CallTestCaseKeyword.callTestCase(CallTestCaseKeyword.groovy:81)
	at com.kms.katalon.core.keyword.builtin.CallTestCaseKeyword.execute(CallTestCaseKeyword.groovy:44)
	at com.kms.katalon.core.keyword.internal.KeywordExecutor.executeKeywordForPlatform(KeywordExecutor.groovy:74)
	at com.kms.katalon.core.keyword.BuiltinKeywords.callTestCase(BuiltinKeywords.groovy:310)
	at java.base/jdk.internal.reflect.NativeMethodAccessorImpl.invoke0(Native Method)
	at java.base/jdk.internal.reflect.NativeMethodAccessorImpl.invoke(NativeMethodAccessorImpl.java:77)
	at java.base/jdk.internal.reflect.DelegatingMethodAccessorImpl.invoke(DelegatingMethodAccessorImpl.java:43)
	at Script1735746406961.run(Script1735746406961.groovy:26)
	... 15 more
)
	at com.kms.katalon.core.keyword.internal.KeywordMain.stepFailed(KeywordMain.groovy:39)
	at com.kms.katalon.core.webui.keyword.internal.WebUIKeywordMain.stepFailed(WebUIKeywordMain.groovy:117)
	at com.kms.katalon.core.webui.keyword.internal.WebUIKeywordMain.runKeyword(WebUIKeywordMain.groovy:43)
	at com.kms.katalon.core.webui.keyword.builtin.ClickKeyword.click(ClickKeyword.groovy:75)
	at com.kms.katalon.core.webui.keyword.builtin.ClickKeyword.execute(ClickKeyword.groovy:40)
	at com.kms.katalon.core.keyword.internal.KeywordExecutor.executeKeywordForPlatform(KeywordExecutor.groovy:74)
	at com.kms.katalon.core.webui.keyword.WebUiBuiltInKeywords.click(WebUiBuiltInKeywords.groovy:684)
	at Tambah Kelas.run(Tambah Kelas:46)
	at com.kms.katalon.core.main.ScriptEngine.run(ScriptEngine.java:194)
	at com.kms.katalon.core.main.ScriptEngine.runScriptAsRawText(ScriptEngine.java:119)
	at com.kms.katalon.core.main.TestCaseExecutor.runScript(TestCaseExecutor.java:448)
	at com.kms.katalon.core.main.TestCaseExecutor.doExecute(TestCaseExecutor.java:439)
	at com.kms.katalon.core.main.TestCaseExecutor.processExecutionPhase(TestCaseExecutor.java:418)
	at com.kms.katalon.core.main.TestCaseExecutor.accessMainPhase(TestCaseExecutor.java:410)
	at com.kms.katalon.core.main.TestCaseExecutor.execute(TestCaseExecutor.java:285)
	at com.kms.katalon.core.main.TestCaseMain.runTestCase(TestCaseMain.java:133)
	at com.kms.katalon.core.keyword.builtin.CallTestCaseKeyword$_callTestCase_closure1.doCall(CallTestCaseKeyword.groovy:59)
	... 25 more
Caused by: com.kms.katalon.core.exception.StepFailedException: Unable to click on object 'Object Repository/Master Data/Admin Sekolah/Tambah Kelas/Modal Tambah/Prefix/Pilih Prefix'
	... 41 more
Caused by: com.kms.katalon.core.webui.exception.WebElementNotFoundException: Web element with id: 'Object Repository/Master Data/Admin Sekolah/Tambah Kelas/Modal Tambah/Prefix/Pilih Prefix' located by '//*[@data-testid = 'paragraph' and (text() = 'RETEST' or . = 'RETEST')]' not found
	at com.kms.katalon.core.webui.common.WebUiCommonHelper.findWebElement(WebUiCommonHelper.java:1426)
	at com.kms.katalon.core.webui.keyword.internal.WebUIAbstractKeyword.findWebElement(WebUIAbstractKeyword.groovy:27)
	at com.kms.katalon.core.webui.keyword.builtin.ClickKeyword$_click_closure1.doCall(ClickKeyword.groovy:66)
	at com.kms.katalon.core.webui.keyword.builtin.ClickKeyword$_click_closure1.call(ClickKeyword.groovy)
	at com.kms.katalon.core.webui.keyword.internal.WebUIKeywordMain.runKeyword(WebUIKeywordMain.groovy:35)
	... 39 more
)
	at com.kms.katalon.core.keyword.internal.KeywordMain.stepFailed(KeywordMain.groovy:39)
	at com.kms.katalon.core.keyword.internal.KeywordMain.stepFailed(KeywordMain.groovy)
	at com.kms.katalon.core.keyword.internal.KeywordMain.runKeyword(KeywordMain.groovy:77)
	at com.kms.katalon.core.keyword.builtin.CallTestCaseKeyword.callTestCase(CallTestCaseKeyword.groovy:81)
	at com.kms.katalon.core.keyword.builtin.CallTestCaseKeyword.execute(CallTestCaseKeyword.groovy:44)
	at com.kms.katalon.core.keyword.internal.KeywordExecutor.executeKeywordForPlatform(KeywordExecutor.groovy:74)
	at com.kms.katalon.core.keyword.BuiltinKeywords.callTestCase(BuiltinKeywords.groovy:310)
	at java.base/jdk.internal.reflect.NativeMethodAccessorImpl.invoke0(Native Method)
	at java.base/jdk.internal.reflect.NativeMethodAccessorImpl.invoke(NativeMethodAccessorImpl.java:77)
	at java.base/jdk.internal.reflect.DelegatingMethodAccessorImpl.invoke(DelegatingMethodAccessorImpl.java:43)
	at Regresi Kelas.run(Regresi Kelas:26)
	at com.kms.katalon.core.main.ScriptEngine.run(ScriptEngine.java:194)
	at com.kms.katalon.core.main.ScriptEngine.runScriptAsRawText(ScriptEngine.java:119)
	at com.kms.katalon.core.main.TestCaseExecutor.runScript(TestCaseExecutor.java:448)
	at com.kms.katalon.core.main.TestCaseExecutor.doExecute(TestCaseExecutor.java:439)
	at com.kms.katalon.core.main.TestCaseExecutor.processExecutionPhase(TestCaseExecutor.java:418)
	at com.kms.katalon.core.main.TestCaseExecutor.accessMainPhase(TestCaseExecutor.java:410)
	at com.kms.katalon.core.main.TestCaseExecutor.execute(TestCaseExecutor.java:285)
	at com.kms.katalon.core.common.CommonExecutor.accessTestCaseMainPhase(CommonExecutor.java:65)
	at com.kms.katalon.core.main.TestSuiteExecutor.accessTestSuiteMainPhase(TestSuiteExecutor.java:161)
	at com.kms.katalon.core.main.TestSuiteExecutor.execute(TestSuiteExecutor.java:107)
	at com.kms.katalon.core.main.TestCaseMain.startTestSuite(TestCaseMain.java:176)
	at TempTestSuite1735878642439.run(TempTestSuite1735878642439.groovy:35)
	at java.base/jdk.internal.reflect.NativeMethodAccessorImpl.invoke0(Native Method)
	at java.base/jdk.internal.reflect.NativeMethodAccessorImpl.invoke(NativeMethodAccessorImpl.java:77)
	at java.base/jdk.internal.reflect.DelegatingMethodAccessorImpl.invoke(DelegatingMethodAccessorImpl.java:43)
Caused by: com.kms.katalon.core.exception.StepFailedException: Call Test Case 'Test Cases/Master Data/Admin Sekolah/Master Data Kelas/Tambah Kelas' failed
	at com.kms.katalon.core.keyword.builtin.CallTestCaseKeyword$_callTestCase_closure1.doCall(CallTestCaseKeyword.groovy:63)
	at com.kms.katalon.core.keyword.builtin.CallTestCaseKeyword$_callTestCase_closure1.call(CallTestCaseKeyword.groovy)
	at com.kms.katalon.core.keyword.internal.KeywordMain.runKeyword(KeywordMain.groovy:75)
	... 23 more
Caused by: com.kms.katalon.core.exception.StepFailedException: Unable to click on object 'Object Repository/Master Data/Admin Sekolah/Tambah Kelas/Modal Tambah/Prefix/Pilih Prefix' (Root cause: com.kms.katalon.core.exception.StepFailedException: Unable to click on object 'Object Repository/Master Data/Admin Sekolah/Tambah Kelas/Modal Tambah/Prefix/Pilih Prefix'
	at com.kms.katalon.core.webui.keyword.internal.WebUIKeywordMain.stepFailed(WebUIKeywordMain.groovy:117)
	at com.kms.katalon.core.webui.keyword.internal.WebUIKeywordMain.runKeyword(WebUIKeywordMain.groovy:43)
	at com.kms.katalon.core.webui.keyword.builtin.ClickKeyword.click(ClickKeyword.groovy:75)
	at com.kms.katalon.core.webui.keyword.builtin.ClickKeyword.execute(ClickKeyword.groovy:40)
	at com.kms.katalon.core.keyword.internal.KeywordExecutor.executeKeywordForPlatform(KeywordExecutor.groovy:74)
	at com.kms.katalon.core.webui.keyword.WebUiBuiltInKeywords.click(WebUiBuiltInKeywords.groovy:684)
	at Tambah Kelas.run(Tambah Kelas:46)
	at com.kms.katalon.core.main.ScriptEngine.run(ScriptEngine.java:194)
	at com.kms.katalon.core.main.ScriptEngine.runScriptAsRawText(ScriptEngine.java:119)
	at com.kms.katalon.core.main.TestCaseExecutor.runScript(TestCaseExecutor.java:448)
	at com.kms.katalon.core.main.TestCaseExecutor.doExecute(TestCaseExecutor.java:439)
	at com.kms.katalon.core.main.TestCaseExecutor.processExecutionPhase(TestCaseExecutor.java:418)
	at com.kms.katalon.core.main.TestCaseExecutor.accessMainPhase(TestCaseExecutor.java:410)
	at com.kms.katalon.core.main.TestCaseExecutor.execute(TestCaseExecutor.java:285)
	at com.kms.katalon.core.main.TestCaseMain.runTestCase(TestCaseMain.java:133)
	at com.kms.katalon.core.keyword.builtin.CallTestCaseKeyword$_callTestCase_closure1.doCall(CallTestCaseKeyword.groovy:59)
	at com.kms.katalon.core.keyword.builtin.CallTestCaseKeyword$_callTestCase_closure1.call(CallTestCaseKeyword.groovy)
	at com.kms.katalon.core.keyword.internal.KeywordMain.runKeyword(KeywordMain.groovy:75)
	at com.kms.katalon.core.keyword.builtin.CallTestCaseKeyword.callTestCase(CallTestCaseKeyword.groovy:81)
	at com.kms.katalon.core.keyword.builtin.CallTestCaseKeyword.execute(CallTestCaseKeyword.groovy:44)
	at com.kms.katalon.core.keyword.internal.KeywordExecutor.executeKeywordForPlatform(KeywordExecutor.groovy:74)
	at com.kms.katalon.core.keyword.BuiltinKeywords.callTestCase(BuiltinKeywords.groovy:310)
	at java.base/jdk.internal.reflect.NativeMethodAccessorImpl.invoke0(Native Method)
	at java.base/jdk.internal.reflect.NativeMethodAccessorImpl.invoke(NativeMethodAccessorImpl.java:77)
	at java.base/jdk.internal.reflect.DelegatingMethodAccessorImpl.invoke(DelegatingMethodAccessorImpl.java:43)
	at Regresi Kelas.run(Regresi Kelas:26)
	at com.kms.katalon.core.main.ScriptEngine.run(ScriptEngine.java:194)
	at com.kms.katalon.core.main.ScriptEngine.runScriptAsRawText(ScriptEngine.java:119)
	at com.kms.katalon.core.main.TestCaseExecutor.runScript(TestCaseExecutor.java:448)
	at com.kms.katalon.core.main.TestCaseExecutor.doExecute(TestCaseExecutor.java:439)
	at com.kms.katalon.core.main.TestCaseExecutor.processExecutionPhase(TestCaseExecutor.java:418)
	at com.kms.katalon.core.main.TestCaseExecutor.accessMainPhase(TestCaseExecutor.java:410)
	at com.kms.katalon.core.main.TestCaseExecutor.execute(TestCaseExecutor.java:285)
	at com.kms.katalon.core.common.CommonExecutor.accessTestCaseMainPhase(CommonExecutor.java:65)
	at com.kms.katalon.core.main.TestSuiteExecutor.accessTestSuiteMainPhase(TestSuiteExecutor.java:161)
	at com.kms.katalon.core.main.TestSuiteExecutor.execute(TestSuiteExecutor.java:107)
	at com.kms.katalon.core.main.TestCaseMain.startTestSuite(TestCaseMain.java:176)
	at TempTestSuite1735878642439.run(TempTestSuite1735878642439.groovy:35)
	at java.base/jdk.internal.reflect.NativeMethodAccessorImpl.invoke0(Native Method)
	at java.base/jdk.internal.reflect.NativeMethodAccessorImpl.invoke(NativeMethodAccessorImpl.java:77)
	at java.base/jdk.internal.reflect.DelegatingMethodAccessorImpl.invoke(DelegatingMethodAccessorImpl.java:43)
Caused by: com.kms.katalon.core.webui.exception.WebElementNotFoundException: Web element with id: 'Object Repository/Master Data/Admin Sekolah/Tambah Kelas/Modal Tambah/Prefix/Pilih Prefix' located by '//*[@data-testid = 'paragraph' and (text() = 'RETEST' or . = 'RETEST')]' not found
	at com.kms.katalon.core.webui.common.WebUiCommonHelper.findWebElement(WebUiCommonHelper.java:1426)
	at com.kms.katalon.core.webui.keyword.internal.WebUIAbstractKeyword.findWebElement(WebUIAbstractKeyword.groovy:27)
	at com.kms.katalon.core.webui.keyword.builtin.ClickKeyword$_click_closure1.doCall(ClickKeyword.groovy:66)
	at com.kms.katalon.core.webui.keyword.builtin.ClickKeyword$_click_closure1.call(ClickKeyword.groovy)
	at com.kms.katalon.core.webui.keyword.internal.WebUIKeywordMain.runKeyword(WebUIKeywordMain.groovy:35)
	at com.kms.katalon.core.webui.keyword.builtin.ClickKeyword.click(ClickKeyword.groovy:75)
	at com.kms.katalon.core.webui.keyword.builtin.ClickKeyword.execute(ClickKeyword.groovy:40)
	at com.kms.katalon.core.keyword.internal.KeywordExecutor.executeKeywordForPlatform(KeywordExecutor.groovy:74)
	at com.kms.katalon.core.webui.keyword.WebUiBuiltInKeywords.click(WebUiBuiltInKeywords.groovy:684)
	at Script1731464206565.run(Script1731464206565.groovy:46)
	at com.kms.katalon.core.main.ScriptEngine.run(ScriptEngine.java:194)
	at com.kms.katalon.core.main.ScriptEngine.runScriptAsRawText(ScriptEngine.java:119)
	at com.kms.katalon.core.main.TestCaseExecutor.runScript(TestCaseExecutor.java:448)
	at com.kms.katalon.core.main.TestCaseExecutor.doExecute(TestCaseExecutor.java:439)
	at com.kms.katalon.core.main.TestCaseExecutor.processExecutionPhase(TestCaseExecutor.java:418)
	at com.kms.katalon.core.main.TestCaseExecutor.accessMainPhase(TestCaseExecutor.java:410)
	at com.kms.katalon.core.main.TestCaseExecutor.execute(TestCaseExecutor.java:285)
	at com.kms.katalon.core.main.TestCaseMain.runTestCase(TestCaseMain.java:133)
	at com.kms.katalon.core.keyword.builtin.CallTestCaseKeyword$_callTestCase_closure1.doCall(CallTestCaseKeyword.groovy:59)
	at com.kms.katalon.core.keyword.builtin.CallTestCaseKeyword$_callTestCase_closure1.call(CallTestCaseKeyword.groovy)
	at com.kms.katalon.core.keyword.internal.KeywordMain.runKeyword(KeywordMain.groovy:75)
	at com.kms.katalon.core.keyword.builtin.CallTestCaseKeyword.callTestCase(CallTestCaseKeyword.groovy:81)
	at com.kms.katalon.core.keyword.builtin.CallTestCaseKeyword.execute(CallTestCaseKeyword.groovy:44)
	at com.kms.katalon.core.keyword.internal.KeywordExecutor.executeKeywordForPlatform(KeywordExecutor.groovy:74)
	at com.kms.katalon.core.keyword.BuiltinKeywords.callTestCase(BuiltinKeywords.groovy:310)
	at java.base/jdk.internal.reflect.NativeMethodAccessorImpl.invoke0(Native Method)
	at java.base/jdk.internal.reflect.NativeMethodAccessorImpl.invoke(NativeMethodAccessorImpl.java:77)
	at java.base/jdk.internal.reflect.DelegatingMethodAccessorImpl.invoke(DelegatingMethodAccessorImpl.java:43)
	at Script1735746406961.run(Script1735746406961.groovy:26)
	... 15 more
)
	at com.kms.katalon.core.keyword.internal.KeywordMain.stepFailed(KeywordMain.groovy:39)
	at com.kms.katalon.core.webui.keyword.internal.WebUIKeywordMain.stepFailed(WebUIKeywordMain.groovy:117)
	at com.kms.katalon.core.webui.keyword.internal.WebUIKeywordMain.runKeyword(WebUIKeywordMain.groovy:43)
	at com.kms.katalon.core.webui.keyword.builtin.ClickKeyword.click(ClickKeyword.groovy:75)
	at com.kms.katalon.core.webui.keyword.builtin.ClickKeyword.execute(ClickKeyword.groovy:40)
	at com.kms.katalon.core.keyword.internal.KeywordExecutor.executeKeywordForPlatform(KeywordExecutor.groovy:74)
	at com.kms.katalon.core.webui.keyword.WebUiBuiltInKeywords.click(WebUiBuiltInKeywords.groovy:684)
	at Tambah Kelas.run(Tambah Kelas:46)
	at com.kms.katalon.core.main.ScriptEngine.run(ScriptEngine.java:194)
	at com.kms.katalon.core.main.ScriptEngine.runScriptAsRawText(ScriptEngine.java:119)
	at com.kms.katalon.core.main.TestCaseExecutor.runScript(TestCaseExecutor.java:448)
	at com.kms.katalon.core.main.TestCaseExecutor.doExecute(TestCaseExecutor.java:439)
	at com.kms.katalon.core.main.TestCaseExecutor.processExecutionPhase(TestCaseExecutor.java:418)
	at com.kms.katalon.core.main.TestCaseExecutor.accessMainPhase(TestCaseExecutor.java:410)
	at com.kms.katalon.core.main.TestCaseExecutor.execute(TestCaseExecutor.java:285)
	at com.kms.katalon.core.main.TestCaseMain.runTestCase(TestCaseMain.java:133)
	at com.kms.katalon.core.keyword.builtin.CallTestCaseKeyword$_callTestCase_closure1.doCall(CallTestCaseKeyword.groovy:59)
	... 25 more
Caused by: com.kms.katalon.core.exception.StepFailedException: Unable to click on object 'Object Repository/Master Data/Admin Sekolah/Tambah Kelas/Modal Tambah/Prefix/Pilih Prefix'
	... 41 more
Caused by: com.kms.katalon.core.webui.exception.WebElementNotFoundException: Web element with id: 'Object Repository/Master Data/Admin Sekolah/Tambah Kelas/Modal Tambah/Prefix/Pilih Prefix' located by '//*[@data-testid = 'paragraph' and (text() = 'RETEST' or . = 'RETEST')]' not found
	at com.kms.katalon.core.webui.common.WebUiCommonHelper.findWebElement(WebUiCommonHelper.java:1426)
	at com.kms.katalon.core.webui.keyword.internal.WebUIAbstractKeyword.findWebElement(WebUIAbstractKeyword.groovy:27)
	at com.kms.katalon.core.webui.keyword.builtin.ClickKeyword$_click_closure1.doCall(ClickKeyword.groovy:66)
	at com.kms.katalon.core.webui.keyword.builtin.ClickKeyword$_click_closure1.call(ClickKeyword.groovy)
	at com.kms.katalon.core.webui.keyword.internal.WebUIKeywordMain.runKeyword(WebUIKeywordMain.groovy:35)
	... 39 more]]></system-err>
      </testcase>
      <testcase name="Test Cases/Regresi Feature/Sprint 1/Regresi Pengaturan Sekolah" time="175.475" classname="Test Cases/Regresi Feature/Sprint 1/Regresi Pengaturan Sekolah" status="PASSED">
         <system-out><![CDATA[03-01-2025T11:37:25 - [TEST_CASE][PASSED] - Test Cases/Regresi Feature/Sprint 1/Regresi Pengaturan Sekolah: Test Cases/Regresi Feature/Sprint 1/Regresi Pengaturan Sekolah

03-01-2025T11:37:25 - [TEST_STEP][PASSED] - for ([i = 1, i <= maxLoop, (i++)]): null

03-01-2025T11:37:25 - [TEST_STEP][PASSED] - callTestCase(findTestCase("Test Cases/Master Data/Super Admin/Master Data Sekolah/Tambah Sekolah"), [:], CONTINUE_ON_FAILURE): Call Test Case 'Test Cases/Master Data/Super Admin/Master Data Sekolah/Tambah Sekolah' successfully

03-01-2025T11:37:25 - [TEST_CASE][PASSED] - Test Cases/Master Data/Super Admin/Master Data Sekolah/Tambah Sekolah: Test Cases/Master Data/Super Admin/Master Data Sekolah/Tambah Sekolah

03-01-2025T11:37:25 - [TEST_STEP][PASSED] - openBrowser("", CONTINUE_ON_FAILURE): Browser is opened with url: ''

03-01-2025T11:37:25 - [MESSAGE][INFO] - Starting 'Chrome' driver

03-01-2025T11:37:25 - [MESSAGE][INFO] - Action delay is set to 0 milliseconds

03-01-2025T11:37:26 - [MESSAGE][PASSED] - Browser is opened with url: ''

03-01-2025T11:37:26 - [TEST_STEP][PASSED] - navigateToUrl("https://sit.siprusedu.com/login", CONTINUE_ON_FAILURE): Navigate to 'https://sit.siprusedu.com/login' successfully

03-01-2025T11:37:26 - [MESSAGE][PASSED] - Navigate to 'https://sit.siprusedu.com/login' successfully

03-01-2025T11:37:26 - [TEST_STEP][PASSED] - click(findTestObject("Master Data/Admin Sekolah/Login/Field Email"), CONTINUE_ON_FAILURE): Object: 'Object Repository/Master Data/Admin Sekolah/Login/Field Email' is clicked on

03-01-2025T11:37:28 - [MESSAGE][PASSED] - Object: 'Object Repository/Master Data/Admin Sekolah/Login/Field Email' is clicked on

03-01-2025T11:37:28 - [TEST_STEP][PASSED] - setText(findTestObject("Master Data/Admin Sekolah/Login/Field Email"), "admin@gmail.com", CONTINUE_ON_FAILURE): Text 'admin@gmail.com' is set on object 'Object Repository/Master Data/Admin Sekolah/Login/Field Email'

03-01-2025T11:37:28 - [MESSAGE][PASSED] - Text 'admin@gmail.com' is set on object 'Object Repository/Master Data/Admin Sekolah/Login/Field Email'

03-01-2025T11:37:28 - [TEST_STEP][PASSED] - click(findTestObject("Master Data/Admin Sekolah/Login/Input Password"), CONTINUE_ON_FAILURE): Object: 'Object Repository/Master Data/Admin Sekolah/Login/Input Password' is clicked on

03-01-2025T11:37:29 - [MESSAGE][PASSED] - Object: 'Object Repository/Master Data/Admin Sekolah/Login/Input Password' is clicked on

03-01-2025T11:37:29 - [TEST_STEP][PASSED] - setText(findTestObject("Master Data/Admin Sekolah/Login/Input Password"), "Test1234", CONTINUE_ON_FAILURE): Text 'Test1234' is set on object 'Object Repository/Master Data/Admin Sekolah/Login/Input Password'

03-01-2025T11:37:29 - [MESSAGE][PASSED] - Text 'Test1234' is set on object 'Object Repository/Master Data/Admin Sekolah/Login/Input Password'

03-01-2025T11:37:29 - [TEST_STEP][PASSED] - click(findTestObject("Master Data/Admin Sekolah/Login/Button Submit"), CONTINUE_ON_FAILURE): Object: 'Object Repository/Master Data/Admin Sekolah/Login/Button Submit' is clicked on

03-01-2025T11:37:29 - [MESSAGE][PASSED] - Object: 'Object Repository/Master Data/Admin Sekolah/Login/Button Submit' is clicked on

03-01-2025T11:37:29 - [TEST_STEP][PASSED] - waitForPageLoad(5, CONTINUE_ON_FAILURE): Wait for page load successfully

03-01-2025T11:37:29 - [MESSAGE][PASSED] - Wait for page load successfully

03-01-2025T11:37:29 - [TEST_STEP][PASSED] - click(findTestObject("Master Data/Super Admin/Homepage Menu/Sidebar Menu"), CONTINUE_ON_FAILURE): Object: 'Object Repository/Master Data/Super Admin/Homepage Menu/Sidebar Menu' is clicked on

03-01-2025T11:37:31 - [MESSAGE][PASSED] - Object: 'Object Repository/Master Data/Super Admin/Homepage Menu/Sidebar Menu' is clicked on

03-01-2025T11:37:31 - [TEST_STEP][PASSED] - click(findTestObject("Master Data/Super Admin/Homepage Menu/Sub Menu Sekolah"), CONTINUE_ON_FAILURE): Object: 'Object Repository/Master Data/Super Admin/Homepage Menu/Sub Menu Sekolah' is clicked on

03-01-2025T11:37:51 - [MESSAGE][PASSED] - Object: 'Object Repository/Master Data/Super Admin/Homepage Menu/Sub Menu Sekolah' is clicked on

03-01-2025T11:37:51 - [TEST_STEP][PASSED] - click(findTestObject("Master Data/Super Admin/Master Sekolah Dashboard/Button Tambah"), CONTINUE_ON_FAILURE): Object: 'Object Repository/Master Data/Super Admin/Master Sekolah Dashboard/Button Tambah' is clicked on

03-01-2025T11:37:51 - [MESSAGE][PASSED] - Object: 'Object Repository/Master Data/Super Admin/Master Sekolah Dashboard/Button Tambah' is clicked on

03-01-2025T11:37:51 - [TEST_STEP][PASSED] - waitForPageLoad(5, CONTINUE_ON_FAILURE): Wait for page load successfully

03-01-2025T11:37:51 - [MESSAGE][PASSED] - Wait for page load successfully

03-01-2025T11:37:51 - [TEST_STEP][PASSED] - sekolahDataList = [["NPSN":generateRandomNPSN(), "Telephone":generateRandomNomorHP(), "NamaSekolah":generateRandomNamaSekolah(), "Email":generateRandomEmail(generateRandomNamaSekolah())]]: null

03-01-2025T11:37:51 - [TEST_STEP][PASSED] - return (java.lang.Math.abs(new java.util.Random().nextLong()) % 10000000000).toString().padLeft(10, 0): null

03-01-2025T11:37:51 - [TEST_STEP][PASSED] - return (08 + (java.lang.Math.abs(new java.util.Random().nextLong()) % 1000000000).toString().padLeft(9, 0)): null

03-01-2025T11:37:51 - [TEST_STEP][PASSED] - namaSekolahList = ["SMA Harapan Bangsa", "SMA Citra Nusantara", "SMA Tunas Muda", "SMA Pelita Harapan", "SMA Duta Bangsa", "SMA Bina Insan", "SMA Mandiri Jaya", "SMA Cendekia Utama", "SMA Cahaya Bangsa", "SMA Kasih Ibu", "SMA Tunas Bangsa", "SMA Nusa Jaya", "SMA Karya Mandiri", "SMA Pelita Cita", "SMA Inspirasi Bangsa", "SMA Sejahtera", "SMA Bintang Terang", "SMA Elang Nusantara", "SMA Gemilang Prestasi", "SMA Bina Cita", "SMA Anak Bangsa", "SMA Prima Nusantara", "SMA Pertiwi", "SMA Persada", "SMA Pionir Harapan", "SMA Cakra Nusantara", "SMA Global Mandiri", "SMA Pelangi Nusantara", "SMA Bhakti Pertiwi", "SMA Citra Bangsa", "SMA Harmoni", "SMA Tunas Cendekia", "SMA Unggul Bangsa", "SMA Bina Generasi", "SMA Gemilang Jaya", "SMA Purna Bhakti", "SMA Nusantara Jaya", "SMA Wijaya Kusuma", "SMA Merdeka", "SMA Pertiwi Sejahtera", "SMA Pelita Nusantara", "SMA Cahaya Pertiwi", "SMA Tunas Harapan", "SMA Satria Mandiri", "SMA Bina Utama", "SMA Pionir Nusantara", "SMA Mutiara Bangsa", "SMA Kasih Bangsa", "SMA Nusa Indah", "SMA Bina Prestasi"]: null

03-01-2025T11:37:51 - [TEST_STEP][PASSED] - return namaSekolahList[new java.util.Random().nextInt(namaSekolahList.size())]: null

03-01-2025T11:37:51 - [TEST_STEP][PASSED] - namaSekolahList = ["SMA Harapan Bangsa", "SMA Citra Nusantara", "SMA Tunas Muda", "SMA Pelita Harapan", "SMA Duta Bangsa", "SMA Bina Insan", "SMA Mandiri Jaya", "SMA Cendekia Utama", "SMA Cahaya Bangsa", "SMA Kasih Ibu", "SMA Tunas Bangsa", "SMA Nusa Jaya", "SMA Karya Mandiri", "SMA Pelita Cita", "SMA Inspirasi Bangsa", "SMA Sejahtera", "SMA Bintang Terang", "SMA Elang Nusantara", "SMA Gemilang Prestasi", "SMA Bina Cita", "SMA Anak Bangsa", "SMA Prima Nusantara", "SMA Pertiwi", "SMA Persada", "SMA Pionir Harapan", "SMA Cakra Nusantara", "SMA Global Mandiri", "SMA Pelangi Nusantara", "SMA Bhakti Pertiwi", "SMA Citra Bangsa", "SMA Harmoni", "SMA Tunas Cendekia", "SMA Unggul Bangsa", "SMA Bina Generasi", "SMA Gemilang Jaya", "SMA Purna Bhakti", "SMA Nusantara Jaya", "SMA Wijaya Kusuma", "SMA Merdeka", "SMA Pertiwi Sejahtera", "SMA Pelita Nusantara", "SMA Cahaya Pertiwi", "SMA Tunas Harapan", "SMA Satria Mandiri", "SMA Bina Utama", "SMA Pionir Nusantara", "SMA Mutiara Bangsa", "SMA Kasih Bangsa", "SMA Nusa Indah", "SMA Bina Prestasi"]: null

03-01-2025T11:37:51 - [TEST_STEP][PASSED] - return namaSekolahList[new java.util.Random().nextInt(namaSekolahList.size())]: null

03-01-2025T11:37:51 - [TEST_STEP][PASSED] - namaSekolahFormatted = toLowerCase().replaceAll("\s+", ""): null

03-01-2025T11:37:51 - [TEST_STEP][PASSED] - return (namaSekolahFormatted + @sch.id): null

03-01-2025T11:37:51 - [TEST_STEP][PASSED] - for (Map<String, String> sekolahData : sekolahDataList): null

03-01-2025T11:37:51 - [TEST_STEP][PASSED] - fillFormWithData(sekolahData): null

03-01-2025T11:37:51 - [TEST_STEP][PASSED] - setText(findTestObject("Master Data/Super Admin/Form Sekolah/Field NPSN"), formData["NPSN"]): Text '8259474858' is set on object 'Object Repository/Master Data/Super Admin/Form Sekolah/Field NPSN'

03-01-2025T11:37:52 - [MESSAGE][PASSED] - Text '8259474858' is set on object 'Object Repository/Master Data/Super Admin/Form Sekolah/Field NPSN'

03-01-2025T11:37:52 - [TEST_STEP][PASSED] - setText(findTestObject("Master Data/Super Admin/Form Sekolah/Field Telephone"), formData["Telephone"]): Text '08911949319' is set on object 'Object Repository/Master Data/Super Admin/Form Sekolah/Field Telephone'

03-01-2025T11:37:53 - [MESSAGE][PASSED] - Text '08911949319' is set on object 'Object Repository/Master Data/Super Admin/Form Sekolah/Field Telephone'

03-01-2025T11:37:53 - [TEST_STEP][PASSED] - setText(findTestObject("Master Data/Super Admin/Form Sekolah/Field Nama Sekolah"), formData["NamaSekolah"]): Text 'SMA Pertiwi Sejahtera' is set on object 'Object Repository/Master Data/Super Admin/Form Sekolah/Field Nama Sekolah'

03-01-2025T11:37:54 - [MESSAGE][PASSED] - Text 'SMA Pertiwi Sejahtera' is set on object 'Object Repository/Master Data/Super Admin/Form Sekolah/Field Nama Sekolah'

03-01-2025T11:37:54 - [TEST_STEP][PASSED] - setText(findTestObject("Master Data/Super Admin/Form Sekolah/Field Email"), formData["Email"]): null

03-01-2025T11:37:54 - [MESSAGE][PASSED] - Text 'smabhaktipertiwi@sch.id' is set on object 'Object Repository/Master Data/Super Admin/Form Sekolah/Field Email'

03-01-2025T11:37:54 - [TEST_STEP][PASSED] - delay(1): Delayed 1 second(s)

03-01-2025T11:37:55 - [MESSAGE][PASSED] - Delayed 1 second(s)

03-01-2025T11:37:55 - [TEST_STEP][PASSED] - scrollToElement(findTestObject("Master Data/Super Admin/Form Sekolah/Field Email"), 0, CONTINUE_ON_FAILURE): Scroll to object 'Object Repository/Master Data/Super Admin/Form Sekolah/Field Email' successfully

03-01-2025T11:37:55 - [MESSAGE][WARNING] - Timeout '0' is invalid. Using default page load timeout: '30'

03-01-2025T11:37:56 - [MESSAGE][PASSED] - Scroll to object 'Object Repository/Master Data/Super Admin/Form Sekolah/Field Email' successfully

03-01-2025T11:37:56 - [TEST_STEP][PASSED] - click(findTestObject("Master Data/Super Admin/Form Sekolah/Dropdown Unit"), CONTINUE_ON_FAILURE): Object: 'Object Repository/Master Data/Super Admin/Form Sekolah/Dropdown Unit' is clicked on

03-01-2025T11:37:56 - [MESSAGE][PASSED] - Object: 'Object Repository/Master Data/Super Admin/Form Sekolah/Dropdown Unit' is clicked on

03-01-2025T11:37:56 - [TEST_STEP][PASSED] - click(findTestObject("Master Data/Super Admin/Form Sekolah/Isi Dropdown Unit"), CONTINUE_ON_FAILURE): Object: 'Object Repository/Master Data/Super Admin/Form Sekolah/Isi Dropdown Unit' is clicked on

03-01-2025T11:37:56 - [MESSAGE][PASSED] - Object: 'Object Repository/Master Data/Super Admin/Form Sekolah/Isi Dropdown Unit' is clicked on

03-01-2025T11:37:56 - [TEST_STEP][PASSED] - logoFilePaths = ["C:\Users\henri\Pictures\Upload Sekolah\Logo Sekolah.png"]: null

03-01-2025T11:37:56 - [TEST_STEP][PASSED] - for (String logoFilePath : logoFilePaths): null

03-01-2025T11:37:56 - [TEST_STEP][PASSED] - uploadLogo(logoFilePath): null

03-01-2025T11:37:56 - [TEST_STEP][PASSED] - click(findTestObject("Master Data/Super Admin/Form Sekolah/Button Upload Logo")): Object: 'Object Repository/Master Data/Super Admin/Form Sekolah/Button Upload Logo' is clicked on

03-01-2025T11:37:57 - [MESSAGE][PASSED] - Object: 'Object Repository/Master Data/Super Admin/Form Sekolah/Button Upload Logo' is clicked on

03-01-2025T11:37:57 - [TEST_STEP][PASSED] - delay(1): Delayed 1 second(s)

03-01-2025T11:37:58 - [MESSAGE][PASSED] - Delayed 1 second(s)

03-01-2025T11:37:58 - [TEST_STEP][PASSED] - uploadFile(findTestObject("Master Data/Super Admin/Form Sekolah/Input File Upload"), logoFilePath): null

03-01-2025T11:37:58 - [MESSAGE][PASSED] - File 'C:\Users\henri\Pictures\Upload Sekolah\Logo Sekolah.png' sent to object: 'Object Repository/Master Data/Super Admin/Form Sekolah/Input File Upload'

03-01-2025T11:37:58 - [TEST_STEP][PASSED] - delay(1): Delayed 1 second(s)

03-01-2025T11:37:59 - [MESSAGE][PASSED] - Delayed 1 second(s)

03-01-2025T11:37:59 - [TEST_STEP][PASSED] - kopSuratFilePath = "C:/Users/henri/Pictures/Upload Sekolah/Upload Kop Surat.png": null

03-01-2025T11:37:59 - [TEST_STEP][PASSED] - click(findTestObject("Master Data/Super Admin/Form Sekolah/Button Upload Kop Surat"), CONTINUE_ON_FAILURE): Object: 'Object Repository/Master Data/Super Admin/Form Sekolah/Button Upload Kop Surat' is clicked on

03-01-2025T11:37:59 - [MESSAGE][PASSED] - Object: 'Object Repository/Master Data/Super Admin/Form Sekolah/Button Upload Kop Surat' is clicked on

03-01-2025T11:37:59 - [TEST_STEP][PASSED] - delay(5, CONTINUE_ON_FAILURE): Delayed 5 second(s)

03-01-2025T11:38:04 - [MESSAGE][PASSED] - Delayed 5 second(s)

03-01-2025T11:38:04 - [TEST_STEP][PASSED] - uploadFile(findTestObject("Master Data/Super Admin/Form Sekolah/Input Upload File Kop Surat"), kopSuratFilePath, CONTINUE_ON_FAILURE): File 'C:/Users/henri/Pictures/Upload Sekolah/Upload Kop Surat.png' sent to object: 'Object Repository/Master Data/Super Admin/Form Sekolah/Input Upload File Kop Surat'

03-01-2025T11:38:05 - [MESSAGE][PASSED] - File 'C:/Users/henri/Pictures/Upload Sekolah/Upload Kop Surat.png' sent to object: 'Object Repository/Master Data/Super Admin/Form Sekolah/Input Upload File Kop Surat'

03-01-2025T11:38:05 - [TEST_STEP][PASSED] - selectDropdownValue("Master Data/Super Admin/Form Sekolah/Dropdown Provinsi", "Master Data/Super Admin/Form Sekolah/Isi Dropdown Provinsi", 5, 2): null

03-01-2025T11:38:05 - [TEST_STEP][PASSED] - click(findTestObject(dropdownXpath)): Object: 'Object Repository/Master Data/Super Admin/Form Sekolah/Dropdown Provinsi' is clicked on

03-01-2025T11:38:05 - [MESSAGE][PASSED] - Object: 'Object Repository/Master Data/Super Admin/Form Sekolah/Dropdown Provinsi' is clicked on

03-01-2025T11:38:05 - [TEST_STEP][PASSED] - delay(delayBefore): Delayed 5 second(s)

03-01-2025T11:38:10 - [MESSAGE][PASSED] - Delayed 5 second(s)

03-01-2025T11:38:10 - [TEST_STEP][PASSED] - click(findTestObject(valueXpath)): Object: 'Object Repository/Master Data/Super Admin/Form Sekolah/Isi Dropdown Provinsi' is clicked on

03-01-2025T11:38:10 - [MESSAGE][PASSED] - Object: 'Object Repository/Master Data/Super Admin/Form Sekolah/Isi Dropdown Provinsi' is clicked on

03-01-2025T11:38:10 - [TEST_STEP][PASSED] - delay(delayAfter): Delayed 2 second(s)

03-01-2025T11:38:12 - [MESSAGE][PASSED] - Delayed 2 second(s)

03-01-2025T11:38:12 - [TEST_STEP][PASSED] - selectDropdownValue("Master Data/Super Admin/Form Sekolah/Dropdown Kota", "Master Data/Super Admin/Form Sekolah/Isi Dropdown Kota", 2, 2): null

03-01-2025T11:38:12 - [TEST_STEP][PASSED] - click(findTestObject(dropdownXpath)): Object: 'Object Repository/Master Data/Super Admin/Form Sekolah/Dropdown Kota' is clicked on

03-01-2025T11:38:13 - [MESSAGE][PASSED] - Object: 'Object Repository/Master Data/Super Admin/Form Sekolah/Dropdown Kota' is clicked on

03-01-2025T11:38:13 - [TEST_STEP][PASSED] - delay(delayBefore): Delayed 2 second(s)

03-01-2025T11:38:15 - [MESSAGE][PASSED] - Delayed 2 second(s)

03-01-2025T11:38:15 - [TEST_STEP][PASSED] - click(findTestObject(valueXpath)): Object: 'Object Repository/Master Data/Super Admin/Form Sekolah/Isi Dropdown Kota' is clicked on

03-01-2025T11:38:15 - [MESSAGE][PASSED] - Object: 'Object Repository/Master Data/Super Admin/Form Sekolah/Isi Dropdown Kota' is clicked on

03-01-2025T11:38:15 - [TEST_STEP][PASSED] - delay(delayAfter): Delayed 2 second(s)

03-01-2025T11:38:17 - [MESSAGE][PASSED] - Delayed 2 second(s)

03-01-2025T11:38:17 - [TEST_STEP][PASSED] - alamatRandom = generateRandomAlamat(): null

03-01-2025T11:38:17 - [TEST_STEP][PASSED] - alamatList = ["Head Office. Pondok Indah Office Tower 1 Lantai 8. Jl. Sultan Iskandar Muda Kav. V - TA, Jakarta Selatan 12310. Tel. +62-21 7654466. Fax. +62-21 7507747.", "Jl. Jenderal Sudirman Kav. 10-11, Jakarta Pusat 10220. Tel. +62-21 1234567. Fax. +62-21 9876543.", "Kompleks Ruko Grand Galaxy, Blok A5 No. 12, Bekasi Selatan 17148. Tel. +62-21 8855543.", "Jl. Ahmad Yani No. 45, Surabaya 60234. Tel. +62-31 7894567.", "Jl. Diponegoro No. 101, Bandung 40132. Tel. +62-22 7651234. Fax. +62-22 9873214.", "Jl. MT Haryono No. 3, Medan 20234. Tel. +62-61 4321678.", "Jl. Brigjen Katamso No. 88, Yogyakarta 55212. Tel. +62-274 556789.", "Jl. Gatot Subroto Kav. 15-17, Jakarta Selatan 12950. Tel. +62-21 7650987.", "Jl. Pahlawan No. 76, Semarang 50134. Tel. +62-24 7776543.", "Jl. Imam Bonjol No. 23, Malang 65115. Tel. +62-341 556712."]: null

03-01-2025T11:38:17 - [TEST_STEP][PASSED] - return alamatList[new java.util.Random().nextInt(alamatList.size())]: null

03-01-2025T11:38:17 - [TEST_STEP][PASSED] - setText(findTestObject("Master Data/Super Admin/Form Sekolah/Field Alamat"), alamatRandom, CONTINUE_ON_FAILURE): Text 'Jl. Jenderal Sudirman Kav. 10-11, Jakarta Pusat 10220. Tel. +62-21 1234567. Fax. +62-21 9876543.' is set on object 'Object Repository/Master Data/Super Admin/Form Sekolah/Field Alamat'

03-01-2025T11:38:18 - [MESSAGE][PASSED] - Text 'Jl. Jenderal Sudirman Kav. 10-11, Jakarta Pusat 10220. Tel. +62-21 1234567. Fax. +62-21 9876543.' is set on object 'Object Repository/Master Data/Super Admin/Form Sekolah/Field Alamat'

03-01-2025T11:38:18 - [TEST_STEP][PASSED] - click(findTestObject("Master Data/Super Admin/Form Sekolah/Button Tambahkan"), CONTINUE_ON_FAILURE): Object: 'Object Repository/Master Data/Super Admin/Form Sekolah/Button Tambahkan' is clicked on

03-01-2025T11:38:19 - [MESSAGE][PASSED] - Object: 'Object Repository/Master Data/Super Admin/Form Sekolah/Button Tambahkan' is clicked on

03-01-2025T11:38:19 - [TEST_STEP][PASSED] - click(findTestObject("Master Data/Super Admin/Form Sekolah/Button YA"), CONTINUE_ON_FAILURE): Object: 'Object Repository/Master Data/Super Admin/Form Sekolah/Button YA' is clicked on

03-01-2025T11:38:19 - [MESSAGE][PASSED] - Object: 'Object Repository/Master Data/Super Admin/Form Sekolah/Button YA' is clicked on

03-01-2025T11:38:19 - [MESSAGE][PASSED] - Call Test Case 'Test Cases/Master Data/Super Admin/Master Data Sekolah/Tambah Sekolah' successfully

03-01-2025T11:38:19 - [TEST_STEP][PASSED] - callTestCase(findTestCase("Test Cases/Master Data/Super Admin/Master Data Sekolah/Edit Sekolah"), [:], CONTINUE_ON_FAILURE): Call Test Case 'Test Cases/Master Data/Super Admin/Master Data Sekolah/Edit Sekolah' successfully

03-01-2025T11:38:19 - [TEST_CASE][PASSED] - Test Cases/Master Data/Super Admin/Master Data Sekolah/Edit Sekolah: Test Cases/Master Data/Super Admin/Master Data Sekolah/Edit Sekolah

03-01-2025T11:38:19 - [TEST_STEP][PASSED] - openBrowser("", CONTINUE_ON_FAILURE): Browser is opened with url: ''

03-01-2025T11:38:19 - [MESSAGE][WARNING] - A browser is already opened. Closing browser and opening a new one

03-01-2025T11:38:20 - [MESSAGE][INFO] - Starting 'Chrome' driver

03-01-2025T11:38:20 - [MESSAGE][INFO] - Action delay is set to 0 milliseconds

03-01-2025T11:38:20 - [MESSAGE][PASSED] - Browser is opened with url: ''

03-01-2025T11:38:20 - [TEST_STEP][PASSED] - navigateToUrl("https://sit.siprusedu.com/login", CONTINUE_ON_FAILURE): Navigate to 'https://sit.siprusedu.com/login' successfully

03-01-2025T11:38:21 - [MESSAGE][PASSED] - Navigate to 'https://sit.siprusedu.com/login' successfully

03-01-2025T11:38:21 - [TEST_STEP][PASSED] - setText(findTestObject("Master Data/Admin Sekolah/Login/Field Email"), "admin@gmail.com", CONTINUE_ON_FAILURE): Text 'admin@gmail.com' is set on object 'Object Repository/Master Data/Admin Sekolah/Login/Field Email'

03-01-2025T11:38:23 - [MESSAGE][PASSED] - Text 'admin@gmail.com' is set on object 'Object Repository/Master Data/Admin Sekolah/Login/Field Email'

03-01-2025T11:38:23 - [TEST_STEP][PASSED] - setText(findTestObject("Master Data/Admin Sekolah/Login/Input Password"), "Test1234", CONTINUE_ON_FAILURE): Text 'Test1234' is set on object 'Object Repository/Master Data/Admin Sekolah/Login/Input Password'

03-01-2025T11:38:23 - [MESSAGE][PASSED] - Text 'Test1234' is set on object 'Object Repository/Master Data/Admin Sekolah/Login/Input Password'

03-01-2025T11:38:23 - [TEST_STEP][PASSED] - click(findTestObject("Master Data/Admin Sekolah/Login/Button Submit"), CONTINUE_ON_FAILURE): Object: 'Object Repository/Master Data/Admin Sekolah/Login/Button Submit' is clicked on

03-01-2025T11:38:23 - [MESSAGE][PASSED] - Object: 'Object Repository/Master Data/Admin Sekolah/Login/Button Submit' is clicked on

03-01-2025T11:38:23 - [TEST_STEP][PASSED] - waitForPageLoad(5, CONTINUE_ON_FAILURE): Wait for page load successfully

03-01-2025T11:38:23 - [MESSAGE][PASSED] - Wait for page load successfully

03-01-2025T11:38:23 - [TEST_STEP][PASSED] - click(findTestObject("Master Data/Super Admin/Homepage Menu/Sidebar Menu"), CONTINUE_ON_FAILURE): Object: 'Object Repository/Master Data/Super Admin/Homepage Menu/Sidebar Menu' is clicked on

03-01-2025T11:38:25 - [MESSAGE][PASSED] - Object: 'Object Repository/Master Data/Super Admin/Homepage Menu/Sidebar Menu' is clicked on

03-01-2025T11:38:25 - [TEST_STEP][PASSED] - click(findTestObject("Master Data/Super Admin/Homepage Menu/Sub Menu Sekolah"), CONTINUE_ON_FAILURE): Object: 'Object Repository/Master Data/Super Admin/Homepage Menu/Sub Menu Sekolah' is clicked on

03-01-2025T11:38:26 - [MESSAGE][PASSED] - Object: 'Object Repository/Master Data/Super Admin/Homepage Menu/Sub Menu Sekolah' is clicked on

03-01-2025T11:38:26 - [TEST_STEP][PASSED] - click(findTestObject("Master Data/Super Admin/Edit Sekolah/Master Data Sekolah Dashboard/Button Action"), CONTINUE_ON_FAILURE): Object: 'Object Repository/Master Data/Super Admin/Edit Sekolah/Master Data Sekolah Dashboard/Button Action' is clicked on

03-01-2025T11:38:26 - [MESSAGE][PASSED] - Object: 'Object Repository/Master Data/Super Admin/Edit Sekolah/Master Data Sekolah Dashboard/Button Action' is clicked on

03-01-2025T11:38:26 - [TEST_STEP][PASSED] - click(findTestObject("Master Data/Super Admin/Edit Sekolah/Master Data Sekolah Dashboard/Button Edit"), CONTINUE_ON_FAILURE): Object: 'Object Repository/Master Data/Super Admin/Edit Sekolah/Master Data Sekolah Dashboard/Button Edit' is clicked on

03-01-2025T11:38:27 - [MESSAGE][PASSED] - Object: 'Object Repository/Master Data/Super Admin/Edit Sekolah/Master Data Sekolah Dashboard/Button Edit' is clicked on

03-01-2025T11:38:27 - [TEST_STEP][PASSED] - sendKeys(findTestObject("Master Data/Super Admin/Edit Sekolah/Edit Page/Field NPSN"), Keys.chord(CONTROL, "a")): Keys 'CONTROL + a' sent to object: 'Object Repository/Master Data/Super Admin/Edit Sekolah/Edit Page/Field NPSN'

03-01-2025T11:38:28 - [MESSAGE][PASSED] - Keys 'CONTROL + a' sent to object: 'Object Repository/Master Data/Super Admin/Edit Sekolah/Edit Page/Field NPSN'

03-01-2025T11:38:28 - [TEST_STEP][PASSED] - sendKeys(findTestObject("Master Data/Super Admin/Edit Sekolah/Edit Page/Field NPSN"), Keys.chord(DELETE)): Keys 'DELETE + ' sent to object: 'Object Repository/Master Data/Super Admin/Edit Sekolah/Edit Page/Field NPSN'

03-01-2025T11:38:28 - [MESSAGE][PASSED] - Keys 'DELETE + ' sent to object: 'Object Repository/Master Data/Super Admin/Edit Sekolah/Edit Page/Field NPSN'

03-01-2025T11:38:28 - [TEST_STEP][PASSED] - randomNPSN = generateRandomNPSN(): null

03-01-2025T11:38:28 - [TEST_STEP][PASSED] - return (java.lang.Math.abs(new java.util.Random().nextLong()) % 10000000000).toString().padLeft(10, 0): null

03-01-2025T11:38:28 - [TEST_STEP][PASSED] - setText(findTestObject("Master Data/Super Admin/Edit Sekolah/Edit Page/Field NPSN"), randomNPSN, CONTINUE_ON_FAILURE): Text '3698013051' is set on object 'Object Repository/Master Data/Super Admin/Edit Sekolah/Edit Page/Field NPSN'

03-01-2025T11:38:29 - [MESSAGE][PASSED] - Text '3698013051' is set on object 'Object Repository/Master Data/Super Admin/Edit Sekolah/Edit Page/Field NPSN'

03-01-2025T11:38:29 - [TEST_STEP][PASSED] - sendKeys(findTestObject("Master Data/Super Admin/Edit Sekolah/Edit Page/Field Nomor Telfon"), Keys.chord(CONTROL, "a")): Keys 'CONTROL + a' sent to object: 'Object Repository/Master Data/Super Admin/Edit Sekolah/Edit Page/Field Nomor Telfon'

03-01-2025T11:38:29 - [MESSAGE][PASSED] - Keys 'CONTROL + a' sent to object: 'Object Repository/Master Data/Super Admin/Edit Sekolah/Edit Page/Field Nomor Telfon'

03-01-2025T11:38:29 - [TEST_STEP][PASSED] - sendKeys(findTestObject("Master Data/Super Admin/Edit Sekolah/Edit Page/Field Nomor Telfon"), Keys.chord(DELETE)): Keys 'DELETE + ' sent to object: 'Object Repository/Master Data/Super Admin/Edit Sekolah/Edit Page/Field Nomor Telfon'

03-01-2025T11:38:29 - [MESSAGE][PASSED] - Keys 'DELETE + ' sent to object: 'Object Repository/Master Data/Super Admin/Edit Sekolah/Edit Page/Field Nomor Telfon'

03-01-2025T11:38:29 - [TEST_STEP][PASSED] - randomNomorTelepon = generateRandomNomorTelepon(): null

03-01-2025T11:38:29 - [TEST_STEP][PASSED] - return (08 + (java.lang.Math.abs(new java.util.Random().nextLong()) % 1000000000).toString().padLeft(9, 0)): null

03-01-2025T11:38:29 - [TEST_STEP][PASSED] - setText(findTestObject("Master Data/Super Admin/Edit Sekolah/Edit Page/Field Nomor Telfon"), randomNomorTelepon, CONTINUE_ON_FAILURE): Text '08477796734' is set on object 'Object Repository/Master Data/Super Admin/Edit Sekolah/Edit Page/Field Nomor Telfon'

03-01-2025T11:38:30 - [MESSAGE][PASSED] - Text '08477796734' is set on object 'Object Repository/Master Data/Super Admin/Edit Sekolah/Edit Page/Field Nomor Telfon'

03-01-2025T11:38:30 - [TEST_STEP][PASSED] - sendKeys(findTestObject("Master Data/Super Admin/Edit Sekolah/Edit Page/Field Nama Sekolah"), Keys.chord(CONTROL, "a")): Keys 'CONTROL + a' sent to object: 'Object Repository/Master Data/Super Admin/Edit Sekolah/Edit Page/Field Nama Sekolah'

03-01-2025T11:38:30 - [MESSAGE][PASSED] - Keys 'CONTROL + a' sent to object: 'Object Repository/Master Data/Super Admin/Edit Sekolah/Edit Page/Field Nama Sekolah'

03-01-2025T11:38:30 - [TEST_STEP][PASSED] - sendKeys(findTestObject("Master Data/Super Admin/Edit Sekolah/Edit Page/Field Nama Sekolah"), Keys.chord(DELETE)): Keys 'DELETE + ' sent to object: 'Object Repository/Master Data/Super Admin/Edit Sekolah/Edit Page/Field Nama Sekolah'

03-01-2025T11:38:30 - [MESSAGE][PASSED] - Keys 'DELETE + ' sent to object: 'Object Repository/Master Data/Super Admin/Edit Sekolah/Edit Page/Field Nama Sekolah'

03-01-2025T11:38:30 - [TEST_STEP][PASSED] - randomNamaSekolah = generateRandomNamaSekolah(): null

03-01-2025T11:38:30 - [TEST_STEP][PASSED] - namaSekolahList = ["SMA Harapan Bangsa", "SMA Citra Nusantara", "SMA Tunas Muda", "SMA Pelita Harapan", "SMA Duta Bangsa", "SMA Bina Insan", "SMA Mandiri Jaya", "SMA Cendekia Utama", "SMA Cahaya Bangsa", "SMA Kasih Ibu", "SMA Tunas Bangsa", "SMA Nusa Jaya", "SMA Karya Mandiri", "SMA Pelita Cita", "SMA Inspirasi Bangsa", "SMA Sejahtera", "SMA Bintang Terang", "SMA Elang Nusantara", "SMA Gemilang Prestasi", "SMA Bina Cita", "SMA Anak Bangsa", "SMA Prima Nusantara", "SMA Pertiwi", "SMA Persada", "SMA Pionir Harapan", "SMA Cakra Nusantara", "SMA Global Mandiri", "SMA Pelangi Nusantara", "SMA Bhakti Pertiwi", "SMA Citra Bangsa", "SMA Harmoni", "SMA Tunas Cendekia", "SMA Unggul Bangsa", "SMA Bina Generasi", "SMA Gemilang Jaya", "SMA Purna Bhakti", "SMA Nusantara Jaya", "SMA Wijaya Kusuma", "SMA Merdeka", "SMA Pertiwi Sejahtera", "SMA Pelita Nusantara", "SMA Cahaya Pertiwi", "SMA Tunas Harapan", "SMA Satria Mandiri", "SMA Bina Utama", "SMA Pionir Nusantara", "SMA Mutiara Bangsa", "SMA Kasih Bangsa", "SMA Nusa Indah", "SMA Bina Prestasi"]: null

03-01-2025T11:38:30 - [TEST_STEP][PASSED] - return namaSekolahList[new java.util.Random().nextInt(namaSekolahList.size())]: null

03-01-2025T11:38:30 - [TEST_STEP][PASSED] - setText(findTestObject("Master Data/Super Admin/Edit Sekolah/Edit Page/Field Nama Sekolah"), randomNamaSekolah, CONTINUE_ON_FAILURE): Text 'SMA Elang Nusantara' is set on object 'Object Repository/Master Data/Super Admin/Edit Sekolah/Edit Page/Field Nama Sekolah'

03-01-2025T11:38:31 - [MESSAGE][PASSED] - Text 'SMA Elang Nusantara' is set on object 'Object Repository/Master Data/Super Admin/Edit Sekolah/Edit Page/Field Nama Sekolah'

03-01-2025T11:38:31 - [TEST_STEP][PASSED] - sendKeys(findTestObject("Master Data/Super Admin/Edit Sekolah/Edit Page/Field Email Sekolah"), Keys.chord(CONTROL, "a")): Keys 'CONTROL + a' sent to object: 'Object Repository/Master Data/Super Admin/Edit Sekolah/Edit Page/Field Email Sekolah'

03-01-2025T11:38:31 - [MESSAGE][PASSED] - Keys 'CONTROL + a' sent to object: 'Object Repository/Master Data/Super Admin/Edit Sekolah/Edit Page/Field Email Sekolah'

03-01-2025T11:38:31 - [TEST_STEP][PASSED] - sendKeys(findTestObject("Master Data/Super Admin/Edit Sekolah/Edit Page/Field Email Sekolah"), Keys.chord(DELETE)): Keys 'DELETE + ' sent to object: 'Object Repository/Master Data/Super Admin/Edit Sekolah/Edit Page/Field Email Sekolah'

03-01-2025T11:38:31 - [MESSAGE][PASSED] - Keys 'DELETE + ' sent to object: 'Object Repository/Master Data/Super Admin/Edit Sekolah/Edit Page/Field Email Sekolah'

03-01-2025T11:38:31 - [TEST_STEP][PASSED] - randomEmail = generateEmailFromNamaSekolah(randomNamaSekolah): null

03-01-2025T11:38:31 - [TEST_STEP][PASSED] - emailPrefix = toLowerCase().replaceAll(" ", "."): null

03-01-2025T11:38:31 - [TEST_STEP][PASSED] - return (emailPrefix + @sch.co.id): null

03-01-2025T11:38:31 - [TEST_STEP][PASSED] - setText(findTestObject("Master Data/Super Admin/Edit Sekolah/Edit Page/Field Email Sekolah"), randomEmail, CONTINUE_ON_FAILURE): Text 'sma.elang.nusantara@sch.co.id' is set on object 'Object Repository/Master Data/Super Admin/Edit Sekolah/Edit Page/Field Email Sekolah'

03-01-2025T11:38:32 - [MESSAGE][PASSED] - Text 'sma.elang.nusantara@sch.co.id' is set on object 'Object Repository/Master Data/Super Admin/Edit Sekolah/Edit Page/Field Email Sekolah'

03-01-2025T11:38:32 - [TEST_STEP][PASSED] - click(findTestObject("Master Data/Super Admin/Edit Sekolah/Edit Page/Dropdown Provinsi"), CONTINUE_ON_FAILURE): Object: 'Object Repository/Master Data/Super Admin/Edit Sekolah/Edit Page/Dropdown Provinsi' is clicked on

03-01-2025T11:38:34 - [MESSAGE][PASSED] - Object: 'Object Repository/Master Data/Super Admin/Edit Sekolah/Edit Page/Dropdown Provinsi' is clicked on

03-01-2025T11:38:34 - [TEST_STEP][PASSED] - click(findTestObject("Master Data/Super Admin/Edit Sekolah/Edit Page/Value Dropdown Provinsi"), CONTINUE_ON_FAILURE): Object: 'Object Repository/Master Data/Super Admin/Edit Sekolah/Edit Page/Value Dropdown Provinsi' is clicked on

03-01-2025T11:38:35 - [MESSAGE][PASSED] - Object: 'Object Repository/Master Data/Super Admin/Edit Sekolah/Edit Page/Value Dropdown Provinsi' is clicked on

03-01-2025T11:38:35 - [TEST_STEP][PASSED] - click(findTestObject("Master Data/Super Admin/Edit Sekolah/Edit Page/Dropdown Kota"), CONTINUE_ON_FAILURE): Object: 'Object Repository/Master Data/Super Admin/Edit Sekolah/Edit Page/Dropdown Kota' is clicked on

03-01-2025T11:38:35 - [MESSAGE][PASSED] - Object: 'Object Repository/Master Data/Super Admin/Edit Sekolah/Edit Page/Dropdown Kota' is clicked on

03-01-2025T11:38:35 - [TEST_STEP][PASSED] - click(findTestObject("Master Data/Super Admin/Edit Sekolah/Edit Page/Value Dropdown Kota"), CONTINUE_ON_FAILURE): Object: 'Object Repository/Master Data/Super Admin/Edit Sekolah/Edit Page/Value Dropdown Kota' is clicked on

03-01-2025T11:38:36 - [MESSAGE][PASSED] - Object: 'Object Repository/Master Data/Super Admin/Edit Sekolah/Edit Page/Value Dropdown Kota' is clicked on

03-01-2025T11:38:36 - [TEST_STEP][PASSED] - click(findTestObject("Master Data/Super Admin/Edit Sekolah/Edit Page/Field Button Simpan"), CONTINUE_ON_FAILURE): Object: 'Object Repository/Master Data/Super Admin/Edit Sekolah/Edit Page/Field Button Simpan' is clicked on

03-01-2025T11:38:36 - [MESSAGE][PASSED] - Object: 'Object Repository/Master Data/Super Admin/Edit Sekolah/Edit Page/Field Button Simpan' is clicked on

03-01-2025T11:38:36 - [TEST_STEP][PASSED] - click(findTestObject("Master Data/Super Admin/Edit Sekolah/Edit Page/Button Ya"), CONTINUE_ON_FAILURE): Object: 'Object Repository/Master Data/Super Admin/Edit Sekolah/Edit Page/Button Ya' is clicked on

03-01-2025T11:38:37 - [MESSAGE][PASSED] - Object: 'Object Repository/Master Data/Super Admin/Edit Sekolah/Edit Page/Button Ya' is clicked on

03-01-2025T11:38:37 - [TEST_STEP][PASSED] - closeBrowser(): Browser is closed

03-01-2025T11:38:37 - [MESSAGE][PASSED] - Browser is closed

03-01-2025T11:38:37 - [MESSAGE][PASSED] - Call Test Case 'Test Cases/Master Data/Super Admin/Master Data Sekolah/Edit Sekolah' successfully

03-01-2025T11:38:37 - [TEST_STEP][PASSED] - println("============================= Loop Again ==============================="): null

03-01-2025T11:38:37 - [TEST_STEP][PASSED] - callTestCase(findTestCase("Test Cases/Master Data/Super Admin/Master Data Sekolah/Tambah Sekolah"), [:], CONTINUE_ON_FAILURE): Call Test Case 'Test Cases/Master Data/Super Admin/Master Data Sekolah/Tambah Sekolah' successfully

03-01-2025T11:38:37 - [TEST_CASE][PASSED] - Test Cases/Master Data/Super Admin/Master Data Sekolah/Tambah Sekolah: Test Cases/Master Data/Super Admin/Master Data Sekolah/Tambah Sekolah

03-01-2025T11:38:37 - [TEST_STEP][PASSED] - openBrowser("", CONTINUE_ON_FAILURE): Browser is opened with url: ''

03-01-2025T11:38:37 - [MESSAGE][INFO] - Starting 'Chrome' driver

03-01-2025T11:38:37 - [MESSAGE][INFO] - Action delay is set to 0 milliseconds

03-01-2025T11:38:38 - [MESSAGE][PASSED] - Browser is opened with url: ''

03-01-2025T11:38:38 - [TEST_STEP][PASSED] - navigateToUrl("https://sit.siprusedu.com/login", CONTINUE_ON_FAILURE): Navigate to 'https://sit.siprusedu.com/login' successfully

03-01-2025T11:38:38 - [MESSAGE][PASSED] - Navigate to 'https://sit.siprusedu.com/login' successfully

03-01-2025T11:38:38 - [TEST_STEP][PASSED] - click(findTestObject("Master Data/Admin Sekolah/Login/Field Email"), CONTINUE_ON_FAILURE): Object: 'Object Repository/Master Data/Admin Sekolah/Login/Field Email' is clicked on

03-01-2025T11:38:40 - [MESSAGE][PASSED] - Object: 'Object Repository/Master Data/Admin Sekolah/Login/Field Email' is clicked on

03-01-2025T11:38:40 - [TEST_STEP][PASSED] - setText(findTestObject("Master Data/Admin Sekolah/Login/Field Email"), "admin@gmail.com", CONTINUE_ON_FAILURE): Text 'admin@gmail.com' is set on object 'Object Repository/Master Data/Admin Sekolah/Login/Field Email'

03-01-2025T11:38:40 - [MESSAGE][PASSED] - Text 'admin@gmail.com' is set on object 'Object Repository/Master Data/Admin Sekolah/Login/Field Email'

03-01-2025T11:38:40 - [TEST_STEP][PASSED] - click(findTestObject("Master Data/Admin Sekolah/Login/Input Password"), CONTINUE_ON_FAILURE): Object: 'Object Repository/Master Data/Admin Sekolah/Login/Input Password' is clicked on

03-01-2025T11:38:40 - [MESSAGE][PASSED] - Object: 'Object Repository/Master Data/Admin Sekolah/Login/Input Password' is clicked on

03-01-2025T11:38:40 - [TEST_STEP][PASSED] - setText(findTestObject("Master Data/Admin Sekolah/Login/Input Password"), "Test1234", CONTINUE_ON_FAILURE): Text 'Test1234' is set on object 'Object Repository/Master Data/Admin Sekolah/Login/Input Password'

03-01-2025T11:38:41 - [MESSAGE][PASSED] - Text 'Test1234' is set on object 'Object Repository/Master Data/Admin Sekolah/Login/Input Password'

03-01-2025T11:38:41 - [TEST_STEP][PASSED] - click(findTestObject("Master Data/Admin Sekolah/Login/Button Submit"), CONTINUE_ON_FAILURE): Object: 'Object Repository/Master Data/Admin Sekolah/Login/Button Submit' is clicked on

03-01-2025T11:38:41 - [MESSAGE][PASSED] - Object: 'Object Repository/Master Data/Admin Sekolah/Login/Button Submit' is clicked on

03-01-2025T11:38:41 - [TEST_STEP][PASSED] - waitForPageLoad(5, CONTINUE_ON_FAILURE): Wait for page load successfully

03-01-2025T11:38:41 - [MESSAGE][PASSED] - Wait for page load successfully

03-01-2025T11:38:41 - [TEST_STEP][PASSED] - click(findTestObject("Master Data/Super Admin/Homepage Menu/Sidebar Menu"), CONTINUE_ON_FAILURE): Object: 'Object Repository/Master Data/Super Admin/Homepage Menu/Sidebar Menu' is clicked on

03-01-2025T11:38:43 - [MESSAGE][PASSED] - Object: 'Object Repository/Master Data/Super Admin/Homepage Menu/Sidebar Menu' is clicked on

03-01-2025T11:38:43 - [TEST_STEP][PASSED] - click(findTestObject("Master Data/Super Admin/Homepage Menu/Sub Menu Sekolah"), CONTINUE_ON_FAILURE): Object: 'Object Repository/Master Data/Super Admin/Homepage Menu/Sub Menu Sekolah' is clicked on

03-01-2025T11:38:43 - [MESSAGE][PASSED] - Object: 'Object Repository/Master Data/Super Admin/Homepage Menu/Sub Menu Sekolah' is clicked on

03-01-2025T11:38:43 - [TEST_STEP][PASSED] - click(findTestObject("Master Data/Super Admin/Master Sekolah Dashboard/Button Tambah"), CONTINUE_ON_FAILURE): Object: 'Object Repository/Master Data/Super Admin/Master Sekolah Dashboard/Button Tambah' is clicked on

03-01-2025T11:38:44 - [MESSAGE][PASSED] - Object: 'Object Repository/Master Data/Super Admin/Master Sekolah Dashboard/Button Tambah' is clicked on

03-01-2025T11:38:44 - [TEST_STEP][PASSED] - waitForPageLoad(5, CONTINUE_ON_FAILURE): Wait for page load successfully

03-01-2025T11:38:44 - [MESSAGE][PASSED] - Wait for page load successfully

03-01-2025T11:38:44 - [TEST_STEP][PASSED] - sekolahDataList = [["NPSN":generateRandomNPSN(), "Telephone":generateRandomNomorHP(), "NamaSekolah":generateRandomNamaSekolah(), "Email":generateRandomEmail(generateRandomNamaSekolah())]]: null

03-01-2025T11:38:44 - [TEST_STEP][PASSED] - return (java.lang.Math.abs(new java.util.Random().nextLong()) % 10000000000).toString().padLeft(10, 0): null

03-01-2025T11:38:44 - [TEST_STEP][PASSED] - return (08 + (java.lang.Math.abs(new java.util.Random().nextLong()) % 1000000000).toString().padLeft(9, 0)): null

03-01-2025T11:38:44 - [TEST_STEP][PASSED] - namaSekolahList = ["SMA Harapan Bangsa", "SMA Citra Nusantara", "SMA Tunas Muda", "SMA Pelita Harapan", "SMA Duta Bangsa", "SMA Bina Insan", "SMA Mandiri Jaya", "SMA Cendekia Utama", "SMA Cahaya Bangsa", "SMA Kasih Ibu", "SMA Tunas Bangsa", "SMA Nusa Jaya", "SMA Karya Mandiri", "SMA Pelita Cita", "SMA Inspirasi Bangsa", "SMA Sejahtera", "SMA Bintang Terang", "SMA Elang Nusantara", "SMA Gemilang Prestasi", "SMA Bina Cita", "SMA Anak Bangsa", "SMA Prima Nusantara", "SMA Pertiwi", "SMA Persada", "SMA Pionir Harapan", "SMA Cakra Nusantara", "SMA Global Mandiri", "SMA Pelangi Nusantara", "SMA Bhakti Pertiwi", "SMA Citra Bangsa", "SMA Harmoni", "SMA Tunas Cendekia", "SMA Unggul Bangsa", "SMA Bina Generasi", "SMA Gemilang Jaya", "SMA Purna Bhakti", "SMA Nusantara Jaya", "SMA Wijaya Kusuma", "SMA Merdeka", "SMA Pertiwi Sejahtera", "SMA Pelita Nusantara", "SMA Cahaya Pertiwi", "SMA Tunas Harapan", "SMA Satria Mandiri", "SMA Bina Utama", "SMA Pionir Nusantara", "SMA Mutiara Bangsa", "SMA Kasih Bangsa", "SMA Nusa Indah", "SMA Bina Prestasi"]: null

03-01-2025T11:38:44 - [TEST_STEP][PASSED] - return namaSekolahList[new java.util.Random().nextInt(namaSekolahList.size())]: null

03-01-2025T11:38:44 - [TEST_STEP][PASSED] - namaSekolahList = ["SMA Harapan Bangsa", "SMA Citra Nusantara", "SMA Tunas Muda", "SMA Pelita Harapan", "SMA Duta Bangsa", "SMA Bina Insan", "SMA Mandiri Jaya", "SMA Cendekia Utama", "SMA Cahaya Bangsa", "SMA Kasih Ibu", "SMA Tunas Bangsa", "SMA Nusa Jaya", "SMA Karya Mandiri", "SMA Pelita Cita", "SMA Inspirasi Bangsa", "SMA Sejahtera", "SMA Bintang Terang", "SMA Elang Nusantara", "SMA Gemilang Prestasi", "SMA Bina Cita", "SMA Anak Bangsa", "SMA Prima Nusantara", "SMA Pertiwi", "SMA Persada", "SMA Pionir Harapan", "SMA Cakra Nusantara", "SMA Global Mandiri", "SMA Pelangi Nusantara", "SMA Bhakti Pertiwi", "SMA Citra Bangsa", "SMA Harmoni", "SMA Tunas Cendekia", "SMA Unggul Bangsa", "SMA Bina Generasi", "SMA Gemilang Jaya", "SMA Purna Bhakti", "SMA Nusantara Jaya", "SMA Wijaya Kusuma", "SMA Merdeka", "SMA Pertiwi Sejahtera", "SMA Pelita Nusantara", "SMA Cahaya Pertiwi", "SMA Tunas Harapan", "SMA Satria Mandiri", "SMA Bina Utama", "SMA Pionir Nusantara", "SMA Mutiara Bangsa", "SMA Kasih Bangsa", "SMA Nusa Indah", "SMA Bina Prestasi"]: null

03-01-2025T11:38:44 - [TEST_STEP][PASSED] - return namaSekolahList[new java.util.Random().nextInt(namaSekolahList.size())]: null

03-01-2025T11:38:44 - [TEST_STEP][PASSED] - namaSekolahFormatted = toLowerCase().replaceAll("\s+", ""): null

03-01-2025T11:38:44 - [TEST_STEP][PASSED] - return (namaSekolahFormatted + @sch.id): null

03-01-2025T11:38:44 - [TEST_STEP][PASSED] - for (Map<String, String> sekolahData : sekolahDataList): null

03-01-2025T11:38:44 - [TEST_STEP][PASSED] - fillFormWithData(sekolahData): null

03-01-2025T11:38:44 - [TEST_STEP][PASSED] - setText(findTestObject("Master Data/Super Admin/Form Sekolah/Field NPSN"), formData["NPSN"]): Text '5795526391' is set on object 'Object Repository/Master Data/Super Admin/Form Sekolah/Field NPSN'

03-01-2025T11:38:45 - [MESSAGE][PASSED] - Text '5795526391' is set on object 'Object Repository/Master Data/Super Admin/Form Sekolah/Field NPSN'

03-01-2025T11:38:45 - [TEST_STEP][PASSED] - setText(findTestObject("Master Data/Super Admin/Form Sekolah/Field Telephone"), formData["Telephone"]): Text '08415115501' is set on object 'Object Repository/Master Data/Super Admin/Form Sekolah/Field Telephone'

03-01-2025T11:38:46 - [MESSAGE][PASSED] - Text '08415115501' is set on object 'Object Repository/Master Data/Super Admin/Form Sekolah/Field Telephone'

03-01-2025T11:38:46 - [TEST_STEP][PASSED] - setText(findTestObject("Master Data/Super Admin/Form Sekolah/Field Nama Sekolah"), formData["NamaSekolah"]): Text 'SMA Cahaya Bangsa' is set on object 'Object Repository/Master Data/Super Admin/Form Sekolah/Field Nama Sekolah'

03-01-2025T11:38:46 - [MESSAGE][PASSED] - Text 'SMA Cahaya Bangsa' is set on object 'Object Repository/Master Data/Super Admin/Form Sekolah/Field Nama Sekolah'

03-01-2025T11:38:46 - [TEST_STEP][PASSED] - setText(findTestObject("Master Data/Super Admin/Form Sekolah/Field Email"), formData["Email"]): null

03-01-2025T11:38:47 - [MESSAGE][PASSED] - Text 'smacitrabangsa@sch.id' is set on object 'Object Repository/Master Data/Super Admin/Form Sekolah/Field Email'

03-01-2025T11:38:47 - [TEST_STEP][PASSED] - delay(1): Delayed 1 second(s)

03-01-2025T11:38:48 - [MESSAGE][PASSED] - Delayed 1 second(s)

03-01-2025T11:38:48 - [TEST_STEP][PASSED] - scrollToElement(findTestObject("Master Data/Super Admin/Form Sekolah/Field Email"), 0, CONTINUE_ON_FAILURE): Scroll to object 'Object Repository/Master Data/Super Admin/Form Sekolah/Field Email' successfully

03-01-2025T11:38:48 - [MESSAGE][WARNING] - Timeout '0' is invalid. Using default page load timeout: '30'

03-01-2025T11:38:48 - [MESSAGE][PASSED] - Scroll to object 'Object Repository/Master Data/Super Admin/Form Sekolah/Field Email' successfully

03-01-2025T11:38:48 - [TEST_STEP][PASSED] - click(findTestObject("Master Data/Super Admin/Form Sekolah/Dropdown Unit"), CONTINUE_ON_FAILURE): Object: 'Object Repository/Master Data/Super Admin/Form Sekolah/Dropdown Unit' is clicked on

03-01-2025T11:38:48 - [MESSAGE][PASSED] - Object: 'Object Repository/Master Data/Super Admin/Form Sekolah/Dropdown Unit' is clicked on

03-01-2025T11:38:48 - [TEST_STEP][PASSED] - click(findTestObject("Master Data/Super Admin/Form Sekolah/Isi Dropdown Unit"), CONTINUE_ON_FAILURE): Object: 'Object Repository/Master Data/Super Admin/Form Sekolah/Isi Dropdown Unit' is clicked on

03-01-2025T11:38:49 - [MESSAGE][PASSED] - Object: 'Object Repository/Master Data/Super Admin/Form Sekolah/Isi Dropdown Unit' is clicked on

03-01-2025T11:38:49 - [TEST_STEP][PASSED] - logoFilePaths = ["C:\Users\henri\Pictures\Upload Sekolah\Logo Sekolah.png"]: null

03-01-2025T11:38:49 - [TEST_STEP][PASSED] - for (String logoFilePath : logoFilePaths): null

03-01-2025T11:38:49 - [TEST_STEP][PASSED] - uploadLogo(logoFilePath): null

03-01-2025T11:38:49 - [TEST_STEP][PASSED] - click(findTestObject("Master Data/Super Admin/Form Sekolah/Button Upload Logo")): Object: 'Object Repository/Master Data/Super Admin/Form Sekolah/Button Upload Logo' is clicked on

03-01-2025T11:38:49 - [MESSAGE][PASSED] - Object: 'Object Repository/Master Data/Super Admin/Form Sekolah/Button Upload Logo' is clicked on

03-01-2025T11:38:49 - [TEST_STEP][PASSED] - delay(1): Delayed 1 second(s)

03-01-2025T11:38:50 - [MESSAGE][PASSED] - Delayed 1 second(s)

03-01-2025T11:38:50 - [TEST_STEP][PASSED] - uploadFile(findTestObject("Master Data/Super Admin/Form Sekolah/Input File Upload"), logoFilePath): null

03-01-2025T11:38:50 - [MESSAGE][PASSED] - File 'C:\Users\henri\Pictures\Upload Sekolah\Logo Sekolah.png' sent to object: 'Object Repository/Master Data/Super Admin/Form Sekolah/Input File Upload'

03-01-2025T11:38:50 - [TEST_STEP][PASSED] - delay(1): Delayed 1 second(s)

03-01-2025T11:38:52 - [MESSAGE][PASSED] - Delayed 1 second(s)

03-01-2025T11:38:52 - [TEST_STEP][PASSED] - kopSuratFilePath = "C:/Users/henri/Pictures/Upload Sekolah/Upload Kop Surat.png": null

03-01-2025T11:38:52 - [TEST_STEP][PASSED] - click(findTestObject("Master Data/Super Admin/Form Sekolah/Button Upload Kop Surat"), CONTINUE_ON_FAILURE): Object: 'Object Repository/Master Data/Super Admin/Form Sekolah/Button Upload Kop Surat' is clicked on

03-01-2025T11:38:52 - [MESSAGE][PASSED] - Object: 'Object Repository/Master Data/Super Admin/Form Sekolah/Button Upload Kop Surat' is clicked on

03-01-2025T11:38:52 - [TEST_STEP][PASSED] - delay(5, CONTINUE_ON_FAILURE): Delayed 5 second(s)

03-01-2025T11:38:57 - [MESSAGE][PASSED] - Delayed 5 second(s)

03-01-2025T11:38:57 - [TEST_STEP][PASSED] - uploadFile(findTestObject("Master Data/Super Admin/Form Sekolah/Input Upload File Kop Surat"), kopSuratFilePath, CONTINUE_ON_FAILURE): File 'C:/Users/henri/Pictures/Upload Sekolah/Upload Kop Surat.png' sent to object: 'Object Repository/Master Data/Super Admin/Form Sekolah/Input Upload File Kop Surat'

03-01-2025T11:38:57 - [MESSAGE][PASSED] - File 'C:/Users/henri/Pictures/Upload Sekolah/Upload Kop Surat.png' sent to object: 'Object Repository/Master Data/Super Admin/Form Sekolah/Input Upload File Kop Surat'

03-01-2025T11:38:57 - [TEST_STEP][PASSED] - selectDropdownValue("Master Data/Super Admin/Form Sekolah/Dropdown Provinsi", "Master Data/Super Admin/Form Sekolah/Isi Dropdown Provinsi", 5, 2): null

03-01-2025T11:38:57 - [TEST_STEP][PASSED] - click(findTestObject(dropdownXpath)): Object: 'Object Repository/Master Data/Super Admin/Form Sekolah/Dropdown Provinsi' is clicked on

03-01-2025T11:38:58 - [MESSAGE][PASSED] - Object: 'Object Repository/Master Data/Super Admin/Form Sekolah/Dropdown Provinsi' is clicked on

03-01-2025T11:38:58 - [TEST_STEP][PASSED] - delay(delayBefore): Delayed 5 second(s)

03-01-2025T11:39:03 - [MESSAGE][PASSED] - Delayed 5 second(s)

03-01-2025T11:39:03 - [TEST_STEP][PASSED] - click(findTestObject(valueXpath)): Object: 'Object Repository/Master Data/Super Admin/Form Sekolah/Isi Dropdown Provinsi' is clicked on

03-01-2025T11:39:03 - [MESSAGE][PASSED] - Object: 'Object Repository/Master Data/Super Admin/Form Sekolah/Isi Dropdown Provinsi' is clicked on

03-01-2025T11:39:03 - [TEST_STEP][PASSED] - delay(delayAfter): Delayed 2 second(s)

03-01-2025T11:39:05 - [MESSAGE][PASSED] - Delayed 2 second(s)

03-01-2025T11:39:05 - [TEST_STEP][PASSED] - selectDropdownValue("Master Data/Super Admin/Form Sekolah/Dropdown Kota", "Master Data/Super Admin/Form Sekolah/Isi Dropdown Kota", 2, 2): null

03-01-2025T11:39:05 - [TEST_STEP][PASSED] - click(findTestObject(dropdownXpath)): Object: 'Object Repository/Master Data/Super Admin/Form Sekolah/Dropdown Kota' is clicked on

03-01-2025T11:39:05 - [MESSAGE][PASSED] - Object: 'Object Repository/Master Data/Super Admin/Form Sekolah/Dropdown Kota' is clicked on

03-01-2025T11:39:05 - [TEST_STEP][PASSED] - delay(delayBefore): Delayed 2 second(s)

03-01-2025T11:39:07 - [MESSAGE][PASSED] - Delayed 2 second(s)

03-01-2025T11:39:07 - [TEST_STEP][PASSED] - click(findTestObject(valueXpath)): Object: 'Object Repository/Master Data/Super Admin/Form Sekolah/Isi Dropdown Kota' is clicked on

03-01-2025T11:39:07 - [MESSAGE][PASSED] - Object: 'Object Repository/Master Data/Super Admin/Form Sekolah/Isi Dropdown Kota' is clicked on

03-01-2025T11:39:07 - [TEST_STEP][PASSED] - delay(delayAfter): Delayed 2 second(s)

03-01-2025T11:39:09 - [MESSAGE][PASSED] - Delayed 2 second(s)

03-01-2025T11:39:09 - [TEST_STEP][PASSED] - alamatRandom = generateRandomAlamat(): null

03-01-2025T11:39:09 - [TEST_STEP][PASSED] - alamatList = ["Head Office. Pondok Indah Office Tower 1 Lantai 8. Jl. Sultan Iskandar Muda Kav. V - TA, Jakarta Selatan 12310. Tel. +62-21 7654466. Fax. +62-21 7507747.", "Jl. Jenderal Sudirman Kav. 10-11, Jakarta Pusat 10220. Tel. +62-21 1234567. Fax. +62-21 9876543.", "Kompleks Ruko Grand Galaxy, Blok A5 No. 12, Bekasi Selatan 17148. Tel. +62-21 8855543.", "Jl. Ahmad Yani No. 45, Surabaya 60234. Tel. +62-31 7894567.", "Jl. Diponegoro No. 101, Bandung 40132. Tel. +62-22 7651234. Fax. +62-22 9873214.", "Jl. MT Haryono No. 3, Medan 20234. Tel. +62-61 4321678.", "Jl. Brigjen Katamso No. 88, Yogyakarta 55212. Tel. +62-274 556789.", "Jl. Gatot Subroto Kav. 15-17, Jakarta Selatan 12950. Tel. +62-21 7650987.", "Jl. Pahlawan No. 76, Semarang 50134. Tel. +62-24 7776543.", "Jl. Imam Bonjol No. 23, Malang 65115. Tel. +62-341 556712."]: null

03-01-2025T11:39:09 - [TEST_STEP][PASSED] - return alamatList[new java.util.Random().nextInt(alamatList.size())]: null

03-01-2025T11:39:09 - [TEST_STEP][PASSED] - setText(findTestObject("Master Data/Super Admin/Form Sekolah/Field Alamat"), alamatRandom, CONTINUE_ON_FAILURE): Text 'Jl. Brigjen Katamso No. 88, Yogyakarta 55212. Tel. +62-274 556789.' is set on object 'Object Repository/Master Data/Super Admin/Form Sekolah/Field Alamat'

03-01-2025T11:39:10 - [MESSAGE][PASSED] - Text 'Jl. Brigjen Katamso No. 88, Yogyakarta 55212. Tel. +62-274 556789.' is set on object 'Object Repository/Master Data/Super Admin/Form Sekolah/Field Alamat'

03-01-2025T11:39:10 - [TEST_STEP][PASSED] - click(findTestObject("Master Data/Super Admin/Form Sekolah/Button Tambahkan"), CONTINUE_ON_FAILURE): Object: 'Object Repository/Master Data/Super Admin/Form Sekolah/Button Tambahkan' is clicked on

03-01-2025T11:39:11 - [MESSAGE][PASSED] - Object: 'Object Repository/Master Data/Super Admin/Form Sekolah/Button Tambahkan' is clicked on

03-01-2025T11:39:11 - [TEST_STEP][PASSED] - click(findTestObject("Master Data/Super Admin/Form Sekolah/Button YA"), CONTINUE_ON_FAILURE): Object: 'Object Repository/Master Data/Super Admin/Form Sekolah/Button YA' is clicked on

03-01-2025T11:39:11 - [MESSAGE][PASSED] - Object: 'Object Repository/Master Data/Super Admin/Form Sekolah/Button YA' is clicked on

03-01-2025T11:39:11 - [MESSAGE][PASSED] - Call Test Case 'Test Cases/Master Data/Super Admin/Master Data Sekolah/Tambah Sekolah' successfully

03-01-2025T11:39:11 - [TEST_STEP][PASSED] - callTestCase(findTestCase("Test Cases/Master Data/Super Admin/Master Data Sekolah/Edit Sekolah"), [:], CONTINUE_ON_FAILURE): Call Test Case 'Test Cases/Master Data/Super Admin/Master Data Sekolah/Edit Sekolah' successfully

03-01-2025T11:39:11 - [TEST_CASE][PASSED] - Test Cases/Master Data/Super Admin/Master Data Sekolah/Edit Sekolah: Test Cases/Master Data/Super Admin/Master Data Sekolah/Edit Sekolah

03-01-2025T11:39:11 - [TEST_STEP][PASSED] - openBrowser("", CONTINUE_ON_FAILURE): Browser is opened with url: ''

03-01-2025T11:39:11 - [MESSAGE][WARNING] - A browser is already opened. Closing browser and opening a new one

03-01-2025T11:39:12 - [MESSAGE][INFO] - Starting 'Chrome' driver

03-01-2025T11:39:12 - [MESSAGE][INFO] - Action delay is set to 0 milliseconds

03-01-2025T11:39:13 - [MESSAGE][PASSED] - Browser is opened with url: ''

03-01-2025T11:39:13 - [TEST_STEP][PASSED] - navigateToUrl("https://sit.siprusedu.com/login", CONTINUE_ON_FAILURE): Navigate to 'https://sit.siprusedu.com/login' successfully

03-01-2025T11:39:13 - [MESSAGE][PASSED] - Navigate to 'https://sit.siprusedu.com/login' successfully

03-01-2025T11:39:13 - [TEST_STEP][PASSED] - setText(findTestObject("Master Data/Admin Sekolah/Login/Field Email"), "admin@gmail.com", CONTINUE_ON_FAILURE): Text 'admin@gmail.com' is set on object 'Object Repository/Master Data/Admin Sekolah/Login/Field Email'

03-01-2025T11:39:15 - [MESSAGE][PASSED] - Text 'admin@gmail.com' is set on object 'Object Repository/Master Data/Admin Sekolah/Login/Field Email'

03-01-2025T11:39:15 - [TEST_STEP][PASSED] - setText(findTestObject("Master Data/Admin Sekolah/Login/Input Password"), "Test1234", CONTINUE_ON_FAILURE): Text 'Test1234' is set on object 'Object Repository/Master Data/Admin Sekolah/Login/Input Password'

03-01-2025T11:39:15 - [MESSAGE][PASSED] - Text 'Test1234' is set on object 'Object Repository/Master Data/Admin Sekolah/Login/Input Password'

03-01-2025T11:39:15 - [TEST_STEP][PASSED] - click(findTestObject("Master Data/Admin Sekolah/Login/Button Submit"), CONTINUE_ON_FAILURE): Object: 'Object Repository/Master Data/Admin Sekolah/Login/Button Submit' is clicked on

03-01-2025T11:39:16 - [MESSAGE][PASSED] - Object: 'Object Repository/Master Data/Admin Sekolah/Login/Button Submit' is clicked on

03-01-2025T11:39:16 - [TEST_STEP][PASSED] - waitForPageLoad(5, CONTINUE_ON_FAILURE): Wait for page load successfully

03-01-2025T11:39:16 - [MESSAGE][PASSED] - Wait for page load successfully

03-01-2025T11:39:16 - [TEST_STEP][PASSED] - click(findTestObject("Master Data/Super Admin/Homepage Menu/Sidebar Menu"), CONTINUE_ON_FAILURE): Object: 'Object Repository/Master Data/Super Admin/Homepage Menu/Sidebar Menu' is clicked on

03-01-2025T11:39:17 - [MESSAGE][PASSED] - Object: 'Object Repository/Master Data/Super Admin/Homepage Menu/Sidebar Menu' is clicked on

03-01-2025T11:39:17 - [TEST_STEP][PASSED] - click(findTestObject("Master Data/Super Admin/Homepage Menu/Sub Menu Sekolah"), CONTINUE_ON_FAILURE): Object: 'Object Repository/Master Data/Super Admin/Homepage Menu/Sub Menu Sekolah' is clicked on

03-01-2025T11:39:18 - [MESSAGE][PASSED] - Object: 'Object Repository/Master Data/Super Admin/Homepage Menu/Sub Menu Sekolah' is clicked on

03-01-2025T11:39:18 - [TEST_STEP][PASSED] - click(findTestObject("Master Data/Super Admin/Edit Sekolah/Master Data Sekolah Dashboard/Button Action"), CONTINUE_ON_FAILURE): Object: 'Object Repository/Master Data/Super Admin/Edit Sekolah/Master Data Sekolah Dashboard/Button Action' is clicked on

03-01-2025T11:39:18 - [MESSAGE][PASSED] - Object: 'Object Repository/Master Data/Super Admin/Edit Sekolah/Master Data Sekolah Dashboard/Button Action' is clicked on

03-01-2025T11:39:18 - [TEST_STEP][PASSED] - click(findTestObject("Master Data/Super Admin/Edit Sekolah/Master Data Sekolah Dashboard/Button Edit"), CONTINUE_ON_FAILURE): Object: 'Object Repository/Master Data/Super Admin/Edit Sekolah/Master Data Sekolah Dashboard/Button Edit' is clicked on

03-01-2025T11:39:19 - [MESSAGE][PASSED] - Object: 'Object Repository/Master Data/Super Admin/Edit Sekolah/Master Data Sekolah Dashboard/Button Edit' is clicked on

03-01-2025T11:39:19 - [TEST_STEP][PASSED] - sendKeys(findTestObject("Master Data/Super Admin/Edit Sekolah/Edit Page/Field NPSN"), Keys.chord(CONTROL, "a")): Keys 'CONTROL + a' sent to object: 'Object Repository/Master Data/Super Admin/Edit Sekolah/Edit Page/Field NPSN'

03-01-2025T11:39:19 - [MESSAGE][PASSED] - Keys 'CONTROL + a' sent to object: 'Object Repository/Master Data/Super Admin/Edit Sekolah/Edit Page/Field NPSN'

03-01-2025T11:39:19 - [TEST_STEP][PASSED] - sendKeys(findTestObject("Master Data/Super Admin/Edit Sekolah/Edit Page/Field NPSN"), Keys.chord(DELETE)): Keys 'DELETE + ' sent to object: 'Object Repository/Master Data/Super Admin/Edit Sekolah/Edit Page/Field NPSN'

03-01-2025T11:39:20 - [MESSAGE][PASSED] - Keys 'DELETE + ' sent to object: 'Object Repository/Master Data/Super Admin/Edit Sekolah/Edit Page/Field NPSN'

03-01-2025T11:39:20 - [TEST_STEP][PASSED] - randomNPSN = generateRandomNPSN(): null

03-01-2025T11:39:20 - [TEST_STEP][PASSED] - return (java.lang.Math.abs(new java.util.Random().nextLong()) % 10000000000).toString().padLeft(10, 0): null

03-01-2025T11:39:20 - [TEST_STEP][PASSED] - setText(findTestObject("Master Data/Super Admin/Edit Sekolah/Edit Page/Field NPSN"), randomNPSN, CONTINUE_ON_FAILURE): Text '4507432874' is set on object 'Object Repository/Master Data/Super Admin/Edit Sekolah/Edit Page/Field NPSN'

03-01-2025T11:39:20 - [MESSAGE][PASSED] - Text '4507432874' is set on object 'Object Repository/Master Data/Super Admin/Edit Sekolah/Edit Page/Field NPSN'

03-01-2025T11:39:20 - [TEST_STEP][PASSED] - sendKeys(findTestObject("Master Data/Super Admin/Edit Sekolah/Edit Page/Field Nomor Telfon"), Keys.chord(CONTROL, "a")): Keys 'CONTROL + a' sent to object: 'Object Repository/Master Data/Super Admin/Edit Sekolah/Edit Page/Field Nomor Telfon'

03-01-2025T11:39:21 - [MESSAGE][PASSED] - Keys 'CONTROL + a' sent to object: 'Object Repository/Master Data/Super Admin/Edit Sekolah/Edit Page/Field Nomor Telfon'

03-01-2025T11:39:21 - [TEST_STEP][PASSED] - sendKeys(findTestObject("Master Data/Super Admin/Edit Sekolah/Edit Page/Field Nomor Telfon"), Keys.chord(DELETE)): Keys 'DELETE + ' sent to object: 'Object Repository/Master Data/Super Admin/Edit Sekolah/Edit Page/Field Nomor Telfon'

03-01-2025T11:39:21 - [MESSAGE][PASSED] - Keys 'DELETE + ' sent to object: 'Object Repository/Master Data/Super Admin/Edit Sekolah/Edit Page/Field Nomor Telfon'

03-01-2025T11:39:21 - [TEST_STEP][PASSED] - randomNomorTelepon = generateRandomNomorTelepon(): null

03-01-2025T11:39:21 - [TEST_STEP][PASSED] - return (08 + (java.lang.Math.abs(new java.util.Random().nextLong()) % 1000000000).toString().padLeft(9, 0)): null

03-01-2025T11:39:21 - [TEST_STEP][PASSED] - setText(findTestObject("Master Data/Super Admin/Edit Sekolah/Edit Page/Field Nomor Telfon"), randomNomorTelepon, CONTINUE_ON_FAILURE): Text '08352503140' is set on object 'Object Repository/Master Data/Super Admin/Edit Sekolah/Edit Page/Field Nomor Telfon'

03-01-2025T11:39:21 - [MESSAGE][PASSED] - Text '08352503140' is set on object 'Object Repository/Master Data/Super Admin/Edit Sekolah/Edit Page/Field Nomor Telfon'

03-01-2025T11:39:21 - [TEST_STEP][PASSED] - sendKeys(findTestObject("Master Data/Super Admin/Edit Sekolah/Edit Page/Field Nama Sekolah"), Keys.chord(CONTROL, "a")): Keys 'CONTROL + a' sent to object: 'Object Repository/Master Data/Super Admin/Edit Sekolah/Edit Page/Field Nama Sekolah'

03-01-2025T11:39:22 - [MESSAGE][PASSED] - Keys 'CONTROL + a' sent to object: 'Object Repository/Master Data/Super Admin/Edit Sekolah/Edit Page/Field Nama Sekolah'

03-01-2025T11:39:22 - [TEST_STEP][PASSED] - sendKeys(findTestObject("Master Data/Super Admin/Edit Sekolah/Edit Page/Field Nama Sekolah"), Keys.chord(DELETE)): Keys 'DELETE + ' sent to object: 'Object Repository/Master Data/Super Admin/Edit Sekolah/Edit Page/Field Nama Sekolah'

03-01-2025T11:39:22 - [MESSAGE][PASSED] - Keys 'DELETE + ' sent to object: 'Object Repository/Master Data/Super Admin/Edit Sekolah/Edit Page/Field Nama Sekolah'

03-01-2025T11:39:22 - [TEST_STEP][PASSED] - randomNamaSekolah = generateRandomNamaSekolah(): null

03-01-2025T11:39:22 - [TEST_STEP][PASSED] - namaSekolahList = ["SMA Harapan Bangsa", "SMA Citra Nusantara", "SMA Tunas Muda", "SMA Pelita Harapan", "SMA Duta Bangsa", "SMA Bina Insan", "SMA Mandiri Jaya", "SMA Cendekia Utama", "SMA Cahaya Bangsa", "SMA Kasih Ibu", "SMA Tunas Bangsa", "SMA Nusa Jaya", "SMA Karya Mandiri", "SMA Pelita Cita", "SMA Inspirasi Bangsa", "SMA Sejahtera", "SMA Bintang Terang", "SMA Elang Nusantara", "SMA Gemilang Prestasi", "SMA Bina Cita", "SMA Anak Bangsa", "SMA Prima Nusantara", "SMA Pertiwi", "SMA Persada", "SMA Pionir Harapan", "SMA Cakra Nusantara", "SMA Global Mandiri", "SMA Pelangi Nusantara", "SMA Bhakti Pertiwi", "SMA Citra Bangsa", "SMA Harmoni", "SMA Tunas Cendekia", "SMA Unggul Bangsa", "SMA Bina Generasi", "SMA Gemilang Jaya", "SMA Purna Bhakti", "SMA Nusantara Jaya", "SMA Wijaya Kusuma", "SMA Merdeka", "SMA Pertiwi Sejahtera", "SMA Pelita Nusantara", "SMA Cahaya Pertiwi", "SMA Tunas Harapan", "SMA Satria Mandiri", "SMA Bina Utama", "SMA Pionir Nusantara", "SMA Mutiara Bangsa", "SMA Kasih Bangsa", "SMA Nusa Indah", "SMA Bina Prestasi"]: null

03-01-2025T11:39:22 - [TEST_STEP][PASSED] - return namaSekolahList[new java.util.Random().nextInt(namaSekolahList.size())]: null

03-01-2025T11:39:22 - [TEST_STEP][PASSED] - setText(findTestObject("Master Data/Super Admin/Edit Sekolah/Edit Page/Field Nama Sekolah"), randomNamaSekolah, CONTINUE_ON_FAILURE): Text 'SMA Pelangi Nusantara' is set on object 'Object Repository/Master Data/Super Admin/Edit Sekolah/Edit Page/Field Nama Sekolah'

03-01-2025T11:39:23 - [MESSAGE][PASSED] - Text 'SMA Pelangi Nusantara' is set on object 'Object Repository/Master Data/Super Admin/Edit Sekolah/Edit Page/Field Nama Sekolah'

03-01-2025T11:39:23 - [TEST_STEP][PASSED] - sendKeys(findTestObject("Master Data/Super Admin/Edit Sekolah/Edit Page/Field Email Sekolah"), Keys.chord(CONTROL, "a")): Keys 'CONTROL + a' sent to object: 'Object Repository/Master Data/Super Admin/Edit Sekolah/Edit Page/Field Email Sekolah'

03-01-2025T11:39:23 - [MESSAGE][PASSED] - Keys 'CONTROL + a' sent to object: 'Object Repository/Master Data/Super Admin/Edit Sekolah/Edit Page/Field Email Sekolah'

03-01-2025T11:39:23 - [TEST_STEP][PASSED] - sendKeys(findTestObject("Master Data/Super Admin/Edit Sekolah/Edit Page/Field Email Sekolah"), Keys.chord(DELETE)): Keys 'DELETE + ' sent to object: 'Object Repository/Master Data/Super Admin/Edit Sekolah/Edit Page/Field Email Sekolah'

03-01-2025T11:39:23 - [MESSAGE][PASSED] - Keys 'DELETE + ' sent to object: 'Object Repository/Master Data/Super Admin/Edit Sekolah/Edit Page/Field Email Sekolah'

03-01-2025T11:39:23 - [TEST_STEP][PASSED] - randomEmail = generateEmailFromNamaSekolah(randomNamaSekolah): null

03-01-2025T11:39:23 - [TEST_STEP][PASSED] - emailPrefix = toLowerCase().replaceAll(" ", "."): null

03-01-2025T11:39:23 - [TEST_STEP][PASSED] - return (emailPrefix + @sch.co.id): null

03-01-2025T11:39:23 - [TEST_STEP][PASSED] - setText(findTestObject("Master Data/Super Admin/Edit Sekolah/Edit Page/Field Email Sekolah"), randomEmail, CONTINUE_ON_FAILURE): Text 'sma.pelangi.nusantara@sch.co.id' is set on object 'Object Repository/Master Data/Super Admin/Edit Sekolah/Edit Page/Field Email Sekolah'

03-01-2025T11:39:24 - [MESSAGE][PASSED] - Text 'sma.pelangi.nusantara@sch.co.id' is set on object 'Object Repository/Master Data/Super Admin/Edit Sekolah/Edit Page/Field Email Sekolah'

03-01-2025T11:39:24 - [TEST_STEP][PASSED] - click(findTestObject("Master Data/Super Admin/Edit Sekolah/Edit Page/Dropdown Provinsi"), CONTINUE_ON_FAILURE): Object: 'Object Repository/Master Data/Super Admin/Edit Sekolah/Edit Page/Dropdown Provinsi' is clicked on

03-01-2025T11:39:26 - [MESSAGE][PASSED] - Object: 'Object Repository/Master Data/Super Admin/Edit Sekolah/Edit Page/Dropdown Provinsi' is clicked on

03-01-2025T11:39:26 - [TEST_STEP][PASSED] - click(findTestObject("Master Data/Super Admin/Edit Sekolah/Edit Page/Value Dropdown Provinsi"), CONTINUE_ON_FAILURE): Object: 'Object Repository/Master Data/Super Admin/Edit Sekolah/Edit Page/Value Dropdown Provinsi' is clicked on

03-01-2025T11:39:27 - [MESSAGE][PASSED] - Object: 'Object Repository/Master Data/Super Admin/Edit Sekolah/Edit Page/Value Dropdown Provinsi' is clicked on

03-01-2025T11:39:27 - [TEST_STEP][PASSED] - click(findTestObject("Master Data/Super Admin/Edit Sekolah/Edit Page/Dropdown Kota"), CONTINUE_ON_FAILURE): Object: 'Object Repository/Master Data/Super Admin/Edit Sekolah/Edit Page/Dropdown Kota' is clicked on

03-01-2025T11:39:27 - [MESSAGE][PASSED] - Object: 'Object Repository/Master Data/Super Admin/Edit Sekolah/Edit Page/Dropdown Kota' is clicked on

03-01-2025T11:39:27 - [TEST_STEP][PASSED] - click(findTestObject("Master Data/Super Admin/Edit Sekolah/Edit Page/Value Dropdown Kota"), CONTINUE_ON_FAILURE): Object: 'Object Repository/Master Data/Super Admin/Edit Sekolah/Edit Page/Value Dropdown Kota' is clicked on

03-01-2025T11:39:27 - [MESSAGE][PASSED] - Object: 'Object Repository/Master Data/Super Admin/Edit Sekolah/Edit Page/Value Dropdown Kota' is clicked on

03-01-2025T11:39:27 - [TEST_STEP][PASSED] - click(findTestObject("Master Data/Super Admin/Edit Sekolah/Edit Page/Field Button Simpan"), CONTINUE_ON_FAILURE): Object: 'Object Repository/Master Data/Super Admin/Edit Sekolah/Edit Page/Field Button Simpan' is clicked on

03-01-2025T11:39:28 - [MESSAGE][PASSED] - Object: 'Object Repository/Master Data/Super Admin/Edit Sekolah/Edit Page/Field Button Simpan' is clicked on

03-01-2025T11:39:28 - [TEST_STEP][PASSED] - click(findTestObject("Master Data/Super Admin/Edit Sekolah/Edit Page/Button Ya"), CONTINUE_ON_FAILURE): Object: 'Object Repository/Master Data/Super Admin/Edit Sekolah/Edit Page/Button Ya' is clicked on

03-01-2025T11:39:28 - [MESSAGE][PASSED] - Object: 'Object Repository/Master Data/Super Admin/Edit Sekolah/Edit Page/Button Ya' is clicked on

03-01-2025T11:39:28 - [TEST_STEP][PASSED] - closeBrowser(): Browser is closed

03-01-2025T11:39:28 - [MESSAGE][PASSED] - Browser is closed

03-01-2025T11:39:28 - [MESSAGE][PASSED] - Call Test Case 'Test Cases/Master Data/Super Admin/Master Data Sekolah/Edit Sekolah' successfully

03-01-2025T11:39:28 - [TEST_STEP][PASSED] - println("============================= Loop Again ==============================="): null

03-01-2025T11:39:28 - [TEST_STEP][PASSED] - callTestCase(findTestCase("Test Cases/Master Data/Super Admin/Master Data Sekolah/Tambah Sekolah"), [:], CONTINUE_ON_FAILURE): Call Test Case 'Test Cases/Master Data/Super Admin/Master Data Sekolah/Tambah Sekolah' successfully

03-01-2025T11:39:28 - [TEST_CASE][PASSED] - Test Cases/Master Data/Super Admin/Master Data Sekolah/Tambah Sekolah: Test Cases/Master Data/Super Admin/Master Data Sekolah/Tambah Sekolah

03-01-2025T11:39:28 - [TEST_STEP][PASSED] - openBrowser("", CONTINUE_ON_FAILURE): Browser is opened with url: ''

03-01-2025T11:39:28 - [MESSAGE][INFO] - Starting 'Chrome' driver

03-01-2025T11:39:28 - [MESSAGE][INFO] - Action delay is set to 0 milliseconds

03-01-2025T11:39:29 - [MESSAGE][PASSED] - Browser is opened with url: ''

03-01-2025T11:39:29 - [TEST_STEP][PASSED] - navigateToUrl("https://sit.siprusedu.com/login", CONTINUE_ON_FAILURE): Navigate to 'https://sit.siprusedu.com/login' successfully

03-01-2025T11:39:30 - [MESSAGE][PASSED] - Navigate to 'https://sit.siprusedu.com/login' successfully

03-01-2025T11:39:30 - [TEST_STEP][PASSED] - click(findTestObject("Master Data/Admin Sekolah/Login/Field Email"), CONTINUE_ON_FAILURE): Object: 'Object Repository/Master Data/Admin Sekolah/Login/Field Email' is clicked on

03-01-2025T11:39:31 - [MESSAGE][PASSED] - Object: 'Object Repository/Master Data/Admin Sekolah/Login/Field Email' is clicked on

03-01-2025T11:39:31 - [TEST_STEP][PASSED] - setText(findTestObject("Master Data/Admin Sekolah/Login/Field Email"), "admin@gmail.com", CONTINUE_ON_FAILURE): Text 'admin@gmail.com' is set on object 'Object Repository/Master Data/Admin Sekolah/Login/Field Email'

03-01-2025T11:39:32 - [MESSAGE][PASSED] - Text 'admin@gmail.com' is set on object 'Object Repository/Master Data/Admin Sekolah/Login/Field Email'

03-01-2025T11:39:32 - [TEST_STEP][PASSED] - click(findTestObject("Master Data/Admin Sekolah/Login/Input Password"), CONTINUE_ON_FAILURE): Object: 'Object Repository/Master Data/Admin Sekolah/Login/Input Password' is clicked on

03-01-2025T11:39:32 - [MESSAGE][PASSED] - Object: 'Object Repository/Master Data/Admin Sekolah/Login/Input Password' is clicked on

03-01-2025T11:39:32 - [TEST_STEP][PASSED] - setText(findTestObject("Master Data/Admin Sekolah/Login/Input Password"), "Test1234", CONTINUE_ON_FAILURE): Text 'Test1234' is set on object 'Object Repository/Master Data/Admin Sekolah/Login/Input Password'

03-01-2025T11:39:33 - [MESSAGE][PASSED] - Text 'Test1234' is set on object 'Object Repository/Master Data/Admin Sekolah/Login/Input Password'

03-01-2025T11:39:33 - [TEST_STEP][PASSED] - click(findTestObject("Master Data/Admin Sekolah/Login/Button Submit"), CONTINUE_ON_FAILURE): Object: 'Object Repository/Master Data/Admin Sekolah/Login/Button Submit' is clicked on

03-01-2025T11:39:33 - [MESSAGE][PASSED] - Object: 'Object Repository/Master Data/Admin Sekolah/Login/Button Submit' is clicked on

03-01-2025T11:39:33 - [TEST_STEP][PASSED] - waitForPageLoad(5, CONTINUE_ON_FAILURE): Wait for page load successfully

03-01-2025T11:39:33 - [MESSAGE][PASSED] - Wait for page load successfully

03-01-2025T11:39:33 - [TEST_STEP][PASSED] - click(findTestObject("Master Data/Super Admin/Homepage Menu/Sidebar Menu"), CONTINUE_ON_FAILURE): Object: 'Object Repository/Master Data/Super Admin/Homepage Menu/Sidebar Menu' is clicked on

03-01-2025T11:39:35 - [MESSAGE][PASSED] - Object: 'Object Repository/Master Data/Super Admin/Homepage Menu/Sidebar Menu' is clicked on

03-01-2025T11:39:35 - [TEST_STEP][PASSED] - click(findTestObject("Master Data/Super Admin/Homepage Menu/Sub Menu Sekolah"), CONTINUE_ON_FAILURE): Object: 'Object Repository/Master Data/Super Admin/Homepage Menu/Sub Menu Sekolah' is clicked on

03-01-2025T11:39:35 - [MESSAGE][PASSED] - Object: 'Object Repository/Master Data/Super Admin/Homepage Menu/Sub Menu Sekolah' is clicked on

03-01-2025T11:39:35 - [TEST_STEP][PASSED] - click(findTestObject("Master Data/Super Admin/Master Sekolah Dashboard/Button Tambah"), CONTINUE_ON_FAILURE): Object: 'Object Repository/Master Data/Super Admin/Master Sekolah Dashboard/Button Tambah' is clicked on

03-01-2025T11:39:36 - [MESSAGE][PASSED] - Object: 'Object Repository/Master Data/Super Admin/Master Sekolah Dashboard/Button Tambah' is clicked on

03-01-2025T11:39:36 - [TEST_STEP][PASSED] - waitForPageLoad(5, CONTINUE_ON_FAILURE): Wait for page load successfully

03-01-2025T11:39:36 - [MESSAGE][PASSED] - Wait for page load successfully

03-01-2025T11:39:36 - [TEST_STEP][PASSED] - sekolahDataList = [["NPSN":generateRandomNPSN(), "Telephone":generateRandomNomorHP(), "NamaSekolah":generateRandomNamaSekolah(), "Email":generateRandomEmail(generateRandomNamaSekolah())]]: null

03-01-2025T11:39:36 - [TEST_STEP][PASSED] - return (java.lang.Math.abs(new java.util.Random().nextLong()) % 10000000000).toString().padLeft(10, 0): null

03-01-2025T11:39:36 - [TEST_STEP][PASSED] - return (08 + (java.lang.Math.abs(new java.util.Random().nextLong()) % 1000000000).toString().padLeft(9, 0)): null

03-01-2025T11:39:36 - [TEST_STEP][PASSED] - namaSekolahList = ["SMA Harapan Bangsa", "SMA Citra Nusantara", "SMA Tunas Muda", "SMA Pelita Harapan", "SMA Duta Bangsa", "SMA Bina Insan", "SMA Mandiri Jaya", "SMA Cendekia Utama", "SMA Cahaya Bangsa", "SMA Kasih Ibu", "SMA Tunas Bangsa", "SMA Nusa Jaya", "SMA Karya Mandiri", "SMA Pelita Cita", "SMA Inspirasi Bangsa", "SMA Sejahtera", "SMA Bintang Terang", "SMA Elang Nusantara", "SMA Gemilang Prestasi", "SMA Bina Cita", "SMA Anak Bangsa", "SMA Prima Nusantara", "SMA Pertiwi", "SMA Persada", "SMA Pionir Harapan", "SMA Cakra Nusantara", "SMA Global Mandiri", "SMA Pelangi Nusantara", "SMA Bhakti Pertiwi", "SMA Citra Bangsa", "SMA Harmoni", "SMA Tunas Cendekia", "SMA Unggul Bangsa", "SMA Bina Generasi", "SMA Gemilang Jaya", "SMA Purna Bhakti", "SMA Nusantara Jaya", "SMA Wijaya Kusuma", "SMA Merdeka", "SMA Pertiwi Sejahtera", "SMA Pelita Nusantara", "SMA Cahaya Pertiwi", "SMA Tunas Harapan", "SMA Satria Mandiri", "SMA Bina Utama", "SMA Pionir Nusantara", "SMA Mutiara Bangsa", "SMA Kasih Bangsa", "SMA Nusa Indah", "SMA Bina Prestasi"]: null

03-01-2025T11:39:36 - [TEST_STEP][PASSED] - return namaSekolahList[new java.util.Random().nextInt(namaSekolahList.size())]: null

03-01-2025T11:39:36 - [TEST_STEP][PASSED] - namaSekolahList = ["SMA Harapan Bangsa", "SMA Citra Nusantara", "SMA Tunas Muda", "SMA Pelita Harapan", "SMA Duta Bangsa", "SMA Bina Insan", "SMA Mandiri Jaya", "SMA Cendekia Utama", "SMA Cahaya Bangsa", "SMA Kasih Ibu", "SMA Tunas Bangsa", "SMA Nusa Jaya", "SMA Karya Mandiri", "SMA Pelita Cita", "SMA Inspirasi Bangsa", "SMA Sejahtera", "SMA Bintang Terang", "SMA Elang Nusantara", "SMA Gemilang Prestasi", "SMA Bina Cita", "SMA Anak Bangsa", "SMA Prima Nusantara", "SMA Pertiwi", "SMA Persada", "SMA Pionir Harapan", "SMA Cakra Nusantara", "SMA Global Mandiri", "SMA Pelangi Nusantara", "SMA Bhakti Pertiwi", "SMA Citra Bangsa", "SMA Harmoni", "SMA Tunas Cendekia", "SMA Unggul Bangsa", "SMA Bina Generasi", "SMA Gemilang Jaya", "SMA Purna Bhakti", "SMA Nusantara Jaya", "SMA Wijaya Kusuma", "SMA Merdeka", "SMA Pertiwi Sejahtera", "SMA Pelita Nusantara", "SMA Cahaya Pertiwi", "SMA Tunas Harapan", "SMA Satria Mandiri", "SMA Bina Utama", "SMA Pionir Nusantara", "SMA Mutiara Bangsa", "SMA Kasih Bangsa", "SMA Nusa Indah", "SMA Bina Prestasi"]: null

03-01-2025T11:39:36 - [TEST_STEP][PASSED] - return namaSekolahList[new java.util.Random().nextInt(namaSekolahList.size())]: null

03-01-2025T11:39:36 - [TEST_STEP][PASSED] - namaSekolahFormatted = toLowerCase().replaceAll("\s+", ""): null

03-01-2025T11:39:36 - [TEST_STEP][PASSED] - return (namaSekolahFormatted + @sch.id): null

03-01-2025T11:39:36 - [TEST_STEP][PASSED] - for (Map<String, String> sekolahData : sekolahDataList): null

03-01-2025T11:39:36 - [TEST_STEP][PASSED] - fillFormWithData(sekolahData): null

03-01-2025T11:39:36 - [TEST_STEP][PASSED] - setText(findTestObject("Master Data/Super Admin/Form Sekolah/Field NPSN"), formData["NPSN"]): Text '7878818986' is set on object 'Object Repository/Master Data/Super Admin/Form Sekolah/Field NPSN'

03-01-2025T11:39:37 - [MESSAGE][PASSED] - Text '7878818986' is set on object 'Object Repository/Master Data/Super Admin/Form Sekolah/Field NPSN'

03-01-2025T11:39:37 - [TEST_STEP][PASSED] - setText(findTestObject("Master Data/Super Admin/Form Sekolah/Field Telephone"), formData["Telephone"]): Text '08266249501' is set on object 'Object Repository/Master Data/Super Admin/Form Sekolah/Field Telephone'

03-01-2025T11:39:37 - [MESSAGE][PASSED] - Text '08266249501' is set on object 'Object Repository/Master Data/Super Admin/Form Sekolah/Field Telephone'

03-01-2025T11:39:37 - [TEST_STEP][PASSED] - setText(findTestObject("Master Data/Super Admin/Form Sekolah/Field Nama Sekolah"), formData["NamaSekolah"]): Text 'SMA Bina Generasi' is set on object 'Object Repository/Master Data/Super Admin/Form Sekolah/Field Nama Sekolah'

03-01-2025T11:39:38 - [MESSAGE][PASSED] - Text 'SMA Bina Generasi' is set on object 'Object Repository/Master Data/Super Admin/Form Sekolah/Field Nama Sekolah'

03-01-2025T11:39:38 - [TEST_STEP][PASSED] - setText(findTestObject("Master Data/Super Admin/Form Sekolah/Field Email"), formData["Email"]): null

03-01-2025T11:39:38 - [MESSAGE][PASSED] - Text 'smawijayakusuma@sch.id' is set on object 'Object Repository/Master Data/Super Admin/Form Sekolah/Field Email'

03-01-2025T11:39:38 - [TEST_STEP][PASSED] - delay(1): Delayed 1 second(s)

03-01-2025T11:39:39 - [MESSAGE][PASSED] - Delayed 1 second(s)

03-01-2025T11:39:39 - [TEST_STEP][PASSED] - scrollToElement(findTestObject("Master Data/Super Admin/Form Sekolah/Field Email"), 0, CONTINUE_ON_FAILURE): Scroll to object 'Object Repository/Master Data/Super Admin/Form Sekolah/Field Email' successfully

03-01-2025T11:39:39 - [MESSAGE][WARNING] - Timeout '0' is invalid. Using default page load timeout: '30'

03-01-2025T11:39:40 - [MESSAGE][PASSED] - Scroll to object 'Object Repository/Master Data/Super Admin/Form Sekolah/Field Email' successfully

03-01-2025T11:39:40 - [TEST_STEP][PASSED] - click(findTestObject("Master Data/Super Admin/Form Sekolah/Dropdown Unit"), CONTINUE_ON_FAILURE): Object: 'Object Repository/Master Data/Super Admin/Form Sekolah/Dropdown Unit' is clicked on

03-01-2025T11:39:40 - [MESSAGE][PASSED] - Object: 'Object Repository/Master Data/Super Admin/Form Sekolah/Dropdown Unit' is clicked on

03-01-2025T11:39:40 - [TEST_STEP][PASSED] - click(findTestObject("Master Data/Super Admin/Form Sekolah/Isi Dropdown Unit"), CONTINUE_ON_FAILURE): Object: 'Object Repository/Master Data/Super Admin/Form Sekolah/Isi Dropdown Unit' is clicked on

03-01-2025T11:39:41 - [MESSAGE][PASSED] - Object: 'Object Repository/Master Data/Super Admin/Form Sekolah/Isi Dropdown Unit' is clicked on

03-01-2025T11:39:41 - [TEST_STEP][PASSED] - logoFilePaths = ["C:\Users\henri\Pictures\Upload Sekolah\Logo Sekolah.png"]: null

03-01-2025T11:39:41 - [TEST_STEP][PASSED] - for (String logoFilePath : logoFilePaths): null

03-01-2025T11:39:41 - [TEST_STEP][PASSED] - uploadLogo(logoFilePath): null

03-01-2025T11:39:41 - [TEST_STEP][PASSED] - click(findTestObject("Master Data/Super Admin/Form Sekolah/Button Upload Logo")): Object: 'Object Repository/Master Data/Super Admin/Form Sekolah/Button Upload Logo' is clicked on

03-01-2025T11:39:41 - [MESSAGE][PASSED] - Object: 'Object Repository/Master Data/Super Admin/Form Sekolah/Button Upload Logo' is clicked on

03-01-2025T11:39:41 - [TEST_STEP][PASSED] - delay(1): Delayed 1 second(s)

03-01-2025T11:39:42 - [MESSAGE][PASSED] - Delayed 1 second(s)

03-01-2025T11:39:42 - [TEST_STEP][PASSED] - uploadFile(findTestObject("Master Data/Super Admin/Form Sekolah/Input File Upload"), logoFilePath): null

03-01-2025T11:39:42 - [MESSAGE][PASSED] - File 'C:\Users\henri\Pictures\Upload Sekolah\Logo Sekolah.png' sent to object: 'Object Repository/Master Data/Super Admin/Form Sekolah/Input File Upload'

03-01-2025T11:39:42 - [TEST_STEP][PASSED] - delay(1): Delayed 1 second(s)

03-01-2025T11:39:43 - [MESSAGE][PASSED] - Delayed 1 second(s)

03-01-2025T11:39:43 - [TEST_STEP][PASSED] - kopSuratFilePath = "C:/Users/henri/Pictures/Upload Sekolah/Upload Kop Surat.png": null

03-01-2025T11:39:43 - [TEST_STEP][PASSED] - click(findTestObject("Master Data/Super Admin/Form Sekolah/Button Upload Kop Surat"), CONTINUE_ON_FAILURE): Object: 'Object Repository/Master Data/Super Admin/Form Sekolah/Button Upload Kop Surat' is clicked on

03-01-2025T11:39:43 - [MESSAGE][PASSED] - Object: 'Object Repository/Master Data/Super Admin/Form Sekolah/Button Upload Kop Surat' is clicked on

03-01-2025T11:39:43 - [TEST_STEP][PASSED] - delay(5, CONTINUE_ON_FAILURE): Delayed 5 second(s)

03-01-2025T11:39:48 - [MESSAGE][PASSED] - Delayed 5 second(s)

03-01-2025T11:39:48 - [TEST_STEP][PASSED] - uploadFile(findTestObject("Master Data/Super Admin/Form Sekolah/Input Upload File Kop Surat"), kopSuratFilePath, CONTINUE_ON_FAILURE): File 'C:/Users/henri/Pictures/Upload Sekolah/Upload Kop Surat.png' sent to object: 'Object Repository/Master Data/Super Admin/Form Sekolah/Input Upload File Kop Surat'

03-01-2025T11:39:49 - [MESSAGE][PASSED] - File 'C:/Users/henri/Pictures/Upload Sekolah/Upload Kop Surat.png' sent to object: 'Object Repository/Master Data/Super Admin/Form Sekolah/Input Upload File Kop Surat'

03-01-2025T11:39:49 - [TEST_STEP][PASSED] - selectDropdownValue("Master Data/Super Admin/Form Sekolah/Dropdown Provinsi", "Master Data/Super Admin/Form Sekolah/Isi Dropdown Provinsi", 5, 2): null

03-01-2025T11:39:49 - [TEST_STEP][PASSED] - click(findTestObject(dropdownXpath)): Object: 'Object Repository/Master Data/Super Admin/Form Sekolah/Dropdown Provinsi' is clicked on

03-01-2025T11:39:49 - [MESSAGE][PASSED] - Object: 'Object Repository/Master Data/Super Admin/Form Sekolah/Dropdown Provinsi' is clicked on

03-01-2025T11:39:49 - [TEST_STEP][PASSED] - delay(delayBefore): Delayed 5 second(s)

03-01-2025T11:39:54 - [MESSAGE][PASSED] - Delayed 5 second(s)

03-01-2025T11:39:54 - [TEST_STEP][PASSED] - click(findTestObject(valueXpath)): Object: 'Object Repository/Master Data/Super Admin/Form Sekolah/Isi Dropdown Provinsi' is clicked on

03-01-2025T11:39:55 - [MESSAGE][PASSED] - Object: 'Object Repository/Master Data/Super Admin/Form Sekolah/Isi Dropdown Provinsi' is clicked on

03-01-2025T11:39:55 - [TEST_STEP][PASSED] - delay(delayAfter): Delayed 2 second(s)

03-01-2025T11:39:57 - [MESSAGE][PASSED] - Delayed 2 second(s)

03-01-2025T11:39:57 - [TEST_STEP][PASSED] - selectDropdownValue("Master Data/Super Admin/Form Sekolah/Dropdown Kota", "Master Data/Super Admin/Form Sekolah/Isi Dropdown Kota", 2, 2): null

03-01-2025T11:39:57 - [TEST_STEP][PASSED] - click(findTestObject(dropdownXpath)): Object: 'Object Repository/Master Data/Super Admin/Form Sekolah/Dropdown Kota' is clicked on

03-01-2025T11:39:57 - [MESSAGE][PASSED] - Object: 'Object Repository/Master Data/Super Admin/Form Sekolah/Dropdown Kota' is clicked on

03-01-2025T11:39:57 - [TEST_STEP][PASSED] - delay(delayBefore): Delayed 2 second(s)

03-01-2025T11:39:59 - [MESSAGE][PASSED] - Delayed 2 second(s)

03-01-2025T11:39:59 - [TEST_STEP][PASSED] - click(findTestObject(valueXpath)): Object: 'Object Repository/Master Data/Super Admin/Form Sekolah/Isi Dropdown Kota' is clicked on

03-01-2025T11:39:59 - [MESSAGE][PASSED] - Object: 'Object Repository/Master Data/Super Admin/Form Sekolah/Isi Dropdown Kota' is clicked on

03-01-2025T11:39:59 - [TEST_STEP][PASSED] - delay(delayAfter): Delayed 2 second(s)

03-01-2025T11:40:01 - [MESSAGE][PASSED] - Delayed 2 second(s)

03-01-2025T11:40:01 - [TEST_STEP][PASSED] - alamatRandom = generateRandomAlamat(): null

03-01-2025T11:40:01 - [TEST_STEP][PASSED] - alamatList = ["Head Office. Pondok Indah Office Tower 1 Lantai 8. Jl. Sultan Iskandar Muda Kav. V - TA, Jakarta Selatan 12310. Tel. +62-21 7654466. Fax. +62-21 7507747.", "Jl. Jenderal Sudirman Kav. 10-11, Jakarta Pusat 10220. Tel. +62-21 1234567. Fax. +62-21 9876543.", "Kompleks Ruko Grand Galaxy, Blok A5 No. 12, Bekasi Selatan 17148. Tel. +62-21 8855543.", "Jl. Ahmad Yani No. 45, Surabaya 60234. Tel. +62-31 7894567.", "Jl. Diponegoro No. 101, Bandung 40132. Tel. +62-22 7651234. Fax. +62-22 9873214.", "Jl. MT Haryono No. 3, Medan 20234. Tel. +62-61 4321678.", "Jl. Brigjen Katamso No. 88, Yogyakarta 55212. Tel. +62-274 556789.", "Jl. Gatot Subroto Kav. 15-17, Jakarta Selatan 12950. Tel. +62-21 7650987.", "Jl. Pahlawan No. 76, Semarang 50134. Tel. +62-24 7776543.", "Jl. Imam Bonjol No. 23, Malang 65115. Tel. +62-341 556712."]: null

03-01-2025T11:40:01 - [TEST_STEP][PASSED] - return alamatList[new java.util.Random().nextInt(alamatList.size())]: null

03-01-2025T11:40:01 - [TEST_STEP][PASSED] - setText(findTestObject("Master Data/Super Admin/Form Sekolah/Field Alamat"), alamatRandom, CONTINUE_ON_FAILURE): Text 'Jl. Jenderal Sudirman Kav. 10-11, Jakarta Pusat 10220. Tel. +62-21 1234567. Fax. +62-21 9876543.' is set on object 'Object Repository/Master Data/Super Admin/Form Sekolah/Field Alamat'

03-01-2025T11:40:02 - [MESSAGE][PASSED] - Text 'Jl. Jenderal Sudirman Kav. 10-11, Jakarta Pusat 10220. Tel. +62-21 1234567. Fax. +62-21 9876543.' is set on object 'Object Repository/Master Data/Super Admin/Form Sekolah/Field Alamat'

03-01-2025T11:40:02 - [TEST_STEP][PASSED] - click(findTestObject("Master Data/Super Admin/Form Sekolah/Button Tambahkan"), CONTINUE_ON_FAILURE): Object: 'Object Repository/Master Data/Super Admin/Form Sekolah/Button Tambahkan' is clicked on

03-01-2025T11:40:03 - [MESSAGE][PASSED] - Object: 'Object Repository/Master Data/Super Admin/Form Sekolah/Button Tambahkan' is clicked on

03-01-2025T11:40:03 - [TEST_STEP][PASSED] - click(findTestObject("Master Data/Super Admin/Form Sekolah/Button YA"), CONTINUE_ON_FAILURE): Object: 'Object Repository/Master Data/Super Admin/Form Sekolah/Button YA' is clicked on

03-01-2025T11:40:03 - [MESSAGE][PASSED] - Object: 'Object Repository/Master Data/Super Admin/Form Sekolah/Button YA' is clicked on

03-01-2025T11:40:03 - [MESSAGE][PASSED] - Call Test Case 'Test Cases/Master Data/Super Admin/Master Data Sekolah/Tambah Sekolah' successfully

03-01-2025T11:40:03 - [TEST_STEP][PASSED] - callTestCase(findTestCase("Test Cases/Master Data/Super Admin/Master Data Sekolah/Edit Sekolah"), [:], CONTINUE_ON_FAILURE): Call Test Case 'Test Cases/Master Data/Super Admin/Master Data Sekolah/Edit Sekolah' successfully

03-01-2025T11:40:03 - [TEST_CASE][PASSED] - Test Cases/Master Data/Super Admin/Master Data Sekolah/Edit Sekolah: Test Cases/Master Data/Super Admin/Master Data Sekolah/Edit Sekolah

03-01-2025T11:40:03 - [TEST_STEP][PASSED] - openBrowser("", CONTINUE_ON_FAILURE): Browser is opened with url: ''

03-01-2025T11:40:03 - [MESSAGE][WARNING] - A browser is already opened. Closing browser and opening a new one

03-01-2025T11:40:03 - [MESSAGE][INFO] - Starting 'Chrome' driver

03-01-2025T11:40:03 - [MESSAGE][INFO] - Action delay is set to 0 milliseconds

03-01-2025T11:40:04 - [MESSAGE][PASSED] - Browser is opened with url: ''

03-01-2025T11:40:04 - [TEST_STEP][PASSED] - navigateToUrl("https://sit.siprusedu.com/login", CONTINUE_ON_FAILURE): Navigate to 'https://sit.siprusedu.com/login' successfully

03-01-2025T11:40:05 - [MESSAGE][PASSED] - Navigate to 'https://sit.siprusedu.com/login' successfully

03-01-2025T11:40:05 - [TEST_STEP][PASSED] - setText(findTestObject("Master Data/Admin Sekolah/Login/Field Email"), "admin@gmail.com", CONTINUE_ON_FAILURE): Text 'admin@gmail.com' is set on object 'Object Repository/Master Data/Admin Sekolah/Login/Field Email'

03-01-2025T11:40:06 - [MESSAGE][PASSED] - Text 'admin@gmail.com' is set on object 'Object Repository/Master Data/Admin Sekolah/Login/Field Email'

03-01-2025T11:40:06 - [TEST_STEP][PASSED] - setText(findTestObject("Master Data/Admin Sekolah/Login/Input Password"), "Test1234", CONTINUE_ON_FAILURE): Text 'Test1234' is set on object 'Object Repository/Master Data/Admin Sekolah/Login/Input Password'

03-01-2025T11:40:07 - [MESSAGE][PASSED] - Text 'Test1234' is set on object 'Object Repository/Master Data/Admin Sekolah/Login/Input Password'

03-01-2025T11:40:07 - [TEST_STEP][PASSED] - click(findTestObject("Master Data/Admin Sekolah/Login/Button Submit"), CONTINUE_ON_FAILURE): Object: 'Object Repository/Master Data/Admin Sekolah/Login/Button Submit' is clicked on

03-01-2025T11:40:07 - [MESSAGE][PASSED] - Object: 'Object Repository/Master Data/Admin Sekolah/Login/Button Submit' is clicked on

03-01-2025T11:40:07 - [TEST_STEP][PASSED] - waitForPageLoad(5, CONTINUE_ON_FAILURE): Wait for page load successfully

03-01-2025T11:40:07 - [MESSAGE][PASSED] - Wait for page load successfully

03-01-2025T11:40:07 - [TEST_STEP][PASSED] - click(findTestObject("Master Data/Super Admin/Homepage Menu/Sidebar Menu"), CONTINUE_ON_FAILURE): Object: 'Object Repository/Master Data/Super Admin/Homepage Menu/Sidebar Menu' is clicked on

03-01-2025T11:40:09 - [MESSAGE][PASSED] - Object: 'Object Repository/Master Data/Super Admin/Homepage Menu/Sidebar Menu' is clicked on

03-01-2025T11:40:09 - [TEST_STEP][PASSED] - click(findTestObject("Master Data/Super Admin/Homepage Menu/Sub Menu Sekolah"), CONTINUE_ON_FAILURE): Object: 'Object Repository/Master Data/Super Admin/Homepage Menu/Sub Menu Sekolah' is clicked on

03-01-2025T11:40:09 - [MESSAGE][PASSED] - Object: 'Object Repository/Master Data/Super Admin/Homepage Menu/Sub Menu Sekolah' is clicked on

03-01-2025T11:40:09 - [TEST_STEP][PASSED] - click(findTestObject("Master Data/Super Admin/Edit Sekolah/Master Data Sekolah Dashboard/Button Action"), CONTINUE_ON_FAILURE): Object: 'Object Repository/Master Data/Super Admin/Edit Sekolah/Master Data Sekolah Dashboard/Button Action' is clicked on

03-01-2025T11:40:10 - [MESSAGE][PASSED] - Object: 'Object Repository/Master Data/Super Admin/Edit Sekolah/Master Data Sekolah Dashboard/Button Action' is clicked on

03-01-2025T11:40:10 - [TEST_STEP][PASSED] - click(findTestObject("Master Data/Super Admin/Edit Sekolah/Master Data Sekolah Dashboard/Button Edit"), CONTINUE_ON_FAILURE): Object: 'Object Repository/Master Data/Super Admin/Edit Sekolah/Master Data Sekolah Dashboard/Button Edit' is clicked on

03-01-2025T11:40:10 - [MESSAGE][PASSED] - Object: 'Object Repository/Master Data/Super Admin/Edit Sekolah/Master Data Sekolah Dashboard/Button Edit' is clicked on

03-01-2025T11:40:10 - [TEST_STEP][PASSED] - sendKeys(findTestObject("Master Data/Super Admin/Edit Sekolah/Edit Page/Field NPSN"), Keys.chord(CONTROL, "a")): Keys 'CONTROL + a' sent to object: 'Object Repository/Master Data/Super Admin/Edit Sekolah/Edit Page/Field NPSN'

03-01-2025T11:40:11 - [MESSAGE][PASSED] - Keys 'CONTROL + a' sent to object: 'Object Repository/Master Data/Super Admin/Edit Sekolah/Edit Page/Field NPSN'

03-01-2025T11:40:11 - [TEST_STEP][PASSED] - sendKeys(findTestObject("Master Data/Super Admin/Edit Sekolah/Edit Page/Field NPSN"), Keys.chord(DELETE)): Keys 'DELETE + ' sent to object: 'Object Repository/Master Data/Super Admin/Edit Sekolah/Edit Page/Field NPSN'

03-01-2025T11:40:11 - [MESSAGE][PASSED] - Keys 'DELETE + ' sent to object: 'Object Repository/Master Data/Super Admin/Edit Sekolah/Edit Page/Field NPSN'

03-01-2025T11:40:11 - [TEST_STEP][PASSED] - randomNPSN = generateRandomNPSN(): null

03-01-2025T11:40:11 - [TEST_STEP][PASSED] - return (java.lang.Math.abs(new java.util.Random().nextLong()) % 10000000000).toString().padLeft(10, 0): null

03-01-2025T11:40:11 - [TEST_STEP][PASSED] - setText(findTestObject("Master Data/Super Admin/Edit Sekolah/Edit Page/Field NPSN"), randomNPSN, CONTINUE_ON_FAILURE): Text '1290842211' is set on object 'Object Repository/Master Data/Super Admin/Edit Sekolah/Edit Page/Field NPSN'

03-01-2025T11:40:12 - [MESSAGE][PASSED] - Text '1290842211' is set on object 'Object Repository/Master Data/Super Admin/Edit Sekolah/Edit Page/Field NPSN'

03-01-2025T11:40:12 - [TEST_STEP][PASSED] - sendKeys(findTestObject("Master Data/Super Admin/Edit Sekolah/Edit Page/Field Nomor Telfon"), Keys.chord(CONTROL, "a")): Keys 'CONTROL + a' sent to object: 'Object Repository/Master Data/Super Admin/Edit Sekolah/Edit Page/Field Nomor Telfon'

03-01-2025T11:40:12 - [MESSAGE][PASSED] - Keys 'CONTROL + a' sent to object: 'Object Repository/Master Data/Super Admin/Edit Sekolah/Edit Page/Field Nomor Telfon'

03-01-2025T11:40:12 - [TEST_STEP][PASSED] - sendKeys(findTestObject("Master Data/Super Admin/Edit Sekolah/Edit Page/Field Nomor Telfon"), Keys.chord(DELETE)): Keys 'DELETE + ' sent to object: 'Object Repository/Master Data/Super Admin/Edit Sekolah/Edit Page/Field Nomor Telfon'

03-01-2025T11:40:13 - [MESSAGE][PASSED] - Keys 'DELETE + ' sent to object: 'Object Repository/Master Data/Super Admin/Edit Sekolah/Edit Page/Field Nomor Telfon'

03-01-2025T11:40:13 - [TEST_STEP][PASSED] - randomNomorTelepon = generateRandomNomorTelepon(): null

03-01-2025T11:40:13 - [TEST_STEP][PASSED] - return (08 + (java.lang.Math.abs(new java.util.Random().nextLong()) % 1000000000).toString().padLeft(9, 0)): null

03-01-2025T11:40:13 - [TEST_STEP][PASSED] - setText(findTestObject("Master Data/Super Admin/Edit Sekolah/Edit Page/Field Nomor Telfon"), randomNomorTelepon, CONTINUE_ON_FAILURE): Text '08277265727' is set on object 'Object Repository/Master Data/Super Admin/Edit Sekolah/Edit Page/Field Nomor Telfon'

03-01-2025T11:40:13 - [MESSAGE][PASSED] - Text '08277265727' is set on object 'Object Repository/Master Data/Super Admin/Edit Sekolah/Edit Page/Field Nomor Telfon'

03-01-2025T11:40:13 - [TEST_STEP][PASSED] - sendKeys(findTestObject("Master Data/Super Admin/Edit Sekolah/Edit Page/Field Nama Sekolah"), Keys.chord(CONTROL, "a")): Keys 'CONTROL + a' sent to object: 'Object Repository/Master Data/Super Admin/Edit Sekolah/Edit Page/Field Nama Sekolah'

03-01-2025T11:40:13 - [MESSAGE][PASSED] - Keys 'CONTROL + a' sent to object: 'Object Repository/Master Data/Super Admin/Edit Sekolah/Edit Page/Field Nama Sekolah'

03-01-2025T11:40:13 - [TEST_STEP][PASSED] - sendKeys(findTestObject("Master Data/Super Admin/Edit Sekolah/Edit Page/Field Nama Sekolah"), Keys.chord(DELETE)): Keys 'DELETE + ' sent to object: 'Object Repository/Master Data/Super Admin/Edit Sekolah/Edit Page/Field Nama Sekolah'

03-01-2025T11:40:14 - [MESSAGE][PASSED] - Keys 'DELETE + ' sent to object: 'Object Repository/Master Data/Super Admin/Edit Sekolah/Edit Page/Field Nama Sekolah'

03-01-2025T11:40:14 - [TEST_STEP][PASSED] - randomNamaSekolah = generateRandomNamaSekolah(): null

03-01-2025T11:40:14 - [TEST_STEP][PASSED] - namaSekolahList = ["SMA Harapan Bangsa", "SMA Citra Nusantara", "SMA Tunas Muda", "SMA Pelita Harapan", "SMA Duta Bangsa", "SMA Bina Insan", "SMA Mandiri Jaya", "SMA Cendekia Utama", "SMA Cahaya Bangsa", "SMA Kasih Ibu", "SMA Tunas Bangsa", "SMA Nusa Jaya", "SMA Karya Mandiri", "SMA Pelita Cita", "SMA Inspirasi Bangsa", "SMA Sejahtera", "SMA Bintang Terang", "SMA Elang Nusantara", "SMA Gemilang Prestasi", "SMA Bina Cita", "SMA Anak Bangsa", "SMA Prima Nusantara", "SMA Pertiwi", "SMA Persada", "SMA Pionir Harapan", "SMA Cakra Nusantara", "SMA Global Mandiri", "SMA Pelangi Nusantara", "SMA Bhakti Pertiwi", "SMA Citra Bangsa", "SMA Harmoni", "SMA Tunas Cendekia", "SMA Unggul Bangsa", "SMA Bina Generasi", "SMA Gemilang Jaya", "SMA Purna Bhakti", "SMA Nusantara Jaya", "SMA Wijaya Kusuma", "SMA Merdeka", "SMA Pertiwi Sejahtera", "SMA Pelita Nusantara", "SMA Cahaya Pertiwi", "SMA Tunas Harapan", "SMA Satria Mandiri", "SMA Bina Utama", "SMA Pionir Nusantara", "SMA Mutiara Bangsa", "SMA Kasih Bangsa", "SMA Nusa Indah", "SMA Bina Prestasi"]: null

03-01-2025T11:40:14 - [TEST_STEP][PASSED] - return namaSekolahList[new java.util.Random().nextInt(namaSekolahList.size())]: null

03-01-2025T11:40:14 - [TEST_STEP][PASSED] - setText(findTestObject("Master Data/Super Admin/Edit Sekolah/Edit Page/Field Nama Sekolah"), randomNamaSekolah, CONTINUE_ON_FAILURE): Text 'SMA Nusa Indah' is set on object 'Object Repository/Master Data/Super Admin/Edit Sekolah/Edit Page/Field Nama Sekolah'

03-01-2025T11:40:14 - [MESSAGE][PASSED] - Text 'SMA Nusa Indah' is set on object 'Object Repository/Master Data/Super Admin/Edit Sekolah/Edit Page/Field Nama Sekolah'

03-01-2025T11:40:14 - [TEST_STEP][PASSED] - sendKeys(findTestObject("Master Data/Super Admin/Edit Sekolah/Edit Page/Field Email Sekolah"), Keys.chord(CONTROL, "a")): Keys 'CONTROL + a' sent to object: 'Object Repository/Master Data/Super Admin/Edit Sekolah/Edit Page/Field Email Sekolah'

03-01-2025T11:40:15 - [MESSAGE][PASSED] - Keys 'CONTROL + a' sent to object: 'Object Repository/Master Data/Super Admin/Edit Sekolah/Edit Page/Field Email Sekolah'

03-01-2025T11:40:15 - [TEST_STEP][PASSED] - sendKeys(findTestObject("Master Data/Super Admin/Edit Sekolah/Edit Page/Field Email Sekolah"), Keys.chord(DELETE)): Keys 'DELETE + ' sent to object: 'Object Repository/Master Data/Super Admin/Edit Sekolah/Edit Page/Field Email Sekolah'

03-01-2025T11:40:15 - [MESSAGE][PASSED] - Keys 'DELETE + ' sent to object: 'Object Repository/Master Data/Super Admin/Edit Sekolah/Edit Page/Field Email Sekolah'

03-01-2025T11:40:15 - [TEST_STEP][PASSED] - randomEmail = generateEmailFromNamaSekolah(randomNamaSekolah): null

03-01-2025T11:40:15 - [TEST_STEP][PASSED] - emailPrefix = toLowerCase().replaceAll(" ", "."): null

03-01-2025T11:40:15 - [TEST_STEP][PASSED] - return (emailPrefix + @sch.co.id): null

03-01-2025T11:40:15 - [TEST_STEP][PASSED] - setText(findTestObject("Master Data/Super Admin/Edit Sekolah/Edit Page/Field Email Sekolah"), randomEmail, CONTINUE_ON_FAILURE): Text 'sma.nusa.indah@sch.co.id' is set on object 'Object Repository/Master Data/Super Admin/Edit Sekolah/Edit Page/Field Email Sekolah'

03-01-2025T11:40:16 - [MESSAGE][PASSED] - Text 'sma.nusa.indah@sch.co.id' is set on object 'Object Repository/Master Data/Super Admin/Edit Sekolah/Edit Page/Field Email Sekolah'

03-01-2025T11:40:16 - [TEST_STEP][PASSED] - click(findTestObject("Master Data/Super Admin/Edit Sekolah/Edit Page/Dropdown Provinsi"), CONTINUE_ON_FAILURE): Object: 'Object Repository/Master Data/Super Admin/Edit Sekolah/Edit Page/Dropdown Provinsi' is clicked on

03-01-2025T11:40:18 - [MESSAGE][PASSED] - Object: 'Object Repository/Master Data/Super Admin/Edit Sekolah/Edit Page/Dropdown Provinsi' is clicked on

03-01-2025T11:40:18 - [TEST_STEP][PASSED] - click(findTestObject("Master Data/Super Admin/Edit Sekolah/Edit Page/Value Dropdown Provinsi"), CONTINUE_ON_FAILURE): Object: 'Object Repository/Master Data/Super Admin/Edit Sekolah/Edit Page/Value Dropdown Provinsi' is clicked on

03-01-2025T11:40:18 - [MESSAGE][PASSED] - Object: 'Object Repository/Master Data/Super Admin/Edit Sekolah/Edit Page/Value Dropdown Provinsi' is clicked on

03-01-2025T11:40:18 - [TEST_STEP][PASSED] - click(findTestObject("Master Data/Super Admin/Edit Sekolah/Edit Page/Dropdown Kota"), CONTINUE_ON_FAILURE): Object: 'Object Repository/Master Data/Super Admin/Edit Sekolah/Edit Page/Dropdown Kota' is clicked on

03-01-2025T11:40:19 - [MESSAGE][PASSED] - Object: 'Object Repository/Master Data/Super Admin/Edit Sekolah/Edit Page/Dropdown Kota' is clicked on

03-01-2025T11:40:19 - [TEST_STEP][PASSED] - click(findTestObject("Master Data/Super Admin/Edit Sekolah/Edit Page/Value Dropdown Kota"), CONTINUE_ON_FAILURE): Object: 'Object Repository/Master Data/Super Admin/Edit Sekolah/Edit Page/Value Dropdown Kota' is clicked on

03-01-2025T11:40:19 - [MESSAGE][PASSED] - Object: 'Object Repository/Master Data/Super Admin/Edit Sekolah/Edit Page/Value Dropdown Kota' is clicked on

03-01-2025T11:40:19 - [TEST_STEP][PASSED] - click(findTestObject("Master Data/Super Admin/Edit Sekolah/Edit Page/Field Button Simpan"), CONTINUE_ON_FAILURE): Object: 'Object Repository/Master Data/Super Admin/Edit Sekolah/Edit Page/Field Button Simpan' is clicked on

03-01-2025T11:40:19 - [MESSAGE][PASSED] - Object: 'Object Repository/Master Data/Super Admin/Edit Sekolah/Edit Page/Field Button Simpan' is clicked on

03-01-2025T11:40:19 - [TEST_STEP][PASSED] - click(findTestObject("Master Data/Super Admin/Edit Sekolah/Edit Page/Button Ya"), CONTINUE_ON_FAILURE): Object: 'Object Repository/Master Data/Super Admin/Edit Sekolah/Edit Page/Button Ya' is clicked on

03-01-2025T11:40:20 - [MESSAGE][PASSED] - Object: 'Object Repository/Master Data/Super Admin/Edit Sekolah/Edit Page/Button Ya' is clicked on

03-01-2025T11:40:20 - [TEST_STEP][PASSED] - closeBrowser(): Browser is closed

03-01-2025T11:40:20 - [MESSAGE][PASSED] - Browser is closed

03-01-2025T11:40:20 - [MESSAGE][PASSED] - Call Test Case 'Test Cases/Master Data/Super Admin/Master Data Sekolah/Edit Sekolah' successfully

03-01-2025T11:40:20 - [TEST_STEP][PASSED] - println("============================= Loop Again ==============================="): null]]></system-out>
         <system-err><![CDATA[]]></system-err>
      </testcase>
      <testcase name="Test Cases/Regresi Feature/Sprint 1/Regresi Tagihan" time="323.896" classname="Test Cases/Regresi Feature/Sprint 1/Regresi Tagihan" status="FAILED">
         <failure type="FAILED" message="Test Cases/Regresi Feature/Sprint 1/Regresi Tagihan FAILED.&#xa;Reason:&#xa;com.kms.katalon.core.exception.StepFailedException: Unable to call Test Case 'Test Cases/Master Data/Admin Sekolah/Master Data Tagihan/Filter Tagihan' (Root cause: com.kms.katalon.core.exception.StepFailedException: Call Test Case 'Test Cases/Master Data/Admin Sekolah/Master Data Tagihan/Filter Tagihan' failed&#xa;	at com.kms.katalon.core.keyword.builtin.CallTestCaseKeyword$_callTestCase_closure1.doCall(CallTestCaseKeyword.groovy:63)&#xa;	at com.kms.katalon.core.keyword.builtin.CallTestCaseKeyword$_callTestCase_closure1.call(CallTestCaseKeyword.groovy)&#xa;	at com.kms.katalon.core.keyword.internal.KeywordMain.runKeyword(KeywordMain.groovy:75)&#xa;	at com.kms.katalon.core.keyword.builtin.CallTestCaseKeyword.callTestCase(CallTestCaseKeyword.groovy:81)&#xa;	at com.kms.katalon.core.keyword.builtin.CallTestCaseKeyword.execute(CallTestCaseKeyword.groovy:44)&#xa;	at com.kms.katalon.core.keyword.internal.KeywordExecutor.executeKeywordForPlatform(KeywordExecutor.groovy:74)&#xa;	at com.kms.katalon.core.keyword.BuiltinKeywords.callTestCase(BuiltinKeywords.groovy:310)&#xa;	at jdk.internal.reflect.GeneratedMethodAccessor48.invoke(Unknown Source)&#xa;	at java.base/jdk.internal.reflect.DelegatingMethodAccessorImpl.invoke(DelegatingMethodAccessorImpl.java:43)&#xa;	at Regresi Tagihan.run(Regresi Tagihan:22)&#xa;	at com.kms.katalon.core.main.ScriptEngine.run(ScriptEngine.java:194)&#xa;	at com.kms.katalon.core.main.ScriptEngine.runScriptAsRawText(ScriptEngine.java:119)&#xa;	at com.kms.katalon.core.main.TestCaseExecutor.runScript(TestCaseExecutor.java:448)&#xa;	at com.kms.katalon.core.main.TestCaseExecutor.doExecute(TestCaseExecutor.java:439)&#xa;	at com.kms.katalon.core.main.TestCaseExecutor.processExecutionPhase(TestCaseExecutor.java:418)&#xa;	at com.kms.katalon.core.main.TestCaseExecutor.accessMainPhase(TestCaseExecutor.java:410)&#xa;	at com.kms.katalon.core.main.TestCaseExecutor.execute(TestCaseExecutor.java:285)&#xa;	at com.kms.katalon.core.common.CommonExecutor.accessTestCaseMainPhase(CommonExecutor.java:65)&#xa;	at com.kms.katalon.core.main.TestSuiteExecutor.accessTestSuiteMainPhase(TestSuiteExecutor.java:161)&#xa;	at com.kms.katalon.core.main.TestSuiteExecutor.execute(TestSuiteExecutor.java:107)&#xa;	at com.kms.katalon.core.main.TestCaseMain.startTestSuite(TestCaseMain.java:176)&#xa;	at TempTestSuite1735878642439.run(TempTestSuite1735878642439.groovy:35)&#xa;	at java.base/jdk.internal.reflect.NativeMethodAccessorImpl.invoke0(Native Method)&#xa;	at java.base/jdk.internal.reflect.NativeMethodAccessorImpl.invoke(NativeMethodAccessorImpl.java:77)&#xa;	at java.base/jdk.internal.reflect.DelegatingMethodAccessorImpl.invoke(DelegatingMethodAccessorImpl.java:43)&#xa;Caused by: com.kms.katalon.core.exception.StepFailedException: Unable to click on object 'Object Repository/Master Data/Admin Sekolah/Filter Tagihan/CIMB' (Root cause: com.kms.katalon.core.exception.StepFailedException: Unable to click on object 'Object Repository/Master Data/Admin Sekolah/Filter Tagihan/CIMB'&#xa;	at com.kms.katalon.core.webui.keyword.internal.WebUIKeywordMain.stepFailed(WebUIKeywordMain.groovy:117)&#xa;	at com.kms.katalon.core.webui.keyword.internal.WebUIKeywordMain.runKeyword(WebUIKeywordMain.groovy:43)&#xa;	at com.kms.katalon.core.webui.keyword.builtin.ClickKeyword.click(ClickKeyword.groovy:75)&#xa;	at com.kms.katalon.core.webui.keyword.builtin.ClickKeyword.execute(ClickKeyword.groovy:40)&#xa;	at com.kms.katalon.core.keyword.internal.KeywordExecutor.executeKeywordForPlatform(KeywordExecutor.groovy:74)&#xa;	at com.kms.katalon.core.webui.keyword.WebUiBuiltInKeywords.click(WebUiBuiltInKeywords.groovy:684)&#xa;	at Filter Tagihan.run(Filter Tagihan:62)&#xa;	at com.kms.katalon.core.main.ScriptEngine.run(ScriptEngine.java:194)&#xa;	at com.kms.katalon.core.main.ScriptEngine.runScriptAsRawText(ScriptEngine.java:119)&#xa;	at com.kms.katalon.core.main.TestCaseExecutor.runScript(TestCaseExecutor.java:448)&#xa;	at com.kms.katalon.core.main.TestCaseExecutor.doExecute(TestCaseExecutor.java:439)&#xa;	at com.kms.katalon.core.main.TestCaseExecutor.processExecutionPhase(TestCaseExecutor.java:418)&#xa;	at com.kms.katalon.core.main.TestCaseExecutor.accessMainPhase(TestCaseExecutor.java:410)&#xa;	at com.kms.katalon.core.main.TestCaseExecutor.execute(TestCaseExecutor.java:285)&#xa;	at com.kms.katalon.core.main.TestCaseMain.runTestCase(TestCaseMain.java:133)&#xa;	at com.kms.katalon.core.keyword.builtin.CallTestCaseKeyword$_callTestCase_closure1.doCall(CallTestCaseKeyword.groovy:59)&#xa;	at com.kms.katalon.core.keyword.builtin.CallTestCaseKeyword$_callTestCase_closure1.call(CallTestCaseKeyword.groovy)&#xa;	at com.kms.katalon.core.keyword.internal.KeywordMain.runKeyword(KeywordMain.groovy:75)&#xa;	at com.kms.katalon.core.keyword.builtin.CallTestCaseKeyword.callTestCase(CallTestCaseKeyword.groovy:81)&#xa;	at com.kms.katalon.core.keyword.builtin.CallTestCaseKeyword.execute(CallTestCaseKeyword.groovy:44)&#xa;	at com.kms.katalon.core.keyword.internal.KeywordExecutor.executeKeywordForPlatform(KeywordExecutor.groovy:74)&#xa;	at com.kms.katalon.core.keyword.BuiltinKeywords.callTestCase(BuiltinKeywords.groovy:310)&#xa;	at jdk.internal.reflect.GeneratedMethodAccessor48.invoke(Unknown Source)&#xa;	at java.base/jdk.internal.reflect.DelegatingMethodAccessorImpl.invoke(DelegatingMethodAccessorImpl.java:43)&#xa;	at Regresi Tagihan.run(Regresi Tagihan:22)&#xa;	at com.kms.katalon.core.main.ScriptEngine.run(ScriptEngine.java:194)&#xa;	at com.kms.katalon.core.main.ScriptEngine.runScriptAsRawText(ScriptEngine.java:119)&#xa;	at com.kms.katalon.core.main.TestCaseExecutor.runScript(TestCaseExecutor.java:448)&#xa;	at com.kms.katalon.core.main.TestCaseExecutor.doExecute(TestCaseExecutor.java:439)&#xa;	at com.kms.katalon.core.main.TestCaseExecutor.processExecutionPhase(TestCaseExecutor.java:418)&#xa;	at com.kms.katalon.core.main.TestCaseExecutor.accessMainPhase(TestCaseExecutor.java:410)&#xa;	at com.kms.katalon.core.main.TestCaseExecutor.execute(TestCaseExecutor.java:285)&#xa;	at com.kms.katalon.core.common.CommonExecutor.accessTestCaseMainPhase(CommonExecutor.java:65)&#xa;	at com.kms.katalon.core.main.TestSuiteExecutor.accessTestSuiteMainPhase(TestSuiteExecutor.java:161)&#xa;	at com.kms.katalon.core.main.TestSuiteExecutor.execute(TestSuiteExecutor.java:107)&#xa;	at com.kms.katalon.core.main.TestCaseMain.startTestSuite(TestCaseMain.java:176)&#xa;	at TempTestSuite1735878642439.run(TempTestSuite1735878642439.groovy:35)&#xa;	at java.base/jdk.internal.reflect.NativeMethodAccessorImpl.invoke0(Native Method)&#xa;	at java.base/jdk.internal.reflect.NativeMethodAccessorImpl.invoke(NativeMethodAccessorImpl.java:77)&#xa;	at java.base/jdk.internal.reflect.DelegatingMethodAccessorImpl.invoke(DelegatingMethodAccessorImpl.java:43)&#xa;Caused by: com.kms.katalon.core.webui.exception.WebElementNotFoundException: Web element with id: 'Object Repository/Master Data/Admin Sekolah/Filter Tagihan/CIMB' located by '//div[@data-testid='option-91' and .//p[@data-testid='paragraph' and text()='CIMB - 1223123123']]' not found&#xa;	at com.kms.katalon.core.webui.common.WebUiCommonHelper.findWebElement(WebUiCommonHelper.java:1426)&#xa;	at com.kms.katalon.core.webui.keyword.internal.WebUIAbstractKeyword.findWebElement(WebUIAbstractKeyword.groovy:27)&#xa;	at com.kms.katalon.core.webui.keyword.builtin.ClickKeyword$_click_closure1.doCall(ClickKeyword.groovy:66)&#xa;	at com.kms.katalon.core.webui.keyword.builtin.ClickKeyword$_click_closure1.call(ClickKeyword.groovy)&#xa;	at com.kms.katalon.core.webui.keyword.internal.WebUIKeywordMain.runKeyword(WebUIKeywordMain.groovy:35)&#xa;	at com.kms.katalon.core.webui.keyword.builtin.ClickKeyword.click(ClickKeyword.groovy:75)&#xa;	at com.kms.katalon.core.webui.keyword.builtin.ClickKeyword.execute(ClickKeyword.groovy:40)&#xa;	at com.kms.katalon.core.keyword.internal.KeywordExecutor.executeKeywordForPlatform(KeywordExecutor.groovy:74)&#xa;	at com.kms.katalon.core.webui.keyword.WebUiBuiltInKeywords.click(WebUiBuiltInKeywords.groovy:684)&#xa;	at Script1731485365054.run(Script1731485365054.groovy:62)&#xa;	at com.kms.katalon.core.main.ScriptEngine.run(ScriptEngine.java:194)&#xa;	at com.kms.katalon.core.main.ScriptEngine.runScriptAsRawText(ScriptEngine.java:119)&#xa;	at com.kms.katalon.core.main.TestCaseExecutor.runScript(TestCaseExecutor.java:448)&#xa;	at com.kms.katalon.core.main.TestCaseExecutor.doExecute(TestCaseExecutor.java:439)&#xa;	at com.kms.katalon.core.main.TestCaseExecutor.processExecutionPhase(TestCaseExecutor.java:418)&#xa;	at com.kms.katalon.core.main.TestCaseExecutor.accessMainPhase(TestCaseExecutor.java:410)&#xa;	at com.kms.katalon.core.main.TestCaseExecutor.execute(TestCaseExecutor.java:285)&#xa;	at com.kms.katalon.core.main.TestCaseMain.runTestCase(TestCaseMain.java:133)&#xa;	at com.kms.katalon.core.keyword.builtin.CallTestCaseKeyword$_callTestCase_closure1.doCall(CallTestCaseKeyword.groovy:59)&#xa;	at com.kms.katalon.core.keyword.builtin.CallTestCaseKeyword$_callTestCase_closure1.call(CallTestCaseKeyword.groovy)&#xa;	at com.kms.katalon.core.keyword.internal.KeywordMain.runKeyword(KeywordMain.groovy:75)&#xa;	at com.kms.katalon.core.keyword.builtin.CallTestCaseKeyword.callTestCase(CallTestCaseKeyword.groovy:81)&#xa;	at com.kms.katalon.core.keyword.builtin.CallTestCaseKeyword.execute(CallTestCaseKeyword.groovy:44)&#xa;	at com.kms.katalon.core.keyword.internal.KeywordExecutor.executeKeywordForPlatform(KeywordExecutor.groovy:74)&#xa;	at com.kms.katalon.core.keyword.BuiltinKeywords.callTestCase(BuiltinKeywords.groovy:310)&#xa;	at jdk.internal.reflect.GeneratedMethodAccessor48.invoke(Unknown Source)&#xa;	at java.base/jdk.internal.reflect.DelegatingMethodAccessorImpl.invoke(DelegatingMethodAccessorImpl.java:43)&#xa;	at Script1735746434271.run(Script1735746434271.groovy:22)&#xa;	... 15 more&#xa;)&#xa;	at com.kms.katalon.core.keyword.internal.KeywordMain.stepFailed(KeywordMain.groovy:39)&#xa;	at com.kms.katalon.core.webui.keyword.internal.WebUIKeywordMain.stepFailed(WebUIKeywordMain.groovy:117)&#xa;	at com.kms.katalon.core.webui.keyword.internal.WebUIKeywordMain.runKeyword(WebUIKeywordMain.groovy:43)&#xa;	at com.kms.katalon.core.webui.keyword.builtin.ClickKeyword.click(ClickKeyword.groovy:75)&#xa;	at com.kms.katalon.core.webui.keyword.builtin.ClickKeyword.execute(ClickKeyword.groovy:40)&#xa;	at com.kms.katalon.core.keyword.internal.KeywordExecutor.executeKeywordForPlatform(KeywordExecutor.groovy:74)&#xa;	at com.kms.katalon.core.webui.keyword.WebUiBuiltInKeywords.click(WebUiBuiltInKeywords.groovy:684)&#xa;	at Filter Tagihan.run(Filter Tagihan:62)&#xa;	at com.kms.katalon.core.main.ScriptEngine.run(ScriptEngine.java:194)&#xa;	at com.kms.katalon.core.main.ScriptEngine.runScriptAsRawText(ScriptEngine.java:119)&#xa;	at com.kms.katalon.core.main.TestCaseExecutor.runScript(TestCaseExecutor.java:448)&#xa;	at com.kms.katalon.core.main.TestCaseExecutor.doExecute(TestCaseExecutor.java:439)&#xa;	at com.kms.katalon.core.main.TestCaseExecutor.processExecutionPhase(TestCaseExecutor.java:418)&#xa;	at com.kms.katalon.core.main.TestCaseExecutor.accessMainPhase(TestCaseExecutor.java:410)&#xa;	at com.kms.katalon.core.main.TestCaseExecutor.execute(TestCaseExecutor.java:285)&#xa;	at com.kms.katalon.core.main.TestCaseMain.runTestCase(TestCaseMain.java:133)&#xa;	at com.kms.katalon.core.keyword.builtin.CallTestCaseKeyword$_callTestCase_closure1.doCall(CallTestCaseKeyword.groovy:59)&#xa;	... 24 more&#xa;Caused by: com.kms.katalon.core.exception.StepFailedException: Unable to click on object 'Object Repository/Master Data/Admin Sekolah/Filter Tagihan/CIMB'&#xa;	... 40 more&#xa;Caused by: com.kms.katalon.core.webui.exception.WebElementNotFoundException: Web element with id: 'Object Repository/Master Data/Admin Sekolah/Filter Tagihan/CIMB' located by '//div[@data-testid='option-91' and .//p[@data-testid='paragraph' and text()='CIMB - 1223123123']]' not found&#xa;	at com.kms.katalon.core.webui.common.WebUiCommonHelper.findWebElement(WebUiCommonHelper.java:1426)&#xa;	at com.kms.katalon.core.webui.keyword.internal.WebUIAbstractKeyword.findWebElement(WebUIAbstractKeyword.groovy:27)&#xa;	at com.kms.katalon.core.webui.keyword.builtin.ClickKeyword$_click_closure1.doCall(ClickKeyword.groovy:66)&#xa;	at com.kms.katalon.core.webui.keyword.builtin.ClickKeyword$_click_closure1.call(ClickKeyword.groovy)&#xa;	at com.kms.katalon.core.webui.keyword.internal.WebUIKeywordMain.runKeyword(WebUIKeywordMain.groovy:35)&#xa;	... 38 more&#xa;)&#xa;	at com.kms.katalon.core.keyword.internal.KeywordMain.stepFailed(KeywordMain.groovy:39)&#xa;	at com.kms.katalon.core.keyword.internal.KeywordMain.stepFailed(KeywordMain.groovy)&#xa;	at com.kms.katalon.core.keyword.internal.KeywordMain.runKeyword(KeywordMain.groovy:77)&#xa;	at com.kms.katalon.core.keyword.builtin.CallTestCaseKeyword.callTestCase(CallTestCaseKeyword.groovy:81)&#xa;	at com.kms.katalon.core.keyword.builtin.CallTestCaseKeyword.execute(CallTestCaseKeyword.groovy:44)&#xa;	at com.kms.katalon.core.keyword.internal.KeywordExecutor.executeKeywordForPlatform(KeywordExecutor.groovy:74)&#xa;	at com.kms.katalon.core.keyword.BuiltinKeywords.callTestCase(BuiltinKeywords.groovy:310)&#xa;	at jdk.internal.reflect.GeneratedMethodAccessor48.invoke(Unknown Source)&#xa;	at java.base/jdk.internal.reflect.DelegatingMethodAccessorImpl.invoke(DelegatingMethodAccessorImpl.java:43)&#xa;	at Regresi Tagihan.run(Regresi Tagihan:22)&#xa;	at com.kms.katalon.core.main.ScriptEngine.run(ScriptEngine.java:194)&#xa;	at com.kms.katalon.core.main.ScriptEngine.runScriptAsRawText(ScriptEngine.java:119)&#xa;	at com.kms.katalon.core.main.TestCaseExecutor.runScript(TestCaseExecutor.java:448)&#xa;	at com.kms.katalon.core.main.TestCaseExecutor.doExecute(TestCaseExecutor.java:439)&#xa;	at com.kms.katalon.core.main.TestCaseExecutor.processExecutionPhase(TestCaseExecutor.java:418)&#xa;	at com.kms.katalon.core.main.TestCaseExecutor.accessMainPhase(TestCaseExecutor.java:410)&#xa;	at com.kms.katalon.core.main.TestCaseExecutor.execute(TestCaseExecutor.java:285)&#xa;	at com.kms.katalon.core.common.CommonExecutor.accessTestCaseMainPhase(CommonExecutor.java:65)&#xa;	at com.kms.katalon.core.main.TestSuiteExecutor.accessTestSuiteMainPhase(TestSuiteExecutor.java:161)&#xa;	at com.kms.katalon.core.main.TestSuiteExecutor.execute(TestSuiteExecutor.java:107)&#xa;	at com.kms.katalon.core.main.TestCaseMain.startTestSuite(TestCaseMain.java:176)&#xa;	at TempTestSuite1735878642439.run(TempTestSuite1735878642439.groovy:35)&#xa;	at java.base/jdk.internal.reflect.NativeMethodAccessorImpl.invoke0(Native Method)&#xa;	at java.base/jdk.internal.reflect.NativeMethodAccessorImpl.invoke(NativeMethodAccessorImpl.java:77)&#xa;	at java.base/jdk.internal.reflect.DelegatingMethodAccessorImpl.invoke(DelegatingMethodAccessorImpl.java:43)&#xa;Caused by: com.kms.katalon.core.exception.StepFailedException: Call Test Case 'Test Cases/Master Data/Admin Sekolah/Master Data Tagihan/Filter Tagihan' failed&#xa;	at com.kms.katalon.core.keyword.builtin.CallTestCaseKeyword$_callTestCase_closure1.doCall(CallTestCaseKeyword.groovy:63)&#xa;	at com.kms.katalon.core.keyword.builtin.CallTestCaseKeyword$_callTestCase_closure1.call(CallTestCaseKeyword.groovy)&#xa;	at com.kms.katalon.core.keyword.internal.KeywordMain.runKeyword(KeywordMain.groovy:75)&#xa;	... 22 more&#xa;Caused by: com.kms.katalon.core.exception.StepFailedException: Unable to click on object 'Object Repository/Master Data/Admin Sekolah/Filter Tagihan/CIMB' (Root cause: com.kms.katalon.core.exception.StepFailedException: Unable to click on object 'Object Repository/Master Data/Admin Sekolah/Filter Tagihan/CIMB'&#xa;	at com.kms.katalon.core.webui.keyword.internal.WebUIKeywordMain.stepFailed(WebUIKeywordMain.groovy:117)&#xa;	at com.kms.katalon.core.webui.keyword.internal.WebUIKeywordMain.runKeyword(WebUIKeywordMain.groovy:43)&#xa;	at com.kms.katalon.core.webui.keyword.builtin.ClickKeyword.click(ClickKeyword.groovy:75)&#xa;	at com.kms.katalon.core.webui.keyword.builtin.ClickKeyword.execute(ClickKeyword.groovy:40)&#xa;	at com.kms.katalon.core.keyword.internal.KeywordExecutor.executeKeywordForPlatform(KeywordExecutor.groovy:74)&#xa;	at com.kms.katalon.core.webui.keyword.WebUiBuiltInKeywords.click(WebUiBuiltInKeywords.groovy:684)&#xa;	at Filter Tagihan.run(Filter Tagihan:62)&#xa;	at com.kms.katalon.core.main.ScriptEngine.run(ScriptEngine.java:194)&#xa;	at com.kms.katalon.core.main.ScriptEngine.runScriptAsRawText(ScriptEngine.java:119)&#xa;	at com.kms.katalon.core.main.TestCaseExecutor.runScript(TestCaseExecutor.java:448)&#xa;	at com.kms.katalon.core.main.TestCaseExecutor.doExecute(TestCaseExecutor.java:439)&#xa;	at com.kms.katalon.core.main.TestCaseExecutor.processExecutionPhase(TestCaseExecutor.java:418)&#xa;	at com.kms.katalon.core.main.TestCaseExecutor.accessMainPhase(TestCaseExecutor.java:410)&#xa;	at com.kms.katalon.core.main.TestCaseExecutor.execute(TestCaseExecutor.java:285)&#xa;	at com.kms.katalon.core.main.TestCaseMain.runTestCase(TestCaseMain.java:133)&#xa;	at com.kms.katalon.core.keyword.builtin.CallTestCaseKeyword$_callTestCase_closure1.doCall(CallTestCaseKeyword.groovy:59)&#xa;	at com.kms.katalon.core.keyword.builtin.CallTestCaseKeyword$_callTestCase_closure1.call(CallTestCaseKeyword.groovy)&#xa;	at com.kms.katalon.core.keyword.internal.KeywordMain.runKeyword(KeywordMain.groovy:75)&#xa;	at com.kms.katalon.core.keyword.builtin.CallTestCaseKeyword.callTestCase(CallTestCaseKeyword.groovy:81)&#xa;	at com.kms.katalon.core.keyword.builtin.CallTestCaseKeyword.execute(CallTestCaseKeyword.groovy:44)&#xa;	at com.kms.katalon.core.keyword.internal.KeywordExecutor.executeKeywordForPlatform(KeywordExecutor.groovy:74)&#xa;	at com.kms.katalon.core.keyword.BuiltinKeywords.callTestCase(BuiltinKeywords.groovy:310)&#xa;	at jdk.internal.reflect.GeneratedMethodAccessor48.invoke(Unknown Source)&#xa;	at java.base/jdk.internal.reflect.DelegatingMethodAccessorImpl.invoke(DelegatingMethodAccessorImpl.java:43)&#xa;	at Regresi Tagihan.run(Regresi Tagihan:22)&#xa;	at com.kms.katalon.core.main.ScriptEngine.run(ScriptEngine.java:194)&#xa;	at com.kms.katalon.core.main.ScriptEngine.runScriptAsRawText(ScriptEngine.java:119)&#xa;	at com.kms.katalon.core.main.TestCaseExecutor.runScript(TestCaseExecutor.java:448)&#xa;	at com.kms.katalon.core.main.TestCaseExecutor.doExecute(TestCaseExecutor.java:439)&#xa;	at com.kms.katalon.core.main.TestCaseExecutor.processExecutionPhase(TestCaseExecutor.java:418)&#xa;	at com.kms.katalon.core.main.TestCaseExecutor.accessMainPhase(TestCaseExecutor.java:410)&#xa;	at com.kms.katalon.core.main.TestCaseExecutor.execute(TestCaseExecutor.java:285)&#xa;	at com.kms.katalon.core.common.CommonExecutor.accessTestCaseMainPhase(CommonExecutor.java:65)&#xa;	at com.kms.katalon.core.main.TestSuiteExecutor.accessTestSuiteMainPhase(TestSuiteExecutor.java:161)&#xa;	at com.kms.katalon.core.main.TestSuiteExecutor.execute(TestSuiteExecutor.java:107)&#xa;	at com.kms.katalon.core.main.TestCaseMain.startTestSuite(TestCaseMain.java:176)&#xa;	at TempTestSuite1735878642439.run(TempTestSuite1735878642439.groovy:35)&#xa;	at java.base/jdk.internal.reflect.NativeMethodAccessorImpl.invoke0(Native Method)&#xa;	at java.base/jdk.internal.reflect.NativeMethodAccessorImpl.invoke(NativeMethodAccessorImpl.java:77)&#xa;	at java.base/jdk.internal.reflect.DelegatingMethodAccessorImpl.invoke(DelegatingMethodAccessorImpl.java:43)&#xa;Caused by: com.kms.katalon.core.webui.exception.WebElementNotFoundException: Web element with id: 'Object Repository/Master Data/Admin Sekolah/Filter Tagihan/CIMB' located by '//div[@data-testid='option-91' and .//p[@data-testid='paragraph' and text()='CIMB - 1223123123']]' not found&#xa;	at com.kms.katalon.core.webui.common.WebUiCommonHelper.findWebElement(WebUiCommonHelper.java:1426)&#xa;	at com.kms.katalon.core.webui.keyword.internal.WebUIAbstractKeyword.findWebElement(WebUIAbstractKeyword.groovy:27)&#xa;	at com.kms.katalon.core.webui.keyword.builtin.ClickKeyword$_click_closure1.doCall(ClickKeyword.groovy:66)&#xa;	at com.kms.katalon.core.webui.keyword.builtin.ClickKeyword$_click_closure1.call(ClickKeyword.groovy)&#xa;	at com.kms.katalon.core.webui.keyword.internal.WebUIKeywordMain.runKeyword(WebUIKeywordMain.groovy:35)&#xa;	at com.kms.katalon.core.webui.keyword.builtin.ClickKeyword.click(ClickKeyword.groovy:75)&#xa;	at com.kms.katalon.core.webui.keyword.builtin.ClickKeyword.execute(ClickKeyword.groovy:40)&#xa;	at com.kms.katalon.core.keyword.internal.KeywordExecutor.executeKeywordForPlatform(KeywordExecutor.groovy:74)&#xa;	at com.kms.katalon.core.webui.keyword.WebUiBuiltInKeywords.click(WebUiBuiltInKeywords.groovy:684)&#xa;	at Script1731485365054.run(Script1731485365054.groovy:62)&#xa;	at com.kms.katalon.core.main.ScriptEngine.run(ScriptEngine.java:194)&#xa;	at com.kms.katalon.core.main.ScriptEngine.runScriptAsRawText(ScriptEngine.java:119)&#xa;	at com.kms.katalon.core.main.TestCaseExecutor.runScript(TestCaseExecutor.java:448)&#xa;	at com.kms.katalon.core.main.TestCaseExecutor.doExecute(TestCaseExecutor.java:439)&#xa;	at com.kms.katalon.core.main.TestCaseExecutor.processExecutionPhase(TestCaseExecutor.java:418)&#xa;	at com.kms.katalon.core.main.TestCaseExecutor.accessMainPhase(TestCaseExecutor.java:410)&#xa;	at com.kms.katalon.core.main.TestCaseExecutor.execute(TestCaseExecutor.java:285)&#xa;	at com.kms.katalon.core.main.TestCaseMain.runTestCase(TestCaseMain.java:133)&#xa;	at com.kms.katalon.core.keyword.builtin.CallTestCaseKeyword$_callTestCase_closure1.doCall(CallTestCaseKeyword.groovy:59)&#xa;	at com.kms.katalon.core.keyword.builtin.CallTestCaseKeyword$_callTestCase_closure1.call(CallTestCaseKeyword.groovy)&#xa;	at com.kms.katalon.core.keyword.internal.KeywordMain.runKeyword(KeywordMain.groovy:75)&#xa;	at com.kms.katalon.core.keyword.builtin.CallTestCaseKeyword.callTestCase(CallTestCaseKeyword.groovy:81)&#xa;	at com.kms.katalon.core.keyword.builtin.CallTestCaseKeyword.execute(CallTestCaseKeyword.groovy:44)&#xa;	at com.kms.katalon.core.keyword.internal.KeywordExecutor.executeKeywordForPlatform(KeywordExecutor.groovy:74)&#xa;	at com.kms.katalon.core.keyword.BuiltinKeywords.callTestCase(BuiltinKeywords.groovy:310)&#xa;	at jdk.internal.reflect.GeneratedMethodAccessor48.invoke(Unknown Source)&#xa;	at java.base/jdk.internal.reflect.DelegatingMethodAccessorImpl.invoke(DelegatingMethodAccessorImpl.java:43)&#xa;	at Script1735746434271.run(Script1735746434271.groovy:22)&#xa;	... 15 more&#xa;)&#xa;	at com.kms.katalon.core.keyword.internal.KeywordMain.stepFailed(KeywordMain.groovy:39)&#xa;	at com.kms.katalon.core.webui.keyword.internal.WebUIKeywordMain.stepFailed(WebUIKeywordMain.groovy:117)&#xa;	at com.kms.katalon.core.webui.keyword.internal.WebUIKeywordMain.runKeyword(WebUIKeywordMain.groovy:43)&#xa;	at com.kms.katalon.core.webui.keyword.builtin.ClickKeyword.click(ClickKeyword.groovy:75)&#xa;	at com.kms.katalon.core.webui.keyword.builtin.ClickKeyword.execute(ClickKeyword.groovy:40)&#xa;	at com.kms.katalon.core.keyword.internal.KeywordExecutor.executeKeywordForPlatform(KeywordExecutor.groovy:74)&#xa;	at com.kms.katalon.core.webui.keyword.WebUiBuiltInKeywords.click(WebUiBuiltInKeywords.groovy:684)&#xa;	at Filter Tagihan.run(Filter Tagihan:62)&#xa;	at com.kms.katalon.core.main.ScriptEngine.run(ScriptEngine.java:194)&#xa;	at com.kms.katalon.core.main.ScriptEngine.runScriptAsRawText(ScriptEngine.java:119)&#xa;	at com.kms.katalon.core.main.TestCaseExecutor.runScript(TestCaseExecutor.java:448)&#xa;	at com.kms.katalon.core.main.TestCaseExecutor.doExecute(TestCaseExecutor.java:439)&#xa;	at com.kms.katalon.core.main.TestCaseExecutor.processExecutionPhase(TestCaseExecutor.java:418)&#xa;	at com.kms.katalon.core.main.TestCaseExecutor.accessMainPhase(TestCaseExecutor.java:410)&#xa;	at com.kms.katalon.core.main.TestCaseExecutor.execute(TestCaseExecutor.java:285)&#xa;	at com.kms.katalon.core.main.TestCaseMain.runTestCase(TestCaseMain.java:133)&#xa;	at com.kms.katalon.core.keyword.builtin.CallTestCaseKeyword$_callTestCase_closure1.doCall(CallTestCaseKeyword.groovy:59)&#xa;	... 24 more&#xa;Caused by: com.kms.katalon.core.exception.StepFailedException: Unable to click on object 'Object Repository/Master Data/Admin Sekolah/Filter Tagihan/CIMB'&#xa;	... 40 more&#xa;Caused by: com.kms.katalon.core.webui.exception.WebElementNotFoundException: Web element with id: 'Object Repository/Master Data/Admin Sekolah/Filter Tagihan/CIMB' located by '//div[@data-testid='option-91' and .//p[@data-testid='paragraph' and text()='CIMB - 1223123123']]' not found&#xa;	at com.kms.katalon.core.webui.common.WebUiCommonHelper.findWebElement(WebUiCommonHelper.java:1426)&#xa;	at com.kms.katalon.core.webui.keyword.internal.WebUIAbstractKeyword.findWebElement(WebUIAbstractKeyword.groovy:27)&#xa;	at com.kms.katalon.core.webui.keyword.builtin.ClickKeyword$_click_closure1.doCall(ClickKeyword.groovy:66)&#xa;	at com.kms.katalon.core.webui.keyword.builtin.ClickKeyword$_click_closure1.call(ClickKeyword.groovy)&#xa;	at com.kms.katalon.core.webui.keyword.internal.WebUIKeywordMain.runKeyword(WebUIKeywordMain.groovy:35)&#xa;	... 38 more&#xa;"/>
         <system-out><![CDATA[03-01-2025T11:40:20 - [TEST_CASE][FAILED] - Test Cases/Regresi Feature/Sprint 1/Regresi Tagihan: Test Cases/Regresi Feature/Sprint 1/Regresi Tagihan FAILED.
Reason:
com.kms.katalon.core.exception.StepFailedException: Unable to call Test Case 'Test Cases/Master Data/Admin Sekolah/Master Data Tagihan/Filter Tagihan' (Root cause: com.kms.katalon.core.exception.StepFailedException: Call Test Case 'Test Cases/Master Data/Admin Sekolah/Master Data Tagihan/Filter Tagihan' failed
	at com.kms.katalon.core.keyword.builtin.CallTestCaseKeyword$_callTestCase_closure1.doCall(CallTestCaseKeyword.groovy:63)
	at com.kms.katalon.core.keyword.builtin.CallTestCaseKeyword$_callTestCase_closure1.call(CallTestCaseKeyword.groovy)
	at com.kms.katalon.core.keyword.internal.KeywordMain.runKeyword(KeywordMain.groovy:75)
	at com.kms.katalon.core.keyword.builtin.CallTestCaseKeyword.callTestCase(CallTestCaseKeyword.groovy:81)
	at com.kms.katalon.core.keyword.builtin.CallTestCaseKeyword.execute(CallTestCaseKeyword.groovy:44)
	at com.kms.katalon.core.keyword.internal.KeywordExecutor.executeKeywordForPlatform(KeywordExecutor.groovy:74)
	at com.kms.katalon.core.keyword.BuiltinKeywords.callTestCase(BuiltinKeywords.groovy:310)
	at jdk.internal.reflect.GeneratedMethodAccessor48.invoke(Unknown Source)
	at java.base/jdk.internal.reflect.DelegatingMethodAccessorImpl.invoke(DelegatingMethodAccessorImpl.java:43)
	at Regresi Tagihan.run(Regresi Tagihan:22)
	at com.kms.katalon.core.main.ScriptEngine.run(ScriptEngine.java:194)
	at com.kms.katalon.core.main.ScriptEngine.runScriptAsRawText(ScriptEngine.java:119)
	at com.kms.katalon.core.main.TestCaseExecutor.runScript(TestCaseExecutor.java:448)
	at com.kms.katalon.core.main.TestCaseExecutor.doExecute(TestCaseExecutor.java:439)
	at com.kms.katalon.core.main.TestCaseExecutor.processExecutionPhase(TestCaseExecutor.java:418)
	at com.kms.katalon.core.main.TestCaseExecutor.accessMainPhase(TestCaseExecutor.java:410)
	at com.kms.katalon.core.main.TestCaseExecutor.execute(TestCaseExecutor.java:285)
	at com.kms.katalon.core.common.CommonExecutor.accessTestCaseMainPhase(CommonExecutor.java:65)
	at com.kms.katalon.core.main.TestSuiteExecutor.accessTestSuiteMainPhase(TestSuiteExecutor.java:161)
	at com.kms.katalon.core.main.TestSuiteExecutor.execute(TestSuiteExecutor.java:107)
	at com.kms.katalon.core.main.TestCaseMain.startTestSuite(TestCaseMain.java:176)
	at TempTestSuite1735878642439.run(TempTestSuite1735878642439.groovy:35)
	at java.base/jdk.internal.reflect.NativeMethodAccessorImpl.invoke0(Native Method)
	at java.base/jdk.internal.reflect.NativeMethodAccessorImpl.invoke(NativeMethodAccessorImpl.java:77)
	at java.base/jdk.internal.reflect.DelegatingMethodAccessorImpl.invoke(DelegatingMethodAccessorImpl.java:43)
Caused by: com.kms.katalon.core.exception.StepFailedException: Unable to click on object 'Object Repository/Master Data/Admin Sekolah/Filter Tagihan/CIMB' (Root cause: com.kms.katalon.core.exception.StepFailedException: Unable to click on object 'Object Repository/Master Data/Admin Sekolah/Filter Tagihan/CIMB'
	at com.kms.katalon.core.webui.keyword.internal.WebUIKeywordMain.stepFailed(WebUIKeywordMain.groovy:117)
	at com.kms.katalon.core.webui.keyword.internal.WebUIKeywordMain.runKeyword(WebUIKeywordMain.groovy:43)
	at com.kms.katalon.core.webui.keyword.builtin.ClickKeyword.click(ClickKeyword.groovy:75)
	at com.kms.katalon.core.webui.keyword.builtin.ClickKeyword.execute(ClickKeyword.groovy:40)
	at com.kms.katalon.core.keyword.internal.KeywordExecutor.executeKeywordForPlatform(KeywordExecutor.groovy:74)
	at com.kms.katalon.core.webui.keyword.WebUiBuiltInKeywords.click(WebUiBuiltInKeywords.groovy:684)
	at Filter Tagihan.run(Filter Tagihan:62)
	at com.kms.katalon.core.main.ScriptEngine.run(ScriptEngine.java:194)
	at com.kms.katalon.core.main.ScriptEngine.runScriptAsRawText(ScriptEngine.java:119)
	at com.kms.katalon.core.main.TestCaseExecutor.runScript(TestCaseExecutor.java:448)
	at com.kms.katalon.core.main.TestCaseExecutor.doExecute(TestCaseExecutor.java:439)
	at com.kms.katalon.core.main.TestCaseExecutor.processExecutionPhase(TestCaseExecutor.java:418)
	at com.kms.katalon.core.main.TestCaseExecutor.accessMainPhase(TestCaseExecutor.java:410)
	at com.kms.katalon.core.main.TestCaseExecutor.execute(TestCaseExecutor.java:285)
	at com.kms.katalon.core.main.TestCaseMain.runTestCase(TestCaseMain.java:133)
	at com.kms.katalon.core.keyword.builtin.CallTestCaseKeyword$_callTestCase_closure1.doCall(CallTestCaseKeyword.groovy:59)
	at com.kms.katalon.core.keyword.builtin.CallTestCaseKeyword$_callTestCase_closure1.call(CallTestCaseKeyword.groovy)
	at com.kms.katalon.core.keyword.internal.KeywordMain.runKeyword(KeywordMain.groovy:75)
	at com.kms.katalon.core.keyword.builtin.CallTestCaseKeyword.callTestCase(CallTestCaseKeyword.groovy:81)
	at com.kms.katalon.core.keyword.builtin.CallTestCaseKeyword.execute(CallTestCaseKeyword.groovy:44)
	at com.kms.katalon.core.keyword.internal.KeywordExecutor.executeKeywordForPlatform(KeywordExecutor.groovy:74)
	at com.kms.katalon.core.keyword.BuiltinKeywords.callTestCase(BuiltinKeywords.groovy:310)
	at jdk.internal.reflect.GeneratedMethodAccessor48.invoke(Unknown Source)
	at java.base/jdk.internal.reflect.DelegatingMethodAccessorImpl.invoke(DelegatingMethodAccessorImpl.java:43)
	at Regresi Tagihan.run(Regresi Tagihan:22)
	at com.kms.katalon.core.main.ScriptEngine.run(ScriptEngine.java:194)
	at com.kms.katalon.core.main.ScriptEngine.runScriptAsRawText(ScriptEngine.java:119)
	at com.kms.katalon.core.main.TestCaseExecutor.runScript(TestCaseExecutor.java:448)
	at com.kms.katalon.core.main.TestCaseExecutor.doExecute(TestCaseExecutor.java:439)
	at com.kms.katalon.core.main.TestCaseExecutor.processExecutionPhase(TestCaseExecutor.java:418)
	at com.kms.katalon.core.main.TestCaseExecutor.accessMainPhase(TestCaseExecutor.java:410)
	at com.kms.katalon.core.main.TestCaseExecutor.execute(TestCaseExecutor.java:285)
	at com.kms.katalon.core.common.CommonExecutor.accessTestCaseMainPhase(CommonExecutor.java:65)
	at com.kms.katalon.core.main.TestSuiteExecutor.accessTestSuiteMainPhase(TestSuiteExecutor.java:161)
	at com.kms.katalon.core.main.TestSuiteExecutor.execute(TestSuiteExecutor.java:107)
	at com.kms.katalon.core.main.TestCaseMain.startTestSuite(TestCaseMain.java:176)
	at TempTestSuite1735878642439.run(TempTestSuite1735878642439.groovy:35)
	at java.base/jdk.internal.reflect.NativeMethodAccessorImpl.invoke0(Native Method)
	at java.base/jdk.internal.reflect.NativeMethodAccessorImpl.invoke(NativeMethodAccessorImpl.java:77)
	at java.base/jdk.internal.reflect.DelegatingMethodAccessorImpl.invoke(DelegatingMethodAccessorImpl.java:43)
Caused by: com.kms.katalon.core.webui.exception.WebElementNotFoundException: Web element with id: 'Object Repository/Master Data/Admin Sekolah/Filter Tagihan/CIMB' located by '//div[@data-testid='option-91' and .//p[@data-testid='paragraph' and text()='CIMB - 1223123123']]' not found
	at com.kms.katalon.core.webui.common.WebUiCommonHelper.findWebElement(WebUiCommonHelper.java:1426)
	at com.kms.katalon.core.webui.keyword.internal.WebUIAbstractKeyword.findWebElement(WebUIAbstractKeyword.groovy:27)
	at com.kms.katalon.core.webui.keyword.builtin.ClickKeyword$_click_closure1.doCall(ClickKeyword.groovy:66)
	at com.kms.katalon.core.webui.keyword.builtin.ClickKeyword$_click_closure1.call(ClickKeyword.groovy)
	at com.kms.katalon.core.webui.keyword.internal.WebUIKeywordMain.runKeyword(WebUIKeywordMain.groovy:35)
	at com.kms.katalon.core.webui.keyword.builtin.ClickKeyword.click(ClickKeyword.groovy:75)
	at com.kms.katalon.core.webui.keyword.builtin.ClickKeyword.execute(ClickKeyword.groovy:40)
	at com.kms.katalon.core.keyword.internal.KeywordExecutor.executeKeywordForPlatform(KeywordExecutor.groovy:74)
	at com.kms.katalon.core.webui.keyword.WebUiBuiltInKeywords.click(WebUiBuiltInKeywords.groovy:684)
	at Script1731485365054.run(Script1731485365054.groovy:62)
	at com.kms.katalon.core.main.ScriptEngine.run(ScriptEngine.java:194)
	at com.kms.katalon.core.main.ScriptEngine.runScriptAsRawText(ScriptEngine.java:119)
	at com.kms.katalon.core.main.TestCaseExecutor.runScript(TestCaseExecutor.java:448)
	at com.kms.katalon.core.main.TestCaseExecutor.doExecute(TestCaseExecutor.java:439)
	at com.kms.katalon.core.main.TestCaseExecutor.processExecutionPhase(TestCaseExecutor.java:418)
	at com.kms.katalon.core.main.TestCaseExecutor.accessMainPhase(TestCaseExecutor.java:410)
	at com.kms.katalon.core.main.TestCaseExecutor.execute(TestCaseExecutor.java:285)
	at com.kms.katalon.core.main.TestCaseMain.runTestCase(TestCaseMain.java:133)
	at com.kms.katalon.core.keyword.builtin.CallTestCaseKeyword$_callTestCase_closure1.doCall(CallTestCaseKeyword.groovy:59)
	at com.kms.katalon.core.keyword.builtin.CallTestCaseKeyword$_callTestCase_closure1.call(CallTestCaseKeyword.groovy)
	at com.kms.katalon.core.keyword.internal.KeywordMain.runKeyword(KeywordMain.groovy:75)
	at com.kms.katalon.core.keyword.builtin.CallTestCaseKeyword.callTestCase(CallTestCaseKeyword.groovy:81)
	at com.kms.katalon.core.keyword.builtin.CallTestCaseKeyword.execute(CallTestCaseKeyword.groovy:44)
	at com.kms.katalon.core.keyword.internal.KeywordExecutor.executeKeywordForPlatform(KeywordExecutor.groovy:74)
	at com.kms.katalon.core.keyword.BuiltinKeywords.callTestCase(BuiltinKeywords.groovy:310)
	at jdk.internal.reflect.GeneratedMethodAccessor48.invoke(Unknown Source)
	at java.base/jdk.internal.reflect.DelegatingMethodAccessorImpl.invoke(DelegatingMethodAccessorImpl.java:43)
	at Script1735746434271.run(Script1735746434271.groovy:22)
	... 15 more
)
	at com.kms.katalon.core.keyword.internal.KeywordMain.stepFailed(KeywordMain.groovy:39)
	at com.kms.katalon.core.webui.keyword.internal.WebUIKeywordMain.stepFailed(WebUIKeywordMain.groovy:117)
	at com.kms.katalon.core.webui.keyword.internal.WebUIKeywordMain.runKeyword(WebUIKeywordMain.groovy:43)
	at com.kms.katalon.core.webui.keyword.builtin.ClickKeyword.click(ClickKeyword.groovy:75)
	at com.kms.katalon.core.webui.keyword.builtin.ClickKeyword.execute(ClickKeyword.groovy:40)
	at com.kms.katalon.core.keyword.internal.KeywordExecutor.executeKeywordForPlatform(KeywordExecutor.groovy:74)
	at com.kms.katalon.core.webui.keyword.WebUiBuiltInKeywords.click(WebUiBuiltInKeywords.groovy:684)
	at Filter Tagihan.run(Filter Tagihan:62)
	at com.kms.katalon.core.main.ScriptEngine.run(ScriptEngine.java:194)
	at com.kms.katalon.core.main.ScriptEngine.runScriptAsRawText(ScriptEngine.java:119)
	at com.kms.katalon.core.main.TestCaseExecutor.runScript(TestCaseExecutor.java:448)
	at com.kms.katalon.core.main.TestCaseExecutor.doExecute(TestCaseExecutor.java:439)
	at com.kms.katalon.core.main.TestCaseExecutor.processExecutionPhase(TestCaseExecutor.java:418)
	at com.kms.katalon.core.main.TestCaseExecutor.accessMainPhase(TestCaseExecutor.java:410)
	at com.kms.katalon.core.main.TestCaseExecutor.execute(TestCaseExecutor.java:285)
	at com.kms.katalon.core.main.TestCaseMain.runTestCase(TestCaseMain.java:133)
	at com.kms.katalon.core.keyword.builtin.CallTestCaseKeyword$_callTestCase_closure1.doCall(CallTestCaseKeyword.groovy:59)
	... 24 more
Caused by: com.kms.katalon.core.exception.StepFailedException: Unable to click on object 'Object Repository/Master Data/Admin Sekolah/Filter Tagihan/CIMB'
	... 40 more
Caused by: com.kms.katalon.core.webui.exception.WebElementNotFoundException: Web element with id: 'Object Repository/Master Data/Admin Sekolah/Filter Tagihan/CIMB' located by '//div[@data-testid='option-91' and .//p[@data-testid='paragraph' and text()='CIMB - 1223123123']]' not found
	at com.kms.katalon.core.webui.common.WebUiCommonHelper.findWebElement(WebUiCommonHelper.java:1426)
	at com.kms.katalon.core.webui.keyword.internal.WebUIAbstractKeyword.findWebElement(WebUIAbstractKeyword.groovy:27)
	at com.kms.katalon.core.webui.keyword.builtin.ClickKeyword$_click_closure1.doCall(ClickKeyword.groovy:66)
	at com.kms.katalon.core.webui.keyword.builtin.ClickKeyword$_click_closure1.call(ClickKeyword.groovy)
	at com.kms.katalon.core.webui.keyword.internal.WebUIKeywordMain.runKeyword(WebUIKeywordMain.groovy:35)
	... 38 more
)
	at com.kms.katalon.core.keyword.internal.KeywordMain.stepFailed(KeywordMain.groovy:39)
	at com.kms.katalon.core.keyword.internal.KeywordMain.stepFailed(KeywordMain.groovy)
	at com.kms.katalon.core.keyword.internal.KeywordMain.runKeyword(KeywordMain.groovy:77)
	at com.kms.katalon.core.keyword.builtin.CallTestCaseKeyword.callTestCase(CallTestCaseKeyword.groovy:81)
	at com.kms.katalon.core.keyword.builtin.CallTestCaseKeyword.execute(CallTestCaseKeyword.groovy:44)
	at com.kms.katalon.core.keyword.internal.KeywordExecutor.executeKeywordForPlatform(KeywordExecutor.groovy:74)
	at com.kms.katalon.core.keyword.BuiltinKeywords.callTestCase(BuiltinKeywords.groovy:310)
	at jdk.internal.reflect.GeneratedMethodAccessor48.invoke(Unknown Source)
	at java.base/jdk.internal.reflect.DelegatingMethodAccessorImpl.invoke(DelegatingMethodAccessorImpl.java:43)
	at Regresi Tagihan.run(Regresi Tagihan:22)
	at com.kms.katalon.core.main.ScriptEngine.run(ScriptEngine.java:194)
	at com.kms.katalon.core.main.ScriptEngine.runScriptAsRawText(ScriptEngine.java:119)
	at com.kms.katalon.core.main.TestCaseExecutor.runScript(TestCaseExecutor.java:448)
	at com.kms.katalon.core.main.TestCaseExecutor.doExecute(TestCaseExecutor.java:439)
	at com.kms.katalon.core.main.TestCaseExecutor.processExecutionPhase(TestCaseExecutor.java:418)
	at com.kms.katalon.core.main.TestCaseExecutor.accessMainPhase(TestCaseExecutor.java:410)
	at com.kms.katalon.core.main.TestCaseExecutor.execute(TestCaseExecutor.java:285)
	at com.kms.katalon.core.common.CommonExecutor.accessTestCaseMainPhase(CommonExecutor.java:65)
	at com.kms.katalon.core.main.TestSuiteExecutor.accessTestSuiteMainPhase(TestSuiteExecutor.java:161)
	at com.kms.katalon.core.main.TestSuiteExecutor.execute(TestSuiteExecutor.java:107)
	at com.kms.katalon.core.main.TestCaseMain.startTestSuite(TestCaseMain.java:176)
	at TempTestSuite1735878642439.run(TempTestSuite1735878642439.groovy:35)
	at java.base/jdk.internal.reflect.NativeMethodAccessorImpl.invoke0(Native Method)
	at java.base/jdk.internal.reflect.NativeMethodAccessorImpl.invoke(NativeMethodAccessorImpl.java:77)
	at java.base/jdk.internal.reflect.DelegatingMethodAccessorImpl.invoke(DelegatingMethodAccessorImpl.java:43)
Caused by: com.kms.katalon.core.exception.StepFailedException: Call Test Case 'Test Cases/Master Data/Admin Sekolah/Master Data Tagihan/Filter Tagihan' failed
	at com.kms.katalon.core.keyword.builtin.CallTestCaseKeyword$_callTestCase_closure1.doCall(CallTestCaseKeyword.groovy:63)
	at com.kms.katalon.core.keyword.builtin.CallTestCaseKeyword$_callTestCase_closure1.call(CallTestCaseKeyword.groovy)
	at com.kms.katalon.core.keyword.internal.KeywordMain.runKeyword(KeywordMain.groovy:75)
	... 22 more
Caused by: com.kms.katalon.core.exception.StepFailedException: Unable to click on object 'Object Repository/Master Data/Admin Sekolah/Filter Tagihan/CIMB' (Root cause: com.kms.katalon.core.exception.StepFailedException: Unable to click on object 'Object Repository/Master Data/Admin Sekolah/Filter Tagihan/CIMB'
	at com.kms.katalon.core.webui.keyword.internal.WebUIKeywordMain.stepFailed(WebUIKeywordMain.groovy:117)
	at com.kms.katalon.core.webui.keyword.internal.WebUIKeywordMain.runKeyword(WebUIKeywordMain.groovy:43)
	at com.kms.katalon.core.webui.keyword.builtin.ClickKeyword.click(ClickKeyword.groovy:75)
	at com.kms.katalon.core.webui.keyword.builtin.ClickKeyword.execute(ClickKeyword.groovy:40)
	at com.kms.katalon.core.keyword.internal.KeywordExecutor.executeKeywordForPlatform(KeywordExecutor.groovy:74)
	at com.kms.katalon.core.webui.keyword.WebUiBuiltInKeywords.click(WebUiBuiltInKeywords.groovy:684)
	at Filter Tagihan.run(Filter Tagihan:62)
	at com.kms.katalon.core.main.ScriptEngine.run(ScriptEngine.java:194)
	at com.kms.katalon.core.main.ScriptEngine.runScriptAsRawText(ScriptEngine.java:119)
	at com.kms.katalon.core.main.TestCaseExecutor.runScript(TestCaseExecutor.java:448)
	at com.kms.katalon.core.main.TestCaseExecutor.doExecute(TestCaseExecutor.java:439)
	at com.kms.katalon.core.main.TestCaseExecutor.processExecutionPhase(TestCaseExecutor.java:418)
	at com.kms.katalon.core.main.TestCaseExecutor.accessMainPhase(TestCaseExecutor.java:410)
	at com.kms.katalon.core.main.TestCaseExecutor.execute(TestCaseExecutor.java:285)
	at com.kms.katalon.core.main.TestCaseMain.runTestCase(TestCaseMain.java:133)
	at com.kms.katalon.core.keyword.builtin.CallTestCaseKeyword$_callTestCase_closure1.doCall(CallTestCaseKeyword.groovy:59)
	at com.kms.katalon.core.keyword.builtin.CallTestCaseKeyword$_callTestCase_closure1.call(CallTestCaseKeyword.groovy)
	at com.kms.katalon.core.keyword.internal.KeywordMain.runKeyword(KeywordMain.groovy:75)
	at com.kms.katalon.core.keyword.builtin.CallTestCaseKeyword.callTestCase(CallTestCaseKeyword.groovy:81)
	at com.kms.katalon.core.keyword.builtin.CallTestCaseKeyword.execute(CallTestCaseKeyword.groovy:44)
	at com.kms.katalon.core.keyword.internal.KeywordExecutor.executeKeywordForPlatform(KeywordExecutor.groovy:74)
	at com.kms.katalon.core.keyword.BuiltinKeywords.callTestCase(BuiltinKeywords.groovy:310)
	at jdk.internal.reflect.GeneratedMethodAccessor48.invoke(Unknown Source)
	at java.base/jdk.internal.reflect.DelegatingMethodAccessorImpl.invoke(DelegatingMethodAccessorImpl.java:43)
	at Regresi Tagihan.run(Regresi Tagihan:22)
	at com.kms.katalon.core.main.ScriptEngine.run(ScriptEngine.java:194)
	at com.kms.katalon.core.main.ScriptEngine.runScriptAsRawText(ScriptEngine.java:119)
	at com.kms.katalon.core.main.TestCaseExecutor.runScript(TestCaseExecutor.java:448)
	at com.kms.katalon.core.main.TestCaseExecutor.doExecute(TestCaseExecutor.java:439)
	at com.kms.katalon.core.main.TestCaseExecutor.processExecutionPhase(TestCaseExecutor.java:418)
	at com.kms.katalon.core.main.TestCaseExecutor.accessMainPhase(TestCaseExecutor.java:410)
	at com.kms.katalon.core.main.TestCaseExecutor.execute(TestCaseExecutor.java:285)
	at com.kms.katalon.core.common.CommonExecutor.accessTestCaseMainPhase(CommonExecutor.java:65)
	at com.kms.katalon.core.main.TestSuiteExecutor.accessTestSuiteMainPhase(TestSuiteExecutor.java:161)
	at com.kms.katalon.core.main.TestSuiteExecutor.execute(TestSuiteExecutor.java:107)
	at com.kms.katalon.core.main.TestCaseMain.startTestSuite(TestCaseMain.java:176)
	at TempTestSuite1735878642439.run(TempTestSuite1735878642439.groovy:35)
	at java.base/jdk.internal.reflect.NativeMethodAccessorImpl.invoke0(Native Method)
	at java.base/jdk.internal.reflect.NativeMethodAccessorImpl.invoke(NativeMethodAccessorImpl.java:77)
	at java.base/jdk.internal.reflect.DelegatingMethodAccessorImpl.invoke(DelegatingMethodAccessorImpl.java:43)
Caused by: com.kms.katalon.core.webui.exception.WebElementNotFoundException: Web element with id: 'Object Repository/Master Data/Admin Sekolah/Filter Tagihan/CIMB' located by '//div[@data-testid='option-91' and .//p[@data-testid='paragraph' and text()='CIMB - 1223123123']]' not found
	at com.kms.katalon.core.webui.common.WebUiCommonHelper.findWebElement(WebUiCommonHelper.java:1426)
	at com.kms.katalon.core.webui.keyword.internal.WebUIAbstractKeyword.findWebElement(WebUIAbstractKeyword.groovy:27)
	at com.kms.katalon.core.webui.keyword.builtin.ClickKeyword$_click_closure1.doCall(ClickKeyword.groovy:66)
	at com.kms.katalon.core.webui.keyword.builtin.ClickKeyword$_click_closure1.call(ClickKeyword.groovy)
	at com.kms.katalon.core.webui.keyword.internal.WebUIKeywordMain.runKeyword(WebUIKeywordMain.groovy:35)
	at com.kms.katalon.core.webui.keyword.builtin.ClickKeyword.click(ClickKeyword.groovy:75)
	at com.kms.katalon.core.webui.keyword.builtin.ClickKeyword.execute(ClickKeyword.groovy:40)
	at com.kms.katalon.core.keyword.internal.KeywordExecutor.executeKeywordForPlatform(KeywordExecutor.groovy:74)
	at com.kms.katalon.core.webui.keyword.WebUiBuiltInKeywords.click(WebUiBuiltInKeywords.groovy:684)
	at Script1731485365054.run(Script1731485365054.groovy:62)
	at com.kms.katalon.core.main.ScriptEngine.run(ScriptEngine.java:194)
	at com.kms.katalon.core.main.ScriptEngine.runScriptAsRawText(ScriptEngine.java:119)
	at com.kms.katalon.core.main.TestCaseExecutor.runScript(TestCaseExecutor.java:448)
	at com.kms.katalon.core.main.TestCaseExecutor.doExecute(TestCaseExecutor.java:439)
	at com.kms.katalon.core.main.TestCaseExecutor.processExecutionPhase(TestCaseExecutor.java:418)
	at com.kms.katalon.core.main.TestCaseExecutor.accessMainPhase(TestCaseExecutor.java:410)
	at com.kms.katalon.core.main.TestCaseExecutor.execute(TestCaseExecutor.java:285)
	at com.kms.katalon.core.main.TestCaseMain.runTestCase(TestCaseMain.java:133)
	at com.kms.katalon.core.keyword.builtin.CallTestCaseKeyword$_callTestCase_closure1.doCall(CallTestCaseKeyword.groovy:59)
	at com.kms.katalon.core.keyword.builtin.CallTestCaseKeyword$_callTestCase_closure1.call(CallTestCaseKeyword.groovy)
	at com.kms.katalon.core.keyword.internal.KeywordMain.runKeyword(KeywordMain.groovy:75)
	at com.kms.katalon.core.keyword.builtin.CallTestCaseKeyword.callTestCase(CallTestCaseKeyword.groovy:81)
	at com.kms.katalon.core.keyword.builtin.CallTestCaseKeyword.execute(CallTestCaseKeyword.groovy:44)
	at com.kms.katalon.core.keyword.internal.KeywordExecutor.executeKeywordForPlatform(KeywordExecutor.groovy:74)
	at com.kms.katalon.core.keyword.BuiltinKeywords.callTestCase(BuiltinKeywords.groovy:310)
	at jdk.internal.reflect.GeneratedMethodAccessor48.invoke(Unknown Source)
	at java.base/jdk.internal.reflect.DelegatingMethodAccessorImpl.invoke(DelegatingMethodAccessorImpl.java:43)
	at Script1735746434271.run(Script1735746434271.groovy:22)
	... 15 more
)
	at com.kms.katalon.core.keyword.internal.KeywordMain.stepFailed(KeywordMain.groovy:39)
	at com.kms.katalon.core.webui.keyword.internal.WebUIKeywordMain.stepFailed(WebUIKeywordMain.groovy:117)
	at com.kms.katalon.core.webui.keyword.internal.WebUIKeywordMain.runKeyword(WebUIKeywordMain.groovy:43)
	at com.kms.katalon.core.webui.keyword.builtin.ClickKeyword.click(ClickKeyword.groovy:75)
	at com.kms.katalon.core.webui.keyword.builtin.ClickKeyword.execute(ClickKeyword.groovy:40)
	at com.kms.katalon.core.keyword.internal.KeywordExecutor.executeKeywordForPlatform(KeywordExecutor.groovy:74)
	at com.kms.katalon.core.webui.keyword.WebUiBuiltInKeywords.click(WebUiBuiltInKeywords.groovy:684)
	at Filter Tagihan.run(Filter Tagihan:62)
	at com.kms.katalon.core.main.ScriptEngine.run(ScriptEngine.java:194)
	at com.kms.katalon.core.main.ScriptEngine.runScriptAsRawText(ScriptEngine.java:119)
	at com.kms.katalon.core.main.TestCaseExecutor.runScript(TestCaseExecutor.java:448)
	at com.kms.katalon.core.main.TestCaseExecutor.doExecute(TestCaseExecutor.java:439)
	at com.kms.katalon.core.main.TestCaseExecutor.processExecutionPhase(TestCaseExecutor.java:418)
	at com.kms.katalon.core.main.TestCaseExecutor.accessMainPhase(TestCaseExecutor.java:410)
	at com.kms.katalon.core.main.TestCaseExecutor.execute(TestCaseExecutor.java:285)
	at com.kms.katalon.core.main.TestCaseMain.runTestCase(TestCaseMain.java:133)
	at com.kms.katalon.core.keyword.builtin.CallTestCaseKeyword$_callTestCase_closure1.doCall(CallTestCaseKeyword.groovy:59)
	... 24 more
Caused by: com.kms.katalon.core.exception.StepFailedException: Unable to click on object 'Object Repository/Master Data/Admin Sekolah/Filter Tagihan/CIMB'
	... 40 more
Caused by: com.kms.katalon.core.webui.exception.WebElementNotFoundException: Web element with id: 'Object Repository/Master Data/Admin Sekolah/Filter Tagihan/CIMB' located by '//div[@data-testid='option-91' and .//p[@data-testid='paragraph' and text()='CIMB - 1223123123']]' not found
	at com.kms.katalon.core.webui.common.WebUiCommonHelper.findWebElement(WebUiCommonHelper.java:1426)
	at com.kms.katalon.core.webui.keyword.internal.WebUIAbstractKeyword.findWebElement(WebUIAbstractKeyword.groovy:27)
	at com.kms.katalon.core.webui.keyword.builtin.ClickKeyword$_click_closure1.doCall(ClickKeyword.groovy:66)
	at com.kms.katalon.core.webui.keyword.builtin.ClickKeyword$_click_closure1.call(ClickKeyword.groovy)
	at com.kms.katalon.core.webui.keyword.internal.WebUIKeywordMain.runKeyword(WebUIKeywordMain.groovy:35)
	... 38 more


03-01-2025T11:40:20 - [TEST_STEP][FAILED] - for ([i = 1, i <= maxLoop, (i++)]): null

03-01-2025T11:40:20 - [TEST_STEP][FAILED] - callTestCase(findTestCase("Test Cases/Master Data/Admin Sekolah/Master Data Tagihan/Filter Tagihan"), [:], CONTINUE_ON_FAILURE): Unable to call Test Case 'Test Cases/Master Data/Admin Sekolah/Master Data Tagihan/Filter Tagihan' (Root cause: com.kms.katalon.core.exception.StepFailedException: Call Test Case 'Test Cases/Master Data/Admin Sekolah/Master Data Tagihan/Filter Tagihan' failed
	at com.kms.katalon.core.keyword.builtin.CallTestCaseKeyword$_callTestCase_closure1.doCall(CallTestCaseKeyword.groovy:63)
	at com.kms.katalon.core.keyword.builtin.CallTestCaseKeyword$_callTestCase_closure1.call(CallTestCaseKeyword.groovy)
	at com.kms.katalon.core.keyword.internal.KeywordMain.runKeyword(KeywordMain.groovy:75)
	at com.kms.katalon.core.keyword.builtin.CallTestCaseKeyword.callTestCase(CallTestCaseKeyword.groovy:81)
	at com.kms.katalon.core.keyword.builtin.CallTestCaseKeyword.execute(CallTestCaseKeyword.groovy:44)
	at com.kms.katalon.core.keyword.internal.KeywordExecutor.executeKeywordForPlatform(KeywordExecutor.groovy:74)
	at com.kms.katalon.core.keyword.BuiltinKeywords.callTestCase(BuiltinKeywords.groovy:310)
	at jdk.internal.reflect.GeneratedMethodAccessor48.invoke(Unknown Source)
	at java.base/jdk.internal.reflect.DelegatingMethodAccessorImpl.invoke(DelegatingMethodAccessorImpl.java:43)
	at Regresi Tagihan.run(Regresi Tagihan:22)
	at com.kms.katalon.core.main.ScriptEngine.run(ScriptEngine.java:194)
	at com.kms.katalon.core.main.ScriptEngine.runScriptAsRawText(ScriptEngine.java:119)
	at com.kms.katalon.core.main.TestCaseExecutor.runScript(TestCaseExecutor.java:448)
	at com.kms.katalon.core.main.TestCaseExecutor.doExecute(TestCaseExecutor.java:439)
	at com.kms.katalon.core.main.TestCaseExecutor.processExecutionPhase(TestCaseExecutor.java:418)
	at com.kms.katalon.core.main.TestCaseExecutor.accessMainPhase(TestCaseExecutor.java:410)
	at com.kms.katalon.core.main.TestCaseExecutor.execute(TestCaseExecutor.java:285)
	at com.kms.katalon.core.common.CommonExecutor.accessTestCaseMainPhase(CommonExecutor.java:65)
	at com.kms.katalon.core.main.TestSuiteExecutor.accessTestSuiteMainPhase(TestSuiteExecutor.java:161)
	at com.kms.katalon.core.main.TestSuiteExecutor.execute(TestSuiteExecutor.java:107)
	at com.kms.katalon.core.main.TestCaseMain.startTestSuite(TestCaseMain.java:176)
	at TempTestSuite1735878642439.run(TempTestSuite1735878642439.groovy:35)
	at java.base/jdk.internal.reflect.NativeMethodAccessorImpl.invoke0(Native Method)
	at java.base/jdk.internal.reflect.NativeMethodAccessorImpl.invoke(NativeMethodAccessorImpl.java:77)
	at java.base/jdk.internal.reflect.DelegatingMethodAccessorImpl.invoke(DelegatingMethodAccessorImpl.java:43)
Caused by: com.kms.katalon.core.exception.StepFailedException: Unable to click on object 'Object Repository/Master Data/Admin Sekolah/Filter Tagihan/CIMB' (Root cause: com.kms.katalon.core.exception.StepFailedException: Unable to click on object 'Object Repository/Master Data/Admin Sekolah/Filter Tagihan/CIMB'
	at com.kms.katalon.core.webui.keyword.internal.WebUIKeywordMain.stepFailed(WebUIKeywordMain.groovy:117)
	at com.kms.katalon.core.webui.keyword.internal.WebUIKeywordMain.runKeyword(WebUIKeywordMain.groovy:43)
	at com.kms.katalon.core.webui.keyword.builtin.ClickKeyword.click(ClickKeyword.groovy:75)
	at com.kms.katalon.core.webui.keyword.builtin.ClickKeyword.execute(ClickKeyword.groovy:40)
	at com.kms.katalon.core.keyword.internal.KeywordExecutor.executeKeywordForPlatform(KeywordExecutor.groovy:74)
	at com.kms.katalon.core.webui.keyword.WebUiBuiltInKeywords.click(WebUiBuiltInKeywords.groovy:684)
	at Filter Tagihan.run(Filter Tagihan:62)
	at com.kms.katalon.core.main.ScriptEngine.run(ScriptEngine.java:194)
	at com.kms.katalon.core.main.ScriptEngine.runScriptAsRawText(ScriptEngine.java:119)
	at com.kms.katalon.core.main.TestCaseExecutor.runScript(TestCaseExecutor.java:448)
	at com.kms.katalon.core.main.TestCaseExecutor.doExecute(TestCaseExecutor.java:439)
	at com.kms.katalon.core.main.TestCaseExecutor.processExecutionPhase(TestCaseExecutor.java:418)
	at com.kms.katalon.core.main.TestCaseExecutor.accessMainPhase(TestCaseExecutor.java:410)
	at com.kms.katalon.core.main.TestCaseExecutor.execute(TestCaseExecutor.java:285)
	at com.kms.katalon.core.main.TestCaseMain.runTestCase(TestCaseMain.java:133)
	at com.kms.katalon.core.keyword.builtin.CallTestCaseKeyword$_callTestCase_closure1.doCall(CallTestCaseKeyword.groovy:59)
	at com.kms.katalon.core.keyword.builtin.CallTestCaseKeyword$_callTestCase_closure1.call(CallTestCaseKeyword.groovy)
	at com.kms.katalon.core.keyword.internal.KeywordMain.runKeyword(KeywordMain.groovy:75)
	at com.kms.katalon.core.keyword.builtin.CallTestCaseKeyword.callTestCase(CallTestCaseKeyword.groovy:81)
	at com.kms.katalon.core.keyword.builtin.CallTestCaseKeyword.execute(CallTestCaseKeyword.groovy:44)
	at com.kms.katalon.core.keyword.internal.KeywordExecutor.executeKeywordForPlatform(KeywordExecutor.groovy:74)
	at com.kms.katalon.core.keyword.BuiltinKeywords.callTestCase(BuiltinKeywords.groovy:310)
	at jdk.internal.reflect.GeneratedMethodAccessor48.invoke(Unknown Source)
	at java.base/jdk.internal.reflect.DelegatingMethodAccessorImpl.invoke(DelegatingMethodAccessorImpl.java:43)
	at Regresi Tagihan.run(Regresi Tagihan:22)
	at com.kms.katalon.core.main.ScriptEngine.run(ScriptEngine.java:194)
	at com.kms.katalon.core.main.ScriptEngine.runScriptAsRawText(ScriptEngine.java:119)
	at com.kms.katalon.core.main.TestCaseExecutor.runScript(TestCaseExecutor.java:448)
	at com.kms.katalon.core.main.TestCaseExecutor.doExecute(TestCaseExecutor.java:439)
	at com.kms.katalon.core.main.TestCaseExecutor.processExecutionPhase(TestCaseExecutor.java:418)
	at com.kms.katalon.core.main.TestCaseExecutor.accessMainPhase(TestCaseExecutor.java:410)
	at com.kms.katalon.core.main.TestCaseExecutor.execute(TestCaseExecutor.java:285)
	at com.kms.katalon.core.common.CommonExecutor.accessTestCaseMainPhase(CommonExecutor.java:65)
	at com.kms.katalon.core.main.TestSuiteExecutor.accessTestSuiteMainPhase(TestSuiteExecutor.java:161)
	at com.kms.katalon.core.main.TestSuiteExecutor.execute(TestSuiteExecutor.java:107)
	at com.kms.katalon.core.main.TestCaseMain.startTestSuite(TestCaseMain.java:176)
	at TempTestSuite1735878642439.run(TempTestSuite1735878642439.groovy:35)
	at java.base/jdk.internal.reflect.NativeMethodAccessorImpl.invoke0(Native Method)
	at java.base/jdk.internal.reflect.NativeMethodAccessorImpl.invoke(NativeMethodAccessorImpl.java:77)
	at java.base/jdk.internal.reflect.DelegatingMethodAccessorImpl.invoke(DelegatingMethodAccessorImpl.java:43)
Caused by: com.kms.katalon.core.webui.exception.WebElementNotFoundException: Web element with id: 'Object Repository/Master Data/Admin Sekolah/Filter Tagihan/CIMB' located by '//div[@data-testid='option-91' and .//p[@data-testid='paragraph' and text()='CIMB - 1223123123']]' not found
	at com.kms.katalon.core.webui.common.WebUiCommonHelper.findWebElement(WebUiCommonHelper.java:1426)
	at com.kms.katalon.core.webui.keyword.internal.WebUIAbstractKeyword.findWebElement(WebUIAbstractKeyword.groovy:27)
	at com.kms.katalon.core.webui.keyword.builtin.ClickKeyword$_click_closure1.doCall(ClickKeyword.groovy:66)
	at com.kms.katalon.core.webui.keyword.builtin.ClickKeyword$_click_closure1.call(ClickKeyword.groovy)
	at com.kms.katalon.core.webui.keyword.internal.WebUIKeywordMain.runKeyword(WebUIKeywordMain.groovy:35)
	at com.kms.katalon.core.webui.keyword.builtin.ClickKeyword.click(ClickKeyword.groovy:75)
	at com.kms.katalon.core.webui.keyword.builtin.ClickKeyword.execute(ClickKeyword.groovy:40)
	at com.kms.katalon.core.keyword.internal.KeywordExecutor.executeKeywordForPlatform(KeywordExecutor.groovy:74)
	at com.kms.katalon.core.webui.keyword.WebUiBuiltInKeywords.click(WebUiBuiltInKeywords.groovy:684)
	at Script1731485365054.run(Script1731485365054.groovy:62)
	at com.kms.katalon.core.main.ScriptEngine.run(ScriptEngine.java:194)
	at com.kms.katalon.core.main.ScriptEngine.runScriptAsRawText(ScriptEngine.java:119)
	at com.kms.katalon.core.main.TestCaseExecutor.runScript(TestCaseExecutor.java:448)
	at com.kms.katalon.core.main.TestCaseExecutor.doExecute(TestCaseExecutor.java:439)
	at com.kms.katalon.core.main.TestCaseExecutor.processExecutionPhase(TestCaseExecutor.java:418)
	at com.kms.katalon.core.main.TestCaseExecutor.accessMainPhase(TestCaseExecutor.java:410)
	at com.kms.katalon.core.main.TestCaseExecutor.execute(TestCaseExecutor.java:285)
	at com.kms.katalon.core.main.TestCaseMain.runTestCase(TestCaseMain.java:133)
	at com.kms.katalon.core.keyword.builtin.CallTestCaseKeyword$_callTestCase_closure1.doCall(CallTestCaseKeyword.groovy:59)
	at com.kms.katalon.core.keyword.builtin.CallTestCaseKeyword$_callTestCase_closure1.call(CallTestCaseKeyword.groovy)
	at com.kms.katalon.core.keyword.internal.KeywordMain.runKeyword(KeywordMain.groovy:75)
	at com.kms.katalon.core.keyword.builtin.CallTestCaseKeyword.callTestCase(CallTestCaseKeyword.groovy:81)
	at com.kms.katalon.core.keyword.builtin.CallTestCaseKeyword.execute(CallTestCaseKeyword.groovy:44)
	at com.kms.katalon.core.keyword.internal.KeywordExecutor.executeKeywordForPlatform(KeywordExecutor.groovy:74)
	at com.kms.katalon.core.keyword.BuiltinKeywords.callTestCase(BuiltinKeywords.groovy:310)
	at jdk.internal.reflect.GeneratedMethodAccessor48.invoke(Unknown Source)
	at java.base/jdk.internal.reflect.DelegatingMethodAccessorImpl.invoke(DelegatingMethodAccessorImpl.java:43)
	at Script1735746434271.run(Script1735746434271.groovy:22)
	... 15 more
)
	at com.kms.katalon.core.keyword.internal.KeywordMain.stepFailed(KeywordMain.groovy:39)
	at com.kms.katalon.core.webui.keyword.internal.WebUIKeywordMain.stepFailed(WebUIKeywordMain.groovy:117)
	at com.kms.katalon.core.webui.keyword.internal.WebUIKeywordMain.runKeyword(WebUIKeywordMain.groovy:43)
	at com.kms.katalon.core.webui.keyword.builtin.ClickKeyword.click(ClickKeyword.groovy:75)
	at com.kms.katalon.core.webui.keyword.builtin.ClickKeyword.execute(ClickKeyword.groovy:40)
	at com.kms.katalon.core.keyword.internal.KeywordExecutor.executeKeywordForPlatform(KeywordExecutor.groovy:74)
	at com.kms.katalon.core.webui.keyword.WebUiBuiltInKeywords.click(WebUiBuiltInKeywords.groovy:684)
	at Filter Tagihan.run(Filter Tagihan:62)
	at com.kms.katalon.core.main.ScriptEngine.run(ScriptEngine.java:194)
	at com.kms.katalon.core.main.ScriptEngine.runScriptAsRawText(ScriptEngine.java:119)
	at com.kms.katalon.core.main.TestCaseExecutor.runScript(TestCaseExecutor.java:448)
	at com.kms.katalon.core.main.TestCaseExecutor.doExecute(TestCaseExecutor.java:439)
	at com.kms.katalon.core.main.TestCaseExecutor.processExecutionPhase(TestCaseExecutor.java:418)
	at com.kms.katalon.core.main.TestCaseExecutor.accessMainPhase(TestCaseExecutor.java:410)
	at com.kms.katalon.core.main.TestCaseExecutor.execute(TestCaseExecutor.java:285)
	at com.kms.katalon.core.main.TestCaseMain.runTestCase(TestCaseMain.java:133)
	at com.kms.katalon.core.keyword.builtin.CallTestCaseKeyword$_callTestCase_closure1.doCall(CallTestCaseKeyword.groovy:59)
	... 24 more
Caused by: com.kms.katalon.core.exception.StepFailedException: Unable to click on object 'Object Repository/Master Data/Admin Sekolah/Filter Tagihan/CIMB'
	... 40 more
Caused by: com.kms.katalon.core.webui.exception.WebElementNotFoundException: Web element with id: 'Object Repository/Master Data/Admin Sekolah/Filter Tagihan/CIMB' located by '//div[@data-testid='option-91' and .//p[@data-testid='paragraph' and text()='CIMB - 1223123123']]' not found
	at com.kms.katalon.core.webui.common.WebUiCommonHelper.findWebElement(WebUiCommonHelper.java:1426)
	at com.kms.katalon.core.webui.keyword.internal.WebUIAbstractKeyword.findWebElement(WebUIAbstractKeyword.groovy:27)
	at com.kms.katalon.core.webui.keyword.builtin.ClickKeyword$_click_closure1.doCall(ClickKeyword.groovy:66)
	at com.kms.katalon.core.webui.keyword.builtin.ClickKeyword$_click_closure1.call(ClickKeyword.groovy)
	at com.kms.katalon.core.webui.keyword.internal.WebUIKeywordMain.runKeyword(WebUIKeywordMain.groovy:35)
	... 38 more
)

03-01-2025T11:40:20 - [TEST_CASE][FAILED] - Test Cases/Master Data/Admin Sekolah/Master Data Tagihan/Filter Tagihan: Test Cases/Master Data/Admin Sekolah/Master Data Tagihan/Filter Tagihan FAILED.
Reason:
com.kms.katalon.core.exception.StepFailedException: Unable to click on object 'Object Repository/Master Data/Admin Sekolah/Filter Tagihan/CIMB' (Root cause: com.kms.katalon.core.exception.StepFailedException: Unable to click on object 'Object Repository/Master Data/Admin Sekolah/Filter Tagihan/CIMB'
	at com.kms.katalon.core.webui.keyword.internal.WebUIKeywordMain.stepFailed(WebUIKeywordMain.groovy:117)
	at com.kms.katalon.core.webui.keyword.internal.WebUIKeywordMain.runKeyword(WebUIKeywordMain.groovy:43)
	at com.kms.katalon.core.webui.keyword.builtin.ClickKeyword.click(ClickKeyword.groovy:75)
	at com.kms.katalon.core.webui.keyword.builtin.ClickKeyword.execute(ClickKeyword.groovy:40)
	at com.kms.katalon.core.keyword.internal.KeywordExecutor.executeKeywordForPlatform(KeywordExecutor.groovy:74)
	at com.kms.katalon.core.webui.keyword.WebUiBuiltInKeywords.click(WebUiBuiltInKeywords.groovy:684)
	at Filter Tagihan.run(Filter Tagihan:62)
	at com.kms.katalon.core.main.ScriptEngine.run(ScriptEngine.java:194)
	at com.kms.katalon.core.main.ScriptEngine.runScriptAsRawText(ScriptEngine.java:119)
	at com.kms.katalon.core.main.TestCaseExecutor.runScript(TestCaseExecutor.java:448)
	at com.kms.katalon.core.main.TestCaseExecutor.doExecute(TestCaseExecutor.java:439)
	at com.kms.katalon.core.main.TestCaseExecutor.processExecutionPhase(TestCaseExecutor.java:418)
	at com.kms.katalon.core.main.TestCaseExecutor.accessMainPhase(TestCaseExecutor.java:410)
	at com.kms.katalon.core.main.TestCaseExecutor.execute(TestCaseExecutor.java:285)
	at com.kms.katalon.core.main.TestCaseMain.runTestCase(TestCaseMain.java:133)
	at com.kms.katalon.core.keyword.builtin.CallTestCaseKeyword$_callTestCase_closure1.doCall(CallTestCaseKeyword.groovy:59)
	at com.kms.katalon.core.keyword.builtin.CallTestCaseKeyword$_callTestCase_closure1.call(CallTestCaseKeyword.groovy)
	at com.kms.katalon.core.keyword.internal.KeywordMain.runKeyword(KeywordMain.groovy:75)
	at com.kms.katalon.core.keyword.builtin.CallTestCaseKeyword.callTestCase(CallTestCaseKeyword.groovy:81)
	at com.kms.katalon.core.keyword.builtin.CallTestCaseKeyword.execute(CallTestCaseKeyword.groovy:44)
	at com.kms.katalon.core.keyword.internal.KeywordExecutor.executeKeywordForPlatform(KeywordExecutor.groovy:74)
	at com.kms.katalon.core.keyword.BuiltinKeywords.callTestCase(BuiltinKeywords.groovy:310)
	at jdk.internal.reflect.GeneratedMethodAccessor48.invoke(Unknown Source)
	at java.base/jdk.internal.reflect.DelegatingMethodAccessorImpl.invoke(DelegatingMethodAccessorImpl.java:43)
	at Regresi Tagihan.run(Regresi Tagihan:22)
	at com.kms.katalon.core.main.ScriptEngine.run(ScriptEngine.java:194)
	at com.kms.katalon.core.main.ScriptEngine.runScriptAsRawText(ScriptEngine.java:119)
	at com.kms.katalon.core.main.TestCaseExecutor.runScript(TestCaseExecutor.java:448)
	at com.kms.katalon.core.main.TestCaseExecutor.doExecute(TestCaseExecutor.java:439)
	at com.kms.katalon.core.main.TestCaseExecutor.processExecutionPhase(TestCaseExecutor.java:418)
	at com.kms.katalon.core.main.TestCaseExecutor.accessMainPhase(TestCaseExecutor.java:410)
	at com.kms.katalon.core.main.TestCaseExecutor.execute(TestCaseExecutor.java:285)
	at com.kms.katalon.core.common.CommonExecutor.accessTestCaseMainPhase(CommonExecutor.java:65)
	at com.kms.katalon.core.main.TestSuiteExecutor.accessTestSuiteMainPhase(TestSuiteExecutor.java:161)
	at com.kms.katalon.core.main.TestSuiteExecutor.execute(TestSuiteExecutor.java:107)
	at com.kms.katalon.core.main.TestCaseMain.startTestSuite(TestCaseMain.java:176)
	at TempTestSuite1735878642439.run(TempTestSuite1735878642439.groovy:35)
	at java.base/jdk.internal.reflect.NativeMethodAccessorImpl.invoke0(Native Method)
	at java.base/jdk.internal.reflect.NativeMethodAccessorImpl.invoke(NativeMethodAccessorImpl.java:77)
	at java.base/jdk.internal.reflect.DelegatingMethodAccessorImpl.invoke(DelegatingMethodAccessorImpl.java:43)
Caused by: com.kms.katalon.core.webui.exception.WebElementNotFoundException: Web element with id: 'Object Repository/Master Data/Admin Sekolah/Filter Tagihan/CIMB' located by '//div[@data-testid='option-91' and .//p[@data-testid='paragraph' and text()='CIMB - 1223123123']]' not found
	at com.kms.katalon.core.webui.common.WebUiCommonHelper.findWebElement(WebUiCommonHelper.java:1426)
	at com.kms.katalon.core.webui.keyword.internal.WebUIAbstractKeyword.findWebElement(WebUIAbstractKeyword.groovy:27)
	at com.kms.katalon.core.webui.keyword.builtin.ClickKeyword$_click_closure1.doCall(ClickKeyword.groovy:66)
	at com.kms.katalon.core.webui.keyword.builtin.ClickKeyword$_click_closure1.call(ClickKeyword.groovy)
	at com.kms.katalon.core.webui.keyword.internal.WebUIKeywordMain.runKeyword(WebUIKeywordMain.groovy:35)
	at com.kms.katalon.core.webui.keyword.builtin.ClickKeyword.click(ClickKeyword.groovy:75)
	at com.kms.katalon.core.webui.keyword.builtin.ClickKeyword.execute(ClickKeyword.groovy:40)
	at com.kms.katalon.core.keyword.internal.KeywordExecutor.executeKeywordForPlatform(KeywordExecutor.groovy:74)
	at com.kms.katalon.core.webui.keyword.WebUiBuiltInKeywords.click(WebUiBuiltInKeywords.groovy:684)
	at Script1731485365054.run(Script1731485365054.groovy:62)
	at com.kms.katalon.core.main.ScriptEngine.run(ScriptEngine.java:194)
	at com.kms.katalon.core.main.ScriptEngine.runScriptAsRawText(ScriptEngine.java:119)
	at com.kms.katalon.core.main.TestCaseExecutor.runScript(TestCaseExecutor.java:448)
	at com.kms.katalon.core.main.TestCaseExecutor.doExecute(TestCaseExecutor.java:439)
	at com.kms.katalon.core.main.TestCaseExecutor.processExecutionPhase(TestCaseExecutor.java:418)
	at com.kms.katalon.core.main.TestCaseExecutor.accessMainPhase(TestCaseExecutor.java:410)
	at com.kms.katalon.core.main.TestCaseExecutor.execute(TestCaseExecutor.java:285)
	at com.kms.katalon.core.main.TestCaseMain.runTestCase(TestCaseMain.java:133)
	at com.kms.katalon.core.keyword.builtin.CallTestCaseKeyword$_callTestCase_closure1.doCall(CallTestCaseKeyword.groovy:59)
	at com.kms.katalon.core.keyword.builtin.CallTestCaseKeyword$_callTestCase_closure1.call(CallTestCaseKeyword.groovy)
	at com.kms.katalon.core.keyword.internal.KeywordMain.runKeyword(KeywordMain.groovy:75)
	at com.kms.katalon.core.keyword.builtin.CallTestCaseKeyword.callTestCase(CallTestCaseKeyword.groovy:81)
	at com.kms.katalon.core.keyword.builtin.CallTestCaseKeyword.execute(CallTestCaseKeyword.groovy:44)
	at com.kms.katalon.core.keyword.internal.KeywordExecutor.executeKeywordForPlatform(KeywordExecutor.groovy:74)
	at com.kms.katalon.core.keyword.BuiltinKeywords.callTestCase(BuiltinKeywords.groovy:310)
	at jdk.internal.reflect.GeneratedMethodAccessor48.invoke(Unknown Source)
	at java.base/jdk.internal.reflect.DelegatingMethodAccessorImpl.invoke(DelegatingMethodAccessorImpl.java:43)
	at Script1735746434271.run(Script1735746434271.groovy:22)
	... 15 more
)
	at com.kms.katalon.core.keyword.internal.KeywordMain.stepFailed(KeywordMain.groovy:39)
	at com.kms.katalon.core.webui.keyword.internal.WebUIKeywordMain.stepFailed(WebUIKeywordMain.groovy:117)
	at com.kms.katalon.core.webui.keyword.internal.WebUIKeywordMain.runKeyword(WebUIKeywordMain.groovy:43)
	at com.kms.katalon.core.webui.keyword.builtin.ClickKeyword.click(ClickKeyword.groovy:75)
	at com.kms.katalon.core.webui.keyword.builtin.ClickKeyword.execute(ClickKeyword.groovy:40)
	at com.kms.katalon.core.keyword.internal.KeywordExecutor.executeKeywordForPlatform(KeywordExecutor.groovy:74)
	at com.kms.katalon.core.webui.keyword.WebUiBuiltInKeywords.click(WebUiBuiltInKeywords.groovy:684)
	at Filter Tagihan.run(Filter Tagihan:62)
	at com.kms.katalon.core.main.ScriptEngine.run(ScriptEngine.java:194)
	at com.kms.katalon.core.main.ScriptEngine.runScriptAsRawText(ScriptEngine.java:119)
	at com.kms.katalon.core.main.TestCaseExecutor.runScript(TestCaseExecutor.java:448)
	at com.kms.katalon.core.main.TestCaseExecutor.doExecute(TestCaseExecutor.java:439)
	at com.kms.katalon.core.main.TestCaseExecutor.processExecutionPhase(TestCaseExecutor.java:418)
	at com.kms.katalon.core.main.TestCaseExecutor.accessMainPhase(TestCaseExecutor.java:410)
	at com.kms.katalon.core.main.TestCaseExecutor.execute(TestCaseExecutor.java:285)
	at com.kms.katalon.core.main.TestCaseMain.runTestCase(TestCaseMain.java:133)
	at com.kms.katalon.core.keyword.builtin.CallTestCaseKeyword$_callTestCase_closure1.doCall(CallTestCaseKeyword.groovy:59)
	at com.kms.katalon.core.keyword.builtin.CallTestCaseKeyword$_callTestCase_closure1.call(CallTestCaseKeyword.groovy)
	at com.kms.katalon.core.keyword.internal.KeywordMain.runKeyword(KeywordMain.groovy:75)
	at com.kms.katalon.core.keyword.builtin.CallTestCaseKeyword.callTestCase(CallTestCaseKeyword.groovy:81)
	at com.kms.katalon.core.keyword.builtin.CallTestCaseKeyword.execute(CallTestCaseKeyword.groovy:44)
	at com.kms.katalon.core.keyword.internal.KeywordExecutor.executeKeywordForPlatform(KeywordExecutor.groovy:74)
	at com.kms.katalon.core.keyword.BuiltinKeywords.callTestCase(BuiltinKeywords.groovy:310)
	at jdk.internal.reflect.GeneratedMethodAccessor48.invoke(Unknown Source)
	at java.base/jdk.internal.reflect.DelegatingMethodAccessorImpl.invoke(DelegatingMethodAccessorImpl.java:43)
	at Regresi Tagihan.run(Regresi Tagihan:22)
	at com.kms.katalon.core.main.ScriptEngine.run(ScriptEngine.java:194)
	at com.kms.katalon.core.main.ScriptEngine.runScriptAsRawText(ScriptEngine.java:119)
	at com.kms.katalon.core.main.TestCaseExecutor.runScript(TestCaseExecutor.java:448)
	at com.kms.katalon.core.main.TestCaseExecutor.doExecute(TestCaseExecutor.java:439)
	at com.kms.katalon.core.main.TestCaseExecutor.processExecutionPhase(TestCaseExecutor.java:418)
	at com.kms.katalon.core.main.TestCaseExecutor.accessMainPhase(TestCaseExecutor.java:410)
	at com.kms.katalon.core.main.TestCaseExecutor.execute(TestCaseExecutor.java:285)
	at com.kms.katalon.core.common.CommonExecutor.accessTestCaseMainPhase(CommonExecutor.java:65)
	at com.kms.katalon.core.main.TestSuiteExecutor.accessTestSuiteMainPhase(TestSuiteExecutor.java:161)
	at com.kms.katalon.core.main.TestSuiteExecutor.execute(TestSuiteExecutor.java:107)
	at com.kms.katalon.core.main.TestCaseMain.startTestSuite(TestCaseMain.java:176)
	at TempTestSuite1735878642439.run(TempTestSuite1735878642439.groovy:35)
	at java.base/jdk.internal.reflect.NativeMethodAccessorImpl.invoke0(Native Method)
	at java.base/jdk.internal.reflect.NativeMethodAccessorImpl.invoke(NativeMethodAccessorImpl.java:77)
	at java.base/jdk.internal.reflect.DelegatingMethodAccessorImpl.invoke(DelegatingMethodAccessorImpl.java:43)
Caused by: com.kms.katalon.core.exception.StepFailedException: Unable to click on object 'Object Repository/Master Data/Admin Sekolah/Filter Tagihan/CIMB'
	... 40 more
Caused by: com.kms.katalon.core.webui.exception.WebElementNotFoundException: Web element with id: 'Object Repository/Master Data/Admin Sekolah/Filter Tagihan/CIMB' located by '//div[@data-testid='option-91' and .//p[@data-testid='paragraph' and text()='CIMB - 1223123123']]' not found
	at com.kms.katalon.core.webui.common.WebUiCommonHelper.findWebElement(WebUiCommonHelper.java:1426)
	at com.kms.katalon.core.webui.keyword.internal.WebUIAbstractKeyword.findWebElement(WebUIAbstractKeyword.groovy:27)
	at com.kms.katalon.core.webui.keyword.builtin.ClickKeyword$_click_closure1.doCall(ClickKeyword.groovy:66)
	at com.kms.katalon.core.webui.keyword.builtin.ClickKeyword$_click_closure1.call(ClickKeyword.groovy)
	at com.kms.katalon.core.webui.keyword.internal.WebUIKeywordMain.runKeyword(WebUIKeywordMain.groovy:35)
	... 38 more


03-01-2025T11:40:20 - [TEST_STEP][PASSED] - openBrowser("", CONTINUE_ON_FAILURE): Browser is opened with url: ''

03-01-2025T11:40:20 - [MESSAGE][INFO] - Starting 'Chrome' driver

03-01-2025T11:40:20 - [MESSAGE][INFO] - Action delay is set to 0 milliseconds

03-01-2025T11:40:21 - [MESSAGE][PASSED] - Browser is opened with url: ''

03-01-2025T11:40:21 - [TEST_STEP][PASSED] - navigateToUrl("https://sit.siprusedu.com/login", CONTINUE_ON_FAILURE): Navigate to 'https://sit.siprusedu.com/login' successfully

03-01-2025T11:40:21 - [MESSAGE][PASSED] - Navigate to 'https://sit.siprusedu.com/login' successfully

03-01-2025T11:40:21 - [TEST_STEP][PASSED] - click(findTestObject("Master Data/Admin Sekolah/Login/Field Email"), CONTINUE_ON_FAILURE): Object: 'Object Repository/Master Data/Admin Sekolah/Login/Field Email' is clicked on

03-01-2025T11:40:23 - [MESSAGE][PASSED] - Object: 'Object Repository/Master Data/Admin Sekolah/Login/Field Email' is clicked on

03-01-2025T11:40:23 - [TEST_STEP][PASSED] - setText(findTestObject("Master Data/Admin Sekolah/Login/Field Email"), "admin.gudangsolusi@digiform.co.id", CONTINUE_ON_FAILURE): Text 'admin.gudangsolusi@digiform.co.id' is set on object 'Object Repository/Master Data/Admin Sekolah/Login/Field Email'

03-01-2025T11:40:24 - [MESSAGE][PASSED] - Text 'admin.gudangsolusi@digiform.co.id' is set on object 'Object Repository/Master Data/Admin Sekolah/Login/Field Email'

03-01-2025T11:40:24 - [TEST_STEP][PASSED] - delay(1, CONTINUE_ON_FAILURE): Delayed 1 second(s)

03-01-2025T11:40:25 - [MESSAGE][PASSED] - Delayed 1 second(s)

03-01-2025T11:40:25 - [TEST_STEP][PASSED] - click(findTestObject("Master Data/Admin Sekolah/Login/Input Password"), CONTINUE_ON_FAILURE): Object: 'Object Repository/Master Data/Admin Sekolah/Login/Input Password' is clicked on

03-01-2025T11:40:25 - [MESSAGE][PASSED] - Object: 'Object Repository/Master Data/Admin Sekolah/Login/Input Password' is clicked on

03-01-2025T11:40:25 - [TEST_STEP][PASSED] - setText(findTestObject("Master Data/Admin Sekolah/Login/Input Password"), "Test1234", CONTINUE_ON_FAILURE): Text 'Test1234' is set on object 'Object Repository/Master Data/Admin Sekolah/Login/Input Password'

03-01-2025T11:40:26 - [MESSAGE][PASSED] - Text 'Test1234' is set on object 'Object Repository/Master Data/Admin Sekolah/Login/Input Password'

03-01-2025T11:40:26 - [TEST_STEP][PASSED] - delay(1, CONTINUE_ON_FAILURE): Delayed 1 second(s)

03-01-2025T11:40:27 - [MESSAGE][PASSED] - Delayed 1 second(s)

03-01-2025T11:40:27 - [TEST_STEP][PASSED] - click(findTestObject("Master Data/Admin Sekolah/Login/Button Submit"), CONTINUE_ON_FAILURE): Object: 'Object Repository/Master Data/Admin Sekolah/Login/Button Submit' is clicked on

03-01-2025T11:40:27 - [MESSAGE][PASSED] - Object: 'Object Repository/Master Data/Admin Sekolah/Login/Button Submit' is clicked on

03-01-2025T11:40:27 - [TEST_STEP][PASSED] - click(findTestObject("Master Data/Admin Sekolah/Lihat Tagihan/Menu Master Data"), CONTINUE_ON_FAILURE): Object: 'Object Repository/Master Data/Admin Sekolah/Lihat Tagihan/Menu Master Data' is clicked on

03-01-2025T11:40:28 - [MESSAGE][PASSED] - Object: 'Object Repository/Master Data/Admin Sekolah/Lihat Tagihan/Menu Master Data' is clicked on

03-01-2025T11:40:28 - [TEST_STEP][PASSED] - delay(1, CONTINUE_ON_FAILURE): Delayed 1 second(s)

03-01-2025T11:40:29 - [MESSAGE][PASSED] - Delayed 1 second(s)

03-01-2025T11:40:29 - [TEST_STEP][PASSED] - click(findTestObject("Master Data/Admin Sekolah/Lihat Tagihan/Menu Tagihan"), CONTINUE_ON_FAILURE): Object: 'Object Repository/Master Data/Admin Sekolah/Lihat Tagihan/Menu Tagihan' is clicked on

03-01-2025T11:40:30 - [MESSAGE][PASSED] - Object: 'Object Repository/Master Data/Admin Sekolah/Lihat Tagihan/Menu Tagihan' is clicked on

03-01-2025T11:40:30 - [TEST_STEP][PASSED] - delay(1, CONTINUE_ON_FAILURE): Delayed 1 second(s)

03-01-2025T11:40:31 - [MESSAGE][PASSED] - Delayed 1 second(s)

03-01-2025T11:40:31 - [TEST_STEP][PASSED] - click(findTestObject("Master Data/Admin Sekolah/Filter Tagihan/Button Filter"), CONTINUE_ON_FAILURE): Object: 'Object Repository/Master Data/Admin Sekolah/Filter Tagihan/Button Filter' is clicked on

03-01-2025T11:40:31 - [MESSAGE][PASSED] - Object: 'Object Repository/Master Data/Admin Sekolah/Filter Tagihan/Button Filter' is clicked on

03-01-2025T11:40:31 - [TEST_STEP][PASSED] - delay(1, CONTINUE_ON_FAILURE): Delayed 1 second(s)

03-01-2025T11:40:32 - [MESSAGE][PASSED] - Delayed 1 second(s)

03-01-2025T11:40:32 - [TEST_STEP][PASSED] - click(findTestObject("Master Data/Admin Sekolah/Filter Tagihan/Select Tipe Tagihan"), CONTINUE_ON_FAILURE): Object: 'Object Repository/Master Data/Admin Sekolah/Filter Tagihan/Select Tipe Tagihan' is clicked on

03-01-2025T11:40:32 - [MESSAGE][PASSED] - Object: 'Object Repository/Master Data/Admin Sekolah/Filter Tagihan/Select Tipe Tagihan' is clicked on

03-01-2025T11:40:32 - [TEST_STEP][PASSED] - delay(1, CONTINUE_ON_FAILURE): Delayed 1 second(s)

03-01-2025T11:40:33 - [MESSAGE][PASSED] - Delayed 1 second(s)

03-01-2025T11:40:33 - [TEST_STEP][PASSED] - click(findTestObject("Master Data/Admin Sekolah/Filter Tagihan/Tagihan Reguler"), CONTINUE_ON_FAILURE): Object: 'Object Repository/Master Data/Admin Sekolah/Filter Tagihan/Tagihan Reguler' is clicked on

03-01-2025T11:40:34 - [MESSAGE][PASSED] - Object: 'Object Repository/Master Data/Admin Sekolah/Filter Tagihan/Tagihan Reguler' is clicked on

03-01-2025T11:40:34 - [TEST_STEP][PASSED] - delay(1, CONTINUE_ON_FAILURE): Delayed 1 second(s)

03-01-2025T11:40:35 - [MESSAGE][PASSED] - Delayed 1 second(s)

03-01-2025T11:40:35 - [TEST_STEP][PASSED] - click(findTestObject("Master Data/Admin Sekolah/Filter Tagihan/Select Rekening Bank"), CONTINUE_ON_FAILURE): Object: 'Object Repository/Master Data/Admin Sekolah/Filter Tagihan/Select Rekening Bank' is clicked on

03-01-2025T11:40:35 - [MESSAGE][PASSED] - Object: 'Object Repository/Master Data/Admin Sekolah/Filter Tagihan/Select Rekening Bank' is clicked on

03-01-2025T11:40:35 - [TEST_STEP][PASSED] - delay(1, CONTINUE_ON_FAILURE): Delayed 1 second(s)

03-01-2025T11:40:36 - [MESSAGE][PASSED] - Delayed 1 second(s)

03-01-2025T11:40:36 - [TEST_STEP][FAILED] - click(findTestObject("Master Data/Admin Sekolah/Filter Tagihan/CIMB"), CONTINUE_ON_FAILURE): Unable to click on object 'Object Repository/Master Data/Admin Sekolah/Filter Tagihan/CIMB' (Root cause: com.kms.katalon.core.exception.StepFailedException: Unable to click on object 'Object Repository/Master Data/Admin Sekolah/Filter Tagihan/CIMB'
	at com.kms.katalon.core.webui.keyword.internal.WebUIKeywordMain.stepFailed(WebUIKeywordMain.groovy:117)
	at com.kms.katalon.core.webui.keyword.internal.WebUIKeywordMain.runKeyword(WebUIKeywordMain.groovy:43)
	at com.kms.katalon.core.webui.keyword.builtin.ClickKeyword.click(ClickKeyword.groovy:75)
	at com.kms.katalon.core.webui.keyword.builtin.ClickKeyword.execute(ClickKeyword.groovy:40)
	at com.kms.katalon.core.keyword.internal.KeywordExecutor.executeKeywordForPlatform(KeywordExecutor.groovy:74)
	at com.kms.katalon.core.webui.keyword.WebUiBuiltInKeywords.click(WebUiBuiltInKeywords.groovy:684)
	at Filter Tagihan.run(Filter Tagihan:62)
	at com.kms.katalon.core.main.ScriptEngine.run(ScriptEngine.java:194)
	at com.kms.katalon.core.main.ScriptEngine.runScriptAsRawText(ScriptEngine.java:119)
	at com.kms.katalon.core.main.TestCaseExecutor.runScript(TestCaseExecutor.java:448)
	at com.kms.katalon.core.main.TestCaseExecutor.doExecute(TestCaseExecutor.java:439)
	at com.kms.katalon.core.main.TestCaseExecutor.processExecutionPhase(TestCaseExecutor.java:418)
	at com.kms.katalon.core.main.TestCaseExecutor.accessMainPhase(TestCaseExecutor.java:410)
	at com.kms.katalon.core.main.TestCaseExecutor.execute(TestCaseExecutor.java:285)
	at com.kms.katalon.core.main.TestCaseMain.runTestCase(TestCaseMain.java:133)
	at com.kms.katalon.core.keyword.builtin.CallTestCaseKeyword$_callTestCase_closure1.doCall(CallTestCaseKeyword.groovy:59)
	at com.kms.katalon.core.keyword.builtin.CallTestCaseKeyword$_callTestCase_closure1.call(CallTestCaseKeyword.groovy)
	at com.kms.katalon.core.keyword.internal.KeywordMain.runKeyword(KeywordMain.groovy:75)
	at com.kms.katalon.core.keyword.builtin.CallTestCaseKeyword.callTestCase(CallTestCaseKeyword.groovy:81)
	at com.kms.katalon.core.keyword.builtin.CallTestCaseKeyword.execute(CallTestCaseKeyword.groovy:44)
	at com.kms.katalon.core.keyword.internal.KeywordExecutor.executeKeywordForPlatform(KeywordExecutor.groovy:74)
	at com.kms.katalon.core.keyword.BuiltinKeywords.callTestCase(BuiltinKeywords.groovy:310)
	at jdk.internal.reflect.GeneratedMethodAccessor48.invoke(Unknown Source)
	at java.base/jdk.internal.reflect.DelegatingMethodAccessorImpl.invoke(DelegatingMethodAccessorImpl.java:43)
	at Regresi Tagihan.run(Regresi Tagihan:22)
	at com.kms.katalon.core.main.ScriptEngine.run(ScriptEngine.java:194)
	at com.kms.katalon.core.main.ScriptEngine.runScriptAsRawText(ScriptEngine.java:119)
	at com.kms.katalon.core.main.TestCaseExecutor.runScript(TestCaseExecutor.java:448)
	at com.kms.katalon.core.main.TestCaseExecutor.doExecute(TestCaseExecutor.java:439)
	at com.kms.katalon.core.main.TestCaseExecutor.processExecutionPhase(TestCaseExecutor.java:418)
	at com.kms.katalon.core.main.TestCaseExecutor.accessMainPhase(TestCaseExecutor.java:410)
	at com.kms.katalon.core.main.TestCaseExecutor.execute(TestCaseExecutor.java:285)
	at com.kms.katalon.core.common.CommonExecutor.accessTestCaseMainPhase(CommonExecutor.java:65)
	at com.kms.katalon.core.main.TestSuiteExecutor.accessTestSuiteMainPhase(TestSuiteExecutor.java:161)
	at com.kms.katalon.core.main.TestSuiteExecutor.execute(TestSuiteExecutor.java:107)
	at com.kms.katalon.core.main.TestCaseMain.startTestSuite(TestCaseMain.java:176)
	at TempTestSuite1735878642439.run(TempTestSuite1735878642439.groovy:35)
	at java.base/jdk.internal.reflect.NativeMethodAccessorImpl.invoke0(Native Method)
	at java.base/jdk.internal.reflect.NativeMethodAccessorImpl.invoke(NativeMethodAccessorImpl.java:77)
	at java.base/jdk.internal.reflect.DelegatingMethodAccessorImpl.invoke(DelegatingMethodAccessorImpl.java:43)
Caused by: com.kms.katalon.core.webui.exception.WebElementNotFoundException: Web element with id: 'Object Repository/Master Data/Admin Sekolah/Filter Tagihan/CIMB' located by '//div[@data-testid='option-91' and .//p[@data-testid='paragraph' and text()='CIMB - 1223123123']]' not found
	at com.kms.katalon.core.webui.common.WebUiCommonHelper.findWebElement(WebUiCommonHelper.java:1426)
	at com.kms.katalon.core.webui.keyword.internal.WebUIAbstractKeyword.findWebElement(WebUIAbstractKeyword.groovy:27)
	at com.kms.katalon.core.webui.keyword.builtin.ClickKeyword$_click_closure1.doCall(ClickKeyword.groovy:66)
	at com.kms.katalon.core.webui.keyword.builtin.ClickKeyword$_click_closure1.call(ClickKeyword.groovy)
	at com.kms.katalon.core.webui.keyword.internal.WebUIKeywordMain.runKeyword(WebUIKeywordMain.groovy:35)
	at com.kms.katalon.core.webui.keyword.builtin.ClickKeyword.click(ClickKeyword.groovy:75)
	at com.kms.katalon.core.webui.keyword.builtin.ClickKeyword.execute(ClickKeyword.groovy:40)
	at com.kms.katalon.core.keyword.internal.KeywordExecutor.executeKeywordForPlatform(KeywordExecutor.groovy:74)
	at com.kms.katalon.core.webui.keyword.WebUiBuiltInKeywords.click(WebUiBuiltInKeywords.groovy:684)
	at Script1731485365054.run(Script1731485365054.groovy:62)
	at com.kms.katalon.core.main.ScriptEngine.run(ScriptEngine.java:194)
	at com.kms.katalon.core.main.ScriptEngine.runScriptAsRawText(ScriptEngine.java:119)
	at com.kms.katalon.core.main.TestCaseExecutor.runScript(TestCaseExecutor.java:448)
	at com.kms.katalon.core.main.TestCaseExecutor.doExecute(TestCaseExecutor.java:439)
	at com.kms.katalon.core.main.TestCaseExecutor.processExecutionPhase(TestCaseExecutor.java:418)
	at com.kms.katalon.core.main.TestCaseExecutor.accessMainPhase(TestCaseExecutor.java:410)
	at com.kms.katalon.core.main.TestCaseExecutor.execute(TestCaseExecutor.java:285)
	at com.kms.katalon.core.main.TestCaseMain.runTestCase(TestCaseMain.java:133)
	at com.kms.katalon.core.keyword.builtin.CallTestCaseKeyword$_callTestCase_closure1.doCall(CallTestCaseKeyword.groovy:59)
	at com.kms.katalon.core.keyword.builtin.CallTestCaseKeyword$_callTestCase_closure1.call(CallTestCaseKeyword.groovy)
	at com.kms.katalon.core.keyword.internal.KeywordMain.runKeyword(KeywordMain.groovy:75)
	at com.kms.katalon.core.keyword.builtin.CallTestCaseKeyword.callTestCase(CallTestCaseKeyword.groovy:81)
	at com.kms.katalon.core.keyword.builtin.CallTestCaseKeyword.execute(CallTestCaseKeyword.groovy:44)
	at com.kms.katalon.core.keyword.internal.KeywordExecutor.executeKeywordForPlatform(KeywordExecutor.groovy:74)
	at com.kms.katalon.core.keyword.BuiltinKeywords.callTestCase(BuiltinKeywords.groovy:310)
	at jdk.internal.reflect.GeneratedMethodAccessor48.invoke(Unknown Source)
	at java.base/jdk.internal.reflect.DelegatingMethodAccessorImpl.invoke(DelegatingMethodAccessorImpl.java:43)
	at Script1735746434271.run(Script1735746434271.groovy:22)
	... 15 more
)

03-01-2025T11:41:07 - [MESSAGE][INFO] - Unable to find the element located by 'By.xpath: //div[@data-testid='option-91' and .//p[@data-testid='paragraph' and text()='CIMB - 1223123123']]'. Please recheck the objects properties to make sure the desired element is located. 

03-01-2025T11:41:07 - [MESSAGE][WARNING] - [SELF-HEALING] Failed to find element with id 'Object Repository/Master Data/Admin Sekolah/Filter Tagihan/CIMB'. Try using Self-healing.

03-01-2025T11:41:08 - [MESSAGE][INFO] - [SELF-HEALING] No working XPath is found.

03-01-2025T11:41:09 - [MESSAGE][WARNING] - [SELF-HEALING] invalid selector
from javascript error: {"status":32,"value":"Unable to locate an element with the xpath expression  because of the following error:\nSyntaxError: Failed to execute 'evaluate' on 'Document': The string '' is not a valid XPath expression."}
  (Session info: chrome=131.0.6778.205)
For documentation on this error, please visit: https://www.selenium.dev/documentation/webdriver/troubleshooting/errors#invalid-selector-exception
Build info: version: '4.22.0', revision: 'c5f3146703'
System info: os.name: 'Windows 11', os.arch: 'amd64', os.version: '10.0', java.version: '17.0.7'
Driver info: com.kms.katalon.selenium.driver.CChromeDriver
Command: [6cec70791df2731cdaf973bd5ef4cded, findElements {value=, using=xpath}]
Capabilities {acceptInsecureCerts: false, browserName: chrome, browserVersion: 131.0.6778.205, chrome: {chromedriverVersion: 130.0.6723.58 (3a50e012e4c9..., userDataDir: C:\Users\henri\AppData\Loca...}, fedcm:accounts: true, goog:chromeOptions: {debuggerAddress: localhost:64163}, networkConnectionEnabled: false, pageLoadStrategy: normal, platformName: windows, proxy: Proxy(), se:cdp: ws://localhost:64163/devtoo..., se:cdpVersion: 131.0.6778.205, setWindowRect: true, strictFileInteractability: false, timeouts: {implicit: 0, pageLoad: 300000, script: 30000}, unhandledPromptBehavior: ignore, webSocketUrl: ws://localhost:23097/sessio..., webauthn:extension:credBlob: true, webauthn:extension:largeBlob: true, webauthn:extension:minPinLength: true, webauthn:extension:prf: true, webauthn:virtualAuthenticators: true}
Session ID: 6cec70791df2731cdaf973bd5ef4cded

03-01-2025T11:41:09 - [MESSAGE][WARNING] - [SELF-HEALING] Cannot find elements when the selector is null

03-01-2025T11:41:10 - [MESSAGE][FAILED] - Unable to click on object 'Object Repository/Master Data/Admin Sekolah/Filter Tagihan/CIMB' (Root cause: com.kms.katalon.core.exception.StepFailedException: Unable to click on object 'Object Repository/Master Data/Admin Sekolah/Filter Tagihan/CIMB'
	at com.kms.katalon.core.webui.keyword.internal.WebUIKeywordMain.stepFailed(WebUIKeywordMain.groovy:117)
	at com.kms.katalon.core.webui.keyword.internal.WebUIKeywordMain.runKeyword(WebUIKeywordMain.groovy:43)
	at com.kms.katalon.core.webui.keyword.builtin.ClickKeyword.click(ClickKeyword.groovy:75)
	at com.kms.katalon.core.webui.keyword.builtin.ClickKeyword.execute(ClickKeyword.groovy:40)
	at com.kms.katalon.core.keyword.internal.KeywordExecutor.executeKeywordForPlatform(KeywordExecutor.groovy:74)
	at com.kms.katalon.core.webui.keyword.WebUiBuiltInKeywords.click(WebUiBuiltInKeywords.groovy:684)
	at Filter Tagihan.run(Filter Tagihan:62)
	at com.kms.katalon.core.main.ScriptEngine.run(ScriptEngine.java:194)
	at com.kms.katalon.core.main.ScriptEngine.runScriptAsRawText(ScriptEngine.java:119)
	at com.kms.katalon.core.main.TestCaseExecutor.runScript(TestCaseExecutor.java:448)
	at com.kms.katalon.core.main.TestCaseExecutor.doExecute(TestCaseExecutor.java:439)
	at com.kms.katalon.core.main.TestCaseExecutor.processExecutionPhase(TestCaseExecutor.java:418)
	at com.kms.katalon.core.main.TestCaseExecutor.accessMainPhase(TestCaseExecutor.java:410)
	at com.kms.katalon.core.main.TestCaseExecutor.execute(TestCaseExecutor.java:285)
	at com.kms.katalon.core.main.TestCaseMain.runTestCase(TestCaseMain.java:133)
	at com.kms.katalon.core.keyword.builtin.CallTestCaseKeyword$_callTestCase_closure1.doCall(CallTestCaseKeyword.groovy:59)
	at com.kms.katalon.core.keyword.builtin.CallTestCaseKeyword$_callTestCase_closure1.call(CallTestCaseKeyword.groovy)
	at com.kms.katalon.core.keyword.internal.KeywordMain.runKeyword(KeywordMain.groovy:75)
	at com.kms.katalon.core.keyword.builtin.CallTestCaseKeyword.callTestCase(CallTestCaseKeyword.groovy:81)
	at com.kms.katalon.core.keyword.builtin.CallTestCaseKeyword.execute(CallTestCaseKeyword.groovy:44)
	at com.kms.katalon.core.keyword.internal.KeywordExecutor.executeKeywordForPlatform(KeywordExecutor.groovy:74)
	at com.kms.katalon.core.keyword.BuiltinKeywords.callTestCase(BuiltinKeywords.groovy:310)
	at jdk.internal.reflect.GeneratedMethodAccessor48.invoke(Unknown Source)
	at java.base/jdk.internal.reflect.DelegatingMethodAccessorImpl.invoke(DelegatingMethodAccessorImpl.java:43)
	at Regresi Tagihan.run(Regresi Tagihan:22)
	at com.kms.katalon.core.main.ScriptEngine.run(ScriptEngine.java:194)
	at com.kms.katalon.core.main.ScriptEngine.runScriptAsRawText(ScriptEngine.java:119)
	at com.kms.katalon.core.main.TestCaseExecutor.runScript(TestCaseExecutor.java:448)
	at com.kms.katalon.core.main.TestCaseExecutor.doExecute(TestCaseExecutor.java:439)
	at com.kms.katalon.core.main.TestCaseExecutor.processExecutionPhase(TestCaseExecutor.java:418)
	at com.kms.katalon.core.main.TestCaseExecutor.accessMainPhase(TestCaseExecutor.java:410)
	at com.kms.katalon.core.main.TestCaseExecutor.execute(TestCaseExecutor.java:285)
	at com.kms.katalon.core.common.CommonExecutor.accessTestCaseMainPhase(CommonExecutor.java:65)
	at com.kms.katalon.core.main.TestSuiteExecutor.accessTestSuiteMainPhase(TestSuiteExecutor.java:161)
	at com.kms.katalon.core.main.TestSuiteExecutor.execute(TestSuiteExecutor.java:107)
	at com.kms.katalon.core.main.TestCaseMain.startTestSuite(TestCaseMain.java:176)
	at TempTestSuite1735878642439.run(TempTestSuite1735878642439.groovy:35)
	at java.base/jdk.internal.reflect.NativeMethodAccessorImpl.invoke0(Native Method)
	at java.base/jdk.internal.reflect.NativeMethodAccessorImpl.invoke(NativeMethodAccessorImpl.java:77)
	at java.base/jdk.internal.reflect.DelegatingMethodAccessorImpl.invoke(DelegatingMethodAccessorImpl.java:43)
Caused by: com.kms.katalon.core.webui.exception.WebElementNotFoundException: Web element with id: 'Object Repository/Master Data/Admin Sekolah/Filter Tagihan/CIMB' located by '//div[@data-testid='option-91' and .//p[@data-testid='paragraph' and text()='CIMB - 1223123123']]' not found
	at com.kms.katalon.core.webui.common.WebUiCommonHelper.findWebElement(WebUiCommonHelper.java:1426)
	at com.kms.katalon.core.webui.keyword.internal.WebUIAbstractKeyword.findWebElement(WebUIAbstractKeyword.groovy:27)
	at com.kms.katalon.core.webui.keyword.builtin.ClickKeyword$_click_closure1.doCall(ClickKeyword.groovy:66)
	at com.kms.katalon.core.webui.keyword.builtin.ClickKeyword$_click_closure1.call(ClickKeyword.groovy)
	at com.kms.katalon.core.webui.keyword.internal.WebUIKeywordMain.runKeyword(WebUIKeywordMain.groovy:35)
	at com.kms.katalon.core.webui.keyword.builtin.ClickKeyword.click(ClickKeyword.groovy:75)
	at com.kms.katalon.core.webui.keyword.builtin.ClickKeyword.execute(ClickKeyword.groovy:40)
	at com.kms.katalon.core.keyword.internal.KeywordExecutor.executeKeywordForPlatform(KeywordExecutor.groovy:74)
	at com.kms.katalon.core.webui.keyword.WebUiBuiltInKeywords.click(WebUiBuiltInKeywords.groovy:684)
	at Script1731485365054.run(Script1731485365054.groovy:62)
	at com.kms.katalon.core.main.ScriptEngine.run(ScriptEngine.java:194)
	at com.kms.katalon.core.main.ScriptEngine.runScriptAsRawText(ScriptEngine.java:119)
	at com.kms.katalon.core.main.TestCaseExecutor.runScript(TestCaseExecutor.java:448)
	at com.kms.katalon.core.main.TestCaseExecutor.doExecute(TestCaseExecutor.java:439)
	at com.kms.katalon.core.main.TestCaseExecutor.processExecutionPhase(TestCaseExecutor.java:418)
	at com.kms.katalon.core.main.TestCaseExecutor.accessMainPhase(TestCaseExecutor.java:410)
	at com.kms.katalon.core.main.TestCaseExecutor.execute(TestCaseExecutor.java:285)
	at com.kms.katalon.core.main.TestCaseMain.runTestCase(TestCaseMain.java:133)
	at com.kms.katalon.core.keyword.builtin.CallTestCaseKeyword$_callTestCase_closure1.doCall(CallTestCaseKeyword.groovy:59)
	at com.kms.katalon.core.keyword.builtin.CallTestCaseKeyword$_callTestCase_closure1.call(CallTestCaseKeyword.groovy)
	at com.kms.katalon.core.keyword.internal.KeywordMain.runKeyword(KeywordMain.groovy:75)
	at com.kms.katalon.core.keyword.builtin.CallTestCaseKeyword.callTestCase(CallTestCaseKeyword.groovy:81)
	at com.kms.katalon.core.keyword.builtin.CallTestCaseKeyword.execute(CallTestCaseKeyword.groovy:44)
	at com.kms.katalon.core.keyword.internal.KeywordExecutor.executeKeywordForPlatform(KeywordExecutor.groovy:74)
	at com.kms.katalon.core.keyword.BuiltinKeywords.callTestCase(BuiltinKeywords.groovy:310)
	at jdk.internal.reflect.GeneratedMethodAccessor48.invoke(Unknown Source)
	at java.base/jdk.internal.reflect.DelegatingMethodAccessorImpl.invoke(DelegatingMethodAccessorImpl.java:43)
	at Script1735746434271.run(Script1735746434271.groovy:22)
	... 15 more
)
[[ATTACHMENT|C:\\Users\\henri\\Videos\\school-payment-automation-testing\\Reports\\20250103_113042\\SPRINT 1\\20250103_113042\\1735879269937.png]]

03-01-2025T11:41:10 - [TEST_STEP][PASSED] - delay(1, CONTINUE_ON_FAILURE): Delayed 1 second(s)

03-01-2025T11:41:11 - [MESSAGE][PASSED] - Delayed 1 second(s)

03-01-2025T11:41:11 - [TEST_STEP][PASSED] - click(findTestObject("Master Data/Admin Sekolah/Filter Tagihan/Button Terapkan"), CONTINUE_ON_FAILURE): Object: 'Object Repository/Master Data/Admin Sekolah/Filter Tagihan/Button Terapkan' is clicked on

03-01-2025T11:41:11 - [MESSAGE][PASSED] - Object: 'Object Repository/Master Data/Admin Sekolah/Filter Tagihan/Button Terapkan' is clicked on

03-01-2025T11:41:11 - [MESSAGE][FAILED] - Unable to call Test Case 'Test Cases/Master Data/Admin Sekolah/Master Data Tagihan/Filter Tagihan' (Root cause: com.kms.katalon.core.exception.StepFailedException: Call Test Case 'Test Cases/Master Data/Admin Sekolah/Master Data Tagihan/Filter Tagihan' failed
	at com.kms.katalon.core.keyword.builtin.CallTestCaseKeyword$_callTestCase_closure1.doCall(CallTestCaseKeyword.groovy:63)
	at com.kms.katalon.core.keyword.builtin.CallTestCaseKeyword$_callTestCase_closure1.call(CallTestCaseKeyword.groovy)
	at com.kms.katalon.core.keyword.internal.KeywordMain.runKeyword(KeywordMain.groovy:75)
	at com.kms.katalon.core.keyword.builtin.CallTestCaseKeyword.callTestCase(CallTestCaseKeyword.groovy:81)
	at com.kms.katalon.core.keyword.builtin.CallTestCaseKeyword.execute(CallTestCaseKeyword.groovy:44)
	at com.kms.katalon.core.keyword.internal.KeywordExecutor.executeKeywordForPlatform(KeywordExecutor.groovy:74)
	at com.kms.katalon.core.keyword.BuiltinKeywords.callTestCase(BuiltinKeywords.groovy:310)
	at jdk.internal.reflect.GeneratedMethodAccessor48.invoke(Unknown Source)
	at java.base/jdk.internal.reflect.DelegatingMethodAccessorImpl.invoke(DelegatingMethodAccessorImpl.java:43)
	at Regresi Tagihan.run(Regresi Tagihan:22)
	at com.kms.katalon.core.main.ScriptEngine.run(ScriptEngine.java:194)
	at com.kms.katalon.core.main.ScriptEngine.runScriptAsRawText(ScriptEngine.java:119)
	at com.kms.katalon.core.main.TestCaseExecutor.runScript(TestCaseExecutor.java:448)
	at com.kms.katalon.core.main.TestCaseExecutor.doExecute(TestCaseExecutor.java:439)
	at com.kms.katalon.core.main.TestCaseExecutor.processExecutionPhase(TestCaseExecutor.java:418)
	at com.kms.katalon.core.main.TestCaseExecutor.accessMainPhase(TestCaseExecutor.java:410)
	at com.kms.katalon.core.main.TestCaseExecutor.execute(TestCaseExecutor.java:285)
	at com.kms.katalon.core.common.CommonExecutor.accessTestCaseMainPhase(CommonExecutor.java:65)
	at com.kms.katalon.core.main.TestSuiteExecutor.accessTestSuiteMainPhase(TestSuiteExecutor.java:161)
	at com.kms.katalon.core.main.TestSuiteExecutor.execute(TestSuiteExecutor.java:107)
	at com.kms.katalon.core.main.TestCaseMain.startTestSuite(TestCaseMain.java:176)
	at TempTestSuite1735878642439.run(TempTestSuite1735878642439.groovy:35)
	at java.base/jdk.internal.reflect.NativeMethodAccessorImpl.invoke0(Native Method)
	at java.base/jdk.internal.reflect.NativeMethodAccessorImpl.invoke(NativeMethodAccessorImpl.java:77)
	at java.base/jdk.internal.reflect.DelegatingMethodAccessorImpl.invoke(DelegatingMethodAccessorImpl.java:43)
Caused by: com.kms.katalon.core.exception.StepFailedException: Unable to click on object 'Object Repository/Master Data/Admin Sekolah/Filter Tagihan/CIMB' (Root cause: com.kms.katalon.core.exception.StepFailedException: Unable to click on object 'Object Repository/Master Data/Admin Sekolah/Filter Tagihan/CIMB'
	at com.kms.katalon.core.webui.keyword.internal.WebUIKeywordMain.stepFailed(WebUIKeywordMain.groovy:117)
	at com.kms.katalon.core.webui.keyword.internal.WebUIKeywordMain.runKeyword(WebUIKeywordMain.groovy:43)
	at com.kms.katalon.core.webui.keyword.builtin.ClickKeyword.click(ClickKeyword.groovy:75)
	at com.kms.katalon.core.webui.keyword.builtin.ClickKeyword.execute(ClickKeyword.groovy:40)
	at com.kms.katalon.core.keyword.internal.KeywordExecutor.executeKeywordForPlatform(KeywordExecutor.groovy:74)
	at com.kms.katalon.core.webui.keyword.WebUiBuiltInKeywords.click(WebUiBuiltInKeywords.groovy:684)
	at Filter Tagihan.run(Filter Tagihan:62)
	at com.kms.katalon.core.main.ScriptEngine.run(ScriptEngine.java:194)
	at com.kms.katalon.core.main.ScriptEngine.runScriptAsRawText(ScriptEngine.java:119)
	at com.kms.katalon.core.main.TestCaseExecutor.runScript(TestCaseExecutor.java:448)
	at com.kms.katalon.core.main.TestCaseExecutor.doExecute(TestCaseExecutor.java:439)
	at com.kms.katalon.core.main.TestCaseExecutor.processExecutionPhase(TestCaseExecutor.java:418)
	at com.kms.katalon.core.main.TestCaseExecutor.accessMainPhase(TestCaseExecutor.java:410)
	at com.kms.katalon.core.main.TestCaseExecutor.execute(TestCaseExecutor.java:285)
	at com.kms.katalon.core.main.TestCaseMain.runTestCase(TestCaseMain.java:133)
	at com.kms.katalon.core.keyword.builtin.CallTestCaseKeyword$_callTestCase_closure1.doCall(CallTestCaseKeyword.groovy:59)
	at com.kms.katalon.core.keyword.builtin.CallTestCaseKeyword$_callTestCase_closure1.call(CallTestCaseKeyword.groovy)
	at com.kms.katalon.core.keyword.internal.KeywordMain.runKeyword(KeywordMain.groovy:75)
	at com.kms.katalon.core.keyword.builtin.CallTestCaseKeyword.callTestCase(CallTestCaseKeyword.groovy:81)
	at com.kms.katalon.core.keyword.builtin.CallTestCaseKeyword.execute(CallTestCaseKeyword.groovy:44)
	at com.kms.katalon.core.keyword.internal.KeywordExecutor.executeKeywordForPlatform(KeywordExecutor.groovy:74)
	at com.kms.katalon.core.keyword.BuiltinKeywords.callTestCase(BuiltinKeywords.groovy:310)
	at jdk.internal.reflect.GeneratedMethodAccessor48.invoke(Unknown Source)
	at java.base/jdk.internal.reflect.DelegatingMethodAccessorImpl.invoke(DelegatingMethodAccessorImpl.java:43)
	at Regresi Tagihan.run(Regresi Tagihan:22)
	at com.kms.katalon.core.main.ScriptEngine.run(ScriptEngine.java:194)
	at com.kms.katalon.core.main.ScriptEngine.runScriptAsRawText(ScriptEngine.java:119)
	at com.kms.katalon.core.main.TestCaseExecutor.runScript(TestCaseExecutor.java:448)
	at com.kms.katalon.core.main.TestCaseExecutor.doExecute(TestCaseExecutor.java:439)
	at com.kms.katalon.core.main.TestCaseExecutor.processExecutionPhase(TestCaseExecutor.java:418)
	at com.kms.katalon.core.main.TestCaseExecutor.accessMainPhase(TestCaseExecutor.java:410)
	at com.kms.katalon.core.main.TestCaseExecutor.execute(TestCaseExecutor.java:285)
	at com.kms.katalon.core.common.CommonExecutor.accessTestCaseMainPhase(CommonExecutor.java:65)
	at com.kms.katalon.core.main.TestSuiteExecutor.accessTestSuiteMainPhase(TestSuiteExecutor.java:161)
	at com.kms.katalon.core.main.TestSuiteExecutor.execute(TestSuiteExecutor.java:107)
	at com.kms.katalon.core.main.TestCaseMain.startTestSuite(TestCaseMain.java:176)
	at TempTestSuite1735878642439.run(TempTestSuite1735878642439.groovy:35)
	at java.base/jdk.internal.reflect.NativeMethodAccessorImpl.invoke0(Native Method)
	at java.base/jdk.internal.reflect.NativeMethodAccessorImpl.invoke(NativeMethodAccessorImpl.java:77)
	at java.base/jdk.internal.reflect.DelegatingMethodAccessorImpl.invoke(DelegatingMethodAccessorImpl.java:43)
Caused by: com.kms.katalon.core.webui.exception.WebElementNotFoundException: Web element with id: 'Object Repository/Master Data/Admin Sekolah/Filter Tagihan/CIMB' located by '//div[@data-testid='option-91' and .//p[@data-testid='paragraph' and text()='CIMB - 1223123123']]' not found
	at com.kms.katalon.core.webui.common.WebUiCommonHelper.findWebElement(WebUiCommonHelper.java:1426)
	at com.kms.katalon.core.webui.keyword.internal.WebUIAbstractKeyword.findWebElement(WebUIAbstractKeyword.groovy:27)
	at com.kms.katalon.core.webui.keyword.builtin.ClickKeyword$_click_closure1.doCall(ClickKeyword.groovy:66)
	at com.kms.katalon.core.webui.keyword.builtin.ClickKeyword$_click_closure1.call(ClickKeyword.groovy)
	at com.kms.katalon.core.webui.keyword.internal.WebUIKeywordMain.runKeyword(WebUIKeywordMain.groovy:35)
	at com.kms.katalon.core.webui.keyword.builtin.ClickKeyword.click(ClickKeyword.groovy:75)
	at com.kms.katalon.core.webui.keyword.builtin.ClickKeyword.execute(ClickKeyword.groovy:40)
	at com.kms.katalon.core.keyword.internal.KeywordExecutor.executeKeywordForPlatform(KeywordExecutor.groovy:74)
	at com.kms.katalon.core.webui.keyword.WebUiBuiltInKeywords.click(WebUiBuiltInKeywords.groovy:684)
	at Script1731485365054.run(Script1731485365054.groovy:62)
	at com.kms.katalon.core.main.ScriptEngine.run(ScriptEngine.java:194)
	at com.kms.katalon.core.main.ScriptEngine.runScriptAsRawText(ScriptEngine.java:119)
	at com.kms.katalon.core.main.TestCaseExecutor.runScript(TestCaseExecutor.java:448)
	at com.kms.katalon.core.main.TestCaseExecutor.doExecute(TestCaseExecutor.java:439)
	at com.kms.katalon.core.main.TestCaseExecutor.processExecutionPhase(TestCaseExecutor.java:418)
	at com.kms.katalon.core.main.TestCaseExecutor.accessMainPhase(TestCaseExecutor.java:410)
	at com.kms.katalon.core.main.TestCaseExecutor.execute(TestCaseExecutor.java:285)
	at com.kms.katalon.core.main.TestCaseMain.runTestCase(TestCaseMain.java:133)
	at com.kms.katalon.core.keyword.builtin.CallTestCaseKeyword$_callTestCase_closure1.doCall(CallTestCaseKeyword.groovy:59)
	at com.kms.katalon.core.keyword.builtin.CallTestCaseKeyword$_callTestCase_closure1.call(CallTestCaseKeyword.groovy)
	at com.kms.katalon.core.keyword.internal.KeywordMain.runKeyword(KeywordMain.groovy:75)
	at com.kms.katalon.core.keyword.builtin.CallTestCaseKeyword.callTestCase(CallTestCaseKeyword.groovy:81)
	at com.kms.katalon.core.keyword.builtin.CallTestCaseKeyword.execute(CallTestCaseKeyword.groovy:44)
	at com.kms.katalon.core.keyword.internal.KeywordExecutor.executeKeywordForPlatform(KeywordExecutor.groovy:74)
	at com.kms.katalon.core.keyword.BuiltinKeywords.callTestCase(BuiltinKeywords.groovy:310)
	at jdk.internal.reflect.GeneratedMethodAccessor48.invoke(Unknown Source)
	at java.base/jdk.internal.reflect.DelegatingMethodAccessorImpl.invoke(DelegatingMethodAccessorImpl.java:43)
	at Script1735746434271.run(Script1735746434271.groovy:22)
	... 15 more
)
	at com.kms.katalon.core.keyword.internal.KeywordMain.stepFailed(KeywordMain.groovy:39)
	at com.kms.katalon.core.webui.keyword.internal.WebUIKeywordMain.stepFailed(WebUIKeywordMain.groovy:117)
	at com.kms.katalon.core.webui.keyword.internal.WebUIKeywordMain.runKeyword(WebUIKeywordMain.groovy:43)
	at com.kms.katalon.core.webui.keyword.builtin.ClickKeyword.click(ClickKeyword.groovy:75)
	at com.kms.katalon.core.webui.keyword.builtin.ClickKeyword.execute(ClickKeyword.groovy:40)
	at com.kms.katalon.core.keyword.internal.KeywordExecutor.executeKeywordForPlatform(KeywordExecutor.groovy:74)
	at com.kms.katalon.core.webui.keyword.WebUiBuiltInKeywords.click(WebUiBuiltInKeywords.groovy:684)
	at Filter Tagihan.run(Filter Tagihan:62)
	at com.kms.katalon.core.main.ScriptEngine.run(ScriptEngine.java:194)
	at com.kms.katalon.core.main.ScriptEngine.runScriptAsRawText(ScriptEngine.java:119)
	at com.kms.katalon.core.main.TestCaseExecutor.runScript(TestCaseExecutor.java:448)
	at com.kms.katalon.core.main.TestCaseExecutor.doExecute(TestCaseExecutor.java:439)
	at com.kms.katalon.core.main.TestCaseExecutor.processExecutionPhase(TestCaseExecutor.java:418)
	at com.kms.katalon.core.main.TestCaseExecutor.accessMainPhase(TestCaseExecutor.java:410)
	at com.kms.katalon.core.main.TestCaseExecutor.execute(TestCaseExecutor.java:285)
	at com.kms.katalon.core.main.TestCaseMain.runTestCase(TestCaseMain.java:133)
	at com.kms.katalon.core.keyword.builtin.CallTestCaseKeyword$_callTestCase_closure1.doCall(CallTestCaseKeyword.groovy:59)
	... 24 more
Caused by: com.kms.katalon.core.exception.StepFailedException: Unable to click on object 'Object Repository/Master Data/Admin Sekolah/Filter Tagihan/CIMB'
	... 40 more
Caused by: com.kms.katalon.core.webui.exception.WebElementNotFoundException: Web element with id: 'Object Repository/Master Data/Admin Sekolah/Filter Tagihan/CIMB' located by '//div[@data-testid='option-91' and .//p[@data-testid='paragraph' and text()='CIMB - 1223123123']]' not found
	at com.kms.katalon.core.webui.common.WebUiCommonHelper.findWebElement(WebUiCommonHelper.java:1426)
	at com.kms.katalon.core.webui.keyword.internal.WebUIAbstractKeyword.findWebElement(WebUIAbstractKeyword.groovy:27)
	at com.kms.katalon.core.webui.keyword.builtin.ClickKeyword$_click_closure1.doCall(ClickKeyword.groovy:66)
	at com.kms.katalon.core.webui.keyword.builtin.ClickKeyword$_click_closure1.call(ClickKeyword.groovy)
	at com.kms.katalon.core.webui.keyword.internal.WebUIKeywordMain.runKeyword(WebUIKeywordMain.groovy:35)
	... 38 more
)

03-01-2025T11:41:11 - [TEST_STEP][PASSED] - callTestCase(findTestCase("Test Cases/Master Data/Admin Sekolah/Master Data Tagihan/Lihat Tagihan"), [:], CONTINUE_ON_FAILURE): Call Test Case 'Test Cases/Master Data/Admin Sekolah/Master Data Tagihan/Lihat Tagihan' successfully

03-01-2025T11:41:11 - [TEST_CASE][PASSED] - Test Cases/Master Data/Admin Sekolah/Master Data Tagihan/Lihat Tagihan: Test Cases/Master Data/Admin Sekolah/Master Data Tagihan/Lihat Tagihan

03-01-2025T11:41:11 - [TEST_STEP][PASSED] - openBrowser("", CONTINUE_ON_FAILURE): Browser is opened with url: ''

03-01-2025T11:41:11 - [MESSAGE][WARNING] - A browser is already opened. Closing browser and opening a new one

03-01-2025T11:41:11 - [MESSAGE][INFO] - Starting 'Chrome' driver

03-01-2025T11:41:11 - [MESSAGE][INFO] - Action delay is set to 0 milliseconds

03-01-2025T11:41:12 - [MESSAGE][PASSED] - Browser is opened with url: ''

03-01-2025T11:41:12 - [TEST_STEP][PASSED] - navigateToUrl("https://sit.siprusedu.com/login", CONTINUE_ON_FAILURE): Navigate to 'https://sit.siprusedu.com/login' successfully

03-01-2025T11:41:12 - [MESSAGE][PASSED] - Navigate to 'https://sit.siprusedu.com/login' successfully

03-01-2025T11:41:12 - [TEST_STEP][PASSED] - click(findTestObject("Master Data/Admin Sekolah/Login/Field Email"), CONTINUE_ON_FAILURE): Object: 'Object Repository/Master Data/Admin Sekolah/Login/Field Email' is clicked on

03-01-2025T11:41:14 - [MESSAGE][PASSED] - Object: 'Object Repository/Master Data/Admin Sekolah/Login/Field Email' is clicked on

03-01-2025T11:41:14 - [TEST_STEP][PASSED] - setText(findTestObject("Master Data/Admin Sekolah/Login/Field Email"), "admin.gudangsolusi@digiform.co.id", CONTINUE_ON_FAILURE): Text 'admin.gudangsolusi@digiform.co.id' is set on object 'Object Repository/Master Data/Admin Sekolah/Login/Field Email'

03-01-2025T11:41:15 - [MESSAGE][PASSED] - Text 'admin.gudangsolusi@digiform.co.id' is set on object 'Object Repository/Master Data/Admin Sekolah/Login/Field Email'

03-01-2025T11:41:15 - [TEST_STEP][PASSED] - click(findTestObject("Master Data/Admin Sekolah/Login/Input Password"), CONTINUE_ON_FAILURE): Object: 'Object Repository/Master Data/Admin Sekolah/Login/Input Password' is clicked on

03-01-2025T11:41:15 - [MESSAGE][PASSED] - Object: 'Object Repository/Master Data/Admin Sekolah/Login/Input Password' is clicked on

03-01-2025T11:41:15 - [TEST_STEP][PASSED] - setText(findTestObject("Master Data/Admin Sekolah/Login/Input Password"), "Test1234", CONTINUE_ON_FAILURE): Text 'Test1234' is set on object 'Object Repository/Master Data/Admin Sekolah/Login/Input Password'

03-01-2025T11:41:15 - [MESSAGE][PASSED] - Text 'Test1234' is set on object 'Object Repository/Master Data/Admin Sekolah/Login/Input Password'

03-01-2025T11:41:15 - [TEST_STEP][PASSED] - click(findTestObject("Master Data/Admin Sekolah/Login/Button Submit"), CONTINUE_ON_FAILURE): Object: 'Object Repository/Master Data/Admin Sekolah/Login/Button Submit' is clicked on

03-01-2025T11:41:16 - [MESSAGE][PASSED] - Object: 'Object Repository/Master Data/Admin Sekolah/Login/Button Submit' is clicked on

03-01-2025T11:41:16 - [TEST_STEP][PASSED] - click(findTestObject("Master Data/Admin Sekolah/Lihat Tagihan/Menu Master Data"), CONTINUE_ON_FAILURE): Object: 'Object Repository/Master Data/Admin Sekolah/Lihat Tagihan/Menu Master Data' is clicked on

03-01-2025T11:41:18 - [MESSAGE][PASSED] - Object: 'Object Repository/Master Data/Admin Sekolah/Lihat Tagihan/Menu Master Data' is clicked on

03-01-2025T11:41:18 - [TEST_STEP][PASSED] - click(findTestObject("Master Data/Admin Sekolah/Lihat Tagihan/Menu Tagihan"), CONTINUE_ON_FAILURE): Object: 'Object Repository/Master Data/Admin Sekolah/Lihat Tagihan/Menu Tagihan' is clicked on

03-01-2025T11:41:19 - [MESSAGE][PASSED] - Object: 'Object Repository/Master Data/Admin Sekolah/Lihat Tagihan/Menu Tagihan' is clicked on

03-01-2025T11:41:19 - [TEST_STEP][PASSED] - delay(1, CONTINUE_ON_FAILURE): Delayed 1 second(s)

03-01-2025T11:41:20 - [MESSAGE][PASSED] - Delayed 1 second(s)

03-01-2025T11:41:20 - [TEST_STEP][PASSED] - click(findTestObject("Master Data/Admin Sekolah/Lihat Tagihan/Button View"), CONTINUE_ON_FAILURE): Object: 'Object Repository/Master Data/Admin Sekolah/Lihat Tagihan/Button View' is clicked on

03-01-2025T11:41:20 - [MESSAGE][PASSED] - Object: 'Object Repository/Master Data/Admin Sekolah/Lihat Tagihan/Button View' is clicked on

03-01-2025T11:41:20 - [MESSAGE][PASSED] - Call Test Case 'Test Cases/Master Data/Admin Sekolah/Master Data Tagihan/Lihat Tagihan' successfully

03-01-2025T11:41:20 - [TEST_STEP][FAILED] - callTestCase(findTestCase("Test Cases/Master Data/Admin Sekolah/Master Data Tagihan/Tambah Tagihan"), [:], CONTINUE_ON_FAILURE): Unable to call Test Case 'Test Cases/Master Data/Admin Sekolah/Master Data Tagihan/Tambah Tagihan' (Root cause: com.kms.katalon.core.exception.StepFailedException: Call Test Case 'Test Cases/Master Data/Admin Sekolah/Master Data Tagihan/Tambah Tagihan' failed
	at com.kms.katalon.core.keyword.builtin.CallTestCaseKeyword$_callTestCase_closure1.doCall(CallTestCaseKeyword.groovy:63)
	at com.kms.katalon.core.keyword.builtin.CallTestCaseKeyword$_callTestCase_closure1.call(CallTestCaseKeyword.groovy)
	at com.kms.katalon.core.keyword.internal.KeywordMain.runKeyword(KeywordMain.groovy:75)
	at com.kms.katalon.core.keyword.builtin.CallTestCaseKeyword.callTestCase(CallTestCaseKeyword.groovy:81)
	at com.kms.katalon.core.keyword.builtin.CallTestCaseKeyword.execute(CallTestCaseKeyword.groovy:44)
	at com.kms.katalon.core.keyword.internal.KeywordExecutor.executeKeywordForPlatform(KeywordExecutor.groovy:74)
	at com.kms.katalon.core.keyword.BuiltinKeywords.callTestCase(BuiltinKeywords.groovy:310)
	at jdk.internal.reflect.GeneratedMethodAccessor48.invoke(Unknown Source)
	at java.base/jdk.internal.reflect.DelegatingMethodAccessorImpl.invoke(DelegatingMethodAccessorImpl.java:43)
	at Regresi Tagihan.run(Regresi Tagihan:30)
	at com.kms.katalon.core.main.ScriptEngine.run(ScriptEngine.java:194)
	at com.kms.katalon.core.main.ScriptEngine.runScriptAsRawText(ScriptEngine.java:119)
	at com.kms.katalon.core.main.TestCaseExecutor.runScript(TestCaseExecutor.java:448)
	at com.kms.katalon.core.main.TestCaseExecutor.doExecute(TestCaseExecutor.java:439)
	at com.kms.katalon.core.main.TestCaseExecutor.processExecutionPhase(TestCaseExecutor.java:418)
	at com.kms.katalon.core.main.TestCaseExecutor.accessMainPhase(TestCaseExecutor.java:410)
	at com.kms.katalon.core.main.TestCaseExecutor.execute(TestCaseExecutor.java:285)
	at com.kms.katalon.core.common.CommonExecutor.accessTestCaseMainPhase(CommonExecutor.java:65)
	at com.kms.katalon.core.main.TestSuiteExecutor.accessTestSuiteMainPhase(TestSuiteExecutor.java:161)
	at com.kms.katalon.core.main.TestSuiteExecutor.execute(TestSuiteExecutor.java:107)
	at com.kms.katalon.core.main.TestCaseMain.startTestSuite(TestCaseMain.java:176)
	at TempTestSuite1735878642439.run(TempTestSuite1735878642439.groovy:35)
	at java.base/jdk.internal.reflect.NativeMethodAccessorImpl.invoke0(Native Method)
	at java.base/jdk.internal.reflect.NativeMethodAccessorImpl.invoke(NativeMethodAccessorImpl.java:77)
	at java.base/jdk.internal.reflect.DelegatingMethodAccessorImpl.invoke(DelegatingMethodAccessorImpl.java:43)
Caused by: com.kms.katalon.core.exception.StepFailedException: Unable to click on object 'Object Repository/Master Data/Admin Sekolah/Tambah Tagihan/Klik Tahun Ajaran'
	at com.kms.katalon.core.webui.keyword.internal.WebUIKeywordMain.stepFailed(WebUIKeywordMain.groovy:117)
	at com.kms.katalon.core.webui.keyword.internal.WebUIKeywordMain.runKeyword(WebUIKeywordMain.groovy:43)
	at com.kms.katalon.core.webui.keyword.builtin.ClickKeyword.click(ClickKeyword.groovy:75)
	at com.kms.katalon.core.webui.keyword.builtin.ClickKeyword.execute(ClickKeyword.groovy:40)
	at com.kms.katalon.core.keyword.internal.KeywordExecutor.executeKeywordForPlatform(KeywordExecutor.groovy:74)
	at com.kms.katalon.core.webui.keyword.WebUiBuiltInKeywords.click(WebUiBuiltInKeywords.groovy:696)
	at Tambah Tagihan.run(Tambah Tagihan:45)
	at com.kms.katalon.core.main.ScriptEngine.run(ScriptEngine.java:194)
	at com.kms.katalon.core.main.ScriptEngine.runScriptAsRawText(ScriptEngine.java:119)
	at com.kms.katalon.core.main.TestCaseExecutor.runScript(TestCaseExecutor.java:448)
	at com.kms.katalon.core.main.TestCaseExecutor.doExecute(TestCaseExecutor.java:439)
	at com.kms.katalon.core.main.TestCaseExecutor.processExecutionPhase(TestCaseExecutor.java:418)
	at com.kms.katalon.core.main.TestCaseExecutor.accessMainPhase(TestCaseExecutor.java:410)
	at com.kms.katalon.core.main.TestCaseExecutor.execute(TestCaseExecutor.java:285)
	at com.kms.katalon.core.main.TestCaseMain.runTestCase(TestCaseMain.java:133)
	at com.kms.katalon.core.keyword.builtin.CallTestCaseKeyword$_callTestCase_closure1.doCall(CallTestCaseKeyword.groovy:59)
	... 24 more
Caused by: com.kms.katalon.core.webui.exception.WebElementNotFoundException: Web element with id: 'Object Repository/Master Data/Admin Sekolah/Tambah Tagihan/Klik Tahun Ajaran' located by '//*[@data-testid = 'select-field' and (text() = 'Pilih tahun ajaran' or . = 'Pilih tahun ajaran')]' not found
	at com.kms.katalon.core.webui.common.WebUiCommonHelper.findWebElement(WebUiCommonHelper.java:1426)
	at com.kms.katalon.core.webui.keyword.internal.WebUIAbstractKeyword.findWebElement(WebUIAbstractKeyword.groovy:27)
	at com.kms.katalon.core.webui.keyword.builtin.ClickKeyword$_click_closure1.doCall(ClickKeyword.groovy:66)
	at com.kms.katalon.core.webui.keyword.builtin.ClickKeyword$_click_closure1.call(ClickKeyword.groovy)
	at com.kms.katalon.core.webui.keyword.internal.WebUIKeywordMain.runKeyword(WebUIKeywordMain.groovy:35)
	... 38 more
)

03-01-2025T11:41:20 - [TEST_CASE][FAILED] - Test Cases/Master Data/Admin Sekolah/Master Data Tagihan/Tambah Tagihan: Test Cases/Master Data/Admin Sekolah/Master Data Tagihan/Tambah Tagihan FAILED.
Reason:
com.kms.katalon.core.exception.StepFailedException: Unable to click on object 'Object Repository/Master Data/Admin Sekolah/Tambah Tagihan/Klik Tahun Ajaran'
	at com.kms.katalon.core.webui.keyword.internal.WebUIKeywordMain.stepFailed(WebUIKeywordMain.groovy:117)
	at com.kms.katalon.core.webui.keyword.internal.WebUIKeywordMain.runKeyword(WebUIKeywordMain.groovy:43)
	at com.kms.katalon.core.webui.keyword.builtin.ClickKeyword.click(ClickKeyword.groovy:75)
	at com.kms.katalon.core.webui.keyword.builtin.ClickKeyword.execute(ClickKeyword.groovy:40)
	at com.kms.katalon.core.keyword.internal.KeywordExecutor.executeKeywordForPlatform(KeywordExecutor.groovy:74)
	at com.kms.katalon.core.webui.keyword.WebUiBuiltInKeywords.click(WebUiBuiltInKeywords.groovy:696)
	at Tambah Tagihan.run(Tambah Tagihan:45)
	at com.kms.katalon.core.main.ScriptEngine.run(ScriptEngine.java:194)
	at com.kms.katalon.core.main.ScriptEngine.runScriptAsRawText(ScriptEngine.java:119)
	at com.kms.katalon.core.main.TestCaseExecutor.runScript(TestCaseExecutor.java:448)
	at com.kms.katalon.core.main.TestCaseExecutor.doExecute(TestCaseExecutor.java:439)
	at com.kms.katalon.core.main.TestCaseExecutor.processExecutionPhase(TestCaseExecutor.java:418)
	at com.kms.katalon.core.main.TestCaseExecutor.accessMainPhase(TestCaseExecutor.java:410)
	at com.kms.katalon.core.main.TestCaseExecutor.execute(TestCaseExecutor.java:285)
	at com.kms.katalon.core.main.TestCaseMain.runTestCase(TestCaseMain.java:133)
	at com.kms.katalon.core.keyword.builtin.CallTestCaseKeyword$_callTestCase_closure1.doCall(CallTestCaseKeyword.groovy:59)
	at com.kms.katalon.core.keyword.builtin.CallTestCaseKeyword$_callTestCase_closure1.call(CallTestCaseKeyword.groovy)
	at com.kms.katalon.core.keyword.internal.KeywordMain.runKeyword(KeywordMain.groovy:75)
	at com.kms.katalon.core.keyword.builtin.CallTestCaseKeyword.callTestCase(CallTestCaseKeyword.groovy:81)
	at com.kms.katalon.core.keyword.builtin.CallTestCaseKeyword.execute(CallTestCaseKeyword.groovy:44)
	at com.kms.katalon.core.keyword.internal.KeywordExecutor.executeKeywordForPlatform(KeywordExecutor.groovy:74)
	at com.kms.katalon.core.keyword.BuiltinKeywords.callTestCase(BuiltinKeywords.groovy:310)
	at jdk.internal.reflect.GeneratedMethodAccessor48.invoke(Unknown Source)
	at java.base/jdk.internal.reflect.DelegatingMethodAccessorImpl.invoke(DelegatingMethodAccessorImpl.java:43)
	at Regresi Tagihan.run(Regresi Tagihan:30)
	at com.kms.katalon.core.main.ScriptEngine.run(ScriptEngine.java:194)
	at com.kms.katalon.core.main.ScriptEngine.runScriptAsRawText(ScriptEngine.java:119)
	at com.kms.katalon.core.main.TestCaseExecutor.runScript(TestCaseExecutor.java:448)
	at com.kms.katalon.core.main.TestCaseExecutor.doExecute(TestCaseExecutor.java:439)
	at com.kms.katalon.core.main.TestCaseExecutor.processExecutionPhase(TestCaseExecutor.java:418)
	at com.kms.katalon.core.main.TestCaseExecutor.accessMainPhase(TestCaseExecutor.java:410)
	at com.kms.katalon.core.main.TestCaseExecutor.execute(TestCaseExecutor.java:285)
	at com.kms.katalon.core.common.CommonExecutor.accessTestCaseMainPhase(CommonExecutor.java:65)
	at com.kms.katalon.core.main.TestSuiteExecutor.accessTestSuiteMainPhase(TestSuiteExecutor.java:161)
	at com.kms.katalon.core.main.TestSuiteExecutor.execute(TestSuiteExecutor.java:107)
	at com.kms.katalon.core.main.TestCaseMain.startTestSuite(TestCaseMain.java:176)
	at TempTestSuite1735878642439.run(TempTestSuite1735878642439.groovy:35)
	at java.base/jdk.internal.reflect.NativeMethodAccessorImpl.invoke0(Native Method)
	at java.base/jdk.internal.reflect.NativeMethodAccessorImpl.invoke(NativeMethodAccessorImpl.java:77)
	at java.base/jdk.internal.reflect.DelegatingMethodAccessorImpl.invoke(DelegatingMethodAccessorImpl.java:43)
Caused by: com.kms.katalon.core.webui.exception.WebElementNotFoundException: Web element with id: 'Object Repository/Master Data/Admin Sekolah/Tambah Tagihan/Klik Tahun Ajaran' located by '//*[@data-testid = 'select-field' and (text() = 'Pilih tahun ajaran' or . = 'Pilih tahun ajaran')]' not found
	at com.kms.katalon.core.webui.common.WebUiCommonHelper.findWebElement(WebUiCommonHelper.java:1426)
	at com.kms.katalon.core.webui.keyword.internal.WebUIAbstractKeyword.findWebElement(WebUIAbstractKeyword.groovy:27)
	at com.kms.katalon.core.webui.keyword.builtin.ClickKeyword$_click_closure1.doCall(ClickKeyword.groovy:66)
	at com.kms.katalon.core.webui.keyword.builtin.ClickKeyword$_click_closure1.call(ClickKeyword.groovy)
	at com.kms.katalon.core.webui.keyword.internal.WebUIKeywordMain.runKeyword(WebUIKeywordMain.groovy:35)
	... 38 more


03-01-2025T11:41:20 - [TEST_STEP][PASSED] - openBrowser("", CONTINUE_ON_FAILURE): Browser is opened with url: ''

03-01-2025T11:41:20 - [MESSAGE][WARNING] - A browser is already opened. Closing browser and opening a new one

03-01-2025T11:41:20 - [MESSAGE][INFO] - Starting 'Chrome' driver

03-01-2025T11:41:20 - [MESSAGE][INFO] - Action delay is set to 0 milliseconds

03-01-2025T11:41:21 - [MESSAGE][PASSED] - Browser is opened with url: ''

03-01-2025T11:41:21 - [TEST_STEP][PASSED] - navigateToUrl("https://sit.siprusedu.com/login", CONTINUE_ON_FAILURE): Navigate to 'https://sit.siprusedu.com/login' successfully

03-01-2025T11:41:22 - [MESSAGE][PASSED] - Navigate to 'https://sit.siprusedu.com/login' successfully

03-01-2025T11:41:22 - [TEST_STEP][PASSED] - setText(findTestObject("Master Data/Admin Sekolah/Login/Field Email"), "admin.gudangsolusi@digiform.co.id", CONTINUE_ON_FAILURE): Text 'admin.gudangsolusi@digiform.co.id' is set on object 'Object Repository/Master Data/Admin Sekolah/Login/Field Email'

03-01-2025T11:41:24 - [MESSAGE][PASSED] - Text 'admin.gudangsolusi@digiform.co.id' is set on object 'Object Repository/Master Data/Admin Sekolah/Login/Field Email'

03-01-2025T11:41:24 - [TEST_STEP][PASSED] - setText(findTestObject("Master Data/Admin Sekolah/Login/Input Password"), "Test1234", CONTINUE_ON_FAILURE): Text 'Test1234' is set on object 'Object Repository/Master Data/Admin Sekolah/Login/Input Password'

03-01-2025T11:41:24 - [MESSAGE][PASSED] - Text 'Test1234' is set on object 'Object Repository/Master Data/Admin Sekolah/Login/Input Password'

03-01-2025T11:41:24 - [TEST_STEP][PASSED] - click(findTestObject("Master Data/Admin Sekolah/Login/Button Submit"), CONTINUE_ON_FAILURE): Object: 'Object Repository/Master Data/Admin Sekolah/Login/Button Submit' is clicked on

03-01-2025T11:41:24 - [MESSAGE][PASSED] - Object: 'Object Repository/Master Data/Admin Sekolah/Login/Button Submit' is clicked on

03-01-2025T11:41:24 - [TEST_STEP][PASSED] - click(findTestObject("Master Data/Admin Sekolah/Tambah Tagihan/Menu Master Data"), CONTINUE_ON_FAILURE): Object: 'Object Repository/Master Data/Admin Sekolah/Tambah Tagihan/Menu Master Data' is clicked on

03-01-2025T11:41:26 - [MESSAGE][PASSED] - Object: 'Object Repository/Master Data/Admin Sekolah/Tambah Tagihan/Menu Master Data' is clicked on

03-01-2025T11:41:26 - [TEST_STEP][PASSED] - click(findTestObject("Master Data/Admin Sekolah/Tambah Tagihan/Menu Tagihan"), CONTINUE_ON_FAILURE): Object: 'Object Repository/Master Data/Admin Sekolah/Tambah Tagihan/Menu Tagihan' is clicked on

03-01-2025T11:41:27 - [MESSAGE][PASSED] - Object: 'Object Repository/Master Data/Admin Sekolah/Tambah Tagihan/Menu Tagihan' is clicked on

03-01-2025T11:41:27 - [TEST_STEP][PASSED] - click(findTestObject("Master Data/Admin Sekolah/Tambah Tagihan/Button Tambah"), CONTINUE_ON_FAILURE): Object: 'Object Repository/Master Data/Admin Sekolah/Tambah Tagihan/Button Tambah' is clicked on

03-01-2025T11:41:27 - [MESSAGE][PASSED] - Object: 'Object Repository/Master Data/Admin Sekolah/Tambah Tagihan/Button Tambah' is clicked on

03-01-2025T11:41:27 - [TEST_STEP][PASSED] - setText(findTestObject("Master Data/Admin Sekolah/Tambah Tagihan/Input Nama Tagihan"), "KATALONZ", CONTINUE_ON_FAILURE): Text 'KATALONZ' is set on object 'Object Repository/Master Data/Admin Sekolah/Tambah Tagihan/Input Nama Tagihan'

03-01-2025T11:41:28 - [MESSAGE][PASSED] - Text 'KATALONZ' is set on object 'Object Repository/Master Data/Admin Sekolah/Tambah Tagihan/Input Nama Tagihan'

03-01-2025T11:41:28 - [TEST_STEP][PASSED] - click(findTestObject("Master Data/Admin Sekolah/Tambah Tagihan/Select Tipe Tagihan"), CONTINUE_ON_FAILURE): Object: 'Object Repository/Master Data/Admin Sekolah/Tambah Tagihan/Select Tipe Tagihan' is clicked on

03-01-2025T11:41:29 - [MESSAGE][PASSED] - Object: 'Object Repository/Master Data/Admin Sekolah/Tambah Tagihan/Select Tipe Tagihan' is clicked on

03-01-2025T11:41:29 - [TEST_STEP][PASSED] - click(findTestObject("Master Data/Admin Sekolah/Tambah Tagihan/Tagihan Regular"), CONTINUE_ON_FAILURE): Object: 'Object Repository/Master Data/Admin Sekolah/Tambah Tagihan/Tagihan Regular' is clicked on

03-01-2025T11:41:29 - [MESSAGE][PASSED] - Object: 'Object Repository/Master Data/Admin Sekolah/Tambah Tagihan/Tagihan Regular' is clicked on

03-01-2025T11:41:29 - [TEST_STEP][FAILED] - click(findTestObject("Master Data/Admin Sekolah/Tambah Tagihan/Klik Tahun Ajaran")): Unable to click on object 'Object Repository/Master Data/Admin Sekolah/Tambah Tagihan/Klik Tahun Ajaran' (Root cause: com.kms.katalon.core.exception.StepFailedException: Unable to click on object 'Object Repository/Master Data/Admin Sekolah/Tambah Tagihan/Klik Tahun Ajaran'
	at com.kms.katalon.core.webui.keyword.internal.WebUIKeywordMain.stepFailed(WebUIKeywordMain.groovy:117)
	at com.kms.katalon.core.webui.keyword.internal.WebUIKeywordMain.runKeyword(WebUIKeywordMain.groovy:43)
	at com.kms.katalon.core.webui.keyword.builtin.ClickKeyword.click(ClickKeyword.groovy:75)
	at com.kms.katalon.core.webui.keyword.builtin.ClickKeyword.execute(ClickKeyword.groovy:40)
	at com.kms.katalon.core.keyword.internal.KeywordExecutor.executeKeywordForPlatform(KeywordExecutor.groovy:74)
	at com.kms.katalon.core.webui.keyword.WebUiBuiltInKeywords.click(WebUiBuiltInKeywords.groovy:696)
	at Tambah Tagihan.run(Tambah Tagihan:45)
	at com.kms.katalon.core.main.ScriptEngine.run(ScriptEngine.java:194)
	at com.kms.katalon.core.main.ScriptEngine.runScriptAsRawText(ScriptEngine.java:119)
	at com.kms.katalon.core.main.TestCaseExecutor.runScript(TestCaseExecutor.java:448)
	at com.kms.katalon.core.main.TestCaseExecutor.doExecute(TestCaseExecutor.java:439)
	at com.kms.katalon.core.main.TestCaseExecutor.processExecutionPhase(TestCaseExecutor.java:418)
	at com.kms.katalon.core.main.TestCaseExecutor.accessMainPhase(TestCaseExecutor.java:410)
	at com.kms.katalon.core.main.TestCaseExecutor.execute(TestCaseExecutor.java:285)
	at com.kms.katalon.core.main.TestCaseMain.runTestCase(TestCaseMain.java:133)
	at com.kms.katalon.core.keyword.builtin.CallTestCaseKeyword$_callTestCase_closure1.doCall(CallTestCaseKeyword.groovy:59)
	at com.kms.katalon.core.keyword.builtin.CallTestCaseKeyword$_callTestCase_closure1.call(CallTestCaseKeyword.groovy)
	at com.kms.katalon.core.keyword.internal.KeywordMain.runKeyword(KeywordMain.groovy:75)
	at com.kms.katalon.core.keyword.builtin.CallTestCaseKeyword.callTestCase(CallTestCaseKeyword.groovy:81)
	at com.kms.katalon.core.keyword.builtin.CallTestCaseKeyword.execute(CallTestCaseKeyword.groovy:44)
	at com.kms.katalon.core.keyword.internal.KeywordExecutor.executeKeywordForPlatform(KeywordExecutor.groovy:74)
	at com.kms.katalon.core.keyword.BuiltinKeywords.callTestCase(BuiltinKeywords.groovy:310)
	at jdk.internal.reflect.GeneratedMethodAccessor48.invoke(Unknown Source)
	at java.base/jdk.internal.reflect.DelegatingMethodAccessorImpl.invoke(DelegatingMethodAccessorImpl.java:43)
	at Regresi Tagihan.run(Regresi Tagihan:30)
	at com.kms.katalon.core.main.ScriptEngine.run(ScriptEngine.java:194)
	at com.kms.katalon.core.main.ScriptEngine.runScriptAsRawText(ScriptEngine.java:119)
	at com.kms.katalon.core.main.TestCaseExecutor.runScript(TestCaseExecutor.java:448)
	at com.kms.katalon.core.main.TestCaseExecutor.doExecute(TestCaseExecutor.java:439)
	at com.kms.katalon.core.main.TestCaseExecutor.processExecutionPhase(TestCaseExecutor.java:418)
	at com.kms.katalon.core.main.TestCaseExecutor.accessMainPhase(TestCaseExecutor.java:410)
	at com.kms.katalon.core.main.TestCaseExecutor.execute(TestCaseExecutor.java:285)
	at com.kms.katalon.core.common.CommonExecutor.accessTestCaseMainPhase(CommonExecutor.java:65)
	at com.kms.katalon.core.main.TestSuiteExecutor.accessTestSuiteMainPhase(TestSuiteExecutor.java:161)
	at com.kms.katalon.core.main.TestSuiteExecutor.execute(TestSuiteExecutor.java:107)
	at com.kms.katalon.core.main.TestCaseMain.startTestSuite(TestCaseMain.java:176)
	at TempTestSuite1735878642439.run(TempTestSuite1735878642439.groovy:35)
	at java.base/jdk.internal.reflect.NativeMethodAccessorImpl.invoke0(Native Method)
	at java.base/jdk.internal.reflect.NativeMethodAccessorImpl.invoke(NativeMethodAccessorImpl.java:77)
	at java.base/jdk.internal.reflect.DelegatingMethodAccessorImpl.invoke(DelegatingMethodAccessorImpl.java:43)
Caused by: com.kms.katalon.core.webui.exception.WebElementNotFoundException: Web element with id: 'Object Repository/Master Data/Admin Sekolah/Tambah Tagihan/Klik Tahun Ajaran' located by '//*[@data-testid = 'select-field' and (text() = 'Pilih tahun ajaran' or . = 'Pilih tahun ajaran')]' not found
	at com.kms.katalon.core.webui.common.WebUiCommonHelper.findWebElement(WebUiCommonHelper.java:1426)
	at com.kms.katalon.core.webui.keyword.internal.WebUIAbstractKeyword.findWebElement(WebUIAbstractKeyword.groovy:27)
	at com.kms.katalon.core.webui.keyword.builtin.ClickKeyword$_click_closure1.doCall(ClickKeyword.groovy:66)
	at com.kms.katalon.core.webui.keyword.builtin.ClickKeyword$_click_closure1.call(ClickKeyword.groovy)
	at com.kms.katalon.core.webui.keyword.internal.WebUIKeywordMain.runKeyword(WebUIKeywordMain.groovy:35)
	at com.kms.katalon.core.webui.keyword.builtin.ClickKeyword.click(ClickKeyword.groovy:75)
	at com.kms.katalon.core.webui.keyword.builtin.ClickKeyword.execute(ClickKeyword.groovy:40)
	at com.kms.katalon.core.keyword.internal.KeywordExecutor.executeKeywordForPlatform(KeywordExecutor.groovy:74)
	at com.kms.katalon.core.webui.keyword.WebUiBuiltInKeywords.click(WebUiBuiltInKeywords.groovy:696)
	at Script1731464238981.run(Script1731464238981.groovy:45)
	at com.kms.katalon.core.main.ScriptEngine.run(ScriptEngine.java:194)
	at com.kms.katalon.core.main.ScriptEngine.runScriptAsRawText(ScriptEngine.java:119)
	at com.kms.katalon.core.main.TestCaseExecutor.runScript(TestCaseExecutor.java:448)
	at com.kms.katalon.core.main.TestCaseExecutor.doExecute(TestCaseExecutor.java:439)
	at com.kms.katalon.core.main.TestCaseExecutor.processExecutionPhase(TestCaseExecutor.java:418)
	at com.kms.katalon.core.main.TestCaseExecutor.accessMainPhase(TestCaseExecutor.java:410)
	at com.kms.katalon.core.main.TestCaseExecutor.execute(TestCaseExecutor.java:285)
	at com.kms.katalon.core.main.TestCaseMain.runTestCase(TestCaseMain.java:133)
	at com.kms.katalon.core.keyword.builtin.CallTestCaseKeyword$_callTestCase_closure1.doCall(CallTestCaseKeyword.groovy:59)
	at com.kms.katalon.core.keyword.builtin.CallTestCaseKeyword$_callTestCase_closure1.call(CallTestCaseKeyword.groovy)
	at com.kms.katalon.core.keyword.internal.KeywordMain.runKeyword(KeywordMain.groovy:75)
	at com.kms.katalon.core.keyword.builtin.CallTestCaseKeyword.callTestCase(CallTestCaseKeyword.groovy:81)
	at com.kms.katalon.core.keyword.builtin.CallTestCaseKeyword.execute(CallTestCaseKeyword.groovy:44)
	at com.kms.katalon.core.keyword.internal.KeywordExecutor.executeKeywordForPlatform(KeywordExecutor.groovy:74)
	at com.kms.katalon.core.keyword.BuiltinKeywords.callTestCase(BuiltinKeywords.groovy:310)
	at jdk.internal.reflect.GeneratedMethodAccessor48.invoke(Unknown Source)
	at java.base/jdk.internal.reflect.DelegatingMethodAccessorImpl.invoke(DelegatingMethodAccessorImpl.java:43)
	at Script1735746434271.run(Script1735746434271.groovy:30)
	... 15 more
)

03-01-2025T11:42:00 - [MESSAGE][INFO] - Unable to find the element located by 'By.xpath: //*[@data-testid = 'select-field' and (text() = 'Pilih tahun ajaran' or . = 'Pilih tahun ajaran')]'. Please recheck the objects properties to make sure the desired element is located. 

03-01-2025T11:42:00 - [MESSAGE][WARNING] - [SELF-HEALING] Failed to find element with id 'Object Repository/Master Data/Admin Sekolah/Tambah Tagihan/Klik Tahun Ajaran'. Try using Self-healing.

03-01-2025T11:42:01 - [MESSAGE][WARNING] - [SELF-HEALING] invalid selector
from javascript error: {"status":32,"value":"Unable to locate an element with the xpath expression  because of the following error:\nSyntaxError: Failed to execute 'evaluate' on 'Document': The string '' is not a valid XPath expression."}
  (Session info: chrome=131.0.6778.205)
For documentation on this error, please visit: https://www.selenium.dev/documentation/webdriver/troubleshooting/errors#invalid-selector-exception
Build info: version: '4.22.0', revision: 'c5f3146703'
System info: os.name: 'Windows 11', os.arch: 'amd64', os.version: '10.0', java.version: '17.0.7'
Driver info: com.kms.katalon.selenium.driver.CChromeDriver
Command: [3d6e8d50cca6c06aed370ad9eb8fc913, findElements {value=, using=xpath}]
Capabilities {acceptInsecureCerts: false, browserName: chrome, browserVersion: 131.0.6778.205, chrome: {chromedriverVersion: 130.0.6723.58 (3a50e012e4c9..., userDataDir: C:\Users\henri\AppData\Loca...}, fedcm:accounts: true, goog:chromeOptions: {debuggerAddress: localhost:64232}, networkConnectionEnabled: false, pageLoadStrategy: normal, platformName: windows, proxy: Proxy(), se:cdp: ws://localhost:64232/devtoo..., se:cdpVersion: 131.0.6778.205, setWindowRect: true, strictFileInteractability: false, timeouts: {implicit: 0, pageLoad: 300000, script: 30000}, unhandledPromptBehavior: ignore, webSocketUrl: ws://localhost:26476/sessio..., webauthn:extension:credBlob: true, webauthn:extension:largeBlob: true, webauthn:extension:minPinLength: true, webauthn:extension:prf: true, webauthn:virtualAuthenticators: true}
Session ID: 3d6e8d50cca6c06aed370ad9eb8fc913

03-01-2025T11:42:02 - [MESSAGE][WARNING] - [SELF-HEALING] Cannot find elements when the selector is null

03-01-2025T11:42:02 - [MESSAGE][FAILED] - Unable to click on object 'Object Repository/Master Data/Admin Sekolah/Tambah Tagihan/Klik Tahun Ajaran' (Root cause: com.kms.katalon.core.exception.StepFailedException: Unable to click on object 'Object Repository/Master Data/Admin Sekolah/Tambah Tagihan/Klik Tahun Ajaran'
	at com.kms.katalon.core.webui.keyword.internal.WebUIKeywordMain.stepFailed(WebUIKeywordMain.groovy:117)
	at com.kms.katalon.core.webui.keyword.internal.WebUIKeywordMain.runKeyword(WebUIKeywordMain.groovy:43)
	at com.kms.katalon.core.webui.keyword.builtin.ClickKeyword.click(ClickKeyword.groovy:75)
	at com.kms.katalon.core.webui.keyword.builtin.ClickKeyword.execute(ClickKeyword.groovy:40)
	at com.kms.katalon.core.keyword.internal.KeywordExecutor.executeKeywordForPlatform(KeywordExecutor.groovy:74)
	at com.kms.katalon.core.webui.keyword.WebUiBuiltInKeywords.click(WebUiBuiltInKeywords.groovy:696)
	at Tambah Tagihan.run(Tambah Tagihan:45)
	at com.kms.katalon.core.main.ScriptEngine.run(ScriptEngine.java:194)
	at com.kms.katalon.core.main.ScriptEngine.runScriptAsRawText(ScriptEngine.java:119)
	at com.kms.katalon.core.main.TestCaseExecutor.runScript(TestCaseExecutor.java:448)
	at com.kms.katalon.core.main.TestCaseExecutor.doExecute(TestCaseExecutor.java:439)
	at com.kms.katalon.core.main.TestCaseExecutor.processExecutionPhase(TestCaseExecutor.java:418)
	at com.kms.katalon.core.main.TestCaseExecutor.accessMainPhase(TestCaseExecutor.java:410)
	at com.kms.katalon.core.main.TestCaseExecutor.execute(TestCaseExecutor.java:285)
	at com.kms.katalon.core.main.TestCaseMain.runTestCase(TestCaseMain.java:133)
	at com.kms.katalon.core.keyword.builtin.CallTestCaseKeyword$_callTestCase_closure1.doCall(CallTestCaseKeyword.groovy:59)
	at com.kms.katalon.core.keyword.builtin.CallTestCaseKeyword$_callTestCase_closure1.call(CallTestCaseKeyword.groovy)
	at com.kms.katalon.core.keyword.internal.KeywordMain.runKeyword(KeywordMain.groovy:75)
	at com.kms.katalon.core.keyword.builtin.CallTestCaseKeyword.callTestCase(CallTestCaseKeyword.groovy:81)
	at com.kms.katalon.core.keyword.builtin.CallTestCaseKeyword.execute(CallTestCaseKeyword.groovy:44)
	at com.kms.katalon.core.keyword.internal.KeywordExecutor.executeKeywordForPlatform(KeywordExecutor.groovy:74)
	at com.kms.katalon.core.keyword.BuiltinKeywords.callTestCase(BuiltinKeywords.groovy:310)
	at jdk.internal.reflect.GeneratedMethodAccessor48.invoke(Unknown Source)
	at java.base/jdk.internal.reflect.DelegatingMethodAccessorImpl.invoke(DelegatingMethodAccessorImpl.java:43)
	at Regresi Tagihan.run(Regresi Tagihan:30)
	at com.kms.katalon.core.main.ScriptEngine.run(ScriptEngine.java:194)
	at com.kms.katalon.core.main.ScriptEngine.runScriptAsRawText(ScriptEngine.java:119)
	at com.kms.katalon.core.main.TestCaseExecutor.runScript(TestCaseExecutor.java:448)
	at com.kms.katalon.core.main.TestCaseExecutor.doExecute(TestCaseExecutor.java:439)
	at com.kms.katalon.core.main.TestCaseExecutor.processExecutionPhase(TestCaseExecutor.java:418)
	at com.kms.katalon.core.main.TestCaseExecutor.accessMainPhase(TestCaseExecutor.java:410)
	at com.kms.katalon.core.main.TestCaseExecutor.execute(TestCaseExecutor.java:285)
	at com.kms.katalon.core.common.CommonExecutor.accessTestCaseMainPhase(CommonExecutor.java:65)
	at com.kms.katalon.core.main.TestSuiteExecutor.accessTestSuiteMainPhase(TestSuiteExecutor.java:161)
	at com.kms.katalon.core.main.TestSuiteExecutor.execute(TestSuiteExecutor.java:107)
	at com.kms.katalon.core.main.TestCaseMain.startTestSuite(TestCaseMain.java:176)
	at TempTestSuite1735878642439.run(TempTestSuite1735878642439.groovy:35)
	at java.base/jdk.internal.reflect.NativeMethodAccessorImpl.invoke0(Native Method)
	at java.base/jdk.internal.reflect.NativeMethodAccessorImpl.invoke(NativeMethodAccessorImpl.java:77)
	at java.base/jdk.internal.reflect.DelegatingMethodAccessorImpl.invoke(DelegatingMethodAccessorImpl.java:43)
Caused by: com.kms.katalon.core.webui.exception.WebElementNotFoundException: Web element with id: 'Object Repository/Master Data/Admin Sekolah/Tambah Tagihan/Klik Tahun Ajaran' located by '//*[@data-testid = 'select-field' and (text() = 'Pilih tahun ajaran' or . = 'Pilih tahun ajaran')]' not found
	at com.kms.katalon.core.webui.common.WebUiCommonHelper.findWebElement(WebUiCommonHelper.java:1426)
	at com.kms.katalon.core.webui.keyword.internal.WebUIAbstractKeyword.findWebElement(WebUIAbstractKeyword.groovy:27)
	at com.kms.katalon.core.webui.keyword.builtin.ClickKeyword$_click_closure1.doCall(ClickKeyword.groovy:66)
	at com.kms.katalon.core.webui.keyword.builtin.ClickKeyword$_click_closure1.call(ClickKeyword.groovy)
	at com.kms.katalon.core.webui.keyword.internal.WebUIKeywordMain.runKeyword(WebUIKeywordMain.groovy:35)
	at com.kms.katalon.core.webui.keyword.builtin.ClickKeyword.click(ClickKeyword.groovy:75)
	at com.kms.katalon.core.webui.keyword.builtin.ClickKeyword.execute(ClickKeyword.groovy:40)
	at com.kms.katalon.core.keyword.internal.KeywordExecutor.executeKeywordForPlatform(KeywordExecutor.groovy:74)
	at com.kms.katalon.core.webui.keyword.WebUiBuiltInKeywords.click(WebUiBuiltInKeywords.groovy:696)
	at Script1731464238981.run(Script1731464238981.groovy:45)
	at com.kms.katalon.core.main.ScriptEngine.run(ScriptEngine.java:194)
	at com.kms.katalon.core.main.ScriptEngine.runScriptAsRawText(ScriptEngine.java:119)
	at com.kms.katalon.core.main.TestCaseExecutor.runScript(TestCaseExecutor.java:448)
	at com.kms.katalon.core.main.TestCaseExecutor.doExecute(TestCaseExecutor.java:439)
	at com.kms.katalon.core.main.TestCaseExecutor.processExecutionPhase(TestCaseExecutor.java:418)
	at com.kms.katalon.core.main.TestCaseExecutor.accessMainPhase(TestCaseExecutor.java:410)
	at com.kms.katalon.core.main.TestCaseExecutor.execute(TestCaseExecutor.java:285)
	at com.kms.katalon.core.main.TestCaseMain.runTestCase(TestCaseMain.java:133)
	at com.kms.katalon.core.keyword.builtin.CallTestCaseKeyword$_callTestCase_closure1.doCall(CallTestCaseKeyword.groovy:59)
	at com.kms.katalon.core.keyword.builtin.CallTestCaseKeyword$_callTestCase_closure1.call(CallTestCaseKeyword.groovy)
	at com.kms.katalon.core.keyword.internal.KeywordMain.runKeyword(KeywordMain.groovy:75)
	at com.kms.katalon.core.keyword.builtin.CallTestCaseKeyword.callTestCase(CallTestCaseKeyword.groovy:81)
	at com.kms.katalon.core.keyword.builtin.CallTestCaseKeyword.execute(CallTestCaseKeyword.groovy:44)
	at com.kms.katalon.core.keyword.internal.KeywordExecutor.executeKeywordForPlatform(KeywordExecutor.groovy:74)
	at com.kms.katalon.core.keyword.BuiltinKeywords.callTestCase(BuiltinKeywords.groovy:310)
	at jdk.internal.reflect.GeneratedMethodAccessor48.invoke(Unknown Source)
	at java.base/jdk.internal.reflect.DelegatingMethodAccessorImpl.invoke(DelegatingMethodAccessorImpl.java:43)
	at Script1735746434271.run(Script1735746434271.groovy:30)
	... 15 more
)
[[ATTACHMENT|C:\\Users\\henri\\Videos\\school-payment-automation-testing\\Reports\\20250103_113042\\SPRINT 1\\20250103_113042\\1735879322175.png]]

03-01-2025T11:42:02 - [MESSAGE][FAILED] - Unable to call Test Case 'Test Cases/Master Data/Admin Sekolah/Master Data Tagihan/Tambah Tagihan' (Root cause: com.kms.katalon.core.exception.StepFailedException: Call Test Case 'Test Cases/Master Data/Admin Sekolah/Master Data Tagihan/Tambah Tagihan' failed
	at com.kms.katalon.core.keyword.builtin.CallTestCaseKeyword$_callTestCase_closure1.doCall(CallTestCaseKeyword.groovy:63)
	at com.kms.katalon.core.keyword.builtin.CallTestCaseKeyword$_callTestCase_closure1.call(CallTestCaseKeyword.groovy)
	at com.kms.katalon.core.keyword.internal.KeywordMain.runKeyword(KeywordMain.groovy:75)
	at com.kms.katalon.core.keyword.builtin.CallTestCaseKeyword.callTestCase(CallTestCaseKeyword.groovy:81)
	at com.kms.katalon.core.keyword.builtin.CallTestCaseKeyword.execute(CallTestCaseKeyword.groovy:44)
	at com.kms.katalon.core.keyword.internal.KeywordExecutor.executeKeywordForPlatform(KeywordExecutor.groovy:74)
	at com.kms.katalon.core.keyword.BuiltinKeywords.callTestCase(BuiltinKeywords.groovy:310)
	at jdk.internal.reflect.GeneratedMethodAccessor48.invoke(Unknown Source)
	at java.base/jdk.internal.reflect.DelegatingMethodAccessorImpl.invoke(DelegatingMethodAccessorImpl.java:43)
	at Regresi Tagihan.run(Regresi Tagihan:30)
	at com.kms.katalon.core.main.ScriptEngine.run(ScriptEngine.java:194)
	at com.kms.katalon.core.main.ScriptEngine.runScriptAsRawText(ScriptEngine.java:119)
	at com.kms.katalon.core.main.TestCaseExecutor.runScript(TestCaseExecutor.java:448)
	at com.kms.katalon.core.main.TestCaseExecutor.doExecute(TestCaseExecutor.java:439)
	at com.kms.katalon.core.main.TestCaseExecutor.processExecutionPhase(TestCaseExecutor.java:418)
	at com.kms.katalon.core.main.TestCaseExecutor.accessMainPhase(TestCaseExecutor.java:410)
	at com.kms.katalon.core.main.TestCaseExecutor.execute(TestCaseExecutor.java:285)
	at com.kms.katalon.core.common.CommonExecutor.accessTestCaseMainPhase(CommonExecutor.java:65)
	at com.kms.katalon.core.main.TestSuiteExecutor.accessTestSuiteMainPhase(TestSuiteExecutor.java:161)
	at com.kms.katalon.core.main.TestSuiteExecutor.execute(TestSuiteExecutor.java:107)
	at com.kms.katalon.core.main.TestCaseMain.startTestSuite(TestCaseMain.java:176)
	at TempTestSuite1735878642439.run(TempTestSuite1735878642439.groovy:35)
	at java.base/jdk.internal.reflect.NativeMethodAccessorImpl.invoke0(Native Method)
	at java.base/jdk.internal.reflect.NativeMethodAccessorImpl.invoke(NativeMethodAccessorImpl.java:77)
	at java.base/jdk.internal.reflect.DelegatingMethodAccessorImpl.invoke(DelegatingMethodAccessorImpl.java:43)
Caused by: com.kms.katalon.core.exception.StepFailedException: Unable to click on object 'Object Repository/Master Data/Admin Sekolah/Tambah Tagihan/Klik Tahun Ajaran'
	at com.kms.katalon.core.webui.keyword.internal.WebUIKeywordMain.stepFailed(WebUIKeywordMain.groovy:117)
	at com.kms.katalon.core.webui.keyword.internal.WebUIKeywordMain.runKeyword(WebUIKeywordMain.groovy:43)
	at com.kms.katalon.core.webui.keyword.builtin.ClickKeyword.click(ClickKeyword.groovy:75)
	at com.kms.katalon.core.webui.keyword.builtin.ClickKeyword.execute(ClickKeyword.groovy:40)
	at com.kms.katalon.core.keyword.internal.KeywordExecutor.executeKeywordForPlatform(KeywordExecutor.groovy:74)
	at com.kms.katalon.core.webui.keyword.WebUiBuiltInKeywords.click(WebUiBuiltInKeywords.groovy:696)
	at Tambah Tagihan.run(Tambah Tagihan:45)
	at com.kms.katalon.core.main.ScriptEngine.run(ScriptEngine.java:194)
	at com.kms.katalon.core.main.ScriptEngine.runScriptAsRawText(ScriptEngine.java:119)
	at com.kms.katalon.core.main.TestCaseExecutor.runScript(TestCaseExecutor.java:448)
	at com.kms.katalon.core.main.TestCaseExecutor.doExecute(TestCaseExecutor.java:439)
	at com.kms.katalon.core.main.TestCaseExecutor.processExecutionPhase(TestCaseExecutor.java:418)
	at com.kms.katalon.core.main.TestCaseExecutor.accessMainPhase(TestCaseExecutor.java:410)
	at com.kms.katalon.core.main.TestCaseExecutor.execute(TestCaseExecutor.java:285)
	at com.kms.katalon.core.main.TestCaseMain.runTestCase(TestCaseMain.java:133)
	at com.kms.katalon.core.keyword.builtin.CallTestCaseKeyword$_callTestCase_closure1.doCall(CallTestCaseKeyword.groovy:59)
	... 24 more
Caused by: com.kms.katalon.core.webui.exception.WebElementNotFoundException: Web element with id: 'Object Repository/Master Data/Admin Sekolah/Tambah Tagihan/Klik Tahun Ajaran' located by '//*[@data-testid = 'select-field' and (text() = 'Pilih tahun ajaran' or . = 'Pilih tahun ajaran')]' not found
	at com.kms.katalon.core.webui.common.WebUiCommonHelper.findWebElement(WebUiCommonHelper.java:1426)
	at com.kms.katalon.core.webui.keyword.internal.WebUIAbstractKeyword.findWebElement(WebUIAbstractKeyword.groovy:27)
	at com.kms.katalon.core.webui.keyword.builtin.ClickKeyword$_click_closure1.doCall(ClickKeyword.groovy:66)
	at com.kms.katalon.core.webui.keyword.builtin.ClickKeyword$_click_closure1.call(ClickKeyword.groovy)
	at com.kms.katalon.core.webui.keyword.internal.WebUIKeywordMain.runKeyword(WebUIKeywordMain.groovy:35)
	... 38 more
)

03-01-2025T11:42:02 - [TEST_STEP][PASSED] - println("============================= Loop Again ==============================="): null

03-01-2025T11:42:02 - [TEST_STEP][FAILED] - callTestCase(findTestCase("Test Cases/Master Data/Admin Sekolah/Master Data Tagihan/Filter Tagihan"), [:], CONTINUE_ON_FAILURE): Unable to call Test Case 'Test Cases/Master Data/Admin Sekolah/Master Data Tagihan/Filter Tagihan' (Root cause: com.kms.katalon.core.exception.StepFailedException: Call Test Case 'Test Cases/Master Data/Admin Sekolah/Master Data Tagihan/Filter Tagihan' failed
	at com.kms.katalon.core.keyword.builtin.CallTestCaseKeyword$_callTestCase_closure1.doCall(CallTestCaseKeyword.groovy:63)
	at com.kms.katalon.core.keyword.builtin.CallTestCaseKeyword$_callTestCase_closure1.call(CallTestCaseKeyword.groovy)
	at com.kms.katalon.core.keyword.internal.KeywordMain.runKeyword(KeywordMain.groovy:75)
	at com.kms.katalon.core.keyword.builtin.CallTestCaseKeyword.callTestCase(CallTestCaseKeyword.groovy:81)
	at com.kms.katalon.core.keyword.builtin.CallTestCaseKeyword.execute(CallTestCaseKeyword.groovy:44)
	at com.kms.katalon.core.keyword.internal.KeywordExecutor.executeKeywordForPlatform(KeywordExecutor.groovy:74)
	at com.kms.katalon.core.keyword.BuiltinKeywords.callTestCase(BuiltinKeywords.groovy:310)
	at jdk.internal.reflect.GeneratedMethodAccessor48.invoke(Unknown Source)
	at java.base/jdk.internal.reflect.DelegatingMethodAccessorImpl.invoke(DelegatingMethodAccessorImpl.java:43)
	at Regresi Tagihan.run(Regresi Tagihan:22)
	at com.kms.katalon.core.main.ScriptEngine.run(ScriptEngine.java:194)
	at com.kms.katalon.core.main.ScriptEngine.runScriptAsRawText(ScriptEngine.java:119)
	at com.kms.katalon.core.main.TestCaseExecutor.runScript(TestCaseExecutor.java:448)
	at com.kms.katalon.core.main.TestCaseExecutor.doExecute(TestCaseExecutor.java:439)
	at com.kms.katalon.core.main.TestCaseExecutor.processExecutionPhase(TestCaseExecutor.java:418)
	at com.kms.katalon.core.main.TestCaseExecutor.accessMainPhase(TestCaseExecutor.java:410)
	at com.kms.katalon.core.main.TestCaseExecutor.execute(TestCaseExecutor.java:285)
	at com.kms.katalon.core.common.CommonExecutor.accessTestCaseMainPhase(CommonExecutor.java:65)
	at com.kms.katalon.core.main.TestSuiteExecutor.accessTestSuiteMainPhase(TestSuiteExecutor.java:161)
	at com.kms.katalon.core.main.TestSuiteExecutor.execute(TestSuiteExecutor.java:107)
	at com.kms.katalon.core.main.TestCaseMain.startTestSuite(TestCaseMain.java:176)
	at TempTestSuite1735878642439.run(TempTestSuite1735878642439.groovy:35)
	at java.base/jdk.internal.reflect.NativeMethodAccessorImpl.invoke0(Native Method)
	at java.base/jdk.internal.reflect.NativeMethodAccessorImpl.invoke(NativeMethodAccessorImpl.java:77)
	at java.base/jdk.internal.reflect.DelegatingMethodAccessorImpl.invoke(DelegatingMethodAccessorImpl.java:43)
Caused by: com.kms.katalon.core.exception.StepFailedException: Unable to click on object 'Object Repository/Master Data/Admin Sekolah/Filter Tagihan/CIMB' (Root cause: com.kms.katalon.core.exception.StepFailedException: Unable to click on object 'Object Repository/Master Data/Admin Sekolah/Filter Tagihan/CIMB'
	at com.kms.katalon.core.webui.keyword.internal.WebUIKeywordMain.stepFailed(WebUIKeywordMain.groovy:117)
	at com.kms.katalon.core.webui.keyword.internal.WebUIKeywordMain.runKeyword(WebUIKeywordMain.groovy:43)
	at com.kms.katalon.core.webui.keyword.builtin.ClickKeyword.click(ClickKeyword.groovy:75)
	at com.kms.katalon.core.webui.keyword.builtin.ClickKeyword.execute(ClickKeyword.groovy:40)
	at com.kms.katalon.core.keyword.internal.KeywordExecutor.executeKeywordForPlatform(KeywordExecutor.groovy:74)
	at com.kms.katalon.core.webui.keyword.WebUiBuiltInKeywords.click(WebUiBuiltInKeywords.groovy:684)
	at Filter Tagihan.run(Filter Tagihan:62)
	at com.kms.katalon.core.main.ScriptEngine.run(ScriptEngine.java:194)
	at com.kms.katalon.core.main.ScriptEngine.runScriptAsRawText(ScriptEngine.java:119)
	at com.kms.katalon.core.main.TestCaseExecutor.runScript(TestCaseExecutor.java:448)
	at com.kms.katalon.core.main.TestCaseExecutor.doExecute(TestCaseExecutor.java:439)
	at com.kms.katalon.core.main.TestCaseExecutor.processExecutionPhase(TestCaseExecutor.java:418)
	at com.kms.katalon.core.main.TestCaseExecutor.accessMainPhase(TestCaseExecutor.java:410)
	at com.kms.katalon.core.main.TestCaseExecutor.execute(TestCaseExecutor.java:285)
	at com.kms.katalon.core.main.TestCaseMain.runTestCase(TestCaseMain.java:133)
	at com.kms.katalon.core.keyword.builtin.CallTestCaseKeyword$_callTestCase_closure1.doCall(CallTestCaseKeyword.groovy:59)
	at com.kms.katalon.core.keyword.builtin.CallTestCaseKeyword$_callTestCase_closure1.call(CallTestCaseKeyword.groovy)
	at com.kms.katalon.core.keyword.internal.KeywordMain.runKeyword(KeywordMain.groovy:75)
	at com.kms.katalon.core.keyword.builtin.CallTestCaseKeyword.callTestCase(CallTestCaseKeyword.groovy:81)
	at com.kms.katalon.core.keyword.builtin.CallTestCaseKeyword.execute(CallTestCaseKeyword.groovy:44)
	at com.kms.katalon.core.keyword.internal.KeywordExecutor.executeKeywordForPlatform(KeywordExecutor.groovy:74)
	at com.kms.katalon.core.keyword.BuiltinKeywords.callTestCase(BuiltinKeywords.groovy:310)
	at jdk.internal.reflect.GeneratedMethodAccessor48.invoke(Unknown Source)
	at java.base/jdk.internal.reflect.DelegatingMethodAccessorImpl.invoke(DelegatingMethodAccessorImpl.java:43)
	at Regresi Tagihan.run(Regresi Tagihan:22)
	at com.kms.katalon.core.main.ScriptEngine.run(ScriptEngine.java:194)
	at com.kms.katalon.core.main.ScriptEngine.runScriptAsRawText(ScriptEngine.java:119)
	at com.kms.katalon.core.main.TestCaseExecutor.runScript(TestCaseExecutor.java:448)
	at com.kms.katalon.core.main.TestCaseExecutor.doExecute(TestCaseExecutor.java:439)
	at com.kms.katalon.core.main.TestCaseExecutor.processExecutionPhase(TestCaseExecutor.java:418)
	at com.kms.katalon.core.main.TestCaseExecutor.accessMainPhase(TestCaseExecutor.java:410)
	at com.kms.katalon.core.main.TestCaseExecutor.execute(TestCaseExecutor.java:285)
	at com.kms.katalon.core.common.CommonExecutor.accessTestCaseMainPhase(CommonExecutor.java:65)
	at com.kms.katalon.core.main.TestSuiteExecutor.accessTestSuiteMainPhase(TestSuiteExecutor.java:161)
	at com.kms.katalon.core.main.TestSuiteExecutor.execute(TestSuiteExecutor.java:107)
	at com.kms.katalon.core.main.TestCaseMain.startTestSuite(TestCaseMain.java:176)
	at TempTestSuite1735878642439.run(TempTestSuite1735878642439.groovy:35)
	at java.base/jdk.internal.reflect.NativeMethodAccessorImpl.invoke0(Native Method)
	at java.base/jdk.internal.reflect.NativeMethodAccessorImpl.invoke(NativeMethodAccessorImpl.java:77)
	at java.base/jdk.internal.reflect.DelegatingMethodAccessorImpl.invoke(DelegatingMethodAccessorImpl.java:43)
Caused by: com.kms.katalon.core.webui.exception.WebElementNotFoundException: Web element with id: 'Object Repository/Master Data/Admin Sekolah/Filter Tagihan/CIMB' located by '//div[@data-testid='option-91' and .//p[@data-testid='paragraph' and text()='CIMB - 1223123123']]' not found
	at com.kms.katalon.core.webui.common.WebUiCommonHelper.findWebElement(WebUiCommonHelper.java:1426)
	at com.kms.katalon.core.webui.keyword.internal.WebUIAbstractKeyword.findWebElement(WebUIAbstractKeyword.groovy:27)
	at com.kms.katalon.core.webui.keyword.builtin.ClickKeyword$_click_closure1.doCall(ClickKeyword.groovy:66)
	at com.kms.katalon.core.webui.keyword.builtin.ClickKeyword$_click_closure1.call(ClickKeyword.groovy)
	at com.kms.katalon.core.webui.keyword.internal.WebUIKeywordMain.runKeyword(WebUIKeywordMain.groovy:35)
	at com.kms.katalon.core.webui.keyword.builtin.ClickKeyword.click(ClickKeyword.groovy:75)
	at com.kms.katalon.core.webui.keyword.builtin.ClickKeyword.execute(ClickKeyword.groovy:40)
	at com.kms.katalon.core.keyword.internal.KeywordExecutor.executeKeywordForPlatform(KeywordExecutor.groovy:74)
	at com.kms.katalon.core.webui.keyword.WebUiBuiltInKeywords.click(WebUiBuiltInKeywords.groovy:684)
	at Script1731485365054.run(Script1731485365054.groovy:62)
	at com.kms.katalon.core.main.ScriptEngine.run(ScriptEngine.java:194)
	at com.kms.katalon.core.main.ScriptEngine.runScriptAsRawText(ScriptEngine.java:119)
	at com.kms.katalon.core.main.TestCaseExecutor.runScript(TestCaseExecutor.java:448)
	at com.kms.katalon.core.main.TestCaseExecutor.doExecute(TestCaseExecutor.java:439)
	at com.kms.katalon.core.main.TestCaseExecutor.processExecutionPhase(TestCaseExecutor.java:418)
	at com.kms.katalon.core.main.TestCaseExecutor.accessMainPhase(TestCaseExecutor.java:410)
	at com.kms.katalon.core.main.TestCaseExecutor.execute(TestCaseExecutor.java:285)
	at com.kms.katalon.core.main.TestCaseMain.runTestCase(TestCaseMain.java:133)
	at com.kms.katalon.core.keyword.builtin.CallTestCaseKeyword$_callTestCase_closure1.doCall(CallTestCaseKeyword.groovy:59)
	at com.kms.katalon.core.keyword.builtin.CallTestCaseKeyword$_callTestCase_closure1.call(CallTestCaseKeyword.groovy)
	at com.kms.katalon.core.keyword.internal.KeywordMain.runKeyword(KeywordMain.groovy:75)
	at com.kms.katalon.core.keyword.builtin.CallTestCaseKeyword.callTestCase(CallTestCaseKeyword.groovy:81)
	at com.kms.katalon.core.keyword.builtin.CallTestCaseKeyword.execute(CallTestCaseKeyword.groovy:44)
	at com.kms.katalon.core.keyword.internal.KeywordExecutor.executeKeywordForPlatform(KeywordExecutor.groovy:74)
	at com.kms.katalon.core.keyword.BuiltinKeywords.callTestCase(BuiltinKeywords.groovy:310)
	at jdk.internal.reflect.GeneratedMethodAccessor48.invoke(Unknown Source)
	at java.base/jdk.internal.reflect.DelegatingMethodAccessorImpl.invoke(DelegatingMethodAccessorImpl.java:43)
	at Script1735746434271.run(Script1735746434271.groovy:22)
	... 15 more
)
	at com.kms.katalon.core.keyword.internal.KeywordMain.stepFailed(KeywordMain.groovy:39)
	at com.kms.katalon.core.webui.keyword.internal.WebUIKeywordMain.stepFailed(WebUIKeywordMain.groovy:117)
	at com.kms.katalon.core.webui.keyword.internal.WebUIKeywordMain.runKeyword(WebUIKeywordMain.groovy:43)
	at com.kms.katalon.core.webui.keyword.builtin.ClickKeyword.click(ClickKeyword.groovy:75)
	at com.kms.katalon.core.webui.keyword.builtin.ClickKeyword.execute(ClickKeyword.groovy:40)
	at com.kms.katalon.core.keyword.internal.KeywordExecutor.executeKeywordForPlatform(KeywordExecutor.groovy:74)
	at com.kms.katalon.core.webui.keyword.WebUiBuiltInKeywords.click(WebUiBuiltInKeywords.groovy:684)
	at Filter Tagihan.run(Filter Tagihan:62)
	at com.kms.katalon.core.main.ScriptEngine.run(ScriptEngine.java:194)
	at com.kms.katalon.core.main.ScriptEngine.runScriptAsRawText(ScriptEngine.java:119)
	at com.kms.katalon.core.main.TestCaseExecutor.runScript(TestCaseExecutor.java:448)
	at com.kms.katalon.core.main.TestCaseExecutor.doExecute(TestCaseExecutor.java:439)
	at com.kms.katalon.core.main.TestCaseExecutor.processExecutionPhase(TestCaseExecutor.java:418)
	at com.kms.katalon.core.main.TestCaseExecutor.accessMainPhase(TestCaseExecutor.java:410)
	at com.kms.katalon.core.main.TestCaseExecutor.execute(TestCaseExecutor.java:285)
	at com.kms.katalon.core.main.TestCaseMain.runTestCase(TestCaseMain.java:133)
	at com.kms.katalon.core.keyword.builtin.CallTestCaseKeyword$_callTestCase_closure1.doCall(CallTestCaseKeyword.groovy:59)
	... 24 more
Caused by: com.kms.katalon.core.exception.StepFailedException: Unable to click on object 'Object Repository/Master Data/Admin Sekolah/Filter Tagihan/CIMB'
	... 40 more
Caused by: com.kms.katalon.core.webui.exception.WebElementNotFoundException: Web element with id: 'Object Repository/Master Data/Admin Sekolah/Filter Tagihan/CIMB' located by '//div[@data-testid='option-91' and .//p[@data-testid='paragraph' and text()='CIMB - 1223123123']]' not found
	at com.kms.katalon.core.webui.common.WebUiCommonHelper.findWebElement(WebUiCommonHelper.java:1426)
	at com.kms.katalon.core.webui.keyword.internal.WebUIAbstractKeyword.findWebElement(WebUIAbstractKeyword.groovy:27)
	at com.kms.katalon.core.webui.keyword.builtin.ClickKeyword$_click_closure1.doCall(ClickKeyword.groovy:66)
	at com.kms.katalon.core.webui.keyword.builtin.ClickKeyword$_click_closure1.call(ClickKeyword.groovy)
	at com.kms.katalon.core.webui.keyword.internal.WebUIKeywordMain.runKeyword(WebUIKeywordMain.groovy:35)
	... 38 more
)

03-01-2025T11:42:02 - [TEST_CASE][FAILED] - Test Cases/Master Data/Admin Sekolah/Master Data Tagihan/Filter Tagihan: Test Cases/Master Data/Admin Sekolah/Master Data Tagihan/Filter Tagihan FAILED.
Reason:
com.kms.katalon.core.exception.StepFailedException: Unable to click on object 'Object Repository/Master Data/Admin Sekolah/Filter Tagihan/CIMB' (Root cause: com.kms.katalon.core.exception.StepFailedException: Unable to click on object 'Object Repository/Master Data/Admin Sekolah/Filter Tagihan/CIMB'
	at com.kms.katalon.core.webui.keyword.internal.WebUIKeywordMain.stepFailed(WebUIKeywordMain.groovy:117)
	at com.kms.katalon.core.webui.keyword.internal.WebUIKeywordMain.runKeyword(WebUIKeywordMain.groovy:43)
	at com.kms.katalon.core.webui.keyword.builtin.ClickKeyword.click(ClickKeyword.groovy:75)
	at com.kms.katalon.core.webui.keyword.builtin.ClickKeyword.execute(ClickKeyword.groovy:40)
	at com.kms.katalon.core.keyword.internal.KeywordExecutor.executeKeywordForPlatform(KeywordExecutor.groovy:74)
	at com.kms.katalon.core.webui.keyword.WebUiBuiltInKeywords.click(WebUiBuiltInKeywords.groovy:684)
	at Filter Tagihan.run(Filter Tagihan:62)
	at com.kms.katalon.core.main.ScriptEngine.run(ScriptEngine.java:194)
	at com.kms.katalon.core.main.ScriptEngine.runScriptAsRawText(ScriptEngine.java:119)
	at com.kms.katalon.core.main.TestCaseExecutor.runScript(TestCaseExecutor.java:448)
	at com.kms.katalon.core.main.TestCaseExecutor.doExecute(TestCaseExecutor.java:439)
	at com.kms.katalon.core.main.TestCaseExecutor.processExecutionPhase(TestCaseExecutor.java:418)
	at com.kms.katalon.core.main.TestCaseExecutor.accessMainPhase(TestCaseExecutor.java:410)
	at com.kms.katalon.core.main.TestCaseExecutor.execute(TestCaseExecutor.java:285)
	at com.kms.katalon.core.main.TestCaseMain.runTestCase(TestCaseMain.java:133)
	at com.kms.katalon.core.keyword.builtin.CallTestCaseKeyword$_callTestCase_closure1.doCall(CallTestCaseKeyword.groovy:59)
	at com.kms.katalon.core.keyword.builtin.CallTestCaseKeyword$_callTestCase_closure1.call(CallTestCaseKeyword.groovy)
	at com.kms.katalon.core.keyword.internal.KeywordMain.runKeyword(KeywordMain.groovy:75)
	at com.kms.katalon.core.keyword.builtin.CallTestCaseKeyword.callTestCase(CallTestCaseKeyword.groovy:81)
	at com.kms.katalon.core.keyword.builtin.CallTestCaseKeyword.execute(CallTestCaseKeyword.groovy:44)
	at com.kms.katalon.core.keyword.internal.KeywordExecutor.executeKeywordForPlatform(KeywordExecutor.groovy:74)
	at com.kms.katalon.core.keyword.BuiltinKeywords.callTestCase(BuiltinKeywords.groovy:310)
	at jdk.internal.reflect.GeneratedMethodAccessor48.invoke(Unknown Source)
	at java.base/jdk.internal.reflect.DelegatingMethodAccessorImpl.invoke(DelegatingMethodAccessorImpl.java:43)
	at Regresi Tagihan.run(Regresi Tagihan:22)
	at com.kms.katalon.core.main.ScriptEngine.run(ScriptEngine.java:194)
	at com.kms.katalon.core.main.ScriptEngine.runScriptAsRawText(ScriptEngine.java:119)
	at com.kms.katalon.core.main.TestCaseExecutor.runScript(TestCaseExecutor.java:448)
	at com.kms.katalon.core.main.TestCaseExecutor.doExecute(TestCaseExecutor.java:439)
	at com.kms.katalon.core.main.TestCaseExecutor.processExecutionPhase(TestCaseExecutor.java:418)
	at com.kms.katalon.core.main.TestCaseExecutor.accessMainPhase(TestCaseExecutor.java:410)
	at com.kms.katalon.core.main.TestCaseExecutor.execute(TestCaseExecutor.java:285)
	at com.kms.katalon.core.common.CommonExecutor.accessTestCaseMainPhase(CommonExecutor.java:65)
	at com.kms.katalon.core.main.TestSuiteExecutor.accessTestSuiteMainPhase(TestSuiteExecutor.java:161)
	at com.kms.katalon.core.main.TestSuiteExecutor.execute(TestSuiteExecutor.java:107)
	at com.kms.katalon.core.main.TestCaseMain.startTestSuite(TestCaseMain.java:176)
	at TempTestSuite1735878642439.run(TempTestSuite1735878642439.groovy:35)
	at java.base/jdk.internal.reflect.NativeMethodAccessorImpl.invoke0(Native Method)
	at java.base/jdk.internal.reflect.NativeMethodAccessorImpl.invoke(NativeMethodAccessorImpl.java:77)
	at java.base/jdk.internal.reflect.DelegatingMethodAccessorImpl.invoke(DelegatingMethodAccessorImpl.java:43)
Caused by: com.kms.katalon.core.webui.exception.WebElementNotFoundException: Web element with id: 'Object Repository/Master Data/Admin Sekolah/Filter Tagihan/CIMB' located by '//div[@data-testid='option-91' and .//p[@data-testid='paragraph' and text()='CIMB - 1223123123']]' not found
	at com.kms.katalon.core.webui.common.WebUiCommonHelper.findWebElement(WebUiCommonHelper.java:1426)
	at com.kms.katalon.core.webui.keyword.internal.WebUIAbstractKeyword.findWebElement(WebUIAbstractKeyword.groovy:27)
	at com.kms.katalon.core.webui.keyword.builtin.ClickKeyword$_click_closure1.doCall(ClickKeyword.groovy:66)
	at com.kms.katalon.core.webui.keyword.builtin.ClickKeyword$_click_closure1.call(ClickKeyword.groovy)
	at com.kms.katalon.core.webui.keyword.internal.WebUIKeywordMain.runKeyword(WebUIKeywordMain.groovy:35)
	at com.kms.katalon.core.webui.keyword.builtin.ClickKeyword.click(ClickKeyword.groovy:75)
	at com.kms.katalon.core.webui.keyword.builtin.ClickKeyword.execute(ClickKeyword.groovy:40)
	at com.kms.katalon.core.keyword.internal.KeywordExecutor.executeKeywordForPlatform(KeywordExecutor.groovy:74)
	at com.kms.katalon.core.webui.keyword.WebUiBuiltInKeywords.click(WebUiBuiltInKeywords.groovy:684)
	at Script1731485365054.run(Script1731485365054.groovy:62)
	at com.kms.katalon.core.main.ScriptEngine.run(ScriptEngine.java:194)
	at com.kms.katalon.core.main.ScriptEngine.runScriptAsRawText(ScriptEngine.java:119)
	at com.kms.katalon.core.main.TestCaseExecutor.runScript(TestCaseExecutor.java:448)
	at com.kms.katalon.core.main.TestCaseExecutor.doExecute(TestCaseExecutor.java:439)
	at com.kms.katalon.core.main.TestCaseExecutor.processExecutionPhase(TestCaseExecutor.java:418)
	at com.kms.katalon.core.main.TestCaseExecutor.accessMainPhase(TestCaseExecutor.java:410)
	at com.kms.katalon.core.main.TestCaseExecutor.execute(TestCaseExecutor.java:285)
	at com.kms.katalon.core.main.TestCaseMain.runTestCase(TestCaseMain.java:133)
	at com.kms.katalon.core.keyword.builtin.CallTestCaseKeyword$_callTestCase_closure1.doCall(CallTestCaseKeyword.groovy:59)
	at com.kms.katalon.core.keyword.builtin.CallTestCaseKeyword$_callTestCase_closure1.call(CallTestCaseKeyword.groovy)
	at com.kms.katalon.core.keyword.internal.KeywordMain.runKeyword(KeywordMain.groovy:75)
	at com.kms.katalon.core.keyword.builtin.CallTestCaseKeyword.callTestCase(CallTestCaseKeyword.groovy:81)
	at com.kms.katalon.core.keyword.builtin.CallTestCaseKeyword.execute(CallTestCaseKeyword.groovy:44)
	at com.kms.katalon.core.keyword.internal.KeywordExecutor.executeKeywordForPlatform(KeywordExecutor.groovy:74)
	at com.kms.katalon.core.keyword.BuiltinKeywords.callTestCase(BuiltinKeywords.groovy:310)
	at jdk.internal.reflect.GeneratedMethodAccessor48.invoke(Unknown Source)
	at java.base/jdk.internal.reflect.DelegatingMethodAccessorImpl.invoke(DelegatingMethodAccessorImpl.java:43)
	at Script1735746434271.run(Script1735746434271.groovy:22)
	... 15 more
)
	at com.kms.katalon.core.keyword.internal.KeywordMain.stepFailed(KeywordMain.groovy:39)
	at com.kms.katalon.core.webui.keyword.internal.WebUIKeywordMain.stepFailed(WebUIKeywordMain.groovy:117)
	at com.kms.katalon.core.webui.keyword.internal.WebUIKeywordMain.runKeyword(WebUIKeywordMain.groovy:43)
	at com.kms.katalon.core.webui.keyword.builtin.ClickKeyword.click(ClickKeyword.groovy:75)
	at com.kms.katalon.core.webui.keyword.builtin.ClickKeyword.execute(ClickKeyword.groovy:40)
	at com.kms.katalon.core.keyword.internal.KeywordExecutor.executeKeywordForPlatform(KeywordExecutor.groovy:74)
	at com.kms.katalon.core.webui.keyword.WebUiBuiltInKeywords.click(WebUiBuiltInKeywords.groovy:684)
	at Filter Tagihan.run(Filter Tagihan:62)
	at com.kms.katalon.core.main.ScriptEngine.run(ScriptEngine.java:194)
	at com.kms.katalon.core.main.ScriptEngine.runScriptAsRawText(ScriptEngine.java:119)
	at com.kms.katalon.core.main.TestCaseExecutor.runScript(TestCaseExecutor.java:448)
	at com.kms.katalon.core.main.TestCaseExecutor.doExecute(TestCaseExecutor.java:439)
	at com.kms.katalon.core.main.TestCaseExecutor.processExecutionPhase(TestCaseExecutor.java:418)
	at com.kms.katalon.core.main.TestCaseExecutor.accessMainPhase(TestCaseExecutor.java:410)
	at com.kms.katalon.core.main.TestCaseExecutor.execute(TestCaseExecutor.java:285)
	at com.kms.katalon.core.main.TestCaseMain.runTestCase(TestCaseMain.java:133)
	at com.kms.katalon.core.keyword.builtin.CallTestCaseKeyword$_callTestCase_closure1.doCall(CallTestCaseKeyword.groovy:59)
	at com.kms.katalon.core.keyword.builtin.CallTestCaseKeyword$_callTestCase_closure1.call(CallTestCaseKeyword.groovy)
	at com.kms.katalon.core.keyword.internal.KeywordMain.runKeyword(KeywordMain.groovy:75)
	at com.kms.katalon.core.keyword.builtin.CallTestCaseKeyword.callTestCase(CallTestCaseKeyword.groovy:81)
	at com.kms.katalon.core.keyword.builtin.CallTestCaseKeyword.execute(CallTestCaseKeyword.groovy:44)
	at com.kms.katalon.core.keyword.internal.KeywordExecutor.executeKeywordForPlatform(KeywordExecutor.groovy:74)
	at com.kms.katalon.core.keyword.BuiltinKeywords.callTestCase(BuiltinKeywords.groovy:310)
	at jdk.internal.reflect.GeneratedMethodAccessor48.invoke(Unknown Source)
	at java.base/jdk.internal.reflect.DelegatingMethodAccessorImpl.invoke(DelegatingMethodAccessorImpl.java:43)
	at Regresi Tagihan.run(Regresi Tagihan:22)
	at com.kms.katalon.core.main.ScriptEngine.run(ScriptEngine.java:194)
	at com.kms.katalon.core.main.ScriptEngine.runScriptAsRawText(ScriptEngine.java:119)
	at com.kms.katalon.core.main.TestCaseExecutor.runScript(TestCaseExecutor.java:448)
	at com.kms.katalon.core.main.TestCaseExecutor.doExecute(TestCaseExecutor.java:439)
	at com.kms.katalon.core.main.TestCaseExecutor.processExecutionPhase(TestCaseExecutor.java:418)
	at com.kms.katalon.core.main.TestCaseExecutor.accessMainPhase(TestCaseExecutor.java:410)
	at com.kms.katalon.core.main.TestCaseExecutor.execute(TestCaseExecutor.java:285)
	at com.kms.katalon.core.common.CommonExecutor.accessTestCaseMainPhase(CommonExecutor.java:65)
	at com.kms.katalon.core.main.TestSuiteExecutor.accessTestSuiteMainPhase(TestSuiteExecutor.java:161)
	at com.kms.katalon.core.main.TestSuiteExecutor.execute(TestSuiteExecutor.java:107)
	at com.kms.katalon.core.main.TestCaseMain.startTestSuite(TestCaseMain.java:176)
	at TempTestSuite1735878642439.run(TempTestSuite1735878642439.groovy:35)
	at java.base/jdk.internal.reflect.NativeMethodAccessorImpl.invoke0(Native Method)
	at java.base/jdk.internal.reflect.NativeMethodAccessorImpl.invoke(NativeMethodAccessorImpl.java:77)
	at java.base/jdk.internal.reflect.DelegatingMethodAccessorImpl.invoke(DelegatingMethodAccessorImpl.java:43)
Caused by: com.kms.katalon.core.exception.StepFailedException: Unable to click on object 'Object Repository/Master Data/Admin Sekolah/Filter Tagihan/CIMB'
	... 40 more
Caused by: com.kms.katalon.core.webui.exception.WebElementNotFoundException: Web element with id: 'Object Repository/Master Data/Admin Sekolah/Filter Tagihan/CIMB' located by '//div[@data-testid='option-91' and .//p[@data-testid='paragraph' and text()='CIMB - 1223123123']]' not found
	at com.kms.katalon.core.webui.common.WebUiCommonHelper.findWebElement(WebUiCommonHelper.java:1426)
	at com.kms.katalon.core.webui.keyword.internal.WebUIAbstractKeyword.findWebElement(WebUIAbstractKeyword.groovy:27)
	at com.kms.katalon.core.webui.keyword.builtin.ClickKeyword$_click_closure1.doCall(ClickKeyword.groovy:66)
	at com.kms.katalon.core.webui.keyword.builtin.ClickKeyword$_click_closure1.call(ClickKeyword.groovy)
	at com.kms.katalon.core.webui.keyword.internal.WebUIKeywordMain.runKeyword(WebUIKeywordMain.groovy:35)
	... 38 more


03-01-2025T11:42:02 - [TEST_STEP][PASSED] - openBrowser("", CONTINUE_ON_FAILURE): Browser is opened with url: ''

03-01-2025T11:42:02 - [MESSAGE][WARNING] - A browser is already opened. Closing browser and opening a new one

03-01-2025T11:42:02 - [MESSAGE][INFO] - Starting 'Chrome' driver

03-01-2025T11:42:02 - [MESSAGE][INFO] - Action delay is set to 0 milliseconds

03-01-2025T11:42:03 - [MESSAGE][PASSED] - Browser is opened with url: ''

03-01-2025T11:42:03 - [TEST_STEP][PASSED] - navigateToUrl("https://sit.siprusedu.com/login", CONTINUE_ON_FAILURE): Navigate to 'https://sit.siprusedu.com/login' successfully

03-01-2025T11:42:03 - [MESSAGE][PASSED] - Navigate to 'https://sit.siprusedu.com/login' successfully

03-01-2025T11:42:03 - [TEST_STEP][PASSED] - click(findTestObject("Master Data/Admin Sekolah/Login/Field Email"), CONTINUE_ON_FAILURE): Object: 'Object Repository/Master Data/Admin Sekolah/Login/Field Email' is clicked on

03-01-2025T11:42:05 - [MESSAGE][PASSED] - Object: 'Object Repository/Master Data/Admin Sekolah/Login/Field Email' is clicked on

03-01-2025T11:42:05 - [TEST_STEP][PASSED] - setText(findTestObject("Master Data/Admin Sekolah/Login/Field Email"), "admin.gudangsolusi@digiform.co.id", CONTINUE_ON_FAILURE): Text 'admin.gudangsolusi@digiform.co.id' is set on object 'Object Repository/Master Data/Admin Sekolah/Login/Field Email'

03-01-2025T11:42:05 - [MESSAGE][PASSED] - Text 'admin.gudangsolusi@digiform.co.id' is set on object 'Object Repository/Master Data/Admin Sekolah/Login/Field Email'

03-01-2025T11:42:05 - [TEST_STEP][PASSED] - delay(1, CONTINUE_ON_FAILURE): Delayed 1 second(s)

03-01-2025T11:42:06 - [MESSAGE][PASSED] - Delayed 1 second(s)

03-01-2025T11:42:06 - [TEST_STEP][PASSED] - click(findTestObject("Master Data/Admin Sekolah/Login/Input Password"), CONTINUE_ON_FAILURE): Object: 'Object Repository/Master Data/Admin Sekolah/Login/Input Password' is clicked on

03-01-2025T11:42:07 - [MESSAGE][PASSED] - Object: 'Object Repository/Master Data/Admin Sekolah/Login/Input Password' is clicked on

03-01-2025T11:42:07 - [TEST_STEP][PASSED] - setText(findTestObject("Master Data/Admin Sekolah/Login/Input Password"), "Test1234", CONTINUE_ON_FAILURE): Text 'Test1234' is set on object 'Object Repository/Master Data/Admin Sekolah/Login/Input Password'

03-01-2025T11:42:07 - [MESSAGE][PASSED] - Text 'Test1234' is set on object 'Object Repository/Master Data/Admin Sekolah/Login/Input Password'

03-01-2025T11:42:07 - [TEST_STEP][PASSED] - delay(1, CONTINUE_ON_FAILURE): Delayed 1 second(s)

03-01-2025T11:42:08 - [MESSAGE][PASSED] - Delayed 1 second(s)

03-01-2025T11:42:08 - [TEST_STEP][PASSED] - click(findTestObject("Master Data/Admin Sekolah/Login/Button Submit"), CONTINUE_ON_FAILURE): Object: 'Object Repository/Master Data/Admin Sekolah/Login/Button Submit' is clicked on

03-01-2025T11:42:09 - [MESSAGE][PASSED] - Object: 'Object Repository/Master Data/Admin Sekolah/Login/Button Submit' is clicked on

03-01-2025T11:42:09 - [TEST_STEP][PASSED] - click(findTestObject("Master Data/Admin Sekolah/Lihat Tagihan/Menu Master Data"), CONTINUE_ON_FAILURE): Object: 'Object Repository/Master Data/Admin Sekolah/Lihat Tagihan/Menu Master Data' is clicked on

03-01-2025T11:42:11 - [MESSAGE][PASSED] - Object: 'Object Repository/Master Data/Admin Sekolah/Lihat Tagihan/Menu Master Data' is clicked on

03-01-2025T11:42:11 - [TEST_STEP][PASSED] - delay(1, CONTINUE_ON_FAILURE): Delayed 1 second(s)

03-01-2025T11:42:12 - [MESSAGE][PASSED] - Delayed 1 second(s)

03-01-2025T11:42:12 - [TEST_STEP][PASSED] - click(findTestObject("Master Data/Admin Sekolah/Lihat Tagihan/Menu Tagihan"), CONTINUE_ON_FAILURE): Object: 'Object Repository/Master Data/Admin Sekolah/Lihat Tagihan/Menu Tagihan' is clicked on

03-01-2025T11:42:12 - [MESSAGE][PASSED] - Object: 'Object Repository/Master Data/Admin Sekolah/Lihat Tagihan/Menu Tagihan' is clicked on

03-01-2025T11:42:12 - [TEST_STEP][PASSED] - delay(1, CONTINUE_ON_FAILURE): Delayed 1 second(s)

03-01-2025T11:42:13 - [MESSAGE][PASSED] - Delayed 1 second(s)

03-01-2025T11:42:13 - [TEST_STEP][PASSED] - click(findTestObject("Master Data/Admin Sekolah/Filter Tagihan/Button Filter"), CONTINUE_ON_FAILURE): Object: 'Object Repository/Master Data/Admin Sekolah/Filter Tagihan/Button Filter' is clicked on

03-01-2025T11:42:13 - [MESSAGE][PASSED] - Object: 'Object Repository/Master Data/Admin Sekolah/Filter Tagihan/Button Filter' is clicked on

03-01-2025T11:42:13 - [TEST_STEP][PASSED] - delay(1, CONTINUE_ON_FAILURE): Delayed 1 second(s)

03-01-2025T11:42:14 - [MESSAGE][PASSED] - Delayed 1 second(s)

03-01-2025T11:42:14 - [TEST_STEP][PASSED] - click(findTestObject("Master Data/Admin Sekolah/Filter Tagihan/Select Tipe Tagihan"), CONTINUE_ON_FAILURE): Object: 'Object Repository/Master Data/Admin Sekolah/Filter Tagihan/Select Tipe Tagihan' is clicked on

03-01-2025T11:42:15 - [MESSAGE][PASSED] - Object: 'Object Repository/Master Data/Admin Sekolah/Filter Tagihan/Select Tipe Tagihan' is clicked on

03-01-2025T11:42:15 - [TEST_STEP][PASSED] - delay(1, CONTINUE_ON_FAILURE): Delayed 1 second(s)

03-01-2025T11:42:16 - [MESSAGE][PASSED] - Delayed 1 second(s)

03-01-2025T11:42:16 - [TEST_STEP][PASSED] - click(findTestObject("Master Data/Admin Sekolah/Filter Tagihan/Tagihan Reguler"), CONTINUE_ON_FAILURE): Object: 'Object Repository/Master Data/Admin Sekolah/Filter Tagihan/Tagihan Reguler' is clicked on

03-01-2025T11:42:16 - [MESSAGE][PASSED] - Object: 'Object Repository/Master Data/Admin Sekolah/Filter Tagihan/Tagihan Reguler' is clicked on

03-01-2025T11:42:16 - [TEST_STEP][PASSED] - delay(1, CONTINUE_ON_FAILURE): Delayed 1 second(s)

03-01-2025T11:42:17 - [MESSAGE][PASSED] - Delayed 1 second(s)

03-01-2025T11:42:17 - [TEST_STEP][PASSED] - click(findTestObject("Master Data/Admin Sekolah/Filter Tagihan/Select Rekening Bank"), CONTINUE_ON_FAILURE): Object: 'Object Repository/Master Data/Admin Sekolah/Filter Tagihan/Select Rekening Bank' is clicked on

03-01-2025T11:42:17 - [MESSAGE][PASSED] - Object: 'Object Repository/Master Data/Admin Sekolah/Filter Tagihan/Select Rekening Bank' is clicked on

03-01-2025T11:42:17 - [TEST_STEP][PASSED] - delay(1, CONTINUE_ON_FAILURE): Delayed 1 second(s)

03-01-2025T11:42:18 - [MESSAGE][PASSED] - Delayed 1 second(s)

03-01-2025T11:42:18 - [TEST_STEP][FAILED] - click(findTestObject("Master Data/Admin Sekolah/Filter Tagihan/CIMB"), CONTINUE_ON_FAILURE): Unable to click on object 'Object Repository/Master Data/Admin Sekolah/Filter Tagihan/CIMB' (Root cause: com.kms.katalon.core.exception.StepFailedException: Unable to click on object 'Object Repository/Master Data/Admin Sekolah/Filter Tagihan/CIMB'
	at com.kms.katalon.core.webui.keyword.internal.WebUIKeywordMain.stepFailed(WebUIKeywordMain.groovy:117)
	at com.kms.katalon.core.webui.keyword.internal.WebUIKeywordMain.runKeyword(WebUIKeywordMain.groovy:43)
	at com.kms.katalon.core.webui.keyword.builtin.ClickKeyword.click(ClickKeyword.groovy:75)
	at com.kms.katalon.core.webui.keyword.builtin.ClickKeyword.execute(ClickKeyword.groovy:40)
	at com.kms.katalon.core.keyword.internal.KeywordExecutor.executeKeywordForPlatform(KeywordExecutor.groovy:74)
	at com.kms.katalon.core.webui.keyword.WebUiBuiltInKeywords.click(WebUiBuiltInKeywords.groovy:684)
	at Filter Tagihan.run(Filter Tagihan:62)
	at com.kms.katalon.core.main.ScriptEngine.run(ScriptEngine.java:194)
	at com.kms.katalon.core.main.ScriptEngine.runScriptAsRawText(ScriptEngine.java:119)
	at com.kms.katalon.core.main.TestCaseExecutor.runScript(TestCaseExecutor.java:448)
	at com.kms.katalon.core.main.TestCaseExecutor.doExecute(TestCaseExecutor.java:439)
	at com.kms.katalon.core.main.TestCaseExecutor.processExecutionPhase(TestCaseExecutor.java:418)
	at com.kms.katalon.core.main.TestCaseExecutor.accessMainPhase(TestCaseExecutor.java:410)
	at com.kms.katalon.core.main.TestCaseExecutor.execute(TestCaseExecutor.java:285)
	at com.kms.katalon.core.main.TestCaseMain.runTestCase(TestCaseMain.java:133)
	at com.kms.katalon.core.keyword.builtin.CallTestCaseKeyword$_callTestCase_closure1.doCall(CallTestCaseKeyword.groovy:59)
	at com.kms.katalon.core.keyword.builtin.CallTestCaseKeyword$_callTestCase_closure1.call(CallTestCaseKeyword.groovy)
	at com.kms.katalon.core.keyword.internal.KeywordMain.runKeyword(KeywordMain.groovy:75)
	at com.kms.katalon.core.keyword.builtin.CallTestCaseKeyword.callTestCase(CallTestCaseKeyword.groovy:81)
	at com.kms.katalon.core.keyword.builtin.CallTestCaseKeyword.execute(CallTestCaseKeyword.groovy:44)
	at com.kms.katalon.core.keyword.internal.KeywordExecutor.executeKeywordForPlatform(KeywordExecutor.groovy:74)
	at com.kms.katalon.core.keyword.BuiltinKeywords.callTestCase(BuiltinKeywords.groovy:310)
	at jdk.internal.reflect.GeneratedMethodAccessor48.invoke(Unknown Source)
	at java.base/jdk.internal.reflect.DelegatingMethodAccessorImpl.invoke(DelegatingMethodAccessorImpl.java:43)
	at Regresi Tagihan.run(Regresi Tagihan:22)
	at com.kms.katalon.core.main.ScriptEngine.run(ScriptEngine.java:194)
	at com.kms.katalon.core.main.ScriptEngine.runScriptAsRawText(ScriptEngine.java:119)
	at com.kms.katalon.core.main.TestCaseExecutor.runScript(TestCaseExecutor.java:448)
	at com.kms.katalon.core.main.TestCaseExecutor.doExecute(TestCaseExecutor.java:439)
	at com.kms.katalon.core.main.TestCaseExecutor.processExecutionPhase(TestCaseExecutor.java:418)
	at com.kms.katalon.core.main.TestCaseExecutor.accessMainPhase(TestCaseExecutor.java:410)
	at com.kms.katalon.core.main.TestCaseExecutor.execute(TestCaseExecutor.java:285)
	at com.kms.katalon.core.common.CommonExecutor.accessTestCaseMainPhase(CommonExecutor.java:65)
	at com.kms.katalon.core.main.TestSuiteExecutor.accessTestSuiteMainPhase(TestSuiteExecutor.java:161)
	at com.kms.katalon.core.main.TestSuiteExecutor.execute(TestSuiteExecutor.java:107)
	at com.kms.katalon.core.main.TestCaseMain.startTestSuite(TestCaseMain.java:176)
	at TempTestSuite1735878642439.run(TempTestSuite1735878642439.groovy:35)
	at java.base/jdk.internal.reflect.NativeMethodAccessorImpl.invoke0(Native Method)
	at java.base/jdk.internal.reflect.NativeMethodAccessorImpl.invoke(NativeMethodAccessorImpl.java:77)
	at java.base/jdk.internal.reflect.DelegatingMethodAccessorImpl.invoke(DelegatingMethodAccessorImpl.java:43)
Caused by: com.kms.katalon.core.webui.exception.WebElementNotFoundException: Web element with id: 'Object Repository/Master Data/Admin Sekolah/Filter Tagihan/CIMB' located by '//div[@data-testid='option-91' and .//p[@data-testid='paragraph' and text()='CIMB - 1223123123']]' not found
	at com.kms.katalon.core.webui.common.WebUiCommonHelper.findWebElement(WebUiCommonHelper.java:1426)
	at com.kms.katalon.core.webui.keyword.internal.WebUIAbstractKeyword.findWebElement(WebUIAbstractKeyword.groovy:27)
	at com.kms.katalon.core.webui.keyword.builtin.ClickKeyword$_click_closure1.doCall(ClickKeyword.groovy:66)
	at com.kms.katalon.core.webui.keyword.builtin.ClickKeyword$_click_closure1.call(ClickKeyword.groovy)
	at com.kms.katalon.core.webui.keyword.internal.WebUIKeywordMain.runKeyword(WebUIKeywordMain.groovy:35)
	at com.kms.katalon.core.webui.keyword.builtin.ClickKeyword.click(ClickKeyword.groovy:75)
	at com.kms.katalon.core.webui.keyword.builtin.ClickKeyword.execute(ClickKeyword.groovy:40)
	at com.kms.katalon.core.keyword.internal.KeywordExecutor.executeKeywordForPlatform(KeywordExecutor.groovy:74)
	at com.kms.katalon.core.webui.keyword.WebUiBuiltInKeywords.click(WebUiBuiltInKeywords.groovy:684)
	at Script1731485365054.run(Script1731485365054.groovy:62)
	at com.kms.katalon.core.main.ScriptEngine.run(ScriptEngine.java:194)
	at com.kms.katalon.core.main.ScriptEngine.runScriptAsRawText(ScriptEngine.java:119)
	at com.kms.katalon.core.main.TestCaseExecutor.runScript(TestCaseExecutor.java:448)
	at com.kms.katalon.core.main.TestCaseExecutor.doExecute(TestCaseExecutor.java:439)
	at com.kms.katalon.core.main.TestCaseExecutor.processExecutionPhase(TestCaseExecutor.java:418)
	at com.kms.katalon.core.main.TestCaseExecutor.accessMainPhase(TestCaseExecutor.java:410)
	at com.kms.katalon.core.main.TestCaseExecutor.execute(TestCaseExecutor.java:285)
	at com.kms.katalon.core.main.TestCaseMain.runTestCase(TestCaseMain.java:133)
	at com.kms.katalon.core.keyword.builtin.CallTestCaseKeyword$_callTestCase_closure1.doCall(CallTestCaseKeyword.groovy:59)
	at com.kms.katalon.core.keyword.builtin.CallTestCaseKeyword$_callTestCase_closure1.call(CallTestCaseKeyword.groovy)
	at com.kms.katalon.core.keyword.internal.KeywordMain.runKeyword(KeywordMain.groovy:75)
	at com.kms.katalon.core.keyword.builtin.CallTestCaseKeyword.callTestCase(CallTestCaseKeyword.groovy:81)
	at com.kms.katalon.core.keyword.builtin.CallTestCaseKeyword.execute(CallTestCaseKeyword.groovy:44)
	at com.kms.katalon.core.keyword.internal.KeywordExecutor.executeKeywordForPlatform(KeywordExecutor.groovy:74)
	at com.kms.katalon.core.keyword.BuiltinKeywords.callTestCase(BuiltinKeywords.groovy:310)
	at jdk.internal.reflect.GeneratedMethodAccessor48.invoke(Unknown Source)
	at java.base/jdk.internal.reflect.DelegatingMethodAccessorImpl.invoke(DelegatingMethodAccessorImpl.java:43)
	at Script1735746434271.run(Script1735746434271.groovy:22)
	... 15 more
)

03-01-2025T11:42:49 - [MESSAGE][INFO] - Unable to find the element located by 'By.xpath: //div[@data-testid='option-91' and .//p[@data-testid='paragraph' and text()='CIMB - 1223123123']]'. Please recheck the objects properties to make sure the desired element is located. 

03-01-2025T11:42:49 - [MESSAGE][WARNING] - [SELF-HEALING] Failed to find element with id 'Object Repository/Master Data/Admin Sekolah/Filter Tagihan/CIMB'. Try using Self-healing.

03-01-2025T11:42:50 - [MESSAGE][INFO] - [SELF-HEALING] No working XPath is found.

03-01-2025T11:42:51 - [MESSAGE][WARNING] - [SELF-HEALING] invalid selector
from javascript error: {"status":32,"value":"Unable to locate an element with the xpath expression  because of the following error:\nSyntaxError: Failed to execute 'evaluate' on 'Document': The string '' is not a valid XPath expression."}
  (Session info: chrome=131.0.6778.205)
For documentation on this error, please visit: https://www.selenium.dev/documentation/webdriver/troubleshooting/errors#invalid-selector-exception
Build info: version: '4.22.0', revision: 'c5f3146703'
System info: os.name: 'Windows 11', os.arch: 'amd64', os.version: '10.0', java.version: '17.0.7'
Driver info: com.kms.katalon.selenium.driver.CChromeDriver
Command: [8fba14801bd5f7d4bee7f6a7270b688f, findElements {value=, using=xpath}]
Capabilities {acceptInsecureCerts: false, browserName: chrome, browserVersion: 131.0.6778.205, chrome: {chromedriverVersion: 130.0.6723.58 (3a50e012e4c9..., userDataDir: C:\Users\henri\AppData\Loca...}, fedcm:accounts: true, goog:chromeOptions: {debuggerAddress: localhost:64272}, networkConnectionEnabled: false, pageLoadStrategy: normal, platformName: windows, proxy: Proxy(), se:cdp: ws://localhost:64272/devtoo..., se:cdpVersion: 131.0.6778.205, setWindowRect: true, strictFileInteractability: false, timeouts: {implicit: 0, pageLoad: 300000, script: 30000}, unhandledPromptBehavior: ignore, webSocketUrl: ws://localhost:26771/sessio..., webauthn:extension:credBlob: true, webauthn:extension:largeBlob: true, webauthn:extension:minPinLength: true, webauthn:extension:prf: true, webauthn:virtualAuthenticators: true}
Session ID: 8fba14801bd5f7d4bee7f6a7270b688f

03-01-2025T11:42:51 - [MESSAGE][WARNING] - [SELF-HEALING] Cannot find elements when the selector is null

03-01-2025T11:42:52 - [MESSAGE][FAILED] - Unable to click on object 'Object Repository/Master Data/Admin Sekolah/Filter Tagihan/CIMB' (Root cause: com.kms.katalon.core.exception.StepFailedException: Unable to click on object 'Object Repository/Master Data/Admin Sekolah/Filter Tagihan/CIMB'
	at com.kms.katalon.core.webui.keyword.internal.WebUIKeywordMain.stepFailed(WebUIKeywordMain.groovy:117)
	at com.kms.katalon.core.webui.keyword.internal.WebUIKeywordMain.runKeyword(WebUIKeywordMain.groovy:43)
	at com.kms.katalon.core.webui.keyword.builtin.ClickKeyword.click(ClickKeyword.groovy:75)
	at com.kms.katalon.core.webui.keyword.builtin.ClickKeyword.execute(ClickKeyword.groovy:40)
	at com.kms.katalon.core.keyword.internal.KeywordExecutor.executeKeywordForPlatform(KeywordExecutor.groovy:74)
	at com.kms.katalon.core.webui.keyword.WebUiBuiltInKeywords.click(WebUiBuiltInKeywords.groovy:684)
	at Filter Tagihan.run(Filter Tagihan:62)
	at com.kms.katalon.core.main.ScriptEngine.run(ScriptEngine.java:194)
	at com.kms.katalon.core.main.ScriptEngine.runScriptAsRawText(ScriptEngine.java:119)
	at com.kms.katalon.core.main.TestCaseExecutor.runScript(TestCaseExecutor.java:448)
	at com.kms.katalon.core.main.TestCaseExecutor.doExecute(TestCaseExecutor.java:439)
	at com.kms.katalon.core.main.TestCaseExecutor.processExecutionPhase(TestCaseExecutor.java:418)
	at com.kms.katalon.core.main.TestCaseExecutor.accessMainPhase(TestCaseExecutor.java:410)
	at com.kms.katalon.core.main.TestCaseExecutor.execute(TestCaseExecutor.java:285)
	at com.kms.katalon.core.main.TestCaseMain.runTestCase(TestCaseMain.java:133)
	at com.kms.katalon.core.keyword.builtin.CallTestCaseKeyword$_callTestCase_closure1.doCall(CallTestCaseKeyword.groovy:59)
	at com.kms.katalon.core.keyword.builtin.CallTestCaseKeyword$_callTestCase_closure1.call(CallTestCaseKeyword.groovy)
	at com.kms.katalon.core.keyword.internal.KeywordMain.runKeyword(KeywordMain.groovy:75)
	at com.kms.katalon.core.keyword.builtin.CallTestCaseKeyword.callTestCase(CallTestCaseKeyword.groovy:81)
	at com.kms.katalon.core.keyword.builtin.CallTestCaseKeyword.execute(CallTestCaseKeyword.groovy:44)
	at com.kms.katalon.core.keyword.internal.KeywordExecutor.executeKeywordForPlatform(KeywordExecutor.groovy:74)
	at com.kms.katalon.core.keyword.BuiltinKeywords.callTestCase(BuiltinKeywords.groovy:310)
	at jdk.internal.reflect.GeneratedMethodAccessor48.invoke(Unknown Source)
	at java.base/jdk.internal.reflect.DelegatingMethodAccessorImpl.invoke(DelegatingMethodAccessorImpl.java:43)
	at Regresi Tagihan.run(Regresi Tagihan:22)
	at com.kms.katalon.core.main.ScriptEngine.run(ScriptEngine.java:194)
	at com.kms.katalon.core.main.ScriptEngine.runScriptAsRawText(ScriptEngine.java:119)
	at com.kms.katalon.core.main.TestCaseExecutor.runScript(TestCaseExecutor.java:448)
	at com.kms.katalon.core.main.TestCaseExecutor.doExecute(TestCaseExecutor.java:439)
	at com.kms.katalon.core.main.TestCaseExecutor.processExecutionPhase(TestCaseExecutor.java:418)
	at com.kms.katalon.core.main.TestCaseExecutor.accessMainPhase(TestCaseExecutor.java:410)
	at com.kms.katalon.core.main.TestCaseExecutor.execute(TestCaseExecutor.java:285)
	at com.kms.katalon.core.common.CommonExecutor.accessTestCaseMainPhase(CommonExecutor.java:65)
	at com.kms.katalon.core.main.TestSuiteExecutor.accessTestSuiteMainPhase(TestSuiteExecutor.java:161)
	at com.kms.katalon.core.main.TestSuiteExecutor.execute(TestSuiteExecutor.java:107)
	at com.kms.katalon.core.main.TestCaseMain.startTestSuite(TestCaseMain.java:176)
	at TempTestSuite1735878642439.run(TempTestSuite1735878642439.groovy:35)
	at java.base/jdk.internal.reflect.NativeMethodAccessorImpl.invoke0(Native Method)
	at java.base/jdk.internal.reflect.NativeMethodAccessorImpl.invoke(NativeMethodAccessorImpl.java:77)
	at java.base/jdk.internal.reflect.DelegatingMethodAccessorImpl.invoke(DelegatingMethodAccessorImpl.java:43)
Caused by: com.kms.katalon.core.webui.exception.WebElementNotFoundException: Web element with id: 'Object Repository/Master Data/Admin Sekolah/Filter Tagihan/CIMB' located by '//div[@data-testid='option-91' and .//p[@data-testid='paragraph' and text()='CIMB - 1223123123']]' not found
	at com.kms.katalon.core.webui.common.WebUiCommonHelper.findWebElement(WebUiCommonHelper.java:1426)
	at com.kms.katalon.core.webui.keyword.internal.WebUIAbstractKeyword.findWebElement(WebUIAbstractKeyword.groovy:27)
	at com.kms.katalon.core.webui.keyword.builtin.ClickKeyword$_click_closure1.doCall(ClickKeyword.groovy:66)
	at com.kms.katalon.core.webui.keyword.builtin.ClickKeyword$_click_closure1.call(ClickKeyword.groovy)
	at com.kms.katalon.core.webui.keyword.internal.WebUIKeywordMain.runKeyword(WebUIKeywordMain.groovy:35)
	at com.kms.katalon.core.webui.keyword.builtin.ClickKeyword.click(ClickKeyword.groovy:75)
	at com.kms.katalon.core.webui.keyword.builtin.ClickKeyword.execute(ClickKeyword.groovy:40)
	at com.kms.katalon.core.keyword.internal.KeywordExecutor.executeKeywordForPlatform(KeywordExecutor.groovy:74)
	at com.kms.katalon.core.webui.keyword.WebUiBuiltInKeywords.click(WebUiBuiltInKeywords.groovy:684)
	at Script1731485365054.run(Script1731485365054.groovy:62)
	at com.kms.katalon.core.main.ScriptEngine.run(ScriptEngine.java:194)
	at com.kms.katalon.core.main.ScriptEngine.runScriptAsRawText(ScriptEngine.java:119)
	at com.kms.katalon.core.main.TestCaseExecutor.runScript(TestCaseExecutor.java:448)
	at com.kms.katalon.core.main.TestCaseExecutor.doExecute(TestCaseExecutor.java:439)
	at com.kms.katalon.core.main.TestCaseExecutor.processExecutionPhase(TestCaseExecutor.java:418)
	at com.kms.katalon.core.main.TestCaseExecutor.accessMainPhase(TestCaseExecutor.java:410)
	at com.kms.katalon.core.main.TestCaseExecutor.execute(TestCaseExecutor.java:285)
	at com.kms.katalon.core.main.TestCaseMain.runTestCase(TestCaseMain.java:133)
	at com.kms.katalon.core.keyword.builtin.CallTestCaseKeyword$_callTestCase_closure1.doCall(CallTestCaseKeyword.groovy:59)
	at com.kms.katalon.core.keyword.builtin.CallTestCaseKeyword$_callTestCase_closure1.call(CallTestCaseKeyword.groovy)
	at com.kms.katalon.core.keyword.internal.KeywordMain.runKeyword(KeywordMain.groovy:75)
	at com.kms.katalon.core.keyword.builtin.CallTestCaseKeyword.callTestCase(CallTestCaseKeyword.groovy:81)
	at com.kms.katalon.core.keyword.builtin.CallTestCaseKeyword.execute(CallTestCaseKeyword.groovy:44)
	at com.kms.katalon.core.keyword.internal.KeywordExecutor.executeKeywordForPlatform(KeywordExecutor.groovy:74)
	at com.kms.katalon.core.keyword.BuiltinKeywords.callTestCase(BuiltinKeywords.groovy:310)
	at jdk.internal.reflect.GeneratedMethodAccessor48.invoke(Unknown Source)
	at java.base/jdk.internal.reflect.DelegatingMethodAccessorImpl.invoke(DelegatingMethodAccessorImpl.java:43)
	at Script1735746434271.run(Script1735746434271.groovy:22)
	... 15 more
)
[[ATTACHMENT|C:\\Users\\henri\\Videos\\school-payment-automation-testing\\Reports\\20250103_113042\\SPRINT 1\\20250103_113042\\1735879371988.png]]

03-01-2025T11:42:52 - [TEST_STEP][PASSED] - delay(1, CONTINUE_ON_FAILURE): Delayed 1 second(s)

03-01-2025T11:42:53 - [MESSAGE][PASSED] - Delayed 1 second(s)

03-01-2025T11:42:53 - [TEST_STEP][PASSED] - click(findTestObject("Master Data/Admin Sekolah/Filter Tagihan/Button Terapkan"), CONTINUE_ON_FAILURE): Object: 'Object Repository/Master Data/Admin Sekolah/Filter Tagihan/Button Terapkan' is clicked on

03-01-2025T11:42:53 - [MESSAGE][PASSED] - Object: 'Object Repository/Master Data/Admin Sekolah/Filter Tagihan/Button Terapkan' is clicked on

03-01-2025T11:42:53 - [MESSAGE][FAILED] - Unable to call Test Case 'Test Cases/Master Data/Admin Sekolah/Master Data Tagihan/Filter Tagihan' (Root cause: com.kms.katalon.core.exception.StepFailedException: Call Test Case 'Test Cases/Master Data/Admin Sekolah/Master Data Tagihan/Filter Tagihan' failed
	at com.kms.katalon.core.keyword.builtin.CallTestCaseKeyword$_callTestCase_closure1.doCall(CallTestCaseKeyword.groovy:63)
	at com.kms.katalon.core.keyword.builtin.CallTestCaseKeyword$_callTestCase_closure1.call(CallTestCaseKeyword.groovy)
	at com.kms.katalon.core.keyword.internal.KeywordMain.runKeyword(KeywordMain.groovy:75)
	at com.kms.katalon.core.keyword.builtin.CallTestCaseKeyword.callTestCase(CallTestCaseKeyword.groovy:81)
	at com.kms.katalon.core.keyword.builtin.CallTestCaseKeyword.execute(CallTestCaseKeyword.groovy:44)
	at com.kms.katalon.core.keyword.internal.KeywordExecutor.executeKeywordForPlatform(KeywordExecutor.groovy:74)
	at com.kms.katalon.core.keyword.BuiltinKeywords.callTestCase(BuiltinKeywords.groovy:310)
	at jdk.internal.reflect.GeneratedMethodAccessor48.invoke(Unknown Source)
	at java.base/jdk.internal.reflect.DelegatingMethodAccessorImpl.invoke(DelegatingMethodAccessorImpl.java:43)
	at Regresi Tagihan.run(Regresi Tagihan:22)
	at com.kms.katalon.core.main.ScriptEngine.run(ScriptEngine.java:194)
	at com.kms.katalon.core.main.ScriptEngine.runScriptAsRawText(ScriptEngine.java:119)
	at com.kms.katalon.core.main.TestCaseExecutor.runScript(TestCaseExecutor.java:448)
	at com.kms.katalon.core.main.TestCaseExecutor.doExecute(TestCaseExecutor.java:439)
	at com.kms.katalon.core.main.TestCaseExecutor.processExecutionPhase(TestCaseExecutor.java:418)
	at com.kms.katalon.core.main.TestCaseExecutor.accessMainPhase(TestCaseExecutor.java:410)
	at com.kms.katalon.core.main.TestCaseExecutor.execute(TestCaseExecutor.java:285)
	at com.kms.katalon.core.common.CommonExecutor.accessTestCaseMainPhase(CommonExecutor.java:65)
	at com.kms.katalon.core.main.TestSuiteExecutor.accessTestSuiteMainPhase(TestSuiteExecutor.java:161)
	at com.kms.katalon.core.main.TestSuiteExecutor.execute(TestSuiteExecutor.java:107)
	at com.kms.katalon.core.main.TestCaseMain.startTestSuite(TestCaseMain.java:176)
	at TempTestSuite1735878642439.run(TempTestSuite1735878642439.groovy:35)
	at java.base/jdk.internal.reflect.NativeMethodAccessorImpl.invoke0(Native Method)
	at java.base/jdk.internal.reflect.NativeMethodAccessorImpl.invoke(NativeMethodAccessorImpl.java:77)
	at java.base/jdk.internal.reflect.DelegatingMethodAccessorImpl.invoke(DelegatingMethodAccessorImpl.java:43)
Caused by: com.kms.katalon.core.exception.StepFailedException: Unable to click on object 'Object Repository/Master Data/Admin Sekolah/Filter Tagihan/CIMB' (Root cause: com.kms.katalon.core.exception.StepFailedException: Unable to click on object 'Object Repository/Master Data/Admin Sekolah/Filter Tagihan/CIMB'
	at com.kms.katalon.core.webui.keyword.internal.WebUIKeywordMain.stepFailed(WebUIKeywordMain.groovy:117)
	at com.kms.katalon.core.webui.keyword.internal.WebUIKeywordMain.runKeyword(WebUIKeywordMain.groovy:43)
	at com.kms.katalon.core.webui.keyword.builtin.ClickKeyword.click(ClickKeyword.groovy:75)
	at com.kms.katalon.core.webui.keyword.builtin.ClickKeyword.execute(ClickKeyword.groovy:40)
	at com.kms.katalon.core.keyword.internal.KeywordExecutor.executeKeywordForPlatform(KeywordExecutor.groovy:74)
	at com.kms.katalon.core.webui.keyword.WebUiBuiltInKeywords.click(WebUiBuiltInKeywords.groovy:684)
	at Filter Tagihan.run(Filter Tagihan:62)
	at com.kms.katalon.core.main.ScriptEngine.run(ScriptEngine.java:194)
	at com.kms.katalon.core.main.ScriptEngine.runScriptAsRawText(ScriptEngine.java:119)
	at com.kms.katalon.core.main.TestCaseExecutor.runScript(TestCaseExecutor.java:448)
	at com.kms.katalon.core.main.TestCaseExecutor.doExecute(TestCaseExecutor.java:439)
	at com.kms.katalon.core.main.TestCaseExecutor.processExecutionPhase(TestCaseExecutor.java:418)
	at com.kms.katalon.core.main.TestCaseExecutor.accessMainPhase(TestCaseExecutor.java:410)
	at com.kms.katalon.core.main.TestCaseExecutor.execute(TestCaseExecutor.java:285)
	at com.kms.katalon.core.main.TestCaseMain.runTestCase(TestCaseMain.java:133)
	at com.kms.katalon.core.keyword.builtin.CallTestCaseKeyword$_callTestCase_closure1.doCall(CallTestCaseKeyword.groovy:59)
	at com.kms.katalon.core.keyword.builtin.CallTestCaseKeyword$_callTestCase_closure1.call(CallTestCaseKeyword.groovy)
	at com.kms.katalon.core.keyword.internal.KeywordMain.runKeyword(KeywordMain.groovy:75)
	at com.kms.katalon.core.keyword.builtin.CallTestCaseKeyword.callTestCase(CallTestCaseKeyword.groovy:81)
	at com.kms.katalon.core.keyword.builtin.CallTestCaseKeyword.execute(CallTestCaseKeyword.groovy:44)
	at com.kms.katalon.core.keyword.internal.KeywordExecutor.executeKeywordForPlatform(KeywordExecutor.groovy:74)
	at com.kms.katalon.core.keyword.BuiltinKeywords.callTestCase(BuiltinKeywords.groovy:310)
	at jdk.internal.reflect.GeneratedMethodAccessor48.invoke(Unknown Source)
	at java.base/jdk.internal.reflect.DelegatingMethodAccessorImpl.invoke(DelegatingMethodAccessorImpl.java:43)
	at Regresi Tagihan.run(Regresi Tagihan:22)
	at com.kms.katalon.core.main.ScriptEngine.run(ScriptEngine.java:194)
	at com.kms.katalon.core.main.ScriptEngine.runScriptAsRawText(ScriptEngine.java:119)
	at com.kms.katalon.core.main.TestCaseExecutor.runScript(TestCaseExecutor.java:448)
	at com.kms.katalon.core.main.TestCaseExecutor.doExecute(TestCaseExecutor.java:439)
	at com.kms.katalon.core.main.TestCaseExecutor.processExecutionPhase(TestCaseExecutor.java:418)
	at com.kms.katalon.core.main.TestCaseExecutor.accessMainPhase(TestCaseExecutor.java:410)
	at com.kms.katalon.core.main.TestCaseExecutor.execute(TestCaseExecutor.java:285)
	at com.kms.katalon.core.common.CommonExecutor.accessTestCaseMainPhase(CommonExecutor.java:65)
	at com.kms.katalon.core.main.TestSuiteExecutor.accessTestSuiteMainPhase(TestSuiteExecutor.java:161)
	at com.kms.katalon.core.main.TestSuiteExecutor.execute(TestSuiteExecutor.java:107)
	at com.kms.katalon.core.main.TestCaseMain.startTestSuite(TestCaseMain.java:176)
	at TempTestSuite1735878642439.run(TempTestSuite1735878642439.groovy:35)
	at java.base/jdk.internal.reflect.NativeMethodAccessorImpl.invoke0(Native Method)
	at java.base/jdk.internal.reflect.NativeMethodAccessorImpl.invoke(NativeMethodAccessorImpl.java:77)
	at java.base/jdk.internal.reflect.DelegatingMethodAccessorImpl.invoke(DelegatingMethodAccessorImpl.java:43)
Caused by: com.kms.katalon.core.webui.exception.WebElementNotFoundException: Web element with id: 'Object Repository/Master Data/Admin Sekolah/Filter Tagihan/CIMB' located by '//div[@data-testid='option-91' and .//p[@data-testid='paragraph' and text()='CIMB - 1223123123']]' not found
	at com.kms.katalon.core.webui.common.WebUiCommonHelper.findWebElement(WebUiCommonHelper.java:1426)
	at com.kms.katalon.core.webui.keyword.internal.WebUIAbstractKeyword.findWebElement(WebUIAbstractKeyword.groovy:27)
	at com.kms.katalon.core.webui.keyword.builtin.ClickKeyword$_click_closure1.doCall(ClickKeyword.groovy:66)
	at com.kms.katalon.core.webui.keyword.builtin.ClickKeyword$_click_closure1.call(ClickKeyword.groovy)
	at com.kms.katalon.core.webui.keyword.internal.WebUIKeywordMain.runKeyword(WebUIKeywordMain.groovy:35)
	at com.kms.katalon.core.webui.keyword.builtin.ClickKeyword.click(ClickKeyword.groovy:75)
	at com.kms.katalon.core.webui.keyword.builtin.ClickKeyword.execute(ClickKeyword.groovy:40)
	at com.kms.katalon.core.keyword.internal.KeywordExecutor.executeKeywordForPlatform(KeywordExecutor.groovy:74)
	at com.kms.katalon.core.webui.keyword.WebUiBuiltInKeywords.click(WebUiBuiltInKeywords.groovy:684)
	at Script1731485365054.run(Script1731485365054.groovy:62)
	at com.kms.katalon.core.main.ScriptEngine.run(ScriptEngine.java:194)
	at com.kms.katalon.core.main.ScriptEngine.runScriptAsRawText(ScriptEngine.java:119)
	at com.kms.katalon.core.main.TestCaseExecutor.runScript(TestCaseExecutor.java:448)
	at com.kms.katalon.core.main.TestCaseExecutor.doExecute(TestCaseExecutor.java:439)
	at com.kms.katalon.core.main.TestCaseExecutor.processExecutionPhase(TestCaseExecutor.java:418)
	at com.kms.katalon.core.main.TestCaseExecutor.accessMainPhase(TestCaseExecutor.java:410)
	at com.kms.katalon.core.main.TestCaseExecutor.execute(TestCaseExecutor.java:285)
	at com.kms.katalon.core.main.TestCaseMain.runTestCase(TestCaseMain.java:133)
	at com.kms.katalon.core.keyword.builtin.CallTestCaseKeyword$_callTestCase_closure1.doCall(CallTestCaseKeyword.groovy:59)
	at com.kms.katalon.core.keyword.builtin.CallTestCaseKeyword$_callTestCase_closure1.call(CallTestCaseKeyword.groovy)
	at com.kms.katalon.core.keyword.internal.KeywordMain.runKeyword(KeywordMain.groovy:75)
	at com.kms.katalon.core.keyword.builtin.CallTestCaseKeyword.callTestCase(CallTestCaseKeyword.groovy:81)
	at com.kms.katalon.core.keyword.builtin.CallTestCaseKeyword.execute(CallTestCaseKeyword.groovy:44)
	at com.kms.katalon.core.keyword.internal.KeywordExecutor.executeKeywordForPlatform(KeywordExecutor.groovy:74)
	at com.kms.katalon.core.keyword.BuiltinKeywords.callTestCase(BuiltinKeywords.groovy:310)
	at jdk.internal.reflect.GeneratedMethodAccessor48.invoke(Unknown Source)
	at java.base/jdk.internal.reflect.DelegatingMethodAccessorImpl.invoke(DelegatingMethodAccessorImpl.java:43)
	at Script1735746434271.run(Script1735746434271.groovy:22)
	... 15 more
)
	at com.kms.katalon.core.keyword.internal.KeywordMain.stepFailed(KeywordMain.groovy:39)
	at com.kms.katalon.core.webui.keyword.internal.WebUIKeywordMain.stepFailed(WebUIKeywordMain.groovy:117)
	at com.kms.katalon.core.webui.keyword.internal.WebUIKeywordMain.runKeyword(WebUIKeywordMain.groovy:43)
	at com.kms.katalon.core.webui.keyword.builtin.ClickKeyword.click(ClickKeyword.groovy:75)
	at com.kms.katalon.core.webui.keyword.builtin.ClickKeyword.execute(ClickKeyword.groovy:40)
	at com.kms.katalon.core.keyword.internal.KeywordExecutor.executeKeywordForPlatform(KeywordExecutor.groovy:74)
	at com.kms.katalon.core.webui.keyword.WebUiBuiltInKeywords.click(WebUiBuiltInKeywords.groovy:684)
	at Filter Tagihan.run(Filter Tagihan:62)
	at com.kms.katalon.core.main.ScriptEngine.run(ScriptEngine.java:194)
	at com.kms.katalon.core.main.ScriptEngine.runScriptAsRawText(ScriptEngine.java:119)
	at com.kms.katalon.core.main.TestCaseExecutor.runScript(TestCaseExecutor.java:448)
	at com.kms.katalon.core.main.TestCaseExecutor.doExecute(TestCaseExecutor.java:439)
	at com.kms.katalon.core.main.TestCaseExecutor.processExecutionPhase(TestCaseExecutor.java:418)
	at com.kms.katalon.core.main.TestCaseExecutor.accessMainPhase(TestCaseExecutor.java:410)
	at com.kms.katalon.core.main.TestCaseExecutor.execute(TestCaseExecutor.java:285)
	at com.kms.katalon.core.main.TestCaseMain.runTestCase(TestCaseMain.java:133)
	at com.kms.katalon.core.keyword.builtin.CallTestCaseKeyword$_callTestCase_closure1.doCall(CallTestCaseKeyword.groovy:59)
	... 24 more
Caused by: com.kms.katalon.core.exception.StepFailedException: Unable to click on object 'Object Repository/Master Data/Admin Sekolah/Filter Tagihan/CIMB'
	... 40 more
Caused by: com.kms.katalon.core.webui.exception.WebElementNotFoundException: Web element with id: 'Object Repository/Master Data/Admin Sekolah/Filter Tagihan/CIMB' located by '//div[@data-testid='option-91' and .//p[@data-testid='paragraph' and text()='CIMB - 1223123123']]' not found
	at com.kms.katalon.core.webui.common.WebUiCommonHelper.findWebElement(WebUiCommonHelper.java:1426)
	at com.kms.katalon.core.webui.keyword.internal.WebUIAbstractKeyword.findWebElement(WebUIAbstractKeyword.groovy:27)
	at com.kms.katalon.core.webui.keyword.builtin.ClickKeyword$_click_closure1.doCall(ClickKeyword.groovy:66)
	at com.kms.katalon.core.webui.keyword.builtin.ClickKeyword$_click_closure1.call(ClickKeyword.groovy)
	at com.kms.katalon.core.webui.keyword.internal.WebUIKeywordMain.runKeyword(WebUIKeywordMain.groovy:35)
	... 38 more
)

03-01-2025T11:42:53 - [TEST_STEP][PASSED] - callTestCase(findTestCase("Test Cases/Master Data/Admin Sekolah/Master Data Tagihan/Lihat Tagihan"), [:], CONTINUE_ON_FAILURE): Call Test Case 'Test Cases/Master Data/Admin Sekolah/Master Data Tagihan/Lihat Tagihan' successfully

03-01-2025T11:42:53 - [TEST_CASE][PASSED] - Test Cases/Master Data/Admin Sekolah/Master Data Tagihan/Lihat Tagihan: Test Cases/Master Data/Admin Sekolah/Master Data Tagihan/Lihat Tagihan

03-01-2025T11:42:53 - [TEST_STEP][PASSED] - openBrowser("", CONTINUE_ON_FAILURE): Browser is opened with url: ''

03-01-2025T11:42:53 - [MESSAGE][WARNING] - A browser is already opened. Closing browser and opening a new one

03-01-2025T11:42:53 - [MESSAGE][INFO] - Starting 'Chrome' driver

03-01-2025T11:42:53 - [MESSAGE][INFO] - Action delay is set to 0 milliseconds

03-01-2025T11:42:54 - [MESSAGE][PASSED] - Browser is opened with url: ''

03-01-2025T11:42:54 - [TEST_STEP][PASSED] - navigateToUrl("https://sit.siprusedu.com/login", CONTINUE_ON_FAILURE): Navigate to 'https://sit.siprusedu.com/login' successfully

03-01-2025T11:42:54 - [MESSAGE][PASSED] - Navigate to 'https://sit.siprusedu.com/login' successfully

03-01-2025T11:42:54 - [TEST_STEP][PASSED] - click(findTestObject("Master Data/Admin Sekolah/Login/Field Email"), CONTINUE_ON_FAILURE): Object: 'Object Repository/Master Data/Admin Sekolah/Login/Field Email' is clicked on

03-01-2025T11:42:56 - [MESSAGE][PASSED] - Object: 'Object Repository/Master Data/Admin Sekolah/Login/Field Email' is clicked on

03-01-2025T11:42:56 - [TEST_STEP][PASSED] - setText(findTestObject("Master Data/Admin Sekolah/Login/Field Email"), "admin.gudangsolusi@digiform.co.id", CONTINUE_ON_FAILURE): Text 'admin.gudangsolusi@digiform.co.id' is set on object 'Object Repository/Master Data/Admin Sekolah/Login/Field Email'

03-01-2025T11:42:57 - [MESSAGE][PASSED] - Text 'admin.gudangsolusi@digiform.co.id' is set on object 'Object Repository/Master Data/Admin Sekolah/Login/Field Email'

03-01-2025T11:42:57 - [TEST_STEP][PASSED] - click(findTestObject("Master Data/Admin Sekolah/Login/Input Password"), CONTINUE_ON_FAILURE): Object: 'Object Repository/Master Data/Admin Sekolah/Login/Input Password' is clicked on

03-01-2025T11:42:57 - [MESSAGE][PASSED] - Object: 'Object Repository/Master Data/Admin Sekolah/Login/Input Password' is clicked on

03-01-2025T11:42:57 - [TEST_STEP][PASSED] - setText(findTestObject("Master Data/Admin Sekolah/Login/Input Password"), "Test1234", CONTINUE_ON_FAILURE): Text 'Test1234' is set on object 'Object Repository/Master Data/Admin Sekolah/Login/Input Password'

03-01-2025T11:42:57 - [MESSAGE][PASSED] - Text 'Test1234' is set on object 'Object Repository/Master Data/Admin Sekolah/Login/Input Password'

03-01-2025T11:42:57 - [TEST_STEP][PASSED] - click(findTestObject("Master Data/Admin Sekolah/Login/Button Submit"), CONTINUE_ON_FAILURE): Object: 'Object Repository/Master Data/Admin Sekolah/Login/Button Submit' is clicked on

03-01-2025T11:42:58 - [MESSAGE][PASSED] - Object: 'Object Repository/Master Data/Admin Sekolah/Login/Button Submit' is clicked on

03-01-2025T11:42:58 - [TEST_STEP][PASSED] - click(findTestObject("Master Data/Admin Sekolah/Lihat Tagihan/Menu Master Data"), CONTINUE_ON_FAILURE): Object: 'Object Repository/Master Data/Admin Sekolah/Lihat Tagihan/Menu Master Data' is clicked on

03-01-2025T11:42:59 - [MESSAGE][PASSED] - Object: 'Object Repository/Master Data/Admin Sekolah/Lihat Tagihan/Menu Master Data' is clicked on

03-01-2025T11:42:59 - [TEST_STEP][PASSED] - click(findTestObject("Master Data/Admin Sekolah/Lihat Tagihan/Menu Tagihan"), CONTINUE_ON_FAILURE): Object: 'Object Repository/Master Data/Admin Sekolah/Lihat Tagihan/Menu Tagihan' is clicked on

03-01-2025T11:43:00 - [MESSAGE][PASSED] - Object: 'Object Repository/Master Data/Admin Sekolah/Lihat Tagihan/Menu Tagihan' is clicked on

03-01-2025T11:43:00 - [TEST_STEP][PASSED] - delay(1, CONTINUE_ON_FAILURE): Delayed 1 second(s)

03-01-2025T11:43:01 - [MESSAGE][PASSED] - Delayed 1 second(s)

03-01-2025T11:43:01 - [TEST_STEP][PASSED] - click(findTestObject("Master Data/Admin Sekolah/Lihat Tagihan/Button View"), CONTINUE_ON_FAILURE): Object: 'Object Repository/Master Data/Admin Sekolah/Lihat Tagihan/Button View' is clicked on

03-01-2025T11:43:01 - [MESSAGE][PASSED] - Object: 'Object Repository/Master Data/Admin Sekolah/Lihat Tagihan/Button View' is clicked on

03-01-2025T11:43:01 - [MESSAGE][PASSED] - Call Test Case 'Test Cases/Master Data/Admin Sekolah/Master Data Tagihan/Lihat Tagihan' successfully

03-01-2025T11:43:01 - [TEST_STEP][FAILED] - callTestCase(findTestCase("Test Cases/Master Data/Admin Sekolah/Master Data Tagihan/Tambah Tagihan"), [:], CONTINUE_ON_FAILURE): Unable to call Test Case 'Test Cases/Master Data/Admin Sekolah/Master Data Tagihan/Tambah Tagihan' (Root cause: com.kms.katalon.core.exception.StepFailedException: Call Test Case 'Test Cases/Master Data/Admin Sekolah/Master Data Tagihan/Tambah Tagihan' failed
	at com.kms.katalon.core.keyword.builtin.CallTestCaseKeyword$_callTestCase_closure1.doCall(CallTestCaseKeyword.groovy:63)
	at com.kms.katalon.core.keyword.builtin.CallTestCaseKeyword$_callTestCase_closure1.call(CallTestCaseKeyword.groovy)
	at com.kms.katalon.core.keyword.internal.KeywordMain.runKeyword(KeywordMain.groovy:75)
	at com.kms.katalon.core.keyword.builtin.CallTestCaseKeyword.callTestCase(CallTestCaseKeyword.groovy:81)
	at com.kms.katalon.core.keyword.builtin.CallTestCaseKeyword.execute(CallTestCaseKeyword.groovy:44)
	at com.kms.katalon.core.keyword.internal.KeywordExecutor.executeKeywordForPlatform(KeywordExecutor.groovy:74)
	at com.kms.katalon.core.keyword.BuiltinKeywords.callTestCase(BuiltinKeywords.groovy:310)
	at jdk.internal.reflect.GeneratedMethodAccessor48.invoke(Unknown Source)
	at java.base/jdk.internal.reflect.DelegatingMethodAccessorImpl.invoke(DelegatingMethodAccessorImpl.java:43)
	at Regresi Tagihan.run(Regresi Tagihan:30)
	at com.kms.katalon.core.main.ScriptEngine.run(ScriptEngine.java:194)
	at com.kms.katalon.core.main.ScriptEngine.runScriptAsRawText(ScriptEngine.java:119)
	at com.kms.katalon.core.main.TestCaseExecutor.runScript(TestCaseExecutor.java:448)
	at com.kms.katalon.core.main.TestCaseExecutor.doExecute(TestCaseExecutor.java:439)
	at com.kms.katalon.core.main.TestCaseExecutor.processExecutionPhase(TestCaseExecutor.java:418)
	at com.kms.katalon.core.main.TestCaseExecutor.accessMainPhase(TestCaseExecutor.java:410)
	at com.kms.katalon.core.main.TestCaseExecutor.execute(TestCaseExecutor.java:285)
	at com.kms.katalon.core.common.CommonExecutor.accessTestCaseMainPhase(CommonExecutor.java:65)
	at com.kms.katalon.core.main.TestSuiteExecutor.accessTestSuiteMainPhase(TestSuiteExecutor.java:161)
	at com.kms.katalon.core.main.TestSuiteExecutor.execute(TestSuiteExecutor.java:107)
	at com.kms.katalon.core.main.TestCaseMain.startTestSuite(TestCaseMain.java:176)
	at TempTestSuite1735878642439.run(TempTestSuite1735878642439.groovy:35)
	at java.base/jdk.internal.reflect.NativeMethodAccessorImpl.invoke0(Native Method)
	at java.base/jdk.internal.reflect.NativeMethodAccessorImpl.invoke(NativeMethodAccessorImpl.java:77)
	at java.base/jdk.internal.reflect.DelegatingMethodAccessorImpl.invoke(DelegatingMethodAccessorImpl.java:43)
Caused by: com.kms.katalon.core.exception.StepFailedException: Unable to click on object 'Object Repository/Master Data/Admin Sekolah/Tambah Tagihan/Klik Tahun Ajaran'
	at com.kms.katalon.core.webui.keyword.internal.WebUIKeywordMain.stepFailed(WebUIKeywordMain.groovy:117)
	at com.kms.katalon.core.webui.keyword.internal.WebUIKeywordMain.runKeyword(WebUIKeywordMain.groovy:43)
	at com.kms.katalon.core.webui.keyword.builtin.ClickKeyword.click(ClickKeyword.groovy:75)
	at com.kms.katalon.core.webui.keyword.builtin.ClickKeyword.execute(ClickKeyword.groovy:40)
	at com.kms.katalon.core.keyword.internal.KeywordExecutor.executeKeywordForPlatform(KeywordExecutor.groovy:74)
	at com.kms.katalon.core.webui.keyword.WebUiBuiltInKeywords.click(WebUiBuiltInKeywords.groovy:696)
	at Tambah Tagihan.run(Tambah Tagihan:45)
	at com.kms.katalon.core.main.ScriptEngine.run(ScriptEngine.java:194)
	at com.kms.katalon.core.main.ScriptEngine.runScriptAsRawText(ScriptEngine.java:119)
	at com.kms.katalon.core.main.TestCaseExecutor.runScript(TestCaseExecutor.java:448)
	at com.kms.katalon.core.main.TestCaseExecutor.doExecute(TestCaseExecutor.java:439)
	at com.kms.katalon.core.main.TestCaseExecutor.processExecutionPhase(TestCaseExecutor.java:418)
	at com.kms.katalon.core.main.TestCaseExecutor.accessMainPhase(TestCaseExecutor.java:410)
	at com.kms.katalon.core.main.TestCaseExecutor.execute(TestCaseExecutor.java:285)
	at com.kms.katalon.core.main.TestCaseMain.runTestCase(TestCaseMain.java:133)
	at com.kms.katalon.core.keyword.builtin.CallTestCaseKeyword$_callTestCase_closure1.doCall(CallTestCaseKeyword.groovy:59)
	... 24 more
Caused by: com.kms.katalon.core.webui.exception.WebElementNotFoundException: Web element with id: 'Object Repository/Master Data/Admin Sekolah/Tambah Tagihan/Klik Tahun Ajaran' located by '//*[@data-testid = 'select-field' and (text() = 'Pilih tahun ajaran' or . = 'Pilih tahun ajaran')]' not found
	at com.kms.katalon.core.webui.common.WebUiCommonHelper.findWebElement(WebUiCommonHelper.java:1426)
	at com.kms.katalon.core.webui.keyword.internal.WebUIAbstractKeyword.findWebElement(WebUIAbstractKeyword.groovy:27)
	at com.kms.katalon.core.webui.keyword.builtin.ClickKeyword$_click_closure1.doCall(ClickKeyword.groovy:66)
	at com.kms.katalon.core.webui.keyword.builtin.ClickKeyword$_click_closure1.call(ClickKeyword.groovy)
	at com.kms.katalon.core.webui.keyword.internal.WebUIKeywordMain.runKeyword(WebUIKeywordMain.groovy:35)
	... 38 more
)

03-01-2025T11:43:01 - [TEST_CASE][FAILED] - Test Cases/Master Data/Admin Sekolah/Master Data Tagihan/Tambah Tagihan: Test Cases/Master Data/Admin Sekolah/Master Data Tagihan/Tambah Tagihan FAILED.
Reason:
com.kms.katalon.core.exception.StepFailedException: Unable to click on object 'Object Repository/Master Data/Admin Sekolah/Tambah Tagihan/Klik Tahun Ajaran'
	at com.kms.katalon.core.webui.keyword.internal.WebUIKeywordMain.stepFailed(WebUIKeywordMain.groovy:117)
	at com.kms.katalon.core.webui.keyword.internal.WebUIKeywordMain.runKeyword(WebUIKeywordMain.groovy:43)
	at com.kms.katalon.core.webui.keyword.builtin.ClickKeyword.click(ClickKeyword.groovy:75)
	at com.kms.katalon.core.webui.keyword.builtin.ClickKeyword.execute(ClickKeyword.groovy:40)
	at com.kms.katalon.core.keyword.internal.KeywordExecutor.executeKeywordForPlatform(KeywordExecutor.groovy:74)
	at com.kms.katalon.core.webui.keyword.WebUiBuiltInKeywords.click(WebUiBuiltInKeywords.groovy:696)
	at Tambah Tagihan.run(Tambah Tagihan:45)
	at com.kms.katalon.core.main.ScriptEngine.run(ScriptEngine.java:194)
	at com.kms.katalon.core.main.ScriptEngine.runScriptAsRawText(ScriptEngine.java:119)
	at com.kms.katalon.core.main.TestCaseExecutor.runScript(TestCaseExecutor.java:448)
	at com.kms.katalon.core.main.TestCaseExecutor.doExecute(TestCaseExecutor.java:439)
	at com.kms.katalon.core.main.TestCaseExecutor.processExecutionPhase(TestCaseExecutor.java:418)
	at com.kms.katalon.core.main.TestCaseExecutor.accessMainPhase(TestCaseExecutor.java:410)
	at com.kms.katalon.core.main.TestCaseExecutor.execute(TestCaseExecutor.java:285)
	at com.kms.katalon.core.main.TestCaseMain.runTestCase(TestCaseMain.java:133)
	at com.kms.katalon.core.keyword.builtin.CallTestCaseKeyword$_callTestCase_closure1.doCall(CallTestCaseKeyword.groovy:59)
	at com.kms.katalon.core.keyword.builtin.CallTestCaseKeyword$_callTestCase_closure1.call(CallTestCaseKeyword.groovy)
	at com.kms.katalon.core.keyword.internal.KeywordMain.runKeyword(KeywordMain.groovy:75)
	at com.kms.katalon.core.keyword.builtin.CallTestCaseKeyword.callTestCase(CallTestCaseKeyword.groovy:81)
	at com.kms.katalon.core.keyword.builtin.CallTestCaseKeyword.execute(CallTestCaseKeyword.groovy:44)
	at com.kms.katalon.core.keyword.internal.KeywordExecutor.executeKeywordForPlatform(KeywordExecutor.groovy:74)
	at com.kms.katalon.core.keyword.BuiltinKeywords.callTestCase(BuiltinKeywords.groovy:310)
	at jdk.internal.reflect.GeneratedMethodAccessor48.invoke(Unknown Source)
	at java.base/jdk.internal.reflect.DelegatingMethodAccessorImpl.invoke(DelegatingMethodAccessorImpl.java:43)
	at Regresi Tagihan.run(Regresi Tagihan:30)
	at com.kms.katalon.core.main.ScriptEngine.run(ScriptEngine.java:194)
	at com.kms.katalon.core.main.ScriptEngine.runScriptAsRawText(ScriptEngine.java:119)
	at com.kms.katalon.core.main.TestCaseExecutor.runScript(TestCaseExecutor.java:448)
	at com.kms.katalon.core.main.TestCaseExecutor.doExecute(TestCaseExecutor.java:439)
	at com.kms.katalon.core.main.TestCaseExecutor.processExecutionPhase(TestCaseExecutor.java:418)
	at com.kms.katalon.core.main.TestCaseExecutor.accessMainPhase(TestCaseExecutor.java:410)
	at com.kms.katalon.core.main.TestCaseExecutor.execute(TestCaseExecutor.java:285)
	at com.kms.katalon.core.common.CommonExecutor.accessTestCaseMainPhase(CommonExecutor.java:65)
	at com.kms.katalon.core.main.TestSuiteExecutor.accessTestSuiteMainPhase(TestSuiteExecutor.java:161)
	at com.kms.katalon.core.main.TestSuiteExecutor.execute(TestSuiteExecutor.java:107)
	at com.kms.katalon.core.main.TestCaseMain.startTestSuite(TestCaseMain.java:176)
	at TempTestSuite1735878642439.run(TempTestSuite1735878642439.groovy:35)
	at java.base/jdk.internal.reflect.NativeMethodAccessorImpl.invoke0(Native Method)
	at java.base/jdk.internal.reflect.NativeMethodAccessorImpl.invoke(NativeMethodAccessorImpl.java:77)
	at java.base/jdk.internal.reflect.DelegatingMethodAccessorImpl.invoke(DelegatingMethodAccessorImpl.java:43)
Caused by: com.kms.katalon.core.webui.exception.WebElementNotFoundException: Web element with id: 'Object Repository/Master Data/Admin Sekolah/Tambah Tagihan/Klik Tahun Ajaran' located by '//*[@data-testid = 'select-field' and (text() = 'Pilih tahun ajaran' or . = 'Pilih tahun ajaran')]' not found
	at com.kms.katalon.core.webui.common.WebUiCommonHelper.findWebElement(WebUiCommonHelper.java:1426)
	at com.kms.katalon.core.webui.keyword.internal.WebUIAbstractKeyword.findWebElement(WebUIAbstractKeyword.groovy:27)
	at com.kms.katalon.core.webui.keyword.builtin.ClickKeyword$_click_closure1.doCall(ClickKeyword.groovy:66)
	at com.kms.katalon.core.webui.keyword.builtin.ClickKeyword$_click_closure1.call(ClickKeyword.groovy)
	at com.kms.katalon.core.webui.keyword.internal.WebUIKeywordMain.runKeyword(WebUIKeywordMain.groovy:35)
	... 38 more


03-01-2025T11:43:01 - [TEST_STEP][PASSED] - openBrowser("", CONTINUE_ON_FAILURE): Browser is opened with url: ''

03-01-2025T11:43:01 - [MESSAGE][WARNING] - A browser is already opened. Closing browser and opening a new one

03-01-2025T11:43:02 - [MESSAGE][INFO] - Starting 'Chrome' driver

03-01-2025T11:43:02 - [MESSAGE][INFO] - Action delay is set to 0 milliseconds

03-01-2025T11:43:02 - [MESSAGE][PASSED] - Browser is opened with url: ''

03-01-2025T11:43:02 - [TEST_STEP][PASSED] - navigateToUrl("https://sit.siprusedu.com/login", CONTINUE_ON_FAILURE): Navigate to 'https://sit.siprusedu.com/login' successfully

03-01-2025T11:43:22 - [MESSAGE][PASSED] - Navigate to 'https://sit.siprusedu.com/login' successfully

03-01-2025T11:43:22 - [TEST_STEP][PASSED] - setText(findTestObject("Master Data/Admin Sekolah/Login/Field Email"), "admin.gudangsolusi@digiform.co.id", CONTINUE_ON_FAILURE): Text 'admin.gudangsolusi@digiform.co.id' is set on object 'Object Repository/Master Data/Admin Sekolah/Login/Field Email'

03-01-2025T11:43:24 - [MESSAGE][PASSED] - Text 'admin.gudangsolusi@digiform.co.id' is set on object 'Object Repository/Master Data/Admin Sekolah/Login/Field Email'

03-01-2025T11:43:24 - [TEST_STEP][PASSED] - setText(findTestObject("Master Data/Admin Sekolah/Login/Input Password"), "Test1234", CONTINUE_ON_FAILURE): Text 'Test1234' is set on object 'Object Repository/Master Data/Admin Sekolah/Login/Input Password'

03-01-2025T11:43:25 - [MESSAGE][PASSED] - Text 'Test1234' is set on object 'Object Repository/Master Data/Admin Sekolah/Login/Input Password'

03-01-2025T11:43:25 - [TEST_STEP][PASSED] - click(findTestObject("Master Data/Admin Sekolah/Login/Button Submit"), CONTINUE_ON_FAILURE): Object: 'Object Repository/Master Data/Admin Sekolah/Login/Button Submit' is clicked on

03-01-2025T11:43:25 - [MESSAGE][PASSED] - Object: 'Object Repository/Master Data/Admin Sekolah/Login/Button Submit' is clicked on

03-01-2025T11:43:25 - [TEST_STEP][PASSED] - click(findTestObject("Master Data/Admin Sekolah/Tambah Tagihan/Menu Master Data"), CONTINUE_ON_FAILURE): Object: 'Object Repository/Master Data/Admin Sekolah/Tambah Tagihan/Menu Master Data' is clicked on

03-01-2025T11:43:27 - [MESSAGE][PASSED] - Object: 'Object Repository/Master Data/Admin Sekolah/Tambah Tagihan/Menu Master Data' is clicked on

03-01-2025T11:43:27 - [TEST_STEP][PASSED] - click(findTestObject("Master Data/Admin Sekolah/Tambah Tagihan/Menu Tagihan"), CONTINUE_ON_FAILURE): Object: 'Object Repository/Master Data/Admin Sekolah/Tambah Tagihan/Menu Tagihan' is clicked on

03-01-2025T11:43:28 - [MESSAGE][PASSED] - Object: 'Object Repository/Master Data/Admin Sekolah/Tambah Tagihan/Menu Tagihan' is clicked on

03-01-2025T11:43:28 - [TEST_STEP][PASSED] - click(findTestObject("Master Data/Admin Sekolah/Tambah Tagihan/Button Tambah"), CONTINUE_ON_FAILURE): Object: 'Object Repository/Master Data/Admin Sekolah/Tambah Tagihan/Button Tambah' is clicked on

03-01-2025T11:43:29 - [MESSAGE][PASSED] - Object: 'Object Repository/Master Data/Admin Sekolah/Tambah Tagihan/Button Tambah' is clicked on

03-01-2025T11:43:29 - [TEST_STEP][PASSED] - setText(findTestObject("Master Data/Admin Sekolah/Tambah Tagihan/Input Nama Tagihan"), "KATALONZ", CONTINUE_ON_FAILURE): Text 'KATALONZ' is set on object 'Object Repository/Master Data/Admin Sekolah/Tambah Tagihan/Input Nama Tagihan'

03-01-2025T11:43:30 - [MESSAGE][PASSED] - Text 'KATALONZ' is set on object 'Object Repository/Master Data/Admin Sekolah/Tambah Tagihan/Input Nama Tagihan'

03-01-2025T11:43:30 - [TEST_STEP][PASSED] - click(findTestObject("Master Data/Admin Sekolah/Tambah Tagihan/Select Tipe Tagihan"), CONTINUE_ON_FAILURE): Object: 'Object Repository/Master Data/Admin Sekolah/Tambah Tagihan/Select Tipe Tagihan' is clicked on

03-01-2025T11:43:30 - [MESSAGE][PASSED] - Object: 'Object Repository/Master Data/Admin Sekolah/Tambah Tagihan/Select Tipe Tagihan' is clicked on

03-01-2025T11:43:30 - [TEST_STEP][PASSED] - click(findTestObject("Master Data/Admin Sekolah/Tambah Tagihan/Tagihan Regular"), CONTINUE_ON_FAILURE): Object: 'Object Repository/Master Data/Admin Sekolah/Tambah Tagihan/Tagihan Regular' is clicked on

03-01-2025T11:43:30 - [MESSAGE][PASSED] - Object: 'Object Repository/Master Data/Admin Sekolah/Tambah Tagihan/Tagihan Regular' is clicked on

03-01-2025T11:43:30 - [TEST_STEP][FAILED] - click(findTestObject("Master Data/Admin Sekolah/Tambah Tagihan/Klik Tahun Ajaran")): Unable to click on object 'Object Repository/Master Data/Admin Sekolah/Tambah Tagihan/Klik Tahun Ajaran' (Root cause: com.kms.katalon.core.exception.StepFailedException: Unable to click on object 'Object Repository/Master Data/Admin Sekolah/Tambah Tagihan/Klik Tahun Ajaran'
	at com.kms.katalon.core.webui.keyword.internal.WebUIKeywordMain.stepFailed(WebUIKeywordMain.groovy:117)
	at com.kms.katalon.core.webui.keyword.internal.WebUIKeywordMain.runKeyword(WebUIKeywordMain.groovy:43)
	at com.kms.katalon.core.webui.keyword.builtin.ClickKeyword.click(ClickKeyword.groovy:75)
	at com.kms.katalon.core.webui.keyword.builtin.ClickKeyword.execute(ClickKeyword.groovy:40)
	at com.kms.katalon.core.keyword.internal.KeywordExecutor.executeKeywordForPlatform(KeywordExecutor.groovy:74)
	at com.kms.katalon.core.webui.keyword.WebUiBuiltInKeywords.click(WebUiBuiltInKeywords.groovy:696)
	at Tambah Tagihan.run(Tambah Tagihan:45)
	at com.kms.katalon.core.main.ScriptEngine.run(ScriptEngine.java:194)
	at com.kms.katalon.core.main.ScriptEngine.runScriptAsRawText(ScriptEngine.java:119)
	at com.kms.katalon.core.main.TestCaseExecutor.runScript(TestCaseExecutor.java:448)
	at com.kms.katalon.core.main.TestCaseExecutor.doExecute(TestCaseExecutor.java:439)
	at com.kms.katalon.core.main.TestCaseExecutor.processExecutionPhase(TestCaseExecutor.java:418)
	at com.kms.katalon.core.main.TestCaseExecutor.accessMainPhase(TestCaseExecutor.java:410)
	at com.kms.katalon.core.main.TestCaseExecutor.execute(TestCaseExecutor.java:285)
	at com.kms.katalon.core.main.TestCaseMain.runTestCase(TestCaseMain.java:133)
	at com.kms.katalon.core.keyword.builtin.CallTestCaseKeyword$_callTestCase_closure1.doCall(CallTestCaseKeyword.groovy:59)
	at com.kms.katalon.core.keyword.builtin.CallTestCaseKeyword$_callTestCase_closure1.call(CallTestCaseKeyword.groovy)
	at com.kms.katalon.core.keyword.internal.KeywordMain.runKeyword(KeywordMain.groovy:75)
	at com.kms.katalon.core.keyword.builtin.CallTestCaseKeyword.callTestCase(CallTestCaseKeyword.groovy:81)
	at com.kms.katalon.core.keyword.builtin.CallTestCaseKeyword.execute(CallTestCaseKeyword.groovy:44)
	at com.kms.katalon.core.keyword.internal.KeywordExecutor.executeKeywordForPlatform(KeywordExecutor.groovy:74)
	at com.kms.katalon.core.keyword.BuiltinKeywords.callTestCase(BuiltinKeywords.groovy:310)
	at jdk.internal.reflect.GeneratedMethodAccessor48.invoke(Unknown Source)
	at java.base/jdk.internal.reflect.DelegatingMethodAccessorImpl.invoke(DelegatingMethodAccessorImpl.java:43)
	at Regresi Tagihan.run(Regresi Tagihan:30)
	at com.kms.katalon.core.main.ScriptEngine.run(ScriptEngine.java:194)
	at com.kms.katalon.core.main.ScriptEngine.runScriptAsRawText(ScriptEngine.java:119)
	at com.kms.katalon.core.main.TestCaseExecutor.runScript(TestCaseExecutor.java:448)
	at com.kms.katalon.core.main.TestCaseExecutor.doExecute(TestCaseExecutor.java:439)
	at com.kms.katalon.core.main.TestCaseExecutor.processExecutionPhase(TestCaseExecutor.java:418)
	at com.kms.katalon.core.main.TestCaseExecutor.accessMainPhase(TestCaseExecutor.java:410)
	at com.kms.katalon.core.main.TestCaseExecutor.execute(TestCaseExecutor.java:285)
	at com.kms.katalon.core.common.CommonExecutor.accessTestCaseMainPhase(CommonExecutor.java:65)
	at com.kms.katalon.core.main.TestSuiteExecutor.accessTestSuiteMainPhase(TestSuiteExecutor.java:161)
	at com.kms.katalon.core.main.TestSuiteExecutor.execute(TestSuiteExecutor.java:107)
	at com.kms.katalon.core.main.TestCaseMain.startTestSuite(TestCaseMain.java:176)
	at TempTestSuite1735878642439.run(TempTestSuite1735878642439.groovy:35)
	at java.base/jdk.internal.reflect.NativeMethodAccessorImpl.invoke0(Native Method)
	at java.base/jdk.internal.reflect.NativeMethodAccessorImpl.invoke(NativeMethodAccessorImpl.java:77)
	at java.base/jdk.internal.reflect.DelegatingMethodAccessorImpl.invoke(DelegatingMethodAccessorImpl.java:43)
Caused by: com.kms.katalon.core.webui.exception.WebElementNotFoundException: Web element with id: 'Object Repository/Master Data/Admin Sekolah/Tambah Tagihan/Klik Tahun Ajaran' located by '//*[@data-testid = 'select-field' and (text() = 'Pilih tahun ajaran' or . = 'Pilih tahun ajaran')]' not found
	at com.kms.katalon.core.webui.common.WebUiCommonHelper.findWebElement(WebUiCommonHelper.java:1426)
	at com.kms.katalon.core.webui.keyword.internal.WebUIAbstractKeyword.findWebElement(WebUIAbstractKeyword.groovy:27)
	at com.kms.katalon.core.webui.keyword.builtin.ClickKeyword$_click_closure1.doCall(ClickKeyword.groovy:66)
	at com.kms.katalon.core.webui.keyword.builtin.ClickKeyword$_click_closure1.call(ClickKeyword.groovy)
	at com.kms.katalon.core.webui.keyword.internal.WebUIKeywordMain.runKeyword(WebUIKeywordMain.groovy:35)
	at com.kms.katalon.core.webui.keyword.builtin.ClickKeyword.click(ClickKeyword.groovy:75)
	at com.kms.katalon.core.webui.keyword.builtin.ClickKeyword.execute(ClickKeyword.groovy:40)
	at com.kms.katalon.core.keyword.internal.KeywordExecutor.executeKeywordForPlatform(KeywordExecutor.groovy:74)
	at com.kms.katalon.core.webui.keyword.WebUiBuiltInKeywords.click(WebUiBuiltInKeywords.groovy:696)
	at Script1731464238981.run(Script1731464238981.groovy:45)
	at com.kms.katalon.core.main.ScriptEngine.run(ScriptEngine.java:194)
	at com.kms.katalon.core.main.ScriptEngine.runScriptAsRawText(ScriptEngine.java:119)
	at com.kms.katalon.core.main.TestCaseExecutor.runScript(TestCaseExecutor.java:448)
	at com.kms.katalon.core.main.TestCaseExecutor.doExecute(TestCaseExecutor.java:439)
	at com.kms.katalon.core.main.TestCaseExecutor.processExecutionPhase(TestCaseExecutor.java:418)
	at com.kms.katalon.core.main.TestCaseExecutor.accessMainPhase(TestCaseExecutor.java:410)
	at com.kms.katalon.core.main.TestCaseExecutor.execute(TestCaseExecutor.java:285)
	at com.kms.katalon.core.main.TestCaseMain.runTestCase(TestCaseMain.java:133)
	at com.kms.katalon.core.keyword.builtin.CallTestCaseKeyword$_callTestCase_closure1.doCall(CallTestCaseKeyword.groovy:59)
	at com.kms.katalon.core.keyword.builtin.CallTestCaseKeyword$_callTestCase_closure1.call(CallTestCaseKeyword.groovy)
	at com.kms.katalon.core.keyword.internal.KeywordMain.runKeyword(KeywordMain.groovy:75)
	at com.kms.katalon.core.keyword.builtin.CallTestCaseKeyword.callTestCase(CallTestCaseKeyword.groovy:81)
	at com.kms.katalon.core.keyword.builtin.CallTestCaseKeyword.execute(CallTestCaseKeyword.groovy:44)
	at com.kms.katalon.core.keyword.internal.KeywordExecutor.executeKeywordForPlatform(KeywordExecutor.groovy:74)
	at com.kms.katalon.core.keyword.BuiltinKeywords.callTestCase(BuiltinKeywords.groovy:310)
	at jdk.internal.reflect.GeneratedMethodAccessor48.invoke(Unknown Source)
	at java.base/jdk.internal.reflect.DelegatingMethodAccessorImpl.invoke(DelegatingMethodAccessorImpl.java:43)
	at Script1735746434271.run(Script1735746434271.groovy:30)
	... 15 more
)

03-01-2025T11:44:01 - [MESSAGE][INFO] - Unable to find the element located by 'By.xpath: //*[@data-testid = 'select-field' and (text() = 'Pilih tahun ajaran' or . = 'Pilih tahun ajaran')]'. Please recheck the objects properties to make sure the desired element is located. 

03-01-2025T11:44:01 - [MESSAGE][WARNING] - [SELF-HEALING] Failed to find element with id 'Object Repository/Master Data/Admin Sekolah/Tambah Tagihan/Klik Tahun Ajaran'. Try using Self-healing.

03-01-2025T11:44:02 - [MESSAGE][WARNING] - [SELF-HEALING] invalid selector
from javascript error: {"status":32,"value":"Unable to locate an element with the xpath expression  because of the following error:\nSyntaxError: Failed to execute 'evaluate' on 'Document': The string '' is not a valid XPath expression."}
  (Session info: chrome=131.0.6778.205)
For documentation on this error, please visit: https://www.selenium.dev/documentation/webdriver/troubleshooting/errors#invalid-selector-exception
Build info: version: '4.22.0', revision: 'c5f3146703'
System info: os.name: 'Windows 11', os.arch: 'amd64', os.version: '10.0', java.version: '17.0.7'
Driver info: com.kms.katalon.selenium.driver.CChromeDriver
Command: [a4f0877b2eee07490a1775923c5a4ad6, findElements {value=, using=xpath}]
Capabilities {acceptInsecureCerts: false, browserName: chrome, browserVersion: 131.0.6778.205, chrome: {chromedriverVersion: 130.0.6723.58 (3a50e012e4c9..., userDataDir: C:\Users\henri\AppData\Loca...}, fedcm:accounts: true, goog:chromeOptions: {debuggerAddress: localhost:64343}, networkConnectionEnabled: false, pageLoadStrategy: normal, platformName: windows, proxy: Proxy(), se:cdp: ws://localhost:64343/devtoo..., se:cdpVersion: 131.0.6778.205, setWindowRect: true, strictFileInteractability: false, timeouts: {implicit: 0, pageLoad: 300000, script: 30000}, unhandledPromptBehavior: ignore, webSocketUrl: ws://localhost:32779/sessio..., webauthn:extension:credBlob: true, webauthn:extension:largeBlob: true, webauthn:extension:minPinLength: true, webauthn:extension:prf: true, webauthn:virtualAuthenticators: true}
Session ID: a4f0877b2eee07490a1775923c5a4ad6

03-01-2025T11:44:03 - [MESSAGE][WARNING] - [SELF-HEALING] Cannot find elements when the selector is null

03-01-2025T11:44:03 - [MESSAGE][FAILED] - Unable to click on object 'Object Repository/Master Data/Admin Sekolah/Tambah Tagihan/Klik Tahun Ajaran' (Root cause: com.kms.katalon.core.exception.StepFailedException: Unable to click on object 'Object Repository/Master Data/Admin Sekolah/Tambah Tagihan/Klik Tahun Ajaran'
	at com.kms.katalon.core.webui.keyword.internal.WebUIKeywordMain.stepFailed(WebUIKeywordMain.groovy:117)
	at com.kms.katalon.core.webui.keyword.internal.WebUIKeywordMain.runKeyword(WebUIKeywordMain.groovy:43)
	at com.kms.katalon.core.webui.keyword.builtin.ClickKeyword.click(ClickKeyword.groovy:75)
	at com.kms.katalon.core.webui.keyword.builtin.ClickKeyword.execute(ClickKeyword.groovy:40)
	at com.kms.katalon.core.keyword.internal.KeywordExecutor.executeKeywordForPlatform(KeywordExecutor.groovy:74)
	at com.kms.katalon.core.webui.keyword.WebUiBuiltInKeywords.click(WebUiBuiltInKeywords.groovy:696)
	at Tambah Tagihan.run(Tambah Tagihan:45)
	at com.kms.katalon.core.main.ScriptEngine.run(ScriptEngine.java:194)
	at com.kms.katalon.core.main.ScriptEngine.runScriptAsRawText(ScriptEngine.java:119)
	at com.kms.katalon.core.main.TestCaseExecutor.runScript(TestCaseExecutor.java:448)
	at com.kms.katalon.core.main.TestCaseExecutor.doExecute(TestCaseExecutor.java:439)
	at com.kms.katalon.core.main.TestCaseExecutor.processExecutionPhase(TestCaseExecutor.java:418)
	at com.kms.katalon.core.main.TestCaseExecutor.accessMainPhase(TestCaseExecutor.java:410)
	at com.kms.katalon.core.main.TestCaseExecutor.execute(TestCaseExecutor.java:285)
	at com.kms.katalon.core.main.TestCaseMain.runTestCase(TestCaseMain.java:133)
	at com.kms.katalon.core.keyword.builtin.CallTestCaseKeyword$_callTestCase_closure1.doCall(CallTestCaseKeyword.groovy:59)
	at com.kms.katalon.core.keyword.builtin.CallTestCaseKeyword$_callTestCase_closure1.call(CallTestCaseKeyword.groovy)
	at com.kms.katalon.core.keyword.internal.KeywordMain.runKeyword(KeywordMain.groovy:75)
	at com.kms.katalon.core.keyword.builtin.CallTestCaseKeyword.callTestCase(CallTestCaseKeyword.groovy:81)
	at com.kms.katalon.core.keyword.builtin.CallTestCaseKeyword.execute(CallTestCaseKeyword.groovy:44)
	at com.kms.katalon.core.keyword.internal.KeywordExecutor.executeKeywordForPlatform(KeywordExecutor.groovy:74)
	at com.kms.katalon.core.keyword.BuiltinKeywords.callTestCase(BuiltinKeywords.groovy:310)
	at jdk.internal.reflect.GeneratedMethodAccessor48.invoke(Unknown Source)
	at java.base/jdk.internal.reflect.DelegatingMethodAccessorImpl.invoke(DelegatingMethodAccessorImpl.java:43)
	at Regresi Tagihan.run(Regresi Tagihan:30)
	at com.kms.katalon.core.main.ScriptEngine.run(ScriptEngine.java:194)
	at com.kms.katalon.core.main.ScriptEngine.runScriptAsRawText(ScriptEngine.java:119)
	at com.kms.katalon.core.main.TestCaseExecutor.runScript(TestCaseExecutor.java:448)
	at com.kms.katalon.core.main.TestCaseExecutor.doExecute(TestCaseExecutor.java:439)
	at com.kms.katalon.core.main.TestCaseExecutor.processExecutionPhase(TestCaseExecutor.java:418)
	at com.kms.katalon.core.main.TestCaseExecutor.accessMainPhase(TestCaseExecutor.java:410)
	at com.kms.katalon.core.main.TestCaseExecutor.execute(TestCaseExecutor.java:285)
	at com.kms.katalon.core.common.CommonExecutor.accessTestCaseMainPhase(CommonExecutor.java:65)
	at com.kms.katalon.core.main.TestSuiteExecutor.accessTestSuiteMainPhase(TestSuiteExecutor.java:161)
	at com.kms.katalon.core.main.TestSuiteExecutor.execute(TestSuiteExecutor.java:107)
	at com.kms.katalon.core.main.TestCaseMain.startTestSuite(TestCaseMain.java:176)
	at TempTestSuite1735878642439.run(TempTestSuite1735878642439.groovy:35)
	at java.base/jdk.internal.reflect.NativeMethodAccessorImpl.invoke0(Native Method)
	at java.base/jdk.internal.reflect.NativeMethodAccessorImpl.invoke(NativeMethodAccessorImpl.java:77)
	at java.base/jdk.internal.reflect.DelegatingMethodAccessorImpl.invoke(DelegatingMethodAccessorImpl.java:43)
Caused by: com.kms.katalon.core.webui.exception.WebElementNotFoundException: Web element with id: 'Object Repository/Master Data/Admin Sekolah/Tambah Tagihan/Klik Tahun Ajaran' located by '//*[@data-testid = 'select-field' and (text() = 'Pilih tahun ajaran' or . = 'Pilih tahun ajaran')]' not found
	at com.kms.katalon.core.webui.common.WebUiCommonHelper.findWebElement(WebUiCommonHelper.java:1426)
	at com.kms.katalon.core.webui.keyword.internal.WebUIAbstractKeyword.findWebElement(WebUIAbstractKeyword.groovy:27)
	at com.kms.katalon.core.webui.keyword.builtin.ClickKeyword$_click_closure1.doCall(ClickKeyword.groovy:66)
	at com.kms.katalon.core.webui.keyword.builtin.ClickKeyword$_click_closure1.call(ClickKeyword.groovy)
	at com.kms.katalon.core.webui.keyword.internal.WebUIKeywordMain.runKeyword(WebUIKeywordMain.groovy:35)
	at com.kms.katalon.core.webui.keyword.builtin.ClickKeyword.click(ClickKeyword.groovy:75)
	at com.kms.katalon.core.webui.keyword.builtin.ClickKeyword.execute(ClickKeyword.groovy:40)
	at com.kms.katalon.core.keyword.internal.KeywordExecutor.executeKeywordForPlatform(KeywordExecutor.groovy:74)
	at com.kms.katalon.core.webui.keyword.WebUiBuiltInKeywords.click(WebUiBuiltInKeywords.groovy:696)
	at Script1731464238981.run(Script1731464238981.groovy:45)
	at com.kms.katalon.core.main.ScriptEngine.run(ScriptEngine.java:194)
	at com.kms.katalon.core.main.ScriptEngine.runScriptAsRawText(ScriptEngine.java:119)
	at com.kms.katalon.core.main.TestCaseExecutor.runScript(TestCaseExecutor.java:448)
	at com.kms.katalon.core.main.TestCaseExecutor.doExecute(TestCaseExecutor.java:439)
	at com.kms.katalon.core.main.TestCaseExecutor.processExecutionPhase(TestCaseExecutor.java:418)
	at com.kms.katalon.core.main.TestCaseExecutor.accessMainPhase(TestCaseExecutor.java:410)
	at com.kms.katalon.core.main.TestCaseExecutor.execute(TestCaseExecutor.java:285)
	at com.kms.katalon.core.main.TestCaseMain.runTestCase(TestCaseMain.java:133)
	at com.kms.katalon.core.keyword.builtin.CallTestCaseKeyword$_callTestCase_closure1.doCall(CallTestCaseKeyword.groovy:59)
	at com.kms.katalon.core.keyword.builtin.CallTestCaseKeyword$_callTestCase_closure1.call(CallTestCaseKeyword.groovy)
	at com.kms.katalon.core.keyword.internal.KeywordMain.runKeyword(KeywordMain.groovy:75)
	at com.kms.katalon.core.keyword.builtin.CallTestCaseKeyword.callTestCase(CallTestCaseKeyword.groovy:81)
	at com.kms.katalon.core.keyword.builtin.CallTestCaseKeyword.execute(CallTestCaseKeyword.groovy:44)
	at com.kms.katalon.core.keyword.internal.KeywordExecutor.executeKeywordForPlatform(KeywordExecutor.groovy:74)
	at com.kms.katalon.core.keyword.BuiltinKeywords.callTestCase(BuiltinKeywords.groovy:310)
	at jdk.internal.reflect.GeneratedMethodAccessor48.invoke(Unknown Source)
	at java.base/jdk.internal.reflect.DelegatingMethodAccessorImpl.invoke(DelegatingMethodAccessorImpl.java:43)
	at Script1735746434271.run(Script1735746434271.groovy:30)
	... 15 more
)
[[ATTACHMENT|C:\\Users\\henri\\Videos\\school-payment-automation-testing\\Reports\\20250103_113042\\SPRINT 1\\20250103_113042\\1735879443232.png]]

03-01-2025T11:44:03 - [MESSAGE][FAILED] - Unable to call Test Case 'Test Cases/Master Data/Admin Sekolah/Master Data Tagihan/Tambah Tagihan' (Root cause: com.kms.katalon.core.exception.StepFailedException: Call Test Case 'Test Cases/Master Data/Admin Sekolah/Master Data Tagihan/Tambah Tagihan' failed
	at com.kms.katalon.core.keyword.builtin.CallTestCaseKeyword$_callTestCase_closure1.doCall(CallTestCaseKeyword.groovy:63)
	at com.kms.katalon.core.keyword.builtin.CallTestCaseKeyword$_callTestCase_closure1.call(CallTestCaseKeyword.groovy)
	at com.kms.katalon.core.keyword.internal.KeywordMain.runKeyword(KeywordMain.groovy:75)
	at com.kms.katalon.core.keyword.builtin.CallTestCaseKeyword.callTestCase(CallTestCaseKeyword.groovy:81)
	at com.kms.katalon.core.keyword.builtin.CallTestCaseKeyword.execute(CallTestCaseKeyword.groovy:44)
	at com.kms.katalon.core.keyword.internal.KeywordExecutor.executeKeywordForPlatform(KeywordExecutor.groovy:74)
	at com.kms.katalon.core.keyword.BuiltinKeywords.callTestCase(BuiltinKeywords.groovy:310)
	at jdk.internal.reflect.GeneratedMethodAccessor48.invoke(Unknown Source)
	at java.base/jdk.internal.reflect.DelegatingMethodAccessorImpl.invoke(DelegatingMethodAccessorImpl.java:43)
	at Regresi Tagihan.run(Regresi Tagihan:30)
	at com.kms.katalon.core.main.ScriptEngine.run(ScriptEngine.java:194)
	at com.kms.katalon.core.main.ScriptEngine.runScriptAsRawText(ScriptEngine.java:119)
	at com.kms.katalon.core.main.TestCaseExecutor.runScript(TestCaseExecutor.java:448)
	at com.kms.katalon.core.main.TestCaseExecutor.doExecute(TestCaseExecutor.java:439)
	at com.kms.katalon.core.main.TestCaseExecutor.processExecutionPhase(TestCaseExecutor.java:418)
	at com.kms.katalon.core.main.TestCaseExecutor.accessMainPhase(TestCaseExecutor.java:410)
	at com.kms.katalon.core.main.TestCaseExecutor.execute(TestCaseExecutor.java:285)
	at com.kms.katalon.core.common.CommonExecutor.accessTestCaseMainPhase(CommonExecutor.java:65)
	at com.kms.katalon.core.main.TestSuiteExecutor.accessTestSuiteMainPhase(TestSuiteExecutor.java:161)
	at com.kms.katalon.core.main.TestSuiteExecutor.execute(TestSuiteExecutor.java:107)
	at com.kms.katalon.core.main.TestCaseMain.startTestSuite(TestCaseMain.java:176)
	at TempTestSuite1735878642439.run(TempTestSuite1735878642439.groovy:35)
	at java.base/jdk.internal.reflect.NativeMethodAccessorImpl.invoke0(Native Method)
	at java.base/jdk.internal.reflect.NativeMethodAccessorImpl.invoke(NativeMethodAccessorImpl.java:77)
	at java.base/jdk.internal.reflect.DelegatingMethodAccessorImpl.invoke(DelegatingMethodAccessorImpl.java:43)
Caused by: com.kms.katalon.core.exception.StepFailedException: Unable to click on object 'Object Repository/Master Data/Admin Sekolah/Tambah Tagihan/Klik Tahun Ajaran'
	at com.kms.katalon.core.webui.keyword.internal.WebUIKeywordMain.stepFailed(WebUIKeywordMain.groovy:117)
	at com.kms.katalon.core.webui.keyword.internal.WebUIKeywordMain.runKeyword(WebUIKeywordMain.groovy:43)
	at com.kms.katalon.core.webui.keyword.builtin.ClickKeyword.click(ClickKeyword.groovy:75)
	at com.kms.katalon.core.webui.keyword.builtin.ClickKeyword.execute(ClickKeyword.groovy:40)
	at com.kms.katalon.core.keyword.internal.KeywordExecutor.executeKeywordForPlatform(KeywordExecutor.groovy:74)
	at com.kms.katalon.core.webui.keyword.WebUiBuiltInKeywords.click(WebUiBuiltInKeywords.groovy:696)
	at Tambah Tagihan.run(Tambah Tagihan:45)
	at com.kms.katalon.core.main.ScriptEngine.run(ScriptEngine.java:194)
	at com.kms.katalon.core.main.ScriptEngine.runScriptAsRawText(ScriptEngine.java:119)
	at com.kms.katalon.core.main.TestCaseExecutor.runScript(TestCaseExecutor.java:448)
	at com.kms.katalon.core.main.TestCaseExecutor.doExecute(TestCaseExecutor.java:439)
	at com.kms.katalon.core.main.TestCaseExecutor.processExecutionPhase(TestCaseExecutor.java:418)
	at com.kms.katalon.core.main.TestCaseExecutor.accessMainPhase(TestCaseExecutor.java:410)
	at com.kms.katalon.core.main.TestCaseExecutor.execute(TestCaseExecutor.java:285)
	at com.kms.katalon.core.main.TestCaseMain.runTestCase(TestCaseMain.java:133)
	at com.kms.katalon.core.keyword.builtin.CallTestCaseKeyword$_callTestCase_closure1.doCall(CallTestCaseKeyword.groovy:59)
	... 24 more
Caused by: com.kms.katalon.core.webui.exception.WebElementNotFoundException: Web element with id: 'Object Repository/Master Data/Admin Sekolah/Tambah Tagihan/Klik Tahun Ajaran' located by '//*[@data-testid = 'select-field' and (text() = 'Pilih tahun ajaran' or . = 'Pilih tahun ajaran')]' not found
	at com.kms.katalon.core.webui.common.WebUiCommonHelper.findWebElement(WebUiCommonHelper.java:1426)
	at com.kms.katalon.core.webui.keyword.internal.WebUIAbstractKeyword.findWebElement(WebUIAbstractKeyword.groovy:27)
	at com.kms.katalon.core.webui.keyword.builtin.ClickKeyword$_click_closure1.doCall(ClickKeyword.groovy:66)
	at com.kms.katalon.core.webui.keyword.builtin.ClickKeyword$_click_closure1.call(ClickKeyword.groovy)
	at com.kms.katalon.core.webui.keyword.internal.WebUIKeywordMain.runKeyword(WebUIKeywordMain.groovy:35)
	... 38 more
)

03-01-2025T11:44:03 - [TEST_STEP][PASSED] - println("============================= Loop Again ==============================="): null

03-01-2025T11:44:03 - [TEST_STEP][FAILED] - callTestCase(findTestCase("Test Cases/Master Data/Admin Sekolah/Master Data Tagihan/Filter Tagihan"), [:], CONTINUE_ON_FAILURE): Unable to call Test Case 'Test Cases/Master Data/Admin Sekolah/Master Data Tagihan/Filter Tagihan' (Root cause: com.kms.katalon.core.exception.StepFailedException: Call Test Case 'Test Cases/Master Data/Admin Sekolah/Master Data Tagihan/Filter Tagihan' failed
	at com.kms.katalon.core.keyword.builtin.CallTestCaseKeyword$_callTestCase_closure1.doCall(CallTestCaseKeyword.groovy:63)
	at com.kms.katalon.core.keyword.builtin.CallTestCaseKeyword$_callTestCase_closure1.call(CallTestCaseKeyword.groovy)
	at com.kms.katalon.core.keyword.internal.KeywordMain.runKeyword(KeywordMain.groovy:75)
	at com.kms.katalon.core.keyword.builtin.CallTestCaseKeyword.callTestCase(CallTestCaseKeyword.groovy:81)
	at com.kms.katalon.core.keyword.builtin.CallTestCaseKeyword.execute(CallTestCaseKeyword.groovy:44)
	at com.kms.katalon.core.keyword.internal.KeywordExecutor.executeKeywordForPlatform(KeywordExecutor.groovy:74)
	at com.kms.katalon.core.keyword.BuiltinKeywords.callTestCase(BuiltinKeywords.groovy:310)
	at jdk.internal.reflect.GeneratedMethodAccessor48.invoke(Unknown Source)
	at java.base/jdk.internal.reflect.DelegatingMethodAccessorImpl.invoke(DelegatingMethodAccessorImpl.java:43)
	at Regresi Tagihan.run(Regresi Tagihan:22)
	at com.kms.katalon.core.main.ScriptEngine.run(ScriptEngine.java:194)
	at com.kms.katalon.core.main.ScriptEngine.runScriptAsRawText(ScriptEngine.java:119)
	at com.kms.katalon.core.main.TestCaseExecutor.runScript(TestCaseExecutor.java:448)
	at com.kms.katalon.core.main.TestCaseExecutor.doExecute(TestCaseExecutor.java:439)
	at com.kms.katalon.core.main.TestCaseExecutor.processExecutionPhase(TestCaseExecutor.java:418)
	at com.kms.katalon.core.main.TestCaseExecutor.accessMainPhase(TestCaseExecutor.java:410)
	at com.kms.katalon.core.main.TestCaseExecutor.execute(TestCaseExecutor.java:285)
	at com.kms.katalon.core.common.CommonExecutor.accessTestCaseMainPhase(CommonExecutor.java:65)
	at com.kms.katalon.core.main.TestSuiteExecutor.accessTestSuiteMainPhase(TestSuiteExecutor.java:161)
	at com.kms.katalon.core.main.TestSuiteExecutor.execute(TestSuiteExecutor.java:107)
	at com.kms.katalon.core.main.TestCaseMain.startTestSuite(TestCaseMain.java:176)
	at TempTestSuite1735878642439.run(TempTestSuite1735878642439.groovy:35)
	at java.base/jdk.internal.reflect.NativeMethodAccessorImpl.invoke0(Native Method)
	at java.base/jdk.internal.reflect.NativeMethodAccessorImpl.invoke(NativeMethodAccessorImpl.java:77)
	at java.base/jdk.internal.reflect.DelegatingMethodAccessorImpl.invoke(DelegatingMethodAccessorImpl.java:43)
Caused by: com.kms.katalon.core.exception.StepFailedException: Unable to click on object 'Object Repository/Master Data/Admin Sekolah/Filter Tagihan/CIMB' (Root cause: com.kms.katalon.core.exception.StepFailedException: Unable to click on object 'Object Repository/Master Data/Admin Sekolah/Filter Tagihan/CIMB'
	at com.kms.katalon.core.webui.keyword.internal.WebUIKeywordMain.stepFailed(WebUIKeywordMain.groovy:117)
	at com.kms.katalon.core.webui.keyword.internal.WebUIKeywordMain.runKeyword(WebUIKeywordMain.groovy:43)
	at com.kms.katalon.core.webui.keyword.builtin.ClickKeyword.click(ClickKeyword.groovy:75)
	at com.kms.katalon.core.webui.keyword.builtin.ClickKeyword.execute(ClickKeyword.groovy:40)
	at com.kms.katalon.core.keyword.internal.KeywordExecutor.executeKeywordForPlatform(KeywordExecutor.groovy:74)
	at com.kms.katalon.core.webui.keyword.WebUiBuiltInKeywords.click(WebUiBuiltInKeywords.groovy:684)
	at Filter Tagihan.run(Filter Tagihan:62)
	at com.kms.katalon.core.main.ScriptEngine.run(ScriptEngine.java:194)
	at com.kms.katalon.core.main.ScriptEngine.runScriptAsRawText(ScriptEngine.java:119)
	at com.kms.katalon.core.main.TestCaseExecutor.runScript(TestCaseExecutor.java:448)
	at com.kms.katalon.core.main.TestCaseExecutor.doExecute(TestCaseExecutor.java:439)
	at com.kms.katalon.core.main.TestCaseExecutor.processExecutionPhase(TestCaseExecutor.java:418)
	at com.kms.katalon.core.main.TestCaseExecutor.accessMainPhase(TestCaseExecutor.java:410)
	at com.kms.katalon.core.main.TestCaseExecutor.execute(TestCaseExecutor.java:285)
	at com.kms.katalon.core.main.TestCaseMain.runTestCase(TestCaseMain.java:133)
	at com.kms.katalon.core.keyword.builtin.CallTestCaseKeyword$_callTestCase_closure1.doCall(CallTestCaseKeyword.groovy:59)
	at com.kms.katalon.core.keyword.builtin.CallTestCaseKeyword$_callTestCase_closure1.call(CallTestCaseKeyword.groovy)
	at com.kms.katalon.core.keyword.internal.KeywordMain.runKeyword(KeywordMain.groovy:75)
	at com.kms.katalon.core.keyword.builtin.CallTestCaseKeyword.callTestCase(CallTestCaseKeyword.groovy:81)
	at com.kms.katalon.core.keyword.builtin.CallTestCaseKeyword.execute(CallTestCaseKeyword.groovy:44)
	at com.kms.katalon.core.keyword.internal.KeywordExecutor.executeKeywordForPlatform(KeywordExecutor.groovy:74)
	at com.kms.katalon.core.keyword.BuiltinKeywords.callTestCase(BuiltinKeywords.groovy:310)
	at jdk.internal.reflect.GeneratedMethodAccessor48.invoke(Unknown Source)
	at java.base/jdk.internal.reflect.DelegatingMethodAccessorImpl.invoke(DelegatingMethodAccessorImpl.java:43)
	at Regresi Tagihan.run(Regresi Tagihan:22)
	at com.kms.katalon.core.main.ScriptEngine.run(ScriptEngine.java:194)
	at com.kms.katalon.core.main.ScriptEngine.runScriptAsRawText(ScriptEngine.java:119)
	at com.kms.katalon.core.main.TestCaseExecutor.runScript(TestCaseExecutor.java:448)
	at com.kms.katalon.core.main.TestCaseExecutor.doExecute(TestCaseExecutor.java:439)
	at com.kms.katalon.core.main.TestCaseExecutor.processExecutionPhase(TestCaseExecutor.java:418)
	at com.kms.katalon.core.main.TestCaseExecutor.accessMainPhase(TestCaseExecutor.java:410)
	at com.kms.katalon.core.main.TestCaseExecutor.execute(TestCaseExecutor.java:285)
	at com.kms.katalon.core.common.CommonExecutor.accessTestCaseMainPhase(CommonExecutor.java:65)
	at com.kms.katalon.core.main.TestSuiteExecutor.accessTestSuiteMainPhase(TestSuiteExecutor.java:161)
	at com.kms.katalon.core.main.TestSuiteExecutor.execute(TestSuiteExecutor.java:107)
	at com.kms.katalon.core.main.TestCaseMain.startTestSuite(TestCaseMain.java:176)
	at TempTestSuite1735878642439.run(TempTestSuite1735878642439.groovy:35)
	at java.base/jdk.internal.reflect.NativeMethodAccessorImpl.invoke0(Native Method)
	at java.base/jdk.internal.reflect.NativeMethodAccessorImpl.invoke(NativeMethodAccessorImpl.java:77)
	at java.base/jdk.internal.reflect.DelegatingMethodAccessorImpl.invoke(DelegatingMethodAccessorImpl.java:43)
Caused by: com.kms.katalon.core.webui.exception.WebElementNotFoundException: Web element with id: 'Object Repository/Master Data/Admin Sekolah/Filter Tagihan/CIMB' located by '//div[@data-testid='option-91' and .//p[@data-testid='paragraph' and text()='CIMB - 1223123123']]' not found
	at com.kms.katalon.core.webui.common.WebUiCommonHelper.findWebElement(WebUiCommonHelper.java:1426)
	at com.kms.katalon.core.webui.keyword.internal.WebUIAbstractKeyword.findWebElement(WebUIAbstractKeyword.groovy:27)
	at com.kms.katalon.core.webui.keyword.builtin.ClickKeyword$_click_closure1.doCall(ClickKeyword.groovy:66)
	at com.kms.katalon.core.webui.keyword.builtin.ClickKeyword$_click_closure1.call(ClickKeyword.groovy)
	at com.kms.katalon.core.webui.keyword.internal.WebUIKeywordMain.runKeyword(WebUIKeywordMain.groovy:35)
	at com.kms.katalon.core.webui.keyword.builtin.ClickKeyword.click(ClickKeyword.groovy:75)
	at com.kms.katalon.core.webui.keyword.builtin.ClickKeyword.execute(ClickKeyword.groovy:40)
	at com.kms.katalon.core.keyword.internal.KeywordExecutor.executeKeywordForPlatform(KeywordExecutor.groovy:74)
	at com.kms.katalon.core.webui.keyword.WebUiBuiltInKeywords.click(WebUiBuiltInKeywords.groovy:684)
	at Script1731485365054.run(Script1731485365054.groovy:62)
	at com.kms.katalon.core.main.ScriptEngine.run(ScriptEngine.java:194)
	at com.kms.katalon.core.main.ScriptEngine.runScriptAsRawText(ScriptEngine.java:119)
	at com.kms.katalon.core.main.TestCaseExecutor.runScript(TestCaseExecutor.java:448)
	at com.kms.katalon.core.main.TestCaseExecutor.doExecute(TestCaseExecutor.java:439)
	at com.kms.katalon.core.main.TestCaseExecutor.processExecutionPhase(TestCaseExecutor.java:418)
	at com.kms.katalon.core.main.TestCaseExecutor.accessMainPhase(TestCaseExecutor.java:410)
	at com.kms.katalon.core.main.TestCaseExecutor.execute(TestCaseExecutor.java:285)
	at com.kms.katalon.core.main.TestCaseMain.runTestCase(TestCaseMain.java:133)
	at com.kms.katalon.core.keyword.builtin.CallTestCaseKeyword$_callTestCase_closure1.doCall(CallTestCaseKeyword.groovy:59)
	at com.kms.katalon.core.keyword.builtin.CallTestCaseKeyword$_callTestCase_closure1.call(CallTestCaseKeyword.groovy)
	at com.kms.katalon.core.keyword.internal.KeywordMain.runKeyword(KeywordMain.groovy:75)
	at com.kms.katalon.core.keyword.builtin.CallTestCaseKeyword.callTestCase(CallTestCaseKeyword.groovy:81)
	at com.kms.katalon.core.keyword.builtin.CallTestCaseKeyword.execute(CallTestCaseKeyword.groovy:44)
	at com.kms.katalon.core.keyword.internal.KeywordExecutor.executeKeywordForPlatform(KeywordExecutor.groovy:74)
	at com.kms.katalon.core.keyword.BuiltinKeywords.callTestCase(BuiltinKeywords.groovy:310)
	at jdk.internal.reflect.GeneratedMethodAccessor48.invoke(Unknown Source)
	at java.base/jdk.internal.reflect.DelegatingMethodAccessorImpl.invoke(DelegatingMethodAccessorImpl.java:43)
	at Script1735746434271.run(Script1735746434271.groovy:22)
	... 15 more
)
	at com.kms.katalon.core.keyword.internal.KeywordMain.stepFailed(KeywordMain.groovy:39)
	at com.kms.katalon.core.webui.keyword.internal.WebUIKeywordMain.stepFailed(WebUIKeywordMain.groovy:117)
	at com.kms.katalon.core.webui.keyword.internal.WebUIKeywordMain.runKeyword(WebUIKeywordMain.groovy:43)
	at com.kms.katalon.core.webui.keyword.builtin.ClickKeyword.click(ClickKeyword.groovy:75)
	at com.kms.katalon.core.webui.keyword.builtin.ClickKeyword.execute(ClickKeyword.groovy:40)
	at com.kms.katalon.core.keyword.internal.KeywordExecutor.executeKeywordForPlatform(KeywordExecutor.groovy:74)
	at com.kms.katalon.core.webui.keyword.WebUiBuiltInKeywords.click(WebUiBuiltInKeywords.groovy:684)
	at Filter Tagihan.run(Filter Tagihan:62)
	at com.kms.katalon.core.main.ScriptEngine.run(ScriptEngine.java:194)
	at com.kms.katalon.core.main.ScriptEngine.runScriptAsRawText(ScriptEngine.java:119)
	at com.kms.katalon.core.main.TestCaseExecutor.runScript(TestCaseExecutor.java:448)
	at com.kms.katalon.core.main.TestCaseExecutor.doExecute(TestCaseExecutor.java:439)
	at com.kms.katalon.core.main.TestCaseExecutor.processExecutionPhase(TestCaseExecutor.java:418)
	at com.kms.katalon.core.main.TestCaseExecutor.accessMainPhase(TestCaseExecutor.java:410)
	at com.kms.katalon.core.main.TestCaseExecutor.execute(TestCaseExecutor.java:285)
	at com.kms.katalon.core.main.TestCaseMain.runTestCase(TestCaseMain.java:133)
	at com.kms.katalon.core.keyword.builtin.CallTestCaseKeyword$_callTestCase_closure1.doCall(CallTestCaseKeyword.groovy:59)
	... 24 more
Caused by: com.kms.katalon.core.exception.StepFailedException: Unable to click on object 'Object Repository/Master Data/Admin Sekolah/Filter Tagihan/CIMB'
	... 40 more
Caused by: com.kms.katalon.core.webui.exception.WebElementNotFoundException: Web element with id: 'Object Repository/Master Data/Admin Sekolah/Filter Tagihan/CIMB' located by '//div[@data-testid='option-91' and .//p[@data-testid='paragraph' and text()='CIMB - 1223123123']]' not found
	at com.kms.katalon.core.webui.common.WebUiCommonHelper.findWebElement(WebUiCommonHelper.java:1426)
	at com.kms.katalon.core.webui.keyword.internal.WebUIAbstractKeyword.findWebElement(WebUIAbstractKeyword.groovy:27)
	at com.kms.katalon.core.webui.keyword.builtin.ClickKeyword$_click_closure1.doCall(ClickKeyword.groovy:66)
	at com.kms.katalon.core.webui.keyword.builtin.ClickKeyword$_click_closure1.call(ClickKeyword.groovy)
	at com.kms.katalon.core.webui.keyword.internal.WebUIKeywordMain.runKeyword(WebUIKeywordMain.groovy:35)
	... 38 more
)

03-01-2025T11:44:03 - [TEST_CASE][FAILED] - Test Cases/Master Data/Admin Sekolah/Master Data Tagihan/Filter Tagihan: Test Cases/Master Data/Admin Sekolah/Master Data Tagihan/Filter Tagihan FAILED.
Reason:
com.kms.katalon.core.exception.StepFailedException: Unable to click on object 'Object Repository/Master Data/Admin Sekolah/Filter Tagihan/CIMB' (Root cause: com.kms.katalon.core.exception.StepFailedException: Unable to click on object 'Object Repository/Master Data/Admin Sekolah/Filter Tagihan/CIMB'
	at com.kms.katalon.core.webui.keyword.internal.WebUIKeywordMain.stepFailed(WebUIKeywordMain.groovy:117)
	at com.kms.katalon.core.webui.keyword.internal.WebUIKeywordMain.runKeyword(WebUIKeywordMain.groovy:43)
	at com.kms.katalon.core.webui.keyword.builtin.ClickKeyword.click(ClickKeyword.groovy:75)
	at com.kms.katalon.core.webui.keyword.builtin.ClickKeyword.execute(ClickKeyword.groovy:40)
	at com.kms.katalon.core.keyword.internal.KeywordExecutor.executeKeywordForPlatform(KeywordExecutor.groovy:74)
	at com.kms.katalon.core.webui.keyword.WebUiBuiltInKeywords.click(WebUiBuiltInKeywords.groovy:684)
	at Filter Tagihan.run(Filter Tagihan:62)
	at com.kms.katalon.core.main.ScriptEngine.run(ScriptEngine.java:194)
	at com.kms.katalon.core.main.ScriptEngine.runScriptAsRawText(ScriptEngine.java:119)
	at com.kms.katalon.core.main.TestCaseExecutor.runScript(TestCaseExecutor.java:448)
	at com.kms.katalon.core.main.TestCaseExecutor.doExecute(TestCaseExecutor.java:439)
	at com.kms.katalon.core.main.TestCaseExecutor.processExecutionPhase(TestCaseExecutor.java:418)
	at com.kms.katalon.core.main.TestCaseExecutor.accessMainPhase(TestCaseExecutor.java:410)
	at com.kms.katalon.core.main.TestCaseExecutor.execute(TestCaseExecutor.java:285)
	at com.kms.katalon.core.main.TestCaseMain.runTestCase(TestCaseMain.java:133)
	at com.kms.katalon.core.keyword.builtin.CallTestCaseKeyword$_callTestCase_closure1.doCall(CallTestCaseKeyword.groovy:59)
	at com.kms.katalon.core.keyword.builtin.CallTestCaseKeyword$_callTestCase_closure1.call(CallTestCaseKeyword.groovy)
	at com.kms.katalon.core.keyword.internal.KeywordMain.runKeyword(KeywordMain.groovy:75)
	at com.kms.katalon.core.keyword.builtin.CallTestCaseKeyword.callTestCase(CallTestCaseKeyword.groovy:81)
	at com.kms.katalon.core.keyword.builtin.CallTestCaseKeyword.execute(CallTestCaseKeyword.groovy:44)
	at com.kms.katalon.core.keyword.internal.KeywordExecutor.executeKeywordForPlatform(KeywordExecutor.groovy:74)
	at com.kms.katalon.core.keyword.BuiltinKeywords.callTestCase(BuiltinKeywords.groovy:310)
	at jdk.internal.reflect.GeneratedMethodAccessor48.invoke(Unknown Source)
	at java.base/jdk.internal.reflect.DelegatingMethodAccessorImpl.invoke(DelegatingMethodAccessorImpl.java:43)
	at Regresi Tagihan.run(Regresi Tagihan:22)
	at com.kms.katalon.core.main.ScriptEngine.run(ScriptEngine.java:194)
	at com.kms.katalon.core.main.ScriptEngine.runScriptAsRawText(ScriptEngine.java:119)
	at com.kms.katalon.core.main.TestCaseExecutor.runScript(TestCaseExecutor.java:448)
	at com.kms.katalon.core.main.TestCaseExecutor.doExecute(TestCaseExecutor.java:439)
	at com.kms.katalon.core.main.TestCaseExecutor.processExecutionPhase(TestCaseExecutor.java:418)
	at com.kms.katalon.core.main.TestCaseExecutor.accessMainPhase(TestCaseExecutor.java:410)
	at com.kms.katalon.core.main.TestCaseExecutor.execute(TestCaseExecutor.java:285)
	at com.kms.katalon.core.common.CommonExecutor.accessTestCaseMainPhase(CommonExecutor.java:65)
	at com.kms.katalon.core.main.TestSuiteExecutor.accessTestSuiteMainPhase(TestSuiteExecutor.java:161)
	at com.kms.katalon.core.main.TestSuiteExecutor.execute(TestSuiteExecutor.java:107)
	at com.kms.katalon.core.main.TestCaseMain.startTestSuite(TestCaseMain.java:176)
	at TempTestSuite1735878642439.run(TempTestSuite1735878642439.groovy:35)
	at java.base/jdk.internal.reflect.NativeMethodAccessorImpl.invoke0(Native Method)
	at java.base/jdk.internal.reflect.NativeMethodAccessorImpl.invoke(NativeMethodAccessorImpl.java:77)
	at java.base/jdk.internal.reflect.DelegatingMethodAccessorImpl.invoke(DelegatingMethodAccessorImpl.java:43)
Caused by: com.kms.katalon.core.webui.exception.WebElementNotFoundException: Web element with id: 'Object Repository/Master Data/Admin Sekolah/Filter Tagihan/CIMB' located by '//div[@data-testid='option-91' and .//p[@data-testid='paragraph' and text()='CIMB - 1223123123']]' not found
	at com.kms.katalon.core.webui.common.WebUiCommonHelper.findWebElement(WebUiCommonHelper.java:1426)
	at com.kms.katalon.core.webui.keyword.internal.WebUIAbstractKeyword.findWebElement(WebUIAbstractKeyword.groovy:27)
	at com.kms.katalon.core.webui.keyword.builtin.ClickKeyword$_click_closure1.doCall(ClickKeyword.groovy:66)
	at com.kms.katalon.core.webui.keyword.builtin.ClickKeyword$_click_closure1.call(ClickKeyword.groovy)
	at com.kms.katalon.core.webui.keyword.internal.WebUIKeywordMain.runKeyword(WebUIKeywordMain.groovy:35)
	at com.kms.katalon.core.webui.keyword.builtin.ClickKeyword.click(ClickKeyword.groovy:75)
	at com.kms.katalon.core.webui.keyword.builtin.ClickKeyword.execute(ClickKeyword.groovy:40)
	at com.kms.katalon.core.keyword.internal.KeywordExecutor.executeKeywordForPlatform(KeywordExecutor.groovy:74)
	at com.kms.katalon.core.webui.keyword.WebUiBuiltInKeywords.click(WebUiBuiltInKeywords.groovy:684)
	at Script1731485365054.run(Script1731485365054.groovy:62)
	at com.kms.katalon.core.main.ScriptEngine.run(ScriptEngine.java:194)
	at com.kms.katalon.core.main.ScriptEngine.runScriptAsRawText(ScriptEngine.java:119)
	at com.kms.katalon.core.main.TestCaseExecutor.runScript(TestCaseExecutor.java:448)
	at com.kms.katalon.core.main.TestCaseExecutor.doExecute(TestCaseExecutor.java:439)
	at com.kms.katalon.core.main.TestCaseExecutor.processExecutionPhase(TestCaseExecutor.java:418)
	at com.kms.katalon.core.main.TestCaseExecutor.accessMainPhase(TestCaseExecutor.java:410)
	at com.kms.katalon.core.main.TestCaseExecutor.execute(TestCaseExecutor.java:285)
	at com.kms.katalon.core.main.TestCaseMain.runTestCase(TestCaseMain.java:133)
	at com.kms.katalon.core.keyword.builtin.CallTestCaseKeyword$_callTestCase_closure1.doCall(CallTestCaseKeyword.groovy:59)
	at com.kms.katalon.core.keyword.builtin.CallTestCaseKeyword$_callTestCase_closure1.call(CallTestCaseKeyword.groovy)
	at com.kms.katalon.core.keyword.internal.KeywordMain.runKeyword(KeywordMain.groovy:75)
	at com.kms.katalon.core.keyword.builtin.CallTestCaseKeyword.callTestCase(CallTestCaseKeyword.groovy:81)
	at com.kms.katalon.core.keyword.builtin.CallTestCaseKeyword.execute(CallTestCaseKeyword.groovy:44)
	at com.kms.katalon.core.keyword.internal.KeywordExecutor.executeKeywordForPlatform(KeywordExecutor.groovy:74)
	at com.kms.katalon.core.keyword.BuiltinKeywords.callTestCase(BuiltinKeywords.groovy:310)
	at jdk.internal.reflect.GeneratedMethodAccessor48.invoke(Unknown Source)
	at java.base/jdk.internal.reflect.DelegatingMethodAccessorImpl.invoke(DelegatingMethodAccessorImpl.java:43)
	at Script1735746434271.run(Script1735746434271.groovy:22)
	... 15 more
)
	at com.kms.katalon.core.keyword.internal.KeywordMain.stepFailed(KeywordMain.groovy:39)
	at com.kms.katalon.core.webui.keyword.internal.WebUIKeywordMain.stepFailed(WebUIKeywordMain.groovy:117)
	at com.kms.katalon.core.webui.keyword.internal.WebUIKeywordMain.runKeyword(WebUIKeywordMain.groovy:43)
	at com.kms.katalon.core.webui.keyword.builtin.ClickKeyword.click(ClickKeyword.groovy:75)
	at com.kms.katalon.core.webui.keyword.builtin.ClickKeyword.execute(ClickKeyword.groovy:40)
	at com.kms.katalon.core.keyword.internal.KeywordExecutor.executeKeywordForPlatform(KeywordExecutor.groovy:74)
	at com.kms.katalon.core.webui.keyword.WebUiBuiltInKeywords.click(WebUiBuiltInKeywords.groovy:684)
	at Filter Tagihan.run(Filter Tagihan:62)
	at com.kms.katalon.core.main.ScriptEngine.run(ScriptEngine.java:194)
	at com.kms.katalon.core.main.ScriptEngine.runScriptAsRawText(ScriptEngine.java:119)
	at com.kms.katalon.core.main.TestCaseExecutor.runScript(TestCaseExecutor.java:448)
	at com.kms.katalon.core.main.TestCaseExecutor.doExecute(TestCaseExecutor.java:439)
	at com.kms.katalon.core.main.TestCaseExecutor.processExecutionPhase(TestCaseExecutor.java:418)
	at com.kms.katalon.core.main.TestCaseExecutor.accessMainPhase(TestCaseExecutor.java:410)
	at com.kms.katalon.core.main.TestCaseExecutor.execute(TestCaseExecutor.java:285)
	at com.kms.katalon.core.main.TestCaseMain.runTestCase(TestCaseMain.java:133)
	at com.kms.katalon.core.keyword.builtin.CallTestCaseKeyword$_callTestCase_closure1.doCall(CallTestCaseKeyword.groovy:59)
	at com.kms.katalon.core.keyword.builtin.CallTestCaseKeyword$_callTestCase_closure1.call(CallTestCaseKeyword.groovy)
	at com.kms.katalon.core.keyword.internal.KeywordMain.runKeyword(KeywordMain.groovy:75)
	at com.kms.katalon.core.keyword.builtin.CallTestCaseKeyword.callTestCase(CallTestCaseKeyword.groovy:81)
	at com.kms.katalon.core.keyword.builtin.CallTestCaseKeyword.execute(CallTestCaseKeyword.groovy:44)
	at com.kms.katalon.core.keyword.internal.KeywordExecutor.executeKeywordForPlatform(KeywordExecutor.groovy:74)
	at com.kms.katalon.core.keyword.BuiltinKeywords.callTestCase(BuiltinKeywords.groovy:310)
	at jdk.internal.reflect.GeneratedMethodAccessor48.invoke(Unknown Source)
	at java.base/jdk.internal.reflect.DelegatingMethodAccessorImpl.invoke(DelegatingMethodAccessorImpl.java:43)
	at Regresi Tagihan.run(Regresi Tagihan:22)
	at com.kms.katalon.core.main.ScriptEngine.run(ScriptEngine.java:194)
	at com.kms.katalon.core.main.ScriptEngine.runScriptAsRawText(ScriptEngine.java:119)
	at com.kms.katalon.core.main.TestCaseExecutor.runScript(TestCaseExecutor.java:448)
	at com.kms.katalon.core.main.TestCaseExecutor.doExecute(TestCaseExecutor.java:439)
	at com.kms.katalon.core.main.TestCaseExecutor.processExecutionPhase(TestCaseExecutor.java:418)
	at com.kms.katalon.core.main.TestCaseExecutor.accessMainPhase(TestCaseExecutor.java:410)
	at com.kms.katalon.core.main.TestCaseExecutor.execute(TestCaseExecutor.java:285)
	at com.kms.katalon.core.common.CommonExecutor.accessTestCaseMainPhase(CommonExecutor.java:65)
	at com.kms.katalon.core.main.TestSuiteExecutor.accessTestSuiteMainPhase(TestSuiteExecutor.java:161)
	at com.kms.katalon.core.main.TestSuiteExecutor.execute(TestSuiteExecutor.java:107)
	at com.kms.katalon.core.main.TestCaseMain.startTestSuite(TestCaseMain.java:176)
	at TempTestSuite1735878642439.run(TempTestSuite1735878642439.groovy:35)
	at java.base/jdk.internal.reflect.NativeMethodAccessorImpl.invoke0(Native Method)
	at java.base/jdk.internal.reflect.NativeMethodAccessorImpl.invoke(NativeMethodAccessorImpl.java:77)
	at java.base/jdk.internal.reflect.DelegatingMethodAccessorImpl.invoke(DelegatingMethodAccessorImpl.java:43)
Caused by: com.kms.katalon.core.exception.StepFailedException: Unable to click on object 'Object Repository/Master Data/Admin Sekolah/Filter Tagihan/CIMB'
	... 40 more
Caused by: com.kms.katalon.core.webui.exception.WebElementNotFoundException: Web element with id: 'Object Repository/Master Data/Admin Sekolah/Filter Tagihan/CIMB' located by '//div[@data-testid='option-91' and .//p[@data-testid='paragraph' and text()='CIMB - 1223123123']]' not found
	at com.kms.katalon.core.webui.common.WebUiCommonHelper.findWebElement(WebUiCommonHelper.java:1426)
	at com.kms.katalon.core.webui.keyword.internal.WebUIAbstractKeyword.findWebElement(WebUIAbstractKeyword.groovy:27)
	at com.kms.katalon.core.webui.keyword.builtin.ClickKeyword$_click_closure1.doCall(ClickKeyword.groovy:66)
	at com.kms.katalon.core.webui.keyword.builtin.ClickKeyword$_click_closure1.call(ClickKeyword.groovy)
	at com.kms.katalon.core.webui.keyword.internal.WebUIKeywordMain.runKeyword(WebUIKeywordMain.groovy:35)
	... 38 more


03-01-2025T11:44:03 - [TEST_STEP][PASSED] - openBrowser("", CONTINUE_ON_FAILURE): Browser is opened with url: ''

03-01-2025T11:44:03 - [MESSAGE][WARNING] - A browser is already opened. Closing browser and opening a new one

03-01-2025T11:44:03 - [MESSAGE][INFO] - Starting 'Chrome' driver

03-01-2025T11:44:03 - [MESSAGE][INFO] - Action delay is set to 0 milliseconds

03-01-2025T11:44:04 - [MESSAGE][PASSED] - Browser is opened with url: ''

03-01-2025T11:44:04 - [TEST_STEP][PASSED] - navigateToUrl("https://sit.siprusedu.com/login", CONTINUE_ON_FAILURE): Navigate to 'https://sit.siprusedu.com/login' successfully

03-01-2025T11:44:04 - [MESSAGE][PASSED] - Navigate to 'https://sit.siprusedu.com/login' successfully

03-01-2025T11:44:04 - [TEST_STEP][PASSED] - click(findTestObject("Master Data/Admin Sekolah/Login/Field Email"), CONTINUE_ON_FAILURE): Object: 'Object Repository/Master Data/Admin Sekolah/Login/Field Email' is clicked on

03-01-2025T11:44:06 - [MESSAGE][PASSED] - Object: 'Object Repository/Master Data/Admin Sekolah/Login/Field Email' is clicked on

03-01-2025T11:44:06 - [TEST_STEP][PASSED] - setText(findTestObject("Master Data/Admin Sekolah/Login/Field Email"), "admin.gudangsolusi@digiform.co.id", CONTINUE_ON_FAILURE): Text 'admin.gudangsolusi@digiform.co.id' is set on object 'Object Repository/Master Data/Admin Sekolah/Login/Field Email'

03-01-2025T11:44:07 - [MESSAGE][PASSED] - Text 'admin.gudangsolusi@digiform.co.id' is set on object 'Object Repository/Master Data/Admin Sekolah/Login/Field Email'

03-01-2025T11:44:07 - [TEST_STEP][PASSED] - delay(1, CONTINUE_ON_FAILURE): Delayed 1 second(s)

03-01-2025T11:44:08 - [MESSAGE][PASSED] - Delayed 1 second(s)

03-01-2025T11:44:08 - [TEST_STEP][PASSED] - click(findTestObject("Master Data/Admin Sekolah/Login/Input Password"), CONTINUE_ON_FAILURE): Object: 'Object Repository/Master Data/Admin Sekolah/Login/Input Password' is clicked on

03-01-2025T11:44:08 - [MESSAGE][PASSED] - Object: 'Object Repository/Master Data/Admin Sekolah/Login/Input Password' is clicked on

03-01-2025T11:44:08 - [TEST_STEP][PASSED] - setText(findTestObject("Master Data/Admin Sekolah/Login/Input Password"), "Test1234", CONTINUE_ON_FAILURE): Text 'Test1234' is set on object 'Object Repository/Master Data/Admin Sekolah/Login/Input Password'

03-01-2025T11:44:08 - [MESSAGE][PASSED] - Text 'Test1234' is set on object 'Object Repository/Master Data/Admin Sekolah/Login/Input Password'

03-01-2025T11:44:08 - [TEST_STEP][PASSED] - delay(1, CONTINUE_ON_FAILURE): Delayed 1 second(s)

03-01-2025T11:44:09 - [MESSAGE][PASSED] - Delayed 1 second(s)

03-01-2025T11:44:09 - [TEST_STEP][PASSED] - click(findTestObject("Master Data/Admin Sekolah/Login/Button Submit"), CONTINUE_ON_FAILURE): Object: 'Object Repository/Master Data/Admin Sekolah/Login/Button Submit' is clicked on

03-01-2025T11:44:10 - [MESSAGE][PASSED] - Object: 'Object Repository/Master Data/Admin Sekolah/Login/Button Submit' is clicked on

03-01-2025T11:44:10 - [TEST_STEP][PASSED] - click(findTestObject("Master Data/Admin Sekolah/Lihat Tagihan/Menu Master Data"), CONTINUE_ON_FAILURE): Object: 'Object Repository/Master Data/Admin Sekolah/Lihat Tagihan/Menu Master Data' is clicked on

03-01-2025T11:44:11 - [MESSAGE][PASSED] - Object: 'Object Repository/Master Data/Admin Sekolah/Lihat Tagihan/Menu Master Data' is clicked on

03-01-2025T11:44:11 - [TEST_STEP][PASSED] - delay(1, CONTINUE_ON_FAILURE): Delayed 1 second(s)

03-01-2025T11:44:12 - [MESSAGE][PASSED] - Delayed 1 second(s)

03-01-2025T11:44:12 - [TEST_STEP][PASSED] - click(findTestObject("Master Data/Admin Sekolah/Lihat Tagihan/Menu Tagihan"), CONTINUE_ON_FAILURE): Object: 'Object Repository/Master Data/Admin Sekolah/Lihat Tagihan/Menu Tagihan' is clicked on

03-01-2025T11:44:13 - [MESSAGE][PASSED] - Object: 'Object Repository/Master Data/Admin Sekolah/Lihat Tagihan/Menu Tagihan' is clicked on

03-01-2025T11:44:13 - [TEST_STEP][PASSED] - delay(1, CONTINUE_ON_FAILURE): Delayed 1 second(s)

03-01-2025T11:44:14 - [MESSAGE][PASSED] - Delayed 1 second(s)

03-01-2025T11:44:14 - [TEST_STEP][PASSED] - click(findTestObject("Master Data/Admin Sekolah/Filter Tagihan/Button Filter"), CONTINUE_ON_FAILURE): Object: 'Object Repository/Master Data/Admin Sekolah/Filter Tagihan/Button Filter' is clicked on

03-01-2025T11:44:14 - [MESSAGE][PASSED] - Object: 'Object Repository/Master Data/Admin Sekolah/Filter Tagihan/Button Filter' is clicked on

03-01-2025T11:44:14 - [TEST_STEP][PASSED] - delay(1, CONTINUE_ON_FAILURE): Delayed 1 second(s)

03-01-2025T11:44:15 - [MESSAGE][PASSED] - Delayed 1 second(s)

03-01-2025T11:44:15 - [TEST_STEP][PASSED] - click(findTestObject("Master Data/Admin Sekolah/Filter Tagihan/Select Tipe Tagihan"), CONTINUE_ON_FAILURE): Object: 'Object Repository/Master Data/Admin Sekolah/Filter Tagihan/Select Tipe Tagihan' is clicked on

03-01-2025T11:44:15 - [MESSAGE][PASSED] - Object: 'Object Repository/Master Data/Admin Sekolah/Filter Tagihan/Select Tipe Tagihan' is clicked on

03-01-2025T11:44:15 - [TEST_STEP][PASSED] - delay(1, CONTINUE_ON_FAILURE): Delayed 1 second(s)

03-01-2025T11:44:16 - [MESSAGE][PASSED] - Delayed 1 second(s)

03-01-2025T11:44:16 - [TEST_STEP][PASSED] - click(findTestObject("Master Data/Admin Sekolah/Filter Tagihan/Tagihan Reguler"), CONTINUE_ON_FAILURE): Object: 'Object Repository/Master Data/Admin Sekolah/Filter Tagihan/Tagihan Reguler' is clicked on

03-01-2025T11:44:17 - [MESSAGE][PASSED] - Object: 'Object Repository/Master Data/Admin Sekolah/Filter Tagihan/Tagihan Reguler' is clicked on

03-01-2025T11:44:17 - [TEST_STEP][PASSED] - delay(1, CONTINUE_ON_FAILURE): Delayed 1 second(s)

03-01-2025T11:44:18 - [MESSAGE][PASSED] - Delayed 1 second(s)

03-01-2025T11:44:18 - [TEST_STEP][PASSED] - click(findTestObject("Master Data/Admin Sekolah/Filter Tagihan/Select Rekening Bank"), CONTINUE_ON_FAILURE): Object: 'Object Repository/Master Data/Admin Sekolah/Filter Tagihan/Select Rekening Bank' is clicked on

03-01-2025T11:44:18 - [MESSAGE][PASSED] - Object: 'Object Repository/Master Data/Admin Sekolah/Filter Tagihan/Select Rekening Bank' is clicked on

03-01-2025T11:44:18 - [TEST_STEP][PASSED] - delay(1, CONTINUE_ON_FAILURE): Delayed 1 second(s)

03-01-2025T11:44:19 - [MESSAGE][PASSED] - Delayed 1 second(s)

03-01-2025T11:44:19 - [TEST_STEP][FAILED] - click(findTestObject("Master Data/Admin Sekolah/Filter Tagihan/CIMB"), CONTINUE_ON_FAILURE): Unable to click on object 'Object Repository/Master Data/Admin Sekolah/Filter Tagihan/CIMB' (Root cause: com.kms.katalon.core.exception.StepFailedException: Unable to click on object 'Object Repository/Master Data/Admin Sekolah/Filter Tagihan/CIMB'
	at com.kms.katalon.core.webui.keyword.internal.WebUIKeywordMain.stepFailed(WebUIKeywordMain.groovy:117)
	at com.kms.katalon.core.webui.keyword.internal.WebUIKeywordMain.runKeyword(WebUIKeywordMain.groovy:43)
	at com.kms.katalon.core.webui.keyword.builtin.ClickKeyword.click(ClickKeyword.groovy:75)
	at com.kms.katalon.core.webui.keyword.builtin.ClickKeyword.execute(ClickKeyword.groovy:40)
	at com.kms.katalon.core.keyword.internal.KeywordExecutor.executeKeywordForPlatform(KeywordExecutor.groovy:74)
	at com.kms.katalon.core.webui.keyword.WebUiBuiltInKeywords.click(WebUiBuiltInKeywords.groovy:684)
	at Filter Tagihan.run(Filter Tagihan:62)
	at com.kms.katalon.core.main.ScriptEngine.run(ScriptEngine.java:194)
	at com.kms.katalon.core.main.ScriptEngine.runScriptAsRawText(ScriptEngine.java:119)
	at com.kms.katalon.core.main.TestCaseExecutor.runScript(TestCaseExecutor.java:448)
	at com.kms.katalon.core.main.TestCaseExecutor.doExecute(TestCaseExecutor.java:439)
	at com.kms.katalon.core.main.TestCaseExecutor.processExecutionPhase(TestCaseExecutor.java:418)
	at com.kms.katalon.core.main.TestCaseExecutor.accessMainPhase(TestCaseExecutor.java:410)
	at com.kms.katalon.core.main.TestCaseExecutor.execute(TestCaseExecutor.java:285)
	at com.kms.katalon.core.main.TestCaseMain.runTestCase(TestCaseMain.java:133)
	at com.kms.katalon.core.keyword.builtin.CallTestCaseKeyword$_callTestCase_closure1.doCall(CallTestCaseKeyword.groovy:59)
	at com.kms.katalon.core.keyword.builtin.CallTestCaseKeyword$_callTestCase_closure1.call(CallTestCaseKeyword.groovy)
	at com.kms.katalon.core.keyword.internal.KeywordMain.runKeyword(KeywordMain.groovy:75)
	at com.kms.katalon.core.keyword.builtin.CallTestCaseKeyword.callTestCase(CallTestCaseKeyword.groovy:81)
	at com.kms.katalon.core.keyword.builtin.CallTestCaseKeyword.execute(CallTestCaseKeyword.groovy:44)
	at com.kms.katalon.core.keyword.internal.KeywordExecutor.executeKeywordForPlatform(KeywordExecutor.groovy:74)
	at com.kms.katalon.core.keyword.BuiltinKeywords.callTestCase(BuiltinKeywords.groovy:310)
	at jdk.internal.reflect.GeneratedMethodAccessor48.invoke(Unknown Source)
	at java.base/jdk.internal.reflect.DelegatingMethodAccessorImpl.invoke(DelegatingMethodAccessorImpl.java:43)
	at Regresi Tagihan.run(Regresi Tagihan:22)
	at com.kms.katalon.core.main.ScriptEngine.run(ScriptEngine.java:194)
	at com.kms.katalon.core.main.ScriptEngine.runScriptAsRawText(ScriptEngine.java:119)
	at com.kms.katalon.core.main.TestCaseExecutor.runScript(TestCaseExecutor.java:448)
	at com.kms.katalon.core.main.TestCaseExecutor.doExecute(TestCaseExecutor.java:439)
	at com.kms.katalon.core.main.TestCaseExecutor.processExecutionPhase(TestCaseExecutor.java:418)
	at com.kms.katalon.core.main.TestCaseExecutor.accessMainPhase(TestCaseExecutor.java:410)
	at com.kms.katalon.core.main.TestCaseExecutor.execute(TestCaseExecutor.java:285)
	at com.kms.katalon.core.common.CommonExecutor.accessTestCaseMainPhase(CommonExecutor.java:65)
	at com.kms.katalon.core.main.TestSuiteExecutor.accessTestSuiteMainPhase(TestSuiteExecutor.java:161)
	at com.kms.katalon.core.main.TestSuiteExecutor.execute(TestSuiteExecutor.java:107)
	at com.kms.katalon.core.main.TestCaseMain.startTestSuite(TestCaseMain.java:176)
	at TempTestSuite1735878642439.run(TempTestSuite1735878642439.groovy:35)
	at java.base/jdk.internal.reflect.NativeMethodAccessorImpl.invoke0(Native Method)
	at java.base/jdk.internal.reflect.NativeMethodAccessorImpl.invoke(NativeMethodAccessorImpl.java:77)
	at java.base/jdk.internal.reflect.DelegatingMethodAccessorImpl.invoke(DelegatingMethodAccessorImpl.java:43)
Caused by: com.kms.katalon.core.webui.exception.WebElementNotFoundException: Web element with id: 'Object Repository/Master Data/Admin Sekolah/Filter Tagihan/CIMB' located by '//div[@data-testid='option-91' and .//p[@data-testid='paragraph' and text()='CIMB - 1223123123']]' not found
	at com.kms.katalon.core.webui.common.WebUiCommonHelper.findWebElement(WebUiCommonHelper.java:1426)
	at com.kms.katalon.core.webui.keyword.internal.WebUIAbstractKeyword.findWebElement(WebUIAbstractKeyword.groovy:27)
	at com.kms.katalon.core.webui.keyword.builtin.ClickKeyword$_click_closure1.doCall(ClickKeyword.groovy:66)
	at com.kms.katalon.core.webui.keyword.builtin.ClickKeyword$_click_closure1.call(ClickKeyword.groovy)
	at com.kms.katalon.core.webui.keyword.internal.WebUIKeywordMain.runKeyword(WebUIKeywordMain.groovy:35)
	at com.kms.katalon.core.webui.keyword.builtin.ClickKeyword.click(ClickKeyword.groovy:75)
	at com.kms.katalon.core.webui.keyword.builtin.ClickKeyword.execute(ClickKeyword.groovy:40)
	at com.kms.katalon.core.keyword.internal.KeywordExecutor.executeKeywordForPlatform(KeywordExecutor.groovy:74)
	at com.kms.katalon.core.webui.keyword.WebUiBuiltInKeywords.click(WebUiBuiltInKeywords.groovy:684)
	at Script1731485365054.run(Script1731485365054.groovy:62)
	at com.kms.katalon.core.main.ScriptEngine.run(ScriptEngine.java:194)
	at com.kms.katalon.core.main.ScriptEngine.runScriptAsRawText(ScriptEngine.java:119)
	at com.kms.katalon.core.main.TestCaseExecutor.runScript(TestCaseExecutor.java:448)
	at com.kms.katalon.core.main.TestCaseExecutor.doExecute(TestCaseExecutor.java:439)
	at com.kms.katalon.core.main.TestCaseExecutor.processExecutionPhase(TestCaseExecutor.java:418)
	at com.kms.katalon.core.main.TestCaseExecutor.accessMainPhase(TestCaseExecutor.java:410)
	at com.kms.katalon.core.main.TestCaseExecutor.execute(TestCaseExecutor.java:285)
	at com.kms.katalon.core.main.TestCaseMain.runTestCase(TestCaseMain.java:133)
	at com.kms.katalon.core.keyword.builtin.CallTestCaseKeyword$_callTestCase_closure1.doCall(CallTestCaseKeyword.groovy:59)
	at com.kms.katalon.core.keyword.builtin.CallTestCaseKeyword$_callTestCase_closure1.call(CallTestCaseKeyword.groovy)
	at com.kms.katalon.core.keyword.internal.KeywordMain.runKeyword(KeywordMain.groovy:75)
	at com.kms.katalon.core.keyword.builtin.CallTestCaseKeyword.callTestCase(CallTestCaseKeyword.groovy:81)
	at com.kms.katalon.core.keyword.builtin.CallTestCaseKeyword.execute(CallTestCaseKeyword.groovy:44)
	at com.kms.katalon.core.keyword.internal.KeywordExecutor.executeKeywordForPlatform(KeywordExecutor.groovy:74)
	at com.kms.katalon.core.keyword.BuiltinKeywords.callTestCase(BuiltinKeywords.groovy:310)
	at jdk.internal.reflect.GeneratedMethodAccessor48.invoke(Unknown Source)
	at java.base/jdk.internal.reflect.DelegatingMethodAccessorImpl.invoke(DelegatingMethodAccessorImpl.java:43)
	at Script1735746434271.run(Script1735746434271.groovy:22)
	... 15 more
)

03-01-2025T11:44:50 - [MESSAGE][INFO] - Unable to find the element located by 'By.xpath: //div[@data-testid='option-91' and .//p[@data-testid='paragraph' and text()='CIMB - 1223123123']]'. Please recheck the objects properties to make sure the desired element is located. 

03-01-2025T11:44:50 - [MESSAGE][WARNING] - [SELF-HEALING] Failed to find element with id 'Object Repository/Master Data/Admin Sekolah/Filter Tagihan/CIMB'. Try using Self-healing.

03-01-2025T11:44:51 - [MESSAGE][INFO] - [SELF-HEALING] No working XPath is found.

03-01-2025T11:44:52 - [MESSAGE][WARNING] - [SELF-HEALING] invalid selector
from javascript error: {"status":32,"value":"Unable to locate an element with the xpath expression  because of the following error:\nSyntaxError: Failed to execute 'evaluate' on 'Document': The string '' is not a valid XPath expression."}
  (Session info: chrome=131.0.6778.205)
For documentation on this error, please visit: https://www.selenium.dev/documentation/webdriver/troubleshooting/errors#invalid-selector-exception
Build info: version: '4.22.0', revision: 'c5f3146703'
System info: os.name: 'Windows 11', os.arch: 'amd64', os.version: '10.0', java.version: '17.0.7'
Driver info: com.kms.katalon.selenium.driver.CChromeDriver
Command: [974cd147709f265d07a00a7435da94fb, findElements {value=, using=xpath}]
Capabilities {acceptInsecureCerts: false, browserName: chrome, browserVersion: 131.0.6778.205, chrome: {chromedriverVersion: 130.0.6723.58 (3a50e012e4c9..., userDataDir: C:\Users\henri\AppData\Loca...}, fedcm:accounts: true, goog:chromeOptions: {debuggerAddress: localhost:64394}, networkConnectionEnabled: false, pageLoadStrategy: normal, platformName: windows, proxy: Proxy(), se:cdp: ws://localhost:64394/devtoo..., se:cdpVersion: 131.0.6778.205, setWindowRect: true, strictFileInteractability: false, timeouts: {implicit: 0, pageLoad: 300000, script: 30000}, unhandledPromptBehavior: ignore, webSocketUrl: ws://localhost:30057/sessio..., webauthn:extension:credBlob: true, webauthn:extension:largeBlob: true, webauthn:extension:minPinLength: true, webauthn:extension:prf: true, webauthn:virtualAuthenticators: true}
Session ID: 974cd147709f265d07a00a7435da94fb

03-01-2025T11:44:52 - [MESSAGE][WARNING] - [SELF-HEALING] Cannot find elements when the selector is null

03-01-2025T11:44:52 - [MESSAGE][FAILED] - Unable to click on object 'Object Repository/Master Data/Admin Sekolah/Filter Tagihan/CIMB' (Root cause: com.kms.katalon.core.exception.StepFailedException: Unable to click on object 'Object Repository/Master Data/Admin Sekolah/Filter Tagihan/CIMB'
	at com.kms.katalon.core.webui.keyword.internal.WebUIKeywordMain.stepFailed(WebUIKeywordMain.groovy:117)
	at com.kms.katalon.core.webui.keyword.internal.WebUIKeywordMain.runKeyword(WebUIKeywordMain.groovy:43)
	at com.kms.katalon.core.webui.keyword.builtin.ClickKeyword.click(ClickKeyword.groovy:75)
	at com.kms.katalon.core.webui.keyword.builtin.ClickKeyword.execute(ClickKeyword.groovy:40)
	at com.kms.katalon.core.keyword.internal.KeywordExecutor.executeKeywordForPlatform(KeywordExecutor.groovy:74)
	at com.kms.katalon.core.webui.keyword.WebUiBuiltInKeywords.click(WebUiBuiltInKeywords.groovy:684)
	at Filter Tagihan.run(Filter Tagihan:62)
	at com.kms.katalon.core.main.ScriptEngine.run(ScriptEngine.java:194)
	at com.kms.katalon.core.main.ScriptEngine.runScriptAsRawText(ScriptEngine.java:119)
	at com.kms.katalon.core.main.TestCaseExecutor.runScript(TestCaseExecutor.java:448)
	at com.kms.katalon.core.main.TestCaseExecutor.doExecute(TestCaseExecutor.java:439)
	at com.kms.katalon.core.main.TestCaseExecutor.processExecutionPhase(TestCaseExecutor.java:418)
	at com.kms.katalon.core.main.TestCaseExecutor.accessMainPhase(TestCaseExecutor.java:410)
	at com.kms.katalon.core.main.TestCaseExecutor.execute(TestCaseExecutor.java:285)
	at com.kms.katalon.core.main.TestCaseMain.runTestCase(TestCaseMain.java:133)
	at com.kms.katalon.core.keyword.builtin.CallTestCaseKeyword$_callTestCase_closure1.doCall(CallTestCaseKeyword.groovy:59)
	at com.kms.katalon.core.keyword.builtin.CallTestCaseKeyword$_callTestCase_closure1.call(CallTestCaseKeyword.groovy)
	at com.kms.katalon.core.keyword.internal.KeywordMain.runKeyword(KeywordMain.groovy:75)
	at com.kms.katalon.core.keyword.builtin.CallTestCaseKeyword.callTestCase(CallTestCaseKeyword.groovy:81)
	at com.kms.katalon.core.keyword.builtin.CallTestCaseKeyword.execute(CallTestCaseKeyword.groovy:44)
	at com.kms.katalon.core.keyword.internal.KeywordExecutor.executeKeywordForPlatform(KeywordExecutor.groovy:74)
	at com.kms.katalon.core.keyword.BuiltinKeywords.callTestCase(BuiltinKeywords.groovy:310)
	at jdk.internal.reflect.GeneratedMethodAccessor48.invoke(Unknown Source)
	at java.base/jdk.internal.reflect.DelegatingMethodAccessorImpl.invoke(DelegatingMethodAccessorImpl.java:43)
	at Regresi Tagihan.run(Regresi Tagihan:22)
	at com.kms.katalon.core.main.ScriptEngine.run(ScriptEngine.java:194)
	at com.kms.katalon.core.main.ScriptEngine.runScriptAsRawText(ScriptEngine.java:119)
	at com.kms.katalon.core.main.TestCaseExecutor.runScript(TestCaseExecutor.java:448)
	at com.kms.katalon.core.main.TestCaseExecutor.doExecute(TestCaseExecutor.java:439)
	at com.kms.katalon.core.main.TestCaseExecutor.processExecutionPhase(TestCaseExecutor.java:418)
	at com.kms.katalon.core.main.TestCaseExecutor.accessMainPhase(TestCaseExecutor.java:410)
	at com.kms.katalon.core.main.TestCaseExecutor.execute(TestCaseExecutor.java:285)
	at com.kms.katalon.core.common.CommonExecutor.accessTestCaseMainPhase(CommonExecutor.java:65)
	at com.kms.katalon.core.main.TestSuiteExecutor.accessTestSuiteMainPhase(TestSuiteExecutor.java:161)
	at com.kms.katalon.core.main.TestSuiteExecutor.execute(TestSuiteExecutor.java:107)
	at com.kms.katalon.core.main.TestCaseMain.startTestSuite(TestCaseMain.java:176)
	at TempTestSuite1735878642439.run(TempTestSuite1735878642439.groovy:35)
	at java.base/jdk.internal.reflect.NativeMethodAccessorImpl.invoke0(Native Method)
	at java.base/jdk.internal.reflect.NativeMethodAccessorImpl.invoke(NativeMethodAccessorImpl.java:77)
	at java.base/jdk.internal.reflect.DelegatingMethodAccessorImpl.invoke(DelegatingMethodAccessorImpl.java:43)
Caused by: com.kms.katalon.core.webui.exception.WebElementNotFoundException: Web element with id: 'Object Repository/Master Data/Admin Sekolah/Filter Tagihan/CIMB' located by '//div[@data-testid='option-91' and .//p[@data-testid='paragraph' and text()='CIMB - 1223123123']]' not found
	at com.kms.katalon.core.webui.common.WebUiCommonHelper.findWebElement(WebUiCommonHelper.java:1426)
	at com.kms.katalon.core.webui.keyword.internal.WebUIAbstractKeyword.findWebElement(WebUIAbstractKeyword.groovy:27)
	at com.kms.katalon.core.webui.keyword.builtin.ClickKeyword$_click_closure1.doCall(ClickKeyword.groovy:66)
	at com.kms.katalon.core.webui.keyword.builtin.ClickKeyword$_click_closure1.call(ClickKeyword.groovy)
	at com.kms.katalon.core.webui.keyword.internal.WebUIKeywordMain.runKeyword(WebUIKeywordMain.groovy:35)
	at com.kms.katalon.core.webui.keyword.builtin.ClickKeyword.click(ClickKeyword.groovy:75)
	at com.kms.katalon.core.webui.keyword.builtin.ClickKeyword.execute(ClickKeyword.groovy:40)
	at com.kms.katalon.core.keyword.internal.KeywordExecutor.executeKeywordForPlatform(KeywordExecutor.groovy:74)
	at com.kms.katalon.core.webui.keyword.WebUiBuiltInKeywords.click(WebUiBuiltInKeywords.groovy:684)
	at Script1731485365054.run(Script1731485365054.groovy:62)
	at com.kms.katalon.core.main.ScriptEngine.run(ScriptEngine.java:194)
	at com.kms.katalon.core.main.ScriptEngine.runScriptAsRawText(ScriptEngine.java:119)
	at com.kms.katalon.core.main.TestCaseExecutor.runScript(TestCaseExecutor.java:448)
	at com.kms.katalon.core.main.TestCaseExecutor.doExecute(TestCaseExecutor.java:439)
	at com.kms.katalon.core.main.TestCaseExecutor.processExecutionPhase(TestCaseExecutor.java:418)
	at com.kms.katalon.core.main.TestCaseExecutor.accessMainPhase(TestCaseExecutor.java:410)
	at com.kms.katalon.core.main.TestCaseExecutor.execute(TestCaseExecutor.java:285)
	at com.kms.katalon.core.main.TestCaseMain.runTestCase(TestCaseMain.java:133)
	at com.kms.katalon.core.keyword.builtin.CallTestCaseKeyword$_callTestCase_closure1.doCall(CallTestCaseKeyword.groovy:59)
	at com.kms.katalon.core.keyword.builtin.CallTestCaseKeyword$_callTestCase_closure1.call(CallTestCaseKeyword.groovy)
	at com.kms.katalon.core.keyword.internal.KeywordMain.runKeyword(KeywordMain.groovy:75)
	at com.kms.katalon.core.keyword.builtin.CallTestCaseKeyword.callTestCase(CallTestCaseKeyword.groovy:81)
	at com.kms.katalon.core.keyword.builtin.CallTestCaseKeyword.execute(CallTestCaseKeyword.groovy:44)
	at com.kms.katalon.core.keyword.internal.KeywordExecutor.executeKeywordForPlatform(KeywordExecutor.groovy:74)
	at com.kms.katalon.core.keyword.BuiltinKeywords.callTestCase(BuiltinKeywords.groovy:310)
	at jdk.internal.reflect.GeneratedMethodAccessor48.invoke(Unknown Source)
	at java.base/jdk.internal.reflect.DelegatingMethodAccessorImpl.invoke(DelegatingMethodAccessorImpl.java:43)
	at Script1735746434271.run(Script1735746434271.groovy:22)
	... 15 more
)
[[ATTACHMENT|C:\\Users\\henri\\Videos\\school-payment-automation-testing\\Reports\\20250103_113042\\SPRINT 1\\20250103_113042\\1735879492874.png]]

03-01-2025T11:44:52 - [TEST_STEP][PASSED] - delay(1, CONTINUE_ON_FAILURE): Delayed 1 second(s)

03-01-2025T11:44:54 - [MESSAGE][PASSED] - Delayed 1 second(s)

03-01-2025T11:44:54 - [TEST_STEP][PASSED] - click(findTestObject("Master Data/Admin Sekolah/Filter Tagihan/Button Terapkan"), CONTINUE_ON_FAILURE): Object: 'Object Repository/Master Data/Admin Sekolah/Filter Tagihan/Button Terapkan' is clicked on

03-01-2025T11:44:54 - [MESSAGE][PASSED] - Object: 'Object Repository/Master Data/Admin Sekolah/Filter Tagihan/Button Terapkan' is clicked on

03-01-2025T11:44:54 - [MESSAGE][FAILED] - Unable to call Test Case 'Test Cases/Master Data/Admin Sekolah/Master Data Tagihan/Filter Tagihan' (Root cause: com.kms.katalon.core.exception.StepFailedException: Call Test Case 'Test Cases/Master Data/Admin Sekolah/Master Data Tagihan/Filter Tagihan' failed
	at com.kms.katalon.core.keyword.builtin.CallTestCaseKeyword$_callTestCase_closure1.doCall(CallTestCaseKeyword.groovy:63)
	at com.kms.katalon.core.keyword.builtin.CallTestCaseKeyword$_callTestCase_closure1.call(CallTestCaseKeyword.groovy)
	at com.kms.katalon.core.keyword.internal.KeywordMain.runKeyword(KeywordMain.groovy:75)
	at com.kms.katalon.core.keyword.builtin.CallTestCaseKeyword.callTestCase(CallTestCaseKeyword.groovy:81)
	at com.kms.katalon.core.keyword.builtin.CallTestCaseKeyword.execute(CallTestCaseKeyword.groovy:44)
	at com.kms.katalon.core.keyword.internal.KeywordExecutor.executeKeywordForPlatform(KeywordExecutor.groovy:74)
	at com.kms.katalon.core.keyword.BuiltinKeywords.callTestCase(BuiltinKeywords.groovy:310)
	at jdk.internal.reflect.GeneratedMethodAccessor48.invoke(Unknown Source)
	at java.base/jdk.internal.reflect.DelegatingMethodAccessorImpl.invoke(DelegatingMethodAccessorImpl.java:43)
	at Regresi Tagihan.run(Regresi Tagihan:22)
	at com.kms.katalon.core.main.ScriptEngine.run(ScriptEngine.java:194)
	at com.kms.katalon.core.main.ScriptEngine.runScriptAsRawText(ScriptEngine.java:119)
	at com.kms.katalon.core.main.TestCaseExecutor.runScript(TestCaseExecutor.java:448)
	at com.kms.katalon.core.main.TestCaseExecutor.doExecute(TestCaseExecutor.java:439)
	at com.kms.katalon.core.main.TestCaseExecutor.processExecutionPhase(TestCaseExecutor.java:418)
	at com.kms.katalon.core.main.TestCaseExecutor.accessMainPhase(TestCaseExecutor.java:410)
	at com.kms.katalon.core.main.TestCaseExecutor.execute(TestCaseExecutor.java:285)
	at com.kms.katalon.core.common.CommonExecutor.accessTestCaseMainPhase(CommonExecutor.java:65)
	at com.kms.katalon.core.main.TestSuiteExecutor.accessTestSuiteMainPhase(TestSuiteExecutor.java:161)
	at com.kms.katalon.core.main.TestSuiteExecutor.execute(TestSuiteExecutor.java:107)
	at com.kms.katalon.core.main.TestCaseMain.startTestSuite(TestCaseMain.java:176)
	at TempTestSuite1735878642439.run(TempTestSuite1735878642439.groovy:35)
	at java.base/jdk.internal.reflect.NativeMethodAccessorImpl.invoke0(Native Method)
	at java.base/jdk.internal.reflect.NativeMethodAccessorImpl.invoke(NativeMethodAccessorImpl.java:77)
	at java.base/jdk.internal.reflect.DelegatingMethodAccessorImpl.invoke(DelegatingMethodAccessorImpl.java:43)
Caused by: com.kms.katalon.core.exception.StepFailedException: Unable to click on object 'Object Repository/Master Data/Admin Sekolah/Filter Tagihan/CIMB' (Root cause: com.kms.katalon.core.exception.StepFailedException: Unable to click on object 'Object Repository/Master Data/Admin Sekolah/Filter Tagihan/CIMB'
	at com.kms.katalon.core.webui.keyword.internal.WebUIKeywordMain.stepFailed(WebUIKeywordMain.groovy:117)
	at com.kms.katalon.core.webui.keyword.internal.WebUIKeywordMain.runKeyword(WebUIKeywordMain.groovy:43)
	at com.kms.katalon.core.webui.keyword.builtin.ClickKeyword.click(ClickKeyword.groovy:75)
	at com.kms.katalon.core.webui.keyword.builtin.ClickKeyword.execute(ClickKeyword.groovy:40)
	at com.kms.katalon.core.keyword.internal.KeywordExecutor.executeKeywordForPlatform(KeywordExecutor.groovy:74)
	at com.kms.katalon.core.webui.keyword.WebUiBuiltInKeywords.click(WebUiBuiltInKeywords.groovy:684)
	at Filter Tagihan.run(Filter Tagihan:62)
	at com.kms.katalon.core.main.ScriptEngine.run(ScriptEngine.java:194)
	at com.kms.katalon.core.main.ScriptEngine.runScriptAsRawText(ScriptEngine.java:119)
	at com.kms.katalon.core.main.TestCaseExecutor.runScript(TestCaseExecutor.java:448)
	at com.kms.katalon.core.main.TestCaseExecutor.doExecute(TestCaseExecutor.java:439)
	at com.kms.katalon.core.main.TestCaseExecutor.processExecutionPhase(TestCaseExecutor.java:418)
	at com.kms.katalon.core.main.TestCaseExecutor.accessMainPhase(TestCaseExecutor.java:410)
	at com.kms.katalon.core.main.TestCaseExecutor.execute(TestCaseExecutor.java:285)
	at com.kms.katalon.core.main.TestCaseMain.runTestCase(TestCaseMain.java:133)
	at com.kms.katalon.core.keyword.builtin.CallTestCaseKeyword$_callTestCase_closure1.doCall(CallTestCaseKeyword.groovy:59)
	at com.kms.katalon.core.keyword.builtin.CallTestCaseKeyword$_callTestCase_closure1.call(CallTestCaseKeyword.groovy)
	at com.kms.katalon.core.keyword.internal.KeywordMain.runKeyword(KeywordMain.groovy:75)
	at com.kms.katalon.core.keyword.builtin.CallTestCaseKeyword.callTestCase(CallTestCaseKeyword.groovy:81)
	at com.kms.katalon.core.keyword.builtin.CallTestCaseKeyword.execute(CallTestCaseKeyword.groovy:44)
	at com.kms.katalon.core.keyword.internal.KeywordExecutor.executeKeywordForPlatform(KeywordExecutor.groovy:74)
	at com.kms.katalon.core.keyword.BuiltinKeywords.callTestCase(BuiltinKeywords.groovy:310)
	at jdk.internal.reflect.GeneratedMethodAccessor48.invoke(Unknown Source)
	at java.base/jdk.internal.reflect.DelegatingMethodAccessorImpl.invoke(DelegatingMethodAccessorImpl.java:43)
	at Regresi Tagihan.run(Regresi Tagihan:22)
	at com.kms.katalon.core.main.ScriptEngine.run(ScriptEngine.java:194)
	at com.kms.katalon.core.main.ScriptEngine.runScriptAsRawText(ScriptEngine.java:119)
	at com.kms.katalon.core.main.TestCaseExecutor.runScript(TestCaseExecutor.java:448)
	at com.kms.katalon.core.main.TestCaseExecutor.doExecute(TestCaseExecutor.java:439)
	at com.kms.katalon.core.main.TestCaseExecutor.processExecutionPhase(TestCaseExecutor.java:418)
	at com.kms.katalon.core.main.TestCaseExecutor.accessMainPhase(TestCaseExecutor.java:410)
	at com.kms.katalon.core.main.TestCaseExecutor.execute(TestCaseExecutor.java:285)
	at com.kms.katalon.core.common.CommonExecutor.accessTestCaseMainPhase(CommonExecutor.java:65)
	at com.kms.katalon.core.main.TestSuiteExecutor.accessTestSuiteMainPhase(TestSuiteExecutor.java:161)
	at com.kms.katalon.core.main.TestSuiteExecutor.execute(TestSuiteExecutor.java:107)
	at com.kms.katalon.core.main.TestCaseMain.startTestSuite(TestCaseMain.java:176)
	at TempTestSuite1735878642439.run(TempTestSuite1735878642439.groovy:35)
	at java.base/jdk.internal.reflect.NativeMethodAccessorImpl.invoke0(Native Method)
	at java.base/jdk.internal.reflect.NativeMethodAccessorImpl.invoke(NativeMethodAccessorImpl.java:77)
	at java.base/jdk.internal.reflect.DelegatingMethodAccessorImpl.invoke(DelegatingMethodAccessorImpl.java:43)
Caused by: com.kms.katalon.core.webui.exception.WebElementNotFoundException: Web element with id: 'Object Repository/Master Data/Admin Sekolah/Filter Tagihan/CIMB' located by '//div[@data-testid='option-91' and .//p[@data-testid='paragraph' and text()='CIMB - 1223123123']]' not found
	at com.kms.katalon.core.webui.common.WebUiCommonHelper.findWebElement(WebUiCommonHelper.java:1426)
	at com.kms.katalon.core.webui.keyword.internal.WebUIAbstractKeyword.findWebElement(WebUIAbstractKeyword.groovy:27)
	at com.kms.katalon.core.webui.keyword.builtin.ClickKeyword$_click_closure1.doCall(ClickKeyword.groovy:66)
	at com.kms.katalon.core.webui.keyword.builtin.ClickKeyword$_click_closure1.call(ClickKeyword.groovy)
	at com.kms.katalon.core.webui.keyword.internal.WebUIKeywordMain.runKeyword(WebUIKeywordMain.groovy:35)
	at com.kms.katalon.core.webui.keyword.builtin.ClickKeyword.click(ClickKeyword.groovy:75)
	at com.kms.katalon.core.webui.keyword.builtin.ClickKeyword.execute(ClickKeyword.groovy:40)
	at com.kms.katalon.core.keyword.internal.KeywordExecutor.executeKeywordForPlatform(KeywordExecutor.groovy:74)
	at com.kms.katalon.core.webui.keyword.WebUiBuiltInKeywords.click(WebUiBuiltInKeywords.groovy:684)
	at Script1731485365054.run(Script1731485365054.groovy:62)
	at com.kms.katalon.core.main.ScriptEngine.run(ScriptEngine.java:194)
	at com.kms.katalon.core.main.ScriptEngine.runScriptAsRawText(ScriptEngine.java:119)
	at com.kms.katalon.core.main.TestCaseExecutor.runScript(TestCaseExecutor.java:448)
	at com.kms.katalon.core.main.TestCaseExecutor.doExecute(TestCaseExecutor.java:439)
	at com.kms.katalon.core.main.TestCaseExecutor.processExecutionPhase(TestCaseExecutor.java:418)
	at com.kms.katalon.core.main.TestCaseExecutor.accessMainPhase(TestCaseExecutor.java:410)
	at com.kms.katalon.core.main.TestCaseExecutor.execute(TestCaseExecutor.java:285)
	at com.kms.katalon.core.main.TestCaseMain.runTestCase(TestCaseMain.java:133)
	at com.kms.katalon.core.keyword.builtin.CallTestCaseKeyword$_callTestCase_closure1.doCall(CallTestCaseKeyword.groovy:59)
	at com.kms.katalon.core.keyword.builtin.CallTestCaseKeyword$_callTestCase_closure1.call(CallTestCaseKeyword.groovy)
	at com.kms.katalon.core.keyword.internal.KeywordMain.runKeyword(KeywordMain.groovy:75)
	at com.kms.katalon.core.keyword.builtin.CallTestCaseKeyword.callTestCase(CallTestCaseKeyword.groovy:81)
	at com.kms.katalon.core.keyword.builtin.CallTestCaseKeyword.execute(CallTestCaseKeyword.groovy:44)
	at com.kms.katalon.core.keyword.internal.KeywordExecutor.executeKeywordForPlatform(KeywordExecutor.groovy:74)
	at com.kms.katalon.core.keyword.BuiltinKeywords.callTestCase(BuiltinKeywords.groovy:310)
	at jdk.internal.reflect.GeneratedMethodAccessor48.invoke(Unknown Source)
	at java.base/jdk.internal.reflect.DelegatingMethodAccessorImpl.invoke(DelegatingMethodAccessorImpl.java:43)
	at Script1735746434271.run(Script1735746434271.groovy:22)
	... 15 more
)
	at com.kms.katalon.core.keyword.internal.KeywordMain.stepFailed(KeywordMain.groovy:39)
	at com.kms.katalon.core.webui.keyword.internal.WebUIKeywordMain.stepFailed(WebUIKeywordMain.groovy:117)
	at com.kms.katalon.core.webui.keyword.internal.WebUIKeywordMain.runKeyword(WebUIKeywordMain.groovy:43)
	at com.kms.katalon.core.webui.keyword.builtin.ClickKeyword.click(ClickKeyword.groovy:75)
	at com.kms.katalon.core.webui.keyword.builtin.ClickKeyword.execute(ClickKeyword.groovy:40)
	at com.kms.katalon.core.keyword.internal.KeywordExecutor.executeKeywordForPlatform(KeywordExecutor.groovy:74)
	at com.kms.katalon.core.webui.keyword.WebUiBuiltInKeywords.click(WebUiBuiltInKeywords.groovy:684)
	at Filter Tagihan.run(Filter Tagihan:62)
	at com.kms.katalon.core.main.ScriptEngine.run(ScriptEngine.java:194)
	at com.kms.katalon.core.main.ScriptEngine.runScriptAsRawText(ScriptEngine.java:119)
	at com.kms.katalon.core.main.TestCaseExecutor.runScript(TestCaseExecutor.java:448)
	at com.kms.katalon.core.main.TestCaseExecutor.doExecute(TestCaseExecutor.java:439)
	at com.kms.katalon.core.main.TestCaseExecutor.processExecutionPhase(TestCaseExecutor.java:418)
	at com.kms.katalon.core.main.TestCaseExecutor.accessMainPhase(TestCaseExecutor.java:410)
	at com.kms.katalon.core.main.TestCaseExecutor.execute(TestCaseExecutor.java:285)
	at com.kms.katalon.core.main.TestCaseMain.runTestCase(TestCaseMain.java:133)
	at com.kms.katalon.core.keyword.builtin.CallTestCaseKeyword$_callTestCase_closure1.doCall(CallTestCaseKeyword.groovy:59)
	... 24 more
Caused by: com.kms.katalon.core.exception.StepFailedException: Unable to click on object 'Object Repository/Master Data/Admin Sekolah/Filter Tagihan/CIMB'
	... 40 more
Caused by: com.kms.katalon.core.webui.exception.WebElementNotFoundException: Web element with id: 'Object Repository/Master Data/Admin Sekolah/Filter Tagihan/CIMB' located by '//div[@data-testid='option-91' and .//p[@data-testid='paragraph' and text()='CIMB - 1223123123']]' not found
	at com.kms.katalon.core.webui.common.WebUiCommonHelper.findWebElement(WebUiCommonHelper.java:1426)
	at com.kms.katalon.core.webui.keyword.internal.WebUIAbstractKeyword.findWebElement(WebUIAbstractKeyword.groovy:27)
	at com.kms.katalon.core.webui.keyword.builtin.ClickKeyword$_click_closure1.doCall(ClickKeyword.groovy:66)
	at com.kms.katalon.core.webui.keyword.builtin.ClickKeyword$_click_closure1.call(ClickKeyword.groovy)
	at com.kms.katalon.core.webui.keyword.internal.WebUIKeywordMain.runKeyword(WebUIKeywordMain.groovy:35)
	... 38 more
)

03-01-2025T11:44:54 - [TEST_STEP][PASSED] - callTestCase(findTestCase("Test Cases/Master Data/Admin Sekolah/Master Data Tagihan/Lihat Tagihan"), [:], CONTINUE_ON_FAILURE): Call Test Case 'Test Cases/Master Data/Admin Sekolah/Master Data Tagihan/Lihat Tagihan' successfully

03-01-2025T11:44:54 - [TEST_CASE][PASSED] - Test Cases/Master Data/Admin Sekolah/Master Data Tagihan/Lihat Tagihan: Test Cases/Master Data/Admin Sekolah/Master Data Tagihan/Lihat Tagihan

03-01-2025T11:44:54 - [TEST_STEP][PASSED] - openBrowser("", CONTINUE_ON_FAILURE): Browser is opened with url: ''

03-01-2025T11:44:54 - [MESSAGE][WARNING] - A browser is already opened. Closing browser and opening a new one

03-01-2025T11:44:54 - [MESSAGE][INFO] - Starting 'Chrome' driver

03-01-2025T11:44:54 - [MESSAGE][INFO] - Action delay is set to 0 milliseconds

03-01-2025T11:44:55 - [MESSAGE][PASSED] - Browser is opened with url: ''

03-01-2025T11:44:55 - [TEST_STEP][PASSED] - navigateToUrl("https://sit.siprusedu.com/login", CONTINUE_ON_FAILURE): Navigate to 'https://sit.siprusedu.com/login' successfully

03-01-2025T11:44:55 - [MESSAGE][PASSED] - Navigate to 'https://sit.siprusedu.com/login' successfully

03-01-2025T11:44:55 - [TEST_STEP][PASSED] - click(findTestObject("Master Data/Admin Sekolah/Login/Field Email"), CONTINUE_ON_FAILURE): Object: 'Object Repository/Master Data/Admin Sekolah/Login/Field Email' is clicked on

03-01-2025T11:44:57 - [MESSAGE][PASSED] - Object: 'Object Repository/Master Data/Admin Sekolah/Login/Field Email' is clicked on

03-01-2025T11:44:57 - [TEST_STEP][PASSED] - setText(findTestObject("Master Data/Admin Sekolah/Login/Field Email"), "admin.gudangsolusi@digiform.co.id", CONTINUE_ON_FAILURE): Text 'admin.gudangsolusi@digiform.co.id' is set on object 'Object Repository/Master Data/Admin Sekolah/Login/Field Email'

03-01-2025T11:44:57 - [MESSAGE][PASSED] - Text 'admin.gudangsolusi@digiform.co.id' is set on object 'Object Repository/Master Data/Admin Sekolah/Login/Field Email'

03-01-2025T11:44:57 - [TEST_STEP][PASSED] - click(findTestObject("Master Data/Admin Sekolah/Login/Input Password"), CONTINUE_ON_FAILURE): Object: 'Object Repository/Master Data/Admin Sekolah/Login/Input Password' is clicked on

03-01-2025T11:44:58 - [MESSAGE][PASSED] - Object: 'Object Repository/Master Data/Admin Sekolah/Login/Input Password' is clicked on

03-01-2025T11:44:58 - [TEST_STEP][PASSED] - setText(findTestObject("Master Data/Admin Sekolah/Login/Input Password"), "Test1234", CONTINUE_ON_FAILURE): Text 'Test1234' is set on object 'Object Repository/Master Data/Admin Sekolah/Login/Input Password'

03-01-2025T11:44:58 - [MESSAGE][PASSED] - Text 'Test1234' is set on object 'Object Repository/Master Data/Admin Sekolah/Login/Input Password'

03-01-2025T11:44:58 - [TEST_STEP][PASSED] - click(findTestObject("Master Data/Admin Sekolah/Login/Button Submit"), CONTINUE_ON_FAILURE): Object: 'Object Repository/Master Data/Admin Sekolah/Login/Button Submit' is clicked on

03-01-2025T11:44:59 - [MESSAGE][PASSED] - Object: 'Object Repository/Master Data/Admin Sekolah/Login/Button Submit' is clicked on

03-01-2025T11:44:59 - [TEST_STEP][PASSED] - click(findTestObject("Master Data/Admin Sekolah/Lihat Tagihan/Menu Master Data"), CONTINUE_ON_FAILURE): Object: 'Object Repository/Master Data/Admin Sekolah/Lihat Tagihan/Menu Master Data' is clicked on

03-01-2025T11:45:00 - [MESSAGE][PASSED] - Object: 'Object Repository/Master Data/Admin Sekolah/Lihat Tagihan/Menu Master Data' is clicked on

03-01-2025T11:45:00 - [TEST_STEP][PASSED] - click(findTestObject("Master Data/Admin Sekolah/Lihat Tagihan/Menu Tagihan"), CONTINUE_ON_FAILURE): Object: 'Object Repository/Master Data/Admin Sekolah/Lihat Tagihan/Menu Tagihan' is clicked on

03-01-2025T11:45:01 - [MESSAGE][PASSED] - Object: 'Object Repository/Master Data/Admin Sekolah/Lihat Tagihan/Menu Tagihan' is clicked on

03-01-2025T11:45:01 - [TEST_STEP][PASSED] - delay(1, CONTINUE_ON_FAILURE): Delayed 1 second(s)

03-01-2025T11:45:02 - [MESSAGE][PASSED] - Delayed 1 second(s)

03-01-2025T11:45:02 - [TEST_STEP][PASSED] - click(findTestObject("Master Data/Admin Sekolah/Lihat Tagihan/Button View"), CONTINUE_ON_FAILURE): Object: 'Object Repository/Master Data/Admin Sekolah/Lihat Tagihan/Button View' is clicked on

03-01-2025T11:45:02 - [MESSAGE][PASSED] - Object: 'Object Repository/Master Data/Admin Sekolah/Lihat Tagihan/Button View' is clicked on

03-01-2025T11:45:02 - [MESSAGE][PASSED] - Call Test Case 'Test Cases/Master Data/Admin Sekolah/Master Data Tagihan/Lihat Tagihan' successfully

03-01-2025T11:45:02 - [TEST_STEP][FAILED] - callTestCase(findTestCase("Test Cases/Master Data/Admin Sekolah/Master Data Tagihan/Tambah Tagihan"), [:], CONTINUE_ON_FAILURE): Unable to call Test Case 'Test Cases/Master Data/Admin Sekolah/Master Data Tagihan/Tambah Tagihan' (Root cause: com.kms.katalon.core.exception.StepFailedException: Call Test Case 'Test Cases/Master Data/Admin Sekolah/Master Data Tagihan/Tambah Tagihan' failed
	at com.kms.katalon.core.keyword.builtin.CallTestCaseKeyword$_callTestCase_closure1.doCall(CallTestCaseKeyword.groovy:63)
	at com.kms.katalon.core.keyword.builtin.CallTestCaseKeyword$_callTestCase_closure1.call(CallTestCaseKeyword.groovy)
	at com.kms.katalon.core.keyword.internal.KeywordMain.runKeyword(KeywordMain.groovy:75)
	at com.kms.katalon.core.keyword.builtin.CallTestCaseKeyword.callTestCase(CallTestCaseKeyword.groovy:81)
	at com.kms.katalon.core.keyword.builtin.CallTestCaseKeyword.execute(CallTestCaseKeyword.groovy:44)
	at com.kms.katalon.core.keyword.internal.KeywordExecutor.executeKeywordForPlatform(KeywordExecutor.groovy:74)
	at com.kms.katalon.core.keyword.BuiltinKeywords.callTestCase(BuiltinKeywords.groovy:310)
	at jdk.internal.reflect.GeneratedMethodAccessor48.invoke(Unknown Source)
	at java.base/jdk.internal.reflect.DelegatingMethodAccessorImpl.invoke(DelegatingMethodAccessorImpl.java:43)
	at Regresi Tagihan.run(Regresi Tagihan:30)
	at com.kms.katalon.core.main.ScriptEngine.run(ScriptEngine.java:194)
	at com.kms.katalon.core.main.ScriptEngine.runScriptAsRawText(ScriptEngine.java:119)
	at com.kms.katalon.core.main.TestCaseExecutor.runScript(TestCaseExecutor.java:448)
	at com.kms.katalon.core.main.TestCaseExecutor.doExecute(TestCaseExecutor.java:439)
	at com.kms.katalon.core.main.TestCaseExecutor.processExecutionPhase(TestCaseExecutor.java:418)
	at com.kms.katalon.core.main.TestCaseExecutor.accessMainPhase(TestCaseExecutor.java:410)
	at com.kms.katalon.core.main.TestCaseExecutor.execute(TestCaseExecutor.java:285)
	at com.kms.katalon.core.common.CommonExecutor.accessTestCaseMainPhase(CommonExecutor.java:65)
	at com.kms.katalon.core.main.TestSuiteExecutor.accessTestSuiteMainPhase(TestSuiteExecutor.java:161)
	at com.kms.katalon.core.main.TestSuiteExecutor.execute(TestSuiteExecutor.java:107)
	at com.kms.katalon.core.main.TestCaseMain.startTestSuite(TestCaseMain.java:176)
	at TempTestSuite1735878642439.run(TempTestSuite1735878642439.groovy:35)
	at java.base/jdk.internal.reflect.NativeMethodAccessorImpl.invoke0(Native Method)
	at java.base/jdk.internal.reflect.NativeMethodAccessorImpl.invoke(NativeMethodAccessorImpl.java:77)
	at java.base/jdk.internal.reflect.DelegatingMethodAccessorImpl.invoke(DelegatingMethodAccessorImpl.java:43)
Caused by: com.kms.katalon.core.exception.StepFailedException: Unable to click on object 'Object Repository/Master Data/Admin Sekolah/Tambah Tagihan/Klik Tahun Ajaran'
	at com.kms.katalon.core.webui.keyword.internal.WebUIKeywordMain.stepFailed(WebUIKeywordMain.groovy:117)
	at com.kms.katalon.core.webui.keyword.internal.WebUIKeywordMain.runKeyword(WebUIKeywordMain.groovy:43)
	at com.kms.katalon.core.webui.keyword.builtin.ClickKeyword.click(ClickKeyword.groovy:75)
	at com.kms.katalon.core.webui.keyword.builtin.ClickKeyword.execute(ClickKeyword.groovy:40)
	at com.kms.katalon.core.keyword.internal.KeywordExecutor.executeKeywordForPlatform(KeywordExecutor.groovy:74)
	at com.kms.katalon.core.webui.keyword.WebUiBuiltInKeywords.click(WebUiBuiltInKeywords.groovy:696)
	at Tambah Tagihan.run(Tambah Tagihan:45)
	at com.kms.katalon.core.main.ScriptEngine.run(ScriptEngine.java:194)
	at com.kms.katalon.core.main.ScriptEngine.runScriptAsRawText(ScriptEngine.java:119)
	at com.kms.katalon.core.main.TestCaseExecutor.runScript(TestCaseExecutor.java:448)
	at com.kms.katalon.core.main.TestCaseExecutor.doExecute(TestCaseExecutor.java:439)
	at com.kms.katalon.core.main.TestCaseExecutor.processExecutionPhase(TestCaseExecutor.java:418)
	at com.kms.katalon.core.main.TestCaseExecutor.accessMainPhase(TestCaseExecutor.java:410)
	at com.kms.katalon.core.main.TestCaseExecutor.execute(TestCaseExecutor.java:285)
	at com.kms.katalon.core.main.TestCaseMain.runTestCase(TestCaseMain.java:133)
	at com.kms.katalon.core.keyword.builtin.CallTestCaseKeyword$_callTestCase_closure1.doCall(CallTestCaseKeyword.groovy:59)
	... 24 more
Caused by: com.kms.katalon.core.webui.exception.WebElementNotFoundException: Web element with id: 'Object Repository/Master Data/Admin Sekolah/Tambah Tagihan/Klik Tahun Ajaran' located by '//*[@data-testid = 'select-field' and (text() = 'Pilih tahun ajaran' or . = 'Pilih tahun ajaran')]' not found
	at com.kms.katalon.core.webui.common.WebUiCommonHelper.findWebElement(WebUiCommonHelper.java:1426)
	at com.kms.katalon.core.webui.keyword.internal.WebUIAbstractKeyword.findWebElement(WebUIAbstractKeyword.groovy:27)
	at com.kms.katalon.core.webui.keyword.builtin.ClickKeyword$_click_closure1.doCall(ClickKeyword.groovy:66)
	at com.kms.katalon.core.webui.keyword.builtin.ClickKeyword$_click_closure1.call(ClickKeyword.groovy)
	at com.kms.katalon.core.webui.keyword.internal.WebUIKeywordMain.runKeyword(WebUIKeywordMain.groovy:35)
	... 38 more
)

03-01-2025T11:45:02 - [TEST_CASE][FAILED] - Test Cases/Master Data/Admin Sekolah/Master Data Tagihan/Tambah Tagihan: Test Cases/Master Data/Admin Sekolah/Master Data Tagihan/Tambah Tagihan FAILED.
Reason:
com.kms.katalon.core.exception.StepFailedException: Unable to click on object 'Object Repository/Master Data/Admin Sekolah/Tambah Tagihan/Klik Tahun Ajaran'
	at com.kms.katalon.core.webui.keyword.internal.WebUIKeywordMain.stepFailed(WebUIKeywordMain.groovy:117)
	at com.kms.katalon.core.webui.keyword.internal.WebUIKeywordMain.runKeyword(WebUIKeywordMain.groovy:43)
	at com.kms.katalon.core.webui.keyword.builtin.ClickKeyword.click(ClickKeyword.groovy:75)
	at com.kms.katalon.core.webui.keyword.builtin.ClickKeyword.execute(ClickKeyword.groovy:40)
	at com.kms.katalon.core.keyword.internal.KeywordExecutor.executeKeywordForPlatform(KeywordExecutor.groovy:74)
	at com.kms.katalon.core.webui.keyword.WebUiBuiltInKeywords.click(WebUiBuiltInKeywords.groovy:696)
	at Tambah Tagihan.run(Tambah Tagihan:45)
	at com.kms.katalon.core.main.ScriptEngine.run(ScriptEngine.java:194)
	at com.kms.katalon.core.main.ScriptEngine.runScriptAsRawText(ScriptEngine.java:119)
	at com.kms.katalon.core.main.TestCaseExecutor.runScript(TestCaseExecutor.java:448)
	at com.kms.katalon.core.main.TestCaseExecutor.doExecute(TestCaseExecutor.java:439)
	at com.kms.katalon.core.main.TestCaseExecutor.processExecutionPhase(TestCaseExecutor.java:418)
	at com.kms.katalon.core.main.TestCaseExecutor.accessMainPhase(TestCaseExecutor.java:410)
	at com.kms.katalon.core.main.TestCaseExecutor.execute(TestCaseExecutor.java:285)
	at com.kms.katalon.core.main.TestCaseMain.runTestCase(TestCaseMain.java:133)
	at com.kms.katalon.core.keyword.builtin.CallTestCaseKeyword$_callTestCase_closure1.doCall(CallTestCaseKeyword.groovy:59)
	at com.kms.katalon.core.keyword.builtin.CallTestCaseKeyword$_callTestCase_closure1.call(CallTestCaseKeyword.groovy)
	at com.kms.katalon.core.keyword.internal.KeywordMain.runKeyword(KeywordMain.groovy:75)
	at com.kms.katalon.core.keyword.builtin.CallTestCaseKeyword.callTestCase(CallTestCaseKeyword.groovy:81)
	at com.kms.katalon.core.keyword.builtin.CallTestCaseKeyword.execute(CallTestCaseKeyword.groovy:44)
	at com.kms.katalon.core.keyword.internal.KeywordExecutor.executeKeywordForPlatform(KeywordExecutor.groovy:74)
	at com.kms.katalon.core.keyword.BuiltinKeywords.callTestCase(BuiltinKeywords.groovy:310)
	at jdk.internal.reflect.GeneratedMethodAccessor48.invoke(Unknown Source)
	at java.base/jdk.internal.reflect.DelegatingMethodAccessorImpl.invoke(DelegatingMethodAccessorImpl.java:43)
	at Regresi Tagihan.run(Regresi Tagihan:30)
	at com.kms.katalon.core.main.ScriptEngine.run(ScriptEngine.java:194)
	at com.kms.katalon.core.main.ScriptEngine.runScriptAsRawText(ScriptEngine.java:119)
	at com.kms.katalon.core.main.TestCaseExecutor.runScript(TestCaseExecutor.java:448)
	at com.kms.katalon.core.main.TestCaseExecutor.doExecute(TestCaseExecutor.java:439)
	at com.kms.katalon.core.main.TestCaseExecutor.processExecutionPhase(TestCaseExecutor.java:418)
	at com.kms.katalon.core.main.TestCaseExecutor.accessMainPhase(TestCaseExecutor.java:410)
	at com.kms.katalon.core.main.TestCaseExecutor.execute(TestCaseExecutor.java:285)
	at com.kms.katalon.core.common.CommonExecutor.accessTestCaseMainPhase(CommonExecutor.java:65)
	at com.kms.katalon.core.main.TestSuiteExecutor.accessTestSuiteMainPhase(TestSuiteExecutor.java:161)
	at com.kms.katalon.core.main.TestSuiteExecutor.execute(TestSuiteExecutor.java:107)
	at com.kms.katalon.core.main.TestCaseMain.startTestSuite(TestCaseMain.java:176)
	at TempTestSuite1735878642439.run(TempTestSuite1735878642439.groovy:35)
	at java.base/jdk.internal.reflect.NativeMethodAccessorImpl.invoke0(Native Method)
	at java.base/jdk.internal.reflect.NativeMethodAccessorImpl.invoke(NativeMethodAccessorImpl.java:77)
	at java.base/jdk.internal.reflect.DelegatingMethodAccessorImpl.invoke(DelegatingMethodAccessorImpl.java:43)
Caused by: com.kms.katalon.core.webui.exception.WebElementNotFoundException: Web element with id: 'Object Repository/Master Data/Admin Sekolah/Tambah Tagihan/Klik Tahun Ajaran' located by '//*[@data-testid = 'select-field' and (text() = 'Pilih tahun ajaran' or . = 'Pilih tahun ajaran')]' not found
	at com.kms.katalon.core.webui.common.WebUiCommonHelper.findWebElement(WebUiCommonHelper.java:1426)
	at com.kms.katalon.core.webui.keyword.internal.WebUIAbstractKeyword.findWebElement(WebUIAbstractKeyword.groovy:27)
	at com.kms.katalon.core.webui.keyword.builtin.ClickKeyword$_click_closure1.doCall(ClickKeyword.groovy:66)
	at com.kms.katalon.core.webui.keyword.builtin.ClickKeyword$_click_closure1.call(ClickKeyword.groovy)
	at com.kms.katalon.core.webui.keyword.internal.WebUIKeywordMain.runKeyword(WebUIKeywordMain.groovy:35)
	... 38 more


03-01-2025T11:45:02 - [TEST_STEP][PASSED] - openBrowser("", CONTINUE_ON_FAILURE): Browser is opened with url: ''

03-01-2025T11:45:02 - [MESSAGE][WARNING] - A browser is already opened. Closing browser and opening a new one

03-01-2025T11:45:03 - [MESSAGE][INFO] - Starting 'Chrome' driver

03-01-2025T11:45:03 - [MESSAGE][INFO] - Action delay is set to 0 milliseconds

03-01-2025T11:45:03 - [MESSAGE][PASSED] - Browser is opened with url: ''

03-01-2025T11:45:03 - [TEST_STEP][PASSED] - navigateToUrl("https://sit.siprusedu.com/login", CONTINUE_ON_FAILURE): Navigate to 'https://sit.siprusedu.com/login' successfully

03-01-2025T11:45:04 - [MESSAGE][PASSED] - Navigate to 'https://sit.siprusedu.com/login' successfully

03-01-2025T11:45:04 - [TEST_STEP][PASSED] - setText(findTestObject("Master Data/Admin Sekolah/Login/Field Email"), "admin.gudangsolusi@digiform.co.id", CONTINUE_ON_FAILURE): Text 'admin.gudangsolusi@digiform.co.id' is set on object 'Object Repository/Master Data/Admin Sekolah/Login/Field Email'

03-01-2025T11:45:06 - [MESSAGE][PASSED] - Text 'admin.gudangsolusi@digiform.co.id' is set on object 'Object Repository/Master Data/Admin Sekolah/Login/Field Email'

03-01-2025T11:45:06 - [TEST_STEP][PASSED] - setText(findTestObject("Master Data/Admin Sekolah/Login/Input Password"), "Test1234", CONTINUE_ON_FAILURE): Text 'Test1234' is set on object 'Object Repository/Master Data/Admin Sekolah/Login/Input Password'

03-01-2025T11:45:06 - [MESSAGE][PASSED] - Text 'Test1234' is set on object 'Object Repository/Master Data/Admin Sekolah/Login/Input Password'

03-01-2025T11:45:06 - [TEST_STEP][PASSED] - click(findTestObject("Master Data/Admin Sekolah/Login/Button Submit"), CONTINUE_ON_FAILURE): Object: 'Object Repository/Master Data/Admin Sekolah/Login/Button Submit' is clicked on

03-01-2025T11:45:06 - [MESSAGE][PASSED] - Object: 'Object Repository/Master Data/Admin Sekolah/Login/Button Submit' is clicked on

03-01-2025T11:45:06 - [TEST_STEP][PASSED] - click(findTestObject("Master Data/Admin Sekolah/Tambah Tagihan/Menu Master Data"), CONTINUE_ON_FAILURE): Object: 'Object Repository/Master Data/Admin Sekolah/Tambah Tagihan/Menu Master Data' is clicked on

03-01-2025T11:45:08 - [MESSAGE][PASSED] - Object: 'Object Repository/Master Data/Admin Sekolah/Tambah Tagihan/Menu Master Data' is clicked on

03-01-2025T11:45:08 - [TEST_STEP][PASSED] - click(findTestObject("Master Data/Admin Sekolah/Tambah Tagihan/Menu Tagihan"), CONTINUE_ON_FAILURE): Object: 'Object Repository/Master Data/Admin Sekolah/Tambah Tagihan/Menu Tagihan' is clicked on

03-01-2025T11:45:09 - [MESSAGE][PASSED] - Object: 'Object Repository/Master Data/Admin Sekolah/Tambah Tagihan/Menu Tagihan' is clicked on

03-01-2025T11:45:09 - [TEST_STEP][PASSED] - click(findTestObject("Master Data/Admin Sekolah/Tambah Tagihan/Button Tambah"), CONTINUE_ON_FAILURE): Object: 'Object Repository/Master Data/Admin Sekolah/Tambah Tagihan/Button Tambah' is clicked on

03-01-2025T11:45:10 - [MESSAGE][PASSED] - Object: 'Object Repository/Master Data/Admin Sekolah/Tambah Tagihan/Button Tambah' is clicked on

03-01-2025T11:45:10 - [TEST_STEP][PASSED] - setText(findTestObject("Master Data/Admin Sekolah/Tambah Tagihan/Input Nama Tagihan"), "KATALONZ", CONTINUE_ON_FAILURE): Text 'KATALONZ' is set on object 'Object Repository/Master Data/Admin Sekolah/Tambah Tagihan/Input Nama Tagihan'

03-01-2025T11:45:11 - [MESSAGE][PASSED] - Text 'KATALONZ' is set on object 'Object Repository/Master Data/Admin Sekolah/Tambah Tagihan/Input Nama Tagihan'

03-01-2025T11:45:11 - [TEST_STEP][PASSED] - click(findTestObject("Master Data/Admin Sekolah/Tambah Tagihan/Select Tipe Tagihan"), CONTINUE_ON_FAILURE): Object: 'Object Repository/Master Data/Admin Sekolah/Tambah Tagihan/Select Tipe Tagihan' is clicked on

03-01-2025T11:45:11 - [MESSAGE][PASSED] - Object: 'Object Repository/Master Data/Admin Sekolah/Tambah Tagihan/Select Tipe Tagihan' is clicked on

03-01-2025T11:45:11 - [TEST_STEP][PASSED] - click(findTestObject("Master Data/Admin Sekolah/Tambah Tagihan/Tagihan Regular"), CONTINUE_ON_FAILURE): Object: 'Object Repository/Master Data/Admin Sekolah/Tambah Tagihan/Tagihan Regular' is clicked on

03-01-2025T11:45:11 - [MESSAGE][PASSED] - Object: 'Object Repository/Master Data/Admin Sekolah/Tambah Tagihan/Tagihan Regular' is clicked on

03-01-2025T11:45:11 - [TEST_STEP][FAILED] - click(findTestObject("Master Data/Admin Sekolah/Tambah Tagihan/Klik Tahun Ajaran")): Unable to click on object 'Object Repository/Master Data/Admin Sekolah/Tambah Tagihan/Klik Tahun Ajaran' (Root cause: com.kms.katalon.core.exception.StepFailedException: Unable to click on object 'Object Repository/Master Data/Admin Sekolah/Tambah Tagihan/Klik Tahun Ajaran'
	at com.kms.katalon.core.webui.keyword.internal.WebUIKeywordMain.stepFailed(WebUIKeywordMain.groovy:117)
	at com.kms.katalon.core.webui.keyword.internal.WebUIKeywordMain.runKeyword(WebUIKeywordMain.groovy:43)
	at com.kms.katalon.core.webui.keyword.builtin.ClickKeyword.click(ClickKeyword.groovy:75)
	at com.kms.katalon.core.webui.keyword.builtin.ClickKeyword.execute(ClickKeyword.groovy:40)
	at com.kms.katalon.core.keyword.internal.KeywordExecutor.executeKeywordForPlatform(KeywordExecutor.groovy:74)
	at com.kms.katalon.core.webui.keyword.WebUiBuiltInKeywords.click(WebUiBuiltInKeywords.groovy:696)
	at Tambah Tagihan.run(Tambah Tagihan:45)
	at com.kms.katalon.core.main.ScriptEngine.run(ScriptEngine.java:194)
	at com.kms.katalon.core.main.ScriptEngine.runScriptAsRawText(ScriptEngine.java:119)
	at com.kms.katalon.core.main.TestCaseExecutor.runScript(TestCaseExecutor.java:448)
	at com.kms.katalon.core.main.TestCaseExecutor.doExecute(TestCaseExecutor.java:439)
	at com.kms.katalon.core.main.TestCaseExecutor.processExecutionPhase(TestCaseExecutor.java:418)
	at com.kms.katalon.core.main.TestCaseExecutor.accessMainPhase(TestCaseExecutor.java:410)
	at com.kms.katalon.core.main.TestCaseExecutor.execute(TestCaseExecutor.java:285)
	at com.kms.katalon.core.main.TestCaseMain.runTestCase(TestCaseMain.java:133)
	at com.kms.katalon.core.keyword.builtin.CallTestCaseKeyword$_callTestCase_closure1.doCall(CallTestCaseKeyword.groovy:59)
	at com.kms.katalon.core.keyword.builtin.CallTestCaseKeyword$_callTestCase_closure1.call(CallTestCaseKeyword.groovy)
	at com.kms.katalon.core.keyword.internal.KeywordMain.runKeyword(KeywordMain.groovy:75)
	at com.kms.katalon.core.keyword.builtin.CallTestCaseKeyword.callTestCase(CallTestCaseKeyword.groovy:81)
	at com.kms.katalon.core.keyword.builtin.CallTestCaseKeyword.execute(CallTestCaseKeyword.groovy:44)
	at com.kms.katalon.core.keyword.internal.KeywordExecutor.executeKeywordForPlatform(KeywordExecutor.groovy:74)
	at com.kms.katalon.core.keyword.BuiltinKeywords.callTestCase(BuiltinKeywords.groovy:310)
	at jdk.internal.reflect.GeneratedMethodAccessor48.invoke(Unknown Source)
	at java.base/jdk.internal.reflect.DelegatingMethodAccessorImpl.invoke(DelegatingMethodAccessorImpl.java:43)
	at Regresi Tagihan.run(Regresi Tagihan:30)
	at com.kms.katalon.core.main.ScriptEngine.run(ScriptEngine.java:194)
	at com.kms.katalon.core.main.ScriptEngine.runScriptAsRawText(ScriptEngine.java:119)
	at com.kms.katalon.core.main.TestCaseExecutor.runScript(TestCaseExecutor.java:448)
	at com.kms.katalon.core.main.TestCaseExecutor.doExecute(TestCaseExecutor.java:439)
	at com.kms.katalon.core.main.TestCaseExecutor.processExecutionPhase(TestCaseExecutor.java:418)
	at com.kms.katalon.core.main.TestCaseExecutor.accessMainPhase(TestCaseExecutor.java:410)
	at com.kms.katalon.core.main.TestCaseExecutor.execute(TestCaseExecutor.java:285)
	at com.kms.katalon.core.common.CommonExecutor.accessTestCaseMainPhase(CommonExecutor.java:65)
	at com.kms.katalon.core.main.TestSuiteExecutor.accessTestSuiteMainPhase(TestSuiteExecutor.java:161)
	at com.kms.katalon.core.main.TestSuiteExecutor.execute(TestSuiteExecutor.java:107)
	at com.kms.katalon.core.main.TestCaseMain.startTestSuite(TestCaseMain.java:176)
	at TempTestSuite1735878642439.run(TempTestSuite1735878642439.groovy:35)
	at java.base/jdk.internal.reflect.NativeMethodAccessorImpl.invoke0(Native Method)
	at java.base/jdk.internal.reflect.NativeMethodAccessorImpl.invoke(NativeMethodAccessorImpl.java:77)
	at java.base/jdk.internal.reflect.DelegatingMethodAccessorImpl.invoke(DelegatingMethodAccessorImpl.java:43)
Caused by: com.kms.katalon.core.webui.exception.WebElementNotFoundException: Web element with id: 'Object Repository/Master Data/Admin Sekolah/Tambah Tagihan/Klik Tahun Ajaran' located by '//*[@data-testid = 'select-field' and (text() = 'Pilih tahun ajaran' or . = 'Pilih tahun ajaran')]' not found
	at com.kms.katalon.core.webui.common.WebUiCommonHelper.findWebElement(WebUiCommonHelper.java:1426)
	at com.kms.katalon.core.webui.keyword.internal.WebUIAbstractKeyword.findWebElement(WebUIAbstractKeyword.groovy:27)
	at com.kms.katalon.core.webui.keyword.builtin.ClickKeyword$_click_closure1.doCall(ClickKeyword.groovy:66)
	at com.kms.katalon.core.webui.keyword.builtin.ClickKeyword$_click_closure1.call(ClickKeyword.groovy)
	at com.kms.katalon.core.webui.keyword.internal.WebUIKeywordMain.runKeyword(WebUIKeywordMain.groovy:35)
	at com.kms.katalon.core.webui.keyword.builtin.ClickKeyword.click(ClickKeyword.groovy:75)
	at com.kms.katalon.core.webui.keyword.builtin.ClickKeyword.execute(ClickKeyword.groovy:40)
	at com.kms.katalon.core.keyword.internal.KeywordExecutor.executeKeywordForPlatform(KeywordExecutor.groovy:74)
	at com.kms.katalon.core.webui.keyword.WebUiBuiltInKeywords.click(WebUiBuiltInKeywords.groovy:696)
	at Script1731464238981.run(Script1731464238981.groovy:45)
	at com.kms.katalon.core.main.ScriptEngine.run(ScriptEngine.java:194)
	at com.kms.katalon.core.main.ScriptEngine.runScriptAsRawText(ScriptEngine.java:119)
	at com.kms.katalon.core.main.TestCaseExecutor.runScript(TestCaseExecutor.java:448)
	at com.kms.katalon.core.main.TestCaseExecutor.doExecute(TestCaseExecutor.java:439)
	at com.kms.katalon.core.main.TestCaseExecutor.processExecutionPhase(TestCaseExecutor.java:418)
	at com.kms.katalon.core.main.TestCaseExecutor.accessMainPhase(TestCaseExecutor.java:410)
	at com.kms.katalon.core.main.TestCaseExecutor.execute(TestCaseExecutor.java:285)
	at com.kms.katalon.core.main.TestCaseMain.runTestCase(TestCaseMain.java:133)
	at com.kms.katalon.core.keyword.builtin.CallTestCaseKeyword$_callTestCase_closure1.doCall(CallTestCaseKeyword.groovy:59)
	at com.kms.katalon.core.keyword.builtin.CallTestCaseKeyword$_callTestCase_closure1.call(CallTestCaseKeyword.groovy)
	at com.kms.katalon.core.keyword.internal.KeywordMain.runKeyword(KeywordMain.groovy:75)
	at com.kms.katalon.core.keyword.builtin.CallTestCaseKeyword.callTestCase(CallTestCaseKeyword.groovy:81)
	at com.kms.katalon.core.keyword.builtin.CallTestCaseKeyword.execute(CallTestCaseKeyword.groovy:44)
	at com.kms.katalon.core.keyword.internal.KeywordExecutor.executeKeywordForPlatform(KeywordExecutor.groovy:74)
	at com.kms.katalon.core.keyword.BuiltinKeywords.callTestCase(BuiltinKeywords.groovy:310)
	at jdk.internal.reflect.GeneratedMethodAccessor48.invoke(Unknown Source)
	at java.base/jdk.internal.reflect.DelegatingMethodAccessorImpl.invoke(DelegatingMethodAccessorImpl.java:43)
	at Script1735746434271.run(Script1735746434271.groovy:30)
	... 15 more
)

03-01-2025T11:45:43 - [MESSAGE][INFO] - Unable to find the element located by 'By.xpath: //*[@data-testid = 'select-field' and (text() = 'Pilih tahun ajaran' or . = 'Pilih tahun ajaran')]'. Please recheck the objects properties to make sure the desired element is located. 

03-01-2025T11:45:43 - [MESSAGE][WARNING] - [SELF-HEALING] Failed to find element with id 'Object Repository/Master Data/Admin Sekolah/Tambah Tagihan/Klik Tahun Ajaran'. Try using Self-healing.

03-01-2025T11:45:43 - [MESSAGE][WARNING] - [SELF-HEALING] invalid selector
from javascript error: {"status":32,"value":"Unable to locate an element with the xpath expression  because of the following error:\nSyntaxError: Failed to execute 'evaluate' on 'Document': The string '' is not a valid XPath expression."}
  (Session info: chrome=131.0.6778.205)
For documentation on this error, please visit: https://www.selenium.dev/documentation/webdriver/troubleshooting/errors#invalid-selector-exception
Build info: version: '4.22.0', revision: 'c5f3146703'
System info: os.name: 'Windows 11', os.arch: 'amd64', os.version: '10.0', java.version: '17.0.7'
Driver info: com.kms.katalon.selenium.driver.CChromeDriver
Command: [96d5bedfec47ce6c91ba2d4ef7a092af, findElements {value=, using=xpath}]
Capabilities {acceptInsecureCerts: false, browserName: chrome, browserVersion: 131.0.6778.205, chrome: {chromedriverVersion: 130.0.6723.58 (3a50e012e4c9..., userDataDir: C:\Users\henri\AppData\Loca...}, fedcm:accounts: true, goog:chromeOptions: {debuggerAddress: localhost:64466}, networkConnectionEnabled: false, pageLoadStrategy: normal, platformName: windows, proxy: Proxy(), se:cdp: ws://localhost:64466/devtoo..., se:cdpVersion: 131.0.6778.205, setWindowRect: true, strictFileInteractability: false, timeouts: {implicit: 0, pageLoad: 300000, script: 30000}, unhandledPromptBehavior: ignore, webSocketUrl: ws://localhost:45975/sessio..., webauthn:extension:credBlob: true, webauthn:extension:largeBlob: true, webauthn:extension:minPinLength: true, webauthn:extension:prf: true, webauthn:virtualAuthenticators: true}
Session ID: 96d5bedfec47ce6c91ba2d4ef7a092af

03-01-2025T11:45:44 - [MESSAGE][WARNING] - [SELF-HEALING] Cannot find elements when the selector is null

03-01-2025T11:45:44 - [MESSAGE][FAILED] - Unable to click on object 'Object Repository/Master Data/Admin Sekolah/Tambah Tagihan/Klik Tahun Ajaran' (Root cause: com.kms.katalon.core.exception.StepFailedException: Unable to click on object 'Object Repository/Master Data/Admin Sekolah/Tambah Tagihan/Klik Tahun Ajaran'
	at com.kms.katalon.core.webui.keyword.internal.WebUIKeywordMain.stepFailed(WebUIKeywordMain.groovy:117)
	at com.kms.katalon.core.webui.keyword.internal.WebUIKeywordMain.runKeyword(WebUIKeywordMain.groovy:43)
	at com.kms.katalon.core.webui.keyword.builtin.ClickKeyword.click(ClickKeyword.groovy:75)
	at com.kms.katalon.core.webui.keyword.builtin.ClickKeyword.execute(ClickKeyword.groovy:40)
	at com.kms.katalon.core.keyword.internal.KeywordExecutor.executeKeywordForPlatform(KeywordExecutor.groovy:74)
	at com.kms.katalon.core.webui.keyword.WebUiBuiltInKeywords.click(WebUiBuiltInKeywords.groovy:696)
	at Tambah Tagihan.run(Tambah Tagihan:45)
	at com.kms.katalon.core.main.ScriptEngine.run(ScriptEngine.java:194)
	at com.kms.katalon.core.main.ScriptEngine.runScriptAsRawText(ScriptEngine.java:119)
	at com.kms.katalon.core.main.TestCaseExecutor.runScript(TestCaseExecutor.java:448)
	at com.kms.katalon.core.main.TestCaseExecutor.doExecute(TestCaseExecutor.java:439)
	at com.kms.katalon.core.main.TestCaseExecutor.processExecutionPhase(TestCaseExecutor.java:418)
	at com.kms.katalon.core.main.TestCaseExecutor.accessMainPhase(TestCaseExecutor.java:410)
	at com.kms.katalon.core.main.TestCaseExecutor.execute(TestCaseExecutor.java:285)
	at com.kms.katalon.core.main.TestCaseMain.runTestCase(TestCaseMain.java:133)
	at com.kms.katalon.core.keyword.builtin.CallTestCaseKeyword$_callTestCase_closure1.doCall(CallTestCaseKeyword.groovy:59)
	at com.kms.katalon.core.keyword.builtin.CallTestCaseKeyword$_callTestCase_closure1.call(CallTestCaseKeyword.groovy)
	at com.kms.katalon.core.keyword.internal.KeywordMain.runKeyword(KeywordMain.groovy:75)
	at com.kms.katalon.core.keyword.builtin.CallTestCaseKeyword.callTestCase(CallTestCaseKeyword.groovy:81)
	at com.kms.katalon.core.keyword.builtin.CallTestCaseKeyword.execute(CallTestCaseKeyword.groovy:44)
	at com.kms.katalon.core.keyword.internal.KeywordExecutor.executeKeywordForPlatform(KeywordExecutor.groovy:74)
	at com.kms.katalon.core.keyword.BuiltinKeywords.callTestCase(BuiltinKeywords.groovy:310)
	at jdk.internal.reflect.GeneratedMethodAccessor48.invoke(Unknown Source)
	at java.base/jdk.internal.reflect.DelegatingMethodAccessorImpl.invoke(DelegatingMethodAccessorImpl.java:43)
	at Regresi Tagihan.run(Regresi Tagihan:30)
	at com.kms.katalon.core.main.ScriptEngine.run(ScriptEngine.java:194)
	at com.kms.katalon.core.main.ScriptEngine.runScriptAsRawText(ScriptEngine.java:119)
	at com.kms.katalon.core.main.TestCaseExecutor.runScript(TestCaseExecutor.java:448)
	at com.kms.katalon.core.main.TestCaseExecutor.doExecute(TestCaseExecutor.java:439)
	at com.kms.katalon.core.main.TestCaseExecutor.processExecutionPhase(TestCaseExecutor.java:418)
	at com.kms.katalon.core.main.TestCaseExecutor.accessMainPhase(TestCaseExecutor.java:410)
	at com.kms.katalon.core.main.TestCaseExecutor.execute(TestCaseExecutor.java:285)
	at com.kms.katalon.core.common.CommonExecutor.accessTestCaseMainPhase(CommonExecutor.java:65)
	at com.kms.katalon.core.main.TestSuiteExecutor.accessTestSuiteMainPhase(TestSuiteExecutor.java:161)
	at com.kms.katalon.core.main.TestSuiteExecutor.execute(TestSuiteExecutor.java:107)
	at com.kms.katalon.core.main.TestCaseMain.startTestSuite(TestCaseMain.java:176)
	at TempTestSuite1735878642439.run(TempTestSuite1735878642439.groovy:35)
	at java.base/jdk.internal.reflect.NativeMethodAccessorImpl.invoke0(Native Method)
	at java.base/jdk.internal.reflect.NativeMethodAccessorImpl.invoke(NativeMethodAccessorImpl.java:77)
	at java.base/jdk.internal.reflect.DelegatingMethodAccessorImpl.invoke(DelegatingMethodAccessorImpl.java:43)
Caused by: com.kms.katalon.core.webui.exception.WebElementNotFoundException: Web element with id: 'Object Repository/Master Data/Admin Sekolah/Tambah Tagihan/Klik Tahun Ajaran' located by '//*[@data-testid = 'select-field' and (text() = 'Pilih tahun ajaran' or . = 'Pilih tahun ajaran')]' not found
	at com.kms.katalon.core.webui.common.WebUiCommonHelper.findWebElement(WebUiCommonHelper.java:1426)
	at com.kms.katalon.core.webui.keyword.internal.WebUIAbstractKeyword.findWebElement(WebUIAbstractKeyword.groovy:27)
	at com.kms.katalon.core.webui.keyword.builtin.ClickKeyword$_click_closure1.doCall(ClickKeyword.groovy:66)
	at com.kms.katalon.core.webui.keyword.builtin.ClickKeyword$_click_closure1.call(ClickKeyword.groovy)
	at com.kms.katalon.core.webui.keyword.internal.WebUIKeywordMain.runKeyword(WebUIKeywordMain.groovy:35)
	at com.kms.katalon.core.webui.keyword.builtin.ClickKeyword.click(ClickKeyword.groovy:75)
	at com.kms.katalon.core.webui.keyword.builtin.ClickKeyword.execute(ClickKeyword.groovy:40)
	at com.kms.katalon.core.keyword.internal.KeywordExecutor.executeKeywordForPlatform(KeywordExecutor.groovy:74)
	at com.kms.katalon.core.webui.keyword.WebUiBuiltInKeywords.click(WebUiBuiltInKeywords.groovy:696)
	at Script1731464238981.run(Script1731464238981.groovy:45)
	at com.kms.katalon.core.main.ScriptEngine.run(ScriptEngine.java:194)
	at com.kms.katalon.core.main.ScriptEngine.runScriptAsRawText(ScriptEngine.java:119)
	at com.kms.katalon.core.main.TestCaseExecutor.runScript(TestCaseExecutor.java:448)
	at com.kms.katalon.core.main.TestCaseExecutor.doExecute(TestCaseExecutor.java:439)
	at com.kms.katalon.core.main.TestCaseExecutor.processExecutionPhase(TestCaseExecutor.java:418)
	at com.kms.katalon.core.main.TestCaseExecutor.accessMainPhase(TestCaseExecutor.java:410)
	at com.kms.katalon.core.main.TestCaseExecutor.execute(TestCaseExecutor.java:285)
	at com.kms.katalon.core.main.TestCaseMain.runTestCase(TestCaseMain.java:133)
	at com.kms.katalon.core.keyword.builtin.CallTestCaseKeyword$_callTestCase_closure1.doCall(CallTestCaseKeyword.groovy:59)
	at com.kms.katalon.core.keyword.builtin.CallTestCaseKeyword$_callTestCase_closure1.call(CallTestCaseKeyword.groovy)
	at com.kms.katalon.core.keyword.internal.KeywordMain.runKeyword(KeywordMain.groovy:75)
	at com.kms.katalon.core.keyword.builtin.CallTestCaseKeyword.callTestCase(CallTestCaseKeyword.groovy:81)
	at com.kms.katalon.core.keyword.builtin.CallTestCaseKeyword.execute(CallTestCaseKeyword.groovy:44)
	at com.kms.katalon.core.keyword.internal.KeywordExecutor.executeKeywordForPlatform(KeywordExecutor.groovy:74)
	at com.kms.katalon.core.keyword.BuiltinKeywords.callTestCase(BuiltinKeywords.groovy:310)
	at jdk.internal.reflect.GeneratedMethodAccessor48.invoke(Unknown Source)
	at java.base/jdk.internal.reflect.DelegatingMethodAccessorImpl.invoke(DelegatingMethodAccessorImpl.java:43)
	at Script1735746434271.run(Script1735746434271.groovy:30)
	... 15 more
)
[[ATTACHMENT|C:\\Users\\henri\\Videos\\school-payment-automation-testing\\Reports\\20250103_113042\\SPRINT 1\\20250103_113042\\1735879544375.png]]

03-01-2025T11:45:44 - [MESSAGE][FAILED] - Unable to call Test Case 'Test Cases/Master Data/Admin Sekolah/Master Data Tagihan/Tambah Tagihan' (Root cause: com.kms.katalon.core.exception.StepFailedException: Call Test Case 'Test Cases/Master Data/Admin Sekolah/Master Data Tagihan/Tambah Tagihan' failed
	at com.kms.katalon.core.keyword.builtin.CallTestCaseKeyword$_callTestCase_closure1.doCall(CallTestCaseKeyword.groovy:63)
	at com.kms.katalon.core.keyword.builtin.CallTestCaseKeyword$_callTestCase_closure1.call(CallTestCaseKeyword.groovy)
	at com.kms.katalon.core.keyword.internal.KeywordMain.runKeyword(KeywordMain.groovy:75)
	at com.kms.katalon.core.keyword.builtin.CallTestCaseKeyword.callTestCase(CallTestCaseKeyword.groovy:81)
	at com.kms.katalon.core.keyword.builtin.CallTestCaseKeyword.execute(CallTestCaseKeyword.groovy:44)
	at com.kms.katalon.core.keyword.internal.KeywordExecutor.executeKeywordForPlatform(KeywordExecutor.groovy:74)
	at com.kms.katalon.core.keyword.BuiltinKeywords.callTestCase(BuiltinKeywords.groovy:310)
	at jdk.internal.reflect.GeneratedMethodAccessor48.invoke(Unknown Source)
	at java.base/jdk.internal.reflect.DelegatingMethodAccessorImpl.invoke(DelegatingMethodAccessorImpl.java:43)
	at Regresi Tagihan.run(Regresi Tagihan:30)
	at com.kms.katalon.core.main.ScriptEngine.run(ScriptEngine.java:194)
	at com.kms.katalon.core.main.ScriptEngine.runScriptAsRawText(ScriptEngine.java:119)
	at com.kms.katalon.core.main.TestCaseExecutor.runScript(TestCaseExecutor.java:448)
	at com.kms.katalon.core.main.TestCaseExecutor.doExecute(TestCaseExecutor.java:439)
	at com.kms.katalon.core.main.TestCaseExecutor.processExecutionPhase(TestCaseExecutor.java:418)
	at com.kms.katalon.core.main.TestCaseExecutor.accessMainPhase(TestCaseExecutor.java:410)
	at com.kms.katalon.core.main.TestCaseExecutor.execute(TestCaseExecutor.java:285)
	at com.kms.katalon.core.common.CommonExecutor.accessTestCaseMainPhase(CommonExecutor.java:65)
	at com.kms.katalon.core.main.TestSuiteExecutor.accessTestSuiteMainPhase(TestSuiteExecutor.java:161)
	at com.kms.katalon.core.main.TestSuiteExecutor.execute(TestSuiteExecutor.java:107)
	at com.kms.katalon.core.main.TestCaseMain.startTestSuite(TestCaseMain.java:176)
	at TempTestSuite1735878642439.run(TempTestSuite1735878642439.groovy:35)
	at java.base/jdk.internal.reflect.NativeMethodAccessorImpl.invoke0(Native Method)
	at java.base/jdk.internal.reflect.NativeMethodAccessorImpl.invoke(NativeMethodAccessorImpl.java:77)
	at java.base/jdk.internal.reflect.DelegatingMethodAccessorImpl.invoke(DelegatingMethodAccessorImpl.java:43)
Caused by: com.kms.katalon.core.exception.StepFailedException: Unable to click on object 'Object Repository/Master Data/Admin Sekolah/Tambah Tagihan/Klik Tahun Ajaran'
	at com.kms.katalon.core.webui.keyword.internal.WebUIKeywordMain.stepFailed(WebUIKeywordMain.groovy:117)
	at com.kms.katalon.core.webui.keyword.internal.WebUIKeywordMain.runKeyword(WebUIKeywordMain.groovy:43)
	at com.kms.katalon.core.webui.keyword.builtin.ClickKeyword.click(ClickKeyword.groovy:75)
	at com.kms.katalon.core.webui.keyword.builtin.ClickKeyword.execute(ClickKeyword.groovy:40)
	at com.kms.katalon.core.keyword.internal.KeywordExecutor.executeKeywordForPlatform(KeywordExecutor.groovy:74)
	at com.kms.katalon.core.webui.keyword.WebUiBuiltInKeywords.click(WebUiBuiltInKeywords.groovy:696)
	at Tambah Tagihan.run(Tambah Tagihan:45)
	at com.kms.katalon.core.main.ScriptEngine.run(ScriptEngine.java:194)
	at com.kms.katalon.core.main.ScriptEngine.runScriptAsRawText(ScriptEngine.java:119)
	at com.kms.katalon.core.main.TestCaseExecutor.runScript(TestCaseExecutor.java:448)
	at com.kms.katalon.core.main.TestCaseExecutor.doExecute(TestCaseExecutor.java:439)
	at com.kms.katalon.core.main.TestCaseExecutor.processExecutionPhase(TestCaseExecutor.java:418)
	at com.kms.katalon.core.main.TestCaseExecutor.accessMainPhase(TestCaseExecutor.java:410)
	at com.kms.katalon.core.main.TestCaseExecutor.execute(TestCaseExecutor.java:285)
	at com.kms.katalon.core.main.TestCaseMain.runTestCase(TestCaseMain.java:133)
	at com.kms.katalon.core.keyword.builtin.CallTestCaseKeyword$_callTestCase_closure1.doCall(CallTestCaseKeyword.groovy:59)
	... 24 more
Caused by: com.kms.katalon.core.webui.exception.WebElementNotFoundException: Web element with id: 'Object Repository/Master Data/Admin Sekolah/Tambah Tagihan/Klik Tahun Ajaran' located by '//*[@data-testid = 'select-field' and (text() = 'Pilih tahun ajaran' or . = 'Pilih tahun ajaran')]' not found
	at com.kms.katalon.core.webui.common.WebUiCommonHelper.findWebElement(WebUiCommonHelper.java:1426)
	at com.kms.katalon.core.webui.keyword.internal.WebUIAbstractKeyword.findWebElement(WebUIAbstractKeyword.groovy:27)
	at com.kms.katalon.core.webui.keyword.builtin.ClickKeyword$_click_closure1.doCall(ClickKeyword.groovy:66)
	at com.kms.katalon.core.webui.keyword.builtin.ClickKeyword$_click_closure1.call(ClickKeyword.groovy)
	at com.kms.katalon.core.webui.keyword.internal.WebUIKeywordMain.runKeyword(WebUIKeywordMain.groovy:35)
	... 38 more
)

03-01-2025T11:45:44 - [TEST_STEP][PASSED] - println("============================= Loop Again ==============================="): null]]></system-out>
         <system-err><![CDATA[03-01-2025T11:40:20 - [TEST_CASE][FAILED] - Test Cases/Regresi Feature/Sprint 1/Regresi Tagihan: Test Cases/Regresi Feature/Sprint 1/Regresi Tagihan FAILED.
Reason:
com.kms.katalon.core.exception.StepFailedException: Unable to call Test Case 'Test Cases/Master Data/Admin Sekolah/Master Data Tagihan/Filter Tagihan' (Root cause: com.kms.katalon.core.exception.StepFailedException: Call Test Case 'Test Cases/Master Data/Admin Sekolah/Master Data Tagihan/Filter Tagihan' failed
	at com.kms.katalon.core.keyword.builtin.CallTestCaseKeyword$_callTestCase_closure1.doCall(CallTestCaseKeyword.groovy:63)
	at com.kms.katalon.core.keyword.builtin.CallTestCaseKeyword$_callTestCase_closure1.call(CallTestCaseKeyword.groovy)
	at com.kms.katalon.core.keyword.internal.KeywordMain.runKeyword(KeywordMain.groovy:75)
	at com.kms.katalon.core.keyword.builtin.CallTestCaseKeyword.callTestCase(CallTestCaseKeyword.groovy:81)
	at com.kms.katalon.core.keyword.builtin.CallTestCaseKeyword.execute(CallTestCaseKeyword.groovy:44)
	at com.kms.katalon.core.keyword.internal.KeywordExecutor.executeKeywordForPlatform(KeywordExecutor.groovy:74)
	at com.kms.katalon.core.keyword.BuiltinKeywords.callTestCase(BuiltinKeywords.groovy:310)
	at jdk.internal.reflect.GeneratedMethodAccessor48.invoke(Unknown Source)
	at java.base/jdk.internal.reflect.DelegatingMethodAccessorImpl.invoke(DelegatingMethodAccessorImpl.java:43)
	at Regresi Tagihan.run(Regresi Tagihan:22)
	at com.kms.katalon.core.main.ScriptEngine.run(ScriptEngine.java:194)
	at com.kms.katalon.core.main.ScriptEngine.runScriptAsRawText(ScriptEngine.java:119)
	at com.kms.katalon.core.main.TestCaseExecutor.runScript(TestCaseExecutor.java:448)
	at com.kms.katalon.core.main.TestCaseExecutor.doExecute(TestCaseExecutor.java:439)
	at com.kms.katalon.core.main.TestCaseExecutor.processExecutionPhase(TestCaseExecutor.java:418)
	at com.kms.katalon.core.main.TestCaseExecutor.accessMainPhase(TestCaseExecutor.java:410)
	at com.kms.katalon.core.main.TestCaseExecutor.execute(TestCaseExecutor.java:285)
	at com.kms.katalon.core.common.CommonExecutor.accessTestCaseMainPhase(CommonExecutor.java:65)
	at com.kms.katalon.core.main.TestSuiteExecutor.accessTestSuiteMainPhase(TestSuiteExecutor.java:161)
	at com.kms.katalon.core.main.TestSuiteExecutor.execute(TestSuiteExecutor.java:107)
	at com.kms.katalon.core.main.TestCaseMain.startTestSuite(TestCaseMain.java:176)
	at TempTestSuite1735878642439.run(TempTestSuite1735878642439.groovy:35)
	at java.base/jdk.internal.reflect.NativeMethodAccessorImpl.invoke0(Native Method)
	at java.base/jdk.internal.reflect.NativeMethodAccessorImpl.invoke(NativeMethodAccessorImpl.java:77)
	at java.base/jdk.internal.reflect.DelegatingMethodAccessorImpl.invoke(DelegatingMethodAccessorImpl.java:43)
Caused by: com.kms.katalon.core.exception.StepFailedException: Unable to click on object 'Object Repository/Master Data/Admin Sekolah/Filter Tagihan/CIMB' (Root cause: com.kms.katalon.core.exception.StepFailedException: Unable to click on object 'Object Repository/Master Data/Admin Sekolah/Filter Tagihan/CIMB'
	at com.kms.katalon.core.webui.keyword.internal.WebUIKeywordMain.stepFailed(WebUIKeywordMain.groovy:117)
	at com.kms.katalon.core.webui.keyword.internal.WebUIKeywordMain.runKeyword(WebUIKeywordMain.groovy:43)
	at com.kms.katalon.core.webui.keyword.builtin.ClickKeyword.click(ClickKeyword.groovy:75)
	at com.kms.katalon.core.webui.keyword.builtin.ClickKeyword.execute(ClickKeyword.groovy:40)
	at com.kms.katalon.core.keyword.internal.KeywordExecutor.executeKeywordForPlatform(KeywordExecutor.groovy:74)
	at com.kms.katalon.core.webui.keyword.WebUiBuiltInKeywords.click(WebUiBuiltInKeywords.groovy:684)
	at Filter Tagihan.run(Filter Tagihan:62)
	at com.kms.katalon.core.main.ScriptEngine.run(ScriptEngine.java:194)
	at com.kms.katalon.core.main.ScriptEngine.runScriptAsRawText(ScriptEngine.java:119)
	at com.kms.katalon.core.main.TestCaseExecutor.runScript(TestCaseExecutor.java:448)
	at com.kms.katalon.core.main.TestCaseExecutor.doExecute(TestCaseExecutor.java:439)
	at com.kms.katalon.core.main.TestCaseExecutor.processExecutionPhase(TestCaseExecutor.java:418)
	at com.kms.katalon.core.main.TestCaseExecutor.accessMainPhase(TestCaseExecutor.java:410)
	at com.kms.katalon.core.main.TestCaseExecutor.execute(TestCaseExecutor.java:285)
	at com.kms.katalon.core.main.TestCaseMain.runTestCase(TestCaseMain.java:133)
	at com.kms.katalon.core.keyword.builtin.CallTestCaseKeyword$_callTestCase_closure1.doCall(CallTestCaseKeyword.groovy:59)
	at com.kms.katalon.core.keyword.builtin.CallTestCaseKeyword$_callTestCase_closure1.call(CallTestCaseKeyword.groovy)
	at com.kms.katalon.core.keyword.internal.KeywordMain.runKeyword(KeywordMain.groovy:75)
	at com.kms.katalon.core.keyword.builtin.CallTestCaseKeyword.callTestCase(CallTestCaseKeyword.groovy:81)
	at com.kms.katalon.core.keyword.builtin.CallTestCaseKeyword.execute(CallTestCaseKeyword.groovy:44)
	at com.kms.katalon.core.keyword.internal.KeywordExecutor.executeKeywordForPlatform(KeywordExecutor.groovy:74)
	at com.kms.katalon.core.keyword.BuiltinKeywords.callTestCase(BuiltinKeywords.groovy:310)
	at jdk.internal.reflect.GeneratedMethodAccessor48.invoke(Unknown Source)
	at java.base/jdk.internal.reflect.DelegatingMethodAccessorImpl.invoke(DelegatingMethodAccessorImpl.java:43)
	at Regresi Tagihan.run(Regresi Tagihan:22)
	at com.kms.katalon.core.main.ScriptEngine.run(ScriptEngine.java:194)
	at com.kms.katalon.core.main.ScriptEngine.runScriptAsRawText(ScriptEngine.java:119)
	at com.kms.katalon.core.main.TestCaseExecutor.runScript(TestCaseExecutor.java:448)
	at com.kms.katalon.core.main.TestCaseExecutor.doExecute(TestCaseExecutor.java:439)
	at com.kms.katalon.core.main.TestCaseExecutor.processExecutionPhase(TestCaseExecutor.java:418)
	at com.kms.katalon.core.main.TestCaseExecutor.accessMainPhase(TestCaseExecutor.java:410)
	at com.kms.katalon.core.main.TestCaseExecutor.execute(TestCaseExecutor.java:285)
	at com.kms.katalon.core.common.CommonExecutor.accessTestCaseMainPhase(CommonExecutor.java:65)
	at com.kms.katalon.core.main.TestSuiteExecutor.accessTestSuiteMainPhase(TestSuiteExecutor.java:161)
	at com.kms.katalon.core.main.TestSuiteExecutor.execute(TestSuiteExecutor.java:107)
	at com.kms.katalon.core.main.TestCaseMain.startTestSuite(TestCaseMain.java:176)
	at TempTestSuite1735878642439.run(TempTestSuite1735878642439.groovy:35)
	at java.base/jdk.internal.reflect.NativeMethodAccessorImpl.invoke0(Native Method)
	at java.base/jdk.internal.reflect.NativeMethodAccessorImpl.invoke(NativeMethodAccessorImpl.java:77)
	at java.base/jdk.internal.reflect.DelegatingMethodAccessorImpl.invoke(DelegatingMethodAccessorImpl.java:43)
Caused by: com.kms.katalon.core.webui.exception.WebElementNotFoundException: Web element with id: 'Object Repository/Master Data/Admin Sekolah/Filter Tagihan/CIMB' located by '//div[@data-testid='option-91' and .//p[@data-testid='paragraph' and text()='CIMB - 1223123123']]' not found
	at com.kms.katalon.core.webui.common.WebUiCommonHelper.findWebElement(WebUiCommonHelper.java:1426)
	at com.kms.katalon.core.webui.keyword.internal.WebUIAbstractKeyword.findWebElement(WebUIAbstractKeyword.groovy:27)
	at com.kms.katalon.core.webui.keyword.builtin.ClickKeyword$_click_closure1.doCall(ClickKeyword.groovy:66)
	at com.kms.katalon.core.webui.keyword.builtin.ClickKeyword$_click_closure1.call(ClickKeyword.groovy)
	at com.kms.katalon.core.webui.keyword.internal.WebUIKeywordMain.runKeyword(WebUIKeywordMain.groovy:35)
	at com.kms.katalon.core.webui.keyword.builtin.ClickKeyword.click(ClickKeyword.groovy:75)
	at com.kms.katalon.core.webui.keyword.builtin.ClickKeyword.execute(ClickKeyword.groovy:40)
	at com.kms.katalon.core.keyword.internal.KeywordExecutor.executeKeywordForPlatform(KeywordExecutor.groovy:74)
	at com.kms.katalon.core.webui.keyword.WebUiBuiltInKeywords.click(WebUiBuiltInKeywords.groovy:684)
	at Script1731485365054.run(Script1731485365054.groovy:62)
	at com.kms.katalon.core.main.ScriptEngine.run(ScriptEngine.java:194)
	at com.kms.katalon.core.main.ScriptEngine.runScriptAsRawText(ScriptEngine.java:119)
	at com.kms.katalon.core.main.TestCaseExecutor.runScript(TestCaseExecutor.java:448)
	at com.kms.katalon.core.main.TestCaseExecutor.doExecute(TestCaseExecutor.java:439)
	at com.kms.katalon.core.main.TestCaseExecutor.processExecutionPhase(TestCaseExecutor.java:418)
	at com.kms.katalon.core.main.TestCaseExecutor.accessMainPhase(TestCaseExecutor.java:410)
	at com.kms.katalon.core.main.TestCaseExecutor.execute(TestCaseExecutor.java:285)
	at com.kms.katalon.core.main.TestCaseMain.runTestCase(TestCaseMain.java:133)
	at com.kms.katalon.core.keyword.builtin.CallTestCaseKeyword$_callTestCase_closure1.doCall(CallTestCaseKeyword.groovy:59)
	at com.kms.katalon.core.keyword.builtin.CallTestCaseKeyword$_callTestCase_closure1.call(CallTestCaseKeyword.groovy)
	at com.kms.katalon.core.keyword.internal.KeywordMain.runKeyword(KeywordMain.groovy:75)
	at com.kms.katalon.core.keyword.builtin.CallTestCaseKeyword.callTestCase(CallTestCaseKeyword.groovy:81)
	at com.kms.katalon.core.keyword.builtin.CallTestCaseKeyword.execute(CallTestCaseKeyword.groovy:44)
	at com.kms.katalon.core.keyword.internal.KeywordExecutor.executeKeywordForPlatform(KeywordExecutor.groovy:74)
	at com.kms.katalon.core.keyword.BuiltinKeywords.callTestCase(BuiltinKeywords.groovy:310)
	at jdk.internal.reflect.GeneratedMethodAccessor48.invoke(Unknown Source)
	at java.base/jdk.internal.reflect.DelegatingMethodAccessorImpl.invoke(DelegatingMethodAccessorImpl.java:43)
	at Script1735746434271.run(Script1735746434271.groovy:22)
	... 15 more
)
	at com.kms.katalon.core.keyword.internal.KeywordMain.stepFailed(KeywordMain.groovy:39)
	at com.kms.katalon.core.webui.keyword.internal.WebUIKeywordMain.stepFailed(WebUIKeywordMain.groovy:117)
	at com.kms.katalon.core.webui.keyword.internal.WebUIKeywordMain.runKeyword(WebUIKeywordMain.groovy:43)
	at com.kms.katalon.core.webui.keyword.builtin.ClickKeyword.click(ClickKeyword.groovy:75)
	at com.kms.katalon.core.webui.keyword.builtin.ClickKeyword.execute(ClickKeyword.groovy:40)
	at com.kms.katalon.core.keyword.internal.KeywordExecutor.executeKeywordForPlatform(KeywordExecutor.groovy:74)
	at com.kms.katalon.core.webui.keyword.WebUiBuiltInKeywords.click(WebUiBuiltInKeywords.groovy:684)
	at Filter Tagihan.run(Filter Tagihan:62)
	at com.kms.katalon.core.main.ScriptEngine.run(ScriptEngine.java:194)
	at com.kms.katalon.core.main.ScriptEngine.runScriptAsRawText(ScriptEngine.java:119)
	at com.kms.katalon.core.main.TestCaseExecutor.runScript(TestCaseExecutor.java:448)
	at com.kms.katalon.core.main.TestCaseExecutor.doExecute(TestCaseExecutor.java:439)
	at com.kms.katalon.core.main.TestCaseExecutor.processExecutionPhase(TestCaseExecutor.java:418)
	at com.kms.katalon.core.main.TestCaseExecutor.accessMainPhase(TestCaseExecutor.java:410)
	at com.kms.katalon.core.main.TestCaseExecutor.execute(TestCaseExecutor.java:285)
	at com.kms.katalon.core.main.TestCaseMain.runTestCase(TestCaseMain.java:133)
	at com.kms.katalon.core.keyword.builtin.CallTestCaseKeyword$_callTestCase_closure1.doCall(CallTestCaseKeyword.groovy:59)
	... 24 more
Caused by: com.kms.katalon.core.exception.StepFailedException: Unable to click on object 'Object Repository/Master Data/Admin Sekolah/Filter Tagihan/CIMB'
	... 40 more
Caused by: com.kms.katalon.core.webui.exception.WebElementNotFoundException: Web element with id: 'Object Repository/Master Data/Admin Sekolah/Filter Tagihan/CIMB' located by '//div[@data-testid='option-91' and .//p[@data-testid='paragraph' and text()='CIMB - 1223123123']]' not found
	at com.kms.katalon.core.webui.common.WebUiCommonHelper.findWebElement(WebUiCommonHelper.java:1426)
	at com.kms.katalon.core.webui.keyword.internal.WebUIAbstractKeyword.findWebElement(WebUIAbstractKeyword.groovy:27)
	at com.kms.katalon.core.webui.keyword.builtin.ClickKeyword$_click_closure1.doCall(ClickKeyword.groovy:66)
	at com.kms.katalon.core.webui.keyword.builtin.ClickKeyword$_click_closure1.call(ClickKeyword.groovy)
	at com.kms.katalon.core.webui.keyword.internal.WebUIKeywordMain.runKeyword(WebUIKeywordMain.groovy:35)
	... 38 more
)
	at com.kms.katalon.core.keyword.internal.KeywordMain.stepFailed(KeywordMain.groovy:39)
	at com.kms.katalon.core.keyword.internal.KeywordMain.stepFailed(KeywordMain.groovy)
	at com.kms.katalon.core.keyword.internal.KeywordMain.runKeyword(KeywordMain.groovy:77)
	at com.kms.katalon.core.keyword.builtin.CallTestCaseKeyword.callTestCase(CallTestCaseKeyword.groovy:81)
	at com.kms.katalon.core.keyword.builtin.CallTestCaseKeyword.execute(CallTestCaseKeyword.groovy:44)
	at com.kms.katalon.core.keyword.internal.KeywordExecutor.executeKeywordForPlatform(KeywordExecutor.groovy:74)
	at com.kms.katalon.core.keyword.BuiltinKeywords.callTestCase(BuiltinKeywords.groovy:310)
	at jdk.internal.reflect.GeneratedMethodAccessor48.invoke(Unknown Source)
	at java.base/jdk.internal.reflect.DelegatingMethodAccessorImpl.invoke(DelegatingMethodAccessorImpl.java:43)
	at Regresi Tagihan.run(Regresi Tagihan:22)
	at com.kms.katalon.core.main.ScriptEngine.run(ScriptEngine.java:194)
	at com.kms.katalon.core.main.ScriptEngine.runScriptAsRawText(ScriptEngine.java:119)
	at com.kms.katalon.core.main.TestCaseExecutor.runScript(TestCaseExecutor.java:448)
	at com.kms.katalon.core.main.TestCaseExecutor.doExecute(TestCaseExecutor.java:439)
	at com.kms.katalon.core.main.TestCaseExecutor.processExecutionPhase(TestCaseExecutor.java:418)
	at com.kms.katalon.core.main.TestCaseExecutor.accessMainPhase(TestCaseExecutor.java:410)
	at com.kms.katalon.core.main.TestCaseExecutor.execute(TestCaseExecutor.java:285)
	at com.kms.katalon.core.common.CommonExecutor.accessTestCaseMainPhase(CommonExecutor.java:65)
	at com.kms.katalon.core.main.TestSuiteExecutor.accessTestSuiteMainPhase(TestSuiteExecutor.java:161)
	at com.kms.katalon.core.main.TestSuiteExecutor.execute(TestSuiteExecutor.java:107)
	at com.kms.katalon.core.main.TestCaseMain.startTestSuite(TestCaseMain.java:176)
	at TempTestSuite1735878642439.run(TempTestSuite1735878642439.groovy:35)
	at java.base/jdk.internal.reflect.NativeMethodAccessorImpl.invoke0(Native Method)
	at java.base/jdk.internal.reflect.NativeMethodAccessorImpl.invoke(NativeMethodAccessorImpl.java:77)
	at java.base/jdk.internal.reflect.DelegatingMethodAccessorImpl.invoke(DelegatingMethodAccessorImpl.java:43)
Caused by: com.kms.katalon.core.exception.StepFailedException: Call Test Case 'Test Cases/Master Data/Admin Sekolah/Master Data Tagihan/Filter Tagihan' failed
	at com.kms.katalon.core.keyword.builtin.CallTestCaseKeyword$_callTestCase_closure1.doCall(CallTestCaseKeyword.groovy:63)
	at com.kms.katalon.core.keyword.builtin.CallTestCaseKeyword$_callTestCase_closure1.call(CallTestCaseKeyword.groovy)
	at com.kms.katalon.core.keyword.internal.KeywordMain.runKeyword(KeywordMain.groovy:75)
	... 22 more
Caused by: com.kms.katalon.core.exception.StepFailedException: Unable to click on object 'Object Repository/Master Data/Admin Sekolah/Filter Tagihan/CIMB' (Root cause: com.kms.katalon.core.exception.StepFailedException: Unable to click on object 'Object Repository/Master Data/Admin Sekolah/Filter Tagihan/CIMB'
	at com.kms.katalon.core.webui.keyword.internal.WebUIKeywordMain.stepFailed(WebUIKeywordMain.groovy:117)
	at com.kms.katalon.core.webui.keyword.internal.WebUIKeywordMain.runKeyword(WebUIKeywordMain.groovy:43)
	at com.kms.katalon.core.webui.keyword.builtin.ClickKeyword.click(ClickKeyword.groovy:75)
	at com.kms.katalon.core.webui.keyword.builtin.ClickKeyword.execute(ClickKeyword.groovy:40)
	at com.kms.katalon.core.keyword.internal.KeywordExecutor.executeKeywordForPlatform(KeywordExecutor.groovy:74)
	at com.kms.katalon.core.webui.keyword.WebUiBuiltInKeywords.click(WebUiBuiltInKeywords.groovy:684)
	at Filter Tagihan.run(Filter Tagihan:62)
	at com.kms.katalon.core.main.ScriptEngine.run(ScriptEngine.java:194)
	at com.kms.katalon.core.main.ScriptEngine.runScriptAsRawText(ScriptEngine.java:119)
	at com.kms.katalon.core.main.TestCaseExecutor.runScript(TestCaseExecutor.java:448)
	at com.kms.katalon.core.main.TestCaseExecutor.doExecute(TestCaseExecutor.java:439)
	at com.kms.katalon.core.main.TestCaseExecutor.processExecutionPhase(TestCaseExecutor.java:418)
	at com.kms.katalon.core.main.TestCaseExecutor.accessMainPhase(TestCaseExecutor.java:410)
	at com.kms.katalon.core.main.TestCaseExecutor.execute(TestCaseExecutor.java:285)
	at com.kms.katalon.core.main.TestCaseMain.runTestCase(TestCaseMain.java:133)
	at com.kms.katalon.core.keyword.builtin.CallTestCaseKeyword$_callTestCase_closure1.doCall(CallTestCaseKeyword.groovy:59)
	at com.kms.katalon.core.keyword.builtin.CallTestCaseKeyword$_callTestCase_closure1.call(CallTestCaseKeyword.groovy)
	at com.kms.katalon.core.keyword.internal.KeywordMain.runKeyword(KeywordMain.groovy:75)
	at com.kms.katalon.core.keyword.builtin.CallTestCaseKeyword.callTestCase(CallTestCaseKeyword.groovy:81)
	at com.kms.katalon.core.keyword.builtin.CallTestCaseKeyword.execute(CallTestCaseKeyword.groovy:44)
	at com.kms.katalon.core.keyword.internal.KeywordExecutor.executeKeywordForPlatform(KeywordExecutor.groovy:74)
	at com.kms.katalon.core.keyword.BuiltinKeywords.callTestCase(BuiltinKeywords.groovy:310)
	at jdk.internal.reflect.GeneratedMethodAccessor48.invoke(Unknown Source)
	at java.base/jdk.internal.reflect.DelegatingMethodAccessorImpl.invoke(DelegatingMethodAccessorImpl.java:43)
	at Regresi Tagihan.run(Regresi Tagihan:22)
	at com.kms.katalon.core.main.ScriptEngine.run(ScriptEngine.java:194)
	at com.kms.katalon.core.main.ScriptEngine.runScriptAsRawText(ScriptEngine.java:119)
	at com.kms.katalon.core.main.TestCaseExecutor.runScript(TestCaseExecutor.java:448)
	at com.kms.katalon.core.main.TestCaseExecutor.doExecute(TestCaseExecutor.java:439)
	at com.kms.katalon.core.main.TestCaseExecutor.processExecutionPhase(TestCaseExecutor.java:418)
	at com.kms.katalon.core.main.TestCaseExecutor.accessMainPhase(TestCaseExecutor.java:410)
	at com.kms.katalon.core.main.TestCaseExecutor.execute(TestCaseExecutor.java:285)
	at com.kms.katalon.core.common.CommonExecutor.accessTestCaseMainPhase(CommonExecutor.java:65)
	at com.kms.katalon.core.main.TestSuiteExecutor.accessTestSuiteMainPhase(TestSuiteExecutor.java:161)
	at com.kms.katalon.core.main.TestSuiteExecutor.execute(TestSuiteExecutor.java:107)
	at com.kms.katalon.core.main.TestCaseMain.startTestSuite(TestCaseMain.java:176)
	at TempTestSuite1735878642439.run(TempTestSuite1735878642439.groovy:35)
	at java.base/jdk.internal.reflect.NativeMethodAccessorImpl.invoke0(Native Method)
	at java.base/jdk.internal.reflect.NativeMethodAccessorImpl.invoke(NativeMethodAccessorImpl.java:77)
	at java.base/jdk.internal.reflect.DelegatingMethodAccessorImpl.invoke(DelegatingMethodAccessorImpl.java:43)
Caused by: com.kms.katalon.core.webui.exception.WebElementNotFoundException: Web element with id: 'Object Repository/Master Data/Admin Sekolah/Filter Tagihan/CIMB' located by '//div[@data-testid='option-91' and .//p[@data-testid='paragraph' and text()='CIMB - 1223123123']]' not found
	at com.kms.katalon.core.webui.common.WebUiCommonHelper.findWebElement(WebUiCommonHelper.java:1426)
	at com.kms.katalon.core.webui.keyword.internal.WebUIAbstractKeyword.findWebElement(WebUIAbstractKeyword.groovy:27)
	at com.kms.katalon.core.webui.keyword.builtin.ClickKeyword$_click_closure1.doCall(ClickKeyword.groovy:66)
	at com.kms.katalon.core.webui.keyword.builtin.ClickKeyword$_click_closure1.call(ClickKeyword.groovy)
	at com.kms.katalon.core.webui.keyword.internal.WebUIKeywordMain.runKeyword(WebUIKeywordMain.groovy:35)
	at com.kms.katalon.core.webui.keyword.builtin.ClickKeyword.click(ClickKeyword.groovy:75)
	at com.kms.katalon.core.webui.keyword.builtin.ClickKeyword.execute(ClickKeyword.groovy:40)
	at com.kms.katalon.core.keyword.internal.KeywordExecutor.executeKeywordForPlatform(KeywordExecutor.groovy:74)
	at com.kms.katalon.core.webui.keyword.WebUiBuiltInKeywords.click(WebUiBuiltInKeywords.groovy:684)
	at Script1731485365054.run(Script1731485365054.groovy:62)
	at com.kms.katalon.core.main.ScriptEngine.run(ScriptEngine.java:194)
	at com.kms.katalon.core.main.ScriptEngine.runScriptAsRawText(ScriptEngine.java:119)
	at com.kms.katalon.core.main.TestCaseExecutor.runScript(TestCaseExecutor.java:448)
	at com.kms.katalon.core.main.TestCaseExecutor.doExecute(TestCaseExecutor.java:439)
	at com.kms.katalon.core.main.TestCaseExecutor.processExecutionPhase(TestCaseExecutor.java:418)
	at com.kms.katalon.core.main.TestCaseExecutor.accessMainPhase(TestCaseExecutor.java:410)
	at com.kms.katalon.core.main.TestCaseExecutor.execute(TestCaseExecutor.java:285)
	at com.kms.katalon.core.main.TestCaseMain.runTestCase(TestCaseMain.java:133)
	at com.kms.katalon.core.keyword.builtin.CallTestCaseKeyword$_callTestCase_closure1.doCall(CallTestCaseKeyword.groovy:59)
	at com.kms.katalon.core.keyword.builtin.CallTestCaseKeyword$_callTestCase_closure1.call(CallTestCaseKeyword.groovy)
	at com.kms.katalon.core.keyword.internal.KeywordMain.runKeyword(KeywordMain.groovy:75)
	at com.kms.katalon.core.keyword.builtin.CallTestCaseKeyword.callTestCase(CallTestCaseKeyword.groovy:81)
	at com.kms.katalon.core.keyword.builtin.CallTestCaseKeyword.execute(CallTestCaseKeyword.groovy:44)
	at com.kms.katalon.core.keyword.internal.KeywordExecutor.executeKeywordForPlatform(KeywordExecutor.groovy:74)
	at com.kms.katalon.core.keyword.BuiltinKeywords.callTestCase(BuiltinKeywords.groovy:310)
	at jdk.internal.reflect.GeneratedMethodAccessor48.invoke(Unknown Source)
	at java.base/jdk.internal.reflect.DelegatingMethodAccessorImpl.invoke(DelegatingMethodAccessorImpl.java:43)
	at Script1735746434271.run(Script1735746434271.groovy:22)
	... 15 more
)
	at com.kms.katalon.core.keyword.internal.KeywordMain.stepFailed(KeywordMain.groovy:39)
	at com.kms.katalon.core.webui.keyword.internal.WebUIKeywordMain.stepFailed(WebUIKeywordMain.groovy:117)
	at com.kms.katalon.core.webui.keyword.internal.WebUIKeywordMain.runKeyword(WebUIKeywordMain.groovy:43)
	at com.kms.katalon.core.webui.keyword.builtin.ClickKeyword.click(ClickKeyword.groovy:75)
	at com.kms.katalon.core.webui.keyword.builtin.ClickKeyword.execute(ClickKeyword.groovy:40)
	at com.kms.katalon.core.keyword.internal.KeywordExecutor.executeKeywordForPlatform(KeywordExecutor.groovy:74)
	at com.kms.katalon.core.webui.keyword.WebUiBuiltInKeywords.click(WebUiBuiltInKeywords.groovy:684)
	at Filter Tagihan.run(Filter Tagihan:62)
	at com.kms.katalon.core.main.ScriptEngine.run(ScriptEngine.java:194)
	at com.kms.katalon.core.main.ScriptEngine.runScriptAsRawText(ScriptEngine.java:119)
	at com.kms.katalon.core.main.TestCaseExecutor.runScript(TestCaseExecutor.java:448)
	at com.kms.katalon.core.main.TestCaseExecutor.doExecute(TestCaseExecutor.java:439)
	at com.kms.katalon.core.main.TestCaseExecutor.processExecutionPhase(TestCaseExecutor.java:418)
	at com.kms.katalon.core.main.TestCaseExecutor.accessMainPhase(TestCaseExecutor.java:410)
	at com.kms.katalon.core.main.TestCaseExecutor.execute(TestCaseExecutor.java:285)
	at com.kms.katalon.core.main.TestCaseMain.runTestCase(TestCaseMain.java:133)
	at com.kms.katalon.core.keyword.builtin.CallTestCaseKeyword$_callTestCase_closure1.doCall(CallTestCaseKeyword.groovy:59)
	... 24 more
Caused by: com.kms.katalon.core.exception.StepFailedException: Unable to click on object 'Object Repository/Master Data/Admin Sekolah/Filter Tagihan/CIMB'
	... 40 more
Caused by: com.kms.katalon.core.webui.exception.WebElementNotFoundException: Web element with id: 'Object Repository/Master Data/Admin Sekolah/Filter Tagihan/CIMB' located by '//div[@data-testid='option-91' and .//p[@data-testid='paragraph' and text()='CIMB - 1223123123']]' not found
	at com.kms.katalon.core.webui.common.WebUiCommonHelper.findWebElement(WebUiCommonHelper.java:1426)
	at com.kms.katalon.core.webui.keyword.internal.WebUIAbstractKeyword.findWebElement(WebUIAbstractKeyword.groovy:27)
	at com.kms.katalon.core.webui.keyword.builtin.ClickKeyword$_click_closure1.doCall(ClickKeyword.groovy:66)
	at com.kms.katalon.core.webui.keyword.builtin.ClickKeyword$_click_closure1.call(ClickKeyword.groovy)
	at com.kms.katalon.core.webui.keyword.internal.WebUIKeywordMain.runKeyword(WebUIKeywordMain.groovy:35)
	... 38 more]]></system-err>
      </testcase>
      <testcase name="Test Cases/Regresi Feature/Sprint 1/Regresi Tahun Ajaran" time="275.87" classname="Test Cases/Regresi Feature/Sprint 1/Regresi Tahun Ajaran" status="PASSED">
         <system-out><![CDATA[03-01-2025T11:45:44 - [TEST_CASE][PASSED] - Test Cases/Regresi Feature/Sprint 1/Regresi Tahun Ajaran: Test Cases/Regresi Feature/Sprint 1/Regresi Tahun Ajaran

03-01-2025T11:45:44 - [TEST_STEP][PASSED] - for ([i = 1, i <= maxLoop, (i++)]): null

03-01-2025T11:45:44 - [TEST_STEP][PASSED] - callTestCase(findTestCase("Test Cases/Master Data/Admin Sekolah/Master Data Tahun Ajaran/Edit Tahun Ajaran"), [:], OPTIONAL): Call Test Case 'Test Cases/Master Data/Admin Sekolah/Master Data Tahun Ajaran/Edit Tahun Ajaran' successfully

03-01-2025T11:45:44 - [TEST_CASE][PASSED] - Test Cases/Master Data/Admin Sekolah/Master Data Tahun Ajaran/Edit Tahun Ajaran: Test Cases/Master Data/Admin Sekolah/Master Data Tahun Ajaran/Edit Tahun Ajaran

03-01-2025T11:45:44 - [TEST_STEP][PASSED] - openBrowser("", OPTIONAL): Browser is opened with url: ''

03-01-2025T11:45:44 - [MESSAGE][WARNING] - A browser is already opened. Closing browser and opening a new one

03-01-2025T11:45:44 - [MESSAGE][INFO] - Starting 'Chrome' driver

03-01-2025T11:45:44 - [MESSAGE][INFO] - Action delay is set to 0 milliseconds

03-01-2025T11:45:45 - [MESSAGE][PASSED] - Browser is opened with url: ''

03-01-2025T11:45:45 - [TEST_STEP][PASSED] - navigateToUrl("https://sit.siprusedu.com/login", OPTIONAL): Navigate to 'https://sit.siprusedu.com/login' successfully

03-01-2025T11:45:46 - [MESSAGE][PASSED] - Navigate to 'https://sit.siprusedu.com/login' successfully

03-01-2025T11:45:46 - [TEST_STEP][PASSED] - click(findTestObject("Master Data/Admin Sekolah/Login/Field Email"), OPTIONAL): Object: 'Object Repository/Master Data/Admin Sekolah/Login/Field Email' is clicked on

03-01-2025T11:45:47 - [MESSAGE][PASSED] - Object: 'Object Repository/Master Data/Admin Sekolah/Login/Field Email' is clicked on

03-01-2025T11:45:47 - [TEST_STEP][PASSED] - setText(findTestObject("Master Data/Admin Sekolah/Login/Field Email"), "admin.gudangsolusi@digiform.co.id", OPTIONAL): Text 'admin.gudangsolusi@digiform.co.id' is set on object 'Object Repository/Master Data/Admin Sekolah/Login/Field Email'

03-01-2025T11:45:48 - [MESSAGE][PASSED] - Text 'admin.gudangsolusi@digiform.co.id' is set on object 'Object Repository/Master Data/Admin Sekolah/Login/Field Email'

03-01-2025T11:45:48 - [TEST_STEP][PASSED] - click(findTestObject("Master Data/Admin Sekolah/Login/Input Password"), OPTIONAL): Object: 'Object Repository/Master Data/Admin Sekolah/Login/Input Password' is clicked on

03-01-2025T11:45:48 - [MESSAGE][PASSED] - Object: 'Object Repository/Master Data/Admin Sekolah/Login/Input Password' is clicked on

03-01-2025T11:45:48 - [TEST_STEP][PASSED] - setText(findTestObject("Master Data/Admin Sekolah/Login/Input Password"), "Test1234", OPTIONAL): Text 'Test1234' is set on object 'Object Repository/Master Data/Admin Sekolah/Login/Input Password'

03-01-2025T11:45:49 - [MESSAGE][PASSED] - Text 'Test1234' is set on object 'Object Repository/Master Data/Admin Sekolah/Login/Input Password'

03-01-2025T11:45:49 - [TEST_STEP][PASSED] - click(findTestObject("Master Data/Admin Sekolah/Login/Button Submit"), OPTIONAL): Object: 'Object Repository/Master Data/Admin Sekolah/Login/Button Submit' is clicked on

03-01-2025T11:45:49 - [MESSAGE][PASSED] - Object: 'Object Repository/Master Data/Admin Sekolah/Login/Button Submit' is clicked on

03-01-2025T11:45:49 - [TEST_STEP][PASSED] - click(findTestObject("Master Data/Admin Sekolah/Master Data Menu"), OPTIONAL): Object: 'Object Repository/Master Data/Admin Sekolah/Master Data Menu' is clicked on

03-01-2025T11:45:50 - [MESSAGE][PASSED] - Object: 'Object Repository/Master Data/Admin Sekolah/Master Data Menu' is clicked on

03-01-2025T11:45:50 - [TEST_STEP][PASSED] - click(findTestObject("Master Data/Admin Sekolah/Tahun Ajaran/Menu Tahun Ajaran"), OPTIONAL): Object: 'Object Repository/Master Data/Admin Sekolah/Tahun Ajaran/Menu Tahun Ajaran' is clicked on

03-01-2025T11:45:51 - [MESSAGE][PASSED] - Object: 'Object Repository/Master Data/Admin Sekolah/Tahun Ajaran/Menu Tahun Ajaran' is clicked on

03-01-2025T11:45:51 - [TEST_STEP][PASSED] - click(findTestObject("Master Data/Admin Sekolah/Tahun Ajaran/Edit Tahun Ajaran/Icon Edit"), OPTIONAL): Object: 'Object Repository/Master Data/Admin Sekolah/Tahun Ajaran/Edit Tahun Ajaran/Icon Edit' is clicked on

03-01-2025T11:45:52 - [MESSAGE][PASSED] - Object: 'Object Repository/Master Data/Admin Sekolah/Tahun Ajaran/Edit Tahun Ajaran/Icon Edit' is clicked on

03-01-2025T11:45:52 - [TEST_STEP][PASSED] - click(findTestObject("Master Data/Admin Sekolah/Tahun Ajaran/Edit Tahun Ajaran/Dropdown Edit tahun Selesai"), OPTIONAL): Object: 'Object Repository/Master Data/Admin Sekolah/Tahun Ajaran/Edit Tahun Ajaran/Dropdown Edit tahun Selesai' is clicked on

03-01-2025T11:45:53 - [MESSAGE][PASSED] - Object: 'Object Repository/Master Data/Admin Sekolah/Tahun Ajaran/Edit Tahun Ajaran/Dropdown Edit tahun Selesai' is clicked on

03-01-2025T11:45:53 - [TEST_STEP][PASSED] - click(findTestObject("Master Data/Admin Sekolah/Tahun Ajaran/Edit Tahun Ajaran/Dropdown List Tahun Selesai"), OPTIONAL): Object: 'Object Repository/Master Data/Admin Sekolah/Tahun Ajaran/Edit Tahun Ajaran/Dropdown List Tahun Selesai' is clicked on

03-01-2025T11:45:53 - [MESSAGE][PASSED] - Object: 'Object Repository/Master Data/Admin Sekolah/Tahun Ajaran/Edit Tahun Ajaran/Dropdown List Tahun Selesai' is clicked on

03-01-2025T11:45:53 - [TEST_STEP][PASSED] - click(findTestObject("Master Data/Admin Sekolah/Tahun Ajaran/Edit Tahun Ajaran/Pilih List Tahun Selesai"), OPTIONAL): Object: 'Object Repository/Master Data/Admin Sekolah/Tahun Ajaran/Edit Tahun Ajaran/Pilih List Tahun Selesai' is clicked on

03-01-2025T11:45:54 - [MESSAGE][PASSED] - Object: 'Object Repository/Master Data/Admin Sekolah/Tahun Ajaran/Edit Tahun Ajaran/Pilih List Tahun Selesai' is clicked on

03-01-2025T11:45:54 - [TEST_STEP][PASSED] - click(findTestObject("Master Data/Admin Sekolah/Tahun Ajaran/Edit Tahun Ajaran/Pilih Tanggal Tahun Selesai"), OPTIONAL): Unable to click on object 'Object Repository/Master Data/Admin Sekolah/Tahun Ajaran/Edit Tahun Ajaran/Pilih Tanggal Tahun Selesai' (Root cause: com.kms.katalon.core.exception.StepFailedException: Unable to click on object 'Object Repository/Master Data/Admin Sekolah/Tahun Ajaran/Edit Tahun Ajaran/Pilih Tanggal Tahun Selesai'
	at com.kms.katalon.core.webui.keyword.internal.WebUIKeywordMain.stepFailed(WebUIKeywordMain.groovy:117)
	at com.kms.katalon.core.webui.keyword.internal.WebUIKeywordMain.runKeyword(WebUIKeywordMain.groovy:43)
	at com.kms.katalon.core.webui.keyword.builtin.ClickKeyword.click(ClickKeyword.groovy:75)
	at com.kms.katalon.core.webui.keyword.builtin.ClickKeyword.execute(ClickKeyword.groovy:40)
	at com.kms.katalon.core.keyword.internal.KeywordExecutor.executeKeywordForPlatform(KeywordExecutor.groovy:74)
	at com.kms.katalon.core.webui.keyword.WebUiBuiltInKeywords.click(WebUiBuiltInKeywords.groovy:684)
	at Edit Tahun Ajaran.run(Edit Tahun Ajaran:46)
	at com.kms.katalon.core.main.ScriptEngine.run(ScriptEngine.java:194)
	at com.kms.katalon.core.main.ScriptEngine.runScriptAsRawText(ScriptEngine.java:119)
	at com.kms.katalon.core.main.TestCaseExecutor.runScript(TestCaseExecutor.java:448)
	at com.kms.katalon.core.main.TestCaseExecutor.doExecute(TestCaseExecutor.java:439)
	at com.kms.katalon.core.main.TestCaseExecutor.processExecutionPhase(TestCaseExecutor.java:418)
	at com.kms.katalon.core.main.TestCaseExecutor.accessMainPhase(TestCaseExecutor.java:410)
	at com.kms.katalon.core.main.TestCaseExecutor.execute(TestCaseExecutor.java:285)
	at com.kms.katalon.core.main.TestCaseMain.runTestCase(TestCaseMain.java:133)
	at com.kms.katalon.core.keyword.builtin.CallTestCaseKeyword$_callTestCase_closure1.doCall(CallTestCaseKeyword.groovy:59)
	at com.kms.katalon.core.keyword.builtin.CallTestCaseKeyword$_callTestCase_closure1.call(CallTestCaseKeyword.groovy)
	at com.kms.katalon.core.keyword.internal.KeywordMain.runKeyword(KeywordMain.groovy:75)
	at com.kms.katalon.core.keyword.builtin.CallTestCaseKeyword.callTestCase(CallTestCaseKeyword.groovy:81)
	at com.kms.katalon.core.keyword.builtin.CallTestCaseKeyword.execute(CallTestCaseKeyword.groovy:44)
	at com.kms.katalon.core.keyword.internal.KeywordExecutor.executeKeywordForPlatform(KeywordExecutor.groovy:74)
	at com.kms.katalon.core.keyword.BuiltinKeywords.callTestCase(BuiltinKeywords.groovy:310)
	at jdk.internal.reflect.GeneratedMethodAccessor48.invoke(Unknown Source)
	at java.base/jdk.internal.reflect.DelegatingMethodAccessorImpl.invoke(DelegatingMethodAccessorImpl.java:43)
	at Regresi Tahun Ajaran.run(Regresi Tahun Ajaran:22)
	at com.kms.katalon.core.main.ScriptEngine.run(ScriptEngine.java:194)
	at com.kms.katalon.core.main.ScriptEngine.runScriptAsRawText(ScriptEngine.java:119)
	at com.kms.katalon.core.main.TestCaseExecutor.runScript(TestCaseExecutor.java:448)
	at com.kms.katalon.core.main.TestCaseExecutor.doExecute(TestCaseExecutor.java:439)
	at com.kms.katalon.core.main.TestCaseExecutor.processExecutionPhase(TestCaseExecutor.java:418)
	at com.kms.katalon.core.main.TestCaseExecutor.accessMainPhase(TestCaseExecutor.java:410)
	at com.kms.katalon.core.main.TestCaseExecutor.execute(TestCaseExecutor.java:285)
	at com.kms.katalon.core.common.CommonExecutor.accessTestCaseMainPhase(CommonExecutor.java:65)
	at com.kms.katalon.core.main.TestSuiteExecutor.accessTestSuiteMainPhase(TestSuiteExecutor.java:161)
	at com.kms.katalon.core.main.TestSuiteExecutor.execute(TestSuiteExecutor.java:107)
	at com.kms.katalon.core.main.TestCaseMain.startTestSuite(TestCaseMain.java:176)
	at TempTestSuite1735878642439.run(TempTestSuite1735878642439.groovy:35)
	at java.base/jdk.internal.reflect.NativeMethodAccessorImpl.invoke0(Native Method)
	at java.base/jdk.internal.reflect.NativeMethodAccessorImpl.invoke(NativeMethodAccessorImpl.java:77)
	at java.base/jdk.internal.reflect.DelegatingMethodAccessorImpl.invoke(DelegatingMethodAccessorImpl.java:43)
Caused by: org.openqa.selenium.ElementClickInterceptedException: element click intercepted: Element <p class="text-sm w-7 rounded-lg px-1 py-2 text-center font-bold leading-5 text-gray-...0">20</p> is not clickable at point (447, 280). Other element would receive the click: <div class="flex w-full flex-row items-center gap-[10px] px-3 py-2 text-gray-300" data-testid="option-2025" value="2025">...</div>
  (Session info: chrome=131.0.6778.205)
Build info: version: '4.22.0', revision: 'c5f3146703'
System info: os.name: 'Windows 11', os.arch: 'amd64', os.version: '10.0', java.version: '17.0.7'
Driver info: com.kms.katalon.selenium.driver.CChromeDriver
Command: [72acf684697dd183dd815a1e8e009051, clickElement {id=f.8B0C28D0FB56C62E2E301FF919F9C3EC.d.1F6A3262303BB0A0B343091AE3D1D9C7.e.74}]
Capabilities {acceptInsecureCerts: false, browserName: chrome, browserVersion: 131.0.6778.205, chrome: {chromedriverVersion: 130.0.6723.58 (3a50e012e4c9..., userDataDir: C:\Users\henri\AppData\Loca...}, fedcm:accounts: true, goog:chromeOptions: {debuggerAddress: localhost:64507}, networkConnectionEnabled: false, pageLoadStrategy: normal, platformName: windows, proxy: Proxy(), se:cdp: ws://localhost:64507/devtoo..., se:cdpVersion: 131.0.6778.205, setWindowRect: true, strictFileInteractability: false, timeouts: {implicit: 0, pageLoad: 300000, script: 30000}, unhandledPromptBehavior: ignore, webSocketUrl: ws://localhost:39109/sessio..., webauthn:extension:credBlob: true, webauthn:extension:largeBlob: true, webauthn:extension:minPinLength: true, webauthn:extension:prf: true, webauthn:virtualAuthenticators: true}
Element: [[CChromeDriver: chrome on windows (72acf684697dd183dd815a1e8e009051)] -> xpath: //*[@id="endDate"]//p[text()="20"]]
Session ID: 72acf684697dd183dd815a1e8e009051
	at jdk.internal.reflect.GeneratedConstructorAccessor53.newInstance(Unknown Source)
	at java.base/jdk.internal.reflect.DelegatingConstructorAccessorImpl.newInstance(DelegatingConstructorAccessorImpl.java:45)
	at org.openqa.selenium.remote.ErrorCodec.decode(ErrorCodec.java:167)
	at org.openqa.selenium.remote.codec.w3c.W3CHttpResponseCodec.decode(W3CHttpResponseCodec.java:138)
	at org.openqa.selenium.remote.codec.w3c.W3CHttpResponseCodec.decode(W3CHttpResponseCodec.java:50)
	at org.openqa.selenium.remote.HttpCommandExecutor.execute(HttpCommandExecutor.java:190)
	at org.openqa.selenium.remote.service.DriverCommandExecutor.invokeExecute(DriverCommandExecutor.java:216)
	at org.openqa.selenium.remote.service.DriverCommandExecutor.execute(DriverCommandExecutor.java:174)
	at org.openqa.selenium.remote.RemoteWebDriver.execute(RemoteWebDriver.java:518)
	at org.openqa.selenium.remote.RemoteWebElement.execute(RemoteWebElement.java:223)
	at org.openqa.selenium.remote.RemoteWebElement.click(RemoteWebElement.java:76)
	at jdk.internal.reflect.GeneratedMethodAccessor24.invoke(Unknown Source)
	at java.base/jdk.internal.reflect.DelegatingMethodAccessorImpl.invoke(DelegatingMethodAccessorImpl.java:43)
	at org.openqa.selenium.support.decorators.WebDriverDecorator.call(WebDriverDecorator.java:249)
	at org.openqa.selenium.support.decorators.DefaultDecorated.call(DefaultDecorated.java:48)
	at org.openqa.selenium.support.decorators.WebDriverDecorator.lambda$createProxy$2(WebDriverDecorator.java:321)
	at net.bytebuddy.renamed.java.lang.Object$ByteBuddy$ndYdLKjk.click(Unknown Source)
	at org.openqa.selenium.WebElement$click.call(Unknown Source)
	at com.kms.katalon.core.webui.keyword.builtin.ClickKeyword.clickUntilSuccessWithTimeout(ClickKeyword.groovy:82)
	at com.kms.katalon.core.webui.keyword.builtin.ClickKeyword.clickUntilSuccessWithTimeout(ClickKeyword.groovy)
	at jdk.internal.reflect.GeneratedMethodAccessor22.invoke(Unknown Source)
	at java.base/jdk.internal.reflect.DelegatingMethodAccessorImpl.invoke(DelegatingMethodAccessorImpl.java:43)
	at com.kms.katalon.core.webui.keyword.builtin.ClickKeyword$_click_closure1.doCall(ClickKeyword.groovy:68)
	at com.kms.katalon.core.webui.keyword.builtin.ClickKeyword$_click_closure1.call(ClickKeyword.groovy)
	at com.kms.katalon.core.webui.keyword.internal.WebUIKeywordMain.runKeyword(WebUIKeywordMain.groovy:35)
	at com.kms.katalon.core.webui.keyword.builtin.ClickKeyword.click(ClickKeyword.groovy:75)
	at com.kms.katalon.core.webui.keyword.builtin.ClickKeyword.execute(ClickKeyword.groovy:40)
	at com.kms.katalon.core.keyword.internal.KeywordExecutor.executeKeywordForPlatform(KeywordExecutor.groovy:74)
	at com.kms.katalon.core.webui.keyword.WebUiBuiltInKeywords.click(WebUiBuiltInKeywords.groovy:684)
	at Script1731560031119.run(Script1731560031119.groovy:46)
	at com.kms.katalon.core.main.ScriptEngine.run(ScriptEngine.java:194)
	at com.kms.katalon.core.main.ScriptEngine.runScriptAsRawText(ScriptEngine.java:119)
	at com.kms.katalon.core.main.TestCaseExecutor.runScript(TestCaseExecutor.java:448)
	at com.kms.katalon.core.main.TestCaseExecutor.doExecute(TestCaseExecutor.java:439)
	at com.kms.katalon.core.main.TestCaseExecutor.processExecutionPhase(TestCaseExecutor.java:418)
	at com.kms.katalon.core.main.TestCaseExecutor.accessMainPhase(TestCaseExecutor.java:410)
	at com.kms.katalon.core.main.TestCaseExecutor.execute(TestCaseExecutor.java:285)
	at com.kms.katalon.core.main.TestCaseMain.runTestCase(TestCaseMain.java:133)
	at com.kms.katalon.core.keyword.builtin.CallTestCaseKeyword$_callTestCase_closure1.doCall(CallTestCaseKeyword.groovy:59)
	at com.kms.katalon.core.keyword.builtin.CallTestCaseKeyword$_callTestCase_closure1.call(CallTestCaseKeyword.groovy)
	at com.kms.katalon.core.keyword.internal.KeywordMain.runKeyword(KeywordMain.groovy:75)
	at com.kms.katalon.core.keyword.builtin.CallTestCaseKeyword.callTestCase(CallTestCaseKeyword.groovy:81)
	at com.kms.katalon.core.keyword.builtin.CallTestCaseKeyword.execute(CallTestCaseKeyword.groovy:44)
	at com.kms.katalon.core.keyword.internal.KeywordExecutor.executeKeywordForPlatform(KeywordExecutor.groovy:74)
	at com.kms.katalon.core.keyword.BuiltinKeywords.callTestCase(BuiltinKeywords.groovy:310)
	at jdk.internal.reflect.GeneratedMethodAccessor48.invoke(Unknown Source)
	at java.base/jdk.internal.reflect.DelegatingMethodAccessorImpl.invoke(DelegatingMethodAccessorImpl.java:43)
	at Script1735746485307.run(Script1735746485307.groovy:22)
	... 15 more
)

03-01-2025T11:46:26 - [MESSAGE][WARNING] - Unable to click on object 'Object Repository/Master Data/Admin Sekolah/Tahun Ajaran/Edit Tahun Ajaran/Pilih Tanggal Tahun Selesai' (Root cause: com.kms.katalon.core.exception.StepFailedException: Unable to click on object 'Object Repository/Master Data/Admin Sekolah/Tahun Ajaran/Edit Tahun Ajaran/Pilih Tanggal Tahun Selesai'
	at com.kms.katalon.core.webui.keyword.internal.WebUIKeywordMain.stepFailed(WebUIKeywordMain.groovy:117)
	at com.kms.katalon.core.webui.keyword.internal.WebUIKeywordMain.runKeyword(WebUIKeywordMain.groovy:43)
	at com.kms.katalon.core.webui.keyword.builtin.ClickKeyword.click(ClickKeyword.groovy:75)
	at com.kms.katalon.core.webui.keyword.builtin.ClickKeyword.execute(ClickKeyword.groovy:40)
	at com.kms.katalon.core.keyword.internal.KeywordExecutor.executeKeywordForPlatform(KeywordExecutor.groovy:74)
	at com.kms.katalon.core.webui.keyword.WebUiBuiltInKeywords.click(WebUiBuiltInKeywords.groovy:684)
	at Edit Tahun Ajaran.run(Edit Tahun Ajaran:46)
	at com.kms.katalon.core.main.ScriptEngine.run(ScriptEngine.java:194)
	at com.kms.katalon.core.main.ScriptEngine.runScriptAsRawText(ScriptEngine.java:119)
	at com.kms.katalon.core.main.TestCaseExecutor.runScript(TestCaseExecutor.java:448)
	at com.kms.katalon.core.main.TestCaseExecutor.doExecute(TestCaseExecutor.java:439)
	at com.kms.katalon.core.main.TestCaseExecutor.processExecutionPhase(TestCaseExecutor.java:418)
	at com.kms.katalon.core.main.TestCaseExecutor.accessMainPhase(TestCaseExecutor.java:410)
	at com.kms.katalon.core.main.TestCaseExecutor.execute(TestCaseExecutor.java:285)
	at com.kms.katalon.core.main.TestCaseMain.runTestCase(TestCaseMain.java:133)
	at com.kms.katalon.core.keyword.builtin.CallTestCaseKeyword$_callTestCase_closure1.doCall(CallTestCaseKeyword.groovy:59)
	at com.kms.katalon.core.keyword.builtin.CallTestCaseKeyword$_callTestCase_closure1.call(CallTestCaseKeyword.groovy)
	at com.kms.katalon.core.keyword.internal.KeywordMain.runKeyword(KeywordMain.groovy:75)
	at com.kms.katalon.core.keyword.builtin.CallTestCaseKeyword.callTestCase(CallTestCaseKeyword.groovy:81)
	at com.kms.katalon.core.keyword.builtin.CallTestCaseKeyword.execute(CallTestCaseKeyword.groovy:44)
	at com.kms.katalon.core.keyword.internal.KeywordExecutor.executeKeywordForPlatform(KeywordExecutor.groovy:74)
	at com.kms.katalon.core.keyword.BuiltinKeywords.callTestCase(BuiltinKeywords.groovy:310)
	at jdk.internal.reflect.GeneratedMethodAccessor48.invoke(Unknown Source)
	at java.base/jdk.internal.reflect.DelegatingMethodAccessorImpl.invoke(DelegatingMethodAccessorImpl.java:43)
	at Regresi Tahun Ajaran.run(Regresi Tahun Ajaran:22)
	at com.kms.katalon.core.main.ScriptEngine.run(ScriptEngine.java:194)
	at com.kms.katalon.core.main.ScriptEngine.runScriptAsRawText(ScriptEngine.java:119)
	at com.kms.katalon.core.main.TestCaseExecutor.runScript(TestCaseExecutor.java:448)
	at com.kms.katalon.core.main.TestCaseExecutor.doExecute(TestCaseExecutor.java:439)
	at com.kms.katalon.core.main.TestCaseExecutor.processExecutionPhase(TestCaseExecutor.java:418)
	at com.kms.katalon.core.main.TestCaseExecutor.accessMainPhase(TestCaseExecutor.java:410)
	at com.kms.katalon.core.main.TestCaseExecutor.execute(TestCaseExecutor.java:285)
	at com.kms.katalon.core.common.CommonExecutor.accessTestCaseMainPhase(CommonExecutor.java:65)
	at com.kms.katalon.core.main.TestSuiteExecutor.accessTestSuiteMainPhase(TestSuiteExecutor.java:161)
	at com.kms.katalon.core.main.TestSuiteExecutor.execute(TestSuiteExecutor.java:107)
	at com.kms.katalon.core.main.TestCaseMain.startTestSuite(TestCaseMain.java:176)
	at TempTestSuite1735878642439.run(TempTestSuite1735878642439.groovy:35)
	at java.base/jdk.internal.reflect.NativeMethodAccessorImpl.invoke0(Native Method)
	at java.base/jdk.internal.reflect.NativeMethodAccessorImpl.invoke(NativeMethodAccessorImpl.java:77)
	at java.base/jdk.internal.reflect.DelegatingMethodAccessorImpl.invoke(DelegatingMethodAccessorImpl.java:43)
Caused by: org.openqa.selenium.ElementClickInterceptedException: element click intercepted: Element <p class="text-sm w-7 rounded-lg px-1 py-2 text-center font-bold leading-5 text-gray-...0">20</p> is not clickable at point (447, 280). Other element would receive the click: <div class="flex w-full flex-row items-center gap-[10px] px-3 py-2 text-gray-300" data-testid="option-2025" value="2025">...</div>
  (Session info: chrome=131.0.6778.205)
Build info: version: '4.22.0', revision: 'c5f3146703'
System info: os.name: 'Windows 11', os.arch: 'amd64', os.version: '10.0', java.version: '17.0.7'
Driver info: com.kms.katalon.selenium.driver.CChromeDriver
Command: [72acf684697dd183dd815a1e8e009051, clickElement {id=f.8B0C28D0FB56C62E2E301FF919F9C3EC.d.1F6A3262303BB0A0B343091AE3D1D9C7.e.74}]
Capabilities {acceptInsecureCerts: false, browserName: chrome, browserVersion: 131.0.6778.205, chrome: {chromedriverVersion: 130.0.6723.58 (3a50e012e4c9..., userDataDir: C:\Users\henri\AppData\Loca...}, fedcm:accounts: true, goog:chromeOptions: {debuggerAddress: localhost:64507}, networkConnectionEnabled: false, pageLoadStrategy: normal, platformName: windows, proxy: Proxy(), se:cdp: ws://localhost:64507/devtoo..., se:cdpVersion: 131.0.6778.205, setWindowRect: true, strictFileInteractability: false, timeouts: {implicit: 0, pageLoad: 300000, script: 30000}, unhandledPromptBehavior: ignore, webSocketUrl: ws://localhost:39109/sessio..., webauthn:extension:credBlob: true, webauthn:extension:largeBlob: true, webauthn:extension:minPinLength: true, webauthn:extension:prf: true, webauthn:virtualAuthenticators: true}
Element: [[CChromeDriver: chrome on windows (72acf684697dd183dd815a1e8e009051)] -> xpath: //*[@id="endDate"]//p[text()="20"]]
Session ID: 72acf684697dd183dd815a1e8e009051
	at jdk.internal.reflect.GeneratedConstructorAccessor53.newInstance(Unknown Source)
	at java.base/jdk.internal.reflect.DelegatingConstructorAccessorImpl.newInstance(DelegatingConstructorAccessorImpl.java:45)
	at org.openqa.selenium.remote.ErrorCodec.decode(ErrorCodec.java:167)
	at org.openqa.selenium.remote.codec.w3c.W3CHttpResponseCodec.decode(W3CHttpResponseCodec.java:138)
	at org.openqa.selenium.remote.codec.w3c.W3CHttpResponseCodec.decode(W3CHttpResponseCodec.java:50)
	at org.openqa.selenium.remote.HttpCommandExecutor.execute(HttpCommandExecutor.java:190)
	at org.openqa.selenium.remote.service.DriverCommandExecutor.invokeExecute(DriverCommandExecutor.java:216)
	at org.openqa.selenium.remote.service.DriverCommandExecutor.execute(DriverCommandExecutor.java:174)
	at org.openqa.selenium.remote.RemoteWebDriver.execute(RemoteWebDriver.java:518)
	at org.openqa.selenium.remote.RemoteWebElement.execute(RemoteWebElement.java:223)
	at org.openqa.selenium.remote.RemoteWebElement.click(RemoteWebElement.java:76)
	at jdk.internal.reflect.GeneratedMethodAccessor24.invoke(Unknown Source)
	at java.base/jdk.internal.reflect.DelegatingMethodAccessorImpl.invoke(DelegatingMethodAccessorImpl.java:43)
	at org.openqa.selenium.support.decorators.WebDriverDecorator.call(WebDriverDecorator.java:249)
	at org.openqa.selenium.support.decorators.DefaultDecorated.call(DefaultDecorated.java:48)
	at org.openqa.selenium.support.decorators.WebDriverDecorator.lambda$createProxy$2(WebDriverDecorator.java:321)
	at net.bytebuddy.renamed.java.lang.Object$ByteBuddy$ndYdLKjk.click(Unknown Source)
	at org.openqa.selenium.WebElement$click.call(Unknown Source)
	at com.kms.katalon.core.webui.keyword.builtin.ClickKeyword.clickUntilSuccessWithTimeout(ClickKeyword.groovy:82)
	at com.kms.katalon.core.webui.keyword.builtin.ClickKeyword.clickUntilSuccessWithTimeout(ClickKeyword.groovy)
	at jdk.internal.reflect.GeneratedMethodAccessor22.invoke(Unknown Source)
	at java.base/jdk.internal.reflect.DelegatingMethodAccessorImpl.invoke(DelegatingMethodAccessorImpl.java:43)
	at com.kms.katalon.core.webui.keyword.builtin.ClickKeyword$_click_closure1.doCall(ClickKeyword.groovy:68)
	at com.kms.katalon.core.webui.keyword.builtin.ClickKeyword$_click_closure1.call(ClickKeyword.groovy)
	at com.kms.katalon.core.webui.keyword.internal.WebUIKeywordMain.runKeyword(WebUIKeywordMain.groovy:35)
	at com.kms.katalon.core.webui.keyword.builtin.ClickKeyword.click(ClickKeyword.groovy:75)
	at com.kms.katalon.core.webui.keyword.builtin.ClickKeyword.execute(ClickKeyword.groovy:40)
	at com.kms.katalon.core.keyword.internal.KeywordExecutor.executeKeywordForPlatform(KeywordExecutor.groovy:74)
	at com.kms.katalon.core.webui.keyword.WebUiBuiltInKeywords.click(WebUiBuiltInKeywords.groovy:684)
	at Script1731560031119.run(Script1731560031119.groovy:46)
	at com.kms.katalon.core.main.ScriptEngine.run(ScriptEngine.java:194)
	at com.kms.katalon.core.main.ScriptEngine.runScriptAsRawText(ScriptEngine.java:119)
	at com.kms.katalon.core.main.TestCaseExecutor.runScript(TestCaseExecutor.java:448)
	at com.kms.katalon.core.main.TestCaseExecutor.doExecute(TestCaseExecutor.java:439)
	at com.kms.katalon.core.main.TestCaseExecutor.processExecutionPhase(TestCaseExecutor.java:418)
	at com.kms.katalon.core.main.TestCaseExecutor.accessMainPhase(TestCaseExecutor.java:410)
	at com.kms.katalon.core.main.TestCaseExecutor.execute(TestCaseExecutor.java:285)
	at com.kms.katalon.core.main.TestCaseMain.runTestCase(TestCaseMain.java:133)
	at com.kms.katalon.core.keyword.builtin.CallTestCaseKeyword$_callTestCase_closure1.doCall(CallTestCaseKeyword.groovy:59)
	at com.kms.katalon.core.keyword.builtin.CallTestCaseKeyword$_callTestCase_closure1.call(CallTestCaseKeyword.groovy)
	at com.kms.katalon.core.keyword.internal.KeywordMain.runKeyword(KeywordMain.groovy:75)
	at com.kms.katalon.core.keyword.builtin.CallTestCaseKeyword.callTestCase(CallTestCaseKeyword.groovy:81)
	at com.kms.katalon.core.keyword.builtin.CallTestCaseKeyword.execute(CallTestCaseKeyword.groovy:44)
	at com.kms.katalon.core.keyword.internal.KeywordExecutor.executeKeywordForPlatform(KeywordExecutor.groovy:74)
	at com.kms.katalon.core.keyword.BuiltinKeywords.callTestCase(BuiltinKeywords.groovy:310)
	at jdk.internal.reflect.GeneratedMethodAccessor48.invoke(Unknown Source)
	at java.base/jdk.internal.reflect.DelegatingMethodAccessorImpl.invoke(DelegatingMethodAccessorImpl.java:43)
	at Script1735746485307.run(Script1735746485307.groovy:22)
	... 15 more
)
[[ATTACHMENT|C:\\Users\\henri\\Videos\\school-payment-automation-testing\\Reports\\20250103_113042\\SPRINT 1\\20250103_113042\\1735879586507.png]]

03-01-2025T11:46:26 - [TEST_STEP][PASSED] - click(findTestObject("Master Data/Admin Sekolah/Tahun Ajaran/Button Submit Tahun Ajaran"), OPTIONAL): Object: 'Object Repository/Master Data/Admin Sekolah/Tahun Ajaran/Button Submit Tahun Ajaran' is clicked on

03-01-2025T11:46:26 - [MESSAGE][PASSED] - Object: 'Object Repository/Master Data/Admin Sekolah/Tahun Ajaran/Button Submit Tahun Ajaran' is clicked on

03-01-2025T11:46:26 - [MESSAGE][PASSED] - Call Test Case 'Test Cases/Master Data/Admin Sekolah/Master Data Tahun Ajaran/Edit Tahun Ajaran' successfully

03-01-2025T11:46:26 - [TEST_STEP][PASSED] - callTestCase(findTestCase("Test Cases/Master Data/Admin Sekolah/Master Data Tahun Ajaran/Tambah Tahun Ajaran"), [:], OPTIONAL): Call Test Case 'Test Cases/Master Data/Admin Sekolah/Master Data Tahun Ajaran/Tambah Tahun Ajaran' successfully

03-01-2025T11:46:27 - [TEST_CASE][PASSED] - Test Cases/Master Data/Admin Sekolah/Master Data Tahun Ajaran/Tambah Tahun Ajaran: Test Cases/Master Data/Admin Sekolah/Master Data Tahun Ajaran/Tambah Tahun Ajaran

03-01-2025T11:46:27 - [TEST_STEP][PASSED] - openBrowser("", OPTIONAL): Browser is opened with url: ''

03-01-2025T11:46:27 - [MESSAGE][WARNING] - A browser is already opened. Closing browser and opening a new one

03-01-2025T11:46:27 - [MESSAGE][INFO] - Starting 'Chrome' driver

03-01-2025T11:46:27 - [MESSAGE][INFO] - Action delay is set to 0 milliseconds

03-01-2025T11:46:28 - [MESSAGE][PASSED] - Browser is opened with url: ''

03-01-2025T11:46:28 - [TEST_STEP][PASSED] - navigateToUrl("https://sit.siprusedu.com/login", OPTIONAL): Navigate to 'https://sit.siprusedu.com/login' successfully

03-01-2025T11:47:06 - [MESSAGE][PASSED] - Navigate to 'https://sit.siprusedu.com/login' successfully

03-01-2025T11:47:06 - [TEST_STEP][PASSED] - setText(findTestObject("Master Data/Admin Sekolah/Login/Field Email"), "admin.gudangsolusi@digiform.co.id", OPTIONAL): Text 'admin.gudangsolusi@digiform.co.id' is set on object 'Object Repository/Master Data/Admin Sekolah/Login/Field Email'

03-01-2025T11:47:07 - [MESSAGE][PASSED] - Text 'admin.gudangsolusi@digiform.co.id' is set on object 'Object Repository/Master Data/Admin Sekolah/Login/Field Email'

03-01-2025T11:47:07 - [TEST_STEP][PASSED] - setText(findTestObject("Master Data/Admin Sekolah/Login/Input Password"), "Test1234", OPTIONAL): Text 'Test1234' is set on object 'Object Repository/Master Data/Admin Sekolah/Login/Input Password'

03-01-2025T11:47:08 - [MESSAGE][PASSED] - Text 'Test1234' is set on object 'Object Repository/Master Data/Admin Sekolah/Login/Input Password'

03-01-2025T11:47:08 - [TEST_STEP][PASSED] - click(findTestObject("Master Data/Admin Sekolah/Login/Button Submit"), OPTIONAL): Object: 'Object Repository/Master Data/Admin Sekolah/Login/Button Submit' is clicked on

03-01-2025T11:47:08 - [MESSAGE][PASSED] - Object: 'Object Repository/Master Data/Admin Sekolah/Login/Button Submit' is clicked on

03-01-2025T11:47:08 - [TEST_STEP][PASSED] - click(findTestObject("Master Data/Admin Sekolah/Master Data Menu"), OPTIONAL): Object: 'Object Repository/Master Data/Admin Sekolah/Master Data Menu' is clicked on

03-01-2025T11:47:10 - [MESSAGE][PASSED] - Object: 'Object Repository/Master Data/Admin Sekolah/Master Data Menu' is clicked on

03-01-2025T11:47:10 - [TEST_STEP][PASSED] - click(findTestObject("Master Data/Admin Sekolah/Tahun Ajaran/Menu Tahun Ajaran"), OPTIONAL): Object: 'Object Repository/Master Data/Admin Sekolah/Tahun Ajaran/Menu Tahun Ajaran' is clicked on

03-01-2025T11:47:11 - [MESSAGE][PASSED] - Object: 'Object Repository/Master Data/Admin Sekolah/Tahun Ajaran/Menu Tahun Ajaran' is clicked on

03-01-2025T11:47:11 - [TEST_STEP][PASSED] - click(findTestObject("Master Data/Admin Sekolah/Tahun Ajaran/Button Tambah"), OPTIONAL): Object: 'Object Repository/Master Data/Admin Sekolah/Tahun Ajaran/Button Tambah' is clicked on

03-01-2025T11:47:11 - [MESSAGE][PASSED] - Object: 'Object Repository/Master Data/Admin Sekolah/Tahun Ajaran/Button Tambah' is clicked on

03-01-2025T11:47:11 - [TEST_STEP][PASSED] - click(findTestObject("Master Data/Admin Sekolah/Tahun Ajaran/Tahun Mulai/Dropdown Tahun Mulai"), OPTIONAL): Object: 'Object Repository/Master Data/Admin Sekolah/Tahun Ajaran/Tahun Mulai/Dropdown Tahun Mulai' is clicked on

03-01-2025T11:47:12 - [MESSAGE][PASSED] - Object: 'Object Repository/Master Data/Admin Sekolah/Tahun Ajaran/Tahun Mulai/Dropdown Tahun Mulai' is clicked on

03-01-2025T11:47:12 - [TEST_STEP][PASSED] - dynamicXPath = createDynamicXPath("10"): null

03-01-2025T11:47:12 - [TEST_STEP][PASSED] - return ((//div[@class='mt-2 grid grid-cols-7']//p[text()=' + date) + ' and contains(@class, 'cursor-pointer')]): null

03-01-2025T11:47:12 - [TEST_STEP][PASSED] - dynamicTestObject = TestObject().addProperty("xpath", EQUALS, dynamicXPath): null

03-01-2025T11:47:12 - [TEST_STEP][PASSED] - click(dynamicTestObject, OPTIONAL): Object: '' is clicked on

03-01-2025T11:47:13 - [MESSAGE][PASSED] - Object: '' is clicked on

03-01-2025T11:47:13 - [TEST_STEP][PASSED] - click(findTestObject("Master Data/Admin Sekolah/Tahun Ajaran/Button Submit Tahun Ajaran"), OPTIONAL): Object: 'Object Repository/Master Data/Admin Sekolah/Tahun Ajaran/Button Submit Tahun Ajaran' is clicked on

03-01-2025T11:47:13 - [MESSAGE][PASSED] - Object: 'Object Repository/Master Data/Admin Sekolah/Tahun Ajaran/Button Submit Tahun Ajaran' is clicked on

03-01-2025T11:47:13 - [TEST_STEP][PASSED] - closeBrowser(OPTIONAL): Browser is closed

03-01-2025T11:47:13 - [MESSAGE][PASSED] - Browser is closed

03-01-2025T11:47:13 - [MESSAGE][PASSED] - Call Test Case 'Test Cases/Master Data/Admin Sekolah/Master Data Tahun Ajaran/Tambah Tahun Ajaran' successfully

03-01-2025T11:47:13 - [TEST_STEP][PASSED] - println("============================= Loop Again ==============================="): null

03-01-2025T11:47:13 - [TEST_STEP][PASSED] - callTestCase(findTestCase("Test Cases/Master Data/Admin Sekolah/Master Data Tahun Ajaran/Edit Tahun Ajaran"), [:], OPTIONAL): Call Test Case 'Test Cases/Master Data/Admin Sekolah/Master Data Tahun Ajaran/Edit Tahun Ajaran' successfully

03-01-2025T11:47:13 - [TEST_CASE][PASSED] - Test Cases/Master Data/Admin Sekolah/Master Data Tahun Ajaran/Edit Tahun Ajaran: Test Cases/Master Data/Admin Sekolah/Master Data Tahun Ajaran/Edit Tahun Ajaran

03-01-2025T11:47:13 - [TEST_STEP][PASSED] - openBrowser("", OPTIONAL): Browser is opened with url: ''

03-01-2025T11:47:13 - [MESSAGE][INFO] - Starting 'Chrome' driver

03-01-2025T11:47:13 - [MESSAGE][INFO] - Action delay is set to 0 milliseconds

03-01-2025T11:47:14 - [MESSAGE][PASSED] - Browser is opened with url: ''

03-01-2025T11:47:14 - [TEST_STEP][PASSED] - navigateToUrl("https://sit.siprusedu.com/login", OPTIONAL): Navigate to 'https://sit.siprusedu.com/login' successfully

03-01-2025T11:47:14 - [MESSAGE][PASSED] - Navigate to 'https://sit.siprusedu.com/login' successfully

03-01-2025T11:47:14 - [TEST_STEP][PASSED] - click(findTestObject("Master Data/Admin Sekolah/Login/Field Email"), OPTIONAL): Object: 'Object Repository/Master Data/Admin Sekolah/Login/Field Email' is clicked on

03-01-2025T11:47:16 - [MESSAGE][PASSED] - Object: 'Object Repository/Master Data/Admin Sekolah/Login/Field Email' is clicked on

03-01-2025T11:47:16 - [TEST_STEP][PASSED] - setText(findTestObject("Master Data/Admin Sekolah/Login/Field Email"), "admin.gudangsolusi@digiform.co.id", OPTIONAL): Text 'admin.gudangsolusi@digiform.co.id' is set on object 'Object Repository/Master Data/Admin Sekolah/Login/Field Email'

03-01-2025T11:47:17 - [MESSAGE][PASSED] - Text 'admin.gudangsolusi@digiform.co.id' is set on object 'Object Repository/Master Data/Admin Sekolah/Login/Field Email'

03-01-2025T11:47:17 - [TEST_STEP][PASSED] - click(findTestObject("Master Data/Admin Sekolah/Login/Input Password"), OPTIONAL): Object: 'Object Repository/Master Data/Admin Sekolah/Login/Input Password' is clicked on

03-01-2025T11:47:17 - [MESSAGE][PASSED] - Object: 'Object Repository/Master Data/Admin Sekolah/Login/Input Password' is clicked on

03-01-2025T11:47:17 - [TEST_STEP][PASSED] - setText(findTestObject("Master Data/Admin Sekolah/Login/Input Password"), "Test1234", OPTIONAL): Text 'Test1234' is set on object 'Object Repository/Master Data/Admin Sekolah/Login/Input Password'

03-01-2025T11:47:17 - [MESSAGE][PASSED] - Text 'Test1234' is set on object 'Object Repository/Master Data/Admin Sekolah/Login/Input Password'

03-01-2025T11:47:17 - [TEST_STEP][PASSED] - click(findTestObject("Master Data/Admin Sekolah/Login/Button Submit"), OPTIONAL): Object: 'Object Repository/Master Data/Admin Sekolah/Login/Button Submit' is clicked on

03-01-2025T11:47:18 - [MESSAGE][PASSED] - Object: 'Object Repository/Master Data/Admin Sekolah/Login/Button Submit' is clicked on

03-01-2025T11:47:18 - [TEST_STEP][PASSED] - click(findTestObject("Master Data/Admin Sekolah/Master Data Menu"), OPTIONAL): Object: 'Object Repository/Master Data/Admin Sekolah/Master Data Menu' is clicked on

03-01-2025T11:47:19 - [MESSAGE][PASSED] - Object: 'Object Repository/Master Data/Admin Sekolah/Master Data Menu' is clicked on

03-01-2025T11:47:19 - [TEST_STEP][PASSED] - click(findTestObject("Master Data/Admin Sekolah/Tahun Ajaran/Menu Tahun Ajaran"), OPTIONAL): Object: 'Object Repository/Master Data/Admin Sekolah/Tahun Ajaran/Menu Tahun Ajaran' is clicked on

03-01-2025T11:47:20 - [MESSAGE][PASSED] - Object: 'Object Repository/Master Data/Admin Sekolah/Tahun Ajaran/Menu Tahun Ajaran' is clicked on

03-01-2025T11:47:20 - [TEST_STEP][PASSED] - click(findTestObject("Master Data/Admin Sekolah/Tahun Ajaran/Edit Tahun Ajaran/Icon Edit"), OPTIONAL): Object: 'Object Repository/Master Data/Admin Sekolah/Tahun Ajaran/Edit Tahun Ajaran/Icon Edit' is clicked on

03-01-2025T11:47:21 - [MESSAGE][PASSED] - Object: 'Object Repository/Master Data/Admin Sekolah/Tahun Ajaran/Edit Tahun Ajaran/Icon Edit' is clicked on

03-01-2025T11:47:21 - [TEST_STEP][PASSED] - click(findTestObject("Master Data/Admin Sekolah/Tahun Ajaran/Edit Tahun Ajaran/Dropdown Edit tahun Selesai"), OPTIONAL): Object: 'Object Repository/Master Data/Admin Sekolah/Tahun Ajaran/Edit Tahun Ajaran/Dropdown Edit tahun Selesai' is clicked on

03-01-2025T11:47:22 - [MESSAGE][PASSED] - Object: 'Object Repository/Master Data/Admin Sekolah/Tahun Ajaran/Edit Tahun Ajaran/Dropdown Edit tahun Selesai' is clicked on

03-01-2025T11:47:22 - [TEST_STEP][PASSED] - click(findTestObject("Master Data/Admin Sekolah/Tahun Ajaran/Edit Tahun Ajaran/Dropdown List Tahun Selesai"), OPTIONAL): Object: 'Object Repository/Master Data/Admin Sekolah/Tahun Ajaran/Edit Tahun Ajaran/Dropdown List Tahun Selesai' is clicked on

03-01-2025T11:47:22 - [MESSAGE][PASSED] - Object: 'Object Repository/Master Data/Admin Sekolah/Tahun Ajaran/Edit Tahun Ajaran/Dropdown List Tahun Selesai' is clicked on

03-01-2025T11:47:22 - [TEST_STEP][PASSED] - click(findTestObject("Master Data/Admin Sekolah/Tahun Ajaran/Edit Tahun Ajaran/Pilih List Tahun Selesai"), OPTIONAL): Object: 'Object Repository/Master Data/Admin Sekolah/Tahun Ajaran/Edit Tahun Ajaran/Pilih List Tahun Selesai' is clicked on

03-01-2025T11:47:23 - [MESSAGE][PASSED] - Object: 'Object Repository/Master Data/Admin Sekolah/Tahun Ajaran/Edit Tahun Ajaran/Pilih List Tahun Selesai' is clicked on

03-01-2025T11:47:23 - [TEST_STEP][PASSED] - click(findTestObject("Master Data/Admin Sekolah/Tahun Ajaran/Edit Tahun Ajaran/Pilih Tanggal Tahun Selesai"), OPTIONAL): Object: 'Object Repository/Master Data/Admin Sekolah/Tahun Ajaran/Edit Tahun Ajaran/Pilih Tanggal Tahun Selesai' is clicked on

03-01-2025T11:47:23 - [MESSAGE][PASSED] - Object: 'Object Repository/Master Data/Admin Sekolah/Tahun Ajaran/Edit Tahun Ajaran/Pilih Tanggal Tahun Selesai' is clicked on

03-01-2025T11:47:23 - [TEST_STEP][PASSED] - click(findTestObject("Master Data/Admin Sekolah/Tahun Ajaran/Button Submit Tahun Ajaran"), OPTIONAL): Object: 'Object Repository/Master Data/Admin Sekolah/Tahun Ajaran/Button Submit Tahun Ajaran' is clicked on

03-01-2025T11:47:24 - [MESSAGE][PASSED] - Object: 'Object Repository/Master Data/Admin Sekolah/Tahun Ajaran/Button Submit Tahun Ajaran' is clicked on

03-01-2025T11:47:24 - [MESSAGE][PASSED] - Call Test Case 'Test Cases/Master Data/Admin Sekolah/Master Data Tahun Ajaran/Edit Tahun Ajaran' successfully

03-01-2025T11:47:24 - [TEST_STEP][PASSED] - callTestCase(findTestCase("Test Cases/Master Data/Admin Sekolah/Master Data Tahun Ajaran/Tambah Tahun Ajaran"), [:], OPTIONAL): Call Test Case 'Test Cases/Master Data/Admin Sekolah/Master Data Tahun Ajaran/Tambah Tahun Ajaran' successfully

03-01-2025T11:47:24 - [TEST_CASE][PASSED] - Test Cases/Master Data/Admin Sekolah/Master Data Tahun Ajaran/Tambah Tahun Ajaran: Test Cases/Master Data/Admin Sekolah/Master Data Tahun Ajaran/Tambah Tahun Ajaran

03-01-2025T11:47:24 - [TEST_STEP][PASSED] - openBrowser("", OPTIONAL): Browser is opened with url: ''

03-01-2025T11:47:24 - [MESSAGE][WARNING] - A browser is already opened. Closing browser and opening a new one

03-01-2025T11:47:24 - [MESSAGE][INFO] - Starting 'Chrome' driver

03-01-2025T11:47:24 - [MESSAGE][INFO] - Action delay is set to 0 milliseconds

03-01-2025T11:47:25 - [MESSAGE][PASSED] - Browser is opened with url: ''

03-01-2025T11:47:25 - [TEST_STEP][PASSED] - navigateToUrl("https://sit.siprusedu.com/login", OPTIONAL): Navigate to 'https://sit.siprusedu.com/login' successfully

03-01-2025T11:47:44 - [MESSAGE][PASSED] - Navigate to 'https://sit.siprusedu.com/login' successfully

03-01-2025T11:47:44 - [TEST_STEP][PASSED] - setText(findTestObject("Master Data/Admin Sekolah/Login/Field Email"), "admin.gudangsolusi@digiform.co.id", OPTIONAL): Text 'admin.gudangsolusi@digiform.co.id' is set on object 'Object Repository/Master Data/Admin Sekolah/Login/Field Email'

03-01-2025T11:47:45 - [MESSAGE][PASSED] - Text 'admin.gudangsolusi@digiform.co.id' is set on object 'Object Repository/Master Data/Admin Sekolah/Login/Field Email'

03-01-2025T11:47:45 - [TEST_STEP][PASSED] - setText(findTestObject("Master Data/Admin Sekolah/Login/Input Password"), "Test1234", OPTIONAL): Text 'Test1234' is set on object 'Object Repository/Master Data/Admin Sekolah/Login/Input Password'

03-01-2025T11:47:46 - [MESSAGE][PASSED] - Text 'Test1234' is set on object 'Object Repository/Master Data/Admin Sekolah/Login/Input Password'

03-01-2025T11:47:46 - [TEST_STEP][PASSED] - click(findTestObject("Master Data/Admin Sekolah/Login/Button Submit"), OPTIONAL): Object: 'Object Repository/Master Data/Admin Sekolah/Login/Button Submit' is clicked on

03-01-2025T11:47:46 - [MESSAGE][PASSED] - Object: 'Object Repository/Master Data/Admin Sekolah/Login/Button Submit' is clicked on

03-01-2025T11:47:46 - [TEST_STEP][PASSED] - click(findTestObject("Master Data/Admin Sekolah/Master Data Menu"), OPTIONAL): Object: 'Object Repository/Master Data/Admin Sekolah/Master Data Menu' is clicked on

03-01-2025T11:47:48 - [MESSAGE][PASSED] - Object: 'Object Repository/Master Data/Admin Sekolah/Master Data Menu' is clicked on

03-01-2025T11:47:48 - [TEST_STEP][PASSED] - click(findTestObject("Master Data/Admin Sekolah/Tahun Ajaran/Menu Tahun Ajaran"), OPTIONAL): Object: 'Object Repository/Master Data/Admin Sekolah/Tahun Ajaran/Menu Tahun Ajaran' is clicked on

03-01-2025T11:47:48 - [MESSAGE][PASSED] - Object: 'Object Repository/Master Data/Admin Sekolah/Tahun Ajaran/Menu Tahun Ajaran' is clicked on

03-01-2025T11:47:48 - [TEST_STEP][PASSED] - click(findTestObject("Master Data/Admin Sekolah/Tahun Ajaran/Button Tambah"), OPTIONAL): Object: 'Object Repository/Master Data/Admin Sekolah/Tahun Ajaran/Button Tambah' is clicked on

03-01-2025T11:47:49 - [MESSAGE][PASSED] - Object: 'Object Repository/Master Data/Admin Sekolah/Tahun Ajaran/Button Tambah' is clicked on

03-01-2025T11:47:49 - [TEST_STEP][PASSED] - click(findTestObject("Master Data/Admin Sekolah/Tahun Ajaran/Tahun Mulai/Dropdown Tahun Mulai"), OPTIONAL): Object: 'Object Repository/Master Data/Admin Sekolah/Tahun Ajaran/Tahun Mulai/Dropdown Tahun Mulai' is clicked on

03-01-2025T11:47:50 - [MESSAGE][PASSED] - Object: 'Object Repository/Master Data/Admin Sekolah/Tahun Ajaran/Tahun Mulai/Dropdown Tahun Mulai' is clicked on

03-01-2025T11:47:50 - [TEST_STEP][PASSED] - dynamicXPath = createDynamicXPath("10"): null

03-01-2025T11:47:50 - [TEST_STEP][PASSED] - return ((//div[@class='mt-2 grid grid-cols-7']//p[text()=' + date) + ' and contains(@class, 'cursor-pointer')]): null

03-01-2025T11:47:50 - [TEST_STEP][PASSED] - dynamicTestObject = TestObject().addProperty("xpath", EQUALS, dynamicXPath): null

03-01-2025T11:47:50 - [TEST_STEP][PASSED] - click(dynamicTestObject, OPTIONAL): Object: '' is clicked on

03-01-2025T11:47:51 - [MESSAGE][PASSED] - Object: '' is clicked on

03-01-2025T11:47:51 - [TEST_STEP][PASSED] - click(findTestObject("Master Data/Admin Sekolah/Tahun Ajaran/Button Submit Tahun Ajaran"), OPTIONAL): Object: 'Object Repository/Master Data/Admin Sekolah/Tahun Ajaran/Button Submit Tahun Ajaran' is clicked on

03-01-2025T11:47:51 - [MESSAGE][PASSED] - Object: 'Object Repository/Master Data/Admin Sekolah/Tahun Ajaran/Button Submit Tahun Ajaran' is clicked on

03-01-2025T11:47:51 - [TEST_STEP][PASSED] - closeBrowser(OPTIONAL): Browser is closed

03-01-2025T11:47:51 - [MESSAGE][PASSED] - Browser is closed

03-01-2025T11:47:51 - [MESSAGE][PASSED] - Call Test Case 'Test Cases/Master Data/Admin Sekolah/Master Data Tahun Ajaran/Tambah Tahun Ajaran' successfully

03-01-2025T11:47:51 - [TEST_STEP][PASSED] - println("============================= Loop Again ==============================="): null

03-01-2025T11:47:51 - [TEST_STEP][PASSED] - callTestCase(findTestCase("Test Cases/Master Data/Admin Sekolah/Master Data Tahun Ajaran/Edit Tahun Ajaran"), [:], OPTIONAL): Call Test Case 'Test Cases/Master Data/Admin Sekolah/Master Data Tahun Ajaran/Edit Tahun Ajaran' successfully

03-01-2025T11:47:51 - [TEST_CASE][PASSED] - Test Cases/Master Data/Admin Sekolah/Master Data Tahun Ajaran/Edit Tahun Ajaran: Test Cases/Master Data/Admin Sekolah/Master Data Tahun Ajaran/Edit Tahun Ajaran

03-01-2025T11:47:51 - [TEST_STEP][PASSED] - openBrowser("", OPTIONAL): Browser is opened with url: ''

03-01-2025T11:47:51 - [MESSAGE][INFO] - Starting 'Chrome' driver

03-01-2025T11:47:51 - [MESSAGE][INFO] - Action delay is set to 0 milliseconds

03-01-2025T11:47:52 - [MESSAGE][PASSED] - Browser is opened with url: ''

03-01-2025T11:47:52 - [TEST_STEP][PASSED] - navigateToUrl("https://sit.siprusedu.com/login", OPTIONAL): Navigate to 'https://sit.siprusedu.com/login' successfully

03-01-2025T11:47:52 - [MESSAGE][PASSED] - Navigate to 'https://sit.siprusedu.com/login' successfully

03-01-2025T11:47:52 - [TEST_STEP][PASSED] - click(findTestObject("Master Data/Admin Sekolah/Login/Field Email"), OPTIONAL): Object: 'Object Repository/Master Data/Admin Sekolah/Login/Field Email' is clicked on

03-01-2025T11:47:54 - [MESSAGE][PASSED] - Object: 'Object Repository/Master Data/Admin Sekolah/Login/Field Email' is clicked on

03-01-2025T11:47:54 - [TEST_STEP][PASSED] - setText(findTestObject("Master Data/Admin Sekolah/Login/Field Email"), "admin.gudangsolusi@digiform.co.id", OPTIONAL): Text 'admin.gudangsolusi@digiform.co.id' is set on object 'Object Repository/Master Data/Admin Sekolah/Login/Field Email'

03-01-2025T11:47:55 - [MESSAGE][PASSED] - Text 'admin.gudangsolusi@digiform.co.id' is set on object 'Object Repository/Master Data/Admin Sekolah/Login/Field Email'

03-01-2025T11:47:55 - [TEST_STEP][PASSED] - click(findTestObject("Master Data/Admin Sekolah/Login/Input Password"), OPTIONAL): Object: 'Object Repository/Master Data/Admin Sekolah/Login/Input Password' is clicked on

03-01-2025T11:47:55 - [MESSAGE][PASSED] - Object: 'Object Repository/Master Data/Admin Sekolah/Login/Input Password' is clicked on

03-01-2025T11:47:55 - [TEST_STEP][PASSED] - setText(findTestObject("Master Data/Admin Sekolah/Login/Input Password"), "Test1234", OPTIONAL): Text 'Test1234' is set on object 'Object Repository/Master Data/Admin Sekolah/Login/Input Password'

03-01-2025T11:47:55 - [MESSAGE][PASSED] - Text 'Test1234' is set on object 'Object Repository/Master Data/Admin Sekolah/Login/Input Password'

03-01-2025T11:47:55 - [TEST_STEP][PASSED] - click(findTestObject("Master Data/Admin Sekolah/Login/Button Submit"), OPTIONAL): Object: 'Object Repository/Master Data/Admin Sekolah/Login/Button Submit' is clicked on

03-01-2025T11:47:56 - [MESSAGE][PASSED] - Object: 'Object Repository/Master Data/Admin Sekolah/Login/Button Submit' is clicked on

03-01-2025T11:47:56 - [TEST_STEP][PASSED] - click(findTestObject("Master Data/Admin Sekolah/Master Data Menu"), OPTIONAL): Object: 'Object Repository/Master Data/Admin Sekolah/Master Data Menu' is clicked on

03-01-2025T11:47:57 - [MESSAGE][PASSED] - Object: 'Object Repository/Master Data/Admin Sekolah/Master Data Menu' is clicked on

03-01-2025T11:47:57 - [TEST_STEP][PASSED] - click(findTestObject("Master Data/Admin Sekolah/Tahun Ajaran/Menu Tahun Ajaran"), OPTIONAL): Object: 'Object Repository/Master Data/Admin Sekolah/Tahun Ajaran/Menu Tahun Ajaran' is clicked on

03-01-2025T11:47:58 - [MESSAGE][PASSED] - Object: 'Object Repository/Master Data/Admin Sekolah/Tahun Ajaran/Menu Tahun Ajaran' is clicked on

03-01-2025T11:47:58 - [TEST_STEP][PASSED] - click(findTestObject("Master Data/Admin Sekolah/Tahun Ajaran/Edit Tahun Ajaran/Icon Edit"), OPTIONAL): Object: 'Object Repository/Master Data/Admin Sekolah/Tahun Ajaran/Edit Tahun Ajaran/Icon Edit' is clicked on

03-01-2025T11:47:59 - [MESSAGE][PASSED] - Object: 'Object Repository/Master Data/Admin Sekolah/Tahun Ajaran/Edit Tahun Ajaran/Icon Edit' is clicked on

03-01-2025T11:47:59 - [TEST_STEP][PASSED] - click(findTestObject("Master Data/Admin Sekolah/Tahun Ajaran/Edit Tahun Ajaran/Dropdown Edit tahun Selesai"), OPTIONAL): Object: 'Object Repository/Master Data/Admin Sekolah/Tahun Ajaran/Edit Tahun Ajaran/Dropdown Edit tahun Selesai' is clicked on

03-01-2025T11:48:00 - [MESSAGE][PASSED] - Object: 'Object Repository/Master Data/Admin Sekolah/Tahun Ajaran/Edit Tahun Ajaran/Dropdown Edit tahun Selesai' is clicked on

03-01-2025T11:48:00 - [TEST_STEP][PASSED] - click(findTestObject("Master Data/Admin Sekolah/Tahun Ajaran/Edit Tahun Ajaran/Dropdown List Tahun Selesai"), OPTIONAL): Object: 'Object Repository/Master Data/Admin Sekolah/Tahun Ajaran/Edit Tahun Ajaran/Dropdown List Tahun Selesai' is clicked on

03-01-2025T11:48:00 - [MESSAGE][PASSED] - Object: 'Object Repository/Master Data/Admin Sekolah/Tahun Ajaran/Edit Tahun Ajaran/Dropdown List Tahun Selesai' is clicked on

03-01-2025T11:48:00 - [TEST_STEP][PASSED] - click(findTestObject("Master Data/Admin Sekolah/Tahun Ajaran/Edit Tahun Ajaran/Pilih List Tahun Selesai"), OPTIONAL): Object: 'Object Repository/Master Data/Admin Sekolah/Tahun Ajaran/Edit Tahun Ajaran/Pilih List Tahun Selesai' is clicked on

03-01-2025T11:48:01 - [MESSAGE][PASSED] - Object: 'Object Repository/Master Data/Admin Sekolah/Tahun Ajaran/Edit Tahun Ajaran/Pilih List Tahun Selesai' is clicked on

03-01-2025T11:48:01 - [TEST_STEP][PASSED] - click(findTestObject("Master Data/Admin Sekolah/Tahun Ajaran/Edit Tahun Ajaran/Pilih Tanggal Tahun Selesai"), OPTIONAL): Unable to click on object 'Object Repository/Master Data/Admin Sekolah/Tahun Ajaran/Edit Tahun Ajaran/Pilih Tanggal Tahun Selesai' (Root cause: com.kms.katalon.core.exception.StepFailedException: Unable to click on object 'Object Repository/Master Data/Admin Sekolah/Tahun Ajaran/Edit Tahun Ajaran/Pilih Tanggal Tahun Selesai'
	at com.kms.katalon.core.webui.keyword.internal.WebUIKeywordMain.stepFailed(WebUIKeywordMain.groovy:117)
	at com.kms.katalon.core.webui.keyword.internal.WebUIKeywordMain.runKeyword(WebUIKeywordMain.groovy:43)
	at com.kms.katalon.core.webui.keyword.builtin.ClickKeyword.click(ClickKeyword.groovy:75)
	at com.kms.katalon.core.webui.keyword.builtin.ClickKeyword.execute(ClickKeyword.groovy:40)
	at com.kms.katalon.core.keyword.internal.KeywordExecutor.executeKeywordForPlatform(KeywordExecutor.groovy:74)
	at com.kms.katalon.core.webui.keyword.WebUiBuiltInKeywords.click(WebUiBuiltInKeywords.groovy:684)
	at Edit Tahun Ajaran.run(Edit Tahun Ajaran:46)
	at com.kms.katalon.core.main.ScriptEngine.run(ScriptEngine.java:194)
	at com.kms.katalon.core.main.ScriptEngine.runScriptAsRawText(ScriptEngine.java:119)
	at com.kms.katalon.core.main.TestCaseExecutor.runScript(TestCaseExecutor.java:448)
	at com.kms.katalon.core.main.TestCaseExecutor.doExecute(TestCaseExecutor.java:439)
	at com.kms.katalon.core.main.TestCaseExecutor.processExecutionPhase(TestCaseExecutor.java:418)
	at com.kms.katalon.core.main.TestCaseExecutor.accessMainPhase(TestCaseExecutor.java:410)
	at com.kms.katalon.core.main.TestCaseExecutor.execute(TestCaseExecutor.java:285)
	at com.kms.katalon.core.main.TestCaseMain.runTestCase(TestCaseMain.java:133)
	at com.kms.katalon.core.keyword.builtin.CallTestCaseKeyword$_callTestCase_closure1.doCall(CallTestCaseKeyword.groovy:59)
	at com.kms.katalon.core.keyword.builtin.CallTestCaseKeyword$_callTestCase_closure1.call(CallTestCaseKeyword.groovy)
	at com.kms.katalon.core.keyword.internal.KeywordMain.runKeyword(KeywordMain.groovy:75)
	at com.kms.katalon.core.keyword.builtin.CallTestCaseKeyword.callTestCase(CallTestCaseKeyword.groovy:81)
	at com.kms.katalon.core.keyword.builtin.CallTestCaseKeyword.execute(CallTestCaseKeyword.groovy:44)
	at com.kms.katalon.core.keyword.internal.KeywordExecutor.executeKeywordForPlatform(KeywordExecutor.groovy:74)
	at com.kms.katalon.core.keyword.BuiltinKeywords.callTestCase(BuiltinKeywords.groovy:310)
	at jdk.internal.reflect.GeneratedMethodAccessor48.invoke(Unknown Source)
	at java.base/jdk.internal.reflect.DelegatingMethodAccessorImpl.invoke(DelegatingMethodAccessorImpl.java:43)
	at Regresi Tahun Ajaran.run(Regresi Tahun Ajaran:22)
	at com.kms.katalon.core.main.ScriptEngine.run(ScriptEngine.java:194)
	at com.kms.katalon.core.main.ScriptEngine.runScriptAsRawText(ScriptEngine.java:119)
	at com.kms.katalon.core.main.TestCaseExecutor.runScript(TestCaseExecutor.java:448)
	at com.kms.katalon.core.main.TestCaseExecutor.doExecute(TestCaseExecutor.java:439)
	at com.kms.katalon.core.main.TestCaseExecutor.processExecutionPhase(TestCaseExecutor.java:418)
	at com.kms.katalon.core.main.TestCaseExecutor.accessMainPhase(TestCaseExecutor.java:410)
	at com.kms.katalon.core.main.TestCaseExecutor.execute(TestCaseExecutor.java:285)
	at com.kms.katalon.core.common.CommonExecutor.accessTestCaseMainPhase(CommonExecutor.java:65)
	at com.kms.katalon.core.main.TestSuiteExecutor.accessTestSuiteMainPhase(TestSuiteExecutor.java:161)
	at com.kms.katalon.core.main.TestSuiteExecutor.execute(TestSuiteExecutor.java:107)
	at com.kms.katalon.core.main.TestCaseMain.startTestSuite(TestCaseMain.java:176)
	at TempTestSuite1735878642439.run(TempTestSuite1735878642439.groovy:35)
	at java.base/jdk.internal.reflect.NativeMethodAccessorImpl.invoke0(Native Method)
	at java.base/jdk.internal.reflect.NativeMethodAccessorImpl.invoke(NativeMethodAccessorImpl.java:77)
	at java.base/jdk.internal.reflect.DelegatingMethodAccessorImpl.invoke(DelegatingMethodAccessorImpl.java:43)
Caused by: org.openqa.selenium.ElementClickInterceptedException: element click intercepted: Element <p class="text-sm w-7 rounded-lg px-1 py-2 text-center font-bold leading-5 text-gray-...0">20</p> is not clickable at point (483, 280). Other element would receive the click: <p class="text-sm w-full" data-testid="paragraph">...</p>
  (Session info: chrome=131.0.6778.205)
Build info: version: '4.22.0', revision: 'c5f3146703'
System info: os.name: 'Windows 11', os.arch: 'amd64', os.version: '10.0', java.version: '17.0.7'
Driver info: com.kms.katalon.selenium.driver.CChromeDriver
Command: [5b0d772e7609c4a5bad42c7d8c3f0ef0, clickElement {id=f.C2CA55D1002AC4B86DCDF7106FD35255.d.C56A59EB023A18CA543ECACCEA3CED47.e.74}]
Capabilities {acceptInsecureCerts: false, browserName: chrome, browserVersion: 131.0.6778.205, chrome: {chromedriverVersion: 130.0.6723.58 (3a50e012e4c9..., userDataDir: C:\Users\henri\AppData\Loca...}, fedcm:accounts: true, goog:chromeOptions: {debuggerAddress: localhost:64661}, networkConnectionEnabled: false, pageLoadStrategy: normal, platformName: windows, proxy: Proxy(), se:cdp: ws://localhost:64661/devtoo..., se:cdpVersion: 131.0.6778.205, setWindowRect: true, strictFileInteractability: false, timeouts: {implicit: 0, pageLoad: 300000, script: 30000}, unhandledPromptBehavior: ignore, webSocketUrl: ws://localhost:4771/session..., webauthn:extension:credBlob: true, webauthn:extension:largeBlob: true, webauthn:extension:minPinLength: true, webauthn:extension:prf: true, webauthn:virtualAuthenticators: true}
Element: [[CChromeDriver: chrome on windows (5b0d772e7609c4a5bad42c7d8c3f0ef0)] -> xpath: //*[@id="endDate"]//p[text()="20"]]
Session ID: 5b0d772e7609c4a5bad42c7d8c3f0ef0
	at jdk.internal.reflect.GeneratedConstructorAccessor53.newInstance(Unknown Source)
	at java.base/jdk.internal.reflect.DelegatingConstructorAccessorImpl.newInstance(DelegatingConstructorAccessorImpl.java:45)
	at org.openqa.selenium.remote.ErrorCodec.decode(ErrorCodec.java:167)
	at org.openqa.selenium.remote.codec.w3c.W3CHttpResponseCodec.decode(W3CHttpResponseCodec.java:138)
	at org.openqa.selenium.remote.codec.w3c.W3CHttpResponseCodec.decode(W3CHttpResponseCodec.java:50)
	at org.openqa.selenium.remote.HttpCommandExecutor.execute(HttpCommandExecutor.java:190)
	at org.openqa.selenium.remote.service.DriverCommandExecutor.invokeExecute(DriverCommandExecutor.java:216)
	at org.openqa.selenium.remote.service.DriverCommandExecutor.execute(DriverCommandExecutor.java:174)
	at org.openqa.selenium.remote.RemoteWebDriver.execute(RemoteWebDriver.java:518)
	at org.openqa.selenium.remote.RemoteWebElement.execute(RemoteWebElement.java:223)
	at org.openqa.selenium.remote.RemoteWebElement.click(RemoteWebElement.java:76)
	at jdk.internal.reflect.GeneratedMethodAccessor24.invoke(Unknown Source)
	at java.base/jdk.internal.reflect.DelegatingMethodAccessorImpl.invoke(DelegatingMethodAccessorImpl.java:43)
	at org.openqa.selenium.support.decorators.WebDriverDecorator.call(WebDriverDecorator.java:249)
	at org.openqa.selenium.support.decorators.DefaultDecorated.call(DefaultDecorated.java:48)
	at org.openqa.selenium.support.decorators.WebDriverDecorator.lambda$createProxy$2(WebDriverDecorator.java:321)
	at net.bytebuddy.renamed.java.lang.Object$ByteBuddy$TDTCtcD6.click(Unknown Source)
	at org.openqa.selenium.WebElement$click.call(Unknown Source)
	at com.kms.katalon.core.webui.keyword.builtin.ClickKeyword.clickUntilSuccessWithTimeout(ClickKeyword.groovy:82)
	at com.kms.katalon.core.webui.keyword.builtin.ClickKeyword.clickUntilSuccessWithTimeout(ClickKeyword.groovy)
	at jdk.internal.reflect.GeneratedMethodAccessor22.invoke(Unknown Source)
	at java.base/jdk.internal.reflect.DelegatingMethodAccessorImpl.invoke(DelegatingMethodAccessorImpl.java:43)
	at com.kms.katalon.core.webui.keyword.builtin.ClickKeyword$_click_closure1.doCall(ClickKeyword.groovy:68)
	at com.kms.katalon.core.webui.keyword.builtin.ClickKeyword$_click_closure1.call(ClickKeyword.groovy)
	at com.kms.katalon.core.webui.keyword.internal.WebUIKeywordMain.runKeyword(WebUIKeywordMain.groovy:35)
	at com.kms.katalon.core.webui.keyword.builtin.ClickKeyword.click(ClickKeyword.groovy:75)
	at com.kms.katalon.core.webui.keyword.builtin.ClickKeyword.execute(ClickKeyword.groovy:40)
	at com.kms.katalon.core.keyword.internal.KeywordExecutor.executeKeywordForPlatform(KeywordExecutor.groovy:74)
	at com.kms.katalon.core.webui.keyword.WebUiBuiltInKeywords.click(WebUiBuiltInKeywords.groovy:684)
	at Script1731560031119.run(Script1731560031119.groovy:46)
	at com.kms.katalon.core.main.ScriptEngine.run(ScriptEngine.java:194)
	at com.kms.katalon.core.main.ScriptEngine.runScriptAsRawText(ScriptEngine.java:119)
	at com.kms.katalon.core.main.TestCaseExecutor.runScript(TestCaseExecutor.java:448)
	at com.kms.katalon.core.main.TestCaseExecutor.doExecute(TestCaseExecutor.java:439)
	at com.kms.katalon.core.main.TestCaseExecutor.processExecutionPhase(TestCaseExecutor.java:418)
	at com.kms.katalon.core.main.TestCaseExecutor.accessMainPhase(TestCaseExecutor.java:410)
	at com.kms.katalon.core.main.TestCaseExecutor.execute(TestCaseExecutor.java:285)
	at com.kms.katalon.core.main.TestCaseMain.runTestCase(TestCaseMain.java:133)
	at com.kms.katalon.core.keyword.builtin.CallTestCaseKeyword$_callTestCase_closure1.doCall(CallTestCaseKeyword.groovy:59)
	at com.kms.katalon.core.keyword.builtin.CallTestCaseKeyword$_callTestCase_closure1.call(CallTestCaseKeyword.groovy)
	at com.kms.katalon.core.keyword.internal.KeywordMain.runKeyword(KeywordMain.groovy:75)
	at com.kms.katalon.core.keyword.builtin.CallTestCaseKeyword.callTestCase(CallTestCaseKeyword.groovy:81)
	at com.kms.katalon.core.keyword.builtin.CallTestCaseKeyword.execute(CallTestCaseKeyword.groovy:44)
	at com.kms.katalon.core.keyword.internal.KeywordExecutor.executeKeywordForPlatform(KeywordExecutor.groovy:74)
	at com.kms.katalon.core.keyword.BuiltinKeywords.callTestCase(BuiltinKeywords.groovy:310)
	at jdk.internal.reflect.GeneratedMethodAccessor48.invoke(Unknown Source)
	at java.base/jdk.internal.reflect.DelegatingMethodAccessorImpl.invoke(DelegatingMethodAccessorImpl.java:43)
	at Script1735746485307.run(Script1735746485307.groovy:22)
	... 15 more
)

03-01-2025T11:48:33 - [MESSAGE][WARNING] - Unable to click on object 'Object Repository/Master Data/Admin Sekolah/Tahun Ajaran/Edit Tahun Ajaran/Pilih Tanggal Tahun Selesai' (Root cause: com.kms.katalon.core.exception.StepFailedException: Unable to click on object 'Object Repository/Master Data/Admin Sekolah/Tahun Ajaran/Edit Tahun Ajaran/Pilih Tanggal Tahun Selesai'
	at com.kms.katalon.core.webui.keyword.internal.WebUIKeywordMain.stepFailed(WebUIKeywordMain.groovy:117)
	at com.kms.katalon.core.webui.keyword.internal.WebUIKeywordMain.runKeyword(WebUIKeywordMain.groovy:43)
	at com.kms.katalon.core.webui.keyword.builtin.ClickKeyword.click(ClickKeyword.groovy:75)
	at com.kms.katalon.core.webui.keyword.builtin.ClickKeyword.execute(ClickKeyword.groovy:40)
	at com.kms.katalon.core.keyword.internal.KeywordExecutor.executeKeywordForPlatform(KeywordExecutor.groovy:74)
	at com.kms.katalon.core.webui.keyword.WebUiBuiltInKeywords.click(WebUiBuiltInKeywords.groovy:684)
	at Edit Tahun Ajaran.run(Edit Tahun Ajaran:46)
	at com.kms.katalon.core.main.ScriptEngine.run(ScriptEngine.java:194)
	at com.kms.katalon.core.main.ScriptEngine.runScriptAsRawText(ScriptEngine.java:119)
	at com.kms.katalon.core.main.TestCaseExecutor.runScript(TestCaseExecutor.java:448)
	at com.kms.katalon.core.main.TestCaseExecutor.doExecute(TestCaseExecutor.java:439)
	at com.kms.katalon.core.main.TestCaseExecutor.processExecutionPhase(TestCaseExecutor.java:418)
	at com.kms.katalon.core.main.TestCaseExecutor.accessMainPhase(TestCaseExecutor.java:410)
	at com.kms.katalon.core.main.TestCaseExecutor.execute(TestCaseExecutor.java:285)
	at com.kms.katalon.core.main.TestCaseMain.runTestCase(TestCaseMain.java:133)
	at com.kms.katalon.core.keyword.builtin.CallTestCaseKeyword$_callTestCase_closure1.doCall(CallTestCaseKeyword.groovy:59)
	at com.kms.katalon.core.keyword.builtin.CallTestCaseKeyword$_callTestCase_closure1.call(CallTestCaseKeyword.groovy)
	at com.kms.katalon.core.keyword.internal.KeywordMain.runKeyword(KeywordMain.groovy:75)
	at com.kms.katalon.core.keyword.builtin.CallTestCaseKeyword.callTestCase(CallTestCaseKeyword.groovy:81)
	at com.kms.katalon.core.keyword.builtin.CallTestCaseKeyword.execute(CallTestCaseKeyword.groovy:44)
	at com.kms.katalon.core.keyword.internal.KeywordExecutor.executeKeywordForPlatform(KeywordExecutor.groovy:74)
	at com.kms.katalon.core.keyword.BuiltinKeywords.callTestCase(BuiltinKeywords.groovy:310)
	at jdk.internal.reflect.GeneratedMethodAccessor48.invoke(Unknown Source)
	at java.base/jdk.internal.reflect.DelegatingMethodAccessorImpl.invoke(DelegatingMethodAccessorImpl.java:43)
	at Regresi Tahun Ajaran.run(Regresi Tahun Ajaran:22)
	at com.kms.katalon.core.main.ScriptEngine.run(ScriptEngine.java:194)
	at com.kms.katalon.core.main.ScriptEngine.runScriptAsRawText(ScriptEngine.java:119)
	at com.kms.katalon.core.main.TestCaseExecutor.runScript(TestCaseExecutor.java:448)
	at com.kms.katalon.core.main.TestCaseExecutor.doExecute(TestCaseExecutor.java:439)
	at com.kms.katalon.core.main.TestCaseExecutor.processExecutionPhase(TestCaseExecutor.java:418)
	at com.kms.katalon.core.main.TestCaseExecutor.accessMainPhase(TestCaseExecutor.java:410)
	at com.kms.katalon.core.main.TestCaseExecutor.execute(TestCaseExecutor.java:285)
	at com.kms.katalon.core.common.CommonExecutor.accessTestCaseMainPhase(CommonExecutor.java:65)
	at com.kms.katalon.core.main.TestSuiteExecutor.accessTestSuiteMainPhase(TestSuiteExecutor.java:161)
	at com.kms.katalon.core.main.TestSuiteExecutor.execute(TestSuiteExecutor.java:107)
	at com.kms.katalon.core.main.TestCaseMain.startTestSuite(TestCaseMain.java:176)
	at TempTestSuite1735878642439.run(TempTestSuite1735878642439.groovy:35)
	at java.base/jdk.internal.reflect.NativeMethodAccessorImpl.invoke0(Native Method)
	at java.base/jdk.internal.reflect.NativeMethodAccessorImpl.invoke(NativeMethodAccessorImpl.java:77)
	at java.base/jdk.internal.reflect.DelegatingMethodAccessorImpl.invoke(DelegatingMethodAccessorImpl.java:43)
Caused by: org.openqa.selenium.ElementClickInterceptedException: element click intercepted: Element <p class="text-sm w-7 rounded-lg px-1 py-2 text-center font-bold leading-5 text-gray-...0">20</p> is not clickable at point (483, 280). Other element would receive the click: <p class="text-sm w-full" data-testid="paragraph">...</p>
  (Session info: chrome=131.0.6778.205)
Build info: version: '4.22.0', revision: 'c5f3146703'
System info: os.name: 'Windows 11', os.arch: 'amd64', os.version: '10.0', java.version: '17.0.7'
Driver info: com.kms.katalon.selenium.driver.CChromeDriver
Command: [5b0d772e7609c4a5bad42c7d8c3f0ef0, clickElement {id=f.C2CA55D1002AC4B86DCDF7106FD35255.d.C56A59EB023A18CA543ECACCEA3CED47.e.74}]
Capabilities {acceptInsecureCerts: false, browserName: chrome, browserVersion: 131.0.6778.205, chrome: {chromedriverVersion: 130.0.6723.58 (3a50e012e4c9..., userDataDir: C:\Users\henri\AppData\Loca...}, fedcm:accounts: true, goog:chromeOptions: {debuggerAddress: localhost:64661}, networkConnectionEnabled: false, pageLoadStrategy: normal, platformName: windows, proxy: Proxy(), se:cdp: ws://localhost:64661/devtoo..., se:cdpVersion: 131.0.6778.205, setWindowRect: true, strictFileInteractability: false, timeouts: {implicit: 0, pageLoad: 300000, script: 30000}, unhandledPromptBehavior: ignore, webSocketUrl: ws://localhost:4771/session..., webauthn:extension:credBlob: true, webauthn:extension:largeBlob: true, webauthn:extension:minPinLength: true, webauthn:extension:prf: true, webauthn:virtualAuthenticators: true}
Element: [[CChromeDriver: chrome on windows (5b0d772e7609c4a5bad42c7d8c3f0ef0)] -> xpath: //*[@id="endDate"]//p[text()="20"]]
Session ID: 5b0d772e7609c4a5bad42c7d8c3f0ef0
	at jdk.internal.reflect.GeneratedConstructorAccessor53.newInstance(Unknown Source)
	at java.base/jdk.internal.reflect.DelegatingConstructorAccessorImpl.newInstance(DelegatingConstructorAccessorImpl.java:45)
	at org.openqa.selenium.remote.ErrorCodec.decode(ErrorCodec.java:167)
	at org.openqa.selenium.remote.codec.w3c.W3CHttpResponseCodec.decode(W3CHttpResponseCodec.java:138)
	at org.openqa.selenium.remote.codec.w3c.W3CHttpResponseCodec.decode(W3CHttpResponseCodec.java:50)
	at org.openqa.selenium.remote.HttpCommandExecutor.execute(HttpCommandExecutor.java:190)
	at org.openqa.selenium.remote.service.DriverCommandExecutor.invokeExecute(DriverCommandExecutor.java:216)
	at org.openqa.selenium.remote.service.DriverCommandExecutor.execute(DriverCommandExecutor.java:174)
	at org.openqa.selenium.remote.RemoteWebDriver.execute(RemoteWebDriver.java:518)
	at org.openqa.selenium.remote.RemoteWebElement.execute(RemoteWebElement.java:223)
	at org.openqa.selenium.remote.RemoteWebElement.click(RemoteWebElement.java:76)
	at jdk.internal.reflect.GeneratedMethodAccessor24.invoke(Unknown Source)
	at java.base/jdk.internal.reflect.DelegatingMethodAccessorImpl.invoke(DelegatingMethodAccessorImpl.java:43)
	at org.openqa.selenium.support.decorators.WebDriverDecorator.call(WebDriverDecorator.java:249)
	at org.openqa.selenium.support.decorators.DefaultDecorated.call(DefaultDecorated.java:48)
	at org.openqa.selenium.support.decorators.WebDriverDecorator.lambda$createProxy$2(WebDriverDecorator.java:321)
	at net.bytebuddy.renamed.java.lang.Object$ByteBuddy$TDTCtcD6.click(Unknown Source)
	at org.openqa.selenium.WebElement$click.call(Unknown Source)
	at com.kms.katalon.core.webui.keyword.builtin.ClickKeyword.clickUntilSuccessWithTimeout(ClickKeyword.groovy:82)
	at com.kms.katalon.core.webui.keyword.builtin.ClickKeyword.clickUntilSuccessWithTimeout(ClickKeyword.groovy)
	at jdk.internal.reflect.GeneratedMethodAccessor22.invoke(Unknown Source)
	at java.base/jdk.internal.reflect.DelegatingMethodAccessorImpl.invoke(DelegatingMethodAccessorImpl.java:43)
	at com.kms.katalon.core.webui.keyword.builtin.ClickKeyword$_click_closure1.doCall(ClickKeyword.groovy:68)
	at com.kms.katalon.core.webui.keyword.builtin.ClickKeyword$_click_closure1.call(ClickKeyword.groovy)
	at com.kms.katalon.core.webui.keyword.internal.WebUIKeywordMain.runKeyword(WebUIKeywordMain.groovy:35)
	at com.kms.katalon.core.webui.keyword.builtin.ClickKeyword.click(ClickKeyword.groovy:75)
	at com.kms.katalon.core.webui.keyword.builtin.ClickKeyword.execute(ClickKeyword.groovy:40)
	at com.kms.katalon.core.keyword.internal.KeywordExecutor.executeKeywordForPlatform(KeywordExecutor.groovy:74)
	at com.kms.katalon.core.webui.keyword.WebUiBuiltInKeywords.click(WebUiBuiltInKeywords.groovy:684)
	at Script1731560031119.run(Script1731560031119.groovy:46)
	at com.kms.katalon.core.main.ScriptEngine.run(ScriptEngine.java:194)
	at com.kms.katalon.core.main.ScriptEngine.runScriptAsRawText(ScriptEngine.java:119)
	at com.kms.katalon.core.main.TestCaseExecutor.runScript(TestCaseExecutor.java:448)
	at com.kms.katalon.core.main.TestCaseExecutor.doExecute(TestCaseExecutor.java:439)
	at com.kms.katalon.core.main.TestCaseExecutor.processExecutionPhase(TestCaseExecutor.java:418)
	at com.kms.katalon.core.main.TestCaseExecutor.accessMainPhase(TestCaseExecutor.java:410)
	at com.kms.katalon.core.main.TestCaseExecutor.execute(TestCaseExecutor.java:285)
	at com.kms.katalon.core.main.TestCaseMain.runTestCase(TestCaseMain.java:133)
	at com.kms.katalon.core.keyword.builtin.CallTestCaseKeyword$_callTestCase_closure1.doCall(CallTestCaseKeyword.groovy:59)
	at com.kms.katalon.core.keyword.builtin.CallTestCaseKeyword$_callTestCase_closure1.call(CallTestCaseKeyword.groovy)
	at com.kms.katalon.core.keyword.internal.KeywordMain.runKeyword(KeywordMain.groovy:75)
	at com.kms.katalon.core.keyword.builtin.CallTestCaseKeyword.callTestCase(CallTestCaseKeyword.groovy:81)
	at com.kms.katalon.core.keyword.builtin.CallTestCaseKeyword.execute(CallTestCaseKeyword.groovy:44)
	at com.kms.katalon.core.keyword.internal.KeywordExecutor.executeKeywordForPlatform(KeywordExecutor.groovy:74)
	at com.kms.katalon.core.keyword.BuiltinKeywords.callTestCase(BuiltinKeywords.groovy:310)
	at jdk.internal.reflect.GeneratedMethodAccessor48.invoke(Unknown Source)
	at java.base/jdk.internal.reflect.DelegatingMethodAccessorImpl.invoke(DelegatingMethodAccessorImpl.java:43)
	at Script1735746485307.run(Script1735746485307.groovy:22)
	... 15 more
)
[[ATTACHMENT|C:\\Users\\henri\\Videos\\school-payment-automation-testing\\Reports\\20250103_113042\\SPRINT 1\\20250103_113042\\1735879713520.png]]

03-01-2025T11:48:33 - [TEST_STEP][PASSED] - click(findTestObject("Master Data/Admin Sekolah/Tahun Ajaran/Button Submit Tahun Ajaran"), OPTIONAL): Object: 'Object Repository/Master Data/Admin Sekolah/Tahun Ajaran/Button Submit Tahun Ajaran' is clicked on

03-01-2025T11:48:33 - [MESSAGE][PASSED] - Object: 'Object Repository/Master Data/Admin Sekolah/Tahun Ajaran/Button Submit Tahun Ajaran' is clicked on

03-01-2025T11:48:33 - [MESSAGE][PASSED] - Call Test Case 'Test Cases/Master Data/Admin Sekolah/Master Data Tahun Ajaran/Edit Tahun Ajaran' successfully

03-01-2025T11:48:33 - [TEST_STEP][PASSED] - callTestCase(findTestCase("Test Cases/Master Data/Admin Sekolah/Master Data Tahun Ajaran/Tambah Tahun Ajaran"), [:], OPTIONAL): Call Test Case 'Test Cases/Master Data/Admin Sekolah/Master Data Tahun Ajaran/Tambah Tahun Ajaran' successfully

03-01-2025T11:48:34 - [TEST_CASE][PASSED] - Test Cases/Master Data/Admin Sekolah/Master Data Tahun Ajaran/Tambah Tahun Ajaran: Test Cases/Master Data/Admin Sekolah/Master Data Tahun Ajaran/Tambah Tahun Ajaran

03-01-2025T11:48:34 - [TEST_STEP][PASSED] - openBrowser("", OPTIONAL): Browser is opened with url: ''

03-01-2025T11:48:34 - [MESSAGE][WARNING] - A browser is already opened. Closing browser and opening a new one

03-01-2025T11:48:34 - [MESSAGE][INFO] - Starting 'Chrome' driver

03-01-2025T11:48:34 - [MESSAGE][INFO] - Action delay is set to 0 milliseconds

03-01-2025T11:48:35 - [MESSAGE][PASSED] - Browser is opened with url: ''

03-01-2025T11:48:35 - [TEST_STEP][PASSED] - navigateToUrl("https://sit.siprusedu.com/login", OPTIONAL): Navigate to 'https://sit.siprusedu.com/login' successfully

03-01-2025T11:48:35 - [MESSAGE][PASSED] - Navigate to 'https://sit.siprusedu.com/login' successfully

03-01-2025T11:48:35 - [TEST_STEP][PASSED] - setText(findTestObject("Master Data/Admin Sekolah/Login/Field Email"), "admin.gudangsolusi@digiform.co.id", OPTIONAL): Text 'admin.gudangsolusi@digiform.co.id' is set on object 'Object Repository/Master Data/Admin Sekolah/Login/Field Email'

03-01-2025T11:48:37 - [MESSAGE][PASSED] - Text 'admin.gudangsolusi@digiform.co.id' is set on object 'Object Repository/Master Data/Admin Sekolah/Login/Field Email'

03-01-2025T11:48:37 - [TEST_STEP][PASSED] - setText(findTestObject("Master Data/Admin Sekolah/Login/Input Password"), "Test1234", OPTIONAL): Text 'Test1234' is set on object 'Object Repository/Master Data/Admin Sekolah/Login/Input Password'

03-01-2025T11:48:37 - [MESSAGE][PASSED] - Text 'Test1234' is set on object 'Object Repository/Master Data/Admin Sekolah/Login/Input Password'

03-01-2025T11:48:37 - [TEST_STEP][PASSED] - click(findTestObject("Master Data/Admin Sekolah/Login/Button Submit"), OPTIONAL): Object: 'Object Repository/Master Data/Admin Sekolah/Login/Button Submit' is clicked on

03-01-2025T11:48:38 - [MESSAGE][PASSED] - Object: 'Object Repository/Master Data/Admin Sekolah/Login/Button Submit' is clicked on

03-01-2025T11:48:38 - [TEST_STEP][PASSED] - click(findTestObject("Master Data/Admin Sekolah/Master Data Menu"), OPTIONAL): Object: 'Object Repository/Master Data/Admin Sekolah/Master Data Menu' is clicked on

03-01-2025T11:48:39 - [MESSAGE][PASSED] - Object: 'Object Repository/Master Data/Admin Sekolah/Master Data Menu' is clicked on

03-01-2025T11:48:39 - [TEST_STEP][PASSED] - click(findTestObject("Master Data/Admin Sekolah/Tahun Ajaran/Menu Tahun Ajaran"), OPTIONAL): Object: 'Object Repository/Master Data/Admin Sekolah/Tahun Ajaran/Menu Tahun Ajaran' is clicked on

03-01-2025T11:48:40 - [MESSAGE][PASSED] - Object: 'Object Repository/Master Data/Admin Sekolah/Tahun Ajaran/Menu Tahun Ajaran' is clicked on

03-01-2025T11:48:40 - [TEST_STEP][PASSED] - click(findTestObject("Master Data/Admin Sekolah/Tahun Ajaran/Button Tambah"), OPTIONAL): Object: 'Object Repository/Master Data/Admin Sekolah/Tahun Ajaran/Button Tambah' is clicked on

03-01-2025T11:48:41 - [MESSAGE][PASSED] - Object: 'Object Repository/Master Data/Admin Sekolah/Tahun Ajaran/Button Tambah' is clicked on

03-01-2025T11:48:41 - [TEST_STEP][PASSED] - click(findTestObject("Master Data/Admin Sekolah/Tahun Ajaran/Tahun Mulai/Dropdown Tahun Mulai"), OPTIONAL): Unable to click on object 'Object Repository/Master Data/Admin Sekolah/Tahun Ajaran/Tahun Mulai/Dropdown Tahun Mulai' (Root cause: com.kms.katalon.core.exception.StepFailedException: Unable to click on object 'Object Repository/Master Data/Admin Sekolah/Tahun Ajaran/Tahun Mulai/Dropdown Tahun Mulai'
	at com.kms.katalon.core.webui.keyword.internal.WebUIKeywordMain.stepFailed(WebUIKeywordMain.groovy:117)
	at com.kms.katalon.core.webui.keyword.internal.WebUIKeywordMain.runKeyword(WebUIKeywordMain.groovy:43)
	at com.kms.katalon.core.webui.keyword.builtin.ClickKeyword.click(ClickKeyword.groovy:75)
	at com.kms.katalon.core.webui.keyword.builtin.ClickKeyword.execute(ClickKeyword.groovy:40)
	at com.kms.katalon.core.keyword.internal.KeywordExecutor.executeKeywordForPlatform(KeywordExecutor.groovy:74)
	at com.kms.katalon.core.webui.keyword.WebUiBuiltInKeywords.click(WebUiBuiltInKeywords.groovy:684)
	at Tambah Tahun Ajaran.run(Tambah Tahun Ajaran:43)
	at com.kms.katalon.core.main.ScriptEngine.run(ScriptEngine.java:194)
	at com.kms.katalon.core.main.ScriptEngine.runScriptAsRawText(ScriptEngine.java:119)
	at com.kms.katalon.core.main.TestCaseExecutor.runScript(TestCaseExecutor.java:448)
	at com.kms.katalon.core.main.TestCaseExecutor.doExecute(TestCaseExecutor.java:439)
	at com.kms.katalon.core.main.TestCaseExecutor.processExecutionPhase(TestCaseExecutor.java:418)
	at com.kms.katalon.core.main.TestCaseExecutor.accessMainPhase(TestCaseExecutor.java:410)
	at com.kms.katalon.core.main.TestCaseExecutor.execute(TestCaseExecutor.java:285)
	at com.kms.katalon.core.main.TestCaseMain.runTestCase(TestCaseMain.java:133)
	at com.kms.katalon.core.keyword.builtin.CallTestCaseKeyword$_callTestCase_closure1.doCall(CallTestCaseKeyword.groovy:59)
	at com.kms.katalon.core.keyword.builtin.CallTestCaseKeyword$_callTestCase_closure1.call(CallTestCaseKeyword.groovy)
	at com.kms.katalon.core.keyword.internal.KeywordMain.runKeyword(KeywordMain.groovy:75)
	at com.kms.katalon.core.keyword.builtin.CallTestCaseKeyword.callTestCase(CallTestCaseKeyword.groovy:81)
	at com.kms.katalon.core.keyword.builtin.CallTestCaseKeyword.execute(CallTestCaseKeyword.groovy:44)
	at com.kms.katalon.core.keyword.internal.KeywordExecutor.executeKeywordForPlatform(KeywordExecutor.groovy:74)
	at com.kms.katalon.core.keyword.BuiltinKeywords.callTestCase(BuiltinKeywords.groovy:310)
	at jdk.internal.reflect.GeneratedMethodAccessor48.invoke(Unknown Source)
	at java.base/jdk.internal.reflect.DelegatingMethodAccessorImpl.invoke(DelegatingMethodAccessorImpl.java:43)
	at Regresi Tahun Ajaran.run(Regresi Tahun Ajaran:27)
	at com.kms.katalon.core.main.ScriptEngine.run(ScriptEngine.java:194)
	at com.kms.katalon.core.main.ScriptEngine.runScriptAsRawText(ScriptEngine.java:119)
	at com.kms.katalon.core.main.TestCaseExecutor.runScript(TestCaseExecutor.java:448)
	at com.kms.katalon.core.main.TestCaseExecutor.doExecute(TestCaseExecutor.java:439)
	at com.kms.katalon.core.main.TestCaseExecutor.processExecutionPhase(TestCaseExecutor.java:418)
	at com.kms.katalon.core.main.TestCaseExecutor.accessMainPhase(TestCaseExecutor.java:410)
	at com.kms.katalon.core.main.TestCaseExecutor.execute(TestCaseExecutor.java:285)
	at com.kms.katalon.core.common.CommonExecutor.accessTestCaseMainPhase(CommonExecutor.java:65)
	at com.kms.katalon.core.main.TestSuiteExecutor.accessTestSuiteMainPhase(TestSuiteExecutor.java:161)
	at com.kms.katalon.core.main.TestSuiteExecutor.execute(TestSuiteExecutor.java:107)
	at com.kms.katalon.core.main.TestCaseMain.startTestSuite(TestCaseMain.java:176)
	at TempTestSuite1735878642439.run(TempTestSuite1735878642439.groovy:35)
	at java.base/jdk.internal.reflect.NativeMethodAccessorImpl.invoke0(Native Method)
	at java.base/jdk.internal.reflect.NativeMethodAccessorImpl.invoke(NativeMethodAccessorImpl.java:77)
	at java.base/jdk.internal.reflect.DelegatingMethodAccessorImpl.invoke(DelegatingMethodAccessorImpl.java:43)
Caused by: com.kms.katalon.core.webui.exception.WebElementNotFoundException: Web element with id: 'Object Repository/Master Data/Admin Sekolah/Tahun Ajaran/Tahun Mulai/Dropdown Tahun Mulai' located by '//*[@id="startDate"]//div[2]/div
' not found
	at com.kms.katalon.core.webui.common.WebUiCommonHelper.findWebElement(WebUiCommonHelper.java:1426)
	at com.kms.katalon.core.webui.keyword.internal.WebUIAbstractKeyword.findWebElement(WebUIAbstractKeyword.groovy:27)
	at com.kms.katalon.core.webui.keyword.builtin.ClickKeyword$_click_closure1.doCall(ClickKeyword.groovy:66)
	at com.kms.katalon.core.webui.keyword.builtin.ClickKeyword$_click_closure1.call(ClickKeyword.groovy)
	at com.kms.katalon.core.webui.keyword.internal.WebUIKeywordMain.runKeyword(WebUIKeywordMain.groovy:35)
	at com.kms.katalon.core.webui.keyword.builtin.ClickKeyword.click(ClickKeyword.groovy:75)
	at com.kms.katalon.core.webui.keyword.builtin.ClickKeyword.execute(ClickKeyword.groovy:40)
	at com.kms.katalon.core.keyword.internal.KeywordExecutor.executeKeywordForPlatform(KeywordExecutor.groovy:74)
	at com.kms.katalon.core.webui.keyword.WebUiBuiltInKeywords.click(WebUiBuiltInKeywords.groovy:684)
	at Script1731464255956.run(Script1731464255956.groovy:43)
	at com.kms.katalon.core.main.ScriptEngine.run(ScriptEngine.java:194)
	at com.kms.katalon.core.main.ScriptEngine.runScriptAsRawText(ScriptEngine.java:119)
	at com.kms.katalon.core.main.TestCaseExecutor.runScript(TestCaseExecutor.java:448)
	at com.kms.katalon.core.main.TestCaseExecutor.doExecute(TestCaseExecutor.java:439)
	at com.kms.katalon.core.main.TestCaseExecutor.processExecutionPhase(TestCaseExecutor.java:418)
	at com.kms.katalon.core.main.TestCaseExecutor.accessMainPhase(TestCaseExecutor.java:410)
	at com.kms.katalon.core.main.TestCaseExecutor.execute(TestCaseExecutor.java:285)
	at com.kms.katalon.core.main.TestCaseMain.runTestCase(TestCaseMain.java:133)
	at com.kms.katalon.core.keyword.builtin.CallTestCaseKeyword$_callTestCase_closure1.doCall(CallTestCaseKeyword.groovy:59)
	at com.kms.katalon.core.keyword.builtin.CallTestCaseKeyword$_callTestCase_closure1.call(CallTestCaseKeyword.groovy)
	at com.kms.katalon.core.keyword.internal.KeywordMain.runKeyword(KeywordMain.groovy:75)
	at com.kms.katalon.core.keyword.builtin.CallTestCaseKeyword.callTestCase(CallTestCaseKeyword.groovy:81)
	at com.kms.katalon.core.keyword.builtin.CallTestCaseKeyword.execute(CallTestCaseKeyword.groovy:44)
	at com.kms.katalon.core.keyword.internal.KeywordExecutor.executeKeywordForPlatform(KeywordExecutor.groovy:74)
	at com.kms.katalon.core.keyword.BuiltinKeywords.callTestCase(BuiltinKeywords.groovy:310)
	at jdk.internal.reflect.GeneratedMethodAccessor48.invoke(Unknown Source)
	at java.base/jdk.internal.reflect.DelegatingMethodAccessorImpl.invoke(DelegatingMethodAccessorImpl.java:43)
	at Script1735746485307.run(Script1735746485307.groovy:27)
	... 15 more
)

03-01-2025T11:49:12 - [MESSAGE][INFO] - Unable to find the element located by 'By.xpath: //*[@id="startDate"]//div[2]/div
'. Please recheck the objects properties to make sure the desired element is located. 

03-01-2025T11:49:12 - [MESSAGE][WARNING] - [SELF-HEALING] Failed to find element with id 'Object Repository/Master Data/Admin Sekolah/Tahun Ajaran/Tahun Mulai/Dropdown Tahun Mulai'. Try using Self-healing.

03-01-2025T11:49:13 - [MESSAGE][INFO] - [SELF-HEALING] No working XPath is found.

03-01-2025T11:49:14 - [MESSAGE][WARNING] - [SELF-HEALING] invalid selector
from javascript error: {"status":32,"value":"Unable to locate an element with the xpath expression  because of the following error:\nSyntaxError: Failed to execute 'evaluate' on 'Document': The string '' is not a valid XPath expression."}
  (Session info: chrome=131.0.6778.205)
For documentation on this error, please visit: https://www.selenium.dev/documentation/webdriver/troubleshooting/errors#invalid-selector-exception
Build info: version: '4.22.0', revision: 'c5f3146703'
System info: os.name: 'Windows 11', os.arch: 'amd64', os.version: '10.0', java.version: '17.0.7'
Driver info: com.kms.katalon.selenium.driver.CChromeDriver
Command: [60fa9754e68f459e026ff0a3ff026db6, findElements {value=, using=xpath}]
Capabilities {acceptInsecureCerts: false, browserName: chrome, browserVersion: 131.0.6778.205, chrome: {chromedriverVersion: 130.0.6723.58 (3a50e012e4c9..., userDataDir: C:\Users\henri\AppData\Loca...}, fedcm:accounts: true, goog:chromeOptions: {debuggerAddress: localhost:64705}, networkConnectionEnabled: false, pageLoadStrategy: normal, platformName: windows, proxy: Proxy(), se:cdp: ws://localhost:64705/devtoo..., se:cdpVersion: 131.0.6778.205, setWindowRect: true, strictFileInteractability: false, timeouts: {implicit: 0, pageLoad: 300000, script: 30000}, unhandledPromptBehavior: ignore, webSocketUrl: ws://localhost:22763/sessio..., webauthn:extension:credBlob: true, webauthn:extension:largeBlob: true, webauthn:extension:minPinLength: true, webauthn:extension:prf: true, webauthn:virtualAuthenticators: true}
Session ID: 60fa9754e68f459e026ff0a3ff026db6

03-01-2025T11:49:14 - [MESSAGE][WARNING] - [SELF-HEALING] Cannot find elements when the selector is null

03-01-2025T11:49:14 - [MESSAGE][WARNING] - Unable to click on object 'Object Repository/Master Data/Admin Sekolah/Tahun Ajaran/Tahun Mulai/Dropdown Tahun Mulai' (Root cause: com.kms.katalon.core.exception.StepFailedException: Unable to click on object 'Object Repository/Master Data/Admin Sekolah/Tahun Ajaran/Tahun Mulai/Dropdown Tahun Mulai'
	at com.kms.katalon.core.webui.keyword.internal.WebUIKeywordMain.stepFailed(WebUIKeywordMain.groovy:117)
	at com.kms.katalon.core.webui.keyword.internal.WebUIKeywordMain.runKeyword(WebUIKeywordMain.groovy:43)
	at com.kms.katalon.core.webui.keyword.builtin.ClickKeyword.click(ClickKeyword.groovy:75)
	at com.kms.katalon.core.webui.keyword.builtin.ClickKeyword.execute(ClickKeyword.groovy:40)
	at com.kms.katalon.core.keyword.internal.KeywordExecutor.executeKeywordForPlatform(KeywordExecutor.groovy:74)
	at com.kms.katalon.core.webui.keyword.WebUiBuiltInKeywords.click(WebUiBuiltInKeywords.groovy:684)
	at Tambah Tahun Ajaran.run(Tambah Tahun Ajaran:43)
	at com.kms.katalon.core.main.ScriptEngine.run(ScriptEngine.java:194)
	at com.kms.katalon.core.main.ScriptEngine.runScriptAsRawText(ScriptEngine.java:119)
	at com.kms.katalon.core.main.TestCaseExecutor.runScript(TestCaseExecutor.java:448)
	at com.kms.katalon.core.main.TestCaseExecutor.doExecute(TestCaseExecutor.java:439)
	at com.kms.katalon.core.main.TestCaseExecutor.processExecutionPhase(TestCaseExecutor.java:418)
	at com.kms.katalon.core.main.TestCaseExecutor.accessMainPhase(TestCaseExecutor.java:410)
	at com.kms.katalon.core.main.TestCaseExecutor.execute(TestCaseExecutor.java:285)
	at com.kms.katalon.core.main.TestCaseMain.runTestCase(TestCaseMain.java:133)
	at com.kms.katalon.core.keyword.builtin.CallTestCaseKeyword$_callTestCase_closure1.doCall(CallTestCaseKeyword.groovy:59)
	at com.kms.katalon.core.keyword.builtin.CallTestCaseKeyword$_callTestCase_closure1.call(CallTestCaseKeyword.groovy)
	at com.kms.katalon.core.keyword.internal.KeywordMain.runKeyword(KeywordMain.groovy:75)
	at com.kms.katalon.core.keyword.builtin.CallTestCaseKeyword.callTestCase(CallTestCaseKeyword.groovy:81)
	at com.kms.katalon.core.keyword.builtin.CallTestCaseKeyword.execute(CallTestCaseKeyword.groovy:44)
	at com.kms.katalon.core.keyword.internal.KeywordExecutor.executeKeywordForPlatform(KeywordExecutor.groovy:74)
	at com.kms.katalon.core.keyword.BuiltinKeywords.callTestCase(BuiltinKeywords.groovy:310)
	at jdk.internal.reflect.GeneratedMethodAccessor48.invoke(Unknown Source)
	at java.base/jdk.internal.reflect.DelegatingMethodAccessorImpl.invoke(DelegatingMethodAccessorImpl.java:43)
	at Regresi Tahun Ajaran.run(Regresi Tahun Ajaran:27)
	at com.kms.katalon.core.main.ScriptEngine.run(ScriptEngine.java:194)
	at com.kms.katalon.core.main.ScriptEngine.runScriptAsRawText(ScriptEngine.java:119)
	at com.kms.katalon.core.main.TestCaseExecutor.runScript(TestCaseExecutor.java:448)
	at com.kms.katalon.core.main.TestCaseExecutor.doExecute(TestCaseExecutor.java:439)
	at com.kms.katalon.core.main.TestCaseExecutor.processExecutionPhase(TestCaseExecutor.java:418)
	at com.kms.katalon.core.main.TestCaseExecutor.accessMainPhase(TestCaseExecutor.java:410)
	at com.kms.katalon.core.main.TestCaseExecutor.execute(TestCaseExecutor.java:285)
	at com.kms.katalon.core.common.CommonExecutor.accessTestCaseMainPhase(CommonExecutor.java:65)
	at com.kms.katalon.core.main.TestSuiteExecutor.accessTestSuiteMainPhase(TestSuiteExecutor.java:161)
	at com.kms.katalon.core.main.TestSuiteExecutor.execute(TestSuiteExecutor.java:107)
	at com.kms.katalon.core.main.TestCaseMain.startTestSuite(TestCaseMain.java:176)
	at TempTestSuite1735878642439.run(TempTestSuite1735878642439.groovy:35)
	at java.base/jdk.internal.reflect.NativeMethodAccessorImpl.invoke0(Native Method)
	at java.base/jdk.internal.reflect.NativeMethodAccessorImpl.invoke(NativeMethodAccessorImpl.java:77)
	at java.base/jdk.internal.reflect.DelegatingMethodAccessorImpl.invoke(DelegatingMethodAccessorImpl.java:43)
Caused by: com.kms.katalon.core.webui.exception.WebElementNotFoundException: Web element with id: 'Object Repository/Master Data/Admin Sekolah/Tahun Ajaran/Tahun Mulai/Dropdown Tahun Mulai' located by '//*[@id="startDate"]//div[2]/div
' not found
	at com.kms.katalon.core.webui.common.WebUiCommonHelper.findWebElement(WebUiCommonHelper.java:1426)
	at com.kms.katalon.core.webui.keyword.internal.WebUIAbstractKeyword.findWebElement(WebUIAbstractKeyword.groovy:27)
	at com.kms.katalon.core.webui.keyword.builtin.ClickKeyword$_click_closure1.doCall(ClickKeyword.groovy:66)
	at com.kms.katalon.core.webui.keyword.builtin.ClickKeyword$_click_closure1.call(ClickKeyword.groovy)
	at com.kms.katalon.core.webui.keyword.internal.WebUIKeywordMain.runKeyword(WebUIKeywordMain.groovy:35)
	at com.kms.katalon.core.webui.keyword.builtin.ClickKeyword.click(ClickKeyword.groovy:75)
	at com.kms.katalon.core.webui.keyword.builtin.ClickKeyword.execute(ClickKeyword.groovy:40)
	at com.kms.katalon.core.keyword.internal.KeywordExecutor.executeKeywordForPlatform(KeywordExecutor.groovy:74)
	at com.kms.katalon.core.webui.keyword.WebUiBuiltInKeywords.click(WebUiBuiltInKeywords.groovy:684)
	at Script1731464255956.run(Script1731464255956.groovy:43)
	at com.kms.katalon.core.main.ScriptEngine.run(ScriptEngine.java:194)
	at com.kms.katalon.core.main.ScriptEngine.runScriptAsRawText(ScriptEngine.java:119)
	at com.kms.katalon.core.main.TestCaseExecutor.runScript(TestCaseExecutor.java:448)
	at com.kms.katalon.core.main.TestCaseExecutor.doExecute(TestCaseExecutor.java:439)
	at com.kms.katalon.core.main.TestCaseExecutor.processExecutionPhase(TestCaseExecutor.java:418)
	at com.kms.katalon.core.main.TestCaseExecutor.accessMainPhase(TestCaseExecutor.java:410)
	at com.kms.katalon.core.main.TestCaseExecutor.execute(TestCaseExecutor.java:285)
	at com.kms.katalon.core.main.TestCaseMain.runTestCase(TestCaseMain.java:133)
	at com.kms.katalon.core.keyword.builtin.CallTestCaseKeyword$_callTestCase_closure1.doCall(CallTestCaseKeyword.groovy:59)
	at com.kms.katalon.core.keyword.builtin.CallTestCaseKeyword$_callTestCase_closure1.call(CallTestCaseKeyword.groovy)
	at com.kms.katalon.core.keyword.internal.KeywordMain.runKeyword(KeywordMain.groovy:75)
	at com.kms.katalon.core.keyword.builtin.CallTestCaseKeyword.callTestCase(CallTestCaseKeyword.groovy:81)
	at com.kms.katalon.core.keyword.builtin.CallTestCaseKeyword.execute(CallTestCaseKeyword.groovy:44)
	at com.kms.katalon.core.keyword.internal.KeywordExecutor.executeKeywordForPlatform(KeywordExecutor.groovy:74)
	at com.kms.katalon.core.keyword.BuiltinKeywords.callTestCase(BuiltinKeywords.groovy:310)
	at jdk.internal.reflect.GeneratedMethodAccessor48.invoke(Unknown Source)
	at java.base/jdk.internal.reflect.DelegatingMethodAccessorImpl.invoke(DelegatingMethodAccessorImpl.java:43)
	at Script1735746485307.run(Script1735746485307.groovy:27)
	... 15 more
)
[[ATTACHMENT|C:\\Users\\henri\\Videos\\school-payment-automation-testing\\Reports\\20250103_113042\\SPRINT 1\\20250103_113042\\1735879754471.png]]

03-01-2025T11:49:14 - [TEST_STEP][PASSED] - dynamicXPath = createDynamicXPath("10"): null

03-01-2025T11:49:14 - [TEST_STEP][PASSED] - return ((//div[@class='mt-2 grid grid-cols-7']//p[text()=' + date) + ' and contains(@class, 'cursor-pointer')]): null

03-01-2025T11:49:14 - [TEST_STEP][PASSED] - dynamicTestObject = TestObject().addProperty("xpath", EQUALS, dynamicXPath): null

03-01-2025T11:49:14 - [TEST_STEP][PASSED] - click(dynamicTestObject, OPTIONAL): Unable to click on object '' (Root cause: com.kms.katalon.core.exception.StepFailedException: Unable to click on object ''
	at com.kms.katalon.core.webui.keyword.internal.WebUIKeywordMain.stepFailed(WebUIKeywordMain.groovy:117)
	at com.kms.katalon.core.webui.keyword.internal.WebUIKeywordMain.runKeyword(WebUIKeywordMain.groovy:43)
	at com.kms.katalon.core.webui.keyword.builtin.ClickKeyword.click(ClickKeyword.groovy:75)
	at com.kms.katalon.core.webui.keyword.builtin.ClickKeyword.execute(ClickKeyword.groovy:40)
	at com.kms.katalon.core.keyword.internal.KeywordExecutor.executeKeywordForPlatform(KeywordExecutor.groovy:74)
	at com.kms.katalon.core.webui.keyword.WebUiBuiltInKeywords.click(WebUiBuiltInKeywords.groovy:684)
	at Tambah Tahun Ajaran.run(Tambah Tahun Ajaran:54)
	at com.kms.katalon.core.main.ScriptEngine.run(ScriptEngine.java:194)
	at com.kms.katalon.core.main.ScriptEngine.runScriptAsRawText(ScriptEngine.java:119)
	at com.kms.katalon.core.main.TestCaseExecutor.runScript(TestCaseExecutor.java:448)
	at com.kms.katalon.core.main.TestCaseExecutor.doExecute(TestCaseExecutor.java:439)
	at com.kms.katalon.core.main.TestCaseExecutor.processExecutionPhase(TestCaseExecutor.java:418)
	at com.kms.katalon.core.main.TestCaseExecutor.accessMainPhase(TestCaseExecutor.java:410)
	at com.kms.katalon.core.main.TestCaseExecutor.execute(TestCaseExecutor.java:285)
	at com.kms.katalon.core.main.TestCaseMain.runTestCase(TestCaseMain.java:133)
	at com.kms.katalon.core.keyword.builtin.CallTestCaseKeyword$_callTestCase_closure1.doCall(CallTestCaseKeyword.groovy:59)
	at com.kms.katalon.core.keyword.builtin.CallTestCaseKeyword$_callTestCase_closure1.call(CallTestCaseKeyword.groovy)
	at com.kms.katalon.core.keyword.internal.KeywordMain.runKeyword(KeywordMain.groovy:75)
	at com.kms.katalon.core.keyword.builtin.CallTestCaseKeyword.callTestCase(CallTestCaseKeyword.groovy:81)
	at com.kms.katalon.core.keyword.builtin.CallTestCaseKeyword.execute(CallTestCaseKeyword.groovy:44)
	at com.kms.katalon.core.keyword.internal.KeywordExecutor.executeKeywordForPlatform(KeywordExecutor.groovy:74)
	at com.kms.katalon.core.keyword.BuiltinKeywords.callTestCase(BuiltinKeywords.groovy:310)
	at jdk.internal.reflect.GeneratedMethodAccessor48.invoke(Unknown Source)
	at java.base/jdk.internal.reflect.DelegatingMethodAccessorImpl.invoke(DelegatingMethodAccessorImpl.java:43)
	at Regresi Tahun Ajaran.run(Regresi Tahun Ajaran:27)
	at com.kms.katalon.core.main.ScriptEngine.run(ScriptEngine.java:194)
	at com.kms.katalon.core.main.ScriptEngine.runScriptAsRawText(ScriptEngine.java:119)
	at com.kms.katalon.core.main.TestCaseExecutor.runScript(TestCaseExecutor.java:448)
	at com.kms.katalon.core.main.TestCaseExecutor.doExecute(TestCaseExecutor.java:439)
	at com.kms.katalon.core.main.TestCaseExecutor.processExecutionPhase(TestCaseExecutor.java:418)
	at com.kms.katalon.core.main.TestCaseExecutor.accessMainPhase(TestCaseExecutor.java:410)
	at com.kms.katalon.core.main.TestCaseExecutor.execute(TestCaseExecutor.java:285)
	at com.kms.katalon.core.common.CommonExecutor.accessTestCaseMainPhase(CommonExecutor.java:65)
	at com.kms.katalon.core.main.TestSuiteExecutor.accessTestSuiteMainPhase(TestSuiteExecutor.java:161)
	at com.kms.katalon.core.main.TestSuiteExecutor.execute(TestSuiteExecutor.java:107)
	at com.kms.katalon.core.main.TestCaseMain.startTestSuite(TestCaseMain.java:176)
	at TempTestSuite1735878642439.run(TempTestSuite1735878642439.groovy:35)
	at java.base/jdk.internal.reflect.NativeMethodAccessorImpl.invoke0(Native Method)
	at java.base/jdk.internal.reflect.NativeMethodAccessorImpl.invoke(NativeMethodAccessorImpl.java:77)
	at java.base/jdk.internal.reflect.DelegatingMethodAccessorImpl.invoke(DelegatingMethodAccessorImpl.java:43)
Caused by: com.kms.katalon.core.webui.exception.WebElementNotFoundException: Web element with id: '' located by '//div[@class='mt-2 grid grid-cols-7']//p[text()='10' and contains(@class, 'cursor-pointer')]' not found
	at com.kms.katalon.core.webui.common.WebUiCommonHelper.findWebElement(WebUiCommonHelper.java:1426)
	at com.kms.katalon.core.webui.keyword.internal.WebUIAbstractKeyword.findWebElement(WebUIAbstractKeyword.groovy:27)
	at com.kms.katalon.core.webui.keyword.builtin.ClickKeyword$_click_closure1.doCall(ClickKeyword.groovy:66)
	at com.kms.katalon.core.webui.keyword.builtin.ClickKeyword$_click_closure1.call(ClickKeyword.groovy)
	at com.kms.katalon.core.webui.keyword.internal.WebUIKeywordMain.runKeyword(WebUIKeywordMain.groovy:35)
	at com.kms.katalon.core.webui.keyword.builtin.ClickKeyword.click(ClickKeyword.groovy:75)
	at com.kms.katalon.core.webui.keyword.builtin.ClickKeyword.execute(ClickKeyword.groovy:40)
	at com.kms.katalon.core.keyword.internal.KeywordExecutor.executeKeywordForPlatform(KeywordExecutor.groovy:74)
	at com.kms.katalon.core.webui.keyword.WebUiBuiltInKeywords.click(WebUiBuiltInKeywords.groovy:684)
	at Script1731464255956.run(Script1731464255956.groovy:54)
	at com.kms.katalon.core.main.ScriptEngine.run(ScriptEngine.java:194)
	at com.kms.katalon.core.main.ScriptEngine.runScriptAsRawText(ScriptEngine.java:119)
	at com.kms.katalon.core.main.TestCaseExecutor.runScript(TestCaseExecutor.java:448)
	at com.kms.katalon.core.main.TestCaseExecutor.doExecute(TestCaseExecutor.java:439)
	at com.kms.katalon.core.main.TestCaseExecutor.processExecutionPhase(TestCaseExecutor.java:418)
	at com.kms.katalon.core.main.TestCaseExecutor.accessMainPhase(TestCaseExecutor.java:410)
	at com.kms.katalon.core.main.TestCaseExecutor.execute(TestCaseExecutor.java:285)
	at com.kms.katalon.core.main.TestCaseMain.runTestCase(TestCaseMain.java:133)
	at com.kms.katalon.core.keyword.builtin.CallTestCaseKeyword$_callTestCase_closure1.doCall(CallTestCaseKeyword.groovy:59)
	at com.kms.katalon.core.keyword.builtin.CallTestCaseKeyword$_callTestCase_closure1.call(CallTestCaseKeyword.groovy)
	at com.kms.katalon.core.keyword.internal.KeywordMain.runKeyword(KeywordMain.groovy:75)
	at com.kms.katalon.core.keyword.builtin.CallTestCaseKeyword.callTestCase(CallTestCaseKeyword.groovy:81)
	at com.kms.katalon.core.keyword.builtin.CallTestCaseKeyword.execute(CallTestCaseKeyword.groovy:44)
	at com.kms.katalon.core.keyword.internal.KeywordExecutor.executeKeywordForPlatform(KeywordExecutor.groovy:74)
	at com.kms.katalon.core.keyword.BuiltinKeywords.callTestCase(BuiltinKeywords.groovy:310)
	at jdk.internal.reflect.GeneratedMethodAccessor48.invoke(Unknown Source)
	at java.base/jdk.internal.reflect.DelegatingMethodAccessorImpl.invoke(DelegatingMethodAccessorImpl.java:43)
	at Script1735746485307.run(Script1735746485307.groovy:27)
	... 15 more
)

03-01-2025T11:49:45 - [MESSAGE][INFO] - Unable to find the element located by 'By.xpath: //div[@class='mt-2 grid grid-cols-7']//p[text()='10' and contains(@class, 'cursor-pointer')]'. Please recheck the objects properties to make sure the desired element is located. 

03-01-2025T11:49:45 - [MESSAGE][WARNING] - [SELF-HEALING] Failed to find element with id ''. Try using Self-healing.

03-01-2025T11:49:45 - [MESSAGE][WARNING] - [SELF-HEALING] Index 0 out of bounds for length 0

03-01-2025T11:49:46 - [MESSAGE][WARNING] - [SELF-HEALING] Cannot find elements when the selector is null

03-01-2025T11:49:46 - [MESSAGE][WARNING] - Unable to click on object '' (Root cause: com.kms.katalon.core.exception.StepFailedException: Unable to click on object ''
	at com.kms.katalon.core.webui.keyword.internal.WebUIKeywordMain.stepFailed(WebUIKeywordMain.groovy:117)
	at com.kms.katalon.core.webui.keyword.internal.WebUIKeywordMain.runKeyword(WebUIKeywordMain.groovy:43)
	at com.kms.katalon.core.webui.keyword.builtin.ClickKeyword.click(ClickKeyword.groovy:75)
	at com.kms.katalon.core.webui.keyword.builtin.ClickKeyword.execute(ClickKeyword.groovy:40)
	at com.kms.katalon.core.keyword.internal.KeywordExecutor.executeKeywordForPlatform(KeywordExecutor.groovy:74)
	at com.kms.katalon.core.webui.keyword.WebUiBuiltInKeywords.click(WebUiBuiltInKeywords.groovy:684)
	at Tambah Tahun Ajaran.run(Tambah Tahun Ajaran:54)
	at com.kms.katalon.core.main.ScriptEngine.run(ScriptEngine.java:194)
	at com.kms.katalon.core.main.ScriptEngine.runScriptAsRawText(ScriptEngine.java:119)
	at com.kms.katalon.core.main.TestCaseExecutor.runScript(TestCaseExecutor.java:448)
	at com.kms.katalon.core.main.TestCaseExecutor.doExecute(TestCaseExecutor.java:439)
	at com.kms.katalon.core.main.TestCaseExecutor.processExecutionPhase(TestCaseExecutor.java:418)
	at com.kms.katalon.core.main.TestCaseExecutor.accessMainPhase(TestCaseExecutor.java:410)
	at com.kms.katalon.core.main.TestCaseExecutor.execute(TestCaseExecutor.java:285)
	at com.kms.katalon.core.main.TestCaseMain.runTestCase(TestCaseMain.java:133)
	at com.kms.katalon.core.keyword.builtin.CallTestCaseKeyword$_callTestCase_closure1.doCall(CallTestCaseKeyword.groovy:59)
	at com.kms.katalon.core.keyword.builtin.CallTestCaseKeyword$_callTestCase_closure1.call(CallTestCaseKeyword.groovy)
	at com.kms.katalon.core.keyword.internal.KeywordMain.runKeyword(KeywordMain.groovy:75)
	at com.kms.katalon.core.keyword.builtin.CallTestCaseKeyword.callTestCase(CallTestCaseKeyword.groovy:81)
	at com.kms.katalon.core.keyword.builtin.CallTestCaseKeyword.execute(CallTestCaseKeyword.groovy:44)
	at com.kms.katalon.core.keyword.internal.KeywordExecutor.executeKeywordForPlatform(KeywordExecutor.groovy:74)
	at com.kms.katalon.core.keyword.BuiltinKeywords.callTestCase(BuiltinKeywords.groovy:310)
	at jdk.internal.reflect.GeneratedMethodAccessor48.invoke(Unknown Source)
	at java.base/jdk.internal.reflect.DelegatingMethodAccessorImpl.invoke(DelegatingMethodAccessorImpl.java:43)
	at Regresi Tahun Ajaran.run(Regresi Tahun Ajaran:27)
	at com.kms.katalon.core.main.ScriptEngine.run(ScriptEngine.java:194)
	at com.kms.katalon.core.main.ScriptEngine.runScriptAsRawText(ScriptEngine.java:119)
	at com.kms.katalon.core.main.TestCaseExecutor.runScript(TestCaseExecutor.java:448)
	at com.kms.katalon.core.main.TestCaseExecutor.doExecute(TestCaseExecutor.java:439)
	at com.kms.katalon.core.main.TestCaseExecutor.processExecutionPhase(TestCaseExecutor.java:418)
	at com.kms.katalon.core.main.TestCaseExecutor.accessMainPhase(TestCaseExecutor.java:410)
	at com.kms.katalon.core.main.TestCaseExecutor.execute(TestCaseExecutor.java:285)
	at com.kms.katalon.core.common.CommonExecutor.accessTestCaseMainPhase(CommonExecutor.java:65)
	at com.kms.katalon.core.main.TestSuiteExecutor.accessTestSuiteMainPhase(TestSuiteExecutor.java:161)
	at com.kms.katalon.core.main.TestSuiteExecutor.execute(TestSuiteExecutor.java:107)
	at com.kms.katalon.core.main.TestCaseMain.startTestSuite(TestCaseMain.java:176)
	at TempTestSuite1735878642439.run(TempTestSuite1735878642439.groovy:35)
	at java.base/jdk.internal.reflect.NativeMethodAccessorImpl.invoke0(Native Method)
	at java.base/jdk.internal.reflect.NativeMethodAccessorImpl.invoke(NativeMethodAccessorImpl.java:77)
	at java.base/jdk.internal.reflect.DelegatingMethodAccessorImpl.invoke(DelegatingMethodAccessorImpl.java:43)
Caused by: com.kms.katalon.core.webui.exception.WebElementNotFoundException: Web element with id: '' located by '//div[@class='mt-2 grid grid-cols-7']//p[text()='10' and contains(@class, 'cursor-pointer')]' not found
	at com.kms.katalon.core.webui.common.WebUiCommonHelper.findWebElement(WebUiCommonHelper.java:1426)
	at com.kms.katalon.core.webui.keyword.internal.WebUIAbstractKeyword.findWebElement(WebUIAbstractKeyword.groovy:27)
	at com.kms.katalon.core.webui.keyword.builtin.ClickKeyword$_click_closure1.doCall(ClickKeyword.groovy:66)
	at com.kms.katalon.core.webui.keyword.builtin.ClickKeyword$_click_closure1.call(ClickKeyword.groovy)
	at com.kms.katalon.core.webui.keyword.internal.WebUIKeywordMain.runKeyword(WebUIKeywordMain.groovy:35)
	at com.kms.katalon.core.webui.keyword.builtin.ClickKeyword.click(ClickKeyword.groovy:75)
	at com.kms.katalon.core.webui.keyword.builtin.ClickKeyword.execute(ClickKeyword.groovy:40)
	at com.kms.katalon.core.keyword.internal.KeywordExecutor.executeKeywordForPlatform(KeywordExecutor.groovy:74)
	at com.kms.katalon.core.webui.keyword.WebUiBuiltInKeywords.click(WebUiBuiltInKeywords.groovy:684)
	at Script1731464255956.run(Script1731464255956.groovy:54)
	at com.kms.katalon.core.main.ScriptEngine.run(ScriptEngine.java:194)
	at com.kms.katalon.core.main.ScriptEngine.runScriptAsRawText(ScriptEngine.java:119)
	at com.kms.katalon.core.main.TestCaseExecutor.runScript(TestCaseExecutor.java:448)
	at com.kms.katalon.core.main.TestCaseExecutor.doExecute(TestCaseExecutor.java:439)
	at com.kms.katalon.core.main.TestCaseExecutor.processExecutionPhase(TestCaseExecutor.java:418)
	at com.kms.katalon.core.main.TestCaseExecutor.accessMainPhase(TestCaseExecutor.java:410)
	at com.kms.katalon.core.main.TestCaseExecutor.execute(TestCaseExecutor.java:285)
	at com.kms.katalon.core.main.TestCaseMain.runTestCase(TestCaseMain.java:133)
	at com.kms.katalon.core.keyword.builtin.CallTestCaseKeyword$_callTestCase_closure1.doCall(CallTestCaseKeyword.groovy:59)
	at com.kms.katalon.core.keyword.builtin.CallTestCaseKeyword$_callTestCase_closure1.call(CallTestCaseKeyword.groovy)
	at com.kms.katalon.core.keyword.internal.KeywordMain.runKeyword(KeywordMain.groovy:75)
	at com.kms.katalon.core.keyword.builtin.CallTestCaseKeyword.callTestCase(CallTestCaseKeyword.groovy:81)
	at com.kms.katalon.core.keyword.builtin.CallTestCaseKeyword.execute(CallTestCaseKeyword.groovy:44)
	at com.kms.katalon.core.keyword.internal.KeywordExecutor.executeKeywordForPlatform(KeywordExecutor.groovy:74)
	at com.kms.katalon.core.keyword.BuiltinKeywords.callTestCase(BuiltinKeywords.groovy:310)
	at jdk.internal.reflect.GeneratedMethodAccessor48.invoke(Unknown Source)
	at java.base/jdk.internal.reflect.DelegatingMethodAccessorImpl.invoke(DelegatingMethodAccessorImpl.java:43)
	at Script1735746485307.run(Script1735746485307.groovy:27)
	... 15 more
)
[[ATTACHMENT|C:\\Users\\henri\\Videos\\school-payment-automation-testing\\Reports\\20250103_113042\\SPRINT 1\\20250103_113042\\1735879786651.png]]

03-01-2025T11:49:46 - [TEST_STEP][PASSED] - click(findTestObject("Master Data/Admin Sekolah/Tahun Ajaran/Button Submit Tahun Ajaran"), OPTIONAL): Unable to click on object 'Object Repository/Master Data/Admin Sekolah/Tahun Ajaran/Button Submit Tahun Ajaran' (Root cause: com.kms.katalon.core.exception.StepFailedException: Unable to click on object 'Object Repository/Master Data/Admin Sekolah/Tahun Ajaran/Button Submit Tahun Ajaran'
	at com.kms.katalon.core.webui.keyword.internal.WebUIKeywordMain.stepFailed(WebUIKeywordMain.groovy:117)
	at com.kms.katalon.core.webui.keyword.internal.WebUIKeywordMain.runKeyword(WebUIKeywordMain.groovy:43)
	at com.kms.katalon.core.webui.keyword.builtin.ClickKeyword.click(ClickKeyword.groovy:75)
	at com.kms.katalon.core.webui.keyword.builtin.ClickKeyword.execute(ClickKeyword.groovy:40)
	at com.kms.katalon.core.keyword.internal.KeywordExecutor.executeKeywordForPlatform(KeywordExecutor.groovy:74)
	at com.kms.katalon.core.webui.keyword.WebUiBuiltInKeywords.click(WebUiBuiltInKeywords.groovy:684)
	at Tambah Tahun Ajaran.run(Tambah Tahun Ajaran:57)
	at com.kms.katalon.core.main.ScriptEngine.run(ScriptEngine.java:194)
	at com.kms.katalon.core.main.ScriptEngine.runScriptAsRawText(ScriptEngine.java:119)
	at com.kms.katalon.core.main.TestCaseExecutor.runScript(TestCaseExecutor.java:448)
	at com.kms.katalon.core.main.TestCaseExecutor.doExecute(TestCaseExecutor.java:439)
	at com.kms.katalon.core.main.TestCaseExecutor.processExecutionPhase(TestCaseExecutor.java:418)
	at com.kms.katalon.core.main.TestCaseExecutor.accessMainPhase(TestCaseExecutor.java:410)
	at com.kms.katalon.core.main.TestCaseExecutor.execute(TestCaseExecutor.java:285)
	at com.kms.katalon.core.main.TestCaseMain.runTestCase(TestCaseMain.java:133)
	at com.kms.katalon.core.keyword.builtin.CallTestCaseKeyword$_callTestCase_closure1.doCall(CallTestCaseKeyword.groovy:59)
	at com.kms.katalon.core.keyword.builtin.CallTestCaseKeyword$_callTestCase_closure1.call(CallTestCaseKeyword.groovy)
	at com.kms.katalon.core.keyword.internal.KeywordMain.runKeyword(KeywordMain.groovy:75)
	at com.kms.katalon.core.keyword.builtin.CallTestCaseKeyword.callTestCase(CallTestCaseKeyword.groovy:81)
	at com.kms.katalon.core.keyword.builtin.CallTestCaseKeyword.execute(CallTestCaseKeyword.groovy:44)
	at com.kms.katalon.core.keyword.internal.KeywordExecutor.executeKeywordForPlatform(KeywordExecutor.groovy:74)
	at com.kms.katalon.core.keyword.BuiltinKeywords.callTestCase(BuiltinKeywords.groovy:310)
	at jdk.internal.reflect.GeneratedMethodAccessor48.invoke(Unknown Source)
	at java.base/jdk.internal.reflect.DelegatingMethodAccessorImpl.invoke(DelegatingMethodAccessorImpl.java:43)
	at Regresi Tahun Ajaran.run(Regresi Tahun Ajaran:27)
	at com.kms.katalon.core.main.ScriptEngine.run(ScriptEngine.java:194)
	at com.kms.katalon.core.main.ScriptEngine.runScriptAsRawText(ScriptEngine.java:119)
	at com.kms.katalon.core.main.TestCaseExecutor.runScript(TestCaseExecutor.java:448)
	at com.kms.katalon.core.main.TestCaseExecutor.doExecute(TestCaseExecutor.java:439)
	at com.kms.katalon.core.main.TestCaseExecutor.processExecutionPhase(TestCaseExecutor.java:418)
	at com.kms.katalon.core.main.TestCaseExecutor.accessMainPhase(TestCaseExecutor.java:410)
	at com.kms.katalon.core.main.TestCaseExecutor.execute(TestCaseExecutor.java:285)
	at com.kms.katalon.core.common.CommonExecutor.accessTestCaseMainPhase(CommonExecutor.java:65)
	at com.kms.katalon.core.main.TestSuiteExecutor.accessTestSuiteMainPhase(TestSuiteExecutor.java:161)
	at com.kms.katalon.core.main.TestSuiteExecutor.execute(TestSuiteExecutor.java:107)
	at com.kms.katalon.core.main.TestCaseMain.startTestSuite(TestCaseMain.java:176)
	at TempTestSuite1735878642439.run(TempTestSuite1735878642439.groovy:35)
	at java.base/jdk.internal.reflect.NativeMethodAccessorImpl.invoke0(Native Method)
	at java.base/jdk.internal.reflect.NativeMethodAccessorImpl.invoke(NativeMethodAccessorImpl.java:77)
	at java.base/jdk.internal.reflect.DelegatingMethodAccessorImpl.invoke(DelegatingMethodAccessorImpl.java:43)
Caused by: com.kms.katalon.core.webui.exception.WebElementNotFoundException: Web element with id: 'Object Repository/Master Data/Admin Sekolah/Tahun Ajaran/Button Submit Tahun Ajaran' located by '//*[@id="modal"]//form/button
' not found
	at com.kms.katalon.core.webui.common.WebUiCommonHelper.findWebElement(WebUiCommonHelper.java:1426)
	at com.kms.katalon.core.webui.keyword.internal.WebUIAbstractKeyword.findWebElement(WebUIAbstractKeyword.groovy:27)
	at com.kms.katalon.core.webui.keyword.builtin.ClickKeyword$_click_closure1.doCall(ClickKeyword.groovy:66)
	at com.kms.katalon.core.webui.keyword.builtin.ClickKeyword$_click_closure1.call(ClickKeyword.groovy)
	at com.kms.katalon.core.webui.keyword.internal.WebUIKeywordMain.runKeyword(WebUIKeywordMain.groovy:35)
	at com.kms.katalon.core.webui.keyword.builtin.ClickKeyword.click(ClickKeyword.groovy:75)
	at com.kms.katalon.core.webui.keyword.builtin.ClickKeyword.execute(ClickKeyword.groovy:40)
	at com.kms.katalon.core.keyword.internal.KeywordExecutor.executeKeywordForPlatform(KeywordExecutor.groovy:74)
	at com.kms.katalon.core.webui.keyword.WebUiBuiltInKeywords.click(WebUiBuiltInKeywords.groovy:684)
	at Script1731464255956.run(Script1731464255956.groovy:57)
	at com.kms.katalon.core.main.ScriptEngine.run(ScriptEngine.java:194)
	at com.kms.katalon.core.main.ScriptEngine.runScriptAsRawText(ScriptEngine.java:119)
	at com.kms.katalon.core.main.TestCaseExecutor.runScript(TestCaseExecutor.java:448)
	at com.kms.katalon.core.main.TestCaseExecutor.doExecute(TestCaseExecutor.java:439)
	at com.kms.katalon.core.main.TestCaseExecutor.processExecutionPhase(TestCaseExecutor.java:418)
	at com.kms.katalon.core.main.TestCaseExecutor.accessMainPhase(TestCaseExecutor.java:410)
	at com.kms.katalon.core.main.TestCaseExecutor.execute(TestCaseExecutor.java:285)
	at com.kms.katalon.core.main.TestCaseMain.runTestCase(TestCaseMain.java:133)
	at com.kms.katalon.core.keyword.builtin.CallTestCaseKeyword$_callTestCase_closure1.doCall(CallTestCaseKeyword.groovy:59)
	at com.kms.katalon.core.keyword.builtin.CallTestCaseKeyword$_callTestCase_closure1.call(CallTestCaseKeyword.groovy)
	at com.kms.katalon.core.keyword.internal.KeywordMain.runKeyword(KeywordMain.groovy:75)
	at com.kms.katalon.core.keyword.builtin.CallTestCaseKeyword.callTestCase(CallTestCaseKeyword.groovy:81)
	at com.kms.katalon.core.keyword.builtin.CallTestCaseKeyword.execute(CallTestCaseKeyword.groovy:44)
	at com.kms.katalon.core.keyword.internal.KeywordExecutor.executeKeywordForPlatform(KeywordExecutor.groovy:74)
	at com.kms.katalon.core.keyword.BuiltinKeywords.callTestCase(BuiltinKeywords.groovy:310)
	at jdk.internal.reflect.GeneratedMethodAccessor48.invoke(Unknown Source)
	at java.base/jdk.internal.reflect.DelegatingMethodAccessorImpl.invoke(DelegatingMethodAccessorImpl.java:43)
	at Script1735746485307.run(Script1735746485307.groovy:27)
	... 15 more
)

03-01-2025T11:50:17 - [MESSAGE][INFO] - Unable to find the element located by 'By.xpath: //*[@id="modal"]//form/button
'. Please recheck the objects properties to make sure the desired element is located. 

03-01-2025T11:50:17 - [MESSAGE][WARNING] - [SELF-HEALING] Failed to find element with id 'Object Repository/Master Data/Admin Sekolah/Tahun Ajaran/Button Submit Tahun Ajaran'. Try using Self-healing.

03-01-2025T11:50:18 - [MESSAGE][INFO] - [SELF-HEALING] No working XPath is found.

03-01-2025T11:50:20 - [MESSAGE][WARNING] - [SELF-HEALING] invalid selector
from javascript error: {"status":32,"value":"Unable to locate an element with the xpath expression  because of the following error:\nSyntaxError: Failed to execute 'evaluate' on 'Document': The string '' is not a valid XPath expression."}
  (Session info: chrome=131.0.6778.205)
For documentation on this error, please visit: https://www.selenium.dev/documentation/webdriver/troubleshooting/errors#invalid-selector-exception
Build info: version: '4.22.0', revision: 'c5f3146703'
System info: os.name: 'Windows 11', os.arch: 'amd64', os.version: '10.0', java.version: '17.0.7'
Driver info: com.kms.katalon.selenium.driver.CChromeDriver
Command: [60fa9754e68f459e026ff0a3ff026db6, findElements {value=, using=xpath}]
Capabilities {acceptInsecureCerts: false, browserName: chrome, browserVersion: 131.0.6778.205, chrome: {chromedriverVersion: 130.0.6723.58 (3a50e012e4c9..., userDataDir: C:\Users\henri\AppData\Loca...}, fedcm:accounts: true, goog:chromeOptions: {debuggerAddress: localhost:64705}, networkConnectionEnabled: false, pageLoadStrategy: normal, platformName: windows, proxy: Proxy(), se:cdp: ws://localhost:64705/devtoo..., se:cdpVersion: 131.0.6778.205, setWindowRect: true, strictFileInteractability: false, timeouts: {implicit: 0, pageLoad: 300000, script: 30000}, unhandledPromptBehavior: ignore, webSocketUrl: ws://localhost:22763/sessio..., webauthn:extension:credBlob: true, webauthn:extension:largeBlob: true, webauthn:extension:minPinLength: true, webauthn:extension:prf: true, webauthn:virtualAuthenticators: true}
Session ID: 60fa9754e68f459e026ff0a3ff026db6

03-01-2025T11:50:20 - [MESSAGE][WARNING] - [SELF-HEALING] Cannot find elements when the selector is null

03-01-2025T11:50:20 - [MESSAGE][WARNING] - Unable to click on object 'Object Repository/Master Data/Admin Sekolah/Tahun Ajaran/Button Submit Tahun Ajaran' (Root cause: com.kms.katalon.core.exception.StepFailedException: Unable to click on object 'Object Repository/Master Data/Admin Sekolah/Tahun Ajaran/Button Submit Tahun Ajaran'
	at com.kms.katalon.core.webui.keyword.internal.WebUIKeywordMain.stepFailed(WebUIKeywordMain.groovy:117)
	at com.kms.katalon.core.webui.keyword.internal.WebUIKeywordMain.runKeyword(WebUIKeywordMain.groovy:43)
	at com.kms.katalon.core.webui.keyword.builtin.ClickKeyword.click(ClickKeyword.groovy:75)
	at com.kms.katalon.core.webui.keyword.builtin.ClickKeyword.execute(ClickKeyword.groovy:40)
	at com.kms.katalon.core.keyword.internal.KeywordExecutor.executeKeywordForPlatform(KeywordExecutor.groovy:74)
	at com.kms.katalon.core.webui.keyword.WebUiBuiltInKeywords.click(WebUiBuiltInKeywords.groovy:684)
	at Tambah Tahun Ajaran.run(Tambah Tahun Ajaran:57)
	at com.kms.katalon.core.main.ScriptEngine.run(ScriptEngine.java:194)
	at com.kms.katalon.core.main.ScriptEngine.runScriptAsRawText(ScriptEngine.java:119)
	at com.kms.katalon.core.main.TestCaseExecutor.runScript(TestCaseExecutor.java:448)
	at com.kms.katalon.core.main.TestCaseExecutor.doExecute(TestCaseExecutor.java:439)
	at com.kms.katalon.core.main.TestCaseExecutor.processExecutionPhase(TestCaseExecutor.java:418)
	at com.kms.katalon.core.main.TestCaseExecutor.accessMainPhase(TestCaseExecutor.java:410)
	at com.kms.katalon.core.main.TestCaseExecutor.execute(TestCaseExecutor.java:285)
	at com.kms.katalon.core.main.TestCaseMain.runTestCase(TestCaseMain.java:133)
	at com.kms.katalon.core.keyword.builtin.CallTestCaseKeyword$_callTestCase_closure1.doCall(CallTestCaseKeyword.groovy:59)
	at com.kms.katalon.core.keyword.builtin.CallTestCaseKeyword$_callTestCase_closure1.call(CallTestCaseKeyword.groovy)
	at com.kms.katalon.core.keyword.internal.KeywordMain.runKeyword(KeywordMain.groovy:75)
	at com.kms.katalon.core.keyword.builtin.CallTestCaseKeyword.callTestCase(CallTestCaseKeyword.groovy:81)
	at com.kms.katalon.core.keyword.builtin.CallTestCaseKeyword.execute(CallTestCaseKeyword.groovy:44)
	at com.kms.katalon.core.keyword.internal.KeywordExecutor.executeKeywordForPlatform(KeywordExecutor.groovy:74)
	at com.kms.katalon.core.keyword.BuiltinKeywords.callTestCase(BuiltinKeywords.groovy:310)
	at jdk.internal.reflect.GeneratedMethodAccessor48.invoke(Unknown Source)
	at java.base/jdk.internal.reflect.DelegatingMethodAccessorImpl.invoke(DelegatingMethodAccessorImpl.java:43)
	at Regresi Tahun Ajaran.run(Regresi Tahun Ajaran:27)
	at com.kms.katalon.core.main.ScriptEngine.run(ScriptEngine.java:194)
	at com.kms.katalon.core.main.ScriptEngine.runScriptAsRawText(ScriptEngine.java:119)
	at com.kms.katalon.core.main.TestCaseExecutor.runScript(TestCaseExecutor.java:448)
	at com.kms.katalon.core.main.TestCaseExecutor.doExecute(TestCaseExecutor.java:439)
	at com.kms.katalon.core.main.TestCaseExecutor.processExecutionPhase(TestCaseExecutor.java:418)
	at com.kms.katalon.core.main.TestCaseExecutor.accessMainPhase(TestCaseExecutor.java:410)
	at com.kms.katalon.core.main.TestCaseExecutor.execute(TestCaseExecutor.java:285)
	at com.kms.katalon.core.common.CommonExecutor.accessTestCaseMainPhase(CommonExecutor.java:65)
	at com.kms.katalon.core.main.TestSuiteExecutor.accessTestSuiteMainPhase(TestSuiteExecutor.java:161)
	at com.kms.katalon.core.main.TestSuiteExecutor.execute(TestSuiteExecutor.java:107)
	at com.kms.katalon.core.main.TestCaseMain.startTestSuite(TestCaseMain.java:176)
	at TempTestSuite1735878642439.run(TempTestSuite1735878642439.groovy:35)
	at java.base/jdk.internal.reflect.NativeMethodAccessorImpl.invoke0(Native Method)
	at java.base/jdk.internal.reflect.NativeMethodAccessorImpl.invoke(NativeMethodAccessorImpl.java:77)
	at java.base/jdk.internal.reflect.DelegatingMethodAccessorImpl.invoke(DelegatingMethodAccessorImpl.java:43)
Caused by: com.kms.katalon.core.webui.exception.WebElementNotFoundException: Web element with id: 'Object Repository/Master Data/Admin Sekolah/Tahun Ajaran/Button Submit Tahun Ajaran' located by '//*[@id="modal"]//form/button
' not found
	at com.kms.katalon.core.webui.common.WebUiCommonHelper.findWebElement(WebUiCommonHelper.java:1426)
	at com.kms.katalon.core.webui.keyword.internal.WebUIAbstractKeyword.findWebElement(WebUIAbstractKeyword.groovy:27)
	at com.kms.katalon.core.webui.keyword.builtin.ClickKeyword$_click_closure1.doCall(ClickKeyword.groovy:66)
	at com.kms.katalon.core.webui.keyword.builtin.ClickKeyword$_click_closure1.call(ClickKeyword.groovy)
	at com.kms.katalon.core.webui.keyword.internal.WebUIKeywordMain.runKeyword(WebUIKeywordMain.groovy:35)
	at com.kms.katalon.core.webui.keyword.builtin.ClickKeyword.click(ClickKeyword.groovy:75)
	at com.kms.katalon.core.webui.keyword.builtin.ClickKeyword.execute(ClickKeyword.groovy:40)
	at com.kms.katalon.core.keyword.internal.KeywordExecutor.executeKeywordForPlatform(KeywordExecutor.groovy:74)
	at com.kms.katalon.core.webui.keyword.WebUiBuiltInKeywords.click(WebUiBuiltInKeywords.groovy:684)
	at Script1731464255956.run(Script1731464255956.groovy:57)
	at com.kms.katalon.core.main.ScriptEngine.run(ScriptEngine.java:194)
	at com.kms.katalon.core.main.ScriptEngine.runScriptAsRawText(ScriptEngine.java:119)
	at com.kms.katalon.core.main.TestCaseExecutor.runScript(TestCaseExecutor.java:448)
	at com.kms.katalon.core.main.TestCaseExecutor.doExecute(TestCaseExecutor.java:439)
	at com.kms.katalon.core.main.TestCaseExecutor.processExecutionPhase(TestCaseExecutor.java:418)
	at com.kms.katalon.core.main.TestCaseExecutor.accessMainPhase(TestCaseExecutor.java:410)
	at com.kms.katalon.core.main.TestCaseExecutor.execute(TestCaseExecutor.java:285)
	at com.kms.katalon.core.main.TestCaseMain.runTestCase(TestCaseMain.java:133)
	at com.kms.katalon.core.keyword.builtin.CallTestCaseKeyword$_callTestCase_closure1.doCall(CallTestCaseKeyword.groovy:59)
	at com.kms.katalon.core.keyword.builtin.CallTestCaseKeyword$_callTestCase_closure1.call(CallTestCaseKeyword.groovy)
	at com.kms.katalon.core.keyword.internal.KeywordMain.runKeyword(KeywordMain.groovy:75)
	at com.kms.katalon.core.keyword.builtin.CallTestCaseKeyword.callTestCase(CallTestCaseKeyword.groovy:81)
	at com.kms.katalon.core.keyword.builtin.CallTestCaseKeyword.execute(CallTestCaseKeyword.groovy:44)
	at com.kms.katalon.core.keyword.internal.KeywordExecutor.executeKeywordForPlatform(KeywordExecutor.groovy:74)
	at com.kms.katalon.core.keyword.BuiltinKeywords.callTestCase(BuiltinKeywords.groovy:310)
	at jdk.internal.reflect.GeneratedMethodAccessor48.invoke(Unknown Source)
	at java.base/jdk.internal.reflect.DelegatingMethodAccessorImpl.invoke(DelegatingMethodAccessorImpl.java:43)
	at Script1735746485307.run(Script1735746485307.groovy:27)
	... 15 more
)
[[ATTACHMENT|C:\\Users\\henri\\Videos\\school-payment-automation-testing\\Reports\\20250103_113042\\SPRINT 1\\20250103_113042\\1735879820068.png]]

03-01-2025T11:50:20 - [TEST_STEP][PASSED] - closeBrowser(OPTIONAL): Browser is closed

03-01-2025T11:50:20 - [MESSAGE][PASSED] - Browser is closed

03-01-2025T11:50:20 - [MESSAGE][PASSED] - Call Test Case 'Test Cases/Master Data/Admin Sekolah/Master Data Tahun Ajaran/Tambah Tahun Ajaran' successfully

03-01-2025T11:50:20 - [TEST_STEP][PASSED] - println("============================= Loop Again ==============================="): null]]></system-out>
         <system-err><![CDATA[]]></system-err>
      </testcase>
      <system-out><![CDATA[03-01-2025T11:30:48 - [TEST_SUITE][FAILED] - SPRINT 1: Test Cases/Regresi Feature/Sprint 1/Regresi Kelas FAILED.
Reason:
com.kms.katalon.core.exception.StepFailedException: Unable to call Test Case 'Test Cases/Master Data/Admin Sekolah/Master Data Kelas/Tambah Kelas' (Root cause: com.kms.katalon.core.exception.StepFailedException: Call Test Case 'Test Cases/Master Data/Admin Sekolah/Master Data Kelas/Tambah Kelas' failed
	at com.kms.katalon.core.keyword.builtin.CallTestCaseKeyword$_callTestCase_closure1.doCall(CallTestCaseKeyword.groovy:63)
	at com.kms.katalon.core.keyword.builtin.CallTestCaseKeyword$_callTestCase_closure1.call(CallTestCaseKeyword.groovy)
	at com.kms.katalon.core.keyword.internal.KeywordMain.runKeyword(KeywordMain.groovy:75)
	at com.kms.katalon.core.keyword.builtin.CallTestCaseKeyword.callTestCase(CallTestCaseKeyword.groovy:81)
	at com.kms.katalon.core.keyword.builtin.CallTestCaseKeyword.execute(CallTestCaseKeyword.groovy:44)
	at com.kms.katalon.core.keyword.internal.KeywordExecutor.executeKeywordForPlatform(KeywordExecutor.groovy:74)
	at com.kms.katalon.core.keyword.BuiltinKeywords.callTestCase(BuiltinKeywords.groovy:310)
	at java.base/jdk.internal.reflect.NativeMethodAccessorImpl.invoke0(Native Method)
	at java.base/jdk.internal.reflect.NativeMethodAccessorImpl.invoke(NativeMethodAccessorImpl.java:77)
	at java.base/jdk.internal.reflect.DelegatingMethodAccessorImpl.invoke(DelegatingMethodAccessorImpl.java:43)
	at Regresi Kelas.run(Regresi Kelas:26)
	at com.kms.katalon.core.main.ScriptEngine.run(ScriptEngine.java:194)
	at com.kms.katalon.core.main.ScriptEngine.runScriptAsRawText(ScriptEngine.java:119)
	at com.kms.katalon.core.main.TestCaseExecutor.runScript(TestCaseExecutor.java:448)
	at com.kms.katalon.core.main.TestCaseExecutor.doExecute(TestCaseExecutor.java:439)
	at com.kms.katalon.core.main.TestCaseExecutor.processExecutionPhase(TestCaseExecutor.java:418)
	at com.kms.katalon.core.main.TestCaseExecutor.accessMainPhase(TestCaseExecutor.java:410)
	at com.kms.katalon.core.main.TestCaseExecutor.execute(TestCaseExecutor.java:285)
	at com.kms.katalon.core.common.CommonExecutor.accessTestCaseMainPhase(CommonExecutor.java:65)
	at com.kms.katalon.core.main.TestSuiteExecutor.accessTestSuiteMainPhase(TestSuiteExecutor.java:161)
	at com.kms.katalon.core.main.TestSuiteExecutor.execute(TestSuiteExecutor.java:107)
	at com.kms.katalon.core.main.TestCaseMain.startTestSuite(TestCaseMain.java:176)
	at TempTestSuite1735878642439.run(TempTestSuite1735878642439.groovy:35)
	at java.base/jdk.internal.reflect.NativeMethodAccessorImpl.invoke0(Native Method)
	at java.base/jdk.internal.reflect.NativeMethodAccessorImpl.invoke(NativeMethodAccessorImpl.java:77)
	at java.base/jdk.internal.reflect.DelegatingMethodAccessorImpl.invoke(DelegatingMethodAccessorImpl.java:43)
Caused by: com.kms.katalon.core.exception.StepFailedException: Unable to click on object 'Object Repository/Master Data/Admin Sekolah/Tambah Kelas/Modal Tambah/Prefix/Pilih Prefix' (Root cause: com.kms.katalon.core.exception.StepFailedException: Unable to click on object 'Object Repository/Master Data/Admin Sekolah/Tambah Kelas/Modal Tambah/Prefix/Pilih Prefix'
	at com.kms.katalon.core.webui.keyword.internal.WebUIKeywordMain.stepFailed(WebUIKeywordMain.groovy:117)
	at com.kms.katalon.core.webui.keyword.internal.WebUIKeywordMain.runKeyword(WebUIKeywordMain.groovy:43)
	at com.kms.katalon.core.webui.keyword.builtin.ClickKeyword.click(ClickKeyword.groovy:75)
	at com.kms.katalon.core.webui.keyword.builtin.ClickKeyword.execute(ClickKeyword.groovy:40)
	at com.kms.katalon.core.keyword.internal.KeywordExecutor.executeKeywordForPlatform(KeywordExecutor.groovy:74)
	at com.kms.katalon.core.webui.keyword.WebUiBuiltInKeywords.click(WebUiBuiltInKeywords.groovy:684)
	at Tambah Kelas.run(Tambah Kelas:46)
	at com.kms.katalon.core.main.ScriptEngine.run(ScriptEngine.java:194)
	at com.kms.katalon.core.main.ScriptEngine.runScriptAsRawText(ScriptEngine.java:119)
	at com.kms.katalon.core.main.TestCaseExecutor.runScript(TestCaseExecutor.java:448)
	at com.kms.katalon.core.main.TestCaseExecutor.doExecute(TestCaseExecutor.java:439)
	at com.kms.katalon.core.main.TestCaseExecutor.processExecutionPhase(TestCaseExecutor.java:418)
	at com.kms.katalon.core.main.TestCaseExecutor.accessMainPhase(TestCaseExecutor.java:410)
	at com.kms.katalon.core.main.TestCaseExecutor.execute(TestCaseExecutor.java:285)
	at com.kms.katalon.core.main.TestCaseMain.runTestCase(TestCaseMain.java:133)
	at com.kms.katalon.core.keyword.builtin.CallTestCaseKeyword$_callTestCase_closure1.doCall(CallTestCaseKeyword.groovy:59)
	at com.kms.katalon.core.keyword.builtin.CallTestCaseKeyword$_callTestCase_closure1.call(CallTestCaseKeyword.groovy)
	at com.kms.katalon.core.keyword.internal.KeywordMain.runKeyword(KeywordMain.groovy:75)
	at com.kms.katalon.core.keyword.builtin.CallTestCaseKeyword.callTestCase(CallTestCaseKeyword.groovy:81)
	at com.kms.katalon.core.keyword.builtin.CallTestCaseKeyword.execute(CallTestCaseKeyword.groovy:44)
	at com.kms.katalon.core.keyword.internal.KeywordExecutor.executeKeywordForPlatform(KeywordExecutor.groovy:74)
	at com.kms.katalon.core.keyword.BuiltinKeywords.callTestCase(BuiltinKeywords.groovy:310)
	at java.base/jdk.internal.reflect.NativeMethodAccessorImpl.invoke0(Native Method)
	at java.base/jdk.internal.reflect.NativeMethodAccessorImpl.invoke(NativeMethodAccessorImpl.java:77)
	at java.base/jdk.internal.reflect.DelegatingMethodAccessorImpl.invoke(DelegatingMethodAccessorImpl.java:43)
	at Regresi Kelas.run(Regresi Kelas:26)
	at com.kms.katalon.core.main.ScriptEngine.run(ScriptEngine.java:194)
	at com.kms.katalon.core.main.ScriptEngine.runScriptAsRawText(ScriptEngine.java:119)
	at com.kms.katalon.core.main.TestCaseExecutor.runScript(TestCaseExecutor.java:448)
	at com.kms.katalon.core.main.TestCaseExecutor.doExecute(TestCaseExecutor.java:439)
	at com.kms.katalon.core.main.TestCaseExecutor.processExecutionPhase(TestCaseExecutor.java:418)
	at com.kms.katalon.core.main.TestCaseExecutor.accessMainPhase(TestCaseExecutor.java:410)
	at com.kms.katalon.core.main.TestCaseExecutor.execute(TestCaseExecutor.java:285)
	at com.kms.katalon.core.common.CommonExecutor.accessTestCaseMainPhase(CommonExecutor.java:65)
	at com.kms.katalon.core.main.TestSuiteExecutor.accessTestSuiteMainPhase(TestSuiteExecutor.java:161)
	at com.kms.katalon.core.main.TestSuiteExecutor.execute(TestSuiteExecutor.java:107)
	at com.kms.katalon.core.main.TestCaseMain.startTestSuite(TestCaseMain.java:176)
	at TempTestSuite1735878642439.run(TempTestSuite1735878642439.groovy:35)
	at java.base/jdk.internal.reflect.NativeMethodAccessorImpl.invoke0(Native Method)
	at java.base/jdk.internal.reflect.NativeMethodAccessorImpl.invoke(NativeMethodAccessorImpl.java:77)
	at java.base/jdk.internal.reflect.DelegatingMethodAccessorImpl.invoke(DelegatingMethodAccessorImpl.java:43)
Caused by: com.kms.katalon.core.webui.exception.WebElementNotFoundException: Web element with id: 'Object Repository/Master Data/Admin Sekolah/Tambah Kelas/Modal Tambah/Prefix/Pilih Prefix' located by '//*[@data-testid = 'paragraph' and (text() = 'RETEST' or . = 'RETEST')]' not found
	at com.kms.katalon.core.webui.common.WebUiCommonHelper.findWebElement(WebUiCommonHelper.java:1426)
	at com.kms.katalon.core.webui.keyword.internal.WebUIAbstractKeyword.findWebElement(WebUIAbstractKeyword.groovy:27)
	at com.kms.katalon.core.webui.keyword.builtin.ClickKeyword$_click_closure1.doCall(ClickKeyword.groovy:66)
	at com.kms.katalon.core.webui.keyword.builtin.ClickKeyword$_click_closure1.call(ClickKeyword.groovy)
	at com.kms.katalon.core.webui.keyword.internal.WebUIKeywordMain.runKeyword(WebUIKeywordMain.groovy:35)
	at com.kms.katalon.core.webui.keyword.builtin.ClickKeyword.click(ClickKeyword.groovy:75)
	at com.kms.katalon.core.webui.keyword.builtin.ClickKeyword.execute(ClickKeyword.groovy:40)
	at com.kms.katalon.core.keyword.internal.KeywordExecutor.executeKeywordForPlatform(KeywordExecutor.groovy:74)
	at com.kms.katalon.core.webui.keyword.WebUiBuiltInKeywords.click(WebUiBuiltInKeywords.groovy:684)
	at Script1731464206565.run(Script1731464206565.groovy:46)
	at com.kms.katalon.core.main.ScriptEngine.run(ScriptEngine.java:194)
	at com.kms.katalon.core.main.ScriptEngine.runScriptAsRawText(ScriptEngine.java:119)
	at com.kms.katalon.core.main.TestCaseExecutor.runScript(TestCaseExecutor.java:448)
	at com.kms.katalon.core.main.TestCaseExecutor.doExecute(TestCaseExecutor.java:439)
	at com.kms.katalon.core.main.TestCaseExecutor.processExecutionPhase(TestCaseExecutor.java:418)
	at com.kms.katalon.core.main.TestCaseExecutor.accessMainPhase(TestCaseExecutor.java:410)
	at com.kms.katalon.core.main.TestCaseExecutor.execute(TestCaseExecutor.java:285)
	at com.kms.katalon.core.main.TestCaseMain.runTestCase(TestCaseMain.java:133)
	at com.kms.katalon.core.keyword.builtin.CallTestCaseKeyword$_callTestCase_closure1.doCall(CallTestCaseKeyword.groovy:59)
	at com.kms.katalon.core.keyword.builtin.CallTestCaseKeyword$_callTestCase_closure1.call(CallTestCaseKeyword.groovy)
	at com.kms.katalon.core.keyword.internal.KeywordMain.runKeyword(KeywordMain.groovy:75)
	at com.kms.katalon.core.keyword.builtin.CallTestCaseKeyword.callTestCase(CallTestCaseKeyword.groovy:81)
	at com.kms.katalon.core.keyword.builtin.CallTestCaseKeyword.execute(CallTestCaseKeyword.groovy:44)
	at com.kms.katalon.core.keyword.internal.KeywordExecutor.executeKeywordForPlatform(KeywordExecutor.groovy:74)
	at com.kms.katalon.core.keyword.BuiltinKeywords.callTestCase(BuiltinKeywords.groovy:310)
	at java.base/jdk.internal.reflect.NativeMethodAccessorImpl.invoke0(Native Method)
	at java.base/jdk.internal.reflect.NativeMethodAccessorImpl.invoke(NativeMethodAccessorImpl.java:77)
	at java.base/jdk.internal.reflect.DelegatingMethodAccessorImpl.invoke(DelegatingMethodAccessorImpl.java:43)
	at Script1735746406961.run(Script1735746406961.groovy:26)
	... 15 more
)
	at com.kms.katalon.core.keyword.internal.KeywordMain.stepFailed(KeywordMain.groovy:39)
	at com.kms.katalon.core.webui.keyword.internal.WebUIKeywordMain.stepFailed(WebUIKeywordMain.groovy:117)
	at com.kms.katalon.core.webui.keyword.internal.WebUIKeywordMain.runKeyword(WebUIKeywordMain.groovy:43)
	at com.kms.katalon.core.webui.keyword.builtin.ClickKeyword.click(ClickKeyword.groovy:75)
	at com.kms.katalon.core.webui.keyword.builtin.ClickKeyword.execute(ClickKeyword.groovy:40)
	at com.kms.katalon.core.keyword.internal.KeywordExecutor.executeKeywordForPlatform(KeywordExecutor.groovy:74)
	at com.kms.katalon.core.webui.keyword.WebUiBuiltInKeywords.click(WebUiBuiltInKeywords.groovy:684)
	at Tambah Kelas.run(Tambah Kelas:46)
	at com.kms.katalon.core.main.ScriptEngine.run(ScriptEngine.java:194)
	at com.kms.katalon.core.main.ScriptEngine.runScriptAsRawText(ScriptEngine.java:119)
	at com.kms.katalon.core.main.TestCaseExecutor.runScript(TestCaseExecutor.java:448)
	at com.kms.katalon.core.main.TestCaseExecutor.doExecute(TestCaseExecutor.java:439)
	at com.kms.katalon.core.main.TestCaseExecutor.processExecutionPhase(TestCaseExecutor.java:418)
	at com.kms.katalon.core.main.TestCaseExecutor.accessMainPhase(TestCaseExecutor.java:410)
	at com.kms.katalon.core.main.TestCaseExecutor.execute(TestCaseExecutor.java:285)
	at com.kms.katalon.core.main.TestCaseMain.runTestCase(TestCaseMain.java:133)
	at com.kms.katalon.core.keyword.builtin.CallTestCaseKeyword$_callTestCase_closure1.doCall(CallTestCaseKeyword.groovy:59)
	... 25 more
Caused by: com.kms.katalon.core.exception.StepFailedException: Unable to click on object 'Object Repository/Master Data/Admin Sekolah/Tambah Kelas/Modal Tambah/Prefix/Pilih Prefix'
	... 41 more
Caused by: com.kms.katalon.core.webui.exception.WebElementNotFoundException: Web element with id: 'Object Repository/Master Data/Admin Sekolah/Tambah Kelas/Modal Tambah/Prefix/Pilih Prefix' located by '//*[@data-testid = 'paragraph' and (text() = 'RETEST' or . = 'RETEST')]' not found
	at com.kms.katalon.core.webui.common.WebUiCommonHelper.findWebElement(WebUiCommonHelper.java:1426)
	at com.kms.katalon.core.webui.keyword.internal.WebUIAbstractKeyword.findWebElement(WebUIAbstractKeyword.groovy:27)
	at com.kms.katalon.core.webui.keyword.builtin.ClickKeyword$_click_closure1.doCall(ClickKeyword.groovy:66)
	at com.kms.katalon.core.webui.keyword.builtin.ClickKeyword$_click_closure1.call(ClickKeyword.groovy)
	at com.kms.katalon.core.webui.keyword.internal.WebUIKeywordMain.runKeyword(WebUIKeywordMain.groovy:35)
	... 39 more
)
	at com.kms.katalon.core.keyword.internal.KeywordMain.stepFailed(KeywordMain.groovy:39)
	at com.kms.katalon.core.keyword.internal.KeywordMain.stepFailed(KeywordMain.groovy)
	at com.kms.katalon.core.keyword.internal.KeywordMain.runKeyword(KeywordMain.groovy:77)
	at com.kms.katalon.core.keyword.builtin.CallTestCaseKeyword.callTestCase(CallTestCaseKeyword.groovy:81)
	at com.kms.katalon.core.keyword.builtin.CallTestCaseKeyword.execute(CallTestCaseKeyword.groovy:44)
	at com.kms.katalon.core.keyword.internal.KeywordExecutor.executeKeywordForPlatform(KeywordExecutor.groovy:74)
	at com.kms.katalon.core.keyword.BuiltinKeywords.callTestCase(BuiltinKeywords.groovy:310)
	at java.base/jdk.internal.reflect.NativeMethodAccessorImpl.invoke0(Native Method)
	at java.base/jdk.internal.reflect.NativeMethodAccessorImpl.invoke(NativeMethodAccessorImpl.java:77)
	at java.base/jdk.internal.reflect.DelegatingMethodAccessorImpl.invoke(DelegatingMethodAccessorImpl.java:43)
	at Regresi Kelas.run(Regresi Kelas:26)
	at com.kms.katalon.core.main.ScriptEngine.run(ScriptEngine.java:194)
	at com.kms.katalon.core.main.ScriptEngine.runScriptAsRawText(ScriptEngine.java:119)
	at com.kms.katalon.core.main.TestCaseExecutor.runScript(TestCaseExecutor.java:448)
	at com.kms.katalon.core.main.TestCaseExecutor.doExecute(TestCaseExecutor.java:439)
	at com.kms.katalon.core.main.TestCaseExecutor.processExecutionPhase(TestCaseExecutor.java:418)
	at com.kms.katalon.core.main.TestCaseExecutor.accessMainPhase(TestCaseExecutor.java:410)
	at com.kms.katalon.core.main.TestCaseExecutor.execute(TestCaseExecutor.java:285)
	at com.kms.katalon.core.common.CommonExecutor.accessTestCaseMainPhase(CommonExecutor.java:65)
	at com.kms.katalon.core.main.TestSuiteExecutor.accessTestSuiteMainPhase(TestSuiteExecutor.java:161)
	at com.kms.katalon.core.main.TestSuiteExecutor.execute(TestSuiteExecutor.java:107)
	at com.kms.katalon.core.main.TestCaseMain.startTestSuite(TestCaseMain.java:176)
	at TempTestSuite1735878642439.run(TempTestSuite1735878642439.groovy:35)
	at java.base/jdk.internal.reflect.NativeMethodAccessorImpl.invoke0(Native Method)
	at java.base/jdk.internal.reflect.NativeMethodAccessorImpl.invoke(NativeMethodAccessorImpl.java:77)
	at java.base/jdk.internal.reflect.DelegatingMethodAccessorImpl.invoke(DelegatingMethodAccessorImpl.java:43)
Caused by: com.kms.katalon.core.exception.StepFailedException: Call Test Case 'Test Cases/Master Data/Admin Sekolah/Master Data Kelas/Tambah Kelas' failed
	at com.kms.katalon.core.keyword.builtin.CallTestCaseKeyword$_callTestCase_closure1.doCall(CallTestCaseKeyword.groovy:63)
	at com.kms.katalon.core.keyword.builtin.CallTestCaseKeyword$_callTestCase_closure1.call(CallTestCaseKeyword.groovy)
	at com.kms.katalon.core.keyword.internal.KeywordMain.runKeyword(KeywordMain.groovy:75)
	... 23 more
Caused by: com.kms.katalon.core.exception.StepFailedException: Unable to click on object 'Object Repository/Master Data/Admin Sekolah/Tambah Kelas/Modal Tambah/Prefix/Pilih Prefix' (Root cause: com.kms.katalon.core.exception.StepFailedException: Unable to click on object 'Object Repository/Master Data/Admin Sekolah/Tambah Kelas/Modal Tambah/Prefix/Pilih Prefix'
	at com.kms.katalon.core.webui.keyword.internal.WebUIKeywordMain.stepFailed(WebUIKeywordMain.groovy:117)
	at com.kms.katalon.core.webui.keyword.internal.WebUIKeywordMain.runKeyword(WebUIKeywordMain.groovy:43)
	at com.kms.katalon.core.webui.keyword.builtin.ClickKeyword.click(ClickKeyword.groovy:75)
	at com.kms.katalon.core.webui.keyword.builtin.ClickKeyword.execute(ClickKeyword.groovy:40)
	at com.kms.katalon.core.keyword.internal.KeywordExecutor.executeKeywordForPlatform(KeywordExecutor.groovy:74)
	at com.kms.katalon.core.webui.keyword.WebUiBuiltInKeywords.click(WebUiBuiltInKeywords.groovy:684)
	at Tambah Kelas.run(Tambah Kelas:46)
	at com.kms.katalon.core.main.ScriptEngine.run(ScriptEngine.java:194)
	at com.kms.katalon.core.main.ScriptEngine.runScriptAsRawText(ScriptEngine.java:119)
	at com.kms.katalon.core.main.TestCaseExecutor.runScript(TestCaseExecutor.java:448)
	at com.kms.katalon.core.main.TestCaseExecutor.doExecute(TestCaseExecutor.java:439)
	at com.kms.katalon.core.main.TestCaseExecutor.processExecutionPhase(TestCaseExecutor.java:418)
	at com.kms.katalon.core.main.TestCaseExecutor.accessMainPhase(TestCaseExecutor.java:410)
	at com.kms.katalon.core.main.TestCaseExecutor.execute(TestCaseExecutor.java:285)
	at com.kms.katalon.core.main.TestCaseMain.runTestCase(TestCaseMain.java:133)
	at com.kms.katalon.core.keyword.builtin.CallTestCaseKeyword$_callTestCase_closure1.doCall(CallTestCaseKeyword.groovy:59)
	at com.kms.katalon.core.keyword.builtin.CallTestCaseKeyword$_callTestCase_closure1.call(CallTestCaseKeyword.groovy)
	at com.kms.katalon.core.keyword.internal.KeywordMain.runKeyword(KeywordMain.groovy:75)
	at com.kms.katalon.core.keyword.builtin.CallTestCaseKeyword.callTestCase(CallTestCaseKeyword.groovy:81)
	at com.kms.katalon.core.keyword.builtin.CallTestCaseKeyword.execute(CallTestCaseKeyword.groovy:44)
	at com.kms.katalon.core.keyword.internal.KeywordExecutor.executeKeywordForPlatform(KeywordExecutor.groovy:74)
	at com.kms.katalon.core.keyword.BuiltinKeywords.callTestCase(BuiltinKeywords.groovy:310)
	at java.base/jdk.internal.reflect.NativeMethodAccessorImpl.invoke0(Native Method)
	at java.base/jdk.internal.reflect.NativeMethodAccessorImpl.invoke(NativeMethodAccessorImpl.java:77)
	at java.base/jdk.internal.reflect.DelegatingMethodAccessorImpl.invoke(DelegatingMethodAccessorImpl.java:43)
	at Regresi Kelas.run(Regresi Kelas:26)
	at com.kms.katalon.core.main.ScriptEngine.run(ScriptEngine.java:194)
	at com.kms.katalon.core.main.ScriptEngine.runScriptAsRawText(ScriptEngine.java:119)
	at com.kms.katalon.core.main.TestCaseExecutor.runScript(TestCaseExecutor.java:448)
	at com.kms.katalon.core.main.TestCaseExecutor.doExecute(TestCaseExecutor.java:439)
	at com.kms.katalon.core.main.TestCaseExecutor.processExecutionPhase(TestCaseExecutor.java:418)
	at com.kms.katalon.core.main.TestCaseExecutor.accessMainPhase(TestCaseExecutor.java:410)
	at com.kms.katalon.core.main.TestCaseExecutor.execute(TestCaseExecutor.java:285)
	at com.kms.katalon.core.common.CommonExecutor.accessTestCaseMainPhase(CommonExecutor.java:65)
	at com.kms.katalon.core.main.TestSuiteExecutor.accessTestSuiteMainPhase(TestSuiteExecutor.java:161)
	at com.kms.katalon.core.main.TestSuiteExecutor.execute(TestSuiteExecutor.java:107)
	at com.kms.katalon.core.main.TestCaseMain.startTestSuite(TestCaseMain.java:176)
	at TempTestSuite1735878642439.run(TempTestSuite1735878642439.groovy:35)
	at java.base/jdk.internal.reflect.NativeMethodAccessorImpl.invoke0(Native Method)
	at java.base/jdk.internal.reflect.NativeMethodAccessorImpl.invoke(NativeMethodAccessorImpl.java:77)
	at java.base/jdk.internal.reflect.DelegatingMethodAccessorImpl.invoke(DelegatingMethodAccessorImpl.java:43)
Caused by: com.kms.katalon.core.webui.exception.WebElementNotFoundException: Web element with id: 'Object Repository/Master Data/Admin Sekolah/Tambah Kelas/Modal Tambah/Prefix/Pilih Prefix' located by '//*[@data-testid = 'paragraph' and (text() = 'RETEST' or . = 'RETEST')]' not found
	at com.kms.katalon.core.webui.common.WebUiCommonHelper.findWebElement(WebUiCommonHelper.java:1426)
	at com.kms.katalon.core.webui.keyword.internal.WebUIAbstractKeyword.findWebElement(WebUIAbstractKeyword.groovy:27)
	at com.kms.katalon.core.webui.keyword.builtin.ClickKeyword$_click_closure1.doCall(ClickKeyword.groovy:66)
	at com.kms.katalon.core.webui.keyword.builtin.ClickKeyword$_click_closure1.call(ClickKeyword.groovy)
	at com.kms.katalon.core.webui.keyword.internal.WebUIKeywordMain.runKeyword(WebUIKeywordMain.groovy:35)
	at com.kms.katalon.core.webui.keyword.builtin.ClickKeyword.click(ClickKeyword.groovy:75)
	at com.kms.katalon.core.webui.keyword.builtin.ClickKeyword.execute(ClickKeyword.groovy:40)
	at com.kms.katalon.core.keyword.internal.KeywordExecutor.executeKeywordForPlatform(KeywordExecutor.groovy:74)
	at com.kms.katalon.core.webui.keyword.WebUiBuiltInKeywords.click(WebUiBuiltInKeywords.groovy:684)
	at Script1731464206565.run(Script1731464206565.groovy:46)
	at com.kms.katalon.core.main.ScriptEngine.run(ScriptEngine.java:194)
	at com.kms.katalon.core.main.ScriptEngine.runScriptAsRawText(ScriptEngine.java:119)
	at com.kms.katalon.core.main.TestCaseExecutor.runScript(TestCaseExecutor.java:448)
	at com.kms.katalon.core.main.TestCaseExecutor.doExecute(TestCaseExecutor.java:439)
	at com.kms.katalon.core.main.TestCaseExecutor.processExecutionPhase(TestCaseExecutor.java:418)
	at com.kms.katalon.core.main.TestCaseExecutor.accessMainPhase(TestCaseExecutor.java:410)
	at com.kms.katalon.core.main.TestCaseExecutor.execute(TestCaseExecutor.java:285)
	at com.kms.katalon.core.main.TestCaseMain.runTestCase(TestCaseMain.java:133)
	at com.kms.katalon.core.keyword.builtin.CallTestCaseKeyword$_callTestCase_closure1.doCall(CallTestCaseKeyword.groovy:59)
	at com.kms.katalon.core.keyword.builtin.CallTestCaseKeyword$_callTestCase_closure1.call(CallTestCaseKeyword.groovy)
	at com.kms.katalon.core.keyword.internal.KeywordMain.runKeyword(KeywordMain.groovy:75)
	at com.kms.katalon.core.keyword.builtin.CallTestCaseKeyword.callTestCase(CallTestCaseKeyword.groovy:81)
	at com.kms.katalon.core.keyword.builtin.CallTestCaseKeyword.execute(CallTestCaseKeyword.groovy:44)
	at com.kms.katalon.core.keyword.internal.KeywordExecutor.executeKeywordForPlatform(KeywordExecutor.groovy:74)
	at com.kms.katalon.core.keyword.BuiltinKeywords.callTestCase(BuiltinKeywords.groovy:310)
	at java.base/jdk.internal.reflect.NativeMethodAccessorImpl.invoke0(Native Method)
	at java.base/jdk.internal.reflect.NativeMethodAccessorImpl.invoke(NativeMethodAccessorImpl.java:77)
	at java.base/jdk.internal.reflect.DelegatingMethodAccessorImpl.invoke(DelegatingMethodAccessorImpl.java:43)
	at Script1735746406961.run(Script1735746406961.groovy:26)
	... 15 more
)
	at com.kms.katalon.core.keyword.internal.KeywordMain.stepFailed(KeywordMain.groovy:39)
	at com.kms.katalon.core.webui.keyword.internal.WebUIKeywordMain.stepFailed(WebUIKeywordMain.groovy:117)
	at com.kms.katalon.core.webui.keyword.internal.WebUIKeywordMain.runKeyword(WebUIKeywordMain.groovy:43)
	at com.kms.katalon.core.webui.keyword.builtin.ClickKeyword.click(ClickKeyword.groovy:75)
	at com.kms.katalon.core.webui.keyword.builtin.ClickKeyword.execute(ClickKeyword.groovy:40)
	at com.kms.katalon.core.keyword.internal.KeywordExecutor.executeKeywordForPlatform(KeywordExecutor.groovy:74)
	at com.kms.katalon.core.webui.keyword.WebUiBuiltInKeywords.click(WebUiBuiltInKeywords.groovy:684)
	at Tambah Kelas.run(Tambah Kelas:46)
	at com.kms.katalon.core.main.ScriptEngine.run(ScriptEngine.java:194)
	at com.kms.katalon.core.main.ScriptEngine.runScriptAsRawText(ScriptEngine.java:119)
	at com.kms.katalon.core.main.TestCaseExecutor.runScript(TestCaseExecutor.java:448)
	at com.kms.katalon.core.main.TestCaseExecutor.doExecute(TestCaseExecutor.java:439)
	at com.kms.katalon.core.main.TestCaseExecutor.processExecutionPhase(TestCaseExecutor.java:418)
	at com.kms.katalon.core.main.TestCaseExecutor.accessMainPhase(TestCaseExecutor.java:410)
	at com.kms.katalon.core.main.TestCaseExecutor.execute(TestCaseExecutor.java:285)
	at com.kms.katalon.core.main.TestCaseMain.runTestCase(TestCaseMain.java:133)
	at com.kms.katalon.core.keyword.builtin.CallTestCaseKeyword$_callTestCase_closure1.doCall(CallTestCaseKeyword.groovy:59)
	... 25 more
Caused by: com.kms.katalon.core.exception.StepFailedException: Unable to click on object 'Object Repository/Master Data/Admin Sekolah/Tambah Kelas/Modal Tambah/Prefix/Pilih Prefix'
	... 41 more
Caused by: com.kms.katalon.core.webui.exception.WebElementNotFoundException: Web element with id: 'Object Repository/Master Data/Admin Sekolah/Tambah Kelas/Modal Tambah/Prefix/Pilih Prefix' located by '//*[@data-testid = 'paragraph' and (text() = 'RETEST' or . = 'RETEST')]' not found
	at com.kms.katalon.core.webui.common.WebUiCommonHelper.findWebElement(WebUiCommonHelper.java:1426)
	at com.kms.katalon.core.webui.keyword.internal.WebUIAbstractKeyword.findWebElement(WebUIAbstractKeyword.groovy:27)
	at com.kms.katalon.core.webui.keyword.builtin.ClickKeyword$_click_closure1.doCall(ClickKeyword.groovy:66)
	at com.kms.katalon.core.webui.keyword.builtin.ClickKeyword$_click_closure1.call(ClickKeyword.groovy)
	at com.kms.katalon.core.webui.keyword.internal.WebUIKeywordMain.runKeyword(WebUIKeywordMain.groovy:35)
	... 39 more]]></system-out>
      <system-err><![CDATA[03-01-2025T11:30:48 - [TEST_SUITE][FAILED] - SPRINT 1: Test Cases/Regresi Feature/Sprint 1/Regresi Kelas FAILED.
Reason:
com.kms.katalon.core.exception.StepFailedException: Unable to call Test Case 'Test Cases/Master Data/Admin Sekolah/Master Data Kelas/Tambah Kelas' (Root cause: com.kms.katalon.core.exception.StepFailedException: Call Test Case 'Test Cases/Master Data/Admin Sekolah/Master Data Kelas/Tambah Kelas' failed
	at com.kms.katalon.core.keyword.builtin.CallTestCaseKeyword$_callTestCase_closure1.doCall(CallTestCaseKeyword.groovy:63)
	at com.kms.katalon.core.keyword.builtin.CallTestCaseKeyword$_callTestCase_closure1.call(CallTestCaseKeyword.groovy)
	at com.kms.katalon.core.keyword.internal.KeywordMain.runKeyword(KeywordMain.groovy:75)
	at com.kms.katalon.core.keyword.builtin.CallTestCaseKeyword.callTestCase(CallTestCaseKeyword.groovy:81)
	at com.kms.katalon.core.keyword.builtin.CallTestCaseKeyword.execute(CallTestCaseKeyword.groovy:44)
	at com.kms.katalon.core.keyword.internal.KeywordExecutor.executeKeywordForPlatform(KeywordExecutor.groovy:74)
	at com.kms.katalon.core.keyword.BuiltinKeywords.callTestCase(BuiltinKeywords.groovy:310)
	at java.base/jdk.internal.reflect.NativeMethodAccessorImpl.invoke0(Native Method)
	at java.base/jdk.internal.reflect.NativeMethodAccessorImpl.invoke(NativeMethodAccessorImpl.java:77)
	at java.base/jdk.internal.reflect.DelegatingMethodAccessorImpl.invoke(DelegatingMethodAccessorImpl.java:43)
	at Regresi Kelas.run(Regresi Kelas:26)
	at com.kms.katalon.core.main.ScriptEngine.run(ScriptEngine.java:194)
	at com.kms.katalon.core.main.ScriptEngine.runScriptAsRawText(ScriptEngine.java:119)
	at com.kms.katalon.core.main.TestCaseExecutor.runScript(TestCaseExecutor.java:448)
	at com.kms.katalon.core.main.TestCaseExecutor.doExecute(TestCaseExecutor.java:439)
	at com.kms.katalon.core.main.TestCaseExecutor.processExecutionPhase(TestCaseExecutor.java:418)
	at com.kms.katalon.core.main.TestCaseExecutor.accessMainPhase(TestCaseExecutor.java:410)
	at com.kms.katalon.core.main.TestCaseExecutor.execute(TestCaseExecutor.java:285)
	at com.kms.katalon.core.common.CommonExecutor.accessTestCaseMainPhase(CommonExecutor.java:65)
	at com.kms.katalon.core.main.TestSuiteExecutor.accessTestSuiteMainPhase(TestSuiteExecutor.java:161)
	at com.kms.katalon.core.main.TestSuiteExecutor.execute(TestSuiteExecutor.java:107)
	at com.kms.katalon.core.main.TestCaseMain.startTestSuite(TestCaseMain.java:176)
	at TempTestSuite1735878642439.run(TempTestSuite1735878642439.groovy:35)
	at java.base/jdk.internal.reflect.NativeMethodAccessorImpl.invoke0(Native Method)
	at java.base/jdk.internal.reflect.NativeMethodAccessorImpl.invoke(NativeMethodAccessorImpl.java:77)
	at java.base/jdk.internal.reflect.DelegatingMethodAccessorImpl.invoke(DelegatingMethodAccessorImpl.java:43)
Caused by: com.kms.katalon.core.exception.StepFailedException: Unable to click on object 'Object Repository/Master Data/Admin Sekolah/Tambah Kelas/Modal Tambah/Prefix/Pilih Prefix' (Root cause: com.kms.katalon.core.exception.StepFailedException: Unable to click on object 'Object Repository/Master Data/Admin Sekolah/Tambah Kelas/Modal Tambah/Prefix/Pilih Prefix'
	at com.kms.katalon.core.webui.keyword.internal.WebUIKeywordMain.stepFailed(WebUIKeywordMain.groovy:117)
	at com.kms.katalon.core.webui.keyword.internal.WebUIKeywordMain.runKeyword(WebUIKeywordMain.groovy:43)
	at com.kms.katalon.core.webui.keyword.builtin.ClickKeyword.click(ClickKeyword.groovy:75)
	at com.kms.katalon.core.webui.keyword.builtin.ClickKeyword.execute(ClickKeyword.groovy:40)
	at com.kms.katalon.core.keyword.internal.KeywordExecutor.executeKeywordForPlatform(KeywordExecutor.groovy:74)
	at com.kms.katalon.core.webui.keyword.WebUiBuiltInKeywords.click(WebUiBuiltInKeywords.groovy:684)
	at Tambah Kelas.run(Tambah Kelas:46)
	at com.kms.katalon.core.main.ScriptEngine.run(ScriptEngine.java:194)
	at com.kms.katalon.core.main.ScriptEngine.runScriptAsRawText(ScriptEngine.java:119)
	at com.kms.katalon.core.main.TestCaseExecutor.runScript(TestCaseExecutor.java:448)
	at com.kms.katalon.core.main.TestCaseExecutor.doExecute(TestCaseExecutor.java:439)
	at com.kms.katalon.core.main.TestCaseExecutor.processExecutionPhase(TestCaseExecutor.java:418)
	at com.kms.katalon.core.main.TestCaseExecutor.accessMainPhase(TestCaseExecutor.java:410)
	at com.kms.katalon.core.main.TestCaseExecutor.execute(TestCaseExecutor.java:285)
	at com.kms.katalon.core.main.TestCaseMain.runTestCase(TestCaseMain.java:133)
	at com.kms.katalon.core.keyword.builtin.CallTestCaseKeyword$_callTestCase_closure1.doCall(CallTestCaseKeyword.groovy:59)
	at com.kms.katalon.core.keyword.builtin.CallTestCaseKeyword$_callTestCase_closure1.call(CallTestCaseKeyword.groovy)
	at com.kms.katalon.core.keyword.internal.KeywordMain.runKeyword(KeywordMain.groovy:75)
	at com.kms.katalon.core.keyword.builtin.CallTestCaseKeyword.callTestCase(CallTestCaseKeyword.groovy:81)
	at com.kms.katalon.core.keyword.builtin.CallTestCaseKeyword.execute(CallTestCaseKeyword.groovy:44)
	at com.kms.katalon.core.keyword.internal.KeywordExecutor.executeKeywordForPlatform(KeywordExecutor.groovy:74)
	at com.kms.katalon.core.keyword.BuiltinKeywords.callTestCase(BuiltinKeywords.groovy:310)
	at java.base/jdk.internal.reflect.NativeMethodAccessorImpl.invoke0(Native Method)
	at java.base/jdk.internal.reflect.NativeMethodAccessorImpl.invoke(NativeMethodAccessorImpl.java:77)
	at java.base/jdk.internal.reflect.DelegatingMethodAccessorImpl.invoke(DelegatingMethodAccessorImpl.java:43)
	at Regresi Kelas.run(Regresi Kelas:26)
	at com.kms.katalon.core.main.ScriptEngine.run(ScriptEngine.java:194)
	at com.kms.katalon.core.main.ScriptEngine.runScriptAsRawText(ScriptEngine.java:119)
	at com.kms.katalon.core.main.TestCaseExecutor.runScript(TestCaseExecutor.java:448)
	at com.kms.katalon.core.main.TestCaseExecutor.doExecute(TestCaseExecutor.java:439)
	at com.kms.katalon.core.main.TestCaseExecutor.processExecutionPhase(TestCaseExecutor.java:418)
	at com.kms.katalon.core.main.TestCaseExecutor.accessMainPhase(TestCaseExecutor.java:410)
	at com.kms.katalon.core.main.TestCaseExecutor.execute(TestCaseExecutor.java:285)
	at com.kms.katalon.core.common.CommonExecutor.accessTestCaseMainPhase(CommonExecutor.java:65)
	at com.kms.katalon.core.main.TestSuiteExecutor.accessTestSuiteMainPhase(TestSuiteExecutor.java:161)
	at com.kms.katalon.core.main.TestSuiteExecutor.execute(TestSuiteExecutor.java:107)
	at com.kms.katalon.core.main.TestCaseMain.startTestSuite(TestCaseMain.java:176)
	at TempTestSuite1735878642439.run(TempTestSuite1735878642439.groovy:35)
	at java.base/jdk.internal.reflect.NativeMethodAccessorImpl.invoke0(Native Method)
	at java.base/jdk.internal.reflect.NativeMethodAccessorImpl.invoke(NativeMethodAccessorImpl.java:77)
	at java.base/jdk.internal.reflect.DelegatingMethodAccessorImpl.invoke(DelegatingMethodAccessorImpl.java:43)
Caused by: com.kms.katalon.core.webui.exception.WebElementNotFoundException: Web element with id: 'Object Repository/Master Data/Admin Sekolah/Tambah Kelas/Modal Tambah/Prefix/Pilih Prefix' located by '//*[@data-testid = 'paragraph' and (text() = 'RETEST' or . = 'RETEST')]' not found
	at com.kms.katalon.core.webui.common.WebUiCommonHelper.findWebElement(WebUiCommonHelper.java:1426)
	at com.kms.katalon.core.webui.keyword.internal.WebUIAbstractKeyword.findWebElement(WebUIAbstractKeyword.groovy:27)
	at com.kms.katalon.core.webui.keyword.builtin.ClickKeyword$_click_closure1.doCall(ClickKeyword.groovy:66)
	at com.kms.katalon.core.webui.keyword.builtin.ClickKeyword$_click_closure1.call(ClickKeyword.groovy)
	at com.kms.katalon.core.webui.keyword.internal.WebUIKeywordMain.runKeyword(WebUIKeywordMain.groovy:35)
	at com.kms.katalon.core.webui.keyword.builtin.ClickKeyword.click(ClickKeyword.groovy:75)
	at com.kms.katalon.core.webui.keyword.builtin.ClickKeyword.execute(ClickKeyword.groovy:40)
	at com.kms.katalon.core.keyword.internal.KeywordExecutor.executeKeywordForPlatform(KeywordExecutor.groovy:74)
	at com.kms.katalon.core.webui.keyword.WebUiBuiltInKeywords.click(WebUiBuiltInKeywords.groovy:684)
	at Script1731464206565.run(Script1731464206565.groovy:46)
	at com.kms.katalon.core.main.ScriptEngine.run(ScriptEngine.java:194)
	at com.kms.katalon.core.main.ScriptEngine.runScriptAsRawText(ScriptEngine.java:119)
	at com.kms.katalon.core.main.TestCaseExecutor.runScript(TestCaseExecutor.java:448)
	at com.kms.katalon.core.main.TestCaseExecutor.doExecute(TestCaseExecutor.java:439)
	at com.kms.katalon.core.main.TestCaseExecutor.processExecutionPhase(TestCaseExecutor.java:418)
	at com.kms.katalon.core.main.TestCaseExecutor.accessMainPhase(TestCaseExecutor.java:410)
	at com.kms.katalon.core.main.TestCaseExecutor.execute(TestCaseExecutor.java:285)
	at com.kms.katalon.core.main.TestCaseMain.runTestCase(TestCaseMain.java:133)
	at com.kms.katalon.core.keyword.builtin.CallTestCaseKeyword$_callTestCase_closure1.doCall(CallTestCaseKeyword.groovy:59)
	at com.kms.katalon.core.keyword.builtin.CallTestCaseKeyword$_callTestCase_closure1.call(CallTestCaseKeyword.groovy)
	at com.kms.katalon.core.keyword.internal.KeywordMain.runKeyword(KeywordMain.groovy:75)
	at com.kms.katalon.core.keyword.builtin.CallTestCaseKeyword.callTestCase(CallTestCaseKeyword.groovy:81)
	at com.kms.katalon.core.keyword.builtin.CallTestCaseKeyword.execute(CallTestCaseKeyword.groovy:44)
	at com.kms.katalon.core.keyword.internal.KeywordExecutor.executeKeywordForPlatform(KeywordExecutor.groovy:74)
	at com.kms.katalon.core.keyword.BuiltinKeywords.callTestCase(BuiltinKeywords.groovy:310)
	at java.base/jdk.internal.reflect.NativeMethodAccessorImpl.invoke0(Native Method)
	at java.base/jdk.internal.reflect.NativeMethodAccessorImpl.invoke(NativeMethodAccessorImpl.java:77)
	at java.base/jdk.internal.reflect.DelegatingMethodAccessorImpl.invoke(DelegatingMethodAccessorImpl.java:43)
	at Script1735746406961.run(Script1735746406961.groovy:26)
	... 15 more
)
	at com.kms.katalon.core.keyword.internal.KeywordMain.stepFailed(KeywordMain.groovy:39)
	at com.kms.katalon.core.webui.keyword.internal.WebUIKeywordMain.stepFailed(WebUIKeywordMain.groovy:117)
	at com.kms.katalon.core.webui.keyword.internal.WebUIKeywordMain.runKeyword(WebUIKeywordMain.groovy:43)
	at com.kms.katalon.core.webui.keyword.builtin.ClickKeyword.click(ClickKeyword.groovy:75)
	at com.kms.katalon.core.webui.keyword.builtin.ClickKeyword.execute(ClickKeyword.groovy:40)
	at com.kms.katalon.core.keyword.internal.KeywordExecutor.executeKeywordForPlatform(KeywordExecutor.groovy:74)
	at com.kms.katalon.core.webui.keyword.WebUiBuiltInKeywords.click(WebUiBuiltInKeywords.groovy:684)
	at Tambah Kelas.run(Tambah Kelas:46)
	at com.kms.katalon.core.main.ScriptEngine.run(ScriptEngine.java:194)
	at com.kms.katalon.core.main.ScriptEngine.runScriptAsRawText(ScriptEngine.java:119)
	at com.kms.katalon.core.main.TestCaseExecutor.runScript(TestCaseExecutor.java:448)
	at com.kms.katalon.core.main.TestCaseExecutor.doExecute(TestCaseExecutor.java:439)
	at com.kms.katalon.core.main.TestCaseExecutor.processExecutionPhase(TestCaseExecutor.java:418)
	at com.kms.katalon.core.main.TestCaseExecutor.accessMainPhase(TestCaseExecutor.java:410)
	at com.kms.katalon.core.main.TestCaseExecutor.execute(TestCaseExecutor.java:285)
	at com.kms.katalon.core.main.TestCaseMain.runTestCase(TestCaseMain.java:133)
	at com.kms.katalon.core.keyword.builtin.CallTestCaseKeyword$_callTestCase_closure1.doCall(CallTestCaseKeyword.groovy:59)
	... 25 more
Caused by: com.kms.katalon.core.exception.StepFailedException: Unable to click on object 'Object Repository/Master Data/Admin Sekolah/Tambah Kelas/Modal Tambah/Prefix/Pilih Prefix'
	... 41 more
Caused by: com.kms.katalon.core.webui.exception.WebElementNotFoundException: Web element with id: 'Object Repository/Master Data/Admin Sekolah/Tambah Kelas/Modal Tambah/Prefix/Pilih Prefix' located by '//*[@data-testid = 'paragraph' and (text() = 'RETEST' or . = 'RETEST')]' not found
	at com.kms.katalon.core.webui.common.WebUiCommonHelper.findWebElement(WebUiCommonHelper.java:1426)
	at com.kms.katalon.core.webui.keyword.internal.WebUIAbstractKeyword.findWebElement(WebUIAbstractKeyword.groovy:27)
	at com.kms.katalon.core.webui.keyword.builtin.ClickKeyword$_click_closure1.doCall(ClickKeyword.groovy:66)
	at com.kms.katalon.core.webui.keyword.builtin.ClickKeyword$_click_closure1.call(ClickKeyword.groovy)
	at com.kms.katalon.core.webui.keyword.internal.WebUIKeywordMain.runKeyword(WebUIKeywordMain.groovy:35)
	... 39 more
)
	at com.kms.katalon.core.keyword.internal.KeywordMain.stepFailed(KeywordMain.groovy:39)
	at com.kms.katalon.core.keyword.internal.KeywordMain.stepFailed(KeywordMain.groovy)
	at com.kms.katalon.core.keyword.internal.KeywordMain.runKeyword(KeywordMain.groovy:77)
	at com.kms.katalon.core.keyword.builtin.CallTestCaseKeyword.callTestCase(CallTestCaseKeyword.groovy:81)
	at com.kms.katalon.core.keyword.builtin.CallTestCaseKeyword.execute(CallTestCaseKeyword.groovy:44)
	at com.kms.katalon.core.keyword.internal.KeywordExecutor.executeKeywordForPlatform(KeywordExecutor.groovy:74)
	at com.kms.katalon.core.keyword.BuiltinKeywords.callTestCase(BuiltinKeywords.groovy:310)
	at java.base/jdk.internal.reflect.NativeMethodAccessorImpl.invoke0(Native Method)
	at java.base/jdk.internal.reflect.NativeMethodAccessorImpl.invoke(NativeMethodAccessorImpl.java:77)
	at java.base/jdk.internal.reflect.DelegatingMethodAccessorImpl.invoke(DelegatingMethodAccessorImpl.java:43)
	at Regresi Kelas.run(Regresi Kelas:26)
	at com.kms.katalon.core.main.ScriptEngine.run(ScriptEngine.java:194)
	at com.kms.katalon.core.main.ScriptEngine.runScriptAsRawText(ScriptEngine.java:119)
	at com.kms.katalon.core.main.TestCaseExecutor.runScript(TestCaseExecutor.java:448)
	at com.kms.katalon.core.main.TestCaseExecutor.doExecute(TestCaseExecutor.java:439)
	at com.kms.katalon.core.main.TestCaseExecutor.processExecutionPhase(TestCaseExecutor.java:418)
	at com.kms.katalon.core.main.TestCaseExecutor.accessMainPhase(TestCaseExecutor.java:410)
	at com.kms.katalon.core.main.TestCaseExecutor.execute(TestCaseExecutor.java:285)
	at com.kms.katalon.core.common.CommonExecutor.accessTestCaseMainPhase(CommonExecutor.java:65)
	at com.kms.katalon.core.main.TestSuiteExecutor.accessTestSuiteMainPhase(TestSuiteExecutor.java:161)
	at com.kms.katalon.core.main.TestSuiteExecutor.execute(TestSuiteExecutor.java:107)
	at com.kms.katalon.core.main.TestCaseMain.startTestSuite(TestCaseMain.java:176)
	at TempTestSuite1735878642439.run(TempTestSuite1735878642439.groovy:35)
	at java.base/jdk.internal.reflect.NativeMethodAccessorImpl.invoke0(Native Method)
	at java.base/jdk.internal.reflect.NativeMethodAccessorImpl.invoke(NativeMethodAccessorImpl.java:77)
	at java.base/jdk.internal.reflect.DelegatingMethodAccessorImpl.invoke(DelegatingMethodAccessorImpl.java:43)
Caused by: com.kms.katalon.core.exception.StepFailedException: Call Test Case 'Test Cases/Master Data/Admin Sekolah/Master Data Kelas/Tambah Kelas' failed
	at com.kms.katalon.core.keyword.builtin.CallTestCaseKeyword$_callTestCase_closure1.doCall(CallTestCaseKeyword.groovy:63)
	at com.kms.katalon.core.keyword.builtin.CallTestCaseKeyword$_callTestCase_closure1.call(CallTestCaseKeyword.groovy)
	at com.kms.katalon.core.keyword.internal.KeywordMain.runKeyword(KeywordMain.groovy:75)
	... 23 more
Caused by: com.kms.katalon.core.exception.StepFailedException: Unable to click on object 'Object Repository/Master Data/Admin Sekolah/Tambah Kelas/Modal Tambah/Prefix/Pilih Prefix' (Root cause: com.kms.katalon.core.exception.StepFailedException: Unable to click on object 'Object Repository/Master Data/Admin Sekolah/Tambah Kelas/Modal Tambah/Prefix/Pilih Prefix'
	at com.kms.katalon.core.webui.keyword.internal.WebUIKeywordMain.stepFailed(WebUIKeywordMain.groovy:117)
	at com.kms.katalon.core.webui.keyword.internal.WebUIKeywordMain.runKeyword(WebUIKeywordMain.groovy:43)
	at com.kms.katalon.core.webui.keyword.builtin.ClickKeyword.click(ClickKeyword.groovy:75)
	at com.kms.katalon.core.webui.keyword.builtin.ClickKeyword.execute(ClickKeyword.groovy:40)
	at com.kms.katalon.core.keyword.internal.KeywordExecutor.executeKeywordForPlatform(KeywordExecutor.groovy:74)
	at com.kms.katalon.core.webui.keyword.WebUiBuiltInKeywords.click(WebUiBuiltInKeywords.groovy:684)
	at Tambah Kelas.run(Tambah Kelas:46)
	at com.kms.katalon.core.main.ScriptEngine.run(ScriptEngine.java:194)
	at com.kms.katalon.core.main.ScriptEngine.runScriptAsRawText(ScriptEngine.java:119)
	at com.kms.katalon.core.main.TestCaseExecutor.runScript(TestCaseExecutor.java:448)
	at com.kms.katalon.core.main.TestCaseExecutor.doExecute(TestCaseExecutor.java:439)
	at com.kms.katalon.core.main.TestCaseExecutor.processExecutionPhase(TestCaseExecutor.java:418)
	at com.kms.katalon.core.main.TestCaseExecutor.accessMainPhase(TestCaseExecutor.java:410)
	at com.kms.katalon.core.main.TestCaseExecutor.execute(TestCaseExecutor.java:285)
	at com.kms.katalon.core.main.TestCaseMain.runTestCase(TestCaseMain.java:133)
	at com.kms.katalon.core.keyword.builtin.CallTestCaseKeyword$_callTestCase_closure1.doCall(CallTestCaseKeyword.groovy:59)
	at com.kms.katalon.core.keyword.builtin.CallTestCaseKeyword$_callTestCase_closure1.call(CallTestCaseKeyword.groovy)
	at com.kms.katalon.core.keyword.internal.KeywordMain.runKeyword(KeywordMain.groovy:75)
	at com.kms.katalon.core.keyword.builtin.CallTestCaseKeyword.callTestCase(CallTestCaseKeyword.groovy:81)
	at com.kms.katalon.core.keyword.builtin.CallTestCaseKeyword.execute(CallTestCaseKeyword.groovy:44)
	at com.kms.katalon.core.keyword.internal.KeywordExecutor.executeKeywordForPlatform(KeywordExecutor.groovy:74)
	at com.kms.katalon.core.keyword.BuiltinKeywords.callTestCase(BuiltinKeywords.groovy:310)
	at java.base/jdk.internal.reflect.NativeMethodAccessorImpl.invoke0(Native Method)
	at java.base/jdk.internal.reflect.NativeMethodAccessorImpl.invoke(NativeMethodAccessorImpl.java:77)
	at java.base/jdk.internal.reflect.DelegatingMethodAccessorImpl.invoke(DelegatingMethodAccessorImpl.java:43)
	at Regresi Kelas.run(Regresi Kelas:26)
	at com.kms.katalon.core.main.ScriptEngine.run(ScriptEngine.java:194)
	at com.kms.katalon.core.main.ScriptEngine.runScriptAsRawText(ScriptEngine.java:119)
	at com.kms.katalon.core.main.TestCaseExecutor.runScript(TestCaseExecutor.java:448)
	at com.kms.katalon.core.main.TestCaseExecutor.doExecute(TestCaseExecutor.java:439)
	at com.kms.katalon.core.main.TestCaseExecutor.processExecutionPhase(TestCaseExecutor.java:418)
	at com.kms.katalon.core.main.TestCaseExecutor.accessMainPhase(TestCaseExecutor.java:410)
	at com.kms.katalon.core.main.TestCaseExecutor.execute(TestCaseExecutor.java:285)
	at com.kms.katalon.core.common.CommonExecutor.accessTestCaseMainPhase(CommonExecutor.java:65)
	at com.kms.katalon.core.main.TestSuiteExecutor.accessTestSuiteMainPhase(TestSuiteExecutor.java:161)
	at com.kms.katalon.core.main.TestSuiteExecutor.execute(TestSuiteExecutor.java:107)
	at com.kms.katalon.core.main.TestCaseMain.startTestSuite(TestCaseMain.java:176)
	at TempTestSuite1735878642439.run(TempTestSuite1735878642439.groovy:35)
	at java.base/jdk.internal.reflect.NativeMethodAccessorImpl.invoke0(Native Method)
	at java.base/jdk.internal.reflect.NativeMethodAccessorImpl.invoke(NativeMethodAccessorImpl.java:77)
	at java.base/jdk.internal.reflect.DelegatingMethodAccessorImpl.invoke(DelegatingMethodAccessorImpl.java:43)
Caused by: com.kms.katalon.core.webui.exception.WebElementNotFoundException: Web element with id: 'Object Repository/Master Data/Admin Sekolah/Tambah Kelas/Modal Tambah/Prefix/Pilih Prefix' located by '//*[@data-testid = 'paragraph' and (text() = 'RETEST' or . = 'RETEST')]' not found
	at com.kms.katalon.core.webui.common.WebUiCommonHelper.findWebElement(WebUiCommonHelper.java:1426)
	at com.kms.katalon.core.webui.keyword.internal.WebUIAbstractKeyword.findWebElement(WebUIAbstractKeyword.groovy:27)
	at com.kms.katalon.core.webui.keyword.builtin.ClickKeyword$_click_closure1.doCall(ClickKeyword.groovy:66)
	at com.kms.katalon.core.webui.keyword.builtin.ClickKeyword$_click_closure1.call(ClickKeyword.groovy)
	at com.kms.katalon.core.webui.keyword.internal.WebUIKeywordMain.runKeyword(WebUIKeywordMain.groovy:35)
	at com.kms.katalon.core.webui.keyword.builtin.ClickKeyword.click(ClickKeyword.groovy:75)
	at com.kms.katalon.core.webui.keyword.builtin.ClickKeyword.execute(ClickKeyword.groovy:40)
	at com.kms.katalon.core.keyword.internal.KeywordExecutor.executeKeywordForPlatform(KeywordExecutor.groovy:74)
	at com.kms.katalon.core.webui.keyword.WebUiBuiltInKeywords.click(WebUiBuiltInKeywords.groovy:684)
	at Script1731464206565.run(Script1731464206565.groovy:46)
	at com.kms.katalon.core.main.ScriptEngine.run(ScriptEngine.java:194)
	at com.kms.katalon.core.main.ScriptEngine.runScriptAsRawText(ScriptEngine.java:119)
	at com.kms.katalon.core.main.TestCaseExecutor.runScript(TestCaseExecutor.java:448)
	at com.kms.katalon.core.main.TestCaseExecutor.doExecute(TestCaseExecutor.java:439)
	at com.kms.katalon.core.main.TestCaseExecutor.processExecutionPhase(TestCaseExecutor.java:418)
	at com.kms.katalon.core.main.TestCaseExecutor.accessMainPhase(TestCaseExecutor.java:410)
	at com.kms.katalon.core.main.TestCaseExecutor.execute(TestCaseExecutor.java:285)
	at com.kms.katalon.core.main.TestCaseMain.runTestCase(TestCaseMain.java:133)
	at com.kms.katalon.core.keyword.builtin.CallTestCaseKeyword$_callTestCase_closure1.doCall(CallTestCaseKeyword.groovy:59)
	at com.kms.katalon.core.keyword.builtin.CallTestCaseKeyword$_callTestCase_closure1.call(CallTestCaseKeyword.groovy)
	at com.kms.katalon.core.keyword.internal.KeywordMain.runKeyword(KeywordMain.groovy:75)
	at com.kms.katalon.core.keyword.builtin.CallTestCaseKeyword.callTestCase(CallTestCaseKeyword.groovy:81)
	at com.kms.katalon.core.keyword.builtin.CallTestCaseKeyword.execute(CallTestCaseKeyword.groovy:44)
	at com.kms.katalon.core.keyword.internal.KeywordExecutor.executeKeywordForPlatform(KeywordExecutor.groovy:74)
	at com.kms.katalon.core.keyword.BuiltinKeywords.callTestCase(BuiltinKeywords.groovy:310)
	at java.base/jdk.internal.reflect.NativeMethodAccessorImpl.invoke0(Native Method)
	at java.base/jdk.internal.reflect.NativeMethodAccessorImpl.invoke(NativeMethodAccessorImpl.java:77)
	at java.base/jdk.internal.reflect.DelegatingMethodAccessorImpl.invoke(DelegatingMethodAccessorImpl.java:43)
	at Script1735746406961.run(Script1735746406961.groovy:26)
	... 15 more
)
	at com.kms.katalon.core.keyword.internal.KeywordMain.stepFailed(KeywordMain.groovy:39)
	at com.kms.katalon.core.webui.keyword.internal.WebUIKeywordMain.stepFailed(WebUIKeywordMain.groovy:117)
	at com.kms.katalon.core.webui.keyword.internal.WebUIKeywordMain.runKeyword(WebUIKeywordMain.groovy:43)
	at com.kms.katalon.core.webui.keyword.builtin.ClickKeyword.click(ClickKeyword.groovy:75)
	at com.kms.katalon.core.webui.keyword.builtin.ClickKeyword.execute(ClickKeyword.groovy:40)
	at com.kms.katalon.core.keyword.internal.KeywordExecutor.executeKeywordForPlatform(KeywordExecutor.groovy:74)
	at com.kms.katalon.core.webui.keyword.WebUiBuiltInKeywords.click(WebUiBuiltInKeywords.groovy:684)
	at Tambah Kelas.run(Tambah Kelas:46)
	at com.kms.katalon.core.main.ScriptEngine.run(ScriptEngine.java:194)
	at com.kms.katalon.core.main.ScriptEngine.runScriptAsRawText(ScriptEngine.java:119)
	at com.kms.katalon.core.main.TestCaseExecutor.runScript(TestCaseExecutor.java:448)
	at com.kms.katalon.core.main.TestCaseExecutor.doExecute(TestCaseExecutor.java:439)
	at com.kms.katalon.core.main.TestCaseExecutor.processExecutionPhase(TestCaseExecutor.java:418)
	at com.kms.katalon.core.main.TestCaseExecutor.accessMainPhase(TestCaseExecutor.java:410)
	at com.kms.katalon.core.main.TestCaseExecutor.execute(TestCaseExecutor.java:285)
	at com.kms.katalon.core.main.TestCaseMain.runTestCase(TestCaseMain.java:133)
	at com.kms.katalon.core.keyword.builtin.CallTestCaseKeyword$_callTestCase_closure1.doCall(CallTestCaseKeyword.groovy:59)
	... 25 more
Caused by: com.kms.katalon.core.exception.StepFailedException: Unable to click on object 'Object Repository/Master Data/Admin Sekolah/Tambah Kelas/Modal Tambah/Prefix/Pilih Prefix'
	... 41 more
Caused by: com.kms.katalon.core.webui.exception.WebElementNotFoundException: Web element with id: 'Object Repository/Master Data/Admin Sekolah/Tambah Kelas/Modal Tambah/Prefix/Pilih Prefix' located by '//*[@data-testid = 'paragraph' and (text() = 'RETEST' or . = 'RETEST')]' not found
	at com.kms.katalon.core.webui.common.WebUiCommonHelper.findWebElement(WebUiCommonHelper.java:1426)
	at com.kms.katalon.core.webui.keyword.internal.WebUIAbstractKeyword.findWebElement(WebUIAbstractKeyword.groovy:27)
	at com.kms.katalon.core.webui.keyword.builtin.ClickKeyword$_click_closure1.doCall(ClickKeyword.groovy:66)
	at com.kms.katalon.core.webui.keyword.builtin.ClickKeyword$_click_closure1.call(ClickKeyword.groovy)
	at com.kms.katalon.core.webui.keyword.internal.WebUIKeywordMain.runKeyword(WebUIKeywordMain.groovy:35)
	... 39 more]]></system-err>
   </testsuite>
</testsuites>
